tower_0/v/gradients/tower_0/v/cg/mpool0/MaxPool_grad/MaxPoolGrad:0
tower_0/v/cg/dropout0/dropout/dropout/GreaterEqual:0
tower_0/v/cg/dropout0/dropout/dropout/random_uniform/RandomUniform:0
tower_0/v/gradients/tower_0/v/cg/conv4/BiasAdd_grad/BiasAddGrad:0
tower_0/v/l2_loss/L2Loss_5:0
tower_0/v/cg/conv1/conv2d/Conv2D:0
tower_0/v/l2_loss/L2Loss_2:0
tower_0/v/gradients/tower_0/v/l2_loss/L2Loss_4_grad/mul:0
tower_0/v/gradients/tower_0/v/l2_loss/L2Loss_grad/mul:0
tower_0/v/xentropy/sparse_softmax_cross_entropy_loss/xentropy/xentropy:0
tower_0/v/gradients/tower_0/v/l2_loss/L2Loss_9_grad/mul:0
tower_0/v/cg/affine1/xw_plus_b/MatMul:0
tower_0/v/cg/mpool0/MaxPool:0
tower_0/v/l2_loss/L2Loss_8:0
tower_0/v/gradients/tower_0/v/l2_loss/L2Loss_15_grad/mul:0
tower_0/v/l2_loss/L2Loss_6:0
tower_0/v/cg/mpool2/MaxPool:0
tower_0/v/cg/mpool1/MaxPool:0
tower_0/v/gradients/tower_0/v/l2_loss/L2Loss_12_grad/mul:0
tower_0/v/xentropy/sparse_softmax_cross_entropy_loss/Sum:0
tower_0/v/cg/conv0/conv2d/Conv2D:0
tower_0/v/alexnet_synthetic_labels:0
tower_0/v/gradients/tower_0/v/cg/conv2/BiasAdd_grad/BiasAddGrad:0
tower_0/v/cg/conv4/conv2d/Conv2D:0
tower_0/v/gradients/tower_0/v/cg/affine0/xw_plus_b/MatMul_grad/MatMul_1:0
tower_0/v/gradients/tower_0/v/cg/affine2/xw_plus_b/MatMul_grad/MatMul:0
tower_0/v/cg/dropout0_1/dropout/dropout/mul:0
tower_0/v/gradients/tower_0/v/l2_loss/L2Loss_8_grad/mul:0
tower_0/v/l2_loss/L2Loss_4:0
tower_0/v/l2_loss/L2Loss_12:0
tower_0/v/gradients/tower_0/v/l2_loss/L2Loss_2_grad/mul:0
tower_0/v/l2_loss/L2Loss_15:0
tower_0/v/gradients/tower_0/v/l2_loss/L2Loss_6_grad/mul:0
tower_0/v/l2_loss/L2Loss_11:0
tower_0/v/gradients/tower_0/v/cg/affine1/xw_plus_b_grad/BiasAddGrad:0
tower_0/v/gradients/tower_0/v/cg/conv3/BiasAdd_grad/BiasAddGrad:0
tower_0/v/cg/dropout0/dropout/dropout/Cast:0
tower_0/v/l2_loss/L2Loss_7:0
tower_0/v/cg/dropout0_1/dropout/dropout/Cast:0
tower_0/v/gradients/tower_0/v/l2_loss/L2Loss_11_grad/mul:0
tower_0/v/gradients/tower_0/v/cg/affine0/xw_plus_b/MatMul_grad/MatMul:0
tower_0/v/cg/conv3/conv2d/Conv2D:0
tower_0/v/gradients/tower_0/v/cg/affine1/xw_plus_b/MatMul_grad/MatMul_1:0
tower_0/v/gradients/tower_0/v/cg/affine1/xw_plus_b/MatMul_grad/MatMul:0
tower_0/v/gradients/tower_0/v/l2_loss/L2Loss_14_grad/mul:0
tower_0/v/gradients/tower_0/v/cg/affine2/xw_plus_b/MatMul_grad/MatMul_1:0
tower_0/v/gradients/tower_0/v/cg/mpool2/MaxPool_grad/MaxPoolGrad:0
tower_0/v/l2_loss/L2Loss_10:0
tower_0/v/l2_loss/L2Loss:0
tower_0/v/gradients/tower_0/v/l2_loss/L2Loss_1_grad/mul:0
tower_0/v/l2_loss/L2Loss_13:0
tower_0/v/gradients/tower_0/v/cg/affine2/xw_plus_b_grad/BiasAddGrad:0
tower_0/v/transpose:0
tower_0/v/cg/affine2/xw_plus_b/MatMul:0
tower_0/v/l2_loss/L2Loss_1:0
tower_0/v/cg/conv2/conv2d/Conv2D:0
tower_0/v/gradients/tower_0/v/l2_loss/L2Loss_13_grad/mul:0
tower_0/v/cg/affine0/xw_plus_b/MatMul:0
tower_0/v/gradients/tower_0/v/cg/conv4/conv2d/Conv2D_grad/Conv2DBackpropInput:0
tower_0/v/gradients/tower_0/v/cg/conv3/conv2d/Conv2D_grad/Conv2DBackpropFilter:0
tower_0/v/l2_loss/L2Loss_3:0
tower_0/v/gradients/tower_0/v/cg/affine0/xw_plus_b_grad/BiasAddGrad:0
tower_0/v/gradients/tower_0/v/l2_loss/L2Loss_5_grad/mul:0
tower_0/v/cg/dropout0_1/dropout/dropout/GreaterEqual:0
tower_0/v/gradients/tower_0/v/cg/conv0/conv2d/Conv2D_grad/Conv2DBackpropFilter:0
tower_0/v/gradients/tower_0/v/cg/conv0/BiasAdd_grad/BiasAddGrad:0
tower_0/v/cg/dropout0/dropout/dropout/mul:0
tower_0/v/gradients/tower_0/v/cg/conv2/conv2d/Conv2D_grad/Conv2DBackpropFilter:0
tower_0/v/gradients/tower_0/v/l2_loss/L2Loss_3_grad/mul:0
tower_0/v/gradients/tower_0/v/cg/conv1/conv2d/Conv2D_grad/Conv2DBackpropFilter:0
tower_0/v/gradients/tower_0/v/cg/conv1/BiasAdd_grad/BiasAddGrad:0
tower_0/v/l2_loss/L2Loss_14:0
tower_0/v/gradients/tower_0/v/l2_loss/L2Loss_10_grad/mul:0
tower_0/v/gradients/tower_0/v/cg/conv4/conv2d/Conv2D_grad/Conv2DBackpropFilter:0
tower_0/v/gradients/tower_0/v/cg/mpool1/MaxPool_grad/MaxPoolGrad:0
tower_0/v/l2_loss/L2Loss_9:0
tower_0/v/cg/dropout0_1/dropout/dropout/random_uniform/RandomUniform:0
tower_0/v/gradients/tower_0/v/l2_loss/L2Loss_7_grad/mul:0
