1598953229418578	2048
1598953229418750	8388608
1598953229418823	8388608
1598953229418901	256
1598953229418924	9216
1598953229419001	-9216
1598953229419033	150994944
1598953229419123	256
1598953229419141	9216
1598953229419210	-9216
1598953229419238	67108864
1598953229419306	256
1598953229419365	1536
1598953229419422	256
1598953229419438	9216
1598953229419505	-9216
1598953229419532	3538944
1598953229419596	256
1598953229419653	16384
1598953229419709	256
1598953229419765	768
1598953229419823	256
1598953229419878	1024
1598953229419936	256
1598953229419953	9216
1598953229420020	-9216
1598953229420045	16400384
1598953229420110	256
1598953229420113	256
1598953229420175	-256
1598953229420200	92928
1598953229420258	256
1598953229420313	1536
1598953229420369	256
1598953229420424	4096
1598953229420480	256
1598953229420533	256
1598953229420589	256
1598953229420605	9216
1598953229420677	-9216
1598953229420703	1228800
1598953229420768	316594176
1598953229420843	256
1598953229420901	16384
1598953229420957	256
1598953229420974	9216
1598953229421042	-9216
1598953229421069	5308416
1598953229421158	256
1598953229421175	9216
1598953229421243	-9216
1598953229421269	2654208
1598953229421337	396492800
1598953229421345	92928
1598953229421452	18176
1598953229421616	-18176
1598953229421621	-92928
1598953229421679	2097152
1598953229421735	-8388608
1598953229421758	2097152
1598953229421804	-8388608
1598953229421903	-256
1598953229421904	-256
1598953229421905	-256
1598953229421906	-256
1598953229421907	-256
1598953229421908	-256
1598953229421909	-256
1598953229421909	-256
1598953229421910	-256
1598953229421911	-256
1598953229421912	-256
1598953229421913	-256
1598953229421913	-256
1598953229421914	-256
1598953229421915	-256
1598953229422008	14680320
1598953229422055	-2097152
1598953229422077	8388608
1598953229422135	-2097152
1598953229422270	8388608
1598953229422334	8388608
1598953229422403	95551488
1598953229422549	286654464
1598953229422557	2097152
1598953229422629	623927296
1598953229422899	-623927296
1598953229422904	-2097152
1598953229423096	66453504
1598953229423187	132907008
1598953229423195	2654208
1598953229423261	455639040
1598953229423555	-455639040
1598953229423559	-2654208
1598953229423739	132907008
1598953229423747	5308416
1598953229423810	798031872
1598953229423973	-798031872
1598953229423977	-5308416
1598953229424151	88604672
1598953229424159	3538944
1598953229424220	683016192
1598953229424382	-683016192
1598953229424385	-3538944
1598953229424558	18874368
1598953229424662	8388608
1598953229424960	8388608
1598953229425223	2097152
1598953229425376	2048
1598953229425379	2048
1598953229425610	-2048
1598953229425625	-2048
1598953229425727	256
1598953229425778	-2048
1598953229425798	4096
1598953229425895	8388608
1598953229426002	16400384
1598953229426081	-8388608
1598953229426083	-2097152
1598953229426258	-4096
1598953229426377	-16400384
1598953229426440	-256
1598953229426511	-4096
1598953229426569	-8388608
1598953229426625	-16400384
1598953229426701	-8388608
1598953229426739	16384
1598953229426815	8388608
1598953229426913	67108864
1598953229426970	-8388608
1598953229426971	-8388608
1598953229427065	-16384
1598953229427196	-67108864
1598953229427408	-16384
1598953229427480	-8388608
1598953229427541	-67108864
1598953229427602	-8388608
1598953229427620	16896
1598953229427701	25165824
1598953229427791	150994944
1598953229427844	-14680320
1598953229427920	-16384
1598953229428001	-150994944
1598953229428061	-16896
1598953229428082	88604672
1598953229428208	-18874368
1598953229428210	-25165824
1598953229428291	-150994944
1598953229428353	-88604672
1598953229428375	1024
1598953229428395	146279168
1598953229428438	16896
1598953229428493	-16896
1598953229428495	-146279168
1598953229428536	146279168
1598953229428548	3538944
1598953229428595	132907008
1598953229428626	532021248
1598953229428785	-146279168
1598953229428789	-532021248
1598953229428791	-3538944
1598953229428833	3538944
1598953229428849	3538944
1598953229428877	843579392
1598953229429087	-843579392
1598953229429091	-3538944
1598953229429105	-88604672
1598953229429183	-1024
1598953229429247	-132907008
1598953229429309	-3538944
1598953229429369	-1024
1598953229429390	1536
1598953229429410	132907008
1598953229429452	24576
1598953229429508	-24576
1598953229429511	-132907008
1598953229429549	132907008
1598953229429560	5308416
1598953229429605	234883840
1598953229429633	798031872
1598953229429782	-132907008
1598953229429785	-798031872
1598953229429787	-5308416
1598953229429832	5308416
1598953229429843	7553280
1598953229429871	1038876672
1598953229430076	-1038876672
1598953229430080	-7553280
1598953229430104	-132907008
1598953229430189	-3538944
1598953229430250	-1536
1598953229430313	-132907008
1598953229430378	-5308416
1598953229430437	-1536
1598953229430458	1536
1598953229430478	132907008
1598953229430521	24576
1598953229430576	-24576
1598953229430580	-132907008
1598953229430620	66453504
1598953229430631	3540224
1598953229430676	66453504
1598953229430705	625508352
1598953229430854	-66453504
1598953229430857	-625508352
1598953229430859	-3540224
1598953229430903	3540224
1598953229430914	3557632
1598953229430942	812384256
1598953229431150	-812384256
1598953229431154	-3557632
1598953229431168	-234883840
1598953229431249	-5308416
1598953229431310	-1536
1598953229431331	286654464
1598953229431408	-66453504
1598953229431411	-66453504
1598953229431486	-2654208
1598953229431549	-1536
1598953229431612	-286654464
1598953229431675	-3540224
1598953229431693	1228800
1598953229431706	1228800
1598953229431735	805748736
1598953229432841	-805748736
1598953229432847	-1228800
1598953229432897	768
1598953229432922	286654464
1598953229432969	12288
1598953229433025	-12288
1598953229433028	-286654464
1598953229433070	95551488
1598953229433080	1228800
1598953229433126	142889984
1598953229433155	623927296
1598953229433378	-95551488
1598953229433383	-623927296
1598953229433385	-1228800
1598953229433399	-286654464
1598953229433486	-1228800
1598953229433544	-768
1598953229433568	396492800
1598953229433648	-95551488
1598953229433650	-142889984
1598953229433732	-1228800
1598953229433790	-768
1598953229433853	-396492800
1598953229433872	256
1598953229433893	525189888
1598953229433907	256
1598953229433953	-256
1598953229433960	6144
1598953229434019	-6144
1598953229434021	-525189888
1598953229434059	92928
1598953229434071	92928
1598953229434122	42496
1598953229434376	-42496
1598953229434381	-92928
1598953229434393	-316594176
1598953229434396	-396492800
1598953229434466	-256
1598953229434525	-92928
1598953229434585	-256
1598953229434643	-92928
1598953229489813	-256
