tower_0/v/gradients/tower_0/v/cg/conv4/conv2d/Conv2D_grad/Conv2DBackpropInput:0
	tower_0/v/gradients/tower_0/v/cg/conv3/Relu_grad/ReluGrad:0
v/cg/affine0/weights:0
	v/cg/affine0/weights/read:0
tower_0/v/cg/dropout0/dropout/dropout/Cast:0
	tower_0/v/gradients/tower_0/v/cg/affine0/affine0_grad/ReluGrad:0
	tower_0/v/gradients/tower_0/v/cg/dropout0/dropout/dropout/mul_grad/Mul:0
tower_0/v/gradients/tower_0/v/cg/affine2/xw_plus_b/MatMul_grad/MatMul:0
	tower_0/v/gradients/tower_0/v/cg/dropout0_1/dropout/dropout/mul_1_grad/Mul:0
v/cg/conv2/biases:0
	v/cg/conv2/biases/read:0
	append_apply_gradient_ops/GradientDescent/update_v/cg/conv2/biases/ApplyGradientDescent:0
v/cg/conv0/biases:0
	v/cg/conv0/biases/read:0
tower_0/v/gradients/tower_0/v/l2_loss/L2Loss_14_grad/mul:0
	tower_0/v/gradients/AddN_1:0
tower_0/v/gradients/tower_0/v/cg/conv2/BiasAdd_grad/BiasAddGrad:0
	tower_0/v/gradients/AddN_10:0
tower_0/v/cg/affine2/xw_plus_b/MatMul:0
	tower_0/v/cg/affine2/xw_plus_b:0
	tower_0/v/xentropy/sparse_softmax_cross_entropy_loss/xentropy/xentropy:1
	tower_0/v/gradients/tower_0/v/xentropy/sparse_softmax_cross_entropy_loss/xentropy/xentropy_grad/mul:0
tower_0/v/gradients/tower_0/v/cg/affine1/xw_plus_b/MatMul_grad/MatMul_1:0
	append_apply_gradient_ops/GradientDescent/update_v/cg/affine1/weights/ApplyGradientDescent:0
	tower_0/v/gradients/AddN_3:0
tower_0/v/gradients/tower_0/v/cg/affine0/xw_plus_b/MatMul_grad/MatMul:0
	tower_0/v/gradients/tower_0/v/cg/Reshape_grad/Reshape:0
tower_0/v/gradients/tower_0/v/l2_loss/L2Loss_1_grad/mul:0
	tower_0/v/gradients/AddN_14:0
	append_apply_gradient_ops/GradientDescent/update_v/cg/conv0/biases/ApplyGradientDescent:0
tower_0/v/gradients/tower_0/v/l2_loss/L2Loss_3_grad/mul:0
	append_apply_gradient_ops/GradientDescent/update_v/cg/conv1/biases/ApplyGradientDescent:0
	tower_0/v/gradients/AddN_12:0
tower_0/v/xentropy/sparse_softmax_cross_entropy_loss/num_present:0
	tower_0/v/xentropy/sparse_softmax_cross_entropy_loss/value:0
tower_0/v/cg/dropout0_1/dropout/dropout/random_uniform/RandomUniform:0
	tower_0/v/cg/dropout0_1/dropout/dropout/random_uniform/mul:0
v/cg/affine1/biases:0
	v/cg/affine1/biases/read:0
	append_apply_gradient_ops/GradientDescent/update_v/cg/affine1/biases/ApplyGradientDescent:0
v/cg/conv2/conv2d/kernel:0
	v/cg/conv2/conv2d/kernel/read:0
tower_0/v/gradients/tower_0/v/l2_loss/L2Loss_4_grad/mul:0
	tower_0/v/gradients/AddN_11:0
	append_apply_gradient_ops/GradientDescent/update_v/cg/conv2/conv2d/kernel/ApplyGradientDescent:0
v/cg/conv3/biases:0
	v/cg/conv3/biases/read:0
tower_0/v/l2_loss/L2Loss_11:0
	tower_0/v/mul:0
	tower_0/v/l2_loss/AddN:0
	tower_0/v/add:0
	average_loss/Mean/input:0
	average_loss/Mean:0
tower_0/v/gradients/tower_0/v/cg/conv3/conv2d/Conv2D_grad/Conv2DBackpropFilter:0
	tower_0/v/gradients/AddN_9:0
tower_0/v/cg/affine1/xw_plus_b/MatMul:0
	tower_0/v/gradients/tower_0/v/cg/affine1/affine1_grad/ReluGrad:0
	tower_0/v/cg/affine1/xw_plus_b:0
	tower_0/v/cg/affine1/affine1:0
tower_0/v/cg/dropout0/dropout/dropout/mul:0
	tower_0/v/cg/dropout0/dropout/dropout/mul_1:0
tower_0/v/cg/dropout0_1/dropout/dropout/mul:0
	tower_0/v/cg/dropout0_1/dropout/dropout/mul_1:0
tower_0/v/cg/conv0/conv2d/Conv2D:0
	tower_0/v/cg/conv0/BiasAdd:0
	tower_0/v/cg/conv0/Relu:0
	tower_0/v/gradients/tower_0/v/cg/conv0/Relu_grad/ReluGrad:0
v/cg/conv1/biases:0
	v/cg/conv1/biases/read:0
tower_0/v/xentropy/sparse_softmax_cross_entropy_loss/xentropy/xentropy:0
	tower_0/v/xentropy/sparse_softmax_cross_entropy_loss/Mul:0
tower_0/v/gradients/tower_0/v/cg/affine1/xw_plus_b/MatMul_grad/MatMul:0
	tower_0/v/gradients/tower_0/v/cg/dropout0/dropout/dropout/mul_1_grad/Mul:0
tower_0/v/cg/dropout0_1/dropout/dropout/Cast:0
	tower_0/v/gradients/tower_0/v/cg/dropout0_1/dropout/dropout/mul_grad/Mul:0
tower_0/v/cg/conv3/conv2d/Conv2D:0
	tower_0/v/cg/conv3/BiasAdd:0
	tower_0/v/cg/conv3/Relu:0
tower_0/v/gradients/tower_0/v/l2_loss/L2Loss_9_grad/mul:0
	append_apply_gradient_ops/GradientDescent/update_v/cg/conv4/biases/ApplyGradientDescent:0
	tower_0/v/gradients/AddN_6:0
v/cg/affine2/biases:0
	v/cg/affine2/biases/read:0
tower_0/v/gradients/tower_0/v/cg/mpool1/MaxPool_grad/MaxPoolGrad:0
	tower_0/v/gradients/tower_0/v/cg/conv1/Relu_grad/ReluGrad:0
v/cg/conv3/conv2d/kernel:0
	v/cg/conv3/conv2d/kernel/read:0
	append_apply_gradient_ops/GradientDescent/update_v/cg/conv3/conv2d/kernel/ApplyGradientDescent:0
tower_0/v/cg/conv2/conv2d/Conv2D:0
	tower_0/v/cg/conv2/Relu:0
	tower_0/v/cg/conv2/BiasAdd:0
tower_0/v/gradients/tower_0/v/cg/mpool2/MaxPool_grad/MaxPoolGrad:0
	tower_0/v/gradients/tower_0/v/cg/conv4/Relu_grad/ReluGrad:0
tower_0/v/gradients/tower_0/v/l2_loss/L2Loss_15_grad/mul:0
	tower_0/v/gradients/AddN:0
	append_apply_gradient_ops/GradientDescent/update_v/cg/affine2/biases/ApplyGradientDescent:0
tower_0/v/gradients/tower_0/v/cg/conv3/conv2d/Conv2D_grad/Conv2DBackpropInput:0
	tower_0/v/gradients/tower_0/v/cg/conv2/Relu_grad/ReluGrad:0
v/cg/affine1/weights:0
	v/cg/affine1/weights/read:0
tower_0/v/cg/mpool2/MaxPool:0
	tower_0/v/cg/Reshape:0
v/cg/conv4/biases:0
	v/cg/conv4/biases/read:0
tower_0/v/gradients/tower_0/v/cg/affine1/xw_plus_b_grad/BiasAddGrad:0
	tower_0/v/gradients/AddN_2:0
v/cg/conv4/conv2d/kernel:0
	append_apply_gradient_ops/GradientDescent/update_v/cg/conv4/conv2d/kernel/ApplyGradientDescent:0
	v/cg/conv4/conv2d/kernel/read:0
tower_0/v/gpu_cached_inputs:0
	tower_0/v/gpu_cached_inputs/read:0
tower_0/v/cg/conv4/conv2d/Conv2D:0
	tower_0/v/cg/conv4/BiasAdd:0
	tower_0/v/cg/conv4/Relu:0
tower_0/v/cg/dropout0/dropout/dropout/random_uniform/RandomUniform:0
	tower_0/v/cg/dropout0/dropout/dropout/random_uniform/mul:0
tower_0/v/gradients/tower_0/v/l2_loss/L2Loss_7_grad/mul:0
	append_apply_gradient_ops/GradientDescent/update_v/cg/conv3/biases/ApplyGradientDescent:0
	tower_0/v/gradients/AddN_8:0
v/cg/affine2/weights:0
	append_apply_gradient_ops/GradientDescent/update_v/cg/affine2/weights/ApplyGradientDescent:0
	v/cg/affine2/weights/read:0
v/cg/conv1/conv2d/kernel:0
	v/cg/conv1/conv2d/kernel/read:0
v/cg/affine0/biases:0
	v/cg/affine0/biases/read:0
	append_apply_gradient_ops/GradientDescent/update_v/cg/affine0/biases/ApplyGradientDescent:0
tower_0/v/gradients/tower_0/v/cg/conv1/conv2d/Conv2D_grad/Conv2DBackpropFilter:0
	tower_0/v/gradients/AddN_13:0
	append_apply_gradient_ops/GradientDescent/update_v/cg/conv1/conv2d/kernel/ApplyGradientDescent:0
tower_0/v/gradients/tower_0/v/cg/affine0/xw_plus_b/MatMul_grad/MatMul_1:0
	tower_0/v/gradients/AddN_5:0
	append_apply_gradient_ops/GradientDescent/update_v/cg/affine0/weights/ApplyGradientDescent:0
tower_0/v/gradients/tower_0/v/cg/affine0/xw_plus_b_grad/BiasAddGrad:0
	tower_0/v/gradients/AddN_4:0
tower_0/v/cg/conv1/conv2d/Conv2D:0
	tower_0/v/cg/conv1/Relu:0
	tower_0/v/cg/conv1/BiasAdd:0
tower_0/v/cg/affine0/xw_plus_b/MatMul:0
	tower_0/v/cg/affine0/affine0:0
	tower_0/v/cg/affine0/xw_plus_b:0
tower_0/v/gradients/tower_0/v/cg/conv4/conv2d/Conv2D_grad/Conv2DBackpropFilter:0
	tower_0/v/gradients/AddN_7:0
v/cg/conv0/conv2d/kernel:0
	v/cg/conv0/conv2d/kernel/read:0
tower_0/v/gradients/tower_0/v/cg/conv0/conv2d/Conv2D_grad/Conv2DBackpropFilter:0
	append_apply_gradient_ops/GradientDescent/update_v/cg/conv0/conv2d/kernel/ApplyGradientDescent:0
	tower_0/v/gradients/AddN_15:0
