tower_0/v/alexnet_synthetic_labels/min	-1	-1
v/cg/conv0/conv2d/kernel/read	-1	-1
tower_0/v/gradients/tower_0/v/l2_loss/L2Loss_12_grad/mul	1602294375240031	262
tower_0/v/l2_loss/L2Loss_15	1602294375241263	7
append_apply_gradient_ops/GradientDescent	-1	-1
tower_0/v/gradients/AddN_9	1602294376397172	33
tower_0/v/cg/conv1/conv2d/Conv2D	1602294375337868	35210
ConstantFolding/tower_0/v/gradients/tower_0/v/cg/conv4/conv2d/Conv2D_grad/ShapeN-matshapes-0	-1	-1
tower_0/v/gradients/tower_0/v/cg/conv0/Relu_grad/ReluGrad	1602294377012824	16358
tower_0/v/gradients/tower_0/v/xentropy/sparse_softmax_cross_entropy_loss/xentropy/xentropy_grad/mul	1602294375740589	58
tower_0/v/cg/affine0/xw_plus_b	1602294375722076	242
tower_0/v/cg/dropout0/dropout/dropout/rate	-1	-1
tower_0/v/cg/dropout0/dropout/dropout/GreaterEqual	1602294375301627	160
tower_0/v/gradients/tower_0/v/cg/conv3/Relu_grad/ReluGrad	1602294376064715	5266
tower_0/v/cg/dropout0/dropout/dropout/Cast	1602294375315442	148
append_apply_gradient_ops/GradientDescent/update_v/cg/conv3/biases/ApplyGradientDescent	1602294376397207	4
tower_0/v/cg/conv0/conv2d/Conv2D	1602294375241630	59991
tower_0/v/l2_loss/L2Loss_12	1602294375239885	142
tower_0/v/gradients/tower_0/v/cg/Reshape_grad/Shape	-1	-1
tower_0/v/gpu_cached_inputs/read	-1	-1
tower_0/v/cg/affine0/affine0	1602294375722320	213
tower_0/v/l2_loss/L2Loss	1602294375241286	16
tower_0/v/gradients/AddN_8	1602294376391893	4
tower_0/v/cg/conv2/conv2d/Conv2D	1602294375397813	43273
tower_0/v/gradients/tower_0/v/l2_loss/L2Loss_10_grad/mul	1602294375240674	584
tower_0/v/gradients/AddN_7	1602294376069985	23
tower_0/v/gradients/tower_0/v/xentropy/sparse_softmax_cross_entropy_loss/xentropy/xentropy_grad/ExpandDims	-1	-1
tower_0/v/gradients/tower_0/v/l2_loss/L2Loss_11_grad/mul	1602294375241334	6
tower_0/v/cg/affine0/xw_plus_b/MatMul	1602294375692531	29542
tower_0/v/mul/x	-1	-1
tower_0/v/cg/conv0/Relu	1602294375315762	10300
tower_0/v/gradients/tower_0/v/cg/conv1/conv2d/Conv2D_grad/Conv2DBackpropFilter	1602294376588900	207864
tower_0/v/xentropy/sparse_softmax_cross_entropy_loss/value	1602294375747493	6
append_apply_gradient_ops/GradientDescent/update_v/cg/conv2/conv2d/kernel/ApplyGradientDescent	1602294376588879	19
v/cg/affine0/biases/read	-1	-1
tower_0/v/mul	1602294375315751	6
append_apply_gradient_ops/GradientDescent/update_v/cg/conv4/biases/ApplyGradientDescent	1602294376070010	4
tower_0/v/gradients/tower_0/v/l2_loss/L2Loss_3_grad/mul	1602294375239793	5
v/cg/affine1/biases	-1	-1
tower_0/v/gradients/tower_0/v/l2_loss/L2Loss_9_grad/mul	1602294375239874	6
tower_0/v/gradients/AddN_1	1602294375747722	94
tower_0/v/gradients/tower_0/v/cg/affine2/xw_plus_b_grad/BiasAddGrad	1602294375740664	55
tower_0/v/gradients/tower_0/v/cg/Reshape_grad/Reshape	-1	-1
tower_0/v/gpu_cached_inputs	-1	-1
tower_0/v/cg/dropout0/dropout/dropout/mul_1	1602294375722535	307
v/cg/conv4/conv2d/kernel	-1	-1
v/cg/conv1/biases/read	-1	-1
tower_0/v/xentropy/sparse_softmax_cross_entropy_loss/Const_1	-1	-1
tower_0/v/cg/dropout0_1/dropout/dropout/mul	1602294375326287	216
tower_0/v/gradients/tower_0/v/l2_loss/L2Loss_2_grad/mul	1602294375241371	11
v/cg/conv2/biases/read	-1	-1
tower_0/v/cg/dropout0_1/dropout/dropout/random_uniform/RandomUniform	1602294375219512	168
tower_0/v/gradients/tower_0/v/cg/conv1/conv2d/Conv2D_grad/Conv2DBackpropInput	1602294376800136	186334
tower_0/v/gradients/tower_0/v/cg/affine2/xw_plus_b/MatMul_grad/MatMul	1602294375740721	3369
ConstantFolding/tower_0/v/gradients/tower_0/v/cg/conv1/conv2d/Conv2D_grad/ShapeN-matshapes-1	-1	-1
tower_0/v/l2_loss/L2Loss_9	1602294375239863	6
v/cg/affine2/biases/read	-1	-1
tower_0/v/gradients/AddN_3	1602294375774893	374
tower_0/v/transpose	1602294375219753	20022
tower_0/v/gradients/tower_0/v/cg/conv4/conv2d/Conv2D_grad/Conv2DBackpropFilter	1602294375940111	124597
tower_0/v/gradients/tower_0/v/l2_loss/L2Loss_1_grad/mul	1602294375240307	7
ConstantFolding/tower_0/v/gradients/tower_0/v/cg/conv0/conv2d/Conv2D_grad/ShapeN-matshapes-1	-1	-1
tower_0/v/gradients/tower_0/v/cg/dropout0_1/dropout/dropout/mul_1_grad/Mul	1602294375747508	212
tower_0/v/l2_loss/L2Loss_2	1602294375241344	21
tower_0/v/l2_loss/L2Loss_3	1602294375239781	7
tower_0/v/gradients/tower_0/v/cg/dropout0/dropout/dropout/mul_grad/Mul	1602294375775278	305
tower_0/v/transpose/perm	-1	-1
tower_0/v/cg/conv0/BiasAdd	1602294375301980	13458
append_apply_gradient_ops/GradientDescent/update_v/cg/affine2/biases/ApplyGradientDescent	1602294375747824	5
tower_0/v/gradients/tower_0/v/cg/affine1/xw_plus_b/MatMul_grad/MatMul	1602294375748702	13295
append_apply_gradient_ops/GradientDescent/update_v/cg/affine1/biases/ApplyGradientDescent	1602294375775269	8
tower_0/v/cg/conv4/Relu	1602294375688043	2272
tower_0/v/gradients/tower_0/v/l2_loss/L2Loss_7_grad/mul	1602294375241619	6
v/cg/affine1/biases/read	-1	-1
tower_0/v/xentropy/sparse_softmax_cross_entropy_loss/num_present	-1	-1
tower_0/v/cg/conv1/Relu	1602294375382790	7435
tower_0/v/cg/dropout0/dropout/dropout/random_uniform/mul	-1	-1
tower_0/v/gradients/tower_0/v/cg/affine0/xw_plus_b_grad/BiasAddGrad	1602294375776280	151
average_loss/Mean/input	-1	-1
tower_0/v/l2_loss/L2Loss_14	1602294375241479	53
tower_0/v/gradients/AddN_11	1602294376577176	19
v/cg/affine0/biases	-1	-1
v/cg/conv1/conv2d/kernel/read	-1	-1
tower_0/v/gradients/tower_0/v/cg/conv3/BiasAdd_grad/BiasAddGrad	1602294376070023	1559
tower_0/v/gradients/AddN_12	1602294376986483	4
tower_0/v/alexnet_synthetic_labels/shape	-1	-1
tower_0/v/cg/dropout0/dropout/dropout/mul	1602294375326067	219
tower_0/v/l2_loss/L2Loss_7	1602294375241608	7
tower_0/v/gradients/tower_0/v/cg/conv2/BiasAdd_grad/BiasAddGrad	1602294376397218	1559
append_apply_gradient_ops/GradientDescent/update_v/cg/conv1/biases/ApplyGradientDescent	1602294377012818	4
v/cg/conv3/biases	-1	-1
_SOURCE	-1	-1
gpu_compute_stage_ops_group	-1	-1
tower_0/v/alexnet_synthetic_labels	1602294375219682	15
v/cg/conv0/conv2d/kernel	-1	-1
v/cg/affine1/weights/read	-1	-1
tower_0/v/gradients/tower_0/v/cg/conv4/conv2d/Conv2D_grad/Conv2DBackpropInput	1602294375846866	93240
tower_0/v/gradients/tower_0/v/cg/affine1/affine1_grad/ReluGrad	1602294375748236	309
tower_0/v/gradients/AddN	1602294375747501	5
tower_0/v/gradients/tower_0/v/cg/affine0/xw_plus_b/MatMul_grad/MatMul	1602294375776433	29075
ConstantFolding/tower_0/v/gradients/tower_0/v/cg/conv2/conv2d/Conv2D_grad/ShapeN-matshapes-1	-1	-1
tower_0/v/cg/Reshape	-1	-1
average_loss/Mean	-1	-1
tower_0/v/gradients/tower_0/v/l2_loss/L2Loss_6_grad/mul	1602294375241422	28
tower_0/v/gradients/tower_0/v/cg/affine2/xw_plus_b/MatMul_grad/MatMul_1	1602294375744094	3398
tower_0/v/gradients/AddN_4	1602294375833487	6
tower_0/v/gradients/tower_0/v/cg/affine0/xw_plus_b/MatMul_grad/MatMul_1	1602294375805510	27973
tower_0/v/gradients/tower_0/v/l2_loss/L2Loss_5_grad/mul	1602294375240378	6
v/cg/affine2/weights/read	-1	-1
v/cg/conv2/biases	-1	-1
tower_0/v/l2_loss/AddN	1602294375301956	18
tower_0/v/l2_loss/L2Loss_10	1602294375240390	279
tower_0/v/l2_loss/L2Loss_11	1602294375241318	11
tower_0/v/l2_loss/L2Loss_4	1602294375240318	24
tower_0/v/gradients/AddN_10	1602294376564543	4
v/cg/conv3/conv2d/kernel	-1	-1
tower_0/v/xentropy/sparse_softmax_cross_entropy_loss/xentropy/xentropy	1602294375740157	431
v/cg/conv2/conv2d/kernel/read	-1	-1
tower_0/v/cg/Reshape/shape	-1	-1
v/cg/conv1/conv2d/kernel	-1	-1
tower_0/v/cg/dropout0/dropout/dropout/Shape	-1	-1
tower_0/v/cg/mpool1/MaxPool	1602294375390230	7581
v/cg/conv3/conv2d/kernel/read	-1	-1
tower_0/v/cg/dropout0_1/dropout/dropout/Cast	1602294375315596	149
tower_0/v/gradients/tower_0/v/l2_loss/L2Loss_8_grad/mul	1602294375239841	17
tower_0/v/gradients/tower_0/v/cg/conv3/conv2d/Conv2D_grad/Conv2DBackpropInput	1602294376071583	136688
main_fetch_group/_38	-1	-1
tower_0/v/gradients/tower_0/v/cg/mpool1/MaxPool_grad/MaxPoolGrad	1602294376564549	12626
tower_0/v/xentropy/sparse_softmax_cross_entropy_loss/Mul	-1	-1
append_apply_gradient_ops/GradientDescent/update_v/cg/conv2/biases/ApplyGradientDescent	1602294376577197	5
ConstantFolding/tower_0/v/gradients/tower_0/v/cg/conv2/conv2d/Conv2D_grad/ShapeN-matshapes-0	-1	-1
append_apply_gradient_ops/GradientDescent/update_v/cg/affine0/weights/ApplyGradientDescent	1602294375841519	842
tower_0/v/l2_loss/L2Loss_13	1602294375241452	12
tower_0/v/cg/affine2/xw_plus_b/MatMul	1602294375736765	3324
tower_0/v/cg/mpool0/MaxPool	1602294375326508	11355
v/cg/conv1/biases	-1	-1
tower_0/v/gradients/tower_0/v/cg/affine0/affine0_grad/ReluGrad	1602294375775963	306
append_apply_gradient_ops/GradientDescent/update_v/cg/affine2/weights/ApplyGradientDescent	1602294375748141	93
tower_0/v/gradients/tower_0/v/l2_loss/L2Loss_15_grad/mul	1602294375241275	6
tower_0/v/gradients/AddN_13	1602294376986471	10
tower_0/v/xentropy/sparse_softmax_cross_entropy_loss/Sum	1602294375740649	10
tower_0/v/cg/conv3/BiasAdd	1602294375585696	4451
tower_0/v/gradients/tower_0/v/cg/affine1/xw_plus_b_grad/BiasAddGrad	1602294375748550	150
tower_0/v/gradients/tower_0/v/l2_loss/L2Loss_grad/mul	1602294375241308	5
tower_0/v/l2_loss/L2Loss_6	1602294375241383	34
learning_rate_tensor/input	-1	-1
tower_0/v/gradients/AddN_15	1602294377099689	5
append_apply_gradient_ops/GradientDescent/update_v/cg/conv0/biases/ApplyGradientDescent	1602294377099696	4
v/cg/affine2/biases	-1	-1
append_apply_gradient_ops/GradientDescent/update_v/cg/conv0/conv2d/kernel/ApplyGradientDescent	1602294377099702	5
tower_0/v/cg/conv3/Relu	1602294375590149	3420
tower_0/v/l2_loss/L2Loss_8	1602294375239804	31
append_apply_gradient_ops/GradientDescent/update_v/cg/conv1/conv2d/kernel/ApplyGradientDescent	1602294377012805	11
ConstantFolding/tower_0/v/gradients/tower_0/v/cg/conv4/conv2d/Conv2D_grad/ShapeN-matshapes-1	-1	-1
train_ops_group	-1	-1
tower_0/v/cg/dropout0/dropout/dropout/truediv	-1	-1
tower_0/v/gradients/tower_0/v/cg/conv2/conv2d/Conv2D_grad/Conv2DBackpropFilter	1602294376467235	97271
ConstantFolding/tower_0/v/gradients/tower_0/v/cg/conv3/conv2d/Conv2D_grad/ShapeN-matshapes-1	-1	-1
tower_0/v/gradients/tower_0/v/cg/conv4/Relu_grad/ReluGrad	1602294375842363	3447
tower_0/v/cg/affine2/xw_plus_b	1602294375740093	62
v/cg/conv2/conv2d/kernel	-1	-1
tower_0/v/gradients/tower_0/v/l2_loss/L2Loss_4_grad/mul	1602294375240348	14
tower_0/v/gradients/tower_0/v/cg/dropout0/dropout/dropout/mul_1_grad/Mul	1602294375774681	210
ConstantFolding/tower_0/v/gradients/tower_0/v/cg/conv1/conv2d/Conv2D_grad/ShapeN-matshapes-0	-1	-1
tower_0/v/gradients/AddN_5	1602294375833494	841
tower_0/v/gradients/tower_0/v/l2_loss/L2Loss_14_grad/mul	1602294375241537	65
v/cg/affine1/weights	-1	-1
v/cg/conv4/biases	-1	-1
v/cg/affine0/weights	-1	-1
tower_0/v/cg/mpool2/MaxPool	1602294375690319	2210
tower_0/v/gradients/tower_0/v/cg/conv2/Relu_grad/ReluGrad	1602294376391899	5272
tower_0/v/gradients/tower_0/v/cg/dropout0_1/dropout/dropout/mul_grad/Mul	1602294375747831	308
v/cg/conv0/biases/read	-1	-1
tower_0/v/gradients/tower_0/v/cg/conv2/conv2d/Conv2D_grad/Conv2DBackpropInput	1602294376398779	68448
tower_0/v/cg/conv2/Relu	1602294375445533	3418
tower_0/v/gradients/tower_0/v/cg/conv0/BiasAdd_grad/BiasAddGrad	1602294377029191	4379
tower_0/v/gradients/AddN_14	1602294377099683	4
tower_0/v/gradients/tower_0/v/cg/conv0/conv2d/Conv2D_grad/Conv2DBackpropFilter	1602294377033574	66108
tower_0/v/l2_loss/L2Loss_5	1602294375240368	6
tower_0/v/add	1602294375747817	5
tower_0/v/cg/dropout0_1/dropout/dropout/GreaterEqual	1602294375301791	159
tower_0/v/gradients/tower_0/v/cg/conv3/conv2d/Conv2D_grad/Conv2DBackpropFilter	1602294376208272	183597
ConstantFolding/tower_0/v/gradients/tower_0/v/cg/conv3/conv2d/Conv2D_grad/ShapeN-matshapes-0	-1	-1
append_apply_gradient_ops/GradientDescent/update_v/cg/conv4/conv2d/kernel/ApplyGradientDescent	1602294376391871	20
append_apply_gradient_ops/GradientDescent/update_v/cg/affine1/weights/ApplyGradientDescent	1602294375775585	375
tower_0/v/cg/conv1/BiasAdd	1602294375373080	9705
tower_0/v/cg/affine1/xw_plus_b	1602294375735999	242
tower_0/v/gradients/tower_0/v/cg/mpool0/MaxPool_grad/MaxPoolGrad	1602294376986489	26314
v/cg/conv4/biases/read	-1	-1
tower_0/v/cg/conv2/BiasAdd	1602294375441088	4443
ConstantFolding/average_loss/Mean/input_const_axis	-1	-1
v/cg/conv4/conv2d/kernel/read	-1	-1
tower_0/v/cg/affine1/xw_plus_b/MatMul	1602294375722845	13150
tower_0/v/gradients/tower_0/v/cg/affine1/xw_plus_b/MatMul_grad/MatMul_1	1602294375761999	12672
tower_0/v/cg/dropout0/dropout/dropout/random_uniform/RandomUniform	1602294375219301	209
v/cg/conv3/biases/read	-1	-1
tower_0/v/l2_loss/L2Loss_1	1602294375240295	7
tower_0/v/cg/dropout0_1/dropout/dropout/mul_1	1602294375736457	307
tower_0/v/gradients/tower_0/v/cg/conv4/BiasAdd_grad/BiasAddGrad	1602294375845817	1047
append_apply_gradient_ops/GradientDescent/update_v/cg/conv3/conv2d/kernel/ApplyGradientDescent	1602294376564508	33
tower_0/v/cg/conv3/conv2d/Conv2D	1602294375448954	136740
v/cg/affine2/weights	-1	-1
average_loss/Mean/_42	1602294375775268	9
tower_0/v/cg/dropout0_1/dropout/dropout/random_uniform/mul	-1	-1
main_fetch_group	-1	-1
tower_0/v/gradients/AddN_2	1602294375774675	5
tower_0/v/alexnet_synthetic_labels/max	-1	-1
tower_0/v/cg/affine1/affine1	1602294375736243	212
v/cg/affine0/weights/read	-1	-1
tower_0/v/gradients/tower_0/v/cg/mpool2/MaxPool_grad/MaxPoolGrad	1602294375834346	7171
v/cg/conv0/biases	-1	-1
tower_0/v/cg/conv4/BiasAdd	1602294375685086	2955
tower_0/v/gradients/tower_0/v/cg/conv1/Relu_grad/ReluGrad	1602294376577203	11674
tower_0/v/gradients/tower_0/v/cg/conv1/BiasAdd_grad/BiasAddGrad	1602294376796768	3366
append_apply_gradient_ops/GradientDescent/update_v/cg/affine0/biases/ApplyGradientDescent	1602294375834337	8
tower_0/v/cg/conv4/conv2d/Conv2D	1602294375593570	91515
tower_0/v/gradients/tower_0/v/l2_loss/L2Loss_13_grad/mul	1602294375241468	6
tower_0/v/gradients/AddN_6	1602294376064709	4
