tower_0/v/alexnet_synthetic_labels/min	-1	-1
v/cg/conv0/conv2d/kernel/read	-1	-1
tower_0/v/gradients/tower_0/v/l2_loss/L2Loss_12_grad/mul	1602294380988105	260
tower_0/v/l2_loss/L2Loss_15	1602294380989336	7
append_apply_gradient_ops/GradientDescent	-1	-1
tower_0/v/gradients/AddN_9	1602294382145259	33
tower_0/v/cg/conv1/conv2d/Conv2D	1602294381085982	35227
ConstantFolding/tower_0/v/gradients/tower_0/v/cg/conv4/conv2d/Conv2D_grad/ShapeN-matshapes-0	-1	-1
tower_0/v/gradients/tower_0/v/cg/conv0/Relu_grad/ReluGrad	1602294382760382	16275
tower_0/v/gradients/tower_0/v/xentropy/sparse_softmax_cross_entropy_loss/xentropy/xentropy_grad/mul	1602294381488492	57
tower_0/v/cg/affine0/xw_plus_b	1602294381469973	245
tower_0/v/cg/dropout0/dropout/dropout/rate	-1	-1
tower_0/v/cg/dropout0/dropout/dropout/GreaterEqual	1602294381049730	158
tower_0/v/gradients/tower_0/v/cg/conv3/Relu_grad/ReluGrad	1602294381812548	5276
tower_0/v/cg/dropout0/dropout/dropout/Cast	1602294381063565	149
append_apply_gradient_ops/GradientDescent/update_v/cg/conv3/biases/ApplyGradientDescent	1602294382145294	4
tower_0/v/cg/conv0/conv2d/Conv2D	1602294380989710	60015
tower_0/v/l2_loss/L2Loss_12	1602294380987962	137
tower_0/v/gradients/tower_0/v/cg/Reshape_grad/Shape	-1	-1
tower_0/v/gpu_cached_inputs/read	-1	-1
tower_0/v/cg/affine0/affine0	1602294381470222	213
tower_0/v/l2_loss/L2Loss	1602294380989360	20
tower_0/v/gradients/AddN_8	1602294382139971	4
tower_0/v/cg/conv2/conv2d/Conv2D	1602294381145931	43264
tower_0/v/gradients/tower_0/v/l2_loss/L2Loss_10_grad/mul	1602294380988747	584
tower_0/v/gradients/AddN_7	1602294381817826	23
tower_0/v/gradients/tower_0/v/xentropy/sparse_softmax_cross_entropy_loss/xentropy/xentropy_grad/ExpandDims	-1	-1
tower_0/v/gradients/tower_0/v/l2_loss/L2Loss_11_grad/mul	1602294380989411	6
tower_0/v/cg/affine0/xw_plus_b/MatMul	1602294381440435	29537
tower_0/v/mul/x	-1	-1
tower_0/v/cg/conv0/Relu	1602294381063886	10296
tower_0/v/gradients/tower_0/v/cg/conv1/conv2d/Conv2D_grad/Conv2DBackpropFilter	1602294382335858	208023
tower_0/v/xentropy/sparse_softmax_cross_entropy_loss/value	1602294381495391	6
append_apply_gradient_ops/GradientDescent/update_v/cg/conv2/conv2d/kernel/ApplyGradientDescent	1602294382335837	19
v/cg/affine0/biases/read	-1	-1
tower_0/v/mul	1602294381063875	5
append_apply_gradient_ops/GradientDescent/update_v/cg/conv4/biases/ApplyGradientDescent	1602294381817851	4
tower_0/v/gradients/tower_0/v/l2_loss/L2Loss_3_grad/mul	1602294380987877	6
v/cg/affine1/biases	-1	-1
tower_0/v/gradients/tower_0/v/l2_loss/L2Loss_9_grad/mul	1602294380987951	5
tower_0/v/gradients/AddN_1	1602294381495619	94
tower_0/v/gradients/tower_0/v/cg/affine2/xw_plus_b_grad/BiasAddGrad	1602294381488565	55
tower_0/v/gradients/tower_0/v/cg/Reshape_grad/Reshape	-1	-1
tower_0/v/gpu_cached_inputs	-1	-1
tower_0/v/cg/dropout0/dropout/dropout/mul_1	1602294381470437	308
v/cg/conv4/conv2d/kernel	-1	-1
v/cg/conv1/biases/read	-1	-1
tower_0/v/xentropy/sparse_softmax_cross_entropy_loss/Const_1	-1	-1
tower_0/v/cg/dropout0_1/dropout/dropout/mul	1602294381074406	218
tower_0/v/gradients/tower_0/v/l2_loss/L2Loss_2_grad/mul	1602294380989450	10
v/cg/conv2/biases/read	-1	-1
tower_0/v/cg/dropout0_1/dropout/dropout/random_uniform/RandomUniform	1602294380967622	168
tower_0/v/gradients/tower_0/v/cg/conv1/conv2d/Conv2D_grad/Conv2DBackpropInput	1602294382547255	186782
tower_0/v/gradients/tower_0/v/cg/affine2/xw_plus_b/MatMul_grad/MatMul	1602294381488622	3370
ConstantFolding/tower_0/v/gradients/tower_0/v/cg/conv1/conv2d/Conv2D_grad/ShapeN-matshapes-1	-1	-1
tower_0/v/l2_loss/L2Loss_9	1602294380987941	6
v/cg/affine2/biases/read	-1	-1
tower_0/v/gradients/AddN_3	1602294381522788	374
tower_0/v/transpose	1602294380967841	20024
tower_0/v/gradients/tower_0/v/cg/conv4/conv2d/Conv2D_grad/Conv2DBackpropFilter	1602294381687993	124548
tower_0/v/gradients/tower_0/v/l2_loss/L2Loss_1_grad/mul	1602294380988378	6
ConstantFolding/tower_0/v/gradients/tower_0/v/cg/conv0/conv2d/Conv2D_grad/ShapeN-matshapes-1	-1	-1
tower_0/v/gradients/tower_0/v/cg/dropout0_1/dropout/dropout/mul_1_grad/Mul	1602294381495405	212
tower_0/v/l2_loss/L2Loss_2	1602294380989421	24
tower_0/v/l2_loss/L2Loss_3	1602294380987867	5
tower_0/v/gradients/tower_0/v/cg/dropout0/dropout/dropout/mul_grad/Mul	1602294381523171	304
tower_0/v/transpose/perm	-1	-1
tower_0/v/cg/conv0/BiasAdd	1602294381050080	13479
append_apply_gradient_ops/GradientDescent/update_v/cg/affine2/biases/ApplyGradientDescent	1602294381495721	5
tower_0/v/gradients/tower_0/v/cg/affine1/xw_plus_b/MatMul_grad/MatMul	1602294381496600	13295
append_apply_gradient_ops/GradientDescent/update_v/cg/affine1/biases/ApplyGradientDescent	1602294381523163	6
tower_0/v/cg/conv4/Relu	1602294381435949	2270
tower_0/v/gradients/tower_0/v/l2_loss/L2Loss_7_grad/mul	1602294380989698	6
v/cg/affine1/biases/read	-1	-1
tower_0/v/xentropy/sparse_softmax_cross_entropy_loss/num_present	-1	-1
tower_0/v/cg/conv1/Relu	1602294381130915	7425
tower_0/v/cg/dropout0/dropout/dropout/random_uniform/mul	-1	-1
tower_0/v/gradients/tower_0/v/cg/affine0/xw_plus_b_grad/BiasAddGrad	1602294381524169	149
average_loss/Mean/input	-1	-1
tower_0/v/l2_loss/L2Loss_14	1602294380989559	54
tower_0/v/gradients/AddN_11	1602294382324150	19
v/cg/affine0/biases	-1	-1
v/cg/conv1/conv2d/kernel/read	-1	-1
tower_0/v/gradients/tower_0/v/cg/conv3/BiasAdd_grad/BiasAddGrad	1602294381817861	1560
tower_0/v/gradients/AddN_12	1602294382734051	4
tower_0/v/alexnet_synthetic_labels/shape	-1	-1
tower_0/v/cg/dropout0/dropout/dropout/mul	1602294381074187	218
tower_0/v/l2_loss/L2Loss_7	1602294380989688	6
tower_0/v/gradients/tower_0/v/cg/conv2/BiasAdd_grad/BiasAddGrad	1602294382145306	1554
append_apply_gradient_ops/GradientDescent/update_v/cg/conv1/biases/ApplyGradientDescent	1602294382760376	4
v/cg/conv3/biases	-1	-1
_SOURCE	-1	-1
gpu_compute_stage_ops_group	-1	-1
tower_0/v/alexnet_synthetic_labels	1602294380967792	15
v/cg/conv0/conv2d/kernel	-1	-1
v/cg/affine1/weights/read	-1	-1
tower_0/v/gradients/tower_0/v/cg/conv4/conv2d/Conv2D_grad/Conv2DBackpropInput	1602294381594736	93254
tower_0/v/gradients/tower_0/v/cg/affine1/affine1_grad/ReluGrad	1602294381496133	308
tower_0/v/gradients/AddN	1602294381495399	5
tower_0/v/gradients/tower_0/v/cg/affine0/xw_plus_b/MatMul_grad/MatMul	1602294381524320	29076
ConstantFolding/tower_0/v/gradients/tower_0/v/cg/conv2/conv2d/Conv2D_grad/ShapeN-matshapes-1	-1	-1
tower_0/v/cg/Reshape	-1	-1
average_loss/Mean	-1	-1
tower_0/v/gradients/tower_0/v/l2_loss/L2Loss_6_grad/mul	1602294380989502	26
tower_0/v/gradients/tower_0/v/cg/affine2/xw_plus_b/MatMul_grad/MatMul_1	1602294381491993	3396
tower_0/v/gradients/AddN_4	1602294381581363	5
tower_0/v/gradients/tower_0/v/cg/affine0/xw_plus_b/MatMul_grad/MatMul_1	1602294381553397	27964
tower_0/v/gradients/tower_0/v/l2_loss/L2Loss_5_grad/mul	1602294380988449	6
v/cg/affine2/weights/read	-1	-1
v/cg/conv2/biases	-1	-1
tower_0/v/l2_loss/AddN	1602294381050057	17
tower_0/v/l2_loss/L2Loss_10	1602294380988459	282
tower_0/v/l2_loss/L2Loss_11	1602294380989394	12
tower_0/v/l2_loss/L2Loss_4	1602294380988389	25
tower_0/v/gradients/AddN_10	1602294382311507	4
v/cg/conv3/conv2d/kernel	-1	-1
tower_0/v/xentropy/sparse_softmax_cross_entropy_loss/xentropy/xentropy	1602294381488060	431
v/cg/conv2/conv2d/kernel/read	-1	-1
tower_0/v/cg/Reshape/shape	-1	-1
v/cg/conv1/conv2d/kernel	-1	-1
tower_0/v/cg/dropout0/dropout/dropout/Shape	-1	-1
tower_0/v/cg/mpool1/MaxPool	1602294381138344	7582
v/cg/conv3/conv2d/kernel/read	-1	-1
tower_0/v/cg/dropout0_1/dropout/dropout/Cast	1602294381063719	154
tower_0/v/gradients/tower_0/v/l2_loss/L2Loss_8_grad/mul	1602294380987920	15
tower_0/v/gradients/tower_0/v/cg/conv3/conv2d/Conv2D_grad/Conv2DBackpropInput	1602294381819423	136750
main_fetch_group/_38	-1	-1
tower_0/v/gradients/tower_0/v/cg/mpool1/MaxPool_grad/MaxPoolGrad	1602294382311513	12635
tower_0/v/xentropy/sparse_softmax_cross_entropy_loss/Mul	-1	-1
append_apply_gradient_ops/GradientDescent/update_v/cg/conv2/biases/ApplyGradientDescent	1602294382324171	4
ConstantFolding/tower_0/v/gradients/tower_0/v/cg/conv2/conv2d/Conv2D_grad/ShapeN-matshapes-0	-1	-1
append_apply_gradient_ops/GradientDescent/update_v/cg/affine0/weights/ApplyGradientDescent	1602294381589388	838
tower_0/v/l2_loss/L2Loss_13	1602294380989533	11
tower_0/v/cg/affine2/xw_plus_b/MatMul	1602294381484671	3322
tower_0/v/cg/mpool0/MaxPool	1602294381074626	11355
v/cg/conv1/biases	-1	-1
tower_0/v/gradients/tower_0/v/cg/affine0/affine0_grad/ReluGrad	1602294381523853	309
append_apply_gradient_ops/GradientDescent/update_v/cg/affine2/weights/ApplyGradientDescent	1602294381496038	93
tower_0/v/gradients/tower_0/v/l2_loss/L2Loss_15_grad/mul	1602294380989349	5
tower_0/v/gradients/AddN_13	1602294382734038	11
tower_0/v/xentropy/sparse_softmax_cross_entropy_loss/Sum	1602294381488551	10
tower_0/v/cg/conv3/BiasAdd	1602294381333829	4442
tower_0/v/gradients/tower_0/v/cg/affine1/xw_plus_b_grad/BiasAddGrad	1602294381496447	151
tower_0/v/gradients/tower_0/v/l2_loss/L2Loss_grad/mul	1602294380989384	6
tower_0/v/l2_loss/L2Loss_6	1602294380989461	37
learning_rate_tensor/input	-1	-1
tower_0/v/gradients/AddN_15	1602294382846748	5
append_apply_gradient_ops/GradientDescent/update_v/cg/conv0/biases/ApplyGradientDescent	1602294382846755	4
v/cg/affine2/biases	-1	-1
append_apply_gradient_ops/GradientDescent/update_v/cg/conv0/conv2d/kernel/ApplyGradientDescent	1602294382846761	5
tower_0/v/cg/conv3/Relu	1602294381338280	3410
tower_0/v/l2_loss/L2Loss_8	1602294380987888	27
append_apply_gradient_ops/GradientDescent/update_v/cg/conv1/conv2d/kernel/ApplyGradientDescent	1602294382760363	11
ConstantFolding/tower_0/v/gradients/tower_0/v/cg/conv4/conv2d/Conv2D_grad/ShapeN-matshapes-1	-1	-1
train_ops_group	-1	-1
tower_0/v/cg/dropout0/dropout/dropout/truediv	-1	-1
tower_0/v/gradients/tower_0/v/cg/conv2/conv2d/Conv2D_grad/Conv2DBackpropFilter	1602294382215335	96135
ConstantFolding/tower_0/v/gradients/tower_0/v/cg/conv3/conv2d/Conv2D_grad/ShapeN-matshapes-1	-1	-1
tower_0/v/gradients/tower_0/v/cg/conv4/Relu_grad/ReluGrad	1602294381590228	3448
tower_0/v/cg/affine2/xw_plus_b	1602294381487995	63
v/cg/conv2/conv2d/kernel	-1	-1
tower_0/v/gradients/tower_0/v/l2_loss/L2Loss_4_grad/mul	1602294380988419	16
tower_0/v/gradients/tower_0/v/cg/dropout0/dropout/dropout/mul_1_grad/Mul	1602294381522577	209
ConstantFolding/tower_0/v/gradients/tower_0/v/cg/conv1/conv2d/Conv2D_grad/ShapeN-matshapes-0	-1	-1
tower_0/v/gradients/AddN_5	1602294381581370	838
tower_0/v/gradients/tower_0/v/l2_loss/L2Loss_14_grad/mul	1602294380989619	65
v/cg/affine1/weights	-1	-1
v/cg/conv4/biases	-1	-1
v/cg/affine0/weights	-1	-1
tower_0/v/cg/mpool2/MaxPool	1602294381438220	2213
tower_0/v/gradients/tower_0/v/cg/conv2/Relu_grad/ReluGrad	1602294382139977	5280
tower_0/v/gradients/tower_0/v/cg/dropout0_1/dropout/dropout/mul_grad/Mul	1602294381495728	306
v/cg/conv0/biases/read	-1	-1
tower_0/v/gradients/tower_0/v/cg/conv2/conv2d/Conv2D_grad/Conv2DBackpropInput	1602294382146862	68470
tower_0/v/cg/conv2/Relu	1602294381193647	3418
tower_0/v/gradients/tower_0/v/cg/conv0/BiasAdd_grad/BiasAddGrad	1602294382776660	4379
tower_0/v/gradients/AddN_14	1602294382846742	4
tower_0/v/gradients/tower_0/v/cg/conv0/conv2d/Conv2D_grad/Conv2DBackpropFilter	1602294382781047	65694
tower_0/v/l2_loss/L2Loss_5	1602294380988437	7
tower_0/v/add	1602294381495714	5
tower_0/v/cg/dropout0_1/dropout/dropout/GreaterEqual	1602294381049893	159
tower_0/v/gradients/tower_0/v/cg/conv3/conv2d/Conv2D_grad/Conv2DBackpropFilter	1602294381956174	183773
ConstantFolding/tower_0/v/gradients/tower_0/v/cg/conv3/conv2d/Conv2D_grad/ShapeN-matshapes-0	-1	-1
append_apply_gradient_ops/GradientDescent/update_v/cg/conv4/conv2d/kernel/ApplyGradientDescent	1602294382139949	20
append_apply_gradient_ops/GradientDescent/update_v/cg/affine1/weights/ApplyGradientDescent	1602294381523477	374
tower_0/v/cg/conv1/BiasAdd	1602294381121213	9698
tower_0/v/cg/affine1/xw_plus_b	1602294381483903	242
tower_0/v/gradients/tower_0/v/cg/mpool0/MaxPool_grad/MaxPoolGrad	1602294382734057	26305
v/cg/conv4/biases/read	-1	-1
tower_0/v/cg/conv2/BiasAdd	1602294381189199	4447
ConstantFolding/average_loss/Mean/input_const_axis	-1	-1
v/cg/conv4/conv2d/kernel/read	-1	-1
tower_0/v/cg/affine1/xw_plus_b/MatMul	1602294381470749	13152
tower_0/v/gradients/tower_0/v/cg/affine1/xw_plus_b/MatMul_grad/MatMul_1	1602294381509897	12671
tower_0/v/cg/dropout0/dropout/dropout/random_uniform/RandomUniform	1602294380967384	236
v/cg/conv3/biases/read	-1	-1
tower_0/v/l2_loss/L2Loss_1	1602294380988367	6
tower_0/v/cg/dropout0_1/dropout/dropout/mul_1	1602294381484361	309
tower_0/v/gradients/tower_0/v/cg/conv4/BiasAdd_grad/BiasAddGrad	1602294381593688	1046
append_apply_gradient_ops/GradientDescent/update_v/cg/conv3/conv2d/kernel/ApplyGradientDescent	1602294382311472	34
tower_0/v/cg/conv3/conv2d/Conv2D	1602294381197066	136759
v/cg/affine2/weights	-1	-1
average_loss/Mean/_42	1602294381523170	5
tower_0/v/cg/dropout0_1/dropout/dropout/random_uniform/mul	-1	-1
main_fetch_group	-1	-1
tower_0/v/gradients/AddN_2	1602294381522570	6
tower_0/v/alexnet_synthetic_labels/max	-1	-1
tower_0/v/cg/affine1/affine1	1602294381484146	213
v/cg/affine0/weights/read	-1	-1
tower_0/v/gradients/tower_0/v/cg/mpool2/MaxPool_grad/MaxPoolGrad	1602294381582217	7169
v/cg/conv0/biases	-1	-1
tower_0/v/cg/conv4/BiasAdd	1602294381432995	2950
tower_0/v/gradients/tower_0/v/cg/conv1/Relu_grad/ReluGrad	1602294382324177	11659
tower_0/v/gradients/tower_0/v/cg/conv1/BiasAdd_grad/BiasAddGrad	1602294382543887	3367
append_apply_gradient_ops/GradientDescent/update_v/cg/affine0/biases/ApplyGradientDescent	1602294381582210	5
tower_0/v/cg/conv4/conv2d/Conv2D	1602294381341692	91302
tower_0/v/gradients/tower_0/v/l2_loss/L2Loss_13_grad/mul	1602294380989549	5
tower_0/v/gradients/AddN_6	1602294381812542	4
