tower_0/v/alexnet_synthetic_labels	1599133567478829	70
tower_0/v/cg/dropout0/dropout/dropout/random_uniform/RandomUniform	1599133567478973	65
tower_0/v/cg/dropout0_1/dropout/dropout/random_uniform/RandomUniform	1599133567479069	55
tower_0/v/transpose	1599133567479411	3092
tower_0/v/l2_loss/L2Loss_6	1599133567482507	18
tower_0/v/l2_loss/L2Loss_6	1599133567482526	6
tower_0/v/gradients/tower_0/v/l2_loss/L2Loss_6_grad/mul	1599133567482534	20
tower_0/v/l2_loss/L2Loss	1599133567482555	6
tower_0/v/l2_loss/L2Loss	1599133567482563	4
tower_0/v/gradients/tower_0/v/l2_loss/L2Loss_grad/mul	1599133567482569	4
tower_0/v/l2_loss/L2Loss_7	1599133567482574	4
tower_0/v/gradients/tower_0/v/l2_loss/L2Loss_7_grad/mul	1599133567482580	4
tower_0/v/l2_loss/L2Loss_4	1599133567482586	11
tower_0/v/l2_loss/L2Loss_4	1599133567482598	4
tower_0/v/gradients/tower_0/v/l2_loss/L2Loss_4_grad/mul	1599133567482604	9
tower_0/v/l2_loss/L2Loss_10	1599133567482614	266
tower_0/v/l2_loss/L2Loss_10	1599133567482882	6
tower_0/v/gradients/tower_0/v/l2_loss/L2Loss_10_grad/mul	1599133567482889	580
tower_0/v/l2_loss/L2Loss_12	1599133567483470	123
tower_0/v/l2_loss/L2Loss_12	1599133567483594	5
tower_0/v/gradients/tower_0/v/l2_loss/L2Loss_12_grad/mul	1599133567483601	258
tower_0/v/l2_loss/L2Loss_1	1599133567483863	6
tower_0/v/gradients/tower_0/v/l2_loss/L2Loss_1_grad/mul	1599133567483871	5
tower_0/v/l2_loss/L2Loss_8	1599133567483879	16
tower_0/v/l2_loss/L2Loss_8	1599133567483898	6
tower_0/v/gradients/tower_0/v/l2_loss/L2Loss_8_grad/mul	1599133567483907	17
tower_0/v/l2_loss/L2Loss_13	1599133567483925	12
tower_0/v/gradients/tower_0/v/l2_loss/L2Loss_13_grad/mul	1599133567483940	6
tower_0/v/l2_loss/L2Loss_2	1599133567483949	9
tower_0/v/l2_loss/L2Loss_2	1599133567483961	6
tower_0/v/gradients/tower_0/v/l2_loss/L2Loss_2_grad/mul	1599133567483969	9
tower_0/v/l2_loss/L2Loss_9	1599133567483981	5
tower_0/v/gradients/tower_0/v/l2_loss/L2Loss_9_grad/mul	1599133567483989	7
tower_0/v/l2_loss/L2Loss_3	1599133567483999	6
tower_0/v/gradients/tower_0/v/l2_loss/L2Loss_3_grad/mul	1599133567484007	5
tower_0/v/l2_loss/L2Loss_11	1599133567484016	11
tower_0/v/gradients/tower_0/v/l2_loss/L2Loss_11_grad/mul	1599133567484031	5
tower_0/v/l2_loss/L2Loss_14	1599133567484039	42
tower_0/v/l2_loss/L2Loss_14	1599133567484082	5
tower_0/v/gradients/tower_0/v/l2_loss/L2Loss_14_grad/mul	1599133567484091	65
tower_0/v/l2_loss/L2Loss_5	1599133567484159	6
tower_0/v/gradients/tower_0/v/l2_loss/L2Loss_5_grad/mul	1599133567484169	6
tower_0/v/l2_loss/L2Loss_15	1599133567484178	7
tower_0/v/gradients/tower_0/v/l2_loss/L2Loss_15_grad/mul	1599133567484187	5
tower_0/v/cg/conv0/conv2d/Conv2D	1599133567484196	9
tower_0/v/cg/conv0/conv2d/Conv2D	1599133567484207	7
tower_0/v/cg/conv0/conv2d/Conv2D	1599133567484218	9236
tower_0/v/cg/dropout0/dropout/dropout/GreaterEqual	1599133567493458	31
tower_0/v/cg/dropout0_1/dropout/dropout/GreaterEqual	1599133567493491	31
tower_0/v/l2_loss/AddN	1599133567493524	8
tower_0/v/l2_loss/AddN	1599133567493534	5
tower_0/v/cg/conv0/BiasAdd	1599133567493543	2010
tower_0/v/cg/dropout0/dropout/dropout/Cast	1599133567495555	30
tower_0/v/cg/dropout0_1/dropout/dropout/Cast	1599133567495587	29
tower_0/v/mul	1599133567495618	6
tower_0/v/cg/conv0/Relu	1599133567495626	1549
tower_0/v/cg/dropout0/dropout/dropout/mul	1599133567497178	39
tower_0/v/cg/dropout0_1/dropout/dropout/mul	1599133567497218	39
tower_0/v/cg/mpool0/MaxPool	1599133567497258	1745
tower_0/v/cg/conv1/conv2d/Conv2D	1599133567499005	20
tower_0/v/cg/conv1/conv2d/Conv2D	1599133567499026	145
tower_0/v/cg/conv1/conv2d/Conv2D	1599133567499031	692
tower_0/v/cg/conv1/conv2d/Conv2D	1599133567499724	3377
tower_0/v/cg/conv1/conv2d/Conv2D	1599133567503103	1828
tower_0/v/cg/conv1/BiasAdd	1599133567504935	1454
tower_0/v/cg/conv1/Relu	1599133567506392	1118
tower_0/v/cg/mpool1/MaxPool	1599133567507511	1167
tower_0/v/cg/conv2/conv2d/Conv2D	1599133567508680	33
tower_0/v/cg/conv2/conv2d/Conv2D	1599133567508715	129
tower_0/v/cg/conv2/conv2d/Conv2D	1599133567508847	575
tower_0/v/cg/conv2/conv2d/Conv2D	1599133567508719	530
tower_0/v/cg/conv2/conv2d/Conv2D	1599133567509424	4034
tower_0/v/cg/conv2/conv2d/Conv2D	1599133567513461	1045
tower_0/v/cg/conv2/BiasAdd	1599133567514510	676
tower_0/v/cg/conv2/Relu	1599133567515189	519
tower_0/v/cg/conv3/conv2d/Conv2D	1599133567515710	66
tower_0/v/cg/conv3/conv2d/Conv2D	1599133567515779	256
tower_0/v/cg/conv3/conv2d/Conv2D	1599133567516036	1123
tower_0/v/cg/conv3/conv2d/Conv2D	1599133567515784	1013
tower_0/v/cg/conv3/conv2d/Conv2D	1599133567517161	7766
tower_0/v/cg/conv3/conv2d/Conv2D	1599133567524930	1040
tower_0/v/cg/conv3/BiasAdd	1599133567525972	673
tower_0/v/cg/conv3/Relu	1599133567526648	515
tower_0/v/cg/conv4/conv2d/Conv2D	1599133567527167	46
tower_0/v/cg/conv4/conv2d/Conv2D	1599133567527214	172
tower_0/v/cg/conv4/conv2d/Conv2D	1599133567527390	1012
tower_0/v/cg/conv4/conv2d/Conv2D	1599133567527219	940
tower_0/v/cg/conv4/conv2d/Conv2D	1599133567528417	5208
tower_0/v/cg/conv4/conv2d/Conv2D	1599133567533629	702
tower_0/v/cg/conv4/BiasAdd	1599133567534333	451
tower_0/v/cg/conv4/Relu	1599133567534787	345
tower_0/v/cg/mpool2/MaxPool	1599133567535135	349
tower_0/v/cg/affine0/xw_plus_b/MatMul	1599133567535494	4720
tower_0/v/cg/affine0/xw_plus_b	1599133567540216	44
tower_0/v/cg/affine0/affine0	1599133567540264	39
tower_0/v/cg/dropout0/dropout/dropout/mul_1	1599133567540306	52
tower_0/v/cg/affine1/xw_plus_b/MatMul	1599133567540363	2226
tower_0/v/cg/affine1/xw_plus_b	1599133567542592	44
tower_0/v/cg/affine1/affine1	1599133567542639	38
tower_0/v/cg/dropout0_1/dropout/dropout/mul_1	1599133567542680	50
tower_0/v/cg/affine2/xw_plus_b/MatMul	1599133567542735	624
tower_0/v/cg/affine2/xw_plus_b	1599133567543362	10
tower_0/v/xentropy/sparse_softmax_cross_entropy_loss/xentropy/xentropy	1599133567543377	10
tower_0/v/xentropy/sparse_softmax_cross_entropy_loss/xentropy/xentropy	1599133567543390	11
tower_0/v/xentropy/sparse_softmax_cross_entropy_loss/xentropy/xentropy	1599133567543404	6
tower_0/v/xentropy/sparse_softmax_cross_entropy_loss/xentropy/xentropy	1599133567543413	66
tower_0/v/xentropy/sparse_softmax_cross_entropy_loss/xentropy/xentropy	1599133567543483	6
tower_0/v/xentropy/sparse_softmax_cross_entropy_loss/xentropy/xentropy	1599133567543491	70
tower_0/v/xentropy/sparse_softmax_cross_entropy_loss/xentropy/xentropy	1599133567543565	9
tower_0/v/xentropy/sparse_softmax_cross_entropy_loss/xentropy/xentropy	1599133567543577	21
tower_0/v/gradients/tower_0/v/xentropy/sparse_softmax_cross_entropy_loss/xentropy/xentropy_grad/mul	1599133567543601	11
tower_0/v/xentropy/sparse_softmax_cross_entropy_loss/Sum	1599133567543615	5
tower_0/v/gradients/tower_0/v/cg/affine2/xw_plus_b_grad/BiasAddGrad	1599133567543631	19
tower_0/v/gradients/tower_0/v/cg/affine2/xw_plus_b/MatMul_grad/MatMul	1599133567543655	599
tower_0/v/gradients/tower_0/v/cg/affine2/xw_plus_b/MatMul_grad/MatMul_1	1599133567544257	552
tower_0/v/xentropy/sparse_softmax_cross_entropy_loss/value	1599133567544812	7
tower_0/v/gradients/AddN	1599133567544823	5
tower_0/v/gradients/tower_0/v/cg/dropout0_1/dropout/dropout/mul_1_grad/Mul	1599133567544832	37
tower_0/v/gradients/AddN_1	1599133567544872	96
tower_0/v/add	1599133567544971	6
append_apply_gradient_ops/GradientDescent/update_v/cg/affine2/biases/ApplyGradientDescent	1599133567544980	6
tower_0/v/gradients/tower_0/v/cg/dropout0_1/dropout/dropout/mul_grad/Mul	1599133567544989	53
append_apply_gradient_ops/GradientDescent/update_v/cg/affine2/weights/ApplyGradientDescent	1599133567545044	95
tower_0/v/gradients/tower_0/v/cg/affine1/affine1_grad/ReluGrad	1599133567545142	51
tower_0/v/gradients/tower_0/v/cg/affine1/xw_plus_b_grad/BiasAddGrad	1599133567545206	36
tower_0/v/gradients/tower_0/v/cg/affine1/xw_plus_b/MatMul_grad/MatMul	1599133567545249	2217
tower_0/v/gradients/tower_0/v/cg/affine1/xw_plus_b/MatMul_grad/MatMul_1	1599133567547469	1995
tower_0/v/gradients/AddN_2	1599133567549467	5
tower_0/v/gradients/tower_0/v/cg/dropout0/dropout/dropout/mul_1_grad/Mul	1599133567549476	36
tower_0/v/gradients/AddN_3	1599133567549515	373
append_apply_gradient_ops/GradientDescent/update_v/cg/affine1/biases/ApplyGradientDescent	1599133567549891	7
tower_0/v/gradients/tower_0/v/cg/dropout0/dropout/dropout/mul_grad/Mul	1599133567549900	53
append_apply_gradient_ops/GradientDescent/update_v/cg/affine1/weights/ApplyGradientDescent	1599133567549954	374
tower_0/v/gradients/tower_0/v/cg/affine0/affine0_grad/ReluGrad	1599133567550330	53
tower_0/v/gradients/tower_0/v/cg/affine0/xw_plus_b_grad/BiasAddGrad	1599133567550403	36
tower_0/v/gradients/tower_0/v/cg/affine0/xw_plus_b/MatMul_grad/MatMul	1599133567550441	4996
tower_0/v/gradients/tower_0/v/cg/affine0/xw_plus_b/MatMul_grad/MatMul_1	1599133567555439	4371
tower_0/v/gradients/AddN_4	1599133567559814	7
tower_0/v/gradients/AddN_5	1599133567559825	839
append_apply_gradient_ops/GradientDescent/update_v/cg/affine0/biases/ApplyGradientDescent	1599133567560667	8
tower_0/v/gradients/tower_0/v/cg/mpool2/MaxPool_grad/MaxPoolGrad	1599133567560677	1104
append_apply_gradient_ops/GradientDescent/update_v/cg/affine0/weights/ApplyGradientDescent	1599133567561784	840
tower_0/v/gradients/tower_0/v/cg/conv4/Relu_grad/ReluGrad	1599133567562627	498
tower_0/v/gradients/tower_0/v/cg/conv4/BiasAdd_grad/BiasAddGrad	1599133567563132	168
tower_0/v/gradients/tower_0/v/cg/conv4/BiasAdd_grad/BiasAddGrad	1599133567563303	10
tower_0/v/gradients/tower_0/v/cg/conv4/BiasAdd_grad/BiasAddGrad	1599133567563315	8
tower_0/v/gradients/tower_0/v/cg/conv4/conv2d/Conv2D_grad/Conv2DBackpropInput	1599133567563327	42
tower_0/v/gradients/tower_0/v/cg/conv4/conv2d/Conv2D_grad/Conv2DBackpropInput	1599133567563372	298
tower_0/v/gradients/tower_0/v/cg/conv4/conv2d/Conv2D_grad/Conv2DBackpropInput	1599133567563377	757
tower_0/v/gradients/tower_0/v/cg/conv4/conv2d/Conv2D_grad/Conv2DBackpropInput	1599133567564136	5297
tower_0/v/gradients/tower_0/v/cg/conv4/conv2d/Conv2D_grad/Conv2DBackpropInput	1599133567569436	1044
tower_0/v/gradients/tower_0/v/cg/conv4/conv2d/Conv2D_grad/Conv2DBackpropFilter	1599133567570483	1316
tower_0/v/gradients/tower_0/v/cg/conv4/conv2d/Conv2D_grad/Conv2DBackpropFilter	1599133567571802	1471
tower_0/v/gradients/tower_0/v/cg/conv4/conv2d/Conv2D_grad/Conv2DBackpropFilter	1599133567570489	2218
tower_0/v/gradients/tower_0/v/cg/conv4/conv2d/Conv2D_grad/Conv2DBackpropFilter	1599133567573275	5148
tower_0/v/gradients/tower_0/v/cg/conv4/conv2d/Conv2D_grad/Conv2DBackpropFilter	1599133567578424	270
tower_0/v/gradients/tower_0/v/cg/conv4/conv2d/Conv2D_grad/Conv2DBackpropFilter	1599133567578697	50
tower_0/v/gradients/AddN_6	1599133567578750	5
tower_0/v/gradients/tower_0/v/cg/conv3/Relu_grad/ReluGrad	1599133567578759	750
tower_0/v/gradients/AddN_7	1599133567579512	27
append_apply_gradient_ops/GradientDescent/update_v/cg/conv4/biases/ApplyGradientDescent	1599133567579542	6
tower_0/v/gradients/tower_0/v/cg/conv3/BiasAdd_grad/BiasAddGrad	1599133567579559	244
tower_0/v/gradients/tower_0/v/cg/conv3/BiasAdd_grad/BiasAddGrad	1599133567579806	10
tower_0/v/gradients/tower_0/v/cg/conv3/BiasAdd_grad/BiasAddGrad	1599133567579819	12
tower_0/v/gradients/tower_0/v/cg/conv3/conv2d/Conv2D_grad/Conv2DBackpropInput	1599133567579833	63
tower_0/v/gradients/tower_0/v/cg/conv3/conv2d/Conv2D_grad/Conv2DBackpropInput	1599133567579897	416
tower_0/v/gradients/tower_0/v/cg/conv3/conv2d/Conv2D_grad/Conv2DBackpropInput	1599133567579902	1142
tower_0/v/gradients/tower_0/v/cg/conv3/conv2d/Conv2D_grad/Conv2DBackpropInput	1599133567581046	7784
tower_0/v/gradients/tower_0/v/cg/conv3/conv2d/Conv2D_grad/Conv2DBackpropInput	1599133567588834	1044
tower_0/v/gradients/tower_0/v/cg/conv3/conv2d/Conv2D_grad/Conv2DBackpropFilter	1599133567589881	1824
tower_0/v/gradients/tower_0/v/cg/conv3/conv2d/Conv2D_grad/Conv2DBackpropFilter	1599133567591709	1736
tower_0/v/gradients/tower_0/v/cg/conv3/conv2d/Conv2D_grad/Conv2DBackpropFilter	1599133567589887	2708
tower_0/v/gradients/tower_0/v/cg/conv3/conv2d/Conv2D_grad/Conv2DBackpropFilter	1599133567593449	7706
tower_0/v/gradients/tower_0/v/cg/conv3/conv2d/Conv2D_grad/Conv2DBackpropFilter	1599133567601157	394
tower_0/v/gradients/tower_0/v/cg/conv3/conv2d/Conv2D_grad/Conv2DBackpropFilter	1599133567601561	125
append_apply_gradient_ops/GradientDescent/update_v/cg/conv4/conv2d/kernel/ApplyGradientDescent	1599133567601689	24
tower_0/v/gradients/AddN_8	1599133567601716	6
tower_0/v/gradients/tower_0/v/cg/conv2/Relu_grad/ReluGrad	1599133567601725	748
tower_0/v/gradients/AddN_9	1599133567602476	35
append_apply_gradient_ops/GradientDescent/update_v/cg/conv3/biases/ApplyGradientDescent	1599133567602515	6
tower_0/v/gradients/tower_0/v/cg/conv2/BiasAdd_grad/BiasAddGrad	1599133567602531	244
tower_0/v/gradients/tower_0/v/cg/conv2/BiasAdd_grad/BiasAddGrad	1599133567602777	10
tower_0/v/gradients/tower_0/v/cg/conv2/BiasAdd_grad/BiasAddGrad	1599133567602790	10
tower_0/v/gradients/tower_0/v/cg/conv2/conv2d/Conv2D_grad/Conv2DBackpropInput	1599133567602803	32
tower_0/v/gradients/tower_0/v/cg/conv2/conv2d/Conv2D_grad/Conv2DBackpropInput	1599133567602837	224
tower_0/v/gradients/tower_0/v/cg/conv2/conv2d/Conv2D_grad/Conv2DBackpropInput	1599133567602842	945
tower_0/v/gradients/tower_0/v/cg/conv2/conv2d/Conv2D_grad/Conv2DBackpropInput	1599133567603792	3908
tower_0/v/gradients/tower_0/v/cg/conv2/conv2d/Conv2D_grad/Conv2DBackpropInput	1599133567607704	530
tower_0/v/gradients/tower_0/v/cg/conv2/conv2d/Conv2D_grad/Conv2DBackpropFilter	1599133567608237	1857
tower_0/v/gradients/tower_0/v/cg/conv2/conv2d/Conv2D_grad/Conv2DBackpropFilter	1599133567610106	1374
tower_0/v/gradients/tower_0/v/cg/conv2/conv2d/Conv2D_grad/Conv2DBackpropFilter	1599133567608243	2334
tower_0/v/gradients/tower_0/v/cg/conv2/conv2d/Conv2D_grad/Conv2DBackpropFilter	1599133567611483	3909
tower_0/v/gradients/tower_0/v/cg/conv2/conv2d/Conv2D_grad/Conv2DBackpropFilter	1599133567615394	204
tower_0/v/gradients/tower_0/v/cg/conv2/conv2d/Conv2D_grad/Conv2DBackpropFilter	1599133567615601	32
append_apply_gradient_ops/GradientDescent/update_v/cg/conv3/conv2d/kernel/ApplyGradientDescent	1599133567615637	35
tower_0/v/gradients/AddN_10	1599133567615676	6
tower_0/v/gradients/tower_0/v/cg/mpool1/MaxPool_grad/MaxPoolGrad	1599133567615684	1938
tower_0/v/gradients/AddN_11	1599133567617624	20
append_apply_gradient_ops/GradientDescent/update_v/cg/conv2/biases/ApplyGradientDescent	1599133567617647	6
tower_0/v/gradients/tower_0/v/cg/conv1/Relu_grad/ReluGrad	1599133567617656	1646
append_apply_gradient_ops/GradientDescent/update_v/cg/conv2/conv2d/kernel/ApplyGradientDescent	1599133567619306	22
tower_0/v/gradients/tower_0/v/cg/conv1/conv2d/Conv2D_grad/Conv2DBackpropFilter	1599133567619331	1036
tower_0/v/gradients/tower_0/v/cg/conv1/conv2d/Conv2D_grad/Conv2DBackpropFilter	1599133567620371	2276
tower_0/v/gradients/tower_0/v/cg/conv1/conv2d/Conv2D_grad/Conv2DBackpropFilter	1599133567622649	3341
tower_0/v/gradients/tower_0/v/cg/conv1/conv2d/Conv2D_grad/Conv2DBackpropFilter	1599133567625994	51
tower_0/v/gradients/tower_0/v/cg/conv1/conv2d/Conv2D_grad/Conv2DBackpropFilter	1599133567626049	18
tower_0/v/gradients/tower_0/v/cg/conv1/BiasAdd_grad/BiasAddGrad	1599133567626071	522
tower_0/v/gradients/tower_0/v/cg/conv1/BiasAdd_grad/BiasAddGrad	1599133567626596	9
tower_0/v/gradients/tower_0/v/cg/conv1/BiasAdd_grad/BiasAddGrad	1599133567626609	7
tower_0/v/gradients/tower_0/v/cg/conv1/conv2d/Conv2D_grad/Conv2DBackpropInput	1599133567626620	20
tower_0/v/gradients/tower_0/v/cg/conv1/conv2d/Conv2D_grad/Conv2DBackpropInput	1599133567626642	145
tower_0/v/gradients/tower_0/v/cg/conv1/conv2d/Conv2D_grad/Conv2DBackpropInput	1599133567626646	1791
tower_0/v/gradients/tower_0/v/cg/conv1/conv2d/Conv2D_grad/Conv2DBackpropInput	1599133567628439	2552
tower_0/v/gradients/tower_0/v/cg/conv1/conv2d/Conv2D_grad/Conv2DBackpropInput	1599133567630993	629
tower_0/v/gradients/AddN_13	1599133567631625	11
tower_0/v/gradients/AddN_12	1599133567631637	4
tower_0/v/gradients/tower_0/v/cg/mpool0/MaxPool_grad/MaxPoolGrad	1599133567631643	4067
append_apply_gradient_ops/GradientDescent/update_v/cg/conv1/conv2d/kernel/ApplyGradientDescent	1599133567635712	12
append_apply_gradient_ops/GradientDescent/update_v/cg/conv1/biases/ApplyGradientDescent	1599133567635725	4
tower_0/v/gradients/tower_0/v/cg/conv0/Relu_grad/ReluGrad	1599133567635731	2296
tower_0/v/gradients/tower_0/v/cg/conv0/BiasAdd_grad/BiasAddGrad	1599133567638032	678
tower_0/v/gradients/tower_0/v/cg/conv0/BiasAdd_grad/BiasAddGrad	1599133567638711	5
tower_0/v/gradients/tower_0/v/cg/conv0/BiasAdd_grad/BiasAddGrad	1599133567638718	6
tower_0/v/gradients/tower_0/v/cg/conv0/conv2d/Conv2D_grad/Conv2DBackpropFilter	1599133567638725	5
tower_0/v/gradients/tower_0/v/cg/conv0/conv2d/Conv2D_grad/Conv2DBackpropFilter	1599133567638732	4
tower_0/v/gradients/tower_0/v/cg/conv0/conv2d/Conv2D_grad/Conv2DBackpropFilter	1599133567638738	5
tower_0/v/gradients/tower_0/v/cg/conv0/conv2d/Conv2D_grad/Conv2DBackpropFilter	1599133567638744	9919
tower_0/v/gradients/tower_0/v/cg/conv0/conv2d/Conv2D_grad/Conv2DBackpropFilter	1599133567648665	6
tower_0/v/gradients/AddN_14	1599133567648673	4
tower_0/v/gradients/AddN_15	1599133567648678	5
append_apply_gradient_ops/GradientDescent/update_v/cg/conv0/biases/ApplyGradientDescent	1599133567648685	4
append_apply_gradient_ops/GradientDescent/update_v/cg/conv0/conv2d/kernel/ApplyGradientDescent	1599133567648691	5
average_loss/Mean/_42	1599133567549894	5
