tower_0/v/cg/dropout0_1/dropout/dropout/random_uniform/RandomUniform	1601349407512434	78
tower_0/v/gradients/tower_0/v/cg/conv1/Relu_grad/ReluGrad	1601349407912434	4856
append_apply_gradient_ops/GradientDescent/update_v/cg/conv1/conv2d/kernel/ApplyGradientDescent	1601349407971166	11
v/cg/conv2/conv2d/kernel	-1	-1
tower_0/v/gradients/tower_0/v/cg/mpool1/MaxPool_grad/MaxPoolGrad	1601349407906981	5417
tower_0/v/gradients/tower_0/v/cg/conv1/conv2d/Conv2D_grad/Conv2DBackpropFilter	1601349407917317	26744
ConstantFolding/tower_0/v/gradients/tower_0/v/cg/conv3/conv2d/Conv2D_grad/ShapeN-matshapes-1	-1	-1
append_apply_gradient_ops/GradientDescent/update_v/cg/conv2/conv2d/kernel/ApplyGradientDescent	1601349407917294	20
tower_0/v/cg/Reshape	-1	-1
tower_0/v/l2_loss/L2Loss_10	1601349407521652	286
tower_0/v/cg/conv4/Relu	1601349407675316	967
v/cg/conv3/biases	-1	-1
v/cg/conv1/conv2d/kernel/read	-1	-1
tower_0/v/gradients/AddN_5	1601349407742168	838
append_apply_gradient_ops/GradientDescent/update_v/cg/conv4/conv2d/kernel/ApplyGradientDescent	1601349407865265	24
main_fetch_group	-1	-1
tower_0/v/xentropy/sparse_softmax_cross_entropy_loss/num_present	-1	-1
tower_0/v/gradients/AddN_4	1601349407742158	7
tower_0/v/gradients/tower_0/v/l2_loss/L2Loss_1_grad/mul	1601349407521354	10
tower_0/v/cg/affine2/xw_plus_b	1601349407700069	34
tower_0/v/gradients/tower_0/v/cg/affine0/xw_plus_b_grad/BiasAddGrad	1601349407716706	74
tower_0/v/cg/mpool2/MaxPool	1601349407676287	959
v/cg/affine2/weights	-1	-1
tower_0/v/cg/dropout0/dropout/dropout/truediv	-1	-1
tower_0/v/gpu_cached_inputs/read	-1	-1
_SOURCE	-1	-1
main_fetch_group/_38	-1	-1
tower_0/v/cg/affine1/xw_plus_b/MatMul	1601349407692358	5782
tower_0/v/gradients/tower_0/v/l2_loss/L2Loss_14_grad/mul	1601349407521530	67
tower_0/v/gradients/tower_0/v/l2_loss/L2Loss_13_grad/mul	1601349407523211	10
tower_0/v/cg/conv1/conv2d/Conv2D	1601349407564532	15780
tower_0/v/cg/dropout0/dropout/dropout/Cast	1601349407554900	70
v/cg/conv3/conv2d/kernel/read	-1	-1
append_apply_gradient_ops/GradientDescent/update_v/cg/conv0/conv2d/kernel/ApplyGradientDescent	1601349408007860	5
v/cg/conv0/biases/read	-1	-1
tower_0/v/cg/affine1/affine1	1601349407698258	98
ConstantFolding/average_loss/Mean/input_const_axis	-1	-1
tower_0/v/cg/Reshape/shape	-1	-1
tower_0/v/cg/conv1/BiasAdd	1601349407580319	4106
tower_0/v/l2_loss/L2Loss_6	1601349407522722	40
tower_0/v/gradients/tower_0/v/cg/affine2/xw_plus_b_grad/BiasAddGrad	1601349407700488	35
ConstantFolding/tower_0/v/gradients/tower_0/v/cg/conv2/conv2d/Conv2D_grad/ShapeN-matshapes-0	-1	-1
tower_0/v/gradients/tower_0/v/cg/affine1/xw_plus_b/MatMul_grad/MatMul	1601349407704208	5847
tower_0/v/gradients/tower_0/v/cg/dropout0/dropout/dropout/mul_1_grad/Mul	1601349407715552	95
tower_0/v/cg/conv0/conv2d/Conv2D	1601349407523223	25783
tower_0/v/add	1601349407703724	6
tower_0/v/gradients/tower_0/v/cg/mpool2/MaxPool_grad/MaxPoolGrad	1601349407743020	3076
tower_0/v/gradients/tower_0/v/cg/dropout0/dropout/dropout/mul_grad/Mul	1601349407716043	134
v/cg/conv2/biases/read	-1	-1
tower_0/v/gradients/tower_0/v/cg/dropout0_1/dropout/dropout/mul_grad/Mul	1601349407703743	134
append_apply_gradient_ops/GradientDescent/update_v/cg/affine1/biases/ApplyGradientDescent	1601349407716030	12
v/cg/affine0/weights	-1	-1
tower_0/v/gradients/AddN_14	1601349408007841	4
tower_0/v/xentropy/sparse_softmax_cross_entropy_loss/xentropy/xentropy	1601349407700105	330
append_apply_gradient_ops/GradientDescent/update_v/cg/conv3/conv2d/kernel/ApplyGradientDescent	1601349407906935	33
v/cg/affine2/weights/read	-1	-1
v/cg/affine1/biases/read	-1	-1
tower_0/v/l2_loss/L2Loss_4	1601349407521420	27
tower_0/v/alexnet_synthetic_labels	1601349407512531	31
tower_0/v/mul/x	-1	-1
tower_0/v/alexnet_synthetic_labels/min	-1	-1
tower_0/v/cg/dropout0_1/dropout/dropout/Cast	1601349407554974	69
v/cg/affine2/biases	-1	-1
tower_0/v/cg/conv3/Relu	1601349407649169	1454
ConstantFolding/tower_0/v/gradients/tower_0/v/cg/conv4/conv2d/Conv2D_grad/ShapeN-matshapes-1	-1	-1
tower_0/v/gradients/AddN_2	1601349407715543	5
v/cg/conv3/conv2d/kernel	-1	-1
tower_0/v/cg/conv2/conv2d/Conv2D	1601349407590843	19175
v/cg/conv2/biases	-1	-1
v/cg/affine0/biases	-1	-1
tower_0/v/gradients/AddN_15	1601349408007847	5
tower_0/v/gradients/tower_0/v/l2_loss/L2Loss_15_grad/mul	1601349407522544	10
tower_0/v/gradients/tower_0/v/xentropy/sparse_softmax_cross_entropy_loss/xentropy/xentropy_grad/mul	1601349407700438	32
append_apply_gradient_ops/GradientDescent/update_v/cg/affine2/weights/ApplyGradientDescent	1601349407703880	97
tower_0/v/cg/affine2/xw_plus_b/MatMul	1601349407698502	1564
append_apply_gradient_ops/GradientDescent/update_v/cg/affine2/biases/ApplyGradientDescent	1601349407703734	5
v/cg/conv1/biases	-1	-1
tower_0/v/gradients/AddN_8	1601349407865291	6
tower_0/v/mul	1601349407555044	9
tower_0/v/gradients/AddN_7	1601349407797909	27
tower_0/v/cg/dropout0_1/dropout/dropout/random_uniform/mul	-1	-1
append_apply_gradient_ops/GradientDescent/update_v/cg/conv3/biases/ApplyGradientDescent	1601349407867521	7
tower_0/v/gradients/tower_0/v/cg/affine1/affine1_grad/ReluGrad	1601349407703981	138
tower_0/v/l2_loss/L2Loss_13	1601349407523193	16
tower_0/v/gradients/AddN_1	1601349407703626	95
learning_rate_tensor/input	-1	-1
tower_0/v/gradients/tower_0/v/cg/conv4/Relu_grad/ReluGrad	1601349407746943	1424
tower_0/v/cg/dropout0_1/dropout/dropout/GreaterEqual	1601349407549088	75
tower_0/v/cg/dropout0/dropout/dropout/Shape	-1	-1
tower_0/v/l2_loss/L2Loss_9	1601349407522697	10
append_apply_gradient_ops/GradientDescent	-1	-1
append_apply_gradient_ops/GradientDescent/update_v/cg/affine0/biases/ApplyGradientDescent	1601349407743009	8
tower_0/v/alexnet_synthetic_labels/max	-1	-1
gpu_compute_stage_ops_group	-1	-1
tower_0/v/xentropy/sparse_softmax_cross_entropy_loss/Mul	-1	-1
tower_0/v/gradients/tower_0/v/cg/conv3/conv2d/Conv2D_grad/Conv2DBackpropInput	1601349407798654	33647
append_apply_gradient_ops/GradientDescent/update_v/cg/conv0/biases/ApplyGradientDescent	1601349408007853	5
tower_0/v/gradients/tower_0/v/cg/conv2/Relu_grad/ReluGrad	1601349407865301	2178
v/cg/conv4/conv2d/kernel/read	-1	-1
tower_0/v/gradients/AddN_12	1601349407959859	4
tower_0/v/cg/conv2/Relu	1601349407611917	1460
tower_0/v/l2_loss/L2Loss_3	1601349407521393	11
tower_0/v/gradients/tower_0/v/cg/conv4/conv2d/Conv2D_grad/Conv2DBackpropFilter	1601349407772480	23262
ConstantFolding/tower_0/v/gradients/tower_0/v/cg/conv1/conv2d/Conv2D_grad/ShapeN-matshapes-1	-1	-1
tower_0/v/l2_loss/L2Loss	1601349407522657	24
tower_0/v/gradients/tower_0/v/cg/conv2/conv2d/Conv2D_grad/Conv2DBackpropInput	1601349407868235	18032
tower_0/v/gradients/tower_0/v/l2_loss/L2Loss_12_grad/mul	1601349407522932	259
append_apply_gradient_ops/GradientDescent/update_v/cg/conv1/biases/ApplyGradientDescent	1601349407971179	4
v/cg/affine1/weights/read	-1	-1
tower_0/v/cg/dropout0_1/dropout/dropout/mul	1601349407559553	99
tower_0/v/xentropy/sparse_softmax_cross_entropy_loss/Const_1	-1	-1
tower_0/v/cg/dropout0/dropout/dropout/mul	1601349407559452	99
tower_0/v/gradients/AddN_13	1601349407959846	11
tower_0/v/gradients/tower_0/v/l2_loss/L2Loss_9_grad/mul	1601349407522710	10
tower_0/v/cg/dropout0_1/dropout/dropout/mul_1	1601349407698357	134
tower_0/v/gradients/tower_0/v/cg/Reshape_grad/Reshape	-1	-1
tower_0/v/l2_loss/L2Loss_8	1601349407521598	31
tower_0/v/cg/conv3/BiasAdd	1601349407647280	1886
tower_0/v/cg/affine0/affine0	1601349407692122	94
tower_0/v/gradients/tower_0/v/cg/conv0/Relu_grad/ReluGrad	1601349407971185	6837
tower_0/v/xentropy/sparse_softmax_cross_entropy_loss/value	1601349407703507	8
append_apply_gradient_ops/GradientDescent/update_v/cg/affine0/weights/ApplyGradientDescent	1601349407746099	840
tower_0/v/gradients/AddN_11	1601349407912399	22
tower_0/v/gradients/tower_0/v/cg/Reshape_grad/Shape	-1	-1
tower_0/v/cg/conv0/Relu	1601349407555057	4392
tower_0/v/gradients/tower_0/v/cg/conv4/BiasAdd_grad/BiasAddGrad	1601349407748377	482
v/cg/affine0/weights/read	-1	-1
v/cg/conv4/biases/read	-1	-1
tower_0/v/transpose	1601349407512735	8603
ConstantFolding/tower_0/v/gradients/tower_0/v/cg/conv3/conv2d/Conv2D_grad/ShapeN-matshapes-0	-1	-1
tower_0/v/gradients/tower_0/v/cg/conv4/conv2d/Conv2D_grad/Conv2DBackpropInput	1601349407748862	23615
tower_0/v/transpose/perm	-1	-1
tower_0/v/gradients/tower_0/v/l2_loss/L2Loss_11_grad/mul	1601349407522644	10
append_apply_gradient_ops/GradientDescent/update_v/cg/conv4/biases/ApplyGradientDescent	1601349407797940	6
tower_0/v/l2_loss/L2Loss_11	1601349407522626	15
tower_0/v/gradients/tower_0/v/cg/affine0/affine0_grad/ReluGrad	1601349407716558	137
tower_0/v/l2_loss/L2Loss_5	1601349407522601	10
v/cg/affine1/biases	-1	-1
tower_0/v/cg/affine1/xw_plus_b	1601349407698144	110
tower_0/v/l2_loss/L2Loss_1	1601349407521341	10
average_loss/Mean/input	-1	-1
v/cg/conv1/biases/read	-1	-1
tower_0/v/gradients/AddN	1601349407703518	6
tower_0/v/gradients/tower_0/v/l2_loss/L2Loss_7_grad/mul	1601349407521380	10
tower_0/v/cg/dropout0/dropout/dropout/random_uniform/mul	-1	-1
tower_0/v/gradients/AddN_3	1601349407715649	376
tower_0/v/gradients/tower_0/v/cg/affine1/xw_plus_b_grad/BiasAddGrad	1601349407704129	76
train_ops_group	-1	-1
tower_0/v/gradients/tower_0/v/l2_loss/L2Loss_10_grad/mul	1601349407521941	588
tower_0/v/gradients/tower_0/v/cg/affine1/xw_plus_b/MatMul_grad/MatMul_1	1601349407710058	5481
tower_0/v/gradients/tower_0/v/cg/conv0/BiasAdd_grad/BiasAddGrad	1601349407978031	1893
tower_0/v/gradients/AddN_10	1601349407906972	6
tower_0/v/gradients/tower_0/v/l2_loss/L2Loss_8_grad/mul	1601349407521632	19
tower_0/v/gradients/tower_0/v/l2_loss/L2Loss_5_grad/mul	1601349407522613	11
tower_0/v/l2_loss/AddN	1601349407549165	23
tower_0/v/gradients/tower_0/v/cg/conv2/conv2d/Conv2D_grad/Conv2DBackpropFilter	1601349407886270	20661
v/cg/conv0/biases	-1	-1
tower_0/v/cg/affine0/xw_plus_b/MatMul	1601349407677247	14761
tower_0/v/gradients/tower_0/v/cg/dropout0_1/dropout/dropout/mul_1_grad/Mul	1601349407703527	97
tower_0/v/cg/conv1/Relu	1601349407584429	3154
v/cg/conv0/conv2d/kernel	-1	-1
append_apply_gradient_ops/GradientDescent/update_v/cg/affine1/weights/ApplyGradientDescent	1601349407716181	373
tower_0/v/cg/dropout0/dropout/dropout/random_uniform/RandomUniform	1601349407512284	148
tower_0/v/cg/mpool1/MaxPool	1601349407587586	3255
tower_0/v/l2_loss/L2Loss_2	1601349407522556	28
tower_0/v/gradients/tower_0/v/l2_loss/L2Loss_6_grad/mul	1601349407522764	23
tower_0/v/gpu_cached_inputs	-1	-1
tower_0/v/l2_loss/L2Loss_7	1601349407521368	10
average_loss/Mean	-1	-1
tower_0/v/gradients/tower_0/v/l2_loss/L2Loss_2_grad/mul	1601349407522587	12
tower_0/v/cg/dropout0/dropout/dropout/rate	-1	-1
tower_0/v/xentropy/sparse_softmax_cross_entropy_loss/Sum	1601349407700473	7
v/cg/conv1/conv2d/kernel	-1	-1
tower_0/v/gradients/AddN_6	1601349407795746	5
tower_0/v/cg/mpool0/MaxPool	1601349407559653	4876
average_loss/Mean/_42	1601349407716034	8
tower_0/v/gradients/tower_0/v/xentropy/sparse_softmax_cross_entropy_loss/xentropy/xentropy_grad/ExpandDims	-1	-1
v/cg/conv4/conv2d/kernel	-1	-1
tower_0/v/gradients/tower_0/v/cg/conv0/conv2d/Conv2D_grad/Conv2DBackpropFilter	1601349407979925	27915
tower_0/v/cg/dropout0/dropout/dropout/GreaterEqual	1601349407549009	77
tower_0/v/gradients/tower_0/v/cg/conv1/BiasAdd_grad/BiasAddGrad	1601349407944068	1466
tower_0/v/gradients/tower_0/v/l2_loss/L2Loss_grad/mul	1601349407522684	10
append_apply_gradient_ops/GradientDescent/update_v/cg/conv2/biases/ApplyGradientDescent	1601349407912425	6
tower_0/v/gradients/tower_0/v/cg/affine2/xw_plus_b/MatMul_grad/MatMul	1601349407700527	1495
v/cg/conv4/biases	-1	-1
tower_0/v/gradients/tower_0/v/cg/affine0/xw_plus_b/MatMul_grad/MatMul	1601349407716783	13289
tower_0/v/gradients/tower_0/v/cg/conv1/conv2d/Conv2D_grad/Conv2DBackpropInput	1601349407945537	14306
tower_0/v/gradients/tower_0/v/l2_loss/L2Loss_4_grad/mul	1601349407521449	16
tower_0/v/cg/conv4/conv2d/Conv2D	1601349407650626	23428
tower_0/v/gradients/tower_0/v/cg/conv2/BiasAdd_grad/BiasAddGrad	1601349407867534	697
tower_0/v/gradients/tower_0/v/l2_loss/L2Loss_3_grad/mul	1601349407521407	10
tower_0/v/cg/conv4/BiasAdd	1601349407674058	1254
tower_0/v/gradients/tower_0/v/cg/conv3/BiasAdd_grad/BiasAddGrad	1601349407797951	700
ConstantFolding/tower_0/v/gradients/tower_0/v/cg/conv0/conv2d/Conv2D_grad/ShapeN-matshapes-1	-1	-1
tower_0/v/alexnet_synthetic_labels/shape	-1	-1
ConstantFolding/tower_0/v/gradients/tower_0/v/cg/conv1/conv2d/Conv2D_grad/ShapeN-matshapes-0	-1	-1
tower_0/v/cg/dropout0/dropout/dropout/mul_1	1601349407692220	137
tower_0/v/gradients/tower_0/v/cg/affine0/xw_plus_b/MatMul_grad/MatMul_1	1601349407730076	12081
tower_0/v/cg/affine0/xw_plus_b	1601349407692010	108
tower_0/v/gradients/tower_0/v/cg/mpool0/MaxPool_grad/MaxPoolGrad	1601349407959865	11300
tower_0/v/l2_loss/L2Loss_12	1601349407522788	141
tower_0/v/gradients/AddN_9	1601349407867483	37
v/cg/affine2/biases/read	-1	-1
tower_0/v/gradients/tower_0/v/cg/conv3/conv2d/Conv2D_grad/Conv2DBackpropFilter	1601349407832305	32957
tower_0/v/gradients/tower_0/v/cg/conv3/Relu_grad/ReluGrad	1601349407795755	2150
tower_0/v/gradients/tower_0/v/cg/affine2/xw_plus_b/MatMul_grad/MatMul_1	1601349407702026	1478
tower_0/v/cg/conv3/conv2d/Conv2D	1601349407613381	33896
tower_0/v/cg/conv2/BiasAdd	1601349407610021	1892
v/cg/conv2/conv2d/kernel/read	-1	-1
tower_0/v/l2_loss/L2Loss_14	1601349407521467	60
v/cg/affine0/biases/read	-1	-1
v/cg/conv0/conv2d/kernel/read	-1	-1
ConstantFolding/tower_0/v/gradients/tower_0/v/cg/conv2/conv2d/Conv2D_grad/ShapeN-matshapes-1	-1	-1
ConstantFolding/tower_0/v/gradients/tower_0/v/cg/conv4/conv2d/Conv2D_grad/ShapeN-matshapes-0	-1	-1
v/cg/affine1/weights	-1	-1
tower_0/v/cg/conv0/BiasAdd	1601349407549190	5706
v/cg/conv3/biases/read	-1	-1
tower_0/v/l2_loss/L2Loss_15	1601349407522531	10
