1601349407512232	23527424
1601349407512413	23527424
1601349407512524	5888
1601349407512720	887947776
1601349407512801	256
1601349407512867	256
1601349407512922	256
1601349407512971	1536
1601349407513044	256
1601349407513104	768
1601349407513154	256
1601349407513179	9216
1601349407513253	-9216
1601349407513287	2654208
1601349407513345	256
1601349407513359	9216
1601349407513429	-9216
1601349407513456	16400384
1601349407513517	256
1601349407513530	9216
1601349407513599	-9216
1601349407513621	3538944
1601349407513678	256
1601349407513692	9216
1601349407513754	-9216
1601349407513782	150994944
1601349407513834	256
1601349407513885	4096
1601349407513935	256
1601349407513948	9216
1601349407514009	-9216
1601349407514033	1228800
1601349407514088	256
1601349407514176	1536
1601349407514232	256
1601349407514276	16384
1601349407514325	256
1601349407514327	256
1601349407514388	-256
1601349407514411	92928
1601349407514463	256
1601349407514506	1024
1601349407514557	256
1601349407514571	9216
1601349407514631	-9216
1601349407514660	5308416
1601349407514722	256
1601349407514735	9216
1601349407514795	-9216
1601349407514817	67108864
1601349407514876	256
1601349407514928	16384
1601349407514981	1112038400
1601349407514995	92928
1601349407515095	18176
1601349407515214	-18176
1601349407515220	-92928
1601349407515274	5881856
1601349407515319	-23527424
1601349407515347	5881856
1601349407515384	-23527424
1601349407515478	-256
1601349407515479	-256
1601349407515480	-256
1601349407515481	-256
1601349407515481	-256
1601349407515482	-256
1601349407515483	-256
1601349407515484	-256
1601349407515485	-256
1601349407515486	-256
1601349407515487	-256
1601349407515488	-256
1601349407515488	-256
1601349407515489	-256
1601349407515490	-256
1601349407515563	41172992
1601349407515601	-5881856
1601349407515627	23527424
1601349407515662	-5881856
1601349407515783	23527424
1601349407515843	23527424
1601349407515905	267992064
1601349407516001	803976192
1601349407516008	1228800
1601349407516065	1653366784
1601349407516293	-1653366784
1601349407516297	-1228800
1601349407516467	186381312
1601349407516553	372762624
1601349407516559	2654208
1601349407516617	1273135104
1601349407520091	-1273135104
1601349407520096	-2654208
1601349407520268	372762624
1601349407520281	5881856
1601349407520339	1615527936
1601349407520518	-1615527936
1601349407520522	-5881856
1601349407520690	248508416
1601349407520696	5881856
1601349407520750	1500512256
1601349407520937	-1500512256
1601349407520941	-5881856
1601349407521117	52936704
1601349407521217	23527424
1601349407521467	23527424
1601349407521669	5881856
1601349407521846	5888
1601349407521850	5888
1601349407522072	-5888
1601349407522082	-5888
1601349407522189	256
1601349407522255	-5888
1601349407522273	5888
1601349407522344	23527424
1601349407522412	16400384
1601349407522456	-23527424
1601349407522458	-5881856
1601349407522571	-4096
1601349407522672	-16400384
1601349407522732	-256
1601349407522800	-5888
1601349407522846	-23527424
1601349407522899	-16400384
1601349407522966	-23527424
1601349407523001	16384
1601349407523076	23527424
1601349407523144	67108864
1601349407523199	-23527424
1601349407523201	-23527424
1601349407523274	-16384
1601349407523373	-67108864
1601349407523567	-16384
1601349407523627	-23527424
1601349407523673	-67108864
1601349407523735	-23527424
1601349407523750	16384
1601349407523821	67125760
1601349407523894	150994944
1601349407523940	-41172992
1601349407524004	-16384
1601349407524069	-150994944
1601349407524121	-16384
1601349407524137	248508416
1601349407524213	-52936704
1601349407524215	-67125760
1601349407524281	-150994944
1601349407524334	-248508416
1601349407524348	1024
1601349407524366	248508416
1601349407524404	32768
1601349407524459	-32768
1601349407524461	-248508416
1601349407524490	452440064
1601349407524505	3538944
1601349407524542	372762624
1601349407524584	1274019840
1601349407524755	-452440064
1601349407524758	-1274019840
1601349407524761	-3538944
1601349407524798	3538944
1601349407524810	3538944
1601349407524841	2365976576
1601349407525046	-2365976576
1601349407525050	-3538944
1601349407525062	-248508416
1601349407525123	-1024
1601349407525178	-372762624
1601349407525228	-3538944
1601349407525275	-1024
1601349407525295	1536
1601349407525314	372762624
1601349407525351	49152
1601349407525395	-49152
1601349407525397	-372762624
1601349407525432	372762624
1601349407525442	5308416
1601349407525479	372762624
1601349407525504	1615527936
1601349407525664	-372762624
1601349407525668	-1615527936
1601349407525670	-5308416
1601349407525714	5308416
1601349407525725	5308416
1601349407525749	2913724416
1601349407525934	-2913724416
1601349407525938	-5308416
1601349407525949	-372762624
1601349407526021	-3538944
1601349407526076	-1536
1601349407526143	-372762624
1601349407526200	-5308416
1601349407526256	-1536
1601349407526270	2048
1601349407526289	372762624
1601349407526323	49152
1601349407526380	-49152
1601349407526382	-372762624
1601349407526411	186381312
1601349407526420	2654208
1601349407526465	186381312
1601349407526490	1443004416
1601349407526657	-186381312
1601349407526660	-1443004416
1601349407526662	-2654208
1601349407526698	2654208
1601349407526707	2654208
1601349407526728	2278483968
1601349407526910	-2278483968
1601349407526914	-2654208
1601349407526924	-372762624
1601349407526991	-5308416
1601349407527034	-1536
1601349407527049	803976192
1601349407527114	-186381312
1601349407527117	-186381312
1601349407527177	-2654208
1601349407527222	-2048
1601349407527270	-803976192
1601349407527318	-2654208
1601349407527332	1228800
1601349407527341	1228800
1601349407527365	4003705856
1601349407527549	-4003705856
1601349407527553	-1228800
1601349407527591	768
1601349407527610	803976192
1601349407527646	24576
1601349407527695	-24576
1601349407527698	-803976192
1601349407527725	267992064
1601349407527732	1228800
1601349407527767	267992064
1601349407527792	1653366784
1601349407527964	-267992064
1601349407527967	-1653366784
1601349407527969	-1228800
1601349407527980	-803976192
1601349407528043	-1228800
1601349407528090	-768
1601349407528106	1112038400
1601349407528173	-267992064
1601349407528176	-267992064
1601349407528231	-1228800
1601349407528281	-768
1601349407528324	-1112038400
1601349407528346	256
1601349407528363	1112038400
1601349407528375	256
1601349407528415	-256
1601349407528420	8192
1601349407528463	-8192
1601349407528465	-1112038400
1601349407528500	92928
1601349407528510	92928
1601349407528534	42496
1601349407528700	-42496
1601349407528704	-92928
1601349407528714	-887947776
1601349407528715	-1112038400
1601349407528778	-256
1601349407528820	-92928
1601349407528871	-256
1601349407528920	-92928
1601349407716184	-256
