v/cg/conv0/conv2d/kernel/read
0	0.088623046875	GPU_0_bfc
tower_0/v/gradients/tower_0/v/l2_loss/L2Loss_12_grad/mul
0	64.0	GPU_0_bfc
tower_0/v/l2_loss/L2Loss_15
0	0.000244140625	GPU_0_bfc
tower_0/v/gradients/AddN_9
0	5.0625	GPU_0_bfc
tower_0/v/cg/conv1/conv2d/Conv2D
0	1789.751953125	GPU_0_bfc
tower_0/v/gradients/tower_0/v/cg/conv0/Relu_grad/ReluGrad
0	2475.537109375	GPU_0_bfc
tower_0/v/gradients/tower_0/v/xentropy/sparse_softmax_cross_entropy_loss/xentropy/xentropy_grad/mul
0	13.09375	GPU_0_bfc
tower_0/v/cg/affine0/xw_plus_b
0	52.375	GPU_0_bfc
tower_0/v/cg/dropout0/dropout/dropout/rate
0	0.000244140625	GPU_0_bfc
tower_0/v/cg/dropout0/dropout/dropout/GreaterEqual
0	13.09375	GPU_0_bfc
tower_0/v/gradients/tower_0/v/cg/conv3/Relu_grad/ReluGrad
0	829.81640625	GPU_0_bfc
tower_0/v/cg/dropout0/dropout/dropout/Cast
0	91.65625	GPU_0_bfc
append_apply_gradient_ops/GradientDescent/update_v/cg/conv3/biases/ApplyGradientDescent
0	0.00146484375	GPU_0_bfc
tower_0/v/cg/conv0/conv2d/Conv2D
0	2475.537109375	GPU_0_bfc
tower_0/v/l2_loss/L2Loss_12
0	0.000244140625	GPU_0_bfc
tower_0/v/gpu_cached_inputs/read
0	1976.683349609375	GPU_0_bfc
tower_0/v/cg/affine0/affine0
0	52.375	GPU_0_bfc
tower_0/v/l2_loss/L2Loss
0	0.000244140625	GPU_0_bfc
tower_0/v/gradients/AddN_8
0	0.00146484375	GPU_0_bfc
tower_0/v/cg/conv2/conv2d/Conv2D
0	829.81640625	GPU_0_bfc
tower_0/v/gradients/tower_0/v/l2_loss/L2Loss_10_grad/mul
0	144.0	GPU_0_bfc
tower_0/v/gradients/AddN_7
0	3.375	GPU_0_bfc
tower_0/v/gradients/tower_0/v/xentropy/sparse_softmax_cross_entropy_loss/xentropy/xentropy_grad/ExpandDims
0	0.012939453125	GPU_0_bfc
tower_0/v/gradients/tower_0/v/l2_loss/L2Loss_11_grad/mul
0	0.015625	GPU_0_bfc
tower_0/v/cg/affine0/xw_plus_b/MatMul
0	52.375	GPU_0_bfc
tower_0/v/mul/x
0	0.000244140625	GPU_0_bfc
tower_0/v/cg/conv0/Relu
0	2475.537109375	GPU_0_bfc
tower_0/v/gradients/tower_0/v/cg/conv1/conv2d/Conv2D_grad/Conv2DBackpropFilter
0	1.171875	GPU_0_bfc
tower_0/v/xentropy/sparse_softmax_cross_entropy_loss/value
0	0.000244140625	GPU_0_bfc
append_apply_gradient_ops/GradientDescent/update_v/cg/conv2/conv2d/kernel/ApplyGradientDescent
0	2.53125	GPU_0_bfc
v/cg/affine0/biases/read
0	0.015625	GPU_0_bfc
tower_0/v/mul
0	0.000244140625	GPU_0_bfc
append_apply_gradient_ops/GradientDescent/update_v/cg/conv4/biases/ApplyGradientDescent
0	0.0009765625	GPU_0_bfc
tower_0/v/gradients/tower_0/v/l2_loss/L2Loss_3_grad/mul
0	0.000732421875	GPU_0_bfc
v/cg/affine1/biases
0	0.015625	GPU_0_bfc
tower_0/v/gradients/tower_0/v/l2_loss/L2Loss_9_grad/mul
0	0.0009765625	GPU_0_bfc
tower_0/v/gradients/AddN_1
0	15.640625	GPU_0_bfc
tower_0/v/gradients/tower_0/v/cg/affine2/xw_plus_b_grad/BiasAddGrad
0	0.00390625	GPU_0_bfc
tower_0/v/gradients/tower_0/v/cg/Reshape_grad/Reshape
0	157.125	GPU_0_bfc
tower_0/v/gpu_cached_inputs
0	1976.683349609375	GPU_0_bfc
tower_0/v/cg/dropout0/dropout/dropout/mul_1
0	52.375	GPU_0_bfc
v/cg/conv4/conv2d/kernel
0	3.375	GPU_0_bfc
v/cg/conv1/biases/read
0	0.000732421875	GPU_0_bfc
tower_0/v/cg/dropout0_1/dropout/dropout/mul
0	52.375	GPU_0_bfc
tower_0/v/gradients/tower_0/v/l2_loss/L2Loss_2_grad/mul
0	1.171875	GPU_0_bfc
v/cg/conv2/biases/read
0	0.00146484375	GPU_0_bfc
tower_0/v/cg/dropout0_1/dropout/dropout/random_uniform/RandomUniform
0	52.375	GPU_0_bfc
tower_0/v/gradients/tower_0/v/cg/conv1/conv2d/Conv2D_grad/Conv2DBackpropInput
0	596.583984375	GPU_0_bfc
tower_0/v/gradients/tower_0/v/cg/affine2/xw_plus_b/MatMul_grad/MatMul
0	52.375	GPU_0_bfc
tower_0/v/l2_loss/L2Loss_9
0	0.000244140625	GPU_0_bfc
v/cg/affine2/biases/read
0	0.00390625	GPU_0_bfc
tower_0/v/gradients/AddN_3
0	64.0	GPU_0_bfc
tower_0/v/transpose
0	1976.683349609375	GPU_0_bfc
tower_0/v/gradients/tower_0/v/cg/conv4/conv2d/Conv2D_grad/Conv2DBackpropFilter
0	3.375	GPU_0_bfc
tower_0/v/gradients/tower_0/v/l2_loss/L2Loss_1_grad/mul
0	0.000244140625	GPU_0_bfc
tower_0/v/gradients/tower_0/v/cg/dropout0_1/dropout/dropout/mul_1_grad/Mul
0	52.375	GPU_0_bfc
tower_0/v/l2_loss/L2Loss_2
0	0.000244140625	GPU_0_bfc
tower_0/v/l2_loss/L2Loss_3
0	0.000244140625	GPU_0_bfc
tower_0/v/gradients/tower_0/v/cg/dropout0/dropout/dropout/mul_grad/Mul
0	91.65625	GPU_0_bfc
tower_0/v/cg/conv0/BiasAdd
0	2475.537109375	GPU_0_bfc
append_apply_gradient_ops/GradientDescent/update_v/cg/affine2/biases/ApplyGradientDescent
0	0.00390625	GPU_0_bfc
tower_0/v/gradients/tower_0/v/cg/affine1/xw_plus_b/MatMul_grad/MatMul
0	52.375	GPU_0_bfc
append_apply_gradient_ops/GradientDescent/update_v/cg/affine1/biases/ApplyGradientDescent
0	0.015625	GPU_0_bfc
tower_0/v/cg/conv4/Relu
0	553.2109375	GPU_0_bfc
tower_0/v/gradients/tower_0/v/l2_loss/L2Loss_7_grad/mul
0	0.00146484375	GPU_0_bfc
v/cg/affine1/biases/read
0	0.015625	GPU_0_bfc
tower_0/v/xentropy/sparse_softmax_cross_entropy_loss/num_present
0	0.000244140625	GPU_0_bfc
tower_0/v/cg/conv1/Relu
0	1789.751953125	GPU_0_bfc
tower_0/v/cg/dropout0/dropout/dropout/random_uniform/mul
0	52.375	GPU_0_bfc
tower_0/v/gradients/tower_0/v/cg/affine0/xw_plus_b_grad/BiasAddGrad
0	0.015625	GPU_0_bfc
average_loss/Mean/input
0	0.000244140625	GPU_0_bfc
tower_0/v/l2_loss/L2Loss_14
0	0.000244140625	GPU_0_bfc
tower_0/v/gradients/AddN_11
0	2.53125	GPU_0_bfc
v/cg/affine0/biases
0	0.015625	GPU_0_bfc
v/cg/conv1/conv2d/kernel/read
0	1.171875	GPU_0_bfc
tower_0/v/gradients/tower_0/v/cg/conv3/BiasAdd_grad/BiasAddGrad
0	0.00146484375	GPU_0_bfc
tower_0/v/gradients/AddN_12
0	0.000732421875	GPU_0_bfc
tower_0/v/cg/dropout0/dropout/dropout/mul
0	52.375	GPU_0_bfc
tower_0/v/l2_loss/L2Loss_7
0	0.000244140625	GPU_0_bfc
tower_0/v/gradients/tower_0/v/cg/conv2/BiasAdd_grad/BiasAddGrad
0	0.00146484375	GPU_0_bfc
append_apply_gradient_ops/GradientDescent/update_v/cg/conv1/biases/ApplyGradientDescent
0	0.000732421875	GPU_0_bfc
v/cg/conv3/biases
0	0.00146484375	GPU_0_bfc
tower_0/v/alexnet_synthetic_labels
0	0.012939453125	GPU_0_bfc
v/cg/conv0/conv2d/kernel
0	0.088623046875	GPU_0_bfc
v/cg/affine1/weights/read
0	64.0	GPU_0_bfc
tower_0/v/gradients/tower_0/v/cg/conv4/conv2d/Conv2D_grad/Conv2DBackpropInput
0	829.81640625	GPU_0_bfc
tower_0/v/gradients/tower_0/v/cg/affine1/affine1_grad/ReluGrad
0	52.375	GPU_0_bfc
tower_0/v/gradients/AddN
0	0.00390625	GPU_0_bfc
tower_0/v/gradients/tower_0/v/cg/affine0/xw_plus_b/MatMul_grad/MatMul
0	157.125	GPU_0_bfc
tower_0/v/cg/Reshape
0	117.84375	GPU_0_bfc
average_loss/Mean
0	0.000244140625	GPU_0_bfc
tower_0/v/gradients/tower_0/v/l2_loss/L2Loss_6_grad/mul
0	5.0625	GPU_0_bfc
tower_0/v/gradients/tower_0/v/cg/affine2/xw_plus_b/MatMul_grad/MatMul_1
0	15.640625	GPU_0_bfc
tower_0/v/gradients/AddN_4
0	0.015625	GPU_0_bfc
tower_0/v/gradients/tower_0/v/cg/affine0/xw_plus_b/MatMul_grad/MatMul_1
0	144.0	GPU_0_bfc
tower_0/v/gradients/tower_0/v/l2_loss/L2Loss_5_grad/mul
0	0.00146484375	GPU_0_bfc
v/cg/affine2/weights/read
0	15.640625	GPU_0_bfc
v/cg/conv2/biases
0	0.00146484375	GPU_0_bfc
tower_0/v/l2_loss/AddN
0	0.000244140625	GPU_0_bfc
tower_0/v/l2_loss/L2Loss_10
0	0.000244140625	GPU_0_bfc
tower_0/v/l2_loss/L2Loss_11
0	0.000244140625	GPU_0_bfc
tower_0/v/l2_loss/L2Loss_4
0	0.000244140625	GPU_0_bfc
tower_0/v/gradients/AddN_10
0	0.00146484375	GPU_0_bfc
v/cg/conv3/conv2d/kernel
0	5.0625	GPU_0_bfc
tower_0/v/xentropy/sparse_softmax_cross_entropy_loss/xentropy/xentropy
0	0.012939453125	GPU_0_bfc
1	13.09375	GPU_0_bfc
v/cg/conv2/conv2d/kernel/read
0	2.53125	GPU_0_bfc
v/cg/conv1/conv2d/kernel
0	1.171875	GPU_0_bfc
tower_0/v/cg/mpool1/MaxPool
0	414.908203125	GPU_0_bfc
v/cg/conv3/conv2d/kernel/read
0	5.0625	GPU_0_bfc
tower_0/v/cg/dropout0_1/dropout/dropout/Cast
0	52.375	GPU_0_bfc
tower_0/v/gradients/tower_0/v/l2_loss/L2Loss_8_grad/mul
0	3.375	GPU_0_bfc
tower_0/v/gradients/tower_0/v/cg/conv3/conv2d/Conv2D_grad/Conv2DBackpropInput
0	829.81640625	GPU_0_bfc
tower_0/v/gradients/tower_0/v/cg/mpool1/MaxPool_grad/MaxPoolGrad
0	1789.751953125	GPU_0_bfc
tower_0/v/xentropy/sparse_softmax_cross_entropy_loss/Mul
0	0.012939453125	GPU_0_bfc
append_apply_gradient_ops/GradientDescent/update_v/cg/conv2/biases/ApplyGradientDescent
0	0.00146484375	GPU_0_bfc
append_apply_gradient_ops/GradientDescent/update_v/cg/affine0/weights/ApplyGradientDescent
0	144.0	GPU_0_bfc
tower_0/v/l2_loss/L2Loss_13
0	0.000244140625	GPU_0_bfc
tower_0/v/cg/affine2/xw_plus_b/MatMul
0	13.09375	GPU_0_bfc
tower_0/v/cg/mpool0/MaxPool
0	596.583984375	GPU_0_bfc
v/cg/conv1/biases
0	0.000732421875	GPU_0_bfc
tower_0/v/gradients/tower_0/v/cg/affine0/affine0_grad/ReluGrad
0	91.65625	GPU_0_bfc
append_apply_gradient_ops/GradientDescent/update_v/cg/affine2/weights/ApplyGradientDescent
0	15.640625	GPU_0_bfc
tower_0/v/gradients/tower_0/v/l2_loss/L2Loss_15_grad/mul
0	0.00390625	GPU_0_bfc
tower_0/v/gradients/AddN_13
0	1.171875	GPU_0_bfc
tower_0/v/xentropy/sparse_softmax_cross_entropy_loss/Sum
0	0.000244140625	GPU_0_bfc
tower_0/v/cg/conv3/BiasAdd
0	829.81640625	GPU_0_bfc
tower_0/v/gradients/tower_0/v/cg/affine1/xw_plus_b_grad/BiasAddGrad
0	0.015625	GPU_0_bfc
tower_0/v/gradients/tower_0/v/l2_loss/L2Loss_grad/mul
0	0.088623046875	GPU_0_bfc
tower_0/v/l2_loss/L2Loss_6
0	0.000244140625	GPU_0_bfc
learning_rate_tensor/input
0	0.000244140625	GPU_0_bfc
tower_0/v/gradients/AddN_15
0	0.088623046875	GPU_0_bfc
append_apply_gradient_ops/GradientDescent/update_v/cg/conv0/biases/ApplyGradientDescent
0	0.000244140625	GPU_0_bfc
v/cg/affine2/biases
0	0.00390625	GPU_0_bfc
append_apply_gradient_ops/GradientDescent/update_v/cg/conv0/conv2d/kernel/ApplyGradientDescent
0	0.088623046875	GPU_0_bfc
tower_0/v/cg/conv3/Relu
0	829.81640625	GPU_0_bfc
tower_0/v/l2_loss/L2Loss_8
0	0.000244140625	GPU_0_bfc
append_apply_gradient_ops/GradientDescent/update_v/cg/conv1/conv2d/kernel/ApplyGradientDescent
0	1.171875	GPU_0_bfc
tower_0/v/cg/dropout0/dropout/dropout/truediv
0	0.000244140625	GPU_0_bfc
tower_0/v/gradients/tower_0/v/cg/conv2/conv2d/Conv2D_grad/Conv2DBackpropFilter
0	2.53125	GPU_0_bfc
tower_0/v/gradients/tower_0/v/cg/conv4/Relu_grad/ReluGrad
0	553.2109375	GPU_0_bfc
tower_0/v/cg/affine2/xw_plus_b
0	13.09375	GPU_0_bfc
v/cg/conv2/conv2d/kernel
0	2.53125	GPU_0_bfc
tower_0/v/gradients/tower_0/v/l2_loss/L2Loss_4_grad/mul
0	2.53125	GPU_0_bfc
tower_0/v/gradients/tower_0/v/cg/dropout0/dropout/dropout/mul_1_grad/Mul
0	52.375	GPU_0_bfc
tower_0/v/gradients/AddN_5
0	144.0	GPU_0_bfc
tower_0/v/gradients/tower_0/v/l2_loss/L2Loss_14_grad/mul
0	15.640625	GPU_0_bfc
v/cg/affine1/weights
0	64.0	GPU_0_bfc
v/cg/conv4/biases
0	0.0009765625	GPU_0_bfc
v/cg/affine0/weights
0	144.0	GPU_0_bfc
tower_0/v/cg/mpool2/MaxPool
0	117.84375	GPU_0_bfc
tower_0/v/gradients/tower_0/v/cg/conv2/Relu_grad/ReluGrad
0	829.81640625	GPU_0_bfc
tower_0/v/gradients/tower_0/v/cg/dropout0_1/dropout/dropout/mul_grad/Mul
0	52.375	GPU_0_bfc
v/cg/conv0/biases/read
0	0.000244140625	GPU_0_bfc
tower_0/v/gradients/tower_0/v/cg/conv2/conv2d/Conv2D_grad/Conv2DBackpropInput
0	414.908203125	GPU_0_bfc
tower_0/v/cg/conv2/Relu
0	829.81640625	GPU_0_bfc
tower_0/v/gradients/tower_0/v/cg/conv0/BiasAdd_grad/BiasAddGrad
0	0.000244140625	GPU_0_bfc
tower_0/v/gradients/AddN_14
0	0.000244140625	GPU_0_bfc
tower_0/v/gradients/tower_0/v/cg/conv0/conv2d/Conv2D_grad/Conv2DBackpropFilter
0	0.088623046875	GPU_0_bfc
tower_0/v/l2_loss/L2Loss_5
0	0.000244140625	GPU_0_bfc
tower_0/v/add
0	0.000244140625	GPU_0_bfc
tower_0/v/cg/dropout0_1/dropout/dropout/GreaterEqual
0	13.09375	GPU_0_bfc
tower_0/v/gradients/tower_0/v/cg/conv3/conv2d/Conv2D_grad/Conv2DBackpropFilter
0	5.0625	GPU_0_bfc
append_apply_gradient_ops/GradientDescent/update_v/cg/conv4/conv2d/kernel/ApplyGradientDescent
0	3.375	GPU_0_bfc
append_apply_gradient_ops/GradientDescent/update_v/cg/affine1/weights/ApplyGradientDescent
0	64.0	GPU_0_bfc
tower_0/v/cg/conv1/BiasAdd
0	1789.751953125	GPU_0_bfc
tower_0/v/cg/affine1/xw_plus_b
0	52.375	GPU_0_bfc
tower_0/v/gradients/tower_0/v/cg/mpool0/MaxPool_grad/MaxPoolGrad
0	2475.537109375	GPU_0_bfc
v/cg/conv4/biases/read
0	0.0009765625	GPU_0_bfc
tower_0/v/cg/conv2/BiasAdd
0	829.81640625	GPU_0_bfc
v/cg/conv4/conv2d/kernel/read
0	3.375	GPU_0_bfc
tower_0/v/cg/affine1/xw_plus_b/MatMul
0	52.375	GPU_0_bfc
tower_0/v/gradients/tower_0/v/cg/affine1/xw_plus_b/MatMul_grad/MatMul_1
0	64.0	GPU_0_bfc
tower_0/v/cg/dropout0/dropout/dropout/random_uniform/RandomUniform
0	52.375	GPU_0_bfc
v/cg/conv3/biases/read
0	0.00146484375	GPU_0_bfc
tower_0/v/l2_loss/L2Loss_1
0	0.000244140625	GPU_0_bfc
tower_0/v/cg/dropout0_1/dropout/dropout/mul_1
0	52.375	GPU_0_bfc
tower_0/v/gradients/tower_0/v/cg/conv4/BiasAdd_grad/BiasAddGrad
0	0.0009765625	GPU_0_bfc
append_apply_gradient_ops/GradientDescent/update_v/cg/conv3/conv2d/kernel/ApplyGradientDescent
0	5.0625	GPU_0_bfc
tower_0/v/cg/conv3/conv2d/Conv2D
0	829.81640625	GPU_0_bfc
v/cg/affine2/weights
0	15.640625	GPU_0_bfc
tower_0/v/cg/dropout0_1/dropout/dropout/random_uniform/mul
0	52.375	GPU_0_bfc
tower_0/v/gradients/AddN_2
0	0.015625	GPU_0_bfc
tower_0/v/cg/affine1/affine1
0	52.375	GPU_0_bfc
v/cg/affine0/weights/read
0	144.0	GPU_0_bfc
tower_0/v/gradients/tower_0/v/cg/mpool2/MaxPool_grad/MaxPoolGrad
0	553.2109375	GPU_0_bfc
v/cg/conv0/biases
0	0.000244140625	GPU_0_bfc
tower_0/v/cg/conv4/BiasAdd
0	553.2109375	GPU_0_bfc
tower_0/v/gradients/tower_0/v/cg/conv1/Relu_grad/ReluGrad
0	1789.751953125	GPU_0_bfc
tower_0/v/gradients/tower_0/v/cg/conv1/BiasAdd_grad/BiasAddGrad
0	0.000732421875	GPU_0_bfc
append_apply_gradient_ops/GradientDescent/update_v/cg/affine0/biases/ApplyGradientDescent
0	0.015625	GPU_0_bfc
tower_0/v/cg/conv4/conv2d/Conv2D
0	553.2109375	GPU_0_bfc
tower_0/v/gradients/tower_0/v/l2_loss/L2Loss_13_grad/mul
0	0.015625	GPU_0_bfc
tower_0/v/gradients/AddN_6
0	0.0009765625	GPU_0_bfc
