1608998713783270 tower_0/v/alexnet_synthetic_labels:0 2048
1608998713783780 tower_0/v/cg/dropout0/dropout/dropout/random_uniform/RandomUniform:0 8388608
1608998713783901 tower_0/v/cg/dropout0_1/dropout/dropout/random_uniform/RandomUniform:0 8388608
1608998713784155 tower_0/v/l2_loss/L2Loss_4:0 256
1608998713784155 tower_0/v/l2_loss/L2Loss_4:t1 9216
1608998713784304 tower_0/v/l2_loss/L2Loss_4:t1 -9216
1608998713784309 tower_0/v/gradients/tower_0/v/l2_loss/L2Loss_4_grad/mul:0 2654208
1608998713784426 tower_0/v/l2_loss/L2Loss_5:0 256
1608998713784495 tower_0/v/gradients/tower_0/v/l2_loss/L2Loss_5_grad/mul:0 1536
1608998713784547 tower_0/v/l2_loss/L2Loss_10:0 256
1608998713784547 tower_0/v/l2_loss/L2Loss_10:t1 9216
1608998713784644 tower_0/v/l2_loss/L2Loss_10:t1 -9216
1608998713784648 tower_0/v/gradients/tower_0/v/l2_loss/L2Loss_10_grad/mul:0 150994944
1608998713784708 tower_0/v/l2_loss/L2Loss_2:0 256
1608998713784708 tower_0/v/l2_loss/L2Loss_2:t1 9216
1608998713784798 tower_0/v/l2_loss/L2Loss_2:t1 -9216
1608998713784803 tower_0/v/gradients/tower_0/v/l2_loss/L2Loss_2_grad/mul:0 1228800
1608998713784860 tower_0/v/l2_loss/L2Loss_9:0 256
1608998713784910 tower_0/v/gradients/tower_0/v/l2_loss/L2Loss_9_grad/mul:0 1024
1608998713784955 tower_0/v/l2_loss/L2Loss_11:0 256
1608998713784996 tower_0/v/gradients/tower_0/v/l2_loss/L2Loss_11_grad/mul:0 16384
1608998713785049 tower_0/v/l2_loss/L2Loss_14:0 256
1608998713785049 tower_0/v/l2_loss/L2Loss_14:t1 9216
1608998713785132 tower_0/v/l2_loss/L2Loss_14:t1 -9216
1608998713785135 tower_0/v/gradients/tower_0/v/l2_loss/L2Loss_14_grad/mul:0 16400384
1608998713785197 tower_0/v/l2_loss/L2Loss:0 256
1608998713785197 tower_0/v/l2_loss/L2Loss:w1 256
1608998713785270 tower_0/v/l2_loss/L2Loss:0 -256
1608998713785272 tower_0/v/gradients/tower_0/v/l2_loss/L2Loss_grad/mul:0 92928
1608998713785317 tower_0/v/l2_loss/L2Loss_15:0 256
1608998713785355 tower_0/v/gradients/tower_0/v/l2_loss/L2Loss_15_grad/mul:0 4096
1608998713785433 tower_0/v/l2_loss/L2Loss_1:0 256
1608998713785472 tower_0/v/gradients/tower_0/v/l2_loss/L2Loss_1_grad/mul:0 256
1608998713785527 tower_0/v/l2_loss/L2Loss_6:0 256
1608998713785527 tower_0/v/l2_loss/L2Loss_6:t1 9216
1608998713785617 tower_0/v/l2_loss/L2Loss_6:t1 -9216
1608998713785623 tower_0/v/gradients/tower_0/v/l2_loss/L2Loss_6_grad/mul:0 5308416
1608998713785681 tower_0/v/l2_loss/L2Loss_3:0 256
1608998713785725 tower_0/v/gradients/tower_0/v/l2_loss/L2Loss_3_grad/mul:0 768
1608998713785772 tower_0/v/l2_loss/L2Loss_7:0 256
1608998713785815 tower_0/v/gradients/tower_0/v/l2_loss/L2Loss_7_grad/mul:0 1536
1608998713785856 tower_0/v/l2_loss/L2Loss_12:0 256
1608998713785856 tower_0/v/l2_loss/L2Loss_12:t1 9216
1608998713785936 tower_0/v/l2_loss/L2Loss_12:t1 -9216
1608998713785951 tower_0/v/gradients/tower_0/v/l2_loss/L2Loss_12_grad/mul:0 67108864
1608998713786014 tower_0/v/l2_loss/L2Loss_8:0 256
1608998713786014 tower_0/v/l2_loss/L2Loss_8:t1 9216
1608998713786105 tower_0/v/l2_loss/L2Loss_8:t1 -9216
1608998713786109 tower_0/v/gradients/tower_0/v/l2_loss/L2Loss_8_grad/mul:0 3538944
1608998713786162 tower_0/v/l2_loss/L2Loss_13:0 256
1608998713786206 tower_0/v/gradients/tower_0/v/l2_loss/L2Loss_13_grad/mul:0 16384
1608998713786251 tower_0/v/transpose:0 316594176
1608998713786330 tower_0/v/cg/dropout0/dropout/dropout/GreaterEqual:0 2097152
1608998713786392 tower_0/v/cg/dropout0/dropout/dropout/random_uniform/RandomUniform:0 -8388608
1608998713786403 tower_0/v/cg/dropout0_1/dropout/dropout/GreaterEqual:0 2097152
1608998713786460 tower_0/v/cg/dropout0_1/dropout/dropout/random_uniform/RandomUniform:0 -8388608
1608998713786568 tower_0/v/l2_loss/L2Loss_4:0 -256
1608998713786568 tower_0/v/l2_loss/L2Loss_5:0 -256
1608998713786568 tower_0/v/l2_loss/L2Loss_10:0 -256
1608998713786568 tower_0/v/l2_loss/L2Loss_2:0 -256
1608998713786568 tower_0/v/l2_loss/L2Loss_9:0 -256
1608998713786568 tower_0/v/l2_loss/L2Loss_11:0 -256
1608998713786568 tower_0/v/l2_loss/L2Loss_14:0 -256
1608998713786568 tower_0/v/l2_loss/L2Loss_15:0 -256
1608998713786568 tower_0/v/l2_loss/L2Loss_1:0 -256
1608998713786568 tower_0/v/l2_loss/L2Loss_6:0 -256
1608998713786568 tower_0/v/l2_loss/L2Loss_3:0 -256
1608998713786568 tower_0/v/l2_loss/L2Loss_7:0 -256
1608998713786568 tower_0/v/l2_loss/L2Loss_12:0 -256
1608998713786568 tower_0/v/l2_loss/L2Loss_8:0 -256
1608998713786568 tower_0/v/l2_loss/L2Loss_13:0 -256
1608998713786581 tower_0/v/cg/conv0/conv2d/Conv2D:0 396492800
1608998713786581 tower_0/v/cg/conv0/conv2d/Conv2D:t1 18176
1608998713786581 tower_0/v/cg/conv0/conv2d/Conv2D:t2 92928
1608998713786878 tower_0/v/cg/conv0/conv2d/Conv2D:t1 -18176
1608998713786878 tower_0/v/cg/conv0/conv2d/Conv2D:t2 -92928
1608998713786903 tower_0/v/cg/dropout0/dropout/dropout/Cast:0 14680320
1608998713786957 tower_0/v/cg/dropout0/dropout/dropout/GreaterEqual:0 -2097152
1608998713786966 tower_0/v/cg/dropout0_1/dropout/dropout/Cast:0 8388608
1608998713787008 tower_0/v/cg/dropout0_1/dropout/dropout/GreaterEqual:0 -2097152
1608998713787127 tower_0/v/cg/dropout0/dropout/dropout/mul:0 8388608
1608998713787181 tower_0/v/cg/dropout0_1/dropout/dropout/mul:0 8388608
1608998713787280 tower_0/v/cg/mpool0/MaxPool:0 95551488
1608998713787384 tower_0/v/cg/conv1/conv2d/Conv2D:0 286654464
1608998713787384 tower_0/v/cg/conv1/conv2d/Conv2D:t1 623927296
1608998713787384 tower_0/v/cg/conv1/conv2d/Conv2D:t2 2097152
1608998713788028 tower_0/v/cg/conv1/conv2d/Conv2D:t1 -623927296
1608998713788028 tower_0/v/cg/conv1/conv2d/Conv2D:t2 -2097152
1608998713788410 tower_0/v/cg/mpool1/MaxPool:0 66453504
1608998713788556 tower_0/v/cg/conv2/conv2d/Conv2D:0 132907008
1608998713788556 tower_0/v/cg/conv2/conv2d/Conv2D:t1 455639040
1608998713788556 tower_0/v/cg/conv2/conv2d/Conv2D:t2 2654208
1608998713789300 tower_0/v/cg/conv2/conv2d/Conv2D:t1 -455639040
1608998713789300 tower_0/v/cg/conv2/conv2d/Conv2D:t2 -2654208
1608998713789763 tower_0/v/cg/conv3/conv2d/Conv2D:0 132907008
1608998713789763 tower_0/v/cg/conv3/conv2d/Conv2D:t1 798031872
1608998713789763 tower_0/v/cg/conv3/conv2d/Conv2D:t2 5308416
1608998713790236 tower_0/v/cg/conv3/conv2d/Conv2D:t1 -798031872
1608998713790236 tower_0/v/cg/conv3/conv2d/Conv2D:t2 -5308416
1608998713790648 tower_0/v/cg/conv4/conv2d/Conv2D:0 88604672
1608998713790648 tower_0/v/cg/conv4/conv2d/Conv2D:t1 683016192
1608998713790648 tower_0/v/cg/conv4/conv2d/Conv2D:t2 3538944
1608998713791108 tower_0/v/cg/conv4/conv2d/Conv2D:t1 -683016192
1608998713791108 tower_0/v/cg/conv4/conv2d/Conv2D:t2 -3538944
1608998713791436 tower_0/v/cg/mpool2/MaxPool:0 18874368
1608998713791656 tower_0/v/cg/affine0/xw_plus_b/MatMul:0 8388608
1608998713792439 tower_0/v/cg/affine1/xw_plus_b/MatMul:0 8388608
1608998713792856 tower_0/v/cg/affine2/xw_plus_b/MatMul:0 2097152
1608998713793075 tower_0/v/xentropy/sparse_softmax_cross_entropy_loss/xentropy/xentropy:0 2048
1608998713793075 tower_0/v/xentropy/sparse_softmax_cross_entropy_loss/xentropy/xentropy:w1 2048
1608998713793590 tower_0/v/alexnet_synthetic_labels:0 -2048
1608998713793590 tower_0/v/xentropy/sparse_softmax_cross_entropy_loss/xentropy/xentropy:0 -2048
1608998713793782 tower_0/v/xentropy/sparse_softmax_cross_entropy_loss/Sum:0 256
1608998713793900 tower_0/v/xentropy/sparse_softmax_cross_entropy_loss/xentropy/xentropy:w1 -2048
1608998713793932 tower_0/v/gradients/tower_0/v/cg/affine2/xw_plus_b_grad/BiasAddGrad:0 4096
1608998713794073 tower_0/v/gradients/tower_0/v/cg/affine2/xw_plus_b/MatMul_grad/MatMul:0 8388608
1608998713794235 tower_0/v/gradients/tower_0/v/cg/affine2/xw_plus_b/MatMul_grad/MatMul_1:0 16400384
1608998713794356 tower_0/v/cg/dropout0_1/dropout/dropout/mul:0 -8388608
1608998713794356 tower_0/v/cg/affine2/xw_plus_b/MatMul:0 -2097152
1608998713794589 tower_0/v/gradients/tower_0/v/l2_loss/L2Loss_15_grad/mul:0 -4096
1608998713794791 tower_0/v/gradients/tower_0/v/l2_loss/L2Loss_14_grad/mul:0 -16400384
1608998713794874 tower_0/v/xentropy/sparse_softmax_cross_entropy_loss/Sum:0 -256
1608998713794966 tower_0/v/gradients/tower_0/v/cg/affine2/xw_plus_b_grad/BiasAddGrad:0 -4096
1608998713795055 tower_0/v/gradients/tower_0/v/cg/affine2/xw_plus_b/MatMul_grad/MatMul:0 -8388608
1608998713795129 tower_0/v/gradients/tower_0/v/cg/affine2/xw_plus_b/MatMul_grad/MatMul_1:0 -16400384
1608998713795270 tower_0/v/cg/affine1/xw_plus_b/MatMul:0 -8388608
1608998713795299 tower_0/v/gradients/tower_0/v/cg/affine1/xw_plus_b_grad/BiasAddGrad:0 16384
1608998713795409 tower_0/v/gradients/tower_0/v/cg/affine1/xw_plus_b/MatMul_grad/MatMul:0 8388608
1608998713795531 tower_0/v/gradients/tower_0/v/cg/affine1/xw_plus_b/MatMul_grad/MatMul_1:0 67108864
1608998713795629 tower_0/v/cg/dropout0_1/dropout/dropout/Cast:0 -8388608
1608998713795629 tower_0/v/cg/dropout0/dropout/dropout/mul:0 -8388608
1608998713795741 tower_0/v/gradients/tower_0/v/l2_loss/L2Loss_13_grad/mul:0 -16384
1608998713795907 tower_0/v/gradients/tower_0/v/l2_loss/L2Loss_12_grad/mul:0 -67108864
1608998713796333 tower_0/v/gradients/tower_0/v/cg/affine1/xw_plus_b_grad/BiasAddGrad:0 -16384
1608998713796434 tower_0/v/gradients/tower_0/v/cg/affine1/xw_plus_b/MatMul_grad/MatMul:0 -8388608
1608998713796495 tower_0/v/gradients/tower_0/v/cg/affine1/xw_plus_b/MatMul_grad/MatMul_1:0 -67108864
1608998713796600 tower_0/v/cg/affine0/xw_plus_b/MatMul:0 -8388608
1608998713796612 tower_0/v/gradients/tower_0/v/cg/affine0/xw_plus_b_grad/BiasAddGrad:0 16640
1608998713796720 tower_0/v/gradients/tower_0/v/cg/affine0/xw_plus_b/MatMul_grad/MatMul:0 25165824
1608998713796838 tower_0/v/gradients/tower_0/v/cg/affine0/xw_plus_b/MatMul_grad/MatMul_1:0 150994944
1608998713796915 tower_0/v/cg/dropout0/dropout/dropout/Cast:0 -14680320
1608998713797004 tower_0/v/gradients/tower_0/v/l2_loss/L2Loss_11_grad/mul:0 -16384
1608998713797086 tower_0/v/gradients/tower_0/v/l2_loss/L2Loss_10_grad/mul:0 -150994944
1608998713797155 tower_0/v/gradients/tower_0/v/cg/affine0/xw_plus_b_grad/BiasAddGrad:0 -16640
1608998713797171 tower_0/v/gradients/tower_0/v/cg/mpool2/MaxPool_grad/MaxPoolGrad:0 150995456
1608998713797317 tower_0/v/cg/mpool2/MaxPool:0 -18874368
1608998713797317 tower_0/v/gradients/tower_0/v/cg/affine0/xw_plus_b/MatMul_grad/MatMul:0 -25165824
1608998713797401 tower_0/v/gradients/tower_0/v/cg/affine0/xw_plus_b/MatMul_grad/MatMul_1:0 -150994944
1608998713797467 tower_0/v/cg/conv4/conv2d/Conv2D:0 -88604672
1608998713797506 tower_0/v/gradients/tower_0/v/cg/conv4/BiasAdd_grad/BiasAddGrad:0 1024
1608998713797506 tower_0/v/gradients/tower_0/v/cg/conv4/BiasAdd_grad/BiasAddGrad:t1 16640
1608998713797506 tower_0/v/gradients/tower_0/v/cg/conv4/BiasAdd_grad/BiasAddGrad:t2 88604672
1608998713797680 tower_0/v/gradients/tower_0/v/cg/conv4/BiasAdd_grad/BiasAddGrad:t1 -16640
1608998713797680 tower_0/v/gradients/tower_0/v/cg/conv4/BiasAdd_grad/BiasAddGrad:t2 -88604672
1608998713797691 tower_0/v/gradients/tower_0/v/cg/conv4/conv2d/Conv2D_grad/Conv2DBackpropInput:0 132907008
1608998713797691 tower_0/v/gradients/tower_0/v/cg/conv4/conv2d/Conv2D_grad/Conv2DBackpropInput:t1 532021248
1608998713797691 tower_0/v/gradients/tower_0/v/cg/conv4/conv2d/Conv2D_grad/Conv2DBackpropInput:t2 3538944
1608998713797691 tower_0/v/gradients/tower_0/v/cg/conv4/conv2d/Conv2D_grad/Conv2DBackpropInput:w1 132907008
1608998713798057 tower_0/v/gradients/tower_0/v/cg/conv4/conv2d/Conv2D_grad/Conv2DBackpropInput:0 -132907008
1608998713798057 tower_0/v/gradients/tower_0/v/cg/conv4/conv2d/Conv2D_grad/Conv2DBackpropInput:t1 -532021248
1608998713798057 tower_0/v/gradients/tower_0/v/cg/conv4/conv2d/Conv2D_grad/Conv2DBackpropInput:t2 -3538944
1608998713798086 tower_0/v/gradients/tower_0/v/cg/conv4/conv2d/Conv2D_grad/Conv2DBackpropFilter:0 3538944
1608998713798086 tower_0/v/gradients/tower_0/v/cg/conv4/conv2d/Conv2D_grad/Conv2DBackpropFilter:t1 843579392
1608998713798086 tower_0/v/gradients/tower_0/v/cg/conv4/conv2d/Conv2D_grad/Conv2DBackpropFilter:w1 3538944
1608998713798423 tower_0/v/gradients/tower_0/v/cg/mpool2/MaxPool_grad/MaxPoolGrad:0 -150995456
1608998713798423 tower_0/v/gradients/tower_0/v/cg/conv4/conv2d/Conv2D_grad/Conv2DBackpropFilter:0 -3538944
1608998713798423 tower_0/v/gradients/tower_0/v/cg/conv4/conv2d/Conv2D_grad/Conv2DBackpropFilter:t1 -843579392
1608998713798538 tower_0/v/gradients/tower_0/v/l2_loss/L2Loss_9_grad/mul:0 -1024
1608998713798608 tower_0/v/cg/conv3/conv2d/Conv2D:0 -132907008
1608998713798673 tower_0/v/gradients/tower_0/v/l2_loss/L2Loss_8_grad/mul:0 -3538944
1608998713798754 tower_0/v/gradients/tower_0/v/cg/conv4/BiasAdd_grad/BiasAddGrad:0 -1024
1608998713798757 tower_0/v/gradients/tower_0/v/cg/conv3/BiasAdd_grad/BiasAddGrad:0 1536
1608998713798757 tower_0/v/gradients/tower_0/v/cg/conv3/BiasAdd_grad/BiasAddGrad:t1 24576
1608998713798757 tower_0/v/gradients/tower_0/v/cg/conv3/BiasAdd_grad/BiasAddGrad:t2 150995456
1608998713798929 tower_0/v/gradients/tower_0/v/cg/conv3/BiasAdd_grad/BiasAddGrad:t1 -24576
1608998713798929 tower_0/v/gradients/tower_0/v/cg/conv3/BiasAdd_grad/BiasAddGrad:t2 -150995456
1608998713798943 tower_0/v/gradients/tower_0/v/cg/conv3/conv2d/Conv2D_grad/Conv2DBackpropInput:0 132907008
1608998713798943 tower_0/v/gradients/tower_0/v/cg/conv3/conv2d/Conv2D_grad/Conv2DBackpropInput:t1 150995456
1608998713798943 tower_0/v/gradients/tower_0/v/cg/conv3/conv2d/Conv2D_grad/Conv2DBackpropInput:t2 798031872
1608998713798943 tower_0/v/gradients/tower_0/v/cg/conv3/conv2d/Conv2D_grad/Conv2DBackpropInput:t3 5308416
1608998713799236 tower_0/v/gradients/tower_0/v/cg/conv3/conv2d/Conv2D_grad/Conv2DBackpropInput:t1 -150995456
1608998713799236 tower_0/v/gradients/tower_0/v/cg/conv3/conv2d/Conv2D_grad/Conv2DBackpropInput:t2 -798031872
1608998713799236 tower_0/v/gradients/tower_0/v/cg/conv3/conv2d/Conv2D_grad/Conv2DBackpropInput:t3 -5308416
1608998713799271 tower_0/v/gradients/tower_0/v/cg/conv3/conv2d/Conv2D_grad/Conv2DBackpropFilter:0 5308416
1608998713799271 tower_0/v/gradients/tower_0/v/cg/conv3/conv2d/Conv2D_grad/Conv2DBackpropFilter:t1 1038876672
1608998713799271 tower_0/v/gradients/tower_0/v/cg/conv3/conv2d/Conv2D_grad/Conv2DBackpropFilter:t2 7569920
1608998713799726 tower_0/v/gradients/tower_0/v/cg/conv4/conv2d/Conv2D_grad/Conv2DBackpropInput:w1 -132907008
1608998713799726 tower_0/v/gradients/tower_0/v/cg/conv3/conv2d/Conv2D_grad/Conv2DBackpropFilter:t1 -1038876672
1608998713799726 tower_0/v/gradients/tower_0/v/cg/conv3/conv2d/Conv2D_grad/Conv2DBackpropFilter:t2 -7569920
1608998713799804 tower_0/v/gradients/tower_0/v/cg/conv4/conv2d/Conv2D_grad/Conv2DBackpropFilter:w1 -3538944
1608998713799892 tower_0/v/gradients/tower_0/v/l2_loss/L2Loss_7_grad/mul:0 -1536
1608998713799965 tower_0/v/cg/conv2/conv2d/Conv2D:0 -132907008
1608998713800051 tower_0/v/gradients/tower_0/v/l2_loss/L2Loss_6_grad/mul:0 -5308416
1608998713800126 tower_0/v/gradients/tower_0/v/cg/conv3/BiasAdd_grad/BiasAddGrad:0 -1536
1608998713800137 tower_0/v/gradients/tower_0/v/cg/conv2/BiasAdd_grad/BiasAddGrad:0 1536
1608998713800137 tower_0/v/gradients/tower_0/v/cg/conv2/BiasAdd_grad/BiasAddGrad:t1 24576
1608998713800137 tower_0/v/gradients/tower_0/v/cg/conv2/BiasAdd_grad/BiasAddGrad:t2 132907008
1608998713800328 tower_0/v/gradients/tower_0/v/cg/conv2/BiasAdd_grad/BiasAddGrad:t1 -24576
1608998713800328 tower_0/v/gradients/tower_0/v/cg/conv2/BiasAdd_grad/BiasAddGrad:t2 -132907008
1608998713800352 tower_0/v/gradients/tower_0/v/cg/conv2/conv2d/Conv2D_grad/Conv2DBackpropInput:0 66453504
1608998713800352 tower_0/v/gradients/tower_0/v/cg/conv2/conv2d/Conv2D_grad/Conv2DBackpropInput:t1 70666752
1608998713800352 tower_0/v/gradients/tower_0/v/cg/conv2/conv2d/Conv2D_grad/Conv2DBackpropInput:t2 625508352
1608998713800352 tower_0/v/gradients/tower_0/v/cg/conv2/conv2d/Conv2D_grad/Conv2DBackpropInput:t3 3540224
1608998713800689 tower_0/v/gradients/tower_0/v/cg/conv2/conv2d/Conv2D_grad/Conv2DBackpropInput:t1 -70666752
1608998713800689 tower_0/v/gradients/tower_0/v/cg/conv2/conv2d/Conv2D_grad/Conv2DBackpropInput:t2 -625508352
1608998713800689 tower_0/v/gradients/tower_0/v/cg/conv2/conv2d/Conv2D_grad/Conv2DBackpropInput:t3 -3540224
1608998713800704 tower_0/v/gradients/tower_0/v/cg/conv2/conv2d/Conv2D_grad/Conv2DBackpropFilter:0 3540224
1608998713800704 tower_0/v/gradients/tower_0/v/cg/conv2/conv2d/Conv2D_grad/Conv2DBackpropFilter:t1 812384256
1608998713800704 tower_0/v/gradients/tower_0/v/cg/conv2/conv2d/Conv2D_grad/Conv2DBackpropFilter:t2 2654208
1608998713801087 tower_0/v/gradients/tower_0/v/cg/conv3/conv2d/Conv2D_grad/Conv2DBackpropInput:0 -132907008
1608998713801087 tower_0/v/gradients/tower_0/v/cg/conv2/conv2d/Conv2D_grad/Conv2DBackpropFilter:t1 -812384256
1608998713801087 tower_0/v/gradients/tower_0/v/cg/conv2/conv2d/Conv2D_grad/Conv2DBackpropFilter:t2 -2654208
1608998713801160 tower_0/v/gradients/tower_0/v/cg/conv3/conv2d/Conv2D_grad/Conv2DBackpropFilter:0 -5308416
1608998713801263 tower_0/v/gradients/tower_0/v/l2_loss/L2Loss_5_grad/mul:0 -1536
1608998713801289 tower_0/v/gradients/tower_0/v/cg/mpool1/MaxPool_grad/MaxPoolGrad:0 286654464
1608998713801396 tower_0/v/cg/mpool1/MaxPool:0 -66453504
1608998713801396 tower_0/v/gradients/tower_0/v/cg/conv2/conv2d/Conv2D_grad/Conv2DBackpropInput:0 -66453504
1608998713801511 tower_0/v/gradients/tower_0/v/l2_loss/L2Loss_4_grad/mul:0 -2654208
1608998713801579 tower_0/v/gradients/tower_0/v/cg/conv2/BiasAdd_grad/BiasAddGrad:0 -1536
1608998713801662 tower_0/v/cg/conv1/conv2d/Conv2D:0 -286654464
1608998713801738 tower_0/v/gradients/tower_0/v/cg/conv2/conv2d/Conv2D_grad/Conv2DBackpropFilter:0 -3540224
1608998713801746 tower_0/v/gradients/tower_0/v/cg/conv1/conv2d/Conv2D_grad/Conv2DBackpropFilter:0 2097152
1608998713801746 tower_0/v/gradients/tower_0/v/cg/conv1/conv2d/Conv2D_grad/Conv2DBackpropFilter:t1 805748736
1608998713801746 tower_0/v/gradients/tower_0/v/cg/conv1/conv2d/Conv2D_grad/Conv2DBackpropFilter:t2 1228800
1608998713802148 tower_0/v/gradients/tower_0/v/cg/conv1/conv2d/Conv2D_grad/Conv2DBackpropFilter:t1 -805748736
1608998713802148 tower_0/v/gradients/tower_0/v/cg/conv1/conv2d/Conv2D_grad/Conv2DBackpropFilter:t2 -1228800
1608998713802173 tower_0/v/gradients/tower_0/v/cg/conv1/BiasAdd_grad/BiasAddGrad:0 768
1608998713802173 tower_0/v/gradients/tower_0/v/cg/conv1/BiasAdd_grad/BiasAddGrad:t1 12288
1608998713802173 tower_0/v/gradients/tower_0/v/cg/conv1/BiasAdd_grad/BiasAddGrad:t2 419561472
1608998713802376 tower_0/v/gradients/tower_0/v/cg/conv1/BiasAdd_grad/BiasAddGrad:t1 -12288
1608998713802376 tower_0/v/gradients/tower_0/v/cg/conv1/BiasAdd_grad/BiasAddGrad:t2 -419561472
1608998713802388 tower_0/v/gradients/tower_0/v/cg/conv1/conv2d/Conv2D_grad/Conv2DBackpropInput:0 95551488
1608998713802388 tower_0/v/gradients/tower_0/v/cg/conv1/conv2d/Conv2D_grad/Conv2DBackpropInput:t1 170430976
1608998713802388 tower_0/v/gradients/tower_0/v/cg/conv1/conv2d/Conv2D_grad/Conv2DBackpropInput:t2 623927296
1608998713802388 tower_0/v/gradients/tower_0/v/cg/conv1/conv2d/Conv2D_grad/Conv2DBackpropInput:t3 1228800
1608998713802827 tower_0/v/gradients/tower_0/v/cg/mpool1/MaxPool_grad/MaxPoolGrad:0 -286654464
1608998713802827 tower_0/v/gradients/tower_0/v/cg/conv1/conv2d/Conv2D_grad/Conv2DBackpropInput:t1 -170430976
1608998713802827 tower_0/v/gradients/tower_0/v/cg/conv1/conv2d/Conv2D_grad/Conv2DBackpropInput:t2 -623927296
1608998713802827 tower_0/v/gradients/tower_0/v/cg/conv1/conv2d/Conv2D_grad/Conv2DBackpropInput:t3 -1228800
1608998713802938 tower_0/v/gradients/tower_0/v/l2_loss/L2Loss_2_grad/mul:0 -1228800
1608998713803015 tower_0/v/gradients/tower_0/v/l2_loss/L2Loss_3_grad/mul:0 -768
1608998713803048 tower_0/v/gradients/tower_0/v/cg/mpool0/MaxPool_grad/MaxPoolGrad:0 396492800
1608998713803184 tower_0/v/cg/mpool0/MaxPool:0 -95551488
1608998713803184 tower_0/v/gradients/tower_0/v/cg/conv1/conv2d/Conv2D_grad/Conv2DBackpropInput:0 -95551488
1608998713803252 tower_0/v/gradients/tower_0/v/cg/conv1/conv2d/Conv2D_grad/Conv2DBackpropFilter:0 -2097152
1608998713803325 tower_0/v/gradients/tower_0/v/cg/conv1/BiasAdd_grad/BiasAddGrad:0 -768
1608998713803403 tower_0/v/cg/conv0/conv2d/Conv2D:0 -396492800
1608998713803414 tower_0/v/gradients/tower_0/v/cg/conv0/BiasAdd_grad/BiasAddGrad:0 256
1608998713803414 tower_0/v/gradients/tower_0/v/cg/conv0/BiasAdd_grad/BiasAddGrad:t1 4352
1608998713803414 tower_0/v/gradients/tower_0/v/cg/conv0/BiasAdd_grad/BiasAddGrad:t2 396492800
1608998713803414 tower_0/v/gradients/tower_0/v/cg/conv0/BiasAdd_grad/BiasAddGrad:w1 256
1608998713803632 tower_0/v/gradients/tower_0/v/cg/conv0/BiasAdd_grad/BiasAddGrad:0 -256
1608998713803632 tower_0/v/gradients/tower_0/v/cg/conv0/BiasAdd_grad/BiasAddGrad:t1 -4352
1608998713803632 tower_0/v/gradients/tower_0/v/cg/conv0/BiasAdd_grad/BiasAddGrad:t2 -396492800
1608998713803672 tower_0/v/gradients/tower_0/v/cg/conv0/conv2d/Conv2D_grad/Conv2DBackpropFilter:0 92928
1608998713803672 tower_0/v/gradients/tower_0/v/cg/conv0/conv2d/Conv2D_grad/Conv2DBackpropFilter:t1 42496
1608998713803672 tower_0/v/gradients/tower_0/v/cg/conv0/conv2d/Conv2D_grad/Conv2DBackpropFilter:w1 92928
1608998713804047 tower_0/v/transpose:0 -316594176
1608998713804047 tower_0/v/gradients/tower_0/v/cg/mpool0/MaxPool_grad/MaxPoolGrad:0 -396492800
1608998713804047 tower_0/v/gradients/tower_0/v/cg/conv0/conv2d/Conv2D_grad/Conv2DBackpropFilter:0 -92928
1608998713804047 tower_0/v/gradients/tower_0/v/cg/conv0/conv2d/Conv2D_grad/Conv2DBackpropFilter:t1 -42496
1608998713804166 tower_0/v/gradients/tower_0/v/l2_loss/L2Loss_1_grad/mul:0 -256
1608998713804237 tower_0/v/gradients/tower_0/v/l2_loss/L2Loss_grad/mul:0 -92928
1608998713804347 tower_0/v/gradients/tower_0/v/cg/conv0/BiasAdd_grad/BiasAddGrad:w1 -256
1608998713804438 tower_0/v/gradients/tower_0/v/cg/conv0/conv2d/Conv2D_grad/Conv2DBackpropFilter:w1 -92928
1608998713804551 tower_0/v/l2_loss/L2Loss:w1 -256
