tower_0/v/gradients/tower_0/v/l2_loss/L2Loss_grad/mul:0	165881
tower_0/v/cg/dropout0_1/dropout/dropout/Cast:0	49849
tower_0/v/gradients/tower_0/v/cg/conv2/conv2d/Conv2D_grad/Conv2DBackpropFilter:0	11111
tower_0/v/cg/dropout0_1/dropout/dropout/mul:0	47813
tower_0/v/l2_loss/L2Loss_10:0	10199
tower_0/v/gradients/tower_0/v/cg/conv4/conv2d/Conv2D_grad/Conv2DBackpropFilter:0	9077
tower_0/v/l2_loss/L2Loss_6:0	14952
tower_0/v/gradients/tower_0/v/cg/affine1/xw_plus_b/MatMul_grad/MatMul:0	4724
tower_0/v/cg/affine0/xw_plus_b/MatMul:0	15071
tower_0/v/gradients/tower_0/v/cg/conv3/BiasAdd_grad/BiasAddGrad:0	22195
tower_0/v/transpose:0	169411
tower_0/v/alexnet_synthetic_labels:0	65306
tower_0/v/gradients/tower_0/v/l2_loss/L2Loss_5_grad/mul:0	132729
tower_0/v/gradients/tower_0/v/cg/affine2/xw_plus_b/MatMul_grad/MatMul:0	1489
tower_0/v/gradients/tower_0/v/cg/affine0/xw_plus_b/MatMul_grad/MatMul:0	11350
tower_0/v/cg/affine2/xw_plus_b/MatMul:0	2179
tower_0/v/gradients/tower_0/v/cg/conv3/conv2d/Conv2D_grad/Conv2DBackpropInput:0	22675
tower_0/v/l2_loss/L2Loss:0	10366
tower_0/v/gradients/tower_0/v/cg/conv0/BiasAdd_grad/BiasAddGrad:0	10628
tower_0/v/l2_loss/L2Loss_3:0	10335
tower_0/v/gradients/tower_0/v/cg/mpool2/MaxPool_grad/MaxPoolGrad:0	18123
tower_0/v/cg/dropout0_1/dropout/dropout/random_uniform/RandomUniform:0	15299
tower_0/v/l2_loss/L2Loss_11:0	14685
tower_0/v/gradients/tower_0/v/l2_loss/L2Loss_3_grad/mul:0	148890
tower_0/v/xentropy/sparse_softmax_cross_entropy_loss/Sum:0	1293
tower_0/v/gradients/tower_0/v/cg/mpool0/MaxPool_grad/MaxPoolGrad:0	16959
tower_0/v/cg/conv2/conv2d/Conv2D:0	107302
tower_0/v/cg/conv0/conv2d/Conv2D:0	154240
tower_0/v/cg/affine1/xw_plus_b/MatMul:0	9247
tower_0/v/l2_loss/L2Loss_8:0	14089
tower_0/v/cg/dropout0/dropout/dropout/random_uniform/RandomUniform:0	15425
tower_0/v/gradients/tower_0/v/cg/conv4/BiasAdd_grad/BiasAddGrad:0	15668
tower_0/v/gradients/tower_0/v/cg/conv0/conv2d/Conv2D_grad/Conv2DBackpropFilter:0	9936
tower_0/v/gradients/tower_0/v/l2_loss/L2Loss_10_grad/mul:0	79277
tower_0/v/gradients/tower_0/v/l2_loss/L2Loss_8_grad/mul:0	122521
tower_0/v/l2_loss/L2Loss_1:0	10315
tower_0/v/gradients/tower_0/v/l2_loss/L2Loss_11_grad/mul:0	81160
tower_0/v/gradients/tower_0/v/cg/conv1/conv2d/Conv2D_grad/Conv2DBackpropFilter:0	12378
tower_0/v/cg/dropout0_1/dropout/dropout/GreaterEqual:0	2127
tower_0/v/l2_loss/L2Loss_14:0	14514
tower_0/v/l2_loss/L2Loss_2:0	10252
tower_0/v/gradients/tower_0/v/cg/affine2/xw_plus_b_grad/BiasAddGrad:0	1290
tower_0/v/cg/conv4/conv2d/Conv2D:0	36145
tower_0/v/gradients/tower_0/v/cg/conv1/BiasAdd_grad/BiasAddGrad:0	9654
tower_0/v/cg/conv3/conv2d/Conv2D:0	86277
tower_0/v/l2_loss/L2Loss_15:0	14229
tower_0/v/gradients/tower_0/v/l2_loss/L2Loss_15_grad/mul:0	65850
tower_0/v/gradients/tower_0/v/cg/affine1/xw_plus_b_grad/BiasAddGrad:0	4714
tower_0/v/gradients/tower_0/v/l2_loss/L2Loss_2_grad/mul:0	152824
tower_0/v/gradients/tower_0/v/l2_loss/L2Loss_12_grad/mul:0	67229
tower_0/v/gradients/tower_0/v/cg/conv2/BiasAdd_grad/BiasAddGrad:0	15151
tower_0/v/gradients/tower_0/v/cg/affine1/xw_plus_b/MatMul_grad/MatMul_1:0	2877
tower_0/v/gradients/tower_0/v/cg/conv2/conv2d/Conv2D_grad/Conv2DBackpropInput:0	14836
tower_0/v/gradients/tower_0/v/l2_loss/L2Loss_1_grad/mul:0	165837
tower_0/v/gradients/tower_0/v/l2_loss/L2Loss_4_grad/mul:0	135255
tower_0/v/gradients/tower_0/v/cg/affine2/xw_plus_b/MatMul_grad/MatMul_1:0	897
tower_0/v/gradients/tower_0/v/l2_loss/L2Loss_9_grad/mul:0	96621
tower_0/v/gradients/tower_0/v/l2_loss/L2Loss_14_grad/mul:0	66061
tower_0/v/gradients/tower_0/v/cg/mpool1/MaxPool_grad/MaxPoolGrad:0	16022
tower_0/v/gradients/tower_0/v/cg/conv3/conv2d/Conv2D_grad/Conv2DBackpropFilter:0	25836
tower_0/v/gradients/tower_0/v/cg/conv4/conv2d/Conv2D_grad/Conv2DBackpropInput:0	16222
tower_0/v/cg/mpool2/MaxPool:0	26823
tower_0/v/gradients/tower_0/v/cg/conv1/conv2d/Conv2D_grad/Conv2DBackpropInput:0	9079
tower_0/v/l2_loss/L2Loss_9:0	10296
tower_0/v/cg/dropout0/dropout/dropout/Cast:0	64527
tower_0/v/l2_loss/L2Loss_12:0	10756
tower_0/v/cg/mpool0/MaxPool:0	138857
tower_0/v/cg/dropout0/dropout/dropout/mul:0	52536
tower_0/v/l2_loss/L2Loss_5:0	10219
tower_0/v/l2_loss/L2Loss_4:0	10785
tower_0/v/gradients/tower_0/v/l2_loss/L2Loss_6_grad/mul:0	124097
tower_0/v/gradients/tower_0/v/cg/affine0/xw_plus_b/MatMul_grad/MatMul_1:0	5230
tower_0/v/xentropy/sparse_softmax_cross_entropy_loss/xentropy/xentropy:0	258
tower_0/v/cg/mpool1/MaxPool:0	110469
tower_0/v/gradients/tower_0/v/l2_loss/L2Loss_13_grad/mul:0	66443
tower_0/v/l2_loss/L2Loss_13:0	12360
tower_0/v/cg/dropout0/dropout/dropout/GreaterEqual:0	2132
tower_0/v/cg/conv1/conv2d/Conv2D:0	120678
tower_0/v/l2_loss/L2Loss_7:0	14326
tower_0/v/gradients/tower_0/v/l2_loss/L2Loss_7_grad/mul:0	123618
tower_0/v/gradients/tower_0/v/cg/affine0/xw_plus_b_grad/BiasAddGrad:0	10279
