tower_0/v/alexnet_synthetic_labels/min	-1	-1
v/cg/conv0/conv2d/kernel/read	-1	-1
tower_0/v/gradients/tower_0/v/l2_loss/L2Loss_12_grad/mul	1602294373324182	262
tower_0/v/l2_loss/L2Loss_15	1602294373325410	7
append_apply_gradient_ops/GradientDescent	-1	-1
tower_0/v/gradients/AddN_9	1602294374480856	33
tower_0/v/cg/conv1/conv2d/Conv2D	1602294373422046	35178
ConstantFolding/tower_0/v/gradients/tower_0/v/cg/conv4/conv2d/Conv2D_grad/ShapeN-matshapes-0	-1	-1
tower_0/v/gradients/tower_0/v/cg/conv0/Relu_grad/ReluGrad	1602294375096769	16392
tower_0/v/gradients/tower_0/v/xentropy/sparse_softmax_cross_entropy_loss/xentropy/xentropy_grad/mul	1602294373824647	59
tower_0/v/cg/affine0/xw_plus_b	1602294373806133	244
tower_0/v/cg/dropout0/dropout/dropout/rate	-1	-1
tower_0/v/cg/dropout0/dropout/dropout/GreaterEqual	1602294373385797	158
tower_0/v/gradients/tower_0/v/cg/conv3/Relu_grad/ReluGrad	1602294374148682	5280
tower_0/v/cg/dropout0/dropout/dropout/Cast	1602294373399629	149
append_apply_gradient_ops/GradientDescent/update_v/cg/conv3/biases/ApplyGradientDescent	1602294374480891	5
tower_0/v/cg/conv0/conv2d/Conv2D	1602294373325780	60013
tower_0/v/l2_loss/L2Loss_12	1602294373324038	140
tower_0/v/gradients/tower_0/v/cg/Reshape_grad/Shape	-1	-1
tower_0/v/gpu_cached_inputs/read	-1	-1
tower_0/v/cg/affine0/affine0	1602294373806378	213
tower_0/v/l2_loss/L2Loss	1602294373325433	19
tower_0/v/gradients/AddN_8	1602294374475580	4
tower_0/v/cg/conv2/conv2d/Conv2D	1602294373481959	43282
tower_0/v/gradients/tower_0/v/l2_loss/L2Loss_10_grad/mul	1602294373324823	586
tower_0/v/gradients/AddN_7	1602294374153963	23
tower_0/v/gradients/tower_0/v/xentropy/sparse_softmax_cross_entropy_loss/xentropy/xentropy_grad/ExpandDims	-1	-1
tower_0/v/gradients/tower_0/v/l2_loss/L2Loss_11_grad/mul	1602294373325485	5
tower_0/v/cg/affine0/xw_plus_b/MatMul	1602294373776596	29533
tower_0/v/mul/x	-1	-1
tower_0/v/cg/conv0/Relu	1602294373399947	10290
tower_0/v/gradients/tower_0/v/cg/conv1/conv2d/Conv2D_grad/Conv2DBackpropFilter	1602294374671909	208213
tower_0/v/xentropy/sparse_softmax_cross_entropy_loss/value	1602294373831553	6
append_apply_gradient_ops/GradientDescent/update_v/cg/conv2/conv2d/kernel/ApplyGradientDescent	1602294374671889	19
v/cg/affine0/biases/read	-1	-1
tower_0/v/mul	1602294373399936	7
append_apply_gradient_ops/GradientDescent/update_v/cg/conv4/biases/ApplyGradientDescent	1602294374153988	5
tower_0/v/gradients/tower_0/v/l2_loss/L2Loss_3_grad/mul	1602294373323946	6
v/cg/affine1/biases	-1	-1
tower_0/v/gradients/tower_0/v/l2_loss/L2Loss_9_grad/mul	1602294373324027	6
tower_0/v/gradients/AddN_1	1602294373831781	94
tower_0/v/gradients/tower_0/v/cg/affine2/xw_plus_b_grad/BiasAddGrad	1602294373824724	55
tower_0/v/gradients/tower_0/v/cg/Reshape_grad/Reshape	-1	-1
tower_0/v/gpu_cached_inputs	-1	-1
tower_0/v/cg/dropout0/dropout/dropout/mul_1	1602294373806592	307
v/cg/conv4/conv2d/kernel	-1	-1
v/cg/conv1/biases/read	-1	-1
tower_0/v/xentropy/sparse_softmax_cross_entropy_loss/Const_1	-1	-1
tower_0/v/cg/dropout0_1/dropout/dropout/mul	1602294373410465	215
tower_0/v/gradients/tower_0/v/l2_loss/L2Loss_2_grad/mul	1602294373325521	10
v/cg/conv2/biases/read	-1	-1
tower_0/v/cg/dropout0_1/dropout/dropout/random_uniform/RandomUniform	1602294373302695	168
tower_0/v/gradients/tower_0/v/cg/conv1/conv2d/Conv2D_grad/Conv2DBackpropInput	1602294374883498	186933
tower_0/v/gradients/tower_0/v/cg/affine2/xw_plus_b/MatMul_grad/MatMul	1602294373824781	3373
ConstantFolding/tower_0/v/gradients/tower_0/v/cg/conv1/conv2d/Conv2D_grad/ShapeN-matshapes-1	-1	-1
tower_0/v/l2_loss/L2Loss_9	1602294373324016	6
v/cg/affine2/biases/read	-1	-1
tower_0/v/gradients/AddN_3	1602294373858956	376
tower_0/v/transpose	1602294373303913	20021
tower_0/v/gradients/tower_0/v/cg/conv4/conv2d/Conv2D_grad/Conv2DBackpropFilter	1602294374024136	124538
tower_0/v/gradients/tower_0/v/l2_loss/L2Loss_1_grad/mul	1602294373324456	6
ConstantFolding/tower_0/v/gradients/tower_0/v/cg/conv0/conv2d/Conv2D_grad/ShapeN-matshapes-1	-1	-1
tower_0/v/gradients/tower_0/v/cg/dropout0_1/dropout/dropout/mul_1_grad/Mul	1602294373831567	212
tower_0/v/l2_loss/L2Loss_2	1602294373325495	21
tower_0/v/l2_loss/L2Loss_3	1602294373323936	5
tower_0/v/gradients/tower_0/v/cg/dropout0/dropout/dropout/mul_grad/Mul	1602294373859342	304
tower_0/v/transpose/perm	-1	-1
tower_0/v/cg/conv0/BiasAdd	1602294373386148	13476
append_apply_gradient_ops/GradientDescent/update_v/cg/affine2/biases/ApplyGradientDescent	1602294373831883	5
tower_0/v/gradients/tower_0/v/cg/affine1/xw_plus_b/MatMul_grad/MatMul	1602294373832766	13295
append_apply_gradient_ops/GradientDescent/update_v/cg/affine1/biases/ApplyGradientDescent	1602294373859334	6
tower_0/v/cg/conv4/Relu	1602294373772120	2264
tower_0/v/gradients/tower_0/v/l2_loss/L2Loss_7_grad/mul	1602294373325769	6
v/cg/affine1/biases/read	-1	-1
tower_0/v/xentropy/sparse_softmax_cross_entropy_loss/num_present	-1	-1
tower_0/v/cg/conv1/Relu	1602294373466941	7425
tower_0/v/cg/dropout0/dropout/dropout/random_uniform/mul	-1	-1
tower_0/v/gradients/tower_0/v/cg/affine0/xw_plus_b_grad/BiasAddGrad	1602294373860341	149
average_loss/Mean/input	-1	-1
tower_0/v/l2_loss/L2Loss_14	1602294373325631	53
tower_0/v/gradients/AddN_11	1602294374660162	19
v/cg/affine0/biases	-1	-1
v/cg/conv1/conv2d/kernel/read	-1	-1
tower_0/v/gradients/tower_0/v/cg/conv3/BiasAdd_grad/BiasAddGrad	1602294374153996	1557
tower_0/v/gradients/AddN_12	1602294375070446	4
tower_0/v/alexnet_synthetic_labels/shape	-1	-1
tower_0/v/cg/dropout0/dropout/dropout/mul	1602294373410242	221
tower_0/v/l2_loss/L2Loss_7	1602294373325759	5
tower_0/v/gradients/tower_0/v/cg/conv2/BiasAdd_grad/BiasAddGrad	1602294374480904	1556
append_apply_gradient_ops/GradientDescent/update_v/cg/conv1/biases/ApplyGradientDescent	1602294375096763	4
v/cg/conv3/biases	-1	-1
_SOURCE	-1	-1
gpu_compute_stage_ops_group	-1	-1
tower_0/v/alexnet_synthetic_labels	1602294373302865	15
v/cg/conv0/conv2d/kernel	-1	-1
v/cg/affine1/weights/read	-1	-1
tower_0/v/gradients/tower_0/v/cg/conv4/conv2d/Conv2D_grad/Conv2DBackpropInput	1602294373930884	93243
tower_0/v/gradients/tower_0/v/cg/affine1/affine1_grad/ReluGrad	1602294373832296	308
tower_0/v/gradients/AddN	1602294373831561	5
tower_0/v/gradients/tower_0/v/cg/affine0/xw_plus_b/MatMul_grad/MatMul	1602294373860491	29077
ConstantFolding/tower_0/v/gradients/tower_0/v/cg/conv2/conv2d/Conv2D_grad/ShapeN-matshapes-1	-1	-1
tower_0/v/cg/Reshape	-1	-1
average_loss/Mean	-1	-1
tower_0/v/gradients/tower_0/v/l2_loss/L2Loss_6_grad/mul	1602294373325576	26
tower_0/v/gradients/tower_0/v/cg/affine2/xw_plus_b/MatMul_grad/MatMul_1	1602294373828156	3396
tower_0/v/gradients/AddN_4	1602294373917538	6
tower_0/v/gradients/tower_0/v/cg/affine0/xw_plus_b/MatMul_grad/MatMul_1	1602294373889570	27967
tower_0/v/gradients/tower_0/v/l2_loss/L2Loss_5_grad/mul	1602294373324526	6
v/cg/affine2/weights/read	-1	-1
v/cg/conv2/biases	-1	-1
tower_0/v/l2_loss/AddN	1602294373386124	18
tower_0/v/l2_loss/L2Loss_10	1602294373324537	280
tower_0/v/l2_loss/L2Loss_11	1602294373325468	11
tower_0/v/l2_loss/L2Loss_4	1602294373324468	24
tower_0/v/gradients/AddN_10	1602294374647520	4
v/cg/conv3/conv2d/kernel	-1	-1
tower_0/v/xentropy/sparse_softmax_cross_entropy_loss/xentropy/xentropy	1602294373824212	434
v/cg/conv2/conv2d/kernel/read	-1	-1
tower_0/v/cg/Reshape/shape	-1	-1
v/cg/conv1/conv2d/kernel	-1	-1
tower_0/v/cg/dropout0/dropout/dropout/Shape	-1	-1
tower_0/v/cg/mpool1/MaxPool	1602294373474371	7583
v/cg/conv3/conv2d/kernel/read	-1	-1
tower_0/v/cg/dropout0_1/dropout/dropout/Cast	1602294373399783	147
tower_0/v/gradients/tower_0/v/l2_loss/L2Loss_8_grad/mul	1602294373323993	17
tower_0/v/gradients/tower_0/v/cg/conv3/conv2d/Conv2D_grad/Conv2DBackpropInput	1602294374155555	136717
main_fetch_group/_38	-1	-1
tower_0/v/gradients/tower_0/v/cg/mpool1/MaxPool_grad/MaxPoolGrad	1602294374647526	12632
tower_0/v/xentropy/sparse_softmax_cross_entropy_loss/Mul	-1	-1
append_apply_gradient_ops/GradientDescent/update_v/cg/conv2/biases/ApplyGradientDescent	1602294374660183	4
ConstantFolding/tower_0/v/gradients/tower_0/v/cg/conv2/conv2d/Conv2D_grad/ShapeN-matshapes-0	-1	-1
append_apply_gradient_ops/GradientDescent/update_v/cg/affine0/weights/ApplyGradientDescent	1602294373925564	837
tower_0/v/l2_loss/L2Loss_13	1602294373325604	11
tower_0/v/cg/affine2/xw_plus_b/MatMul	1602294373820825	3321
tower_0/v/cg/mpool0/MaxPool	1602294373410686	11359
v/cg/conv1/biases	-1	-1
tower_0/v/gradients/tower_0/v/cg/affine0/affine0_grad/ReluGrad	1602294373860021	308
append_apply_gradient_ops/GradientDescent/update_v/cg/affine2/weights/ApplyGradientDescent	1602294373832201	94
tower_0/v/gradients/tower_0/v/l2_loss/L2Loss_15_grad/mul	1602294373325423	5
tower_0/v/gradients/AddN_13	1602294375070433	11
tower_0/v/xentropy/sparse_softmax_cross_entropy_loss/Sum	1602294373824708	10
tower_0/v/cg/conv3/BiasAdd	1602294373669858	4441
tower_0/v/gradients/tower_0/v/cg/affine1/xw_plus_b_grad/BiasAddGrad	1602294373832614	150
tower_0/v/gradients/tower_0/v/l2_loss/L2Loss_grad/mul	1602294373325458	5
tower_0/v/l2_loss/L2Loss_6	1602294373325537	33
learning_rate_tensor/input	-1	-1
tower_0/v/gradients/AddN_15	1602294375183624	5
append_apply_gradient_ops/GradientDescent/update_v/cg/conv0/biases/ApplyGradientDescent	1602294375183630	4
v/cg/affine2/biases	-1	-1
append_apply_gradient_ops/GradientDescent/update_v/cg/conv0/conv2d/kernel/ApplyGradientDescent	1602294375183636	5
tower_0/v/cg/conv3/Relu	1602294373674303	3417
tower_0/v/l2_loss/L2Loss_8	1602294373323957	31
append_apply_gradient_ops/GradientDescent/update_v/cg/conv1/conv2d/kernel/ApplyGradientDescent	1602294375096750	11
ConstantFolding/tower_0/v/gradients/tower_0/v/cg/conv4/conv2d/Conv2D_grad/ShapeN-matshapes-1	-1	-1
train_ops_group	-1	-1
tower_0/v/cg/dropout0/dropout/dropout/truediv	-1	-1
tower_0/v/gradients/tower_0/v/cg/conv2/conv2d/Conv2D_grad/Conv2DBackpropFilter	1602294374550915	96569
ConstantFolding/tower_0/v/gradients/tower_0/v/cg/conv3/conv2d/Conv2D_grad/ShapeN-matshapes-1	-1	-1
tower_0/v/gradients/tower_0/v/cg/conv4/Relu_grad/ReluGrad	1602294373926403	3427
tower_0/v/cg/affine2/xw_plus_b	1602294373824148	63
v/cg/conv2/conv2d/kernel	-1	-1
tower_0/v/gradients/tower_0/v/l2_loss/L2Loss_4_grad/mul	1602294373324496	16
tower_0/v/gradients/tower_0/v/cg/dropout0/dropout/dropout/mul_1_grad/Mul	1602294373858744	210
ConstantFolding/tower_0/v/gradients/tower_0/v/cg/conv1/conv2d/Conv2D_grad/ShapeN-matshapes-0	-1	-1
tower_0/v/gradients/AddN_5	1602294373917546	839
tower_0/v/gradients/tower_0/v/l2_loss/L2Loss_14_grad/mul	1602294373325690	64
v/cg/affine1/weights	-1	-1
v/cg/conv4/biases	-1	-1
v/cg/affine0/weights	-1	-1
tower_0/v/cg/mpool2/MaxPool	1602294373774385	2210
tower_0/v/gradients/tower_0/v/cg/conv2/Relu_grad/ReluGrad	1602294374475586	5269
tower_0/v/gradients/tower_0/v/cg/dropout0_1/dropout/dropout/mul_grad/Mul	1602294373831890	306
v/cg/conv0/biases/read	-1	-1
tower_0/v/gradients/tower_0/v/cg/conv2/conv2d/Conv2D_grad/Conv2DBackpropInput	1602294374482462	68448
tower_0/v/cg/conv2/Relu	1602294373529689	3418
tower_0/v/gradients/tower_0/v/cg/conv0/BiasAdd_grad/BiasAddGrad	1602294375113171	4378
tower_0/v/gradients/AddN_14	1602294375183618	4
tower_0/v/gradients/tower_0/v/cg/conv0/conv2d/Conv2D_grad/Conv2DBackpropFilter	1602294375117554	66062
tower_0/v/l2_loss/L2Loss_5	1602294373324515	6
tower_0/v/add	1602294373831877	5
tower_0/v/cg/dropout0_1/dropout/dropout/GreaterEqual	1602294373385960	158
tower_0/v/gradients/tower_0/v/cg/conv3/conv2d/Conv2D_grad/Conv2DBackpropFilter	1602294374292274	183282
ConstantFolding/tower_0/v/gradients/tower_0/v/cg/conv3/conv2d/Conv2D_grad/ShapeN-matshapes-0	-1	-1
append_apply_gradient_ops/GradientDescent/update_v/cg/conv4/conv2d/kernel/ApplyGradientDescent	1602294374475557	21
append_apply_gradient_ops/GradientDescent/update_v/cg/affine1/weights/ApplyGradientDescent	1602294373859647	373
tower_0/v/cg/conv1/BiasAdd	1602294373457230	9707
tower_0/v/cg/affine1/xw_plus_b	1602294373820056	245
tower_0/v/gradients/tower_0/v/cg/mpool0/MaxPool_grad/MaxPoolGrad	1602294375070452	26297
v/cg/conv4/biases/read	-1	-1
tower_0/v/cg/conv2/BiasAdd	1602294373525242	4445
ConstantFolding/average_loss/Mean/input_const_axis	-1	-1
v/cg/conv4/conv2d/kernel/read	-1	-1
tower_0/v/cg/affine1/xw_plus_b/MatMul	1602294373806903	13150
tower_0/v/gradients/tower_0/v/cg/affine1/xw_plus_b/MatMul_grad/MatMul_1	1602294373846064	12669
tower_0/v/cg/dropout0/dropout/dropout/random_uniform/RandomUniform	1602294373302477	216
v/cg/conv3/biases/read	-1	-1
tower_0/v/l2_loss/L2Loss_1	1602294373324446	6
tower_0/v/cg/dropout0_1/dropout/dropout/mul_1	1602294373820517	306
tower_0/v/gradients/tower_0/v/cg/conv4/BiasAdd_grad/BiasAddGrad	1602294373929835	1047
append_apply_gradient_ops/GradientDescent/update_v/cg/conv3/conv2d/kernel/ApplyGradientDescent	1602294374647485	33
tower_0/v/cg/conv3/conv2d/Conv2D	1602294373533108	136749
v/cg/affine2/weights	-1	-1
average_loss/Mean/_42	1602294373859335	6
tower_0/v/cg/dropout0_1/dropout/dropout/random_uniform/mul	-1	-1
main_fetch_group	-1	-1
tower_0/v/gradients/AddN_2	1602294373858738	5
tower_0/v/alexnet_synthetic_labels/max	-1	-1
tower_0/v/cg/affine1/affine1	1602294373820302	213
v/cg/affine0/weights/read	-1	-1
tower_0/v/gradients/tower_0/v/cg/mpool2/MaxPool_grad/MaxPoolGrad	1602294373918394	7169
v/cg/conv0/biases	-1	-1
tower_0/v/cg/conv4/BiasAdd	1602294373769159	2959
tower_0/v/gradients/tower_0/v/cg/conv1/Relu_grad/ReluGrad	1602294374660189	11698
tower_0/v/gradients/tower_0/v/cg/conv1/BiasAdd_grad/BiasAddGrad	1602294374880131	3365
append_apply_gradient_ops/GradientDescent/update_v/cg/affine0/biases/ApplyGradientDescent	1602294373918386	6
tower_0/v/cg/conv4/conv2d/Conv2D	1602294373677721	91434
tower_0/v/gradients/tower_0/v/l2_loss/L2Loss_13_grad/mul	1602294373325620	5
tower_0/v/gradients/AddN_6	1602294374148676	4
