_SOURCE
tower_0/v/alexnet_synthetic_labels/min
0	256	gpu_host_bfc
tower_0/v/gpu_cached_inputs
0	316594176	GPU_0_bfc
tower_0/v/cg/Reshape/shape
0	256	gpu_host_bfc
tower_0/v/alexnet_synthetic_labels/max
0	256	gpu_host_bfc
tower_0/v/transpose/perm
0	256	gpu_host_bfc
v/cg/conv3/conv2d/kernel
0	5308416	GPU_0_bfc
tower_0/v/alexnet_synthetic_labels/shape
0	256	gpu_host_bfc
v/cg/conv0/conv2d/kernel
0	92928	GPU_0_bfc
tower_0/v/cg/dropout0/dropout/dropout/rate
0	256	GPU_0_bfc
tower_0/v/cg/dropout0/dropout/dropout/Shape
0	256	gpu_host_bfc
gpu_compute_stage_ops_group
tower_0/v/gradients/tower_0/v/cg/Reshape_grad/Shape
0	256	gpu_host_bfc
v/cg/conv3/biases
0	1536	GPU_0_bfc
tower_0/v/cg/dropout0/dropout/dropout/truediv
0	256	GPU_0_bfc
learning_rate_tensor/input
0	256	GPU_0_bfc
v/cg/conv2/conv2d/kernel
0	2654208	GPU_0_bfc
v/cg/affine0/weights
0	150994944	GPU_0_bfc
v/cg/affine1/weights
0	67108864	GPU_0_bfc
tower_0/v/xentropy/sparse_softmax_cross_entropy_loss/num_present
0	256	GPU_0_bfc
v/cg/conv0/biases
0	256	GPU_0_bfc
v/cg/conv4/conv2d/kernel
0	3538944	GPU_0_bfc
v/cg/affine1/biases
0	16384	GPU_0_bfc
v/cg/conv1/conv2d/kernel
0	1228800	GPU_0_bfc
v/cg/conv4/biases
0	1024	GPU_0_bfc
tower_0/v/gradients/tower_0/v/xentropy/sparse_softmax_cross_entropy_loss/xentropy/xentropy_grad/ExpandDims
0	2048	GPU_0_bfc
v/cg/conv1/biases
0	768	GPU_0_bfc
v/cg/affine0/biases
0	16384	GPU_0_bfc
v/cg/affine2/weights
0	16400384	GPU_0_bfc
tower_0/v/mul/x
0	256	GPU_0_bfc
v/cg/conv2/biases
0	1536	GPU_0_bfc
v/cg/affine2/biases
0	4096	GPU_0_bfc
tower_0/v/xentropy/sparse_softmax_cross_entropy_loss/Const_1
0	256	gpu_host_bfc
tower_0/v/gpu_cached_inputs/read
0	316594176	GPU_0_bfc
v/cg/conv3/conv2d/kernel/read
0	5308416	GPU_0_bfc
tower_0/v/alexnet_synthetic_labels
0	2048	GPU_0_bfc
v/cg/conv0/conv2d/kernel/read
0	92928	GPU_0_bfc
tower_0/v/cg/dropout0/dropout/dropout/random_uniform/RandomUniform
0	8388608	GPU_0_bfc
tower_0/v/cg/dropout0_1/dropout/dropout/random_uniform/RandomUniform
0	8388608	GPU_0_bfc
v/cg/conv3/biases/read
0	1536	GPU_0_bfc
v/cg/conv2/conv2d/kernel/read
0	2654208	GPU_0_bfc
v/cg/affine0/weights/read
0	150994944	GPU_0_bfc
v/cg/affine1/weights/read
0	67108864	GPU_0_bfc
v/cg/conv0/biases/read
0	256	GPU_0_bfc
v/cg/conv4/conv2d/kernel/read
0	3538944	GPU_0_bfc
v/cg/affine1/biases/read
0	16384	GPU_0_bfc
v/cg/conv1/conv2d/kernel/read
0	1228800	GPU_0_bfc
v/cg/conv4/biases/read
0	1024	GPU_0_bfc
v/cg/conv1/biases/read
0	768	GPU_0_bfc
v/cg/affine0/biases/read
0	16384	GPU_0_bfc
v/cg/affine2/weights/read
0	16400384	GPU_0_bfc
v/cg/conv2/biases/read
0	1536	GPU_0_bfc
v/cg/affine2/biases/read
0	4096	GPU_0_bfc
tower_0/v/transpose
0	316594176	GPU_0_bfc
tower_0/v/l2_loss/L2Loss_6
0	256	GPU_0_bfc
tower_0/v/gradients/tower_0/v/l2_loss/L2Loss_6_grad/mul
0	5308416	GPU_0_bfc
tower_0/v/l2_loss/L2Loss
0	256	GPU_0_bfc
tower_0/v/gradients/tower_0/v/l2_loss/L2Loss_grad/mul
0	92928	GPU_0_bfc
tower_0/v/cg/dropout0/dropout/dropout/random_uniform/mul
0	8388608	GPU_0_bfc
tower_0/v/cg/dropout0_1/dropout/dropout/random_uniform/mul
0	8388608	GPU_0_bfc
tower_0/v/l2_loss/L2Loss_7
0	256	GPU_0_bfc
tower_0/v/gradients/tower_0/v/l2_loss/L2Loss_7_grad/mul
0	1536	GPU_0_bfc
tower_0/v/l2_loss/L2Loss_4
0	256	GPU_0_bfc
tower_0/v/gradients/tower_0/v/l2_loss/L2Loss_4_grad/mul
0	2654208	GPU_0_bfc
tower_0/v/l2_loss/L2Loss_10
0	256	GPU_0_bfc
tower_0/v/gradients/tower_0/v/l2_loss/L2Loss_10_grad/mul
0	150994944	GPU_0_bfc
tower_0/v/l2_loss/L2Loss_12
0	256	GPU_0_bfc
tower_0/v/gradients/tower_0/v/l2_loss/L2Loss_12_grad/mul
0	67108864	GPU_0_bfc
tower_0/v/l2_loss/L2Loss_1
0	256	GPU_0_bfc
tower_0/v/gradients/tower_0/v/l2_loss/L2Loss_1_grad/mul
0	256	GPU_0_bfc
tower_0/v/l2_loss/L2Loss_8
0	256	GPU_0_bfc
tower_0/v/gradients/tower_0/v/l2_loss/L2Loss_8_grad/mul
0	3538944	GPU_0_bfc
tower_0/v/l2_loss/L2Loss_13
0	256	GPU_0_bfc
tower_0/v/gradients/tower_0/v/l2_loss/L2Loss_13_grad/mul
0	16384	GPU_0_bfc
tower_0/v/l2_loss/L2Loss_2
0	256	GPU_0_bfc
tower_0/v/gradients/tower_0/v/l2_loss/L2Loss_2_grad/mul
0	1228800	GPU_0_bfc
tower_0/v/l2_loss/L2Loss_9
0	256	GPU_0_bfc
tower_0/v/gradients/tower_0/v/l2_loss/L2Loss_9_grad/mul
0	1024	GPU_0_bfc
tower_0/v/l2_loss/L2Loss_3
0	256	GPU_0_bfc
tower_0/v/gradients/tower_0/v/l2_loss/L2Loss_3_grad/mul
0	768	GPU_0_bfc
tower_0/v/l2_loss/L2Loss_11
0	256	GPU_0_bfc
tower_0/v/gradients/tower_0/v/l2_loss/L2Loss_11_grad/mul
0	16384	GPU_0_bfc
tower_0/v/l2_loss/L2Loss_14
0	256	GPU_0_bfc
tower_0/v/gradients/tower_0/v/l2_loss/L2Loss_14_grad/mul
0	16400384	GPU_0_bfc
tower_0/v/l2_loss/L2Loss_5
0	256	GPU_0_bfc
tower_0/v/gradients/tower_0/v/l2_loss/L2Loss_5_grad/mul
0	1536	GPU_0_bfc
tower_0/v/l2_loss/L2Loss_15
0	256	GPU_0_bfc
tower_0/v/gradients/tower_0/v/l2_loss/L2Loss_15_grad/mul
0	4096	GPU_0_bfc
tower_0/v/cg/conv0/conv2d/Conv2D
0	396492800	GPU_0_bfc
ConstantFolding/tower_0/v/gradients/tower_0/v/cg/conv0/conv2d/Conv2D_grad/ShapeN-matshapes-1
0	256	gpu_host_bfc
tower_0/v/cg/dropout0/dropout/dropout/GreaterEqual
0	2097152	GPU_0_bfc
tower_0/v/cg/dropout0_1/dropout/dropout/GreaterEqual
0	2097152	GPU_0_bfc
tower_0/v/l2_loss/AddN
0	256	GPU_0_bfc
tower_0/v/cg/conv0/BiasAdd
0	396492800	GPU_0_bfc
tower_0/v/cg/dropout0/dropout/dropout/Cast
0	14680064	GPU_0_bfc
tower_0/v/cg/dropout0_1/dropout/dropout/Cast
0	8388608	GPU_0_bfc
tower_0/v/mul
0	256	GPU_0_bfc
tower_0/v/cg/conv0/Relu
0	396492800	GPU_0_bfc
tower_0/v/cg/dropout0/dropout/dropout/mul
0	8388608	GPU_0_bfc
tower_0/v/cg/dropout0_1/dropout/dropout/mul
0	8388608	GPU_0_bfc
tower_0/v/cg/mpool0/MaxPool
0	95551488	GPU_0_bfc
tower_0/v/cg/conv1/conv2d/Conv2D
0	286654464	GPU_0_bfc
ConstantFolding/tower_0/v/gradients/tower_0/v/cg/conv1/conv2d/Conv2D_grad/ShapeN-matshapes-0
0	256	gpu_host_bfc
ConstantFolding/tower_0/v/gradients/tower_0/v/cg/conv1/conv2d/Conv2D_grad/ShapeN-matshapes-1
0	256	gpu_host_bfc
tower_0/v/cg/conv1/BiasAdd
0	286654464	GPU_0_bfc
tower_0/v/cg/conv1/Relu
0	286654464	GPU_0_bfc
tower_0/v/cg/mpool1/MaxPool
0	66453504	GPU_0_bfc
tower_0/v/cg/conv2/conv2d/Conv2D
0	132907008	GPU_0_bfc
ConstantFolding/tower_0/v/gradients/tower_0/v/cg/conv2/conv2d/Conv2D_grad/ShapeN-matshapes-0
0	256	gpu_host_bfc
ConstantFolding/tower_0/v/gradients/tower_0/v/cg/conv2/conv2d/Conv2D_grad/ShapeN-matshapes-1
0	256	gpu_host_bfc
tower_0/v/cg/conv2/BiasAdd
0	132907008	GPU_0_bfc
tower_0/v/cg/conv2/Relu
0	132907008	GPU_0_bfc
tower_0/v/cg/conv3/conv2d/Conv2D
0	132907008	GPU_0_bfc
ConstantFolding/tower_0/v/gradients/tower_0/v/cg/conv3/conv2d/Conv2D_grad/ShapeN-matshapes-0
0	256	gpu_host_bfc
ConstantFolding/tower_0/v/gradients/tower_0/v/cg/conv3/conv2d/Conv2D_grad/ShapeN-matshapes-1
0	256	gpu_host_bfc
tower_0/v/cg/conv3/BiasAdd
0	132907008	GPU_0_bfc
tower_0/v/cg/conv3/Relu
0	132907008	GPU_0_bfc
tower_0/v/cg/conv4/conv2d/Conv2D
0	88604672	GPU_0_bfc
ConstantFolding/tower_0/v/gradients/tower_0/v/cg/conv4/conv2d/Conv2D_grad/ShapeN-matshapes-0
0	256	gpu_host_bfc
ConstantFolding/tower_0/v/gradients/tower_0/v/cg/conv4/conv2d/Conv2D_grad/ShapeN-matshapes-1
0	256	gpu_host_bfc
tower_0/v/cg/conv4/BiasAdd
0	88604672	GPU_0_bfc
tower_0/v/cg/conv4/Relu
0	88604672	GPU_0_bfc
tower_0/v/cg/mpool2/MaxPool
0	18874368	GPU_0_bfc
tower_0/v/cg/Reshape
0	18874368	GPU_0_bfc
tower_0/v/cg/affine0/xw_plus_b/MatMul
0	8388608	GPU_0_bfc
tower_0/v/cg/affine0/xw_plus_b
0	8388608	GPU_0_bfc
tower_0/v/cg/affine0/affine0
0	8388608	GPU_0_bfc
tower_0/v/cg/dropout0/dropout/dropout/mul_1
0	8388608	GPU_0_bfc
tower_0/v/cg/affine1/xw_plus_b/MatMul
0	8388608	GPU_0_bfc
tower_0/v/cg/affine1/xw_plus_b
0	8388608	GPU_0_bfc
tower_0/v/cg/affine1/affine1
0	8388608	GPU_0_bfc
tower_0/v/cg/dropout0_1/dropout/dropout/mul_1
0	8388608	GPU_0_bfc
tower_0/v/cg/affine2/xw_plus_b/MatMul
0	2097152	GPU_0_bfc
tower_0/v/cg/affine2/xw_plus_b
0	2097152	GPU_0_bfc
tower_0/v/xentropy/sparse_softmax_cross_entropy_loss/xentropy/xentropy
0	2048	GPU_0_bfc
1	2097152	GPU_0_bfc
tower_0/v/xentropy/sparse_softmax_cross_entropy_loss/Mul
0	2048	GPU_0_bfc
tower_0/v/gradients/tower_0/v/xentropy/sparse_softmax_cross_entropy_loss/xentropy/xentropy_grad/mul
0	2097152	GPU_0_bfc
tower_0/v/xentropy/sparse_softmax_cross_entropy_loss/Sum
0	256	GPU_0_bfc
tower_0/v/gradients/tower_0/v/cg/affine2/xw_plus_b_grad/BiasAddGrad
0	4096	GPU_0_bfc
tower_0/v/gradients/tower_0/v/cg/affine2/xw_plus_b/MatMul_grad/MatMul
0	8388608	GPU_0_bfc
tower_0/v/gradients/tower_0/v/cg/affine2/xw_plus_b/MatMul_grad/MatMul_1
0	16400384	GPU_0_bfc
tower_0/v/xentropy/sparse_softmax_cross_entropy_loss/value
0	256	GPU_0_bfc
tower_0/v/gradients/AddN
0	4096	GPU_0_bfc
tower_0/v/gradients/tower_0/v/cg/dropout0_1/dropout/dropout/mul_1_grad/Mul
0	8388608	GPU_0_bfc
tower_0/v/gradients/AddN_1
0	16400384	GPU_0_bfc
tower_0/v/add
0	256	GPU_0_bfc
append_apply_gradient_ops/GradientDescent/update_v/cg/affine2/biases/ApplyGradientDescent
0	4096	GPU_0_bfc
tower_0/v/gradients/tower_0/v/cg/dropout0_1/dropout/dropout/mul_grad/Mul
0	8388608	GPU_0_bfc
append_apply_gradient_ops/GradientDescent/update_v/cg/affine2/weights/ApplyGradientDescent
0	16400384	GPU_0_bfc
ConstantFolding/average_loss/Mean/input_const_axis
0	256	gpu_host_bfc
tower_0/v/gradients/tower_0/v/cg/affine1/affine1_grad/ReluGrad
0	8388608	GPU_0_bfc
average_loss/Mean/input
0	256	GPU_0_bfc
tower_0/v/gradients/tower_0/v/cg/affine1/xw_plus_b_grad/BiasAddGrad
0	16384	GPU_0_bfc
tower_0/v/gradients/tower_0/v/cg/affine1/xw_plus_b/MatMul_grad/MatMul
0	8388608	GPU_0_bfc
tower_0/v/gradients/tower_0/v/cg/affine1/xw_plus_b/MatMul_grad/MatMul_1
0	67108864	GPU_0_bfc
average_loss/Mean
0	256	GPU_0_bfc
tower_0/v/gradients/AddN_2
0	16384	GPU_0_bfc
tower_0/v/gradients/tower_0/v/cg/dropout0/dropout/dropout/mul_1_grad/Mul
0	8388608	GPU_0_bfc
tower_0/v/gradients/AddN_3
0	67108864	GPU_0_bfc
append_apply_gradient_ops/GradientDescent/update_v/cg/affine1/biases/ApplyGradientDescent
0	16384	GPU_0_bfc
tower_0/v/gradients/tower_0/v/cg/dropout0/dropout/dropout/mul_grad/Mul
0	14680064	GPU_0_bfc
append_apply_gradient_ops/GradientDescent/update_v/cg/affine1/weights/ApplyGradientDescent
0	67108864	GPU_0_bfc
tower_0/v/gradients/tower_0/v/cg/affine0/affine0_grad/ReluGrad
0	14680064	GPU_0_bfc
tower_0/v/gradients/tower_0/v/cg/affine0/xw_plus_b_grad/BiasAddGrad
0	16896	GPU_0_bfc
tower_0/v/gradients/tower_0/v/cg/affine0/xw_plus_b/MatMul_grad/MatMul
0	25165824	GPU_0_bfc
tower_0/v/gradients/tower_0/v/cg/affine0/xw_plus_b/MatMul_grad/MatMul_1
0	150994944	GPU_0_bfc
tower_0/v/gradients/AddN_4
0	16896	GPU_0_bfc
tower_0/v/gradients/tower_0/v/cg/Reshape_grad/Reshape
0	25165824	GPU_0_bfc
tower_0/v/gradients/AddN_5
0	150994944	GPU_0_bfc
append_apply_gradient_ops/GradientDescent/update_v/cg/affine0/biases/ApplyGradientDescent
0	16384	GPU_0_bfc
tower_0/v/gradients/tower_0/v/cg/mpool2/MaxPool_grad/MaxPoolGrad
0	88604672	GPU_0_bfc
append_apply_gradient_ops/GradientDescent/update_v/cg/affine0/weights/ApplyGradientDescent
0	150994944	GPU_0_bfc
tower_0/v/gradients/tower_0/v/cg/conv4/Relu_grad/ReluGrad
0	88604672	GPU_0_bfc
tower_0/v/gradients/tower_0/v/cg/conv4/BiasAdd_grad/BiasAddGrad
0	1024	GPU_0_bfc
tower_0/v/gradients/tower_0/v/cg/conv4/conv2d/Conv2D_grad/Conv2DBackpropInput
0	132907008	GPU_0_bfc
tower_0/v/gradients/tower_0/v/cg/conv4/conv2d/Conv2D_grad/Conv2DBackpropFilter
0	3538944	GPU_0_bfc
tower_0/v/gradients/AddN_6
0	1024	GPU_0_bfc
tower_0/v/gradients/tower_0/v/cg/conv3/Relu_grad/ReluGrad
0	132907008	GPU_0_bfc
tower_0/v/gradients/AddN_7
0	3538944	GPU_0_bfc
append_apply_gradient_ops/GradientDescent/update_v/cg/conv4/biases/ApplyGradientDescent
0	1024	GPU_0_bfc
tower_0/v/gradients/tower_0/v/cg/conv3/BiasAdd_grad/BiasAddGrad
0	1536	GPU_0_bfc
tower_0/v/gradients/tower_0/v/cg/conv3/conv2d/Conv2D_grad/Conv2DBackpropInput
0	132907008	GPU_0_bfc
tower_0/v/gradients/tower_0/v/cg/conv3/conv2d/Conv2D_grad/Conv2DBackpropFilter
0	5308416	GPU_0_bfc
append_apply_gradient_ops/GradientDescent/update_v/cg/conv4/conv2d/kernel/ApplyGradientDescent
0	3538944	GPU_0_bfc
tower_0/v/gradients/AddN_8
0	1536	GPU_0_bfc
tower_0/v/gradients/tower_0/v/cg/conv2/Relu_grad/ReluGrad
0	132907008	GPU_0_bfc
tower_0/v/gradients/AddN_9
0	5308416	GPU_0_bfc
append_apply_gradient_ops/GradientDescent/update_v/cg/conv3/biases/ApplyGradientDescent
0	1536	GPU_0_bfc
tower_0/v/gradients/tower_0/v/cg/conv2/BiasAdd_grad/BiasAddGrad
0	1536	GPU_0_bfc
tower_0/v/gradients/tower_0/v/cg/conv2/conv2d/Conv2D_grad/Conv2DBackpropInput
0	66453504	GPU_0_bfc
tower_0/v/gradients/tower_0/v/cg/conv2/conv2d/Conv2D_grad/Conv2DBackpropFilter
0	3538944	GPU_0_bfc
append_apply_gradient_ops/GradientDescent/update_v/cg/conv3/conv2d/kernel/ApplyGradientDescent
0	5308416	GPU_0_bfc
tower_0/v/gradients/AddN_10
0	1536	GPU_0_bfc
tower_0/v/gradients/tower_0/v/cg/mpool1/MaxPool_grad/MaxPoolGrad
0	286654464	GPU_0_bfc
tower_0/v/gradients/AddN_11
0	3538944	GPU_0_bfc
append_apply_gradient_ops/GradientDescent/update_v/cg/conv2/biases/ApplyGradientDescent
0	1536	GPU_0_bfc
tower_0/v/gradients/tower_0/v/cg/conv1/Relu_grad/ReluGrad
0	286654464	GPU_0_bfc
append_apply_gradient_ops/GradientDescent/update_v/cg/conv2/conv2d/kernel/ApplyGradientDescent
0	2654208	GPU_0_bfc
tower_0/v/gradients/tower_0/v/cg/conv1/conv2d/Conv2D_grad/Conv2DBackpropFilter
0	1228800	GPU_0_bfc
tower_0/v/gradients/tower_0/v/cg/conv1/BiasAdd_grad/BiasAddGrad
0	768	GPU_0_bfc
tower_0/v/gradients/tower_0/v/cg/conv1/conv2d/Conv2D_grad/Conv2DBackpropInput
0	125209344	GPU_0_bfc
tower_0/v/gradients/AddN_13
0	1228800	GPU_0_bfc
tower_0/v/gradients/AddN_12
0	768	GPU_0_bfc
tower_0/v/gradients/tower_0/v/cg/mpool0/MaxPool_grad/MaxPoolGrad
0	396492800	GPU_0_bfc
append_apply_gradient_ops/GradientDescent/update_v/cg/conv1/conv2d/kernel/ApplyGradientDescent
0	1228800	GPU_0_bfc
append_apply_gradient_ops/GradientDescent/update_v/cg/conv1/biases/ApplyGradientDescent
0	768	GPU_0_bfc
tower_0/v/gradients/tower_0/v/cg/conv0/Relu_grad/ReluGrad
0	396492800	GPU_0_bfc
tower_0/v/gradients/tower_0/v/cg/conv0/BiasAdd_grad/BiasAddGrad
0	256	GPU_0_bfc
tower_0/v/gradients/tower_0/v/cg/conv0/conv2d/Conv2D_grad/Conv2DBackpropFilter
0	92928	GPU_0_bfc
tower_0/v/gradients/AddN_14
0	256	GPU_0_bfc
tower_0/v/gradients/AddN_15
0	92928	GPU_0_bfc
append_apply_gradient_ops/GradientDescent/update_v/cg/conv0/biases/ApplyGradientDescent
0	256	GPU_0_bfc
append_apply_gradient_ops/GradientDescent/update_v/cg/conv0/conv2d/kernel/ApplyGradientDescent
0	92928	GPU_0_bfc
append_apply_gradient_ops/GradientDescent
main_fetch_group
train_ops_group
main_fetch_group/_38
0	0	
