1602294371383138	54919168
1602294371383281	54919168
1602294371383453	13568
1602294371383537	2072702720
1602294371383618	256
1602294371383685	768
1602294371383747	256
1602294371383770	9216
1602294371383843	-9216
1602294371383871	3538944
1602294371383934	256
1602294371383987	1024
1602294371384039	256
1602294371384054	9216
1602294371384118	-9216
1602294371384142	67108864
1602294371384205	256
1602294371384259	256
1602294371384310	256
1602294371384324	9216
1602294371384417	-9216
1602294371384447	2654208
1602294371384538	256
1602294371384612	1536
1602294371384674	256
1602294371384692	9216
1602294371384771	-9216
1602294371384800	150994944
1602294371384878	256
1602294371384944	4096
1602294371385007	256
1602294371385010	256
1602294371385080	-256
1602294371385107	92928
1602294371385197	256
1602294371385262	16384
1602294371385323	256
1602294371385342	9216
1602294371385422	-9216
1602294371385451	1228800
1602294371385522	256
1602294371385539	9216
1602294371385617	-9216
1602294371385646	5308416
1602294371385715	256
1602294371385782	16384
1602294371385845	256
1602294371385862	9216
1602294371385939	-9216
1602294371385966	16400384
1602294371386038	256
1602294371386103	1536
1602294371386173	2595788800
1602294371386185	92928
1602294371386288	18176
1602294371386428	-18176
1602294371386434	-92928
1602294371386498	13729792
1602294371386562	-54919168
1602294371386591	13729792
1602294371386642	-54919168
1602294371386759	-256
1602294371386761	-256
1602294371386762	-256
1602294371386763	-256
1602294371386764	-256
1602294371386765	-256
1602294371386765	-256
1602294371386767	-256
1602294371386768	-256
1602294371386769	-256
1602294371386770	-256
1602294371386770	-256
1602294371386771	-256
1602294371386772	-256
1602294371386773	-256
1602294371386859	96108544
1602294371386913	-13729792
1602294371386940	54919168
1602294371386991	-13729792
1602294371387150	54919168
1602294371387223	54919168
1602294371387303	625563648
1602294371387445	1876690944
1602294371387454	1228800
1602294371387539	3788005376
1602294371387895	-3788005376
1602294371387901	-1228800
1602294371388125	435062784
1602294371388235	870125568
1602294371388243	2654208
1602294371388324	2968289280
1602294371388693	-2968289280
1602294371388699	-2654208
1602294371388909	870125568
1602294371388917	5308416
1602294371388994	14747136
1602294371389178	-14747136
1602294371389183	-5308416
1602294371389384	580083712
1602294371389392	3538944
1602294371389466	10190848
1602294371389600	-10190848
1602294371389604	-3538944
1602294371389807	123568128
1602294371389932	54919168
1602294371390230	54919168
1602294371390502	13729792
1602294371390653	13568
1602294371390657	13568
1602294371390918	-13568
1602294371390932	-13568
1602294371391045	256
1602294371391107	-13568
1602294371391126	4096
1602294371391231	54919168
1602294371391325	16400384
1602294371391391	-54919168
1602294371391393	-13729792
1602294371391542	-4096
1602294371391669	-16400384
1602294371391738	-256
1602294371391808	-4096
1602294371391873	-54919168
1602294371391937	-16400384
1602294371392020	-54919168
1602294371392061	16384
1602294371392150	54919168
1602294371392244	67108864
1602294371392309	-54919168
1602294371392311	-54919168
1602294371392423	-16384
1602294371392562	-67108864
1602294371392804	-16384
1602294371392896	-54919168
1602294371392974	-67108864
1602294371393074	-54919168
1602294371393095	16384
1602294371393182	164757504
1602294371393285	150994944
1602294371393352	-96108544
1602294371393442	-16384
1602294371393536	-150994944
1602294371393604	-16384
1602294371393631	580083712
1602294371393745	-123568128
1602294371393748	-164757504
1602294371393842	-150994944
1602294371393911	-580083712
1602294371393938	1024
1602294371393963	580083712
1602294371394014	32768
1602294371394090	-32768
1602294371394094	-580083712
1602294371394138	870125568
1602294371394153	3538944
1602294371394209	870125568
1602294371394246	12878592
1602294371394406	-870125568
1602294371394412	-12878592
1602294371394413	-3538944
1602294371394462	3538944
1602294371394478	3538944
1602294371394515	3328
1602294371394790	-3328
1602294371394796	-3538944
1602294371394811	-580083712
1602294371394896	-1024
1602294371394980	-870125568
1602294371395052	-3538944
1602294371395122	-1024
1602294371395141	1536
1602294371395186	870125568
1602294371395249	49152
1602294371395310	-49152
1602294371395313	-870125568
1602294371395361	870125568
1602294371395373	5308416
1602294371395428	870125568
1602294371395461	14747136
1602294371395613	-870125568
1602294371395618	-14747136
1602294371395621	-5308416
1602294371395667	5308416
1602294371395680	7570176
1602294371395713	3072
1602294371395923	-3072
1602294371395929	-7570176
1602294371395944	-870125568
1602294371396042	-3538944
1602294371396115	-1536
1602294371396185	-870125568
1602294371396257	-5308416
1602294371396330	-1536
1602294371396348	1536
1602294371396391	870125568
1602294371396450	49152
1602294371396513	-49152
1602294371396517	-870125568
1602294371396558	435062784
1602294371396569	2654208
1602294371396631	435062784
1602294371396664	8847616
1602294371396810	-435062784
1602294371396814	-8847616
1602294371396816	-2654208
1602294371396873	2654208
1602294371396886	4917504
1602294371396917	3328
1602294371397131	-3328
1602294371397137	-4917504
1602294371397151	-870125568
1602294371397241	-5308416
1602294371397306	-1536
1602294371397333	1876690944
1602294371397417	-435062784
1602294371397420	-435062784
1602294371397506	-2654208
1602294371397571	-1536
1602294371397642	-1876690944
1602294371397711	-2654208
1602294371397730	1228800
1602294371397743	1228800
1602294371397775	6400
1602294371397975	-6400
1602294371397980	-1228800
1602294371398028	768
1602294371398055	1876690944
1602294371398106	24576
1602294371398169	-24576
1602294371398173	-1876690944
1602294371398210	625563648
1602294371398221	1228800
1602294371398272	625563648
1602294371398303	6656
1602294371398454	-625563648
1602294371398459	-6656
1602294371398461	-1228800
1602294371398474	-1876690944
1602294371398565	-1228800
1602294371398627	-768
1602294371398653	2595788800
1602294371398752	-625563648
1602294371398755	-625563648
1602294371398846	-1228800
1602294371398916	-768
1602294371398984	-2595788800
1602294371399002	256
1602294371399026	2595788800
1602294371399041	256
1602294371399101	-256
1602294371399109	8192
1602294371399170	-8192
1602294371399173	-2595788800
1602294371399211	92928
1602294371399224	92928
1602294371399265	42496
1602294371399489	-42496
1602294371399495	-92928
1602294371399510	-2072702720
1602294371399511	-2595788800
1602294371399591	-256
1602294371399662	-92928
1602294371399731	-256
1602294371399793	-92928
1602294371939112	-256
