1602294373302437	54919168
1602294373302597	54919168
1602294373302807	13568
1602294373303883	2072702720
1602294373304000	256
1602294373304085	768
1602294373304165	256
1602294373304193	9216
1602294373304287	-9216
1602294373304323	3538944
1602294373304416	256
1602294373304485	1024
1602294373304549	256
1602294373304567	9216
1602294373304646	-9216
1602294373305653	67108864
1602294373305755	256
1602294373305827	256
1602294373305892	256
1602294373305911	9216
1602294373305993	-9216
1602294373306028	2654208
1602294373306134	256
1602294373306202	1536
1602294373306267	256
1602294373306285	9216
1602294373306362	-9216
1602294373307366	150994944
1602294373307465	256
1602294373307536	4096
1602294373307601	256
1602294373307604	256
1602294373307678	-256
1602294373307707	92928
1602294373307776	256
1602294373307838	16384
1602294373307901	256
1602294373307920	9216
1602294373308001	-9216
1602294373308033	1228800
1602294373308106	256
1602294373308124	9216
1602294373308202	-9216
1602294373308232	5308416
1602294373308304	256
1602294373308385	16384
1602294373308456	256
1602294373308474	9216
1602294373308556	-9216
1602294373308587	16400384
1602294373308661	256
1602294373308730	1536
1602294373309783	2595788800
1602294373309804	92928
1602294373309940	18176
1602294373310151	-18176
1602294373310158	-92928
1602294373310231	13729792
1602294373310299	-54919168
1602294373310329	13729792
1602294373310384	-54919168
1602294373310509	-256
1602294373310511	-256
1602294373310512	-256
1602294373310513	-256
1602294373310514	-256
1602294373310515	-256
1602294373310516	-256
1602294373310517	-256
1602294373310518	-256
1602294373310519	-256
1602294373310520	-256
1602294373310521	-256
1602294373310522	-256
1602294373310522	-256
1602294373310523	-256
1602294373310618	96108544
1602294373310676	-13729792
1602294373310704	54919168
1602294373310756	-13729792
1602294373311903	54919168
1602294373313003	54919168
1602294373314061	625563648
1602294373314215	1876690944
1602294373314224	1228800
1602294373314310	3788005376
1602294373314575	-3788005376
1602294373314580	-1228800
1602294373314814	435062784
1602294373314927	870125568
1602294373314934	2654208
1602294373315015	2968289280
1602294373315307	-2968289280
1602294373315313	-2654208
1602294373315526	870125568
1602294373315534	5308416
1602294373315608	14747136
1602294373315794	-14747136
1602294373315799	-5308416
1602294373316007	580083712
1602294373316015	3538944
1602294373316086	10190848
1602294373316214	-10190848
1602294373316218	-3538944
1602294373316440	123568128
1602294373316570	54919168
1602294373316887	54919168
1602294373317158	13729792
1602294373317312	13568
1602294373317316	13568
1602294373317579	-13568
1602294373317594	-13568
1602294373317711	256
1602294373317775	-13568
1602294373317796	4096
1602294373317905	54919168
1602294373318002	16400384
1602294373318069	-54919168
1602294373318072	-13729792
1602294373318225	-4096
1602294373318353	-16400384
1602294373318424	-256
1602294373318498	-4096
1602294373318564	-54919168
1602294373318629	-16400384
1602294373318718	-54919168
1602294373318758	16384
1602294373318848	54919168
1602294373318940	67108864
1602294373319002	-54919168
1602294373319004	-54919168
1602294373319098	-16384
1602294373319224	-67108864
1602294373319480	-16384
1602294373319575	-54919168
1602294373319641	-67108864
1602294373319741	-54919168
1602294373319761	16384
1602294373319845	164757504
1602294373319936	150994944
1602294373320007	-96108544
1602294373320087	-16384
1602294373320178	-150994944
1602294373320252	-16384
1602294373320273	580083712
1602294373320400	-123568128
1602294373320403	-164757504
1602294373320484	-150994944
1602294373320562	-580083712
1602294373320582	1024
1602294373320606	580083712
1602294373320666	32768
1602294373320735	-32768
1602294373320739	-580083712
1602294373320786	870125568
1602294373320803	3538944
1602294373320856	870125568
1602294373320908	12878592
1602294373321052	-870125568
1602294373321057	-12878592
1602294373321058	-3538944
1602294373321104	3538944
1602294373321119	3538944
1602294373321156	3328
1602294373321466	-3328
1602294373321472	-3538944
1602294373321486	-580083712
1602294373321576	-1024
1602294373321659	-870125568
1602294373321724	-3538944
1602294373321795	-1024
1602294373321813	1536
1602294373321835	870125568
1602294373321882	49152
1602294373321947	-49152
1602294373321950	-870125568
1602294373321987	870125568
1602294373321998	5308416
1602294373322055	870125568
1602294373322086	14747136
1602294373322212	-870125568
1602294373322217	-14747136
1602294373322219	-5308416
1602294373322272	5308416
1602294373322284	7570176
1602294373322315	3072
1602294373322507	-3072
1602294373322512	-7570176
1602294373322525	-870125568
1602294373322616	-3538944
1602294373322677	-1536
1602294373322746	-870125568
1602294373322816	-5308416
1602294373322886	-1536
1602294373322903	1536
1602294373322927	870125568
1602294373322974	49152
1602294373323037	-49152
1602294373323040	-870125568
1602294373323080	435062784
1602294373323091	2654208
1602294373323140	435062784
1602294373323176	8847616
1602294373323301	-435062784
1602294373323306	-8847616
1602294373323307	-2654208
1602294373323350	2654208
1602294373323362	4917504
1602294373323403	3328
1602294373323607	-3328
1602294373323612	-4917504
1602294373323625	-870125568
1602294373323703	-5308416
1602294373323778	-1536
1602294373323799	1876690944
1602294373323890	-435062784
1602294373323893	-435062784
1602294373323970	-2654208
1602294373324044	-1536
1602294373324113	-1876690944
1602294373324180	-2654208
1602294373324199	1228800
1602294373324212	1228800
1602294373324243	6400
1602294373324483	-6400
1602294373324488	-1228800
1602294373324537	768
1602294373324563	1876690944
1602294373324611	24576
1602294373324666	-24576
1602294373324669	-1876690944
1602294373324715	625563648
1602294373324726	1228800
1602294373324776	625563648
1602294373324805	6656
1602294373324978	-625563648
1602294373324983	-6656
1602294373324985	-1228800
1602294373324998	-1876690944
1602294373325081	-1228800
1602294373325150	-768
1602294373325181	2595788800
1602294373325268	-625563648
1602294373325271	-625563648
1602294373325359	-1228800
1602294373325421	-768
1602294373325491	-2595788800
1602294373325510	256
1602294373326490	2595788800
1602294373326512	256
1602294373326572	-256
1602294373326579	8192
1602294373326645	-8192
1602294373326649	-2595788800
1602294373326689	92928
1602294373326703	92928
1602294373326736	42496
1602294373326998	-42496
1602294373327004	-92928
1602294373327018	-2072702720
1602294373327020	-2595788800
1602294373327098	-256
1602294373327166	-92928
1602294373327229	-256
1602294373327298	-92928
1602294373859469	-256
