1598953230742698	2048
1598953230742825	8388608
1598953230742899	8388608
1598953230742979	256
1598953230743002	9216
1598953230743081	-9216
1598953230743113	150994944
1598953230743186	256
1598953230743205	9216
1598953230743284	-9216
1598953230743312	67108864
1598953230743386	256
1598953230743449	1536
1598953230743509	256
1598953230743526	9216
1598953230743600	-9216
1598953230743628	3538944
1598953230743696	256
1598953230743757	16384
1598953230743815	256
1598953230743875	768
1598953230743936	256
1598953230743994	1024
1598953230744055	256
1598953230744072	9216
1598953230744144	-9216
1598953230744172	16400384
1598953230744240	256
1598953230744243	256
1598953230744307	-256
1598953230744334	92928
1598953230744394	256
1598953230744452	1536
1598953230744510	256
1598953230744567	4096
1598953230744625	256
1598953230744682	256
1598953230744740	256
1598953230744757	9216
1598953230744831	-9216
1598953230744858	1228800
1598953230744928	316594176
1598953230745004	256
1598953230745065	16384
1598953230745125	256
1598953230745142	9216
1598953230745213	-9216
1598953230745241	5308416
1598953230745335	256
1598953230745353	9216
1598953230745426	-9216
1598953230745454	2654208
1598953230745525	396492800
1598953230745534	92928
1598953230745619	18176
1598953230745727	-18176
1598953230745732	-92928
1598953230745791	2097152
1598953230745848	-8388608
1598953230745873	2097152
1598953230745922	-8388608
1598953230746026	-256
1598953230746028	-256
1598953230746029	-256
1598953230746030	-256
1598953230746031	-256
1598953230746032	-256
1598953230746032	-256
1598953230746033	-256
1598953230746034	-256
1598953230746035	-256
1598953230746036	-256
1598953230746037	-256
1598953230746038	-256
1598953230746039	-256
1598953230746040	-256
1598953230746132	14680320
1598953230746182	-2097152
1598953230746207	8388608
1598953230746254	-2097152
1598953230746392	8388608
1598953230746461	8388608
1598953230746533	95551488
1598953230746637	286654464
1598953230746645	2097152
1598953230746720	623927296
1598953230746929	-623927296
1598953230746934	-2097152
1598953230747136	66453504
1598953230747233	132907008
1598953230747241	2654208
1598953230747314	455639040
1598953230747498	-455639040
1598953230747502	-2654208
1598953230747690	132907008
1598953230747698	5308416
1598953230747767	798031872
1598953230747946	-798031872
1598953230747949	-5308416
1598953230748135	88604672
1598953230748143	3538944
1598953230748210	683016192
1598953230748387	-683016192
1598953230748391	-3538944
1598953230748577	18874368
1598953230748687	8388608
1598953230748982	8388608
1598953230749258	2097152
1598953230749420	2048
1598953230749423	2048
1598953230749643	-2048
1598953230749657	-2048
1598953230749755	256
1598953230749807	-2048
1598953230749826	4096
1598953230749906	8388608
1598953230750014	16400384
1598953230750073	-8388608
1598953230750074	-2097152
1598953230750235	-4096
1598953230750357	-16400384
1598953230750417	-256
1598953230750479	-4096
1598953230750539	-8388608
1598953230750600	-16400384
1598953230750677	-8388608
1598953230750711	16384
1598953230750791	8388608
1598953230750899	67108864
1598953230750957	-8388608
1598953230750959	-8388608
1598953230751063	-16384
1598953230751210	-67108864
1598953230751399	-16384
1598953230751464	-8388608
1598953230751536	-67108864
1598953230751596	-8388608
1598953230751618	16896
1598953230751701	25165824
1598953230751792	150994944
1598953230751849	-14680320
1598953230751928	-16384
1598953230752011	-150994944
1598953230752073	-16896
1598953230752095	88604672
1598953230752182	-18874368
1598953230752184	-25165824
1598953230752267	-150994944
1598953230752332	-88604672
1598953230752354	1024
1598953230752377	146279168
1598953230752422	16896
1598953230752479	-16896
1598953230752481	-146279168
1598953230752524	146279168
1598953230752536	3538944
1598953230752587	132907008
1598953230752620	532021248
1598953230752788	-146279168
1598953230752792	-532021248
1598953230752794	-3538944
1598953230752838	3538944
1598953230752851	3538944
1598953230752881	843579392
1598953230753109	-843579392
1598953230753114	-3538944
1598953230753129	-88604672
1598953230753230	-1024
1598953230753304	-132907008
1598953230753367	-3538944
1598953230753432	-1024
1598953230753448	1536
1598953230753471	132907008
1598953230753524	24576
1598953230753581	-24576
1598953230753584	-132907008
1598953230753626	132907008
1598953230753637	5308416
1598953230753688	234883840
1598953230753717	798031872
1598953230753881	-132907008
1598953230753885	-798031872
1598953230753887	-5308416
1598953230753930	5308416
1598953230753941	7553280
1598953230753970	1038876672
1598953230754218	-1038876672
1598953230754224	-7553280
1598953230754239	-132907008
1598953230754321	-3538944
1598953230754391	-1536
1598953230754452	-132907008
1598953230754518	-5308416
1598953230754585	-1536
1598953230754601	1536
1598953230754624	132907008
1598953230754669	24576
1598953230754733	-24576
1598953230754737	-132907008
1598953230754773	66453504
1598953230754783	3540224
1598953230754839	66453504
1598953230754868	625508352
1598953230755027	-66453504
1598953230755030	-625508352
1598953230755033	-3540224
1598953230755074	3540224
1598953230755086	3557632
1598953230755115	812384256
1598953230755340	-812384256
1598953230755345	-3557632
1598953230755359	-234883840
1598953230755449	-5308416
1598953230755516	-1536
1598953230755536	286654464
1598953230755617	-66453504
1598953230755620	-66453504
1598953230755704	-2654208
1598953230755777	-1536
1598953230755839	-286654464
1598953230755907	-3540224
1598953230755925	1228800
1598953230755938	1228800
1598953230755971	805748736
1598953230756164	-805748736
1598953230756170	-1228800
1598953230756212	768
1598953230756237	286654464
1598953230756285	12288
1598953230756349	-12288
1598953230756352	-286654464
1598953230756389	95551488
1598953230756400	1228800
1598953230756448	142889984
1598953230756486	623927296
1598953230756712	-95551488
1598953230756717	-623927296
1598953230756719	-1228800
1598953230756735	-286654464
1598953230756820	-1228800
1598953230756885	-768
1598953230756905	396492800
1598953230756998	-95551488
1598953230757001	-142889984
1598953230757082	-1228800
1598953230757150	-768
1598953230757212	-396492800
1598953230757229	256
1598953230757251	525189888
1598953230757265	256
1598953230757319	-256
1598953230757326	6144
1598953230757384	-6144
1598953230757387	-525189888
1598953230757424	92928
1598953230757437	92928
1598953230757477	42496
1598953230757671	-42496
1598953230757675	-92928
1598953230757690	-316594176
1598953230757692	-396492800
1598953230757768	-256
1598953230757836	-92928
1598953230757900	-256
1598953230757961	-92928
1598953230814039	-256
