tower_0/v/gradients/tower_0/v/cg/conv1/Relu_grad/ReluGrad:0
append_apply_gradient_ops/GradientDescent/update_v/cg/conv1/conv2d/kernel/ApplyGradientDescent:0
v/cg/conv2/conv2d/kernel:0
append_apply_gradient_ops/GradientDescent/update_v/cg/conv2/conv2d/kernel/ApplyGradientDescent:0
v/cg/conv3/biases:0
tower_0/v/gradients/AddN_5:0
append_apply_gradient_ops/GradientDescent/update_v/cg/conv4/conv2d/kernel/ApplyGradientDescent:0
tower_0/v/xentropy/sparse_softmax_cross_entropy_loss/num_present:0
tower_0/v/gradients/AddN_4:0
v/cg/affine2/weights:0
tower_0/v/cg/dropout0/dropout/dropout/truediv:0
append_apply_gradient_ops/GradientDescent/update_v/cg/conv0/conv2d/kernel/ApplyGradientDescent:0
tower_0/v/gradients/tower_0/v/cg/dropout0/dropout/dropout/mul_1_grad/Mul:0
tower_0/v/add:0
tower_0/v/gradients/tower_0/v/cg/dropout0/dropout/dropout/mul_grad/Mul:0
tower_0/v/gradients/tower_0/v/cg/dropout0_1/dropout/dropout/mul_grad/Mul:0
append_apply_gradient_ops/GradientDescent/update_v/cg/affine1/biases/ApplyGradientDescent:0
v/cg/affine0/weights:0
tower_0/v/gradients/AddN_14:0
tower_0/v/xentropy/sparse_softmax_cross_entropy_loss/xentropy/xentropy:1
append_apply_gradient_ops/GradientDescent/update_v/cg/conv3/conv2d/kernel/ApplyGradientDescent:0
tower_0/v/mul/x:0
v/cg/affine2/biases:0
tower_0/v/gradients/AddN_2:0
v/cg/conv3/conv2d/kernel:0
v/cg/conv2/biases:0
v/cg/affine0/biases:0
tower_0/v/gradients/AddN_15:0
tower_0/v/gradients/tower_0/v/xentropy/sparse_softmax_cross_entropy_loss/xentropy/xentropy_grad/mul:0
append_apply_gradient_ops/GradientDescent/update_v/cg/affine2/weights/ApplyGradientDescent:0
append_apply_gradient_ops/GradientDescent/update_v/cg/affine2/biases/ApplyGradientDescent:0
v/cg/conv1/biases:0
tower_0/v/gradients/AddN_8:0
tower_0/v/mul:0
tower_0/v/gradients/AddN_7:0
tower_0/v/cg/dropout0_1/dropout/dropout/random_uniform/mul:0
append_apply_gradient_ops/GradientDescent/update_v/cg/conv3/biases/ApplyGradientDescent:0
tower_0/v/gradients/tower_0/v/cg/affine1/affine1_grad/ReluGrad:0
tower_0/v/gradients/AddN_1:0
learning_rate_tensor/input:0
tower_0/v/gradients/tower_0/v/cg/conv4/Relu_grad/ReluGrad:0
append_apply_gradient_ops/GradientDescent/update_v/cg/affine0/biases/ApplyGradientDescent:0
tower_0/v/xentropy/sparse_softmax_cross_entropy_loss/Mul:0
append_apply_gradient_ops/GradientDescent/update_v/cg/conv0/biases/ApplyGradientDescent:0
tower_0/v/gradients/tower_0/v/cg/conv2/Relu_grad/ReluGrad:0
tower_0/v/gradients/AddN_12:0
append_apply_gradient_ops/GradientDescent/update_v/cg/conv1/biases/ApplyGradientDescent:0
tower_0/v/gradients/AddN_13:0
tower_0/v/cg/dropout0_1/dropout/dropout/mul_1:0
tower_0/v/gradients/tower_0/v/cg/Reshape_grad/Reshape:0
tower_0/v/gradients/tower_0/v/cg/conv0/Relu_grad/ReluGrad:0
tower_0/v/xentropy/sparse_softmax_cross_entropy_loss/value:0
append_apply_gradient_ops/GradientDescent/update_v/cg/affine0/weights/ApplyGradientDescent:0
tower_0/v/gradients/AddN_11:0
append_apply_gradient_ops/GradientDescent/update_v/cg/conv4/biases/ApplyGradientDescent:0
tower_0/v/gradients/tower_0/v/cg/affine0/affine0_grad/ReluGrad:0
v/cg/affine1/biases:0
average_loss/Mean/input:0
tower_0/v/gradients/AddN:0
tower_0/v/cg/dropout0/dropout/dropout/random_uniform/mul:0
tower_0/v/gradients/AddN_3:0
tower_0/v/gradients/AddN_10:0
tower_0/v/l2_loss/AddN:0
v/cg/conv0/biases:0
tower_0/v/gradients/tower_0/v/cg/dropout0_1/dropout/dropout/mul_1_grad/Mul:0
v/cg/conv0/conv2d/kernel:0
append_apply_gradient_ops/GradientDescent/update_v/cg/affine1/weights/ApplyGradientDescent:0
tower_0/v/gpu_cached_inputs:0
average_loss/Mean:0
tower_0/v/cg/dropout0/dropout/dropout/rate:0
v/cg/conv1/conv2d/kernel:0
tower_0/v/gradients/AddN_6:0
tower_0/v/gradients/tower_0/v/xentropy/sparse_softmax_cross_entropy_loss/xentropy/xentropy_grad/ExpandDims:0
v/cg/conv4/conv2d/kernel:0
append_apply_gradient_ops/GradientDescent/update_v/cg/conv2/biases/ApplyGradientDescent:0
v/cg/conv4/biases:0
tower_0/v/cg/dropout0/dropout/dropout/mul_1:0
tower_0/v/gradients/AddN_9:0
tower_0/v/gradients/tower_0/v/cg/conv3/Relu_grad/ReluGrad:0
v/cg/affine1/weights:0
