tower_0/v/alexnet_synthetic_labels/min	-1	-1
v/cg/conv0/conv2d/kernel/read	-1	-1
tower_0/v/gradients/tower_0/v/l2_loss/L2Loss_12_grad/mul	1602294369477583	259
tower_0/v/l2_loss/L2Loss_15	1602294369478799	8
append_apply_gradient_ops/GradientDescent	-1	-1
tower_0/v/gradients/AddN_9	1602294370635876	33
tower_0/v/cg/conv1/conv2d/Conv2D	1602294369575375	35206
ConstantFolding/tower_0/v/gradients/tower_0/v/cg/conv4/conv2d/Conv2D_grad/ShapeN-matshapes-0	-1	-1
tower_0/v/gradients/tower_0/v/cg/conv0/Relu_grad/ReluGrad	1602294371250256	16363
tower_0/v/gradients/tower_0/v/xentropy/sparse_softmax_cross_entropy_loss/xentropy/xentropy_grad/mul	1602294369977898	58
tower_0/v/cg/affine0/xw_plus_b	1602294369959378	245
tower_0/v/cg/dropout0/dropout/dropout/rate	-1	-1
tower_0/v/cg/dropout0/dropout/dropout/GreaterEqual	1602294369539148	159
tower_0/v/gradients/tower_0/v/cg/conv3/Relu_grad/ReluGrad	1602294370303198	5239
tower_0/v/cg/dropout0/dropout/dropout/Cast	1602294369552972	150
append_apply_gradient_ops/GradientDescent/update_v/cg/conv3/biases/ApplyGradientDescent	1602294370635910	5
tower_0/v/cg/conv0/conv2d/Conv2D	1602294369479140	60004
tower_0/v/l2_loss/L2Loss_12	1602294369477443	136
tower_0/v/gradients/tower_0/v/cg/Reshape_grad/Shape	-1	-1
tower_0/v/gpu_cached_inputs/read	-1	-1
tower_0/v/cg/affine0/affine0	1602294369959625	213
tower_0/v/l2_loss/L2Loss	1602294369478821	17
tower_0/v/gradients/AddN_8	1602294370630582	4
tower_0/v/cg/conv2/conv2d/Conv2D	1602294369635303	43280
tower_0/v/gradients/tower_0/v/l2_loss/L2Loss_10_grad/mul	1602294369478214	582
tower_0/v/gradients/AddN_7	1602294370308438	23
tower_0/v/gradients/tower_0/v/xentropy/sparse_softmax_cross_entropy_loss/xentropy/xentropy_grad/ExpandDims	-1	-1
tower_0/v/gradients/tower_0/v/l2_loss/L2Loss_11_grad/mul	1602294369478867	6
tower_0/v/cg/affine0/xw_plus_b/MatMul	1602294369929837	29539
tower_0/v/mul/x	-1	-1
tower_0/v/cg/conv0/Relu	1602294369553289	10285
tower_0/v/gradients/tower_0/v/cg/conv1/conv2d/Conv2D_grad/Conv2DBackpropFilter	1602294370826377	207857
tower_0/v/xentropy/sparse_softmax_cross_entropy_loss/value	1602294369984809	8
append_apply_gradient_ops/GradientDescent/update_v/cg/conv2/conv2d/kernel/ApplyGradientDescent	1602294370826356	19
v/cg/affine0/biases/read	-1	-1
tower_0/v/mul	1602294369553278	5
append_apply_gradient_ops/GradientDescent/update_v/cg/conv4/biases/ApplyGradientDescent	1602294370308464	4
tower_0/v/gradients/tower_0/v/l2_loss/L2Loss_3_grad/mul	1602294369477361	6
v/cg/affine1/biases	-1	-1
tower_0/v/gradients/tower_0/v/l2_loss/L2Loss_9_grad/mul	1602294369477433	6
tower_0/v/gradients/AddN_1	1602294369985039	94
tower_0/v/gradients/tower_0/v/cg/affine2/xw_plus_b_grad/BiasAddGrad	1602294369977978	55
tower_0/v/gradients/tower_0/v/cg/Reshape_grad/Reshape	-1	-1
tower_0/v/gpu_cached_inputs	-1	-1
tower_0/v/cg/dropout0/dropout/dropout/mul_1	1602294369959840	306
v/cg/conv4/conv2d/kernel	-1	-1
v/cg/conv1/biases/read	-1	-1
tower_0/v/xentropy/sparse_softmax_cross_entropy_loss/Const_1	-1	-1
tower_0/v/cg/dropout0_1/dropout/dropout/mul	1602294369563799	216
tower_0/v/gradients/tower_0/v/l2_loss/L2Loss_2_grad/mul	1602294369478901	10
v/cg/conv2/biases/read	-1	-1
tower_0/v/cg/dropout0_1/dropout/dropout/random_uniform/RandomUniform	1602294369457045	168
tower_0/v/gradients/tower_0/v/cg/conv1/conv2d/Conv2D_grad/Conv2DBackpropInput	1602294371037610	186308
tower_0/v/gradients/tower_0/v/cg/affine2/xw_plus_b/MatMul_grad/MatMul	1602294369978035	3370
ConstantFolding/tower_0/v/gradients/tower_0/v/cg/conv1/conv2d/Conv2D_grad/ShapeN-matshapes-1	-1	-1
tower_0/v/l2_loss/L2Loss_9	1602294369477423	7
v/cg/affine2/biases/read	-1	-1
tower_0/v/gradients/AddN_3	1602294370012206	374
tower_0/v/transpose	1602294369457293	20055
tower_0/v/gradients/tower_0/v/cg/conv4/conv2d/Conv2D_grad/Conv2DBackpropFilter	1602294370177411	125779
tower_0/v/gradients/tower_0/v/l2_loss/L2Loss_1_grad/mul	1602294369477855	6
ConstantFolding/tower_0/v/gradients/tower_0/v/cg/conv0/conv2d/Conv2D_grad/ShapeN-matshapes-1	-1	-1
tower_0/v/gradients/tower_0/v/cg/dropout0_1/dropout/dropout/mul_1_grad/Mul	1602294369984825	212
tower_0/v/l2_loss/L2Loss_2	1602294369478876	21
tower_0/v/l2_loss/L2Loss_3	1602294369477352	5
tower_0/v/gradients/tower_0/v/cg/dropout0/dropout/dropout/mul_grad/Mul	1602294370012589	304
tower_0/v/transpose/perm	-1	-1
tower_0/v/cg/conv0/BiasAdd	1602294369539498	13469
append_apply_gradient_ops/GradientDescent/update_v/cg/affine2/biases/ApplyGradientDescent	1602294369985140	5
tower_0/v/gradients/tower_0/v/cg/affine1/xw_plus_b/MatMul_grad/MatMul	1602294369986020	13293
append_apply_gradient_ops/GradientDescent/update_v/cg/affine1/biases/ApplyGradientDescent	1602294370012582	6
tower_0/v/cg/conv4/Relu	1602294369925354	2270
tower_0/v/gradients/tower_0/v/l2_loss/L2Loss_7_grad/mul	1602294369479130	5
v/cg/affine1/biases/read	-1	-1
tower_0/v/xentropy/sparse_softmax_cross_entropy_loss/num_present	-1	-1
tower_0/v/cg/conv1/Relu	1602294369620287	7425
tower_0/v/cg/dropout0/dropout/dropout/random_uniform/mul	-1	-1
tower_0/v/gradients/tower_0/v/cg/affine0/xw_plus_b_grad/BiasAddGrad	1602294370013587	148
average_loss/Mean/input	-1	-1
tower_0/v/l2_loss/L2Loss_14	1602294369478998	49
tower_0/v/gradients/AddN_11	1602294370814606	18
v/cg/affine0/biases	-1	-1
v/cg/conv1/conv2d/kernel/read	-1	-1
tower_0/v/gradients/tower_0/v/cg/conv3/BiasAdd_grad/BiasAddGrad	1602294370308478	1559
tower_0/v/gradients/AddN_12	1602294371223934	4
tower_0/v/alexnet_synthetic_labels/shape	-1	-1
tower_0/v/cg/dropout0/dropout/dropout/mul	1602294369563578	216
tower_0/v/l2_loss/L2Loss_7	1602294369479121	6
tower_0/v/gradients/tower_0/v/cg/conv2/BiasAdd_grad/BiasAddGrad	1602294370635918	1555
append_apply_gradient_ops/GradientDescent/update_v/cg/conv1/biases/ApplyGradientDescent	1602294371250250	4
v/cg/conv3/biases	-1	-1
_SOURCE	-1	-1
gpu_compute_stage_ops_group	-1	-1
tower_0/v/alexnet_synthetic_labels	1602294369457215	15
v/cg/conv0/conv2d/kernel	-1	-1
v/cg/affine1/weights/read	-1	-1
tower_0/v/gradients/tower_0/v/cg/conv4/conv2d/Conv2D_grad/Conv2DBackpropInput	1602294370084156	93251
tower_0/v/gradients/tower_0/v/cg/affine1/affine1_grad/ReluGrad	1602294369985551	310
tower_0/v/gradients/AddN	1602294369984818	5
tower_0/v/gradients/tower_0/v/cg/affine0/xw_plus_b/MatMul_grad/MatMul	1602294370013736	29078
ConstantFolding/tower_0/v/gradients/tower_0/v/cg/conv2/conv2d/Conv2D_grad/ShapeN-matshapes-1	-1	-1
tower_0/v/cg/Reshape	-1	-1
average_loss/Mean	-1	-1
tower_0/v/gradients/tower_0/v/l2_loss/L2Loss_6_grad/mul	1602294369478947	23
tower_0/v/gradients/tower_0/v/cg/affine2/xw_plus_b/MatMul_grad/MatMul_1	1602294369981407	3400
tower_0/v/gradients/AddN_4	1602294370070794	5
tower_0/v/gradients/tower_0/v/cg/affine0/xw_plus_b/MatMul_grad/MatMul_1	1602294370042818	27974
tower_0/v/gradients/tower_0/v/l2_loss/L2Loss_5_grad/mul	1602294369477918	6
v/cg/affine2/weights/read	-1	-1
v/cg/conv2/biases	-1	-1
tower_0/v/l2_loss/AddN	1602294369539477	16
tower_0/v/l2_loss/L2Loss_10	1602294369477928	283
tower_0/v/l2_loss/L2Loss_11	1602294369478852	12
tower_0/v/l2_loss/L2Loss_4	1602294369477865	24
tower_0/v/gradients/AddN_10	1602294370801967	5
v/cg/conv3/conv2d/kernel	-1	-1
tower_0/v/xentropy/sparse_softmax_cross_entropy_loss/xentropy/xentropy	1602294369977466	430
v/cg/conv2/conv2d/kernel/read	-1	-1
tower_0/v/cg/Reshape/shape	-1	-1
v/cg/conv1/conv2d/kernel	-1	-1
tower_0/v/cg/dropout0/dropout/dropout/Shape	-1	-1
tower_0/v/cg/mpool1/MaxPool	1602294369627717	7582
v/cg/conv3/conv2d/kernel/read	-1	-1
tower_0/v/cg/dropout0_1/dropout/dropout/Cast	1602294369553126	147
tower_0/v/gradients/tower_0/v/l2_loss/L2Loss_8_grad/mul	1602294369477403	16
tower_0/v/gradients/tower_0/v/cg/conv3/conv2d/Conv2D_grad/Conv2DBackpropInput	1602294370310039	136712
main_fetch_group/_38	-1	-1
tower_0/v/gradients/tower_0/v/cg/mpool1/MaxPool_grad/MaxPoolGrad	1602294370801974	12630
tower_0/v/xentropy/sparse_softmax_cross_entropy_loss/Mul	-1	-1
append_apply_gradient_ops/GradientDescent/update_v/cg/conv2/biases/ApplyGradientDescent	1602294370814626	5
ConstantFolding/tower_0/v/gradients/tower_0/v/cg/conv2/conv2d/Conv2D_grad/ShapeN-matshapes-0	-1	-1
append_apply_gradient_ops/GradientDescent/update_v/cg/affine0/weights/ApplyGradientDescent	1602294370078815	841
tower_0/v/l2_loss/L2Loss_13	1602294369478973	12
tower_0/v/cg/affine2/xw_plus_b/MatMul	1602294369974073	3325
tower_0/v/cg/mpool0/MaxPool	1602294369564019	11352
v/cg/conv1/biases	-1	-1
tower_0/v/gradients/tower_0/v/cg/affine0/affine0_grad/ReluGrad	1602294370013272	307
append_apply_gradient_ops/GradientDescent/update_v/cg/affine2/weights/ApplyGradientDescent	1602294369985456	94
tower_0/v/gradients/tower_0/v/l2_loss/L2Loss_15_grad/mul	1602294369478811	6
tower_0/v/gradients/AddN_13	1602294371223919	11
tower_0/v/xentropy/sparse_softmax_cross_entropy_loss/Sum	1602294369977958	10
tower_0/v/cg/conv3/BiasAdd	1602294369823123	4447
tower_0/v/gradients/tower_0/v/cg/affine1/xw_plus_b_grad/BiasAddGrad	1602294369985869	150
tower_0/v/gradients/tower_0/v/l2_loss/L2Loss_grad/mul	1602294369478842	6
tower_0/v/l2_loss/L2Loss_6	1602294369478912	30
learning_rate_tensor/input	-1	-1
tower_0/v/gradients/AddN_15	1602294371337009	5
append_apply_gradient_ops/GradientDescent/update_v/cg/conv0/biases/ApplyGradientDescent	1602294371337016	4
v/cg/affine2/biases	-1	-1
append_apply_gradient_ops/GradientDescent/update_v/cg/conv0/conv2d/kernel/ApplyGradientDescent	1602294371337024	5
tower_0/v/cg/conv3/Relu	1602294369827573	3410
tower_0/v/l2_loss/L2Loss_8	1602294369477371	29
append_apply_gradient_ops/GradientDescent/update_v/cg/conv1/conv2d/kernel/ApplyGradientDescent	1602294371250237	11
ConstantFolding/tower_0/v/gradients/tower_0/v/cg/conv4/conv2d/Conv2D_grad/ShapeN-matshapes-1	-1	-1
train_ops_group	-1	-1
tower_0/v/cg/dropout0/dropout/dropout/truediv	-1	-1
tower_0/v/gradients/tower_0/v/cg/conv2/conv2d/Conv2D_grad/Conv2DBackpropFilter	1602294370705936	95994
ConstantFolding/tower_0/v/gradients/tower_0/v/cg/conv3/conv2d/Conv2D_grad/ShapeN-matshapes-1	-1	-1
tower_0/v/gradients/tower_0/v/cg/conv4/Relu_grad/ReluGrad	1602294370079658	3441
tower_0/v/cg/affine2/xw_plus_b	1602294369977401	63
v/cg/conv2/conv2d/kernel	-1	-1
tower_0/v/gradients/tower_0/v/l2_loss/L2Loss_4_grad/mul	1602294369477893	14
tower_0/v/gradients/tower_0/v/cg/dropout0/dropout/dropout/mul_1_grad/Mul	1602294370011995	210
ConstantFolding/tower_0/v/gradients/tower_0/v/cg/conv1/conv2d/Conv2D_grad/ShapeN-matshapes-0	-1	-1
tower_0/v/gradients/AddN_5	1602294370070801	834
tower_0/v/gradients/tower_0/v/l2_loss/L2Loss_14_grad/mul	1602294369479051	65
v/cg/affine1/weights	-1	-1
v/cg/conv4/biases	-1	-1
v/cg/affine0/weights	-1	-1
tower_0/v/cg/mpool2/MaxPool	1602294369927626	2210
tower_0/v/gradients/tower_0/v/cg/conv2/Relu_grad/ReluGrad	1602294370630588	5286
tower_0/v/gradients/tower_0/v/cg/dropout0_1/dropout/dropout/mul_grad/Mul	1602294369985147	307
v/cg/conv0/biases/read	-1	-1
tower_0/v/gradients/tower_0/v/cg/conv2/conv2d/Conv2D_grad/Conv2DBackpropInput	1602294370637475	68455
tower_0/v/cg/conv2/Relu	1602294369683039	3411
tower_0/v/gradients/tower_0/v/cg/conv0/BiasAdd_grad/BiasAddGrad	1602294371266629	4378
tower_0/v/gradients/AddN_14	1602294371337004	4
tower_0/v/gradients/tower_0/v/cg/conv0/conv2d/Conv2D_grad/Conv2DBackpropFilter	1602294371271013	65988
tower_0/v/l2_loss/L2Loss_5	1602294369477909	6
tower_0/v/add	1602294369985134	5
tower_0/v/cg/dropout0_1/dropout/dropout/GreaterEqual	1602294369539311	162
tower_0/v/gradients/tower_0/v/cg/conv3/conv2d/Conv2D_grad/Conv2DBackpropFilter	1602294370446753	183804
ConstantFolding/tower_0/v/gradients/tower_0/v/cg/conv3/conv2d/Conv2D_grad/ShapeN-matshapes-0	-1	-1
append_apply_gradient_ops/GradientDescent/update_v/cg/conv4/conv2d/kernel/ApplyGradientDescent	1602294370630559	21
append_apply_gradient_ops/GradientDescent/update_v/cg/affine1/weights/ApplyGradientDescent	1602294370012895	375
tower_0/v/cg/conv1/BiasAdd	1602294369610584	9698
tower_0/v/cg/affine1/xw_plus_b	1602294369973302	243
tower_0/v/gradients/tower_0/v/cg/mpool0/MaxPool_grad/MaxPoolGrad	1602294371223939	26294
v/cg/conv4/biases/read	-1	-1
tower_0/v/cg/conv2/BiasAdd	1602294369678587	4450
ConstantFolding/average_loss/Mean/input_const_axis	-1	-1
v/cg/conv4/conv2d/kernel/read	-1	-1
tower_0/v/cg/affine1/xw_plus_b/MatMul	1602294369960147	13153
tower_0/v/gradients/tower_0/v/cg/affine1/xw_plus_b/MatMul_grad/MatMul_1	1602294369999315	12672
tower_0/v/cg/dropout0/dropout/dropout/random_uniform/RandomUniform	1602294369456794	250
v/cg/conv3/biases/read	-1	-1
tower_0/v/l2_loss/L2Loss_1	1602294369477846	6
tower_0/v/cg/dropout0_1/dropout/dropout/mul_1	1602294369973764	308
tower_0/v/gradients/tower_0/v/cg/conv4/BiasAdd_grad/BiasAddGrad	1602294370083108	1046
append_apply_gradient_ops/GradientDescent/update_v/cg/conv3/conv2d/kernel/ApplyGradientDescent	1602294370801932	33
tower_0/v/cg/conv3/conv2d/Conv2D	1602294369686451	136668
v/cg/affine2/weights	-1	-1
average_loss/Mean/_42	1602294370012589	4
tower_0/v/cg/dropout0_1/dropout/dropout/random_uniform/mul	-1	-1
main_fetch_group	-1	-1
tower_0/v/gradients/AddN_2	1602294370011988	5
tower_0/v/alexnet_synthetic_labels/max	-1	-1
tower_0/v/cg/affine1/affine1	1602294369973547	215
v/cg/affine0/weights/read	-1	-1
tower_0/v/gradients/tower_0/v/cg/mpool2/MaxPool_grad/MaxPoolGrad	1602294370071644	7170
v/cg/conv0/biases	-1	-1
tower_0/v/cg/conv4/BiasAdd	1602294369922400	2953
tower_0/v/gradients/tower_0/v/cg/conv1/Relu_grad/ReluGrad	1602294370814632	11722
tower_0/v/gradients/tower_0/v/cg/conv1/BiasAdd_grad/BiasAddGrad	1602294371034243	3365
append_apply_gradient_ops/GradientDescent/update_v/cg/affine0/biases/ApplyGradientDescent	1602294370071637	6
tower_0/v/cg/conv4/conv2d/Conv2D	1602294369830985	91413
tower_0/v/gradients/tower_0/v/l2_loss/L2Loss_13_grad/mul	1602294369478988	6
tower_0/v/gradients/AddN_6	1602294370303192	4
