tower_0/v/gradients/tower_0/v/cg/affine1/affine1_grad/ReluGrad	1599475898200777	54
tower_0/v/gradients/tower_0/v/cg/dropout0/dropout/dropout/mul_grad/Mul	1599475898205559	54
tower_0/v/gradients/tower_0/v/cg/dropout0/dropout/dropout/mul_1_grad/Mul	1599475898205122	39
tower_0/v/cg/dropout0_1/dropout/dropout/random_uniform/mul	-1	-1
tower_0/v/cg/dropout0/dropout/dropout/random_uniform/mul	-1	-1
tower_0/v/gradients/tower_0/v/cg/affine0/xw_plus_b/MatMul_grad/MatMul_1	1599475898211100	4375
v/cg/conv4/biases/read	-1	-1
train_ops_group	-1	-1
ConstantFolding/tower_0/v/gradients/tower_0/v/cg/conv4/conv2d/Conv2D_grad/ShapeN-matshapes-1	-1	-1
tower_0/v/l2_loss/L2Loss	1599475898138571	19
tower_0/v/cg/dropout0_1/dropout/dropout/mul	1599475898152617	40
tower_0/v/cg/Reshape	-1	-1
tower_0/v/l2_loss/L2Loss_1	1599475898138622	6
tower_0/v/cg/conv1/Relu	1599475898161813	1115
tower_0/v/cg/dropout0/dropout/dropout/mul	1599475898152574	39
append_apply_gradient_ops/GradientDescent/update_v/cg/conv4/conv2d/kernel/ApplyGradientDescent	1599475898257438	24
v/cg/conv2/conv2d/kernel/read	-1	-1
tower_0/v/cg/dropout0_1/dropout/dropout/Cast	1599475898150982	28
ConstantFolding/tower_0/v/gradients/tower_0/v/cg/conv1/conv2d/Conv2D_grad/ShapeN-matshapes-1	-1	-1
tower_0/v/gradients/AddN_9	1599475898258232	36
append_apply_gradient_ops/GradientDescent/update_v/cg/affine2/weights/ApplyGradientDescent	1599475898200676	96
tower_0/v/l2_loss/L2Loss_11	1599475898134252	31
tower_0/v/gradients/AddN_11	1599475898273405	20
tower_0/v/gradients/tower_0/v/cg/conv2/BiasAdd_grad/BiasAddGrad	1599475898258285	274
tower_0/v/cg/dropout0_1/dropout/dropout/mul_1	1599475898198188	54
tower_0/v/gradients/tower_0/v/l2_loss/L2Loss_6_grad/mul	1599475898134171	50
tower_0/v/gradients/tower_0/v/l2_loss/L2Loss_13_grad/mul	1599475898138675	6
append_apply_gradient_ops/GradientDescent/update_v/cg/affine0/biases/ApplyGradientDescent	1599475898216333	7
tower_0/v/cg/conv3/BiasAdd	1599475898181453	676
tower_0/v/gradients/tower_0/v/cg/affine0/xw_plus_b_grad/BiasAddGrad	1599475898206061	35
ConstantFolding/tower_0/v/gradients/tower_0/v/cg/conv4/conv2d/Conv2D_grad/ShapeN-matshapes-0	-1	-1
tower_0/v/gradients/tower_0/v/cg/dropout0_1/dropout/dropout/mul_grad/Mul	1599475898200620	53
tower_0/v/gradients/tower_0/v/l2_loss/L2Loss_8_grad/mul	1599475898134941	26
tower_0/v/cg/mpool1/MaxPool	1599475898162931	1173
tower_0/v/cg/dropout0_1/dropout/dropout/GreaterEqual	1599475898148883	32
tower_0/v/gradients/tower_0/v/cg/mpool0/MaxPool_grad/MaxPoolGrad	1599475898287503	4014
tower_0/v/cg/conv3/Relu	1599475898182133	517
tower_0/v/gradients/tower_0/v/cg/affine0/xw_plus_b/MatMul_grad/MatMul	1599475898206099	4999
tower_0/v/l2_loss/L2Loss_6	1599475898133985	102
tower_0/v/cg/conv0/conv2d/Conv2D	1599475898139604	9239
average_loss/Mean	-1	-1
tower_0/v/gradients/tower_0/v/l2_loss/L2Loss_12_grad/mul	1599475898138314	255
v/cg/affine2/biases	-1	-1
tower_0/v/cg/affine0/affine0	1599475898195756	40
tower_0/v/cg/conv2/conv2d/Conv2D	1599475898164106	5846
tower_0/v/cg/dropout0/dropout/dropout/Shape	-1	-1
append_apply_gradient_ops/GradientDescent/update_v/cg/affine2/biases/ApplyGradientDescent	1599475898200608	8
tower_0/v/gradients/tower_0/v/cg/Reshape_grad/Reshape	-1	-1
append_apply_gradient_ops/GradientDescent/update_v/cg/affine1/biases/ApplyGradientDescent	1599475898205547	10
append_apply_gradient_ops/GradientDescent/update_v/cg/conv3/biases/ApplyGradientDescent	1599475898258273	6
append_apply_gradient_ops/GradientDescent	-1	-1
learning_rate_tensor/input	-1	-1
tower_0/v/xentropy/sparse_softmax_cross_entropy_loss/Sum	1599475898199146	8
tower_0/v/l2_loss/L2Loss_13	1599475898138660	11
append_apply_gradient_ops/GradientDescent/update_v/cg/conv1/conv2d/kernel/ApplyGradientDescent	1599475898291520	11
tower_0/v/xentropy/sparse_softmax_cross_entropy_loss/Mul	-1	-1
tower_0/v/gradients/tower_0/v/cg/affine2/xw_plus_b/MatMul_grad/MatMul	1599475898199184	687
v/cg/conv0/biases	-1	-1
append_apply_gradient_ops/GradientDescent/update_v/cg/affine0/weights/ApplyGradientDescent	1599475898217453	843
tower_0/v/cg/affine1/xw_plus_b	1599475898198098	44
v/cg/affine2/biases/read	-1	-1
tower_0/v/mul/x	-1	-1
tower_0/v/gradients/tower_0/v/cg/affine1/xw_plus_b/MatMul_grad/MatMul_1	1599475898203112	1998
tower_0/v/gradients/tower_0/v/cg/conv3/conv2d/Conv2D_grad/Conv2DBackpropFilter	1599475898245614	11819
v/cg/affine2/weights/read	-1	-1
ConstantFolding/tower_0/v/gradients/tower_0/v/cg/conv1/conv2d/Conv2D_grad/ShapeN-matshapes-0	-1	-1
tower_0/v/gradients/tower_0/v/cg/affine0/affine0_grad/ReluGrad	1599475898205999	55
tower_0/v/gradients/tower_0/v/l2_loss/L2Loss_11_grad/mul	1599475898134325	24
tower_0/v/cg/conv3/conv2d/Conv2D	1599475898171156	10293
tower_0/v/cg/dropout0/dropout/dropout/random_uniform/RandomUniform	1599475898133454	114
tower_0/v/gradients/AddN_8	1599475898257466	5
tower_0/v/l2_loss/L2Loss_2	1599475898138685	19
tower_0/v/gradients/tower_0/v/cg/affine1/xw_plus_b_grad/BiasAddGrad	1599475898200843	39
tower_0/v/xentropy/sparse_softmax_cross_entropy_loss/xentropy/xentropy	1599475898198896	230
append_apply_gradient_ops/GradientDescent/update_v/cg/conv1/biases/ApplyGradientDescent	1599475898291533	4
v/cg/affine1/weights	-1	-1
tower_0/v/gradients/tower_0/v/cg/conv4/Relu_grad/ReluGrad	1599475898218298	500
ConstantFolding/tower_0/v/gradients/tower_0/v/cg/conv2/conv2d/Conv2D_grad/ShapeN-matshapes-1	-1	-1
tower_0/v/cg/conv0/BiasAdd	1599475898148939	2005
tower_0/v/gradients/tower_0/v/xentropy/sparse_softmax_cross_entropy_loss/xentropy/xentropy_grad/mul	1599475898199130	11
tower_0/v/cg/Reshape/shape	-1	-1
v/cg/conv1/biases/read	-1	-1
v/cg/conv3/biases	-1	-1
tower_0/v/cg/conv0/Relu	1599475898151024	1547
v/cg/conv2/biases/read	-1	-1
tower_0/v/alexnet_synthetic_labels/min	-1	-1
ConstantFolding/tower_0/v/gradients/tower_0/v/cg/conv0/conv2d/Conv2D_grad/ShapeN-matshapes-1	-1	-1
gpu_compute_stage_ops_group	-1	-1
tower_0/v/gradients/AddN_6	1599475898234472	6
average_loss/Mean/input	-1	-1
tower_0/v/gradients/tower_0/v/xentropy/sparse_softmax_cross_entropy_loss/xentropy/xentropy_grad/ExpandDims	-1	-1
tower_0/v/gradients/tower_0/v/l2_loss/L2Loss_grad/mul	1599475898138593	6
tower_0/v/cg/conv4/conv2d/Conv2D	1599475898182653	7165
tower_0/v/xentropy/sparse_softmax_cross_entropy_loss/value	1599475898200432	7
tower_0/v/cg/conv2/BiasAdd	1599475898169956	674
tower_0/v/gradients/AddN_5	1599475898215489	841
tower_0/v/gradients/tower_0/v/cg/affine2/xw_plus_b_grad/BiasAddGrad	1599475898199159	18
tower_0/v/gradients/tower_0/v/cg/conv0/conv2d/Conv2D_grad/Conv2DBackpropFilter	1599475898294551	9911
append_apply_gradient_ops/GradientDescent/update_v/cg/affine1/weights/ApplyGradientDescent	1599475898205616	373
tower_0/v/gradients/AddN_10	1599475898271451	5
v/cg/affine0/biases	-1	-1
v/cg/affine0/biases/read	-1	-1
tower_0/v/l2_loss/L2Loss_10	1599475898138738	278
tower_0/v/alexnet_synthetic_labels	1599475898133820	50
tower_0/v/gradients/tower_0/v/cg/mpool1/MaxPool_grad/MaxPoolGrad	1599475898271461	1939
tower_0/v/gradients/AddN	1599475898200444	5
tower_0/v/alexnet_synthetic_labels/max	-1	-1
tower_0/v/l2_loss/L2Loss_15	1599475898134708	30
tower_0/v/transpose/perm	-1	-1
tower_0/v/gradients/tower_0/v/cg/conv1/Relu_grad/ReluGrad	1599475898273440	1649
tower_0/v/gradients/tower_0/v/l2_loss/L2Loss_1_grad/mul	1599475898138631	6
tower_0/v/cg/dropout0/dropout/dropout/rate	-1	-1
v/cg/conv3/biases/read	-1	-1
tower_0/v/gradients/tower_0/v/cg/conv1/conv2d/Conv2D_grad/Conv2DBackpropInput	1599475898282438	5045
tower_0/v/gradients/tower_0/v/l2_loss/L2Loss_10_grad/mul	1599475898139019	583
tower_0/v/gradients/tower_0/v/l2_loss/L2Loss_7_grad/mul	1599475898134661	21
v/cg/conv0/conv2d/kernel/read	-1	-1
tower_0/v/cg/affine2/xw_plus_b/MatMul	1599475898198251	624
tower_0/v/cg/affine1/affine1	1599475898198146	38
append_apply_gradient_ops/GradientDescent/update_v/cg/conv0/biases/ApplyGradientDescent	1599475898304476	4
tower_0/v/gradients/tower_0/v/cg/conv0/BiasAdd_grad/BiasAddGrad	1599475898293852	697
v/cg/affine2/weights	-1	-1
append_apply_gradient_ops/GradientDescent/update_v/cg/conv3/conv2d/kernel/ApplyGradientDescent	1599475898271413	37
tower_0/v/transpose	1599475898135051	3096
tower_0/v/gradients/tower_0/v/cg/conv4/BiasAdd_grad/BiasAddGrad	1599475898218810	195
tower_0/v/l2_loss/L2Loss_9	1599475898138641	6
tower_0/v/cg/conv1/BiasAdd	1599475898160354	1455
tower_0/v/cg/dropout0/dropout/dropout/mul_1	1599475898195800	54
v/cg/conv3/conv2d/kernel/read	-1	-1
tower_0/v/gpu_cached_inputs	-1	-1
tower_0/v/gradients/AddN_2	1599475898205113	5
v/cg/conv2/conv2d/kernel	-1	-1
v/cg/conv4/conv2d/kernel/read	-1	-1
append_apply_gradient_ops/GradientDescent/update_v/cg/conv4/biases/ApplyGradientDescent	1599475898235265	7
tower_0/v/l2_loss/L2Loss_14	1599475898134423	62
tower_0/v/gradients/tower_0/v/cg/affine2/xw_plus_b/MatMul_grad/MatMul_1	1599475898199875	555
v/cg/affine1/biases	-1	-1
ConstantFolding/tower_0/v/gradients/tower_0/v/cg/conv3/conv2d/Conv2D_grad/ShapeN-matshapes-1	-1	-1
v/cg/conv4/biases	-1	-1
tower_0/v/gradients/AddN_7	1599475898235235	26
tower_0/v/gradients/AddN_4	1599475898215479	6
tower_0/v/cg/dropout0_1/dropout/dropout/random_uniform/RandomUniform	1599475898133616	55
tower_0/v/cg/conv2/Relu	1599475898170633	519
tower_0/v/gradients/AddN_15	1599475898304469	5
tower_0/v/add	1599475898200598	6
tower_0/v/gradients/tower_0/v/l2_loss/L2Loss_2_grad/mul	1599475898138707	9
tower_0/v/cg/conv4/BiasAdd	1599475898189822	451
v/cg/conv1/biases	-1	-1
append_apply_gradient_ops/GradientDescent/update_v/cg/conv2/biases/ApplyGradientDescent	1599475898273430	6
tower_0/v/gradients/tower_0/v/cg/conv1/conv2d/Conv2D_grad/Conv2DBackpropFilter	1599475898275118	6755
v/cg/conv0/biases/read	-1	-1
tower_0/v/gradients/tower_0/v/cg/conv1/BiasAdd_grad/BiasAddGrad	1599475898281883	550
tower_0/v/cg/dropout0/dropout/dropout/truediv	-1	-1
v/cg/affine1/weights/read	-1	-1
tower_0/v/cg/conv1/conv2d/Conv2D	1599475898154411	5938
tower_0/v/gradients/tower_0/v/cg/conv4/conv2d/Conv2D_grad/Conv2DBackpropFilter	1599475898226184	8284
tower_0/v/gradients/AddN_12	1599475898287498	4
average_loss/Mean/_42	1599475898205547	4
tower_0/v/l2_loss/L2Loss_8	1599475898134848	48
tower_0/v/gradients/AddN_3	1599475898205165	378
tower_0/v/cg/affine1/xw_plus_b/MatMul	1599475898195863	2231
tower_0/v/gradients/tower_0/v/cg/Reshape_grad/Shape	-1	-1
v/cg/affine1/biases/read	-1	-1
tower_0/v/mul	1599475898151014	6
tower_0/v/cg/mpool2/MaxPool	1599475898190626	347
tower_0/v/l2_loss/L2Loss_4	1599475898138152	17
_SOURCE	-1	-1
tower_0/v/gradients/tower_0/v/cg/conv2/conv2d/Conv2D_grad/Conv2DBackpropFilter	1599475898264006	7402
tower_0/v/cg/affine0/xw_plus_b/MatMul	1599475898190983	4720
v/cg/conv1/conv2d/kernel/read	-1	-1
main_fetch_group/_38	-1	-1
tower_0/v/gradients/tower_0/v/l2_loss/L2Loss_9_grad/mul	1599475898138651	6
tower_0/v/l2_loss/L2Loss_7	1599475898134611	12
ConstantFolding/average_loss/Mean/input_const_axis	-1	-1
append_apply_gradient_ops/GradientDescent/update_v/cg/conv2/conv2d/kernel/ApplyGradientDescent	1599475898275094	23
tower_0/v/alexnet_synthetic_labels/shape	-1	-1
tower_0/v/cg/conv4/Relu	1599475898190276	345
tower_0/v/gradients/tower_0/v/cg/dropout0_1/dropout/dropout/mul_1_grad/Mul	1599475898200454	38
tower_0/v/gradients/tower_0/v/l2_loss/L2Loss_5_grad/mul	1599475898138727	6
tower_0/v/l2_loss/L2Loss_12	1599475898138181	131
tower_0/v/cg/affine2/xw_plus_b	1599475898198879	12
tower_0/v/gradients/AddN_14	1599475898304464	4
tower_0/v/l2_loss/AddN	1599475898148918	19
tower_0/v/gradients/tower_0/v/cg/conv3/conv2d/Conv2D_grad/Conv2DBackpropInput	1599475898235553	10057
tower_0/v/gradients/tower_0/v/l2_loss/L2Loss_4_grad/mul	1599475898138170	8
v/cg/conv4/conv2d/kernel	-1	-1
tower_0/v/gradients/tower_0/v/cg/conv3/BiasAdd_grad/BiasAddGrad	1599475898235276	274
tower_0/v/xentropy/sparse_softmax_cross_entropy_loss/num_present	-1	-1
tower_0/v/gradients/AddN_13	1599475898287485	11
tower_0/v/gpu_cached_inputs/read	-1	-1
tower_0/v/cg/dropout0/dropout/dropout/GreaterEqual	1599475898148847	32
tower_0/v/gradients/tower_0/v/l2_loss/L2Loss_14_grad/mul	1599475898134532	77
tower_0/v/l2_loss/L2Loss_3	1599475898138602	6
tower_0/v/gradients/tower_0/v/cg/affine1/xw_plus_b/MatMul_grad/MatMul	1599475898200889	2220
tower_0/v/gradients/tower_0/v/cg/conv0/Relu_grad/ReluGrad	1599475898291539	2305
tower_0/v/gradients/tower_0/v/cg/conv3/Relu_grad/ReluGrad	1599475898234481	750
tower_0/v/gradients/tower_0/v/cg/conv4/conv2d/Conv2D_grad/Conv2DBackpropInput	1599475898219009	7170
v/cg/conv3/conv2d/kernel	-1	-1
tower_0/v/l2_loss/L2Loss_5	1599475898138718	5
tower_0/v/gradients/tower_0/v/cg/conv2/conv2d/Conv2D_grad/Conv2DBackpropInput	1599475898258564	5437
v/cg/conv0/conv2d/kernel	-1	-1
tower_0/v/cg/mpool0/MaxPool	1599475898152660	1748
tower_0/v/gradients/tower_0/v/cg/mpool2/MaxPool_grad/MaxPoolGrad	1599475898216345	1104
tower_0/v/gradients/tower_0/v/l2_loss/L2Loss_15_grad/mul	1599475898134766	20
v/cg/affine0/weights/read	-1	-1
tower_0/v/xentropy/sparse_softmax_cross_entropy_loss/Const_1	-1	-1
main_fetch_group	-1	-1
ConstantFolding/tower_0/v/gradients/tower_0/v/cg/conv3/conv2d/Conv2D_grad/ShapeN-matshapes-0	-1	-1
tower_0/v/gradients/tower_0/v/l2_loss/L2Loss_3_grad/mul	1599475898138612	6
append_apply_gradient_ops/GradientDescent/update_v/cg/conv0/conv2d/kernel/ApplyGradientDescent	1599475898304482	5
tower_0/v/cg/dropout0/dropout/dropout/Cast	1599475898150948	31
v/cg/affine0/weights	-1	-1
tower_0/v/cg/affine0/xw_plus_b	1599475898195707	46
v/cg/conv1/conv2d/kernel	-1	-1
tower_0/v/gradients/tower_0/v/cg/conv2/Relu_grad/ReluGrad	1599475898257476	752
v/cg/conv2/biases	-1	-1
tower_0/v/gradients/AddN_1	1599475898200496	97
ConstantFolding/tower_0/v/gradients/tower_0/v/cg/conv2/conv2d/Conv2D_grad/ShapeN-matshapes-0	-1	-1
