tower_0/v/alexnet_synthetic_labels/min
v/cg/conv0/conv2d/kernel/read
tower_0/v/gradients/tower_0/v/l2_loss/L2Loss_12_grad/mul
	64.0
tower_0/v/l2_loss/L2Loss_15
	0.000244140625
append_apply_gradient_ops/GradientDescent
tower_0/v/gradients/AddN_9
tower_0/v/cg/conv1/conv2d/Conv2D
	1789.751953125
	1.171875
	3612.5234375
ConstantFolding/tower_0/v/gradients/tower_0/v/cg/conv4/conv2d/Conv2D_grad/ShapeN-matshapes-0
tower_0/v/gradients/tower_0/v/cg/conv0/Relu_grad/ReluGrad
tower_0/v/gradients/tower_0/v/xentropy/sparse_softmax_cross_entropy_loss/xentropy/xentropy_grad/mul
tower_0/v/cg/affine0/xw_plus_b
tower_0/v/cg/dropout0/dropout/dropout/rate
tower_0/v/cg/dropout0/dropout/dropout/GreaterEqual
	13.09375
tower_0/v/gradients/tower_0/v/cg/conv3/Relu_grad/ReluGrad
tower_0/v/cg/dropout0/dropout/dropout/Cast
	91.65625
append_apply_gradient_ops/GradientDescent/update_v/cg/conv3/biases/ApplyGradientDescent
tower_0/v/cg/conv0/conv2d/Conv2D
	2475.537109375
	0.088623046875
	0.017333984375
tower_0/v/l2_loss/L2Loss_12
	0.000244140625
	0.0087890625
tower_0/v/gradients/tower_0/v/cg/Reshape_grad/Shape
tower_0/v/gpu_cached_inputs/read
tower_0/v/cg/affine0/affine0
tower_0/v/l2_loss/L2Loss
	0.000244140625
	0.000244140625
tower_0/v/gradients/AddN_8
tower_0/v/cg/conv2/conv2d/Conv2D
	829.81640625
	2.53125
	2830.78125
tower_0/v/gradients/tower_0/v/l2_loss/L2Loss_10_grad/mul
	144.0
tower_0/v/gradients/AddN_7
tower_0/v/gradients/tower_0/v/xentropy/sparse_softmax_cross_entropy_loss/xentropy/xentropy_grad/ExpandDims
tower_0/v/gradients/tower_0/v/l2_loss/L2Loss_11_grad/mul
	0.015625
tower_0/v/cg/affine0/xw_plus_b/MatMul
	52.375
tower_0/v/mul/x
tower_0/v/cg/conv0/Relu
tower_0/v/gradients/tower_0/v/cg/conv1/conv2d/Conv2D_grad/Conv2DBackpropFilter
	1.171875
	1.171875
	0.006103515625
tower_0/v/xentropy/sparse_softmax_cross_entropy_loss/value
append_apply_gradient_ops/GradientDescent/update_v/cg/conv2/conv2d/kernel/ApplyGradientDescent
v/cg/affine0/biases/read
tower_0/v/mul
append_apply_gradient_ops/GradientDescent/update_v/cg/conv4/biases/ApplyGradientDescent
tower_0/v/gradients/tower_0/v/l2_loss/L2Loss_3_grad/mul
	0.000732421875
v/cg/affine1/biases
tower_0/v/gradients/tower_0/v/l2_loss/L2Loss_9_grad/mul
	0.0009765625
tower_0/v/gradients/AddN_1
tower_0/v/gradients/tower_0/v/cg/affine2/xw_plus_b_grad/BiasAddGrad
	0.00390625
tower_0/v/gradients/tower_0/v/cg/Reshape_grad/Reshape
tower_0/v/gpu_cached_inputs
tower_0/v/cg/dropout0/dropout/dropout/mul_1
v/cg/conv4/conv2d/kernel
v/cg/conv1/biases/read
tower_0/v/xentropy/sparse_softmax_cross_entropy_loss/Const_1
tower_0/v/cg/dropout0_1/dropout/dropout/mul
	52.375
tower_0/v/gradients/tower_0/v/l2_loss/L2Loss_2_grad/mul
	1.171875
v/cg/conv2/biases/read
tower_0/v/cg/dropout0_1/dropout/dropout/random_uniform/RandomUniform
	52.375
tower_0/v/gradients/tower_0/v/cg/conv1/conv2d/Conv2D_grad/Conv2DBackpropInput
	596.583984375
	1.171875
	596.583984375
	0.00634765625
tower_0/v/gradients/tower_0/v/cg/affine2/xw_plus_b/MatMul_grad/MatMul
	52.375
ConstantFolding/tower_0/v/gradients/tower_0/v/cg/conv1/conv2d/Conv2D_grad/ShapeN-matshapes-1
tower_0/v/l2_loss/L2Loss_9
	0.000244140625
v/cg/affine2/biases/read
tower_0/v/gradients/AddN_3
tower_0/v/transpose
	1976.683349609375
tower_0/v/gradients/tower_0/v/cg/conv4/conv2d/Conv2D_grad/Conv2DBackpropFilter
	3.375
	3.375
	0.003173828125
tower_0/v/gradients/tower_0/v/l2_loss/L2Loss_1_grad/mul
	0.000244140625
ConstantFolding/tower_0/v/gradients/tower_0/v/cg/conv0/conv2d/Conv2D_grad/ShapeN-matshapes-1
tower_0/v/gradients/tower_0/v/cg/dropout0_1/dropout/dropout/mul_1_grad/Mul
tower_0/v/l2_loss/L2Loss_2
	0.000244140625
	0.0087890625
tower_0/v/l2_loss/L2Loss_3
	0.000244140625
tower_0/v/gradients/tower_0/v/cg/dropout0/dropout/dropout/mul_grad/Mul
tower_0/v/transpose/perm
tower_0/v/cg/conv0/BiasAdd
append_apply_gradient_ops/GradientDescent/update_v/cg/affine2/biases/ApplyGradientDescent
tower_0/v/gradients/tower_0/v/cg/affine1/xw_plus_b/MatMul_grad/MatMul
	52.375
append_apply_gradient_ops/GradientDescent/update_v/cg/affine1/biases/ApplyGradientDescent
tower_0/v/cg/conv4/Relu
tower_0/v/gradients/tower_0/v/l2_loss/L2Loss_7_grad/mul
	0.00146484375
v/cg/affine1/biases/read
tower_0/v/xentropy/sparse_softmax_cross_entropy_loss/num_present
tower_0/v/cg/conv1/Relu
tower_0/v/cg/dropout0/dropout/dropout/random_uniform/mul
tower_0/v/gradients/tower_0/v/cg/affine0/xw_plus_b_grad/BiasAddGrad
	0.015625
average_loss/Mean/input
tower_0/v/l2_loss/L2Loss_14
	0.000244140625
	0.0087890625
tower_0/v/gradients/AddN_11
v/cg/affine0/biases
v/cg/conv1/conv2d/kernel/read
tower_0/v/gradients/tower_0/v/cg/conv3/BiasAdd_grad/BiasAddGrad
	0.00146484375
	829.81640625
	0.046875
tower_0/v/gradients/AddN_12
tower_0/v/alexnet_synthetic_labels/shape
tower_0/v/cg/dropout0/dropout/dropout/mul
	52.375
tower_0/v/l2_loss/L2Loss_7
	0.000244140625
tower_0/v/gradients/tower_0/v/cg/conv2/BiasAdd_grad/BiasAddGrad
	0.00146484375
	829.81640625
	0.046875
append_apply_gradient_ops/GradientDescent/update_v/cg/conv1/biases/ApplyGradientDescent
v/cg/conv3/biases
_SOURCE
gpu_compute_stage_ops_group
tower_0/v/alexnet_synthetic_labels
	0.012939453125
v/cg/conv0/conv2d/kernel
v/cg/affine1/weights/read
tower_0/v/gradients/tower_0/v/cg/conv4/conv2d/Conv2D_grad/Conv2DBackpropInput
	829.81640625
	3.375
	829.81640625
	12.281982421875
tower_0/v/gradients/tower_0/v/cg/affine1/affine1_grad/ReluGrad
tower_0/v/gradients/AddN
tower_0/v/gradients/tower_0/v/cg/affine0/xw_plus_b/MatMul_grad/MatMul
	157.125
ConstantFolding/tower_0/v/gradients/tower_0/v/cg/conv2/conv2d/Conv2D_grad/ShapeN-matshapes-1
tower_0/v/cg/Reshape
average_loss/Mean
tower_0/v/gradients/tower_0/v/l2_loss/L2Loss_6_grad/mul
	5.0625
tower_0/v/gradients/tower_0/v/cg/affine2/xw_plus_b/MatMul_grad/MatMul_1
	15.640625
tower_0/v/gradients/AddN_4
tower_0/v/gradients/tower_0/v/cg/affine0/xw_plus_b/MatMul_grad/MatMul_1
	144.0
tower_0/v/gradients/tower_0/v/l2_loss/L2Loss_5_grad/mul
	0.00146484375
v/cg/affine2/weights/read
v/cg/conv2/biases
tower_0/v/l2_loss/AddN
tower_0/v/l2_loss/L2Loss_10
	0.000244140625
	0.0087890625
tower_0/v/l2_loss/L2Loss_11
	0.000244140625
tower_0/v/l2_loss/L2Loss_4
	0.000244140625
	0.0087890625
tower_0/v/gradients/AddN_10
v/cg/conv3/conv2d/kernel
tower_0/v/xentropy/sparse_softmax_cross_entropy_loss/xentropy/xentropy
	0.012939453125
	0.012939453125
v/cg/conv2/conv2d/kernel/read
tower_0/v/cg/Reshape/shape
v/cg/conv1/conv2d/kernel
tower_0/v/cg/dropout0/dropout/dropout/Shape
tower_0/v/cg/mpool1/MaxPool
	414.908203125
v/cg/conv3/conv2d/kernel/read
tower_0/v/cg/dropout0_1/dropout/dropout/Cast
	52.375
tower_0/v/gradients/tower_0/v/l2_loss/L2Loss_8_grad/mul
	3.375
tower_0/v/gradients/tower_0/v/cg/conv3/conv2d/Conv2D_grad/Conv2DBackpropInput
	829.81640625
	5.0625
	829.81640625
	14.06396484375
main_fetch_group/_38
tower_0/v/gradients/tower_0/v/cg/mpool1/MaxPool_grad/MaxPoolGrad
	1789.751953125
tower_0/v/xentropy/sparse_softmax_cross_entropy_loss/Mul
append_apply_gradient_ops/GradientDescent/update_v/cg/conv2/biases/ApplyGradientDescent
ConstantFolding/tower_0/v/gradients/tower_0/v/cg/conv2/conv2d/Conv2D_grad/ShapeN-matshapes-0
append_apply_gradient_ops/GradientDescent/update_v/cg/affine0/weights/ApplyGradientDescent
tower_0/v/l2_loss/L2Loss_13
	0.000244140625
tower_0/v/cg/affine2/xw_plus_b/MatMul
	13.09375
tower_0/v/cg/mpool0/MaxPool
	596.583984375
v/cg/conv1/biases
tower_0/v/gradients/tower_0/v/cg/affine0/affine0_grad/ReluGrad
append_apply_gradient_ops/GradientDescent/update_v/cg/affine2/weights/ApplyGradientDescent
tower_0/v/gradients/tower_0/v/l2_loss/L2Loss_15_grad/mul
	0.00390625
tower_0/v/gradients/AddN_13
tower_0/v/xentropy/sparse_softmax_cross_entropy_loss/Sum
	0.000244140625
tower_0/v/cg/conv3/BiasAdd
tower_0/v/gradients/tower_0/v/cg/affine1/xw_plus_b_grad/BiasAddGrad
	0.015625
tower_0/v/gradients/tower_0/v/l2_loss/L2Loss_grad/mul
	0.088623046875
tower_0/v/l2_loss/L2Loss_6
	0.000244140625
	0.0087890625
learning_rate_tensor/input
tower_0/v/gradients/AddN_15
append_apply_gradient_ops/GradientDescent/update_v/cg/conv0/biases/ApplyGradientDescent
v/cg/affine2/biases
append_apply_gradient_ops/GradientDescent/update_v/cg/conv0/conv2d/kernel/ApplyGradientDescent
tower_0/v/cg/conv3/Relu
tower_0/v/l2_loss/L2Loss_8
	0.000244140625
	0.0087890625
append_apply_gradient_ops/GradientDescent/update_v/cg/conv1/conv2d/kernel/ApplyGradientDescent
ConstantFolding/tower_0/v/gradients/tower_0/v/cg/conv4/conv2d/Conv2D_grad/ShapeN-matshapes-1
train_ops_group
tower_0/v/cg/dropout0/dropout/dropout/truediv
tower_0/v/gradients/tower_0/v/cg/conv2/conv2d/Conv2D_grad/Conv2DBackpropFilter
	2.53125
	4.689697265625
	0.003173828125
ConstantFolding/tower_0/v/gradients/tower_0/v/cg/conv3/conv2d/Conv2D_grad/ShapeN-matshapes-1
tower_0/v/gradients/tower_0/v/cg/conv4/Relu_grad/ReluGrad
tower_0/v/cg/affine2/xw_plus_b
v/cg/conv2/conv2d/kernel
tower_0/v/gradients/tower_0/v/l2_loss/L2Loss_4_grad/mul
	2.53125
tower_0/v/gradients/tower_0/v/cg/dropout0/dropout/dropout/mul_1_grad/Mul
ConstantFolding/tower_0/v/gradients/tower_0/v/cg/conv1/conv2d/Conv2D_grad/ShapeN-matshapes-0
tower_0/v/gradients/AddN_5
tower_0/v/gradients/tower_0/v/l2_loss/L2Loss_14_grad/mul
	15.640625
v/cg/affine1/weights
v/cg/conv4/biases
v/cg/affine0/weights
tower_0/v/cg/mpool2/MaxPool
	117.84375
tower_0/v/gradients/tower_0/v/cg/conv2/Relu_grad/ReluGrad
tower_0/v/gradients/tower_0/v/cg/dropout0_1/dropout/dropout/mul_grad/Mul
v/cg/conv0/biases/read
tower_0/v/gradients/tower_0/v/cg/conv2/conv2d/Conv2D_grad/Conv2DBackpropInput
	414.908203125
	2.53125
	414.908203125
	8.437744140625
tower_0/v/cg/conv2/Relu
tower_0/v/gradients/tower_0/v/cg/conv0/BiasAdd_grad/BiasAddGrad
	0.000244140625
	2475.537109375
	0.000244140625
	0.0078125
tower_0/v/gradients/AddN_14
tower_0/v/gradients/tower_0/v/cg/conv0/conv2d/Conv2D_grad/Conv2DBackpropFilter
	0.088623046875
	0.088623046875
	0.04052734375
tower_0/v/l2_loss/L2Loss_5
	0.000244140625
tower_0/v/add
tower_0/v/cg/dropout0_1/dropout/dropout/GreaterEqual
	13.09375
tower_0/v/gradients/tower_0/v/cg/conv3/conv2d/Conv2D_grad/Conv2DBackpropFilter
	5.0625
	7.219482421875
	0.0029296875
ConstantFolding/tower_0/v/gradients/tower_0/v/cg/conv3/conv2d/Conv2D_grad/ShapeN-matshapes-0
append_apply_gradient_ops/GradientDescent/update_v/cg/conv4/conv2d/kernel/ApplyGradientDescent
append_apply_gradient_ops/GradientDescent/update_v/cg/affine1/weights/ApplyGradientDescent
tower_0/v/cg/conv1/BiasAdd
tower_0/v/cg/affine1/xw_plus_b
tower_0/v/gradients/tower_0/v/cg/mpool0/MaxPool_grad/MaxPoolGrad
	2475.537109375
v/cg/conv4/biases/read
tower_0/v/cg/conv2/BiasAdd
ConstantFolding/average_loss/Mean/input_const_axis
v/cg/conv4/conv2d/kernel/read
tower_0/v/cg/affine1/xw_plus_b/MatMul
	52.375
tower_0/v/gradients/tower_0/v/cg/affine1/xw_plus_b/MatMul_grad/MatMul_1
	64.0
tower_0/v/cg/dropout0/dropout/dropout/random_uniform/RandomUniform
	52.375
v/cg/conv3/biases/read
tower_0/v/l2_loss/L2Loss_1
	0.000244140625
tower_0/v/cg/dropout0_1/dropout/dropout/mul_1
tower_0/v/gradients/tower_0/v/cg/conv4/BiasAdd_grad/BiasAddGrad
	0.0009765625
	553.2109375
	0.03125
append_apply_gradient_ops/GradientDescent/update_v/cg/conv3/conv2d/kernel/ApplyGradientDescent
tower_0/v/cg/conv3/conv2d/Conv2D
	829.81640625
	5.0625
	14.06396484375
v/cg/affine2/weights
average_loss/Mean/_42
tower_0/v/cg/dropout0_1/dropout/dropout/random_uniform/mul
main_fetch_group
tower_0/v/gradients/AddN_2
tower_0/v/alexnet_synthetic_labels/max
tower_0/v/cg/affine1/affine1
v/cg/affine0/weights/read
tower_0/v/gradients/tower_0/v/cg/mpool2/MaxPool_grad/MaxPoolGrad
	553.2109375
v/cg/conv0/biases
tower_0/v/cg/conv4/BiasAdd
tower_0/v/gradients/tower_0/v/cg/conv1/Relu_grad/ReluGrad
tower_0/v/gradients/tower_0/v/cg/conv1/BiasAdd_grad/BiasAddGrad
	0.000732421875
	1789.751953125
	0.0234375
append_apply_gradient_ops/GradientDescent/update_v/cg/affine0/biases/ApplyGradientDescent
tower_0/v/cg/conv4/conv2d/Conv2D
	553.2109375
	3.375
	9.71875
tower_0/v/gradients/tower_0/v/l2_loss/L2Loss_13_grad/mul
	0.015625
tower_0/v/gradients/AddN_6
