tower_0/v/alexnet_synthetic_labels/min	-1	-1
v/cg/conv0/conv2d/kernel/read	-1	-1
tower_0/v/gradients/tower_0/v/l2_loss/L2Loss_12_grad/mul	1602294377162140	265
tower_0/v/l2_loss/L2Loss_15	1602294377163378	7
append_apply_gradient_ops/GradientDescent	-1	-1
tower_0/v/gradients/AddN_9	1602294378319445	33
tower_0/v/cg/conv1/conv2d/Conv2D	1602294377260003	35169
ConstantFolding/tower_0/v/gradients/tower_0/v/cg/conv4/conv2d/Conv2D_grad/ShapeN-matshapes-0	-1	-1
tower_0/v/gradients/tower_0/v/cg/conv0/Relu_grad/ReluGrad	1602294378933989	16325
tower_0/v/gradients/tower_0/v/xentropy/sparse_softmax_cross_entropy_loss/xentropy/xentropy_grad/mul	1602294377662617	58
tower_0/v/cg/affine0/xw_plus_b	1602294377644105	241
tower_0/v/cg/dropout0/dropout/dropout/rate	-1	-1
tower_0/v/cg/dropout0/dropout/dropout/GreaterEqual	1602294377223763	161
tower_0/v/gradients/tower_0/v/cg/conv3/Relu_grad/ReluGrad	1602294377986680	5289
tower_0/v/cg/dropout0/dropout/dropout/Cast	1602294377237600	150
append_apply_gradient_ops/GradientDescent/update_v/cg/conv3/biases/ApplyGradientDescent	1602294378319480	5
tower_0/v/cg/conv0/conv2d/Conv2D	1602294377163747	60012
tower_0/v/l2_loss/L2Loss_12	1602294377161994	141
tower_0/v/gradients/tower_0/v/cg/Reshape_grad/Shape	-1	-1
tower_0/v/gpu_cached_inputs/read	-1	-1
tower_0/v/cg/affine0/affine0	1602294377644348	213
tower_0/v/l2_loss/L2Loss	1602294377163403	18
tower_0/v/gradients/AddN_8	1602294378314172	4
tower_0/v/cg/conv2/conv2d/Conv2D	1602294377319882	43272
tower_0/v/gradients/tower_0/v/l2_loss/L2Loss_10_grad/mul	1602294377162788	585
tower_0/v/gradients/AddN_7	1602294377991971	24
tower_0/v/gradients/tower_0/v/xentropy/sparse_softmax_cross_entropy_loss/xentropy/xentropy_grad/ExpandDims	-1	-1
tower_0/v/gradients/tower_0/v/l2_loss/L2Loss_11_grad/mul	1602294377163452	5
tower_0/v/cg/affine0/xw_plus_b/MatMul	1602294377614562	29542
tower_0/v/mul/x	-1	-1
tower_0/v/cg/conv0/Relu	1602294377237918	10280
tower_0/v/gradients/tower_0/v/cg/conv1/conv2d/Conv2D_grad/Conv2DBackpropFilter	1602294378509797	207768
tower_0/v/xentropy/sparse_softmax_cross_entropy_loss/value	1602294377669519	6
append_apply_gradient_ops/GradientDescent/update_v/cg/conv2/conv2d/kernel/ApplyGradientDescent	1602294378509776	19
v/cg/affine0/biases/read	-1	-1
tower_0/v/mul	1602294377237908	6
append_apply_gradient_ops/GradientDescent/update_v/cg/conv4/biases/ApplyGradientDescent	1602294377991997	5
tower_0/v/gradients/tower_0/v/l2_loss/L2Loss_3_grad/mul	1602294377161903	6
v/cg/affine1/biases	-1	-1
tower_0/v/gradients/tower_0/v/l2_loss/L2Loss_9_grad/mul	1602294377161983	6
tower_0/v/gradients/AddN_1	1602294377669747	94
tower_0/v/gradients/tower_0/v/cg/affine2/xw_plus_b_grad/BiasAddGrad	1602294377662694	55
tower_0/v/gradients/tower_0/v/cg/Reshape_grad/Reshape	-1	-1
tower_0/v/gpu_cached_inputs	-1	-1
tower_0/v/cg/dropout0/dropout/dropout/mul_1	1602294377644563	305
v/cg/conv4/conv2d/kernel	-1	-1
v/cg/conv1/biases/read	-1	-1
tower_0/v/xentropy/sparse_softmax_cross_entropy_loss/Const_1	-1	-1
tower_0/v/cg/dropout0_1/dropout/dropout/mul	1602294377248425	218
tower_0/v/gradients/tower_0/v/l2_loss/L2Loss_2_grad/mul	1602294377163490	10
v/cg/conv2/biases/read	-1	-1
tower_0/v/cg/dropout0_1/dropout/dropout/random_uniform/RandomUniform	1602294377141626	168
tower_0/v/gradients/tower_0/v/cg/conv1/conv2d/Conv2D_grad/Conv2DBackpropInput	1602294378720939	186704
tower_0/v/gradients/tower_0/v/cg/affine2/xw_plus_b/MatMul_grad/MatMul	1602294377662750	3371
ConstantFolding/tower_0/v/gradients/tower_0/v/cg/conv1/conv2d/Conv2D_grad/ShapeN-matshapes-1	-1	-1
tower_0/v/l2_loss/L2Loss_9	1602294377161972	6
v/cg/affine2/biases/read	-1	-1
tower_0/v/gradients/AddN_3	1602294377696910	373
tower_0/v/transpose	1602294377141862	20028
tower_0/v/gradients/tower_0/v/cg/conv4/conv2d/Conv2D_grad/Conv2DBackpropFilter	1602294377862131	124541
tower_0/v/gradients/tower_0/v/l2_loss/L2Loss_1_grad/mul	1602294377162417	5
ConstantFolding/tower_0/v/gradients/tower_0/v/cg/conv0/conv2d/Conv2D_grad/ShapeN-matshapes-1	-1	-1
tower_0/v/gradients/tower_0/v/cg/dropout0_1/dropout/dropout/mul_1_grad/Mul	1602294377669533	212
tower_0/v/l2_loss/L2Loss_2	1602294377163463	21
tower_0/v/l2_loss/L2Loss_3	1602294377161892	5
tower_0/v/gradients/tower_0/v/cg/dropout0/dropout/dropout/mul_grad/Mul	1602294377697292	305
tower_0/v/transpose/perm	-1	-1
tower_0/v/cg/conv0/BiasAdd	1602294377224112	13484
append_apply_gradient_ops/GradientDescent/update_v/cg/affine2/biases/ApplyGradientDescent	1602294377669850	5
tower_0/v/gradients/tower_0/v/cg/affine1/xw_plus_b/MatMul_grad/MatMul	1602294377670726	13293
append_apply_gradient_ops/GradientDescent/update_v/cg/affine1/biases/ApplyGradientDescent	1602294377697284	6
tower_0/v/cg/conv4/Relu	1602294377610072	2275
tower_0/v/gradients/tower_0/v/l2_loss/L2Loss_7_grad/mul	1602294377163736	5
v/cg/affine1/biases/read	-1	-1
tower_0/v/xentropy/sparse_softmax_cross_entropy_loss/num_present	-1	-1
tower_0/v/cg/conv1/Relu	1602294377304870	7424
tower_0/v/cg/dropout0/dropout/dropout/random_uniform/mul	-1	-1
tower_0/v/gradients/tower_0/v/cg/affine0/xw_plus_b_grad/BiasAddGrad	1602294377698297	150
average_loss/Mean/input	-1	-1
tower_0/v/l2_loss/L2Loss_14	1602294377163599	52
tower_0/v/gradients/AddN_11	1602294378498072	19
v/cg/affine0/biases	-1	-1
v/cg/conv1/conv2d/kernel/read	-1	-1
tower_0/v/gradients/tower_0/v/cg/conv3/BiasAdd_grad/BiasAddGrad	1602294377992011	1555
tower_0/v/gradients/AddN_12	1602294378907658	4
tower_0/v/alexnet_synthetic_labels/shape	-1	-1
tower_0/v/cg/dropout0/dropout/dropout/mul	1602294377248203	218
tower_0/v/l2_loss/L2Loss_7	1602294377163726	5
tower_0/v/gradients/tower_0/v/cg/conv2/BiasAdd_grad/BiasAddGrad	1602294378319492	1554
append_apply_gradient_ops/GradientDescent/update_v/cg/conv1/biases/ApplyGradientDescent	1602294378933984	4
v/cg/conv3/biases	-1	-1
_SOURCE	-1	-1
gpu_compute_stage_ops_group	-1	-1
tower_0/v/alexnet_synthetic_labels	1602294377141796	15
v/cg/conv0/conv2d/kernel	-1	-1
v/cg/affine1/weights/read	-1	-1
tower_0/v/gradients/tower_0/v/cg/conv4/conv2d/Conv2D_grad/Conv2DBackpropInput	1602294377768851	93268
tower_0/v/gradients/tower_0/v/cg/affine1/affine1_grad/ReluGrad	1602294377670261	311
tower_0/v/gradients/AddN	1602294377669527	5
tower_0/v/gradients/tower_0/v/cg/affine0/xw_plus_b/MatMul_grad/MatMul	1602294377698448	29075
ConstantFolding/tower_0/v/gradients/tower_0/v/cg/conv2/conv2d/Conv2D_grad/ShapeN-matshapes-1	-1	-1
tower_0/v/cg/Reshape	-1	-1
average_loss/Mean	-1	-1
tower_0/v/gradients/tower_0/v/l2_loss/L2Loss_6_grad/mul	1602294377163541	24
tower_0/v/gradients/tower_0/v/cg/affine2/xw_plus_b/MatMul_grad/MatMul_1	1602294377666123	3395
tower_0/v/gradients/AddN_4	1602294377755501	7
tower_0/v/gradients/tower_0/v/cg/affine0/xw_plus_b/MatMul_grad/MatMul_1	1602294377727527	27972
tower_0/v/gradients/tower_0/v/l2_loss/L2Loss_5_grad/mul	1602294377162487	5
v/cg/affine2/weights/read	-1	-1
v/cg/conv2/biases	-1	-1
tower_0/v/l2_loss/AddN	1602294377224090	16
tower_0/v/l2_loss/L2Loss_10	1602294377162499	283
tower_0/v/l2_loss/L2Loss_11	1602294377163436	11
tower_0/v/l2_loss/L2Loss_4	1602294377162428	24
tower_0/v/gradients/AddN_10	1602294378485434	4
v/cg/conv3/conv2d/kernel	-1	-1
tower_0/v/xentropy/sparse_softmax_cross_entropy_loss/xentropy/xentropy	1602294377662179	437
v/cg/conv2/conv2d/kernel/read	-1	-1
tower_0/v/cg/Reshape/shape	-1	-1
v/cg/conv1/conv2d/kernel	-1	-1
tower_0/v/cg/dropout0/dropout/dropout/Shape	-1	-1
tower_0/v/cg/mpool1/MaxPool	1602294377312298	7579
v/cg/conv3/conv2d/kernel/read	-1	-1
tower_0/v/cg/dropout0_1/dropout/dropout/Cast	1602294377237755	148
tower_0/v/gradients/tower_0/v/l2_loss/L2Loss_8_grad/mul	1602294377161950	17
tower_0/v/gradients/tower_0/v/cg/conv3/conv2d/Conv2D_grad/Conv2DBackpropInput	1602294377993568	136731
main_fetch_group/_38	-1	-1
tower_0/v/gradients/tower_0/v/cg/mpool1/MaxPool_grad/MaxPoolGrad	1602294378485440	12628
tower_0/v/xentropy/sparse_softmax_cross_entropy_loss/Mul	-1	-1
append_apply_gradient_ops/GradientDescent/update_v/cg/conv2/biases/ApplyGradientDescent	1602294378498092	7
ConstantFolding/tower_0/v/gradients/tower_0/v/cg/conv2/conv2d/Conv2D_grad/ShapeN-matshapes-0	-1	-1
append_apply_gradient_ops/GradientDescent/update_v/cg/affine0/weights/ApplyGradientDescent	1602294377763531	842
tower_0/v/l2_loss/L2Loss_13	1602294377163570	12
tower_0/v/cg/affine2/xw_plus_b/MatMul	1602294377658790	3322
tower_0/v/cg/mpool0/MaxPool	1602294377248645	11354
v/cg/conv1/biases	-1	-1
tower_0/v/gradients/tower_0/v/cg/affine0/affine0_grad/ReluGrad	1602294377697975	317
append_apply_gradient_ops/GradientDescent/update_v/cg/affine2/weights/ApplyGradientDescent	1602294377670164	94
tower_0/v/gradients/tower_0/v/l2_loss/L2Loss_15_grad/mul	1602294377163390	6
tower_0/v/gradients/AddN_13	1602294378907645	11
tower_0/v/xentropy/sparse_softmax_cross_entropy_loss/Sum	1602294377662676	10
tower_0/v/cg/conv3/BiasAdd	1602294377507743	4442
tower_0/v/gradients/tower_0/v/cg/affine1/xw_plus_b_grad/BiasAddGrad	1602294377670575	149
tower_0/v/gradients/tower_0/v/l2_loss/L2Loss_grad/mul	1602294377163426	5
tower_0/v/l2_loss/L2Loss_6	1602294377163502	35
learning_rate_tensor/input	-1	-1
tower_0/v/gradients/AddN_15	1602294379020372	5
append_apply_gradient_ops/GradientDescent/update_v/cg/conv0/biases/ApplyGradientDescent	1602294379020378	4
v/cg/affine2/biases	-1	-1
append_apply_gradient_ops/GradientDescent/update_v/cg/conv0/conv2d/kernel/ApplyGradientDescent	1602294379020384	5
tower_0/v/cg/conv3/Relu	1602294377512187	3407
tower_0/v/l2_loss/L2Loss_8	1602294377161914	30
append_apply_gradient_ops/GradientDescent/update_v/cg/conv1/conv2d/kernel/ApplyGradientDescent	1602294378933970	12
ConstantFolding/tower_0/v/gradients/tower_0/v/cg/conv4/conv2d/Conv2D_grad/ShapeN-matshapes-1	-1	-1
train_ops_group	-1	-1
tower_0/v/cg/dropout0/dropout/dropout/truediv	-1	-1
tower_0/v/gradients/tower_0/v/cg/conv2/conv2d/Conv2D_grad/Conv2DBackpropFilter	1602294378389485	95912
ConstantFolding/tower_0/v/gradients/tower_0/v/cg/conv3/conv2d/Conv2D_grad/ShapeN-matshapes-1	-1	-1
tower_0/v/gradients/tower_0/v/cg/conv4/Relu_grad/ReluGrad	1602294377764375	3419
tower_0/v/cg/affine2/xw_plus_b	1602294377662113	64
v/cg/conv2/conv2d/kernel	-1	-1
tower_0/v/gradients/tower_0/v/l2_loss/L2Loss_4_grad/mul	1602294377162458	16
tower_0/v/gradients/tower_0/v/cg/dropout0/dropout/dropout/mul_1_grad/Mul	1602294377696699	209
ConstantFolding/tower_0/v/gradients/tower_0/v/cg/conv1/conv2d/Conv2D_grad/ShapeN-matshapes-0	-1	-1
tower_0/v/gradients/AddN_5	1602294377755511	838
tower_0/v/gradients/tower_0/v/l2_loss/L2Loss_14_grad/mul	1602294377163657	64
v/cg/affine1/weights	-1	-1
v/cg/conv4/biases	-1	-1
v/cg/affine0/weights	-1	-1
tower_0/v/cg/mpool2/MaxPool	1602294377612349	2211
tower_0/v/gradients/tower_0/v/cg/conv2/Relu_grad/ReluGrad	1602294378314178	5265
tower_0/v/gradients/tower_0/v/cg/dropout0_1/dropout/dropout/mul_grad/Mul	1602294377669857	306
v/cg/conv0/biases/read	-1	-1
tower_0/v/gradients/tower_0/v/cg/conv2/conv2d/Conv2D_grad/Conv2DBackpropInput	1602294378321048	68432
tower_0/v/cg/conv2/Relu	1602294377367603	3415
tower_0/v/gradients/tower_0/v/cg/conv0/BiasAdd_grad/BiasAddGrad	1602294378950319	4380
tower_0/v/gradients/AddN_14	1602294379020366	4
tower_0/v/gradients/tower_0/v/cg/conv0/conv2d/Conv2D_grad/Conv2DBackpropFilter	1602294378954704	65660
tower_0/v/l2_loss/L2Loss_5	1602294377162476	5
tower_0/v/add	1602294377669843	5
tower_0/v/cg/dropout0_1/dropout/dropout/GreaterEqual	1602294377223926	158
tower_0/v/gradients/tower_0/v/cg/conv3/conv2d/Conv2D_grad/Conv2DBackpropFilter	1602294378130301	183847
ConstantFolding/tower_0/v/gradients/tower_0/v/cg/conv3/conv2d/Conv2D_grad/ShapeN-matshapes-0	-1	-1
append_apply_gradient_ops/GradientDescent/update_v/cg/conv4/conv2d/kernel/ApplyGradientDescent	1602294378314150	21
append_apply_gradient_ops/GradientDescent/update_v/cg/affine1/weights/ApplyGradientDescent	1602294377697598	375
tower_0/v/cg/conv1/BiasAdd	1602294377295176	9689
tower_0/v/cg/affine1/xw_plus_b	1602294377658024	241
tower_0/v/gradients/tower_0/v/cg/mpool0/MaxPool_grad/MaxPoolGrad	1602294378907663	26305
v/cg/conv4/biases/read	-1	-1
tower_0/v/cg/conv2/BiasAdd	1602294377363156	4446
ConstantFolding/average_loss/Mean/input_const_axis	-1	-1
v/cg/conv4/conv2d/kernel/read	-1	-1
tower_0/v/cg/affine1/xw_plus_b/MatMul	1602294377644870	13152
tower_0/v/gradients/tower_0/v/cg/affine1/xw_plus_b/MatMul_grad/MatMul_1	1602294377684021	12669
tower_0/v/cg/dropout0/dropout/dropout/random_uniform/RandomUniform	1602294377141412	212
v/cg/conv3/biases/read	-1	-1
tower_0/v/l2_loss/L2Loss_1	1602294377162406	5
tower_0/v/cg/dropout0_1/dropout/dropout/mul_1	1602294377658481	307
tower_0/v/gradients/tower_0/v/cg/conv4/BiasAdd_grad/BiasAddGrad	1602294377767801	1048
append_apply_gradient_ops/GradientDescent/update_v/cg/conv3/conv2d/kernel/ApplyGradientDescent	1602294378485399	33
tower_0/v/cg/conv3/conv2d/Conv2D	1602294377371020	136721
v/cg/affine2/weights	-1	-1
average_loss/Mean/_42	1602294377697285	4
tower_0/v/cg/dropout0_1/dropout/dropout/random_uniform/mul	-1	-1
main_fetch_group	-1	-1
tower_0/v/gradients/AddN_2	1602294377696692	5
tower_0/v/alexnet_synthetic_labels/max	-1	-1
tower_0/v/cg/affine1/affine1	1602294377658267	213
v/cg/affine0/weights/read	-1	-1
tower_0/v/gradients/tower_0/v/cg/mpool2/MaxPool_grad/MaxPoolGrad	1602294377756358	7171
v/cg/conv0/biases	-1	-1
tower_0/v/cg/conv4/BiasAdd	1602294377607124	2946
tower_0/v/gradients/tower_0/v/cg/conv1/Relu_grad/ReluGrad	1602294378498100	11674
tower_0/v/gradients/tower_0/v/cg/conv1/BiasAdd_grad/BiasAddGrad	1602294378717570	3367
append_apply_gradient_ops/GradientDescent/update_v/cg/affine0/biases/ApplyGradientDescent	1602294377756351	6
tower_0/v/cg/conv4/conv2d/Conv2D	1602294377515598	91524
tower_0/v/gradients/tower_0/v/l2_loss/L2Loss_13_grad/mul	1602294377163588	5
tower_0/v/gradients/AddN_6	1602294377986674	5
