tower_0/v/alexnet_synthetic_labels/min	-1	-1
v/cg/conv0/conv2d/kernel/read	-1	-1
tower_0/v/gradients/tower_0/v/l2_loss/L2Loss_12_grad/mul	1602294371403829	264
tower_0/v/l2_loss/L2Loss_15	1602294371405061	6
append_apply_gradient_ops/GradientDescent	-1	-1
tower_0/v/gradients/AddN_9	1602294372561686	34
tower_0/v/cg/conv1/conv2d/Conv2D	1602294371501678	35118
ConstantFolding/tower_0/v/gradients/tower_0/v/cg/conv4/conv2d/Conv2D_grad/ShapeN-matshapes-0	-1	-1
tower_0/v/gradients/tower_0/v/cg/conv0/Relu_grad/ReluGrad	1602294373177022	16344
tower_0/v/gradients/tower_0/v/xentropy/sparse_softmax_cross_entropy_loss/xentropy/xentropy_grad/mul	1602294371904346	57
tower_0/v/cg/affine0/xw_plus_b	1602294371885828	242
tower_0/v/cg/dropout0/dropout/dropout/rate	-1	-1
tower_0/v/cg/dropout0/dropout/dropout/GreaterEqual	1602294371465427	160
tower_0/v/gradients/tower_0/v/cg/conv3/Relu_grad/ReluGrad	1602294372229564	5263
tower_0/v/cg/dropout0/dropout/dropout/Cast	1602294371479258	150
append_apply_gradient_ops/GradientDescent/update_v/cg/conv3/biases/ApplyGradientDescent	1602294372561722	4
tower_0/v/cg/conv0/conv2d/Conv2D	1602294371405425	59997
tower_0/v/l2_loss/L2Loss_12	1602294371403688	136
tower_0/v/gradients/tower_0/v/cg/Reshape_grad/Shape	-1	-1
tower_0/v/gpu_cached_inputs/read	-1	-1
tower_0/v/cg/affine0/affine0	1602294371886071	215
tower_0/v/l2_loss/L2Loss	1602294371405083	19
tower_0/v/gradients/AddN_8	1602294372556409	4
tower_0/v/cg/conv2/conv2d/Conv2D	1602294371561517	43281
tower_0/v/gradients/tower_0/v/l2_loss/L2Loss_10_grad/mul	1602294371404473	586
tower_0/v/gradients/AddN_7	1602294372234830	23
tower_0/v/gradients/tower_0/v/xentropy/sparse_softmax_cross_entropy_loss/xentropy/xentropy_grad/ExpandDims	-1	-1
tower_0/v/gradients/tower_0/v/l2_loss/L2Loss_11_grad/mul	1602294371405133	5
tower_0/v/cg/affine0/xw_plus_b/MatMul	1602294371856289	29538
tower_0/v/mul/x	-1	-1
tower_0/v/cg/conv0/Relu	1602294371479580	10292
tower_0/v/gradients/tower_0/v/cg/conv1/conv2d/Conv2D_grad/Conv2DBackpropFilter	1602294372752662	207683
tower_0/v/xentropy/sparse_softmax_cross_entropy_loss/value	1602294371911251	6
append_apply_gradient_ops/GradientDescent/update_v/cg/conv2/conv2d/kernel/ApplyGradientDescent	1602294372752641	19
v/cg/affine0/biases/read	-1	-1
tower_0/v/mul	1602294371479569	6
append_apply_gradient_ops/GradientDescent/update_v/cg/conv4/biases/ApplyGradientDescent	1602294372234855	4
tower_0/v/gradients/tower_0/v/l2_loss/L2Loss_3_grad/mul	1602294371403602	6
v/cg/affine1/biases	-1	-1
tower_0/v/gradients/tower_0/v/l2_loss/L2Loss_9_grad/mul	1602294371403677	6
tower_0/v/gradients/AddN_1	1602294371911478	94
tower_0/v/gradients/tower_0/v/cg/affine2/xw_plus_b_grad/BiasAddGrad	1602294371904421	56
tower_0/v/gradients/tower_0/v/cg/Reshape_grad/Reshape	-1	-1
tower_0/v/gpu_cached_inputs	-1	-1
tower_0/v/cg/dropout0/dropout/dropout/mul_1	1602294371886288	308
v/cg/conv4/conv2d/kernel	-1	-1
v/cg/conv1/biases/read	-1	-1
tower_0/v/xentropy/sparse_softmax_cross_entropy_loss/Const_1	-1	-1
tower_0/v/cg/dropout0_1/dropout/dropout/mul	1602294371490097	219
tower_0/v/gradients/tower_0/v/l2_loss/L2Loss_2_grad/mul	1602294371405171	10
v/cg/conv2/biases/read	-1	-1
tower_0/v/cg/dropout0_1/dropout/dropout/random_uniform/RandomUniform	1602294371383390	168
tower_0/v/gradients/tower_0/v/cg/conv1/conv2d/Conv2D_grad/Conv2DBackpropInput	1602294372963715	186886
tower_0/v/gradients/tower_0/v/cg/affine2/xw_plus_b/MatMul_grad/MatMul	1602294371904479	3371
ConstantFolding/tower_0/v/gradients/tower_0/v/cg/conv1/conv2d/Conv2D_grad/ShapeN-matshapes-1	-1	-1
tower_0/v/l2_loss/L2Loss_9	1602294371403665	6
v/cg/affine2/biases/read	-1	-1
tower_0/v/gradients/AddN_3	1602294371938646	375
tower_0/v/transpose	1602294371383577	20008
tower_0/v/gradients/tower_0/v/cg/conv4/conv2d/Conv2D_grad/Conv2DBackpropFilter	1602294372103868	125688
tower_0/v/gradients/tower_0/v/l2_loss/L2Loss_1_grad/mul	1602294371404106	6
ConstantFolding/tower_0/v/gradients/tower_0/v/cg/conv0/conv2d/Conv2D_grad/ShapeN-matshapes-1	-1	-1
tower_0/v/gradients/tower_0/v/cg/dropout0_1/dropout/dropout/mul_1_grad/Mul	1602294371911265	212
tower_0/v/l2_loss/L2Loss_2	1602294371405143	23
tower_0/v/l2_loss/L2Loss_3	1602294371403590	7
tower_0/v/gradients/tower_0/v/cg/dropout0/dropout/dropout/mul_grad/Mul	1602294371939032	304
tower_0/v/transpose/perm	-1	-1
tower_0/v/cg/conv0/BiasAdd	1602294371465780	13474
append_apply_gradient_ops/GradientDescent/update_v/cg/affine2/biases/ApplyGradientDescent	1602294371911580	5
tower_0/v/gradients/tower_0/v/cg/affine1/xw_plus_b/MatMul_grad/MatMul	1602294371912458	13297
append_apply_gradient_ops/GradientDescent/update_v/cg/affine1/biases/ApplyGradientDescent	1602294371939024	6
tower_0/v/cg/conv4/Relu	1602294371851802	2271
tower_0/v/gradients/tower_0/v/l2_loss/L2Loss_7_grad/mul	1602294371405414	6
v/cg/affine1/biases/read	-1	-1
tower_0/v/xentropy/sparse_softmax_cross_entropy_loss/num_present	-1	-1
tower_0/v/cg/conv1/Relu	1602294371546501	7429
tower_0/v/cg/dropout0/dropout/dropout/random_uniform/mul	-1	-1
tower_0/v/gradients/tower_0/v/cg/affine0/xw_plus_b_grad/BiasAddGrad	1602294371940032	148
average_loss/Mean/input	-1	-1
tower_0/v/l2_loss/L2Loss_14	1602294371405275	54
tower_0/v/gradients/AddN_11	1602294372740890	18
v/cg/affine0/biases	-1	-1
v/cg/conv1/conv2d/kernel/read	-1	-1
tower_0/v/gradients/tower_0/v/cg/conv3/BiasAdd_grad/BiasAddGrad	1602294372234862	1554
tower_0/v/gradients/AddN_12	1602294373150616	4
tower_0/v/alexnet_synthetic_labels/shape	-1	-1
tower_0/v/cg/dropout0/dropout/dropout/mul	1602294371489876	216
tower_0/v/l2_loss/L2Loss_7	1602294371405404	6
tower_0/v/gradients/tower_0/v/cg/conv2/BiasAdd_grad/BiasAddGrad	1602294372561735	1557
append_apply_gradient_ops/GradientDescent/update_v/cg/conv1/biases/ApplyGradientDescent	1602294373177015	4
v/cg/conv3/biases	-1	-1
_SOURCE	-1	-1
gpu_compute_stage_ops_group	-1	-1
tower_0/v/alexnet_synthetic_labels	1602294371383560	15
v/cg/conv0/conv2d/kernel	-1	-1
v/cg/affine1/weights/read	-1	-1
tower_0/v/gradients/tower_0/v/cg/conv4/conv2d/Conv2D_grad/Conv2DBackpropInput	1602294372010626	93237
tower_0/v/gradients/tower_0/v/cg/affine1/affine1_grad/ReluGrad	1602294371911991	309
tower_0/v/gradients/AddN	1602294371911259	5
tower_0/v/gradients/tower_0/v/cg/affine0/xw_plus_b/MatMul_grad/MatMul	1602294371940182	29077
ConstantFolding/tower_0/v/gradients/tower_0/v/cg/conv2/conv2d/Conv2D_grad/ShapeN-matshapes-1	-1	-1
tower_0/v/cg/Reshape	-1	-1
average_loss/Mean	-1	-1
tower_0/v/gradients/tower_0/v/l2_loss/L2Loss_6_grad/mul	1602294371405220	28
tower_0/v/gradients/tower_0/v/cg/affine2/xw_plus_b/MatMul_grad/MatMul_1	1602294371907851	3398
tower_0/v/gradients/AddN_4	1602294371997237	5
tower_0/v/gradients/tower_0/v/cg/affine0/xw_plus_b/MatMul_grad/MatMul_1	1602294371969263	27970
tower_0/v/gradients/tower_0/v/l2_loss/L2Loss_5_grad/mul	1602294371404175	6
v/cg/affine2/weights/read	-1	-1
v/cg/conv2/biases	-1	-1
tower_0/v/l2_loss/AddN	1602294371465757	17
tower_0/v/l2_loss/L2Loss_10	1602294371404187	281
tower_0/v/l2_loss/L2Loss_11	1602294371405117	11
tower_0/v/l2_loss/L2Loss_4	1602294371404117	24
tower_0/v/gradients/AddN_10	1602294372728248	4
v/cg/conv3/conv2d/kernel	-1	-1
tower_0/v/xentropy/sparse_softmax_cross_entropy_loss/xentropy/xentropy	1602294371903914	430
v/cg/conv2/conv2d/kernel/read	-1	-1
tower_0/v/cg/Reshape/shape	-1	-1
v/cg/conv1/conv2d/kernel	-1	-1
tower_0/v/cg/dropout0/dropout/dropout/Shape	-1	-1
tower_0/v/cg/mpool1/MaxPool	1602294371553934	7579
v/cg/conv3/conv2d/kernel/read	-1	-1
tower_0/v/cg/dropout0_1/dropout/dropout/Cast	1602294371479414	151
tower_0/v/gradients/tower_0/v/l2_loss/L2Loss_8_grad/mul	1602294371403647	17
tower_0/v/gradients/tower_0/v/cg/conv3/conv2d/Conv2D_grad/Conv2DBackpropInput	1602294372236418	136752
main_fetch_group/_38	-1	-1
tower_0/v/gradients/tower_0/v/cg/mpool1/MaxPool_grad/MaxPoolGrad	1602294372728254	12634
tower_0/v/xentropy/sparse_softmax_cross_entropy_loss/Mul	-1	-1
append_apply_gradient_ops/GradientDescent/update_v/cg/conv2/biases/ApplyGradientDescent	1602294372740910	5
ConstantFolding/tower_0/v/gradients/tower_0/v/cg/conv2/conv2d/Conv2D_grad/ShapeN-matshapes-0	-1	-1
append_apply_gradient_ops/GradientDescent/update_v/cg/affine0/weights/ApplyGradientDescent	1602294372005266	841
tower_0/v/l2_loss/L2Loss_13	1602294371405249	11
tower_0/v/cg/affine2/xw_plus_b/MatMul	1602294371900520	3325
tower_0/v/cg/mpool0/MaxPool	1602294371490318	11359
v/cg/conv1/biases	-1	-1
tower_0/v/gradients/tower_0/v/cg/affine0/affine0_grad/ReluGrad	1602294371939712	307
append_apply_gradient_ops/GradientDescent/update_v/cg/affine2/weights/ApplyGradientDescent	1602294371911896	94
tower_0/v/gradients/tower_0/v/l2_loss/L2Loss_15_grad/mul	1602294371405072	6
tower_0/v/gradients/AddN_13	1602294373150604	11
tower_0/v/xentropy/sparse_softmax_cross_entropy_loss/Sum	1602294371904405	10
tower_0/v/cg/conv3/BiasAdd	1602294371749435	4452
tower_0/v/gradients/tower_0/v/cg/affine1/xw_plus_b_grad/BiasAddGrad	1602294371912307	150
tower_0/v/gradients/tower_0/v/l2_loss/L2Loss_grad/mul	1602294371405106	6
tower_0/v/l2_loss/L2Loss_6	1602294371405183	32
learning_rate_tensor/input	-1	-1
tower_0/v/gradients/AddN_15	1602294373263410	5
append_apply_gradient_ops/GradientDescent/update_v/cg/conv0/biases/ApplyGradientDescent	1602294373263417	4
v/cg/affine2/biases	-1	-1
append_apply_gradient_ops/GradientDescent/update_v/cg/conv0/conv2d/kernel/ApplyGradientDescent	1602294373263423	5
tower_0/v/cg/conv3/Relu	1602294371753889	3405
tower_0/v/l2_loss/L2Loss_8	1602294371403613	29
append_apply_gradient_ops/GradientDescent/update_v/cg/conv1/conv2d/kernel/ApplyGradientDescent	1602294373177001	11
ConstantFolding/tower_0/v/gradients/tower_0/v/cg/conv4/conv2d/Conv2D_grad/ShapeN-matshapes-1	-1	-1
train_ops_group	-1	-1
tower_0/v/cg/dropout0/dropout/dropout/truediv	-1	-1
tower_0/v/gradients/tower_0/v/cg/conv2/conv2d/Conv2D_grad/Conv2DBackpropFilter	1602294372631743	96469
ConstantFolding/tower_0/v/gradients/tower_0/v/cg/conv3/conv2d/Conv2D_grad/ShapeN-matshapes-1	-1	-1
tower_0/v/gradients/tower_0/v/cg/conv4/Relu_grad/ReluGrad	1602294372006111	3453
tower_0/v/cg/affine2/xw_plus_b	1602294371903849	63
v/cg/conv2/conv2d/kernel	-1	-1
tower_0/v/gradients/tower_0/v/l2_loss/L2Loss_4_grad/mul	1602294371404146	16
tower_0/v/gradients/tower_0/v/cg/dropout0/dropout/dropout/mul_1_grad/Mul	1602294371938434	210
ConstantFolding/tower_0/v/gradients/tower_0/v/cg/conv1/conv2d/Conv2D_grad/ShapeN-matshapes-0	-1	-1
tower_0/v/gradients/AddN_5	1602294371997244	838
tower_0/v/gradients/tower_0/v/l2_loss/L2Loss_14_grad/mul	1602294371405334	65
v/cg/affine1/weights	-1	-1
v/cg/conv4/biases	-1	-1
v/cg/affine0/weights	-1	-1
tower_0/v/cg/mpool2/MaxPool	1602294371854075	2213
tower_0/v/gradients/tower_0/v/cg/conv2/Relu_grad/ReluGrad	1602294372556415	5270
tower_0/v/gradients/tower_0/v/cg/dropout0_1/dropout/dropout/mul_grad/Mul	1602294371911586	306
v/cg/conv0/biases/read	-1	-1
tower_0/v/gradients/tower_0/v/cg/conv2/conv2d/Conv2D_grad/Conv2DBackpropInput	1602294372563294	68440
tower_0/v/cg/conv2/Relu	1602294371609240	3416
tower_0/v/gradients/tower_0/v/cg/conv0/BiasAdd_grad/BiasAddGrad	1602294373193370	4380
tower_0/v/gradients/AddN_14	1602294373263404	4
tower_0/v/gradients/tower_0/v/cg/conv0/conv2d/Conv2D_grad/Conv2DBackpropFilter	1602294373197752	65650
tower_0/v/l2_loss/L2Loss_5	1602294371404164	6
tower_0/v/add	1602294371911573	5
tower_0/v/cg/dropout0_1/dropout/dropout/GreaterEqual	1602294371465592	160
tower_0/v/gradients/tower_0/v/cg/conv3/conv2d/Conv2D_grad/Conv2DBackpropFilter	1602294372373171	183213
ConstantFolding/tower_0/v/gradients/tower_0/v/cg/conv3/conv2d/Conv2D_grad/ShapeN-matshapes-0	-1	-1
append_apply_gradient_ops/GradientDescent/update_v/cg/conv4/conv2d/kernel/ApplyGradientDescent	1602294372556386	21
append_apply_gradient_ops/GradientDescent/update_v/cg/affine1/weights/ApplyGradientDescent	1602294371939337	373
tower_0/v/cg/conv1/BiasAdd	1602294371536800	9697
tower_0/v/cg/affine1/xw_plus_b	1602294371899754	241
tower_0/v/gradients/tower_0/v/cg/mpool0/MaxPool_grad/MaxPoolGrad	1602294373150624	26375
v/cg/conv4/biases/read	-1	-1
tower_0/v/cg/conv2/BiasAdd	1602294371604800	4439
ConstantFolding/average_loss/Mean/input_const_axis	-1	-1
v/cg/conv4/conv2d/kernel/read	-1	-1
tower_0/v/cg/affine1/xw_plus_b/MatMul	1602294371886598	13152
tower_0/v/gradients/tower_0/v/cg/affine1/xw_plus_b/MatMul_grad/MatMul_1	1602294371925758	12668
tower_0/v/cg/dropout0/dropout/dropout/random_uniform/RandomUniform	1602294371383182	206
v/cg/conv3/biases/read	-1	-1
tower_0/v/l2_loss/L2Loss_1	1602294371404095	6
tower_0/v/cg/dropout0_1/dropout/dropout/mul_1	1602294371900213	306
tower_0/v/gradients/tower_0/v/cg/conv4/BiasAdd_grad/BiasAddGrad	1602294372009574	1050
append_apply_gradient_ops/GradientDescent/update_v/cg/conv3/conv2d/kernel/ApplyGradientDescent	1602294372728214	32
tower_0/v/cg/conv3/conv2d/Conv2D	1602294371612660	136774
v/cg/affine2/weights	-1	-1
average_loss/Mean/_42	1602294371939025	6
tower_0/v/cg/dropout0_1/dropout/dropout/random_uniform/mul	-1	-1
main_fetch_group	-1	-1
tower_0/v/gradients/AddN_2	1602294371938427	5
tower_0/v/alexnet_synthetic_labels/max	-1	-1
tower_0/v/cg/affine1/affine1	1602294371899996	215
v/cg/affine0/weights/read	-1	-1
tower_0/v/gradients/tower_0/v/cg/mpool2/MaxPool_grad/MaxPoolGrad	1602294371998091	7171
v/cg/conv0/biases	-1	-1
tower_0/v/cg/conv4/BiasAdd	1602294371848841	2957
tower_0/v/gradients/tower_0/v/cg/conv1/Relu_grad/ReluGrad	1602294372740916	11723
tower_0/v/gradients/tower_0/v/cg/conv1/BiasAdd_grad/BiasAddGrad	1602294372960349	3364
append_apply_gradient_ops/GradientDescent/update_v/cg/affine0/biases/ApplyGradientDescent	1602294371998083	5
tower_0/v/cg/conv4/conv2d/Conv2D	1602294371757296	91543
tower_0/v/gradients/tower_0/v/l2_loss/L2Loss_13_grad/mul	1602294371405265	6
tower_0/v/gradients/AddN_6	1602294372229558	4
