tower_0/v/alexnet_synthetic_labels/min	-1	-1
v/cg/conv0/conv2d/kernel/read	-1	-1
tower_0/v/gradients/tower_0/v/l2_loss/L2Loss_12_grad/mul	1602294379073735	261
tower_0/v/l2_loss/L2Loss_15	1602294379074964	6
append_apply_gradient_ops/GradientDescent	-1	-1
tower_0/v/gradients/AddN_9	1602294380230754	34
tower_0/v/cg/conv1/conv2d/Conv2D	1602294379171605	35204
ConstantFolding/tower_0/v/gradients/tower_0/v/cg/conv4/conv2d/Conv2D_grad/ShapeN-matshapes-0	-1	-1
tower_0/v/gradients/tower_0/v/cg/conv0/Relu_grad/ReluGrad	1602294380845795	16363
tower_0/v/gradients/tower_0/v/xentropy/sparse_softmax_cross_entropy_loss/xentropy/xentropy_grad/mul	1602294379574214	58
tower_0/v/cg/affine0/xw_plus_b	1602294379555710	244
tower_0/v/cg/dropout0/dropout/dropout/rate	-1	-1
tower_0/v/cg/dropout0/dropout/dropout/GreaterEqual	1602294379135351	160
tower_0/v/gradients/tower_0/v/cg/conv3/Relu_grad/ReluGrad	1602294379898290	5269
tower_0/v/cg/dropout0/dropout/dropout/Cast	1602294379149174	149
append_apply_gradient_ops/GradientDescent/update_v/cg/conv3/biases/ApplyGradientDescent	1602294380230789	4
tower_0/v/cg/conv0/conv2d/Conv2D	1602294379075328	60018
tower_0/v/l2_loss/L2Loss_12	1602294379073590	139
tower_0/v/gradients/tower_0/v/cg/Reshape_grad/Shape	-1	-1
tower_0/v/gpu_cached_inputs/read	-1	-1
tower_0/v/cg/affine0/affine0	1602294379555956	213
tower_0/v/l2_loss/L2Loss	1602294379074986	19
tower_0/v/gradients/AddN_8	1602294380225496	4
tower_0/v/cg/conv2/conv2d/Conv2D	1602294379231530	43274
tower_0/v/gradients/tower_0/v/l2_loss/L2Loss_10_grad/mul	1602294379074378	582
tower_0/v/gradients/AddN_7	1602294379903560	24
tower_0/v/gradients/tower_0/v/xentropy/sparse_softmax_cross_entropy_loss/xentropy/xentropy_grad/ExpandDims	-1	-1
tower_0/v/gradients/tower_0/v/l2_loss/L2Loss_11_grad/mul	1602294379075036	6
tower_0/v/cg/affine0/xw_plus_b/MatMul	1602294379526168	29541
tower_0/v/mul/x	-1	-1
tower_0/v/cg/conv0/Relu	1602294379149493	10307
tower_0/v/gradients/tower_0/v/cg/conv1/conv2d/Conv2D_grad/Conv2DBackpropFilter	1602294380421225	208135
tower_0/v/xentropy/sparse_softmax_cross_entropy_loss/value	1602294379581110	6
append_apply_gradient_ops/GradientDescent/update_v/cg/conv2/conv2d/kernel/ApplyGradientDescent	1602294380421204	19
v/cg/affine0/biases/read	-1	-1
tower_0/v/mul	1602294379149482	6
append_apply_gradient_ops/GradientDescent/update_v/cg/conv4/biases/ApplyGradientDescent	1602294379903586	4
tower_0/v/gradients/tower_0/v/l2_loss/L2Loss_3_grad/mul	1602294379073502	5
v/cg/affine1/biases	-1	-1
tower_0/v/gradients/tower_0/v/l2_loss/L2Loss_9_grad/mul	1602294379073579	6
tower_0/v/gradients/AddN_1	1602294379581338	93
tower_0/v/gradients/tower_0/v/cg/affine2/xw_plus_b_grad/BiasAddGrad	1602294379574289	55
tower_0/v/gradients/tower_0/v/cg/Reshape_grad/Reshape	-1	-1
tower_0/v/gpu_cached_inputs	-1	-1
tower_0/v/cg/dropout0/dropout/dropout/mul_1	1602294379556171	305
v/cg/conv4/conv2d/kernel	-1	-1
v/cg/conv1/biases/read	-1	-1
tower_0/v/xentropy/sparse_softmax_cross_entropy_loss/Const_1	-1	-1
tower_0/v/cg/dropout0_1/dropout/dropout/mul	1602294379160025	217
tower_0/v/gradients/tower_0/v/l2_loss/L2Loss_2_grad/mul	1602294379075075	11
v/cg/conv2/biases/read	-1	-1
tower_0/v/cg/dropout0_1/dropout/dropout/random_uniform/RandomUniform	1602294379053242	168
tower_0/v/gradients/tower_0/v/cg/conv1/conv2d/Conv2D_grad/Conv2DBackpropInput	1602294380632727	186740
tower_0/v/gradients/tower_0/v/cg/affine2/xw_plus_b/MatMul_grad/MatMul	1602294379574345	3367
ConstantFolding/tower_0/v/gradients/tower_0/v/cg/conv1/conv2d/Conv2D_grad/ShapeN-matshapes-1	-1	-1
tower_0/v/l2_loss/L2Loss_9	1602294379073569	6
v/cg/affine2/biases/read	-1	-1
tower_0/v/gradients/AddN_3	1602294379608495	372
tower_0/v/transpose	1602294379053463	20027
tower_0/v/gradients/tower_0/v/cg/conv4/conv2d/Conv2D_grad/Conv2DBackpropFilter	1602294379773718	124562
tower_0/v/gradients/tower_0/v/l2_loss/L2Loss_1_grad/mul	1602294379074009	6
ConstantFolding/tower_0/v/gradients/tower_0/v/cg/conv0/conv2d/Conv2D_grad/ShapeN-matshapes-1	-1	-1
tower_0/v/gradients/tower_0/v/cg/dropout0_1/dropout/dropout/mul_1_grad/Mul	1602294379581123	213
tower_0/v/l2_loss/L2Loss_2	1602294379075046	25
tower_0/v/l2_loss/L2Loss_3	1602294379073491	6
tower_0/v/gradients/tower_0/v/cg/dropout0/dropout/dropout/mul_grad/Mul	1602294379608876	304
tower_0/v/transpose/perm	-1	-1
tower_0/v/cg/conv0/BiasAdd	1602294379135702	13467
append_apply_gradient_ops/GradientDescent/update_v/cg/affine2/biases/ApplyGradientDescent	1602294379581439	5
tower_0/v/gradients/tower_0/v/cg/affine1/xw_plus_b/MatMul_grad/MatMul	1602294379582312	13292
append_apply_gradient_ops/GradientDescent/update_v/cg/affine1/biases/ApplyGradientDescent	1602294379608869	6
tower_0/v/cg/conv4/Relu	1602294379521690	2264
tower_0/v/gradients/tower_0/v/l2_loss/L2Loss_7_grad/mul	1602294379075318	5
v/cg/affine1/biases/read	-1	-1
tower_0/v/xentropy/sparse_softmax_cross_entropy_loss/num_present	-1	-1
tower_0/v/cg/conv1/Relu	1602294379216509	7435
tower_0/v/cg/dropout0/dropout/dropout/random_uniform/mul	-1	-1
tower_0/v/gradients/tower_0/v/cg/affine0/xw_plus_b_grad/BiasAddGrad	1602294379609865	149
average_loss/Mean/input	-1	-1
tower_0/v/l2_loss/L2Loss_14	1602294379075183	53
tower_0/v/gradients/AddN_11	1602294380409482	19
v/cg/affine0/biases	-1	-1
v/cg/conv1/conv2d/kernel/read	-1	-1
tower_0/v/gradients/tower_0/v/cg/conv3/BiasAdd_grad/BiasAddGrad	1602294379903593	1555
tower_0/v/gradients/AddN_12	1602294380819481	4
tower_0/v/alexnet_synthetic_labels/shape	-1	-1
tower_0/v/cg/dropout0/dropout/dropout/mul	1602294379159804	216
tower_0/v/l2_loss/L2Loss_7	1602294379075308	6
tower_0/v/gradients/tower_0/v/cg/conv2/BiasAdd_grad/BiasAddGrad	1602294380230799	1561
append_apply_gradient_ops/GradientDescent/update_v/cg/conv1/biases/ApplyGradientDescent	1602294380845789	4
v/cg/conv3/biases	-1	-1
_SOURCE	-1	-1
gpu_compute_stage_ops_group	-1	-1
tower_0/v/alexnet_synthetic_labels	1602294379053412	15
v/cg/conv0/conv2d/kernel	-1	-1
v/cg/affine1/weights/read	-1	-1
tower_0/v/gradients/tower_0/v/cg/conv4/conv2d/Conv2D_grad/Conv2DBackpropInput	1602294379680455	93255
tower_0/v/gradients/tower_0/v/cg/affine1/affine1_grad/ReluGrad	1602294379581847	309
tower_0/v/gradients/AddN	1602294379581117	5
tower_0/v/gradients/tower_0/v/cg/affine0/xw_plus_b/MatMul_grad/MatMul	1602294379610016	29072
ConstantFolding/tower_0/v/gradients/tower_0/v/cg/conv2/conv2d/Conv2D_grad/ShapeN-matshapes-1	-1	-1
tower_0/v/cg/Reshape	-1	-1
average_loss/Mean	-1	-1
tower_0/v/gradients/tower_0/v/l2_loss/L2Loss_6_grad/mul	1602294379075127	25
tower_0/v/gradients/tower_0/v/cg/affine2/xw_plus_b/MatMul_grad/MatMul_1	1602294379577714	3394
tower_0/v/gradients/AddN_4	1602294379667066	5
tower_0/v/gradients/tower_0/v/cg/affine0/xw_plus_b/MatMul_grad/MatMul_1	1602294379639089	27973
tower_0/v/gradients/tower_0/v/l2_loss/L2Loss_5_grad/mul	1602294379074080	7
v/cg/affine2/weights/read	-1	-1
v/cg/conv2/biases	-1	-1
tower_0/v/l2_loss/AddN	1602294379135680	16
tower_0/v/l2_loss/L2Loss_10	1602294379074091	282
tower_0/v/l2_loss/L2Loss_11	1602294379075020	11
tower_0/v/l2_loss/L2Loss_4	1602294379074020	27
tower_0/v/gradients/AddN_10	1602294380396842	4
v/cg/conv3/conv2d/kernel	-1	-1
tower_0/v/xentropy/sparse_softmax_cross_entropy_loss/xentropy/xentropy	1602294379573782	430
v/cg/conv2/conv2d/kernel/read	-1	-1
tower_0/v/cg/Reshape/shape	-1	-1
v/cg/conv1/conv2d/kernel	-1	-1
tower_0/v/cg/dropout0/dropout/dropout/Shape	-1	-1
tower_0/v/cg/mpool1/MaxPool	1602294379223949	7577
v/cg/conv3/conv2d/kernel/read	-1	-1
tower_0/v/cg/dropout0_1/dropout/dropout/Cast	1602294379149328	149
tower_0/v/gradients/tower_0/v/l2_loss/L2Loss_8_grad/mul	1602294379073547	16
tower_0/v/gradients/tower_0/v/cg/conv3/conv2d/Conv2D_grad/Conv2DBackpropInput	1602294379905150	136733
main_fetch_group/_38	-1	-1
tower_0/v/gradients/tower_0/v/cg/mpool1/MaxPool_grad/MaxPoolGrad	1602294380396848	12633
tower_0/v/xentropy/sparse_softmax_cross_entropy_loss/Mul	-1	-1
append_apply_gradient_ops/GradientDescent/update_v/cg/conv2/biases/ApplyGradientDescent	1602294380409503	4
ConstantFolding/tower_0/v/gradients/tower_0/v/cg/conv2/conv2d/Conv2D_grad/ShapeN-matshapes-0	-1	-1
append_apply_gradient_ops/GradientDescent/update_v/cg/affine0/weights/ApplyGradientDescent	1602294379675105	843
tower_0/v/l2_loss/L2Loss_13	1602294379075157	11
tower_0/v/cg/affine2/xw_plus_b/MatMul	1602294379570392	3323
tower_0/v/cg/mpool0/MaxPool	1602294379160246	11357
v/cg/conv1/biases	-1	-1
tower_0/v/gradients/tower_0/v/cg/affine0/affine0_grad/ReluGrad	1602294379609556	304
append_apply_gradient_ops/GradientDescent/update_v/cg/affine2/weights/ApplyGradientDescent	1602294379581752	93
tower_0/v/gradients/tower_0/v/l2_loss/L2Loss_15_grad/mul	1602294379074975	6
tower_0/v/gradients/AddN_13	1602294380819468	11
tower_0/v/xentropy/sparse_softmax_cross_entropy_loss/Sum	1602294379574273	10
tower_0/v/cg/conv3/BiasAdd	1602294379419412	4447
tower_0/v/gradients/tower_0/v/cg/affine1/xw_plus_b_grad/BiasAddGrad	1602294379582161	149
tower_0/v/gradients/tower_0/v/l2_loss/L2Loss_grad/mul	1602294379075009	6
tower_0/v/l2_loss/L2Loss_6	1602294379075090	32
learning_rate_tensor/input	-1	-1
tower_0/v/gradients/AddN_15	1602294380932963	5
append_apply_gradient_ops/GradientDescent/update_v/cg/conv0/biases/ApplyGradientDescent	1602294380932970	5
v/cg/affine2/biases	-1	-1
append_apply_gradient_ops/GradientDescent/update_v/cg/conv0/conv2d/kernel/ApplyGradientDescent	1602294380932976	5
tower_0/v/cg/conv3/Relu	1602294379423860	3413
tower_0/v/l2_loss/L2Loss_8	1602294379073512	29
append_apply_gradient_ops/GradientDescent/update_v/cg/conv1/conv2d/kernel/ApplyGradientDescent	1602294380845776	11
ConstantFolding/tower_0/v/gradients/tower_0/v/cg/conv4/conv2d/Conv2D_grad/ShapeN-matshapes-1	-1	-1
train_ops_group	-1	-1
tower_0/v/cg/dropout0/dropout/dropout/truediv	-1	-1
tower_0/v/gradients/tower_0/v/cg/conv2/conv2d/Conv2D_grad/Conv2DBackpropFilter	1602294380300824	95981
ConstantFolding/tower_0/v/gradients/tower_0/v/cg/conv3/conv2d/Conv2D_grad/ShapeN-matshapes-1	-1	-1
tower_0/v/gradients/tower_0/v/cg/conv4/Relu_grad/ReluGrad	1602294379675950	3448
tower_0/v/cg/affine2/xw_plus_b	1602294379573717	63
v/cg/conv2/conv2d/kernel	-1	-1
tower_0/v/gradients/tower_0/v/l2_loss/L2Loss_4_grad/mul	1602294379074052	12
tower_0/v/gradients/tower_0/v/cg/dropout0/dropout/dropout/mul_1_grad/Mul	1602294379608284	210
ConstantFolding/tower_0/v/gradients/tower_0/v/cg/conv1/conv2d/Conv2D_grad/ShapeN-matshapes-0	-1	-1
tower_0/v/gradients/AddN_5	1602294379667073	839
tower_0/v/gradients/tower_0/v/l2_loss/L2Loss_14_grad/mul	1602294379075240	66
v/cg/affine1/weights	-1	-1
v/cg/conv4/biases	-1	-1
v/cg/affine0/weights	-1	-1
tower_0/v/cg/mpool2/MaxPool	1602294379523956	2210
tower_0/v/gradients/tower_0/v/cg/conv2/Relu_grad/ReluGrad	1602294380225502	5251
tower_0/v/gradients/tower_0/v/cg/dropout0_1/dropout/dropout/mul_grad/Mul	1602294379581446	304
v/cg/conv0/biases/read	-1	-1
tower_0/v/gradients/tower_0/v/cg/conv2/conv2d/Conv2D_grad/Conv2DBackpropInput	1602294380232362	68457
tower_0/v/cg/conv2/Relu	1602294379279251	3423
tower_0/v/gradients/tower_0/v/cg/conv0/BiasAdd_grad/BiasAddGrad	1602294380862162	4380
tower_0/v/gradients/AddN_14	1602294380932958	4
tower_0/v/gradients/tower_0/v/cg/conv0/conv2d/Conv2D_grad/Conv2DBackpropFilter	1602294380866553	66402
tower_0/v/l2_loss/L2Loss_5	1602294379074069	6
tower_0/v/add	1602294379581433	5
tower_0/v/cg/dropout0_1/dropout/dropout/GreaterEqual	1602294379135516	159
tower_0/v/gradients/tower_0/v/cg/conv3/conv2d/Conv2D_grad/Conv2DBackpropFilter	1602294380041886	183584
ConstantFolding/tower_0/v/gradients/tower_0/v/cg/conv3/conv2d/Conv2D_grad/ShapeN-matshapes-0	-1	-1
append_apply_gradient_ops/GradientDescent/update_v/cg/conv4/conv2d/kernel/ApplyGradientDescent	1602294380225472	21
append_apply_gradient_ops/GradientDescent/update_v/cg/affine1/weights/ApplyGradientDescent	1602294379609182	373
tower_0/v/cg/conv1/BiasAdd	1602294379206811	9693
tower_0/v/cg/affine1/xw_plus_b	1602294379569628	241
tower_0/v/gradients/tower_0/v/cg/mpool0/MaxPool_grad/MaxPoolGrad	1602294380819487	26287
v/cg/conv4/biases/read	-1	-1
tower_0/v/cg/conv2/BiasAdd	1602294379274807	4443
ConstantFolding/average_loss/Mean/input_const_axis	-1	-1
v/cg/conv4/conv2d/kernel/read	-1	-1
tower_0/v/cg/affine1/xw_plus_b/MatMul	1602294379556478	13149
tower_0/v/gradients/tower_0/v/cg/affine1/xw_plus_b/MatMul_grad/MatMul_1	1602294379595605	12670
tower_0/v/cg/dropout0/dropout/dropout/random_uniform/RandomUniform	1602294379053031	209
v/cg/conv3/biases/read	-1	-1
tower_0/v/l2_loss/L2Loss_1	1602294379073998	5
tower_0/v/cg/dropout0_1/dropout/dropout/mul_1	1602294379570086	305
tower_0/v/gradients/tower_0/v/cg/conv4/BiasAdd_grad/BiasAddGrad	1602294379679404	1047
append_apply_gradient_ops/GradientDescent/update_v/cg/conv3/conv2d/kernel/ApplyGradientDescent	1602294380396807	33
tower_0/v/cg/conv3/conv2d/Conv2D	1602294379282678	136730
v/cg/affine2/weights	-1	-1
average_loss/Mean/_42	1602294379608872	3
tower_0/v/cg/dropout0_1/dropout/dropout/random_uniform/mul	-1	-1
main_fetch_group	-1	-1
tower_0/v/gradients/AddN_2	1602294379608277	5
tower_0/v/alexnet_synthetic_labels/max	-1	-1
tower_0/v/cg/affine1/affine1	1602294379569871	213
v/cg/affine0/weights/read	-1	-1
tower_0/v/gradients/tower_0/v/cg/mpool2/MaxPool_grad/MaxPoolGrad	1602294379667924	7171
v/cg/conv0/biases	-1	-1
tower_0/v/cg/conv4/BiasAdd	1602294379518746	2942
tower_0/v/gradients/tower_0/v/cg/conv1/Relu_grad/ReluGrad	1602294380409509	11693
tower_0/v/gradients/tower_0/v/cg/conv1/BiasAdd_grad/BiasAddGrad	1602294380629363	3362
append_apply_gradient_ops/GradientDescent/update_v/cg/affine0/biases/ApplyGradientDescent	1602294379667914	8
tower_0/v/cg/conv4/conv2d/Conv2D	1602294379427274	91470
tower_0/v/gradients/tower_0/v/l2_loss/L2Loss_13_grad/mul	1602294379075173	5
tower_0/v/gradients/AddN_6	1602294379898282	7
