bert/encoder/layer_7/attention/self/value/bias/adam_v:0
bert/encoder/layer_3/attention/self/value/bias/adam_m:0
bert/encoder/layer_5/attention/output/dense/kernel:0
bert/encoder/layer_5/attention/output/LayerNorm/beta/adam_v:0
cls/predictions/output_bias/adam_v:0
bert/encoder/layer_4/attention/output/LayerNorm/gamma/adam_v:0
bert/encoder/layer_0/output/LayerNorm/beta/adam_v:0
bert/encoder/layer_5/output/dense/bias/adam_m:0
bert/encoder/layer_8/attention/self/key/bias/adam_v:0
bert/embeddings/token_type_embeddings:0
bert/encoder/layer_10/output/LayerNorm/beta/adam_m:0
bert/encoder/layer_9/attention/output/dense/bias/adam_v:0
bert/pooler/dense/kernel/adam_m:0
bert/encoder/layer_11/output/LayerNorm/gamma/adam_v:0
bert/encoder/layer_1/output/LayerNorm/gamma:0
bert/encoder/layer_1/attention/self/key/kernel/adam_m:0
bert/encoder/layer_5/attention/self/query/bias/adam_v:0
bert/encoder/layer_2/attention/self/key/kernel/adam_v:0
bert/embeddings/position_embeddings:0
gradients/bert/encoder/layer_4/output/LayerNorm/moments/SquaredDifference_grad/scalar:0
bert/encoder/layer_0/intermediate/dense/bias/adam_v:0
bert/encoder/layer_4/intermediate/dense/kernel:0
bert/encoder/layer_7/output/dense/kernel:0
bert/encoder/layer_2/intermediate/dense/bias:0
bert/embeddings/LayerNorm/beta/adam_m:0
bert/encoder/layer_5/intermediate/dense/kernel/adam_v:0
bert/encoder/layer_10/attention/output/LayerNorm/beta:0
bert/encoder/layer_5/attention/self/key/kernel/adam_v:0
bert/encoder/layer_1/output/LayerNorm/beta/adam_m:0
bert/encoder/layer_4/attention/output/LayerNorm/beta:0
bert/encoder/layer_9/output/dense/kernel/adam_m:0
bert/encoder/layer_2/attention/self/key/bias:0
bert/encoder/layer_8/output/LayerNorm/gamma/adam_m:0
bert/encoder/layer_10/attention/output/dense/kernel/adam_m:0
bert/encoder/layer_6/output/LayerNorm/beta:0
gradients/bert/encoder/layer_1/output/LayerNorm/moments/SquaredDifference_grad/scalar:0
bert/encoder/layer_6/intermediate/dense/bias:0
bert/encoder/layer_9/output/LayerNorm/gamma/adam_v:0
bert/encoder/layer_0/attention/self/Mul/y:0
bert/encoder/layer_11/output/LayerNorm/beta/adam_v:0
bert/encoder/layer_2/attention/self/query/kernel:0
bert/encoder/layer_6/attention/self/value/kernel/adam_m:0
bert/encoder/layer_6/output/LayerNorm/gamma:0
bert/encoder/layer_9/intermediate/dense/kernel:0
bert/encoder/layer_6/intermediate/dense/bias/adam_v:0
cls/predictions/transform/dense/bias/adam_v:0
bert/encoder/layer_2/attention/self/query/bias:0
bert/encoder/layer_0/attention/self/key/bias/adam_v:0
bert/encoder/layer_7/attention/output/LayerNorm/gamma/adam_v:0
bert/encoder/layer_8/attention/output/dense/kernel:0
bert/embeddings/position_embeddings/adam_v:0
bert/encoder/layer_3/attention/output/LayerNorm/gamma/adam_m:0
bert/encoder/layer_6/attention/self/value/kernel/adam_v:0
bert/encoder/layer_5/attention/self/query/bias:0
bert/encoder/layer_1/intermediate/dense/kernel:0
bert/encoder/layer_11/attention/output/dense/kernel/adam_v:0
bert/encoder/layer_6/output/LayerNorm/beta/adam_v:0
bert/encoder/layer_6/output/LayerNorm/gamma/adam_m:0
bert/encoder/layer_10/attention/self/key/kernel/adam_m:0
bert/encoder/layer_2/attention/self/value/kernel/adam_v:0
bert/encoder/layer_11/intermediate/dense/bias/adam_v:0
bert/encoder/layer_1/output/dense/bias/adam_m:0
bert/encoder/layer_2/attention/self/key/kernel/adam_m:0
bert/encoder/layer_5/output/LayerNorm/gamma/adam_m:0
bert/encoder/layer_8/output/LayerNorm/beta/adam_m:0
gradients/bert/encoder/layer_9/attention/output/LayerNorm/moments/SquaredDifference_grad/scalar:0
bert/encoder/layer_0/attention/self/query/bias/adam_v:0
bert/encoder/layer_3/attention/self/key/kernel/adam_v:0
bert/embeddings/one_hot/off_value:0
bert/encoder/layer_11/attention/output/dense/bias:0
bert/encoder/layer_4/attention/self/value/kernel/adam_v:0
bert/encoder/layer_1/intermediate/dense/bias/adam_m:0
bert/encoder/layer_7/attention/self/query/kernel/adam_m:0
bert/encoder/layer_0/intermediate/dense/Pow/y:0
bert/encoder/layer_5/intermediate/dense/kernel/adam_m:0
bert/encoder/layer_9/attention/self/key/kernel:0
bert/encoder/layer_10/intermediate/dense/bias:0
bert/encoder/layer_4/attention/self/key/bias/adam_v:0
bert/encoder/layer_7/attention/output/dense/bias/adam_v:0
bert/encoder/layer_5/intermediate/dense/bias/adam_v:0
bert/encoder/layer_6/intermediate/dense/bias/adam_m:0
bert/encoder/layer_3/attention/self/key/bias/adam_m:0
bert/encoder/layer_7/attention/output/LayerNorm/beta/adam_m:0
bert/encoder/layer_10/attention/self/query/bias/adam_v:0
bert/encoder/layer_8/intermediate/dense/bias/adam_v:0
bert/encoder/layer_1/output/dense/kernel/adam_m:0
bert/encoder/layer_9/attention/output/LayerNorm/beta/adam_v:0
bert/encoder/layer_3/attention/self/value/kernel/adam_v:0
bert/encoder/layer_9/attention/self/value/bias/adam_m:0
bert/encoder/layer_5/output/LayerNorm/gamma:0
bert/encoder/layer_9/attention/output/dense/kernel:0
ConstantFolding/gradients/cls/predictions/transform/LayerNorm/moments/variance_grad/truediv_recip:0
bert/encoder/layer_2/attention/self/value/kernel/adam_m:0
bert/encoder/layer_4/output/LayerNorm/beta:0
bert/encoder/layer_10/output/LayerNorm/gamma/adam_m:0
bert/embeddings/word_embeddings/adam_v:0
bert/encoder/layer_4/output/LayerNorm/gamma:0
bert/encoder/layer_4/attention/self/value/bias:0
bert/encoder/layer_10/attention/self/key/bias:0
bert/encoder/layer_7/attention/output/LayerNorm/gamma/adam_m:0
bert/encoder/layer_0/attention/output/LayerNorm/gamma:0
bert/encoder/layer_2/output/LayerNorm/beta/adam_m:0
bert/encoder/layer_6/output/dense/kernel:0
bert/pooler/dense/kernel:0
bert/encoder/layer_4/attention/self/query/kernel:0
bert/encoder/layer_8/intermediate/dense/kernel/adam_m:0
bert/encoder/layer_2/output/dense/kernel/adam_m:0
cls/predictions/transform/LayerNorm/beta:0
bert/encoder/layer_9/attention/output/dense/kernel/adam_v:0
bert/embeddings/LayerNorm/gamma:0
bert/encoder/layer_10/attention/output/LayerNorm/gamma/adam_v:0
bert/encoder/layer_4/output/dense/bias/adam_v:0
bert/encoder/layer_6/attention/output/dense/kernel/adam_m:0
bert/encoder/layer_10/output/LayerNorm/gamma:0
bert/encoder/layer_7/output/LayerNorm/gamma/adam_v:0
bert/encoder/layer_5/output/LayerNorm/beta/adam_m:0
bert/encoder/layer_3/attention/output/dense/kernel/adam_v:0
bert/encoder/layer_2/attention/self/key/kernel:0
bert/encoder/layer_1/intermediate/dense/bias/adam_v:0
bert/encoder/layer_0/output/dense/kernel/adam_m:0
gradients/bert/encoder/layer_0/attention/output/LayerNorm/moments/SquaredDifference_grad/scalar:0
bert/encoder/layer_1/output/LayerNorm/beta:0
bert/encoder/layer_0/attention/self/value/kernel/adam_m:0
bert/encoder/layer_10/attention/output/LayerNorm/gamma/adam_m:0
bert/encoder/layer_6/attention/self/value/bias/adam_m:0
bert/encoder/layer_7/attention/output/dense/kernel/adam_v:0
bert/encoder/layer_6/attention/self/query/kernel:0
bert/encoder/layer_6/attention/output/dense/kernel/adam_v:0
bert/encoder/layer_5/attention/self/value/bias/adam_v:0
bert/encoder/layer_8/attention/output/dense/kernel/adam_m:0
bert/encoder/layer_5/output/dense/kernel/adam_m:0
bert/encoder/layer_4/attention/self/key/bias:0
bert/encoder/layer_7/intermediate/dense/kernel:0
bert/encoder/layer_7/attention/self/value/bias:0
bert/encoder/layer_2/attention/output/dense/bias/adam_v:0
bert/encoder/layer_10/attention/self/query/kernel/adam_m:0
bert/encoder/layer_9/attention/self/query/kernel:0
bert/encoder/layer_7/output/dense/kernel/adam_v:0
bert/encoder/layer_9/attention/output/dense/bias/adam_m:0
bert/encoder/layer_0/attention/output/LayerNorm/beta/adam_v:0
bert/encoder/layer_0/intermediate/dense/bias/adam_m:0
bert/encoder/layer_7/output/LayerNorm/beta/adam_v:0
bert/encoder/layer_8/attention/self/query/bias/adam_m:0
bert/encoder/layer_4/attention/self/query/bias:0
bert/encoder/layer_6/attention/self/query/bias:0
bert/encoder/layer_11/intermediate/dense/bias:0
bert/encoder/layer_0/attention/self/key/bias:0
bert/encoder/layer_1/attention/output/dense/kernel/adam_m:0
bert/encoder/layer_2/attention/self/value/bias:0
bert/encoder/layer_10/attention/self/value/kernel/adam_m:0
bert/encoder/layer_2/output/dense/kernel:0
bert/encoder/layer_9/intermediate/dense/bias/adam_m:0
bert/encoder/layer_11/attention/self/value/kernel/adam_m:0
bert/encoder/layer_0/intermediate/dense/kernel/adam_v:0
bert/embeddings/position_embeddings/adam_m:0
bert/encoder/layer_2/attention/output/LayerNorm/gamma/adam_m:0
bert/encoder/layer_4/attention/self/value/kernel/adam_m:0
bert/encoder/layer_0/attention/self/value/kernel/adam_v:0
bert/encoder/layer_9/attention/self/key/kernel/adam_v:0
bert/encoder/layer_8/attention/self/key/bias:0
bert/encoder/layer_8/output/LayerNorm/gamma/adam_v:0
bert/encoder/layer_10/output/LayerNorm/gamma/adam_v:0
bert/encoder/layer_4/attention/output/dense/kernel:0
global_step/Initializer/zeros:0
bert/encoder/layer_8/attention/output/dense/kernel/adam_v:0
bert/encoder/layer_6/output/dense/bias/adam_v:0
bert/encoder/layer_7/intermediate/dense/kernel/adam_m:0
bert/encoder/layer_1/attention/output/dense/kernel/adam_v:0
bert/encoder/layer_9/output/dense/bias:0
bert/encoder/layer_0/attention/output/dense/bias/adam_v:0
bert/encoder/layer_9/attention/output/dense/kernel/adam_m:0
bert/pooler/dense/bias/adam_m:0
bert/encoder/layer_1/intermediate/dense/kernel/adam_m:0
bert/encoder/layer_1/attention/self/value/bias/adam_v:0
bert/encoder/layer_1/attention/output/dense/kernel:0
bert/encoder/layer_5/attention/self/value/kernel/adam_m:0
bert/encoder/layer_0/attention/self/mul_1/y:0
bert/encoder/layer_6/attention/output/LayerNorm/beta/adam_m:0
bert/encoder/layer_0/attention/self/query/bias:0
bert/encoder/layer_2/output/LayerNorm/gamma/adam_v:0
Mul_545/x:0
bert/encoder/layer_11/attention/output/LayerNorm/beta:0
cls/seq_relationship/output_bias:0
bert/encoder/layer_9/attention/self/value/bias/adam_v:0
bert/encoder/layer_0/output/LayerNorm/gamma/adam_m:0
bert/encoder/layer_8/output/dense/kernel/adam_m:0
bert/encoder/layer_8/intermediate/dense/bias:0
bert/encoder/layer_11/output/dense/bias/adam_v:0
bert/encoder/layer_8/output/dense/bias:0
cls/predictions/transform/dense/bias/adam_m:0
bert/encoder/layer_7/attention/self/query/bias:0
cls/predictions/output_bias:0
bert/encoder/layer_11/output/dense/bias/adam_m:0
bert/encoder/layer_10/intermediate/dense/kernel/adam_m:0
bert/encoder/layer_9/attention/self/value/kernel:0
bert/encoder/layer_2/attention/self/query/kernel/adam_m:0
bert/encoder/layer_5/attention/self/value/bias/adam_m:0
bert/encoder/layer_11/attention/output/dense/bias/adam_v:0
bert/encoder/layer_1/attention/self/query/kernel/adam_v:0
bert/encoder/layer_6/output/LayerNorm/gamma/adam_v:0
bert/embeddings/dropout/truediv:0
bert/encoder/layer_0/attention/self/value/kernel:0
bert/encoder/layer_8/intermediate/dense/kernel:0
bert/encoder/layer_11/output/dense/kernel:0
bert/pooler/dense/kernel/adam_v:0
bert/encoder/layer_6/attention/self/key/bias/adam_m:0
bert/encoder/layer_5/output/dense/kernel/adam_v:0
bert/encoder/layer_3/output/dense/kernel/adam_m:0
bert/encoder/layer_1/output/dense/bias/adam_v:0
bert/embeddings/LayerNorm/batchnorm/add/y:0
bert/encoder/layer_1/output/LayerNorm/gamma/adam_v:0
bert/encoder/layer_1/attention/output/LayerNorm/beta:0
bert/encoder/layer_0/output/dense/kernel:0
bert/encoder/layer_8/output/dense/kernel/adam_v:0
bert/encoder/layer_8/output/dense/bias/adam_m:0
bert/encoder/layer_1/attention/self/key/bias:0
bert/encoder/layer_4/attention/self/query/kernel/adam_m:0
bert/encoder/layer_3/attention/output/LayerNorm/gamma:0
bert/encoder/layer_7/attention/output/dense/bias:0
bert/encoder/layer_0/output/dense/bias/adam_m:0
bert/encoder/layer_9/attention/self/query/bias/adam_m:0
bert/encoder/layer_11/output/dense/kernel/adam_m:0
bert/encoder/layer_0/attention/output/dense/kernel/adam_m:0
bert/encoder/layer_0/attention/output/dense/kernel:0
bert/encoder/layer_5/attention/output/dense/kernel/adam_m:0
bert/encoder/layer_9/attention/output/LayerNorm/gamma:0
gradients/bert/embeddings/LayerNorm/moments/SquaredDifference_grad/scalar:0
bert/encoder/layer_0/intermediate/dense/kernel/adam_m:0
bert/encoder/layer_7/attention/self/key/kernel:0
bert/encoder/layer_1/attention/self/key/kernel:0
bert/encoder/layer_8/attention/self/key/kernel:0
bert/encoder/layer_5/attention/self/value/bias:0
bert/encoder/layer_4/attention/output/LayerNorm/beta/adam_v:0
bert/encoder/layer_1/attention/output/LayerNorm/gamma:0
bert/encoder/layer_8/attention/self/value/kernel:0
gradients/bert/encoder/layer_7/output/LayerNorm/moments/SquaredDifference_grad/scalar:0
bert/encoder/layer_10/attention/self/key/bias/adam_v:0
bert/encoder/layer_10/attention/output/LayerNorm/gamma:0
bert/encoder/layer_4/attention/self/value/bias/adam_m:0
gradients/cls/seq_relationship/Sum_grad/Tile:0
bert/encoder/layer_7/attention/output/LayerNorm/gamma:0
bert/encoder/layer_6/attention/self/key/bias:0
bert/encoder/layer_3/attention/self/value/bias:0
Mul_1007/x:0
bert/encoder/layer_10/attention/self/value/kernel/adam_v:0
bert/encoder/layer_5/output/LayerNorm/beta/adam_v:0
bert/encoder/layer_9/output/dense/kernel:0
bert/encoder/layer_3/output/dense/bias/adam_v:0
bert/encoder/layer_3/attention/self/key/kernel/adam_m:0
bert/encoder/layer_10/output/dense/kernel/adam_m:0
bert/encoder/layer_11/output/LayerNorm/gamma/adam_m:0
bert/encoder/layer_0/attention/output/dense/bias:0
bert/encoder/layer_8/attention/self/query/bias/adam_v:0
bert/encoder/layer_7/intermediate/dense/kernel/adam_v:0
bert/encoder/layer_6/attention/output/dense/bias/adam_m:0
bert/encoder/layer_4/intermediate/dense/kernel/adam_v:0
bert/pooler/dense/bias:0
bert/encoder/layer_6/attention/self/value/kernel:0
bert/encoder/layer_3/attention/self/key/kernel:0
bert/encoder/layer_11/attention/output/LayerNorm/gamma:0
bert/encoder/layer_6/output/dense/kernel/adam_m:0
bert/encoder/layer_2/output/dense/bias/adam_v:0
bert/encoder/layer_8/attention/output/LayerNorm/gamma/adam_m:0
bert/encoder/layer_8/attention/output/LayerNorm/beta:0
bert/encoder/layer_7/output/dense/bias/adam_v:0
bert/encoder/layer_11/attention/output/LayerNorm/beta/adam_m:0
bert/embeddings/word_embeddings/adam_m:0
bert/encoder/layer_0/intermediate/dense/bias:0
bert/encoder/layer_3/intermediate/dense/kernel:0
bert/encoder/layer_9/attention/output/LayerNorm/beta/adam_m:0
bert/encoder/layer_2/attention/self/value/bias/adam_m:0
bert/encoder/layer_3/attention/self/query/bias:0
global_step/cond/Read/ReadVariableOp:0
cls/seq_relationship/output_weights/adam_m:0
bert/encoder/layer_5/intermediate/dense/bias/adam_m:0
bert/encoder/layer_6/output/dense/bias:0
bert/encoder/layer_11/attention/self/key/bias/adam_v:0
bert/encoder/layer_9/attention/self/key/bias:0
bert/encoder/layer_1/attention/self/key/bias/adam_m:0
bert/encoder/layer_0/attention/self/key/kernel/adam_m:0
bert/encoder/layer_5/output/dense/bias/adam_v:0
bert/encoder/layer_0/attention/output/LayerNorm/gamma/adam_v:0
Mul_546/x:0
bert/encoder/layer_7/intermediate/dense/bias/adam_m:0
bert/encoder/layer_1/output/LayerNorm/beta/adam_v:0
bert/encoder/layer_9/attention/output/LayerNorm/gamma/adam_v:0
bert/encoder/layer_8/output/LayerNorm/gamma:0
cls/seq_relationship/output_weights:0
bert/encoder/layer_7/output/LayerNorm/gamma/adam_m:0
bert/encoder/layer_4/attention/output/dense/bias/adam_v:0
cls/predictions/Reshape_1:0
bert/encoder/layer_3/output/LayerNorm/beta/adam_m:0
bert/encoder/layer_5/output/LayerNorm/gamma/adam_v:0
bert/encoder/layer_8/intermediate/dense/bias/adam_m:0
bert/encoder/layer_2/attention/output/LayerNorm/gamma:0
bert/encoder/layer_1/attention/output/LayerNorm/gamma/adam_v:0
bert/encoder/layer_9/attention/self/value/kernel/adam_v:0
bert/encoder/layer_4/output/LayerNorm/beta/adam_v:0
bert/encoder/layer_1/attention/self/key/bias/adam_v:0
bert/encoder/layer_0/attention/output/dense/kernel/adam_v:0
bert/encoder/layer_9/intermediate/dense/kernel/adam_m:0
bert/encoder/layer_4/output/dense/kernel/adam_m:0
bert/embeddings/LayerNorm/gamma/adam_m:0
bert/encoder/layer_0/attention/self/key/bias/adam_m:0
bert/encoder/layer_8/attention/output/LayerNorm/gamma/adam_v:0
cls/predictions/transform/LayerNorm/beta/adam_v:0
bert/encoder/layer_2/output/LayerNorm/gamma:0
cls/seq_relationship/output_bias/adam_m:0
add_344/y:0
bert/encoder/layer_8/output/dense/bias/adam_v:0
cls/predictions/transform/dense/kernel/adam_v:0
bert/encoder/layer_3/output/LayerNorm/beta/adam_v:0
bert/encoder/layer_10/attention/self/query/bias:0
bert/encoder/layer_1/attention/output/LayerNorm/beta/adam_m:0
gradients/bert/encoder/layer_6/attention/output/LayerNorm/moments/SquaredDifference_grad/scalar:0
bert/encoder/layer_2/attention/output/dense/bias:0
bert/encoder/layer_0/attention/output/LayerNorm/beta/adam_m:0
bert/embeddings/one_hot/on_value:0
bert/encoder/ones:0
bert/encoder/layer_1/attention/output/dense/bias/adam_v:0
bert/encoder/layer_11/attention/output/dense/kernel/adam_m:0
bert/encoder/layer_9/attention/self/value/kernel/adam_m:0
gradients/bert/encoder/layer_8/attention/output/LayerNorm/moments/SquaredDifference_grad/scalar:0
bert/encoder/layer_11/attention/output/LayerNorm/gamma/adam_m:0
bert/encoder/layer_5/attention/output/dense/bias:0
bert/encoder/layer_0/output/LayerNorm/gamma:0
bert/encoder/layer_5/attention/output/dense/kernel/adam_v:0
Mul_543/x:0
bert/encoder/layer_5/attention/self/query/kernel/adam_m:0
bert/encoder/layer_6/output/LayerNorm/beta/adam_m:0
bert/encoder/layer_7/attention/output/LayerNorm/beta/adam_v:0
bert/encoder/layer_8/attention/self/value/bias:0
bert/encoder/layer_1/attention/self/query/kernel/adam_m:0
bert/encoder/layer_6/attention/self/value/bias:0
bert/encoder/layer_7/output/dense/bias:0
gradients/bert/encoder/layer_10/output/LayerNorm/moments/SquaredDifference_grad/scalar:0
bert/encoder/layer_4/attention/output/LayerNorm/gamma/adam_m:0
bert/encoder/layer_0/attention/output/LayerNorm/beta:0
bert/encoder/layer_0/attention/self/value/bias:0
bert/encoder/layer_7/attention/self/value/bias/adam_m:0
bert/encoder/layer_2/attention/self/query/bias/adam_m:0
bert/encoder/layer_6/attention/self/key/kernel/adam_m:0
bert/embeddings/token_type_embeddings/adam_m:0
bert/encoder/layer_4/attention/self/query/bias/adam_v:0
bert/encoder/layer_10/intermediate/dense/kernel/adam_v:0
bert/encoder/layer_1/attention/output/dense/bias/adam_m:0
bert/encoder/layer_4/output/LayerNorm/gamma/adam_v:0
gradients/bert/encoder/layer_5/output/LayerNorm/moments/SquaredDifference_grad/scalar:0
bert/encoder/layer_4/intermediate/dense/bias/adam_v:0
bert/encoder/layer_5/attention/self/query/kernel:0
bert/encoder/layer_2/attention/output/LayerNorm/beta:0
bert/encoder/layer_3/attention/output/LayerNorm/beta/adam_m:0
cls/predictions/output_bias/adam_m:0
bert/encoder/layer_5/attention/self/key/bias:0
bert/encoder/layer_8/attention/self/query/kernel:0
bert/encoder/layer_0/attention/self/value/bias/adam_v:0
cls/predictions/transform/LayerNorm/gamma/adam_v:0
bert/encoder/layer_1/attention/self/value/bias:0
bert/encoder/layer_4/intermediate/dense/bias/adam_m:0
bert/encoder/layer_0/attention/self/query/kernel/adam_v:0
bert/encoder/layer_3/output/LayerNorm/gamma/adam_m:0
bert/encoder/layer_11/output/dense/bias:0
bert/encoder/layer_4/attention/self/value/kernel:0
bert/encoder/layer_11/attention/self/query/kernel/adam_v:0
bert/encoder/layer_4/attention/self/query/kernel/adam_v:0
bert/encoder/layer_9/intermediate/dense/bias/adam_v:0
bert/encoder/layer_11/attention/output/LayerNorm/gamma/adam_v:0
Cast/ReadVariableOp:0
bert/encoder/layer_5/attention/self/key/bias/adam_v:0
bert/encoder/layer_7/attention/output/dense/kernel:0
bert/encoder/layer_2/attention/self/query/kernel/adam_v:0
bert/encoder/layer_9/attention/self/value/bias:0
bert/encoder/layer_8/attention/self/query/bias:0
bert/encoder/layer_6/output/dense/bias/adam_m:0
bert/encoder/layer_11/output/dense/kernel/adam_v:0
bert/encoder/layer_2/attention/output/LayerNorm/beta/adam_v:0
bert/encoder/layer_10/attention/output/LayerNorm/beta/adam_m:0
bert/encoder/layer_10/attention/self/value/bias/adam_m:0
bert/encoder/layer_4/attention/output/dense/bias/adam_m:0
bert/encoder/layer_1/attention/output/LayerNorm/beta/adam_v:0
bert/encoder/layer_2/attention/output/dense/kernel/adam_v:0
bert/encoder/layer_9/output/dense/bias/adam_m:0
bert/encoder/layer_2/intermediate/dense/kernel:0
bert/encoder/layer_7/attention/self/key/kernel/adam_m:0
bert/encoder/layer_1/intermediate/dense/bias:0
gradients/bert/encoder/layer_5/attention/output/LayerNorm/moments/SquaredDifference_grad/scalar:0
bert/encoder/layer_3/attention/self/query/kernel/adam_v:0
bert/encoder/layer_8/attention/self/value/kernel/adam_v:0
bert/encoder/layer_10/attention/output/dense/bias/adam_v:0
bert/encoder/layer_9/attention/self/query/kernel/adam_m:0
bert/encoder/layer_4/output/dense/kernel/adam_v:0
ConstantFolding/PolynomialDecay/truediv_recip:0
ReadVariableOp:0
bert/encoder/layer_3/attention/self/value/bias/adam_v:0
bert/encoder/layer_1/attention/self/query/kernel:0
bert/encoder/layer_9/attention/self/query/kernel/adam_v:0
cls/seq_relationship/output_weights/adam_v:0
bert/encoder/layer_9/output/dense/kernel/adam_v:0
bert/encoder/layer_0/attention/self/value/bias/adam_m:0
bert/encoder/layer_9/attention/output/LayerNorm/gamma/adam_m:0
bert/encoder/layer_2/intermediate/dense/bias/adam_m:0
bert/encoder/layer_4/output/LayerNorm/beta/adam_m:0
PolynomialDecay/Minimum/y:0
gradients/bert/encoder/layer_11/attention/output/LayerNorm/moments/SquaredDifference_grad/scalar:0
bert/encoder/layer_6/attention/output/dense/kernel:0
bert/encoder/layer_8/attention/self/value/kernel/adam_m:0
bert/encoder/layer_6/attention/output/LayerNorm/gamma/adam_m:0
bert/encoder/layer_0/output/LayerNorm/beta:0
bert/encoder/layer_8/attention/output/dense/bias:0
bert/encoder/layer_2/intermediate/dense/kernel/adam_v:0
bert/encoder/layer_3/attention/output/dense/kernel:0
clip_by_global_norm/Const_1:0
bert/encoder/layer_3/attention/self/query/bias/adam_m:0
bert/encoder/layer_10/attention/self/key/kernel:0
bert/encoder/layer_8/attention/self/value/bias/adam_m:0
bert/encoder/layer_3/attention/self/key/bias:0
truediv:0
bert/encoder/layer_1/attention/self/value/kernel:0
bert/encoder/layer_2/attention/output/dense/kernel/adam_m:0
bert/encoder/layer_10/attention/self/query/kernel:0
bert/encoder/layer_10/attention/self/key/bias/adam_m:0
bert/encoder/layer_10/attention/self/value/bias:0
bert/encoder/layer_4/attention/output/dense/bias:0
bert/encoder/layer_3/output/dense/bias/adam_m:0
bert/encoder/layer_4/output/dense/bias/adam_m:0
bert/encoder/layer_11/attention/self/query/kernel/adam_m:0
bert/encoder/layer_1/attention/self/value/kernel/adam_m:0
bert/encoder/layer_5/intermediate/dense/bias:0
bert/encoder/layer_10/attention/self/value/kernel:0
bert/encoder/layer_0/intermediate/dense/mul/x:0
bert/encoder/layer_7/intermediate/dense/bias:0
bert/encoder/layer_7/attention/self/key/bias/adam_m:0
bert/encoder/layer_3/attention/self/value/kernel:0
bert/encoder/layer_3/output/dense/kernel/adam_v:0
bert/encoder/layer_8/output/dense/kernel:0
bert/encoder/layer_5/output/dense/bias:0
bert/encoder/layer_9/output/LayerNorm/beta/adam_v:0
bert/encoder/layer_11/attention/self/value/kernel/adam_v:0
bert/encoder/layer_8/attention/self/value/bias/adam_v:0
bert/encoder/layer_9/output/LayerNorm/gamma:0
bert/encoder/layer_3/output/dense/kernel:0
bert/encoder/layer_10/output/LayerNorm/beta:0
bert/encoder/layer_6/attention/output/dense/bias/adam_v:0
bert/encoder/layer_1/output/LayerNorm/gamma/adam_m:0
bert/encoder/layer_6/intermediate/dense/kernel/adam_m:0
bert/encoder/layer_11/attention/self/key/kernel/adam_m:0
bert/encoder/layer_3/attention/output/LayerNorm/gamma/adam_v:0
bert/encoder/layer_2/attention/self/key/bias/adam_v:0
gradients/bert/encoder/layer_0/output/LayerNorm/moments/SquaredDifference_grad/scalar:0
gradients/cls/predictions/transform/LayerNorm/moments/SquaredDifference_grad/scalar:0
bert/encoder/layer_8/attention/self/key/kernel/adam_m:0
bert/embeddings/assert_less_equal/All:0
bert/encoder/layer_10/intermediate/dense/kernel:0
bert/encoder/layer_0/attention/output/dense/bias/adam_m:0
bert/encoder/layer_10/attention/self/key/kernel/adam_v:0
bert/encoder/layer_7/attention/self/query/bias/adam_m:0
bert/encoder/layer_8/attention/self/key/kernel/adam_v:0
bert/encoder/layer_10/intermediate/dense/bias/adam_m:0
bert/encoder/layer_4/attention/self/key/bias/adam_m:0
bert/encoder/layer_6/attention/self/key/bias/adam_v:0
bert/encoder/layer_0/intermediate/dense/kernel:0
cls/seq_relationship/output_bias/adam_v:0
bert/encoder/layer_7/attention/output/dense/bias/adam_m:0
bert/encoder/layer_11/attention/output/dense/bias/adam_m:0
bert/encoder/layer_3/intermediate/dense/bias:0
bert/encoder/layer_8/attention/self/query/kernel/adam_v:0
bert/encoder/layer_8/attention/output/LayerNorm/beta/adam_m:0
bert/encoder/layer_10/attention/output/dense/bias:0
bert/encoder/layer_11/intermediate/dense/bias/adam_m:0
bert/encoder/layer_7/attention/self/key/bias:0
bert/embeddings/token_type_embeddings/adam_v:0
cls/predictions/transform/dense/kernel/adam_m:0
bert/encoder/layer_7/intermediate/dense/bias/adam_v:0
bert/encoder/layer_9/attention/output/LayerNorm/beta:0
bert/encoder/layer_11/attention/self/value/kernel:0
bert/encoder/layer_7/output/dense/kernel/adam_m:0
mul_552/x:0
cls/predictions/transform/dense/kernel:0
bert/encoder/layer_10/output/dense/bias/adam_v:0
bert/encoder/layer_11/attention/self/value/bias/adam_m:0
bert/encoder/layer_1/output/dense/kernel:0
PolynomialDecay/sub:0
bert/encoder/layer_3/output/LayerNorm/beta:0
gradients/cls/predictions/transform/dense/mul_grad/Mul_1:0
bert/encoder/layer_1/attention/self/value/bias/adam_m:0
bert/encoder/layer_0/output/LayerNorm/beta/adam_m:0
bert/encoder/layer_11/attention/self/key/bias/adam_m:0
bert/encoder/layer_10/attention/self/query/bias/adam_m:0
bert/encoder/layer_6/attention/self/query/bias/adam_m:0
bert/encoder/layer_10/attention/output/LayerNorm/beta/adam_v:0
bert/encoder/layer_10/output/dense/kernel/adam_v:0
bert/encoder/layer_7/output/LayerNorm/beta/adam_m:0
bert/encoder/layer_4/attention/self/value/bias/adam_v:0
bert/encoder/layer_5/attention/self/query/bias/adam_m:0
bert/encoder/layer_6/attention/output/LayerNorm/beta/adam_v:0
bert/pooler/dense/bias/adam_v:0
bert/encoder/layer_4/intermediate/dense/kernel/adam_m:0
bert/encoder/layer_2/attention/output/LayerNorm/gamma/adam_v:0
bert/encoder/layer_1/attention/output/LayerNorm/gamma/adam_m:0
bert/encoder/layer_0/output/dense/bias:0
bert/encoder/layer_5/intermediate/dense/kernel:0
bert/encoder/layer_6/attention/self/value/bias/adam_v:0
gradients/bert/encoder/layer_3/attention/output/LayerNorm/moments/SquaredDifference_grad/scalar:0
bert/encoder/layer_7/attention/self/query/kernel/adam_v:0
bert/encoder/layer_2/output/dense/kernel/adam_v:0
bert/encoder/layer_0/intermediate/dense/mul_2/x:0
bert/encoder/layer_8/output/LayerNorm/beta/adam_v:0
bert/encoder/layer_5/attention/output/LayerNorm/gamma/adam_m:0
bert/encoder/layer_3/attention/output/LayerNorm/beta:0
bert/encoder/layer_2/output/LayerNorm/beta:0
bert/encoder/layer_3/attention/self/key/bias/adam_v:0
bert/encoder/layer_0/attention/output/LayerNorm/gamma/adam_m:0
bert/encoder/layer_1/attention/self/query/bias/adam_m:0
bert/encoder/layer_3/attention/output/dense/kernel/adam_m:0
bert/encoder/layer_11/attention/output/dense/kernel:0
bert/encoder/layer_9/output/LayerNorm/beta/adam_m:0
bert/encoder/layer_3/output/LayerNorm/gamma/adam_v:0
bert/encoder/layer_11/attention/self/key/kernel:0
bert/encoder/layer_4/attention/output/LayerNorm/gamma:0
cls/predictions/transform/dense/bias:0
bert/encoder/layer_2/attention/output/dense/kernel:0
bert/encoder/layer_1/attention/self/key/kernel/adam_v:0
bert/encoder/layer_2/output/dense/bias:0
bert/encoder/layer_10/attention/output/dense/bias/adam_m:0
bert/encoder/layer_4/intermediate/dense/bias:0
bert/encoder/layer_8/attention/output/dense/bias/adam_m:0
bert/encoder/layer_11/intermediate/dense/kernel:0
bert/encoder/layer_6/attention/self/key/kernel:0
bert/encoder/layer_1/attention/self/value/kernel/adam_v:0
bert/encoder/layer_7/attention/output/LayerNorm/beta:0
bert/encoder/layer_11/attention/self/value/bias:0
bert/encoder/layer_2/attention/output/dense/bias/adam_m:0
bert/encoder/layer_3/attention/self/query/kernel:0
bert/encoder/layer_4/attention/self/key/kernel/adam_v:0
gradients/bert/encoder/layer_6/output/LayerNorm/moments/SquaredDifference_grad/scalar:0
bert/encoder/layer_3/intermediate/dense/kernel/adam_v:0
bert/encoder/layer_8/attention/self/key/bias/adam_m:0
bert/encoder/layer_5/attention/output/dense/bias/adam_m:0
bert/encoder/layer_2/output/dense/bias/adam_m:0
bert/encoder/layer_10/output/LayerNorm/beta/adam_v:0
cls/predictions/transform/LayerNorm/gamma:0
bert/encoder/layer_6/intermediate/dense/kernel:0
bert/encoder/layer_5/attention/output/LayerNorm/beta/adam_m:0
bert/encoder/layer_5/attention/output/dense/bias/adam_v:0
bert/encoder/layer_2/intermediate/dense/kernel/adam_m:0
bert/encoder/layer_5/attention/self/key/kernel:0
gradients/bert/encoder/layer_9/output/LayerNorm/moments/SquaredDifference_grad/scalar:0
bert/encoder/layer_5/attention/self/value/kernel/adam_v:0
bert/encoder/layer_5/output/dense/kernel:0
bert/encoder/layer_6/attention/self/query/kernel/adam_m:0
bert/encoder/layer_11/attention/self/key/kernel/adam_v:0
bert/encoder/layer_5/attention/output/LayerNorm/gamma/adam_v:0
bert/embeddings/LayerNorm/beta:0
bert/encoder/layer_11/attention/self/query/bias:0
bert/encoder/layer_11/output/LayerNorm/gamma:0
bert/encoder/layer_5/attention/output/LayerNorm/beta:0
bert/encoder/layer_3/attention/output/dense/bias:0
bert/encoder/layer_9/intermediate/dense/kernel/adam_v:0
bert/encoder/layer_2/output/LayerNorm/gamma/adam_m:0
cls/predictions/transform/LayerNorm/beta/adam_m:0
bert/encoder/layer_9/output/dense/bias/adam_v:0
bert/encoder/layer_3/output/LayerNorm/gamma:0
bert/encoder/layer_11/output/LayerNorm/beta:0
gradients/bert/encoder/layer_10/attention/output/LayerNorm/moments/SquaredDifference_grad/scalar:0
bert/encoder/layer_3/attention/self/query/bias/adam_v:0
bert/encoder/layer_4/attention/self/key/kernel/adam_m:0
bert/encoder/layer_11/attention/self/query/bias/adam_m:0
gradients/bert/encoder/layer_7/attention/output/LayerNorm/moments/SquaredDifference_grad/scalar:0
bert/encoder/layer_9/intermediate/dense/bias:0
bert/encoder/layer_6/attention/self/query/bias/adam_v:0
gradients/bert/encoder/layer_4/attention/output/LayerNorm/moments/SquaredDifference_grad/scalar:0
bert/encoder/layer_11/attention/self/key/bias:0
bert/encoder/layer_4/attention/output/LayerNorm/beta/adam_m:0
bert/encoder/layer_1/intermediate/dense/kernel/adam_v:0
gradients/bert/encoder/layer_8/output/LayerNorm/moments/SquaredDifference_grad/scalar:0
bert/encoder/layer_6/output/dense/kernel/adam_v:0
bert/encoder/layer_11/attention/self/query/bias/adam_v:0
bert/encoder/layer_9/output/LayerNorm/gamma/adam_m:0
bert/encoder/layer_3/intermediate/dense/bias/adam_v:0
bert/encoder/layer_7/attention/self/key/kernel/adam_v:0
bert/encoder/layer_9/attention/self/key/bias/adam_m:0
bert/encoder/layer_3/attention/output/dense/bias/adam_v:0
bert/encoder/layer_7/attention/self/value/kernel/adam_v:0
bert/encoder/layer_8/attention/output/LayerNorm/beta/adam_v:0
bert/encoder/layer_4/output/dense/bias:0
bert/encoder/layer_0/attention/self/query/bias/adam_m:0
bert/encoder/layer_11/attention/self/query/kernel:0
bert/encoder/layer_10/output/dense/bias/adam_m:0
bert/encoder/layer_3/attention/self/value/kernel/adam_m:0
bert/encoder/layer_10/output/dense/kernel:0
bert/encoder/layer_11/intermediate/dense/kernel/adam_m:0
bert/encoder/layer_5/attention/self/key/kernel/adam_m:0
bert/encoder/layer_6/intermediate/dense/kernel/adam_v:0
bert/encoder/layer_7/attention/self/query/kernel:0
bert/encoder/layer_2/attention/self/key/bias/adam_m:0
bert/encoder/layer_10/output/dense/bias:0
bert/encoder/layer_7/attention/self/value/kernel/adam_m:0
bert/encoder/layer_1/attention/self/query/bias/adam_v:0
bert/encoder/layer_2/attention/self/query/bias/adam_v:0
bert/encoder/layer_4/output/dense/kernel:0
bert/encoder/layer_6/attention/self/query/kernel/adam_v:0
bert/encoder/layer_7/output/LayerNorm/beta:0
bert/encoder/layer_7/attention/self/key/bias/adam_v:0
gradients/cls/predictions/transform/dense/Pow_grad/sub:0
bert/encoder/layer_3/intermediate/dense/bias/adam_m:0
gradients/bert/encoder/layer_2/output/LayerNorm/moments/SquaredDifference_grad/scalar:0
bert/encoder/layer_8/attention/output/LayerNorm/gamma:0
bert/encoder/layer_11/attention/self/value/bias/adam_v:0
bert/encoder/layer_2/attention/self/value/kernel:0
bert/encoder/layer_11/attention/output/LayerNorm/beta/adam_v:0
bert/encoder/layer_9/output/LayerNorm/beta:0
bert/encoder/layer_1/attention/output/dense/bias:0
bert/encoder/layer_3/output/dense/bias:0
bert/encoder/layer_5/attention/self/value/kernel:0
bert/encoder/layer_2/output/LayerNorm/beta/adam_v:0
bert/encoder/layer_6/attention/output/dense/bias:0
bert/embeddings/word_embeddings:0
bert/encoder/layer_0/attention/self/query/kernel/adam_m:0
bert/encoder/layer_6/attention/self/key/kernel/adam_v:0
bert/encoder/layer_8/attention/self/query/kernel/adam_m:0
bert/encoder/layer_5/attention/output/LayerNorm/gamma:0
bert/encoder/layer_1/output/dense/bias:0
bert/encoder/layer_10/attention/self/query/kernel/adam_v:0
bert/encoder/layer_7/output/dense/bias/adam_m:0
add_699/y:0
PolynomialDecay/Cast_2/ReadVariableOp:0
bert/encoder/layer_4/attention/self/key/kernel:0
bert/encoder/layer_4/attention/self/query/bias/adam_m:0
bert/encoder/layer_0/attention/self/query/kernel:0
bert/encoder/layer_9/attention/self/query/bias/adam_v:0
bert/encoder/layer_2/attention/output/LayerNorm/beta/adam_m:0
bert/encoder/layer_1/attention/self/query/bias:0
bert/embeddings/LayerNorm/beta/adam_v:0
bert/encoder/layer_0/output/LayerNorm/gamma/adam_v:0
bert/encoder/layer_10/intermediate/dense/bias/adam_v:0
gradients/bert/encoder/layer_1/attention/output/LayerNorm/moments/SquaredDifference_grad/scalar:0
bert/encoder/layer_8/intermediate/dense/kernel/adam_v:0
gradients/bert/encoder/layer_2/attention/output/LayerNorm/moments/SquaredDifference_grad/scalar:0
bert/encoder/layer_10/attention/output/dense/kernel/adam_v:0
bert/encoder/layer_9/attention/self/key/kernel/adam_m:0
bert/encoder/layer_10/attention/self/value/bias/adam_v:0
bert/encoder/layer_4/attention/output/dense/kernel/adam_m:0
bert/encoder/layer_3/intermediate/dense/kernel/adam_m:0
bert/encoder/layer_0/output/dense/bias/adam_v:0
bert/encoder/layer_0/intermediate/dense/mul_1/x:0
cls/predictions/transform/LayerNorm/gamma/adam_m:0
bert/encoder/layer_2/intermediate/dense/bias/adam_v:0
bert/encoder/layer_6/attention/output/LayerNorm/gamma/adam_v:0
bert/encoder/layer_7/attention/self/value/kernel:0
cls/predictions/add/y:0
bert/encoder/layer_1/output/dense/kernel/adam_v:0
bert/embeddings/LayerNorm/gamma/adam_v:0
bert/encoder/layer_5/output/LayerNorm/beta:0
bert/encoder/layer_5/attention/self/key/bias/adam_m:0
bert/encoder/layer_5/attention/self/query/kernel/adam_v:0
bert/encoder/layer_10/attention/output/dense/kernel:0
bert/encoder/layer_6/attention/output/LayerNorm/gamma:0
bert/encoder/layer_3/attention/output/dense/bias/adam_m:0
bert/encoder/layer_4/attention/output/dense/kernel/adam_v:0
bert/encoder/layer_8/attention/output/dense/bias/adam_v:0
bert/encoder/layer_11/intermediate/dense/kernel/adam_v:0
bert/encoder/layer_9/attention/self/key/bias/adam_v:0
bert/encoder/layer_4/output/LayerNorm/gamma/adam_m:0
bert/encoder/layer_7/attention/self/query/bias/adam_v:0
bert/encoder/layer_9/attention/output/dense/bias:0
bert/encoder/layer_0/output/dense/kernel/adam_v:0
gradients/bert/encoder/layer_3/output/LayerNorm/moments/SquaredDifference_grad/scalar:0
bert/encoder/layer_0/attention/self/key/kernel/adam_v:0
bert/encoder/layer_3/attention/output/LayerNorm/beta/adam_v:0
bert/encoder/layer_7/output/LayerNorm/gamma:0
bert/encoder/layer_7/attention/output/dense/kernel/adam_m:0
bert/encoder/layer_3/attention/self/query/kernel/adam_m:0
bert/encoder/layer_6/attention/output/LayerNorm/beta:0
gradients/bert/encoder/layer_11/output/LayerNorm/moments/SquaredDifference_grad/scalar:0
bert/encoder/layer_2/attention/self/value/bias/adam_v:0
bert/encoder/layer_0/attention/self/key/kernel:0
bert/encoder/layer_11/output/LayerNorm/beta/adam_m:0
bert/encoder/layer_9/attention/self/query/bias:0
bert/encoder/layer_8/output/LayerNorm/beta:0
