0.000244140625
0.0087890625
48.0
0.0087890625
0.0087890625
48.0
0.0087890625
0.0087890625
48.0
0.0087890625
0.0087890625
48.0
0.0087890625
0.0087890625
48.0
0.0087890625
0.0087890625
48.0
0.0087890625
0.0087890625
48.0
0.0087890625
0.0087890625
48.0
0.0087890625
0.0087890625
48.0
0.0087890625
0.0087890625
48.0
0.0087890625
0.0087890625
48.0
0.0087890625
0.0087890625
48.0
0.0087890625
0.00048828125
0.0087890625
149.03369140625
0.000244140625
0.000244140625
0.0087890625
0.0126953125
0.0087890625
0.012451171875
0.0087890625
0.0087890625
0.009033203125
0.009033203125
0.009033203125
0.0087890625
0.0087890625
0.0126953125
0.0087890625
0.009033203125
0.009033203125
0.009033203125
0.0087890625
0.011474609375
0.011474609375
0.0087890625
0.0087890625
0.01220703125
0.0087890625
0.0087890625
0.0087890625
0.0087890625
0.0087890625
0.0087890625
0.0087890625
0.0146484375
0.01416015625
0.0087890625
0.0087890625
0.0087890625
0.0087890625
0.0087890625
0.0146484375
0.0087890625
0.0087890625
0.0087890625
0.0087890625
0.011962890625
0.0087890625
0.01220703125
0.0087890625
0.0087890625
0.0087890625
0.0087890625
0.0087890625
0.0087890625
0.0087890625
0.0087890625
0.0087890625
0.0087890625
0.0087890625
0.0087890625
0.0087890625
0.0087890625
0.0087890625
0.01220703125
0.01171875
0.0087890625
0.015625
0.0087890625
0.0087890625
0.0087890625
0.0087890625
0.0087890625
0.0087890625
0.0087890625
0.0087890625
0.0126953125
0.0087890625
0.0087890625
0.0087890625
0.0087890625
0.0087890625
0.0087890625
0.0087890625
0.015625
0.01513671875
0.0087890625
0.0087890625
0.01220703125
0.0087890625
0.0087890625
0.0087890625
0.0087890625
0.0087890625
0.0087890625
0.0087890625
0.0126953125
0.0087890625
0.01220703125
0.0087890625
0.0087890625
0.0087890625
0.0087890625
0.0087890625
0.016845703125
0.016845703125
0.0087890625
0.0087890625
0.0087890625
0.0087890625
0.0087890625
0.0087890625
0.0087890625
0.0087890625
0.0087890625
0.0087890625
0.0087890625
0.0087890625
0.01611328125
0.0087890625
0.0087890625
0.0126953125
0.0087890625
0.0087890625
0.0087890625
0.0087890625
0.015625
0.015625
0.00439453125
