0.000732421875
0.0009765625
0.0009765625
2.25
0.0009765625
0.75
1.1484375
1.5
0.00048828125
0.000732421875
0.000244140625
1.33984375
0.00146484375
0.0009765625
2.25
2.625
0.0009765625
0.0009765625
0.00146484375
0.00146484375
0.0009765625
0.001953125
0.0009765625
1.5
1.125
0.00146484375
1.125
0.00146484375
0.001953125
0.0009765625
0.0009765625
0.0009765625
0.984375
0.000732421875
0.0009765625
0.000732421875
1.33984375
0.000732421875
0.0009765625
0.5
0.0009765625
0.00146484375
0.000732421875
0.0009765625
0.0009765625
0.00146484375
1.1484375
0.0009765625
0.5
0.75
1.1484375
0.0009765625
0.0009765625
0.0009765625
0.00048828125
0.000732421875
0.0009765625
0.75
0.000732421875
0.0009765625
1.53125
0.00048828125
0.000732421875
0.0009765625
0.000732421875
1.1484375
0.0009765625
0.00048828125
0.0009765625
0.00048828125
0.000732421875
0.0009765625
0.000732421875
0.0009765625
0.0009765625
0.00048828125
0.000732421875
1.53125
1.5
1.53125
0.000732421875
0.0009765625
1.53125
1.5
0.000732421875
0.0009765625
0.984375
0.00146484375
0.0009765625
0.984375
0.0009765625
0.0009765625
0.00146484375
0.000732421875
0.0009765625
0.0009765625
0.0009765625
0.000244140625
0.00146484375
0.0009765625
0.00048828125
0.000244140625
0.000244140625
0.001953125
0.001953125
0.2109375
0.00048828125
0.000244140625
0.000244140625
0.001708984375
0.0390625
0.03515625
0.000244140625
1.265625
0.001708984375
0.0009765625
0.000244140625
1.5
0.2109375
65.479248046875
0.00341796875
0.000732421875
0.0703125
0.00048828125
0.000244140625
0.00146484375
0.00048828125
0.0390625
0.001708984375
0.000244140625
0.000244140625
0.000244140625
0.00048828125
1.96875
0.2109375
0.000244140625
0.000244140625
0.000732421875
0.000244140625
0.000244140625
0.000244140625
0.000244140625
0.00048828125
2.625
0.001953125
0.00048828125
0.0009765625
0.000244140625
2.25
0.00146484375
0.000244140625
0.000244140625
0.001953125
0.000244140625
0.00048828125
0.00146484375
0.000244140625
0.000244140625
0.00048828125
0.000244140625
0.001708984375
0.109375
0.109375
0.00048828125
0.0009765625
0.0009765625
1.33984375
0.0009765625
0.00146484375
0.00146484375
0.0009765625
0.000732421875
1.33984375
0.5
0.75
1.53125
0.984375
0.0009765625
0.0009765625
0.00146484375
0.0009765625
0.000732421875
0.0009765625
0.000732421875
0.00048828125
1.1484375
0.75
0.000732421875
0.0009765625
0.00048828125
0.000732421875
0.0009765625
0.000732421875
1.33984375
0.5
0.00146484375
0.0009765625
0.000732421875
0.0009765625
0.0009765625
0.000732421875
0.001220703125
0.75
0.0009765625
0.000732421875
0.000732421875
0.0009765625
0.00048828125
0.000732421875
0.0009765625
0.000732421875
0.0009765625
0.00146484375
1.53125
0.000732421875
0.0009765625
0.0009765625
0.000732421875
1.75
0.001220703125
0.0009765625
0.00146484375
0.0009765625
0.000732421875
1.1484375
0.0009765625
0.00048828125
0.000732421875
0.0009765625
0.000732421875
0.0009765625
0.00048828125
0.75
0.0009765625
0.984375
1.33984375
0.0009765625
0.000732421875
0.0009765625
3.515625
0.0009765625
0.00146484375
0.0009765625
0.0009765625
0.000732421875
0.0009765625
1.53125
1.5
1.1484375
0.75
0.0009765625
0.00048828125
0.000732421875
0.0009765625
0.000732421875
0.0009765625
0.75
1.0
0.0009765625
0.001220703125
0.0009765625
0.00146484375
0.0009765625
1.96875
0.001953125
0.0009765625
0.0009765625
0.0009765625
0.00146484375
0.0009765625
0.000732421875
1.1484375
1.53125
0.00048828125
0.000732421875
0.0009765625
0.000732421875
0.0009765625
0.000732421875
0.0009765625
0.0009765625
0.001220703125
1.5
1.125
0.0009765625
0.001708984375
0.000244140625
0.0009765625
0.0009765625
0.0009765625
0.00146484375
0.0009765625
0.000732421875
0.0009765625
0.0009765625
1.5
0.000732421875
0.75
0.000732421875
0.0009765625
0.000732421875
0.0009765625
2.1875
0.001220703125
0.0009765625
0.0009765625
2.25
0.001708984375
1.5
1.5
0.00146484375
0.001953125
1.5
0.0009765625
0.00146484375
0.0009765625
0.000732421875
0.0009765625
0.0009765625
1.1484375
1.1484375
1.53125
0.000732421875
0.0009765625
0.001220703125
1.5
0.0009765625
0.0009765625
0.00146484375
0.001708984375
0.0009765625
0.0009765625
0.0009765625
0.00146484375
1.5
1.265625
0.001220703125
0.0009765625
0.0009765625
0.00146484375
2.625
0.0009765625
0.0009765625
2.25
1.125
0.00146484375
0.001953125
0.0009765625
0.0009765625
1.96875
0.0009765625
0.0009765625
0.0009765625
0.0009765625
0.001953125
1.5
0.0009765625
0.001708984375
0.0009765625
0.0009765625
0.0009765625
0.0009765625
0.0009765625
0.001708984375
0.0009765625
2.25
1.125
0.001708984375
0.00146484375
0.000244140625
0.00146484375
0.000244140625
0.0009765625
1.5
0.0009765625
1.125
0.0009765625
0.000732421875
0.00048828125
0.140625
0.0009765625
0.00048828125
0.000244140625
0.00048828125
0.00048828125
0.0009765625
0.00048828125
0.0009765625
0.31640625
0.000244140625
0.00048828125
0.000244140625
0.0009765625
0.00048828125
0.000244140625
0.00048828125
0.000244140625
0.00390625
0.140625
1.5
0.000244140625
0.00048828125
0.000244140625
0.0009765625
0.000732421875
0.0009765625
0.5
0.00146484375
0.0009765625
0.000732421875
0.75
0.0009765625
0.00048828125
0.000732421875
1.53125
0.000732421875
0.00048828125
0.000732421875
0.0009765625
0.00048828125
0.000244140625
0.000244140625
0.0009765625
0.0009765625
0.0009765625
0.09375
0.2109375
0.00048828125
0.00048828125
0.000244140625
0.2109375
0.00048828125
0.00048828125
0.09375
0.2109375
0.00048828125
0.00048828125
0.140625
0.2109375
0.00048828125
0.140625
0.00048828125
0.00048828125
0.00048828125
0.140625
0.000244140625
0.00048828125
0.00048828125
0.00048828125
0.00048828125
0.00048828125
0.00048828125
0.09375
0.00048828125
0.00048828125
0.00048828125
0.09375
0.000244140625
0.00048828125
0.00048828125
0.00048828125
0.00048828125
0.00048828125
0.000244140625
0.00048828125
0.00048828125
0.00048828125
0.000244140625
0.09375
0.31640625
5.865234375
0.140625
0.00048828125
0.00048828125
0.31640625
0.00048828125
0.000244140625
0.09375
0.000244140625
0.00048828125
0.000244140625
0.00048828125
0.00048828125
0.28125
0.0009765625
0.00048828125
0.09375
0.09375
0.00048828125
0.140625
0.000244140625
0.000244140625
0.31640625
0.00048828125
0.000244140625
0.000244140625
0.00048828125
0.000732421875
0.00048828125
0.75
0.000244140625
0.000244140625
0.0009765625
0.00048828125
0.2109375
0.000244140625
0.00048828125
0.140625
0.2109375
0.000244140625
0.000732421875
0.000732421875
1.96875
0.00048828125
0.000732421875
1.53125
0.000732421875
0.0009765625
0.0009765625
1.5
1.1484375
0.000244140625
0.00048828125
0.00048828125
0.00048828125
0.000244140625
0.00048828125
0.000732421875
0.0009765625
0.00048828125
0.000732421875
0.0009765625
0.000732421875
0.0009765625
0.0009765625
0.00146484375
0.0009765625
0.75
0.2109375
0.00048828125
0.00048828125
0.00048828125
0.2109375
5.0625
1.4765625
0.0009765625
1.5
0.000732421875
0.000732421875
1.33984375
0.0009765625
0.00146484375
0.0009765625
0.000732421875
0.000732421875
0.0009765625
0.00048828125
0.000732421875
0.00048828125
0.00048828125
0.00146484375
0.0009765625
0.0009765625
1.1484375
0.0009765625
0.984375
0.0009765625
0.5
0.00146484375
0.0009765625
0.000732421875
1.1484375
1.53125
1.5
1.1484375
0.0009765625
0.00048828125
0.00146484375
0.0009765625
0.5
0.00146484375
0.0009765625
0.000732421875
0.0009765625
0.75
1.53125
0.000732421875
0.0009765625
0.0009765625
0.00146484375
0.0009765625
0.75
0.00048828125
0.00146484375
0.0009765625
0.00048828125
0.00146484375
0.0009765625
0.0009765625
0.000732421875
0.0009765625
0.00048828125
0.000732421875
0.0009765625
0.984375
0.0009765625
0.0009765625
0.00146484375
0.0009765625
0.000732421875
0.0009765625
0.00146484375
0.0009765625
0.000732421875
1.53125
0.00048828125
0.000732421875
0.0009765625
