0.0087890625
0.000244140625
0.0087890625
0.0087890625
0.0087890625
0.0087890625
0.0087890625
0.0087890625
0.0087890625
0.0087890625
0.000244140625
0.0087890625
0.000244140625
0.0087890625
0.000244140625
0.000244140625
0.0087890625
0.000244140625
0.0087890625
0.0087890625
0.0087890625
0.0087890625
0.0087890625
0.0087890625
0.0087890625
0.000244140625
0.000244140625
0.000244140625
0.000244140625
0.000244140625
0.0087890625
0.0087890625
0.000244140625
0.000244140625
0.000244140625
0.0087890625
0.000244140625
0.0087890625
0.0087890625
0.000244140625
0.000244140625
0.0087890625
0.0087890625
0.000244140625
0.000244140625
0.0087890625
0.000244140625
0.0087890625
0.000244140625
0.0087890625
0.000244140625
0.000244140625
0.0087890625
0.0087890625
0.0087890625
0.000244140625
0.000244140625
0.0087890625
0.0087890625
0.0087890625
0.0087890625
0.0087890625
0.000244140625
0.000244140625
0.000244140625
0.0087890625
0.0087890625
0.0087890625
0.0087890625
0.0087890625
0.0087890625
0.000244140625
0.0087890625
0.0087890625
0.0087890625
0.0087890625
0.0087890625
0.0087890625
0.0087890625
0.0087890625
0.0087890625
0.0087890625
0.0087890625
0.0087890625
0.0087890625
0.0087890625
0.0087890625
0.0087890625
0.0087890625
0.0087890625
0.0087890625
0.0087890625
0.000244140625
0.000244140625
0.000244140625
0.0087890625
0.000244140625
0.000244140625
0.0087890625
0.000244140625
0.000244140625
0.000244140625
0.000244140625
0.000244140625
0.000244140625
0.000244140625
0.000244140625
0.000244140625
0.000244140625
0.000244140625
0.000244140625
0.000244140625
0.0087890625
0.000244140625
0.000244140625
0.000244140625
0.000244140625
0.000244140625
0.000244140625
0.000244140625
0.000244140625
0.000244140625
0.000244140625
0.000244140625
0.000244140625
0.0087890625
0.0087890625
0.0087890625
0.0087890625
0.000244140625
0.000244140625
0.000244140625
0.0087890625
0.0087890625
0.0087890625
0.0087890625
0.0087890625
0.000244140625
0.000244140625
0.0087890625
0.0087890625
0.0087890625
0.0087890625
0.000244140625
0.000244140625
0.0087890625
0.000244140625
0.000244140625
0.0087890625
0.130615234375
0.158935546875
0.217529296875
0.241455078125
0.091796875
0.091796875
456.6796875
155.7666015625
0.139892578125
456.6796875
1.272705078125
0.100830078125
0.100830078125
0.147705078125
0.147705078125
114.9609375
114.9609375
138.26953125
0.100830078125
0.100830078125
0.147705078125
0.147705078125
114.9609375
114.9609375
138.26953125
0.147705078125
0.100830078125
0.100830078125
0.147705078125
114.9609375
114.9609375
138.26953125
0.147705078125
0.100830078125
0.100830078125
0.147705078125
114.9609375
114.9609375
138.26953125
0.288330078125
5.064208984375
303.5390625
1.9716796875
0.751953125
1.501953125
0.751953125
0.501953125
65.43017578125
59.95361328125
76.70361328125
65.43017578125
71.06689453125
76.70361328125
0.751708984375
0.751708984375
1.501708984375
0.501953125
65.43017578125
59.95361328125
76.70361328125
65.43017578125
71.06689453125
76.70361328125
0.751953125
1.501953125
0.751953125
0.501953125
65.43017578125
59.95361328125
76.70361328125
65.43017578125
71.06689453125
76.70361328125
1.501708984375
0.751708984375
0.751708984375
0.501708984375
65.43017578125
59.95361328125
76.70361328125
65.43017578125
71.06689453125
76.70361328125
1.501708984375
0.751708984375
0.751708984375
0.501708984375
65.43017578125
59.95361328125
76.70361328125
65.43017578125
71.06689453125
76.70361328125
0.751708984375
1.501708984375
0.751708984375
0.501708984375
65.43017578125
59.95361328125
76.70361328125
65.43017578125
71.06689453125
76.70361328125
0.751708984375
1.501708984375
0.751708984375
0.501953125
65.43017578125
59.95361328125
76.70361328125
65.43017578125
71.06689453125
76.70361328125
1.001708984375
0.751708984375
82.50048828125
1.26611328125
94.09423828125
3.51611328125
2.25048828125
2.25048828125
1.50048828125
1.50048828125
19.125
1.12548828125
1.96923828125
2.62548828125
1.50048828125
25.5
2.25048828125
2.25048828125
1.50048828125
1.50048828125
1.96923828125
1.12548828125
19.125
2.62548828125
1.50048828125
25.5
2.25048828125
1.50048828125
2.25048828125
1.50048828125
19.125
1.12548828125
1.96923828125
2.62548828125
1.50048828125
25.5
0.000244140625
25.50439453125
2.50439453125
26.50439453125
1.50439453125
7.12939453125
1.12939453125
1.75439453125
9.75830078125
9.5
1.50439453125
13.5
2.50439453125
48.0
30.2529296875
3.61865234375
10.61572265625
2.6279296875
8.62548828125
3.378662109375
26.62841796875
3.378662109375
25.50439453125
1.5048828125
25.5048828125
1.5048828125
7.12841796875
1.50390625
9.5078125
1.50390625
9.50048828125
1.97265625
9.96923828125
1.5029296875
48.0
31.012939453125
2.25439453125
15.887451171875
2.62939453125
7.96923828125
2.62939453125
26.62939453125
2.628173828125
25.50439453125
1.50439453125
25.50439453125
1.5048828125
9.13330078125
1.12939453125
7.12939453125
1.5048828125
9.50537109375
1.5029296875
11.50244140625
1.5029296875
48.0
26.2529296875
2.6279296875
9.625
2.628662109375
8.96923828125
2.2529296875
26.25439453125
2.62939453125
17.5
1.50439453125
27.453857421875
5.00439453125
73.37890625
1.128173828125
119.736328125
2.628173828125
160.87451171875
1.9736328125
135.39404296875
1.12939453125
72.75390625
0.6279296875
73.75390625
1.5029296875
104.0166015625
1.9736328125
96.879150390625
2.25439453125
144.5
83.84423828125
1.50439453125
92.49609375
1.5048828125
73.37939453125
1.12939453125
104.05517578125
1.50439453125
79.052490234375
1.12939453125
73.37939453125
1.12939453125
72.7548828125
0.50439453125
100.84814453125
1.50439453125
95.20703125
2.25439453125
130.9453125
2.62939453125
144.5
81.59033203125
1.50439453125
89.28955078125
1.5048828125
73.37939453125
1.12939453125
125.6875
1.50439453125
73.64111328125
1.12939453125
73.37939453125
1.12939453125
72.75439453125
0.6279296875
100.84814453125
1.5029296875
95.078369140625
1.9736328125
130.66748046875
2.25439453125
144.5
81.58837890625
1.50439453125
89.28955078125
1.50439453125
73.37939453125
1.12939453125
125.6875
1.50439453125
76.9951171875
1.12939453125
73.23876953125
1.12939453125
72.75439453125
0.9873046875
73.75439453125
1.5029296875
118.9404296875
1.9736328125
119.37939453125
2.25439453125
144.5
87.2998046875
1.50439453125
89.28955078125
1.50439453125
73.23876953125
1.12939453125
85.3642578125
1.50439453125
85.2001953125
1.12939453125
73.00439453125
0.98876953125
72.75439453125
0.50439453125
100.84814453125
1.50439453125
97.02392578125
1.53564453125
94.76611328125
1.53564453125
144.5
89.8798828125
1.15185546875
97.0048828125
1.50341796875
73.00439453125
0.75439453125
87.6220703125
1.15283203125
85.2001953125
0.98876953125
73.00439453125
0.75439453125
72.755859375
0.50341796875
73.755859375
1.50341796875
94.76611328125
1.53466796875
94.76611328125
1.53466796875
144.5
82.4296875
1.15283203125
90.0712890625
1.50439453125
73.00439453125
0.75439453125
87.6220703125
1.15283203125
85.2001953125
0.98876953125
73.00439453125
0.75439453125
72.75439453125
0.503662109375
73.75439453125
1.503662109375
103.79736328125
1.534912109375
103.79736328125
1.534912109375
144.5
89.8798828125
1.15283203125
87.8134765625
1.34423828125
73.00439453125
0.75439453125
96.6533203125
1.15283203125
85.2001953125
0.98876953125
73.00439453125
0.75439453125
120.70947265625
5.06591796875
68.96142578125
2.25439453125
360.984375
303.5625
115.22802734375
0.5
114.99365234375
0.14111328125
143.705078125
0.140625
20.265625
115.0546875
176.734375
138.453125
229.6875
114.994140625
0.09814453125
24.422607421875
163.0703125
114.947265625
0.1455078125
114.994140625
0.140625
114.99365234375
0.14111328125
29.8359375
115.0546875
172.765625
144.0546875
229.6875
114.94677734375
0.09814453125
24.634033203125
115.21875
114.94677734375
0.09814453125
114.99365234375
0.234375
115.08740234375
0.140625
29.836669921875
115.0546875
170.93701171875
138.453125
229.6875
114.94677734375
0.09814453125
115.0546875
29.671875
172.36865234375
0.1220703125
115.064453125
0.140625
114.99365234375
0.234375
20.125
115.0546875
167.1640625
138.453125
229.6875
114.94677734375
0.120361328125
20.265625
115.0546875
114.94677734375
0.096435546875
237.63671875
1.504150390625
84.390625
0.21728515625
119.109375
0.29541015625
208.255859375
0.0556640625
117.139892578125
0.114990234375
272.85400390625
0.114990234375
208.255859375
0.0556640625
462.3076171875
0.21728515625
228.4609375
0.080810546875
173.609619140625
0.069091796875
0.00341796875
