0.0087890625
0.000244140625
0.000244140625
0.000244140625
0.000244140625
0.000244140625
0.000244140625
0.000244140625
0.000244140625
0.000244140625
0.0087890625
0.000244140625
0.000244140625
0.0087890625
0.000244140625
0.0087890625
0.000244140625
0.000244140625
0.000244140625
0.000244140625
0.000244140625
0.000244140625
0.000244140625
0.000244140625
0.000244140625
0.000244140625
0.000244140625
0.000244140625
0.000244140625
0.0087890625
0.000244140625
0.000244140625
0.000244140625
0.0087890625
0.000244140625
0.000244140625
0.000244140625
0.0087890625
0.000244140625
0.000244140625
0.0087890625
0.0087890625
0.000244140625
0.000244140625
0.0087890625
0.000244140625
0.000244140625
0.0087890625
0.0087890625
0.000244140625
0.000244140625
0.0087890625
0.000244140625
0.000244140625
0.0087890625
0.000244140625
0.000244140625
0.000244140625
0.000244140625
0.0087890625
0.000244140625
0.0087890625
0.000244140625
0.000244140625
0.000244140625
0.000244140625
0.0087890625
0.000244140625
0.0087890625
0.000244140625
0.0087890625
0.0087890625
0.000244140625
0.000244140625
0.000244140625
0.0087890625
0.0087890625
0.000244140625
0.000244140625
0.000244140625
0.000244140625
0.000244140625
0.000244140625
0.0087890625
0.000244140625
0.000244140625
0.000244140625
0.0087890625
0.0087890625
0.000244140625
0.000244140625
0.000244140625
0.0087890625
0.000244140625
0.0087890625
0.0087890625
0.000244140625
0.0087890625
0.0087890625
0.000244140625
0.0087890625
0.000244140625
0.000244140625
0.000244140625
0.000244140625
0.0087890625
0.0087890625
0.000244140625
0.000244140625
0.000244140625
0.000244140625
0.0087890625
0.0087890625
0.0087890625
0.000244140625
0.0087890625
0.0087890625
0.0087890625
0.000244140625
0.000244140625
0.000244140625
0.000244140625
0.0087890625
0.000244140625
0.000244140625
0.000244140625
0.0087890625
0.0087890625
0.000244140625
0.000244140625
0.000244140625
0.000244140625
0.0087890625
0.0087890625
0.000244140625
0.000244140625
0.000244140625
0.000244140625
0.000244140625
0.000244140625
0.000244140625
0.000244140625
0.000244140625
0.000244140625
0.000244140625
0.000244140625
0.000244140625
0.000244140625
0.0087890625
0.000244140625
0.000244140625
0.0087890625
0.000244140625
0.0087890625
0.0087890625
0.10791015625
0.08056640625
0.03369140625
85.1875
0.08056640625
0.08056640625
85.1875
0.08056640625
0.08056640625
85.1875
0.08056640625
0.129638671875
0.504638671875
113.0625
0.254638671875
0.254638671875
113.0625
0.254638671875
0.254638671875
113.0625
0.254638671875
0.254638671875
113.0625
0.254638671875
0.254638671875
113.0625
0.254638671875
0.254638671875
113.0625
0.254638671875
0.254638671875
113.0625
0.254638671875
0.254638671875
113.0625
0.254638671875
0.501220703125
2.001220703125
83.25
1.001220703125
1.001220703125
83.25
1.001220703125
1.001953125
83.25
1.001220703125
1.001953125
83.25
1.001220703125
1.001953125
83.25
1.001220703125
1.001953125
83.25
1.001220703125
1.001953125
83.25
1.001220703125
1.001953125
83.25
1.001220703125
1.001953125
83.25
1.001220703125
1.001953125
83.25
1.001220703125
1.001953125
83.25
1.001220703125
1.001953125
83.25
1.001220703125
1.001953125
83.25
1.001220703125
1.001953125
83.25
1.001220703125
1.001953125
83.25
1.001220703125
1.001953125
83.25
1.001220703125
1.001953125
83.25
1.001220703125
1.001953125
83.25
1.001220703125
1.001953125
83.25
1.001220703125
1.001953125
83.25
1.001220703125
1.001953125
83.25
1.001220703125
1.001953125
83.25
1.001220703125
1.001953125
83.25
1.001220703125
1.001953125
83.25
1.001220703125
1.001953125
83.25
1.001220703125
1.001953125
83.25
1.001220703125
1.001953125
83.25
1.001220703125
1.001953125
83.25
1.001220703125
1.001953125
83.25
1.001220703125
1.001953125
83.25
1.001220703125
1.001953125
83.25
1.001220703125
1.001953125
83.25
1.001220703125
1.001953125
83.25
1.001220703125
1.001953125
83.25
1.001220703125
1.001953125
83.25
1.001220703125
1.001953125
83.25
1.001220703125
8.00048828125
2.00048828125
81.0
4.00048828125
4.00048828125
81.0
4.00048828125
4.00048828125
81.0
4.00048828125
0.000244140625
10.12939453125
4.00439453125
88.82080078125
81.0
28.50439453125
7.82470703125
13.0048828125
7.82470703125
148.440673828125
131.619384765625
28.50439453125
4.0048828125
58.00048828125
9.0048828125
13.0048828125
4.0048828125
90.0009765625
81.0
75.53125
2.00390625
14.25
1.00244140625
224.54296875
85.0
50.00439453125
1.00390625
13.25390625
1.00244140625
196.75048828125
85.0
50.004150390625
1.004150390625
13.253662109375
1.00244140625
196.75048828125
85.0
50.004150390625
1.004150390625
13.253662109375
1.00244140625
196.75
83.25048828125
50.004150390625
1.004150390625
13.253662109375
1.0029296875
196.75
83.250244140625
50.004150390625
1.004150390625
13.253662109375
1.00244140625
196.75
83.25048828125
50.004150390625
1.004150390625
13.253662109375
1.0029296875
196.75
83.25048828125
50.004150390625
1.004150390625
13.253662109375
1.0029296875
196.75
83.25048828125
50.004150390625
1.004150390625
13.253662109375
1.0029296875
196.75
83.25048828125
50.004150390625
1.004150390625
13.253662109375
1.0029296875
196.75
83.25048828125
50.004150390625
1.004150390625
13.253662109375
1.0029296875
196.75
83.25048828125
50.004150390625
1.004150390625
13.253662109375
1.0029296875
196.75
83.25048828125
50.004150390625
1.004150390625
13.253662109375
1.0029296875
196.75
83.25048828125
50.004150390625
1.004150390625
15.5068359375
1.0029296875
196.75
83.25048828125
50.004150390625
1.004150390625
16.006103515625
1.0029296875
196.75
83.25048828125
50.004150390625
1.004150390625
16.006103515625
1.0029296875
196.75
83.25048828125
50.004150390625
1.004150390625
13.253662109375
1.0029296875
199.007080078125
83.25048828125
50.004150390625
1.004150390625
13.253662109375
1.0029296875
201.007568359375
83.25048828125
50.004150390625
1.004150390625
13.253662109375
1.0029296875
201.007568359375
83.25048828125
50.004150390625
1.004150390625
13.253662109375
1.0029296875
201.007568359375
83.25048828125
50.004150390625
1.004150390625
13.253662109375
1.0029296875
201.007568359375
83.25048828125
50.004150390625
1.004150390625
13.253662109375
1.0029296875
201.007568359375
83.25048828125
50.004150390625
1.004150390625
13.253662109375
1.0029296875
201.007568359375
83.25048828125
50.004150390625
1.004150390625
13.253662109375
1.0029296875
201.007568359375
83.25048828125
50.004150390625
1.004150390625
13.253662109375
1.003173828125
201.007568359375
83.25048828125
50.004150390625
1.004150390625
13.253662109375
1.00244140625
196.75
83.25048828125
50.004150390625
1.004150390625
19.506591796875
1.0029296875
196.75
83.25048828125
50.004150390625
1.004150390625
13.253662109375
1.0029296875
202.256591796875
83.25048828125
50.004150390625
1.004150390625
13.253662109375
1.0029296875
196.75
96.01708984375
50.004150390625
1.004150390625
13.253662109375
1.002685546875
196.75
96.01708984375
50.004150390625
1.004150390625
13.253662109375
1.002685546875
196.75
96.01708984375
50.004150390625
1.004150390625
13.253662109375
1.002685546875
196.75
96.01708984375
58.020751953125
1.004150390625
13.253662109375
1.002685546875
205.072998046875
108.26708984375
50.004150390625
1.004150390625
13.253662109375
1.0029296875
205.072998046875
109.267333984375
59.02099609375
1.004150390625
21.57666015625
1.0029296875
203.00244140625
109.267333984375
50.00341796875
1.002685546875
100.00048828125
2.25244140625
21.57666015625
1.002685546875
205.072998046875
100.25244140625
98.5
0.50244140625
25.004638671875
0.25244140625
139.253173828125
113.500244140625
98.2568359375
0.25244140625
24.756591796875
0.25244140625
138.815673828125
113.5
98.2568359375
0.25244140625
24.756591796875
0.25244140625
138.815673828125
113.5
98.2568359375
0.25244140625
24.757080078125
0.25244140625
138.815673828125
113.5
98.2568359375
0.2529296875
24.756591796875
0.25244140625
138.815673828125
113.0625
98.2568359375
0.2529296875
26.20703125
0.25244140625
137.5625
113.0625
98.2568359375
0.2529296875
26.20654296875
0.25244140625
138.815673828125
113.0625
107.2734375
0.25390625
196.5
0.56494140625
26.456787109375
0.31640625
149.2705078125
123.0703125
196.125
0.12744140625
58.1611328125
0.0654296875
134.296875
0.14599609375
196.082763671875
0.0654296875
49.144287109375
0.0654296875
134.296875
0.14599609375
196.082763671875
0.0654296875
49.082763671875
0.0654296875
49.082763671875
0.0654296875
157.359375
0.14599609375
72.207763671875
0.0185546875
0.070068359375
