v/cg/resnet_v114/conv48/batchnorm48/beta:0
v/cg/resnet_v130/conv95/batchnorm95/moving_variance:0
v/cg/resnet_v17/conv24/batchnorm24/gamma:0
v/cg/resnet_v133/conv103/batchnorm103/moving_variance:0
v/cg/resnet_v13/conv12/batchnorm12/moving_variance:0
v/cg/resnet_v140/conv126/batchnorm126/beta:0
v/cg/resnet_v17/conv25/batchnorm25/moving_mean:0
v/cg/resnet_v121/conv68/batchnorm68/moving_variance:0
v/cg/resnet_v125/conv79/batchnorm79/moving_variance:0
v/cg/resnet_v128/conv88/batchnorm88/moving_mean:0
v/cg/resnet_v15/conv19/conv2d/kernel:0
v/cg/resnet_v134/conv107/batchnorm107/gamma:0
v/cg/resnet_v147/conv148/batchnorm148/moving_mean:0
v/cg/resnet_v121/conv67/batchnorm67/moving_variance:0
v/cg/resnet_v119/conv63/batchnorm63/moving_variance:0
v/cg/resnet_v122/conv71/batchnorm71/moving_variance:0
v/cg/resnet_v138/conv120/batchnorm120/moving_mean:0
v/cg/resnet_v17/conv24/batchnorm24/beta:0
v/cg/resnet_v126/conv82/batchnorm82/moving_mean:0
v/cg/resnet_v122/conv72/batchnorm72/moving_variance:0
v/cg/resnet_v126/conv82/batchnorm82/moving_variance:0
v/cg/resnet_v117/conv57/batchnorm57/moving_mean:0
v/cg/resnet_v19/conv30/batchnorm30/moving_variance:0
v/cg/resnet_v136/conv112/conv2d/kernel:0
v/cg/resnet_v123/conv74/batchnorm74/moving_variance:0
v/cg/resnet_v142/conv132/batchnorm132/moving_mean:0
v/cg/resnet_v128/conv89/batchnorm89/moving_mean:0
v/cg/resnet_v129/conv93/batchnorm93/gamma:0
v/cg/resnet_v123/conv73/conv2d/kernel:0
v/cg/resnet_v16/conv23/conv2d/kernel:0
v/cg/resnet_v19/conv31/conv2d/kernel:0
v/cg/resnet_v145/conv139/batchnorm139/beta:0
v/cg/resnet_v124/conv76/batchnorm76/beta:0
v/cg/resnet_v121/conv69/batchnorm69/moving_variance:0
v/cg/resnet_v18/conv28/conv2d/kernel:0
v/cg/resnet_v129/conv92/batchnorm92/gamma:0
v/cg/resnet_v136/conv114/conv2d/kernel:0
v/cg/resnet_v132/conv100/batchnorm100/gamma:0
v/cg/resnet_v121/conv68/conv2d/kernel:0
v/cg/resnet_v124/conv78/batchnorm78/moving_mean:0
v/cg/resnet_v121/conv69/conv2d/kernel:0
v/cg/resnet_v113/conv43/conv2d/kernel:0
v/cg/resnet_v148/conv150/conv2d/kernel:0
v/cg/resnet_v10/conv3/conv2d/kernel:0
v/cg/resnet_v147/conv145/batchnorm145/beta:0
v/cg/resnet_v135/conv111/batchnorm111/gamma:0
v/cg/resnet_v120/conv64/batchnorm64/gamma:0
v/cg/resnet_v13/conv13/batchnorm13/moving_mean:0
v/cg/resnet_v138/conv120/batchnorm120/gamma:0
v/cg/resnet_v130/conv95/conv2d/kernel:0
v/cg/resnet_v131/conv99/batchnorm99/moving_mean:0
v/cg/resnet_v122/conv70/batchnorm70/moving_mean:0
v/cg/resnet_v110/conv34/batchnorm34/beta:0
v/cg/resnet_v11/conv7/batchnorm7/gamma:0
v/cg/resnet_v14/conv15/batchnorm15/gamma:0
v/cg/resnet_v145/conv139/batchnorm139/moving_variance:0
v/cg/resnet_v125/conv80/batchnorm80/beta:0
v/cg/resnet_v140/conv125/batchnorm125/gamma:0
v/cg/resnet_v144/conv138/batchnorm138/gamma:0
v/cg/resnet_v149/conv152/conv2d/kernel:0
v/cg/resnet_v118/conv58/batchnorm58/moving_mean:0
v/cg/resnet_v13/conv14/batchnorm14/beta:0
v/cg/resnet_v143/conv133/conv2d/kernel:0
v/cg/resnet_v124/conv78/batchnorm78/moving_variance:0
v/cg/resnet_v149/conv153/batchnorm153/gamma:0
v/cg/resnet_v149/conv154/batchnorm154/moving_variance:0
v/cg/resnet_v135/conv110/conv2d/kernel:0
v/cg/resnet_v131/conv98/conv2d/kernel:0
v/cg/resnet_v129/conv92/batchnorm92/moving_mean:0
v/cg/resnet_v17/conv25/batchnorm25/beta:0
v/cg/resnet_v113/conv45/batchnorm45/moving_mean:0
v/cg/resnet_v147/conv145/conv2d/kernel:0
v/cg/resnet_v123/conv74/conv2d/kernel:0
v/cg/resnet_v135/conv109/batchnorm109/beta:0
v/cg/resnet_v140/conv126/batchnorm126/moving_variance:0
v/cg/resnet_v123/conv75/batchnorm75/gamma:0
v/cg/resnet_v138/conv119/batchnorm119/beta:0
v/cg/resnet_v14/conv15/batchnorm15/moving_variance:0
v/cg/resnet_v19/conv32/batchnorm32/moving_variance:0
v/cg/resnet_v144/conv137/conv2d/kernel:0
v/cg/resnet_v12/conv8/batchnorm8/gamma:0
v/cg/resnet_v112/conv40/batchnorm40/moving_mean:0
v/cg/resnet_v10/conv2/conv2d/kernel:0
v/cg/resnet_v126/conv82/batchnorm82/beta:0
v/cg/resnet_v138/conv119/batchnorm119/moving_variance:0
v/cg/resnet_v13/conv11/batchnorm11/moving_variance:0
v/cg/resnet_v138/conv119/conv2d/kernel:0
v/cg/resnet_v134/conv107/batchnorm107/beta:0
v/cg/resnet_v15/conv20/batchnorm20/gamma:0
v/cg/resnet_v133/conv105/conv2d/kernel:0
v/cg/resnet_v137/conv117/batchnorm117/moving_mean:0
v/cg/resnet_v139/conv121/conv2d/kernel:0
v/cg/resnet_v141/conv129/conv2d/kernel:0
v/cg/resnet_v14/conv17/batchnorm17/moving_variance:0
v/cg/resnet_v146/conv144/batchnorm144/gamma:0
v/cg/resnet_v122/conv72/batchnorm72/gamma:0
v/cg/resnet_v17/conv26/batchnorm26/gamma:0
v/cg/resnet_v137/conv117/conv2d/kernel:0
v/cg/resnet_v125/conv81/batchnorm81/gamma:0
v/cg/resnet_v112/conv41/batchnorm41/moving_variance:0
v/cg/resnet_v149/conv152/batchnorm152/moving_variance:0
v/cg/resnet_v19/conv30/conv2d/kernel:0
v/cg/resnet_v118/conv59/batchnorm59/gamma:0
v/cg/resnet_v140/conv124/batchnorm124/beta:0
v/cg/resnet_v134/conv106/batchnorm106/moving_variance:0
v/cg/resnet_v115/conv50/batchnorm50/moving_mean:0
v/cg/resnet_v113/conv44/batchnorm44/moving_variance:0
v/cg/resnet_v132/conv101/batchnorm101/moving_mean:0
v/cg/resnet_v125/conv80/conv2d/kernel:0
v/cg/resnet_v13/conv14/batchnorm14/moving_mean:0
v/cg/resnet_v148/conv149/batchnorm149/gamma:0
v/cg/resnet_v138/conv118/batchnorm118/gamma:0
v/cg/resnet_v117/conv57/conv2d/kernel:0
v/cg/resnet_v130/conv94/batchnorm94/gamma:0
v/cg/resnet_v15/conv18/conv2d/kernel:0
v/cg/resnet_v124/conv78/conv2d/kernel:0
v/cg/resnet_v116/conv54/batchnorm54/moving_variance:0
v/cg/resnet_v113/conv43/batchnorm43/gamma:0
v/cg/resnet_v142/conv131/batchnorm131/moving_variance:0
v/cg/resnet_v141/conv128/batchnorm128/moving_mean:0
v/cg/resnet_v124/conv78/batchnorm78/beta:0
learning_rate/Cast_1:0
v/cg/resnet_v148/conv151/batchnorm151/moving_mean:0
v/cg/resnet_v116/conv52/batchnorm52/moving_variance:0
v/cg/resnet_v117/conv56/batchnorm56/gamma:0
v/cg/resnet_v149/conv154/batchnorm154/moving_mean:0
v/cg/resnet_v113/conv45/conv2d/kernel:0
v/cg/resnet_v112/conv40/batchnorm40/gamma:0
v/cg/resnet_v18/conv27/batchnorm27/gamma:0
v/cg/resnet_v117/conv57/batchnorm57/moving_variance:0
v/cg/resnet_v122/conv72/batchnorm72/beta:0
v/cg/resnet_v139/conv122/batchnorm122/moving_mean:0
v/cg/resnet_v142/conv130/batchnorm130/gamma:0
v/cg/resnet_v113/conv43/batchnorm43/moving_variance:0
v/cg/resnet_v115/conv50/conv2d/kernel:0
v/cg/resnet_v137/conv116/batchnorm116/moving_variance:0
v/cg/resnet_v129/conv92/batchnorm92/beta:0
v/cg/resnet_v126/conv83/conv2d/kernel:0
v/cg/resnet_v141/conv127/batchnorm127/moving_variance:0
v/cg/resnet_v13/conv13/batchnorm13/gamma:0
v/cg/resnet_v10/conv2/batchnorm2/moving_variance:0
v/cg/resnet_v140/conv126/batchnorm126/gamma:0
v/cg/resnet_v145/conv139/conv2d/kernel:0
v/cg/resnet_v146/conv142/batchnorm142/moving_mean:0
v/cg/resnet_v127/conv86/batchnorm86/gamma:0
v/cg/resnet_v148/conv149/conv2d/kernel:0
v/cg/resnet_v141/conv128/batchnorm128/moving_variance:0
v/cg/resnet_v16/conv21/batchnorm21/gamma:0
tower_0/v/gradients/tower_0/v/xentropy/sparse_softmax_cross_entropy_loss/xentropy/xentropy_grad/ExpandDims:0
v/cg/resnet_v115/conv51/batchnorm51/gamma:0
v/cg/resnet_v124/conv77/conv2d/kernel:0
learning_rate/Const_4:0
v/cg/resnet_v130/conv95/batchnorm95/gamma:0
v/cg/resnet_v144/conv136/batchnorm136/moving_mean:0
v/cg/resnet_v110/conv35/batchnorm35/moving_mean:0
v/cg/resnet_v146/conv143/batchnorm143/moving_variance:0
v/cg/resnet_v116/conv53/conv2d/kernel:0
v/cg/resnet_v143/conv135/batchnorm135/beta:0
v/cg/resnet_v149/conv152/batchnorm152/gamma:0
v/cg/resnet_v146/conv142/batchnorm142/gamma:0
v/cg/resnet_v131/conv99/batchnorm99/beta:0
v/cg/resnet_v129/conv91/batchnorm91/moving_variance:0
v/cg/resnet_v132/conv102/batchnorm102/moving_variance:0
v/cg/resnet_v138/conv120/batchnorm120/moving_variance:0
v/cg/resnet_v116/conv53/batchnorm53/moving_variance:0
v/cg/resnet_v17/conv26/batchnorm26/moving_mean:0
v/cg/resnet_v143/conv133/batchnorm133/moving_variance:0
learning_rate/PiecewiseConstant/case/Assert/AssertGuard/control_dependency:0
v/cg/resnet_v111/conv37/conv2d/kernel:0
v/cg/resnet_v118/conv58/batchnorm58/beta:0
v/cg/resnet_v117/conv55/batchnorm55/gamma:0
v/cg/resnet_v137/conv115/batchnorm115/beta:0
v/cg/resnet_v111/conv37/batchnorm37/gamma:0
v/cg/resnet_v11/conv6/batchnorm6/gamma:0
tower_0/v/cg/resnet_v143/conv135/batchnorm135/AssignMovingAvg/sub:0
v/cg/resnet_v148/conv150/batchnorm150/moving_mean:0
v/cg/resnet_v147/conv147/conv2d/kernel:0
v/cg/resnet_v120/conv64/batchnorm64/moving_mean:0
v/cg/resnet_v134/conv108/batchnorm108/beta:0
v/cg/resnet_v136/conv113/conv2d/kernel:0
v/cg/resnet_v125/conv79/batchnorm79/beta:0
v/cg/resnet_v130/conv95/batchnorm95/beta:0
v/cg/resnet_v132/conv100/conv2d/kernel:0
v/cg/resnet_v136/conv112/batchnorm112/moving_variance:0
v/cg/resnet_v146/conv144/batchnorm144/moving_variance:0
v/cg/resnet_v146/conv143/batchnorm143/gamma:0
v/cg/resnet_v121/conv69/batchnorm69/gamma:0
v/cg/resnet_v123/conv75/batchnorm75/moving_variance:0
ConstantFolding/tower_0/v/gradients/tower_0/v/cg/spatial_mean0_grad/truediv_recip:0
v/cg/resnet_v125/conv81/batchnorm81/beta:0
v/cg/resnet_v131/conv97/conv2d/kernel:0
v/cg/resnet_v143/conv135/conv2d/kernel:0
v/cg/resnet_v133/conv104/batchnorm104/moving_mean:0
v/cg/resnet_v111/conv39/batchnorm39/gamma:0
v/cg/conv0/batchnorm0/moving_variance:0
v/cg/resnet_v149/conv154/batchnorm154/beta:0
v/cg/resnet_v115/conv51/batchnorm51/moving_variance:0
v/cg/resnet_v128/conv90/batchnorm90/beta:0
v/cg/resnet_v136/conv113/batchnorm113/beta:0
v/cg/resnet_v12/conv10/batchnorm10/moving_mean:0
v/cg/resnet_v15/conv20/batchnorm20/moving_mean:0
v/cg/resnet_v128/conv88/conv2d/kernel:0
v/cg/resnet_v135/conv109/batchnorm109/moving_variance:0
v/cg/resnet_v17/conv25/batchnorm25/moving_variance:0
v/cg/resnet_v122/conv72/batchnorm72/moving_mean:0
v/cg/resnet_v13/conv14/batchnorm14/gamma:0
v/cg/resnet_v120/conv65/batchnorm65/moving_variance:0
v/cg/resnet_v135/conv109/batchnorm109/moving_mean:0
v/cg/resnet_v133/conv103/conv2d/kernel:0
v/cg/resnet_v138/conv119/batchnorm119/moving_mean:0
v/cg/resnet_v122/conv71/batchnorm71/gamma:0
v/cg/resnet_v127/conv87/conv2d/kernel:0
v/cg/resnet_v139/conv122/batchnorm122/moving_variance:0
v/cg/resnet_v142/conv130/batchnorm130/beta:0
v/cg/resnet_v110/conv33/batchnorm33/moving_mean:0
v/cg/resnet_v10/conv3/batchnorm3/beta:0
v/cg/resnet_v141/conv129/batchnorm129/beta:0
v/cg/resnet_v145/conv140/batchnorm140/gamma:0
v/cg/resnet_v131/conv97/batchnorm97/moving_variance:0
v/cg/resnet_v146/conv142/batchnorm142/moving_variance:0
v/cg/resnet_v17/conv25/batchnorm25/gamma:0
v/cg/resnet_v124/conv77/batchnorm77/moving_mean:0
v/cg/resnet_v143/conv133/batchnorm133/moving_mean:0
v/cg/resnet_v129/conv91/conv2d/kernel:0
v/cg/resnet_v114/conv46/conv2d/kernel:0
v/cg/resnet_v127/conv86/batchnorm86/beta:0
v/cg/resnet_v121/conv68/batchnorm68/moving_mean:0
v/cg/resnet_v131/conv98/batchnorm98/beta:0
v/cg/resnet_v134/conv106/batchnorm106/gamma:0
v/cg/resnet_v126/conv83/batchnorm83/moving_variance:0
v/cg/resnet_v124/conv76/batchnorm76/moving_variance:0
v/cg/resnet_v119/conv61/batchnorm61/moving_variance:0
v/cg/resnet_v11/conv7/batchnorm7/moving_mean:0
v/cg/resnet_v121/conv67/batchnorm67/gamma:0
v/cg/resnet_v16/conv22/batchnorm22/moving_mean:0
v/cg/resnet_v121/conv67/conv2d/kernel:0
v/cg/resnet_v10/conv2/batchnorm2/moving_mean:0
v/cg/resnet_v143/conv133/batchnorm133/beta:0
v/cg/resnet_v120/conv66/batchnorm66/moving_variance:0
v/cg/resnet_v126/conv82/conv2d/kernel:0
v/cg/resnet_v16/conv23/batchnorm23/moving_variance:0
v/cg/resnet_v124/conv76/batchnorm76/gamma:0
v/cg/resnet_v115/conv49/batchnorm49/moving_variance:0
v/cg/resnet_v12/conv9/batchnorm9/moving_variance:0
v/cg/resnet_v19/conv31/batchnorm31/moving_variance:0
v/cg/resnet_v123/conv73/batchnorm73/beta:0
v/cg/resnet_v17/conv25/conv2d/kernel:0
v/cg/resnet_v15/conv19/batchnorm19/gamma:0
v/cg/resnet_v142/conv130/batchnorm130/moving_variance:0
v/cg/resnet_v114/conv48/batchnorm48/gamma:0
v/cg/resnet_v12/conv9/conv2d/kernel:0
v/cg/resnet_v110/conv34/conv2d/kernel:0
v/cg/resnet_v16/conv22/batchnorm22/beta:0
v/cg/resnet_v140/conv125/batchnorm125/beta:0
v/cg/resnet_v148/conv149/batchnorm149/moving_mean:0
v/cg/resnet_v128/conv90/batchnorm90/gamma:0
v/cg/resnet_v11/conv5/batchnorm5/beta:0
v/cg/resnet_v116/conv53/batchnorm53/gamma:0
v/cg/resnet_v13/conv13/conv2d/kernel:0
v/cg/resnet_v149/conv152/batchnorm152/moving_mean:0
v/cg/resnet_v132/conv102/batchnorm102/moving_mean:0
v/cg/resnet_v10/conv3/batchnorm3/gamma:0
v/cg/resnet_v114/conv47/batchnorm47/gamma:0
v/cg/resnet_v142/conv130/conv2d/kernel:0
v/cg/resnet_v112/conv42/batchnorm42/gamma:0
v/cg/resnet_v143/conv134/batchnorm134/moving_variance:0
v/cg/resnet_v11/conv6/batchnorm6/moving_variance:0
v/cg/resnet_v145/conv141/batchnorm141/beta:0
v/cg/resnet_v132/conv101/batchnorm101/moving_variance:0
v/cg/resnet_v140/conv124/conv2d/kernel:0
v/cg/resnet_v121/conv69/batchnorm69/moving_mean:0
v/cg/resnet_v127/conv85/conv2d/kernel:0
v/cg/resnet_v12/conv10/batchnorm10/gamma:0
v/cg/resnet_v131/conv97/batchnorm97/beta:0
v/cg/resnet_v133/conv103/batchnorm103/moving_mean:0
v/cg/resnet_v120/conv66/batchnorm66/beta:0
v/cg/resnet_v111/conv38/conv2d/kernel:0
v/cg/resnet_v142/conv130/batchnorm130/moving_mean:0
v/cg/resnet_v136/conv113/batchnorm113/moving_mean:0
v/cg/resnet_v118/conv59/conv2d/kernel:0
v/cg/resnet_v124/conv77/batchnorm77/beta:0
v/cg/resnet_v130/conv96/batchnorm96/beta:0
v/cg/resnet_v144/conv137/batchnorm137/moving_variance:0
v/cg/resnet_v142/conv131/batchnorm131/beta:0
v/cg/resnet_v148/conv149/batchnorm149/moving_variance:0
v/cg/resnet_v144/conv138/batchnorm138/moving_mean:0
v/cg/resnet_v147/conv146/batchnorm146/moving_mean:0
v/cg/resnet_v126/conv84/batchnorm84/moving_mean:0
v/cg/resnet_v10/conv3/batchnorm3/moving_mean:0
v/cg/resnet_v123/conv74/batchnorm74/beta:0
v/cg/resnet_v145/conv141/batchnorm141/gamma:0
v/cg/resnet_v147/conv148/batchnorm148/beta:0
v/cg/resnet_v131/conv98/batchnorm98/gamma:0
v/cg/resnet_v110/conv35/batchnorm35/beta:0
v/cg/resnet_v12/conv10/batchnorm10/moving_variance:0
v/cg/resnet_v121/conv67/batchnorm67/beta:0
v/cg/resnet_v129/conv93/batchnorm93/moving_variance:0
v/cg/resnet_v132/conv100/batchnorm100/moving_mean:0
v/cg/resnet_v129/conv92/batchnorm92/moving_variance:0
v/cg/resnet_v119/conv61/batchnorm61/gamma:0
v/cg/resnet_v141/conv128/conv2d/kernel:0
v/cg/resnet_v141/conv127/batchnorm127/beta:0
v/cg/resnet_v134/conv106/conv2d/kernel:0
v/cg/resnet_v115/conv50/batchnorm50/moving_variance:0
v/cg/resnet_v111/conv36/batchnorm36/moving_mean:0
v/cg/resnet_v131/conv98/batchnorm98/moving_variance:0
v/cg/resnet_v16/conv22/batchnorm22/moving_variance:0
v/cg/resnet_v118/conv60/batchnorm60/beta:0
v/cg/resnet_v130/conv94/batchnorm94/moving_variance:0
v/cg/resnet_v15/conv19/batchnorm19/moving_mean:0
v/cg/resnet_v113/conv45/batchnorm45/moving_variance:0
v/cg/resnet_v132/conv101/conv2d/kernel:0
v/cg/resnet_v132/conv100/batchnorm100/moving_variance:0
v/cg/resnet_v113/conv44/batchnorm44/gamma:0
v/cg/resnet_v11/conv6/conv2d/kernel:0
v/cg/resnet_v119/conv63/batchnorm63/beta:0
v/cg/resnet_v137/conv117/batchnorm117/beta:0
v/cg/resnet_v145/conv141/conv2d/kernel:0
v/cg/resnet_v133/conv105/batchnorm105/moving_mean:0
v/cg/resnet_v136/conv114/batchnorm114/gamma:0
v/cg/resnet_v13/conv12/conv2d/kernel:0
v/cg/resnet_v147/conv146/batchnorm146/gamma:0
v/cg/resnet_v139/conv122/batchnorm122/gamma:0
v/cg/resnet_v139/conv121/batchnorm121/beta:0
v/cg/resnet_v129/conv93/batchnorm93/beta:0
v/cg/resnet_v139/conv123/conv2d/kernel:0
v/cg/resnet_v146/conv144/batchnorm144/beta:0
v/cg/resnet_v116/conv54/batchnorm54/moving_mean:0
v/cg/resnet_v13/conv13/batchnorm13/beta:0
v/cg/resnet_v115/conv50/batchnorm50/gamma:0
v/cg/resnet_v142/conv132/conv2d/kernel:0
v/cg/resnet_v111/conv36/batchnorm36/gamma:0
v/cg/resnet_v115/conv51/batchnorm51/beta:0
v/cg/resnet_v19/conv32/batchnorm32/beta:0
v/cg/resnet_v135/conv111/batchnorm111/moving_variance:0
v/cg/resnet_v129/conv91/batchnorm91/moving_mean:0
v/cg/affine0/biases:0
learning_rate/Const_7:0
v/cg/resnet_v119/conv62/conv2d/kernel:0
v/cg/resnet_v18/conv29/batchnorm29/beta:0
v/cg/resnet_v125/conv79/conv2d/kernel:0
v/cg/resnet_v123/conv73/batchnorm73/moving_variance:0
v/cg/resnet_v132/conv102/batchnorm102/beta:0
v/cg/resnet_v125/conv80/batchnorm80/gamma:0
v/cg/resnet_v137/conv116/batchnorm116/beta:0
v/cg/resnet_v10/conv4/conv2d/kernel:0
v/cg/resnet_v133/conv104/conv2d/kernel:0
v/cg/resnet_v121/conv68/batchnorm68/gamma:0
v/cg/resnet_v135/conv111/batchnorm111/moving_mean:0
v/cg/resnet_v147/conv147/batchnorm147/moving_mean:0
v/cg/resnet_v18/conv28/batchnorm28/moving_variance:0
v/cg/resnet_v19/conv31/batchnorm31/gamma:0
v/cg/resnet_v143/conv135/batchnorm135/moving_mean:0
v/cg/resnet_v130/conv94/batchnorm94/moving_mean:0
v/cg/resnet_v135/conv109/conv2d/kernel:0
v/cg/resnet_v137/conv117/batchnorm117/gamma:0
v/cg/resnet_v11/conv5/batchnorm5/moving_mean:0
v/cg/resnet_v13/conv11/batchnorm11/moving_mean:0
v/cg/resnet_v133/conv103/batchnorm103/gamma:0
v/cg/resnet_v120/conv65/batchnorm65/beta:0
v/cg/resnet_v147/conv145/batchnorm145/moving_variance:0
v/cg/resnet_v114/conv48/conv2d/kernel:0
v/cg/resnet_v17/conv26/batchnorm26/beta:0
v/cg/resnet_v122/conv71/batchnorm71/beta:0
v/cg/resnet_v118/conv60/batchnorm60/moving_mean:0
v/cg/resnet_v19/conv31/batchnorm31/moving_mean:0
v/cg/resnet_v16/conv21/batchnorm21/moving_mean:0
v/cg/resnet_v15/conv20/batchnorm20/moving_variance:0
v/cg/resnet_v130/conv95/batchnorm95/moving_mean:0
v/cg/resnet_v123/conv74/batchnorm74/moving_mean:0
v/cg/resnet_v139/conv121/batchnorm121/moving_variance:0
v/cg/resnet_v138/conv119/batchnorm119/gamma:0
v/cg/resnet_v149/conv153/batchnorm153/moving_mean:0
v/cg/resnet_v12/conv8/batchnorm8/beta:0
v/cg/resnet_v131/conv98/batchnorm98/moving_mean:0
v/cg/resnet_v119/conv61/batchnorm61/moving_mean:0
v/cg/resnet_v126/conv83/batchnorm83/moving_mean:0
v/cg/resnet_v17/conv24/conv2d/kernel:0
v/cg/resnet_v115/conv49/batchnorm49/beta:0
v/cg/resnet_v11/conv7/batchnorm7/beta:0
v/cg/resnet_v13/conv12/batchnorm12/beta:0
v/cg/resnet_v136/conv112/batchnorm112/gamma:0
v/cg/resnet_v139/conv123/batchnorm123/gamma:0
v/cg/resnet_v141/conv127/batchnorm127/gamma:0
v/cg/resnet_v116/conv52/batchnorm52/beta:0
v/cg/resnet_v10/conv1/batchnorm1/beta:0
v/cg/resnet_v118/conv59/batchnorm59/moving_mean:0
v/cg/resnet_v123/conv73/batchnorm73/moving_mean:0
v/cg/resnet_v111/conv36/conv2d/kernel:0
v/cg/resnet_v147/conv148/conv2d/kernel:0
v/cg/resnet_v132/conv102/batchnorm102/gamma:0
v/cg/resnet_v147/conv146/batchnorm146/moving_variance:0
v/cg/resnet_v120/conv65/conv2d/kernel:0
v/cg/resnet_v16/conv21/batchnorm21/moving_variance:0
v/cg/resnet_v11/conv6/batchnorm6/moving_mean:0
v/cg/resnet_v136/conv113/batchnorm113/moving_variance:0
v/cg/resnet_v112/conv40/batchnorm40/beta:0
v/cg/resnet_v123/conv75/conv2d/kernel:0
v/cg/resnet_v13/conv11/batchnorm11/beta:0
v/cg/resnet_v19/conv32/batchnorm32/moving_mean:0
v/cg/resnet_v113/conv44/batchnorm44/moving_mean:0
v/cg/resnet_v117/conv57/batchnorm57/gamma:0
v/cg/resnet_v126/conv82/batchnorm82/gamma:0
v/cg/resnet_v148/conv151/batchnorm151/beta:0
v/cg/resnet_v19/conv32/batchnorm32/gamma:0
v/cg/resnet_v139/conv121/batchnorm121/moving_mean:0
v/cg/resnet_v116/conv52/batchnorm52/gamma:0
v/cg/resnet_v111/conv37/batchnorm37/beta:0
v/cg/resnet_v137/conv116/batchnorm116/moving_mean:0
v/cg/resnet_v137/conv115/batchnorm115/gamma:0
v/cg/resnet_v125/conv81/batchnorm81/moving_variance:0
v/cg/resnet_v10/conv1/batchnorm1/moving_mean:0
v/cg/resnet_v139/conv122/batchnorm122/beta:0
v/cg/resnet_v143/conv134/conv2d/kernel:0
v/cg/resnet_v16/conv22/conv2d/kernel:0
v/cg/resnet_v117/conv56/conv2d/kernel:0
v/cg/resnet_v19/conv30/batchnorm30/moving_mean:0
v/cg/resnet_v140/conv126/conv2d/kernel:0
v/cg/resnet_v119/conv63/conv2d/kernel:0
v/cg/resnet_v18/conv29/conv2d/kernel:0
v/cg/resnet_v14/conv17/batchnorm17/gamma:0
v/cg/resnet_v13/conv13/batchnorm13/moving_variance:0
v/cg/resnet_v10/conv2/batchnorm2/gamma:0
v/cg/resnet_v148/conv150/batchnorm150/gamma:0
v/cg/resnet_v13/conv11/batchnorm11/gamma:0
v/cg/resnet_v128/conv88/batchnorm88/moving_variance:0
v/cg/resnet_v12/conv9/batchnorm9/gamma:0
v/cg/resnet_v115/conv50/batchnorm50/beta:0
v/cg/resnet_v143/conv134/batchnorm134/moving_mean:0
v/cg/resnet_v116/conv53/batchnorm53/moving_mean:0
v/cg/resnet_v137/conv115/batchnorm115/moving_variance:0
v/cg/resnet_v11/conv7/batchnorm7/moving_variance:0
v/cg/resnet_v122/conv72/conv2d/kernel:0
v/cg/resnet_v133/conv105/batchnorm105/moving_variance:0
v/cg/resnet_v128/conv89/batchnorm89/gamma:0
v/cg/resnet_v126/conv84/batchnorm84/gamma:0
v/cg/resnet_v112/conv40/batchnorm40/moving_variance:0
v/cg/resnet_v10/conv1/batchnorm1/gamma:0
v/cg/resnet_v146/conv143/batchnorm143/beta:0
v/cg/resnet_v12/conv10/conv2d/kernel:0
v/cg/resnet_v140/conv124/batchnorm124/gamma:0
learning_rate/mul:0
v/cg/resnet_v127/conv85/batchnorm85/moving_variance:0
v/cg/resnet_v114/conv46/batchnorm46/moving_mean:0
v/cg/resnet_v15/conv18/batchnorm18/beta:0
v/cg/resnet_v126/conv84/batchnorm84/moving_variance:0
v/cg/resnet_v137/conv115/conv2d/kernel:0
v/cg/resnet_v141/conv127/batchnorm127/moving_mean:0
v/cg/resnet_v112/conv41/batchnorm41/moving_mean:0
v/cg/resnet_v130/conv96/batchnorm96/moving_mean:0
v/cg/resnet_v116/conv54/conv2d/kernel:0
v/cg/resnet_v12/conv8/conv2d/kernel:0
v/cg/resnet_v144/conv136/batchnorm136/gamma:0
v/cg/resnet_v139/conv122/conv2d/kernel:0
v/cg/resnet_v142/conv131/batchnorm131/gamma:0
v/cg/resnet_v111/conv39/conv2d/kernel:0
v/cg/resnet_v129/conv93/conv2d/kernel:0
v/cg/resnet_v130/conv96/batchnorm96/moving_variance:0
v/cg/resnet_v111/conv39/batchnorm39/moving_mean:0
v/cg/resnet_v146/conv144/conv2d/kernel:0
learning_rate/Less/y:0
v/cg/resnet_v133/conv103/batchnorm103/beta:0
v/cg/resnet_v145/conv139/batchnorm139/gamma:0
v/cg/resnet_v13/conv12/batchnorm12/moving_mean:0
v/cg/resnet_v146/conv143/conv2d/kernel:0
v/cg/resnet_v127/conv85/batchnorm85/moving_mean:0
v/cg/resnet_v120/conv65/batchnorm65/moving_mean:0
v/cg/resnet_v114/conv48/batchnorm48/moving_variance:0
v/cg/resnet_v113/conv45/batchnorm45/gamma:0
v/cg/resnet_v110/conv35/batchnorm35/gamma:0
v/cg/resnet_v149/conv153/batchnorm153/moving_variance:0
v/cg/resnet_v122/conv71/batchnorm71/moving_mean:0
v/cg/resnet_v116/conv54/batchnorm54/gamma:0
v/cg/resnet_v121/conv69/batchnorm69/beta:0
v/cg/resnet_v134/conv108/conv2d/kernel:0
v/cg/resnet_v111/conv38/batchnorm38/moving_mean:0
v/cg/resnet_v112/conv42/batchnorm42/moving_variance:0
v/cg/resnet_v16/conv23/batchnorm23/gamma:0
v/cg/resnet_v113/conv43/batchnorm43/beta:0
v/cg/resnet_v110/conv35/conv2d/kernel:0
v/cg/resnet_v111/conv39/batchnorm39/moving_variance:0
v/cg/resnet_v126/conv83/batchnorm83/gamma:0
v/cg/resnet_v13/conv14/batchnorm14/moving_variance:0
v/cg/resnet_v114/conv48/batchnorm48/moving_mean:0
v/cg/resnet_v14/conv15/conv2d/kernel:0
v/cg/resnet_v14/conv16/batchnorm16/moving_mean:0
v/cg/resnet_v118/conv58/conv2d/kernel:0
v/cg/resnet_v119/conv63/batchnorm63/moving_mean:0
v/cg/resnet_v149/conv153/batchnorm153/beta:0
v/cg/resnet_v133/conv105/batchnorm105/gamma:0
v/cg/resnet_v110/conv33/batchnorm33/beta:0
v/cg/conv0/batchnorm0/gamma:0
v/cg/resnet_v140/conv125/batchnorm125/moving_mean:0
v/cg/resnet_v130/conv96/conv2d/kernel:0
learning_rate/Const_6:0
v/cg/resnet_v133/conv105/batchnorm105/beta:0
v/cg/resnet_v128/conv90/batchnorm90/moving_variance:0
v/cg/resnet_v18/conv27/conv2d/kernel:0
v/cg/resnet_v116/conv53/batchnorm53/beta:0
v/cg/resnet_v123/conv75/batchnorm75/moving_mean:0
v/cg/resnet_v135/conv109/batchnorm109/gamma:0
v/cg/resnet_v125/conv81/batchnorm81/moving_mean:0
v/cg/resnet_v135/conv110/batchnorm110/moving_mean:0
v/cg/resnet_v128/conv89/batchnorm89/moving_variance:0
v/cg/resnet_v128/conv90/conv2d/kernel:0
v/cg/resnet_v135/conv111/batchnorm111/beta:0
v/cg/resnet_v127/conv85/batchnorm85/gamma:0
v/cg/resnet_v118/conv58/batchnorm58/gamma:0
v/cg/resnet_v145/conv140/batchnorm140/moving_mean:0
v/cg/resnet_v117/conv55/batchnorm55/moving_mean:0
v/cg/resnet_v136/conv113/batchnorm113/gamma:0
v/cg/resnet_v135/conv110/batchnorm110/gamma:0
v/cg/resnet_v125/conv81/conv2d/kernel:0
v/cg/resnet_v140/conv125/batchnorm125/moving_variance:0
v/cg/resnet_v147/conv146/batchnorm146/beta:0
v/cg/resnet_v147/conv147/batchnorm147/gamma:0
v/cg/resnet_v123/conv73/batchnorm73/gamma:0
v/cg/resnet_v138/conv118/batchnorm118/moving_mean:0
v/cg/resnet_v136/conv114/batchnorm114/beta:0
v/cg/resnet_v146/conv142/batchnorm142/beta:0
v/cg/resnet_v125/conv80/batchnorm80/moving_mean:0
v/cg/resnet_v127/conv87/batchnorm87/moving_variance:0
v/cg/resnet_v131/conv99/batchnorm99/gamma:0
v/cg/resnet_v144/conv137/batchnorm137/moving_mean:0
v/cg/resnet_v12/conv8/batchnorm8/moving_mean:0
v/cg/resnet_v148/conv151/batchnorm151/gamma:0
v/cg/resnet_v127/conv86/conv2d/kernel:0
v/cg/resnet_v18/conv28/batchnorm28/gamma:0
v/cg/resnet_v122/conv70/batchnorm70/moving_variance:0
v/cg/resnet_v128/conv89/batchnorm89/beta:0
v/cg/resnet_v143/conv135/batchnorm135/gamma:0
v/cg/resnet_v138/conv118/batchnorm118/beta:0
v/cg/resnet_v147/conv145/batchnorm145/moving_mean:0
v/cg/resnet_v11/conv6/batchnorm6/beta:0
v/cg/resnet_v144/conv137/batchnorm137/gamma:0
v/cg/resnet_v120/conv66/batchnorm66/moving_mean:0
v/cg/resnet_v136/conv112/batchnorm112/beta:0
v/cg/resnet_v133/conv104/batchnorm104/beta:0
v/cg/resnet_v114/conv47/batchnorm47/moving_mean:0
v/cg/resnet_v119/conv62/batchnorm62/gamma:0
v/cg/resnet_v136/conv114/batchnorm114/moving_mean:0
v/cg/resnet_v122/conv71/conv2d/kernel:0
v/cg/resnet_v113/conv44/conv2d/kernel:0
v/cg/resnet_v127/conv86/batchnorm86/moving_variance:0
v/cg/resnet_v10/conv4/batchnorm4/gamma:0
v/cg/resnet_v19/conv30/batchnorm30/gamma:0
v/cg/resnet_v132/conv102/conv2d/kernel:0
v/cg/resnet_v120/conv66/conv2d/kernel:0
v/cg/resnet_v117/conv56/batchnorm56/moving_mean:0
v/cg/resnet_v112/conv42/conv2d/kernel:0
v/cg/resnet_v120/conv65/batchnorm65/gamma:0
v/cg/resnet_v111/conv38/batchnorm38/gamma:0
v/cg/resnet_v118/conv60/batchnorm60/moving_variance:0
v/cg/resnet_v111/conv38/batchnorm38/beta:0
v/cg/resnet_v115/conv49/batchnorm49/moving_mean:0
v/cg/resnet_v125/conv80/batchnorm80/moving_variance:0
learning_rate/Cast:0
v/cg/resnet_v117/conv57/batchnorm57/beta:0
v/cg/resnet_v137/conv115/batchnorm115/moving_mean:0
v/cg/resnet_v118/conv59/batchnorm59/beta:0
v/cg/resnet_v143/conv134/batchnorm134/beta:0
v/cg/conv0/batchnorm0/moving_mean:0
v/cg/resnet_v10/conv1/conv2d/kernel:0
v/cg/resnet_v116/conv52/conv2d/kernel:0
v/cg/resnet_v114/conv47/conv2d/kernel:0
v/cg/resnet_v134/conv106/batchnorm106/moving_mean:0
v/cg/resnet_v145/conv140/batchnorm140/beta:0
v/cg/resnet_v134/conv108/batchnorm108/moving_mean:0
v/cg/resnet_v149/conv153/conv2d/kernel:0
v/cg/resnet_v144/conv138/batchnorm138/moving_variance:0
v/cg/resnet_v148/conv150/batchnorm150/beta:0
v/cg/conv0/conv2d/kernel:0
v/cg/resnet_v119/conv62/batchnorm62/beta:0
v/cg/resnet_v15/conv20/conv2d/kernel:0
v/cg/resnet_v118/conv58/batchnorm58/moving_variance:0
v/cg/resnet_v120/conv66/batchnorm66/gamma:0
v/cg/resnet_v110/conv33/batchnorm33/moving_variance:0
v/cg/resnet_v133/conv104/batchnorm104/gamma:0
v/cg/resnet_v112/conv41/batchnorm41/gamma:0
v/cg/resnet_v120/conv64/batchnorm64/moving_variance:0
v/cg/resnet_v142/conv131/batchnorm131/moving_mean:0
v/cg/resnet_v134/conv107/conv2d/kernel:0
v/cg/resnet_v142/conv131/conv2d/kernel:0
v/cg/resnet_v15/conv18/batchnorm18/moving_mean:0
v/cg/resnet_v117/conv55/batchnorm55/moving_variance:0
v/cg/resnet_v146/conv144/batchnorm144/moving_mean:0
v/cg/resnet_v143/conv133/batchnorm133/gamma:0
v/cg/resnet_v149/conv154/batchnorm154/gamma:0
v/cg/resnet_v115/conv51/conv2d/kernel:0
v/cg/resnet_v127/conv87/batchnorm87/beta:0
v/cg/resnet_v111/conv38/batchnorm38/moving_variance:0
v/cg/resnet_v147/conv145/batchnorm145/gamma:0
v/cg/resnet_v134/conv106/batchnorm106/beta:0
v/cg/resnet_v115/conv49/batchnorm49/gamma:0
v/cg/resnet_v112/conv42/batchnorm42/beta:0
v/cg/resnet_v112/conv41/conv2d/kernel:0
v/cg/resnet_v148/conv151/conv2d/kernel:0
v/cg/resnet_v115/conv49/conv2d/kernel:0
v/cg/resnet_v18/conv29/batchnorm29/gamma:0
v/cg/resnet_v14/conv17/conv2d/kernel:0
v/cg/resnet_v129/conv91/batchnorm91/beta:0
v/cg/resnet_v148/conv151/batchnorm151/moving_variance:0
v/cg/resnet_v18/conv27/batchnorm27/beta:0
v/cg/resnet_v137/conv117/batchnorm117/moving_variance:0
v/cg/resnet_v14/conv16/batchnorm16/gamma:0
v/cg/resnet_v14/conv17/batchnorm17/moving_mean:0
v/cg/resnet_v113/conv44/batchnorm44/beta:0
v/cg/resnet_v112/conv40/conv2d/kernel:0
v/cg/resnet_v127/conv87/batchnorm87/moving_mean:0
v/cg/resnet_v144/conv138/conv2d/kernel:0
v/cg/resnet_v135/conv110/batchnorm110/beta:0
v/cg/resnet_v146/conv142/conv2d/kernel:0
v/cg/resnet_v19/conv31/batchnorm31/beta:0
v/cg/resnet_v15/conv18/batchnorm18/moving_variance:0
v/cg/resnet_v10/conv3/batchnorm3/moving_variance:0
v/cg/resnet_v127/conv86/batchnorm86/moving_mean:0
v/cg/resnet_v111/conv36/batchnorm36/beta:0
v/cg/resnet_v15/conv18/batchnorm18/gamma:0
v/cg/resnet_v114/conv46/batchnorm46/beta:0
learning_rate/Cast_3:0
v/cg/resnet_v14/conv16/batchnorm16/beta:0
v/cg/resnet_v119/conv61/batchnorm61/beta:0
v/cg/resnet_v110/conv34/batchnorm34/gamma:0
v/cg/resnet_v117/conv55/batchnorm55/beta:0
v/cg/resnet_v144/conv138/batchnorm138/beta:0
v/cg/resnet_v128/conv90/batchnorm90/moving_mean:0
v/cg/resnet_v15/conv19/batchnorm19/moving_variance:0
v/cg/resnet_v11/conv5/conv2d/kernel:0
v/cg/resnet_v119/conv61/conv2d/kernel:0
v/cg/resnet_v111/conv39/batchnorm39/beta:0
v/cg/resnet_v115/conv51/batchnorm51/moving_mean:0
v/cg/resnet_v145/conv139/batchnorm139/moving_mean:0
v/cg/resnet_v147/conv147/batchnorm147/beta:0
v/cg/resnet_v128/conv88/batchnorm88/gamma:0
v/cg/resnet_v18/conv27/batchnorm27/moving_mean:0
v/cg/resnet_v114/conv46/batchnorm46/gamma:0
tower_0/v/mul/x:0
v/cg/resnet_v140/conv124/batchnorm124/moving_mean:0
v/cg/resnet_v16/conv23/batchnorm23/beta:0
v/cg/resnet_v10/conv4/batchnorm4/moving_mean:0
v/cg/resnet_v141/conv127/conv2d/kernel:0
v/cg/resnet_v112/conv42/batchnorm42/moving_mean:0
v/cg/resnet_v129/conv92/conv2d/kernel:0
v/cg/resnet_v111/conv37/batchnorm37/moving_variance:0
v/cg/resnet_v124/conv77/batchnorm77/gamma:0
v/cg/resnet_v126/conv83/batchnorm83/beta:0
v/cg/resnet_v133/conv104/batchnorm104/moving_variance:0
v/cg/resnet_v137/conv116/batchnorm116/gamma:0
v/cg/resnet_v118/conv60/batchnorm60/gamma:0
v/cg/resnet_v110/conv34/batchnorm34/moving_variance:0
v/cg/resnet_v121/conv67/batchnorm67/moving_mean:0
v/cg/resnet_v118/conv60/conv2d/kernel:0
v/cg/resnet_v131/conv99/batchnorm99/moving_variance:0
v/cg/resnet_v145/conv141/batchnorm141/moving_variance:0
tower_0/v/xentropy/sparse_softmax_cross_entropy_loss/num_present:0
v/cg/resnet_v16/conv21/batchnorm21/beta:0
v/cg/resnet_v16/conv21/conv2d/kernel:0
v/cg/resnet_v139/conv123/batchnorm123/moving_mean:0
v/cg/resnet_v140/conv124/batchnorm124/moving_variance:0
v/cg/resnet_v18/conv28/batchnorm28/beta:0
v/cg/resnet_v122/conv70/conv2d/kernel:0
v/cg/resnet_v138/conv120/batchnorm120/beta:0
v/cg/resnet_v14/conv16/batchnorm16/moving_variance:0
v/cg/resnet_v140/conv125/conv2d/kernel:0
v/cg/resnet_v11/conv5/batchnorm5/gamma:0
v/cg/resnet_v139/conv121/batchnorm121/gamma:0
v/cg/resnet_v132/conv101/batchnorm101/beta:0
v/cg/resnet_v17/conv26/batchnorm26/moving_variance:0
v/cg/resnet_v134/conv108/batchnorm108/gamma:0
v/cg/resnet_v124/conv76/conv2d/kernel:0
v/cg/resnet_v112/conv41/batchnorm41/beta:0
v/cg/resnet_v110/conv35/batchnorm35/moving_variance:0
v/cg/resnet_v143/conv134/batchnorm134/gamma:0
v/cg/resnet_v117/conv56/batchnorm56/moving_variance:0
v/cg/resnet_v145/conv140/batchnorm140/moving_variance:0
learning_rate/Cast_2:0
v/cg/resnet_v145/conv141/batchnorm141/moving_mean:0
v/cg/resnet_v110/conv33/conv2d/kernel:0
learning_rate/Const_8:0
v/cg/resnet_v127/conv87/batchnorm87/gamma:0
v/cg/resnet_v10/conv4/batchnorm4/moving_variance:0
v/cg/resnet_v138/conv120/conv2d/kernel:0
v/cg/resnet_v17/conv26/conv2d/kernel:0
v/cg/resnet_v121/conv68/batchnorm68/beta:0
v/cg/resnet_v139/conv123/batchnorm123/moving_variance:0
v/cg/resnet_v114/conv46/batchnorm46/moving_variance:0
v/cg/resnet_v12/conv9/batchnorm9/beta:0
v/cg/resnet_v113/conv45/batchnorm45/beta:0
v/cg/resnet_v132/conv101/batchnorm101/gamma:0
v/cg/resnet_v119/conv62/batchnorm62/moving_mean:0
v/cg/resnet_v145/conv140/conv2d/kernel:0
v/cg/resnet_v16/conv22/batchnorm22/gamma:0
v/cg/resnet_v19/conv30/batchnorm30/beta:0
v/cg/resnet_v144/conv136/batchnorm136/moving_variance:0
v/cg/resnet_v148/conv149/batchnorm149/beta:0
v/cg/resnet_v15/conv20/batchnorm20/beta:0
v/cg/resnet_v125/conv79/batchnorm79/gamma:0
v/cg/resnet_v127/conv85/batchnorm85/beta:0
v/cg/resnet_v111/conv36/batchnorm36/moving_variance:0
v/cg/resnet_v123/conv75/batchnorm75/beta:0
v/cg/resnet_v11/conv7/conv2d/kernel:0
v/cg/resnet_v111/conv37/batchnorm37/moving_mean:0
v/cg/resnet_v138/conv118/batchnorm118/moving_variance:0
v/cg/resnet_v122/conv70/batchnorm70/gamma:0
tower_0/v/gpu_cached_inputs:0
v/cg/resnet_v13/conv11/conv2d/kernel:0
v/cg/resnet_v119/conv62/batchnorm62/moving_variance:0
v/cg/resnet_v128/conv88/batchnorm88/beta:0
v/cg/resnet_v18/conv29/batchnorm29/moving_mean:0
v/cg/resnet_v131/conv97/batchnorm97/moving_mean:0
v/cg/resnet_v13/conv12/batchnorm12/gamma:0
v/cg/resnet_v113/conv43/batchnorm43/moving_mean:0
v/cg/resnet_v14/conv15/batchnorm15/moving_mean:0
v/cg/resnet_v126/conv84/conv2d/kernel:0
learning_rate/Const_5:0
v/cg/resnet_v147/conv146/conv2d/kernel:0
v/cg/resnet_v132/conv100/batchnorm100/beta:0
v/cg/resnet_v141/conv129/batchnorm129/moving_mean:0
v/cg/affine0/weights:0
v/cg/resnet_v124/conv77/batchnorm77/moving_variance:0
v/cg/resnet_v147/conv148/batchnorm148/gamma:0
v/cg/resnet_v136/conv112/batchnorm112/moving_mean:0
v/cg/resnet_v147/conv147/batchnorm147/moving_variance:0
v/cg/resnet_v129/conv91/batchnorm91/gamma:0
v/cg/resnet_v131/conv99/conv2d/kernel:0
v/cg/resnet_v143/conv135/batchnorm135/moving_variance:0
v/cg/resnet_v11/conv5/batchnorm5/moving_variance:0
v/cg/resnet_v137/conv116/conv2d/kernel:0
v/cg/resnet_v141/conv128/batchnorm128/gamma:0
v/cg/resnet_v18/conv27/batchnorm27/moving_variance:0
v/cg/resnet_v140/conv126/batchnorm126/moving_mean:0
v/cg/resnet_v128/conv89/conv2d/kernel:0
v/cg/resnet_v141/conv129/batchnorm129/gamma:0
v/cg/resnet_v14/conv17/batchnorm17/beta:0
v/cg/resnet_v144/conv136/conv2d/kernel:0
v/cg/resnet_v126/conv84/batchnorm84/beta:0
v/cg/resnet_v122/conv70/batchnorm70/beta:0
v/cg/resnet_v141/conv128/batchnorm128/beta:0
v/cg/resnet_v12/conv10/batchnorm10/beta:0
v/cg/resnet_v116/conv54/batchnorm54/beta:0
v/cg/resnet_v14/conv16/conv2d/kernel:0
v/cg/resnet_v120/conv64/conv2d/kernel:0
v/cg/resnet_v114/conv47/batchnorm47/moving_variance:0
v/cg/resnet_v136/conv114/batchnorm114/moving_variance:0
v/cg/resnet_v114/conv47/batchnorm47/beta:0
v/cg/resnet_v135/conv110/batchnorm110/moving_variance:0
v/cg/resnet_v110/conv33/batchnorm33/gamma:0
v/cg/resnet_v129/conv93/batchnorm93/moving_mean:0
v/cg/resnet_v19/conv32/conv2d/kernel:0
v/cg/resnet_v130/conv94/batchnorm94/beta:0
v/cg/resnet_v142/conv132/batchnorm132/gamma:0
v/cg/resnet_v16/conv23/batchnorm23/moving_mean:0
v/cg/resnet_v13/conv14/conv2d/kernel:0
v/cg/resnet_v117/conv56/batchnorm56/beta:0
v/cg/resnet_v149/conv154/conv2d/kernel:0
v/cg/resnet_v110/conv34/batchnorm34/moving_mean:0
v/cg/resnet_v142/conv132/batchnorm132/beta:0
v/cg/resnet_v123/conv74/batchnorm74/gamma:0
v/cg/resnet_v149/conv152/batchnorm152/beta:0
v/cg/resnet_v124/conv78/batchnorm78/gamma:0
v/cg/resnet_v134/conv107/batchnorm107/moving_mean:0
v/cg/resnet_v12/conv8/batchnorm8/moving_variance:0
v/cg/resnet_v147/conv148/batchnorm148/moving_variance:0
v/cg/resnet_v134/conv108/batchnorm108/moving_variance:0
v/cg/resnet_v10/conv4/batchnorm4/beta:0
v/cg/resnet_v17/conv24/batchnorm24/moving_variance:0
v/cg/resnet_v10/conv2/batchnorm2/beta:0
v/cg/resnet_v18/conv29/batchnorm29/moving_variance:0
v/cg/resnet_v141/conv129/batchnorm129/moving_variance:0
v/cg/resnet_v119/conv63/batchnorm63/gamma:0
v/cg/resnet_v118/conv59/batchnorm59/moving_variance:0
v/cg/resnet_v144/conv137/batchnorm137/beta:0
v/cg/resnet_v120/conv64/batchnorm64/beta:0
v/cg/resnet_v124/conv76/batchnorm76/moving_mean:0
v/cg/resnet_v17/conv24/batchnorm24/moving_mean:0
v/cg/resnet_v12/conv9/batchnorm9/moving_mean:0
v/cg/resnet_v139/conv123/batchnorm123/beta:0
v/cg/resnet_v142/conv132/batchnorm132/moving_variance:0
v/cg/resnet_v10/conv1/batchnorm1/moving_variance:0
v/cg/resnet_v18/conv28/batchnorm28/moving_mean:0
v/cg/conv0/batchnorm0/beta:0
v/cg/resnet_v130/conv94/conv2d/kernel:0
v/cg/resnet_v134/conv107/batchnorm107/moving_variance:0
v/cg/resnet_v117/conv55/conv2d/kernel:0
v/cg/resnet_v146/conv143/batchnorm143/moving_mean:0
v/cg/resnet_v15/conv19/batchnorm19/beta:0
v/cg/resnet_v131/conv97/batchnorm97/gamma:0
v/cg/resnet_v135/conv111/conv2d/kernel:0
v/cg/resnet_v144/conv136/batchnorm136/beta:0
v/cg/resnet_v130/conv96/batchnorm96/gamma:0
v/cg/resnet_v116/conv52/batchnorm52/moving_mean:0
v/cg/resnet_v14/conv15/batchnorm15/beta:0
v/cg/resnet_v148/conv150/batchnorm150/moving_variance:0
v/cg/resnet_v138/conv118/conv2d/kernel:0
v/cg/resnet_v125/conv79/batchnorm79/moving_mean:0
