0.0087890625
0.000244140625
0.000244140625
0.000244140625
0.000244140625
0.000244140625
0.000244140625
0.000244140625
0.000244140625
0.000244140625
0.000244140625
0.000244140625
0.000244140625
0.000244140625
0.000244140625
0.000244140625
0.000244140625
0.000244140625
0.000244140625
0.000244140625
0.000244140625
0.000244140625
0.000244140625
0.000244140625
0.000244140625
0.000244140625
0.0087890625
0.000244140625
0.000244140625
0.000244140625
0.000244140625
0.000244140625
0.000244140625
0.000244140625
0.000244140625
0.0087890625
0.000244140625
0.0087890625
0.000244140625
0.000244140625
0.000244140625
0.0087890625
0.000244140625
0.000244140625
0.000244140625
0.000244140625
0.000244140625
0.000244140625
0.000244140625
0.0087890625
0.000244140625
0.000244140625
0.000244140625
0.000244140625
0.000244140625
0.000244140625
0.000244140625
0.000244140625
0.000244140625
0.000244140625
0.000244140625
0.000244140625
0.000244140625
0.0087890625
0.0087890625
0.0087890625
0.000244140625
0.000244140625
0.000244140625
0.000244140625
0.000244140625
0.000244140625
0.0087890625
0.0087890625
0.0087890625
0.000244140625
0.000244140625
0.000244140625
0.000244140625
0.000244140625
0.0087890625
0.0087890625
0.000244140625
0.0087890625
0.000244140625
0.0087890625
0.000244140625
0.0087890625
0.000244140625
0.0087890625
0.0087890625
0.000244140625
0.0087890625
0.0087890625
0.130615234375
0.158935546875
59.6171875
0.050048828125
777.19921875
0.042236328125
0.053955078125
0.053955078125
0.030517578125
72.58984375
114.9609375
138.26953125
0.053955078125
0.069580078125
0.069580078125
0.069580078125
72.58984375
114.9609375
138.26953125
0.077392578125
0.059814453125
0.077392578125
0.077392578125
72.58984375
114.9609375
138.26953125
3.798583984375
0.077392578125
114.9609375
0.3193359375
0.564208984375
0.376708984375
0.376708984375
0.564208984375
38.68798828125
38.68798828125
49.00048828125
38.68798828125
38.68798828125
49.00048828125
0.564208984375
0.470458984375
0.470458984375
0.564208984375
49.16064453125
49.16064453125
54.47705078125
49.16064453125
49.16064453125
54.47705078125
0.470458984375
0.564208984375
0.470458984375
0.564208984375
49.16064453125
49.16064453125
49.16064453125
54.47705078125
49.16064453125
54.47705078125
0.564208984375
0.564208984375
0.564208984375
0.564208984375
59.95361328125
59.95361328125
59.95361328125
59.95361328125
59.95361328125
59.95361328125
0.564208984375
0.564208984375
2.10986328125
59.95361328125
59.95361328125
1.26611328125
1.87548828125
2.18798828125
1.56298828125
0.93798828125
1.68798828125
1.68798828125
58.78125
1.68798828125
1.68798828125
3.00048828125
3.50048828125
2.50048828125
1.50048828125
1.68798828125
1.68798828125
58.78125
1.68798828125
1.68798828125
0.000244140625
32.5
35.0
2.50244140625
9.5078125
3.31494140625
9.3251953125
1.68994140625
7.68896484375
3.316162109375
9.317626953125
1.68994140625
33.5029296875
1.50244140625
36.188232421875
3.00244140625
65.78125
60.6953125
36.188232421875
5.9091796875
21.69189453125
1.68994140625
9.508056640625
1.6923828125
7.69140625
3.00390625
9.00634765625
1.69091796875
7.69091796875
1.81640625
21.50341796875
1.81640625
51.0
41.39404296875
3.50439453125
70.78173828125
60.6953125
34.389404296875
3.940673828125
16.546875
3.378173828125
15.046875
1.69091796875
54.75390625
0.94140625
74.20361328125
1.69189453125
97.241455078125
1.69140625
54.75390625
0.56640625
74.017578125
1.69140625
74.20361328125
1.69189453125
54.75390625
0.56640625
54.75390625
0.56640625
108.375
73.50048828125
0.98876953125
73.5009765625
1.50390625
54.75390625
0.56640625
109.3623046875
0.98876953125
73.50048828125
0.98876953125
54.75390625
0.56640625
54.75390625
0.56640625
68.72021484375
1.50390625
69.234375
0.82421875
54.75390625
0.56640625
108.375
104.6826171875
0.82421875
103.090087890625
0.98828125
72.8193359375
0.56640625
64.574951171875
0.6875
60.44970703125
0.6875
54.66015625
0.56640625
54.75390625
0.56640625
68.5576171875
0.82421875
68.5546875
0.98828125
54.75390625
0.56640625
119.6640625
90.99609375
0.6875
90.99609375
0.6875
72.72412109375
0.47265625
68.41796875
0.6875
63.76806640625
0.6875
54.66015625
0.47265625
54.75390625
0.565673828125
68.41796875
0.6875
68.41796875
0.6875
54.75390625
0.56640625
121.921875
57.74853515625
0.46875
53.23291015625
0.5625
54.66015625
0.47265625
50.142333984375
0.5625
61.261962890625
0.46875
54.56640625
0.44140625
92.90625
3.80029296875
52.136962890625
0.44140625
20.11376953125
115.125
86.21240234375
0.07421875
86.21240234375
0.07421875
100.863525390625
86.5703125
176.671875
138.421875
86.21240234375
0.07421875
215.3330078125
90.98095703125
0.056640625
34.827880859375
167.855712890625
86.21240234375
0.07421875
76.63427734375
0.06689453125
96.140625
77.00830078125
176.68017578125
138.421875
76.63427734375
0.06689453125
162.6962890625
134.0615234375
0.049560546875
34.46875
114.9609375
90.994140625
0.065185546875
57.47802734375
0.049560546875
95.48046875
76.48046875
186.3671875
138.515625
57.455078125
0.026123046875
148.33984375
90.96240234375
0.037841796875
24.82080078125
114.97265625
57.47802734375
0.049560546875
341.07421875
777.234375
124.95263671875
0.0224609375
230.345458984375
0.080810546875
173.609619140625
0.045654296875
0.00341796875
