0.001708984375
0.000732421875
0.46875
0.00146484375
0.001708984375
0.000732421875
0.000732421875
0.000732421875
0.000732421875
0.000732421875
0.5625
0.000732421875
0.000732421875
0.984375
0.984375
0.000732421875
0.000732421875
0.68359375
0.000732421875
0.000732421875
0.000732421875
0.000732421875
0.000732421875
0.8203125
0.000732421875
0.5625
0.001220703125
0.000732421875
0.000732421875
0.000732421875
0.000732421875
0.000732421875
0.984375
0.000732421875
0.000732421875
0.000732421875
0.000732421875
0.5625
0.000732421875
0.000732421875
0.984375
0.000732421875
0.5625
0.000732421875
0.000732421875
0.5625
0.000732421875
0.00146484375
1.6875
0.984375
0.00146484375
0.000732421875
0.000732421875
0.984375
1.5625
0.000732421875
0.000732421875
0.000732421875
0.000732421875
2.109375
0.000732421875
0.000732421875
0.001220703125
0.000732421875
0.001708984375
0.000732421875
0.000732421875
0.000732421875
0.000732421875
0.001220703125
0.000732421875
0.000732421875
0.001220703125
0.00146484375
0.00146484375
0.001708984375
0.00146484375
0.000732421875
0.000732421875
0.000732421875
0.001220703125
0.984375
0.000732421875
0.001220703125
0.00146484375
0.00146484375
0.001708984375
0.984375
0.000732421875
0.5625
0.000732421875
0.001708984375
161.652099609375
0.000244140625
0.00146484375
0.000244140625
0.046875
0.03515625
0.000244140625
0.000244140625
0.00048828125
0.000244140625
0.2109375
0.00048828125
0.000244140625
0.000244140625
0.000244140625
0.00048828125
0.0703125
0.000244140625
0.00048828125
0.000732421875
0.000244140625
0.00048828125
0.00048828125
0.052734375
0.000244140625
0.4375
0.000244140625
0.000244140625
0.000244140625
0.00048828125
0.00048828125
0.000244140625
0.000244140625
0.000244140625
0.000244140625
0.00390625
0.00048828125
0.000244140625
0.000244140625
0.01953125
0.52734375
0.000732421875
0.000244140625
0.000244140625
0.31640625
0.000244140625
0.000244140625
0.0703125
0.00146484375
0.000732421875
0.000244140625
0.000244140625
0.00048828125
0.0625
0.000244140625
0.00146484375
0.000244140625
0.00048828125
0.000732421875
1.5
0.000732421875
7.8203125
0.00048828125
0.000244140625
1.6875
0.00146484375
0.000732421875
0.000244140625
0.000244140625
0.00341796875
0.000244140625
0.000244140625
0.00048828125
0.000732421875
0.000244140625
0.2109375
0.046875
0.00048828125
0.00048828125
0.000244140625
0.00146484375
0.03515625
0.000244140625
0.00048828125
3.796875
0.000732421875
0.00048828125
0.000732421875
0.00048828125
0.0234375
0.046875
0.000244140625
0.000244140625
0.000244140625
0.00048828125
0.00048828125
0.00048828125
0.00048828125
0.00048828125
0.000244140625
0.000244140625
0.0625
0.00048828125
1.6875
0.00146484375
0.000244140625
0.00146484375
0.375
0.29296875
0.00048828125
0.00048828125
0.000732421875
0.000244140625
0.000244140625
0.31640625
0.000244140625
0.31640625
0.000244140625
0.00048828125
0.00048828125
0.65625
0.00048828125
0.00048828125
0.000732421875
0.000732421875
0.000244140625
0.000244140625
0.00048828125
0.000244140625
0.000244140625
0.00048828125
0.00146484375
0.00048828125
0.00048828125
0.000732421875
0.4375
0.00048828125
0.000732421875
0.000732421875
0.68359375
0.29296875
0.000244140625
0.00048828125
0.000244140625
0.0703125
0.00146484375
0.31640625
0.5625
0.00048828125
0.000732421875
0.00048828125
0.4375
0.5625
0.000732421875
0.000732421875
0.000244140625
0.2109375
0.00048828125
0.0703125
0.000244140625
0.000244140625
0.00048828125
0.00146484375
0.000732421875
0.00048828125
0.000732421875
0.00048828125
0.00048828125
0.000732421875
0.46875
0.000732421875
0.46875
0.000732421875
0.000244140625
0.5625
0.0625
0.000244140625
0.000244140625
0.000244140625
0.00048828125
0.0703125
0.00048828125
0.000732421875
0.4375
0.375
0.000732421875
0.00048828125
0.000732421875
0.000732421875
0.000732421875
0.000732421875
0.000732421875
0.000732421875
0.000732421875
1.265625
1.875
0.000244140625
0.29296875
0.000244140625
1.6875
0.000244140625
0.00048828125
0.00048828125
0.000732421875
0.000732421875
0.8203125
0.000732421875
0.68359375
0.000732421875
0.000732421875
0.001220703125
0.000732421875
0.2109375
1.6875
0.001708984375
0.00146484375
0.00146484375
2.5
0.00146484375
0.65625
0.5625
0.000732421875
0.000732421875
0.000732421875
0.000732421875
0.000732421875
0.000732421875
0.000732421875
0.000732421875
0.000732421875
0.000732421875
0.000732421875
0.00146484375
0.00146484375
5.90625
0.000732421875
0.000732421875
0.000732421875
0.000732421875
0.8203125
0.000732421875
0.000732421875
0.8203125
0.68359375
0.68359375
0.000732421875
0.000732421875
0.000732421875
0.00146484375
0.000732421875
0.68359375
0.000732421875
0.000732421875
0.00146484375
1.6875
5.90625
0.000732421875
0.000732421875
0.000732421875
0.000732421875
0.5625
0.000732421875
0.000732421875
0.000244140625
0.00146484375
0.00146484375
0.001220703125
1.6875
0.00146484375
0.00146484375
0.5625
0.000732421875
0.000732421875
0.000732421875
0.68359375
0.000732421875
0.00146484375
2.1875
0.00146484375
0.00146484375
0.001220703125
0.00146484375
0.00146484375
0.00146484375
0.000732421875
0.000732421875
0.000732421875
0.00146484375
0.9375
0.001220703125
0.00146484375
0.00146484375
0.00146484375
0.000732421875
0.68359375
0.46875
1.6875
3.0
3.5
0.000244140625
0.000732421875
0.000732421875
0.00146484375
