tower_0/v/cg/conv4/Relu	1602294579401882	2828
tower_0/v/gradients/tower_0/v/l2_loss/L2Loss_24_grad/mul	1602294579125388	46
ConstantFolding/tower_0/v/gradients/tower_0/v/cg/conv7/conv2d/Conv2D_grad/ShapeN-matshapes-1	-1	-1
tower_0/v/gradients/tower_0/v/l2_loss/L2Loss_18_grad/mul	1602294579125882	46
tower_0/v/gradients/tower_0/v/cg/conv12/conv2d/Conv2D_grad/Conv2DBackpropInput	1602294579687727	8206
tower_0/v/cg/dropout0_1/dropout/dropout/Cast	1602294579152854	18
tower_0/v/gradients/tower_0/v/cg/conv9/BiasAdd_grad/BiasAddGrad	1602294579747296	689
tower_0/v/cg/mpool4/MaxPool	1602294579657295	288
v/cg/conv2/biases/read	-1	-1
tower_0/v/gradients/tower_0/v/l2_loss/L2Loss_9_grad/mul	1602294579126466	4
tower_0/v/cg/conv9/Relu	1602294579626888	1405
append_apply_gradient_ops/GradientDescent/update_v/cg/conv3/conv2d/kernel/ApplyGradientDescent	1602294580777518	7
tower_0/v/cg/conv6/conv2d/Conv2D	1602294579444430	33214
tower_0/v/gradients/tower_0/v/cg/conv12/Relu_grad/ReluGrad	1602294579686872	503
tower_0/v/gradients/tower_0/v/l2_loss/L2Loss_8_grad/mul	1602294579125740	19
tower_0/v/l2_loss/L2Loss_26	1602294579126619	731
tower_0/v/l2_loss/L2Loss_2	1602294579125527	40
tower_0/v/cg/conv11/Relu	1602294579647640	350
tower_0/v/l2_loss/L2Loss_3	1602294579125191	4
tower_0/v/gradients/tower_0/v/l2_loss/L2Loss_28_grad/mul	1602294579126180	256
tower_0/v/gradients/tower_0/v/cg/conv5/Relu_grad/ReluGrad	1602294580281217	4314
tower_0/v/gradients/tower_0/v/cg/affine0/xw_plus_b/MatMul_grad/MatMul_1	1602294579675956	5418
append_apply_gradient_ops/GradientDescent/update_v/cg/conv2/biases/ApplyGradientDescent	1602294580797810	5
tower_0/v/l2_loss/L2Loss_15	1602294579125214	4
append_apply_gradient_ops/GradientDescent/update_v/cg/conv5/biases/ApplyGradientDescent	1602294580455308	8
tower_0/v/gradients/AddN_20	1602294580450962	7
append_apply_gradient_ops/GradientDescent/update_v/cg/conv12/biases/ApplyGradientDescent	1602294579706094	7
ConstantFolding/tower_0/v/gradients/tower_0/v/cg/conv9/conv2d/Conv2D_grad/ShapeN-matshapes-0	-1	-1
tower_0/v/add	1602294579666733	6
append_apply_gradient_ops/GradientDescent/update_v/cg/conv5/conv2d/kernel/ApplyGradientDescent	1602294580455284	23
v/cg/conv3/biases	-1	-1
tower_0/v/gradients/tower_0/v/cg/affine1/affine1_grad/ReluGrad	1602294579666883	29
tower_0/v/cg/conv1/Relu	1602294579248037	11415
tower_0/v/gradients/tower_0/v/l2_loss/L2Loss_10_grad/mul	1602294579125028	8
tower_0/v/gradients/tower_0/v/cg/dropout0/dropout/dropout/mul_1_grad/Mul	1602294579669052	24
tower_0/v/cg/Reshape	-1	-1
tower_0/v/gradients/tower_0/v/cg/affine0/affine0_grad/ReluGrad	1602294579669887	31
tower_0/v/l2_loss/L2Loss_18	1602294579125809	43
tower_0/v/l2_loss/L2Loss_14	1602294579125075	23
append_apply_gradient_ops/GradientDescent/update_v/cg/conv10/biases/ApplyGradientDescent	1602294579745114	7
tower_0/v/gradients/AddN_23	1602294580510668	20
tower_0/v/gradients/tower_0/v/l2_loss/L2Loss_grad/mul	1602294579125005	4
v/cg/affine0/weights	-1	-1
v/cg/conv1/conv2d/kernel	-1	-1
main_fetch_group	-1	-1
ConstantFolding/tower_0/v/gradients/tower_0/v/cg/conv4/conv2d/Conv2D_grad/ShapeN-matshapes-1	-1	-1
v/cg/affine0/biases	-1	-1
ConstantFolding/tower_0/v/gradients/tower_0/v/cg/conv4/conv2d/Conv2D_grad/ShapeN-matshapes-0	-1	-1
v/cg/conv7/biases/read	-1	-1
ConstantFolding/tower_0/v/gradients/tower_0/v/cg/conv12/conv2d/Conv2D_grad/ShapeN-matshapes-1	-1	-1
tower_0/v/gradients/tower_0/v/cg/conv7/conv2d/Conv2D_grad/Conv2DBackpropFilter	1602294580088061	17000
v/cg/affine1/weights	-1	-1
tower_0/v/gradients/tower_0/v/xentropy/sparse_softmax_cross_entropy_loss/xentropy/xentropy_grad/mul	1602294579665894	9
tower_0/v/gradients/AddN_30	1602294581085381	4
ConstantFolding/average_loss/Mean/input_const_axis	-1	-1
v/cg/conv6/biases/read	-1	-1
v/cg/conv4/biases/read	-1	-1
tower_0/v/gradients/tower_0/v/cg/conv1/Relu_grad/ReluGrad	1602294580797816	18156
ConstantFolding/tower_0/v/gradients/tower_0/v/cg/conv9/conv2d/Conv2D_grad/ShapeN-matshapes-1	-1	-1
tower_0/v/gradients/tower_0/v/cg/conv2/conv2d/Conv2D_grad/Conv2DBackpropInput	1602294580688816	28202
append_apply_gradient_ops/GradientDescent/update_v/cg/conv1/biases/ApplyGradientDescent	1602294581057845	4
append_apply_gradient_ops/GradientDescent/update_v/cg/affine0/weights/ApplyGradientDescent	1602294579684570	2298
append_apply_gradient_ops/GradientDescent/update_v/cg/conv8/conv2d/kernel/ApplyGradientDescent	1602294580105064	57
tower_0/v/gradients/tower_0/v/cg/conv11/Relu_grad/ReluGrad	1602294579705526	502
tower_0/v/gradients/tower_0/v/cg/conv10/Relu_grad/ReluGrad	1602294579724257	503
tower_0/v/gradients/tower_0/v/cg/conv11/BiasAdd_grad/BiasAddGrad	1602294579706111	337
tower_0/v/transpose	1602294579123577	1295
ConstantFolding/tower_0/v/gradients/tower_0/v/cg/conv10/conv2d/Conv2D_grad/ShapeN-matshapes-1	-1	-1
ConstantFolding/tower_0/v/gradients/tower_0/v/cg/conv0/conv2d/Conv2D_grad/ShapeN-matshapes-1	-1	-1
tower_0/v/gradients/tower_0/v/cg/dropout0_1/dropout/dropout/mul_1_grad/Mul	1602294579666608	21
append_apply_gradient_ops/GradientDescent/update_v/cg/conv0/conv2d/kernel/ApplyGradientDescent	1602294581085399	5
tower_0/v/xentropy/sparse_softmax_cross_entropy_loss/xentropy/xentropy	1602294579665676	215
tower_0/v/cg/dropout0/dropout/dropout/rate	-1	-1
ConstantFolding/tower_0/v/gradients/tower_0/v/cg/conv10/conv2d/Conv2D_grad/ShapeN-matshapes-0	-1	-1
v/cg/conv7/conv2d/kernel	-1	-1
tower_0/v/gradients/AddN_5	1602294579681387	2304
tower_0/v/gradients/tower_0/v/cg/conv6/Relu_grad/ReluGrad	1602294580111843	4314
v/cg/conv10/biases	-1	-1
v/cg/conv7/biases	-1	-1
tower_0/v/gradients/tower_0/v/cg/conv2/conv2d/Conv2D_grad/Conv2DBackpropFilter	1602294580717021	60495
tower_0/v/gradients/tower_0/v/cg/Reshape_grad/Shape	-1	-1
append_apply_gradient_ops/GradientDescent/update_v/cg/conv4/biases/ApplyGradientDescent	1602294580510690	6
tower_0/v/cg/conv3/Relu	1602294579368735	5674
tower_0/v/gradients/tower_0/v/cg/conv5/BiasAdd_grad/BiasAddGrad	1602294580390666	1239
tower_0/v/gradients/tower_0/v/cg/mpool4/MaxPool_grad/MaxPoolGrad	1602294579683705	862
tower_0/v/cg/affine1/xw_plus_b/MatMul	1602294579664006	1143
tower_0/v/gradients/tower_0/v/cg/affine2/xw_plus_b/MatMul_grad/MatMul	1602294579665946	372
v/cg/conv9/biases	-1	-1
tower_0/v/l2_loss/L2Loss_29	1602294579126471	10
tower_0/v/l2_loss/L2Loss_17	1602294579125247	4
tower_0/v/gradients/AddN_17	1602294580111795	36
v/cg/conv4/conv2d/kernel	-1	-1
v/cg/conv12/biases/read	-1	-1
tower_0/v/vgg16_synthetic_labels/max	-1	-1
tower_0/v/cg/affine2/xw_plus_b/MatMul	1602294579665221	438
tower_0/v/gradients/tower_0/v/cg/conv3/conv2d/Conv2D_grad/Conv2DBackpropFilter	1602294580569632	107785
tower_0/v/cg/Reshape/shape	-1	-1
tower_0/v/cg/conv4/conv2d/Conv2D	1602294579378538	19662
tower_0/v/cg/conv8/Relu	1602294579565702	1402
v/cg/conv10/biases/read	-1	-1
tower_0/v/cg/conv11/BiasAdd	1602294579647177	460
tower_0/v/gradients/tower_0/v/cg/conv10/BiasAdd_grad/BiasAddGrad	1602294579724840	334
ConstantFolding/tower_0/v/gradients/tower_0/v/cg/conv12/conv2d/Conv2D_grad/ShapeN-matshapes-0	-1	-1
append_apply_gradient_ops/GradientDescent/update_v/cg/affine2/weights/ApplyGradientDescent	1602294579666784	97
tower_0/v/cg/dropout0/dropout/dropout/Cast	1602294579152829	22
tower_0/v/l2_loss/L2Loss_13	1602294579124986	4
tower_0/v/cg/conv5/Relu	1602294579441603	2823
tower_0/v/l2_loss/L2Loss_7	1602294579125202	4
tower_0/v/gpu_cached_inputs	-1	-1
tower_0/v/gradients/tower_0/v/l2_loss/L2Loss_30_grad/mul	1602294579123502	73
v/cg/conv0/biases/read	-1	-1
tower_0/v/gradients/AddN_26	1602294580777526	4
tower_0/v/gradients/AddN_14	1602294580069170	7
tower_0/v/xentropy/sparse_softmax_cross_entropy_loss/Sum	1602294579665907	6
v/cg/conv5/conv2d/kernel/read	-1	-1
tower_0/v/l2_loss/L2Loss_30	1602294579123433	56
tower_0/v/gradients/tower_0/v/cg/conv5/conv2d/Conv2D_grad/Conv2DBackpropFilter	1602294580285574	105083
tower_0/v/l2_loss/L2Loss_11	1602294579125236	4
append_apply_gradient_ops/GradientDescent/update_v/cg/conv12/conv2d/kernel/ApplyGradientDescent	1602294579724187	57
ConstantFolding/tower_0/v/gradients/tower_0/v/cg/conv7/conv2d/Conv2D_grad/ShapeN-matshapes-0	-1	-1
v/cg/affine2/weights/read	-1	-1
v/cg/conv1/conv2d/kernel/read	-1	-1
main_fetch_group/_70	-1	-1
append_apply_gradient_ops/GradientDescent/update_v/cg/conv7/biases/ApplyGradientDescent	1602294580111833	7
append_apply_gradient_ops/GradientDescent/update_v/cg/affine1/biases/ApplyGradientDescent	1602294579669463	8
append_apply_gradient_ops/GradientDescent	-1	-1
tower_0/v/gradients/AddN_6	1602294579705516	6
ConstantFolding/tower_0/v/gradients/tower_0/v/cg/conv8/conv2d/Conv2D_grad/ShapeN-matshapes-0	-1	-1
tower_0/v/gradients/AddN_4	1602294579681377	7
tower_0/v/cg/conv0/conv2d/Conv2D	1602294579128955	8841
v/cg/conv2/biases	-1	-1
tower_0/v/gradients/tower_0/v/cg/conv9/conv2d/Conv2D_grad/Conv2DBackpropFilter	1602294579806019	101734
v/cg/conv4/conv2d/kernel/read	-1	-1
tower_0/v/l2_loss/L2Loss_31	1602294579125437	19
tower_0/v/cg/affine0/xw_plus_b/MatMul	1602294579657598	6327
v/cg/conv12/conv2d/kernel/read	-1	-1
tower_0/v/gradients/tower_0/v/l2_loss/L2Loss_27_grad/mul	1602294579123373	17
append_apply_gradient_ops/GradientDescent/update_v/cg/conv6/biases/ApplyGradientDescent	1602294580285559	7
tower_0/v/cg/conv3/BiasAdd	1602294579361332	7400
tower_0/v/xentropy/sparse_softmax_cross_entropy_loss/Mul	-1	-1
append_apply_gradient_ops/GradientDescent/update_v/cg/conv3/biases/ApplyGradientDescent	1602294580686361	7
v/cg/conv3/conv2d/kernel/read	-1	-1
tower_0/v/cg/conv9/BiasAdd	1602294579625065	1820
tower_0/v/gradients/tower_0/v/cg/conv2/Relu_grad/ReluGrad	1602294580677431	8912
tower_0/v/gradients/tower_0/v/l2_loss/L2Loss_12_grad/mul	1602294579124905	8
tower_0/v/gradients/tower_0/v/l2_loss/L2Loss_11_grad/mul	1602294579125242	4
append_apply_gradient_ops/GradientDescent/update_v/cg/affine0/biases/ApplyGradientDescent	1602294579683695	7
v/cg/conv7/conv2d/kernel/read	-1	-1
tower_0/v/cg/mpool3/MaxPool	1602294579628296	1086
tower_0/v/gradients/AddN_2	1602294579669042	7
tower_0/v/l2_loss/L2Loss_23	1602294579125225	4
tower_0/v/cg/dropout0_1/dropout/dropout/mul	1602294579164341	21
tower_0/v/cg/conv1/BiasAdd	1602294579233094	14940
v/cg/conv10/conv2d/kernel	-1	-1
tower_0/v/gradients/tower_0/v/cg/affine1/xw_plus_b_grad/BiasAddGrad	1602294579666920	19
v/cg/affine2/biases	-1	-1
tower_0/v/gradients/tower_0/v/cg/conv8/BiasAdd_grad/BiasAddGrad	1602294579909945	688
tower_0/v/l2_loss/L2Loss_20	1602294579123184	51
average_loss/Mean	-1	-1
tower_0/v/gradients/tower_0/v/l2_loss/L2Loss_16_grad/mul	1602294579124949	35
tower_0/v/l2_loss/L2Loss_1	1602294579125038	4
tower_0/v/l2_loss/AddN	1602294579137846	37
append_apply_gradient_ops/GradientDescent/update_v/cg/conv2/conv2d/kernel/ApplyGradientDescent	1602294580815974	7
tower_0/v/cg/affine1/affine1	1602294579665179	9
tower_0/v/cg/conv2/BiasAdd	1602294579300572	7412
ConstantFolding/tower_0/v/gradients/tower_0/v/cg/conv1/conv2d/Conv2D_grad/ShapeN-matshapes-0	-1	-1
ConstantFolding/tower_0/v/gradients/tower_0/v/cg/conv11/conv2d/Conv2D_grad/ShapeN-matshapes-1	-1	-1
tower_0/v/gradients/tower_0/v/cg/conv1/conv2d/Conv2D_grad/Conv2DBackpropInput	1602294580820751	68687
v/cg/conv6/conv2d/kernel	-1	-1
v/cg/conv3/biases/read	-1	-1
tower_0/v/vgg16_synthetic_labels	1602294579122769	48
tower_0/v/gradients/tower_0/v/cg/conv4/BiasAdd_grad/BiasAddGrad	1602294580455322	1241
tower_0/v/gradients/AddN_12	1602294579907756	6
tower_0/v/gradients/tower_0/v/cg/dropout0/dropout/dropout/mul_grad/Mul	1602294579669474	31
tower_0/v/vgg16_synthetic_labels/min	-1	-1
tower_0/v/xentropy/sparse_softmax_cross_entropy_loss/num_present	-1	-1
tower_0/v/cg/mpool2/MaxPool	1602294579484150	2053
ConstantFolding/tower_0/v/gradients/tower_0/v/cg/conv5/conv2d/Conv2D_grad/ShapeN-matshapes-1	-1	-1
append_apply_gradient_ops/GradientDescent/update_v/cg/conv10/conv2d/kernel/ApplyGradientDescent	1602294579747223	60
tower_0/v/cg/conv10/Relu	1602294579638350	350
ConstantFolding/tower_0/v/gradients/tower_0/v/cg/conv3/conv2d/Conv2D_grad/ShapeN-matshapes-0	-1	-1
v/cg/conv6/conv2d/kernel/read	-1	-1
tower_0/v/gradients/AddN	1602294579666598	7
tower_0/v/gradients/tower_0/v/cg/conv9/conv2d/Conv2D_grad/Conv2DBackpropInput	1602294579747988	58020
tower_0/v/gradients/tower_0/v/l2_loss/L2Loss_6_grad/mul	1602294579125069	5
average_loss/Mean/_74	1602294579669463	10
tower_0/v/gradients/tower_0/v/cg/conv12/conv2d/Conv2D_grad/Conv2DBackpropFilter	1602294579695937	9577
v/cg/conv11/biases/read	-1	-1
tower_0/v/l2_loss/L2Loss_21	1602294579126489	5
v/cg/conv3/conv2d/kernel	-1	-1
learning_rate_tensor/input	-1	-1
tower_0/v/gradients/tower_0/v/cg/conv5/conv2d/Conv2D_grad/Conv2DBackpropInput	1602294580391908	59006
tower_0/v/cg/dropout0/dropout/dropout/truediv	-1	-1
v/cg/conv8/conv2d/kernel/read	-1	-1
v/cg/affine2/biases/read	-1	-1
tower_0/v/cg/dropout0_1/dropout/dropout/GreaterEqual	1602294579137824	20
tower_0/v/gpu_cached_inputs/read	-1	-1
tower_0/v/gradients/tower_0/v/l2_loss/L2Loss_14_grad/mul	1602294579125099	19
v/cg/conv2/conv2d/kernel/read	-1	-1
tower_0/v/gradients/AddN_8	1602294579724246	8
tower_0/v/gradients/tower_0/v/l2_loss/L2Loss_21_grad/mul	1602294579126495	4
v/cg/conv0/conv2d/kernel	-1	-1
ConstantFolding/tower_0/v/gradients/tower_0/v/cg/conv1/conv2d/Conv2D_grad/ShapeN-matshapes-1	-1	-1
tower_0/v/l2_loss/L2Loss_19	1602294579126519	17
tower_0/v/gradients/tower_0/v/cg/conv10/conv2d/Conv2D_grad/Conv2DBackpropInput	1602294579725179	8196
tower_0/v/l2_loss/L2Loss_10	1602294579125011	16
tower_0/v/cg/conv12/conv2d/Conv2D	1602294579647992	8480
tower_0/v/gradients/tower_0/v/cg/conv12/BiasAdd_grad/BiasAddGrad	1602294579687385	339
tower_0/v/l2_loss/L2Loss_9	1602294579126460	4
tower_0/v/gradients/tower_0/v/cg/conv4/conv2d/Conv2D_grad/Conv2DBackpropFilter	1602294580475336	24997
tower_0/v/gradients/tower_0/v/l2_loss/L2Loss_15_grad/mul	1602294579125219	4
v/cg/affine1/biases/read	-1	-1
v/cg/conv5/biases/read	-1	-1
ConstantFolding/tower_0/v/gradients/tower_0/v/cg/conv2/conv2d/Conv2D_grad/ShapeN-matshapes-1	-1	-1
append_apply_gradient_ops/GradientDescent/update_v/cg/conv9/conv2d/kernel/ApplyGradientDescent	1602294580069112	57
tower_0/v/gradients/AddN_22	1602294580500335	7
tower_0/v/cg/conv6/Relu	1602294579481323	2822
tower_0/v/gradients/AddN_29	1602294581057837	6
tower_0/v/gradients/tower_0/v/cg/conv0/Relu_grad/ReluGrad	1602294581039621	18215
tower_0/v/gradients/tower_0/v/l2_loss/L2Loss_19_grad/mul	1602294579126558	17
tower_0/v/cg/conv7/BiasAdd	1602294579502641	1823
tower_0/v/gradients/tower_0/v/l2_loss/L2Loss_23_grad/mul	1602294579125231	4
append_apply_gradient_ops/GradientDescent/update_v/cg/conv7/conv2d/kernel/ApplyGradientDescent	1602294580116161	35
v/cg/conv11/biases	-1	-1
tower_0/v/gradients/tower_0/v/cg/Reshape_grad/Reshape	-1	-1
tower_0/v/gradients/tower_0/v/cg/affine1/xw_plus_b/MatMul_grad/MatMul_1	1602294579668110	931
v/cg/affine1/weights/read	-1	-1
tower_0/v/gradients/AddN_18	1602294580281207	8
tower_0/v/cg/conv10/BiasAdd	1602294579637886	461
tower_0/v/cg/conv4/BiasAdd	1602294579398203	3676
v/cg/affine2/weights	-1	-1
gpu_compute_stage_ops_group	-1	-1
tower_0/v/cg/conv5/conv2d/Conv2D	1602294579404714	33207
tower_0/v/l2_loss/L2Loss_24	1602294579125315	44
tower_0/v/l2_loss/L2Loss_16	1602294579124915	33
tower_0/v/cg/conv0/Relu	1602294579152884	11430
tower_0/v/l2_loss/L2Loss_25	1602294579125930	21
v/cg/conv12/biases	-1	-1
tower_0/v/l2_loss/L2Loss_22	1602294579125120	32
tower_0/v/cg/dropout0/dropout/dropout/random_uniform/mul	-1	-1
tower_0/v/gradients/tower_0/v/cg/conv11/conv2d/Conv2D_grad/Conv2DBackpropInput	1602294579706452	8192
tower_0/v/gradients/tower_0/v/l2_loss/L2Loss_20_grad/mul	1602294579123275	49
tower_0/v/l2_loss/L2Loss_6	1602294579125049	19
tower_0/v/gradients/AddN_24	1602294580677420	8
tower_0/v/xentropy/sparse_softmax_cross_entropy_loss/value	1602294579666588	7
v/cg/affine0/weights/read	-1	-1
tower_0/v/gradients/tower_0/v/cg/mpool2/MaxPool_grad/MaxPoolGrad	1602294580105134	6658
append_apply_gradient_ops/GradientDescent/update_v/cg/conv11/conv2d/kernel/ApplyGradientDescent	1602294579742918	57
append_apply_gradient_ops/GradientDescent/update_v/cg/conv1/conv2d/kernel/ApplyGradientDescent	1602294581085374	6
tower_0/v/cg/conv12/BiasAdd	1602294579656476	463
tower_0/v/gradients/tower_0/v/l2_loss/L2Loss_13_grad/mul	1602294579124992	4
tower_0/v/gradients/tower_0/v/l2_loss/L2Loss_29_grad/mul	1602294579126483	4
tower_0/v/gradients/tower_0/v/cg/affine0/xw_plus_b/MatMul_grad/MatMul	1602294579669948	6006
tower_0/v/gradients/tower_0/v/l2_loss/L2Loss_3_grad/mul	1602294579125196	4
ConstantFolding/tower_0/v/gradients/tower_0/v/cg/conv2/conv2d/Conv2D_grad/ShapeN-matshapes-0	-1	-1
tower_0/v/gradients/AddN_7	1602294579706031	59
tower_0/v/cg/mpool1/MaxPool	1602294579374413	4124
tower_0/v/cg/conv8/conv2d/Conv2D	1602294579505877	57995
tower_0/v/gradients/tower_0/v/cg/conv6/BiasAdd_grad/BiasAddGrad	1602294580116204	1240
tower_0/v/gradients/tower_0/v/cg/conv7/conv2d/Conv2D_grad/Conv2DBackpropInput	1602294580072035	16023
append_apply_gradient_ops/GradientDescent/update_v/cg/conv0/biases/ApplyGradientDescent	1602294581085393	4
v/cg/conv1/biases	-1	-1
tower_0/v/cg/conv1/conv2d/Conv2D	1602294579164364	68728
tower_0/v/cg/dropout0/dropout/dropout/random_uniform/RandomUniform	1602294579122894	35
tower_0/v/cg/dropout0/dropout/dropout/Shape	-1	-1
tower_0/v/cg/affine1/xw_plus_b	1602294579665151	26
append_apply_gradient_ops/GradientDescent/update_v/cg/affine2/biases/ApplyGradientDescent	1602294579666744	7
ConstantFolding/tower_0/v/gradients/tower_0/v/cg/conv3/conv2d/Conv2D_grad/ShapeN-matshapes-1	-1	-1
v/cg/conv12/conv2d/kernel	-1	-1
tower_0/v/gradients/AddN_9	1602294579724763	58
tower_0/v/gradients/AddN_28	1602294581039615	4
tower_0/v/l2_loss/L2Loss_27	1602294579123329	23
tower_0/v/gradients/tower_0/v/cg/conv3/Relu_grad/ReluGrad	1602294580510700	8881
tower_0/v/gradients/tower_0/v/l2_loss/L2Loss_22_grad/mul	1602294579125154	35
tower_0/v/gradients/tower_0/v/cg/affine1/xw_plus_b/MatMul_grad/MatMul	1602294579666943	1164
tower_0/v/cg/conv2/Relu	1602294579307987	5680
tower_0/v/cg/conv0/BiasAdd	1602294579137887	14938
tower_0/v/gradients/AddN_11	1602294579745050	61
tower_0/v/gradients/AddN_15	1602294580071267	60
tower_0/v/cg/affine0/affine0	1602294579663956	15
_SOURCE	-1	-1
tower_0/v/gradients/tower_0/v/l2_loss/L2Loss_25_grad/mul	1602294579125975	18
tower_0/v/gradients/tower_0/v/cg/conv6/conv2d/Conv2D_grad/Conv2DBackpropInput	1602294580117449	58967
tower_0/v/vgg16_synthetic_labels/shape	-1	-1
tower_0/v/cg/dropout0_1/dropout/dropout/mul_1	1602294579665191	28
append_apply_gradient_ops/GradientDescent/update_v/cg/affine1/weights/ApplyGradientDescent	1602294579669508	377
tower_0/v/gradients/tower_0/v/cg/mpool3/MaxPool_grad/MaxPoolGrad	1602294579742986	2060
tower_0/v/cg/conv12/Relu	1602294579656943	350
tower_0/v/cg/dropout0_1/dropout/dropout/random_uniform/mul	-1	-1
tower_0/v/cg/affine2/xw_plus_b	1602294579665663	12
tower_0/v/gradients/tower_0/v/l2_loss/L2Loss_2_grad/mul	1602294579125594	22
tower_0/v/cg/conv7/Relu	1602294579504467	1405
v/cg/conv8/conv2d/kernel	-1	-1
tower_0/v/l2_loss/L2Loss_5	1602294579124876	4
tower_0/v/gradients/AddN_16	1602294580105123	7
tower_0/v/cg/conv3/conv2d/Conv2D	1602294579313670	47656
tower_0/v/gradients/tower_0/v/cg/affine2/xw_plus_b_grad/BiasAddGrad	1602294579665922	20
tower_0/v/gradients/tower_0/v/cg/conv4/conv2d/Conv2D_grad/Conv2DBackpropInput	1602294580456565	18767
ConstantFolding/tower_0/v/gradients/tower_0/v/cg/conv8/conv2d/Conv2D_grad/ShapeN-matshapes-1	-1	-1
v/cg/conv2/conv2d/kernel	-1	-1
tower_0/v/cg/conv9/conv2d/Conv2D	1602294579567105	57958
v/cg/conv8/biases/read	-1	-1
tower_0/v/gradients/AddN_10	1602294579742976	7
tower_0/v/gradients/AddN_13	1602294579909870	58
tower_0/v/cg/conv2/conv2d/Conv2D	1602294579267341	33230
v/cg/conv8/biases	-1	-1
tower_0/v/gradients/tower_0/v/xentropy/sparse_softmax_cross_entropy_loss/xentropy/xentropy_grad/ExpandDims	-1	-1
tower_0/v/gradients/tower_0/v/cg/conv3/conv2d/Conv2D_grad/Conv2DBackpropInput	1602294580522050	47572
v/cg/conv5/biases	-1	-1
tower_0/v/gradients/tower_0/v/cg/mpool1/MaxPool_grad/MaxPoolGrad	1602294580500345	10319
tower_0/v/gradients/tower_0/v/cg/conv2/BiasAdd_grad/BiasAddGrad	1602294580686378	2434
v/cg/conv9/conv2d/kernel/read	-1	-1
tower_0/v/cg/dropout0/dropout/dropout/mul	1602294579164317	23
tower_0/v/l2_loss/L2Loss_4	1602294579126438	14
tower_0/v/gradients/tower_0/v/l2_loss/L2Loss_17_grad/mul	1602294579125253	16
tower_0/v/gradients/tower_0/v/cg/conv1/conv2d/Conv2D_grad/Conv2DBackpropFilter	1602294580889440	150173
tower_0/v/cg/conv8/BiasAdd	1602294579563873	1825
tower_0/v/gradients/tower_0/v/cg/conv10/conv2d/Conv2D_grad/Conv2DBackpropFilter	1602294579733377	9538
tower_0/v/gradients/tower_0/v/cg/conv7/Relu_grad/ReluGrad	1602294580069180	2086
tower_0/v/cg/dropout0_1/dropout/dropout/random_uniform/RandomUniform	1602294579122950	32
tower_0/v/cg/dropout0/dropout/dropout/mul_1	1602294579663974	26
append_apply_gradient_ops/GradientDescent/update_v/cg/conv6/conv2d/kernel/ApplyGradientDescent	1602294580450916	19
tower_0/v/cg/conv11/conv2d/Conv2D	1602294579638703	8469
v/cg/conv4/biases	-1	-1
tower_0/v/l2_loss/L2Loss_28	1602294579126038	140
tower_0/v/gradients/tower_0/v/cg/affine0/xw_plus_b_grad/BiasAddGrad	1602294579669925	21
ConstantFolding/tower_0/v/gradients/tower_0/v/cg/conv11/conv2d/Conv2D_grad/ShapeN-matshapes-0	-1	-1
tower_0/v/gradients/AddN_1	1602294579666631	99
tower_0/v/gradients/AddN_21	1602294580450937	24
tower_0/v/gradients/tower_0/v/cg/conv3/BiasAdd_grad/BiasAddGrad	1602294580519608	2438
tower_0/v/gradients/tower_0/v/l2_loss/L2Loss_7_grad/mul	1602294579125208	4
tower_0/v/cg/dropout0/dropout/dropout/GreaterEqual	1602294579137800	21
tower_0/v/gradients/tower_0/v/cg/conv0/conv2d/Conv2D_grad/Conv2DBackpropFilter	1602294581062630	22742
ConstantFolding/tower_0/v/gradients/tower_0/v/cg/conv6/conv2d/Conv2D_grad/ShapeN-matshapes-0	-1	-1
tower_0/v/mul/x	-1	-1
v/cg/conv9/biases/read	-1	-1
append_apply_gradient_ops/GradientDescent/update_v/cg/conv8/biases/ApplyGradientDescent	1602294580071329	7
tower_0/v/gradients/tower_0/v/cg/conv9/Relu_grad/ReluGrad	1602294579745124	2095
tower_0/v/gradients/AddN_3	1602294579669079	380
tower_0/v/l2_loss/L2Loss_8	1602294579125668	42
average_loss/Mean/input	-1	-1
tower_0/v/gradients/AddN_19	1602294580285534	23
v/cg/conv11/conv2d/kernel/read	-1	-1
tower_0/v/gradients/tower_0/v/l2_loss/L2Loss_1_grad/mul	1602294579125044	4
tower_0/v/transpose/perm	-1	-1
tower_0/v/gradients/tower_0/v/l2_loss/L2Loss_5_grad/mul	1602294579124882	4
tower_0/v/gradients/tower_0/v/l2_loss/L2Loss_26_grad/mul	1602294579127351	1600
tower_0/v/gradients/tower_0/v/cg/conv6/conv2d/Conv2D_grad/Conv2DBackpropFilter	1602294580176421	104783
append_apply_gradient_ops/GradientDescent/update_v/cg/conv11/biases/ApplyGradientDescent	1602294579724824	9
v/cg/conv0/biases	-1	-1
tower_0/v/cg/conv5/BiasAdd	1602294579437928	3672
tower_0/v/gradients/tower_0/v/cg/conv1/BiasAdd_grad/BiasAddGrad	1602294580815983	4767
tower_0/v/gradients/tower_0/v/cg/dropout0_1/dropout/dropout/mul_grad/Mul	1602294579666754	26
tower_0/v/gradients/tower_0/v/l2_loss/L2Loss_31_grad/mul	1602294579125483	19
tower_0/v/gradients/AddN_25	1602294580686347	13
tower_0/v/cg/mpool0/MaxPool	1602294579259455	7884
average_loss/range	-1	-1
tower_0/v/gradients/tower_0/v/cg/mpool0/MaxPool_grad/MaxPoolGrad	1602294580777532	20268
tower_0/v/gradients/AddN_31	1602294581085387	4
tower_0/v/gradients/tower_0/v/cg/conv8/conv2d/Conv2D_grad/Conv2DBackpropFilter	1602294579968622	100486
v/cg/conv9/conv2d/kernel	-1	-1
tower_0/v/mul	1602294579152874	7
tower_0/v/gradients/tower_0/v/cg/conv7/BiasAdd_grad/BiasAddGrad	1602294580071342	691
v/cg/conv1/biases/read	-1	-1
tower_0/v/l2_loss/L2Loss_12	1602294579124887	16
tower_0/v/gradients/tower_0/v/cg/conv0/BiasAdd_grad/BiasAddGrad	1602294581057852	4769
ConstantFolding/tower_0/v/gradients/tower_0/v/cg/conv6/conv2d/Conv2D_grad/ShapeN-matshapes-1	-1	-1
tower_0/v/gradients/tower_0/v/cg/conv4/Relu_grad/ReluGrad	1602294580450972	4308
tower_0/v/gradients/tower_0/v/cg/conv11/conv2d/Conv2D_grad/Conv2DBackpropFilter	1602294579714647	9537
tower_0/v/gradients/AddN_27	1602294580797801	7
tower_0/v/gradients/tower_0/v/cg/affine2/xw_plus_b/MatMul_grad/MatMul_1	1602294579666319	265
tower_0/v/cg/conv6/BiasAdd	1602294579477648	3672
ConstantFolding/tower_0/v/gradients/tower_0/v/cg/conv5/conv2d/Conv2D_grad/ShapeN-matshapes-0	-1	-1
append_apply_gradient_ops/GradientDescent/update_v/cg/conv9/biases/ApplyGradientDescent	1602294579909931	7
v/cg/conv6/biases	-1	-1
tower_0/v/gradients/tower_0/v/cg/conv8/Relu_grad/ReluGrad	1602294579907766	2101
v/cg/conv11/conv2d/kernel	-1	-1
v/cg/affine0/biases/read	-1	-1
v/cg/conv10/conv2d/kernel/read	-1	-1
v/cg/conv5/conv2d/kernel	-1	-1
v/cg/conv0/conv2d/kernel/read	-1	-1
tower_0/v/l2_loss/L2Loss	1602294579124997	6
train_ops_group	-1	-1
tower_0/v/gradients/tower_0/v/l2_loss/L2Loss_4_grad/mul	1602294579126454	4
tower_0/v/cg/conv10/conv2d/Conv2D	1602294579629384	8499
tower_0/v/cg/conv7/conv2d/Conv2D	1602294579486204	16435
append_apply_gradient_ops/GradientDescent/update_v/cg/conv4/conv2d/kernel/ApplyGradientDescent	1602294580519585	19
v/cg/affine1/biases	-1	-1
tower_0/v/gradients/tower_0/v/cg/conv8/conv2d/Conv2D_grad/Conv2DBackpropInput	1602294579910635	57981
tower_0/v/cg/affine0/xw_plus_b	1602294579663928	24
