tower_0/v/cg/conv4/Relu	1602294575355458	2822
tower_0/v/gradients/tower_0/v/l2_loss/L2Loss_24_grad/mul	1602294575079055	46
ConstantFolding/tower_0/v/gradients/tower_0/v/cg/conv7/conv2d/Conv2D_grad/ShapeN-matshapes-1	-1	-1
tower_0/v/gradients/tower_0/v/l2_loss/L2Loss_18_grad/mul	1602294575079555	45
tower_0/v/gradients/tower_0/v/cg/conv12/conv2d/Conv2D_grad/Conv2DBackpropInput	1602294575641513	8074
tower_0/v/cg/dropout0_1/dropout/dropout/Cast	1602294575106562	20
tower_0/v/gradients/tower_0/v/cg/conv9/BiasAdd_grad/BiasAddGrad	1602294575700404	691
tower_0/v/cg/mpool4/MaxPool	1602294575611438	290
v/cg/conv2/biases/read	-1	-1
tower_0/v/gradients/tower_0/v/l2_loss/L2Loss_9_grad/mul	1602294575080138	4
tower_0/v/cg/conv9/Relu	1602294575580884	1402
append_apply_gradient_ops/GradientDescent/update_v/cg/conv3/conv2d/kernel/ApplyGradientDescent	1602294576728341	7
tower_0/v/cg/conv6/conv2d/Conv2D	1602294575397958	33283
tower_0/v/gradients/tower_0/v/cg/conv12/Relu_grad/ReluGrad	1602294575640660	504
tower_0/v/gradients/tower_0/v/l2_loss/L2Loss_8_grad/mul	1602294575079412	18
tower_0/v/l2_loss/L2Loss_26	1602294575080313	725
tower_0/v/l2_loss/L2Loss_2	1602294575079198	40
tower_0/v/cg/conv11/Relu	1602294575601715	362
tower_0/v/l2_loss/L2Loss_3	1602294575078779	4
tower_0/v/gradients/tower_0/v/l2_loss/L2Loss_28_grad/mul	1602294575079853	254
tower_0/v/gradients/tower_0/v/cg/conv5/Relu_grad/ReluGrad	1602294576232585	4341
tower_0/v/gradients/tower_0/v/cg/affine0/xw_plus_b/MatMul_grad/MatMul_1	1602294575629859	5315
append_apply_gradient_ops/GradientDescent/update_v/cg/conv2/biases/ApplyGradientDescent	1602294576748632	4
tower_0/v/l2_loss/L2Loss_15	1602294575078802	4
append_apply_gradient_ops/GradientDescent/update_v/cg/conv5/biases/ApplyGradientDescent	1602294576406079	8
tower_0/v/gradients/AddN_20	1602294576401736	7
append_apply_gradient_ops/GradientDescent/update_v/cg/conv12/biases/ApplyGradientDescent	1602294575659626	8
ConstantFolding/tower_0/v/gradients/tower_0/v/cg/conv9/conv2d/Conv2D_grad/ShapeN-matshapes-0	-1	-1
tower_0/v/add	1602294575620831	7
append_apply_gradient_ops/GradientDescent/update_v/cg/conv5/conv2d/kernel/ApplyGradientDescent	1602294576406057	20
v/cg/conv3/biases	-1	-1
tower_0/v/gradients/tower_0/v/cg/affine1/affine1_grad/ReluGrad	1602294575620988	29
tower_0/v/cg/conv1/Relu	1602294575201690	11414
tower_0/v/gradients/tower_0/v/l2_loss/L2Loss_10_grad/mul	1602294575078616	8
tower_0/v/gradients/tower_0/v/cg/dropout0/dropout/dropout/mul_1_grad/Mul	1602294575623124	23
tower_0/v/cg/Reshape	-1	-1
tower_0/v/gradients/tower_0/v/cg/affine0/affine0_grad/ReluGrad	1602294575623947	29
tower_0/v/l2_loss/L2Loss_18	1602294575079481	44
tower_0/v/l2_loss/L2Loss_14	1602294575078662	23
append_apply_gradient_ops/GradientDescent/update_v/cg/conv10/biases/ApplyGradientDescent	1602294575698224	7
tower_0/v/gradients/AddN_23	1602294576461467	16
tower_0/v/gradients/tower_0/v/l2_loss/L2Loss_grad/mul	1602294575078592	4
v/cg/affine0/weights	-1	-1
v/cg/conv1/conv2d/kernel	-1	-1
main_fetch_group	-1	-1
ConstantFolding/tower_0/v/gradients/tower_0/v/cg/conv4/conv2d/Conv2D_grad/ShapeN-matshapes-1	-1	-1
v/cg/affine0/biases	-1	-1
ConstantFolding/tower_0/v/gradients/tower_0/v/cg/conv4/conv2d/Conv2D_grad/ShapeN-matshapes-0	-1	-1
v/cg/conv7/biases/read	-1	-1
ConstantFolding/tower_0/v/gradients/tower_0/v/cg/conv12/conv2d/Conv2D_grad/ShapeN-matshapes-1	-1	-1
tower_0/v/gradients/tower_0/v/cg/conv7/conv2d/Conv2D_grad/Conv2DBackpropFilter	1602294576039721	17000
v/cg/affine1/weights	-1	-1
tower_0/v/gradients/tower_0/v/xentropy/sparse_softmax_cross_entropy_loss/xentropy/xentropy_grad/mul	1602294575619979	10
tower_0/v/gradients/AddN_30	1602294577034425	4
ConstantFolding/average_loss/Mean/input_const_axis	-1	-1
v/cg/conv6/biases/read	-1	-1
v/cg/conv4/biases/read	-1	-1
tower_0/v/gradients/tower_0/v/cg/conv1/Relu_grad/ReluGrad	1602294576748638	18166
ConstantFolding/tower_0/v/gradients/tower_0/v/cg/conv9/conv2d/Conv2D_grad/ShapeN-matshapes-1	-1	-1
tower_0/v/gradients/tower_0/v/cg/conv2/conv2d/Conv2D_grad/Conv2DBackpropInput	1602294576639613	28219
append_apply_gradient_ops/GradientDescent/update_v/cg/conv1/biases/ApplyGradientDescent	1602294577006889	4
append_apply_gradient_ops/GradientDescent/update_v/cg/affine0/weights/ApplyGradientDescent	1602294575638354	2303
append_apply_gradient_ops/GradientDescent/update_v/cg/conv8/conv2d/kernel/ApplyGradientDescent	1602294576056723	59
tower_0/v/gradients/tower_0/v/cg/conv11/Relu_grad/ReluGrad	1602294575659053	507
tower_0/v/gradients/tower_0/v/cg/conv10/Relu_grad/ReluGrad	1602294575677575	506
tower_0/v/gradients/tower_0/v/cg/conv11/BiasAdd_grad/BiasAddGrad	1602294575659643	335
tower_0/v/transpose	1602294575077155	1303
ConstantFolding/tower_0/v/gradients/tower_0/v/cg/conv10/conv2d/Conv2D_grad/ShapeN-matshapes-1	-1	-1
ConstantFolding/tower_0/v/gradients/tower_0/v/cg/conv0/conv2d/Conv2D_grad/ShapeN-matshapes-1	-1	-1
tower_0/v/gradients/tower_0/v/cg/dropout0_1/dropout/dropout/mul_1_grad/Mul	1602294575620704	21
append_apply_gradient_ops/GradientDescent/update_v/cg/conv0/conv2d/kernel/ApplyGradientDescent	1602294577034442	5
tower_0/v/xentropy/sparse_softmax_cross_entropy_loss/xentropy/xentropy	1602294575619761	214
tower_0/v/cg/dropout0/dropout/dropout/rate	-1	-1
ConstantFolding/tower_0/v/gradients/tower_0/v/cg/conv10/conv2d/Conv2D_grad/ShapeN-matshapes-0	-1	-1
v/cg/conv7/conv2d/kernel	-1	-1
tower_0/v/gradients/AddN_5	1602294575635187	2303
tower_0/v/gradients/tower_0/v/cg/conv6/Relu_grad/ReluGrad	1602294576063497	4322
v/cg/conv10/biases	-1	-1
v/cg/conv7/biases	-1	-1
tower_0/v/gradients/tower_0/v/cg/conv2/conv2d/Conv2D_grad/Conv2DBackpropFilter	1602294576667836	60503
tower_0/v/gradients/tower_0/v/cg/Reshape_grad/Shape	-1	-1
append_apply_gradient_ops/GradientDescent/update_v/cg/conv4/biases/ApplyGradientDescent	1602294576461486	7
tower_0/v/cg/conv3/Relu	1602294575322346	5686
tower_0/v/gradients/tower_0/v/cg/conv5/BiasAdd_grad/BiasAddGrad	1602294576341716	1238
tower_0/v/gradients/tower_0/v/cg/mpool4/MaxPool_grad/MaxPoolGrad	1602294575637505	846
tower_0/v/cg/affine1/xw_plus_b/MatMul	1602294575618116	1126
tower_0/v/gradients/tower_0/v/cg/affine2/xw_plus_b/MatMul_grad/MatMul	1602294575620046	369
v/cg/conv9/biases	-1	-1
tower_0/v/l2_loss/L2Loss_29	1602294575080143	10
tower_0/v/l2_loss/L2Loss_17	1602294575078880	17
tower_0/v/gradients/AddN_17	1602294576063452	34
v/cg/conv4/conv2d/kernel	-1	-1
v/cg/conv12/biases/read	-1	-1
tower_0/v/vgg16_synthetic_labels/max	-1	-1
tower_0/v/cg/affine2/xw_plus_b/MatMul	1602294575619315	431
tower_0/v/gradients/tower_0/v/cg/conv3/conv2d/Conv2D_grad/Conv2DBackpropFilter	1602294576520450	107796
tower_0/v/cg/Reshape/shape	-1	-1
tower_0/v/cg/conv4/conv2d/Conv2D	1602294575332168	19608
tower_0/v/cg/conv8/Relu	1602294575519639	1406
v/cg/conv10/biases/read	-1	-1
tower_0/v/cg/conv11/BiasAdd	1602294575601252	459
tower_0/v/gradients/tower_0/v/cg/conv10/BiasAdd_grad/BiasAddGrad	1602294575678163	334
ConstantFolding/tower_0/v/gradients/tower_0/v/cg/conv12/conv2d/Conv2D_grad/ShapeN-matshapes-0	-1	-1
append_apply_gradient_ops/GradientDescent/update_v/cg/affine2/weights/ApplyGradientDescent	1602294575620887	98
tower_0/v/cg/dropout0/dropout/dropout/Cast	1602294575106538	23
tower_0/v/l2_loss/L2Loss_13	1602294575078573	4
tower_0/v/cg/conv5/Relu	1602294575395131	2824
tower_0/v/l2_loss/L2Loss_7	1602294575078791	4
tower_0/v/gpu_cached_inputs	-1	-1
tower_0/v/gradients/tower_0/v/l2_loss/L2Loss_30_grad/mul	1602294575077081	72
v/cg/conv0/biases/read	-1	-1
tower_0/v/gradients/AddN_26	1602294576728350	4
tower_0/v/gradients/AddN_14	1602294576020816	6
tower_0/v/xentropy/sparse_softmax_cross_entropy_loss/Sum	1602294575619992	7
v/cg/conv5/conv2d/kernel/read	-1	-1
tower_0/v/l2_loss/L2Loss_30	1602294575077003	57
tower_0/v/gradients/tower_0/v/cg/conv5/conv2d/Conv2D_grad/Conv2DBackpropFilter	1602294576236966	104743
tower_0/v/l2_loss/L2Loss_11	1602294575078825	4
append_apply_gradient_ops/GradientDescent/update_v/cg/conv12/conv2d/kernel/ApplyGradientDescent	1602294575677500	60
ConstantFolding/tower_0/v/gradients/tower_0/v/cg/conv7/conv2d/Conv2D_grad/ShapeN-matshapes-0	-1	-1
v/cg/affine2/weights/read	-1	-1
v/cg/conv1/conv2d/kernel/read	-1	-1
main_fetch_group/_70	-1	-1
append_apply_gradient_ops/GradientDescent/update_v/cg/conv7/biases/ApplyGradientDescent	1602294576063487	6
append_apply_gradient_ops/GradientDescent/update_v/cg/affine1/biases/ApplyGradientDescent	1602294575623529	6
append_apply_gradient_ops/GradientDescent	-1	-1
tower_0/v/gradients/AddN_6	1602294575659042	7
ConstantFolding/tower_0/v/gradients/tower_0/v/cg/conv8/conv2d/Conv2D_grad/ShapeN-matshapes-0	-1	-1
tower_0/v/gradients/AddN_4	1602294575635177	7
tower_0/v/cg/conv0/conv2d/Conv2D	1602294575082643	8842
v/cg/conv2/biases	-1	-1
tower_0/v/gradients/tower_0/v/cg/conv9/conv2d/Conv2D_grad/Conv2DBackpropFilter	1602294575759067	100432
v/cg/conv4/conv2d/kernel/read	-1	-1
tower_0/v/l2_loss/L2Loss_31	1602294575079106	19
tower_0/v/cg/affine0/xw_plus_b/MatMul	1602294575611743	6294
v/cg/conv12/conv2d/kernel/read	-1	-1
tower_0/v/gradients/tower_0/v/l2_loss/L2Loss_27_grad/mul	1602294575076937	19
append_apply_gradient_ops/GradientDescent/update_v/cg/conv6/biases/ApplyGradientDescent	1602294576236952	7
tower_0/v/cg/conv3/BiasAdd	1602294575314926	7417
tower_0/v/xentropy/sparse_softmax_cross_entropy_loss/Mul	-1	-1
append_apply_gradient_ops/GradientDescent/update_v/cg/conv3/biases/ApplyGradientDescent	1602294576637165	7
v/cg/conv3/conv2d/kernel/read	-1	-1
tower_0/v/cg/conv9/BiasAdd	1602294575579052	1829
tower_0/v/gradients/tower_0/v/cg/conv2/Relu_grad/ReluGrad	1602294576628259	8890
tower_0/v/gradients/tower_0/v/l2_loss/L2Loss_12_grad/mul	1602294575078492	8
tower_0/v/gradients/tower_0/v/l2_loss/L2Loss_11_grad/mul	1602294575078838	18
append_apply_gradient_ops/GradientDescent/update_v/cg/affine0/biases/ApplyGradientDescent	1602294575637495	7
v/cg/conv7/conv2d/kernel/read	-1	-1
tower_0/v/cg/mpool3/MaxPool	1602294575582289	1048
tower_0/v/gradients/AddN_2	1602294575623114	7
tower_0/v/l2_loss/L2Loss_23	1602294575078813	5
tower_0/v/cg/dropout0_1/dropout/dropout/mul	1602294575118030	24
tower_0/v/cg/conv1/BiasAdd	1602294575186775	14912
v/cg/conv10/conv2d/kernel	-1	-1
tower_0/v/gradients/tower_0/v/cg/affine1/xw_plus_b_grad/BiasAddGrad	1602294575621027	21
v/cg/affine2/biases	-1	-1
tower_0/v/gradients/tower_0/v/cg/conv8/BiasAdd_grad/BiasAddGrad	1602294575861695	690
tower_0/v/l2_loss/L2Loss_20	1602294575076729	54
average_loss/Mean	-1	-1
tower_0/v/gradients/tower_0/v/l2_loss/L2Loss_16_grad/mul	1602294575078536	35
tower_0/v/l2_loss/L2Loss_1	1602294575078625	4
tower_0/v/l2_loss/AddN	1602294575091536	38
append_apply_gradient_ops/GradientDescent/update_v/cg/conv2/conv2d/kernel/ApplyGradientDescent	1602294576766806	7
tower_0/v/cg/affine1/affine1	1602294575619271	9
tower_0/v/cg/conv2/BiasAdd	1602294575254203	7409
ConstantFolding/tower_0/v/gradients/tower_0/v/cg/conv1/conv2d/Conv2D_grad/ShapeN-matshapes-0	-1	-1
ConstantFolding/tower_0/v/gradients/tower_0/v/cg/conv11/conv2d/Conv2D_grad/ShapeN-matshapes-1	-1	-1
tower_0/v/gradients/tower_0/v/cg/conv1/conv2d/Conv2D_grad/Conv2DBackpropInput	1602294576771592	68695
v/cg/conv6/conv2d/kernel	-1	-1
v/cg/conv3/biases/read	-1	-1
tower_0/v/vgg16_synthetic_labels	1602294575076203	47
tower_0/v/gradients/tower_0/v/cg/conv4/BiasAdd_grad/BiasAddGrad	1602294576406097	1240
tower_0/v/gradients/AddN_12	1602294575859504	7
tower_0/v/gradients/tower_0/v/cg/dropout0/dropout/dropout/mul_grad/Mul	1602294575623539	25
tower_0/v/vgg16_synthetic_labels/min	-1	-1
tower_0/v/xentropy/sparse_softmax_cross_entropy_loss/num_present	-1	-1
tower_0/v/cg/mpool2/MaxPool	1602294575437774	2069
ConstantFolding/tower_0/v/gradients/tower_0/v/cg/conv5/conv2d/Conv2D_grad/ShapeN-matshapes-1	-1	-1
append_apply_gradient_ops/GradientDescent/update_v/cg/conv10/conv2d/kernel/ApplyGradientDescent	1602294575700333	60
tower_0/v/cg/conv10/Relu	1602294575592368	354
ConstantFolding/tower_0/v/gradients/tower_0/v/cg/conv3/conv2d/Conv2D_grad/ShapeN-matshapes-0	-1	-1
v/cg/conv6/conv2d/kernel/read	-1	-1
tower_0/v/gradients/AddN	1602294575620694	7
tower_0/v/gradients/tower_0/v/cg/conv9/conv2d/Conv2D_grad/Conv2DBackpropInput	1602294575701096	57956
tower_0/v/gradients/tower_0/v/l2_loss/L2Loss_6_grad/mul	1602294575078656	5
average_loss/Mean/_74	1602294575623535	7
tower_0/v/gradients/tower_0/v/cg/conv12/conv2d/Conv2D_grad/Conv2DBackpropFilter	1602294575649591	9449
v/cg/conv11/biases/read	-1	-1
tower_0/v/l2_loss/L2Loss_21	1602294575080160	5
v/cg/conv3/conv2d/kernel	-1	-1
learning_rate_tensor/input	-1	-1
tower_0/v/gradients/tower_0/v/cg/conv5/conv2d/Conv2D_grad/Conv2DBackpropInput	1602294576342958	58729
tower_0/v/cg/dropout0/dropout/dropout/truediv	-1	-1
v/cg/conv8/conv2d/kernel/read	-1	-1
v/cg/affine2/biases/read	-1	-1
tower_0/v/cg/dropout0_1/dropout/dropout/GreaterEqual	1602294575091515	19
tower_0/v/gpu_cached_inputs/read	-1	-1
tower_0/v/gradients/tower_0/v/l2_loss/L2Loss_14_grad/mul	1602294575078687	19
v/cg/conv2/conv2d/kernel/read	-1	-1
tower_0/v/gradients/AddN_8	1602294575677563	7
tower_0/v/gradients/tower_0/v/l2_loss/L2Loss_21_grad/mul	1602294575080169	17
v/cg/conv0/conv2d/kernel	-1	-1
ConstantFolding/tower_0/v/gradients/tower_0/v/cg/conv1/conv2d/Conv2D_grad/ShapeN-matshapes-1	-1	-1
tower_0/v/l2_loss/L2Loss_19	1602294575080210	17
tower_0/v/gradients/tower_0/v/cg/conv10/conv2d/Conv2D_grad/Conv2DBackpropInput	1602294575678501	8089
tower_0/v/l2_loss/L2Loss_10	1602294575078598	16
tower_0/v/cg/conv12/conv2d/Conv2D	1602294575602080	8535
tower_0/v/gradients/tower_0/v/cg/conv12/BiasAdd_grad/BiasAddGrad	1602294575641176	335
tower_0/v/l2_loss/L2Loss_9	1602294575080132	4
tower_0/v/gradients/tower_0/v/cg/conv4/conv2d/Conv2D_grad/Conv2DBackpropFilter	1602294576426121	25004
tower_0/v/gradients/tower_0/v/l2_loss/L2Loss_15_grad/mul	1602294575078808	4
v/cg/affine1/biases/read	-1	-1
v/cg/conv5/biases/read	-1	-1
ConstantFolding/tower_0/v/gradients/tower_0/v/cg/conv2/conv2d/Conv2D_grad/ShapeN-matshapes-1	-1	-1
append_apply_gradient_ops/GradientDescent/update_v/cg/conv9/conv2d/kernel/ApplyGradientDescent	1602294576020756	58
tower_0/v/gradients/AddN_22	1602294576451127	7
tower_0/v/cg/conv6/Relu	1602294575434947	2823
tower_0/v/gradients/AddN_29	1602294577006881	6
tower_0/v/gradients/tower_0/v/cg/conv0/Relu_grad/ReluGrad	1602294576988679	18200
tower_0/v/gradients/tower_0/v/l2_loss/L2Loss_19_grad/mul	1602294575080251	17
tower_0/v/cg/conv7/BiasAdd	1602294575456491	1835
tower_0/v/gradients/tower_0/v/l2_loss/L2Loss_23_grad/mul	1602294575078820	4
append_apply_gradient_ops/GradientDescent/update_v/cg/conv7/conv2d/kernel/ApplyGradientDescent	1602294576067823	38
v/cg/conv11/biases	-1	-1
tower_0/v/gradients/tower_0/v/cg/Reshape_grad/Reshape	-1	-1
tower_0/v/gradients/tower_0/v/cg/affine1/xw_plus_b/MatMul_grad/MatMul_1	1602294575622202	909
v/cg/affine1/weights/read	-1	-1
tower_0/v/gradients/AddN_18	1602294576232574	8
tower_0/v/cg/conv10/BiasAdd	1602294575591904	460
tower_0/v/cg/conv4/BiasAdd	1602294575351781	3674
v/cg/affine2/weights	-1	-1
gpu_compute_stage_ops_group	-1	-1
tower_0/v/cg/conv5/conv2d/Conv2D	1602294575358282	33181
tower_0/v/l2_loss/L2Loss_24	1602294575078982	43
tower_0/v/l2_loss/L2Loss_16	1602294575078501	34
tower_0/v/cg/conv0/Relu	1602294575106594	11406
tower_0/v/l2_loss/L2Loss_25	1602294575079603	22
v/cg/conv12/biases	-1	-1
tower_0/v/l2_loss/L2Loss_22	1602294575078708	32
tower_0/v/cg/dropout0/dropout/dropout/random_uniform/mul	-1	-1
tower_0/v/gradients/tower_0/v/cg/conv11/conv2d/Conv2D_grad/Conv2DBackpropInput	1602294575659980	8080
tower_0/v/gradients/tower_0/v/l2_loss/L2Loss_20_grad/mul	1602294575076828	49
tower_0/v/l2_loss/L2Loss_6	1602294575078636	19
tower_0/v/gradients/AddN_24	1602294576628249	7
tower_0/v/xentropy/sparse_softmax_cross_entropy_loss/value	1602294575620683	6
v/cg/affine0/weights/read	-1	-1
tower_0/v/gradients/tower_0/v/cg/mpool2/MaxPool_grad/MaxPoolGrad	1602294576056795	6652
append_apply_gradient_ops/GradientDescent/update_v/cg/conv11/conv2d/kernel/ApplyGradientDescent	1602294575696040	59
append_apply_gradient_ops/GradientDescent/update_v/cg/conv1/conv2d/kernel/ApplyGradientDescent	1602294577034417	6
tower_0/v/cg/conv12/BiasAdd	1602294575610618	463
tower_0/v/gradients/tower_0/v/l2_loss/L2Loss_13_grad/mul	1602294575078579	4
tower_0/v/gradients/tower_0/v/l2_loss/L2Loss_29_grad/mul	1602294575080155	4
tower_0/v/gradients/tower_0/v/cg/affine0/xw_plus_b/MatMul_grad/MatMul	1602294575624006	5850
tower_0/v/gradients/tower_0/v/l2_loss/L2Loss_3_grad/mul	1602294575078785	4
ConstantFolding/tower_0/v/gradients/tower_0/v/cg/conv2/conv2d/Conv2D_grad/ShapeN-matshapes-0	-1	-1
tower_0/v/gradients/AddN_7	1602294575659563	60
tower_0/v/cg/mpool1/MaxPool	1602294575328035	4129
tower_0/v/cg/conv8/conv2d/Conv2D	1602294575459735	58062
tower_0/v/gradients/tower_0/v/cg/conv6/BiasAdd_grad/BiasAddGrad	1602294576067868	1243
tower_0/v/gradients/tower_0/v/cg/conv7/conv2d/Conv2D_grad/Conv2DBackpropInput	1602294576023696	16022
append_apply_gradient_ops/GradientDescent/update_v/cg/conv0/biases/ApplyGradientDescent	1602294577034436	4
v/cg/conv1/biases	-1	-1
tower_0/v/cg/conv1/conv2d/Conv2D	1602294575118057	68716
tower_0/v/cg/dropout0/dropout/dropout/random_uniform/RandomUniform	1602294575076340	62
tower_0/v/cg/dropout0/dropout/dropout/Shape	-1	-1
tower_0/v/cg/affine1/xw_plus_b	1602294575619244	26
append_apply_gradient_ops/GradientDescent/update_v/cg/affine2/biases/ApplyGradientDescent	1602294575620841	8
ConstantFolding/tower_0/v/gradients/tower_0/v/cg/conv3/conv2d/Conv2D_grad/ShapeN-matshapes-1	-1	-1
v/cg/conv12/conv2d/kernel	-1	-1
tower_0/v/gradients/AddN_9	1602294575678084	60
tower_0/v/gradients/AddN_28	1602294576988673	4
tower_0/v/l2_loss/L2Loss_27	1602294575076887	24
tower_0/v/gradients/tower_0/v/cg/conv3/Relu_grad/ReluGrad	1602294576461496	8890
tower_0/v/gradients/tower_0/v/l2_loss/L2Loss_22_grad/mul	1602294575078742	35
tower_0/v/gradients/tower_0/v/cg/affine1/xw_plus_b/MatMul_grad/MatMul	1602294575621052	1146
tower_0/v/cg/conv2/Relu	1602294575261615	5680
tower_0/v/cg/conv0/BiasAdd	1602294575091577	14958
tower_0/v/gradients/AddN_11	1602294575698161	61
tower_0/v/gradients/AddN_15	1602294576022925	61
tower_0/v/cg/affine0/affine0	1602294575618066	14
_SOURCE	-1	-1
tower_0/v/gradients/tower_0/v/l2_loss/L2Loss_25_grad/mul	1602294575079650	19
tower_0/v/gradients/tower_0/v/cg/conv6/conv2d/Conv2D_grad/Conv2DBackpropInput	1602294576069114	58749
tower_0/v/vgg16_synthetic_labels/shape	-1	-1
tower_0/v/cg/dropout0_1/dropout/dropout/mul_1	1602294575619285	27
append_apply_gradient_ops/GradientDescent/update_v/cg/affine1/weights/ApplyGradientDescent	1602294575623569	377
tower_0/v/gradients/tower_0/v/cg/mpool3/MaxPool_grad/MaxPoolGrad	1602294575696111	2049
tower_0/v/cg/conv12/Relu	1602294575611084	352
tower_0/v/cg/dropout0_1/dropout/dropout/random_uniform/mul	-1	-1
tower_0/v/cg/affine2/xw_plus_b	1602294575619749	11
tower_0/v/gradients/tower_0/v/l2_loss/L2Loss_2_grad/mul	1602294575079265	22
tower_0/v/cg/conv7/Relu	1602294575458328	1404
v/cg/conv8/conv2d/kernel	-1	-1
tower_0/v/l2_loss/L2Loss_5	1602294575078462	5
tower_0/v/gradients/AddN_16	1602294576056785	7
tower_0/v/cg/conv3/conv2d/Conv2D	1602294575267298	47623
tower_0/v/gradients/tower_0/v/cg/affine2/xw_plus_b_grad/BiasAddGrad	1602294575620013	19
tower_0/v/gradients/tower_0/v/cg/conv4/conv2d/Conv2D_grad/Conv2DBackpropInput	1602294576407339	18778
ConstantFolding/tower_0/v/gradients/tower_0/v/cg/conv8/conv2d/Conv2D_grad/ShapeN-matshapes-1	-1	-1
v/cg/conv2/conv2d/kernel	-1	-1
tower_0/v/cg/conv9/conv2d/Conv2D	1602294575521048	58002
v/cg/conv8/biases/read	-1	-1
tower_0/v/gradients/AddN_10	1602294575696100	7
tower_0/v/gradients/AddN_13	1602294575861611	61
tower_0/v/cg/conv2/conv2d/Conv2D	1602294575220983	33219
v/cg/conv8/biases	-1	-1
tower_0/v/gradients/tower_0/v/xentropy/sparse_softmax_cross_entropy_loss/xentropy/xentropy_grad/ExpandDims	-1	-1
tower_0/v/gradients/tower_0/v/cg/conv3/conv2d/Conv2D_grad/Conv2DBackpropInput	1602294576472856	47589
v/cg/conv5/biases	-1	-1
tower_0/v/gradients/tower_0/v/cg/mpool1/MaxPool_grad/MaxPoolGrad	1602294576451137	10327
tower_0/v/gradients/tower_0/v/cg/conv2/BiasAdd_grad/BiasAddGrad	1602294576637181	2430
v/cg/conv9/conv2d/kernel/read	-1	-1
tower_0/v/cg/dropout0/dropout/dropout/mul	1602294575118002	26
tower_0/v/l2_loss/L2Loss_4	1602294575080110	14
tower_0/v/gradients/tower_0/v/l2_loss/L2Loss_17_grad/mul	1602294575078920	17
tower_0/v/gradients/tower_0/v/cg/conv1/conv2d/Conv2D_grad/Conv2DBackpropFilter	1602294576840288	148384
tower_0/v/cg/conv8/BiasAdd	1602294575517799	1837
tower_0/v/gradients/tower_0/v/cg/conv10/conv2d/Conv2D_grad/Conv2DBackpropFilter	1602294575686592	9444
tower_0/v/gradients/tower_0/v/cg/conv7/Relu_grad/ReluGrad	1602294576020825	2096
tower_0/v/cg/dropout0_1/dropout/dropout/random_uniform/RandomUniform	1602294575076431	34
tower_0/v/cg/dropout0/dropout/dropout/mul_1	1602294575618083	28
append_apply_gradient_ops/GradientDescent/update_v/cg/conv6/conv2d/kernel/ApplyGradientDescent	1602294576401689	21
tower_0/v/cg/conv11/conv2d/Conv2D	1602294575592725	8524
v/cg/conv4/biases	-1	-1
tower_0/v/l2_loss/L2Loss_28	1602294575079711	141
tower_0/v/gradients/tower_0/v/cg/affine0/xw_plus_b_grad/BiasAddGrad	1602294575623983	22
ConstantFolding/tower_0/v/gradients/tower_0/v/cg/conv11/conv2d/Conv2D_grad/ShapeN-matshapes-0	-1	-1
tower_0/v/gradients/AddN_1	1602294575620729	100
tower_0/v/gradients/AddN_21	1602294576401711	22
tower_0/v/gradients/tower_0/v/cg/conv3/BiasAdd_grad/BiasAddGrad	1602294576470414	2440
tower_0/v/gradients/tower_0/v/l2_loss/L2Loss_7_grad/mul	1602294575078797	4
tower_0/v/cg/dropout0/dropout/dropout/GreaterEqual	1602294575091489	23
tower_0/v/gradients/tower_0/v/cg/conv0/conv2d/Conv2D_grad/Conv2DBackpropFilter	1602294577011665	22750
ConstantFolding/tower_0/v/gradients/tower_0/v/cg/conv6/conv2d/Conv2D_grad/ShapeN-matshapes-0	-1	-1
tower_0/v/mul/x	-1	-1
v/cg/conv9/biases/read	-1	-1
append_apply_gradient_ops/GradientDescent/update_v/cg/conv8/biases/ApplyGradientDescent	1602294576022990	6
tower_0/v/gradients/tower_0/v/cg/conv9/Relu_grad/ReluGrad	1602294575698234	2095
tower_0/v/gradients/AddN_3	1602294575623148	378
tower_0/v/l2_loss/L2Loss_8	1602294575079339	42
average_loss/Mean/input	-1	-1
tower_0/v/gradients/AddN_19	1602294576236929	21
v/cg/conv11/conv2d/kernel/read	-1	-1
tower_0/v/gradients/tower_0/v/l2_loss/L2Loss_1_grad/mul	1602294575078631	4
tower_0/v/transpose/perm	-1	-1
tower_0/v/gradients/tower_0/v/l2_loss/L2Loss_5_grad/mul	1602294575078468	4
tower_0/v/gradients/tower_0/v/l2_loss/L2Loss_26_grad/mul	1602294575081039	1599
tower_0/v/gradients/tower_0/v/cg/conv6/conv2d/Conv2D_grad/Conv2DBackpropFilter	1602294576127870	104700
append_apply_gradient_ops/GradientDescent/update_v/cg/conv11/biases/ApplyGradientDescent	1602294575678146	9
v/cg/conv0/biases	-1	-1
tower_0/v/cg/conv5/BiasAdd	1602294575391467	3660
tower_0/v/gradients/tower_0/v/cg/conv1/BiasAdd_grad/BiasAddGrad	1602294576766820	4770
tower_0/v/gradients/tower_0/v/cg/dropout0_1/dropout/dropout/mul_grad/Mul	1602294575620852	31
tower_0/v/gradients/tower_0/v/l2_loss/L2Loss_31_grad/mul	1602294575079153	18
tower_0/v/gradients/AddN_25	1602294576637152	12
tower_0/v/cg/mpool0/MaxPool	1602294575213108	7872
average_loss/range	-1	-1
tower_0/v/gradients/tower_0/v/cg/mpool0/MaxPool_grad/MaxPoolGrad	1602294576728356	20265
tower_0/v/gradients/AddN_31	1602294577034430	4
tower_0/v/gradients/tower_0/v/cg/conv8/conv2d/Conv2D_grad/Conv2DBackpropFilter	1602294575920327	100425
v/cg/conv9/conv2d/kernel	-1	-1
tower_0/v/mul	1602294575106584	7
tower_0/v/gradients/tower_0/v/cg/conv7/BiasAdd_grad/BiasAddGrad	1602294576023008	687
v/cg/conv1/biases/read	-1	-1
tower_0/v/l2_loss/L2Loss_12	1602294575078474	16
tower_0/v/gradients/tower_0/v/cg/conv0/BiasAdd_grad/BiasAddGrad	1602294577006896	4766
ConstantFolding/tower_0/v/gradients/tower_0/v/cg/conv6/conv2d/Conv2D_grad/ShapeN-matshapes-1	-1	-1
tower_0/v/gradients/tower_0/v/cg/conv4/Relu_grad/ReluGrad	1602294576401746	4308
tower_0/v/gradients/tower_0/v/cg/conv11/conv2d/Conv2D_grad/Conv2DBackpropFilter	1602294575668063	9433
tower_0/v/gradients/AddN_27	1602294576748624	6
tower_0/v/gradients/tower_0/v/cg/affine2/xw_plus_b/MatMul_grad/MatMul_1	1602294575620418	262
tower_0/v/cg/conv6/BiasAdd	1602294575431248	3696
ConstantFolding/tower_0/v/gradients/tower_0/v/cg/conv5/conv2d/Conv2D_grad/ShapeN-matshapes-0	-1	-1
append_apply_gradient_ops/GradientDescent/update_v/cg/conv9/biases/ApplyGradientDescent	1602294575861675	7
v/cg/conv6/biases	-1	-1
tower_0/v/gradients/tower_0/v/cg/conv8/Relu_grad/ReluGrad	1602294575859514	2095
v/cg/conv11/conv2d/kernel	-1	-1
v/cg/affine0/biases/read	-1	-1
v/cg/conv10/conv2d/kernel/read	-1	-1
v/cg/conv5/conv2d/kernel	-1	-1
v/cg/conv0/conv2d/kernel/read	-1	-1
tower_0/v/l2_loss/L2Loss	1602294575078584	6
train_ops_group	-1	-1
tower_0/v/gradients/tower_0/v/l2_loss/L2Loss_4_grad/mul	1602294575080125	5
tower_0/v/cg/conv10/conv2d/Conv2D	1602294575583338	8563
tower_0/v/cg/conv7/conv2d/Conv2D	1602294575439844	16641
append_apply_gradient_ops/GradientDescent/update_v/cg/conv4/conv2d/kernel/ApplyGradientDescent	1602294576470389	17
v/cg/affine1/biases	-1	-1
tower_0/v/gradients/tower_0/v/cg/conv8/conv2d/Conv2D_grad/Conv2DBackpropInput	1602294575862386	57931
tower_0/v/cg/affine0/xw_plus_b	1602294575618041	22
