tower_0/v/cg/conv4/Relu	1602294570926389	2829
tower_0/v/gradients/tower_0/v/l2_loss/L2Loss_24_grad/mul	1602294570649898	44
ConstantFolding/tower_0/v/gradients/tower_0/v/cg/conv7/conv2d/Conv2D_grad/ShapeN-matshapes-1	-1	-1
tower_0/v/gradients/tower_0/v/l2_loss/L2Loss_18_grad/mul	1602294570650400	45
tower_0/v/gradients/tower_0/v/cg/conv12/conv2d/Conv2D_grad/Conv2DBackpropInput	1602294571211742	8085
tower_0/v/cg/dropout0_1/dropout/dropout/Cast	1602294570677352	20
tower_0/v/gradients/tower_0/v/cg/conv9/BiasAdd_grad/BiasAddGrad	1602294571270632	691
tower_0/v/cg/mpool4/MaxPool	1602294571181755	292
v/cg/conv2/biases/read	-1	-1
tower_0/v/gradients/tower_0/v/l2_loss/L2Loss_9_grad/mul	1602294570650975	4
tower_0/v/cg/conv9/Relu	1602294571151333	1405
append_apply_gradient_ops/GradientDescent/update_v/cg/conv3/conv2d/kernel/ApplyGradientDescent	1602294572302954	10
tower_0/v/cg/conv6/conv2d/Conv2D	1602294570968862	33192
tower_0/v/gradients/tower_0/v/cg/conv12/Relu_grad/ReluGrad	1602294571210887	507
tower_0/v/gradients/tower_0/v/l2_loss/L2Loss_8_grad/mul	1602294570650260	18
tower_0/v/l2_loss/L2Loss_26	1602294570651139	725
tower_0/v/l2_loss/L2Loss_2	1602294570650041	39
tower_0/v/cg/conv11/Relu	1602294571172094	354
tower_0/v/l2_loss/L2Loss_3	1602294570649648	4
tower_0/v/gradients/tower_0/v/l2_loss/L2Loss_28_grad/mul	1602294570650692	255
tower_0/v/gradients/tower_0/v/cg/conv5/Relu_grad/ReluGrad	1602294571806733	4324
tower_0/v/gradients/tower_0/v/cg/affine0/xw_plus_b/MatMul_grad/MatMul_1	1602294571200100	5309
append_apply_gradient_ops/GradientDescent/update_v/cg/conv2/biases/ApplyGradientDescent	1602294572323252	5
tower_0/v/l2_loss/L2Loss_15	1602294570649669	5
append_apply_gradient_ops/GradientDescent/update_v/cg/conv5/biases/ApplyGradientDescent	1602294571980815	7
tower_0/v/gradients/AddN_20	1602294571976466	7
append_apply_gradient_ops/GradientDescent/update_v/cg/conv12/biases/ApplyGradientDescent	1602294571229864	7
ConstantFolding/tower_0/v/gradients/tower_0/v/cg/conv9/conv2d/Conv2D_grad/ShapeN-matshapes-0	-1	-1
tower_0/v/add	1602294571191063	7
append_apply_gradient_ops/GradientDescent/update_v/cg/conv5/conv2d/kernel/ApplyGradientDescent	1602294571980793	20
v/cg/conv3/biases	-1	-1
tower_0/v/gradients/tower_0/v/cg/affine1/affine1_grad/ReluGrad	1602294571191213	30
tower_0/v/cg/conv1/Relu	1602294570772512	11434
tower_0/v/gradients/tower_0/v/l2_loss/L2Loss_10_grad/mul	1602294570649485	8
tower_0/v/gradients/tower_0/v/cg/dropout0/dropout/dropout/mul_1_grad/Mul	1602294571193358	24
tower_0/v/cg/Reshape	-1	-1
tower_0/v/gradients/tower_0/v/cg/affine0/affine0_grad/ReluGrad	1602294571194186	29
tower_0/v/l2_loss/L2Loss_18	1602294570650329	43
tower_0/v/l2_loss/L2Loss_14	1602294570649532	23
append_apply_gradient_ops/GradientDescent/update_v/cg/conv10/biases/ApplyGradientDescent	1602294571268463	7
tower_0/v/gradients/AddN_23	1602294572036218	14
tower_0/v/gradients/tower_0/v/l2_loss/L2Loss_grad/mul	1602294570649462	4
v/cg/affine0/weights	-1	-1
v/cg/conv1/conv2d/kernel	-1	-1
main_fetch_group	-1	-1
ConstantFolding/tower_0/v/gradients/tower_0/v/cg/conv4/conv2d/Conv2D_grad/ShapeN-matshapes-1	-1	-1
v/cg/affine0/biases	-1	-1
ConstantFolding/tower_0/v/gradients/tower_0/v/cg/conv4/conv2d/Conv2D_grad/ShapeN-matshapes-0	-1	-1
v/cg/conv7/biases/read	-1	-1
ConstantFolding/tower_0/v/gradients/tower_0/v/cg/conv12/conv2d/Conv2D_grad/ShapeN-matshapes-1	-1	-1
tower_0/v/gradients/tower_0/v/cg/conv7/conv2d/Conv2D_grad/Conv2DBackpropFilter	1602294571613064	17012
v/cg/affine1/weights	-1	-1
tower_0/v/gradients/tower_0/v/xentropy/sparse_softmax_cross_entropy_loss/xentropy/xentropy_grad/mul	1602294571190222	10
tower_0/v/gradients/AddN_30	1602294572610762	4
ConstantFolding/average_loss/Mean/input_const_axis	-1	-1
v/cg/conv6/biases/read	-1	-1
v/cg/conv4/biases/read	-1	-1
tower_0/v/gradients/tower_0/v/cg/conv1/Relu_grad/ReluGrad	1602294572323258	18128
ConstantFolding/tower_0/v/gradients/tower_0/v/cg/conv9/conv2d/Conv2D_grad/ShapeN-matshapes-1	-1	-1
tower_0/v/gradients/tower_0/v/cg/conv2/conv2d/Conv2D_grad/Conv2DBackpropInput	1602294572214266	28199
append_apply_gradient_ops/GradientDescent/update_v/cg/conv1/biases/ApplyGradientDescent	1602294572583218	5
append_apply_gradient_ops/GradientDescent/update_v/cg/affine0/weights/ApplyGradientDescent	1602294571208586	2298
append_apply_gradient_ops/GradientDescent/update_v/cg/conv8/conv2d/kernel/ApplyGradientDescent	1602294571630078	59
tower_0/v/gradients/tower_0/v/cg/conv11/Relu_grad/ReluGrad	1602294571229295	503
tower_0/v/gradients/tower_0/v/cg/conv10/Relu_grad/ReluGrad	1602294571247813	507
tower_0/v/gradients/tower_0/v/cg/conv11/BiasAdd_grad/BiasAddGrad	1602294571229883	330
tower_0/v/transpose	1602294570648023	1306
ConstantFolding/tower_0/v/gradients/tower_0/v/cg/conv10/conv2d/Conv2D_grad/ShapeN-matshapes-1	-1	-1
ConstantFolding/tower_0/v/gradients/tower_0/v/cg/conv0/conv2d/Conv2D_grad/ShapeN-matshapes-1	-1	-1
tower_0/v/gradients/tower_0/v/cg/dropout0_1/dropout/dropout/mul_1_grad/Mul	1602294571190935	22
append_apply_gradient_ops/GradientDescent/update_v/cg/conv0/conv2d/kernel/ApplyGradientDescent	1602294572610779	7
tower_0/v/xentropy/sparse_softmax_cross_entropy_loss/xentropy/xentropy	1602294571190007	213
tower_0/v/cg/dropout0/dropout/dropout/rate	-1	-1
ConstantFolding/tower_0/v/gradients/tower_0/v/cg/conv10/conv2d/Conv2D_grad/ShapeN-matshapes-0	-1	-1
v/cg/conv7/conv2d/kernel	-1	-1
tower_0/v/gradients/AddN_5	1602294571205424	2300
tower_0/v/gradients/tower_0/v/cg/conv6/Relu_grad/ReluGrad	1602294571636862	4339
v/cg/conv10/biases	-1	-1
v/cg/conv7/biases	-1	-1
tower_0/v/gradients/tower_0/v/cg/conv2/conv2d/Conv2D_grad/Conv2DBackpropFilter	1602294572242469	60484
tower_0/v/gradients/tower_0/v/cg/Reshape_grad/Shape	-1	-1
append_apply_gradient_ops/GradientDescent/update_v/cg/conv4/biases/ApplyGradientDescent	1602294572036235	7
tower_0/v/cg/conv3/Relu	1602294570893266	5668
tower_0/v/gradients/tower_0/v/cg/conv5/BiasAdd_grad/BiasAddGrad	1602294571916181	1243
tower_0/v/gradients/tower_0/v/cg/mpool4/MaxPool_grad/MaxPoolGrad	1602294571207737	845
tower_0/v/cg/affine1/xw_plus_b/MatMul	1602294571188374	1119
tower_0/v/gradients/tower_0/v/cg/affine2/xw_plus_b/MatMul_grad/MatMul	1602294571190285	365
v/cg/conv9/biases	-1	-1
tower_0/v/l2_loss/L2Loss_29	1602294570650980	10
tower_0/v/l2_loss/L2Loss_17	1602294570649729	17
tower_0/v/gradients/AddN_17	1602294571636814	34
v/cg/conv4/conv2d/kernel	-1	-1
v/cg/conv12/biases/read	-1	-1
tower_0/v/vgg16_synthetic_labels/max	-1	-1
tower_0/v/cg/affine2/xw_plus_b/MatMul	1602294571189562	429
tower_0/v/gradients/tower_0/v/cg/conv3/conv2d/Conv2D_grad/Conv2DBackpropFilter	1602294572095209	107708
tower_0/v/cg/Reshape/shape	-1	-1
tower_0/v/cg/conv4/conv2d/Conv2D	1602294570903069	19639
tower_0/v/cg/conv8/Relu	1602294571090124	1404
v/cg/conv10/biases/read	-1	-1
tower_0/v/cg/conv11/BiasAdd	1602294571171629	462
tower_0/v/gradients/tower_0/v/cg/conv10/BiasAdd_grad/BiasAddGrad	1602294571248406	335
ConstantFolding/tower_0/v/gradients/tower_0/v/cg/conv12/conv2d/Conv2D_grad/ShapeN-matshapes-0	-1	-1
append_apply_gradient_ops/GradientDescent/update_v/cg/affine2/weights/ApplyGradientDescent	1602294571191112	97
tower_0/v/cg/dropout0/dropout/dropout/Cast	1602294570677329	20
tower_0/v/l2_loss/L2Loss_13	1602294570649443	4
tower_0/v/cg/conv5/Relu	1602294570966035	2826
tower_0/v/l2_loss/L2Loss_7	1602294570649659	4
tower_0/v/gpu_cached_inputs	-1	-1
tower_0/v/gradients/tower_0/v/l2_loss/L2Loss_30_grad/mul	1602294570647950	72
v/cg/conv0/biases/read	-1	-1
tower_0/v/gradients/AddN_26	1602294572302965	4
tower_0/v/gradients/AddN_14	1602294571594145	7
tower_0/v/xentropy/sparse_softmax_cross_entropy_loss/Sum	1602294571190235	7
v/cg/conv5/conv2d/kernel/read	-1	-1
tower_0/v/l2_loss/L2Loss_30	1602294570647872	60
tower_0/v/gradients/tower_0/v/cg/conv5/conv2d/Conv2D_grad/Conv2DBackpropFilter	1602294571811100	105078
tower_0/v/l2_loss/L2Loss_11	1602294570649692	4
append_apply_gradient_ops/GradientDescent/update_v/cg/conv12/conv2d/kernel/ApplyGradientDescent	1602294571247742	57
ConstantFolding/tower_0/v/gradients/tower_0/v/cg/conv7/conv2d/Conv2D_grad/ShapeN-matshapes-0	-1	-1
v/cg/affine2/weights/read	-1	-1
v/cg/conv1/conv2d/kernel/read	-1	-1
main_fetch_group/_70	-1	-1
append_apply_gradient_ops/GradientDescent/update_v/cg/conv7/biases/ApplyGradientDescent	1602294571636852	7
append_apply_gradient_ops/GradientDescent/update_v/cg/affine1/biases/ApplyGradientDescent	1602294571193763	11
append_apply_gradient_ops/GradientDescent	-1	-1
tower_0/v/gradients/AddN_6	1602294571229284	6
ConstantFolding/tower_0/v/gradients/tower_0/v/cg/conv8/conv2d/Conv2D_grad/ShapeN-matshapes-0	-1	-1
tower_0/v/gradients/AddN_4	1602294571205414	7
tower_0/v/cg/conv0/conv2d/Conv2D	1602294570653472	8849
v/cg/conv2/biases	-1	-1
tower_0/v/gradients/tower_0/v/cg/conv9/conv2d/Conv2D_grad/Conv2DBackpropFilter	1602294571329372	102044
v/cg/conv4/conv2d/kernel/read	-1	-1
tower_0/v/l2_loss/L2Loss_31	1602294570649947	18
tower_0/v/cg/affine0/xw_plus_b/MatMul	1602294571182061	6241
v/cg/conv12/conv2d/kernel/read	-1	-1
tower_0/v/gradients/tower_0/v/l2_loss/L2Loss_27_grad/mul	1602294570647811	18
append_apply_gradient_ops/GradientDescent/update_v/cg/conv6/biases/ApplyGradientDescent	1602294571811084	7
tower_0/v/cg/conv3/BiasAdd	1602294570885865	7398
tower_0/v/xentropy/sparse_softmax_cross_entropy_loss/Mul	-1	-1
append_apply_gradient_ops/GradientDescent/update_v/cg/conv3/biases/ApplyGradientDescent	1602294572211810	7
v/cg/conv3/conv2d/kernel/read	-1	-1
tower_0/v/cg/conv9/BiasAdd	1602294571149507	1823
tower_0/v/gradients/tower_0/v/cg/conv2/Relu_grad/ReluGrad	1602294572202931	8859
tower_0/v/gradients/tower_0/v/l2_loss/L2Loss_12_grad/mul	1602294570649362	8
tower_0/v/gradients/tower_0/v/l2_loss/L2Loss_11_grad/mul	1602294570649698	8
append_apply_gradient_ops/GradientDescent/update_v/cg/affine0/biases/ApplyGradientDescent	1602294571207727	7
v/cg/conv7/conv2d/kernel/read	-1	-1
tower_0/v/cg/mpool3/MaxPool	1602294571152740	1091
tower_0/v/gradients/AddN_2	1602294571193348	7
tower_0/v/l2_loss/L2Loss_23	1602294570649681	4
tower_0/v/cg/dropout0_1/dropout/dropout/mul	1602294570688811	22
tower_0/v/cg/conv1/BiasAdd	1602294570757566	14942
v/cg/conv10/conv2d/kernel	-1	-1
tower_0/v/gradients/tower_0/v/cg/affine1/xw_plus_b_grad/BiasAddGrad	1602294571191253	22
v/cg/affine2/biases	-1	-1
tower_0/v/gradients/tower_0/v/cg/conv8/BiasAdd_grad/BiasAddGrad	1602294571433606	691
tower_0/v/l2_loss/L2Loss_20	1602294570647601	52
average_loss/Mean	-1	-1
tower_0/v/gradients/tower_0/v/l2_loss/L2Loss_16_grad/mul	1602294570649406	35
tower_0/v/l2_loss/L2Loss_1	1602294570649495	4
tower_0/v/l2_loss/AddN	1602294570662368	36
append_apply_gradient_ops/GradientDescent/update_v/cg/conv2/conv2d/kernel/ApplyGradientDescent	1602294572341388	7
tower_0/v/cg/affine1/affine1	1602294571189521	9
tower_0/v/cg/conv2/BiasAdd	1602294570825091	7407
ConstantFolding/tower_0/v/gradients/tower_0/v/cg/conv1/conv2d/Conv2D_grad/ShapeN-matshapes-0	-1	-1
ConstantFolding/tower_0/v/gradients/tower_0/v/cg/conv11/conv2d/Conv2D_grad/ShapeN-matshapes-1	-1	-1
tower_0/v/gradients/tower_0/v/cg/conv1/conv2d/Conv2D_grad/Conv2DBackpropInput	1602294572346171	68705
v/cg/conv6/conv2d/kernel	-1	-1
v/cg/conv3/biases/read	-1	-1
tower_0/v/vgg16_synthetic_labels	1602294570647123	31
tower_0/v/gradients/tower_0/v/cg/conv4/BiasAdd_grad/BiasAddGrad	1602294571980837	1236
tower_0/v/gradients/AddN_12	1602294571431420	7
tower_0/v/gradients/tower_0/v/cg/dropout0/dropout/dropout/mul_grad/Mul	1602294571193777	28
tower_0/v/vgg16_synthetic_labels/min	-1	-1
tower_0/v/xentropy/sparse_softmax_cross_entropy_loss/num_present	-1	-1
tower_0/v/cg/mpool2/MaxPool	1602294571008562	2067
ConstantFolding/tower_0/v/gradients/tower_0/v/cg/conv5/conv2d/Conv2D_grad/ShapeN-matshapes-1	-1	-1
append_apply_gradient_ops/GradientDescent/update_v/cg/conv10/conv2d/kernel/ApplyGradientDescent	1602294571270566	60
tower_0/v/cg/conv10/Relu	1602294571162802	354
ConstantFolding/tower_0/v/gradients/tower_0/v/cg/conv3/conv2d/Conv2D_grad/ShapeN-matshapes-0	-1	-1
v/cg/conv6/conv2d/kernel/read	-1	-1
tower_0/v/gradients/AddN	1602294571190925	7
tower_0/v/gradients/tower_0/v/cg/conv9/conv2d/Conv2D_grad/Conv2DBackpropInput	1602294571271327	58033
tower_0/v/gradients/tower_0/v/l2_loss/L2Loss_6_grad/mul	1602294570649526	5
average_loss/Mean/_74	1602294571193765	11
tower_0/v/gradients/tower_0/v/cg/conv12/conv2d/Conv2D_grad/Conv2DBackpropFilter	1602294571219830	9452
v/cg/conv11/biases/read	-1	-1
tower_0/v/l2_loss/L2Loss_21	1602294570650997	4
v/cg/conv3/conv2d/kernel	-1	-1
learning_rate_tensor/input	-1	-1
tower_0/v/gradients/tower_0/v/cg/conv5/conv2d/Conv2D_grad/Conv2DBackpropInput	1602294571917427	58989
tower_0/v/cg/dropout0/dropout/dropout/truediv	-1	-1
v/cg/conv8/conv2d/kernel/read	-1	-1
v/cg/affine2/biases/read	-1	-1
tower_0/v/cg/dropout0_1/dropout/dropout/GreaterEqual	1602294570662348	18
tower_0/v/gpu_cached_inputs/read	-1	-1
tower_0/v/gradients/tower_0/v/l2_loss/L2Loss_14_grad/mul	1602294570649557	19
v/cg/conv2/conv2d/kernel/read	-1	-1
tower_0/v/gradients/AddN_8	1602294571247802	7
tower_0/v/gradients/tower_0/v/l2_loss/L2Loss_21_grad/mul	1602294570651003	16
v/cg/conv0/conv2d/kernel	-1	-1
ConstantFolding/tower_0/v/gradients/tower_0/v/cg/conv1/conv2d/Conv2D_grad/ShapeN-matshapes-1	-1	-1
tower_0/v/l2_loss/L2Loss_19	1602294570651040	16
tower_0/v/gradients/tower_0/v/cg/conv10/conv2d/Conv2D_grad/Conv2DBackpropInput	1602294571248745	8094
tower_0/v/l2_loss/L2Loss_10	1602294570649468	16
tower_0/v/cg/conv12/conv2d/Conv2D	1602294571172450	8484
tower_0/v/gradients/tower_0/v/cg/conv12/BiasAdd_grad/BiasAddGrad	1602294571211405	333
tower_0/v/l2_loss/L2Loss_9	1602294570650969	4
tower_0/v/gradients/tower_0/v/cg/conv4/conv2d/Conv2D_grad/Conv2DBackpropFilter	1602294572000867	25007
tower_0/v/gradients/tower_0/v/l2_loss/L2Loss_15_grad/mul	1602294570649676	4
v/cg/affine1/biases/read	-1	-1
v/cg/conv5/biases/read	-1	-1
ConstantFolding/tower_0/v/gradients/tower_0/v/cg/conv2/conv2d/Conv2D_grad/ShapeN-matshapes-1	-1	-1
append_apply_gradient_ops/GradientDescent/update_v/cg/conv9/conv2d/kernel/ApplyGradientDescent	1602294571594086	56
tower_0/v/gradients/AddN_22	1602294572025877	8
tower_0/v/cg/conv6/Relu	1602294571005726	2833
tower_0/v/gradients/AddN_29	1602294572583210	6
tower_0/v/gradients/tower_0/v/cg/conv0/Relu_grad/ReluGrad	1602294572565024	18184
tower_0/v/gradients/tower_0/v/l2_loss/L2Loss_19_grad/mul	1602294570651081	16
tower_0/v/cg/conv7/BiasAdd	1602294571027071	1818
tower_0/v/gradients/tower_0/v/l2_loss/L2Loss_23_grad/mul	1602294570649687	4
append_apply_gradient_ops/GradientDescent/update_v/cg/conv7/conv2d/kernel/ApplyGradientDescent	1602294571641204	36
v/cg/conv11/biases	-1	-1
tower_0/v/gradients/tower_0/v/cg/Reshape_grad/Reshape	-1	-1
tower_0/v/gradients/tower_0/v/cg/affine1/xw_plus_b/MatMul_grad/MatMul_1	1602294571192434	912
v/cg/affine1/weights/read	-1	-1
tower_0/v/gradients/AddN_18	1602294571806722	8
tower_0/v/cg/conv10/BiasAdd	1602294571162336	463
tower_0/v/cg/conv4/BiasAdd	1602294570922715	3669
v/cg/affine2/weights	-1	-1
gpu_compute_stage_ops_group	-1	-1
tower_0/v/cg/conv5/conv2d/Conv2D	1602294570929221	33127
tower_0/v/l2_loss/L2Loss_24	1602294570649829	42
tower_0/v/l2_loss/L2Loss_16	1602294570649372	33
tower_0/v/cg/conv0/Relu	1602294570677384	11402
tower_0/v/l2_loss/L2Loss_25	1602294570650446	25
v/cg/conv12/biases	-1	-1
tower_0/v/l2_loss/L2Loss_22	1602294570649578	31
tower_0/v/cg/dropout0/dropout/dropout/random_uniform/mul	-1	-1
tower_0/v/gradients/tower_0/v/cg/conv11/conv2d/Conv2D_grad/Conv2DBackpropInput	1602294571230218	8077
tower_0/v/gradients/tower_0/v/l2_loss/L2Loss_20_grad/mul	1602294570647704	52
tower_0/v/l2_loss/L2Loss_6	1602294570649505	20
tower_0/v/gradients/AddN_24	1602294572202920	7
tower_0/v/xentropy/sparse_softmax_cross_entropy_loss/value	1602294571190915	6
v/cg/affine0/weights/read	-1	-1
tower_0/v/gradients/tower_0/v/cg/mpool2/MaxPool_grad/MaxPoolGrad	1602294571630150	6661
append_apply_gradient_ops/GradientDescent/update_v/cg/conv11/conv2d/kernel/ApplyGradientDescent	1602294571266284	57
append_apply_gradient_ops/GradientDescent/update_v/cg/conv1/conv2d/kernel/ApplyGradientDescent	1602294572610754	6
tower_0/v/cg/conv12/BiasAdd	1602294571180937	460
tower_0/v/gradients/tower_0/v/l2_loss/L2Loss_13_grad/mul	1602294570649449	4
tower_0/v/gradients/tower_0/v/l2_loss/L2Loss_29_grad/mul	1602294570650992	4
tower_0/v/gradients/tower_0/v/cg/affine0/xw_plus_b/MatMul_grad/MatMul	1602294571194249	5848
tower_0/v/gradients/tower_0/v/l2_loss/L2Loss_3_grad/mul	1602294570649653	4
ConstantFolding/tower_0/v/gradients/tower_0/v/cg/conv2/conv2d/Conv2D_grad/ShapeN-matshapes-0	-1	-1
tower_0/v/gradients/AddN_7	1602294571229801	61
tower_0/v/cg/mpool1/MaxPool	1602294570898937	4128
tower_0/v/cg/conv8/conv2d/Conv2D	1602294571030302	57994
tower_0/v/gradients/tower_0/v/cg/conv6/BiasAdd_grad/BiasAddGrad	1602294571641249	1240
tower_0/v/gradients/tower_0/v/cg/conv7/conv2d/Conv2D_grad/Conv2DBackpropInput	1602294571597028	16034
append_apply_gradient_ops/GradientDescent/update_v/cg/conv0/biases/ApplyGradientDescent	1602294572610773	4
v/cg/conv1/biases	-1	-1
tower_0/v/cg/conv1/conv2d/Conv2D	1602294570688835	68730
tower_0/v/cg/dropout0/dropout/dropout/random_uniform/RandomUniform	1602294570647250	37
tower_0/v/cg/dropout0/dropout/dropout/Shape	-1	-1
tower_0/v/cg/affine1/xw_plus_b	1602294571189495	25
append_apply_gradient_ops/GradientDescent/update_v/cg/affine2/biases/ApplyGradientDescent	1602294571191073	8
ConstantFolding/tower_0/v/gradients/tower_0/v/cg/conv3/conv2d/Conv2D_grad/ShapeN-matshapes-1	-1	-1
v/cg/conv12/conv2d/kernel	-1	-1
tower_0/v/gradients/AddN_9	1602294571248323	59
tower_0/v/gradients/AddN_28	1602294572565018	4
tower_0/v/l2_loss/L2Loss_27	1602294570647763	24
tower_0/v/gradients/tower_0/v/cg/conv3/Relu_grad/ReluGrad	1602294572036245	8899
tower_0/v/gradients/tower_0/v/l2_loss/L2Loss_22_grad/mul	1602294570649611	35
tower_0/v/gradients/tower_0/v/cg/affine1/xw_plus_b/MatMul_grad/MatMul	1602294571191286	1145
tower_0/v/cg/conv2/Relu	1602294570832501	5681
tower_0/v/cg/conv0/BiasAdd	1602294570662407	14920
tower_0/v/gradients/AddN_11	1602294571268401	61
tower_0/v/gradients/AddN_15	1602294571596255	62
tower_0/v/cg/affine0/affine0	1602294571188327	13
_SOURCE	-1	-1
tower_0/v/gradients/tower_0/v/l2_loss/L2Loss_25_grad/mul	1602294570650492	18
tower_0/v/gradients/tower_0/v/cg/conv6/conv2d/Conv2D_grad/Conv2DBackpropInput	1602294571642493	59054
tower_0/v/vgg16_synthetic_labels/shape	-1	-1
tower_0/v/cg/dropout0_1/dropout/dropout/mul_1	1602294571189534	25
append_apply_gradient_ops/GradientDescent/update_v/cg/affine1/weights/ApplyGradientDescent	1602294571193808	375
tower_0/v/gradients/tower_0/v/cg/mpool3/MaxPool_grad/MaxPoolGrad	1602294571266353	2044
tower_0/v/cg/conv12/Relu	1602294571181401	352
tower_0/v/cg/dropout0_1/dropout/dropout/random_uniform/mul	-1	-1
tower_0/v/cg/affine2/xw_plus_b	1602294571189993	12
tower_0/v/gradients/tower_0/v/l2_loss/L2Loss_2_grad/mul	1602294570650107	24
tower_0/v/cg/conv7/Relu	1602294571028892	1407
v/cg/conv8/conv2d/kernel	-1	-1
tower_0/v/l2_loss/L2Loss_5	1602294570649333	4
tower_0/v/gradients/AddN_16	1602294571630139	7
tower_0/v/cg/conv3/conv2d/Conv2D	1602294570838185	47676
tower_0/v/gradients/tower_0/v/cg/affine2/xw_plus_b_grad/BiasAddGrad	1602294571190255	20
tower_0/v/gradients/tower_0/v/cg/conv4/conv2d/Conv2D_grad/Conv2DBackpropInput	1602294571982076	18786
ConstantFolding/tower_0/v/gradients/tower_0/v/cg/conv8/conv2d/Conv2D_grad/ShapeN-matshapes-1	-1	-1
v/cg/conv2/conv2d/kernel	-1	-1
tower_0/v/cg/conv9/conv2d/Conv2D	1602294571091529	57977
v/cg/conv8/biases/read	-1	-1
tower_0/v/gradients/AddN_10	1602294571266343	6
tower_0/v/gradients/AddN_13	1602294571433526	59
tower_0/v/cg/conv2/conv2d/Conv2D	1602294570791844	33244
v/cg/conv8/biases	-1	-1
tower_0/v/gradients/tower_0/v/xentropy/sparse_softmax_cross_entropy_loss/xentropy/xentropy_grad/ExpandDims	-1	-1
tower_0/v/gradients/tower_0/v/cg/conv3/conv2d/Conv2D_grad/Conv2DBackpropInput	1602294572047618	47578
v/cg/conv5/biases	-1	-1
tower_0/v/gradients/tower_0/v/cg/mpool1/MaxPool_grad/MaxPoolGrad	1602294572025890	10324
tower_0/v/gradients/tower_0/v/cg/conv2/BiasAdd_grad/BiasAddGrad	1602294572211828	2434
v/cg/conv9/conv2d/kernel/read	-1	-1
tower_0/v/cg/dropout0/dropout/dropout/mul	1602294570688789	21
tower_0/v/l2_loss/L2Loss_4	1602294570650949	14
tower_0/v/gradients/tower_0/v/l2_loss/L2Loss_17_grad/mul	1602294570649771	17
tower_0/v/gradients/tower_0/v/cg/conv1/conv2d/Conv2D_grad/Conv2DBackpropFilter	1602294572414878	150138
tower_0/v/cg/conv8/BiasAdd	1602294571088299	1822
tower_0/v/gradients/tower_0/v/cg/conv10/conv2d/Conv2D_grad/Conv2DBackpropFilter	1602294571256842	9441
tower_0/v/gradients/tower_0/v/cg/conv7/Relu_grad/ReluGrad	1602294571594155	2098
tower_0/v/cg/dropout0_1/dropout/dropout/random_uniform/RandomUniform	1602294570647316	36
tower_0/v/cg/dropout0/dropout/dropout/mul_1	1602294571188342	25
append_apply_gradient_ops/GradientDescent/update_v/cg/conv6/conv2d/kernel/ApplyGradientDescent	1602294571976418	22
tower_0/v/cg/conv11/conv2d/Conv2D	1602294571163157	8468
v/cg/conv4/biases	-1	-1
tower_0/v/l2_loss/L2Loss_28	1602294570650551	139
tower_0/v/gradients/tower_0/v/cg/affine0/xw_plus_b_grad/BiasAddGrad	1602294571194228	19
ConstantFolding/tower_0/v/gradients/tower_0/v/cg/conv11/conv2d/Conv2D_grad/ShapeN-matshapes-0	-1	-1
tower_0/v/gradients/AddN_1	1602294571190961	99
tower_0/v/gradients/AddN_21	1602294571976441	23
tower_0/v/gradients/tower_0/v/cg/conv3/BiasAdd_grad/BiasAddGrad	1602294572045175	2441
tower_0/v/gradients/tower_0/v/l2_loss/L2Loss_7_grad/mul	1602294570649664	4
tower_0/v/cg/dropout0/dropout/dropout/GreaterEqual	1602294570662324	21
tower_0/v/gradients/tower_0/v/cg/conv0/conv2d/Conv2D_grad/Conv2DBackpropFilter	1602294572588005	22748
ConstantFolding/tower_0/v/gradients/tower_0/v/cg/conv6/conv2d/Conv2D_grad/ShapeN-matshapes-0	-1	-1
tower_0/v/mul/x	-1	-1
v/cg/conv9/biases/read	-1	-1
append_apply_gradient_ops/GradientDescent/update_v/cg/conv8/biases/ApplyGradientDescent	1602294571596320	7
tower_0/v/gradients/tower_0/v/cg/conv9/Relu_grad/ReluGrad	1602294571268473	2089
tower_0/v/gradients/AddN_3	1602294571193383	376
tower_0/v/l2_loss/L2Loss_8	1602294570650183	43
average_loss/Mean/input	-1	-1
tower_0/v/gradients/AddN_19	1602294571811061	21
v/cg/conv11/conv2d/kernel/read	-1	-1
tower_0/v/gradients/tower_0/v/l2_loss/L2Loss_1_grad/mul	1602294570649500	4
tower_0/v/transpose/perm	-1	-1
tower_0/v/gradients/tower_0/v/l2_loss/L2Loss_5_grad/mul	1602294570649338	4
tower_0/v/gradients/tower_0/v/l2_loss/L2Loss_26_grad/mul	1602294570651866	1603
tower_0/v/gradients/tower_0/v/cg/conv6/conv2d/Conv2D_grad/Conv2DBackpropFilter	1602294571701554	105164
append_apply_gradient_ops/GradientDescent/update_v/cg/conv11/biases/ApplyGradientDescent	1602294571248386	8
v/cg/conv0/biases	-1	-1
tower_0/v/cg/conv5/BiasAdd	1602294570962351	3680
tower_0/v/gradients/tower_0/v/cg/conv1/BiasAdd_grad/BiasAddGrad	1602294572341401	4768
tower_0/v/gradients/tower_0/v/cg/dropout0_1/dropout/dropout/mul_grad/Mul	1602294571191084	26
tower_0/v/gradients/tower_0/v/l2_loss/L2Loss_31_grad/mul	1602294570649996	17
tower_0/v/gradients/AddN_25	1602294572211793	14
tower_0/v/cg/mpool0/MaxPool	1602294570783949	7893
average_loss/range	-1	-1
tower_0/v/gradients/tower_0/v/cg/mpool0/MaxPool_grad/MaxPoolGrad	1602294572302971	20270
tower_0/v/gradients/AddN_31	1602294572610767	4
tower_0/v/gradients/tower_0/v/cg/conv8/conv2d/Conv2D_grad/Conv2DBackpropFilter	1602294571492264	101818
v/cg/conv9/conv2d/kernel	-1	-1
tower_0/v/mul	1602294570677373	7
tower_0/v/gradients/tower_0/v/cg/conv7/BiasAdd_grad/BiasAddGrad	1602294571596334	689
v/cg/conv1/biases/read	-1	-1
tower_0/v/l2_loss/L2Loss_12	1602294570649344	17
tower_0/v/gradients/tower_0/v/cg/conv0/BiasAdd_grad/BiasAddGrad	1602294572583232	4768
ConstantFolding/tower_0/v/gradients/tower_0/v/cg/conv6/conv2d/Conv2D_grad/ShapeN-matshapes-1	-1	-1
tower_0/v/gradients/tower_0/v/cg/conv4/Relu_grad/ReluGrad	1602294571976475	4315
tower_0/v/gradients/tower_0/v/cg/conv11/conv2d/Conv2D_grad/Conv2DBackpropFilter	1602294571238298	9441
tower_0/v/gradients/AddN_27	1602294572323242	8
tower_0/v/gradients/tower_0/v/cg/affine2/xw_plus_b/MatMul_grad/MatMul_1	1602294571190653	260
tower_0/v/cg/conv6/BiasAdd	1602294571002057	3665
ConstantFolding/tower_0/v/gradients/tower_0/v/cg/conv5/conv2d/Conv2D_grad/ShapeN-matshapes-0	-1	-1
append_apply_gradient_ops/GradientDescent/update_v/cg/conv9/biases/ApplyGradientDescent	1602294571433591	7
v/cg/conv6/biases	-1	-1
tower_0/v/gradients/tower_0/v/cg/conv8/Relu_grad/ReluGrad	1602294571431429	2094
v/cg/conv11/conv2d/kernel	-1	-1
v/cg/affine0/biases/read	-1	-1
v/cg/conv10/conv2d/kernel/read	-1	-1
v/cg/conv5/conv2d/kernel	-1	-1
v/cg/conv0/conv2d/kernel/read	-1	-1
tower_0/v/l2_loss/L2Loss	1602294570649454	7
train_ops_group	-1	-1
tower_0/v/gradients/tower_0/v/l2_loss/L2Loss_4_grad/mul	1602294570650964	4
tower_0/v/cg/conv10/conv2d/Conv2D	1602294571153832	8502
tower_0/v/cg/conv7/conv2d/Conv2D	1602294571010631	16433
append_apply_gradient_ops/GradientDescent/update_v/cg/conv4/conv2d/kernel/ApplyGradientDescent	1602294572045148	20
v/cg/affine1/biases	-1	-1
tower_0/v/gradients/tower_0/v/cg/conv8/conv2d/Conv2D_grad/Conv2DBackpropInput	1602294571434298	57960
tower_0/v/cg/affine0/xw_plus_b	1602294571188305	19
