tower_0/v/cg/dropout0/dropout/dropout/mul
	1.0
v/cg/conv10/conv2d/kernel
v/cg/conv3/conv2d/kernel
tower_0/v/gradients/AddN_31
v/cg/affine1/weights
tower_0/v/l2_loss/L2Loss_18
	0.000244140625
	0.0087890625
tower_0/v/gradients/AddN
average_loss/Mean/input
v/cg/conv7/biases/read
v/cg/conv0/biases/read
append_apply_gradient_ops/GradientDescent/update_v/cg/affine0/weights/ApplyGradientDescent
v/cg/conv3/biases/read
tower_0/v/l2_loss/L2Loss_1
	0.000244140625
tower_0/v/cg/dropout0_1/dropout/dropout/GreaterEqual
	0.25
tower_0/v/cg/conv9/conv2d/Conv2D
	98.0
	9.0
	477.0
tower_0/v/gpu_cached_inputs
tower_0/v/gradients/tower_0/v/cg/conv2/conv2d/Conv2D_grad/Conv2DBackpropFilter
	0.28125
	0.28125
	1324.125
append_apply_gradient_ops/GradientDescent/update_v/cg/conv10/conv2d/kernel/ApplyGradientDescent
tower_0/v/gradients/tower_0/v/cg/conv1/conv2d/Conv2D_grad/Conv2DBackpropFilter
	0.140625
	0.140625
	0.014892578125
ConstantFolding/tower_0/v/gradients/tower_0/v/cg/conv3/conv2d/Conv2D_grad/ShapeN-matshapes-1
tower_0/v/gradients/tower_0/v/cg/conv1/Relu_grad/ReluGrad
tower_0/v/gradients/tower_0/v/cg/dropout0_1/dropout/dropout/mul_grad/Mul
tower_0/v/cg/affine0/affine0
tower_0/v/l2_loss/L2Loss_23
	0.000244140625
v/cg/affine1/weights/read
v/cg/conv1/conv2d/kernel
tower_0/v/cg/conv10/Relu
append_apply_gradient_ops/GradientDescent/update_v/cg/conv2/biases/ApplyGradientDescent
append_apply_gradient_ops/GradientDescent/update_v/cg/affine1/weights/ApplyGradientDescent
tower_0/v/gradients/tower_0/v/l2_loss/L2Loss_14_grad/mul
	4.5
append_apply_gradient_ops/GradientDescent/update_v/cg/conv4/biases/ApplyGradientDescent
_SOURCE
tower_0/v/gradients/tower_0/v/l2_loss/L2Loss_29_grad/mul
	0.015625
tower_0/v/gradients/tower_0/v/l2_loss/L2Loss_15_grad/mul
	0.001953125
tower_0/v/gradients/tower_0/v/cg/affine0/xw_plus_b_grad/BiasAddGrad
	0.015625
tower_0/v/gradients/AddN_4
tower_0/v/cg/conv6/BiasAdd
tower_0/v/cg/conv10/conv2d/Conv2D
	24.5
	9.0
	180.0
tower_0/v/gradients/tower_0/v/l2_loss/L2Loss_19_grad/mul
	0.001953125
tower_0/v/vgg16_synthetic_labels/max
tower_0/v/gradients/tower_0/v/cg/conv2/Relu_grad/ReluGrad
v/cg/conv8/conv2d/kernel/read
tower_0/v/xentropy/sparse_softmax_cross_entropy_loss/Sum
	0.000244140625
tower_0/v/gradients/tower_0/v/cg/affine1/affine1_grad/ReluGrad
tower_0/v/vgg16_synthetic_labels
	0.000244140625
tower_0/v/gradients/AddN_19
tower_0/v/gradients/tower_0/v/l2_loss/L2Loss_27_grad/mul
	0.015625
tower_0/v/cg/dropout0/dropout/dropout/random_uniform/RandomUniform
	1.0
tower_0/v/gradients/tower_0/v/l2_loss/L2Loss_16_grad/mul
	9.0
append_apply_gradient_ops/GradientDescent/update_v/cg/conv11/biases/ApplyGradientDescent
ConstantFolding/tower_0/v/gradients/tower_0/v/cg/conv10/conv2d/Conv2D_grad/ShapeN-matshapes-0
tower_0/v/gradients/tower_0/v/l2_loss/L2Loss_9_grad/mul
	0.0009765625
tower_0/v/gradients/tower_0/v/cg/conv3/conv2d/Conv2D_grad/Conv2DBackpropInput
	465.018798828125
	0.5625
	490.0
	1766.25
tower_0/v/gradients/tower_0/v/l2_loss/L2Loss_2_grad/mul
	0.140625
tower_0/v/cg/conv8/conv2d/Conv2D
	98.0
	9.0
	477.0
tower_0/v/cg/dropout0/dropout/dropout/random_uniform/mul
tower_0/v/cg/dropout0_1/dropout/dropout/mul_1
tower_0/v/l2_loss/L2Loss_31
	0.000244140625
ConstantFolding/tower_0/v/gradients/tower_0/v/cg/conv11/conv2d/Conv2D_grad/ShapeN-matshapes-1
tower_0/v/gradients/tower_0/v/l2_loss/L2Loss_10_grad/mul
	2.25
tower_0/v/cg/conv1/Relu
tower_0/v/gradients/tower_0/v/l2_loss/L2Loss_grad/mul
	0.006591796875
tower_0/v/gradients/tower_0/v/cg/conv8/conv2d/Conv2D_grad/Conv2DBackpropInput
	113.0185546875
	15.6591796875
	98.0
	477.0
ConstantFolding/tower_0/v/gradients/tower_0/v/cg/conv5/conv2d/Conv2D_grad/ShapeN-matshapes-0
tower_0/v/l2_loss/L2Loss_19
	0.000244140625
tower_0/v/gradients/tower_0/v/cg/affine0/xw_plus_b/MatMul_grad/MatMul
	6.125
tower_0/v/l2_loss/L2Loss_3
	0.000244140625
tower_0/v/gpu_cached_inputs/read
tower_0/v/gradients/tower_0/v/cg/conv7/conv2d/Conv2D_grad/Conv2DBackpropInput
	49.0
	4.5
	49.0
	348.75
v/cg/conv6/conv2d/kernel
tower_0/v/gradients/AddN_21
tower_0/v/cg/conv4/conv2d/Conv2D
	196.0
	1.125
	340.046875
tower_0/v/l2_loss/L2Loss_12
	0.000244140625
	0.0087890625
v/cg/affine1/biases/read
tower_0/v/cg/conv5/conv2d/Conv2D
	196.0
	2.25
	544.046875
tower_0/v/gradients/tower_0/v/cg/conv6/conv2d/Conv2D_grad/Conv2DBackpropInput
	196.0
	3.0
	196.0
	544.046875
learning_rate_tensor/input
append_apply_gradient_ops/GradientDescent/update_v/cg/conv7/conv2d/kernel/ApplyGradientDescent
main_fetch_group
tower_0/v/l2_loss/L2Loss_26
	0.000244140625
	0.0087890625
v/cg/conv0/conv2d/kernel
v/cg/conv2/conv2d/kernel
tower_0/v/gradients/tower_0/v/cg/affine2/xw_plus_b/MatMul_grad/MatMul
	1.0
tower_0/v/gradients/AddN_25
ConstantFolding/tower_0/v/gradients/tower_0/v/cg/conv12/conv2d/Conv2D_grad/ShapeN-matshapes-1
ConstantFolding/tower_0/v/gradients/tower_0/v/cg/conv3/conv2d/Conv2D_grad/ShapeN-matshapes-0
tower_0/v/cg/mpool1/MaxPool
	98.0
tower_0/v/cg/dropout0/dropout/dropout/Shape
tower_0/v/cg/conv5/Relu
v/cg/affine0/weights
tower_0/v/gradients/tower_0/v/cg/conv6/Relu_grad/ReluGrad
tower_0/v/gradients/tower_0/v/cg/affine0/xw_plus_b/MatMul_grad/MatMul_1
	392.0
tower_0/v/cg/conv2/BiasAdd
tower_0/v/gradients/tower_0/v/cg/dropout0_1/dropout/dropout/mul_1_grad/Mul
tower_0/v/gradients/AddN_24
tower_0/v/gradients/AddN_5
tower_0/v/gradients/tower_0/v/l2_loss/L2Loss_3_grad/mul
	0.000244140625
v/cg/conv1/biases/read
tower_0/v/gradients/AddN_1
ConstantFolding/tower_0/v/gradients/tower_0/v/cg/conv8/conv2d/Conv2D_grad/ShapeN-matshapes-1
tower_0/v/l2_loss/L2Loss_30
	0.000244140625
	0.0087890625
tower_0/v/cg/dropout0/dropout/dropout/GreaterEqual
	0.25
tower_0/v/gradients/tower_0/v/cg/mpool4/MaxPool_grad/MaxPoolGrad
	24.5
main_fetch_group/_70
tower_0/v/gradients/tower_0/v/l2_loss/L2Loss_5_grad/mul
	0.00048828125
tower_0/v/gradients/tower_0/v/cg/affine2/xw_plus_b_grad/BiasAddGrad
	0.00390625
tower_0/v/gradients/tower_0/v/cg/dropout0/dropout/dropout/mul_grad/Mul
tower_0/v/gradients/tower_0/v/xentropy/sparse_softmax_cross_entropy_loss/xentropy/xentropy_grad/ExpandDims
v/cg/conv6/biases
tower_0/v/cg/mpool3/MaxPool
	24.5
tower_0/v/transpose/perm
ConstantFolding/tower_0/v/gradients/tower_0/v/cg/conv7/conv2d/Conv2D_grad/ShapeN-matshapes-1
v/cg/conv5/conv2d/kernel
tower_0/v/gradients/tower_0/v/cg/conv10/conv2d/Conv2D_grad/Conv2DBackpropInput
	24.5
	9.00048828125
	24.5
	657.0
tower_0/v/gradients/AddN_9
tower_0/v/cg/mpool2/MaxPool
	49.0
tower_0/v/cg/conv3/conv2d/Conv2D
	392.0
	0.5625
	1766.25
tower_0/v/gradients/tower_0/v/l2_loss/L2Loss_21_grad/mul
	0.001953125
tower_0/v/l2_loss/L2Loss_21
	0.000244140625
average_loss/range
tower_0/v/cg/mpool4/MaxPool
	6.125
tower_0/v/gradients/tower_0/v/cg/mpool1/MaxPool_grad/MaxPoolGrad
	392.0
v/cg/conv9/conv2d/kernel/read
tower_0/v/l2_loss/L2Loss_17
	0.000244140625
tower_0/v/gradients/tower_0/v/cg/conv8/Relu_grad/ReluGrad
tower_0/v/cg/conv11/conv2d/Conv2D
	24.5
	9.0
	180.0
append_apply_gradient_ops/GradientDescent/update_v/cg/conv1/conv2d/kernel/ApplyGradientDescent
tower_0/v/cg/conv7/conv2d/Conv2D
	98.0
	4.5
	348.75
tower_0/v/l2_loss/AddN
append_apply_gradient_ops/GradientDescent/update_v/cg/conv2/conv2d/kernel/ApplyGradientDescent
tower_0/v/cg/dropout0/dropout/dropout/rate
append_apply_gradient_ops/GradientDescent/update_v/cg/conv0/biases/ApplyGradientDescent
append_apply_gradient_ops/GradientDescent/update_v/cg/affine1/biases/ApplyGradientDescent
v/cg/conv2/biases
tower_0/v/gradients/tower_0/v/cg/conv8/conv2d/Conv2D_grad/Conv2DBackpropFilter
	15.6591796875
	9.0
	477.0
v/cg/conv8/biases
tower_0/v/gradients/tower_0/v/cg/conv2/conv2d/Conv2D_grad/Conv2DBackpropInput
	196.0
	0.28125
	196.0
	136.046875
tower_0/v/add
tower_0/v/l2_loss/L2Loss_15
	0.000244140625
tower_0/v/cg/conv1/conv2d/Conv2D
	784.0
	0.25
	0.390869140625
tower_0/v/cg/conv10/BiasAdd
tower_0/v/gradients/tower_0/v/cg/conv10/BiasAdd_grad/BiasAddGrad
	0.001953125
	24.5
ConstantFolding/tower_0/v/gradients/tower_0/v/cg/conv10/conv2d/Conv2D_grad/ShapeN-matshapes-1
tower_0/v/l2_loss/L2Loss_8
	0.000244140625
	0.0087890625
append_apply_gradient_ops/GradientDescent/update_v/cg/conv9/biases/ApplyGradientDescent
tower_0/v/gradients/AddN_11
tower_0/v/transpose
	36.75
v/cg/affine2/biases/read
append_apply_gradient_ops/GradientDescent/update_v/cg/conv6/conv2d/kernel/ApplyGradientDescent
average_loss/Mean
tower_0/v/vgg16_synthetic_labels/shape
tower_0/v/l2_loss/L2Loss_9
	0.000244140625
tower_0/v/gradients/tower_0/v/cg/affine1/xw_plus_b/MatMul_grad/MatMul
	1.0
tower_0/v/gradients/tower_0/v/cg/conv3/conv2d/Conv2D_grad/Conv2DBackpropFilter
	0.5625
	0.5625
	1766.25
tower_0/v/gradients/tower_0/v/cg/conv5/BiasAdd_grad/BiasAddGrad
	0.0009765625
	196.0
	0.000244140625
	0.001953125
tower_0/v/cg/affine1/xw_plus_b
tower_0/v/cg/dropout0/dropout/dropout/truediv
tower_0/v/cg/conv7/Relu
v/cg/conv1/biases
v/cg/conv9/conv2d/kernel
tower_0/v/gradients/tower_0/v/cg/conv6/BiasAdd_grad/BiasAddGrad
	0.0009765625
	196.0
	0.000244140625
	0.001953125
tower_0/v/xentropy/sparse_softmax_cross_entropy_loss/Mul
tower_0/v/gradients/tower_0/v/cg/conv11/conv2d/Conv2D_grad/Conv2DBackpropFilter
	9.000244140625
	9.0
	180.0
tower_0/v/mul
v/cg/affine0/biases/read
tower_0/v/gradients/AddN_12
tower_0/v/gradients/tower_0/v/l2_loss/L2Loss_20_grad/mul
	9.0
tower_0/v/gradients/AddN_15
tower_0/v/gradients/tower_0/v/cg/conv1/conv2d/Conv2D_grad/Conv2DBackpropInput
	784.0
	0.140625
	784.0
	0.390869140625
tower_0/v/gradients/AddN_7
tower_0/v/gradients/tower_0/v/l2_loss/L2Loss_30_grad/mul
	15.640625
tower_0/v/gradients/tower_0/v/cg/mpool2/MaxPool_grad/MaxPoolGrad
	269.018798828125
v/cg/conv8/conv2d/kernel
tower_0/v/gradients/AddN_13
tower_0/v/gradients/AddN_6
tower_0/v/xentropy/sparse_softmax_cross_entropy_loss/value
v/cg/conv4/conv2d/kernel
tower_0/v/cg/dropout0/dropout/dropout/mul_1
tower_0/v/gradients/tower_0/v/l2_loss/L2Loss_18_grad/mul
	9.0
append_apply_gradient_ops/GradientDescent/update_v/cg/conv8/conv2d/kernel/ApplyGradientDescent
tower_0/v/gradients/AddN_28
tower_0/v/gradients/tower_0/v/cg/conv4/Relu_grad/ReluGrad
tower_0/v/cg/affine1/xw_plus_b/MatMul
	1.0
v/cg/conv1/conv2d/kernel/read
tower_0/v/gradients/tower_0/v/l2_loss/L2Loss_13_grad/mul
	0.0009765625
tower_0/v/cg/dropout0/dropout/dropout/Cast
	1.75
tower_0/v/cg/conv9/Relu
tower_0/v/l2_loss/L2Loss_13
	0.000244140625
tower_0/v/cg/conv0/Relu
tower_0/v/gradients/tower_0/v/cg/conv5/conv2d/Conv2D_grad/Conv2DBackpropInput
	196.0
	2.25
	196.0
	544.046875
v/cg/conv2/biases/read
tower_0/v/l2_loss/L2Loss_20
	0.000244140625
	0.0087890625
append_apply_gradient_ops/GradientDescent/update_v/cg/conv8/biases/ApplyGradientDescent
tower_0/v/gradients/tower_0/v/xentropy/sparse_softmax_cross_entropy_loss/xentropy/xentropy_grad/mul
tower_0/v/gradients/AddN_23
average_loss/Mean/_74
tower_0/v/gradients/tower_0/v/l2_loss/L2Loss_25_grad/mul
	0.001953125
v/cg/affine2/weights/read
tower_0/v/cg/conv1/BiasAdd
tower_0/v/gradients/tower_0/v/l2_loss/L2Loss_26_grad/mul
	392.0
tower_0/v/cg/conv0/BiasAdd
tower_0/v/gradients/tower_0/v/cg/conv12/conv2d/Conv2D_grad/Conv2DBackpropFilter
	15.656982421875
	9.0
	180.0
tower_0/v/cg/mpool0/MaxPool
	196.0
ConstantFolding/tower_0/v/gradients/tower_0/v/cg/conv5/conv2d/Conv2D_grad/ShapeN-matshapes-1
tower_0/v/cg/conv11/Relu
tower_0/v/gradients/AddN_8
tower_0/v/l2_loss/L2Loss_16
	0.000244140625
	0.0087890625
tower_0/v/cg/conv6/conv2d/Conv2D
	196.0
	2.25
	544.046875
append_apply_gradient_ops/GradientDescent/update_v/cg/conv11/conv2d/kernel/ApplyGradientDescent
tower_0/v/gradients/AddN_16
tower_0/v/gradients/tower_0/v/cg/conv5/Relu_grad/ReluGrad
tower_0/v/cg/Reshape/shape
tower_0/v/cg/dropout0_1/dropout/dropout/mul
	1.0
tower_0/v/gradients/tower_0/v/cg/conv1/BiasAdd_grad/BiasAddGrad
	0.000244140625
	784.0
	0.000244140625
	0.00048828125
tower_0/v/mul/x
tower_0/v/gradients/tower_0/v/cg/affine2/xw_plus_b/MatMul_grad/MatMul_1
	15.640625
tower_0/v/cg/conv12/BiasAdd
v/cg/conv4/biases/read
append_apply_gradient_ops/GradientDescent/update_v/cg/conv3/biases/ApplyGradientDescent
tower_0/v/l2_loss/L2Loss_10
	0.000244140625
	0.0087890625
append_apply_gradient_ops/GradientDescent/update_v/cg/affine2/weights/ApplyGradientDescent
v/cg/conv11/biases/read
v/cg/affine2/biases
tower_0/v/cg/conv3/Relu
tower_0/v/gradients/tower_0/v/l2_loss/L2Loss_11_grad/mul
	0.0009765625
v/cg/conv7/conv2d/kernel/read
tower_0/v/gradients/tower_0/v/cg/conv5/conv2d/Conv2D_grad/Conv2DBackpropFilter
	2.25048828125
	2.25
	891.0
ConstantFolding/tower_0/v/gradients/tower_0/v/cg/conv9/conv2d/Conv2D_grad/ShapeN-matshapes-0
ConstantFolding/tower_0/v/gradients/tower_0/v/cg/conv0/conv2d/Conv2D_grad/ShapeN-matshapes-1
tower_0/v/cg/conv3/BiasAdd
v/cg/conv7/biases
tower_0/v/cg/conv9/BiasAdd
v/cg/conv10/biases/read
ConstantFolding/tower_0/v/gradients/tower_0/v/cg/conv4/conv2d/Conv2D_grad/ShapeN-matshapes-1
append_apply_gradient_ops/GradientDescent/update_v/cg/conv0/conv2d/kernel/ApplyGradientDescent
tower_0/v/gradients/tower_0/v/l2_loss/L2Loss_12_grad/mul
	2.25
tower_0/v/gradients/tower_0/v/cg/conv2/BiasAdd_grad/BiasAddGrad
	0.00048828125
	392.0
	0.000244140625
	0.0009765625
tower_0/v/cg/conv8/Relu
tower_0/v/cg/conv12/Relu
v/cg/conv10/biases
append_apply_gradient_ops/GradientDescent/update_v/cg/conv9/conv2d/kernel/ApplyGradientDescent
tower_0/v/cg/conv2/conv2d/Conv2D
	392.0
	0.28125
	1324.125
v/cg/conv6/biases/read
ConstantFolding/tower_0/v/gradients/tower_0/v/cg/conv4/conv2d/Conv2D_grad/ShapeN-matshapes-0
tower_0/v/gradients/tower_0/v/cg/conv6/conv2d/Conv2D_grad/Conv2DBackpropFilter
	3.0
	2.25
	891.0
tower_0/v/cg/conv7/BiasAdd
tower_0/v/l2_loss/L2Loss_7
	0.000244140625
v/cg/conv10/conv2d/kernel/read
tower_0/v/xentropy/sparse_softmax_cross_entropy_loss/xentropy/xentropy
	0.000244140625
	0.000244140625
tower_0/v/gradients/tower_0/v/cg/affine1/xw_plus_b/MatMul_grad/MatMul_1
	64.0
tower_0/v/gradients/tower_0/v/l2_loss/L2Loss_24_grad/mul
	9.0
tower_0/v/gradients/tower_0/v/l2_loss/L2Loss_23_grad/mul
	0.001953125
ConstantFolding/tower_0/v/gradients/tower_0/v/cg/conv8/conv2d/Conv2D_grad/ShapeN-matshapes-0
tower_0/v/gradients/tower_0/v/cg/conv4/BiasAdd_grad/BiasAddGrad
	0.0009765625
	269.018798828125
	0.000244140625
	0.001953125
v/cg/affine0/biases
tower_0/v/gradients/tower_0/v/cg/conv12/Relu_grad/ReluGrad
tower_0/v/gradients/tower_0/v/cg/conv12/BiasAdd_grad/BiasAddGrad
	0.001953125
	39.51611328125
ConstantFolding/average_loss/Mean/input_const_axis
tower_0/v/gradients/AddN_3
v/cg/conv7/conv2d/kernel
v/cg/conv0/biases
v/cg/conv11/biases
tower_0/v/gradients/tower_0/v/cg/mpool0/MaxPool_grad/MaxPoolGrad
	784.0
tower_0/v/cg/conv0/conv2d/Conv2D
	784.0
	0.006591796875
	0.287353515625
ConstantFolding/tower_0/v/gradients/tower_0/v/cg/conv6/conv2d/Conv2D_grad/ShapeN-matshapes-1
tower_0/v/gradients/tower_0/v/cg/affine0/affine0_grad/ReluGrad
tower_0/v/gradients/tower_0/v/l2_loss/L2Loss_31_grad/mul
	0.00390625
ConstantFolding/tower_0/v/gradients/tower_0/v/cg/conv6/conv2d/Conv2D_grad/ShapeN-matshapes-0
v/cg/conv4/conv2d/kernel/read
tower_0/v/gradients/AddN_30
ConstantFolding/tower_0/v/gradients/tower_0/v/cg/conv9/conv2d/Conv2D_grad/ShapeN-matshapes-1
tower_0/v/gradients/tower_0/v/cg/conv9/BiasAdd_grad/BiasAddGrad
	0.001953125
	98.0
tower_0/v/gradients/tower_0/v/cg/affine1/xw_plus_b_grad/BiasAddGrad
	0.015625
ConstantFolding/tower_0/v/gradients/tower_0/v/cg/conv1/conv2d/Conv2D_grad/ShapeN-matshapes-1
append_apply_gradient_ops/GradientDescent
append_apply_gradient_ops/GradientDescent/update_v/cg/conv5/conv2d/kernel/ApplyGradientDescent
v/cg/conv12/conv2d/kernel/read
tower_0/v/gradients/tower_0/v/l2_loss/L2Loss_17_grad/mul
	0.001953125
tower_0/v/cg/conv4/BiasAdd
tower_0/v/gradients/AddN_10
tower_0/v/gradients/tower_0/v/cg/conv3/Relu_grad/ReluGrad
v/cg/conv3/conv2d/kernel/read
v/cg/conv12/biases/read
append_apply_gradient_ops/GradientDescent/update_v/cg/conv7/biases/ApplyGradientDescent
tower_0/v/l2_loss/L2Loss_14
	0.000244140625
	0.0087890625
tower_0/v/gradients/tower_0/v/cg/conv9/conv2d/Conv2D_grad/Conv2DBackpropFilter
	9.00048828125
	9.00048828125
	477.0
v/cg/conv12/conv2d/kernel
gpu_compute_stage_ops_group
ConstantFolding/tower_0/v/gradients/tower_0/v/cg/conv7/conv2d/Conv2D_grad/ShapeN-matshapes-0
tower_0/v/cg/conv8/BiasAdd
tower_0/v/l2_loss/L2Loss_11
	0.000244140625
v/cg/affine2/weights
v/cg/conv5/biases
tower_0/v/xentropy/sparse_softmax_cross_entropy_loss/num_present
tower_0/v/gradients/tower_0/v/cg/conv9/Relu_grad/ReluGrad
v/cg/conv6/conv2d/kernel/read
tower_0/v/gradients/tower_0/v/cg/Reshape_grad/Shape
tower_0/v/cg/affine0/xw_plus_b/MatMul
	1.0
tower_0/v/l2_loss/L2Loss_29
	0.000244140625
tower_0/v/cg/conv2/Relu
tower_0/v/l2_loss/L2Loss_2
	0.000244140625
	0.000244140625
tower_0/v/gradients/tower_0/v/cg/conv9/conv2d/Conv2D_grad/Conv2DBackpropInput
	98.0
	9.00048828125
	98.0
	477.0
append_apply_gradient_ops/GradientDescent/update_v/cg/affine0/biases/ApplyGradientDescent
ConstantFolding/tower_0/v/gradients/tower_0/v/cg/conv2/conv2d/Conv2D_grad/ShapeN-matshapes-0
tower_0/v/vgg16_synthetic_labels/min
append_apply_gradient_ops/GradientDescent/update_v/cg/conv6/biases/ApplyGradientDescent
tower_0/v/cg/conv6/Relu
tower_0/v/l2_loss/L2Loss_4
	0.000244140625
	0.000244140625
tower_0/v/gradients/tower_0/v/l2_loss/L2Loss_1_grad/mul
	0.000244140625
tower_0/v/gradients/tower_0/v/cg/conv7/Relu_grad/ReluGrad
tower_0/v/gradients/tower_0/v/cg/conv10/conv2d/Conv2D_grad/Conv2DBackpropFilter
	9.00048828125
	15.656982421875
	180.0
v/cg/conv5/conv2d/kernel/read
tower_0/v/cg/conv5/BiasAdd
v/cg/conv9/biases
tower_0/v/l2_loss/L2Loss
	0.000244140625
tower_0/v/cg/dropout0_1/dropout/dropout/random_uniform/mul
v/cg/conv11/conv2d/kernel
tower_0/v/gradients/tower_0/v/cg/conv11/Relu_grad/ReluGrad
tower_0/v/gradients/tower_0/v/l2_loss/L2Loss_4_grad/mul
	0.28125
ConstantFolding/tower_0/v/gradients/tower_0/v/cg/conv2/conv2d/Conv2D_grad/ShapeN-matshapes-1
tower_0/v/gradients/tower_0/v/cg/conv11/conv2d/Conv2D_grad/Conv2DBackpropInput
	24.5
	9.000244140625
	24.5
	657.0
tower_0/v/cg/affine0/xw_plus_b
tower_0/v/gradients/AddN_20
tower_0/v/cg/affine1/affine1
tower_0/v/gradients/AddN_17
tower_0/v/cg/dropout0_1/dropout/dropout/Cast
	1.0
tower_0/v/l2_loss/L2Loss_24
	0.000244140625
	0.0087890625
tower_0/v/gradients/tower_0/v/cg/Reshape_grad/Reshape
append_apply_gradient_ops/GradientDescent/update_v/cg/conv1/biases/ApplyGradientDescent
tower_0/v/gradients/tower_0/v/cg/conv4/conv2d/Conv2D_grad/Conv2DBackpropFilter
	2.000244140625
	1.125
	666.0
tower_0/v/gradients/AddN_2
v/cg/conv11/conv2d/kernel/read
tower_0/v/gradients/tower_0/v/l2_loss/L2Loss_22_grad/mul
	9.0
append_apply_gradient_ops/GradientDescent/update_v/cg/conv5/biases/ApplyGradientDescent
tower_0/v/cg/affine2/xw_plus_b
tower_0/v/cg/Reshape
tower_0/v/gradients/tower_0/v/cg/conv0/Relu_grad/ReluGrad
v/cg/affine0/weights/read
v/cg/conv12/biases
append_apply_gradient_ops/GradientDescent/update_v/cg/affine2/biases/ApplyGradientDescent
tower_0/v/cg/conv12/conv2d/Conv2D
	24.5
	9.0
	180.0
tower_0/v/gradients/tower_0/v/cg/conv0/BiasAdd_grad/BiasAddGrad
	0.000244140625
	784.0
	0.000244140625
	0.00048828125
tower_0/v/l2_loss/L2Loss_28
	0.000244140625
	0.0087890625
tower_0/v/gradients/tower_0/v/cg/mpool3/MaxPool_grad/MaxPoolGrad
	98.0
v/cg/conv8/biases/read
v/cg/conv5/biases/read
tower_0/v/gradients/AddN_22
tower_0/v/l2_loss/L2Loss_6
	0.000244140625
	0.000244140625
tower_0/v/cg/conv11/BiasAdd
append_apply_gradient_ops/GradientDescent/update_v/cg/conv12/conv2d/kernel/ApplyGradientDescent
tower_0/v/l2_loss/L2Loss_5
	0.000244140625
append_apply_gradient_ops/GradientDescent/update_v/cg/conv4/conv2d/kernel/ApplyGradientDescent
tower_0/v/l2_loss/L2Loss_27
	0.000244140625
ConstantFolding/tower_0/v/gradients/tower_0/v/cg/conv12/conv2d/Conv2D_grad/ShapeN-matshapes-0
tower_0/v/gradients/tower_0/v/cg/conv12/conv2d/Conv2D_grad/Conv2DBackpropInput
	39.51611328125
	15.656982421875
	24.5
	657.0
tower_0/v/gradients/tower_0/v/cg/conv11/BiasAdd_grad/BiasAddGrad
	0.001953125
	24.5
tower_0/v/l2_loss/L2Loss_22
	0.000244140625
	0.0087890625
tower_0/v/gradients/tower_0/v/cg/conv10/Relu_grad/ReluGrad
tower_0/v/gradients/AddN_27
tower_0/v/gradients/AddN_26
tower_0/v/gradients/tower_0/v/cg/conv3/BiasAdd_grad/BiasAddGrad
	0.00048828125
	465.018798828125
	0.000244140625
	0.0009765625
ConstantFolding/tower_0/v/gradients/tower_0/v/cg/conv11/conv2d/Conv2D_grad/ShapeN-matshapes-0
tower_0/v/gradients/AddN_29
append_apply_gradient_ops/GradientDescent/update_v/cg/conv3/conv2d/kernel/ApplyGradientDescent
tower_0/v/gradients/tower_0/v/l2_loss/L2Loss_6_grad/mul
	0.5625
tower_0/v/gradients/tower_0/v/cg/dropout0/dropout/dropout/mul_1_grad/Mul
append_apply_gradient_ops/GradientDescent/update_v/cg/conv10/biases/ApplyGradientDescent
v/cg/conv0/conv2d/kernel/read
tower_0/v/gradients/tower_0/v/cg/conv0/conv2d/Conv2D_grad/Conv2DBackpropFilter
	0.006591796875
	0.006591796875
train_ops_group
v/cg/affine1/biases
tower_0/v/gradients/tower_0/v/cg/conv8/BiasAdd_grad/BiasAddGrad
	0.001953125
	113.0185546875
tower_0/v/gradients/AddN_14
tower_0/v/gradients/tower_0/v/cg/conv7/conv2d/Conv2D_grad/Conv2DBackpropFilter
	4.5
	4.500244140625
	348.75
tower_0/v/gradients/tower_0/v/l2_loss/L2Loss_7_grad/mul
	0.00048828125
tower_0/v/gradients/AddN_18
ConstantFolding/tower_0/v/gradients/tower_0/v/cg/conv1/conv2d/Conv2D_grad/ShapeN-matshapes-0
tower_0/v/cg/conv4/Relu
tower_0/v/gradients/tower_0/v/cg/conv4/conv2d/Conv2D_grad/Conv2DBackpropInput
	98.0
	2.000244140625
	171.018798828125
	340.046875
tower_0/v/gradients/tower_0/v/l2_loss/L2Loss_28_grad/mul
	64.0
tower_0/v/cg/affine2/xw_plus_b/MatMul
	0.25
tower_0/v/gradients/tower_0/v/l2_loss/L2Loss_8_grad/mul
	1.125
append_apply_gradient_ops/GradientDescent/update_v/cg/conv12/biases/ApplyGradientDescent
tower_0/v/l2_loss/L2Loss_25
	0.000244140625
tower_0/v/cg/dropout0_1/dropout/dropout/random_uniform/RandomUniform
	1.0
v/cg/conv2/conv2d/kernel/read
v/cg/conv4/biases
tower_0/v/gradients/tower_0/v/cg/conv7/BiasAdd_grad/BiasAddGrad
	0.002197265625
	98.0
v/cg/conv9/biases/read
v/cg/conv3/biases
