append_apply_gradient_ops/GradientDescent/update_v/cg/affine0/weights/ApplyGradientDescent
tower_0/v/xentropy/sparse_softmax_cross_entropy_loss/xentropy/xentropy
	0.000244140625
	0.000244140625
v/cg/conv1/biases
ConstantFolding/tower_0/v/gradients/tower_0/v/cg/conv1/conv2d/Conv2D_grad/ShapeN-matshapes-1
tower_0/v/gradients/tower_0/v/l2_loss/L2Loss_5_grad/mul
	0.00048828125
tower_0/v/gradients/tower_0/v/l2_loss/L2Loss_18_grad/mul
	9.0
v/cg/conv6/biases/read
v/cg/affine1/weights/read
tower_0/v/gradients/AddN_24
v/cg/affine0/biases/read
tower_0/v/gradients/tower_0/v/cg/conv9/Relu_grad/ReluGrad
average_loss/Mean/input
tower_0/v/gradients/tower_0/v/cg/conv12/conv2d/Conv2D_grad/Conv2DBackpropInput
	16.078125
	15.656982421875
	31.84423828125
	144.0
tower_0/v/l2_loss/L2Loss_25
	0.000244140625
append_apply_gradient_ops/GradientDescent/update_v/cg/conv4/biases/ApplyGradientDescent
v/cg/conv10/conv2d/kernel/read
tower_0/v/gradients/tower_0/v/cg/conv3/BiasAdd_grad/BiasAddGrad
	0.00048828125
	257.25
	0.000244140625
	0.0009765625
v/cg/conv10/conv2d/kernel
tower_0/v/cg/mpool1/MaxPool
	64.3125
v/cg/conv5/biases
append_apply_gradient_ops/GradientDescent/update_v/cg/conv1/biases/ApplyGradientDescent
tower_0/v/cg/conv4/Relu
tower_0/v/gradients/AddN_21
tower_0/v/gradients/tower_0/v/cg/mpool3/MaxPool_grad/MaxPoolGrad
	64.3125
ConstantFolding/tower_0/v/gradients/tower_0/v/cg/conv10/conv2d/Conv2D_grad/ShapeN-matshapes-0
ConstantFolding/tower_0/v/gradients/tower_0/v/cg/conv1/conv2d/Conv2D_grad/ShapeN-matshapes-0
tower_0/v/gradients/tower_0/v/cg/affine2/xw_plus_b/MatMul_grad/MatMul_1
	15.640625
append_apply_gradient_ops/GradientDescent/update_v/cg/affine1/weights/ApplyGradientDescent
tower_0/v/l2_loss/L2Loss_20
	0.000244140625
	0.0087890625
tower_0/v/gradients/AddN_17
v/cg/conv5/conv2d/kernel
tower_0/v/gradients/tower_0/v/cg/conv12/Relu_grad/ReluGrad
tower_0/v/gradients/tower_0/v/cg/conv6/Relu_grad/ReluGrad
tower_0/v/gradients/tower_0/v/l2_loss/L2Loss_2_grad/mul
	0.140625
tower_0/v/gradients/AddN_1
tower_0/v/cg/conv5/conv2d/Conv2D
	128.625
	2.25
	670.5
tower_0/v/gradients/tower_0/v/l2_loss/L2Loss_25_grad/mul
	0.001953125
append_apply_gradient_ops/GradientDescent/update_v/cg/conv1/conv2d/kernel/ApplyGradientDescent
tower_0/v/gradients/AddN_9
tower_0/v/xentropy/sparse_softmax_cross_entropy_loss/Sum
	0.000244140625
tower_0/v/gradients/tower_0/v/cg/conv5/conv2d/Conv2D_grad/Conv2DBackpropFilter
	2.25048828125
	2.25
	587.8125
tower_0/v/l2_loss/L2Loss_10
	0.000244140625
	0.0087890625
v/cg/affine2/biases
tower_0/v/gradients/AddN
tower_0/v/gradients/tower_0/v/l2_loss/L2Loss_22_grad/mul
	9.0
tower_0/v/l2_loss/L2Loss_29
	0.000244140625
tower_0/v/gradients/tower_0/v/cg/conv4/conv2d/Conv2D_grad/Conv2DBackpropFilter
	1.96875
	1.125
	438.609375
tower_0/v/gradients/tower_0/v/l2_loss/L2Loss_20_grad/mul
	9.0
tower_0/v/cg/conv11/Relu
tower_0/v/gradients/tower_0/v/l2_loss/L2Loss_13_grad/mul
	0.0009765625
tower_0/v/cg/dropout0/dropout/dropout/Cast
	1.1484375
v/cg/conv1/biases/read
average_loss/Mean/_74
tower_0/v/l2_loss/L2Loss_21
	0.000244140625
tower_0/v/gradients/tower_0/v/l2_loss/L2Loss_31_grad/mul
	0.00390625
tower_0/v/cg/conv4/BiasAdd
tower_0/v/cg/conv0/Relu
tower_0/v/gradients/AddN_14
append_apply_gradient_ops/GradientDescent/update_v/cg/conv11/biases/ApplyGradientDescent
_SOURCE
ConstantFolding/tower_0/v/gradients/tower_0/v/cg/conv6/conv2d/Conv2D_grad/ShapeN-matshapes-0
tower_0/v/cg/conv12/conv2d/Conv2D
	16.078125
	9.0
	144.0
tower_0/v/gradients/tower_0/v/cg/conv6/conv2d/Conv2D_grad/Conv2DBackpropInput
	128.625
	2.25
	207.775390625
	670.5
tower_0/v/gradients/tower_0/v/cg/conv5/conv2d/Conv2D_grad/Conv2DBackpropInput
	128.625
	2.25
	128.625
	670.5
tower_0/v/gradients/tower_0/v/cg/conv11/BiasAdd_grad/BiasAddGrad
	0.001953125
	16.078125
tower_0/v/cg/dropout0_1/dropout/dropout/random_uniform/RandomUniform
	0.65625
tower_0/v/gradients/tower_0/v/cg/conv3/conv2d/Conv2D_grad/Conv2DBackpropFilter
	0.5625
	0.5625
	1159.875
ConstantFolding/tower_0/v/gradients/tower_0/v/cg/conv4/conv2d/Conv2D_grad/ShapeN-matshapes-1
tower_0/v/gradients/tower_0/v/cg/conv4/BiasAdd_grad/BiasAddGrad
	0.00146484375
	128.625
	0.000244140625
	0.001953125
v/cg/conv9/conv2d/kernel/read
tower_0/v/gradients/AddN_8
v/cg/conv8/conv2d/kernel
tower_0/v/cg/dropout0_1/dropout/dropout/Cast
	0.65625
tower_0/v/cg/conv7/conv2d/Conv2D
	64.3125
	4.5
	266.0625
tower_0/v/cg/conv2/BiasAdd
append_apply_gradient_ops/GradientDescent/update_v/cg/conv4/conv2d/kernel/ApplyGradientDescent
tower_0/v/gradients/tower_0/v/cg/conv7/conv2d/Conv2D_grad/Conv2DBackpropFilter
	4.5
	4.500244140625
	330.275146484375
tower_0/v/cg/conv3/Relu
tower_0/v/gradients/tower_0/v/l2_loss/L2Loss_1_grad/mul
	0.000244140625
tower_0/v/cg/affine2/xw_plus_b
v/cg/conv11/conv2d/kernel/read
v/cg/conv3/conv2d/kernel
v/cg/conv7/conv2d/kernel
tower_0/v/l2_loss/L2Loss_17
	0.000244140625
ConstantFolding/tower_0/v/gradients/tower_0/v/cg/conv2/conv2d/Conv2D_grad/ShapeN-matshapes-1
tower_0/v/gradients/AddN_12
v/cg/conv4/biases
append_apply_gradient_ops/GradientDescent
tower_0/v/cg/conv12/BiasAdd
tower_0/v/cg/conv9/conv2d/Conv2D
	64.3125
	9.0
	366.75
ConstantFolding/tower_0/v/gradients/tower_0/v/cg/conv9/conv2d/Conv2D_grad/ShapeN-matshapes-1
v/cg/conv5/conv2d/kernel/read
tower_0/v/gradients/tower_0/v/cg/conv9/BiasAdd_grad/BiasAddGrad
	0.00244140625
	64.3125
tower_0/v/cg/conv1/Relu
append_apply_gradient_ops/GradientDescent/update_v/cg/conv5/biases/ApplyGradientDescent
tower_0/v/gradients/tower_0/v/cg/affine0/xw_plus_b_grad/BiasAddGrad
	0.01611328125
tower_0/v/gradients/tower_0/v/cg/conv0/Relu_grad/ReluGrad
ConstantFolding/tower_0/v/gradients/tower_0/v/cg/conv12/conv2d/Conv2D_grad/ShapeN-matshapes-0
append_apply_gradient_ops/GradientDescent/update_v/cg/affine2/weights/ApplyGradientDescent
v/cg/conv6/biases
v/cg/conv6/conv2d/kernel
tower_0/v/cg/dropout0/dropout/dropout/Shape
v/cg/conv0/biases
tower_0/v/gradients/tower_0/v/cg/conv4/conv2d/Conv2D_grad/Conv2DBackpropInput
	64.3125
	1.96875
	64.3125
	500.625
tower_0/v/gradients/tower_0/v/cg/mpool0/MaxPool_grad/MaxPoolGrad
	514.5
tower_0/v/gradients/tower_0/v/cg/conv10/conv2d/Conv2D_grad/Conv2DBackpropInput
	16.078125
	9.000244140625
	31.84423828125
	144.0
tower_0/v/gradients/tower_0/v/l2_loss/L2Loss_28_grad/mul
	64.0
tower_0/v/gpu_cached_inputs/read
append_apply_gradient_ops/GradientDescent/update_v/cg/conv2/conv2d/kernel/ApplyGradientDescent
tower_0/v/gradients/tower_0/v/cg/conv12/BiasAdd_grad/BiasAddGrad
	0.001953125
	16.078125
tower_0/v/cg/dropout0/dropout/dropout/mul_1
tower_0/v/cg/affine2/xw_plus_b/MatMul
	0.1640625
tower_0/v/gradients/tower_0/v/cg/affine0/affine0_grad/ReluGrad
tower_0/v/cg/conv8/Relu
tower_0/v/l2_loss/L2Loss_11
	0.000244140625
ConstantFolding/tower_0/v/gradients/tower_0/v/cg/conv12/conv2d/Conv2D_grad/ShapeN-matshapes-1
v/cg/conv2/conv2d/kernel/read
tower_0/v/gradients/tower_0/v/cg/conv9/conv2d/Conv2D_grad/Conv2DBackpropFilter
	9.000244140625
	9.004638671875
	325.40625
v/cg/conv7/biases
tower_0/v/gradients/tower_0/v/cg/conv1/conv2d/Conv2D_grad/Conv2DBackpropFilter
	0.140625
	0.140625
	0.014892578125
ConstantFolding/tower_0/v/gradients/tower_0/v/cg/conv2/conv2d/Conv2D_grad/ShapeN-matshapes-0
tower_0/v/gradients/AddN_26
v/cg/conv8/biases/read
v/cg/conv11/conv2d/kernel
v/cg/conv12/biases/read
tower_0/v/gradients/tower_0/v/cg/dropout0/dropout/dropout/mul_1_grad/Mul
tower_0/v/cg/conv8/conv2d/Conv2D
	64.3125
	9.0
	366.75
tower_0/v/l2_loss/L2Loss_4
	0.000244140625
	0.000244140625
append_apply_gradient_ops/GradientDescent/update_v/cg/conv5/conv2d/kernel/ApplyGradientDescent
v/cg/conv5/biases/read
tower_0/v/l2_loss/L2Loss_23
	0.000244140625
tower_0/v/mul/x
tower_0/v/gradients/AddN_5
tower_0/v/vgg16_synthetic_labels/min
append_apply_gradient_ops/GradientDescent/update_v/cg/conv7/conv2d/kernel/ApplyGradientDescent
tower_0/v/gradients/tower_0/v/cg/conv6/conv2d/Conv2D_grad/Conv2DBackpropFilter
	2.25
	2.25
	587.8125
v/cg/affine2/weights
ConstantFolding/tower_0/v/gradients/tower_0/v/cg/conv8/conv2d/Conv2D_grad/ShapeN-matshapes-1
append_apply_gradient_ops/GradientDescent/update_v/cg/conv9/conv2d/kernel/ApplyGradientDescent
tower_0/v/gradients/AddN_13
tower_0/v/gradients/tower_0/v/cg/conv2/conv2d/Conv2D_grad/Conv2DBackpropInput
	128.625
	0.28125
	128.625
	1.40625
v/cg/conv0/conv2d/kernel/read
tower_0/v/l2_loss/L2Loss_22
	0.000244140625
	0.0087890625
tower_0/v/cg/affine1/xw_plus_b/MatMul
	0.65625
tower_0/v/cg/Reshape
tower_0/v/l2_loss/L2Loss_30
	0.000244140625
	0.0087890625
tower_0/v/gradients/tower_0/v/cg/conv2/conv2d/Conv2D_grad/Conv2DBackpropFilter
	0.28125
	0.2861328125
	869.34375
tower_0/v/gradients/tower_0/v/cg/conv8/Relu_grad/ReluGrad
tower_0/v/cg/dropout0/dropout/dropout/truediv
tower_0/v/gradients/tower_0/v/cg/affine1/xw_plus_b/MatMul_grad/MatMul_1
	64.0
tower_0/v/gradients/tower_0/v/cg/conv0/conv2d/Conv2D_grad/Conv2DBackpropFilter
	0.006591796875
	0.006591796875
v/cg/conv7/biases/read
tower_0/v/cg/dropout0/dropout/dropout/GreaterEqual
	0.1640625
tower_0/v/cg/mpool3/MaxPool
	16.078125
tower_0/v/gradients/AddN_28
tower_0/v/l2_loss/L2Loss_26
	0.000244140625
	0.0087890625
tower_0/v/gradients/tower_0/v/cg/conv11/Relu_grad/ReluGrad
tower_0/v/cg/conv5/BiasAdd
append_apply_gradient_ops/GradientDescent/update_v/cg/conv10/conv2d/kernel/ApplyGradientDescent
append_apply_gradient_ops/GradientDescent/update_v/cg/conv0/conv2d/kernel/ApplyGradientDescent
tower_0/v/l2_loss/L2Loss_13
	0.000244140625
tower_0/v/gradients/tower_0/v/cg/conv3/Relu_grad/ReluGrad
tower_0/v/l2_loss/L2Loss_8
	0.000244140625
	0.0087890625
tower_0/v/cg/dropout0/dropout/dropout/rate
v/cg/conv10/biases/read
v/cg/conv0/biases/read
tower_0/v/gradients/tower_0/v/xentropy/sparse_softmax_cross_entropy_loss/xentropy/xentropy_grad/mul
append_apply_gradient_ops/GradientDescent/update_v/cg/conv9/biases/ApplyGradientDescent
tower_0/v/gradients/tower_0/v/cg/affine1/xw_plus_b_grad/BiasAddGrad
	0.015625
tower_0/v/gradients/tower_0/v/cg/mpool4/MaxPool_grad/MaxPoolGrad
	16.078125
tower_0/v/gradients/tower_0/v/cg/conv1/conv2d/Conv2D_grad/Conv2DBackpropInput
	514.5
	0.140625
	514.5
	0.426513671875
tower_0/v/gradients/AddN_22
tower_0/v/gradients/AddN_19
tower_0/v/gradients/tower_0/v/l2_loss/L2Loss_7_grad/mul
	0.00048828125
tower_0/v/cg/affine1/xw_plus_b
tower_0/v/gradients/tower_0/v/cg/Reshape_grad/Reshape
v/cg/conv2/biases/read
append_apply_gradient_ops/GradientDescent/update_v/cg/conv12/biases/ApplyGradientDescent
tower_0/v/gradients/tower_0/v/l2_loss/L2Loss_30_grad/mul
	15.640625
tower_0/v/l2_loss/L2Loss_5
	0.000244140625
v/cg/conv2/biases
main_fetch_group/_70
tower_0/v/cg/conv12/Relu
v/cg/conv3/conv2d/kernel/read
tower_0/v/gradients/tower_0/v/cg/conv4/Relu_grad/ReluGrad
tower_0/v/cg/dropout0/dropout/dropout/random_uniform/RandomUniform
	0.65625
tower_0/v/gradients/tower_0/v/l2_loss/L2Loss_15_grad/mul
	0.001953125
v/cg/conv4/biases/read
ConstantFolding/tower_0/v/gradients/tower_0/v/cg/conv0/conv2d/Conv2D_grad/ShapeN-matshapes-1
tower_0/v/gradients/tower_0/v/cg/conv5/Relu_grad/ReluGrad
v/cg/conv8/biases
tower_0/v/cg/mpool0/MaxPool
	128.625
tower_0/v/gradients/tower_0/v/l2_loss/L2Loss_14_grad/mul
	4.5
v/cg/conv12/conv2d/kernel/read
tower_0/v/gradients/tower_0/v/cg/affine1/xw_plus_b/MatMul_grad/MatMul
	0.65625
append_apply_gradient_ops/GradientDescent/update_v/cg/affine2/biases/ApplyGradientDescent
tower_0/v/gradients/tower_0/v/cg/conv11/conv2d/Conv2D_grad/Conv2DBackpropFilter
	9.004638671875
	16.078125
	130.5
tower_0/v/cg/dropout0/dropout/dropout/mul
	0.65625
tower_0/v/gradients/AddN_11
v/cg/affine2/biases/read
v/cg/affine1/biases/read
tower_0/v/gradients/tower_0/v/l2_loss/L2Loss_27_grad/mul
	0.015625
v/cg/conv12/biases
tower_0/v/l2_loss/L2Loss_16
	0.000244140625
	0.0087890625
ConstantFolding/average_loss/Mean/input_const_axis
v/cg/affine0/biases
tower_0/v/mul
ConstantFolding/tower_0/v/gradients/tower_0/v/cg/conv9/conv2d/Conv2D_grad/ShapeN-matshapes-0
tower_0/v/cg/conv5/Relu
tower_0/v/cg/conv7/Relu
tower_0/v/gradients/tower_0/v/l2_loss/L2Loss_16_grad/mul
	9.0
v/cg/conv10/biases
tower_0/v/gradients/tower_0/v/cg/conv10/BiasAdd_grad/BiasAddGrad
	0.00244140625
	16.078125
tower_0/v/cg/conv6/conv2d/Conv2D
	128.625
	2.25
	670.5
learning_rate_tensor/input
tower_0/v/cg/conv8/BiasAdd
tower_0/v/cg/dropout0_1/dropout/dropout/GreaterEqual
	0.1640625
v/cg/conv11/biases
v/cg/conv1/conv2d/kernel
tower_0/v/cg/affine0/xw_plus_b/MatMul
	0.65625
tower_0/v/gradients/tower_0/v/cg/dropout0_1/dropout/dropout/mul_1_grad/Mul
tower_0/v/gradients/AddN_18
tower_0/v/gradients/tower_0/v/cg/conv1/BiasAdd_grad/BiasAddGrad
	0.000244140625
	514.5
	0.000244140625
	0.00048828125
tower_0/v/cg/Reshape/shape
tower_0/v/cg/conv10/conv2d/Conv2D
	16.078125
	9.0
	144.0
main_fetch_group
tower_0/v/cg/conv1/BiasAdd
tower_0/v/xentropy/sparse_softmax_cross_entropy_loss/Mul
tower_0/v/gradients/tower_0/v/cg/conv10/Relu_grad/ReluGrad
append_apply_gradient_ops/GradientDescent/update_v/cg/conv8/conv2d/kernel/ApplyGradientDescent
tower_0/v/l2_loss/L2Loss_28
	0.000244140625
	0.0087890625
ConstantFolding/tower_0/v/gradients/tower_0/v/cg/conv4/conv2d/Conv2D_grad/ShapeN-matshapes-0
tower_0/v/gradients/tower_0/v/cg/conv8/conv2d/Conv2D_grad/Conv2DBackpropInput
	64.3125
	9.004638671875
	64.3125
	366.75
tower_0/v/cg/dropout0_1/dropout/dropout/mul
	0.65625
tower_0/v/l2_loss/L2Loss
	0.000244140625
tower_0/v/gradients/tower_0/v/l2_loss/L2Loss_12_grad/mul
	2.25
v/cg/conv9/conv2d/kernel
tower_0/v/cg/conv11/conv2d/Conv2D
	16.078125
	9.0
	144.0
tower_0/v/gradients/tower_0/v/cg/affine2/xw_plus_b/MatMul_grad/MatMul
	0.65625
tower_0/v/gradients/tower_0/v/cg/conv6/BiasAdd_grad/BiasAddGrad
	0.0009765625
	128.625
	0.000244140625
	0.003662109375
tower_0/v/cg/conv3/BiasAdd
v/cg/conv9/biases
tower_0/v/gradients/tower_0/v/cg/conv12/conv2d/Conv2D_grad/Conv2DBackpropFilter
	15.656982421875
	16.078125
	130.5
tower_0/v/gradients/tower_0/v/cg/conv3/conv2d/Conv2D_grad/Conv2DBackpropInput
	257.25
	0.5625
	257.25
	1325.25
v/cg/conv6/conv2d/kernel/read
tower_0/v/cg/affine0/xw_plus_b
v/cg/conv3/biases
tower_0/v/gradients/tower_0/v/cg/dropout0_1/dropout/dropout/mul_grad/Mul
tower_0/v/cg/dropout0_1/dropout/dropout/random_uniform/mul
average_loss/Mean
tower_0/v/l2_loss/L2Loss_27
	0.000244140625
gpu_compute_stage_ops_group
ConstantFolding/tower_0/v/gradients/tower_0/v/cg/conv11/conv2d/Conv2D_grad/ShapeN-matshapes-1
append_apply_gradient_ops/GradientDescent/update_v/cg/conv7/biases/ApplyGradientDescent
tower_0/v/gradients/AddN_4
tower_0/v/l2_loss/L2Loss_18
	0.000244140625
	0.0087890625
ConstantFolding/tower_0/v/gradients/tower_0/v/cg/conv6/conv2d/Conv2D_grad/ShapeN-matshapes-1
tower_0/v/gradients/tower_0/v/cg/conv7/BiasAdd_grad/BiasAddGrad
	0.00244140625
	70.437744140625
tower_0/v/gradients/tower_0/v/l2_loss/L2Loss_19_grad/mul
	0.001953125
tower_0/v/gradients/tower_0/v/cg/mpool1/MaxPool_grad/MaxPoolGrad
	336.400390625
tower_0/v/cg/conv0/conv2d/Conv2D
	514.5
	0.006591796875
	0.287353515625
tower_0/v/transpose
	24.1171875
v/cg/conv3/biases/read
tower_0/v/cg/mpool4/MaxPool
	4.01953125
tower_0/v/gradients/tower_0/v/l2_loss/L2Loss_29_grad/mul
	0.015625
tower_0/v/cg/conv9/BiasAdd
v/cg/conv4/conv2d/kernel/read
tower_0/v/l2_loss/L2Loss_19
	0.000244140625
tower_0/v/add
tower_0/v/gradients/tower_0/v/l2_loss/L2Loss_4_grad/mul
	0.28125
tower_0/v/gradients/AddN_30
ConstantFolding/tower_0/v/gradients/tower_0/v/cg/conv11/conv2d/Conv2D_grad/ShapeN-matshapes-0
tower_0/v/gradients/AddN_25
tower_0/v/cg/conv2/Relu
v/cg/conv7/conv2d/kernel/read
tower_0/v/gradients/tower_0/v/cg/conv0/BiasAdd_grad/BiasAddGrad
	0.000244140625
	514.5
	0.000244140625
	0.00048828125
tower_0/v/xentropy/sparse_softmax_cross_entropy_loss/value
tower_0/v/gradients/tower_0/v/l2_loss/L2Loss_9_grad/mul
	0.0009765625
tower_0/v/gradients/AddN_6
tower_0/v/l2_loss/L2Loss_6
	0.000244140625
	0.000244140625
tower_0/v/gradients/AddN_15
tower_0/v/gradients/tower_0/v/cg/conv10/conv2d/Conv2D_grad/Conv2DBackpropFilter
	9.000244140625
	15.656982421875
	130.5
tower_0/v/l2_loss/L2Loss_24
	0.000244140625
	0.0087890625
tower_0/v/cg/conv7/BiasAdd
tower_0/v/gradients/tower_0/v/l2_loss/L2Loss_24_grad/mul
	9.0
tower_0/v/gradients/tower_0/v/cg/affine1/affine1_grad/ReluGrad
tower_0/v/gradients/tower_0/v/l2_loss/L2Loss_21_grad/mul
	0.001953125
tower_0/v/cg/conv3/conv2d/Conv2D
	257.25
	0.5625
	1325.25
tower_0/v/gradients/AddN_29
tower_0/v/gradients/tower_0/v/l2_loss/L2Loss_26_grad/mul
	392.0
v/cg/affine0/weights/read
tower_0/v/vgg16_synthetic_labels/max
tower_0/v/gradients/AddN_2
v/cg/affine2/weights/read
tower_0/v/gradients/tower_0/v/cg/conv5/BiasAdd_grad/BiasAddGrad
	0.00146484375
	128.625
	0.000244140625
	0.001953125
tower_0/v/gradients/tower_0/v/cg/conv7/Relu_grad/ReluGrad
tower_0/v/transpose/perm
tower_0/v/l2_loss/L2Loss_15
	0.000244140625
tower_0/v/cg/conv4/conv2d/Conv2D
	128.625
	1.125
	500.625
tower_0/v/gradients/tower_0/v/cg/conv1/Relu_grad/ReluGrad
tower_0/v/gradients/tower_0/v/xentropy/sparse_softmax_cross_entropy_loss/xentropy/xentropy_grad/ExpandDims
tower_0/v/gradients/tower_0/v/cg/dropout0/dropout/dropout/mul_grad/Mul
tower_0/v/l2_loss/L2Loss_9
	0.000244140625
ConstantFolding/tower_0/v/gradients/tower_0/v/cg/conv5/conv2d/Conv2D_grad/ShapeN-matshapes-0
tower_0/v/cg/conv0/BiasAdd
tower_0/v/gradients/tower_0/v/cg/conv11/conv2d/Conv2D_grad/Conv2DBackpropInput
	16.078125
	9.004638671875
	16.080322265625
	144.0
append_apply_gradient_ops/GradientDescent/update_v/cg/conv12/conv2d/kernel/ApplyGradientDescent
tower_0/v/gradients/tower_0/v/l2_loss/L2Loss_17_grad/mul
	0.001953125
tower_0/v/gradients/AddN_10
tower_0/v/l2_loss/L2Loss_14
	0.000244140625
	0.0087890625
ConstantFolding/tower_0/v/gradients/tower_0/v/cg/conv5/conv2d/Conv2D_grad/ShapeN-matshapes-1
tower_0/v/cg/conv6/Relu
tower_0/v/gradients/tower_0/v/cg/affine2/xw_plus_b_grad/BiasAddGrad
	0.00390625
tower_0/v/gradients/AddN_27
tower_0/v/gradients/tower_0/v/cg/affine0/xw_plus_b/MatMul_grad/MatMul
	4.01953125
v/cg/conv9/biases/read
tower_0/v/vgg16_synthetic_labels/shape
append_apply_gradient_ops/GradientDescent/update_v/cg/conv2/biases/ApplyGradientDescent
tower_0/v/cg/affine1/affine1
tower_0/v/gradients/AddN_20
tower_0/v/gradients/tower_0/v/l2_loss/L2Loss_3_grad/mul
	0.000244140625
tower_0/v/cg/mpool2/MaxPool
	32.15625
tower_0/v/gradients/tower_0/v/cg/conv9/conv2d/Conv2D_grad/Conv2DBackpropInput
	64.3125
	9.000244140625
	64.3125
	366.75
tower_0/v/gradients/AddN_16
v/cg/conv4/conv2d/kernel
ConstantFolding/tower_0/v/gradients/tower_0/v/cg/conv7/conv2d/Conv2D_grad/ShapeN-matshapes-1
tower_0/v/cg/affine0/affine0
tower_0/v/cg/conv6/BiasAdd
average_loss/range
tower_0/v/cg/conv2/conv2d/Conv2D
	257.25
	0.28125
	0.78173828125
ConstantFolding/tower_0/v/gradients/tower_0/v/cg/conv8/conv2d/Conv2D_grad/ShapeN-matshapes-0
tower_0/v/gradients/tower_0/v/cg/conv8/conv2d/Conv2D_grad/Conv2DBackpropFilter
	9.004638671875
	9.0
	325.40625
tower_0/v/gradients/AddN_23
tower_0/v/cg/conv10/BiasAdd
append_apply_gradient_ops/GradientDescent/update_v/cg/conv8/biases/ApplyGradientDescent
tower_0/v/gradients/tower_0/v/cg/conv8/BiasAdd_grad/BiasAddGrad
	0.00244140625
	64.3125
tower_0/v/cg/conv9/Relu
append_apply_gradient_ops/GradientDescent/update_v/cg/affine1/biases/ApplyGradientDescent
train_ops_group
tower_0/v/gpu_cached_inputs
tower_0/v/gradients/tower_0/v/cg/affine0/xw_plus_b/MatMul_grad/MatMul_1
	392.0
append_apply_gradient_ops/GradientDescent/update_v/cg/conv6/biases/ApplyGradientDescent
ConstantFolding/tower_0/v/gradients/tower_0/v/cg/conv3/conv2d/Conv2D_grad/ShapeN-matshapes-0
append_apply_gradient_ops/GradientDescent/update_v/cg/conv10/biases/ApplyGradientDescent
tower_0/v/l2_loss/L2Loss_31
	0.000244140625
tower_0/v/l2_loss/AddN
tower_0/v/gradients/tower_0/v/l2_loss/L2Loss_10_grad/mul
	2.25
tower_0/v/gradients/tower_0/v/cg/conv2/BiasAdd_grad/BiasAddGrad
	0.00048828125
	257.25
	0.000244140625
	0.0009765625
tower_0/v/cg/conv10/Relu
append_apply_gradient_ops/GradientDescent/update_v/cg/conv11/conv2d/kernel/ApplyGradientDescent
v/cg/affine1/biases
v/cg/conv11/biases/read
tower_0/v/l2_loss/L2Loss_1
	0.000244140625
append_apply_gradient_ops/GradientDescent/update_v/cg/conv3/biases/ApplyGradientDescent
tower_0/v/gradients/tower_0/v/cg/conv7/conv2d/Conv2D_grad/Conv2DBackpropInput
	32.15625
	4.5
	38.281494140625
	330.275146484375
v/cg/affine1/weights
v/cg/conv0/conv2d/kernel
tower_0/v/l2_loss/L2Loss_7
	0.000244140625
tower_0/v/gradients/AddN_7
tower_0/v/gradients/tower_0/v/l2_loss/L2Loss_6_grad/mul
	0.5625
tower_0/v/gradients/tower_0/v/l2_loss/L2Loss_23_grad/mul
	0.001953125
v/cg/conv12/conv2d/kernel
tower_0/v/gradients/tower_0/v/l2_loss/L2Loss_8_grad/mul
	1.125
tower_0/v/cg/conv1/conv2d/Conv2D
	514.5
	0.1640625
	0.390869140625
tower_0/v/gradients/tower_0/v/l2_loss/L2Loss_grad/mul
	0.006591796875
tower_0/v/l2_loss/L2Loss_2
	0.000244140625
	0.000244140625
tower_0/v/vgg16_synthetic_labels
	0.000244140625
ConstantFolding/tower_0/v/gradients/tower_0/v/cg/conv10/conv2d/Conv2D_grad/ShapeN-matshapes-1
ConstantFolding/tower_0/v/gradients/tower_0/v/cg/conv7/conv2d/Conv2D_grad/ShapeN-matshapes-0
tower_0/v/cg/dropout0/dropout/dropout/random_uniform/mul
tower_0/v/gradients/AddN_31
v/cg/conv8/conv2d/kernel/read
ConstantFolding/tower_0/v/gradients/tower_0/v/cg/conv3/conv2d/Conv2D_grad/ShapeN-matshapes-1
v/cg/conv1/conv2d/kernel/read
tower_0/v/l2_loss/L2Loss_12
	0.000244140625
	0.0087890625
tower_0/v/xentropy/sparse_softmax_cross_entropy_loss/num_present
tower_0/v/l2_loss/L2Loss_3
	0.000244140625
append_apply_gradient_ops/GradientDescent/update_v/cg/conv0/biases/ApplyGradientDescent
tower_0/v/gradients/tower_0/v/cg/mpool2/MaxPool_grad/MaxPoolGrad
	128.625
tower_0/v/gradients/tower_0/v/l2_loss/L2Loss_11_grad/mul
	0.0009765625
append_apply_gradient_ops/GradientDescent/update_v/cg/affine0/biases/ApplyGradientDescent
tower_0/v/gradients/tower_0/v/cg/conv2/Relu_grad/ReluGrad
v/cg/affine0/weights
append_apply_gradient_ops/GradientDescent/update_v/cg/conv6/conv2d/kernel/ApplyGradientDescent
v/cg/conv2/conv2d/kernel
append_apply_gradient_ops/GradientDescent/update_v/cg/conv3/conv2d/kernel/ApplyGradientDescent
tower_0/v/cg/conv11/BiasAdd
tower_0/v/cg/dropout0_1/dropout/dropout/mul_1
tower_0/v/gradients/AddN_3
tower_0/v/gradients/tower_0/v/cg/Reshape_grad/Shape
