append_apply_gradient_ops/GradientDescent/update_v/cg/affine0/weights/ApplyGradientDescent	1601111572187594	2292
tower_0/v/xentropy/sparse_softmax_cross_entropy_loss/xentropy/xentropy	1601111572180128	134
v/cg/conv1/biases	-1	-1
ConstantFolding/tower_0/v/gradients/tower_0/v/cg/conv1/conv2d/Conv2D_grad/ShapeN-matshapes-1	-1	-1
tower_0/v/gradients/tower_0/v/l2_loss/L2Loss_5_grad/mul	1601111572074794	17
tower_0/v/gradients/tower_0/v/l2_loss/L2Loss_18_grad/mul	1601111572077636	35
v/cg/conv6/biases/read	-1	-1
v/cg/affine1/weights/read	-1	-1
tower_0/v/gradients/AddN_24	1601111572306609	4
v/cg/affine0/biases/read	-1	-1
tower_0/v/gradients/tower_0/v/cg/conv9/Relu_grad/ReluGrad	1601111572204539	378
average_loss/Mean/input	-1	-1
tower_0/v/gradients/tower_0/v/cg/conv12/conv2d/Conv2D_grad/Conv2DBackpropInput	1601111572190045	2278
tower_0/v/l2_loss/L2Loss_25	1601111572077104	16
append_apply_gradient_ops/GradientDescent/update_v/cg/conv4/biases/ApplyGradientDescent	1601111572283834	4
v/cg/conv10/conv2d/kernel/read	-1	-1
tower_0/v/gradients/tower_0/v/cg/conv3/BiasAdd_grad/BiasAddGrad	1601111572285409	475
v/cg/conv10/conv2d/kernel	-1	-1
tower_0/v/cg/mpool1/MaxPool	1601111572126877	779
v/cg/conv5/biases	-1	-1
append_apply_gradient_ops/GradientDescent/update_v/cg/conv1/biases/ApplyGradientDescent	1601111572370781	4
tower_0/v/cg/conv4/Relu	1601111572132870	522
tower_0/v/gradients/AddN_21	1601111572272634	17
tower_0/v/gradients/tower_0/v/cg/mpool3/MaxPool_grad/MaxPoolGrad	1601111572204080	394
ConstantFolding/tower_0/v/gradients/tower_0/v/cg/conv10/conv2d/Conv2D_grad/ShapeN-matshapes-0	-1	-1
ConstantFolding/tower_0/v/gradients/tower_0/v/cg/conv1/conv2d/Conv2D_grad/ShapeN-matshapes-0	-1	-1
tower_0/v/gradients/tower_0/v/cg/affine2/xw_plus_b/MatMul_grad/MatMul_1	1601111572180407	83
append_apply_gradient_ops/GradientDescent/update_v/cg/affine1/weights/ApplyGradientDescent	1601111572181698	371
tower_0/v/l2_loss/L2Loss_20	1601111572074377	50
tower_0/v/gradients/AddN_17	1601111572239905	30
v/cg/conv5/conv2d/kernel	-1	-1
tower_0/v/gradients/tower_0/v/cg/conv12/Relu_grad/ReluGrad	1601111572189887	96
tower_0/v/gradients/tower_0/v/cg/conv6/Relu_grad/ReluGrad	1601111572239943	758
tower_0/v/gradients/tower_0/v/l2_loss/L2Loss_2_grad/mul	1601111572075072	17
tower_0/v/gradients/AddN_1	1601111572180511	94
tower_0/v/cg/conv5/conv2d/Conv2D	1601111572133394	7646
tower_0/v/gradients/tower_0/v/l2_loss/L2Loss_25_grad/mul	1601111572077143	16
append_apply_gradient_ops/GradientDescent/update_v/cg/conv1/conv2d/kernel/ApplyGradientDescent	1601111572376081	6
tower_0/v/gradients/AddN_9	1601111572199408	56
tower_0/v/xentropy/sparse_softmax_cross_entropy_loss/Sum	1601111572180273	5
tower_0/v/gradients/tower_0/v/cg/conv5/conv2d/Conv2D_grad/Conv2DBackpropFilter	1601111572257087	7729
tower_0/v/l2_loss/L2Loss_10	1601111572075435	40
v/cg/affine2/biases	-1	-1
tower_0/v/gradients/AddN	1601111572180498	5
tower_0/v/gradients/tower_0/v/l2_loss/L2Loss_22_grad/mul	1601111572075774	45
tower_0/v/l2_loss/L2Loss_29	1601111572077672	10
tower_0/v/gradients/tower_0/v/cg/conv4/conv2d/Conv2D_grad/Conv2DBackpropFilter	1601111572278043	3901
tower_0/v/gradients/tower_0/v/l2_loss/L2Loss_20_grad/mul	1601111572074473	50
tower_0/v/cg/conv11/Relu	1601111572175351	68
tower_0/v/gradients/tower_0/v/l2_loss/L2Loss_13_grad/mul	1601111572075374	17
tower_0/v/cg/dropout0/dropout/dropout/Cast	1601111572084497	7
v/cg/conv1/biases/read	-1	-1
average_loss/Mean/_74	1601111572181680	3
tower_0/v/l2_loss/L2Loss_21	1601111572077690	4
tower_0/v/gradients/tower_0/v/l2_loss/L2Loss_31_grad/mul	1601111572076734	21
tower_0/v/cg/conv4/BiasAdd	1601111572132187	681
tower_0/v/cg/conv0/Relu	1601111572084518	2108
tower_0/v/gradients/AddN_14	1601111572231159	4
append_apply_gradient_ops/GradientDescent/update_v/cg/conv11/biases/ApplyGradientDescent	1601111572199466	4
_SOURCE	-1	-1
ConstantFolding/tower_0/v/gradients/tower_0/v/cg/conv6/conv2d/Conv2D_grad/ShapeN-matshapes-0	-1	-1
tower_0/v/cg/conv12/conv2d/Conv2D	1601111572175421	2276
tower_0/v/gradients/tower_0/v/cg/conv6/conv2d/Conv2D_grad/Conv2DBackpropInput	1601111572240995	7556
tower_0/v/gradients/tower_0/v/cg/conv5/conv2d/Conv2D_grad/Conv2DBackpropInput	1601111572265083	7531
tower_0/v/gradients/tower_0/v/cg/conv11/BiasAdd_grad/BiasAddGrad	1601111572194713	52
tower_0/v/cg/dropout0_1/dropout/dropout/random_uniform/RandomUniform	1601111572074131	20
tower_0/v/gradients/tower_0/v/cg/conv3/conv2d/Conv2D_grad/Conv2DBackpropFilter	1601111572295694	10914
ConstantFolding/tower_0/v/gradients/tower_0/v/cg/conv4/conv2d/Conv2D_grad/ShapeN-matshapes-1	-1	-1
tower_0/v/gradients/tower_0/v/cg/conv4/BiasAdd_grad/BiasAddGrad	1601111572273463	254
v/cg/conv9/conv2d/kernel/read	-1	-1
tower_0/v/gradients/AddN_8	1601111572199305	4
v/cg/conv8/conv2d/kernel	-1	-1
tower_0/v/cg/dropout0_1/dropout/dropout/Cast	1601111572084506	5
tower_0/v/cg/conv7/conv2d/Conv2D	1601111572151464	3703
tower_0/v/cg/conv2/BiasAdd	1601111572112140	1363
append_apply_gradient_ops/GradientDescent/update_v/cg/conv4/conv2d/kernel/ApplyGradientDescent	1601111572285392	11
tower_0/v/gradients/tower_0/v/cg/conv7/conv2d/Conv2D_grad/Conv2DBackpropFilter	1601111572235411	3160
tower_0/v/cg/conv3/Relu	1601111572125824	1051
tower_0/v/gradients/tower_0/v/l2_loss/L2Loss_1_grad/mul	1601111572076304	16
tower_0/v/cg/affine2/xw_plus_b	1601111572180122	5
v/cg/conv11/conv2d/kernel/read	-1	-1
v/cg/conv3/conv2d/kernel	-1	-1
v/cg/conv7/conv2d/kernel	-1	-1
tower_0/v/l2_loss/L2Loss_17	1601111572077022	19
ConstantFolding/tower_0/v/gradients/tower_0/v/cg/conv2/conv2d/Conv2D_grad/ShapeN-matshapes-1	-1	-1
tower_0/v/gradients/AddN_12	1601111572217732	4
v/cg/conv4/biases	-1	-1
append_apply_gradient_ops/GradientDescent	-1	-1
tower_0/v/cg/conv12/BiasAdd	1601111572177699	92
tower_0/v/cg/conv9/conv2d/Conv2D	1601111572163055	6653
ConstantFolding/tower_0/v/gradients/tower_0/v/cg/conv9/conv2d/Conv2D_grad/ShapeN-matshapes-1	-1	-1
v/cg/conv5/conv2d/kernel/read	-1	-1
tower_0/v/gradients/tower_0/v/cg/conv9/BiasAdd_grad/BiasAddGrad	1601111572204981	146
tower_0/v/cg/conv1/Relu	1601111572102285	2115
append_apply_gradient_ops/GradientDescent/update_v/cg/conv5/biases/ApplyGradientDescent	1601111572273450	4
tower_0/v/gradients/tower_0/v/cg/affine0/xw_plus_b_grad/BiasAddGrad	1601111572182086	12
tower_0/v/gradients/tower_0/v/cg/conv0/Relu_grad/ReluGrad	1601111572367578	3194
ConstantFolding/tower_0/v/gradients/tower_0/v/cg/conv12/conv2d/Conv2D_grad/ShapeN-matshapes-0	-1	-1
append_apply_gradient_ops/GradientDescent/update_v/cg/affine2/weights/ApplyGradientDescent	1601111572180629	93
v/cg/conv6/biases	-1	-1
v/cg/conv6/conv2d/kernel	-1	-1
tower_0/v/cg/dropout0/dropout/dropout/Shape	-1	-1
v/cg/conv0/biases	-1	-1
tower_0/v/gradients/tower_0/v/cg/conv4/conv2d/Conv2D_grad/Conv2DBackpropInput	1601111572273719	4323
tower_0/v/gradients/tower_0/v/cg/mpool0/MaxPool_grad/MaxPoolGrad	1601111572324192	3769
tower_0/v/gradients/tower_0/v/cg/conv10/conv2d/Conv2D_grad/Conv2DBackpropInput	1601111572199532	2269
tower_0/v/gradients/tower_0/v/l2_loss/L2Loss_28_grad/mul	1601111572077345	254
tower_0/v/gpu_cached_inputs/read	-1	-1
append_apply_gradient_ops/GradientDescent/update_v/cg/conv2/conv2d/kernel/ApplyGradientDescent	1601111572331195	7
tower_0/v/gradients/tower_0/v/cg/conv12/BiasAdd_grad/BiasAddGrad	1601111572189989	54
tower_0/v/cg/dropout0/dropout/dropout/mul_1	1601111572179631	6
tower_0/v/cg/affine2/xw_plus_b/MatMul	1601111572179945	175
tower_0/v/gradients/tower_0/v/cg/affine0/affine0_grad/ReluGrad	1601111572182072	8
tower_0/v/cg/conv8/Relu	1601111572162792	261
tower_0/v/l2_loss/L2Loss_11	1601111572074916	16
ConstantFolding/tower_0/v/gradients/tower_0/v/cg/conv12/conv2d/Conv2D_grad/ShapeN-matshapes-1	-1	-1
v/cg/conv2/conv2d/kernel/read	-1	-1
tower_0/v/gradients/tower_0/v/cg/conv9/conv2d/Conv2D_grad/Conv2DBackpropFilter	1601111572211800	5930
v/cg/conv7/biases	-1	-1
tower_0/v/gradients/tower_0/v/cg/conv1/conv2d/Conv2D_grad/Conv2DBackpropFilter	1601111572345021	22549
ConstantFolding/tower_0/v/gradients/tower_0/v/cg/conv2/conv2d/Conv2D_grad/ShapeN-matshapes-0	-1	-1
tower_0/v/gradients/AddN_26	1601111572324186	4
v/cg/conv8/biases/read	-1	-1
v/cg/conv11/conv2d/kernel	-1	-1
v/cg/conv12/biases/read	-1	-1
tower_0/v/gradients/tower_0/v/cg/dropout0/dropout/dropout/mul_1_grad/Mul	1601111572181297	6
tower_0/v/cg/conv8/conv2d/Conv2D	1601111572155776	6671
tower_0/v/l2_loss/L2Loss_4	1601111572076781	37
append_apply_gradient_ops/GradientDescent/update_v/cg/conv5/conv2d/kernel/ApplyGradientDescent	1601111572273432	17
v/cg/conv5/biases/read	-1	-1
tower_0/v/l2_loss/L2Loss_23	1601111572076159	16
tower_0/v/mul/x	-1	-1
tower_0/v/gradients/AddN_5	1601111572185123	2298
tower_0/v/vgg16_synthetic_labels/min	-1	-1
append_apply_gradient_ops/GradientDescent/update_v/cg/conv7/conv2d/kernel/ApplyGradientDescent	1601111572240704	30
tower_0/v/gradients/tower_0/v/cg/conv6/conv2d/Conv2D_grad/Conv2DBackpropFilter	1601111572248553	7737
v/cg/affine2/weights	-1	-1
ConstantFolding/tower_0/v/gradients/tower_0/v/cg/conv8/conv2d/Conv2D_grad/ShapeN-matshapes-1	-1	-1
append_apply_gradient_ops/GradientDescent/update_v/cg/conv9/conv2d/kernel/ApplyGradientDescent	1601111572231104	53
tower_0/v/gradients/AddN_13	1601111572218125	56
tower_0/v/gradients/tower_0/v/cg/conv2/conv2d/Conv2D_grad/Conv2DBackpropInput	1601111572308645	5636
v/cg/conv0/conv2d/kernel/read	-1	-1
tower_0/v/l2_loss/L2Loss_22	1601111572075707	43
tower_0/v/cg/affine1/xw_plus_b/MatMul	1601111572179639	282
tower_0/v/cg/Reshape	-1	-1
tower_0/v/l2_loss/L2Loss_30	1601111572074634	57
tower_0/v/gradients/tower_0/v/cg/conv2/conv2d/Conv2D_grad/Conv2DBackpropFilter	1601111572314283	9892
tower_0/v/gradients/tower_0/v/cg/conv8/Relu_grad/ReluGrad	1601111572217748	376
tower_0/v/cg/dropout0/dropout/dropout/truediv	-1	-1
tower_0/v/gradients/tower_0/v/cg/affine1/xw_plus_b/MatMul_grad/MatMul_1	1601111572181047	242
tower_0/v/gradients/tower_0/v/cg/conv0/conv2d/Conv2D_grad/Conv2DBackpropFilter	1601111572371718	4361
v/cg/conv7/biases/read	-1	-1
tower_0/v/cg/dropout0/dropout/dropout/GreaterEqual	1601111572081715	7
tower_0/v/cg/mpool3/MaxPool	1601111572170316	210
tower_0/v/gradients/AddN_28	1601111572367572	4
tower_0/v/l2_loss/L2Loss_26	1601111572077713	719
tower_0/v/gradients/tower_0/v/cg/conv11/Relu_grad/ReluGrad	1601111572194551	94
tower_0/v/cg/conv5/BiasAdd	1601111572141041	681
append_apply_gradient_ops/GradientDescent/update_v/cg/conv10/conv2d/kernel/ApplyGradientDescent	1601111572204919	56
append_apply_gradient_ops/GradientDescent/update_v/cg/conv0/conv2d/kernel/ApplyGradientDescent	1601111572376105	5
tower_0/v/l2_loss/L2Loss_13	1601111572075335	16
tower_0/v/gradients/tower_0/v/cg/conv3/Relu_grad/ReluGrad	1601111572283840	1550
tower_0/v/l2_loss/L2Loss_8	1601111572076910	38
tower_0/v/cg/dropout0/dropout/dropout/rate	-1	-1
v/cg/conv10/biases/read	-1	-1
v/cg/conv0/biases/read	-1	-1
tower_0/v/gradients/tower_0/v/xentropy/sparse_softmax_cross_entropy_loss/xentropy/xentropy_grad/mul	1601111572180264	8
append_apply_gradient_ops/GradientDescent/update_v/cg/conv9/biases/ApplyGradientDescent	1601111572218182	5
tower_0/v/gradients/tower_0/v/cg/affine1/xw_plus_b_grad/BiasAddGrad	1601111572180741	13
tower_0/v/gradients/tower_0/v/cg/mpool4/MaxPool_grad/MaxPoolGrad	1601111572187429	162
tower_0/v/gradients/tower_0/v/cg/conv1/conv2d/Conv2D_grad/Conv2DBackpropInput	1601111572332128	12892
tower_0/v/gradients/AddN_22	1601111572281946	4
tower_0/v/gradients/AddN_19	1601111572257063	16
tower_0/v/gradients/tower_0/v/l2_loss/L2Loss_7_grad/mul	1601111572076383	16
tower_0/v/cg/affine1/xw_plus_b	1601111572179923	6
tower_0/v/gradients/tower_0/v/cg/Reshape_grad/Reshape	-1	-1
v/cg/conv2/biases/read	-1	-1
append_apply_gradient_ops/GradientDescent/update_v/cg/conv12/biases/ApplyGradientDescent	1601111572194704	5
tower_0/v/gradients/tower_0/v/l2_loss/L2Loss_30_grad/mul	1601111572074704	72
tower_0/v/l2_loss/L2Loss_5	1601111572074777	4
v/cg/conv2/biases	-1	-1
main_fetch_group/_70	-1	-1
tower_0/v/cg/conv12/Relu	1601111572177793	68
v/cg/conv3/conv2d/kernel/read	-1	-1
tower_0/v/gradients/tower_0/v/cg/conv4/Relu_grad/ReluGrad	1601111572272659	759
tower_0/v/cg/dropout0/dropout/dropout/random_uniform/RandomUniform	1601111572074052	43
tower_0/v/gradients/tower_0/v/l2_loss/L2Loss_15_grad/mul	1601111572076143	4
v/cg/conv4/biases/read	-1	-1
ConstantFolding/tower_0/v/gradients/tower_0/v/cg/conv0/conv2d/Conv2D_grad/ShapeN-matshapes-1	-1	-1
tower_0/v/gradients/tower_0/v/cg/conv5/Relu_grad/ReluGrad	1601111572256297	764
v/cg/conv8/biases	-1	-1
tower_0/v/cg/mpool0/MaxPool	1601111572104402	1488
tower_0/v/gradients/tower_0/v/l2_loss/L2Loss_14_grad/mul	1601111572075639	29
v/cg/conv12/conv2d/kernel/read	-1	-1
tower_0/v/gradients/tower_0/v/cg/affine1/xw_plus_b/MatMul_grad/MatMul	1601111572180756	290
append_apply_gradient_ops/GradientDescent/update_v/cg/affine2/biases/ApplyGradientDescent	1601111572180612	5
tower_0/v/gradients/tower_0/v/cg/conv11/conv2d/Conv2D_grad/Conv2DBackpropFilter	1601111572197035	2213
tower_0/v/cg/dropout0/dropout/dropout/mul	1601111572086628	6
tower_0/v/gradients/AddN_11	1601111572204475	56
v/cg/affine2/biases/read	-1	-1
v/cg/affine1/biases/read	-1	-1
tower_0/v/gradients/tower_0/v/l2_loss/L2Loss_27_grad/mul	1601111572074572	17
v/cg/conv12/biases	-1	-1
tower_0/v/l2_loss/L2Loss_16	1601111572076444	43
ConstantFolding/average_loss/Mean/input_const_axis	-1	-1
v/cg/affine0/biases	-1	-1
tower_0/v/mul	1601111572084513	4
ConstantFolding/tower_0/v/gradients/tower_0/v/cg/conv9/conv2d/Conv2D_grad/ShapeN-matshapes-0	-1	-1
tower_0/v/cg/conv5/Relu	1601111572141724	521
tower_0/v/cg/conv7/Relu	1601111572155514	260
tower_0/v/gradients/tower_0/v/l2_loss/L2Loss_16_grad/mul	1601111572076510	45
v/cg/conv10/biases	-1	-1
tower_0/v/gradients/tower_0/v/cg/conv10/BiasAdd_grad/BiasAddGrad	1601111572199479	52
tower_0/v/cg/conv6/conv2d/Conv2D	1601111572142247	7617
learning_rate_tensor/input	-1	-1
tower_0/v/cg/conv8/BiasAdd	1601111572162449	341
tower_0/v/cg/dropout0_1/dropout/dropout/GreaterEqual	1601111572081723	6
v/cg/conv11/biases	-1	-1
v/cg/conv1/conv2d/kernel	-1	-1
tower_0/v/cg/affine0/xw_plus_b/MatMul	1601111572177924	1690
tower_0/v/gradients/tower_0/v/cg/dropout0_1/dropout/dropout/mul_1_grad/Mul	1601111572180504	6
tower_0/v/gradients/AddN_18	1601111572256291	4
tower_0/v/gradients/tower_0/v/cg/conv1/BiasAdd_grad/BiasAddGrad	1601111572331206	921
tower_0/v/cg/Reshape/shape	-1	-1
tower_0/v/cg/conv10/conv2d/Conv2D	1601111572170528	2281
main_fetch_group	-1	-1
tower_0/v/cg/conv1/BiasAdd	1601111572099546	2738
tower_0/v/xentropy/sparse_softmax_cross_entropy_loss/Mul	-1	-1
tower_0/v/gradients/tower_0/v/cg/conv10/Relu_grad/ReluGrad	1601111572199311	95
append_apply_gradient_ops/GradientDescent/update_v/cg/conv8/conv2d/kernel/ApplyGradientDescent	1601111572238574	63
tower_0/v/l2_loss/L2Loss_28	1601111572077203	140
ConstantFolding/tower_0/v/gradients/tower_0/v/cg/conv4/conv2d/Conv2D_grad/ShapeN-matshapes-0	-1	-1
tower_0/v/gradients/tower_0/v/cg/conv8/conv2d/Conv2D_grad/Conv2DBackpropInput	1601111572218340	6622
tower_0/v/cg/dropout0_1/dropout/dropout/mul	1601111572086636	6
tower_0/v/l2_loss/L2Loss	1601111572076097	7
tower_0/v/gradients/tower_0/v/l2_loss/L2Loss_12_grad/mul	1601111572075209	18
v/cg/conv9/conv2d/kernel	-1	-1
tower_0/v/cg/conv11/conv2d/Conv2D	1601111572172974	2282
tower_0/v/gradients/tower_0/v/cg/affine2/xw_plus_b/MatMul_grad/MatMul	1601111572180300	105
tower_0/v/gradients/tower_0/v/cg/conv6/BiasAdd_grad/BiasAddGrad	1601111572240736	257
tower_0/v/cg/conv3/BiasAdd	1601111572124459	1364
v/cg/conv9/biases	-1	-1
tower_0/v/gradients/tower_0/v/cg/conv12/conv2d/Conv2D_grad/Conv2DBackpropFilter	1601111572192325	2218
tower_0/v/gradients/tower_0/v/cg/conv3/conv2d/Conv2D_grad/Conv2DBackpropInput	1601111572285886	9807
v/cg/conv6/conv2d/kernel/read	-1	-1
tower_0/v/cg/affine0/xw_plus_b	1601111572179616	7
v/cg/conv3/biases	-1	-1
tower_0/v/gradients/tower_0/v/cg/dropout0_1/dropout/dropout/mul_grad/Mul	1601111572180619	8
tower_0/v/cg/dropout0_1/dropout/dropout/random_uniform/mul	-1	-1
average_loss/Mean	-1	-1
tower_0/v/l2_loss/L2Loss_27	1601111572074527	24
gpu_compute_stage_ops_group	-1	-1
ConstantFolding/tower_0/v/gradients/tower_0/v/cg/conv11/conv2d/Conv2D_grad/ShapeN-matshapes-1	-1	-1
append_apply_gradient_ops/GradientDescent/update_v/cg/conv7/biases/ApplyGradientDescent	1601111572239937	4
tower_0/v/gradients/AddN_4	1601111572185116	5
tower_0/v/l2_loss/L2Loss_18	1601111572077601	33
ConstantFolding/tower_0/v/gradients/tower_0/v/cg/conv6/conv2d/Conv2D_grad/ShapeN-matshapes-1	-1	-1
tower_0/v/gradients/tower_0/v/cg/conv7/BiasAdd_grad/BiasAddGrad	1601111572231615	146
tower_0/v/gradients/tower_0/v/l2_loss/L2Loss_19_grad/mul	1601111572077708	4
tower_0/v/gradients/tower_0/v/cg/mpool1/MaxPool_grad/MaxPoolGrad	1601111572281952	1868
tower_0/v/cg/conv0/conv2d/Conv2D	1601111572080029	1684
tower_0/v/transpose	1601111572075834	261
v/cg/conv3/biases/read	-1	-1
tower_0/v/cg/mpool4/MaxPool	1601111572177863	59
tower_0/v/gradients/tower_0/v/l2_loss/L2Loss_29_grad/mul	1601111572077684	4
tower_0/v/cg/conv9/BiasAdd	1601111572169709	342
v/cg/conv4/conv2d/kernel/read	-1	-1
tower_0/v/l2_loss/L2Loss_19	1601111572077702	5
tower_0/v/add	1601111572180607	4
tower_0/v/gradients/tower_0/v/l2_loss/L2Loss_4_grad/mul	1601111572076845	16
tower_0/v/gradients/AddN_30	1601111572376088	4
ConstantFolding/tower_0/v/gradients/tower_0/v/cg/conv11/conv2d/Conv2D_grad/ShapeN-matshapes-0	-1	-1
tower_0/v/gradients/AddN_25	1601111572308153	8
tower_0/v/cg/conv2/Relu	1601111572113504	1051
v/cg/conv7/conv2d/kernel/read	-1	-1
tower_0/v/gradients/tower_0/v/cg/conv0/BiasAdd_grad/BiasAddGrad	1601111572370793	922
tower_0/v/xentropy/sparse_softmax_cross_entropy_loss/value	1601111572180491	5
tower_0/v/gradients/tower_0/v/l2_loss/L2Loss_9_grad/mul	1601111572074876	17
tower_0/v/gradients/AddN_6	1601111572194545	4
tower_0/v/l2_loss/L2Loss_6	1601111572076111	18
tower_0/v/gradients/AddN_15	1601111572231544	56
tower_0/v/gradients/tower_0/v/cg/conv10/conv2d/Conv2D_grad/Conv2DBackpropFilter	1601111572201803	2214
tower_0/v/l2_loss/L2Loss_24	1601111572076576	43
tower_0/v/cg/conv7/BiasAdd	1601111572155168	344
tower_0/v/gradients/tower_0/v/l2_loss/L2Loss_24_grad/mul	1601111572076647	45
tower_0/v/gradients/tower_0/v/cg/affine1/affine1_grad/ReluGrad	1601111572180724	9
tower_0/v/gradients/tower_0/v/l2_loss/L2Loss_21_grad/mul	1601111572077697	4
tower_0/v/cg/conv3/conv2d/Conv2D	1601111572114557	9900
tower_0/v/gradients/AddN_29	1601111572370774	6
tower_0/v/gradients/tower_0/v/l2_loss/L2Loss_26_grad/mul	1601111572078434	1594
v/cg/affine0/weights/read	-1	-1
tower_0/v/vgg16_synthetic_labels/max	-1	-1
tower_0/v/gradients/AddN_2	1601111572181291	5
v/cg/affine2/weights/read	-1	-1
tower_0/v/gradients/tower_0/v/cg/conv5/BiasAdd_grad/BiasAddGrad	1601111572264822	260
tower_0/v/gradients/tower_0/v/cg/conv7/Relu_grad/ReluGrad	1601111572231165	377
tower_0/v/transpose/perm	-1	-1
tower_0/v/l2_loss/L2Loss_15	1601111572076137	4
tower_0/v/cg/conv4/conv2d/Conv2D	1601111572127657	4529
tower_0/v/gradients/tower_0/v/cg/conv1/Relu_grad/ReluGrad	1601111572327977	3217
tower_0/v/gradients/tower_0/v/xentropy/sparse_softmax_cross_entropy_loss/xentropy/xentropy_grad/ExpandDims	-1	-1
tower_0/v/gradients/tower_0/v/cg/dropout0/dropout/dropout/mul_grad/Mul	1601111572181689	8
tower_0/v/l2_loss/L2Loss_9	1601111572074834	18
ConstantFolding/tower_0/v/gradients/tower_0/v/cg/conv5/conv2d/Conv2D_grad/ShapeN-matshapes-0	-1	-1
tower_0/v/cg/conv0/BiasAdd	1601111572081756	2739
tower_0/v/gradients/tower_0/v/cg/conv11/conv2d/Conv2D_grad/Conv2DBackpropInput	1601111572194767	2267
append_apply_gradient_ops/GradientDescent/update_v/cg/conv12/conv2d/kernel/ApplyGradientDescent	1601111572199250	54
tower_0/v/gradients/tower_0/v/l2_loss/L2Loss_17_grad/mul	1601111572077065	16
tower_0/v/gradients/AddN_10	1601111572204074	4
tower_0/v/l2_loss/L2Loss_14	1601111572075570	40
ConstantFolding/tower_0/v/gradients/tower_0/v/cg/conv5/conv2d/Conv2D_grad/ShapeN-matshapes-1	-1	-1
tower_0/v/cg/conv6/Relu	1601111572150549	522
tower_0/v/gradients/tower_0/v/cg/affine2/xw_plus_b_grad/BiasAddGrad	1601111572180283	15
tower_0/v/gradients/AddN_27	1601111572327963	6
tower_0/v/gradients/tower_0/v/cg/affine0/xw_plus_b/MatMul_grad/MatMul	1601111572182099	1618
v/cg/conv9/biases/read	-1	-1
tower_0/v/vgg16_synthetic_labels/shape	-1	-1
append_apply_gradient_ops/GradientDescent/update_v/cg/conv2/biases/ApplyGradientDescent	1601111572327971	4
tower_0/v/cg/affine1/affine1	1601111572179931	5
tower_0/v/gradients/AddN_20	1601111572272653	4
tower_0/v/gradients/tower_0/v/l2_loss/L2Loss_3_grad/mul	1601111572075295	17
tower_0/v/cg/mpool2/MaxPool	1601111572151073	390
tower_0/v/gradients/tower_0/v/cg/conv9/conv2d/Conv2D_grad/Conv2DBackpropInput	1601111572205128	6670
tower_0/v/gradients/AddN_16	1601111572238638	4
v/cg/conv4/conv2d/kernel	-1	-1
ConstantFolding/tower_0/v/gradients/tower_0/v/cg/conv7/conv2d/Conv2D_grad/ShapeN-matshapes-1	-1	-1
tower_0/v/cg/affine0/affine0	1601111572179624	5
tower_0/v/cg/conv6/BiasAdd	1601111572149865	681
average_loss/range	-1	-1
tower_0/v/cg/conv2/conv2d/Conv2D	1601111572105891	6247
ConstantFolding/tower_0/v/gradients/tower_0/v/cg/conv8/conv2d/Conv2D_grad/ShapeN-matshapes-0	-1	-1
tower_0/v/gradients/tower_0/v/cg/conv8/conv2d/Conv2D_grad/Conv2DBackpropFilter	1601111572224964	6138
tower_0/v/gradients/AddN_23	1601111572283821	11
tower_0/v/cg/conv10/BiasAdd	1601111572172811	91
append_apply_gradient_ops/GradientDescent/update_v/cg/conv8/biases/ApplyGradientDescent	1601111572231601	4
tower_0/v/gradients/tower_0/v/cg/conv8/BiasAdd_grad/BiasAddGrad	1601111572218192	146
tower_0/v/cg/conv9/Relu	1601111572170053	262
append_apply_gradient_ops/GradientDescent/update_v/cg/affine1/biases/ApplyGradientDescent	1601111572181679	8
train_ops_group	-1	-1
tower_0/v/gpu_cached_inputs	-1	-1
tower_0/v/gradients/tower_0/v/cg/affine0/xw_plus_b/MatMul_grad/MatMul_1	1601111572183719	1395
append_apply_gradient_ops/GradientDescent/update_v/cg/conv6/biases/ApplyGradientDescent	1601111572257081	4
ConstantFolding/tower_0/v/gradients/tower_0/v/cg/conv3/conv2d/Conv2D_grad/ShapeN-matshapes-0	-1	-1
append_apply_gradient_ops/GradientDescent/update_v/cg/conv10/biases/ApplyGradientDescent	1601111572204533	4
tower_0/v/l2_loss/L2Loss_31	1601111572076694	16
tower_0/v/l2_loss/AddN	1601111572081730	24
tower_0/v/gradients/tower_0/v/l2_loss/L2Loss_10_grad/mul	1601111572075504	18
tower_0/v/gradients/tower_0/v/cg/conv2/BiasAdd_grad/BiasAddGrad	1601111572308170	474
tower_0/v/cg/conv10/Relu	1601111572172904	68
append_apply_gradient_ops/GradientDescent/update_v/cg/conv11/conv2d/kernel/ApplyGradientDescent	1601111572204019	53
v/cg/affine1/biases	-1	-1
v/cg/conv11/biases/read	-1	-1
tower_0/v/l2_loss/L2Loss_1	1601111572076264	17
append_apply_gradient_ops/GradientDescent/update_v/cg/conv3/biases/ApplyGradientDescent	1601111572308163	4
tower_0/v/gradients/tower_0/v/cg/conv7/conv2d/Conv2D_grad/Conv2DBackpropInput	1601111572231762	3647
v/cg/affine1/weights	-1	-1
v/cg/conv0/conv2d/kernel	-1	-1
tower_0/v/l2_loss/L2Loss_7	1601111572076343	17
tower_0/v/gradients/AddN_7	1601111572194647	56
tower_0/v/gradients/tower_0/v/l2_loss/L2Loss_6_grad/mul	1601111572076131	5
tower_0/v/gradients/tower_0/v/l2_loss/L2Loss_23_grad/mul	1601111572076200	16
v/cg/conv12/conv2d/kernel	-1	-1
tower_0/v/gradients/tower_0/v/l2_loss/L2Loss_8_grad/mul	1601111572076977	17
tower_0/v/cg/conv1/conv2d/Conv2D	1601111572086644	12900
tower_0/v/gradients/tower_0/v/l2_loss/L2Loss_grad/mul	1601111572076105	4
tower_0/v/l2_loss/L2Loss_2	1601111572075003	41
tower_0/v/vgg16_synthetic_labels	1601111572074166	20
ConstantFolding/tower_0/v/gradients/tower_0/v/cg/conv10/conv2d/Conv2D_grad/ShapeN-matshapes-1	-1	-1
ConstantFolding/tower_0/v/gradients/tower_0/v/cg/conv7/conv2d/Conv2D_grad/ShapeN-matshapes-0	-1	-1
tower_0/v/cg/dropout0/dropout/dropout/random_uniform/mul	-1	-1
tower_0/v/gradients/AddN_31	1601111572376093	4
v/cg/conv8/conv2d/kernel/read	-1	-1
ConstantFolding/tower_0/v/gradients/tower_0/v/cg/conv3/conv2d/Conv2D_grad/ShapeN-matshapes-1	-1	-1
v/cg/conv1/conv2d/kernel/read	-1	-1
tower_0/v/l2_loss/L2Loss_12	1601111572075140	40
tower_0/v/xentropy/sparse_softmax_cross_entropy_loss/num_present	-1	-1
tower_0/v/l2_loss/L2Loss_3	1601111572075254	18
append_apply_gradient_ops/GradientDescent/update_v/cg/conv0/biases/ApplyGradientDescent	1601111572376099	4
tower_0/v/gradients/tower_0/v/cg/mpool2/MaxPool_grad/MaxPoolGrad	1601111572238644	1260
tower_0/v/gradients/tower_0/v/l2_loss/L2Loss_11_grad/mul	1601111572074957	19
append_apply_gradient_ops/GradientDescent/update_v/cg/affine0/biases/ApplyGradientDescent	1601111572187422	6
tower_0/v/gradients/tower_0/v/cg/conv2/Relu_grad/ReluGrad	1601111572306615	1537
v/cg/affine0/weights	-1	-1
append_apply_gradient_ops/GradientDescent/update_v/cg/conv6/conv2d/kernel/ApplyGradientDescent	1601111572272616	17
v/cg/conv2/conv2d/kernel	-1	-1
append_apply_gradient_ops/GradientDescent/update_v/cg/conv3/conv2d/kernel/ApplyGradientDescent	1601111572324177	7
tower_0/v/cg/conv11/BiasAdd	1601111572175258	91
tower_0/v/cg/dropout0_1/dropout/dropout/mul_1	1601111572179937	6
tower_0/v/gradients/AddN_3	1601111572181305	373
tower_0/v/gradients/tower_0/v/cg/Reshape_grad/Shape	-1	-1
