append_apply_gradient_ops/GradientDescent/update_v/cg/affine0/weights/ApplyGradientDescent	1601111575003777	2296
tower_0/v/xentropy/sparse_softmax_cross_entropy_loss/xentropy/xentropy	1601111574996320	134
v/cg/conv1/biases	-1	-1
ConstantFolding/tower_0/v/gradients/tower_0/v/cg/conv1/conv2d/Conv2D_grad/ShapeN-matshapes-1	-1	-1
tower_0/v/gradients/tower_0/v/l2_loss/L2Loss_5_grad/mul	1601111574890963	17
tower_0/v/gradients/tower_0/v/l2_loss/L2Loss_18_grad/mul	1601111574893769	35
v/cg/conv6/biases/read	-1	-1
v/cg/affine1/weights/read	-1	-1
tower_0/v/gradients/AddN_24	1601111575122958	4
v/cg/affine0/biases/read	-1	-1
tower_0/v/gradients/tower_0/v/cg/conv9/Relu_grad/ReluGrad	1601111575020732	381
average_loss/Mean/input	-1	-1
tower_0/v/gradients/tower_0/v/cg/conv12/conv2d/Conv2D_grad/Conv2DBackpropInput	1601111575006235	2287
tower_0/v/l2_loss/L2Loss_25	1601111574893238	16
append_apply_gradient_ops/GradientDescent/update_v/cg/conv4/biases/ApplyGradientDescent	1601111575100183	4
v/cg/conv10/conv2d/kernel/read	-1	-1
tower_0/v/gradients/tower_0/v/cg/conv3/BiasAdd_grad/BiasAddGrad	1601111575101760	475
v/cg/conv10/conv2d/kernel	-1	-1
tower_0/v/cg/mpool1/MaxPool	1601111574943033	781
v/cg/conv5/biases	-1	-1
append_apply_gradient_ops/GradientDescent/update_v/cg/conv1/biases/ApplyGradientDescent	1601111575187125	4
tower_0/v/cg/conv4/Relu	1601111574949022	522
tower_0/v/gradients/AddN_21	1601111575088997	17
tower_0/v/gradients/tower_0/v/cg/mpool3/MaxPool_grad/MaxPoolGrad	1601111575020274	394
ConstantFolding/tower_0/v/gradients/tower_0/v/cg/conv10/conv2d/Conv2D_grad/ShapeN-matshapes-0	-1	-1
ConstantFolding/tower_0/v/gradients/tower_0/v/cg/conv1/conv2d/Conv2D_grad/ShapeN-matshapes-0	-1	-1
tower_0/v/gradients/tower_0/v/cg/affine2/xw_plus_b/MatMul_grad/MatMul_1	1601111574996599	79
append_apply_gradient_ops/GradientDescent/update_v/cg/affine1/weights/ApplyGradientDescent	1601111574997885	371
tower_0/v/l2_loss/L2Loss_20	1601111574890565	48
tower_0/v/gradients/AddN_17	1601111575056284	31
v/cg/conv5/conv2d/kernel	-1	-1
tower_0/v/gradients/tower_0/v/cg/conv12/Relu_grad/ReluGrad	1601111575006075	96
tower_0/v/gradients/tower_0/v/cg/conv6/Relu_grad/ReluGrad	1601111575056323	757
tower_0/v/gradients/tower_0/v/l2_loss/L2Loss_2_grad/mul	1601111574891233	17
tower_0/v/gradients/AddN_1	1601111574996702	93
tower_0/v/cg/conv5/conv2d/Conv2D	1601111574949546	7629
tower_0/v/gradients/tower_0/v/l2_loss/L2Loss_25_grad/mul	1601111574893277	16
append_apply_gradient_ops/GradientDescent/update_v/cg/conv1/conv2d/kernel/ApplyGradientDescent	1601111575192426	6
tower_0/v/gradients/AddN_9	1601111575015603	55
tower_0/v/xentropy/sparse_softmax_cross_entropy_loss/Sum	1601111574996464	5
tower_0/v/gradients/tower_0/v/cg/conv5/conv2d/Conv2D_grad/Conv2DBackpropFilter	1601111575073459	7729
tower_0/v/l2_loss/L2Loss_10	1601111574891590	41
v/cg/affine2/biases	-1	-1
tower_0/v/gradients/AddN	1601111574996687	5
tower_0/v/gradients/tower_0/v/l2_loss/L2Loss_22_grad/mul	1601111574891922	45
tower_0/v/l2_loss/L2Loss_29	1601111574893805	10
tower_0/v/gradients/tower_0/v/cg/conv4/conv2d/Conv2D_grad/Conv2DBackpropFilter	1601111575094399	3900
tower_0/v/gradients/tower_0/v/l2_loss/L2Loss_20_grad/mul	1601111574890653	48
tower_0/v/cg/conv11/Relu	1601111574991540	67
tower_0/v/gradients/tower_0/v/l2_loss/L2Loss_13_grad/mul	1601111574891531	17
tower_0/v/cg/dropout0/dropout/dropout/Cast	1601111574900648	6
v/cg/conv1/biases/read	-1	-1
average_loss/Mean/_74	1601111574997866	6
tower_0/v/l2_loss/L2Loss_21	1601111574893823	4
tower_0/v/gradients/tower_0/v/l2_loss/L2Loss_31_grad/mul	1601111574892872	20
tower_0/v/cg/conv4/BiasAdd	1601111574948341	680
tower_0/v/cg/conv0/Relu	1601111574900671	2105
tower_0/v/gradients/AddN_14	1601111575047542	4
append_apply_gradient_ops/GradientDescent/update_v/cg/conv11/biases/ApplyGradientDescent	1601111575015660	4
_SOURCE	-1	-1
ConstantFolding/tower_0/v/gradients/tower_0/v/cg/conv6/conv2d/Conv2D_grad/ShapeN-matshapes-0	-1	-1
tower_0/v/cg/conv12/conv2d/Conv2D	1601111574991609	2277
tower_0/v/gradients/tower_0/v/cg/conv6/conv2d/Conv2D_grad/Conv2DBackpropInput	1601111575057372	7562
tower_0/v/gradients/tower_0/v/cg/conv5/conv2d/Conv2D_grad/Conv2DBackpropInput	1601111575081447	7529
tower_0/v/gradients/tower_0/v/cg/conv11/BiasAdd_grad/BiasAddGrad	1601111575010911	52
tower_0/v/cg/dropout0_1/dropout/dropout/random_uniform/RandomUniform	1601111574890300	25
tower_0/v/gradients/tower_0/v/cg/conv3/conv2d/Conv2D_grad/Conv2DBackpropFilter	1601111575112041	10915
ConstantFolding/tower_0/v/gradients/tower_0/v/cg/conv4/conv2d/Conv2D_grad/ShapeN-matshapes-1	-1	-1
tower_0/v/gradients/tower_0/v/cg/conv4/BiasAdd_grad/BiasAddGrad	1601111575089810	255
v/cg/conv9/conv2d/kernel/read	-1	-1
tower_0/v/gradients/AddN_8	1601111575015500	4
v/cg/conv8/conv2d/kernel	-1	-1
tower_0/v/cg/dropout0_1/dropout/dropout/Cast	1601111574900658	5
tower_0/v/cg/conv7/conv2d/Conv2D	1601111574967624	3713
tower_0/v/cg/conv2/BiasAdd	1601111574928302	1361
append_apply_gradient_ops/GradientDescent/update_v/cg/conv4/conv2d/kernel/ApplyGradientDescent	1601111575101744	11
tower_0/v/gradients/tower_0/v/cg/conv7/conv2d/Conv2D_grad/Conv2DBackpropFilter	1601111575051792	3168
tower_0/v/cg/conv3/Relu	1601111574941984	1048
tower_0/v/gradients/tower_0/v/l2_loss/L2Loss_1_grad/mul	1601111574892443	16
tower_0/v/cg/affine2/xw_plus_b	1601111574996314	5
v/cg/conv11/conv2d/kernel/read	-1	-1
v/cg/conv3/conv2d/kernel	-1	-1
v/cg/conv7/conv2d/kernel	-1	-1
tower_0/v/l2_loss/L2Loss_17	1601111574893156	19
ConstantFolding/tower_0/v/gradients/tower_0/v/cg/conv2/conv2d/Conv2D_grad/ShapeN-matshapes-1	-1	-1
tower_0/v/gradients/AddN_12	1601111575034120	4
v/cg/conv4/biases	-1	-1
append_apply_gradient_ops/GradientDescent	-1	-1
tower_0/v/cg/conv12/BiasAdd	1601111574993887	91
tower_0/v/cg/conv9/conv2d/Conv2D	1601111574979237	6659
ConstantFolding/tower_0/v/gradients/tower_0/v/cg/conv9/conv2d/Conv2D_grad/ShapeN-matshapes-1	-1	-1
v/cg/conv5/conv2d/kernel/read	-1	-1
tower_0/v/gradients/tower_0/v/cg/conv9/BiasAdd_grad/BiasAddGrad	1601111575021180	146
tower_0/v/cg/conv1/Relu	1601111574918452	2113
append_apply_gradient_ops/GradientDescent/update_v/cg/conv5/biases/ApplyGradientDescent	1601111575089802	4
tower_0/v/gradients/tower_0/v/cg/affine0/xw_plus_b_grad/BiasAddGrad	1601111574998273	12
tower_0/v/gradients/tower_0/v/cg/conv0/Relu_grad/ReluGrad	1601111575183917	3199
ConstantFolding/tower_0/v/gradients/tower_0/v/cg/conv12/conv2d/Conv2D_grad/ShapeN-matshapes-0	-1	-1
append_apply_gradient_ops/GradientDescent/update_v/cg/affine2/weights/ApplyGradientDescent	1601111574996818	93
v/cg/conv6/biases	-1	-1
v/cg/conv6/conv2d/kernel	-1	-1
tower_0/v/cg/dropout0/dropout/dropout/Shape	-1	-1
v/cg/conv0/biases	-1	-1
tower_0/v/gradients/tower_0/v/cg/conv4/conv2d/Conv2D_grad/Conv2DBackpropInput	1601111575090066	4331
tower_0/v/gradients/tower_0/v/cg/mpool0/MaxPool_grad/MaxPoolGrad	1601111575140535	3770
tower_0/v/gradients/tower_0/v/cg/conv10/conv2d/Conv2D_grad/Conv2DBackpropInput	1601111575015726	2268
tower_0/v/gradients/tower_0/v/l2_loss/L2Loss_28_grad/mul	1601111574893477	256
tower_0/v/gpu_cached_inputs/read	-1	-1
append_apply_gradient_ops/GradientDescent/update_v/cg/conv2/conv2d/kernel/ApplyGradientDescent	1601111575147517	7
tower_0/v/gradients/tower_0/v/cg/conv12/BiasAdd_grad/BiasAddGrad	1601111575006179	54
tower_0/v/cg/dropout0/dropout/dropout/mul_1	1601111574995820	6
tower_0/v/cg/affine2/xw_plus_b/MatMul	1601111574996136	176
tower_0/v/gradients/tower_0/v/cg/affine0/affine0_grad/ReluGrad	1601111574998258	8
tower_0/v/cg/conv8/Relu	1601111574978972	264
tower_0/v/l2_loss/L2Loss_11	1601111574891083	16
ConstantFolding/tower_0/v/gradients/tower_0/v/cg/conv12/conv2d/Conv2D_grad/ShapeN-matshapes-1	-1	-1
v/cg/conv2/conv2d/kernel/read	-1	-1
tower_0/v/gradients/tower_0/v/cg/conv9/conv2d/Conv2D_grad/Conv2DBackpropFilter	1601111575027974	6144
v/cg/conv7/biases	-1	-1
tower_0/v/gradients/tower_0/v/cg/conv1/conv2d/Conv2D_grad/Conv2DBackpropFilter	1601111575161355	22555
ConstantFolding/tower_0/v/gradients/tower_0/v/cg/conv2/conv2d/Conv2D_grad/ShapeN-matshapes-0	-1	-1
tower_0/v/gradients/AddN_26	1601111575140530	4
v/cg/conv8/biases/read	-1	-1
v/cg/conv11/conv2d/kernel	-1	-1
v/cg/conv12/biases/read	-1	-1
tower_0/v/gradients/tower_0/v/cg/dropout0/dropout/dropout/mul_1_grad/Mul	1601111574997485	6
tower_0/v/cg/conv8/conv2d/Conv2D	1601111574971951	6673
tower_0/v/l2_loss/L2Loss_4	1601111574892917	37
append_apply_gradient_ops/GradientDescent/update_v/cg/conv5/conv2d/kernel/ApplyGradientDescent	1601111575089783	17
v/cg/conv5/biases/read	-1	-1
tower_0/v/l2_loss/L2Loss_23	1601111574892302	16
tower_0/v/mul/x	-1	-1
tower_0/v/gradients/AddN_5	1601111575001309	2295
tower_0/v/vgg16_synthetic_labels/min	-1	-1
append_apply_gradient_ops/GradientDescent/update_v/cg/conv7/conv2d/kernel/ApplyGradientDescent	1601111575057082	30
tower_0/v/gradients/tower_0/v/cg/conv6/conv2d/Conv2D_grad/Conv2DBackpropFilter	1601111575064936	7734
v/cg/affine2/weights	-1	-1
ConstantFolding/tower_0/v/gradients/tower_0/v/cg/conv8/conv2d/Conv2D_grad/ShapeN-matshapes-1	-1	-1
append_apply_gradient_ops/GradientDescent/update_v/cg/conv9/conv2d/kernel/ApplyGradientDescent	1601111575047487	53
tower_0/v/gradients/AddN_13	1601111575034505	55
tower_0/v/gradients/tower_0/v/cg/conv2/conv2d/Conv2D_grad/Conv2DBackpropInput	1601111575125004	5625
v/cg/conv0/conv2d/kernel/read	-1	-1
tower_0/v/l2_loss/L2Loss_22	1601111574891855	43
tower_0/v/cg/affine1/xw_plus_b/MatMul	1601111574995828	285
tower_0/v/cg/Reshape	-1	-1
tower_0/v/l2_loss/L2Loss_30	1601111574890810	55
tower_0/v/gradients/tower_0/v/cg/conv2/conv2d/Conv2D_grad/Conv2DBackpropFilter	1601111575130631	9888
tower_0/v/gradients/tower_0/v/cg/conv8/Relu_grad/ReluGrad	1601111575034126	376
tower_0/v/cg/dropout0/dropout/dropout/truediv	-1	-1
tower_0/v/gradients/tower_0/v/cg/affine1/xw_plus_b/MatMul_grad/MatMul_1	1601111574997235	241
tower_0/v/gradients/tower_0/v/cg/conv0/conv2d/Conv2D_grad/Conv2DBackpropFilter	1601111575188065	4359
v/cg/conv7/biases/read	-1	-1
tower_0/v/cg/dropout0/dropout/dropout/GreaterEqual	1601111574897855	7
tower_0/v/cg/mpool3/MaxPool	1601111574986508	210
tower_0/v/gradients/AddN_28	1601111575183912	4
tower_0/v/l2_loss/L2Loss_26	1601111574893846	721
tower_0/v/gradients/tower_0/v/cg/conv11/Relu_grad/ReluGrad	1601111575010752	94
tower_0/v/cg/conv5/BiasAdd	1601111574957177	682
append_apply_gradient_ops/GradientDescent/update_v/cg/conv10/conv2d/kernel/ApplyGradientDescent	1601111575021115	56
append_apply_gradient_ops/GradientDescent/update_v/cg/conv0/conv2d/kernel/ApplyGradientDescent	1601111575192450	5
tower_0/v/l2_loss/L2Loss_13	1601111574891491	16
tower_0/v/gradients/tower_0/v/cg/conv3/Relu_grad/ReluGrad	1601111575100190	1553
tower_0/v/l2_loss/L2Loss_8	1601111574893046	38
tower_0/v/cg/dropout0/dropout/dropout/rate	-1	-1
v/cg/conv10/biases/read	-1	-1
v/cg/conv0/biases/read	-1	-1
tower_0/v/gradients/tower_0/v/xentropy/sparse_softmax_cross_entropy_loss/xentropy/xentropy_grad/mul	1601111574996455	8
append_apply_gradient_ops/GradientDescent/update_v/cg/conv9/biases/ApplyGradientDescent	1601111575034562	5
tower_0/v/gradients/tower_0/v/cg/affine1/xw_plus_b_grad/BiasAddGrad	1601111574996928	13
tower_0/v/gradients/tower_0/v/cg/mpool4/MaxPool_grad/MaxPoolGrad	1601111575003613	162
tower_0/v/gradients/tower_0/v/cg/conv1/conv2d/Conv2D_grad/Conv2DBackpropInput	1601111575148453	12900
tower_0/v/gradients/AddN_22	1601111575098301	4
tower_0/v/gradients/AddN_19	1601111575073435	17
tower_0/v/gradients/tower_0/v/l2_loss/L2Loss_7_grad/mul	1601111574892523	16
tower_0/v/cg/affine1/xw_plus_b	1601111574996115	6
tower_0/v/gradients/tower_0/v/cg/Reshape_grad/Reshape	-1	-1
v/cg/conv2/biases/read	-1	-1
append_apply_gradient_ops/GradientDescent/update_v/cg/conv12/biases/ApplyGradientDescent	1601111575010904	4
tower_0/v/gradients/tower_0/v/l2_loss/L2Loss_30_grad/mul	1601111574890876	72
tower_0/v/l2_loss/L2Loss_5	1601111574890949	4
v/cg/conv2/biases	-1	-1
main_fetch_group/_70	-1	-1
tower_0/v/cg/conv12/Relu	1601111574993979	68
v/cg/conv3/conv2d/kernel/read	-1	-1
tower_0/v/gradients/tower_0/v/cg/conv4/Relu_grad/ReluGrad	1601111575089021	761
tower_0/v/cg/dropout0/dropout/dropout/random_uniform/RandomUniform	1601111574890212	51
tower_0/v/gradients/tower_0/v/l2_loss/L2Loss_15_grad/mul	1601111574892287	4
v/cg/conv4/biases/read	-1	-1
ConstantFolding/tower_0/v/gradients/tower_0/v/cg/conv0/conv2d/Conv2D_grad/ShapeN-matshapes-1	-1	-1
tower_0/v/gradients/tower_0/v/cg/conv5/Relu_grad/ReluGrad	1601111575072678	756
v/cg/conv8/biases	-1	-1
tower_0/v/cg/mpool0/MaxPool	1601111574920567	1484
tower_0/v/gradients/tower_0/v/l2_loss/L2Loss_14_grad/mul	1601111574891789	31
v/cg/conv12/conv2d/kernel/read	-1	-1
tower_0/v/gradients/tower_0/v/cg/affine1/xw_plus_b/MatMul_grad/MatMul	1601111574996943	290
append_apply_gradient_ops/GradientDescent/update_v/cg/affine2/biases/ApplyGradientDescent	1601111574996802	5
tower_0/v/gradients/tower_0/v/cg/conv11/conv2d/Conv2D_grad/Conv2DBackpropFilter	1601111575013232	2212
tower_0/v/cg/dropout0/dropout/dropout/mul	1601111574902778	7
tower_0/v/gradients/AddN_11	1601111575020669	55
v/cg/affine2/biases/read	-1	-1
v/cg/affine1/biases/read	-1	-1
tower_0/v/gradients/tower_0/v/l2_loss/L2Loss_27_grad/mul	1601111574890748	17
v/cg/conv12/biases	-1	-1
tower_0/v/l2_loss/L2Loss_16	1601111574892582	43
ConstantFolding/average_loss/Mean/input_const_axis	-1	-1
v/cg/affine0/biases	-1	-1
tower_0/v/mul	1601111574900665	5
ConstantFolding/tower_0/v/gradients/tower_0/v/cg/conv9/conv2d/Conv2D_grad/ShapeN-matshapes-0	-1	-1
tower_0/v/cg/conv5/Relu	1601111574957861	522
tower_0/v/cg/conv7/Relu	1601111574971685	262
tower_0/v/gradients/tower_0/v/l2_loss/L2Loss_16_grad/mul	1601111574892648	45
v/cg/conv10/biases	-1	-1
tower_0/v/gradients/tower_0/v/cg/conv10/BiasAdd_grad/BiasAddGrad	1601111575015673	52
tower_0/v/cg/conv6/conv2d/Conv2D	1601111574958385	7628
learning_rate_tensor/input	-1	-1
tower_0/v/cg/conv8/BiasAdd	1601111574978625	345
tower_0/v/cg/dropout0_1/dropout/dropout/GreaterEqual	1601111574897875	6
v/cg/conv11/biases	-1	-1
v/cg/conv1/conv2d/kernel	-1	-1
tower_0/v/cg/affine0/xw_plus_b/MatMul	1601111574994110	1692
tower_0/v/gradients/tower_0/v/cg/dropout0_1/dropout/dropout/mul_1_grad/Mul	1601111574996693	7
tower_0/v/gradients/AddN_18	1601111575072672	4
tower_0/v/gradients/tower_0/v/cg/conv1/BiasAdd_grad/BiasAddGrad	1601111575147530	922
tower_0/v/cg/Reshape/shape	-1	-1
tower_0/v/cg/conv10/conv2d/Conv2D	1601111574986720	2278
main_fetch_group	-1	-1
tower_0/v/cg/conv1/BiasAdd	1601111574915713	2738
tower_0/v/xentropy/sparse_softmax_cross_entropy_loss/Mul	-1	-1
tower_0/v/gradients/tower_0/v/cg/conv10/Relu_grad/ReluGrad	1601111575015506	96
append_apply_gradient_ops/GradientDescent/update_v/cg/conv8/conv2d/kernel/ApplyGradientDescent	1601111575054962	53
tower_0/v/l2_loss/L2Loss_28	1601111574893336	139
ConstantFolding/tower_0/v/gradients/tower_0/v/cg/conv4/conv2d/Conv2D_grad/ShapeN-matshapes-0	-1	-1
tower_0/v/gradients/tower_0/v/cg/conv8/conv2d/Conv2D_grad/Conv2DBackpropInput	1601111575034723	6620
tower_0/v/cg/dropout0_1/dropout/dropout/mul	1601111574902787	7
tower_0/v/l2_loss/L2Loss	1601111574892240	7
tower_0/v/gradients/tower_0/v/l2_loss/L2Loss_12_grad/mul	1601111574891366	18
v/cg/conv9/conv2d/kernel	-1	-1
tower_0/v/cg/conv11/conv2d/Conv2D	1601111574989163	2283
tower_0/v/gradients/tower_0/v/cg/affine2/xw_plus_b/MatMul_grad/MatMul	1601111574996493	105
tower_0/v/gradients/tower_0/v/cg/conv6/BiasAdd_grad/BiasAddGrad	1601111575057114	256
tower_0/v/cg/conv3/BiasAdd	1601111574940621	1361
v/cg/conv9/biases	-1	-1
tower_0/v/gradients/tower_0/v/cg/conv12/conv2d/Conv2D_grad/Conv2DBackpropFilter	1601111575008524	2220
tower_0/v/gradients/tower_0/v/cg/conv3/conv2d/Conv2D_grad/Conv2DBackpropInput	1601111575102236	9804
v/cg/conv6/conv2d/kernel/read	-1	-1
tower_0/v/cg/affine0/xw_plus_b	1601111574995803	9
v/cg/conv3/biases	-1	-1
tower_0/v/gradients/tower_0/v/cg/dropout0_1/dropout/dropout/mul_grad/Mul	1601111574996809	8
tower_0/v/cg/dropout0_1/dropout/dropout/random_uniform/mul	-1	-1
average_loss/Mean	-1	-1
tower_0/v/l2_loss/L2Loss_27	1601111574890704	24
gpu_compute_stage_ops_group	-1	-1
ConstantFolding/tower_0/v/gradients/tower_0/v/cg/conv11/conv2d/Conv2D_grad/ShapeN-matshapes-1	-1	-1
append_apply_gradient_ops/GradientDescent/update_v/cg/conv7/biases/ApplyGradientDescent	1601111575056317	4
tower_0/v/gradients/AddN_4	1601111575001303	5
tower_0/v/l2_loss/L2Loss_18	1601111574893735	32
ConstantFolding/tower_0/v/gradients/tower_0/v/cg/conv6/conv2d/Conv2D_grad/ShapeN-matshapes-1	-1	-1
tower_0/v/gradients/tower_0/v/cg/conv7/BiasAdd_grad/BiasAddGrad	1601111575047997	146
tower_0/v/gradients/tower_0/v/l2_loss/L2Loss_19_grad/mul	1601111574893840	4
tower_0/v/gradients/tower_0/v/cg/mpool1/MaxPool_grad/MaxPoolGrad	1601111575098307	1862
tower_0/v/cg/conv0/conv2d/Conv2D	1601111574896168	1686
tower_0/v/transpose	1601111574891977	261
v/cg/conv3/biases/read	-1	-1
tower_0/v/cg/mpool4/MaxPool	1601111574994049	60
tower_0/v/gradients/tower_0/v/l2_loss/L2Loss_29_grad/mul	1601111574893817	4
tower_0/v/cg/conv9/BiasAdd	1601111574985897	345
v/cg/conv4/conv2d/kernel/read	-1	-1
tower_0/v/l2_loss/L2Loss_19	1601111574893834	4
tower_0/v/add	1601111574996796	4
tower_0/v/gradients/tower_0/v/l2_loss/L2Loss_4_grad/mul	1601111574892981	16
tower_0/v/gradients/AddN_30	1601111575192433	4
ConstantFolding/tower_0/v/gradients/tower_0/v/cg/conv11/conv2d/Conv2D_grad/ShapeN-matshapes-0	-1	-1
tower_0/v/gradients/AddN_25	1601111575124505	8
tower_0/v/cg/conv2/Relu	1601111574929665	1047
v/cg/conv7/conv2d/kernel/read	-1	-1
tower_0/v/gradients/tower_0/v/cg/conv0/BiasAdd_grad/BiasAddGrad	1601111575187134	921
tower_0/v/xentropy/sparse_softmax_cross_entropy_loss/value	1601111574996680	6
tower_0/v/gradients/tower_0/v/l2_loss/L2Loss_9_grad/mul	1601111574891044	16
tower_0/v/gradients/AddN_6	1601111575010746	4
tower_0/v/l2_loss/L2Loss_6	1601111574892255	18
tower_0/v/gradients/AddN_15	1601111575047929	56
tower_0/v/gradients/tower_0/v/cg/conv10/conv2d/Conv2D_grad/Conv2DBackpropFilter	1601111575017995	2216
tower_0/v/l2_loss/L2Loss_24	1601111574892714	43
tower_0/v/cg/conv7/BiasAdd	1601111574971338	345
tower_0/v/gradients/tower_0/v/l2_loss/L2Loss_24_grad/mul	1601111574892785	45
tower_0/v/gradients/tower_0/v/cg/affine1/affine1_grad/ReluGrad	1601111574996913	9
tower_0/v/gradients/tower_0/v/l2_loss/L2Loss_21_grad/mul	1601111574893829	4
tower_0/v/cg/conv3/conv2d/Conv2D	1601111574930715	9904
tower_0/v/gradients/AddN_29	1601111575187118	6
tower_0/v/gradients/tower_0/v/l2_loss/L2Loss_26_grad/mul	1601111574894569	1597
v/cg/affine0/weights/read	-1	-1
tower_0/v/vgg16_synthetic_labels/max	-1	-1
tower_0/v/gradients/AddN_2	1601111574997478	5
v/cg/affine2/weights/read	-1	-1
tower_0/v/gradients/tower_0/v/cg/conv5/BiasAdd_grad/BiasAddGrad	1601111575081191	254
tower_0/v/gradients/tower_0/v/cg/conv7/Relu_grad/ReluGrad	1601111575047547	380
tower_0/v/transpose/perm	-1	-1
tower_0/v/l2_loss/L2Loss_15	1601111574892281	4
tower_0/v/cg/conv4/conv2d/Conv2D	1601111574943816	4523
tower_0/v/gradients/tower_0/v/cg/conv1/Relu_grad/ReluGrad	1601111575144320	3196
tower_0/v/gradients/tower_0/v/xentropy/sparse_softmax_cross_entropy_loss/xentropy/xentropy_grad/ExpandDims	-1	-1
tower_0/v/gradients/tower_0/v/cg/dropout0/dropout/dropout/mul_grad/Mul	1601111574997876	8
tower_0/v/l2_loss/L2Loss_9	1601111574891002	18
ConstantFolding/tower_0/v/gradients/tower_0/v/cg/conv5/conv2d/Conv2D_grad/ShapeN-matshapes-0	-1	-1
tower_0/v/cg/conv0/BiasAdd	1601111574897908	2739
tower_0/v/gradients/tower_0/v/cg/conv11/conv2d/Conv2D_grad/Conv2DBackpropInput	1601111575010965	2266
append_apply_gradient_ops/GradientDescent/update_v/cg/conv12/conv2d/kernel/ApplyGradientDescent	1601111575015445	53
tower_0/v/gradients/tower_0/v/l2_loss/L2Loss_17_grad/mul	1601111574893199	16
tower_0/v/gradients/AddN_10	1601111575020268	4
tower_0/v/l2_loss/L2Loss_14	1601111574891723	39
ConstantFolding/tower_0/v/gradients/tower_0/v/cg/conv5/conv2d/Conv2D_grad/ShapeN-matshapes-1	-1	-1
tower_0/v/cg/conv6/Relu	1601111574966697	525
tower_0/v/gradients/tower_0/v/cg/affine2/xw_plus_b_grad/BiasAddGrad	1601111574996476	15
tower_0/v/gradients/AddN_27	1601111575144306	6
tower_0/v/gradients/tower_0/v/cg/affine0/xw_plus_b/MatMul_grad/MatMul	1601111574998287	1620
v/cg/conv9/biases/read	-1	-1
tower_0/v/vgg16_synthetic_labels/shape	-1	-1
append_apply_gradient_ops/GradientDescent/update_v/cg/conv2/biases/ApplyGradientDescent	1601111575144314	4
tower_0/v/cg/affine1/affine1	1601111574996122	5
tower_0/v/gradients/AddN_20	1601111575089015	4
tower_0/v/gradients/tower_0/v/l2_loss/L2Loss_3_grad/mul	1601111574891452	16
tower_0/v/cg/mpool2/MaxPool	1601111574967231	391
tower_0/v/gradients/tower_0/v/cg/conv9/conv2d/Conv2D_grad/Conv2DBackpropInput	1601111575021327	6645
tower_0/v/gradients/AddN_16	1601111575055017	4
v/cg/conv4/conv2d/kernel	-1	-1
ConstantFolding/tower_0/v/gradients/tower_0/v/cg/conv7/conv2d/Conv2D_grad/ShapeN-matshapes-1	-1	-1
tower_0/v/cg/affine0/affine0	1601111574995814	5
tower_0/v/cg/conv6/BiasAdd	1601111574966015	680
average_loss/range	-1	-1
tower_0/v/cg/conv2/conv2d/Conv2D	1601111574922053	6248
ConstantFolding/tower_0/v/gradients/tower_0/v/cg/conv8/conv2d/Conv2D_grad/ShapeN-matshapes-0	-1	-1
tower_0/v/gradients/tower_0/v/cg/conv8/conv2d/Conv2D_grad/Conv2DBackpropFilter	1601111575041345	6138
tower_0/v/gradients/AddN_23	1601111575100171	11
tower_0/v/cg/conv10/BiasAdd	1601111574989000	92
append_apply_gradient_ops/GradientDescent/update_v/cg/conv8/biases/ApplyGradientDescent	1601111575047987	5
tower_0/v/gradients/tower_0/v/cg/conv8/BiasAdd_grad/BiasAddGrad	1601111575034575	146
tower_0/v/cg/conv9/Relu	1601111574986243	263
append_apply_gradient_ops/GradientDescent/update_v/cg/affine1/biases/ApplyGradientDescent	1601111574997866	8
train_ops_group	-1	-1
tower_0/v/gpu_cached_inputs	-1	-1
tower_0/v/gradients/tower_0/v/cg/affine0/xw_plus_b/MatMul_grad/MatMul_1	1601111574999909	1393
append_apply_gradient_ops/GradientDescent/update_v/cg/conv6/biases/ApplyGradientDescent	1601111575073453	4
ConstantFolding/tower_0/v/gradients/tower_0/v/cg/conv3/conv2d/Conv2D_grad/ShapeN-matshapes-0	-1	-1
append_apply_gradient_ops/GradientDescent/update_v/cg/conv10/biases/ApplyGradientDescent	1601111575020726	5
tower_0/v/l2_loss/L2Loss_31	1601111574892831	16
tower_0/v/l2_loss/AddN	1601111574897883	23
tower_0/v/gradients/tower_0/v/l2_loss/L2Loss_10_grad/mul	1601111574891659	18
tower_0/v/gradients/tower_0/v/cg/conv2/BiasAdd_grad/BiasAddGrad	1601111575124526	477
tower_0/v/cg/conv10/Relu	1601111574989094	68
append_apply_gradient_ops/GradientDescent/update_v/cg/conv11/conv2d/kernel/ApplyGradientDescent	1601111575020213	53
v/cg/affine1/biases	-1	-1
v/cg/conv11/biases/read	-1	-1
tower_0/v/l2_loss/L2Loss_1	1601111574892403	17
append_apply_gradient_ops/GradientDescent/update_v/cg/conv3/biases/ApplyGradientDescent	1601111575124515	5
tower_0/v/gradients/tower_0/v/cg/conv7/conv2d/Conv2D_grad/Conv2DBackpropInput	1601111575048144	3646
v/cg/affine1/weights	-1	-1
v/cg/conv0/conv2d/kernel	-1	-1
tower_0/v/l2_loss/L2Loss_7	1601111574892482	17
tower_0/v/gradients/AddN_7	1601111575010847	55
tower_0/v/gradients/tower_0/v/l2_loss/L2Loss_6_grad/mul	1601111574892275	5
tower_0/v/gradients/tower_0/v/l2_loss/L2Loss_23_grad/mul	1601111574892342	16
v/cg/conv12/conv2d/kernel	-1	-1
tower_0/v/gradients/tower_0/v/l2_loss/L2Loss_8_grad/mul	1601111574893112	16
tower_0/v/cg/conv1/conv2d/Conv2D	1601111574902795	12915
tower_0/v/gradients/tower_0/v/l2_loss/L2Loss_grad/mul	1601111574892249	4
tower_0/v/l2_loss/L2Loss_2	1601111574891167	39
tower_0/v/vgg16_synthetic_labels	1601111574890351	26
ConstantFolding/tower_0/v/gradients/tower_0/v/cg/conv10/conv2d/Conv2D_grad/ShapeN-matshapes-1	-1	-1
ConstantFolding/tower_0/v/gradients/tower_0/v/cg/conv7/conv2d/Conv2D_grad/ShapeN-matshapes-0	-1	-1
tower_0/v/cg/dropout0/dropout/dropout/random_uniform/mul	-1	-1
tower_0/v/gradients/AddN_31	1601111575192439	4
v/cg/conv8/conv2d/kernel/read	-1	-1
ConstantFolding/tower_0/v/gradients/tower_0/v/cg/conv3/conv2d/Conv2D_grad/ShapeN-matshapes-1	-1	-1
v/cg/conv1/conv2d/kernel/read	-1	-1
tower_0/v/l2_loss/L2Loss_12	1601111574891299	38
tower_0/v/xentropy/sparse_softmax_cross_entropy_loss/num_present	-1	-1
tower_0/v/l2_loss/L2Loss_3	1601111574891411	17
append_apply_gradient_ops/GradientDescent/update_v/cg/conv0/biases/ApplyGradientDescent	1601111575192444	4
tower_0/v/gradients/tower_0/v/cg/mpool2/MaxPool_grad/MaxPoolGrad	1601111575055023	1260
tower_0/v/gradients/tower_0/v/l2_loss/L2Loss_11_grad/mul	1601111574891124	18
append_apply_gradient_ops/GradientDescent/update_v/cg/affine0/biases/ApplyGradientDescent	1601111575003606	5
tower_0/v/gradients/tower_0/v/cg/conv2/Relu_grad/ReluGrad	1601111575122963	1540
v/cg/affine0/weights	-1	-1
append_apply_gradient_ops/GradientDescent/update_v/cg/conv6/conv2d/kernel/ApplyGradientDescent	1601111575088978	17
v/cg/conv2/conv2d/kernel	-1	-1
append_apply_gradient_ops/GradientDescent/update_v/cg/conv3/conv2d/kernel/ApplyGradientDescent	1601111575140521	7
tower_0/v/cg/conv11/BiasAdd	1601111574991447	91
tower_0/v/cg/dropout0_1/dropout/dropout/mul_1	1601111574996129	6
tower_0/v/gradients/AddN_3	1601111574997493	372
tower_0/v/gradients/tower_0/v/cg/Reshape_grad/Shape	-1	-1
