tower_0/v/cg/dropout0/dropout/dropout/mul	1599841739270087	12
v/cg/conv10/conv2d/kernel	-1	-1
v/cg/conv3/conv2d/kernel	-1	-1
tower_0/v/gradients/AddN_31	1599841739680101	4
v/cg/affine1/weights	-1	-1
tower_0/v/l2_loss/L2Loss_18	1599841739256400	32
tower_0/v/gradients/AddN	1599841739399963	7
average_loss/Mean/input	-1	-1
v/cg/conv7/biases/read	-1	-1
v/cg/conv0/biases/read	-1	-1
append_apply_gradient_ops/GradientDescent/update_v/cg/affine0/weights/ApplyGradientDescent	1599841739407774	2301
v/cg/conv3/biases/read	-1	-1
tower_0/v/l2_loss/L2Loss_1	1599841739256219	4
tower_0/v/cg/dropout0_1/dropout/dropout/GreaterEqual	1599841739262561	12
tower_0/v/cg/conv9/conv2d/Conv2D	1599841739377539	8768
tower_0/v/gpu_cached_inputs	-1	-1
tower_0/v/gradients/tower_0/v/cg/conv2/conv2d/Conv2D_grad/Conv2DBackpropFilter	1599841739585390	15092
append_apply_gradient_ops/GradientDescent/update_v/cg/conv10/conv2d/kernel/ApplyGradientDescent	1599841739430847	60
tower_0/v/gradients/tower_0/v/cg/conv1/conv2d/Conv2D_grad/Conv2DBackpropFilter	1599841739632319	34824
ConstantFolding/tower_0/v/gradients/tower_0/v/cg/conv3/conv2d/Conv2D_grad/ShapeN-matshapes-1	-1	-1
tower_0/v/gradients/tower_0/v/cg/conv1/Relu_grad/ReluGrad	1599841739606304	4948
tower_0/v/gradients/tower_0/v/cg/dropout0_1/dropout/dropout/mul_grad/Mul	1599841739400105	14
tower_0/v/cg/affine0/affine0	1599841739398891	6
tower_0/v/l2_loss/L2Loss_23	1599841739256598	9
v/cg/affine1/weights/read	-1	-1
v/cg/conv1/conv2d/kernel	-1	-1
tower_0/v/cg/conv10/Relu	1599841739390630	105
append_apply_gradient_ops/GradientDescent/update_v/cg/conv2/biases/ApplyGradientDescent	1599841739606297	5
append_apply_gradient_ops/GradientDescent/update_v/cg/affine1/weights/ApplyGradientDescent	1599841739401415	372
tower_0/v/gradients/tower_0/v/l2_loss/L2Loss_14_grad/mul	1599841739259794	21
append_apply_gradient_ops/GradientDescent/update_v/cg/conv4/biases/ApplyGradientDescent	1599841739541123	7
_SOURCE	-1	-1
tower_0/v/gradients/tower_0/v/l2_loss/L2Loss_29_grad/mul	1599841739259657	6
tower_0/v/gradients/tower_0/v/l2_loss/L2Loss_15_grad/mul	1599841739259845	6
tower_0/v/gradients/tower_0/v/cg/affine0/xw_plus_b_grad/BiasAddGrad	1599841739401811	8
tower_0/v/gradients/AddN_4	1599841739405200	7
tower_0/v/cg/conv6/BiasAdd	1599841739359616	1043
tower_0/v/cg/conv10/conv2d/Conv2D	1599841739387560	2929
tower_0/v/gradients/tower_0/v/l2_loss/L2Loss_19_grad/mul	1599841739256576	9
tower_0/v/vgg16_synthetic_labels/max	-1	-1
tower_0/v/gradients/tower_0/v/cg/conv2/Relu_grad/ReluGrad	1599841739574171	2397
v/cg/conv8/conv2d/kernel/read	-1	-1
tower_0/v/xentropy/sparse_softmax_cross_entropy_loss/Sum	1599841739399666	7
tower_0/v/gradients/tower_0/v/cg/affine1/affine1_grad/ReluGrad	1599841739400219	14
tower_0/v/vgg16_synthetic_labels	1599841739255628	21
tower_0/v/gradients/AddN_19	1599841739502865	20
tower_0/v/gradients/tower_0/v/l2_loss/L2Loss_27_grad/mul	1599841739256275	4
tower_0/v/cg/dropout0/dropout/dropout/random_uniform/RandomUniform	1599841739255492	42
tower_0/v/gradients/tower_0/v/l2_loss/L2Loss_16_grad/mul	1599841739259944	39
append_apply_gradient_ops/GradientDescent/update_v/cg/conv11/biases/ApplyGradientDescent	1599841739423278	7
ConstantFolding/tower_0/v/gradients/tower_0/v/cg/conv10/conv2d/Conv2D_grad/ShapeN-matshapes-0	-1	-1
tower_0/v/gradients/tower_0/v/l2_loss/L2Loss_9_grad/mul	1599841739259826	7
tower_0/v/gradients/tower_0/v/cg/conv3/conv2d/Conv2D_grad/Conv2DBackpropInput	1599841739544308	13192
tower_0/v/gradients/tower_0/v/l2_loss/L2Loss_2_grad/mul	1599841739259875	9
tower_0/v/cg/conv8/conv2d/Conv2D	1599841739367865	8747
tower_0/v/cg/dropout0/dropout/dropout/random_uniform/mul	-1	-1
tower_0/v/cg/dropout0_1/dropout/dropout/mul_1	1599841739399246	11
tower_0/v/l2_loss/L2Loss_31	1599841739256655	10
ConstantFolding/tower_0/v/gradients/tower_0/v/cg/conv11/conv2d/Conv2D_grad/ShapeN-matshapes-1	-1	-1
tower_0/v/gradients/tower_0/v/l2_loss/L2Loss_10_grad/mul	1599841739256126	8
tower_0/v/cg/conv1/Relu	1599841739293964	3231
tower_0/v/gradients/tower_0/v/l2_loss/L2Loss_grad/mul	1599841739259678	7
tower_0/v/gradients/tower_0/v/cg/conv8/conv2d/Conv2D_grad/Conv2DBackpropInput	1599841739449537	8716
ConstantFolding/tower_0/v/gradients/tower_0/v/cg/conv5/conv2d/Conv2D_grad/ShapeN-matshapes-0	-1	-1
tower_0/v/l2_loss/L2Loss_19	1599841739256563	5
tower_0/v/gradients/tower_0/v/cg/affine0/xw_plus_b/MatMul_grad/MatMul	1599841739401823	1630
tower_0/v/l2_loss/L2Loss_3	1599841739256389	4
tower_0/v/gpu_cached_inputs/read	-1	-1
tower_0/v/gradients/tower_0/v/cg/conv7/conv2d/Conv2D_grad/Conv2DBackpropInput	1599841739468016	4755
v/cg/conv6/conv2d/kernel	-1	-1
tower_0/v/gradients/AddN_21	1599841739523787	20
tower_0/v/cg/conv4/conv2d/Conv2D	1599841739330033	5975
tower_0/v/l2_loss/L2Loss_12	1599841739259688	23
v/cg/affine1/biases/read	-1	-1
tower_0/v/cg/conv5/conv2d/Conv2D	1599841739337860	9924
tower_0/v/gradients/tower_0/v/cg/conv6/conv2d/Conv2D_grad/Conv2DBackpropInput	1599841739481136	9987
learning_rate_tensor/input	-1	-1
append_apply_gradient_ops/GradientDescent/update_v/cg/conv7/conv2d/kernel/ApplyGradientDescent	1599841739480716	33
main_fetch_group	-1	-1
tower_0/v/l2_loss/L2Loss_26	1599841739256897	719
v/cg/conv0/conv2d/kernel	-1	-1
v/cg/conv2/conv2d/kernel	-1	-1
tower_0/v/gradients/tower_0/v/cg/affine2/xw_plus_b/MatMul_grad/MatMul	1599841739399704	145
tower_0/v/gradients/AddN_25	1599841739576572	11
ConstantFolding/tower_0/v/gradients/tower_0/v/cg/conv12/conv2d/Conv2D_grad/ShapeN-matshapes-1	-1	-1
ConstantFolding/tower_0/v/gradients/tower_0/v/cg/conv3/conv2d/Conv2D_grad/ShapeN-matshapes-0	-1	-1
tower_0/v/cg/mpool1/MaxPool	1599841739328842	1188
tower_0/v/cg/dropout0/dropout/dropout/Shape	-1	-1
tower_0/v/cg/conv5/Relu	1599841739348837	804
v/cg/affine0/weights	-1	-1
tower_0/v/gradients/tower_0/v/cg/conv6/Relu_grad/ReluGrad	1599841739479535	1179
tower_0/v/gradients/tower_0/v/cg/affine0/xw_plus_b/MatMul_grad/MatMul_1	1599841739403455	1742
tower_0/v/cg/conv2/BiasAdd	1599841739308128	2080
tower_0/v/gradients/tower_0/v/cg/dropout0_1/dropout/dropout/mul_1_grad/Mul	1599841739399973	12
tower_0/v/gradients/AddN_24	1599841739574161	7
tower_0/v/gradients/AddN_5	1599841739405209	2301
tower_0/v/gradients/tower_0/v/l2_loss/L2Loss_3_grad/mul	1599841739256395	4
v/cg/conv1/biases/read	-1	-1
tower_0/v/gradients/AddN_1	1599841739399988	96
ConstantFolding/tower_0/v/gradients/tower_0/v/cg/conv8/conv2d/Conv2D_grad/ShapeN-matshapes-1	-1	-1
tower_0/v/l2_loss/L2Loss_30	1599841739256280	45
tower_0/v/cg/dropout0/dropout/dropout/GreaterEqual	1599841739262547	12
tower_0/v/gradients/tower_0/v/cg/mpool4/MaxPool_grad/MaxPoolGrad	1599841739407523	249
main_fetch_group/_70	-1	-1
tower_0/v/gradients/tower_0/v/l2_loss/L2Loss_5_grad/mul	1599841739256789	9
tower_0/v/gradients/tower_0/v/cg/affine2/xw_plus_b_grad/BiasAddGrad	1599841739399680	16
tower_0/v/gradients/tower_0/v/cg/dropout0/dropout/dropout/mul_grad/Mul	1599841739401397	15
tower_0/v/gradients/tower_0/v/xentropy/sparse_softmax_cross_entropy_loss/xentropy/xentropy_grad/ExpandDims	-1	-1
v/cg/conv6/biases	-1	-1
tower_0/v/cg/mpool3/MaxPool	1599841739387240	319
tower_0/v/transpose/perm	-1	-1
ConstantFolding/tower_0/v/gradients/tower_0/v/cg/conv7/conv2d/Conv2D_grad/ShapeN-matshapes-1	-1	-1
v/cg/conv5/conv2d/kernel	-1	-1
tower_0/v/gradients/tower_0/v/cg/conv10/conv2d/Conv2D_grad/Conv2DBackpropInput	1599841739423367	2906
tower_0/v/gradients/AddN_9	1599841739423216	60
tower_0/v/cg/mpool2/MaxPool	1599841739361462	592
tower_0/v/cg/conv3/conv2d/Conv2D	1599841739311821	13330
tower_0/v/gradients/tower_0/v/l2_loss/L2Loss_21_grad/mul	1599841739256258	4
tower_0/v/l2_loss/L2Loss_21	1599841739256252	4
average_loss/range	-1	-1
tower_0/v/cg/mpool4/MaxPool	1599841739397126	94
tower_0/v/gradients/tower_0/v/cg/mpool1/MaxPool_grad/MaxPoolGrad	1599841739538168	2936
v/cg/conv9/conv2d/kernel/read	-1	-1
tower_0/v/l2_loss/L2Loss_17	1599841739256240	4
tower_0/v/gradients/tower_0/v/cg/conv8/Relu_grad/ReluGrad	1599841739448665	575
tower_0/v/cg/conv11/conv2d/Conv2D	1599841739390738	2944
append_apply_gradient_ops/GradientDescent/update_v/cg/conv1/conv2d/kernel/ApplyGradientDescent	1599841739680088	6
tower_0/v/cg/conv7/conv2d/Conv2D	1599841739362056	4880
tower_0/v/l2_loss/AddN	1599841739262577	36
append_apply_gradient_ops/GradientDescent/update_v/cg/conv2/conv2d/kernel/ApplyGradientDescent	1599841739611253	7
tower_0/v/cg/dropout0/dropout/dropout/rate	-1	-1
append_apply_gradient_ops/GradientDescent/update_v/cg/conv0/biases/ApplyGradientDescent	1599841739680107	4
append_apply_gradient_ops/GradientDescent/update_v/cg/affine1/biases/ApplyGradientDescent	1599841739401388	8
v/cg/conv2/biases	-1	-1
tower_0/v/gradients/tower_0/v/cg/conv8/conv2d/Conv2D_grad/Conv2DBackpropFilter	1599841739458256	8813
v/cg/conv8/biases	-1	-1
tower_0/v/gradients/tower_0/v/cg/conv2/conv2d/Conv2D_grad/Conv2DBackpropInput	1599841739577330	8056
tower_0/v/add	1599841739400086	7
tower_0/v/l2_loss/L2Loss_15	1599841739259835	7
tower_0/v/cg/conv1/conv2d/Conv2D	1599841739270115	19659
tower_0/v/cg/conv10/BiasAdd	1599841739390491	136
tower_0/v/gradients/tower_0/v/cg/conv10/BiasAdd_grad/BiasAddGrad	1599841739423293	71
ConstantFolding/tower_0/v/gradients/tower_0/v/cg/conv10/conv2d/Conv2D_grad/ShapeN-matshapes-1	-1	-1
tower_0/v/l2_loss/L2Loss_8	1599841739256540	14
append_apply_gradient_ops/GradientDescent/update_v/cg/conv9/biases/ApplyGradientDescent	1599841739449304	6
tower_0/v/gradients/AddN_11	1599841739430194	60
tower_0/v/transpose	1599841739255719	384
v/cg/affine2/biases/read	-1	-1
append_apply_gradient_ops/GradientDescent/update_v/cg/conv6/conv2d/kernel/ApplyGradientDescent	1599841739523764	20
average_loss/Mean	-1	-1
tower_0/v/vgg16_synthetic_labels/shape	-1	-1
tower_0/v/l2_loss/L2Loss_9	1599841739259817	7
tower_0/v/gradients/tower_0/v/cg/affine1/xw_plus_b/MatMul_grad/MatMul	1599841739400266	406
tower_0/v/gradients/tower_0/v/cg/conv3/conv2d/Conv2D_grad/Conv2DBackpropFilter	1599841739557502	16657
tower_0/v/gradients/tower_0/v/cg/conv5/BiasAdd_grad/BiasAddGrad	1599841739513442	378
tower_0/v/cg/affine1/xw_plus_b	1599841739399225	9
tower_0/v/cg/dropout0/dropout/dropout/truediv	-1	-1
tower_0/v/cg/conv7/Relu	1599841739367462	401
v/cg/conv1/biases	-1	-1
v/cg/conv9/conv2d/kernel	-1	-1
tower_0/v/gradients/tower_0/v/cg/conv6/BiasAdd_grad/BiasAddGrad	1599841739480754	380
tower_0/v/xentropy/sparse_softmax_cross_entropy_loss/Mul	-1	-1
tower_0/v/gradients/tower_0/v/cg/conv11/conv2d/Conv2D_grad/Conv2DBackpropFilter	1599841739419741	3255
tower_0/v/mul	1599841739266834	7
v/cg/affine0/biases/read	-1	-1
tower_0/v/gradients/AddN_12	1599841739448655	7
tower_0/v/gradients/tower_0/v/l2_loss/L2Loss_20_grad/mul	1599841739256181	36
tower_0/v/gradients/AddN_15	1599841739467723	59
tower_0/v/gradients/tower_0/v/cg/conv1/conv2d/Conv2D_grad/Conv2DBackpropInput	1599841739612659	19658
tower_0/v/gradients/AddN_7	1599841739416671	59
tower_0/v/gradients/tower_0/v/l2_loss/L2Loss_30_grad/mul	1599841739256326	61
tower_0/v/gradients/tower_0/v/cg/mpool2/MaxPool_grad/MaxPoolGrad	1599841739477573	1910
v/cg/conv8/conv2d/kernel	-1	-1
tower_0/v/gradients/AddN_13	1599841739449243	58
tower_0/v/gradients/AddN_6	1599841739416514	7
tower_0/v/xentropy/sparse_softmax_cross_entropy_loss/value	1599841739399954	7
v/cg/conv4/conv2d/kernel	-1	-1
tower_0/v/cg/dropout0/dropout/dropout/mul_1	1599841739398900	12
tower_0/v/gradients/tower_0/v/l2_loss/L2Loss_18_grad/mul	1599841739256434	35
append_apply_gradient_ops/GradientDescent/update_v/cg/conv8/conv2d/kernel/ApplyGradientDescent	1599841739477505	57
tower_0/v/gradients/AddN_28	1599841739667145	4
tower_0/v/gradients/tower_0/v/cg/conv4/Relu_grad/ReluGrad	1599841739523819	1173
tower_0/v/cg/affine1/xw_plus_b/MatMul	1599841739398916	305
v/cg/conv1/conv2d/kernel/read	-1	-1
tower_0/v/gradients/tower_0/v/l2_loss/L2Loss_13_grad/mul	1599841739256142	4
tower_0/v/cg/dropout0/dropout/dropout/Cast	1599841739266810	11
tower_0/v/cg/conv9/Relu	1599841739386837	399
tower_0/v/l2_loss/L2Loss_13	1599841739256136	5
tower_0/v/cg/conv0/Relu	1599841739266844	3241
tower_0/v/gradients/tower_0/v/cg/conv5/conv2d/Conv2D_grad/Conv2DBackpropInput	1599841739513822	9936
v/cg/conv2/biases/read	-1	-1
tower_0/v/l2_loss/L2Loss_20	1599841739256147	33
append_apply_gradient_ops/GradientDescent/update_v/cg/conv8/biases/ApplyGradientDescent	1599841739467785	7
tower_0/v/gradients/tower_0/v/xentropy/sparse_softmax_cross_entropy_loss/xentropy/xentropy_grad/mul	1599841739399655	9
tower_0/v/gradients/AddN_23	1599841739541105	14
average_loss/Mean/_74	1599841739401390	3
tower_0/v/gradients/tower_0/v/l2_loss/L2Loss_25_grad/mul	1599841739259229	7
v/cg/affine2/weights/read	-1	-1
tower_0/v/cg/conv1/BiasAdd	1599841739289776	4185
tower_0/v/gradients/tower_0/v/l2_loss/L2Loss_26_grad/mul	1599841739257618	1599
tower_0/v/cg/conv0/BiasAdd	1599841739262615	4192
tower_0/v/gradients/tower_0/v/cg/conv12/conv2d/Conv2D_grad/Conv2DBackpropFilter	1599841739413249	3263
tower_0/v/cg/mpool0/MaxPool	1599841739297198	2265
ConstantFolding/tower_0/v/gradients/tower_0/v/cg/conv5/conv2d/Conv2D_grad/ShapeN-matshapes-1	-1	-1
tower_0/v/cg/conv11/Relu	1599841739393824	106
tower_0/v/gradients/AddN_8	1599841739423058	7
tower_0/v/l2_loss/L2Loss_16	1599841739259904	37
tower_0/v/cg/conv6/conv2d/Conv2D	1599841739349644	9969
append_apply_gradient_ops/GradientDescent/update_v/cg/conv11/conv2d/kernel/ApplyGradientDescent	1599841739429525	56
tower_0/v/gradients/AddN_16	1599841739477563	7
tower_0/v/gradients/tower_0/v/cg/conv5/Relu_grad/ReluGrad	1599841739501687	1175
tower_0/v/cg/Reshape/shape	-1	-1
tower_0/v/cg/dropout0_1/dropout/dropout/mul	1599841739270101	11
tower_0/v/gradients/tower_0/v/cg/conv1/BiasAdd_grad/BiasAddGrad	1599841739611269	1388
tower_0/v/mul/x	-1	-1
tower_0/v/gradients/tower_0/v/cg/affine2/xw_plus_b/MatMul_grad/MatMul_1	1599841739399852	100
tower_0/v/cg/conv12/BiasAdd	1599841739396880	136
v/cg/conv4/biases/read	-1	-1
append_apply_gradient_ops/GradientDescent/update_v/cg/conv3/biases/ApplyGradientDescent	1599841739576586	6
tower_0/v/l2_loss/L2Loss_10	1599841739256106	19
append_apply_gradient_ops/GradientDescent/update_v/cg/affine2/weights/ApplyGradientDescent	1599841739400121	95
v/cg/conv11/biases/read	-1	-1
v/cg/affine2/biases	-1	-1
tower_0/v/cg/conv3/Relu	1599841739327231	1608
tower_0/v/gradients/tower_0/v/l2_loss/L2Loss_11_grad/mul	1599841739256235	4
v/cg/conv7/conv2d/kernel/read	-1	-1
tower_0/v/gradients/tower_0/v/cg/conv5/conv2d/Conv2D_grad/Conv2DBackpropFilter	1599841739502895	10540
ConstantFolding/tower_0/v/gradients/tower_0/v/cg/conv9/conv2d/Conv2D_grad/ShapeN-matshapes-0	-1	-1
ConstantFolding/tower_0/v/gradients/tower_0/v/cg/conv0/conv2d/Conv2D_grad/ShapeN-matshapes-1	-1	-1
tower_0/v/cg/conv3/BiasAdd	1599841739325153	2075
v/cg/conv7/biases	-1	-1
tower_0/v/cg/conv9/BiasAdd	1599841739386310	523
v/cg/conv10/biases/read	-1	-1
ConstantFolding/tower_0/v/gradients/tower_0/v/cg/conv4/conv2d/Conv2D_grad/ShapeN-matshapes-1	-1	-1
append_apply_gradient_ops/GradientDescent/update_v/cg/conv0/conv2d/kernel/ApplyGradientDescent	1599841739680113	4
tower_0/v/gradients/tower_0/v/l2_loss/L2Loss_12_grad/mul	1599841739259713	11
tower_0/v/gradients/tower_0/v/cg/conv2/BiasAdd_grad/BiasAddGrad	1599841739576598	729
tower_0/v/cg/conv8/Relu	1599841739377135	401
tower_0/v/cg/conv12/Relu	1599841739397019	106
v/cg/conv10/biases	-1	-1
append_apply_gradient_ops/GradientDescent/update_v/cg/conv9/conv2d/kernel/ApplyGradientDescent	1599841739467072	56
tower_0/v/cg/conv2/conv2d/Conv2D	1599841739299464	8662
v/cg/conv6/biases/read	-1	-1
ConstantFolding/tower_0/v/gradients/tower_0/v/cg/conv4/conv2d/Conv2D_grad/ShapeN-matshapes-0	-1	-1
tower_0/v/gradients/tower_0/v/cg/conv6/conv2d/Conv2D_grad/Conv2DBackpropFilter	1599841739491127	10548
tower_0/v/cg/conv7/BiasAdd	1599841739366939	520
tower_0/v/l2_loss/L2Loss_7	1599841739259885	7
v/cg/conv10/conv2d/kernel/read	-1	-1
tower_0/v/xentropy/sparse_softmax_cross_entropy_loss/xentropy/xentropy	1599841739399450	202
tower_0/v/gradients/tower_0/v/cg/affine1/xw_plus_b/MatMul_grad/MatMul_1	1599841739400675	310
tower_0/v/gradients/tower_0/v/l2_loss/L2Loss_24_grad/mul	1599841739256859	36
tower_0/v/gradients/tower_0/v/l2_loss/L2Loss_23_grad/mul	1599841739256620	9
ConstantFolding/tower_0/v/gradients/tower_0/v/cg/conv8/conv2d/Conv2D_grad/ShapeN-matshapes-0	-1	-1
tower_0/v/gradients/tower_0/v/cg/conv4/BiasAdd_grad/BiasAddGrad	1599841739525033	379
v/cg/affine0/biases	-1	-1
tower_0/v/gradients/tower_0/v/cg/conv12/Relu_grad/ReluGrad	1599841739410079	147
tower_0/v/gradients/tower_0/v/cg/conv12/BiasAdd_grad/BiasAddGrad	1599841739410236	72
ConstantFolding/average_loss/Mean/input_const_axis	-1	-1
tower_0/v/gradients/AddN_3	1599841739401010	375
v/cg/conv7/conv2d/kernel	-1	-1
v/cg/conv0/biases	-1	-1
v/cg/conv11/biases	-1	-1
tower_0/v/gradients/tower_0/v/cg/mpool0/MaxPool_grad/MaxPoolGrad	1599841739600498	5789
tower_0/v/cg/conv0/conv2d/Conv2D	1599841739259985	2560
ConstantFolding/tower_0/v/gradients/tower_0/v/cg/conv6/conv2d/Conv2D_grad/ShapeN-matshapes-1	-1	-1
tower_0/v/gradients/tower_0/v/cg/affine0/affine0_grad/ReluGrad	1599841739401791	14
tower_0/v/gradients/tower_0/v/l2_loss/L2Loss_31_grad/mul	1599841739256678	9
ConstantFolding/tower_0/v/gradients/tower_0/v/cg/conv6/conv2d/Conv2D_grad/ShapeN-matshapes-0	-1	-1
v/cg/conv4/conv2d/kernel/read	-1	-1
tower_0/v/gradients/AddN_30	1599841739680096	4
ConstantFolding/tower_0/v/gradients/tower_0/v/cg/conv9/conv2d/Conv2D_grad/ShapeN-matshapes-1	-1	-1
tower_0/v/gradients/tower_0/v/cg/conv9/BiasAdd_grad/BiasAddGrad	1599841739430918	211
tower_0/v/gradients/tower_0/v/cg/affine1/xw_plus_b_grad/BiasAddGrad	1599841739400242	13
ConstantFolding/tower_0/v/gradients/tower_0/v/cg/conv1/conv2d/Conv2D_grad/ShapeN-matshapes-1	-1	-1
append_apply_gradient_ops/GradientDescent	-1	-1
append_apply_gradient_ops/GradientDescent/update_v/cg/conv5/conv2d/kernel/ApplyGradientDescent	1599841739524995	19
v/cg/conv12/conv2d/kernel/read	-1	-1
tower_0/v/gradients/tower_0/v/l2_loss/L2Loss_17_grad/mul	1599841739256246	4
tower_0/v/cg/conv4/BiasAdd	1599841739336011	1046
tower_0/v/gradients/AddN_10	1599841739429583	6
tower_0/v/gradients/tower_0/v/cg/conv3/Relu_grad/ReluGrad	1599841739541133	2417
v/cg/conv3/conv2d/kernel/read	-1	-1
v/cg/conv12/biases/read	-1	-1
append_apply_gradient_ops/GradientDescent/update_v/cg/conv7/biases/ApplyGradientDescent	1599841739479525	7
tower_0/v/l2_loss/L2Loss_14	1599841739259761	30
tower_0/v/gradients/tower_0/v/cg/conv9/conv2d/Conv2D_grad/Conv2DBackpropFilter	1599841739439843	8809
v/cg/conv12/conv2d/kernel	-1	-1
gpu_compute_stage_ops_group	-1	-1
ConstantFolding/tower_0/v/gradients/tower_0/v/cg/conv7/conv2d/Conv2D_grad/ShapeN-matshapes-0	-1	-1
tower_0/v/cg/conv8/BiasAdd	1599841739376614	518
tower_0/v/l2_loss/L2Loss_11	1599841739256229	4
v/cg/affine2/weights	-1	-1
v/cg/conv5/biases	-1	-1
tower_0/v/xentropy/sparse_softmax_cross_entropy_loss/num_present	-1	-1
tower_0/v/gradients/tower_0/v/cg/conv9/Relu_grad/ReluGrad	1599841739430267	578
v/cg/conv6/conv2d/kernel/read	-1	-1
tower_0/v/gradients/tower_0/v/cg/Reshape_grad/Shape	-1	-1
tower_0/v/cg/affine0/xw_plus_b/MatMul	1599841739397229	1648
tower_0/v/l2_loss/L2Loss_29	1599841739259642	13
tower_0/v/cg/conv2/Relu	1599841739310212	1606
tower_0/v/l2_loss/L2Loss_2	1599841739259853	20
tower_0/v/gradients/tower_0/v/cg/conv9/conv2d/Conv2D_grad/Conv2DBackpropInput	1599841739431132	8708
append_apply_gradient_ops/GradientDescent/update_v/cg/affine0/biases/ApplyGradientDescent	1599841739407513	8
ConstantFolding/tower_0/v/gradients/tower_0/v/cg/conv2/conv2d/Conv2D_grad/ShapeN-matshapes-0	-1	-1
tower_0/v/vgg16_synthetic_labels/min	-1	-1
append_apply_gradient_ops/GradientDescent/update_v/cg/conv6/biases/ApplyGradientDescent	1599841739502886	7
tower_0/v/cg/conv6/Relu	1599841739360661	799
tower_0/v/l2_loss/L2Loss_4	1599841739256703	21
tower_0/v/gradients/tower_0/v/l2_loss/L2Loss_1_grad/mul	1599841739256224	3
tower_0/v/gradients/tower_0/v/cg/conv7/Relu_grad/ReluGrad	1599841739467141	580
tower_0/v/gradients/tower_0/v/cg/conv10/conv2d/Conv2D_grad/Conv2DBackpropFilter	1599841739426276	3245
v/cg/conv5/conv2d/kernel/read	-1	-1
tower_0/v/cg/conv5/BiasAdd	1599841739347789	1045
v/cg/conv9/biases	-1	-1
tower_0/v/l2_loss/L2Loss	1599841739259667	8
tower_0/v/cg/dropout0_1/dropout/dropout/random_uniform/mul	-1	-1
v/cg/conv11/conv2d/kernel	-1	-1
tower_0/v/gradients/tower_0/v/cg/conv11/Relu_grad/ReluGrad	1599841739416524	145
tower_0/v/gradients/tower_0/v/l2_loss/L2Loss_4_grad/mul	1599841739256740	9
ConstantFolding/tower_0/v/gradients/tower_0/v/cg/conv2/conv2d/Conv2D_grad/ShapeN-matshapes-1	-1	-1
tower_0/v/gradients/tower_0/v/cg/conv11/conv2d/Conv2D_grad/Conv2DBackpropInput	1599841739416815	2923
tower_0/v/cg/affine0/xw_plus_b	1599841739398879	9
tower_0/v/gradients/AddN_20	1599841739523809	7
tower_0/v/cg/affine1/affine1	1599841739399237	7
tower_0/v/gradients/AddN_17	1599841739479486	36
tower_0/v/cg/dropout0_1/dropout/dropout/Cast	1599841739266822	10
tower_0/v/l2_loss/L2Loss_24	1599841739256820	37
tower_0/v/gradients/tower_0/v/cg/Reshape_grad/Reshape	-1	-1
append_apply_gradient_ops/GradientDescent/update_v/cg/conv1/biases/ApplyGradientDescent	1599841739672113	4
tower_0/v/gradients/tower_0/v/cg/conv4/conv2d/Conv2D_grad/Conv2DBackpropFilter	1599841739530992	7165
tower_0/v/gradients/AddN_2	1599841739400988	7
v/cg/conv11/conv2d/kernel/read	-1	-1
tower_0/v/gradients/tower_0/v/l2_loss/L2Loss_22_grad/mul	1599841739256504	35
append_apply_gradient_ops/GradientDescent/update_v/cg/conv5/biases/ApplyGradientDescent	1599841739525016	7
tower_0/v/cg/affine2/xw_plus_b	1599841739399440	8
tower_0/v/cg/Reshape	-1	-1
tower_0/v/gradients/tower_0/v/cg/conv0/Relu_grad/ReluGrad	1599841739667150	4953
v/cg/affine0/weights/read	-1	-1
v/cg/conv12/biases	-1	-1
append_apply_gradient_ops/GradientDescent/update_v/cg/affine2/biases/ApplyGradientDescent	1599841739400096	7
tower_0/v/cg/conv12/conv2d/Conv2D	1599841739393932	2946
tower_0/v/gradients/tower_0/v/cg/conv0/BiasAdd_grad/BiasAddGrad	1599841739672124	1379
tower_0/v/l2_loss/L2Loss_28	1599841739259240	136
tower_0/v/gradients/tower_0/v/cg/mpool3/MaxPool_grad/MaxPoolGrad	1599841739429593	599
v/cg/conv8/biases/read	-1	-1
v/cg/conv5/biases/read	-1	-1
tower_0/v/gradients/AddN_22	1599841739538158	8
tower_0/v/l2_loss/L2Loss_6	1599841739259725	23
tower_0/v/cg/conv11/BiasAdd	1599841739393684	137
append_apply_gradient_ops/GradientDescent/update_v/cg/conv12/conv2d/kernel/ApplyGradientDescent	1599841739422998	57
tower_0/v/l2_loss/L2Loss_5	1599841739256765	10
append_apply_gradient_ops/GradientDescent/update_v/cg/conv4/conv2d/kernel/ApplyGradientDescent	1599841739543553	15
tower_0/v/l2_loss/L2Loss_27	1599841739256263	10
ConstantFolding/tower_0/v/gradients/tower_0/v/cg/conv12/conv2d/Conv2D_grad/ShapeN-matshapes-0	-1	-1
tower_0/v/gradients/tower_0/v/cg/conv12/conv2d/Conv2D_grad/Conv2DBackpropInput	1599841739410311	2936
tower_0/v/gradients/tower_0/v/cg/conv11/BiasAdd_grad/BiasAddGrad	1599841739416744	69
tower_0/v/l2_loss/L2Loss_22	1599841739256470	32
tower_0/v/gradients/tower_0/v/cg/conv10/Relu_grad/ReluGrad	1599841739423067	147
tower_0/v/gradients/AddN_27	1599841739606289	6
tower_0/v/gradients/AddN_26	1599841739600492	4
tower_0/v/gradients/tower_0/v/cg/conv3/BiasAdd_grad/BiasAddGrad	1599841739543576	729
ConstantFolding/tower_0/v/gradients/tower_0/v/cg/conv11/conv2d/Conv2D_grad/ShapeN-matshapes-0	-1	-1
tower_0/v/gradients/AddN_29	1599841739672106	6
append_apply_gradient_ops/GradientDescent/update_v/cg/conv3/conv2d/kernel/ApplyGradientDescent	1599841739600483	7
tower_0/v/gradients/tower_0/v/l2_loss/L2Loss_6_grad/mul	1599841739259751	8
tower_0/v/gradients/tower_0/v/cg/dropout0/dropout/dropout/mul_1_grad/Mul	1599841739400997	12
append_apply_gradient_ops/GradientDescent/update_v/cg/conv10/biases/ApplyGradientDescent	1599841739430257	7
v/cg/conv0/conv2d/kernel/read	-1	-1
tower_0/v/gradients/tower_0/v/cg/conv0/conv2d/Conv2D_grad/Conv2DBackpropFilter	1599841739673508	6578
train_ops_group	-1	-1
v/cg/affine1/biases	-1	-1
tower_0/v/gradients/tower_0/v/cg/conv8/BiasAdd_grad/BiasAddGrad	1599841739449319	216
tower_0/v/gradients/AddN_14	1599841739467131	6
tower_0/v/gradients/tower_0/v/cg/conv7/conv2d/Conv2D_grad/Conv2DBackpropFilter	1599841739472774	4729
tower_0/v/gradients/tower_0/v/l2_loss/L2Loss_7_grad/mul	1599841739259895	7
tower_0/v/gradients/AddN_18	1599841739501678	7
ConstantFolding/tower_0/v/gradients/tower_0/v/cg/conv1/conv2d/Conv2D_grad/ShapeN-matshapes-0	-1	-1
tower_0/v/cg/conv4/Relu	1599841739337059	798
tower_0/v/gradients/tower_0/v/cg/conv4/conv2d/Conv2D_grad/Conv2DBackpropInput	1599841739525415	5571
tower_0/v/gradients/tower_0/v/l2_loss/L2Loss_28_grad/mul	1599841739259379	260
tower_0/v/cg/affine2/xw_plus_b/MatMul	1599841739399260	178
tower_0/v/gradients/tower_0/v/l2_loss/L2Loss_8_grad/mul	1599841739256556	5
append_apply_gradient_ops/GradientDescent/update_v/cg/conv12/biases/ApplyGradientDescent	1599841739416733	6
tower_0/v/l2_loss/L2Loss_25	1599841739259219	8
tower_0/v/cg/dropout0_1/dropout/dropout/random_uniform/RandomUniform	1599841739255552	21
v/cg/conv2/conv2d/kernel/read	-1	-1
v/cg/conv4/biases	-1	-1
tower_0/v/gradients/tower_0/v/cg/conv7/BiasAdd_grad/BiasAddGrad	1599841739467799	213
v/cg/conv9/biases/read	-1	-1
v/cg/conv3/biases	-1	-1
