0.0087890625
0.0087890625
0.000244140625
0.0087890625
0.0087890625
0.0087890625
0.0087890625
0.000244140625
0.0087890625
0.0087890625
0.000244140625
0.0087890625
0.0087890625
0.0087890625
0.0087890625
0.2939453125
0.554931640625
1.06298828125
1325.8125
501.75
672.75
672.75
270.5625
375.75
375.75
153.0
153.0
153.0
0.000244140625
16.078125
191.501220703125
146.578125
16.078125
169.0849609375
146.578125
16.078125
184.844482421875
146.156982421875
64.3125
440.062744140625
334.410888671875
64.3125
440.067138671875
334.40625
70.437744140625
373.056640625
334.775390625
128.62890625
880.525390625
590.0625
590.0625
128.627197265625
801.375
128.627197265625
566.90625
439.734375
257.251220703125
1583.0625
1160.4375
257.251220703125
130.3125
869.6298828125
514.500732421875
515.067138671875
0.155517578125
514.500732421875
0.006591796875
