tower_0/v/cg/dropout0/dropout/dropout/mul	1599841737337721	11
v/cg/conv10/conv2d/kernel	-1	-1
v/cg/conv3/conv2d/kernel	-1	-1
tower_0/v/gradients/AddN_31	1599841737747605	4
v/cg/affine1/weights	-1	-1
tower_0/v/l2_loss/L2Loss_18	1599841737323588	44
tower_0/v/gradients/AddN	1599841737467594	7
average_loss/Mean/input	-1	-1
v/cg/conv7/biases/read	-1	-1
v/cg/conv0/biases/read	-1	-1
append_apply_gradient_ops/GradientDescent/update_v/cg/affine0/weights/ApplyGradientDescent	1599841737475389	2302
v/cg/conv3/biases/read	-1	-1
tower_0/v/l2_loss/L2Loss_1	1599841737322891	9
tower_0/v/cg/dropout0_1/dropout/dropout/GreaterEqual	1599841737330213	10
tower_0/v/cg/conv9/conv2d/Conv2D	1599841737445156	8764
tower_0/v/gpu_cached_inputs	-1	-1
tower_0/v/gradients/tower_0/v/cg/conv2/conv2d/Conv2D_grad/Conv2DBackpropFilter	1599841737653176	15094
append_apply_gradient_ops/GradientDescent/update_v/cg/conv10/conv2d/kernel/ApplyGradientDescent	1599841737498279	58
tower_0/v/gradients/tower_0/v/cg/conv1/conv2d/Conv2D_grad/Conv2DBackpropFilter	1599841737700081	34552
ConstantFolding/tower_0/v/gradients/tower_0/v/cg/conv3/conv2d/Conv2D_grad/ShapeN-matshapes-1	-1	-1
tower_0/v/gradients/tower_0/v/cg/conv1/Relu_grad/ReluGrad	1599841737674101	4934
tower_0/v/gradients/tower_0/v/cg/dropout0_1/dropout/dropout/mul_grad/Mul	1599841737467734	15
tower_0/v/cg/affine0/affine0	1599841737466516	7
tower_0/v/l2_loss/L2Loss_23	1599841737324082	18
v/cg/affine1/weights/read	-1	-1
v/cg/conv1/conv2d/kernel	-1	-1
tower_0/v/cg/conv10/Relu	1599841737458252	103
append_apply_gradient_ops/GradientDescent/update_v/cg/conv2/biases/ApplyGradientDescent	1599841737674095	5
append_apply_gradient_ops/GradientDescent/update_v/cg/affine1/weights/ApplyGradientDescent	1599841737469033	376
tower_0/v/gradients/tower_0/v/l2_loss/L2Loss_14_grad/mul	1599841737327493	18
append_apply_gradient_ops/GradientDescent/update_v/cg/conv4/biases/ApplyGradientDescent	1599841737608900	7
_SOURCE	-1	-1
tower_0/v/gradients/tower_0/v/l2_loss/L2Loss_29_grad/mul	1599841737327395	4
tower_0/v/gradients/tower_0/v/l2_loss/L2Loss_15_grad/mul	1599841737327531	4
tower_0/v/gradients/tower_0/v/cg/affine0/xw_plus_b_grad/BiasAddGrad	1599841737469433	10
tower_0/v/gradients/AddN_4	1599841737472818	7
tower_0/v/cg/conv6/BiasAdd	1599841737427225	1041
tower_0/v/cg/conv10/conv2d/Conv2D	1599841737455170	2940
tower_0/v/gradients/tower_0/v/l2_loss/L2Loss_19_grad/mul	1599841737324038	17
tower_0/v/vgg16_synthetic_labels/max	-1	-1
tower_0/v/gradients/tower_0/v/cg/conv2/Relu_grad/ReluGrad	1599841737641944	2412
v/cg/conv8/conv2d/kernel/read	-1	-1
tower_0/v/xentropy/sparse_softmax_cross_entropy_loss/Sum	1599841737467297	7
tower_0/v/gradients/tower_0/v/cg/affine1/affine1_grad/ReluGrad	1599841737467849	13
tower_0/v/vgg16_synthetic_labels	1599841737322230	29
tower_0/v/gradients/AddN_19	1599841737570610	20
tower_0/v/gradients/tower_0/v/l2_loss/L2Loss_27_grad/mul	1599841737323287	18
tower_0/v/cg/dropout0/dropout/dropout/random_uniform/RandomUniform	1599841737321968	55
tower_0/v/gradients/tower_0/v/l2_loss/L2Loss_16_grad/mul	1599841737327600	35
append_apply_gradient_ops/GradientDescent/update_v/cg/conv11/biases/ApplyGradientDescent	1599841737490800	6
ConstantFolding/tower_0/v/gradients/tower_0/v/cg/conv10/conv2d/Conv2D_grad/ShapeN-matshapes-0	-1	-1
tower_0/v/gradients/tower_0/v/l2_loss/L2Loss_9_grad/mul	1599841737327520	4
tower_0/v/gradients/tower_0/v/cg/conv3/conv2d/Conv2D_grad/Conv2DBackpropInput	1599841737612062	13217
tower_0/v/gradients/tower_0/v/l2_loss/L2Loss_2_grad/mul	1599841737327550	4
tower_0/v/cg/conv8/conv2d/Conv2D	1599841737435481	8750
tower_0/v/cg/dropout0/dropout/dropout/random_uniform/mul	-1	-1
tower_0/v/cg/dropout0_1/dropout/dropout/mul_1	1599841737466873	10
tower_0/v/l2_loss/L2Loss_31	1599841737324194	18
ConstantFolding/tower_0/v/gradients/tower_0/v/cg/conv11/conv2d/Conv2D_grad/ShapeN-matshapes-1	-1	-1
tower_0/v/gradients/tower_0/v/l2_loss/L2Loss_10_grad/mul	1599841737322798	8
tower_0/v/cg/conv1/Relu	1599841737361615	3234
tower_0/v/gradients/tower_0/v/l2_loss/L2Loss_grad/mul	1599841737327409	4
tower_0/v/gradients/tower_0/v/cg/conv8/conv2d/Conv2D_grad/Conv2DBackpropInput	1599841737517314	8727
ConstantFolding/tower_0/v/gradients/tower_0/v/cg/conv5/conv2d/Conv2D_grad/ShapeN-matshapes-0	-1	-1
tower_0/v/l2_loss/L2Loss_19	1599841737323994	18
tower_0/v/gradients/tower_0/v/cg/affine0/xw_plus_b/MatMul_grad/MatMul	1599841737469447	1627
tower_0/v/l2_loss/L2Loss_3	1599841737323497	4
tower_0/v/gpu_cached_inputs/read	-1	-1
tower_0/v/gradients/tower_0/v/cg/conv7/conv2d/Conv2D_grad/Conv2DBackpropInput	1599841737535798	4757
v/cg/conv6/conv2d/kernel	-1	-1
tower_0/v/gradients/AddN_21	1599841737591569	21
tower_0/v/cg/conv4/conv2d/Conv2D	1599841737397672	5927
tower_0/v/l2_loss/L2Loss_12	1599841737327414	16
v/cg/affine1/biases/read	-1	-1
tower_0/v/cg/conv5/conv2d/Conv2D	1599841737405454	9955
tower_0/v/gradients/tower_0/v/cg/conv6/conv2d/Conv2D_grad/Conv2DBackpropInput	1599841737548909	9969
learning_rate_tensor/input	-1	-1
append_apply_gradient_ops/GradientDescent/update_v/cg/conv7/conv2d/kernel/ApplyGradientDescent	1599841737548488	34
main_fetch_group	-1	-1
tower_0/v/l2_loss/L2Loss_26	1599841737324653	726
v/cg/conv0/conv2d/kernel	-1	-1
v/cg/conv2/conv2d/kernel	-1	-1
tower_0/v/gradients/tower_0/v/cg/affine2/xw_plus_b/MatMul_grad/MatMul	1599841737467332	147
tower_0/v/gradients/AddN_25	1599841737644359	13
ConstantFolding/tower_0/v/gradients/tower_0/v/cg/conv12/conv2d/Conv2D_grad/ShapeN-matshapes-1	-1	-1
ConstantFolding/tower_0/v/gradients/tower_0/v/cg/conv3/conv2d/Conv2D_grad/ShapeN-matshapes-0	-1	-1
tower_0/v/cg/mpool1/MaxPool	1599841737396484	1186
tower_0/v/cg/dropout0/dropout/dropout/Shape	-1	-1
tower_0/v/cg/conv5/Relu	1599841737416456	805
v/cg/affine0/weights	-1	-1
tower_0/v/gradients/tower_0/v/cg/conv6/Relu_grad/ReluGrad	1599841737547321	1164
tower_0/v/gradients/tower_0/v/cg/affine0/xw_plus_b/MatMul_grad/MatMul_1	1599841737471077	1738
tower_0/v/cg/conv2/BiasAdd	1599841737375759	2080
tower_0/v/gradients/tower_0/v/cg/dropout0_1/dropout/dropout/mul_1_grad/Mul	1599841737467603	11
tower_0/v/gradients/AddN_24	1599841737641934	7
tower_0/v/gradients/AddN_5	1599841737472827	2300
tower_0/v/gradients/tower_0/v/l2_loss/L2Loss_3_grad/mul	1599841737323520	21
v/cg/conv1/biases/read	-1	-1
tower_0/v/gradients/AddN_1	1599841737467616	96
ConstantFolding/tower_0/v/gradients/tower_0/v/cg/conv8/conv2d/Conv2D_grad/ShapeN-matshapes-1	-1	-1
tower_0/v/l2_loss/L2Loss_30	1599841737323350	57
tower_0/v/cg/dropout0/dropout/dropout/GreaterEqual	1599841737330197	12
tower_0/v/gradients/tower_0/v/cg/mpool4/MaxPool_grad/MaxPoolGrad	1599841737475139	249
main_fetch_group/_70	-1	-1
tower_0/v/gradients/tower_0/v/l2_loss/L2Loss_5_grad/mul	1599841737324449	18
tower_0/v/gradients/tower_0/v/cg/affine2/xw_plus_b_grad/BiasAddGrad	1599841737467307	14
tower_0/v/gradients/tower_0/v/cg/dropout0/dropout/dropout/mul_grad/Mul	1599841737469017	14
tower_0/v/gradients/tower_0/v/xentropy/sparse_softmax_cross_entropy_loss/xentropy/xentropy_grad/ExpandDims	-1	-1
v/cg/conv6/biases	-1	-1
tower_0/v/cg/mpool3/MaxPool	1599841737454846	320
tower_0/v/transpose/perm	-1	-1
ConstantFolding/tower_0/v/gradients/tower_0/v/cg/conv7/conv2d/Conv2D_grad/ShapeN-matshapes-1	-1	-1
v/cg/conv5/conv2d/kernel	-1	-1
tower_0/v/gradients/tower_0/v/cg/conv10/conv2d/Conv2D_grad/Conv2DBackpropInput	1599841737490883	2911
tower_0/v/gradients/AddN_9	1599841737490739	59
tower_0/v/cg/mpool2/MaxPool	1599841737429069	596
tower_0/v/cg/conv3/conv2d/Conv2D	1599841737379448	13332
tower_0/v/gradients/tower_0/v/l2_loss/L2Loss_21_grad/mul	1599841737323199	17
tower_0/v/l2_loss/L2Loss_21	1599841737323154	18
average_loss/range	-1	-1
tower_0/v/cg/mpool4/MaxPool	1599841737464749	92
tower_0/v/gradients/tower_0/v/cg/mpool1/MaxPool_grad/MaxPoolGrad	1599841737605955	2926
v/cg/conv9/conv2d/kernel/read	-1	-1
tower_0/v/l2_loss/L2Loss_17	1599841737323063	20
tower_0/v/gradients/tower_0/v/cg/conv8/Relu_grad/ReluGrad	1599841737516451	569
tower_0/v/cg/conv11/conv2d/Conv2D	1599841737458358	2945
append_apply_gradient_ops/GradientDescent/update_v/cg/conv1/conv2d/kernel/ApplyGradientDescent	1599841737747592	6
tower_0/v/cg/conv7/conv2d/Conv2D	1599841737429667	4885
tower_0/v/l2_loss/AddN	1599841737330224	36
append_apply_gradient_ops/GradientDescent/update_v/cg/conv2/conv2d/kernel/ApplyGradientDescent	1599841737679037	7
tower_0/v/cg/dropout0/dropout/dropout/rate	-1	-1
append_apply_gradient_ops/GradientDescent/update_v/cg/conv0/biases/ApplyGradientDescent	1599841737747611	4
append_apply_gradient_ops/GradientDescent/update_v/cg/affine1/biases/ApplyGradientDescent	1599841737469007	7
v/cg/conv2/biases	-1	-1
tower_0/v/gradients/tower_0/v/cg/conv8/conv2d/Conv2D_grad/Conv2DBackpropFilter	1599841737526044	8813
v/cg/conv8/biases	-1	-1
tower_0/v/gradients/tower_0/v/cg/conv2/conv2d/Conv2D_grad/Conv2DBackpropInput	1599841737645109	8064
tower_0/v/add	1599841737467714	7
tower_0/v/l2_loss/L2Loss_15	1599841737327525	5
tower_0/v/cg/conv1/conv2d/Conv2D	1599841737337749	19667
tower_0/v/cg/conv10/BiasAdd	1599841737458113	136
tower_0/v/gradients/tower_0/v/cg/conv10/BiasAdd_grad/BiasAddGrad	1599841737490810	71
ConstantFolding/tower_0/v/gradients/tower_0/v/cg/conv10/conv2d/Conv2D_grad/ShapeN-matshapes-1	-1	-1
tower_0/v/l2_loss/L2Loss_8	1599841737323872	40
append_apply_gradient_ops/GradientDescent/update_v/cg/conv9/biases/ApplyGradientDescent	1599841737517083	7
tower_0/v/gradients/AddN_11	1599841737497626	61
tower_0/v/transpose	1599841737322385	391
v/cg/affine2/biases/read	-1	-1
append_apply_gradient_ops/GradientDescent/update_v/cg/conv6/conv2d/kernel/ApplyGradientDescent	1599841737591545	22
average_loss/Mean	-1	-1
tower_0/v/vgg16_synthetic_labels/shape	-1	-1
tower_0/v/l2_loss/L2Loss_9	1599841737327513	5
tower_0/v/gradients/tower_0/v/cg/affine1/xw_plus_b/MatMul_grad/MatMul	1599841737467884	404
tower_0/v/gradients/tower_0/v/cg/conv3/conv2d/Conv2D_grad/Conv2DBackpropFilter	1599841737625281	16652
tower_0/v/gradients/tower_0/v/cg/conv5/BiasAdd_grad/BiasAddGrad	1599841737581190	378
tower_0/v/cg/affine1/xw_plus_b	1599841737466851	9
tower_0/v/cg/dropout0/dropout/dropout/truediv	-1	-1
tower_0/v/cg/conv7/Relu	1599841737435079	400
v/cg/conv1/biases	-1	-1
v/cg/conv9/conv2d/kernel	-1	-1
tower_0/v/gradients/tower_0/v/cg/conv6/BiasAdd_grad/BiasAddGrad	1599841737548527	379
tower_0/v/xentropy/sparse_softmax_cross_entropy_loss/Mul	-1	-1
tower_0/v/gradients/tower_0/v/cg/conv11/conv2d/Conv2D_grad/Conv2DBackpropFilter	1599841737487266	3254
tower_0/v/mul	1599841737334476	7
v/cg/affine0/biases/read	-1	-1
tower_0/v/gradients/AddN_12	1599841737516441	7
tower_0/v/gradients/tower_0/v/l2_loss/L2Loss_20_grad/mul	1599841737322854	35
tower_0/v/gradients/AddN_15	1599841737535508	60
tower_0/v/gradients/tower_0/v/cg/conv1/conv2d/Conv2D_grad/Conv2DBackpropInput	1599841737680440	19637
tower_0/v/gradients/AddN_7	1599841737484186	61
tower_0/v/gradients/tower_0/v/l2_loss/L2Loss_30_grad/mul	1599841737323422	73
tower_0/v/gradients/tower_0/v/cg/mpool2/MaxPool_grad/MaxPoolGrad	1599841737545363	1908
v/cg/conv8/conv2d/kernel	-1	-1
tower_0/v/gradients/AddN_13	1599841737517023	59
tower_0/v/gradients/AddN_6	1599841737484029	7
tower_0/v/xentropy/sparse_softmax_cross_entropy_loss/value	1599841737467584	7
v/cg/conv4/conv2d/kernel	-1	-1
tower_0/v/cg/dropout0/dropout/dropout/mul_1	1599841737466525	10
tower_0/v/gradients/tower_0/v/l2_loss/L2Loss_18_grad/mul	1599841737323659	45
append_apply_gradient_ops/GradientDescent/update_v/cg/conv8/conv2d/kernel/ApplyGradientDescent	1599841737545295	56
tower_0/v/gradients/AddN_28	1599841737734635	4
tower_0/v/gradients/tower_0/v/cg/conv4/Relu_grad/ReluGrad	1599841737591601	1172
tower_0/v/cg/affine1/xw_plus_b/MatMul	1599841737466542	307
v/cg/conv1/conv2d/kernel/read	-1	-1
tower_0/v/gradients/tower_0/v/l2_loss/L2Loss_13_grad/mul	1599841737322814	4
tower_0/v/cg/dropout0/dropout/dropout/Cast	1599841737334452	11
tower_0/v/cg/conv9/Relu	1599841737454445	400
tower_0/v/l2_loss/L2Loss_13	1599841737322808	5
tower_0/v/cg/conv0/Relu	1599841737334486	3232
tower_0/v/gradients/tower_0/v/cg/conv5/conv2d/Conv2D_grad/Conv2DBackpropInput	1599841737581571	9971
v/cg/conv2/biases/read	-1	-1
tower_0/v/l2_loss/L2Loss_20	1599841737322820	32
append_apply_gradient_ops/GradientDescent/update_v/cg/conv8/biases/ApplyGradientDescent	1599841737535569	8
tower_0/v/gradients/tower_0/v/xentropy/sparse_softmax_cross_entropy_loss/xentropy/xentropy_grad/mul	1599841737467285	9
tower_0/v/gradients/AddN_23	1599841737608882	16
average_loss/Mean/_74	1599841737469013	6
tower_0/v/gradients/tower_0/v/l2_loss/L2Loss_25_grad/mul	1599841737326989	4
v/cg/affine2/weights/read	-1	-1
tower_0/v/cg/conv1/BiasAdd	1599841737357419	4193
tower_0/v/gradients/tower_0/v/l2_loss/L2Loss_26_grad/mul	1599841737325381	1600
tower_0/v/cg/conv0/BiasAdd	1599841737330263	4187
tower_0/v/gradients/tower_0/v/cg/conv12/conv2d/Conv2D_grad/Conv2DBackpropFilter	1599841737480867	3159
tower_0/v/cg/mpool0/MaxPool	1599841737364851	2255
ConstantFolding/tower_0/v/gradients/tower_0/v/cg/conv5/conv2d/Conv2D_grad/ShapeN-matshapes-1	-1	-1
tower_0/v/cg/conv11/Relu	1599841737461445	107
tower_0/v/gradients/AddN_8	1599841737490581	6
tower_0/v/l2_loss/L2Loss_16	1599841737327567	32
tower_0/v/cg/conv6/conv2d/Conv2D	1599841737417264	9956
append_apply_gradient_ops/GradientDescent/update_v/cg/conv11/conv2d/kernel/ApplyGradientDescent	1599841737496948	57
tower_0/v/gradients/AddN_16	1599841737545354	6
tower_0/v/gradients/tower_0/v/cg/conv5/Relu_grad/ReluGrad	1599841737569441	1166
tower_0/v/cg/Reshape/shape	-1	-1
tower_0/v/cg/dropout0_1/dropout/dropout/mul	1599841737337734	11
tower_0/v/gradients/tower_0/v/cg/conv1/BiasAdd_grad/BiasAddGrad	1599841737679052	1386
tower_0/v/mul/x	-1	-1
tower_0/v/gradients/tower_0/v/cg/affine2/xw_plus_b/MatMul_grad/MatMul_1	1599841737467481	101
tower_0/v/cg/conv12/BiasAdd	1599841737464500	138
v/cg/conv4/biases/read	-1	-1
append_apply_gradient_ops/GradientDescent/update_v/cg/conv3/biases/ApplyGradientDescent	1599841737644375	7
tower_0/v/l2_loss/L2Loss_10	1599841737322778	19
append_apply_gradient_ops/GradientDescent/update_v/cg/affine2/weights/ApplyGradientDescent	1599841737467751	95
v/cg/conv11/biases/read	-1	-1
v/cg/affine2/biases	-1	-1
tower_0/v/cg/conv3/Relu	1599841737394869	1614
tower_0/v/gradients/tower_0/v/l2_loss/L2Loss_11_grad/mul	1599841737323019	18
v/cg/conv7/conv2d/kernel/read	-1	-1
tower_0/v/gradients/tower_0/v/cg/conv5/conv2d/Conv2D_grad/Conv2DBackpropFilter	1599841737570643	10535
ConstantFolding/tower_0/v/gradients/tower_0/v/cg/conv9/conv2d/Conv2D_grad/ShapeN-matshapes-0	-1	-1
ConstantFolding/tower_0/v/gradients/tower_0/v/cg/conv0/conv2d/Conv2D_grad/ShapeN-matshapes-1	-1	-1
tower_0/v/cg/conv3/BiasAdd	1599841737392783	2082
v/cg/conv7/biases	-1	-1
tower_0/v/cg/conv9/BiasAdd	1599841737453922	520
v/cg/conv10/biases/read	-1	-1
ConstantFolding/tower_0/v/gradients/tower_0/v/cg/conv4/conv2d/Conv2D_grad/ShapeN-matshapes-1	-1	-1
append_apply_gradient_ops/GradientDescent/update_v/cg/conv0/conv2d/kernel/ApplyGradientDescent	1599841737747617	4
tower_0/v/gradients/tower_0/v/l2_loss/L2Loss_12_grad/mul	1599841737327431	8
tower_0/v/gradients/tower_0/v/cg/conv2/BiasAdd_grad/BiasAddGrad	1599841737644389	717
tower_0/v/cg/conv8/Relu	1599841737444754	400
tower_0/v/cg/conv12/Relu	1599841737464641	106
v/cg/conv10/biases	-1	-1
append_apply_gradient_ops/GradientDescent/update_v/cg/conv9/conv2d/kernel/ApplyGradientDescent	1599841737534861	58
tower_0/v/cg/conv2/conv2d/Conv2D	1599841737367109	8649
v/cg/conv6/biases/read	-1	-1
ConstantFolding/tower_0/v/gradients/tower_0/v/cg/conv4/conv2d/Conv2D_grad/ShapeN-matshapes-0	-1	-1
tower_0/v/gradients/tower_0/v/cg/conv6/conv2d/Conv2D_grad/Conv2DBackpropFilter	1599841737558884	10546
tower_0/v/cg/conv7/BiasAdd	1599841737434555	521
tower_0/v/l2_loss/L2Loss_7	1599841737327556	4
v/cg/conv10/conv2d/kernel/read	-1	-1
tower_0/v/xentropy/sparse_softmax_cross_entropy_loss/xentropy/xentropy	1599841737467076	207
tower_0/v/gradients/tower_0/v/cg/affine1/xw_plus_b/MatMul_grad/MatMul_1	1599841737468290	311
tower_0/v/gradients/tower_0/v/l2_loss/L2Loss_24_grad/mul	1599841737324585	46
tower_0/v/gradients/tower_0/v/l2_loss/L2Loss_23_grad/mul	1599841737324126	17
ConstantFolding/tower_0/v/gradients/tower_0/v/cg/conv8/conv2d/Conv2D_grad/ShapeN-matshapes-0	-1	-1
tower_0/v/gradients/tower_0/v/cg/conv4/BiasAdd_grad/BiasAddGrad	1599841737592814	376
v/cg/affine0/biases	-1	-1
tower_0/v/gradients/tower_0/v/cg/conv12/Relu_grad/ReluGrad	1599841737477695	148
tower_0/v/gradients/tower_0/v/cg/conv12/BiasAdd_grad/BiasAddGrad	1599841737477855	71
ConstantFolding/average_loss/Mean/input_const_axis	-1	-1
tower_0/v/gradients/AddN_3	1599841737468628	376
v/cg/conv7/conv2d/kernel	-1	-1
v/cg/conv0/biases	-1	-1
v/cg/conv11/biases	-1	-1
tower_0/v/gradients/tower_0/v/cg/mpool0/MaxPool_grad/MaxPoolGrad	1599841737668287	5799
tower_0/v/cg/conv0/conv2d/Conv2D	1599841737327637	2556
ConstantFolding/tower_0/v/gradients/tower_0/v/cg/conv6/conv2d/Conv2D_grad/ShapeN-matshapes-1	-1	-1
tower_0/v/gradients/tower_0/v/cg/affine0/affine0_grad/ReluGrad	1599841737469413	13
tower_0/v/gradients/tower_0/v/l2_loss/L2Loss_31_grad/mul	1599841737324239	17
ConstantFolding/tower_0/v/gradients/tower_0/v/cg/conv6/conv2d/Conv2D_grad/ShapeN-matshapes-0	-1	-1
v/cg/conv4/conv2d/kernel/read	-1	-1
tower_0/v/gradients/AddN_30	1599841737747600	4
ConstantFolding/tower_0/v/gradients/tower_0/v/cg/conv9/conv2d/Conv2D_grad/ShapeN-matshapes-1	-1	-1
tower_0/v/gradients/tower_0/v/cg/conv9/BiasAdd_grad/BiasAddGrad	1599841737498343	215
tower_0/v/gradients/tower_0/v/cg/affine1/xw_plus_b_grad/BiasAddGrad	1599841737467868	11
ConstantFolding/tower_0/v/gradients/tower_0/v/cg/conv1/conv2d/Conv2D_grad/ShapeN-matshapes-1	-1	-1
append_apply_gradient_ops/GradientDescent	-1	-1
append_apply_gradient_ops/GradientDescent/update_v/cg/conv5/conv2d/kernel/ApplyGradientDescent	1599841737592776	21
v/cg/conv12/conv2d/kernel/read	-1	-1
tower_0/v/gradients/tower_0/v/l2_loss/L2Loss_17_grad/mul	1599841737323111	18
tower_0/v/cg/conv4/BiasAdd	1599841737403603	1045
tower_0/v/gradients/AddN_10	1599841737497006	7
tower_0/v/gradients/tower_0/v/cg/conv3/Relu_grad/ReluGrad	1599841737608910	2408
v/cg/conv3/conv2d/kernel/read	-1	-1
v/cg/conv12/biases/read	-1	-1
append_apply_gradient_ops/GradientDescent/update_v/cg/conv7/biases/ApplyGradientDescent	1599841737547312	6
tower_0/v/l2_loss/L2Loss_14	1599841737327469	23
tower_0/v/gradients/tower_0/v/cg/conv9/conv2d/Conv2D_grad/Conv2DBackpropFilter	1599841737507322	9116
v/cg/conv12/conv2d/kernel	-1	-1
gpu_compute_stage_ops_group	-1	-1
ConstantFolding/tower_0/v/gradients/tower_0/v/cg/conv7/conv2d/Conv2D_grad/ShapeN-matshapes-0	-1	-1
tower_0/v/cg/conv8/BiasAdd	1599841737444232	519
tower_0/v/l2_loss/L2Loss_11	1599841737322975	18
v/cg/affine2/weights	-1	-1
v/cg/conv5/biases	-1	-1
tower_0/v/xentropy/sparse_softmax_cross_entropy_loss/num_present	-1	-1
tower_0/v/gradients/tower_0/v/cg/conv9/Relu_grad/ReluGrad	1599841737497699	576
v/cg/conv6/conv2d/kernel/read	-1	-1
tower_0/v/gradients/tower_0/v/cg/Reshape_grad/Shape	-1	-1
tower_0/v/cg/affine0/xw_plus_b/MatMul	1599841737464845	1656
tower_0/v/l2_loss/L2Loss_29	1599841737327383	10
tower_0/v/cg/conv2/Relu	1599841737377841	1604
tower_0/v/l2_loss/L2Loss_2	1599841737327537	12
tower_0/v/gradients/tower_0/v/cg/conv9/conv2d/Conv2D_grad/Conv2DBackpropInput	1599841737498562	8757
append_apply_gradient_ops/GradientDescent/update_v/cg/affine0/biases/ApplyGradientDescent	1599841737475130	6
ConstantFolding/tower_0/v/gradients/tower_0/v/cg/conv2/conv2d/Conv2D_grad/ShapeN-matshapes-0	-1	-1
tower_0/v/vgg16_synthetic_labels/min	-1	-1
append_apply_gradient_ops/GradientDescent/update_v/cg/conv6/biases/ApplyGradientDescent	1599841737570633	7
tower_0/v/cg/conv6/Relu	1599841737428269	797
tower_0/v/l2_loss/L2Loss_4	1599841737324285	39
tower_0/v/gradients/tower_0/v/l2_loss/L2Loss_1_grad/mul	1599841737322928	20
tower_0/v/gradients/tower_0/v/cg/conv7/Relu_grad/ReluGrad	1599841737534929	576
tower_0/v/gradients/tower_0/v/cg/conv10/conv2d/Conv2D_grad/Conv2DBackpropFilter	1599841737493798	3147
v/cg/conv5/conv2d/kernel/read	-1	-1
tower_0/v/cg/conv5/BiasAdd	1599841737415413	1040
v/cg/conv9/biases	-1	-1
tower_0/v/l2_loss/L2Loss	1599841737327400	6
tower_0/v/cg/dropout0_1/dropout/dropout/random_uniform/mul	-1	-1
v/cg/conv11/conv2d/kernel	-1	-1
tower_0/v/gradients/tower_0/v/cg/conv11/Relu_grad/ReluGrad	1599841737484038	146
tower_0/v/gradients/tower_0/v/l2_loss/L2Loss_4_grad/mul	1599841737324354	18
ConstantFolding/tower_0/v/gradients/tower_0/v/cg/conv2/conv2d/Conv2D_grad/ShapeN-matshapes-1	-1	-1
tower_0/v/gradients/tower_0/v/cg/conv11/conv2d/Conv2D_grad/Conv2DBackpropInput	1599841737484336	2926
tower_0/v/cg/affine0/xw_plus_b	1599841737466504	9
tower_0/v/gradients/AddN_20	1599841737591592	7
tower_0/v/cg/affine1/affine1	1599841737466863	6
tower_0/v/gradients/AddN_17	1599841737547275	34
tower_0/v/cg/dropout0_1/dropout/dropout/Cast	1599841737334465	10
tower_0/v/l2_loss/L2Loss_24	1599841737324514	44
tower_0/v/gradients/tower_0/v/cg/Reshape_grad/Reshape	-1	-1
append_apply_gradient_ops/GradientDescent/update_v/cg/conv1/biases/ApplyGradientDescent	1599841737739620	4
tower_0/v/gradients/tower_0/v/cg/conv4/conv2d/Conv2D_grad/Conv2DBackpropFilter	1599841737598778	7166
tower_0/v/gradients/AddN_2	1599841737468604	7
v/cg/conv11/conv2d/kernel/read	-1	-1
tower_0/v/gradients/tower_0/v/l2_loss/L2Loss_22_grad/mul	1599841737323799	48
append_apply_gradient_ops/GradientDescent/update_v/cg/conv5/biases/ApplyGradientDescent	1599841737592799	6
tower_0/v/cg/affine2/xw_plus_b	1599841737467066	7
tower_0/v/cg/Reshape	-1	-1
tower_0/v/gradients/tower_0/v/cg/conv0/Relu_grad/ReluGrad	1599841737734641	4970
v/cg/affine0/weights/read	-1	-1
v/cg/conv12/biases	-1	-1
append_apply_gradient_ops/GradientDescent/update_v/cg/affine2/biases/ApplyGradientDescent	1599841737467724	8
tower_0/v/cg/conv12/conv2d/Conv2D	1599841737461555	2942
tower_0/v/gradients/tower_0/v/cg/conv0/BiasAdd_grad/BiasAddGrad	1599841737739634	1382
tower_0/v/l2_loss/L2Loss_28	1599841737326995	129
tower_0/v/gradients/tower_0/v/cg/mpool3/MaxPool_grad/MaxPoolGrad	1599841737497016	609
v/cg/conv8/biases/read	-1	-1
v/cg/conv5/biases/read	-1	-1
tower_0/v/gradients/AddN_22	1599841737605945	7
tower_0/v/l2_loss/L2Loss_6	1599841737327441	20
tower_0/v/cg/conv11/BiasAdd	1599841737461306	136
append_apply_gradient_ops/GradientDescent/update_v/cg/conv12/conv2d/kernel/ApplyGradientDescent	1599841737490523	55
tower_0/v/l2_loss/L2Loss_5	1599841737324404	18
append_apply_gradient_ops/GradientDescent/update_v/cg/conv4/conv2d/kernel/ApplyGradientDescent	1599841737611322	15
tower_0/v/l2_loss/L2Loss_27	1599841737323242	21
ConstantFolding/tower_0/v/gradients/tower_0/v/cg/conv12/conv2d/Conv2D_grad/ShapeN-matshapes-0	-1	-1
tower_0/v/gradients/tower_0/v/cg/conv12/conv2d/Conv2D_grad/Conv2DBackpropInput	1599841737477929	2935
tower_0/v/gradients/tower_0/v/cg/conv11/BiasAdd_grad/BiasAddGrad	1599841737484262	72
tower_0/v/l2_loss/L2Loss_22	1599841737323728	44
tower_0/v/gradients/tower_0/v/cg/conv10/Relu_grad/ReluGrad	1599841737490591	146
tower_0/v/gradients/AddN_27	1599841737674088	6
tower_0/v/gradients/AddN_26	1599841737668281	4
tower_0/v/gradients/tower_0/v/cg/conv3/BiasAdd_grad/BiasAddGrad	1599841737611343	717
ConstantFolding/tower_0/v/gradients/tower_0/v/cg/conv11/conv2d/Conv2D_grad/ShapeN-matshapes-0	-1	-1
tower_0/v/gradients/AddN_29	1599841737739613	6
append_apply_gradient_ops/GradientDescent/update_v/cg/conv3/conv2d/kernel/ApplyGradientDescent	1599841737668272	7
tower_0/v/gradients/tower_0/v/l2_loss/L2Loss_6_grad/mul	1599841737327462	5
tower_0/v/gradients/tower_0/v/cg/dropout0/dropout/dropout/mul_1_grad/Mul	1599841737468613	12
append_apply_gradient_ops/GradientDescent/update_v/cg/conv10/biases/ApplyGradientDescent	1599841737497690	7
v/cg/conv0/conv2d/kernel/read	-1	-1
tower_0/v/gradients/tower_0/v/cg/conv0/conv2d/Conv2D_grad/Conv2DBackpropFilter	1599841737741019	6571
train_ops_group	-1	-1
v/cg/affine1/biases	-1	-1
tower_0/v/gradients/tower_0/v/cg/conv8/BiasAdd_grad/BiasAddGrad	1599841737517096	216
tower_0/v/gradients/AddN_14	1599841737534920	7
tower_0/v/gradients/tower_0/v/cg/conv7/conv2d/Conv2D_grad/Conv2DBackpropFilter	1599841737540557	4735
tower_0/v/gradients/tower_0/v/l2_loss/L2Loss_7_grad/mul	1599841737327562	4
tower_0/v/gradients/AddN_18	1599841737569432	7
ConstantFolding/tower_0/v/gradients/tower_0/v/cg/conv1/conv2d/Conv2D_grad/ShapeN-matshapes-0	-1	-1
tower_0/v/cg/conv4/Relu	1599841737404650	801
tower_0/v/gradients/tower_0/v/cg/conv4/conv2d/Conv2D_grad/Conv2DBackpropInput	1599841737593193	5582
tower_0/v/gradients/tower_0/v/l2_loss/L2Loss_28_grad/mul	1599841737327126	256
tower_0/v/cg/affine2/xw_plus_b/MatMul	1599841737466885	179
tower_0/v/gradients/tower_0/v/l2_loss/L2Loss_8_grad/mul	1599841737323944	18
append_apply_gradient_ops/GradientDescent/update_v/cg/conv12/biases/ApplyGradientDescent	1599841737484250	7
tower_0/v/l2_loss/L2Loss_25	1599841737326983	5
tower_0/v/cg/dropout0_1/dropout/dropout/random_uniform/RandomUniform	1599841737322062	29
v/cg/conv2/conv2d/kernel/read	-1	-1
v/cg/conv4/biases	-1	-1
tower_0/v/gradients/tower_0/v/cg/conv7/BiasAdd_grad/BiasAddGrad	1599841737535581	214
v/cg/conv9/biases/read	-1	-1
v/cg/conv3/biases	-1	-1
