append_apply_gradient_ops/GradientDescent/update_v/cg/affine0/weights/ApplyGradientDescent	1601111573239111	2292
tower_0/v/xentropy/sparse_softmax_cross_entropy_loss/xentropy/xentropy	1601111573231658	134
v/cg/conv1/biases	-1	-1
ConstantFolding/tower_0/v/gradients/tower_0/v/cg/conv1/conv2d/Conv2D_grad/ShapeN-matshapes-1	-1	-1
tower_0/v/gradients/tower_0/v/l2_loss/L2Loss_5_grad/mul	1601111573127492	4
tower_0/v/gradients/tower_0/v/l2_loss/L2Loss_18_grad/mul	1601111573129180	35
v/cg/conv6/biases/read	-1	-1
v/cg/affine1/weights/read	-1	-1
tower_0/v/gradients/AddN_24	1601111573357838	4
v/cg/affine0/biases/read	-1	-1
tower_0/v/gradients/tower_0/v/cg/conv9/Relu_grad/ReluGrad	1601111573256065	380
average_loss/Mean/input	-1	-1
tower_0/v/gradients/tower_0/v/cg/conv12/conv2d/Conv2D_grad/Conv2DBackpropInput	1601111573241564	2280
tower_0/v/l2_loss/L2Loss_25	1601111573128699	9
append_apply_gradient_ops/GradientDescent/update_v/cg/conv4/biases/ApplyGradientDescent	1601111573335086	4
v/cg/conv10/conv2d/kernel/read	-1	-1
tower_0/v/gradients/tower_0/v/cg/conv3/BiasAdd_grad/BiasAddGrad	1601111573336662	474
v/cg/conv10/conv2d/kernel	-1	-1
tower_0/v/cg/mpool1/MaxPool	1601111573178393	776
v/cg/conv5/biases	-1	-1
append_apply_gradient_ops/GradientDescent/update_v/cg/conv1/biases/ApplyGradientDescent	1601111573421988	7
tower_0/v/cg/conv4/Relu	1601111573184381	522
tower_0/v/gradients/AddN_21	1601111573323905	17
tower_0/v/gradients/tower_0/v/cg/mpool3/MaxPool_grad/MaxPoolGrad	1601111573255604	394
ConstantFolding/tower_0/v/gradients/tower_0/v/cg/conv10/conv2d/Conv2D_grad/ShapeN-matshapes-0	-1	-1
ConstantFolding/tower_0/v/gradients/tower_0/v/cg/conv1/conv2d/Conv2D_grad/ShapeN-matshapes-0	-1	-1
tower_0/v/gradients/tower_0/v/cg/affine2/xw_plus_b/MatMul_grad/MatMul_1	1601111573231941	79
append_apply_gradient_ops/GradientDescent/update_v/cg/affine1/weights/ApplyGradientDescent	1601111573233227	373
tower_0/v/l2_loss/L2Loss_20	1601111573127240	41
tower_0/v/gradients/AddN_17	1601111573291183	31
v/cg/conv5/conv2d/kernel	-1	-1
tower_0/v/gradients/tower_0/v/cg/conv12/Relu_grad/ReluGrad	1601111573241404	97
tower_0/v/gradients/tower_0/v/cg/conv6/Relu_grad/ReluGrad	1601111573291222	759
tower_0/v/gradients/tower_0/v/l2_loss/L2Loss_2_grad/mul	1601111573127603	10
tower_0/v/gradients/AddN_1	1601111573232042	94
tower_0/v/cg/conv5/conv2d/Conv2D	1601111573184905	7639
tower_0/v/gradients/tower_0/v/l2_loss/L2Loss_25_grad/mul	1601111573128720	9
append_apply_gradient_ops/GradientDescent/update_v/cg/conv1/conv2d/kernel/ApplyGradientDescent	1601111573427286	6
tower_0/v/gradients/AddN_9	1601111573250936	56
tower_0/v/xentropy/sparse_softmax_cross_entropy_loss/Sum	1601111573231803	5
tower_0/v/gradients/tower_0/v/cg/conv5/conv2d/Conv2D_grad/Conv2DBackpropFilter	1601111573308368	7726
tower_0/v/l2_loss/L2Loss_10	1601111573127798	23
v/cg/affine2/biases	-1	-1
tower_0/v/gradients/AddN	1601111573232028	5
tower_0/v/gradients/tower_0/v/l2_loss/L2Loss_22_grad/mul	1601111573127982	38
tower_0/v/l2_loss/L2Loss_29	1601111573129216	11
tower_0/v/gradients/tower_0/v/cg/conv4/conv2d/Conv2D_grad/Conv2DBackpropFilter	1601111573329296	3901
tower_0/v/gradients/tower_0/v/l2_loss/L2Loss_20_grad/mul	1601111573127287	42
tower_0/v/cg/conv11/Relu	1601111573226867	68
tower_0/v/gradients/tower_0/v/l2_loss/L2Loss_13_grad/mul	1601111573127767	9
tower_0/v/cg/dropout0/dropout/dropout/Cast	1601111573136033	6
v/cg/conv1/biases/read	-1	-1
average_loss/Mean/_74	1601111573233213	3
tower_0/v/l2_loss/L2Loss_21	1601111573129234	4
tower_0/v/gradients/tower_0/v/l2_loss/L2Loss_31_grad/mul	1601111573128506	4
tower_0/v/cg/conv4/BiasAdd	1601111573183700	679
tower_0/v/cg/conv0/Relu	1601111573136054	2109
tower_0/v/gradients/AddN_14	1601111573282457	4
append_apply_gradient_ops/GradientDescent/update_v/cg/conv11/biases/ApplyGradientDescent	1601111573250994	5
_SOURCE	-1	-1
ConstantFolding/tower_0/v/gradients/tower_0/v/cg/conv6/conv2d/Conv2D_grad/ShapeN-matshapes-0	-1	-1
tower_0/v/cg/conv12/conv2d/Conv2D	1601111573226936	2280
tower_0/v/gradients/tower_0/v/cg/conv6/conv2d/Conv2D_grad/Conv2DBackpropInput	1601111573292277	7561
tower_0/v/gradients/tower_0/v/cg/conv5/conv2d/Conv2D_grad/Conv2DBackpropInput	1601111573316357	7528
tower_0/v/gradients/tower_0/v/cg/conv11/BiasAdd_grad/BiasAddGrad	1601111573246242	52
tower_0/v/cg/dropout0_1/dropout/dropout/random_uniform/RandomUniform	1601111573127100	19
tower_0/v/gradients/tower_0/v/cg/conv3/conv2d/Conv2D_grad/Conv2DBackpropFilter	1601111573346942	10895
ConstantFolding/tower_0/v/gradients/tower_0/v/cg/conv4/conv2d/Conv2D_grad/ShapeN-matshapes-1	-1	-1
tower_0/v/gradients/tower_0/v/cg/conv4/BiasAdd_grad/BiasAddGrad	1601111573324715	254
v/cg/conv9/conv2d/kernel/read	-1	-1
tower_0/v/gradients/AddN_8	1601111573250833	4
v/cg/conv8/conv2d/kernel	-1	-1
tower_0/v/cg/dropout0_1/dropout/dropout/Cast	1601111573136041	5
tower_0/v/cg/conv7/conv2d/Conv2D	1601111573202975	3697
tower_0/v/cg/conv2/BiasAdd	1601111573163669	1363
append_apply_gradient_ops/GradientDescent/update_v/cg/conv4/conv2d/kernel/ApplyGradientDescent	1601111573336648	11
tower_0/v/gradients/tower_0/v/cg/conv7/conv2d/Conv2D_grad/Conv2DBackpropFilter	1601111573286701	3158
tower_0/v/cg/conv3/Relu	1601111573177341	1051
tower_0/v/gradients/tower_0/v/l2_loss/L2Loss_1_grad/mul	1601111573128340	4
tower_0/v/cg/affine2/xw_plus_b	1601111573231652	5
v/cg/conv11/conv2d/kernel/read	-1	-1
v/cg/conv3/conv2d/kernel	-1	-1
v/cg/conv7/conv2d/kernel	-1	-1
tower_0/v/l2_loss/L2Loss_17	1601111573128653	11
ConstantFolding/tower_0/v/gradients/tower_0/v/cg/conv2/conv2d/Conv2D_grad/ShapeN-matshapes-1	-1	-1
tower_0/v/gradients/AddN_12	1601111573269237	7
v/cg/conv4/biases	-1	-1
append_apply_gradient_ops/GradientDescent	-1	-1
tower_0/v/cg/conv12/BiasAdd	1601111573229217	90
tower_0/v/cg/conv9/conv2d/Conv2D	1601111573214563	6660
ConstantFolding/tower_0/v/gradients/tower_0/v/cg/conv9/conv2d/Conv2D_grad/ShapeN-matshapes-1	-1	-1
v/cg/conv5/conv2d/kernel/read	-1	-1
tower_0/v/gradients/tower_0/v/cg/conv9/BiasAdd_grad/BiasAddGrad	1601111573256510	146
tower_0/v/cg/conv1/Relu	1601111573153822	2107
append_apply_gradient_ops/GradientDescent/update_v/cg/conv5/biases/ApplyGradientDescent	1601111573324708	4
tower_0/v/gradients/tower_0/v/cg/affine0/xw_plus_b_grad/BiasAddGrad	1601111573233613	12
tower_0/v/gradients/tower_0/v/cg/conv0/Relu_grad/ReluGrad	1601111573418778	3201
ConstantFolding/tower_0/v/gradients/tower_0/v/cg/conv12/conv2d/Conv2D_grad/ShapeN-matshapes-0	-1	-1
append_apply_gradient_ops/GradientDescent/update_v/cg/affine2/weights/ApplyGradientDescent	1601111573232161	93
v/cg/conv6/biases	-1	-1
v/cg/conv6/conv2d/kernel	-1	-1
tower_0/v/cg/dropout0/dropout/dropout/Shape	-1	-1
v/cg/conv0/biases	-1	-1
tower_0/v/gradients/tower_0/v/cg/conv4/conv2d/Conv2D_grad/Conv2DBackpropInput	1601111573324970	4324
tower_0/v/gradients/tower_0/v/cg/mpool0/MaxPool_grad/MaxPoolGrad	1601111573375405	3767
tower_0/v/gradients/tower_0/v/cg/conv10/conv2d/Conv2D_grad/Conv2DBackpropInput	1601111573251055	2265
tower_0/v/gradients/tower_0/v/l2_loss/L2Loss_28_grad/mul	1601111573128889	256
tower_0/v/gpu_cached_inputs/read	-1	-1
append_apply_gradient_ops/GradientDescent/update_v/cg/conv2/conv2d/kernel/ApplyGradientDescent	1601111573382372	7
tower_0/v/gradients/tower_0/v/cg/conv12/BiasAdd_grad/BiasAddGrad	1601111573241509	53
tower_0/v/cg/dropout0/dropout/dropout/mul_1	1601111573231160	6
tower_0/v/cg/affine2/xw_plus_b/MatMul	1601111573231474	176
tower_0/v/gradients/tower_0/v/cg/affine0/affine0_grad/ReluGrad	1601111573233601	8
tower_0/v/cg/conv8/Relu	1601111573214300	262
tower_0/v/l2_loss/L2Loss_11	1601111573127522	9
ConstantFolding/tower_0/v/gradients/tower_0/v/cg/conv12/conv2d/Conv2D_grad/ShapeN-matshapes-1	-1	-1
v/cg/conv2/conv2d/kernel/read	-1	-1
tower_0/v/gradients/tower_0/v/cg/conv9/conv2d/Conv2D_grad/Conv2DBackpropFilter	1601111573263297	5938
v/cg/conv7/biases	-1	-1
tower_0/v/gradients/tower_0/v/cg/conv1/conv2d/Conv2D_grad/Conv2DBackpropFilter	1601111573396210	22560
ConstantFolding/tower_0/v/gradients/tower_0/v/cg/conv2/conv2d/Conv2D_grad/ShapeN-matshapes-0	-1	-1
tower_0/v/gradients/AddN_26	1601111573375399	4
v/cg/conv8/biases/read	-1	-1
v/cg/conv11/conv2d/kernel	-1	-1
v/cg/conv12/biases/read	-1	-1
tower_0/v/gradients/tower_0/v/cg/dropout0/dropout/dropout/mul_1_grad/Mul	1601111573232831	6
tower_0/v/cg/conv8/conv2d/Conv2D	1601111573207281	6673
tower_0/v/l2_loss/L2Loss_4	1601111573128521	21
append_apply_gradient_ops/GradientDescent/update_v/cg/conv5/conv2d/kernel/ApplyGradientDescent	1601111573324690	17
v/cg/conv5/biases/read	-1	-1
tower_0/v/l2_loss/L2Loss_23	1601111573128323	5
tower_0/v/mul/x	-1	-1
tower_0/v/gradients/AddN_5	1601111573236645	2293
tower_0/v/vgg16_synthetic_labels/min	-1	-1
append_apply_gradient_ops/GradientDescent/update_v/cg/conv7/conv2d/kernel/ApplyGradientDescent	1601111573291982	31
tower_0/v/gradients/tower_0/v/cg/conv6/conv2d/Conv2D_grad/Conv2DBackpropFilter	1601111573299840	7731
v/cg/affine2/weights	-1	-1
ConstantFolding/tower_0/v/gradients/tower_0/v/cg/conv8/conv2d/Conv2D_grad/ShapeN-matshapes-1	-1	-1
append_apply_gradient_ops/GradientDescent/update_v/cg/conv9/conv2d/kernel/ApplyGradientDescent	1601111573282402	53
tower_0/v/gradients/AddN_13	1601111573269621	56
tower_0/v/gradients/tower_0/v/cg/conv2/conv2d/Conv2D_grad/Conv2DBackpropInput	1601111573359876	5633
v/cg/conv0/conv2d/kernel/read	-1	-1
tower_0/v/l2_loss/L2Loss_22	1601111573127943	37
tower_0/v/cg/affine1/xw_plus_b/MatMul	1601111573231168	283
tower_0/v/cg/Reshape	-1	-1
tower_0/v/l2_loss/L2Loss_30	1601111573127372	50
tower_0/v/gradients/tower_0/v/cg/conv2/conv2d/Conv2D_grad/Conv2DBackpropFilter	1601111573365510	9879
tower_0/v/gradients/tower_0/v/cg/conv8/Relu_grad/ReluGrad	1601111573269246	374
tower_0/v/cg/dropout0/dropout/dropout/truediv	-1	-1
tower_0/v/gradients/tower_0/v/cg/affine1/xw_plus_b/MatMul_grad/MatMul_1	1601111573232577	245
tower_0/v/gradients/tower_0/v/cg/conv0/conv2d/Conv2D_grad/Conv2DBackpropFilter	1601111573422927	4357
v/cg/conv7/biases/read	-1	-1
tower_0/v/cg/dropout0/dropout/dropout/GreaterEqual	1601111573133256	7
tower_0/v/cg/mpool3/MaxPool	1601111573221832	210
tower_0/v/gradients/AddN_28	1601111573418772	4
tower_0/v/l2_loss/L2Loss_26	1601111573129257	717
tower_0/v/gradients/tower_0/v/cg/conv11/Relu_grad/ReluGrad	1601111573246081	94
tower_0/v/cg/conv5/BiasAdd	1601111573192546	680
append_apply_gradient_ops/GradientDescent/update_v/cg/conv10/conv2d/kernel/ApplyGradientDescent	1601111573256447	56
append_apply_gradient_ops/GradientDescent/update_v/cg/conv0/conv2d/kernel/ApplyGradientDescent	1601111573427310	5
tower_0/v/l2_loss/L2Loss_13	1601111573127745	9
tower_0/v/gradients/tower_0/v/cg/conv3/Relu_grad/ReluGrad	1601111573335092	1555
tower_0/v/l2_loss/L2Loss_8	1601111573128591	22
tower_0/v/cg/dropout0/dropout/dropout/rate	-1	-1
v/cg/conv10/biases/read	-1	-1
v/cg/conv0/biases/read	-1	-1
tower_0/v/gradients/tower_0/v/xentropy/sparse_softmax_cross_entropy_loss/xentropy/xentropy_grad/mul	1601111573231794	8
append_apply_gradient_ops/GradientDescent/update_v/cg/conv9/biases/ApplyGradientDescent	1601111573269679	5
tower_0/v/gradients/tower_0/v/cg/affine1/xw_plus_b_grad/BiasAddGrad	1601111573232270	13
tower_0/v/gradients/tower_0/v/cg/mpool4/MaxPool_grad/MaxPoolGrad	1601111573238947	163
tower_0/v/gradients/tower_0/v/cg/conv1/conv2d/Conv2D_grad/Conv2DBackpropInput	1601111573383312	12896
tower_0/v/gradients/AddN_22	1601111573333199	4
tower_0/v/gradients/AddN_19	1601111573308344	17
tower_0/v/gradients/tower_0/v/l2_loss/L2Loss_7_grad/mul	1601111573128351	4
tower_0/v/cg/affine1/xw_plus_b	1601111573231452	6
tower_0/v/gradients/tower_0/v/cg/Reshape_grad/Reshape	-1	-1
v/cg/conv2/biases/read	-1	-1
append_apply_gradient_ops/GradientDescent/update_v/cg/conv12/biases/ApplyGradientDescent	1601111573246234	4
tower_0/v/gradients/tower_0/v/l2_loss/L2Loss_30_grad/mul	1601111573127423	61
tower_0/v/l2_loss/L2Loss_5	1601111573127486	4
v/cg/conv2/biases	-1	-1
main_fetch_group/_70	-1	-1
tower_0/v/cg/conv12/Relu	1601111573229309	69
v/cg/conv3/conv2d/kernel/read	-1	-1
tower_0/v/gradients/tower_0/v/cg/conv4/Relu_grad/ReluGrad	1601111573323930	759
tower_0/v/cg/dropout0/dropout/dropout/random_uniform/RandomUniform	1601111573127058	26
tower_0/v/gradients/tower_0/v/l2_loss/L2Loss_15_grad/mul	1601111573128318	4
v/cg/conv4/biases/read	-1	-1
ConstantFolding/tower_0/v/gradients/tower_0/v/cg/conv0/conv2d/Conv2D_grad/ShapeN-matshapes-1	-1	-1
tower_0/v/gradients/tower_0/v/cg/conv5/Relu_grad/ReluGrad	1601111573307578	764
v/cg/conv8/biases	-1	-1
tower_0/v/cg/mpool0/MaxPool	1601111573155930	1488
tower_0/v/gradients/tower_0/v/l2_loss/L2Loss_14_grad/mul	1601111573127907	24
v/cg/conv12/conv2d/kernel/read	-1	-1
tower_0/v/gradients/tower_0/v/cg/affine1/xw_plus_b/MatMul_grad/MatMul	1601111573232285	291
append_apply_gradient_ops/GradientDescent/update_v/cg/affine2/biases/ApplyGradientDescent	1601111573232144	5
tower_0/v/gradients/tower_0/v/cg/conv11/conv2d/Conv2D_grad/Conv2DBackpropFilter	1601111573248565	2211
tower_0/v/cg/dropout0/dropout/dropout/mul	1601111573138164	6
tower_0/v/gradients/AddN_11	1601111573256002	56
v/cg/affine2/biases/read	-1	-1
v/cg/affine1/biases/read	-1	-1
tower_0/v/gradients/tower_0/v/l2_loss/L2Loss_27_grad/mul	1601111573127343	6
v/cg/conv12/biases	-1	-1
tower_0/v/l2_loss/L2Loss_16	1601111573128356	34
ConstantFolding/average_loss/Mean/input_const_axis	-1	-1
v/cg/affine0/biases	-1	-1
tower_0/v/mul	1601111573136048	4
ConstantFolding/tower_0/v/gradients/tower_0/v/cg/conv9/conv2d/Conv2D_grad/ShapeN-matshapes-0	-1	-1
tower_0/v/cg/conv5/Relu	1601111573193227	523
tower_0/v/cg/conv7/Relu	1601111573207018	261
tower_0/v/gradients/tower_0/v/l2_loss/L2Loss_16_grad/mul	1601111573128391	35
v/cg/conv10/biases	-1	-1
tower_0/v/gradients/tower_0/v/cg/conv10/BiasAdd_grad/BiasAddGrad	1601111573251001	52
tower_0/v/cg/conv6/conv2d/Conv2D	1601111573193751	7621
learning_rate_tensor/input	-1	-1
tower_0/v/cg/conv8/BiasAdd	1601111573213955	343
tower_0/v/cg/dropout0_1/dropout/dropout/GreaterEqual	1601111573133264	6
v/cg/conv11/biases	-1	-1
v/cg/conv1/conv2d/kernel	-1	-1
tower_0/v/cg/affine0/xw_plus_b/MatMul	1601111573229441	1702
tower_0/v/gradients/tower_0/v/cg/dropout0_1/dropout/dropout/mul_1_grad/Mul	1601111573232035	6
tower_0/v/gradients/AddN_18	1601111573307573	4
tower_0/v/gradients/tower_0/v/cg/conv1/BiasAdd_grad/BiasAddGrad	1601111573382387	923
tower_0/v/cg/Reshape/shape	-1	-1
tower_0/v/cg/conv10/conv2d/Conv2D	1601111573222044	2282
main_fetch_group	-1	-1
tower_0/v/cg/conv1/BiasAdd	1601111573151082	2738
tower_0/v/xentropy/sparse_softmax_cross_entropy_loss/Mul	-1	-1
tower_0/v/gradients/tower_0/v/cg/conv10/Relu_grad/ReluGrad	1601111573250838	97
append_apply_gradient_ops/GradientDescent/update_v/cg/conv8/conv2d/kernel/ApplyGradientDescent	1601111573289861	53
tower_0/v/l2_loss/L2Loss_28	1601111573128752	135
ConstantFolding/tower_0/v/gradients/tower_0/v/cg/conv4/conv2d/Conv2D_grad/ShapeN-matshapes-0	-1	-1
tower_0/v/gradients/tower_0/v/cg/conv8/conv2d/Conv2D_grad/Conv2DBackpropInput	1601111573269838	6624
tower_0/v/cg/dropout0_1/dropout/dropout/mul	1601111573138172	6
tower_0/v/l2_loss/L2Loss	1601111573128272	7
tower_0/v/gradients/tower_0/v/l2_loss/L2Loss_12_grad/mul	1601111573127677	13
v/cg/conv9/conv2d/kernel	-1	-1
tower_0/v/cg/conv11/conv2d/Conv2D	1601111573224490	2282
tower_0/v/gradients/tower_0/v/cg/affine2/xw_plus_b/MatMul_grad/MatMul	1601111573231831	108
tower_0/v/gradients/tower_0/v/cg/conv6/BiasAdd_grad/BiasAddGrad	1601111573292018	257
tower_0/v/cg/conv3/BiasAdd	1601111573175977	1362
v/cg/conv9/biases	-1	-1
tower_0/v/gradients/tower_0/v/cg/conv12/conv2d/Conv2D_grad/Conv2DBackpropFilter	1601111573243846	2225
tower_0/v/gradients/tower_0/v/cg/conv3/conv2d/Conv2D_grad/Conv2DBackpropInput	1601111573337137	9803
v/cg/conv6/conv2d/kernel/read	-1	-1
tower_0/v/cg/affine0/xw_plus_b	1601111573231145	7
v/cg/conv3/biases	-1	-1
tower_0/v/gradients/tower_0/v/cg/dropout0_1/dropout/dropout/mul_grad/Mul	1601111573232151	8
tower_0/v/cg/dropout0_1/dropout/dropout/random_uniform/mul	-1	-1
average_loss/Mean	-1	-1
tower_0/v/l2_loss/L2Loss_27	1601111573127331	11
gpu_compute_stage_ops_group	-1	-1
ConstantFolding/tower_0/v/gradients/tower_0/v/cg/conv11/conv2d/Conv2D_grad/ShapeN-matshapes-1	-1	-1
append_apply_gradient_ops/GradientDescent/update_v/cg/conv7/biases/ApplyGradientDescent	1601111573291216	5
tower_0/v/gradients/AddN_4	1601111573236639	5
tower_0/v/l2_loss/L2Loss_18	1601111573129146	32
ConstantFolding/tower_0/v/gradients/tower_0/v/cg/conv6/conv2d/Conv2D_grad/ShapeN-matshapes-1	-1	-1
tower_0/v/gradients/tower_0/v/cg/conv7/BiasAdd_grad/BiasAddGrad	1601111573282909	146
tower_0/v/gradients/tower_0/v/l2_loss/L2Loss_19_grad/mul	1601111573129251	4
tower_0/v/gradients/tower_0/v/cg/mpool1/MaxPool_grad/MaxPoolGrad	1601111573333204	1868
tower_0/v/cg/conv0/conv2d/Conv2D	1601111573131571	1683
tower_0/v/transpose	1601111573128021	249
v/cg/conv3/biases/read	-1	-1
tower_0/v/cg/mpool4/MaxPool	1601111573229379	60
tower_0/v/gradients/tower_0/v/l2_loss/L2Loss_29_grad/mul	1601111573129228	4
tower_0/v/cg/conv9/BiasAdd	1601111573221224	344
v/cg/conv4/conv2d/kernel/read	-1	-1
tower_0/v/l2_loss/L2Loss_19	1601111573129245	5
tower_0/v/add	1601111573232138	4
tower_0/v/gradients/tower_0/v/l2_loss/L2Loss_4_grad/mul	1601111573128556	10
tower_0/v/gradients/AddN_30	1601111573427293	4
ConstantFolding/tower_0/v/gradients/tower_0/v/cg/conv11/conv2d/Conv2D_grad/ShapeN-matshapes-0	-1	-1
tower_0/v/gradients/AddN_25	1601111573359381	8
tower_0/v/cg/conv2/Relu	1601111573165034	1049
v/cg/conv7/conv2d/kernel/read	-1	-1
tower_0/v/gradients/tower_0/v/cg/conv0/BiasAdd_grad/BiasAddGrad	1601111573422002	923
tower_0/v/xentropy/sparse_softmax_cross_entropy_loss/value	1601111573232021	5
tower_0/v/gradients/tower_0/v/l2_loss/L2Loss_9_grad/mul	1601111573127503	8
tower_0/v/gradients/AddN_6	1601111573246073	7
tower_0/v/l2_loss/L2Loss_6	1601111573128286	18
tower_0/v/gradients/AddN_15	1601111573282840	55
tower_0/v/gradients/tower_0/v/cg/conv10/conv2d/Conv2D_grad/Conv2DBackpropFilter	1601111573253322	2220
tower_0/v/l2_loss/L2Loss_24	1601111573128428	33
tower_0/v/cg/conv7/BiasAdd	1601111573206673	343
tower_0/v/gradients/tower_0/v/l2_loss/L2Loss_24_grad/mul	1601111573128462	35
tower_0/v/gradients/tower_0/v/cg/affine1/affine1_grad/ReluGrad	1601111573232255	8
tower_0/v/gradients/tower_0/v/l2_loss/L2Loss_21_grad/mul	1601111573129240	4
tower_0/v/cg/conv3/conv2d/Conv2D	1601111573166084	9891
tower_0/v/gradients/AddN_29	1601111573421980	6
tower_0/v/gradients/tower_0/v/l2_loss/L2Loss_26_grad/mul	1601111573129976	1593
v/cg/affine0/weights/read	-1	-1
tower_0/v/vgg16_synthetic_labels/max	-1	-1
tower_0/v/gradients/AddN_2	1601111573232824	5
v/cg/affine2/weights/read	-1	-1
tower_0/v/gradients/tower_0/v/cg/conv5/BiasAdd_grad/BiasAddGrad	1601111573316102	254
tower_0/v/gradients/tower_0/v/cg/conv7/Relu_grad/ReluGrad	1601111573282463	376
tower_0/v/transpose/perm	-1	-1
tower_0/v/l2_loss/L2Loss_15	1601111573128312	4
tower_0/v/cg/conv4/conv2d/Conv2D	1601111573179171	4528
tower_0/v/gradients/tower_0/v/cg/conv1/Relu_grad/ReluGrad	1601111573379188	3182
tower_0/v/gradients/tower_0/v/xentropy/sparse_softmax_cross_entropy_loss/xentropy/xentropy_grad/ExpandDims	-1	-1
tower_0/v/gradients/tower_0/v/cg/dropout0/dropout/dropout/mul_grad/Mul	1601111573233218	8
tower_0/v/l2_loss/L2Loss_9	1601111573127497	4
ConstantFolding/tower_0/v/gradients/tower_0/v/cg/conv5/conv2d/Conv2D_grad/ShapeN-matshapes-0	-1	-1
tower_0/v/cg/conv0/BiasAdd	1601111573133297	2734
tower_0/v/gradients/tower_0/v/cg/conv11/conv2d/Conv2D_grad/Conv2DBackpropInput	1601111573246296	2267
append_apply_gradient_ops/GradientDescent/update_v/cg/conv12/conv2d/kernel/ApplyGradientDescent	1601111573250778	53
tower_0/v/gradients/tower_0/v/l2_loss/L2Loss_17_grad/mul	1601111573128677	9
tower_0/v/gradients/AddN_10	1601111573255599	4
tower_0/v/l2_loss/L2Loss_14	1601111573127871	27
ConstantFolding/tower_0/v/gradients/tower_0/v/cg/conv5/conv2d/Conv2D_grad/ShapeN-matshapes-1	-1	-1
tower_0/v/cg/conv6/Relu	1601111573202056	525
tower_0/v/gradients/tower_0/v/cg/affine2/xw_plus_b_grad/BiasAddGrad	1601111573231815	15
tower_0/v/gradients/AddN_27	1601111573379174	6
tower_0/v/gradients/tower_0/v/cg/affine0/xw_plus_b/MatMul_grad/MatMul	1601111573233627	1618
v/cg/conv9/biases/read	-1	-1
tower_0/v/vgg16_synthetic_labels/shape	-1	-1
append_apply_gradient_ops/GradientDescent/update_v/cg/conv2/biases/ApplyGradientDescent	1601111573379182	4
tower_0/v/cg/affine1/affine1	1601111573231460	5
tower_0/v/gradients/AddN_20	1601111573323924	4
tower_0/v/gradients/tower_0/v/l2_loss/L2Loss_3_grad/mul	1601111573127724	9
tower_0/v/cg/mpool2/MaxPool	1601111573202582	391
tower_0/v/gradients/tower_0/v/cg/conv9/conv2d/Conv2D_grad/Conv2DBackpropInput	1601111573256658	6637
tower_0/v/gradients/AddN_16	1601111573289916	4
v/cg/conv4/conv2d/kernel	-1	-1
ConstantFolding/tower_0/v/gradients/tower_0/v/cg/conv7/conv2d/Conv2D_grad/ShapeN-matshapes-1	-1	-1
tower_0/v/cg/affine0/affine0	1601111573231153	5
tower_0/v/cg/conv6/BiasAdd	1601111573201374	680
average_loss/range	-1	-1
tower_0/v/cg/conv2/conv2d/Conv2D	1601111573157420	6247
ConstantFolding/tower_0/v/gradients/tower_0/v/cg/conv8/conv2d/Conv2D_grad/ShapeN-matshapes-0	-1	-1
tower_0/v/gradients/tower_0/v/cg/conv8/conv2d/Conv2D_grad/Conv2DBackpropFilter	1601111573276463	5937
tower_0/v/gradients/AddN_23	1601111573335073	11
tower_0/v/cg/conv10/BiasAdd	1601111573224328	91
append_apply_gradient_ops/GradientDescent/update_v/cg/conv8/biases/ApplyGradientDescent	1601111573282897	5
tower_0/v/gradients/tower_0/v/cg/conv8/BiasAdd_grad/BiasAddGrad	1601111573269690	146
tower_0/v/cg/conv9/Relu	1601111573221569	261
append_apply_gradient_ops/GradientDescent/update_v/cg/affine1/biases/ApplyGradientDescent	1601111573233211	5
train_ops_group	-1	-1
tower_0/v/gpu_cached_inputs	-1	-1
tower_0/v/gradients/tower_0/v/cg/affine0/xw_plus_b/MatMul_grad/MatMul_1	1601111573235247	1391
append_apply_gradient_ops/GradientDescent/update_v/cg/conv6/biases/ApplyGradientDescent	1601111573308362	4
ConstantFolding/tower_0/v/gradients/tower_0/v/cg/conv3/conv2d/Conv2D_grad/ShapeN-matshapes-0	-1	-1
append_apply_gradient_ops/GradientDescent/update_v/cg/conv10/biases/ApplyGradientDescent	1601111573256059	5
tower_0/v/l2_loss/L2Loss_31	1601111573128499	6
tower_0/v/l2_loss/AddN	1601111573133272	23
tower_0/v/gradients/tower_0/v/l2_loss/L2Loss_10_grad/mul	1601111573127837	13
tower_0/v/gradients/tower_0/v/cg/conv2/BiasAdd_grad/BiasAddGrad	1601111573359402	473
tower_0/v/cg/conv10/Relu	1601111573224420	68
append_apply_gradient_ops/GradientDescent/update_v/cg/conv11/conv2d/kernel/ApplyGradientDescent	1601111573255544	53
v/cg/affine1/biases	-1	-1
v/cg/conv11/biases/read	-1	-1
tower_0/v/l2_loss/L2Loss_1	1601111573128335	4
append_apply_gradient_ops/GradientDescent/update_v/cg/conv3/biases/ApplyGradientDescent	1601111573359390	4
tower_0/v/gradients/tower_0/v/cg/conv7/conv2d/Conv2D_grad/Conv2DBackpropInput	1601111573283057	3643
v/cg/affine1/weights	-1	-1
v/cg/conv0/conv2d/kernel	-1	-1
tower_0/v/l2_loss/L2Loss_7	1601111573128345	4
tower_0/v/gradients/AddN_7	1601111573246176	56
tower_0/v/gradients/tower_0/v/l2_loss/L2Loss_6_grad/mul	1601111573128305	5
tower_0/v/gradients/tower_0/v/l2_loss/L2Loss_23_grad/mul	1601111573128329	4
v/cg/conv12/conv2d/kernel	-1	-1
tower_0/v/gradients/tower_0/v/l2_loss/L2Loss_8_grad/mul	1601111573128628	10
tower_0/v/cg/conv1/conv2d/Conv2D	1601111573138180	12899
tower_0/v/gradients/tower_0/v/l2_loss/L2Loss_grad/mul	1601111573128281	4
tower_0/v/l2_loss/L2Loss_2	1601111573127567	22
tower_0/v/vgg16_synthetic_labels	1601111573127129	19
ConstantFolding/tower_0/v/gradients/tower_0/v/cg/conv10/conv2d/Conv2D_grad/ShapeN-matshapes-1	-1	-1
ConstantFolding/tower_0/v/gradients/tower_0/v/cg/conv7/conv2d/Conv2D_grad/ShapeN-matshapes-0	-1	-1
tower_0/v/cg/dropout0/dropout/dropout/random_uniform/mul	-1	-1
tower_0/v/gradients/AddN_31	1601111573427299	4
v/cg/conv8/conv2d/kernel/read	-1	-1
ConstantFolding/tower_0/v/gradients/tower_0/v/cg/conv3/conv2d/Conv2D_grad/ShapeN-matshapes-1	-1	-1
v/cg/conv1/conv2d/kernel/read	-1	-1
tower_0/v/l2_loss/L2Loss_12	1601111573127639	23
tower_0/v/xentropy/sparse_softmax_cross_entropy_loss/num_present	-1	-1
tower_0/v/l2_loss/L2Loss_3	1601111573127701	10
append_apply_gradient_ops/GradientDescent/update_v/cg/conv0/biases/ApplyGradientDescent	1601111573427305	4
tower_0/v/gradients/tower_0/v/cg/mpool2/MaxPool_grad/MaxPoolGrad	1601111573289922	1260
tower_0/v/gradients/tower_0/v/l2_loss/L2Loss_11_grad/mul	1601111573127543	10
append_apply_gradient_ops/GradientDescent/update_v/cg/affine0/biases/ApplyGradientDescent	1601111573238940	5
tower_0/v/gradients/tower_0/v/cg/conv2/Relu_grad/ReluGrad	1601111573357844	1535
v/cg/affine0/weights	-1	-1
append_apply_gradient_ops/GradientDescent/update_v/cg/conv6/conv2d/kernel/ApplyGradientDescent	1601111573323887	17
v/cg/conv2/conv2d/kernel	-1	-1
append_apply_gradient_ops/GradientDescent/update_v/cg/conv3/conv2d/kernel/ApplyGradientDescent	1601111573375390	7
tower_0/v/cg/conv11/BiasAdd	1601111573226774	92
tower_0/v/cg/dropout0_1/dropout/dropout/mul_1	1601111573231467	6
tower_0/v/gradients/AddN_3	1601111573232838	371
tower_0/v/gradients/tower_0/v/cg/Reshape_grad/Shape	-1	-1
