tower_0/v/cg/conv4/Relu	1602294585475870	2820
tower_0/v/gradients/tower_0/v/l2_loss/L2Loss_24_grad/mul	1602294585199370	45
ConstantFolding/tower_0/v/gradients/tower_0/v/cg/conv7/conv2d/Conv2D_grad/ShapeN-matshapes-1	-1	-1
tower_0/v/gradients/tower_0/v/l2_loss/L2Loss_18_grad/mul	1602294585199834	45
tower_0/v/gradients/tower_0/v/cg/conv12/conv2d/Conv2D_grad/Conv2DBackpropInput	1602294585762878	8154
tower_0/v/cg/dropout0_1/dropout/dropout/Cast	1602294585226794	23
tower_0/v/gradients/tower_0/v/cg/conv9/BiasAdd_grad/BiasAddGrad	1602294585822092	690
tower_0/v/cg/mpool4/MaxPool	1602294585731649	292
v/cg/conv2/biases/read	-1	-1
tower_0/v/gradients/tower_0/v/l2_loss/L2Loss_9_grad/mul	1602294585200408	4
tower_0/v/cg/conv9/Relu	1602294585700896	1404
append_apply_gradient_ops/GradientDescent/update_v/cg/conv3/conv2d/kernel/ApplyGradientDescent	1602294586852534	7
tower_0/v/cg/conv6/conv2d/Conv2D	1602294585518362	33201
tower_0/v/gradients/tower_0/v/cg/conv12/Relu_grad/ReluGrad	1602294585762017	508
tower_0/v/gradients/tower_0/v/l2_loss/L2Loss_8_grad/mul	1602294585199701	18
tower_0/v/l2_loss/L2Loss_26	1602294585200556	731
tower_0/v/l2_loss/L2Loss_2	1602294585199502	38
tower_0/v/cg/conv11/Relu	1602294585721869	354
tower_0/v/l2_loss/L2Loss_3	1602294585199235	4
tower_0/v/gradients/tower_0/v/l2_loss/L2Loss_28_grad/mul	1602294585200124	255
tower_0/v/gradients/tower_0/v/cg/conv5/Relu_grad/ReluGrad	1602294586356606	4315
tower_0/v/gradients/tower_0/v/cg/affine0/xw_plus_b/MatMul_grad/MatMul_1	1602294585751158	5370
append_apply_gradient_ops/GradientDescent/update_v/cg/conv2/biases/ApplyGradientDescent	1602294586872841	4
tower_0/v/l2_loss/L2Loss_15	1602294585199258	4
append_apply_gradient_ops/GradientDescent/update_v/cg/conv5/biases/ApplyGradientDescent	1602294586530516	8
tower_0/v/gradients/AddN_20	1602294586526149	6
append_apply_gradient_ops/GradientDescent/update_v/cg/conv12/biases/ApplyGradientDescent	1602294585781178	7
ConstantFolding/tower_0/v/gradients/tower_0/v/cg/conv9/conv2d/Conv2D_grad/ShapeN-matshapes-0	-1	-1
tower_0/v/add	1602294585741214	7
append_apply_gradient_ops/GradientDescent/update_v/cg/conv5/conv2d/kernel/ApplyGradientDescent	1602294586530491	22
v/cg/conv3/biases	-1	-1
tower_0/v/gradients/tower_0/v/cg/affine1/affine1_grad/ReluGrad	1602294585741368	31
tower_0/v/cg/conv1/Relu	1602294585321969	11419
tower_0/v/gradients/tower_0/v/l2_loss/L2Loss_10_grad/mul	1602294585199072	8
tower_0/v/gradients/tower_0/v/cg/dropout0/dropout/dropout/mul_1_grad/Mul	1602294585743538	21
tower_0/v/cg/Reshape	-1	-1
tower_0/v/gradients/tower_0/v/cg/affine0/affine0_grad/ReluGrad	1602294585744369	27
tower_0/v/l2_loss/L2Loss_18	1602294585199766	42
tower_0/v/l2_loss/L2Loss_14	1602294585199119	22
append_apply_gradient_ops/GradientDescent/update_v/cg/conv10/biases/ApplyGradientDescent	1602294585819916	7
tower_0/v/gradients/AddN_23	1602294586585854	16
tower_0/v/gradients/tower_0/v/l2_loss/L2Loss_grad/mul	1602294585199049	4
v/cg/affine0/weights	-1	-1
v/cg/conv1/conv2d/kernel	-1	-1
main_fetch_group	-1	-1
ConstantFolding/tower_0/v/gradients/tower_0/v/cg/conv4/conv2d/Conv2D_grad/ShapeN-matshapes-1	-1	-1
v/cg/affine0/biases	-1	-1
ConstantFolding/tower_0/v/gradients/tower_0/v/cg/conv4/conv2d/Conv2D_grad/ShapeN-matshapes-0	-1	-1
v/cg/conv7/biases/read	-1	-1
ConstantFolding/tower_0/v/gradients/tower_0/v/cg/conv12/conv2d/Conv2D_grad/ShapeN-matshapes-1	-1	-1
tower_0/v/gradients/tower_0/v/cg/conv7/conv2d/Conv2D_grad/Conv2DBackpropFilter	1602294586163195	16992
v/cg/affine1/weights	-1	-1
tower_0/v/gradients/tower_0/v/xentropy/sparse_softmax_cross_entropy_loss/xentropy/xentropy_grad/mul	1602294585740366	10
tower_0/v/gradients/AddN_30	1602294587158659	4
ConstantFolding/average_loss/Mean/input_const_axis	-1	-1
v/cg/conv6/biases/read	-1	-1
v/cg/conv4/biases/read	-1	-1
tower_0/v/gradients/tower_0/v/cg/conv1/Relu_grad/ReluGrad	1602294586872848	18177
ConstantFolding/tower_0/v/gradients/tower_0/v/cg/conv9/conv2d/Conv2D_grad/ShapeN-matshapes-1	-1	-1
tower_0/v/gradients/tower_0/v/cg/conv2/conv2d/Conv2D_grad/Conv2DBackpropInput	1602294586763829	28209
append_apply_gradient_ops/GradientDescent/update_v/cg/conv1/biases/ApplyGradientDescent	1602294587131126	5
append_apply_gradient_ops/GradientDescent/update_v/cg/affine0/weights/ApplyGradientDescent	1602294585759711	2303
append_apply_gradient_ops/GradientDescent/update_v/cg/conv8/conv2d/kernel/ApplyGradientDescent	1602294586180190	57
tower_0/v/gradients/tower_0/v/cg/conv11/Relu_grad/ReluGrad	1602294585780604	507
tower_0/v/gradients/tower_0/v/cg/conv10/Relu_grad/ReluGrad	1602294585799243	508
tower_0/v/gradients/tower_0/v/cg/conv11/BiasAdd_grad/BiasAddGrad	1602294585781198	337
tower_0/v/transpose	1602294585197606	1310
ConstantFolding/tower_0/v/gradients/tower_0/v/cg/conv10/conv2d/Conv2D_grad/ShapeN-matshapes-1	-1	-1
ConstantFolding/tower_0/v/gradients/tower_0/v/cg/conv0/conv2d/Conv2D_grad/ShapeN-matshapes-1	-1	-1
tower_0/v/gradients/tower_0/v/cg/dropout0_1/dropout/dropout/mul_1_grad/Mul	1602294585741090	22
append_apply_gradient_ops/GradientDescent/update_v/cg/conv0/conv2d/kernel/ApplyGradientDescent	1602294587158676	4
tower_0/v/xentropy/sparse_softmax_cross_entropy_loss/xentropy/xentropy	1602294585740143	219
tower_0/v/cg/dropout0/dropout/dropout/rate	-1	-1
ConstantFolding/tower_0/v/gradients/tower_0/v/cg/conv10/conv2d/Conv2D_grad/ShapeN-matshapes-0	-1	-1
v/cg/conv7/conv2d/kernel	-1	-1
tower_0/v/gradients/AddN_5	1602294585756539	2302
tower_0/v/gradients/tower_0/v/cg/conv6/Relu_grad/ReluGrad	1602294586186959	4314
v/cg/conv10/biases	-1	-1
v/cg/conv7/biases	-1	-1
tower_0/v/gradients/tower_0/v/cg/conv2/conv2d/Conv2D_grad/Conv2DBackpropFilter	1602294586792043	60490
tower_0/v/gradients/tower_0/v/cg/Reshape_grad/Shape	-1	-1
append_apply_gradient_ops/GradientDescent/update_v/cg/conv4/biases/ApplyGradientDescent	1602294586585873	6
tower_0/v/cg/conv3/Relu	1602294585442665	5679
tower_0/v/gradients/tower_0/v/cg/conv5/BiasAdd_grad/BiasAddGrad	1602294586465722	1240
tower_0/v/gradients/tower_0/v/cg/mpool4/MaxPool_grad/MaxPoolGrad	1602294585758854	854
tower_0/v/cg/affine1/xw_plus_b/MatMul	1602294585738396	1133
tower_0/v/gradients/tower_0/v/cg/affine2/xw_plus_b/MatMul_grad/MatMul	1602294585740430	369
v/cg/conv9/biases	-1	-1
tower_0/v/l2_loss/L2Loss_29	1602294585200413	10
tower_0/v/l2_loss/L2Loss_17	1602294585199292	4
tower_0/v/gradients/AddN_17	1602294586186911	35
v/cg/conv4/conv2d/kernel	-1	-1
v/cg/conv12/biases/read	-1	-1
tower_0/v/vgg16_synthetic_labels/max	-1	-1
tower_0/v/cg/affine2/xw_plus_b/MatMul	1602294585739610	517
tower_0/v/gradients/tower_0/v/cg/conv3/conv2d/Conv2D_grad/Conv2DBackpropFilter	1602294586644847	107621
tower_0/v/cg/Reshape/shape	-1	-1
tower_0/v/cg/conv4/conv2d/Conv2D	1602294585452482	19707
tower_0/v/cg/conv8/Relu	1602294585639653	1407
v/cg/conv10/biases/read	-1	-1
tower_0/v/cg/conv11/BiasAdd	1602294585721405	461
tower_0/v/gradients/tower_0/v/cg/conv10/BiasAdd_grad/BiasAddGrad	1602294585799829	334
ConstantFolding/tower_0/v/gradients/tower_0/v/cg/conv12/conv2d/Conv2D_grad/ShapeN-matshapes-0	-1	-1
append_apply_gradient_ops/GradientDescent/update_v/cg/affine2/weights/ApplyGradientDescent	1602294585741267	99
tower_0/v/cg/dropout0/dropout/dropout/Cast	1602294585226770	20
tower_0/v/l2_loss/L2Loss_13	1602294585199030	4
tower_0/v/cg/conv5/Relu	1602294585515539	2819
tower_0/v/l2_loss/L2Loss_7	1602294585199246	4
tower_0/v/gpu_cached_inputs	-1	-1
tower_0/v/gradients/tower_0/v/l2_loss/L2Loss_30_grad/mul	1602294585197532	72
v/cg/conv0/biases/read	-1	-1
tower_0/v/gradients/AddN_26	1602294586852543	4
tower_0/v/gradients/AddN_14	1602294586144296	7
tower_0/v/xentropy/sparse_softmax_cross_entropy_loss/Sum	1602294585740379	6
v/cg/conv5/conv2d/kernel/read	-1	-1
tower_0/v/l2_loss/L2Loss_30	1602294585197460	56
tower_0/v/gradients/tower_0/v/cg/conv5/conv2d/Conv2D_grad/Conv2DBackpropFilter	1602294586360957	104755
tower_0/v/l2_loss/L2Loss_11	1602294585199281	4
append_apply_gradient_ops/GradientDescent/update_v/cg/conv12/conv2d/kernel/ApplyGradientDescent	1602294585799172	57
ConstantFolding/tower_0/v/gradients/tower_0/v/cg/conv7/conv2d/Conv2D_grad/ShapeN-matshapes-0	-1	-1
v/cg/affine2/weights/read	-1	-1
v/cg/conv1/conv2d/kernel/read	-1	-1
main_fetch_group/_70	-1	-1
append_apply_gradient_ops/GradientDescent/update_v/cg/conv7/biases/ApplyGradientDescent	1602294586186949	7
append_apply_gradient_ops/GradientDescent/update_v/cg/affine1/biases/ApplyGradientDescent	1602294585743944	12
append_apply_gradient_ops/GradientDescent	-1	-1
tower_0/v/gradients/AddN_6	1602294585780594	7
ConstantFolding/tower_0/v/gradients/tower_0/v/cg/conv8/conv2d/Conv2D_grad/ShapeN-matshapes-0	-1	-1
tower_0/v/gradients/AddN_4	1602294585756530	7
tower_0/v/cg/conv0/conv2d/Conv2D	1602294585202893	8845
v/cg/conv2/biases	-1	-1
tower_0/v/gradients/tower_0/v/cg/conv9/conv2d/Conv2D_grad/Conv2DBackpropFilter	1602294585880767	101620
v/cg/conv4/conv2d/kernel/read	-1	-1
tower_0/v/l2_loss/L2Loss_31	1602294585199416	17
tower_0/v/cg/affine0/xw_plus_b/MatMul	1602294585731949	6362
v/cg/conv12/conv2d/kernel/read	-1	-1
tower_0/v/gradients/tower_0/v/l2_loss/L2Loss_27_grad/mul	1602294585197399	18
append_apply_gradient_ops/GradientDescent/update_v/cg/conv6/biases/ApplyGradientDescent	1602294586360947	7
tower_0/v/cg/conv3/BiasAdd	1602294585435272	7390
tower_0/v/xentropy/sparse_softmax_cross_entropy_loss/Mul	-1	-1
append_apply_gradient_ops/GradientDescent/update_v/cg/conv3/biases/ApplyGradientDescent	1602294586761375	6
v/cg/conv3/conv2d/kernel/read	-1	-1
tower_0/v/cg/conv9/BiasAdd	1602294585699056	1836
tower_0/v/gradients/tower_0/v/cg/conv2/Relu_grad/ReluGrad	1602294586752482	8878
tower_0/v/gradients/tower_0/v/l2_loss/L2Loss_12_grad/mul	1602294585198949	7
tower_0/v/gradients/tower_0/v/l2_loss/L2Loss_11_grad/mul	1602294585199287	4
append_apply_gradient_ops/GradientDescent/update_v/cg/affine0/biases/ApplyGradientDescent	1602294585758844	7
v/cg/conv7/conv2d/kernel/read	-1	-1
tower_0/v/cg/mpool3/MaxPool	1602294585702302	1081
tower_0/v/gradients/AddN_2	1602294585743528	7
tower_0/v/l2_loss/L2Loss_23	1602294585199270	4
tower_0/v/cg/dropout0_1/dropout/dropout/mul	1602294585238290	24
tower_0/v/cg/conv1/BiasAdd	1602294585307045	14922
v/cg/conv10/conv2d/kernel	-1	-1
tower_0/v/gradients/tower_0/v/cg/affine1/xw_plus_b_grad/BiasAddGrad	1602294585741408	19
v/cg/affine2/biases	-1	-1
tower_0/v/gradients/tower_0/v/cg/conv8/BiasAdd_grad/BiasAddGrad	1602294585984579	694
tower_0/v/l2_loss/L2Loss_20	1602294585197177	66
average_loss/Mean	-1	-1
tower_0/v/gradients/tower_0/v/l2_loss/L2Loss_16_grad/mul	1602294585198993	35
tower_0/v/l2_loss/L2Loss_1	1602294585199082	4
tower_0/v/l2_loss/AddN	1602294585211789	37
append_apply_gradient_ops/GradientDescent/update_v/cg/conv2/conv2d/kernel/ApplyGradientDescent	1602294586891027	7
tower_0/v/cg/affine1/affine1	1602294585739557	9
tower_0/v/cg/conv2/BiasAdd	1602294585374524	7409
ConstantFolding/tower_0/v/gradients/tower_0/v/cg/conv1/conv2d/Conv2D_grad/ShapeN-matshapes-0	-1	-1
ConstantFolding/tower_0/v/gradients/tower_0/v/cg/conv11/conv2d/Conv2D_grad/ShapeN-matshapes-1	-1	-1
tower_0/v/gradients/tower_0/v/cg/conv1/conv2d/Conv2D_grad/Conv2DBackpropInput	1602294586895810	68700
v/cg/conv6/conv2d/kernel	-1	-1
v/cg/conv3/biases/read	-1	-1
tower_0/v/vgg16_synthetic_labels	1602294585196748	53
tower_0/v/gradients/tower_0/v/cg/conv4/BiasAdd_grad/BiasAddGrad	1602294586530541	1237
tower_0/v/gradients/AddN_12	1602294585982390	8
tower_0/v/gradients/tower_0/v/cg/dropout0/dropout/dropout/mul_grad/Mul	1602294585743957	30
tower_0/v/vgg16_synthetic_labels/min	-1	-1
tower_0/v/xentropy/sparse_softmax_cross_entropy_loss/num_present	-1	-1
tower_0/v/cg/mpool2/MaxPool	1602294585558064	2064
ConstantFolding/tower_0/v/gradients/tower_0/v/cg/conv5/conv2d/Conv2D_grad/ShapeN-matshapes-1	-1	-1
append_apply_gradient_ops/GradientDescent/update_v/cg/conv10/conv2d/kernel/ApplyGradientDescent	1602294585822022	62
tower_0/v/cg/conv10/Relu	1602294585712467	351
ConstantFolding/tower_0/v/gradients/tower_0/v/cg/conv3/conv2d/Conv2D_grad/ShapeN-matshapes-0	-1	-1
v/cg/conv6/conv2d/kernel/read	-1	-1
tower_0/v/gradients/AddN	1602294585741080	8
tower_0/v/gradients/tower_0/v/cg/conv9/conv2d/Conv2D_grad/Conv2DBackpropInput	1602294585822785	57977
tower_0/v/gradients/tower_0/v/l2_loss/L2Loss_6_grad/mul	1602294585199113	5
average_loss/Mean/_74	1602294585743945	8
tower_0/v/gradients/tower_0/v/cg/conv12/conv2d/Conv2D_grad/Conv2DBackpropFilter	1602294585771035	9555
v/cg/conv11/biases/read	-1	-1
tower_0/v/l2_loss/L2Loss_21	1602294585200431	4
v/cg/conv3/conv2d/kernel	-1	-1
learning_rate_tensor/input	-1	-1
tower_0/v/gradients/tower_0/v/cg/conv5/conv2d/Conv2D_grad/Conv2DBackpropInput	1602294586466965	59137
tower_0/v/cg/dropout0/dropout/dropout/truediv	-1	-1
v/cg/conv8/conv2d/kernel/read	-1	-1
v/cg/affine2/biases/read	-1	-1
tower_0/v/cg/dropout0_1/dropout/dropout/GreaterEqual	1602294585211768	19
tower_0/v/gpu_cached_inputs/read	-1	-1
tower_0/v/gradients/tower_0/v/l2_loss/L2Loss_14_grad/mul	1602294585199143	19
v/cg/conv2/conv2d/kernel/read	-1	-1
tower_0/v/gradients/AddN_8	1602294585799232	7
tower_0/v/gradients/tower_0/v/l2_loss/L2Loss_21_grad/mul	1602294585200437	4
v/cg/conv0/conv2d/kernel	-1	-1
ConstantFolding/tower_0/v/gradients/tower_0/v/cg/conv1/conv2d/Conv2D_grad/ShapeN-matshapes-1	-1	-1
tower_0/v/l2_loss/L2Loss_19	1602294585200459	16
tower_0/v/gradients/tower_0/v/cg/conv10/conv2d/Conv2D_grad/Conv2DBackpropInput	1602294585800167	8107
tower_0/v/l2_loss/L2Loss_10	1602294585199055	15
tower_0/v/cg/conv12/conv2d/Conv2D	1602294585722227	8596
tower_0/v/gradients/tower_0/v/cg/conv12/BiasAdd_grad/BiasAddGrad	1602294585762536	339
tower_0/v/l2_loss/L2Loss_9	1602294585200402	4
tower_0/v/gradients/tower_0/v/cg/conv4/conv2d/Conv2D_grad/Conv2DBackpropFilter	1602294586550516	25001
tower_0/v/gradients/tower_0/v/l2_loss/L2Loss_15_grad/mul	1602294585199264	4
v/cg/affine1/biases/read	-1	-1
v/cg/conv5/biases/read	-1	-1
ConstantFolding/tower_0/v/gradients/tower_0/v/cg/conv2/conv2d/Conv2D_grad/ShapeN-matshapes-1	-1	-1
append_apply_gradient_ops/GradientDescent/update_v/cg/conv9/conv2d/kernel/ApplyGradientDescent	1602294586144228	57
tower_0/v/gradients/AddN_22	1602294586575521	7
tower_0/v/cg/conv6/Relu	1602294585555232	2829
tower_0/v/gradients/AddN_29	1602294587131117	8
tower_0/v/gradients/tower_0/v/cg/conv0/Relu_grad/ReluGrad	1602294587112922	18193
tower_0/v/gradients/tower_0/v/l2_loss/L2Loss_19_grad/mul	1602294585200497	16
tower_0/v/cg/conv7/BiasAdd	1602294585576601	1826
tower_0/v/gradients/tower_0/v/l2_loss/L2Loss_23_grad/mul	1602294585199276	4
append_apply_gradient_ops/GradientDescent/update_v/cg/conv7/conv2d/kernel/ApplyGradientDescent	1602294586191276	35
v/cg/conv11/biases	-1	-1
tower_0/v/gradients/tower_0/v/cg/Reshape_grad/Reshape	-1	-1
tower_0/v/gradients/tower_0/v/cg/affine1/xw_plus_b/MatMul_grad/MatMul_1	1602294585742601	925
v/cg/affine1/weights/read	-1	-1
tower_0/v/gradients/AddN_18	1602294586356596	7
tower_0/v/cg/conv10/BiasAdd	1602294585712003	462
tower_0/v/cg/conv4/BiasAdd	1602294585472195	3672
v/cg/affine2/weights	-1	-1
gpu_compute_stage_ops_group	-1	-1
tower_0/v/cg/conv5/conv2d/Conv2D	1602294585478694	33169
tower_0/v/l2_loss/L2Loss_24	1602294585199304	40
tower_0/v/l2_loss/L2Loss_16	1602294585198958	33
tower_0/v/cg/conv0/Relu	1602294585226828	11418
tower_0/v/l2_loss/L2Loss_25	1602294585199880	19
v/cg/conv12/biases	-1	-1
tower_0/v/l2_loss/L2Loss_22	1602294585199163	33
tower_0/v/cg/dropout0/dropout/dropout/random_uniform/mul	-1	-1
tower_0/v/gradients/tower_0/v/cg/conv11/conv2d/Conv2D_grad/Conv2DBackpropInput	1602294585781538	8189
tower_0/v/gradients/tower_0/v/l2_loss/L2Loss_20_grad/mul	1602294585197287	57
tower_0/v/l2_loss/L2Loss_6	1602294585199093	18
tower_0/v/gradients/AddN_24	1602294586752471	7
tower_0/v/xentropy/sparse_softmax_cross_entropy_loss/value	1602294585741069	7
v/cg/affine0/weights/read	-1	-1
tower_0/v/gradients/tower_0/v/cg/mpool2/MaxPool_grad/MaxPoolGrad	1602294586180259	6649
append_apply_gradient_ops/GradientDescent/update_v/cg/conv11/conv2d/kernel/ApplyGradientDescent	1602294585817731	61
append_apply_gradient_ops/GradientDescent/update_v/cg/conv1/conv2d/kernel/ApplyGradientDescent	1602294587158651	6
tower_0/v/cg/conv12/BiasAdd	1602294585730827	462
tower_0/v/gradients/tower_0/v/l2_loss/L2Loss_13_grad/mul	1602294585199036	4
tower_0/v/gradients/tower_0/v/l2_loss/L2Loss_29_grad/mul	1602294585200425	4
tower_0/v/gradients/tower_0/v/cg/affine0/xw_plus_b/MatMul_grad/MatMul	1602294585744432	6723
tower_0/v/gradients/tower_0/v/l2_loss/L2Loss_3_grad/mul	1602294585199241	4
ConstantFolding/tower_0/v/gradients/tower_0/v/cg/conv2/conv2d/Conv2D_grad/ShapeN-matshapes-0	-1	-1
tower_0/v/gradients/AddN_7	1602294585781114	61
tower_0/v/cg/mpool1/MaxPool	1602294585448346	4134
tower_0/v/cg/conv8/conv2d/Conv2D	1602294585579839	57986
tower_0/v/gradients/tower_0/v/cg/conv6/BiasAdd_grad/BiasAddGrad	1602294586191321	1240
tower_0/v/gradients/tower_0/v/cg/conv7/conv2d/Conv2D_grad/Conv2DBackpropInput	1602294586147173	16019
append_apply_gradient_ops/GradientDescent/update_v/cg/conv0/biases/ApplyGradientDescent	1602294587158670	4
v/cg/conv1/biases	-1	-1
tower_0/v/cg/conv1/conv2d/Conv2D	1602294585238318	68724
tower_0/v/cg/dropout0/dropout/dropout/random_uniform/RandomUniform	1602294585196880	36
tower_0/v/cg/dropout0/dropout/dropout/Shape	-1	-1
tower_0/v/cg/affine1/xw_plus_b	1602294585739532	22
append_apply_gradient_ops/GradientDescent/update_v/cg/affine2/biases/ApplyGradientDescent	1602294585741224	8
ConstantFolding/tower_0/v/gradients/tower_0/v/cg/conv3/conv2d/Conv2D_grad/ShapeN-matshapes-1	-1	-1
v/cg/conv12/conv2d/kernel	-1	-1
tower_0/v/gradients/AddN_9	1602294585799752	62
tower_0/v/gradients/AddN_28	1602294587112916	4
tower_0/v/l2_loss/L2Loss_27	1602294585197353	24
tower_0/v/gradients/tower_0/v/cg/conv3/Relu_grad/ReluGrad	1602294586585883	8897
tower_0/v/gradients/tower_0/v/l2_loss/L2Loss_22_grad/mul	1602294585199197	35
tower_0/v/gradients/tower_0/v/cg/affine1/xw_plus_b/MatMul_grad/MatMul	1602294585741442	1157
tower_0/v/cg/conv2/Relu	1602294585381936	5683
tower_0/v/cg/conv0/BiasAdd	1602294585211829	14937
tower_0/v/gradients/AddN_11	1602294585819854	60
tower_0/v/gradients/AddN_15	1602294586146395	59
tower_0/v/cg/affine0/affine0	1602294585738341	13
_SOURCE	-1	-1
tower_0/v/gradients/tower_0/v/l2_loss/L2Loss_25_grad/mul	1602294585199923	17
tower_0/v/gradients/tower_0/v/cg/conv6/conv2d/Conv2D_grad/Conv2DBackpropInput	1602294586192565	58944
tower_0/v/vgg16_synthetic_labels/shape	-1	-1
tower_0/v/cg/dropout0_1/dropout/dropout/mul_1	1602294585739570	27
append_apply_gradient_ops/GradientDescent/update_v/cg/affine1/weights/ApplyGradientDescent	1602294585743990	377
tower_0/v/gradients/tower_0/v/cg/mpool3/MaxPool_grad/MaxPoolGrad	1602294585817805	2046
tower_0/v/cg/conv12/Relu	1602294585731292	353
tower_0/v/cg/dropout0_1/dropout/dropout/random_uniform/mul	-1	-1
tower_0/v/cg/affine2/xw_plus_b	1602294585740131	11
tower_0/v/gradients/tower_0/v/l2_loss/L2Loss_2_grad/mul	1602294585199564	20
tower_0/v/cg/conv7/Relu	1602294585578430	1406
v/cg/conv8/conv2d/kernel	-1	-1
tower_0/v/l2_loss/L2Loss_5	1602294585198919	4
tower_0/v/gradients/AddN_16	1602294586180250	7
tower_0/v/cg/conv3/conv2d/Conv2D	1602294585387620	47644
tower_0/v/gradients/tower_0/v/cg/affine2/xw_plus_b_grad/BiasAddGrad	1602294585740399	20
tower_0/v/gradients/tower_0/v/cg/conv4/conv2d/Conv2D_grad/Conv2DBackpropInput	1602294586531781	18730
ConstantFolding/tower_0/v/gradients/tower_0/v/cg/conv8/conv2d/Conv2D_grad/ShapeN-matshapes-1	-1	-1
v/cg/conv2/conv2d/kernel	-1	-1
tower_0/v/cg/conv9/conv2d/Conv2D	1602294585641063	57991
v/cg/conv8/biases/read	-1	-1
tower_0/v/gradients/AddN_10	1602294585817795	7
tower_0/v/gradients/AddN_13	1602294585984499	58
tower_0/v/cg/conv2/conv2d/Conv2D	1602294585341286	33237
v/cg/conv8/biases	-1	-1
tower_0/v/gradients/tower_0/v/xentropy/sparse_softmax_cross_entropy_loss/xentropy/xentropy_grad/ExpandDims	-1	-1
tower_0/v/gradients/tower_0/v/cg/conv3/conv2d/Conv2D_grad/Conv2DBackpropInput	1602294586597257	47585
v/cg/conv5/biases	-1	-1
tower_0/v/gradients/tower_0/v/cg/mpool1/MaxPool_grad/MaxPoolGrad	1602294586575530	10320
tower_0/v/gradients/tower_0/v/cg/conv2/BiasAdd_grad/BiasAddGrad	1602294586761392	2433
v/cg/conv9/conv2d/kernel/read	-1	-1
tower_0/v/cg/dropout0/dropout/dropout/mul	1602294585238250	25
tower_0/v/l2_loss/L2Loss_4	1602294585200381	14
tower_0/v/gradients/tower_0/v/l2_loss/L2Loss_17_grad/mul	1602294585199298	4
tower_0/v/gradients/tower_0/v/cg/conv1/conv2d/Conv2D_grad/Conv2DBackpropFilter	1602294586964512	148403
tower_0/v/cg/conv8/BiasAdd	1602294585637827	1823
tower_0/v/gradients/tower_0/v/cg/conv10/conv2d/Conv2D_grad/Conv2DBackpropFilter	1602294585808279	9449
tower_0/v/gradients/tower_0/v/cg/conv7/Relu_grad/ReluGrad	1602294586144306	2086
tower_0/v/cg/dropout0_1/dropout/dropout/random_uniform/RandomUniform	1602294585196935	32
tower_0/v/cg/dropout0/dropout/dropout/mul_1	1602294585738357	27
append_apply_gradient_ops/GradientDescent/update_v/cg/conv6/conv2d/kernel/ApplyGradientDescent	1602294586526104	20
tower_0/v/cg/conv11/conv2d/Conv2D	1602294585712820	8581
v/cg/conv4/biases	-1	-1
tower_0/v/l2_loss/L2Loss_28	1602294585199982	140
tower_0/v/gradients/tower_0/v/cg/affine0/xw_plus_b_grad/BiasAddGrad	1602294585744408	23
ConstantFolding/tower_0/v/gradients/tower_0/v/cg/conv11/conv2d/Conv2D_grad/ShapeN-matshapes-0	-1	-1
tower_0/v/gradients/AddN_1	1602294585741114	99
tower_0/v/gradients/AddN_21	1602294586526126	22
tower_0/v/gradients/tower_0/v/cg/conv3/BiasAdd_grad/BiasAddGrad	1602294586594809	2446
tower_0/v/gradients/tower_0/v/l2_loss/L2Loss_7_grad/mul	1602294585199253	4
tower_0/v/cg/dropout0/dropout/dropout/GreaterEqual	1602294585211742	23
tower_0/v/gradients/tower_0/v/cg/conv0/conv2d/Conv2D_grad/Conv2DBackpropFilter	1602294587135910	22740
ConstantFolding/tower_0/v/gradients/tower_0/v/cg/conv6/conv2d/Conv2D_grad/ShapeN-matshapes-0	-1	-1
tower_0/v/mul/x	-1	-1
v/cg/conv9/biases/read	-1	-1
append_apply_gradient_ops/GradientDescent/update_v/cg/conv8/biases/ApplyGradientDescent	1602294586146458	7
tower_0/v/gradients/tower_0/v/cg/conv9/Relu_grad/ReluGrad	1602294585819926	2093
tower_0/v/gradients/AddN_3	1602294585743561	381
tower_0/v/l2_loss/L2Loss_8	1602294585199633	40
average_loss/Mean/input	-1	-1
tower_0/v/gradients/AddN_19	1602294586360925	21
v/cg/conv11/conv2d/kernel/read	-1	-1
tower_0/v/gradients/tower_0/v/l2_loss/L2Loss_1_grad/mul	1602294585199088	4
tower_0/v/transpose/perm	-1	-1
tower_0/v/gradients/tower_0/v/l2_loss/L2Loss_5_grad/mul	1602294585198925	4
tower_0/v/gradients/tower_0/v/l2_loss/L2Loss_26_grad/mul	1602294585201288	1601
tower_0/v/gradients/tower_0/v/cg/conv6/conv2d/Conv2D_grad/Conv2DBackpropFilter	1602294586251513	105079
append_apply_gradient_ops/GradientDescent/update_v/cg/conv11/biases/ApplyGradientDescent	1602294585799817	9
v/cg/conv0/biases	-1	-1
tower_0/v/cg/conv5/BiasAdd	1602294585511872	3664
tower_0/v/gradients/tower_0/v/cg/conv1/BiasAdd_grad/BiasAddGrad	1602294586891041	4768
tower_0/v/gradients/tower_0/v/cg/dropout0_1/dropout/dropout/mul_grad/Mul	1602294585741235	29
tower_0/v/gradients/tower_0/v/l2_loss/L2Loss_31_grad/mul	1602294585199459	18
tower_0/v/gradients/AddN_25	1602294586761362	12
tower_0/v/cg/mpool0/MaxPool	1602294585333392	7891
average_loss/range	-1	-1
tower_0/v/gradients/tower_0/v/cg/mpool0/MaxPool_grad/MaxPoolGrad	1602294586852549	20284
tower_0/v/gradients/AddN_31	1602294587158665	4
tower_0/v/gradients/tower_0/v/cg/conv8/conv2d/Conv2D_grad/Conv2DBackpropFilter	1602294586043242	100984
v/cg/conv9/conv2d/kernel	-1	-1
tower_0/v/mul	1602294585226818	7
tower_0/v/gradients/tower_0/v/cg/conv7/BiasAdd_grad/BiasAddGrad	1602294586146479	691
v/cg/conv1/biases/read	-1	-1
tower_0/v/l2_loss/L2Loss_12	1602294585198931	17
tower_0/v/gradients/tower_0/v/cg/conv0/BiasAdd_grad/BiasAddGrad	1602294587131140	4766
ConstantFolding/tower_0/v/gradients/tower_0/v/cg/conv6/conv2d/Conv2D_grad/ShapeN-matshapes-1	-1	-1
tower_0/v/gradients/tower_0/v/cg/conv4/Relu_grad/ReluGrad	1602294586526159	4329
tower_0/v/gradients/tower_0/v/cg/conv11/conv2d/Conv2D_grad/Conv2DBackpropFilter	1602294585789729	9440
tower_0/v/gradients/AddN_27	1602294586872834	6
tower_0/v/gradients/tower_0/v/cg/affine2/xw_plus_b/MatMul_grad/MatMul_1	1602294585740803	264
tower_0/v/cg/conv6/BiasAdd	1602294585551566	3663
ConstantFolding/tower_0/v/gradients/tower_0/v/cg/conv5/conv2d/Conv2D_grad/ShapeN-matshapes-0	-1	-1
append_apply_gradient_ops/GradientDescent/update_v/cg/conv9/biases/ApplyGradientDescent	1602294585984562	6
v/cg/conv6/biases	-1	-1
tower_0/v/gradients/tower_0/v/cg/conv8/Relu_grad/ReluGrad	1602294585982401	2096
v/cg/conv11/conv2d/kernel	-1	-1
v/cg/affine0/biases/read	-1	-1
v/cg/conv10/conv2d/kernel/read	-1	-1
v/cg/conv5/conv2d/kernel	-1	-1
v/cg/conv0/conv2d/kernel/read	-1	-1
tower_0/v/l2_loss/L2Loss	1602294585199041	6
train_ops_group	-1	-1
tower_0/v/gradients/tower_0/v/l2_loss/L2Loss_4_grad/mul	1602294585200396	4
tower_0/v/cg/conv10/conv2d/Conv2D	1602294585703387	8614
tower_0/v/cg/conv7/conv2d/Conv2D	1602294585560129	16469
append_apply_gradient_ops/GradientDescent/update_v/cg/conv4/conv2d/kernel/ApplyGradientDescent	1602294586594784	14
v/cg/affine1/biases	-1	-1
tower_0/v/gradients/tower_0/v/cg/conv8/conv2d/Conv2D_grad/Conv2DBackpropInput	1602294585985274	57963
tower_0/v/cg/affine0/xw_plus_b	1602294585738314	25
