tower_0/v/cg/dropout0/dropout/dropout/mul	1599841738299743	12
v/cg/conv10/conv2d/kernel	-1	-1
v/cg/conv3/conv2d/kernel	-1	-1
tower_0/v/gradients/AddN_31	1599841738709591	4
v/cg/affine1/weights	-1	-1
tower_0/v/l2_loss/L2Loss_18	1599841738285548	43
tower_0/v/gradients/AddN	1599841738429624	8
average_loss/Mean/input	-1	-1
v/cg/conv7/biases/read	-1	-1
v/cg/conv0/biases/read	-1	-1
append_apply_gradient_ops/GradientDescent/update_v/cg/affine0/weights/ApplyGradientDescent	1599841738437419	2298
v/cg/conv3/biases/read	-1	-1
tower_0/v/l2_loss/L2Loss_1	1599841738284852	10
tower_0/v/cg/dropout0_1/dropout/dropout/GreaterEqual	1599841738292209	12
tower_0/v/cg/conv9/conv2d/Conv2D	1599841738407116	8765
tower_0/v/gpu_cached_inputs	-1	-1
tower_0/v/gradients/tower_0/v/cg/conv2/conv2d/Conv2D_grad/Conv2DBackpropFilter	1599841738614996	15094
append_apply_gradient_ops/GradientDescent/update_v/cg/conv10/conv2d/kernel/ApplyGradientDescent	1599841738460403	60
tower_0/v/gradients/tower_0/v/cg/conv1/conv2d/Conv2D_grad/Conv2DBackpropFilter	1599841738661939	34694
ConstantFolding/tower_0/v/gradients/tower_0/v/cg/conv3/conv2d/Conv2D_grad/ShapeN-matshapes-1	-1	-1
tower_0/v/gradients/tower_0/v/cg/conv1/Relu_grad/ReluGrad	1599841738635912	4971
tower_0/v/gradients/tower_0/v/cg/dropout0_1/dropout/dropout/mul_grad/Mul	1599841738429763	14
tower_0/v/cg/affine0/affine0	1599841738428536	7
tower_0/v/l2_loss/L2Loss_23	1599841738286041	18
v/cg/affine1/weights/read	-1	-1
v/cg/conv1/conv2d/kernel	-1	-1
tower_0/v/cg/conv10/Relu	1599841738420216	104
append_apply_gradient_ops/GradientDescent/update_v/cg/conv2/biases/ApplyGradientDescent	1599841738635906	4
append_apply_gradient_ops/GradientDescent/update_v/cg/affine1/weights/ApplyGradientDescent	1599841738431061	377
tower_0/v/gradients/tower_0/v/l2_loss/L2Loss_14_grad/mul	1599841738289495	18
append_apply_gradient_ops/GradientDescent/update_v/cg/conv4/biases/ApplyGradientDescent	1599841738570711	7
_SOURCE	-1	-1
tower_0/v/gradients/tower_0/v/l2_loss/L2Loss_29_grad/mul	1599841738289397	4
tower_0/v/gradients/tower_0/v/l2_loss/L2Loss_15_grad/mul	1599841738289533	4
tower_0/v/gradients/tower_0/v/cg/affine0/xw_plus_b_grad/BiasAddGrad	1599841738431459	13
tower_0/v/gradients/AddN_4	1599841738434848	7
tower_0/v/cg/conv6/BiasAdd	1599841738389195	1035
tower_0/v/cg/conv10/conv2d/Conv2D	1599841738417133	2940
tower_0/v/gradients/tower_0/v/l2_loss/L2Loss_19_grad/mul	1599841738285998	17
tower_0/v/vgg16_synthetic_labels/max	-1	-1
tower_0/v/gradients/tower_0/v/cg/conv2/Relu_grad/ReluGrad	1599841738603755	2411
v/cg/conv8/conv2d/kernel/read	-1	-1
tower_0/v/xentropy/sparse_softmax_cross_entropy_loss/Sum	1599841738429322	6
tower_0/v/gradients/tower_0/v/cg/affine1/affine1_grad/ReluGrad	1599841738429880	13
tower_0/v/vgg16_synthetic_labels	1599841738284194	28
tower_0/v/gradients/AddN_19	1599841738532474	20
tower_0/v/gradients/tower_0/v/l2_loss/L2Loss_27_grad/mul	1599841738285245	18
tower_0/v/cg/dropout0/dropout/dropout/random_uniform/RandomUniform	1599841738283962	54
tower_0/v/gradients/tower_0/v/l2_loss/L2Loss_16_grad/mul	1599841738289602	35
append_apply_gradient_ops/GradientDescent/update_v/cg/conv11/biases/ApplyGradientDescent	1599841738452836	7
ConstantFolding/tower_0/v/gradients/tower_0/v/cg/conv10/conv2d/Conv2D_grad/ShapeN-matshapes-0	-1	-1
tower_0/v/gradients/tower_0/v/l2_loss/L2Loss_9_grad/mul	1599841738289521	4
tower_0/v/gradients/tower_0/v/cg/conv3/conv2d/Conv2D_grad/Conv2DBackpropInput	1599841738573872	13207
tower_0/v/gradients/tower_0/v/l2_loss/L2Loss_2_grad/mul	1599841738289552	4
tower_0/v/cg/conv8/conv2d/Conv2D	1599841738397443	8746
tower_0/v/cg/dropout0/dropout/dropout/random_uniform/mul	-1	-1
tower_0/v/cg/dropout0_1/dropout/dropout/mul_1	1599841738428898	11
tower_0/v/l2_loss/L2Loss_31	1599841738286183	20
ConstantFolding/tower_0/v/gradients/tower_0/v/cg/conv11/conv2d/Conv2D_grad/ShapeN-matshapes-1	-1	-1
tower_0/v/gradients/tower_0/v/l2_loss/L2Loss_10_grad/mul	1599841738284760	8
tower_0/v/cg/conv1/Relu	1599841738323599	3232
tower_0/v/gradients/tower_0/v/l2_loss/L2Loss_grad/mul	1599841738289411	4
tower_0/v/gradients/tower_0/v/cg/conv8/conv2d/Conv2D_grad/Conv2DBackpropInput	1599841738479099	8716
ConstantFolding/tower_0/v/gradients/tower_0/v/cg/conv5/conv2d/Conv2D_grad/ShapeN-matshapes-0	-1	-1
tower_0/v/l2_loss/L2Loss_19	1599841738285953	18
tower_0/v/gradients/tower_0/v/cg/affine0/xw_plus_b/MatMul_grad/MatMul	1599841738431474	1628
tower_0/v/l2_loss/L2Loss_3	1599841738285457	4
tower_0/v/gpu_cached_inputs/read	-1	-1
tower_0/v/gradients/tower_0/v/cg/conv7/conv2d/Conv2D_grad/Conv2DBackpropInput	1599841738497576	4814
v/cg/conv6/conv2d/kernel	-1	-1
tower_0/v/gradients/AddN_21	1599841738553408	20
tower_0/v/cg/conv4/conv2d/Conv2D	1599841738359711	5917
tower_0/v/l2_loss/L2Loss_12	1599841738289417	16
v/cg/affine1/biases/read	-1	-1
tower_0/v/cg/conv5/conv2d/Conv2D	1599841738367480	9929
tower_0/v/gradients/tower_0/v/cg/conv6/conv2d/Conv2D_grad/Conv2DBackpropInput	1599841738510757	9977
learning_rate_tensor/input	-1	-1
append_apply_gradient_ops/GradientDescent/update_v/cg/conv7/conv2d/kernel/ApplyGradientDescent	1599841738510332	35
main_fetch_group	-1	-1
tower_0/v/l2_loss/L2Loss_26	1599841738286657	730
v/cg/conv0/conv2d/kernel	-1	-1
v/cg/conv2/conv2d/kernel	-1	-1
tower_0/v/gradients/tower_0/v/cg/affine2/xw_plus_b/MatMul_grad/MatMul	1599841738429360	147
tower_0/v/gradients/AddN_25	1599841738606169	13
ConstantFolding/tower_0/v/gradients/tower_0/v/cg/conv12/conv2d/Conv2D_grad/ShapeN-matshapes-1	-1	-1
ConstantFolding/tower_0/v/gradients/tower_0/v/cg/conv3/conv2d/Conv2D_grad/ShapeN-matshapes-0	-1	-1
tower_0/v/cg/mpool1/MaxPool	1599841738358519	1190
tower_0/v/cg/dropout0/dropout/dropout/Shape	-1	-1
tower_0/v/cg/conv5/Relu	1599841738378460	803
v/cg/affine0/weights	-1	-1
tower_0/v/gradients/tower_0/v/cg/conv6/Relu_grad/ReluGrad	1599841738509153	1176
tower_0/v/gradients/tower_0/v/cg/affine0/xw_plus_b/MatMul_grad/MatMul_1	1599841738433104	1742
tower_0/v/cg/conv2/BiasAdd	1599841738337777	2086
tower_0/v/gradients/tower_0/v/cg/dropout0_1/dropout/dropout/mul_1_grad/Mul	1599841738429634	11
tower_0/v/gradients/AddN_24	1599841738603745	8
tower_0/v/gradients/AddN_5	1599841738434858	2300
tower_0/v/gradients/tower_0/v/l2_loss/L2Loss_3_grad/mul	1599841738285480	21
v/cg/conv1/biases/read	-1	-1
tower_0/v/gradients/AddN_1	1599841738429646	96
ConstantFolding/tower_0/v/gradients/tower_0/v/cg/conv8/conv2d/Conv2D_grad/ShapeN-matshapes-1	-1	-1
tower_0/v/l2_loss/L2Loss_30	1599841738285310	57
tower_0/v/cg/dropout0/dropout/dropout/GreaterEqual	1599841738292195	12
tower_0/v/gradients/tower_0/v/cg/mpool4/MaxPool_grad/MaxPoolGrad	1599841738437170	248
main_fetch_group/_70	-1	-1
tower_0/v/gradients/tower_0/v/l2_loss/L2Loss_5_grad/mul	1599841738286445	18
tower_0/v/gradients/tower_0/v/cg/affine2/xw_plus_b_grad/BiasAddGrad	1599841738429336	15
tower_0/v/gradients/tower_0/v/cg/dropout0/dropout/dropout/mul_grad/Mul	1599841738431043	16
tower_0/v/gradients/tower_0/v/xentropy/sparse_softmax_cross_entropy_loss/xentropy/xentropy_grad/ExpandDims	-1	-1
v/cg/conv6/biases	-1	-1
tower_0/v/cg/mpool3/MaxPool	1599841738416812	318
tower_0/v/transpose/perm	-1	-1
ConstantFolding/tower_0/v/gradients/tower_0/v/cg/conv7/conv2d/Conv2D_grad/ShapeN-matshapes-1	-1	-1
v/cg/conv5/conv2d/kernel	-1	-1
tower_0/v/gradients/tower_0/v/cg/conv10/conv2d/Conv2D_grad/Conv2DBackpropInput	1599841738452921	2909
tower_0/v/gradients/AddN_9	1599841738452774	58
tower_0/v/cg/mpool2/MaxPool	1599841738391036	597
tower_0/v/cg/conv3/conv2d/Conv2D	1599841738341476	13345
tower_0/v/gradients/tower_0/v/l2_loss/L2Loss_21_grad/mul	1599841738285157	17
tower_0/v/l2_loss/L2Loss_21	1599841738285113	18
average_loss/range	-1	-1
tower_0/v/cg/mpool4/MaxPool	1599841738426765	92
tower_0/v/gradients/tower_0/v/cg/mpool1/MaxPool_grad/MaxPoolGrad	1599841738567763	2929
v/cg/conv9/conv2d/kernel/read	-1	-1
tower_0/v/l2_loss/L2Loss_17	1599841738285022	21
tower_0/v/gradients/tower_0/v/cg/conv8/Relu_grad/ReluGrad	1599841738478225	579
tower_0/v/cg/conv11/conv2d/Conv2D	1599841738420323	2940
append_apply_gradient_ops/GradientDescent/update_v/cg/conv1/conv2d/kernel/ApplyGradientDescent	1599841738709579	6
tower_0/v/cg/conv7/conv2d/Conv2D	1599841738391635	4876
tower_0/v/l2_loss/AddN	1599841738292224	34
append_apply_gradient_ops/GradientDescent/update_v/cg/conv2/conv2d/kernel/ApplyGradientDescent	1599841738640884	7
tower_0/v/cg/dropout0/dropout/dropout/rate	-1	-1
append_apply_gradient_ops/GradientDescent/update_v/cg/conv0/biases/ApplyGradientDescent	1599841738709597	4
append_apply_gradient_ops/GradientDescent/update_v/cg/affine1/biases/ApplyGradientDescent	1599841738431034	7
v/cg/conv2/biases	-1	-1
tower_0/v/gradients/tower_0/v/cg/conv8/conv2d/Conv2D_grad/Conv2DBackpropFilter	1599841738487818	8814
v/cg/conv8/biases	-1	-1
tower_0/v/gradients/tower_0/v/cg/conv2/conv2d/Conv2D_grad/Conv2DBackpropInput	1599841738606917	8076
tower_0/v/add	1599841738429744	6
tower_0/v/l2_loss/L2Loss_15	1599841738289527	5
tower_0/v/cg/conv1/conv2d/Conv2D	1599841738299770	19630
tower_0/v/cg/conv10/BiasAdd	1599841738420075	138
tower_0/v/gradients/tower_0/v/cg/conv10/BiasAdd_grad/BiasAddGrad	1599841738452847	71
ConstantFolding/tower_0/v/gradients/tower_0/v/cg/conv10/conv2d/Conv2D_grad/ShapeN-matshapes-1	-1	-1
tower_0/v/l2_loss/L2Loss_8	1599841738285832	39
append_apply_gradient_ops/GradientDescent/update_v/cg/conv9/biases/ApplyGradientDescent	1599841738478869	7
tower_0/v/gradients/AddN_11	1599841738459750	60
tower_0/v/transpose	1599841738284347	391
v/cg/affine2/biases/read	-1	-1
append_apply_gradient_ops/GradientDescent/update_v/cg/conv6/conv2d/kernel/ApplyGradientDescent	1599841738553383	22
average_loss/Mean	-1	-1
tower_0/v/vgg16_synthetic_labels/shape	-1	-1
tower_0/v/l2_loss/L2Loss_9	1599841738289515	4
tower_0/v/gradients/tower_0/v/cg/affine1/xw_plus_b/MatMul_grad/MatMul	1599841738429922	398
tower_0/v/gradients/tower_0/v/cg/conv3/conv2d/Conv2D_grad/Conv2DBackpropFilter	1599841738587082	16661
tower_0/v/gradients/tower_0/v/cg/conv5/BiasAdd_grad/BiasAddGrad	1599841738543052	380
tower_0/v/cg/affine1/xw_plus_b	1599841738428877	9
tower_0/v/cg/dropout0/dropout/dropout/truediv	-1	-1
tower_0/v/cg/conv7/Relu	1599841738397038	401
v/cg/conv1/biases	-1	-1
v/cg/conv9/conv2d/kernel	-1	-1
tower_0/v/gradients/tower_0/v/cg/conv6/BiasAdd_grad/BiasAddGrad	1599841738510375	379
tower_0/v/xentropy/sparse_softmax_cross_entropy_loss/Mul	-1	-1
tower_0/v/gradients/tower_0/v/cg/conv11/conv2d/Conv2D_grad/Conv2DBackpropFilter	1599841738449400	3153
tower_0/v/mul	1599841738296497	6
v/cg/affine0/biases/read	-1	-1
tower_0/v/gradients/AddN_12	1599841738478215	7
tower_0/v/gradients/tower_0/v/l2_loss/L2Loss_20_grad/mul	1599841738284816	35
tower_0/v/gradients/AddN_15	1599841738497286	59
tower_0/v/gradients/tower_0/v/cg/conv1/conv2d/Conv2D_grad/Conv2DBackpropInput	1599841738642284	19653
tower_0/v/gradients/AddN_7	1599841738446320	61
tower_0/v/gradients/tower_0/v/l2_loss/L2Loss_30_grad/mul	1599841738285383	72
tower_0/v/gradients/tower_0/v/cg/mpool2/MaxPool_grad/MaxPoolGrad	1599841738507196	1908
v/cg/conv8/conv2d/kernel	-1	-1
tower_0/v/gradients/AddN_13	1599841738478805	60
tower_0/v/gradients/AddN_6	1599841738446162	7
tower_0/v/xentropy/sparse_softmax_cross_entropy_loss/value	1599841738429614	8
v/cg/conv4/conv2d/kernel	-1	-1
tower_0/v/cg/dropout0/dropout/dropout/mul_1	1599841738428545	10
tower_0/v/gradients/tower_0/v/l2_loss/L2Loss_18_grad/mul	1599841738285618	46
append_apply_gradient_ops/GradientDescent/update_v/cg/conv8/conv2d/kernel/ApplyGradientDescent	1599841738507127	56
tower_0/v/gradients/AddN_28	1599841738696635	4
tower_0/v/gradients/tower_0/v/cg/conv4/Relu_grad/ReluGrad	1599841738553439	1165
tower_0/v/cg/affine1/xw_plus_b/MatMul	1599841738428563	310
v/cg/conv1/conv2d/kernel/read	-1	-1
tower_0/v/gradients/tower_0/v/l2_loss/L2Loss_13_grad/mul	1599841738284776	4
tower_0/v/cg/dropout0/dropout/dropout/Cast	1599841738296469	14
tower_0/v/cg/conv9/Relu	1599841738416410	400
tower_0/v/l2_loss/L2Loss_13	1599841738284770	5
tower_0/v/cg/conv0/Relu	1599841738296506	3233
tower_0/v/gradients/tower_0/v/cg/conv5/conv2d/Conv2D_grad/Conv2DBackpropInput	1599841738543435	9945
v/cg/conv2/biases/read	-1	-1
tower_0/v/l2_loss/L2Loss_20	1599841738284781	33
append_apply_gradient_ops/GradientDescent/update_v/cg/conv8/biases/ApplyGradientDescent	1599841738497347	7
tower_0/v/gradients/tower_0/v/xentropy/sparse_softmax_cross_entropy_loss/xentropy/xentropy_grad/mul	1599841738429310	9
tower_0/v/gradients/AddN_23	1599841738570693	14
average_loss/Mean/_74	1599841738431041	10
tower_0/v/gradients/tower_0/v/l2_loss/L2Loss_25_grad/mul	1599841738288993	4
v/cg/affine2/weights/read	-1	-1
tower_0/v/cg/conv1/BiasAdd	1599841738319402	4194
tower_0/v/gradients/tower_0/v/l2_loss/L2Loss_26_grad/mul	1599841738287389	1595
tower_0/v/cg/conv0/BiasAdd	1599841738292262	4204
tower_0/v/gradients/tower_0/v/cg/conv12/conv2d/Conv2D_grad/Conv2DBackpropFilter	1599841738442894	3265
tower_0/v/cg/mpool0/MaxPool	1599841738326834	2274
ConstantFolding/tower_0/v/gradients/tower_0/v/cg/conv5/conv2d/Conv2D_grad/ShapeN-matshapes-1	-1	-1
tower_0/v/cg/conv11/Relu	1599841738423404	105
tower_0/v/gradients/AddN_8	1599841738452614	7
tower_0/v/l2_loss/L2Loss_16	1599841738289568	33
tower_0/v/cg/conv6/conv2d/Conv2D	1599841738379265	9924
append_apply_gradient_ops/GradientDescent/update_v/cg/conv11/conv2d/kernel/ApplyGradientDescent	1599841738459076	58
tower_0/v/gradients/AddN_16	1599841738507186	7
tower_0/v/gradients/tower_0/v/cg/conv5/Relu_grad/ReluGrad	1599841738531299	1172
tower_0/v/cg/Reshape/shape	-1	-1
tower_0/v/cg/dropout0_1/dropout/dropout/mul	1599841738299758	10
tower_0/v/gradients/tower_0/v/cg/conv1/BiasAdd_grad/BiasAddGrad	1599841738640900	1383
tower_0/v/mul/x	-1	-1
tower_0/v/gradients/tower_0/v/cg/affine2/xw_plus_b/MatMul_grad/MatMul_1	1599841738429510	103
tower_0/v/cg/conv12/BiasAdd	1599841738426515	138
v/cg/conv4/biases/read	-1	-1
append_apply_gradient_ops/GradientDescent/update_v/cg/conv3/biases/ApplyGradientDescent	1599841738606183	7
tower_0/v/l2_loss/L2Loss_10	1599841738284740	19
append_apply_gradient_ops/GradientDescent/update_v/cg/affine2/weights/ApplyGradientDescent	1599841738429780	97
v/cg/conv11/biases/read	-1	-1
v/cg/affine2/biases	-1	-1
tower_0/v/cg/conv3/Relu	1599841738356909	1607
tower_0/v/gradients/tower_0/v/l2_loss/L2Loss_11_grad/mul	1599841738284979	17
v/cg/conv7/conv2d/kernel/read	-1	-1
tower_0/v/gradients/tower_0/v/cg/conv5/conv2d/Conv2D_grad/Conv2DBackpropFilter	1599841738532507	10540
ConstantFolding/tower_0/v/gradients/tower_0/v/cg/conv9/conv2d/Conv2D_grad/ShapeN-matshapes-0	-1	-1
ConstantFolding/tower_0/v/gradients/tower_0/v/cg/conv0/conv2d/Conv2D_grad/ShapeN-matshapes-1	-1	-1
tower_0/v/cg/conv3/BiasAdd	1599841738354822	2083
v/cg/conv7/biases	-1	-1
tower_0/v/cg/conv9/BiasAdd	1599841738415884	523
v/cg/conv10/biases/read	-1	-1
ConstantFolding/tower_0/v/gradients/tower_0/v/cg/conv4/conv2d/Conv2D_grad/ShapeN-matshapes-1	-1	-1
append_apply_gradient_ops/GradientDescent/update_v/cg/conv0/conv2d/kernel/ApplyGradientDescent	1599841738709603	4
tower_0/v/gradients/tower_0/v/l2_loss/L2Loss_12_grad/mul	1599841738289435	8
tower_0/v/gradients/tower_0/v/cg/conv2/BiasAdd_grad/BiasAddGrad	1599841738606198	716
tower_0/v/cg/conv8/Relu	1599841738406713	401
tower_0/v/cg/conv12/Relu	1599841738426656	106
v/cg/conv10/biases	-1	-1
append_apply_gradient_ops/GradientDescent/update_v/cg/conv9/conv2d/kernel/ApplyGradientDescent	1599841738496636	57
tower_0/v/cg/conv2/conv2d/Conv2D	1599841738329111	8663
v/cg/conv6/biases/read	-1	-1
ConstantFolding/tower_0/v/gradients/tower_0/v/cg/conv4/conv2d/Conv2D_grad/ShapeN-matshapes-0	-1	-1
tower_0/v/gradients/tower_0/v/cg/conv6/conv2d/Conv2D_grad/Conv2DBackpropFilter	1599841738520740	10546
tower_0/v/cg/conv7/BiasAdd	1599841738396514	521
tower_0/v/l2_loss/L2Loss_7	1599841738289557	4
v/cg/conv10/conv2d/kernel/read	-1	-1
tower_0/v/xentropy/sparse_softmax_cross_entropy_loss/xentropy/xentropy	1599841738429104	203
tower_0/v/gradients/tower_0/v/cg/affine1/xw_plus_b/MatMul_grad/MatMul_1	1599841738430323	307
tower_0/v/gradients/tower_0/v/l2_loss/L2Loss_24_grad/mul	1599841738286592	45
tower_0/v/gradients/tower_0/v/l2_loss/L2Loss_23_grad/mul	1599841738286085	43
ConstantFolding/tower_0/v/gradients/tower_0/v/cg/conv8/conv2d/Conv2D_grad/ShapeN-matshapes-0	-1	-1
tower_0/v/gradients/tower_0/v/cg/conv4/BiasAdd_grad/BiasAddGrad	1599841738554642	381
v/cg/affine0/biases	-1	-1
tower_0/v/gradients/tower_0/v/cg/conv12/Relu_grad/ReluGrad	1599841738439720	150
tower_0/v/gradients/tower_0/v/cg/conv12/BiasAdd_grad/BiasAddGrad	1599841738439875	71
ConstantFolding/average_loss/Mean/input_const_axis	-1	-1
tower_0/v/gradients/AddN_3	1599841738430656	375
v/cg/conv7/conv2d/kernel	-1	-1
v/cg/conv0/biases	-1	-1
v/cg/conv11/biases	-1	-1
tower_0/v/gradients/tower_0/v/cg/mpool0/MaxPool_grad/MaxPoolGrad	1599841738630107	5789
tower_0/v/cg/conv0/conv2d/Conv2D	1599841738289638	2554
ConstantFolding/tower_0/v/gradients/tower_0/v/cg/conv6/conv2d/Conv2D_grad/ShapeN-matshapes-1	-1	-1
tower_0/v/gradients/tower_0/v/cg/affine0/affine0_grad/ReluGrad	1599841738431440	13
tower_0/v/gradients/tower_0/v/l2_loss/L2Loss_31_grad/mul	1599841738286230	18
ConstantFolding/tower_0/v/gradients/tower_0/v/cg/conv6/conv2d/Conv2D_grad/ShapeN-matshapes-0	-1	-1
v/cg/conv4/conv2d/kernel/read	-1	-1
tower_0/v/gradients/AddN_30	1599841738709586	4
ConstantFolding/tower_0/v/gradients/tower_0/v/cg/conv9/conv2d/Conv2D_grad/ShapeN-matshapes-1	-1	-1
tower_0/v/gradients/tower_0/v/cg/conv9/BiasAdd_grad/BiasAddGrad	1599841738460472	215
tower_0/v/gradients/tower_0/v/cg/affine1/xw_plus_b_grad/BiasAddGrad	1599841738429899	12
ConstantFolding/tower_0/v/gradients/tower_0/v/cg/conv1/conv2d/Conv2D_grad/ShapeN-matshapes-1	-1	-1
append_apply_gradient_ops/GradientDescent	-1	-1
append_apply_gradient_ops/GradientDescent/update_v/cg/conv5/conv2d/kernel/ApplyGradientDescent	1599841738554607	19
v/cg/conv12/conv2d/kernel/read	-1	-1
tower_0/v/gradients/tower_0/v/l2_loss/L2Loss_17_grad/mul	1599841738285070	17
tower_0/v/cg/conv4/BiasAdd	1599841738365631	1043
tower_0/v/gradients/AddN_10	1599841738459135	7
tower_0/v/gradients/tower_0/v/cg/conv3/Relu_grad/ReluGrad	1599841738570720	2403
v/cg/conv3/conv2d/kernel/read	-1	-1
v/cg/conv12/biases/read	-1	-1
append_apply_gradient_ops/GradientDescent/update_v/cg/conv7/biases/ApplyGradientDescent	1599841738509143	6
tower_0/v/l2_loss/L2Loss_14	1599841738289472	22
tower_0/v/gradients/tower_0/v/cg/conv9/conv2d/Conv2D_grad/Conv2DBackpropFilter	1599841738469405	8807
v/cg/conv12/conv2d/kernel	-1	-1
gpu_compute_stage_ops_group	-1	-1
ConstantFolding/tower_0/v/gradients/tower_0/v/cg/conv7/conv2d/Conv2D_grad/ShapeN-matshapes-0	-1	-1
tower_0/v/cg/conv8/BiasAdd	1599841738406192	518
tower_0/v/l2_loss/L2Loss_11	1599841738284935	17
v/cg/affine2/weights	-1	-1
v/cg/conv5/biases	-1	-1
tower_0/v/xentropy/sparse_softmax_cross_entropy_loss/num_present	-1	-1
tower_0/v/gradients/tower_0/v/cg/conv9/Relu_grad/ReluGrad	1599841738459822	579
v/cg/conv6/conv2d/kernel/read	-1	-1
tower_0/v/gradients/tower_0/v/cg/Reshape_grad/Shape	-1	-1
tower_0/v/cg/affine0/xw_plus_b/MatMul	1599841738426865	1655
tower_0/v/l2_loss/L2Loss_29	1599841738289386	10
tower_0/v/cg/conv2/Relu	1599841738339865	1608
tower_0/v/l2_loss/L2Loss_2	1599841738289538	12
tower_0/v/gradients/tower_0/v/cg/conv9/conv2d/Conv2D_grad/Conv2DBackpropInput	1599841738460690	8712
append_apply_gradient_ops/GradientDescent/update_v/cg/affine0/biases/ApplyGradientDescent	1599841738437161	7
ConstantFolding/tower_0/v/gradients/tower_0/v/cg/conv2/conv2d/Conv2D_grad/ShapeN-matshapes-0	-1	-1
tower_0/v/vgg16_synthetic_labels/min	-1	-1
append_apply_gradient_ops/GradientDescent/update_v/cg/conv6/biases/ApplyGradientDescent	1599841738532497	7
tower_0/v/cg/conv6/Relu	1599841738390233	799
tower_0/v/l2_loss/L2Loss_4	1599841738286278	40
tower_0/v/gradients/tower_0/v/l2_loss/L2Loss_1_grad/mul	1599841738284889	20
tower_0/v/gradients/tower_0/v/cg/conv7/Relu_grad/ReluGrad	1599841738496704	580
tower_0/v/gradients/tower_0/v/cg/conv10/conv2d/Conv2D_grad/Conv2DBackpropFilter	1599841738455832	3242
v/cg/conv5/conv2d/kernel/read	-1	-1
tower_0/v/cg/conv5/BiasAdd	1599841738377412	1044
v/cg/conv9/biases	-1	-1
tower_0/v/l2_loss/L2Loss	1599841738289403	7
tower_0/v/cg/dropout0_1/dropout/dropout/random_uniform/mul	-1	-1
v/cg/conv11/conv2d/kernel	-1	-1
tower_0/v/gradients/tower_0/v/cg/conv11/Relu_grad/ReluGrad	1599841738446171	146
tower_0/v/gradients/tower_0/v/l2_loss/L2Loss_4_grad/mul	1599841738286349	19
ConstantFolding/tower_0/v/gradients/tower_0/v/cg/conv2/conv2d/Conv2D_grad/ShapeN-matshapes-1	-1	-1
tower_0/v/gradients/tower_0/v/cg/conv11/conv2d/Conv2D_grad/Conv2DBackpropInput	1599841738446472	2926
tower_0/v/cg/affine0/xw_plus_b	1599841738428524	10
tower_0/v/gradients/AddN_20	1599841738553430	7
tower_0/v/cg/affine1/affine1	1599841738428889	7
tower_0/v/gradients/AddN_17	1599841738509107	34
tower_0/v/cg/dropout0_1/dropout/dropout/Cast	1599841738296485	10
tower_0/v/l2_loss/L2Loss_24	1599841738286511	52
tower_0/v/gradients/tower_0/v/cg/Reshape_grad/Reshape	-1	-1
append_apply_gradient_ops/GradientDescent/update_v/cg/conv1/biases/ApplyGradientDescent	1599841738701626	4
tower_0/v/gradients/tower_0/v/cg/conv4/conv2d/Conv2D_grad/Conv2DBackpropFilter	1599841738560582	7170
tower_0/v/gradients/AddN_2	1599841738430632	7
v/cg/conv11/conv2d/kernel/read	-1	-1
tower_0/v/gradients/tower_0/v/l2_loss/L2Loss_22_grad/mul	1599841738285758	48
append_apply_gradient_ops/GradientDescent/update_v/cg/conv5/biases/ApplyGradientDescent	1599841738554627	6
tower_0/v/cg/affine2/xw_plus_b	1599841738429094	6
tower_0/v/cg/Reshape	-1	-1
tower_0/v/gradients/tower_0/v/cg/conv0/Relu_grad/ReluGrad	1599841738696641	4976
v/cg/affine0/weights/read	-1	-1
v/cg/conv12/biases	-1	-1
append_apply_gradient_ops/GradientDescent/update_v/cg/affine2/biases/ApplyGradientDescent	1599841738429753	7
tower_0/v/cg/conv12/conv2d/Conv2D	1599841738423511	3001
tower_0/v/gradients/tower_0/v/cg/conv0/BiasAdd_grad/BiasAddGrad	1599841738701638	1380
tower_0/v/l2_loss/L2Loss_28	1599841738288998	130
tower_0/v/gradients/tower_0/v/cg/mpool3/MaxPool_grad/MaxPoolGrad	1599841738459145	603
v/cg/conv8/biases/read	-1	-1
v/cg/conv5/biases/read	-1	-1
tower_0/v/gradients/AddN_22	1599841738567753	7
tower_0/v/l2_loss/L2Loss_6	1599841738289444	18
tower_0/v/cg/conv11/BiasAdd	1599841738423264	137
append_apply_gradient_ops/GradientDescent/update_v/cg/conv12/conv2d/kernel/ApplyGradientDescent	1599841738452555	57
tower_0/v/l2_loss/L2Loss_5	1599841738286400	19
append_apply_gradient_ops/GradientDescent/update_v/cg/conv4/conv2d/kernel/ApplyGradientDescent	1599841738573126	14
tower_0/v/l2_loss/L2Loss_27	1599841738285201	21
ConstantFolding/tower_0/v/gradients/tower_0/v/cg/conv12/conv2d/Conv2D_grad/ShapeN-matshapes-0	-1	-1
tower_0/v/gradients/tower_0/v/cg/conv12/conv2d/Conv2D_grad/Conv2DBackpropInput	1599841738439949	2942
tower_0/v/gradients/tower_0/v/cg/conv11/BiasAdd_grad/BiasAddGrad	1599841738446399	70
tower_0/v/l2_loss/L2Loss_22	1599841738285688	44
tower_0/v/gradients/tower_0/v/cg/conv10/Relu_grad/ReluGrad	1599841738452624	148
tower_0/v/gradients/AddN_27	1599841738635898	6
tower_0/v/gradients/AddN_26	1599841738630101	4
tower_0/v/gradients/tower_0/v/cg/conv3/BiasAdd_grad/BiasAddGrad	1599841738573152	718
ConstantFolding/tower_0/v/gradients/tower_0/v/cg/conv11/conv2d/Conv2D_grad/ShapeN-matshapes-0	-1	-1
tower_0/v/gradients/AddN_29	1599841738701618	6
append_apply_gradient_ops/GradientDescent/update_v/cg/conv3/conv2d/kernel/ApplyGradientDescent	1599841738630092	7
tower_0/v/gradients/tower_0/v/l2_loss/L2Loss_6_grad/mul	1599841738289466	5
tower_0/v/gradients/tower_0/v/cg/dropout0/dropout/dropout/mul_1_grad/Mul	1599841738430642	11
append_apply_gradient_ops/GradientDescent/update_v/cg/conv10/biases/ApplyGradientDescent	1599841738459812	7
v/cg/conv0/conv2d/kernel/read	-1	-1
tower_0/v/gradients/tower_0/v/cg/conv0/conv2d/Conv2D_grad/Conv2DBackpropFilter	1599841738703022	6555
train_ops_group	-1	-1
v/cg/affine1/biases	-1	-1
tower_0/v/gradients/tower_0/v/cg/conv8/BiasAdd_grad/BiasAddGrad	1599841738478885	213
tower_0/v/gradients/AddN_14	1599841738496694	6
tower_0/v/gradients/tower_0/v/cg/conv7/conv2d/Conv2D_grad/Conv2DBackpropFilter	1599841738502393	4731
tower_0/v/gradients/tower_0/v/l2_loss/L2Loss_7_grad/mul	1599841738289563	4
tower_0/v/gradients/AddN_18	1599841738531289	6
ConstantFolding/tower_0/v/gradients/tower_0/v/cg/conv1/conv2d/Conv2D_grad/ShapeN-matshapes-0	-1	-1
tower_0/v/cg/conv4/Relu	1599841738366677	801
tower_0/v/gradients/tower_0/v/cg/conv4/conv2d/Conv2D_grad/Conv2DBackpropInput	1599841738555025	5554
tower_0/v/gradients/tower_0/v/l2_loss/L2Loss_28_grad/mul	1599841738289129	255
tower_0/v/cg/affine2/xw_plus_b/MatMul	1599841738428913	178
tower_0/v/gradients/tower_0/v/l2_loss/L2Loss_8_grad/mul	1599841738285903	18
append_apply_gradient_ops/GradientDescent/update_v/cg/conv12/biases/ApplyGradientDescent	1599841738446383	7
tower_0/v/l2_loss/L2Loss_25	1599841738288986	5
tower_0/v/cg/dropout0_1/dropout/dropout/random_uniform/RandomUniform	1599841738284054	29
v/cg/conv2/conv2d/kernel/read	-1	-1
v/cg/conv4/biases	-1	-1
tower_0/v/gradients/tower_0/v/cg/conv7/BiasAdd_grad/BiasAddGrad	1599841738497359	214
v/cg/conv9/biases/read	-1	-1
v/cg/conv3/biases	-1	-1
