1599841737814884	1.0
1599841737814971	1.0
1599841737815094	0.000244140625
1599841737815229	36.75
1599841737815620	0.000244140625
1599841737815620	0.0087890625
1599841737815639	-0.0087890625
1599841737815640	2.25
1599841737815650	0.000244140625
1599841737815656	0.0009765625
1599841737815662	0.000244140625
1599841737815662	0.0087890625
1599841737815694	-0.0087890625
1599841737815696	9.0
1599841737815732	0.000244140625
1599841737815738	0.000244140625
1599841737815743	0.000244140625
1599841737815757	0.0009765625
1599841737815793	0.000244140625
1599841737815831	0.001953125
1599841737815868	0.000244140625
1599841737815903	0.001953125
1599841737815939	0.000244140625
1599841737815975	0.015625
1599841737816027	0.000244140625
1599841737816027	0.0087890625
1599841737816081	-0.0087890625
1599841737816086	15.640625
1599841737816157	0.000244140625
1599841737816166	0.000244140625
1599841737816220	0.000244140625
1599841737816220	0.0087890625
1599841737816261	-0.0087890625
1599841737816276	9.0
1599841737816332	0.000244140625
1599841737816332	0.0087890625
1599841737816373	-0.0087890625
1599841737816389	9.0
1599841737816448	0.000244140625
1599841737816448	0.0087890625
1599841737816481	-0.0087890625
1599841737816508	1.125
1599841737816548	0.000244140625
1599841737816586	0.001953125
1599841737816622	0.000244140625
1599841737816660	0.001953125
1599841737816717	0.000244140625
1599841737816754	0.00390625
1599841737816792	0.000244140625
1599841737816792	0.000244140625
1599841737816825	-0.000244140625
1599841737816850	0.28125
1599841737816890	0.000244140625
1599841737816926	0.00048828125
1599841737816977	0.000244140625
1599841737816977	0.0087890625
1599841737817019	-0.0087890625
1599841737817035	9.0
1599841737817091	0.000244140625
1599841737817091	0.0087890625
1599841737817814	-0.0087890625
1599841737817816	392.0
1599841737819412	0.000244140625
1599841737819418	0.001953125
1599841737819424	0.000244140625
1599841737819424	0.0087890625
1599841737819553	-0.0087890625
1599841737819555	64.0
1599841737819812	0.000244140625
1599841737819824	0.015625
1599841737819830	0.000244140625
1599841737819838	0.006591796875
1599841737819843	0.000244140625
1599841737819843	0.0087890625
1599841737819859	-0.0087890625
1599841737819861	2.25
1599841737819871	0.000244140625
1599841737819871	0.000244140625
1599841737819889	-0.000244140625
1599841737819891	0.5625
1599841737819897	0.000244140625
1599841737819897	0.0087890625
1599841737819921	-0.0087890625
1599841737819922	4.5
1599841737819942	0.000244140625
1599841737819948	0.0009765625
1599841737819953	0.000244140625
1599841737819959	0.001953125
1599841737819965	0.000244140625
1599841737819965	0.000244140625
1599841737819977	-0.000244140625
1599841737819978	0.140625
1599841737819984	0.000244140625
1599841737819990	0.00048828125
1599841737819995	0.000244140625
1599841737819995	0.0087890625
1599841737820026	-0.0087890625
1599841737820029	9.0
1599841737820066	784.0
1599841737820066	0.006591796875
1599841737820066	0.287353515625
1599841737822620	-0.006591796875
1599841737822620	-0.287353515625
1599841737822624	0.25
1599841737822637	-1.0
1599841737822640	0.25
1599841737822650	-1.0
1599841737822687	-0.000244140625
1599841737822687	-0.000244140625
1599841737822687	-0.000244140625
1599841737822687	-0.000244140625
1599841737822687	-0.000244140625
1599841737822687	-0.000244140625
1599841737822687	-0.000244140625
1599841737822687	-0.000244140625
1599841737822687	-0.000244140625
1599841737822687	-0.000244140625
1599841737822687	-0.000244140625
1599841737822687	-0.000244140625
1599841737822687	-0.000244140625
1599841737822687	-0.000244140625
1599841737822687	-0.000244140625
1599841737822687	-0.000244140625
1599841737822687	-0.000244140625
1599841737822687	-0.000244140625
1599841737822687	-0.000244140625
1599841737822687	-0.000244140625
1599841737822687	-0.000244140625
1599841737822687	-0.000244140625
1599841737822687	-0.000244140625
1599841737822687	-0.000244140625
1599841737822687	-0.000244140625
1599841737822687	-0.000244140625
1599841737822687	-0.000244140625
1599841737822687	-0.000244140625
1599841737822687	-0.000244140625
1599841737822687	-0.000244140625
1599841737822687	-0.000244140625
1599841737826883	1.75
1599841737826894	-0.25
1599841737826895	1.0
1599841737826905	-0.25
1599841737830155	1.0
1599841737830169	1.0
1599841737830181	784.0
1599841737830181	0.25
1599841737830181	0.390869140625
1599841737849823	-0.25
1599841737849823	-0.390869140625
1599841737857279	196.0
1599841737859547	392.0
1599841737859547	0.28125
1599841737859547	1324.125
1599841737868199	-0.28125
1599841737868199	-1324.125
1599841737871897	392.0
1599841737871897	0.5625
1599841737871897	1766.25
1599841737885241	-0.5625
1599841737885241	-1766.25
1599841737888931	98.0
1599841737890120	196.0
1599841737890120	1.125
1599841737890120	340.046875
1599841737896058	-1.125
1599841737896058	-340.046875
1599841737897904	196.0
1599841737897904	2.25
1599841737897904	544.046875
1599841737907857	-2.25
1599841737907857	-544.046875
1599841737909709	196.0
1599841737909709	2.25
1599841737909709	544.046875
1599841737919677	-2.25
1599841737919677	-544.046875
1599841737921535	49.0
1599841737922132	98.0
1599841737922132	4.5
1599841737922132	348.75
1599841737927016	-4.5
1599841737927016	-348.75
1599841737927953	98.0
1599841737927953	9.0
1599841737927953	477.0
1599841737936703	-9.0
1599841737936703	-477.0
1599841737937634	98.0
1599841737937634	9.0
1599841737937634	477.0
1599841737946409	-9.0
1599841737946409	-477.0
1599841737947336	24.5
1599841737947659	24.5
1599841737947659	9.0
1599841737947659	180.0
1599841737950642	-9.0
1599841737950642	-180.0
1599841737950891	24.5
1599841737950891	9.0
1599841737950891	180.0
1599841737953903	-9.0
1599841737953903	-180.0
1599841737954159	24.5
1599841737954159	9.0
1599841737954159	180.0
1599841737957107	-9.0
1599841737957107	-180.0
1599841737957358	6.125
1599841737957458	1.0
1599841737959185	1.0
1599841737959528	-1.0
1599841737959530	0.25
1599841737959720	0.000244140625
1599841737959720	0.000244140625
1599841737959925	-0.000244140625
1599841737959925	-0.000244140625
1599841737959940	0.000244140625
1599841737959947	-0.000244140625
1599841737959956	0.00390625
1599841737959980	1.0
1599841737960130	15.640625
1599841737960232	-0.25
1599841737960251	-0.00390625
1599841737960364	-15.640625
1599841737960372	-0.000244140625
1599841737960382	-0.00390625
1599841737960399	-1.0
1599841737960497	-15.640625
1599841737960514	-1.0
1599841737960523	0.015625
1599841737960539	1.0
1599841737960942	64.0
1599841737961248	-1.0
1599841737961248	-1.0
1599841737961257	-0.015625
1599841737961650	-64.0
1599841737961662	-0.015625
1599841737961664	-0.000244140625
1599841737961677	-1.0
1599841737962052	-64.0
1599841737962069	-1.0
1599841737962078	0.015625
1599841737962091	6.125
1599841737963719	392.0
1599841737965489	-1.75
1599841737965496	-0.015625
1599841737967795	-392.0
1599841737967805	-0.015625
1599841737967809	24.5
1599841737968057	-6.125
1599841737968057	-6.125
1599841737970361	-392.0
1599841737970510	-24.5
1599841737970520	0.001953125
1599841737970520	39.51611328125
1599841737970594	-39.51611328125
1599841737970597	24.5
1599841737970597	39.51611328125
1599841737970597	15.656982421875
1599841737970597	657.0
1599841737973533	-39.51611328125
1599841737973533	-15.656982421875
1599841737973533	-657.0
1599841737973536	15.656982421875
1599841737973536	9.0
1599841737973536	180.0
1599841737976804	-24.5
1599841737976804	-9.0
1599841737976804	-180.0
1599841737976814	-0.001953125
1599841737976963	-24.5
1599841737977026	-9.0
1599841737977035	-0.001953125
1599841737977046	0.001953125
1599841737977046	24.5
1599841737977115	-24.5
1599841737977118	24.5
1599841737977118	9.000244140625
1599841737977118	24.5
1599841737977118	657.0
1599841737980044	-9.000244140625
1599841737980044	-24.5
1599841737980044	-657.0
1599841737980047	9.000244140625
1599841737980047	9.0
1599841737980047	180.0
1599841737983303	-24.5
1599841737983303	-9.0
1599841737983303	-180.0
1599841737983362	-15.656982421875
1599841737983371	-0.001953125
1599841737983522	-24.5
1599841737983585	-9.0
1599841737983595	-0.001953125
1599841737983600	0.001953125
1599841737983600	24.5
1599841737983670	-24.5
1599841737983672	24.5
1599841737983672	9.00048828125
1599841737983672	24.5
1599841737983672	657.0
1599841737986586	-9.00048828125
1599841737986586	-24.5
1599841737986586	-657.0
1599841737986588	9.00048828125
1599841737986588	15.656982421875
1599841737986588	180.0
1599841737989731	-24.5
1599841737989731	-15.656982421875
1599841737989731	-180.0
1599841737989788	-9.000244140625
1599841737989797	-0.001953125
1599841737989801	98.0
1599841737990404	-24.5
1599841737990404	-24.5
1599841737990464	-9.0
1599841737990475	-0.001953125
1599841737991047	-98.0
1599841737991111	-9.00048828125
1599841737991121	0.001953125
1599841737991121	98.0
1599841737991337	-98.0
1599841737991339	98.0
1599841737991339	9.00048828125
1599841737991339	98.0
1599841737991339	477.0
1599841738000049	-9.00048828125
1599841738000049	-98.0
1599841738000049	-477.0
1599841738000051	9.00048828125
1599841738000051	9.00048828125
1599841738000051	477.0
1599841738009170	-98.0
1599841738009170	-9.00048828125
1599841738009170	-477.0
1599841738009181	-0.001953125
1599841738009762	-98.0
1599841738009823	-9.0
1599841738009832	-0.001953125
1599841738009840	0.001953125
1599841738009840	113.0185546875
1599841738010056	-113.0185546875
1599841738010057	98.0
1599841738010057	113.0185546875
1599841738010057	15.6591796875
1599841738010057	477.0
1599841738018773	-113.0185546875
1599841738018773	-15.6591796875
1599841738018773	-477.0
1599841738018775	15.6591796875
1599841738018775	9.0
1599841738018775	477.0
1599841738027589	-98.0
1599841738027589	-9.0
1599841738027589	-477.0
1599841738027647	-9.00048828125
1599841738027656	-0.001953125
1599841738028237	-98.0
1599841738028300	-9.0
1599841738028309	-0.001953125
1599841738028317	0.002197265625
1599841738028317	98.0
1599841738028531	-98.0
1599841738028533	49.0
1599841738028533	4.5
1599841738028533	49.0
1599841738028533	348.75
1599841738033336	-4.5
1599841738033336	-49.0
1599841738033336	-348.75
1599841738033339	4.5
1599841738033339	4.500244140625
1599841738033339	348.75
1599841738038072	-98.0
1599841738038072	-4.500244140625
1599841738038072	-348.75
1599841738038133	-15.6591796875
1599841738038143	-0.001953125
1599841738038146	269.018798828125
1599841738040056	-49.0
1599841738040056	-49.0
1599841738040091	-4.5
1599841738040101	-0.002197265625
1599841738041266	-196.0
1599841738041302	-4.5
1599841738041311	0.0009765625
1599841738041311	196.0
1599841738041311	0.000244140625
1599841738041311	0.001953125
1599841738041690	-196.0
1599841738041690	-0.000244140625
1599841738041690	-0.001953125
1599841738041692	196.0
1599841738041692	3.0
1599841738041692	196.0
1599841738041692	544.046875
1599841738051649	-3.0
1599841738051649	-196.0
1599841738051649	-544.046875
1599841738051655	3.0
1599841738051655	2.25
1599841738051655	891.0
1599841738062203	-269.018798828125
1599841738062203	-2.25
1599841738062203	-891.0
1599841738062212	-0.0009765625
1599841738063379	-196.0
1599841738063403	-2.25
1599841738063411	-0.0009765625
1599841738063414	2.25048828125
1599841738063414	2.25
1599841738063414	891.0
1599841738073948	-2.25
1599841738073948	-891.0
1599841738073954	0.0009765625
1599841738073954	196.0
1599841738073954	0.000244140625
1599841738073954	0.001953125
1599841738074333	-196.0
1599841738074333	-0.000244140625
1599841738074333	-0.001953125
1599841738074336	196.0
1599841738074336	2.25
1599841738074336	196.0
1599841738074336	544.046875
1599841738084267	-196.0
1599841738084267	-2.25
1599841738084267	-196.0
1599841738084267	-544.046875
1599841738084294	-3.0
1599841738084315	-2.25
1599841738084323	-0.0009765625
1599841738085488	-196.0
1599841738085511	-2.25048828125
1599841738085521	-0.0009765625
1599841738085530	0.0009765625
1599841738085530	269.018798828125
1599841738085530	0.000244140625
1599841738085530	0.001953125
1599841738085910	-269.018798828125
1599841738085910	-0.000244140625
1599841738085910	-0.001953125
1599841738085913	171.018798828125
1599841738085913	98.0
1599841738085913	2.000244140625
1599841738085913	340.046875
1599841738091468	-98.0
1599841738091468	-2.000244140625
1599841738091468	-340.046875
1599841738091472	2.000244140625
1599841738091472	1.125
1599841738091472	666.0
1599841738098645	-196.0
1599841738098645	-1.125
1599841738098645	-666.0
1599841738098655	-0.0009765625
1599841738098658	392.0
1599841738101588	-171.018798828125
1599841738101588	-98.0
1599841738101605	-1.125
1599841738101615	-0.0009765625
1599841738104021	-392.0
1599841738104039	-2.000244140625
1599841738104046	0.00048828125
1599841738104046	465.018798828125
1599841738104046	0.000244140625
1599841738104046	0.0009765625
1599841738104767	-465.018798828125
1599841738104767	-0.000244140625
1599841738104767	-0.0009765625
1599841738104770	490.0
1599841738104770	465.018798828125
1599841738104770	0.5625
1599841738104770	1766.25
1599841738118010	-465.018798828125
1599841738118010	-0.5625
1599841738118010	-1766.25
1599841738118013	0.5625
1599841738118013	0.5625
1599841738118013	1766.25
1599841738134676	-392.0
1599841738134676	-0.5625
1599841738134676	-1766.25
1599841738134684	-0.00048828125
1599841738137088	-392.0
1599841738137120	-0.5625
1599841738137129	-0.00048828125
1599841738137136	0.00048828125
1599841738137136	392.0
1599841738137136	0.000244140625
1599841738137136	0.0009765625
1599841738137852	-392.0
1599841738137852	-0.000244140625
1599841738137852	-0.0009765625
1599841738137855	196.0
1599841738137855	0.28125
1599841738137855	196.0
1599841738137855	136.046875
1599841738145926	-0.28125
1599841738145926	-196.0
1599841738145926	-136.046875
1599841738145929	0.28125
1599841738145929	0.28125
1599841738145929	1324.125
1599841738161041	-490.0
1599841738161041	-0.28125
1599841738161041	-1324.125
1599841738161050	-0.5625
1599841738161056	-0.00048828125
1599841738161057	784.0
1599841738166851	-196.0
1599841738166851	-196.0
1599841738166858	-0.28125
1599841738166865	-0.00048828125
1599841738171804	-784.0
1599841738171813	-0.28125
1599841738171821	0.000244140625
1599841738171821	784.0
1599841738171821	0.000244140625
1599841738171821	0.00048828125
1599841738173203	-784.0
1599841738173203	-0.000244140625
1599841738173203	-0.00048828125
1599841738173205	784.0
1599841738173205	0.140625
1599841738173205	784.0
1599841738173205	0.390869140625
1599841738192858	-0.140625
1599841738192858	-784.0
1599841738192858	-0.390869140625
1599841738192859	0.140625
1599841738192859	0.140625
1599841738192859	0.014892578125
1599841738227559	-784.0
1599841738227559	-0.140625
1599841738227559	-0.014892578125
1599841738227564	-0.000244140625
1599841738232532	-784.0
1599841738232540	-0.140625
1599841738232545	-0.000244140625
1599841738232554	0.000244140625
1599841738232554	784.0
1599841738232554	0.000244140625
1599841738232554	0.00048828125
1599841738233937	-784.0
1599841738233937	-0.000244140625
1599841738233937	-0.00048828125
1599841738233947	0.006591796875
1599841738233947	0.006591796875
1599841738240502	-784.0
1599841738240502	-36.75
1599841738240502	-0.006591796875
1599841738240509	-0.140625
1599841738240515	-0.000244140625
1599841738240520	-0.006591796875
1599841738240526	-0.000244140625
1599841738240533	-0.006591796875
