1599841737814836	1048576
1599841737814958	1048576
1599841737815078	256
1599841737815206	38535168
1599841737815268	256
1599841737815291	9216
1599841737815353	-9216
1599841737815382	2359296
1599841737815433	256
1599841737815475	1024
1599841737815513	256
1599841737815524	9216
1599841737815574	-9216
1599841737815592	9437184
1599841737815634	256
1599841737815671	256
1599841737815709	256
1599841737815746	1024
1599841737815781	256
1599841737815819	2048
1599841737815856	256
1599841737815892	2048
1599841737815928	256
1599841737815963	16384
1599841737815999	256
1599841737816010	9216
1599841737816056	-9216
1599841737816074	16400384
1599841737816116	256
1599841737816154	256
1599841737816192	256
1599841737816203	9216
1599841737816248	-9216
1599841737816264	9437184
1599841737816305	256
1599841737816315	9216
1599841737816361	-9216
1599841737816377	9437184
1599841737816421	256
1599841737816432	9216
1599841737816478	-9216
1599841737816496	1179648
1599841737816537	256
1599841737816574	2048
1599841737816611	256
1599841737816649	2048
1599841737816705	256
1599841737816743	4096
1599841737816779	256
1599841737816780	256
1599841737816822	-256
1599841737816838	294912
1599841737816878	256
1599841737816914	512
1599841737816950	256
1599841737816961	9216
1599841737817006	-9216
1599841737817023	9437184
1599841737817064	256
1599841737817074	9216
1599841737817121	-9216
1599841737817137	411041792
1599841737817180	256
1599841737817220	2048
1599841737817257	256
1599841737817268	9216
1599841737817313	-9216
1599841737817330	67108864
1599841737817377	256
1599841737817415	16384
1599841737817452	256
1599841737817488	6912
1599841737817525	256
1599841737817535	9216
1599841737817580	-9216
1599841737817597	2359296
1599841737817642	256
1599841737817644	256
1599841737817686	-256
1599841737817702	589824
1599841737817742	256
1599841737817752	9216
1599841737817799	-9216
1599841737817817	4718592
1599841737817857	256
1599841737817893	1024
1599841737817929	256
1599841737817963	2048
1599841737818000	256
1599841737818001	256
1599841737818040	-256
1599841737818056	147456
1599841737818105	256
1599841737818144	512
1599841737818181	256
1599841737818191	9216
1599841737818237	-9216
1599841737818254	9437184
1599841737818303	822083584
1599841737818316	6912
1599841737818396	301312
1599841737818491	-301312
1599841737818496	-6912
1599841737818539	262144
1599841737818580	-1048576
1599841737818596	262144
1599841737818626	-1048576
1599841737818730	-256
1599841737818732	-256
1599841737818732	-256
1599841737818733	-256
1599841737818734	-256
1599841737818734	-256
1599841737818735	-256
1599841737818736	-256
1599841737818736	-256
1599841737818737	-256
1599841737818737	-256
1599841737818738	-256
1599841737818739	-256
1599841737818740	-256
1599841737818741	-256
1599841737818741	-256
1599841737818742	-256
1599841737818742	-256
1599841737818743	-256
1599841737818744	-256
1599841737818744	-256
1599841737818745	-256
1599841737818745	-256
1599841737818746	-256
1599841737818747	-256
1599841737818747	-256
1599841737818748	-256
1599841737818748	-256
1599841737818749	-256
1599841737818750	-256
1599841737818750	-256
1599841737818806	1835008
1599841737818839	-262144
1599841737818853	1048576
1599841737818882	-262144
1599841737818972	1048576
1599841737819012	1048576
1599841737819054	822083584
1599841737819060	262144
1599841737819107	409856
1599841737819225	-409856
1599841737819228	-262144
1599841737819353	205520896
1599841737819424	411041792
1599841737819429	294912
1599841737819473	1388445696
1599841737819580	-1388445696
1599841737819582	-294912
1599841737819704	411041792
1599841737819709	589824
1599841737819750	1852047360
1599841737819836	-1852047360
1599841737819839	-589824
1599841737819956	102760448
1599841737820016	205520896
1599841737820021	1179648
1599841737820064	356564992
1599841737820387	-356564992
1599841737820390	-1179648
1599841737820519	205520896
1599841737820524	2359296
1599841737820567	570474496
1599841737820864	-570474496
1599841737820867	-2359296
1599841737820989	205520896
1599841737820994	2359296
1599841737821034	570474496
1599841737821323	-570474496
1599841737821325	-2359296
1599841737821466	51380224
1599841737821530	102760448
1599841737821535	4718592
1599841737821580	365690880
1599841737821688	-365690880
1599841737821691	-4718592
1599841737821814	102760448
1599841737821819	9437184
1599841737821861	500170752
1599841737821950	-500170752
1599841737821953	-9437184
1599841737822072	102760448
1599841737822076	9437184
1599841737822129	500170752
1599841737822220	-500170752
1599841737822222	-9437184
1599841737822344	25690112
1599841737822405	25690112
1599841737822410	9437184
1599841737822453	188743680
1599841737822552	-188743680
1599841737822555	-9437184
1599841737822672	25690112
1599841737822677	9437184
1599841737822719	188743680
1599841737822807	-188743680
1599841737822810	-9437184
1599841737822928	25690112
1599841737822933	9437184
1599841737822974	188743680
1599841737823063	-188743680
1599841737823065	-9437184
1599841737823182	6422528
1599841737823253	1048576
1599841737823478	1048576
1599841737823650	262144
1599841737823738	256
1599841737823740	256
1599841737823900	-256
1599841737823909	-256
1599841737823979	256
1599841737824017	-256
1599841737824031	4096
1599841737824091	1048576
1599841737824163	16400384
1599841737824201	-1048576
1599841737824203	-262144
1599841737824291	-4096
1599841737824369	-16400384
1599841737824412	-256
1599841737824459	-4096
1599841737824497	-1048576
1599841737824538	-16400384
1599841737824592	-1048576
1599841737824621	16384
1599841737824677	1048576
1599841737824747	67108864
1599841737824785	-1048576
1599841737824786	-1048576
1599841737824842	-16384
1599841737824918	-67108864
1599841737825073	-16384
1599841737825115	-1048576
1599841737825155	-67108864
1599841737825194	-1048576
1599841737825207	16384
1599841737825261	6422528
1599841737825343	411041792
1599841737825380	-1835008
1599841737825428	-16384
1599841737825475	-411041792
1599841737825514	-16384
1599841737825528	25690112
1599841737825589	-6422528
1599841737825590	-6422528
1599841737825637	-411041792
1599841737825676	-25690112
1599841737825687	2048
1599841737825700	41435648
1599841737825745	-41435648
1599841737825768	41435648
1599841737825780	16417536
1599841737825815	25690112
1599841737825840	688914432
1599841737825956	-41435648
1599841737825958	-688914432
1599841737825960	-16417536
1599841737825989	16417536
1599841737826001	9437184
1599841737826024	188743680
1599841737826166	-188743680
1599841737826169	-9437184
1599841737826179	-25690112
1599841737826233	-2048
1599841737826274	-25690112
1599841737826314	-9437184
1599841737826364	-2048
1599841737826377	2048
1599841737826391	25690112
1599841737826435	-25690112
1599841737826466	25690112
1599841737826473	9437440
1599841737826504	25690112
1599841737826523	688914432
1599841737826638	-25690112
1599841737826640	-688914432
1599841737826642	-9437440
1599841737826672	9437440
1599841737826680	9437184
1599841737826696	188743680
1599841737826800	-188743680
1599841737826803	-9437184
1599841737826811	-25690112
1599841737826862	-16417536
1599841737826898	-2048
1599841737826939	-25690112
1599841737826983	-9437184
1599841737827023	-2048
1599841737827034	2048
1599841737827047	25690112
1599841737827084	-25690112
1599841737827111	25690112
1599841737827117	9437696
1599841737827144	25690112
1599841737827159	688914432
1599841737827252	-25690112
1599841737827254	-688914432
1599841737827256	-9437696
1599841737827286	9437696
1599841737827292	16417536
1599841737827309	188743680
1599841737827411	-188743680
1599841737827414	-16417536
1599841737827422	-25690112
1599841737827472	-9437440
1599841737827509	-2048
1599841737827520	102760448
1599841737827571	-25690112
1599841737827573	-25690112
1599841737827619	-9437184
1599841737827657	-2048
1599841737827697	-102760448
1599841737827736	-9437696
1599841737827746	2048
1599841737827759	102760448
1599841737827796	-102760448
1599841737827822	102760448
1599841737827828	9437696
1599841737827854	102760448
1599841737827871	500170752
1599841737827956	-102760448
1599841737827958	-500170752
1599841737827960	-9437696
1599841737827990	9437696
1599841737827997	9437696
1599841737828014	500170752
1599841737828116	-500170752
1599841737828119	-9437696
1599841737828126	-102760448
1599841737828176	-2048
1599841737828213	-102760448
1599841737828256	-9437184
1599841737828298	-2048
1599841737828309	2048
1599841737828321	118508544
1599841737828365	-118508544
1599841737828385	118508544
1599841737828391	16419840
1599841737828416	102760448
1599841737828438	500170752
1599841737828516	-118508544
1599841737828519	-500170752
1599841737828520	-16419840
1599841737828551	16419840
1599841737828558	9437184
1599841737828574	500170752
1599841737828689	-500170752
1599841737828692	-9437184
1599841737828700	-102760448
1599841737828752	-9437696
1599841737828792	-2048
1599841737828831	-102760448
1599841737828866	-9437184
1599841737828906	-2048
1599841737828916	2304
1599841737828935	102760448
1599841737828978	-102760448
1599841737829000	51380224
1599841737829006	4718592
1599841737829032	51380224
1599841737829055	365690880
1599841737829139	-51380224
1599841737829141	-365690880
1599841737829143	-4718592
1599841737829168	4718592
1599841737829174	4718848
1599841737829190	365690880
1599841737829291	-365690880
1599841737829294	-4718848
1599841737829301	-102760448
1599841737829352	-16419840
1599841737829385	-2048
1599841737829403	282086656
1599841737829450	-51380224
1599841737829451	-51380224
1599841737829499	-4718592
1599841737829540	-2304
1599841737829575	-205520896
1599841737829615	-4718592
1599841737829626	1024
1599841737829638	205520896
1599841737829646	256
1599841737829680	-256
1599841737829684	2048
1599841737829714	-2048
1599841737829716	-205520896
1599841737829736	205520896
1599841737829743	3145728
1599841737829774	205520896
1599841737829790	570474496
1599841737830053	-205520896
1599841737830055	-570474496
1599841737830057	-3145728
1599841737830082	3145728
1599841737830090	2359296
1599841737830114	934281216
1599841737830230	-934281216
1599841737830233	-2359296
1599841737830241	-282086656
1599841737830298	-1024
1599841737830340	-205520896
1599841737830374	-2359296
1599841737830416	-1024
1599841737830427	2359808
1599841737830435	2359296
1599841737830457	934281216
1599841737830559	-934281216
1599841737830562	-2359296
1599841737830586	1024
1599841737830599	205520896
1599841737830607	256
1599841737830635	-256
1599841737830639	2048
1599841737830676	-2048
1599841737830678	-205520896
1599841737830698	205520896
1599841737830705	2359296
1599841737830736	205520896
1599841737830752	570474496
1599841737831007	-205520896
1599841737831010	-570474496
1599841737831011	-2359296
1599841737831019	-205520896
1599841737831068	-3145728
1599841737831112	-2359296
1599841737831155	-1024
1599841737831197	-205520896
1599841737831234	-2359808
1599841737831272	-1024
1599841737831288	1024
1599841737831300	282086656
1599841737831307	256
1599841737831335	-256
1599841737831338	2048
1599841737831368	-2048
1599841737831369	-282086656
1599841737831395	102760448
1599841737831401	2097408
1599841737831428	179326208
1599841737831444	356564992
1599841737831700	-102760448
1599841737831702	-356564992
1599841737831703	-2097408
1599841737831728	2097408
1599841737831736	1179648
1599841737831759	698351616
1599841737831869	-698351616
1599841737831872	-1179648
1599841737831880	-205520896
1599841737831924	-1024
1599841737831942	411041792
1599841737832008	-102760448
1599841737832009	-179326208
1599841737832059	-1179648
1599841737832100	-1024
1599841737832136	-411041792
1599841737832177	-2097408
1599841737832187	512
1599841737832200	487607552
1599841737832207	256
1599841737832239	-256
1599841737832243	1024
1599841737832274	-1024
1599841737832276	-487607552
1599841737832296	487607552
1599841737832308	589824
1599841737832334	513802240
1599841737832351	1852047360
1599841737832437	-487607552
1599841737832439	-1852047360
1599841737832441	-589824
1599841737832467	589824
1599841737832475	589824
1599841737832491	1852047360
1599841737832593	-1852047360
1599841737832596	-589824
1599841737832605	-411041792
1599841737832655	-512
1599841737832697	-411041792
1599841737832729	-589824
1599841737832771	-512
1599841737832780	512
1599841737832792	411041792
1599841737832799	256
1599841737832831	-256
1599841737832835	1024
1599841737832865	-1024
1599841737832866	-411041792
1599841737832892	205520896
1599841737832898	294912
1599841737832925	205520896
1599841737832941	142655488
1599841737833755	-205520896
1599841737833757	-142655488
1599841737833759	-294912
1599841737833786	294912
1599841737833793	294912
1599841737833809	1388445696
1599841737833910	-1388445696
1599841737833913	-294912
1599841737833921	-513802240
1599841737833966	-589824
1599841737833999	-512
1599841737834011	822083584
1599841737834069	-205520896
1599841737834070	-205520896
1599841737834121	-294912
1599841737834165	-512
1599841737834207	-822083584
1599841737834248	-294912
1599841737834258	256
1599841737834271	822083584
1599841737834279	256
1599841737834305	-256
1599841737834309	512
1599841737834346	-512
1599841737834347	-822083584
1599841737834368	822083584
1599841737834375	147456
1599841737834400	822083584
1599841737834422	409856
1599841737834500	-822083584
1599841737834503	-409856
1599841737834504	-147456
1599841737834528	147456
1599841737834535	147456
1599841737834552	15616
1599841737834681	-15616
1599841737834684	-147456
1599841737834692	-822083584
1599841737834737	-256
1599841737834780	-822083584
1599841737834819	-147456
1599841737834856	-256
1599841737834871	256
1599841737834884	822083584
1599841737834892	256
1599841737834918	-256
1599841737834922	512
1599841737834951	-512
1599841737834952	-822083584
1599841737834978	6912
1599841737834986	6912
1599841737835064	-6912
1599841737835073	-38535168
1599841737835074	-822083584
1599841737835121	-147456
1599841737835159	-256
1599841737835192	-6912
1599841737835231	-256
1599841737835265	-6912
1599841737961736	-256
