append_apply_gradient_ops/GradientDescent/update_v/cg/affine0/weights/ApplyGradientDescent	1601111572544376	2293
tower_0/v/xentropy/sparse_softmax_cross_entropy_loss/xentropy/xentropy	1601111572536904	135
v/cg/conv1/biases	-1	-1
ConstantFolding/tower_0/v/gradients/tower_0/v/cg/conv1/conv2d/Conv2D_grad/ShapeN-matshapes-1	-1	-1
tower_0/v/gradients/tower_0/v/l2_loss/L2Loss_5_grad/mul	1601111572429413	14
tower_0/v/gradients/tower_0/v/l2_loss/L2Loss_18_grad/mul	1601111572433977	59
v/cg/conv6/biases/read	-1	-1
v/cg/affine1/weights/read	-1	-1
tower_0/v/gradients/AddN_24	1601111572663128	4
v/cg/affine0/biases/read	-1	-1
tower_0/v/gradients/tower_0/v/cg/conv9/Relu_grad/ReluGrad	1601111572561289	382
average_loss/Mean/input	-1	-1
tower_0/v/gradients/tower_0/v/cg/conv12/conv2d/Conv2D_grad/Conv2DBackpropInput	1601111572546831	2277
tower_0/v/l2_loss/L2Loss_25	1601111572431543	16
append_apply_gradient_ops/GradientDescent/update_v/cg/conv4/biases/ApplyGradientDescent	1601111572640367	4
v/cg/conv10/conv2d/kernel/read	-1	-1
tower_0/v/gradients/tower_0/v/cg/conv3/BiasAdd_grad/BiasAddGrad	1601111572641952	477
v/cg/conv10/conv2d/kernel	-1	-1
tower_0/v/cg/mpool1/MaxPool	1601111572483539	783
v/cg/conv5/biases	-1	-1
append_apply_gradient_ops/GradientDescent/update_v/cg/conv1/biases/ApplyGradientDescent	1601111572727300	4
tower_0/v/cg/conv4/Relu	1601111572489549	523
tower_0/v/gradients/AddN_21	1601111572629160	17
tower_0/v/gradients/tower_0/v/cg/mpool3/MaxPool_grad/MaxPoolGrad	1601111572560828	395
ConstantFolding/tower_0/v/gradients/tower_0/v/cg/conv10/conv2d/Conv2D_grad/ShapeN-matshapes-0	-1	-1
ConstantFolding/tower_0/v/gradients/tower_0/v/cg/conv1/conv2d/Conv2D_grad/ShapeN-matshapes-0	-1	-1
tower_0/v/gradients/tower_0/v/cg/affine2/xw_plus_b/MatMul_grad/MatMul_1	1601111572537186	78
append_apply_gradient_ops/GradientDescent/update_v/cg/affine1/weights/ApplyGradientDescent	1601111572538483	371
tower_0/v/l2_loss/L2Loss_20	1601111572429049	58
tower_0/v/gradients/AddN_17	1601111572596419	30
v/cg/conv5/conv2d/kernel	-1	-1
tower_0/v/gradients/tower_0/v/cg/conv12/Relu_grad/ReluGrad	1601111572546671	97
tower_0/v/gradients/tower_0/v/cg/conv6/Relu_grad/ReluGrad	1601111572596457	761
tower_0/v/gradients/tower_0/v/l2_loss/L2Loss_2_grad/mul	1601111572429651	14
tower_0/v/gradients/AddN_1	1601111572537286	94
tower_0/v/cg/conv5/conv2d/Conv2D	1601111572490073	7641
tower_0/v/gradients/tower_0/v/l2_loss/L2Loss_25_grad/mul	1601111572431583	16
append_apply_gradient_ops/GradientDescent/update_v/cg/conv1/conv2d/kernel/ApplyGradientDescent	1601111572732583	6
tower_0/v/gradients/AddN_9	1601111572556206	56
tower_0/v/xentropy/sparse_softmax_cross_entropy_loss/Sum	1601111572537050	5
tower_0/v/gradients/tower_0/v/cg/conv5/conv2d/Conv2D_grad/Conv2DBackpropFilter	1601111572613620	7730
tower_0/v/l2_loss/L2Loss_10	1601111572429948	34
v/cg/affine2/biases	-1	-1
tower_0/v/gradients/AddN	1601111572537272	5
tower_0/v/gradients/tower_0/v/l2_loss/L2Loss_22_grad/mul	1601111572430251	44
tower_0/v/l2_loss/L2Loss_29	1601111572434070	24
tower_0/v/gradients/tower_0/v/cg/conv4/conv2d/Conv2D_grad/Conv2DBackpropFilter	1601111572634563	3904
tower_0/v/gradients/tower_0/v/l2_loss/L2Loss_20_grad/mul	1601111572429140	46
tower_0/v/cg/conv11/Relu	1601111572532123	68
tower_0/v/gradients/tower_0/v/l2_loss/L2Loss_13_grad/mul	1601111572429899	14
tower_0/v/cg/dropout0/dropout/dropout/Cast	1601111572441157	6
v/cg/conv1/biases/read	-1	-1
average_loss/Mean/_74	1601111572538468	5
tower_0/v/l2_loss/L2Loss_21	1601111572434179	17
tower_0/v/gradients/tower_0/v/l2_loss/L2Loss_31_grad/mul	1601111572431180	20
tower_0/v/cg/conv4/BiasAdd	1601111572488866	681
tower_0/v/cg/conv0/Relu	1601111572441178	2108
tower_0/v/gradients/AddN_14	1601111572587672	4
append_apply_gradient_ops/GradientDescent/update_v/cg/conv11/biases/ApplyGradientDescent	1601111572556263	5
_SOURCE	-1	-1
ConstantFolding/tower_0/v/gradients/tower_0/v/cg/conv6/conv2d/Conv2D_grad/ShapeN-matshapes-0	-1	-1
tower_0/v/cg/conv12/conv2d/Conv2D	1601111572532193	2279
tower_0/v/gradients/tower_0/v/cg/conv6/conv2d/Conv2D_grad/Conv2DBackpropInput	1601111572597513	7576
tower_0/v/gradients/tower_0/v/cg/conv5/conv2d/Conv2D_grad/Conv2DBackpropInput	1601111572621611	7529
tower_0/v/gradients/tower_0/v/cg/conv11/BiasAdd_grad/BiasAddGrad	1601111572551514	52
tower_0/v/cg/dropout0_1/dropout/dropout/random_uniform/RandomUniform	1601111572428817	25
tower_0/v/gradients/tower_0/v/cg/conv3/conv2d/Conv2D_grad/Conv2DBackpropFilter	1601111572652228	10898
ConstantFolding/tower_0/v/gradients/tower_0/v/cg/conv4/conv2d/Conv2D_grad/ShapeN-matshapes-1	-1	-1
tower_0/v/gradients/tower_0/v/cg/conv4/BiasAdd_grad/BiasAddGrad	1601111572629978	255
v/cg/conv9/conv2d/kernel/read	-1	-1
tower_0/v/gradients/AddN_8	1601111572556100	5
v/cg/conv8/conv2d/kernel	-1	-1
tower_0/v/cg/dropout0_1/dropout/dropout/Cast	1601111572441165	5
tower_0/v/cg/conv7/conv2d/Conv2D	1601111572508166	3702
tower_0/v/cg/conv2/BiasAdd	1601111572468796	1360
append_apply_gradient_ops/GradientDescent/update_v/cg/conv4/conv2d/kernel/ApplyGradientDescent	1601111572641935	11
tower_0/v/gradients/tower_0/v/cg/conv7/conv2d/Conv2D_grad/Conv2DBackpropFilter	1601111572591929	3165
tower_0/v/cg/conv3/Relu	1601111572482488	1049
tower_0/v/gradients/tower_0/v/l2_loss/L2Loss_1_grad/mul	1601111572430760	16
tower_0/v/cg/affine2/xw_plus_b	1601111572536898	5
v/cg/conv11/conv2d/kernel/read	-1	-1
v/cg/conv3/conv2d/kernel	-1	-1
v/cg/conv7/conv2d/kernel	-1	-1
tower_0/v/l2_loss/L2Loss_17	1601111572431462	19
ConstantFolding/tower_0/v/gradients/tower_0/v/cg/conv2/conv2d/Conv2D_grad/ShapeN-matshapes-1	-1	-1
tower_0/v/gradients/AddN_12	1601111572574457	5
v/cg/conv4/biases	-1	-1
append_apply_gradient_ops/GradientDescent	-1	-1
tower_0/v/cg/conv12/BiasAdd	1601111572534474	91
tower_0/v/cg/conv9/conv2d/Conv2D	1601111572519821	6654
ConstantFolding/tower_0/v/gradients/tower_0/v/cg/conv9/conv2d/Conv2D_grad/ShapeN-matshapes-1	-1	-1
v/cg/conv5/conv2d/kernel/read	-1	-1
tower_0/v/gradients/tower_0/v/cg/conv9/BiasAdd_grad/BiasAddGrad	1601111572561735	147
tower_0/v/cg/conv1/Relu	1601111572458945	2110
append_apply_gradient_ops/GradientDescent/update_v/cg/conv5/biases/ApplyGradientDescent	1601111572629967	4
tower_0/v/gradients/tower_0/v/cg/affine0/xw_plus_b_grad/BiasAddGrad	1601111572538871	12
tower_0/v/gradients/tower_0/v/cg/conv0/Relu_grad/ReluGrad	1601111572724079	3212
ConstantFolding/tower_0/v/gradients/tower_0/v/cg/conv12/conv2d/Conv2D_grad/ShapeN-matshapes-0	-1	-1
append_apply_gradient_ops/GradientDescent/update_v/cg/affine2/weights/ApplyGradientDescent	1601111572537410	93
v/cg/conv6/biases	-1	-1
v/cg/conv6/conv2d/kernel	-1	-1
tower_0/v/cg/dropout0/dropout/dropout/Shape	-1	-1
v/cg/conv0/biases	-1	-1
tower_0/v/gradients/tower_0/v/cg/conv4/conv2d/Conv2D_grad/Conv2DBackpropInput	1601111572630234	4328
tower_0/v/gradients/tower_0/v/cg/mpool0/MaxPool_grad/MaxPoolGrad	1601111572680704	3772
tower_0/v/gradients/tower_0/v/cg/conv10/conv2d/Conv2D_grad/Conv2DBackpropInput	1601111572556333	2218
tower_0/v/gradients/tower_0/v/l2_loss/L2Loss_28_grad/mul	1601111572431794	256
tower_0/v/gpu_cached_inputs/read	-1	-1
append_apply_gradient_ops/GradientDescent/update_v/cg/conv2/conv2d/kernel/ApplyGradientDescent	1601111572687672	7
tower_0/v/gradients/tower_0/v/cg/conv12/BiasAdd_grad/BiasAddGrad	1601111572546776	53
tower_0/v/cg/dropout0/dropout/dropout/mul_1	1601111572536405	6
tower_0/v/cg/affine2/xw_plus_b/MatMul	1601111572536721	176
tower_0/v/gradients/tower_0/v/cg/affine0/affine0_grad/ReluGrad	1601111572538856	9
tower_0/v/cg/conv8/Relu	1601111572519558	262
tower_0/v/l2_loss/L2Loss_11	1601111572429514	14
ConstantFolding/tower_0/v/gradients/tower_0/v/cg/conv12/conv2d/Conv2D_grad/ShapeN-matshapes-1	-1	-1
v/cg/conv2/conv2d/kernel/read	-1	-1
tower_0/v/gradients/tower_0/v/cg/conv9/conv2d/Conv2D_grad/Conv2DBackpropFilter	1601111572568518	5937
v/cg/conv7/biases	-1	-1
tower_0/v/gradients/tower_0/v/cg/conv1/conv2d/Conv2D_grad/Conv2DBackpropFilter	1601111572701503	22568
ConstantFolding/tower_0/v/gradients/tower_0/v/cg/conv2/conv2d/Conv2D_grad/ShapeN-matshapes-0	-1	-1
tower_0/v/gradients/AddN_26	1601111572680698	4
v/cg/conv8/biases/read	-1	-1
v/cg/conv11/conv2d/kernel	-1	-1
v/cg/conv12/biases/read	-1	-1
tower_0/v/gradients/tower_0/v/cg/dropout0/dropout/dropout/mul_1_grad/Mul	1601111572538085	6
tower_0/v/cg/conv8/conv2d/Conv2D	1601111572512486	6723
tower_0/v/l2_loss/L2Loss_4	1601111572431225	38
append_apply_gradient_ops/GradientDescent/update_v/cg/conv5/conv2d/kernel/ApplyGradientDescent	1601111572629949	17
v/cg/conv5/biases/read	-1	-1
tower_0/v/l2_loss/L2Loss_23	1601111572430623	17
tower_0/v/mul/x	-1	-1
tower_0/v/gradients/AddN_5	1601111572541905	2298
tower_0/v/vgg16_synthetic_labels/min	-1	-1
append_apply_gradient_ops/GradientDescent/update_v/cg/conv7/conv2d/kernel/ApplyGradientDescent	1601111572597220	30
tower_0/v/gradients/tower_0/v/cg/conv6/conv2d/Conv2D_grad/Conv2DBackpropFilter	1601111572605091	7737
v/cg/affine2/weights	-1	-1
ConstantFolding/tower_0/v/gradients/tower_0/v/cg/conv8/conv2d/Conv2D_grad/ShapeN-matshapes-1	-1	-1
append_apply_gradient_ops/GradientDescent/update_v/cg/conv9/conv2d/kernel/ApplyGradientDescent	1601111572587617	53
tower_0/v/gradients/AddN_13	1601111572574839	56
tower_0/v/gradients/tower_0/v/cg/conv2/conv2d/Conv2D_grad/Conv2DBackpropInput	1601111572665170	5625
v/cg/conv0/conv2d/kernel/read	-1	-1
tower_0/v/l2_loss/L2Loss_22	1601111572430195	41
tower_0/v/cg/affine1/xw_plus_b/MatMul	1601111572536414	283
tower_0/v/cg/Reshape	-1	-1
tower_0/v/l2_loss/L2Loss_30	1601111572429278	54
tower_0/v/gradients/tower_0/v/cg/conv2/conv2d/Conv2D_grad/Conv2DBackpropFilter	1601111572670797	9891
tower_0/v/gradients/tower_0/v/cg/conv8/Relu_grad/ReluGrad	1601111572574463	375
tower_0/v/cg/dropout0/dropout/dropout/truediv	-1	-1
tower_0/v/gradients/tower_0/v/cg/affine1/xw_plus_b/MatMul_grad/MatMul_1	1601111572537829	246
tower_0/v/gradients/tower_0/v/cg/conv0/conv2d/Conv2D_grad/Conv2DBackpropFilter	1601111572728244	4337
v/cg/conv7/biases/read	-1	-1
tower_0/v/cg/dropout0/dropout/dropout/GreaterEqual	1601111572438374	7
tower_0/v/cg/mpool3/MaxPool	1601111572527085	212
tower_0/v/gradients/AddN_28	1601111572724073	4
tower_0/v/l2_loss/L2Loss_26	1601111572434364	727
tower_0/v/gradients/tower_0/v/cg/conv11/Relu_grad/ReluGrad	1601111572551347	94
tower_0/v/cg/conv5/BiasAdd	1601111572497716	682
append_apply_gradient_ops/GradientDescent/update_v/cg/conv10/conv2d/kernel/ApplyGradientDescent	1601111572561675	55
append_apply_gradient_ops/GradientDescent/update_v/cg/conv0/conv2d/kernel/ApplyGradientDescent	1601111572732609	4
tower_0/v/l2_loss/L2Loss_13	1601111572429866	14
tower_0/v/gradients/tower_0/v/cg/conv3/Relu_grad/ReluGrad	1601111572640373	1560
tower_0/v/l2_loss/L2Loss_8	1601111572431353	37
tower_0/v/cg/dropout0/dropout/dropout/rate	-1	-1
v/cg/conv10/biases/read	-1	-1
v/cg/conv0/biases/read	-1	-1
tower_0/v/gradients/tower_0/v/xentropy/sparse_softmax_cross_entropy_loss/xentropy/xentropy_grad/mul	1601111572537041	8
append_apply_gradient_ops/GradientDescent/update_v/cg/conv9/biases/ApplyGradientDescent	1601111572574896	5
tower_0/v/gradients/tower_0/v/cg/affine1/xw_plus_b_grad/BiasAddGrad	1601111572537519	13
tower_0/v/gradients/tower_0/v/cg/mpool4/MaxPool_grad/MaxPoolGrad	1601111572544212	162
tower_0/v/gradients/tower_0/v/cg/conv1/conv2d/Conv2D_grad/Conv2DBackpropInput	1601111572688615	12886
tower_0/v/gradients/AddN_22	1601111572638470	4
tower_0/v/gradients/AddN_19	1601111572613595	17
tower_0/v/gradients/tower_0/v/l2_loss/L2Loss_7_grad/mul	1601111572430838	16
tower_0/v/cg/affine1/xw_plus_b	1601111572536699	7
tower_0/v/gradients/tower_0/v/cg/Reshape_grad/Reshape	-1	-1
v/cg/conv2/biases/read	-1	-1
append_apply_gradient_ops/GradientDescent/update_v/cg/conv12/biases/ApplyGradientDescent	1601111572551499	5
tower_0/v/gradients/tower_0/v/l2_loss/L2Loss_30_grad/mul	1601111572429336	69
tower_0/v/l2_loss/L2Loss_5	1601111572429407	4
v/cg/conv2/biases	-1	-1
main_fetch_group/_70	-1	-1
tower_0/v/cg/conv12/Relu	1601111572534566	68
v/cg/conv3/conv2d/kernel/read	-1	-1
tower_0/v/gradients/tower_0/v/cg/conv4/Relu_grad/ReluGrad	1601111572629184	763
tower_0/v/cg/dropout0/dropout/dropout/random_uniform/RandomUniform	1601111572428735	48
tower_0/v/gradients/tower_0/v/l2_loss/L2Loss_15_grad/mul	1601111572430612	4
v/cg/conv4/biases/read	-1	-1
ConstantFolding/tower_0/v/gradients/tower_0/v/cg/conv0/conv2d/Conv2D_grad/ShapeN-matshapes-1	-1	-1
tower_0/v/gradients/tower_0/v/cg/conv5/Relu_grad/ReluGrad	1601111572612836	758
v/cg/conv8/biases	-1	-1
tower_0/v/cg/mpool0/MaxPool	1601111572461057	1487
tower_0/v/gradients/tower_0/v/l2_loss/L2Loss_14_grad/mul	1601111572430135	29
v/cg/conv12/conv2d/kernel/read	-1	-1
tower_0/v/gradients/tower_0/v/cg/affine1/xw_plus_b/MatMul_grad/MatMul	1601111572537533	293
append_apply_gradient_ops/GradientDescent/update_v/cg/affine2/biases/ApplyGradientDescent	1601111572537394	5
tower_0/v/gradients/tower_0/v/cg/conv11/conv2d/Conv2D_grad/Conv2DBackpropFilter	1601111572553836	2209
tower_0/v/cg/dropout0/dropout/dropout/mul	1601111572443288	6
tower_0/v/gradients/AddN_11	1601111572561225	56
v/cg/affine2/biases/read	-1	-1
v/cg/affine1/biases/read	-1	-1
tower_0/v/gradients/tower_0/v/l2_loss/L2Loss_27_grad/mul	1601111572429227	14
v/cg/conv12/biases	-1	-1
tower_0/v/l2_loss/L2Loss_16	1601111572430897	42
ConstantFolding/average_loss/Mean/input_const_axis	-1	-1
v/cg/affine0/biases	-1	-1
tower_0/v/mul	1601111572441172	5
ConstantFolding/tower_0/v/gradients/tower_0/v/cg/conv9/conv2d/Conv2D_grad/ShapeN-matshapes-0	-1	-1
tower_0/v/cg/conv5/Relu	1601111572498402	526
tower_0/v/cg/conv7/Relu	1601111572512220	263
tower_0/v/gradients/tower_0/v/l2_loss/L2Loss_16_grad/mul	1601111572430962	45
v/cg/conv10/biases	-1	-1
tower_0/v/gradients/tower_0/v/cg/conv10/BiasAdd_grad/BiasAddGrad	1601111572556278	53
tower_0/v/cg/conv6/conv2d/Conv2D	1601111572498929	7632
learning_rate_tensor/input	-1	-1
tower_0/v/cg/conv8/BiasAdd	1601111572519211	345
tower_0/v/cg/dropout0_1/dropout/dropout/GreaterEqual	1601111572438383	6
v/cg/conv11/biases	-1	-1
v/cg/conv1/conv2d/kernel	-1	-1
tower_0/v/cg/affine0/xw_plus_b/MatMul	1601111572534698	1691
tower_0/v/gradients/tower_0/v/cg/dropout0_1/dropout/dropout/mul_1_grad/Mul	1601111572537279	6
tower_0/v/gradients/AddN_18	1601111572612830	4
tower_0/v/gradients/tower_0/v/cg/conv1/BiasAdd_grad/BiasAddGrad	1601111572687688	926
tower_0/v/cg/Reshape/shape	-1	-1
tower_0/v/cg/conv10/conv2d/Conv2D	1601111572527299	2282
main_fetch_group	-1	-1
tower_0/v/cg/conv1/BiasAdd	1601111572456204	2739
tower_0/v/xentropy/sparse_softmax_cross_entropy_loss/Mul	-1	-1
tower_0/v/gradients/tower_0/v/cg/conv10/Relu_grad/ReluGrad	1601111572556107	97
append_apply_gradient_ops/GradientDescent/update_v/cg/conv8/conv2d/kernel/ApplyGradientDescent	1601111572595096	53
tower_0/v/l2_loss/L2Loss_28	1601111572431653	140
ConstantFolding/tower_0/v/gradients/tower_0/v/cg/conv4/conv2d/Conv2D_grad/ShapeN-matshapes-0	-1	-1
tower_0/v/gradients/tower_0/v/cg/conv8/conv2d/Conv2D_grad/Conv2DBackpropInput	1601111572575051	6623
tower_0/v/cg/dropout0_1/dropout/dropout/mul	1601111572443296	6
tower_0/v/l2_loss/L2Loss	1601111572430566	7
tower_0/v/gradients/tower_0/v/l2_loss/L2Loss_12_grad/mul	1601111572429762	16
v/cg/conv9/conv2d/kernel	-1	-1
tower_0/v/cg/conv11/conv2d/Conv2D	1601111572529745	2282
tower_0/v/gradients/tower_0/v/cg/affine2/xw_plus_b/MatMul_grad/MatMul	1601111572537078	106
tower_0/v/gradients/tower_0/v/cg/conv6/BiasAdd_grad/BiasAddGrad	1601111572597256	255
tower_0/v/cg/conv3/BiasAdd	1601111572481125	1361
v/cg/conv9/biases	-1	-1
tower_0/v/gradients/tower_0/v/cg/conv12/conv2d/Conv2D_grad/Conv2DBackpropFilter	1601111572549110	2230
tower_0/v/gradients/tower_0/v/cg/conv3/conv2d/Conv2D_grad/Conv2DBackpropInput	1601111572642430	9796
v/cg/conv6/conv2d/kernel/read	-1	-1
tower_0/v/cg/affine0/xw_plus_b	1601111572536391	7
v/cg/conv3/biases	-1	-1
tower_0/v/gradients/tower_0/v/cg/dropout0_1/dropout/dropout/mul_grad/Mul	1601111572537400	8
tower_0/v/cg/dropout0_1/dropout/dropout/random_uniform/mul	-1	-1
average_loss/Mean	-1	-1
tower_0/v/l2_loss/L2Loss_27	1601111572429188	22
gpu_compute_stage_ops_group	-1	-1
ConstantFolding/tower_0/v/gradients/tower_0/v/cg/conv11/conv2d/Conv2D_grad/ShapeN-matshapes-1	-1	-1
append_apply_gradient_ops/GradientDescent/update_v/cg/conv7/biases/ApplyGradientDescent	1601111572596451	5
tower_0/v/gradients/AddN_4	1601111572541899	5
tower_0/v/l2_loss/L2Loss_18	1601111572432052	33
ConstantFolding/tower_0/v/gradients/tower_0/v/cg/conv6/conv2d/Conv2D_grad/ShapeN-matshapes-1	-1	-1
tower_0/v/gradients/tower_0/v/cg/conv7/BiasAdd_grad/BiasAddGrad	1601111572588125	147
tower_0/v/gradients/tower_0/v/l2_loss/L2Loss_19_grad/mul	1601111572434299	16
tower_0/v/gradients/tower_0/v/cg/mpool1/MaxPool_grad/MaxPoolGrad	1601111572638475	1870
tower_0/v/cg/conv0/conv2d/Conv2D	1601111572436685	1687
tower_0/v/transpose	1601111572430300	264
v/cg/conv3/biases/read	-1	-1
tower_0/v/cg/mpool4/MaxPool	1601111572534636	60
tower_0/v/gradients/tower_0/v/l2_loss/L2Loss_29_grad/mul	1601111572434135	20
tower_0/v/cg/conv9/BiasAdd	1601111572526477	344
v/cg/conv4/conv2d/kernel/read	-1	-1
tower_0/v/l2_loss/L2Loss_19	1601111572434259	16
tower_0/v/add	1601111572537388	5
tower_0/v/gradients/tower_0/v/l2_loss/L2Loss_4_grad/mul	1601111572431288	16
tower_0/v/gradients/AddN_30	1601111572732590	6
ConstantFolding/tower_0/v/gradients/tower_0/v/cg/conv11/conv2d/Conv2D_grad/ShapeN-matshapes-0	-1	-1
tower_0/v/gradients/AddN_25	1601111572664677	8
tower_0/v/cg/conv2/Relu	1601111572470157	1049
v/cg/conv7/conv2d/kernel/read	-1	-1
tower_0/v/gradients/tower_0/v/cg/conv0/BiasAdd_grad/BiasAddGrad	1601111572727311	924
tower_0/v/xentropy/sparse_softmax_cross_entropy_loss/value	1601111572537266	5
tower_0/v/gradients/tower_0/v/l2_loss/L2Loss_9_grad/mul	1601111572429481	14
tower_0/v/gradients/AddN_6	1601111572551341	4
tower_0/v/l2_loss/L2Loss_6	1601111572430580	18
tower_0/v/gradients/AddN_15	1601111572588056	56
tower_0/v/gradients/tower_0/v/cg/conv10/conv2d/Conv2D_grad/Conv2DBackpropFilter	1601111572558552	2214
tower_0/v/l2_loss/L2Loss_24	1601111572431027	42
tower_0/v/cg/conv7/BiasAdd	1601111572511870	349
tower_0/v/gradients/tower_0/v/l2_loss/L2Loss_24_grad/mul	1601111572431096	45
tower_0/v/gradients/tower_0/v/cg/affine1/affine1_grad/ReluGrad	1601111572537505	9
tower_0/v/gradients/tower_0/v/l2_loss/L2Loss_21_grad/mul	1601111572434219	16
tower_0/v/cg/conv3/conv2d/Conv2D	1601111572471208	9913
tower_0/v/gradients/AddN_29	1601111572727293	6
tower_0/v/gradients/tower_0/v/l2_loss/L2Loss_26_grad/mul	1601111572435092	1591
v/cg/affine0/weights/read	-1	-1
tower_0/v/vgg16_synthetic_labels/max	-1	-1
tower_0/v/gradients/AddN_2	1601111572538076	7
v/cg/affine2/weights/read	-1	-1
tower_0/v/gradients/tower_0/v/cg/conv5/BiasAdd_grad/BiasAddGrad	1601111572621356	253
tower_0/v/gradients/tower_0/v/cg/conv7/Relu_grad/ReluGrad	1601111572587677	377
tower_0/v/transpose/perm	-1	-1
tower_0/v/l2_loss/L2Loss_15	1601111572430606	5
tower_0/v/cg/conv4/conv2d/Conv2D	1601111572484323	4542
tower_0/v/gradients/tower_0/v/cg/conv1/Relu_grad/ReluGrad	1601111572684492	3179
tower_0/v/gradients/tower_0/v/xentropy/sparse_softmax_cross_entropy_loss/xentropy/xentropy_grad/ExpandDims	-1	-1
tower_0/v/gradients/tower_0/v/cg/dropout0/dropout/dropout/mul_grad/Mul	1601111572538473	8
tower_0/v/l2_loss/L2Loss_9	1601111572429446	15
ConstantFolding/tower_0/v/gradients/tower_0/v/cg/conv5/conv2d/Conv2D_grad/ShapeN-matshapes-0	-1	-1
tower_0/v/cg/conv0/BiasAdd	1601111572438418	2737
tower_0/v/gradients/tower_0/v/cg/conv11/conv2d/Conv2D_grad/Conv2DBackpropInput	1601111572551568	2267
append_apply_gradient_ops/GradientDescent/update_v/cg/conv12/conv2d/kernel/ApplyGradientDescent	1601111572556046	53
tower_0/v/gradients/tower_0/v/l2_loss/L2Loss_17_grad/mul	1601111572431505	16
tower_0/v/gradients/AddN_10	1601111572560822	4
tower_0/v/l2_loss/L2Loss_14	1601111572430058	31
ConstantFolding/tower_0/v/gradients/tower_0/v/cg/conv5/conv2d/Conv2D_grad/ShapeN-matshapes-1	-1	-1
tower_0/v/cg/conv6/Relu	1601111572507246	522
tower_0/v/gradients/tower_0/v/cg/affine2/xw_plus_b_grad/BiasAddGrad	1601111572537063	13
tower_0/v/gradients/AddN_27	1601111572684478	6
tower_0/v/gradients/tower_0/v/cg/affine0/xw_plus_b/MatMul_grad/MatMul	1601111572538885	1620
v/cg/conv9/biases/read	-1	-1
tower_0/v/vgg16_synthetic_labels/shape	-1	-1
append_apply_gradient_ops/GradientDescent/update_v/cg/conv2/biases/ApplyGradientDescent	1601111572684486	4
tower_0/v/cg/affine1/affine1	1601111572536707	5
tower_0/v/gradients/AddN_20	1601111572629179	4
tower_0/v/gradients/tower_0/v/l2_loss/L2Loss_3_grad/mul	1601111572429833	14
tower_0/v/cg/mpool2/MaxPool	1601111572507770	393
tower_0/v/gradients/tower_0/v/cg/conv9/conv2d/Conv2D_grad/Conv2DBackpropInput	1601111572561884	6632
tower_0/v/gradients/AddN_16	1601111572595150	4
v/cg/conv4/conv2d/kernel	-1	-1
ConstantFolding/tower_0/v/gradients/tower_0/v/cg/conv7/conv2d/Conv2D_grad/ShapeN-matshapes-1	-1	-1
tower_0/v/cg/affine0/affine0	1601111572536399	5
tower_0/v/cg/conv6/BiasAdd	1601111572506562	683
average_loss/range	-1	-1
tower_0/v/cg/conv2/conv2d/Conv2D	1601111572462545	6249
ConstantFolding/tower_0/v/gradients/tower_0/v/cg/conv8/conv2d/Conv2D_grad/ShapeN-matshapes-0	-1	-1
tower_0/v/gradients/tower_0/v/cg/conv8/conv2d/Conv2D_grad/Conv2DBackpropFilter	1601111572581676	5937
tower_0/v/gradients/AddN_23	1601111572640354	11
tower_0/v/cg/conv10/BiasAdd	1601111572529583	91
append_apply_gradient_ops/GradientDescent/update_v/cg/conv8/biases/ApplyGradientDescent	1601111572588113	5
tower_0/v/gradients/tower_0/v/cg/conv8/BiasAdd_grad/BiasAddGrad	1601111572574903	147
tower_0/v/cg/conv9/Relu	1601111572526824	260
append_apply_gradient_ops/GradientDescent/update_v/cg/affine1/biases/ApplyGradientDescent	1601111572538467	5
train_ops_group	-1	-1
tower_0/v/gpu_cached_inputs	-1	-1
tower_0/v/gradients/tower_0/v/cg/affine0/xw_plus_b/MatMul_grad/MatMul_1	1601111572540507	1390
append_apply_gradient_ops/GradientDescent/update_v/cg/conv6/biases/ApplyGradientDescent	1601111572613614	5
ConstantFolding/tower_0/v/gradients/tower_0/v/cg/conv3/conv2d/Conv2D_grad/ShapeN-matshapes-0	-1	-1
append_apply_gradient_ops/GradientDescent/update_v/cg/conv10/biases/ApplyGradientDescent	1601111572561283	5
tower_0/v/l2_loss/L2Loss_31	1601111572431142	15
tower_0/v/l2_loss/AddN	1601111572438390	24
tower_0/v/gradients/tower_0/v/l2_loss/L2Loss_10_grad/mul	1601111572430005	16
tower_0/v/gradients/tower_0/v/cg/conv2/BiasAdd_grad/BiasAddGrad	1601111572664695	474
tower_0/v/cg/conv10/Relu	1601111572529675	68
append_apply_gradient_ops/GradientDescent/update_v/cg/conv11/conv2d/kernel/ApplyGradientDescent	1601111572560768	53
v/cg/affine1/biases	-1	-1
v/cg/conv11/biases/read	-1	-1
tower_0/v/l2_loss/L2Loss_1	1601111572430721	17
append_apply_gradient_ops/GradientDescent/update_v/cg/conv3/biases/ApplyGradientDescent	1601111572664686	4
tower_0/v/gradients/tower_0/v/cg/conv7/conv2d/Conv2D_grad/Conv2DBackpropInput	1601111572588273	3654
v/cg/affine1/weights	-1	-1
v/cg/conv0/conv2d/kernel	-1	-1
tower_0/v/l2_loss/L2Loss_7	1601111572430799	16
tower_0/v/gradients/AddN_7	1601111572551442	55
tower_0/v/gradients/tower_0/v/l2_loss/L2Loss_6_grad/mul	1601111572430600	5
tower_0/v/gradients/tower_0/v/l2_loss/L2Loss_23_grad/mul	1601111572430663	16
v/cg/conv12/conv2d/kernel	-1	-1
tower_0/v/gradients/tower_0/v/l2_loss/L2Loss_8_grad/mul	1601111572431418	17
tower_0/v/cg/conv1/conv2d/Conv2D	1601111572443304	12898
tower_0/v/gradients/tower_0/v/l2_loss/L2Loss_grad/mul	1601111572430574	4
tower_0/v/l2_loss/L2Loss_2	1601111572429583	44
tower_0/v/vgg16_synthetic_labels	1601111572428865	25
ConstantFolding/tower_0/v/gradients/tower_0/v/cg/conv10/conv2d/Conv2D_grad/ShapeN-matshapes-1	-1	-1
ConstantFolding/tower_0/v/gradients/tower_0/v/cg/conv7/conv2d/Conv2D_grad/ShapeN-matshapes-0	-1	-1
tower_0/v/cg/dropout0/dropout/dropout/random_uniform/mul	-1	-1
tower_0/v/gradients/AddN_31	1601111572732598	4
v/cg/conv8/conv2d/kernel/read	-1	-1
ConstantFolding/tower_0/v/gradients/tower_0/v/cg/conv3/conv2d/Conv2D_grad/ShapeN-matshapes-1	-1	-1
v/cg/conv1/conv2d/kernel/read	-1	-1
tower_0/v/l2_loss/L2Loss_12	1601111572429705	33
tower_0/v/xentropy/sparse_softmax_cross_entropy_loss/num_present	-1	-1
tower_0/v/l2_loss/L2Loss_3	1601111572429800	15
append_apply_gradient_ops/GradientDescent/update_v/cg/conv0/biases/ApplyGradientDescent	1601111572732603	4
tower_0/v/gradients/tower_0/v/cg/mpool2/MaxPool_grad/MaxPoolGrad	1601111572595156	1261
tower_0/v/gradients/tower_0/v/l2_loss/L2Loss_11_grad/mul	1601111572429546	16
append_apply_gradient_ops/GradientDescent/update_v/cg/affine0/biases/ApplyGradientDescent	1601111572544205	6
tower_0/v/gradients/tower_0/v/cg/conv2/Relu_grad/ReluGrad	1601111572663133	1540
v/cg/affine0/weights	-1	-1
append_apply_gradient_ops/GradientDescent/update_v/cg/conv6/conv2d/kernel/ApplyGradientDescent	1601111572629142	17
v/cg/conv2/conv2d/kernel	-1	-1
append_apply_gradient_ops/GradientDescent/update_v/cg/conv3/conv2d/kernel/ApplyGradientDescent	1601111572680690	7
tower_0/v/cg/conv11/BiasAdd	1601111572532029	92
tower_0/v/cg/dropout0_1/dropout/dropout/mul_1	1601111572536713	6
tower_0/v/gradients/AddN_3	1601111572538093	372
tower_0/v/gradients/tower_0/v/cg/Reshape_grad/Shape	-1	-1
