1599841740248385	1048576
1599841740248492	1048576
1599841740248611	256
1599841740248738	38535168
1599841740248803	256
1599841740248826	9216
1599841740248892	-9216
1599841740248918	2359296
1599841740248971	256
1599841740249013	1024
1599841740249053	256
1599841740249065	9216
1599841740249122	-9216
1599841740249141	9437184
1599841740249186	256
1599841740249226	256
1599841740249267	256
1599841740249304	1024
1599841740249343	256
1599841740249384	2048
1599841740249422	256
1599841740249460	2048
1599841740249500	256
1599841740249539	16384
1599841740249577	256
1599841740249589	9216
1599841740249639	-9216
1599841740249658	16400384
1599841740249704	256
1599841740249744	256
1599841740249786	256
1599841740249798	9216
1599841740249858	-9216
1599841740249876	9437184
1599841740249923	256
1599841740249935	9216
1599841740249989	-9216
1599841740250007	9437184
1599841740250056	256
1599841740250067	9216
1599841740250145	-9216
1599841740250165	1179648
1599841740250213	256
1599841740250256	2048
1599841740250312	256
1599841740250351	2048
1599841740252296	256
1599841740252354	4096
1599841740252398	256
1599841740252400	256
1599841740252445	-256
1599841740252464	294912
1599841740252511	256
1599841740252551	512
1599841740252588	256
1599841740252602	9216
1599841740252654	-9216
1599841740252673	9437184
1599841740252717	256
1599841740252728	9216
1599841740252777	-9216
1599841740252795	411041792
1599841740252840	256
1599841740252882	2048
1599841740252921	256
1599841740252933	9216
1599841740252980	-9216
1599841740252997	67108864
1599841740253045	256
1599841740253083	16384
1599841740253121	256
1599841740253159	6912
1599841740253197	256
1599841740253208	9216
1599841740253256	-9216
1599841740253273	2359296
1599841740253320	256
1599841740253322	256
1599841740253364	-256
1599841740253380	589824
1599841740253422	256
1599841740253434	9216
1599841740253482	-9216
1599841740253499	4718592
1599841740253540	256
1599841740253578	1024
1599841740253615	256
1599841740253652	2048
1599841740253688	256
1599841740253690	256
1599841740253730	-256
1599841740253746	147456
1599841740253787	256
1599841740253825	512
1599841740253861	256
1599841740253872	9216
1599841740253918	-9216
1599841740253936	9437184
1599841740253986	822083584
1599841740253998	6912
1599841740254076	301312
1599841740254188	-301312
1599841740254193	-6912
1599841740254238	262144
1599841740254279	-1048576
1599841740254296	262144
1599841740254326	-1048576
1599841740254434	-256
1599841740254435	-256
1599841740254436	-256
1599841740254437	-256
1599841740254437	-256
1599841740254438	-256
1599841740254439	-256
1599841740254439	-256
1599841740254440	-256
1599841740254441	-256
1599841740254441	-256
1599841740254442	-256
1599841740254443	-256
1599841740254444	-256
1599841740254444	-256
1599841740254445	-256
1599841740254446	-256
1599841740254446	-256
1599841740254447	-256
1599841740254448	-256
1599841740254448	-256
1599841740254449	-256
1599841740254450	-256
1599841740254451	-256
1599841740254451	-256
1599841740254452	-256
1599841740254453	-256
1599841740254453	-256
1599841740254454	-256
1599841740254455	-256
1599841740254455	-256
1599841740254512	1835008
1599841740254544	-262144
1599841740254559	1048576
1599841740254587	-262144
1599841740254680	1048576
1599841740254721	1048576
1599841740254765	822083584
1599841740254771	262144
1599841740254819	409856
1599841740254944	-409856
1599841740254947	-262144
1599841740255077	205520896
1599841740255152	411041792
1599841740255157	294912
1599841740255203	1388445696
1599841740255310	-1388445696
1599841740255313	-294912
1599841740255435	411041792
1599841740255440	589824
1599841740255484	1852047360
1599841740255573	-1852047360
1599841740255576	-589824
1599841740255698	102760448
1599841740255760	205520896
1599841740255765	1179648
1599841740255809	356564992
1599841740256134	-356564992
1599841740256137	-1179648
1599841740256268	205520896
1599841740256273	2359296
1599841740256318	570474496
1599841740256604	-570474496
1599841740256607	-2359296
1599841740256731	205520896
1599841740256736	2359296
1599841740256779	570474496
1599841740257059	-570474496
1599841740257061	-2359296
1599841740257200	51380224
1599841740257263	102760448
1599841740257267	4718592
1599841740257312	365690880
1599841740257405	-365690880
1599841740257408	-4718592
1599841740257529	102760448
1599841740257534	9437184
1599841740257577	500170752
1599841740257663	-500170752
1599841740257666	-9437184
1599841740257785	102760448
1599841740257790	9437184
1599841740257832	500170752
1599841740257919	-500170752
1599841740257921	-9437184
1599841740258040	25690112
1599841740258111	25690112
1599841740258116	9437184
1599841740258163	188743680
1599841740258250	-188743680
1599841740258253	-9437184
1599841740258374	25690112
1599841740258378	9437184
1599841740258420	188743680
1599841740258507	-188743680
1599841740258510	-9437184
1599841740258628	25690112
1599841740258632	9437184
1599841740258674	188743680
1599841740258760	-188743680
1599841740258762	-9437184
1599841740258880	6422528
1599841740258951	1048576
1599841740259173	1048576
1599841740259345	262144
1599841740259433	256
1599841740259436	256
1599841740259594	-256
1599841740259603	-256
1599841740259675	256
1599841740259713	-256
1599841740259725	4096
1599841740259785	1048576
1599841740259859	16400384
1599841740259897	-1048576
1599841740259899	-262144
1599841740259988	-4096
1599841740260065	-16400384
1599841740260108	-256
1599841740260154	-4096
1599841740260193	-1048576
1599841740260233	-16400384
1599841740260287	-1048576
1599841740260315	16384
1599841740260372	1048576
1599841740260442	67108864
1599841740260480	-1048576
1599841740260481	-1048576
1599841740260538	-16384
1599841740260613	-67108864
1599841740260759	-16384
1599841740260803	-1048576
1599841740260841	-67108864
1599841740260880	-1048576
1599841740260893	16384
1599841740260947	6422528
1599841740261029	411041792
1599841740261067	-1835008
1599841740261115	-16384
1599841740261164	-411041792
1599841740261204	-16384
1599841740261218	25690112
1599841740261281	-6422528
1599841740261283	-6422528
1599841740261331	-411041792
1599841740261371	-25690112
1599841740261383	2048
1599841740261396	41435648
1599841740261443	-41435648
1599841740261473	41435648
1599841740261484	16417536
1599841740261516	25690112
1599841740261542	688914432
1599841740261664	-41435648
1599841740261667	-688914432
1599841740261669	-16417536
1599841740261703	16417536
1599841740261715	9437184
1599841740261741	188743680
1599841740261873	-188743680
1599841740261876	-9437184
1599841740261887	-25690112
1599841740261942	-2048
1599841740261986	-25690112
1599841740262025	-9437184
1599841740262076	-2048
1599841740262089	2048
1599841740262117	25690112
1599841740262164	-25690112
1599841740262197	25690112
1599841740262205	9437440
1599841740262237	25690112
1599841740262257	688914432
1599841740262374	-25690112
1599841740262377	-688914432
1599841740262379	-9437440
1599841740262412	9437440
1599841740262421	9437184
1599841740262440	188743680
1599841740262558	-188743680
1599841740262561	-9437184
1599841740262570	-25690112
1599841740262626	-16417536
1599841740262666	-2048
1599841740262712	-25690112
1599841740262758	-9437184
1599841740262804	-2048
1599841740262816	2048
1599841740262830	25690112
1599841740262872	-25690112
1599841740262901	25690112
1599841740262909	9437696
1599841740262939	25690112
1599841740262958	688914432
1599841740263064	-25690112
1599841740263066	-688914432
1599841740263068	-9437696
1599841740263096	9437696
1599841740263109	16417536
1599841740263129	188743680
1599841740263246	-188743680
1599841740263249	-16417536
1599841740263258	-25690112
1599841740263312	-9437440
1599841740263353	-2048
1599841740263366	102760448
1599841740263423	-25690112
1599841740263426	-25690112
1599841740263478	-9437184
1599841740263521	-2048
1599841740263566	-102760448
1599841740263611	-9437696
1599841740263623	2048
1599841740263637	102760448
1599841740263679	-102760448
1599841740263708	102760448
1599841740263715	9437696
1599841740263746	102760448
1599841740263764	500170752
1599841740263861	-102760448
1599841740263863	-500170752
1599841740263865	-9437696
1599841740263899	9437696
1599841740263907	9437696
1599841740263926	500170752
1599841740264044	-500170752
1599841740264047	-9437696
1599841740264056	-102760448
1599841740264113	-2048
1599841740264155	-102760448
1599841740264202	-9437184
1599841740264250	-2048
1599841740264262	2048
1599841740264275	118508544
1599841740264324	-118508544
1599841740264347	118508544
1599841740264354	16419840
1599841740264383	102760448
1599841740264400	500170752
1599841740264499	-118508544
1599841740264501	-500170752
1599841740264502	-16419840
1599841740264537	16419840
1599841740264545	9437184
1599841740264563	500170752
1599841740264693	-500170752
1599841740264696	-9437184
1599841740264707	-102760448
1599841740264769	-9437696
1599841740264813	-2048
1599841740264851	-102760448
1599841740264896	-9437184
1599841740264941	-2048
1599841740264952	2304
1599841740264966	102760448
1599841740265014	-102760448
1599841740265038	51380224
1599841740265045	4718592
1599841740265074	51380224
1599841740265099	365690880
1599841740265188	-51380224
1599841740265191	-365690880
1599841740265193	-4718592
1599841740265230	4718592
1599841740265238	4718848
1599841740265257	365690880
1599841740265373	-365690880
1599841740265376	-4718848
1599841740265385	-102760448
1599841740265443	-16419840
1599841740265480	-2048
1599841740265499	282086656
1599841740265552	-51380224
1599841740265553	-51380224
1599841740265607	-4718592
1599841740265646	-2304
1599841740265691	-205520896
1599841740265735	-4718592
1599841740265747	1024
1599841740265760	205520896
1599841740265769	256
1599841740265801	-256
1599841740265805	2048
1599841740265849	-2048
1599841740265850	-205520896
1599841740265873	205520896
1599841740265881	3145728
1599841740265917	205520896
1599841740265935	570474496
1599841740266243	-205520896
1599841740266246	-570474496
1599841740266247	-3145728
1599841740266278	3145728
1599841740266287	2359296
1599841740266306	934281216
1599841740266432	-934281216
1599841740266435	-2359296
1599841740266444	-282086656
1599841740266502	-1024
1599841740266550	-205520896
1599841740266587	-2359296
1599841740266633	-1024
1599841740266645	2359808
1599841740266653	2359296
1599841740266679	934281216
1599841740266796	-934281216
1599841740266799	-2359296
1599841740266827	1024
1599841740266841	205520896
1599841740266850	256
1599841740266882	-256
1599841740266886	2048
1599841740266931	-2048
1599841740266933	-205520896
1599841740266955	205520896
1599841740266963	2359296
1599841740266999	205520896
1599841740267018	570474496
1599841740267305	-205520896
1599841740267308	-570474496
1599841740267310	-2359296
1599841740267319	-205520896
1599841740267376	-3145728
1599841740267425	-2359296
1599841740267476	-1024
1599841740267522	-205520896
1599841740267563	-2359808
1599841740267606	-1024
1599841740267618	1024
1599841740267632	282086656
1599841740267640	256
1599841740267679	-256
1599841740267684	2048
1599841740267718	-2048
1599841740267720	-282086656
1599841740267748	102760448
1599841740267755	2097408
1599841740267786	179326208
1599841740267805	356564992
1599841740268097	-102760448
1599841740268099	-356564992
1599841740268101	-2097408
1599841740268131	2097408
1599841740268140	1179648
1599841740268159	698351616
1599841740268291	-698351616
1599841740268295	-1179648
1599841740268304	-205520896
1599841740268354	-1024
1599841740268373	411041792
1599841740268449	-102760448
1599841740268451	-179326208
1599841740268507	-1179648
1599841740268554	-1024
1599841740268595	-411041792
1599841740268641	-2097408
1599841740268653	512
1599841740268667	487607552
1599841740268675	256
1599841740268706	-256
1599841740268710	1024
1599841740268752	-1024
1599841740268754	-487607552
1599841740268778	487607552
1599841740268785	589824
1599841740268821	513802240
1599841740268841	1852047360
1599841740268938	-487607552
1599841740268941	-1852047360
1599841740268943	-589824
1599841740268972	589824
1599841740268980	589824
1599841740268999	1852047360
1599841740269117	-1852047360
1599841740269121	-589824
1599841740269130	-411041792
1599841740269187	-512
1599841740269234	-411041792
1599841740269270	-589824
1599841740269318	-512
1599841740269329	512
1599841740269342	411041792
1599841740269350	256
1599841740269386	-256
1599841740269390	1024
1599841740269424	-1024
1599841740269426	-411041792
1599841740269455	205520896
1599841740269462	294912
1599841740269492	205520896
1599841740269511	142655488
1599841740270423	-205520896
1599841740270426	-142655488
1599841740270428	-294912
1599841740270459	294912
1599841740270468	294912
1599841740270488	1388445696
1599841740270603	-1388445696
1599841740270606	-294912
1599841740270615	-513802240
1599841740270668	-589824
1599841740270705	-512
1599841740270718	822083584
1599841740270785	-205520896
1599841740270787	-205520896
1599841740270835	-294912
1599841740270885	-512
1599841740270930	-822083584
1599841740270971	-294912
1599841740270988	256
1599841740271003	822083584
1599841740271012	256
1599841740271043	-256
1599841740271047	512
1599841740271087	-512
1599841740271089	-822083584
1599841740271113	822083584
1599841740271121	147456
1599841740271152	822083584
1599841740271171	409856
1599841740271267	-822083584
1599841740271271	-409856
1599841740271272	-147456
1599841740271301	147456
1599841740271310	147456
1599841740271329	15616
1599841740271475	-15616
1599841740271478	-147456
1599841740271488	-822083584
1599841740271538	-256
1599841740271588	-822083584
1599841740271631	-147456
1599841740271678	-256
1599841740271689	256
1599841740271703	822083584
1599841740271712	256
1599841740271749	-256
1599841740271753	512
1599841740271787	-512
1599841740271788	-822083584
1599841740271818	6912
1599841740271826	6912
1599841740271917	-6912
1599841740271928	-38535168
1599841740271929	-822083584
1599841740271981	-147456
1599841740272024	-256
1599841740272062	-6912
1599841740272106	-256
1599841740272144	-6912
1599841740397270	-256
