v/cg/conv10/conv2d/kernel:0
v/cg/conv3/conv2d/kernel:0
v/cg/affine1/weights:0
tower_0/v/gpu_cached_inputs:0
v/cg/conv1/conv2d/kernel:0
v/cg/conv6/conv2d/kernel:0
learning_rate_tensor/input:0
v/cg/conv0/conv2d/kernel:0
v/cg/conv2/conv2d/kernel:0
v/cg/affine0/weights:0
tower_0/v/gradients/tower_0/v/xentropy/sparse_softmax_cross_entropy_loss/xentropy/xentropy_grad/ExpandDims:0
v/cg/conv6/biases:0
v/cg/conv5/conv2d/kernel:0
tower_0/v/cg/dropout0/dropout/dropout/rate:0
v/cg/conv2/biases:0
v/cg/conv8/biases:0
tower_0/v/cg/dropout0/dropout/dropout/truediv:0
v/cg/conv1/biases:0
v/cg/conv9/conv2d/kernel:0
v/cg/conv8/conv2d/kernel:0
v/cg/conv4/conv2d/kernel:0
tower_0/v/mul/x:0
v/cg/affine2/biases:0
v/cg/conv7/biases:0
v/cg/conv10/biases:0
v/cg/affine0/biases:0
v/cg/conv7/conv2d/kernel:0
v/cg/conv0/biases:0
v/cg/conv11/biases:0
v/cg/conv12/conv2d/kernel:0
v/cg/affine2/weights:0
v/cg/conv5/biases:0
tower_0/v/xentropy/sparse_softmax_cross_entropy_loss/num_present:0
v/cg/conv9/biases:0
v/cg/conv11/conv2d/kernel:0
v/cg/conv12/biases:0
v/cg/affine1/biases:0
v/cg/conv4/biases:0
v/cg/conv3/biases:0
