tower_0/v/cg/dropout0/dropout/dropout/mul	1599841736339706	13
v/cg/conv10/conv2d/kernel	-1	-1
v/cg/conv3/conv2d/kernel	-1	-1
tower_0/v/gradients/AddN_31	1599841736749806	4
v/cg/affine1/weights	-1	-1
tower_0/v/l2_loss/L2Loss_18	1599841736325822	40
tower_0/v/gradients/AddN	1599841736469592	7
average_loss/Mean/input	-1	-1
v/cg/conv7/biases/read	-1	-1
v/cg/conv0/biases/read	-1	-1
append_apply_gradient_ops/GradientDescent/update_v/cg/affine0/weights/ApplyGradientDescent	1599841736477389	2301
v/cg/conv3/biases/read	-1	-1
tower_0/v/l2_loss/L2Loss_1	1599841736325542	4
tower_0/v/cg/dropout0_1/dropout/dropout/GreaterEqual	1599841736332189	10
tower_0/v/cg/conv9/conv2d/Conv2D	1599841736447122	8768
tower_0/v/gpu_cached_inputs	-1	-1
tower_0/v/gradients/tower_0/v/cg/conv2/conv2d/Conv2D_grad/Conv2DBackpropFilter	1599841736655259	15103
append_apply_gradient_ops/GradientDescent/update_v/cg/conv10/conv2d/kernel/ApplyGradientDescent	1599841736500552	59
tower_0/v/gradients/tower_0/v/cg/conv1/conv2d/Conv2D_grad/Conv2DBackpropFilter	1599841736702186	34668
ConstantFolding/tower_0/v/gradients/tower_0/v/cg/conv3/conv2d/Conv2D_grad/ShapeN-matshapes-1	-1	-1
tower_0/v/gradients/tower_0/v/cg/conv1/Relu_grad/ReluGrad	1599841736676189	4938
tower_0/v/gradients/tower_0/v/cg/dropout0_1/dropout/dropout/mul_grad/Mul	1599841736469734	13
tower_0/v/cg/affine0/affine0	1599841736468499	8
tower_0/v/l2_loss/L2Loss_23	1599841736326159	11
v/cg/affine1/weights/read	-1	-1
v/cg/conv1/conv2d/kernel	-1	-1
tower_0/v/cg/conv10/Relu	1599841736460228	104
append_apply_gradient_ops/GradientDescent/update_v/cg/conv2/biases/ApplyGradientDescent	1599841736676183	4
append_apply_gradient_ops/GradientDescent/update_v/cg/affine1/weights/ApplyGradientDescent	1599841736471031	374
tower_0/v/gradients/tower_0/v/l2_loss/L2Loss_14_grad/mul	1599841736329475	18
append_apply_gradient_ops/GradientDescent/update_v/cg/conv4/biases/ApplyGradientDescent	1599841736610936	6
_SOURCE	-1	-1
tower_0/v/gradients/tower_0/v/l2_loss/L2Loss_29_grad/mul	1599841736329378	4
tower_0/v/gradients/tower_0/v/l2_loss/L2Loss_15_grad/mul	1599841736329513	4
tower_0/v/gradients/tower_0/v/cg/affine0/xw_plus_b_grad/BiasAddGrad	1599841736471432	10
tower_0/v/gradients/AddN_4	1599841736474816	7
tower_0/v/cg/conv6/BiasAdd	1599841736429174	1041
tower_0/v/cg/conv10/conv2d/Conv2D	1599841736457141	2945
tower_0/v/gradients/tower_0/v/l2_loss/L2Loss_19_grad/mul	1599841736326128	13
tower_0/v/vgg16_synthetic_labels/max	-1	-1
tower_0/v/gradients/tower_0/v/cg/conv2/Relu_grad/ReluGrad	1599841736643975	2414
v/cg/conv8/conv2d/kernel/read	-1	-1
tower_0/v/xentropy/sparse_softmax_cross_entropy_loss/Sum	1599841736469291	7
tower_0/v/gradients/tower_0/v/cg/affine1/affine1_grad/ReluGrad	1599841736469848	14
tower_0/v/vgg16_synthetic_labels	1599841736324930	23
tower_0/v/gradients/AddN_19	1599841736572644	21
tower_0/v/gradients/tower_0/v/l2_loss/L2Loss_27_grad/mul	1599841736325630	11
tower_0/v/cg/dropout0/dropout/dropout/random_uniform/RandomUniform	1599841736324757	48
tower_0/v/gradients/tower_0/v/l2_loss/L2Loss_16_grad/mul	1599841736329582	35
append_apply_gradient_ops/GradientDescent/update_v/cg/conv11/biases/ApplyGradientDescent	1599841736492923	8
ConstantFolding/tower_0/v/gradients/tower_0/v/cg/conv10/conv2d/Conv2D_grad/ShapeN-matshapes-0	-1	-1
tower_0/v/gradients/tower_0/v/l2_loss/L2Loss_9_grad/mul	1599841736329501	4
tower_0/v/gradients/tower_0/v/cg/conv3/conv2d/Conv2D_grad/Conv2DBackpropInput	1599841736614099	13204
tower_0/v/gradients/tower_0/v/l2_loss/L2Loss_2_grad/mul	1599841736329531	4
tower_0/v/cg/conv8/conv2d/Conv2D	1599841736437430	8762
tower_0/v/cg/dropout0/dropout/dropout/random_uniform/mul	-1	-1
tower_0/v/cg/dropout0_1/dropout/dropout/mul_1	1599841736468864	11
tower_0/v/l2_loss/L2Loss_31	1599841736326232	12
ConstantFolding/tower_0/v/gradients/tower_0/v/cg/conv11/conv2d/Conv2D_grad/ShapeN-matshapes-1	-1	-1
tower_0/v/gradients/tower_0/v/l2_loss/L2Loss_10_grad/mul	1599841736325450	8
tower_0/v/cg/conv1/Relu	1599841736363575	3237
tower_0/v/gradients/tower_0/v/l2_loss/L2Loss_grad/mul	1599841736329392	4
tower_0/v/gradients/tower_0/v/cg/conv8/conv2d/Conv2D_grad/Conv2DBackpropInput	1599841736519254	8711
ConstantFolding/tower_0/v/gradients/tower_0/v/cg/conv5/conv2d/Conv2D_grad/ShapeN-matshapes-0	-1	-1
tower_0/v/l2_loss/L2Loss_19	1599841736326081	12
tower_0/v/gradients/tower_0/v/cg/affine0/xw_plus_b/MatMul_grad/MatMul	1599841736471445	1630
tower_0/v/l2_loss/L2Loss_3	1599841736325786	4
tower_0/v/gpu_cached_inputs/read	-1	-1
tower_0/v/gradients/tower_0/v/cg/conv7/conv2d/Conv2D_grad/Conv2DBackpropInput	1599841736537744	4805
v/cg/conv6/conv2d/kernel	-1	-1
tower_0/v/gradients/AddN_21	1599841736593606	20
tower_0/v/cg/conv4/conv2d/Conv2D	1599841736399650	5919
tower_0/v/l2_loss/L2Loss_12	1599841736329397	16
v/cg/affine1/biases/read	-1	-1
tower_0/v/cg/conv5/conv2d/Conv2D	1599841736407417	9944
tower_0/v/gradients/tower_0/v/cg/conv6/conv2d/Conv2D_grad/Conv2DBackpropInput	1599841736550907	10001
learning_rate_tensor/input	-1	-1
append_apply_gradient_ops/GradientDescent/update_v/cg/conv7/conv2d/kernel/ApplyGradientDescent	1599841736550486	35
main_fetch_group	-1	-1
tower_0/v/l2_loss/L2Loss_26	1599841736326638	729
v/cg/conv0/conv2d/kernel	-1	-1
v/cg/conv2/conv2d/kernel	-1	-1
tower_0/v/gradients/tower_0/v/cg/affine2/xw_plus_b/MatMul_grad/MatMul	1599841736469329	147
tower_0/v/gradients/AddN_25	1599841736646392	12
ConstantFolding/tower_0/v/gradients/tower_0/v/cg/conv12/conv2d/Conv2D_grad/ShapeN-matshapes-1	-1	-1
ConstantFolding/tower_0/v/gradients/tower_0/v/cg/conv3/conv2d/Conv2D_grad/ShapeN-matshapes-0	-1	-1
tower_0/v/cg/mpool1/MaxPool	1599841736398462	1186
tower_0/v/cg/dropout0/dropout/dropout/Shape	-1	-1
tower_0/v/cg/conv5/Relu	1599841736418406	800
v/cg/affine0/weights	-1	-1
tower_0/v/gradients/tower_0/v/cg/conv6/Relu_grad/ReluGrad	1599841736549315	1167
tower_0/v/gradients/tower_0/v/cg/affine0/xw_plus_b/MatMul_grad/MatMul_1	1599841736473078	1735
tower_0/v/cg/conv2/BiasAdd	1599841736377744	2083
tower_0/v/gradients/tower_0/v/cg/dropout0_1/dropout/dropout/mul_1_grad/Mul	1599841736469602	10
tower_0/v/gradients/AddN_24	1599841736643965	7
tower_0/v/gradients/AddN_5	1599841736474825	2301
tower_0/v/gradients/tower_0/v/l2_loss/L2Loss_3_grad/mul	1599841736325792	4
v/cg/conv1/biases/read	-1	-1
tower_0/v/gradients/AddN_1	1599841736469613	97
ConstantFolding/tower_0/v/gradients/tower_0/v/cg/conv8/conv2d/Conv2D_grad/ShapeN-matshapes-1	-1	-1
tower_0/v/l2_loss/L2Loss_30	1599841736325670	51
tower_0/v/cg/dropout0/dropout/dropout/GreaterEqual	1599841736332173	13
tower_0/v/gradients/tower_0/v/cg/mpool4/MaxPool_grad/MaxPoolGrad	1599841736477138	249
main_fetch_group/_70	-1	-1
tower_0/v/gradients/tower_0/v/l2_loss/L2Loss_5_grad/mul	1599841736326433	18
tower_0/v/gradients/tower_0/v/cg/affine2/xw_plus_b_grad/BiasAddGrad	1599841736469304	14
tower_0/v/gradients/tower_0/v/cg/dropout0/dropout/dropout/mul_grad/Mul	1599841736471016	14
tower_0/v/gradients/tower_0/v/xentropy/sparse_softmax_cross_entropy_loss/xentropy/xentropy_grad/ExpandDims	-1	-1
v/cg/conv6/biases	-1	-1
tower_0/v/cg/mpool3/MaxPool	1599841736456822	317
tower_0/v/transpose/perm	-1	-1
ConstantFolding/tower_0/v/gradients/tower_0/v/cg/conv7/conv2d/Conv2D_grad/ShapeN-matshapes-1	-1	-1
v/cg/conv5/conv2d/kernel	-1	-1
tower_0/v/gradients/tower_0/v/cg/conv10/conv2d/Conv2D_grad/Conv2DBackpropInput	1599841736493019	2932
tower_0/v/gradients/AddN_9	1599841736492860	60
tower_0/v/cg/mpool2/MaxPool	1599841736431025	595
tower_0/v/cg/conv3/conv2d/Conv2D	1599841736381438	13327
tower_0/v/gradients/tower_0/v/l2_loss/L2Loss_21_grad/mul	1599841736325581	4
tower_0/v/l2_loss/L2Loss_21	1599841736325575	5
average_loss/range	-1	-1
tower_0/v/cg/mpool4/MaxPool	1599841736466733	91
tower_0/v/gradients/tower_0/v/cg/mpool1/MaxPool_grad/MaxPoolGrad	1599841736607989	2927
v/cg/conv9/conv2d/kernel/read	-1	-1
tower_0/v/l2_loss/L2Loss_17	1599841736325564	4
tower_0/v/gradients/tower_0/v/cg/conv8/Relu_grad/ReluGrad	1599841736518381	576
tower_0/v/cg/conv11/conv2d/Conv2D	1599841736460334	2948
append_apply_gradient_ops/GradientDescent/update_v/cg/conv1/conv2d/kernel/ApplyGradientDescent	1599841736749793	6
tower_0/v/cg/conv7/conv2d/Conv2D	1599841736431621	4876
tower_0/v/l2_loss/AddN	1599841736332201	36
append_apply_gradient_ops/GradientDescent/update_v/cg/conv2/conv2d/kernel/ApplyGradientDescent	1599841736681128	7
tower_0/v/cg/dropout0/dropout/dropout/rate	-1	-1
append_apply_gradient_ops/GradientDescent/update_v/cg/conv0/biases/ApplyGradientDescent	1599841736749812	4
append_apply_gradient_ops/GradientDescent/update_v/cg/affine1/biases/ApplyGradientDescent	1599841736471006	8
v/cg/conv2/biases	-1	-1
tower_0/v/gradients/tower_0/v/cg/conv8/conv2d/Conv2D_grad/Conv2DBackpropFilter	1599841736527969	8818
v/cg/conv8/biases	-1	-1
tower_0/v/gradients/tower_0/v/cg/conv2/conv2d/Conv2D_grad/Conv2DBackpropInput	1599841736647140	8115
tower_0/v/add	1599841736469714	7
tower_0/v/l2_loss/L2Loss_15	1599841736329507	5
tower_0/v/cg/conv1/conv2d/Conv2D	1599841736339736	19642
tower_0/v/cg/conv10/BiasAdd	1599841736460087	138
tower_0/v/gradients/tower_0/v/cg/conv10/BiasAdd_grad/BiasAddGrad	1599841736492943	72
ConstantFolding/tower_0/v/gradients/tower_0/v/cg/conv10/conv2d/Conv2D_grad/ShapeN-matshapes-1	-1	-1
tower_0/v/l2_loss/L2Loss_8	1599841736326004	26
append_apply_gradient_ops/GradientDescent/update_v/cg/conv9/biases/ApplyGradientDescent	1599841736519022	7
tower_0/v/gradients/AddN_11	1599841736499898	59
tower_0/v/transpose	1599841736325041	385
v/cg/affine2/biases/read	-1	-1
append_apply_gradient_ops/GradientDescent/update_v/cg/conv6/conv2d/kernel/ApplyGradientDescent	1599841736593580	25
average_loss/Mean	-1	-1
tower_0/v/vgg16_synthetic_labels/shape	-1	-1
tower_0/v/l2_loss/L2Loss_9	1599841736329495	4
tower_0/v/gradients/tower_0/v/cg/affine1/xw_plus_b/MatMul_grad/MatMul	1599841736469891	399
tower_0/v/gradients/tower_0/v/cg/conv3/conv2d/Conv2D_grad/Conv2DBackpropFilter	1599841736627304	16658
tower_0/v/gradients/tower_0/v/cg/conv5/BiasAdd_grad/BiasAddGrad	1599841736583230	380
tower_0/v/cg/affine1/xw_plus_b	1599841736468842	9
tower_0/v/cg/dropout0/dropout/dropout/truediv	-1	-1
tower_0/v/cg/conv7/Relu	1599841736437026	402
v/cg/conv1/biases	-1	-1
v/cg/conv9/conv2d/kernel	-1	-1
tower_0/v/gradients/tower_0/v/cg/conv6/BiasAdd_grad/BiasAddGrad	1599841736550523	381
tower_0/v/xentropy/sparse_softmax_cross_entropy_loss/Mul	-1	-1
tower_0/v/gradients/tower_0/v/cg/conv11/conv2d/Conv2D_grad/Conv2DBackpropFilter	1599841736489376	3259
tower_0/v/mul	1599841736336455	7
v/cg/affine0/biases/read	-1	-1
tower_0/v/gradients/AddN_12	1599841736518370	7
tower_0/v/gradients/tower_0/v/l2_loss/L2Loss_20_grad/mul	1599841736325505	35
tower_0/v/gradients/AddN_15	1599841736537437	60
tower_0/v/gradients/tower_0/v/cg/conv1/conv2d/Conv2D_grad/Conv2DBackpropInput	1599841736682527	19657
tower_0/v/gradients/AddN_7	1599841736486290	59
tower_0/v/gradients/tower_0/v/l2_loss/L2Loss_30_grad/mul	1599841736325723	62
tower_0/v/gradients/tower_0/v/cg/mpool2/MaxPool_grad/MaxPoolGrad	1599841736547355	1911
v/cg/conv8/conv2d/kernel	-1	-1
tower_0/v/gradients/AddN_13	1599841736518959	60
tower_0/v/gradients/AddN_6	1599841736486131	7
tower_0/v/xentropy/sparse_softmax_cross_entropy_loss/value	1599841736469582	6
v/cg/conv4/conv2d/kernel	-1	-1
tower_0/v/cg/dropout0/dropout/dropout/mul_1	1599841736468508	11
tower_0/v/gradients/tower_0/v/l2_loss/L2Loss_18_grad/mul	1599841736325867	41
append_apply_gradient_ops/GradientDescent/update_v/cg/conv8/conv2d/kernel/ApplyGradientDescent	1599841736547286	56
tower_0/v/gradients/AddN_28	1599841736736856	4
tower_0/v/gradients/tower_0/v/cg/conv4/Relu_grad/ReluGrad	1599841736593637	1178
tower_0/v/cg/affine1/xw_plus_b/MatMul	1599841736468531	309
v/cg/conv1/conv2d/kernel/read	-1	-1
tower_0/v/gradients/tower_0/v/l2_loss/L2Loss_13_grad/mul	1599841736325466	4
tower_0/v/cg/dropout0/dropout/dropout/Cast	1599841736336432	11
tower_0/v/cg/conv9/Relu	1599841736456419	401
tower_0/v/l2_loss/L2Loss_13	1599841736325459	5
tower_0/v/cg/conv0/Relu	1599841736336465	3238
tower_0/v/gradients/tower_0/v/cg/conv5/conv2d/Conv2D_grad/Conv2DBackpropInput	1599841736583613	9963
v/cg/conv2/biases/read	-1	-1
tower_0/v/l2_loss/L2Loss_20	1599841736325471	33
append_apply_gradient_ops/GradientDescent/update_v/cg/conv8/biases/ApplyGradientDescent	1599841736537498	7
tower_0/v/gradients/tower_0/v/xentropy/sparse_softmax_cross_entropy_loss/xentropy/xentropy_grad/mul	1599841736469279	9
tower_0/v/gradients/AddN_23	1599841736610918	15
average_loss/Mean/_74	1599841736471011	7
tower_0/v/gradients/tower_0/v/l2_loss/L2Loss_25_grad/mul	1599841736328972	4
v/cg/affine2/weights/read	-1	-1
tower_0/v/cg/conv1/BiasAdd	1599841736359381	4191
tower_0/v/gradients/tower_0/v/l2_loss/L2Loss_26_grad/mul	1599841736327368	1596
tower_0/v/cg/conv0/BiasAdd	1599841736332239	4190
tower_0/v/gradients/tower_0/v/cg/conv12/conv2d/Conv2D_grad/Conv2DBackpropFilter	1599841736482867	3261
tower_0/v/cg/mpool0/MaxPool	1599841736366816	2264
ConstantFolding/tower_0/v/gradients/tower_0/v/cg/conv5/conv2d/Conv2D_grad/ShapeN-matshapes-1	-1	-1
tower_0/v/cg/conv11/Relu	1599841736463423	104
tower_0/v/gradients/AddN_8	1599841736492698	7
tower_0/v/l2_loss/L2Loss_16	1599841736329548	32
tower_0/v/cg/conv6/conv2d/Conv2D	1599841736419210	9958
append_apply_gradient_ops/GradientDescent/update_v/cg/conv11/conv2d/kernel/ApplyGradientDescent	1599841736499228	57
tower_0/v/gradients/AddN_16	1599841736547345	7
tower_0/v/gradients/tower_0/v/cg/conv5/Relu_grad/ReluGrad	1599841736571478	1164
tower_0/v/cg/Reshape/shape	-1	-1
tower_0/v/cg/dropout0_1/dropout/dropout/mul	1599841736339721	12
tower_0/v/gradients/tower_0/v/cg/conv1/BiasAdd_grad/BiasAddGrad	1599841736681144	1382
tower_0/v/mul/x	-1	-1
tower_0/v/gradients/tower_0/v/cg/affine2/xw_plus_b/MatMul_grad/MatMul_1	1599841736469479	100
tower_0/v/cg/conv12/BiasAdd	1599841736466486	137
v/cg/conv4/biases/read	-1	-1
append_apply_gradient_ops/GradientDescent/update_v/cg/conv3/biases/ApplyGradientDescent	1599841736646408	6
tower_0/v/l2_loss/L2Loss_10	1599841736325429	19
append_apply_gradient_ops/GradientDescent/update_v/cg/affine2/weights/ApplyGradientDescent	1599841736469749	96
v/cg/conv11/biases/read	-1	-1
v/cg/affine2/biases	-1	-1
tower_0/v/cg/conv3/Relu	1599841736396852	1608
tower_0/v/gradients/tower_0/v/l2_loss/L2Loss_11_grad/mul	1599841736325558	4
v/cg/conv7/conv2d/kernel/read	-1	-1
tower_0/v/gradients/tower_0/v/cg/conv5/conv2d/Conv2D_grad/Conv2DBackpropFilter	1599841736572678	10546
ConstantFolding/tower_0/v/gradients/tower_0/v/cg/conv9/conv2d/Conv2D_grad/ShapeN-matshapes-0	-1	-1
ConstantFolding/tower_0/v/gradients/tower_0/v/cg/conv0/conv2d/Conv2D_grad/ShapeN-matshapes-1	-1	-1
tower_0/v/cg/conv3/BiasAdd	1599841736394769	2080
v/cg/conv7/biases	-1	-1
tower_0/v/cg/conv9/BiasAdd	1599841736455893	522
v/cg/conv10/biases/read	-1	-1
ConstantFolding/tower_0/v/gradients/tower_0/v/cg/conv4/conv2d/Conv2D_grad/ShapeN-matshapes-1	-1	-1
append_apply_gradient_ops/GradientDescent/update_v/cg/conv0/conv2d/kernel/ApplyGradientDescent	1599841736749818	4
tower_0/v/gradients/tower_0/v/l2_loss/L2Loss_12_grad/mul	1599841736329414	8
tower_0/v/gradients/tower_0/v/cg/conv2/BiasAdd_grad/BiasAddGrad	1599841736646419	719
tower_0/v/cg/conv8/Relu	1599841736446718	402
tower_0/v/cg/conv12/Relu	1599841736466626	106
v/cg/conv10/biases	-1	-1
append_apply_gradient_ops/GradientDescent/update_v/cg/conv9/conv2d/kernel/ApplyGradientDescent	1599841736536790	57
tower_0/v/cg/conv2/conv2d/Conv2D	1599841736369083	8658
v/cg/conv6/biases/read	-1	-1
ConstantFolding/tower_0/v/gradients/tower_0/v/cg/conv4/conv2d/Conv2D_grad/ShapeN-matshapes-0	-1	-1
tower_0/v/gradients/tower_0/v/cg/conv6/conv2d/Conv2D_grad/Conv2DBackpropFilter	1599841736560912	10552
tower_0/v/cg/conv7/BiasAdd	1599841736436499	523
tower_0/v/l2_loss/L2Loss_7	1599841736329537	4
v/cg/conv10/conv2d/kernel/read	-1	-1
tower_0/v/xentropy/sparse_softmax_cross_entropy_loss/xentropy/xentropy	1599841736469070	206
tower_0/v/gradients/tower_0/v/cg/affine1/xw_plus_b/MatMul_grad/MatMul_1	1599841736470293	306
tower_0/v/gradients/tower_0/v/l2_loss/L2Loss_24_grad/mul	1599841736326569	45
tower_0/v/gradients/tower_0/v/l2_loss/L2Loss_23_grad/mul	1599841736326187	11
ConstantFolding/tower_0/v/gradients/tower_0/v/cg/conv8/conv2d/Conv2D_grad/ShapeN-matshapes-0	-1	-1
tower_0/v/gradients/tower_0/v/cg/conv4/BiasAdd_grad/BiasAddGrad	1599841736594855	380
v/cg/affine0/biases	-1	-1
tower_0/v/gradients/tower_0/v/cg/conv12/Relu_grad/ReluGrad	1599841736479692	150
tower_0/v/gradients/tower_0/v/cg/conv12/BiasAdd_grad/BiasAddGrad	1599841736479847	73
ConstantFolding/average_loss/Mean/input_const_axis	-1	-1
tower_0/v/gradients/AddN_3	1599841736470628	377
v/cg/conv7/conv2d/kernel	-1	-1
v/cg/conv0/biases	-1	-1
v/cg/conv11/biases	-1	-1
tower_0/v/gradients/tower_0/v/cg/mpool0/MaxPool_grad/MaxPoolGrad	1599841736670378	5796
tower_0/v/cg/conv0/conv2d/Conv2D	1599841736329618	2552
ConstantFolding/tower_0/v/gradients/tower_0/v/cg/conv6/conv2d/Conv2D_grad/ShapeN-matshapes-1	-1	-1
tower_0/v/gradients/tower_0/v/cg/affine0/affine0_grad/ReluGrad	1599841736471409	14
tower_0/v/gradients/tower_0/v/l2_loss/L2Loss_31_grad/mul	1599841736326261	12
ConstantFolding/tower_0/v/gradients/tower_0/v/cg/conv6/conv2d/Conv2D_grad/ShapeN-matshapes-0	-1	-1
v/cg/conv4/conv2d/kernel/read	-1	-1
tower_0/v/gradients/AddN_30	1599841736749801	4
ConstantFolding/tower_0/v/gradients/tower_0/v/cg/conv9/conv2d/Conv2D_grad/ShapeN-matshapes-1	-1	-1
tower_0/v/gradients/tower_0/v/cg/conv9/BiasAdd_grad/BiasAddGrad	1599841736500622	214
tower_0/v/gradients/tower_0/v/cg/affine1/xw_plus_b_grad/BiasAddGrad	1599841736469867	14
ConstantFolding/tower_0/v/gradients/tower_0/v/cg/conv1/conv2d/Conv2D_grad/ShapeN-matshapes-1	-1	-1
append_apply_gradient_ops/GradientDescent	-1	-1
append_apply_gradient_ops/GradientDescent/update_v/cg/conv5/conv2d/kernel/ApplyGradientDescent	1599841736594819	20
v/cg/conv12/conv2d/kernel/read	-1	-1
tower_0/v/gradients/tower_0/v/l2_loss/L2Loss_17_grad/mul	1599841736325570	4
tower_0/v/cg/conv4/BiasAdd	1599841736405572	1039
tower_0/v/gradients/AddN_10	1599841736499287	6
tower_0/v/gradients/tower_0/v/cg/conv3/Relu_grad/ReluGrad	1599841736610946	2407
v/cg/conv3/conv2d/kernel/read	-1	-1
v/cg/conv12/biases/read	-1	-1
append_apply_gradient_ops/GradientDescent/update_v/cg/conv7/biases/ApplyGradientDescent	1599841736549306	7
tower_0/v/l2_loss/L2Loss_14	1599841736329451	23
tower_0/v/gradients/tower_0/v/cg/conv9/conv2d/Conv2D_grad/Conv2DBackpropFilter	1599841736509562	8806
v/cg/conv12/conv2d/kernel	-1	-1
gpu_compute_stage_ops_group	-1	-1
ConstantFolding/tower_0/v/gradients/tower_0/v/cg/conv7/conv2d/Conv2D_grad/ShapeN-matshapes-0	-1	-1
tower_0/v/cg/conv8/BiasAdd	1599841736446195	519
tower_0/v/l2_loss/L2Loss_11	1599841736325553	4
v/cg/affine2/weights	-1	-1
v/cg/conv5/biases	-1	-1
tower_0/v/xentropy/sparse_softmax_cross_entropy_loss/num_present	-1	-1
tower_0/v/gradients/tower_0/v/cg/conv9/Relu_grad/ReluGrad	1599841736499971	577
v/cg/conv6/conv2d/kernel/read	-1	-1
tower_0/v/gradients/tower_0/v/cg/Reshape_grad/Shape	-1	-1
tower_0/v/cg/affine0/xw_plus_b/MatMul	1599841736466834	1649
tower_0/v/l2_loss/L2Loss_29	1599841736329366	11
tower_0/v/cg/conv2/Relu	1599841736379830	1604
tower_0/v/l2_loss/L2Loss_2	1599841736329518	12
tower_0/v/gradients/tower_0/v/cg/conv9/conv2d/Conv2D_grad/Conv2DBackpropInput	1599841736500839	8720
append_apply_gradient_ops/GradientDescent/update_v/cg/affine0/biases/ApplyGradientDescent	1599841736477129	7
ConstantFolding/tower_0/v/gradients/tower_0/v/cg/conv2/conv2d/Conv2D_grad/ShapeN-matshapes-0	-1	-1
tower_0/v/vgg16_synthetic_labels/min	-1	-1
append_apply_gradient_ops/GradientDescent/update_v/cg/conv6/biases/ApplyGradientDescent	1599841736572668	7
tower_0/v/cg/conv6/Relu	1599841736430218	804
tower_0/v/l2_loss/L2Loss_4	1599841736326292	27
tower_0/v/gradients/tower_0/v/l2_loss/L2Loss_1_grad/mul	1599841736325547	4
tower_0/v/gradients/tower_0/v/cg/conv7/Relu_grad/ReluGrad	1599841736536858	575
tower_0/v/gradients/tower_0/v/cg/conv10/conv2d/Conv2D_grad/Conv2DBackpropFilter	1599841736495964	3261
v/cg/conv5/conv2d/kernel/read	-1	-1
tower_0/v/cg/conv5/BiasAdd	1599841736417366	1037
v/cg/conv9/biases	-1	-1
tower_0/v/l2_loss/L2Loss	1599841736329384	6
tower_0/v/cg/dropout0_1/dropout/dropout/random_uniform/mul	-1	-1
v/cg/conv11/conv2d/kernel	-1	-1
tower_0/v/gradients/tower_0/v/cg/conv11/Relu_grad/ReluGrad	1599841736486141	148
tower_0/v/gradients/tower_0/v/l2_loss/L2Loss_4_grad/mul	1599841736326338	12
ConstantFolding/tower_0/v/gradients/tower_0/v/cg/conv2/conv2d/Conv2D_grad/ShapeN-matshapes-1	-1	-1
tower_0/v/gradients/tower_0/v/cg/conv11/conv2d/Conv2D_grad/Conv2DBackpropInput	1599841736486448	2925
tower_0/v/cg/affine0/xw_plus_b	1599841736468486	9
tower_0/v/gradients/AddN_20	1599841736593628	7
tower_0/v/cg/affine1/affine1	1599841736468854	7
tower_0/v/gradients/AddN_17	1599841736549268	35
tower_0/v/cg/dropout0_1/dropout/dropout/Cast	1599841736336444	10
tower_0/v/l2_loss/L2Loss_24	1599841736326498	44
tower_0/v/gradients/tower_0/v/cg/Reshape_grad/Reshape	-1	-1
append_apply_gradient_ops/GradientDescent/update_v/cg/conv1/biases/ApplyGradientDescent	1599841736741820	4
tower_0/v/gradients/tower_0/v/cg/conv4/conv2d/Conv2D_grad/Conv2DBackpropFilter	1599841736600807	7170
tower_0/v/gradients/AddN_2	1599841736470603	6
v/cg/conv11/conv2d/kernel/read	-1	-1
tower_0/v/gradients/tower_0/v/l2_loss/L2Loss_22_grad/mul	1599841736325958	43
append_apply_gradient_ops/GradientDescent/update_v/cg/conv5/biases/ApplyGradientDescent	1599841736594842	6
tower_0/v/cg/affine2/xw_plus_b	1599841736469060	7
tower_0/v/cg/Reshape	-1	-1
tower_0/v/gradients/tower_0/v/cg/conv0/Relu_grad/ReluGrad	1599841736736862	4949
v/cg/affine0/weights/read	-1	-1
v/cg/conv12/biases	-1	-1
append_apply_gradient_ops/GradientDescent/update_v/cg/affine2/biases/ApplyGradientDescent	1599841736469723	8
tower_0/v/cg/conv12/conv2d/Conv2D	1599841736463528	2955
tower_0/v/gradients/tower_0/v/cg/conv0/BiasAdd_grad/BiasAddGrad	1599841736741832	1384
tower_0/v/l2_loss/L2Loss_28	1599841736328977	131
tower_0/v/gradients/tower_0/v/cg/mpool3/MaxPool_grad/MaxPoolGrad	1599841736499296	600
v/cg/conv8/biases/read	-1	-1
v/cg/conv5/biases/read	-1	-1
tower_0/v/gradients/AddN_22	1599841736607979	7
tower_0/v/l2_loss/L2Loss_6	1599841736329424	20
tower_0/v/cg/conv11/BiasAdd	1599841736463284	137
append_apply_gradient_ops/GradientDescent/update_v/cg/conv12/conv2d/kernel/ApplyGradientDescent	1599841736492638	57
tower_0/v/l2_loss/L2Loss_5	1599841736326387	19
append_apply_gradient_ops/GradientDescent/update_v/cg/conv4/conv2d/kernel/ApplyGradientDescent	1599841736613355	13
tower_0/v/l2_loss/L2Loss_27	1599841736325601	17
ConstantFolding/tower_0/v/gradients/tower_0/v/cg/conv12/conv2d/Conv2D_grad/ShapeN-matshapes-0	-1	-1
tower_0/v/gradients/tower_0/v/cg/conv12/conv2d/Conv2D_grad/Conv2DBackpropInput	1599841736479923	2942
tower_0/v/gradients/tower_0/v/cg/conv11/BiasAdd_grad/BiasAddGrad	1599841736486369	77
tower_0/v/l2_loss/L2Loss_22	1599841736325913	38
tower_0/v/gradients/tower_0/v/cg/conv10/Relu_grad/ReluGrad	1599841736492708	149
tower_0/v/gradients/AddN_27	1599841736676175	6
tower_0/v/gradients/AddN_26	1599841736670372	4
tower_0/v/gradients/tower_0/v/cg/conv3/BiasAdd_grad/BiasAddGrad	1599841736613376	720
ConstantFolding/tower_0/v/gradients/tower_0/v/cg/conv11/conv2d/Conv2D_grad/ShapeN-matshapes-0	-1	-1
tower_0/v/gradients/AddN_29	1599841736741812	6
append_apply_gradient_ops/GradientDescent/update_v/cg/conv3/conv2d/kernel/ApplyGradientDescent	1599841736670364	7
tower_0/v/gradients/tower_0/v/l2_loss/L2Loss_6_grad/mul	1599841736329445	5
tower_0/v/gradients/tower_0/v/cg/dropout0/dropout/dropout/mul_1_grad/Mul	1599841736470613	11
append_apply_gradient_ops/GradientDescent/update_v/cg/conv10/biases/ApplyGradientDescent	1599841736499961	7
v/cg/conv0/conv2d/kernel/read	-1	-1
tower_0/v/gradients/tower_0/v/cg/conv0/conv2d/Conv2D_grad/Conv2DBackpropFilter	1599841736743224	6568
train_ops_group	-1	-1
v/cg/affine1/biases	-1	-1
tower_0/v/gradients/tower_0/v/cg/conv8/BiasAdd_grad/BiasAddGrad	1599841736519037	215
tower_0/v/gradients/AddN_14	1599841736536848	7
tower_0/v/gradients/tower_0/v/cg/conv7/conv2d/Conv2D_grad/Conv2DBackpropFilter	1599841736542552	4731
tower_0/v/gradients/tower_0/v/l2_loss/L2Loss_7_grad/mul	1599841736329543	4
tower_0/v/gradients/AddN_18	1599841736571468	6
ConstantFolding/tower_0/v/gradients/tower_0/v/cg/conv1/conv2d/Conv2D_grad/ShapeN-matshapes-0	-1	-1
tower_0/v/cg/conv4/Relu	1599841736406614	800
tower_0/v/gradients/tower_0/v/cg/conv4/conv2d/Conv2D_grad/Conv2DBackpropInput	1599841736595238	5564
tower_0/v/gradients/tower_0/v/l2_loss/L2Loss_28_grad/mul	1599841736329109	256
tower_0/v/cg/affine2/xw_plus_b/MatMul	1599841736468878	180
tower_0/v/gradients/tower_0/v/l2_loss/L2Loss_8_grad/mul	1599841736326050	11
append_apply_gradient_ops/GradientDescent/update_v/cg/conv12/biases/ApplyGradientDescent	1599841736486352	7
tower_0/v/l2_loss/L2Loss_25	1599841736328966	5
tower_0/v/cg/dropout0_1/dropout/dropout/random_uniform/RandomUniform	1599841736324828	23
v/cg/conv2/conv2d/kernel/read	-1	-1
v/cg/conv4/biases	-1	-1
tower_0/v/gradients/tower_0/v/cg/conv7/BiasAdd_grad/BiasAddGrad	1599841736537516	225
v/cg/conv9/biases/read	-1	-1
v/cg/conv3/biases	-1	-1
