0.0087890625
0.0087890625
0.0087890625
0.0087890625
0.0087890625
0.000244140625
0.0087890625
0.0087890625
0.0087890625
0.000244140625
0.0087890625
0.0087890625
0.0087890625
0.000244140625
0.0087890625
0.2939453125
0.875
1.06298828125
544.921875
851.171875
1226.296875
1226.296875
1262.5234375
34.001953125
34.001953125
846.0
846.0
846.0
0.0009765625
933.25
677.40673828125
931.754638671875
677.40673828125
931.75048828125
672.25
392.000244140625
469.408447265625
9.009033203125
343.0
432.68310546875
10.50439453125
343.0
1351.625
1180.12548828125
686.004150390625
695.00048828125
2.255615234375
2.255615234375
686.004150390625
697.2568359375
686.004150390625
1195.29638671875
2320.875
1372.002197265625
1916.609375
0.571044921875
1372.002197265625
1078.302978515625
0.289794921875
2744.001220703125
2744.531494140625
0.155517578125
2744.001220703125
0.006591796875
