1599841739762701	1048576
1599841739762819	1048576
1599841739762957	256
1599841739763099	38535168
1599841739763169	256
1599841739763195	9216
1599841739763269	-9216
1599841739763300	2359296
1599841739763360	256
1599841739763409	1024
1599841739763455	256
1599841739763469	9216
1599841739763526	-9216
1599841739763547	9437184
1599841739763598	256
1599841739763645	256
1599841739763692	256
1599841739763736	1024
1599841739763780	256
1599841739763826	2048
1599841739763870	256
1599841739763914	2048
1599841739763967	256
1599841739764009	16384
1599841739764053	256
1599841739764066	9216
1599841739764123	-9216
1599841739764144	16400384
1599841739764196	256
1599841739764242	256
1599841739764289	256
1599841739764303	9216
1599841739764360	-9216
1599841739764380	9437184
1599841739764431	256
1599841739764445	9216
1599841739764502	-9216
1599841739764522	9437184
1599841739764576	256
1599841739764589	9216
1599841739764647	-9216
1599841739764667	1179648
1599841739764717	256
1599841739764763	2048
1599841739764807	256
1599841739764851	2048
1599841739764918	256
1599841739764963	4096
1599841739765007	256
1599841739765009	256
1599841739765060	-256
1599841739765079	294912
1599841739765129	256
1599841739765175	512
1599841739765220	256
1599841739765233	9216
1599841739765291	-9216
1599841739765311	9437184
1599841739765361	256
1599841739765374	9216
1599841739765432	-9216
1599841739765452	411041792
1599841739765505	256
1599841739765554	2048
1599841739765601	256
1599841739765614	9216
1599841739765671	-9216
1599841739765692	67108864
1599841739765748	256
1599841739765794	16384
1599841739765839	256
1599841739765883	6912
1599841739765928	256
1599841739765941	9216
1599841739765998	-9216
1599841739766018	2359296
1599841739766073	256
1599841739766075	256
1599841739766136	-256
1599841739766157	589824
1599841739766209	256
1599841739766223	9216
1599841739766281	-9216
1599841739766302	4718592
1599841739766352	256
1599841739766396	1024
1599841739766441	256
1599841739766485	2048
1599841739766529	256
1599841739766531	256
1599841739766579	-256
1599841739766598	147456
1599841739766648	256
1599841739766693	512
1599841739766737	256
1599841739766751	9216
1599841739766809	-9216
1599841739766831	9437184
1599841739766891	822083584
1599841739766904	6912
1599841739766994	301312
1599841739767105	-301312
1599841739767110	-6912
1599841739767163	262144
1599841739767210	-1048576
1599841739767230	262144
1599841739767268	-1048576
1599841739767395	-256
1599841739767397	-256
1599841739767397	-256
1599841739767398	-256
1599841739767399	-256
1599841739767400	-256
1599841739767401	-256
1599841739767402	-256
1599841739767402	-256
1599841739767403	-256
1599841739767404	-256
1599841739767405	-256
1599841739767406	-256
1599841739767407	-256
1599841739767408	-256
1599841739767409	-256
1599841739767409	-256
1599841739767410	-256
1599841739767411	-256
1599841739767412	-256
1599841739767413	-256
1599841739767413	-256
1599841739767414	-256
1599841739767415	-256
1599841739767416	-256
1599841739767417	-256
1599841739767418	-256
1599841739767418	-256
1599841739767419	-256
1599841739767420	-256
1599841739767421	-256
1599841739767489	1835008
1599841739767528	-262144
1599841739767546	1048576
1599841739767581	-262144
1599841739767693	1048576
1599841739767741	1048576
1599841739767794	822083584
1599841739767801	262144
1599841739767859	409856
1599841739768002	-409856
1599841739768006	-262144
1599841739768160	205520896
1599841739768248	411041792
1599841739768254	294912
1599841739768309	1388445696
1599841739768437	-1388445696
1599841739768441	-294912
1599841739768590	411041792
1599841739768596	589824
1599841739768648	1852047360
1599841739768756	-1852047360
1599841739768759	-589824
1599841739768905	102760448
1599841739768978	205520896
1599841739768984	1179648
1599841739769036	356564992
1599841739769425	-356564992
1599841739769429	-1179648
1599841739769586	205520896
1599841739769592	2359296
1599841739769645	570474496
1599841739769990	-570474496
1599841739769994	-2359296
1599841739770162	205520896
1599841739770169	2359296
1599841739770222	570474496
1599841739770560	-570474496
1599841739770564	-2359296
1599841739770732	51380224
1599841739770808	102760448
1599841739770814	4718592
1599841739770868	365690880
1599841739770982	-365690880
1599841739770986	-4718592
1599841739771131	102760448
1599841739771137	9437184
1599841739771189	500170752
1599841739771296	-500170752
1599841739771299	-9437184
1599841739771442	102760448
1599841739771448	9437184
1599841739771499	500170752
1599841739771605	-500170752
1599841739771608	-9437184
1599841739771752	25690112
1599841739771824	25690112
1599841739771830	9437184
1599841739771882	188743680
1599841739771989	-188743680
1599841739771992	-9437184
1599841739772135	25690112
1599841739772141	9437184
1599841739772191	188743680
1599841739772298	-188743680
1599841739772302	-9437184
1599841739772442	25690112
1599841739772448	9437184
1599841739772499	188743680
1599841739772604	-188743680
1599841739772608	-9437184
1599841739772749	6422528
1599841739772832	1048576
1599841739773095	1048576
1599841739773301	262144
1599841739773406	256
1599841739773409	256
1599841739773598	-256
1599841739773609	-256
1599841739773692	256
1599841739773737	-256
1599841739773751	4096
1599841739773822	1048576
1599841739773908	16400384
1599841739773954	-1048576
1599841739773956	-262144
1599841739774061	-4096
1599841739774177	-16400384
1599841739774231	-256
1599841739774286	-4096
1599841739774334	-1048576
1599841739774383	-16400384
1599841739774448	-1048576
1599841739774483	16384
1599841739774552	1048576
1599841739774645	67108864
1599841739774688	-1048576
1599841739774690	-1048576
1599841739774754	-16384
1599841739774840	-67108864
1599841739775008	-16384
1599841739775056	-1048576
1599841739775101	-67108864
1599841739775144	-1048576
1599841739775159	16384
1599841739775220	6422528
1599841739775314	411041792
1599841739775356	-1835008
1599841739775410	-16384
1599841739775466	-411041792
1599841739775511	-16384
1599841739775526	25690112
1599841739775597	-6422528
1599841739775598	-6422528
1599841739775652	-411041792
1599841739775697	-25690112
1599841739775711	2048
1599841739775726	41435648
1599841739775778	-41435648
1599841739775804	41435648
1599841739775817	16417536
1599841739775852	25690112
1599841739775880	688914432
1599841739776018	-41435648
1599841739776021	-688914432
1599841739776024	-16417536
1599841739776063	16417536
1599841739776077	9437184
1599841739776104	188743680
1599841739776252	-188743680
1599841739776256	-9437184
1599841739776267	-25690112
1599841739776330	-2048
1599841739776379	-25690112
1599841739776423	-9437184
1599841739776470	-2048
1599841739776494	2048
1599841739776511	25690112
1599841739776562	-25690112
1599841739776599	25690112
1599841739776608	9437440
1599841739776644	25690112
1599841739776666	688914432
1599841739776790	-25690112
1599841739776793	-688914432
1599841739776796	-9437440
1599841739776828	9437440
1599841739776838	9437184
1599841739776860	188743680
1599841739777000	-188743680
1599841739777004	-9437184
1599841739777021	-25690112
1599841739777083	-16417536
1599841739777137	-2048
1599841739777190	-25690112
1599841739777245	-9437184
1599841739777294	-2048
1599841739777308	2048
1599841739777323	25690112
1599841739777383	-25690112
1599841739777412	25690112
1599841739777420	9437696
1599841739777461	25690112
1599841739777484	688914432
1599841739777612	-25690112
1599841739777615	-688914432
1599841739777617	-9437696
1599841739777650	9437696
1599841739777660	16417536
1599841739777682	188743680
1599841739777819	-188743680
1599841739777823	-16417536
1599841739777833	-25690112
1599841739777902	-9437440
1599841739777956	-2048
1599841739777973	102760448
1599841739778041	-25690112
1599841739778043	-25690112
1599841739778112	-9437184
1599841739778169	-2048
1599841739778221	-102760448
1599841739778269	-9437696
1599841739778289	2048
1599841739778306	102760448
1599841739778357	-102760448
1599841739778385	102760448
1599841739778399	9437696
1599841739778434	102760448
1599841739778457	500170752
1599841739778572	-102760448
1599841739778575	-500170752
1599841739778577	-9437696
1599841739778610	9437696
1599841739778619	9437696
1599841739778641	500170752
1599841739778779	-500170752
1599841739778783	-9437696
1599841739778801	-102760448
1599841739778863	-2048
1599841739778918	-102760448
1599841739778972	-9437184
1599841739779019	-2048
1599841739779040	2048
1599841739779056	118508544
1599841739779106	-118508544
1599841739779139	118508544
1599841739779147	16419840
1599841739779183	102760448
1599841739779205	500170752
1599841739779316	-118508544
1599841739779319	-500170752
1599841739779321	-16419840
1599841739779354	16419840
1599841739779363	9437184
1599841739779388	500170752
1599841739779546	-500170752
1599841739779549	-9437184
1599841739779561	-102760448
1599841739779630	-9437696
1599841739779674	-2048
1599841739779729	-102760448
1599841739779780	-9437184
1599841739779826	-2048
1599841739779845	2304
1599841739779862	102760448
1599841739779912	-102760448
1599841739779946	51380224
1599841739779954	4718592
1599841739779989	51380224
1599841739780011	365690880
1599841739780124	-51380224
1599841739780127	-365690880
1599841739780129	-4718592
1599841739780162	4718592
1599841739780171	4718848
1599841739780203	365690880
1599841739780340	-365690880
1599841739780343	-4718848
1599841739780354	-102760448
1599841739780413	-16419840
1599841739780467	-2048
1599841739780483	282086656
1599841739780553	-51380224
1599841739780555	-51380224
1599841739780608	-4718592
1599841739780666	-2304
1599841739780720	-205520896
1599841739780769	-4718592
1599841739780786	1024
1599841739780803	205520896
1599841739780814	256
1599841739780853	-256
1599841739780857	2048
1599841739780906	-2048
1599841739780908	-205520896
1599841739780936	205520896
1599841739780945	3145728
1599841739780979	205520896
1599841739781001	570474496
1599841739781355	-205520896
1599841739781359	-570474496
1599841739781361	-3145728
1599841739781401	3145728
1599841739781412	2359296
1599841739781435	934281216
1599841739781586	-934281216
1599841739781590	-2359296
1599841739781602	-282086656
1599841739781671	-1024
1599841739781723	-205520896
1599841739781775	-2359296
1599841739781828	-1024
1599841739781843	2359808
1599841739781854	2359296
1599841739781876	934281216
1599841739782015	-934281216
1599841739782019	-2359296
1599841739782058	1024
1599841739782076	205520896
1599841739782086	256
1599841739782135	-256
1599841739782140	2048
1599841739782180	-2048
1599841739782183	-205520896
1599841739782219	205520896
1599841739782228	2359296
1599841739782264	205520896
1599841739782286	570474496
1599841739782631	-205520896
1599841739782634	-570474496
1599841739782636	-2359296
1599841739782648	-205520896
1599841739782724	-3145728
1599841739782778	-2359296
1599841739782832	-1024
1599841739782879	-205520896
1599841739782935	-2359808
1599841739782985	-1024
1599841739782999	1024
1599841739783015	282086656
1599841739783025	256
1599841739783061	-256
1599841739783066	2048
1599841739783116	-2048
1599841739783119	-282086656
1599841739783146	102760448
1599841739783154	2097408
1599841739783195	179326208
1599841739783217	356564992
1599841739783562	-102760448
1599841739783565	-356564992
1599841739783567	-2097408
1599841739783601	2097408
1599841739783612	1179648
1599841739783634	698351616
1599841739783781	-698351616
1599841739783784	-1179648
1599841739783795	-205520896
1599841739783863	-1024
1599841739783879	411041792
1599841739783976	-102760448
1599841739783977	-179326208
1599841739784033	-1179648
1599841739784094	-1024
1599841739784147	-411041792
1599841739784200	-2097408
1599841739784214	512
1599841739784230	487607552
1599841739784241	256
1599841739784277	-256
1599841739784282	1024
1599841739784330	-1024
1599841739784333	-487607552
1599841739784360	487607552
1599841739784369	589824
1599841739784404	513802240
1599841739784435	1852047360
1599841739784543	-487607552
1599841739784546	-1852047360
1599841739784548	-589824
1599841739784591	589824
1599841739784601	589824
1599841739784623	1852047360
1599841739784762	-1852047360
1599841739784766	-589824
1599841739784777	-411041792
1599841739784843	-512
1599841739784892	-411041792
1599841739784946	-589824
1599841739785003	-512
1599841739785016	512
1599841739785032	411041792
1599841739785042	256
1599841739785078	-256
1599841739785082	1024
1599841739785132	-1024
1599841739785134	-411041792
1599841739785162	205520896
1599841739785171	294912
1599841739785211	205520896
1599841739785233	142655488
1599841739786312	-205520896
1599841739786315	-142655488
1599841739786318	-294912
1599841739786355	294912
1599841739786365	294912
1599841739786388	1388445696
1599841739786532	-1388445696
1599841739786536	-294912
1599841739786546	-513802240
1599841739786604	-589824
1599841739786647	-512
1599841739786662	822083584
1599841739786737	-205520896
1599841739786739	-205520896
1599841739786793	-294912
1599841739786848	-512
1599841739786893	-822083584
1599841739786945	-294912
1599841739786958	256
1599841739786974	822083584
1599841739786984	256
1599841739787026	-256
1599841739787031	512
1599841739787070	-512
1599841739787071	-822083584
1599841739787107	822083584
1599841739787116	147456
1599841739787150	822083584
1599841739787171	409856
1599841739787279	-822083584
1599841739787284	-409856
1599841739787285	-147456
1599841739787317	147456
1599841739787326	147456
1599841739787348	15616
1599841739787510	-15616
1599841739787514	-147456
1599841739787524	-822083584
1599841739787581	-256
1599841739787626	-822083584
1599841739787678	-147456
1599841739787730	-256
1599841739787743	256
1599841739787759	822083584
1599841739787769	256
1599841739787803	-256
1599841739787807	512
1599841739787853	-512
1599841739787855	-822083584
1599841739787881	6912
1599841739787891	6912
1599841739788003	-6912
1599841739788014	-38535168
1599841739788016	-822083584
1599841739788074	-147456
1599841739788117	-256
1599841739788166	-6912
1599841739788214	-256
1599841739788260	-6912
1599841739909871	-256
