append_apply_gradient_ops/GradientDescent/update_v/cg/affine0/weights/ApplyGradientDescent	1601111573588073	2296
tower_0/v/xentropy/sparse_softmax_cross_entropy_loss/xentropy/xentropy	1601111573580615	134
v/cg/conv1/biases	-1	-1
ConstantFolding/tower_0/v/gradients/tower_0/v/cg/conv1/conv2d/Conv2D_grad/ShapeN-matshapes-1	-1	-1
tower_0/v/gradients/tower_0/v/l2_loss/L2Loss_5_grad/mul	1601111573475804	7
tower_0/v/gradients/tower_0/v/l2_loss/L2Loss_18_grad/mul	1601111573478122	35
v/cg/conv6/biases/read	-1	-1
v/cg/affine1/weights/read	-1	-1
tower_0/v/gradients/AddN_24	1601111573706907	4
v/cg/affine0/biases/read	-1	-1
tower_0/v/gradients/tower_0/v/cg/conv9/Relu_grad/ReluGrad	1601111573604953	377
average_loss/Mean/input	-1	-1
tower_0/v/gradients/tower_0/v/cg/conv12/conv2d/Conv2D_grad/Conv2DBackpropInput	1601111573590529	2281
tower_0/v/l2_loss/L2Loss_25	1601111573477612	13
append_apply_gradient_ops/GradientDescent/update_v/cg/conv4/biases/ApplyGradientDescent	1601111573684155	5
v/cg/conv10/conv2d/kernel/read	-1	-1
tower_0/v/gradients/tower_0/v/cg/conv3/BiasAdd_grad/BiasAddGrad	1601111573685734	474
v/cg/conv10/conv2d/kernel	-1	-1
tower_0/v/cg/mpool1/MaxPool	1601111573527385	778
v/cg/conv5/biases	-1	-1
append_apply_gradient_ops/GradientDescent/update_v/cg/conv1/biases/ApplyGradientDescent	1601111573771143	4
tower_0/v/cg/conv4/Relu	1601111573533375	523
tower_0/v/gradients/AddN_21	1601111573672966	17
tower_0/v/gradients/tower_0/v/cg/mpool3/MaxPool_grad/MaxPoolGrad	1601111573604499	388
ConstantFolding/tower_0/v/gradients/tower_0/v/cg/conv10/conv2d/Conv2D_grad/ShapeN-matshapes-0	-1	-1
ConstantFolding/tower_0/v/gradients/tower_0/v/cg/conv1/conv2d/Conv2D_grad/ShapeN-matshapes-0	-1	-1
tower_0/v/gradients/tower_0/v/cg/affine2/xw_plus_b/MatMul_grad/MatMul_1	1601111573580898	80
append_apply_gradient_ops/GradientDescent/update_v/cg/affine1/weights/ApplyGradientDescent	1601111573582186	371
tower_0/v/l2_loss/L2Loss_20	1601111573475481	44
tower_0/v/gradients/AddN_17	1601111573640243	30
v/cg/conv5/conv2d/kernel	-1	-1
tower_0/v/gradients/tower_0/v/cg/conv12/Relu_grad/ReluGrad	1601111573590376	96
tower_0/v/gradients/tower_0/v/cg/conv6/Relu_grad/ReluGrad	1601111573640281	759
tower_0/v/gradients/tower_0/v/l2_loss/L2Loss_2_grad/mul	1601111573476012	14
tower_0/v/gradients/AddN_1	1601111573581001	93
tower_0/v/cg/conv5/conv2d/Conv2D	1601111573533899	7637
tower_0/v/gradients/tower_0/v/l2_loss/L2Loss_25_grad/mul	1601111573477644	13
append_apply_gradient_ops/GradientDescent/update_v/cg/conv1/conv2d/kernel/ApplyGradientDescent	1601111573776421	6
tower_0/v/gradients/AddN_9	1601111573599884	55
tower_0/v/xentropy/sparse_softmax_cross_entropy_loss/Sum	1601111573580760	5
tower_0/v/gradients/tower_0/v/cg/conv5/conv2d/Conv2D_grad/Conv2DBackpropFilter	1601111573657428	7735
tower_0/v/l2_loss/L2Loss_10	1601111573476299	32
v/cg/affine2/biases	-1	-1
tower_0/v/gradients/AddN	1601111573580987	5
tower_0/v/gradients/tower_0/v/l2_loss/L2Loss_22_grad/mul	1601111573476561	42
tower_0/v/l2_loss/L2Loss_29	1601111573478158	11
tower_0/v/gradients/tower_0/v/cg/conv4/conv2d/Conv2D_grad/Conv2DBackpropFilter	1601111573678360	3903
tower_0/v/gradients/tower_0/v/l2_loss/L2Loss_20_grad/mul	1601111573475548	45
tower_0/v/cg/conv11/Relu	1601111573575831	68
tower_0/v/gradients/tower_0/v/l2_loss/L2Loss_13_grad/mul	1601111573476252	13
tower_0/v/cg/dropout0/dropout/dropout/Cast	1601111573484984	6
v/cg/conv1/biases/read	-1	-1
average_loss/Mean/_74	1601111573582168	4
tower_0/v/l2_loss/L2Loss_21	1601111573478176	5
tower_0/v/gradients/tower_0/v/l2_loss/L2Loss_31_grad/mul	1601111573477315	17
tower_0/v/cg/conv4/BiasAdd	1601111573532695	679
tower_0/v/cg/conv0/Relu	1601111573485004	2107
tower_0/v/gradients/AddN_14	1601111573631518	4
append_apply_gradient_ops/GradientDescent/update_v/cg/conv11/biases/ApplyGradientDescent	1601111573599941	5
_SOURCE	-1	-1
ConstantFolding/tower_0/v/gradients/tower_0/v/cg/conv6/conv2d/Conv2D_grad/ShapeN-matshapes-0	-1	-1
tower_0/v/cg/conv12/conv2d/Conv2D	1601111573575900	2284
tower_0/v/gradients/tower_0/v/cg/conv6/conv2d/Conv2D_grad/Conv2DBackpropInput	1601111573641332	7565
tower_0/v/gradients/tower_0/v/cg/conv5/conv2d/Conv2D_grad/Conv2DBackpropInput	1601111573665420	7527
tower_0/v/gradients/tower_0/v/cg/conv11/BiasAdd_grad/BiasAddGrad	1601111573595197	52
tower_0/v/cg/dropout0_1/dropout/dropout/random_uniform/RandomUniform	1601111573475276	22
tower_0/v/gradients/tower_0/v/cg/conv3/conv2d/Conv2D_grad/Conv2DBackpropFilter	1601111573696011	10894
ConstantFolding/tower_0/v/gradients/tower_0/v/cg/conv4/conv2d/Conv2D_grad/ShapeN-matshapes-1	-1	-1
tower_0/v/gradients/tower_0/v/cg/conv4/BiasAdd_grad/BiasAddGrad	1601111573673775	256
v/cg/conv9/conv2d/kernel/read	-1	-1
tower_0/v/gradients/AddN_8	1601111573599780	4
v/cg/conv8/conv2d/kernel	-1	-1
tower_0/v/cg/dropout0_1/dropout/dropout/Cast	1601111573484991	6
tower_0/v/cg/conv7/conv2d/Conv2D	1601111573551952	3704
tower_0/v/cg/conv2/BiasAdd	1601111573512662	1362
append_apply_gradient_ops/GradientDescent/update_v/cg/conv4/conv2d/kernel/ApplyGradientDescent	1601111573685717	11
tower_0/v/gradients/tower_0/v/cg/conv7/conv2d/Conv2D_grad/Conv2DBackpropFilter	1601111573635761	3158
tower_0/v/cg/conv3/Relu	1601111573526335	1048
tower_0/v/gradients/tower_0/v/l2_loss/L2Loss_1_grad/mul	1601111573476972	14
tower_0/v/cg/affine2/xw_plus_b	1601111573580609	5
v/cg/conv11/conv2d/kernel/read	-1	-1
v/cg/conv3/conv2d/kernel	-1	-1
v/cg/conv7/conv2d/kernel	-1	-1
tower_0/v/l2_loss/L2Loss_17	1601111573477545	16
ConstantFolding/tower_0/v/gradients/tower_0/v/cg/conv2/conv2d/Conv2D_grad/ShapeN-matshapes-1	-1	-1
tower_0/v/gradients/AddN_12	1601111573618312	4
v/cg/conv4/biases	-1	-1
append_apply_gradient_ops/GradientDescent	-1	-1
tower_0/v/cg/conv12/BiasAdd	1601111573578186	91
tower_0/v/cg/conv9/conv2d/Conv2D	1601111573563541	6648
ConstantFolding/tower_0/v/gradients/tower_0/v/cg/conv9/conv2d/Conv2D_grad/ShapeN-matshapes-1	-1	-1
v/cg/conv5/conv2d/kernel/read	-1	-1
tower_0/v/gradients/tower_0/v/cg/conv9/BiasAdd_grad/BiasAddGrad	1601111573605390	145
tower_0/v/cg/conv1/Relu	1601111573502807	2109
append_apply_gradient_ops/GradientDescent/update_v/cg/conv5/biases/ApplyGradientDescent	1601111573673767	4
tower_0/v/gradients/tower_0/v/cg/affine0/xw_plus_b_grad/BiasAddGrad	1601111573582569	12
tower_0/v/gradients/tower_0/v/cg/conv0/Relu_grad/ReluGrad	1601111573767940	3194
ConstantFolding/tower_0/v/gradients/tower_0/v/cg/conv12/conv2d/Conv2D_grad/ShapeN-matshapes-0	-1	-1
append_apply_gradient_ops/GradientDescent/update_v/cg/affine2/weights/ApplyGradientDescent	1601111573581119	93
v/cg/conv6/biases	-1	-1
v/cg/conv6/conv2d/kernel	-1	-1
tower_0/v/cg/dropout0/dropout/dropout/Shape	-1	-1
v/cg/conv0/biases	-1	-1
tower_0/v/gradients/tower_0/v/cg/conv4/conv2d/Conv2D_grad/Conv2DBackpropInput	1601111573674032	4326
tower_0/v/gradients/tower_0/v/cg/mpool0/MaxPool_grad/MaxPoolGrad	1601111573724487	3772
tower_0/v/gradients/tower_0/v/cg/conv10/conv2d/Conv2D_grad/Conv2DBackpropInput	1601111573600006	2217
tower_0/v/gradients/tower_0/v/l2_loss/L2Loss_28_grad/mul	1601111573477831	254
tower_0/v/gpu_cached_inputs/read	-1	-1
append_apply_gradient_ops/GradientDescent/update_v/cg/conv2/conv2d/kernel/ApplyGradientDescent	1601111573731488	7
tower_0/v/gradients/tower_0/v/cg/conv12/BiasAdd_grad/BiasAddGrad	1601111573590475	52
tower_0/v/cg/dropout0/dropout/dropout/mul_1	1601111573580117	6
tower_0/v/cg/affine2/xw_plus_b/MatMul	1601111573580431	176
tower_0/v/gradients/tower_0/v/cg/affine0/affine0_grad/ReluGrad	1601111573582559	8
tower_0/v/cg/conv8/Relu	1601111573563277	262
tower_0/v/l2_loss/L2Loss_11	1601111573475894	13
ConstantFolding/tower_0/v/gradients/tower_0/v/cg/conv12/conv2d/Conv2D_grad/ShapeN-matshapes-1	-1	-1
v/cg/conv2/conv2d/kernel/read	-1	-1
tower_0/v/gradients/tower_0/v/cg/conv9/conv2d/Conv2D_grad/Conv2DBackpropFilter	1601111573612174	6136
v/cg/conv7/biases	-1	-1
tower_0/v/gradients/tower_0/v/cg/conv1/conv2d/Conv2D_grad/Conv2DBackpropFilter	1601111573745326	22607
ConstantFolding/tower_0/v/gradients/tower_0/v/cg/conv2/conv2d/Conv2D_grad/ShapeN-matshapes-0	-1	-1
tower_0/v/gradients/AddN_26	1601111573724481	4
v/cg/conv8/biases/read	-1	-1
v/cg/conv11/conv2d/kernel	-1	-1
v/cg/conv12/biases/read	-1	-1
tower_0/v/gradients/tower_0/v/cg/dropout0/dropout/dropout/mul_1_grad/Mul	1601111573581788	6
tower_0/v/cg/conv8/conv2d/Conv2D	1601111573556264	6666
tower_0/v/l2_loss/L2Loss_4	1601111573477352	30
append_apply_gradient_ops/GradientDescent/update_v/cg/conv5/conv2d/kernel/ApplyGradientDescent	1601111573673748	17
v/cg/conv5/biases/read	-1	-1
tower_0/v/l2_loss/L2Loss_23	1601111573476914	4
tower_0/v/mul/x	-1	-1
tower_0/v/gradients/AddN_5	1601111573585603	2297
tower_0/v/vgg16_synthetic_labels/min	-1	-1
append_apply_gradient_ops/GradientDescent/update_v/cg/conv7/conv2d/kernel/ApplyGradientDescent	1601111573641041	31
tower_0/v/gradients/tower_0/v/cg/conv6/conv2d/Conv2D_grad/Conv2DBackpropFilter	1601111573648898	7737
v/cg/affine2/weights	-1	-1
ConstantFolding/tower_0/v/gradients/tower_0/v/cg/conv8/conv2d/Conv2D_grad/ShapeN-matshapes-1	-1	-1
append_apply_gradient_ops/GradientDescent/update_v/cg/conv9/conv2d/kernel/ApplyGradientDescent	1601111573631463	53
tower_0/v/gradients/AddN_13	1601111573618693	56
tower_0/v/gradients/tower_0/v/cg/conv2/conv2d/Conv2D_grad/Conv2DBackpropInput	1601111573708958	5622
v/cg/conv0/conv2d/kernel/read	-1	-1
tower_0/v/l2_loss/L2Loss_22	1601111573476508	40
tower_0/v/cg/affine1/xw_plus_b/MatMul	1601111573580125	283
tower_0/v/cg/Reshape	-1	-1
tower_0/v/l2_loss/L2Loss_30	1601111573475673	54
tower_0/v/gradients/tower_0/v/cg/conv2/conv2d/Conv2D_grad/Conv2DBackpropFilter	1601111573714584	9887
tower_0/v/gradients/tower_0/v/cg/conv8/Relu_grad/ReluGrad	1601111573618318	374
tower_0/v/cg/dropout0/dropout/dropout/truediv	-1	-1
tower_0/v/gradients/tower_0/v/cg/affine1/xw_plus_b/MatMul_grad/MatMul_1	1601111573581535	244
tower_0/v/gradients/tower_0/v/cg/conv0/conv2d/Conv2D_grad/Conv2DBackpropFilter	1601111573772081	4338
v/cg/conv7/biases/read	-1	-1
tower_0/v/cg/dropout0/dropout/dropout/GreaterEqual	1601111573482201	7
tower_0/v/cg/mpool3/MaxPool	1601111573570798	210
tower_0/v/gradients/AddN_28	1601111573767935	4
tower_0/v/l2_loss/L2Loss_26	1601111573478199	716
tower_0/v/gradients/tower_0/v/cg/conv11/Relu_grad/ReluGrad	1601111573595037	94
tower_0/v/cg/conv5/BiasAdd	1601111573541537	679
append_apply_gradient_ops/GradientDescent/update_v/cg/conv10/conv2d/kernel/ApplyGradientDescent	1601111573605331	56
append_apply_gradient_ops/GradientDescent/update_v/cg/conv0/conv2d/kernel/ApplyGradientDescent	1601111573776445	4
tower_0/v/l2_loss/L2Loss_13	1601111573476220	13
tower_0/v/gradients/tower_0/v/cg/conv3/Relu_grad/ReluGrad	1601111573684162	1553
tower_0/v/l2_loss/L2Loss_8	1601111573477455	31
tower_0/v/cg/dropout0/dropout/dropout/rate	-1	-1
v/cg/conv10/biases/read	-1	-1
v/cg/conv0/biases/read	-1	-1
tower_0/v/gradients/tower_0/v/xentropy/sparse_softmax_cross_entropy_loss/xentropy/xentropy_grad/mul	1601111573580751	7
append_apply_gradient_ops/GradientDescent/update_v/cg/conv9/biases/ApplyGradientDescent	1601111573618751	4
tower_0/v/gradients/tower_0/v/cg/affine1/xw_plus_b_grad/BiasAddGrad	1601111573581227	13
tower_0/v/gradients/tower_0/v/cg/mpool4/MaxPool_grad/MaxPoolGrad	1601111573587909	163
tower_0/v/gradients/tower_0/v/cg/conv1/conv2d/Conv2D_grad/Conv2DBackpropInput	1601111573732425	12899
tower_0/v/gradients/AddN_22	1601111573682265	4
tower_0/v/gradients/AddN_19	1601111573657403	17
tower_0/v/gradients/tower_0/v/l2_loss/L2Loss_7_grad/mul	1601111573477036	13
tower_0/v/cg/affine1/xw_plus_b	1601111573580410	6
tower_0/v/gradients/tower_0/v/cg/Reshape_grad/Reshape	-1	-1
v/cg/conv2/biases/read	-1	-1
append_apply_gradient_ops/GradientDescent/update_v/cg/conv12/biases/ApplyGradientDescent	1601111573595190	5
tower_0/v/gradients/tower_0/v/l2_loss/L2Loss_30_grad/mul	1601111573475728	69
tower_0/v/l2_loss/L2Loss_5	1601111573475799	4
v/cg/conv2/biases	-1	-1
main_fetch_group/_70	-1	-1
tower_0/v/cg/conv12/Relu	1601111573578279	67
v/cg/conv3/conv2d/kernel/read	-1	-1
tower_0/v/gradients/tower_0/v/cg/conv4/Relu_grad/ReluGrad	1601111573672990	757
tower_0/v/cg/dropout0/dropout/dropout/random_uniform/RandomUniform	1601111573475214	35
tower_0/v/gradients/tower_0/v/l2_loss/L2Loss_15_grad/mul	1601111573476909	4
v/cg/conv4/biases/read	-1	-1
ConstantFolding/tower_0/v/gradients/tower_0/v/cg/conv0/conv2d/Conv2D_grad/ShapeN-matshapes-1	-1	-1
tower_0/v/gradients/tower_0/v/cg/conv5/Relu_grad/ReluGrad	1601111573656643	759
v/cg/conv8/biases	-1	-1
tower_0/v/cg/mpool0/MaxPool	1601111573504917	1488
tower_0/v/gradients/tower_0/v/l2_loss/L2Loss_14_grad/mul	1601111573476456	27
v/cg/conv12/conv2d/kernel/read	-1	-1
tower_0/v/gradients/tower_0/v/cg/affine1/xw_plus_b/MatMul_grad/MatMul	1601111573581242	291
append_apply_gradient_ops/GradientDescent/update_v/cg/affine2/biases/ApplyGradientDescent	1601111573581103	5
tower_0/v/gradients/tower_0/v/cg/conv11/conv2d/Conv2D_grad/Conv2DBackpropFilter	1601111573597516	2208
tower_0/v/cg/dropout0/dropout/dropout/mul	1601111573487123	7
tower_0/v/gradients/AddN_11	1601111573604888	56
v/cg/affine2/biases/read	-1	-1
v/cg/affine1/biases/read	-1	-1
tower_0/v/gradients/tower_0/v/l2_loss/L2Loss_27_grad/mul	1601111573475625	14
v/cg/conv12/biases	-1	-1
tower_0/v/l2_loss/L2Loss_16	1601111573477084	41
ConstantFolding/average_loss/Mean/input_const_axis	-1	-1
v/cg/affine0/biases	-1	-1
tower_0/v/mul	1601111573484998	4
ConstantFolding/tower_0/v/gradients/tower_0/v/cg/conv9/conv2d/Conv2D_grad/ShapeN-matshapes-0	-1	-1
tower_0/v/cg/conv5/Relu	1601111573542218	523
tower_0/v/cg/conv7/Relu	1601111573556001	261
tower_0/v/gradients/tower_0/v/l2_loss/L2Loss_16_grad/mul	1601111573477138	43
v/cg/conv10/biases	-1	-1
tower_0/v/gradients/tower_0/v/cg/conv10/BiasAdd_grad/BiasAddGrad	1601111573599952	52
tower_0/v/cg/conv6/conv2d/Conv2D	1601111573542743	7605
learning_rate_tensor/input	-1	-1
tower_0/v/cg/conv8/BiasAdd	1601111573562931	345
tower_0/v/cg/dropout0_1/dropout/dropout/GreaterEqual	1601111573482210	6
v/cg/conv11/biases	-1	-1
v/cg/conv1/conv2d/kernel	-1	-1
tower_0/v/cg/affine0/xw_plus_b/MatMul	1601111573578410	1691
tower_0/v/gradients/tower_0/v/cg/dropout0_1/dropout/dropout/mul_1_grad/Mul	1601111573580993	6
tower_0/v/gradients/AddN_18	1601111573656637	4
tower_0/v/gradients/tower_0/v/cg/conv1/BiasAdd_grad/BiasAddGrad	1601111573731502	922
tower_0/v/cg/Reshape/shape	-1	-1
tower_0/v/cg/conv10/conv2d/Conv2D	1601111573571010	2281
main_fetch_group	-1	-1
tower_0/v/cg/conv1/BiasAdd	1601111573500066	2739
tower_0/v/xentropy/sparse_softmax_cross_entropy_loss/Mul	-1	-1
tower_0/v/gradients/tower_0/v/cg/conv10/Relu_grad/ReluGrad	1601111573599786	96
append_apply_gradient_ops/GradientDescent/update_v/cg/conv8/conv2d/kernel/ApplyGradientDescent	1601111573638921	53
tower_0/v/l2_loss/L2Loss_28	1601111573477691	138
ConstantFolding/tower_0/v/gradients/tower_0/v/cg/conv4/conv2d/Conv2D_grad/ShapeN-matshapes-0	-1	-1
tower_0/v/gradients/tower_0/v/cg/conv8/conv2d/Conv2D_grad/Conv2DBackpropInput	1601111573618913	6620
tower_0/v/cg/dropout0_1/dropout/dropout/mul	1601111573487131	6
tower_0/v/l2_loss/L2Loss	1601111573476863	7
tower_0/v/gradients/tower_0/v/l2_loss/L2Loss_12_grad/mul	1601111573476120	15
v/cg/conv9/conv2d/kernel	-1	-1
tower_0/v/cg/conv11/conv2d/Conv2D	1601111573573455	2282
tower_0/v/gradients/tower_0/v/cg/affine2/xw_plus_b/MatMul_grad/MatMul	1601111573580788	109
tower_0/v/gradients/tower_0/v/cg/conv6/BiasAdd_grad/BiasAddGrad	1601111573641075	255
tower_0/v/cg/conv3/BiasAdd	1601111573524971	1363
v/cg/conv9/biases	-1	-1
tower_0/v/gradients/tower_0/v/cg/conv12/conv2d/Conv2D_grad/Conv2DBackpropFilter	1601111573592812	2218
tower_0/v/gradients/tower_0/v/cg/conv3/conv2d/Conv2D_grad/Conv2DBackpropInput	1601111573686209	9800
v/cg/conv6/conv2d/kernel/read	-1	-1
tower_0/v/cg/affine0/xw_plus_b	1601111573580102	7
v/cg/conv3/biases	-1	-1
tower_0/v/gradients/tower_0/v/cg/dropout0_1/dropout/dropout/mul_grad/Mul	1601111573581109	8
tower_0/v/cg/dropout0_1/dropout/dropout/random_uniform/mul	-1	-1
average_loss/Mean	-1	-1
tower_0/v/l2_loss/L2Loss_27	1601111573475594	15
gpu_compute_stage_ops_group	-1	-1
ConstantFolding/tower_0/v/gradients/tower_0/v/cg/conv11/conv2d/Conv2D_grad/ShapeN-matshapes-1	-1	-1
append_apply_gradient_ops/GradientDescent/update_v/cg/conv7/biases/ApplyGradientDescent	1601111573640275	4
tower_0/v/gradients/AddN_4	1601111573585596	5
tower_0/v/l2_loss/L2Loss_18	1601111573478086	35
ConstantFolding/tower_0/v/gradients/tower_0/v/cg/conv6/conv2d/Conv2D_grad/ShapeN-matshapes-1	-1	-1
tower_0/v/gradients/tower_0/v/cg/conv7/BiasAdd_grad/BiasAddGrad	1601111573631971	146
tower_0/v/gradients/tower_0/v/l2_loss/L2Loss_19_grad/mul	1601111573478194	4
tower_0/v/gradients/tower_0/v/cg/mpool1/MaxPool_grad/MaxPoolGrad	1601111573682270	1872
tower_0/v/cg/conv0/conv2d/Conv2D	1601111573480513	1687
tower_0/v/transpose	1601111573476605	255
v/cg/conv3/biases/read	-1	-1
tower_0/v/cg/mpool4/MaxPool	1601111573578348	60
tower_0/v/gradients/tower_0/v/l2_loss/L2Loss_29_grad/mul	1601111573478171	4
tower_0/v/cg/conv9/BiasAdd	1601111573570192	342
v/cg/conv4/conv2d/kernel/read	-1	-1
tower_0/v/l2_loss/L2Loss_19	1601111573478188	4
tower_0/v/add	1601111573581096	5
tower_0/v/gradients/tower_0/v/l2_loss/L2Loss_4_grad/mul	1601111573477403	14
tower_0/v/gradients/AddN_30	1601111573776428	4
ConstantFolding/tower_0/v/gradients/tower_0/v/cg/conv11/conv2d/Conv2D_grad/ShapeN-matshapes-0	-1	-1
tower_0/v/gradients/AddN_25	1601111573708463	7
tower_0/v/cg/conv2/Relu	1601111573514026	1050
v/cg/conv7/conv2d/kernel/read	-1	-1
tower_0/v/gradients/tower_0/v/cg/conv0/BiasAdd_grad/BiasAddGrad	1601111573771152	921
tower_0/v/xentropy/sparse_softmax_cross_entropy_loss/value	1601111573580980	5
tower_0/v/gradients/tower_0/v/l2_loss/L2Loss_9_grad/mul	1601111573475863	13
tower_0/v/gradients/AddN_6	1601111573595032	4
tower_0/v/l2_loss/L2Loss_6	1601111573476877	18
tower_0/v/gradients/AddN_15	1601111573631902	55
tower_0/v/gradients/tower_0/v/cg/conv10/conv2d/Conv2D_grad/Conv2DBackpropFilter	1601111573602224	2213
tower_0/v/l2_loss/L2Loss_24	1601111573477189	41
tower_0/v/cg/conv7/BiasAdd	1601111573555657	342
tower_0/v/gradients/tower_0/v/l2_loss/L2Loss_24_grad/mul	1601111573477246	42
tower_0/v/gradients/tower_0/v/cg/affine1/affine1_grad/ReluGrad	1601111573581213	9
tower_0/v/gradients/tower_0/v/l2_loss/L2Loss_21_grad/mul	1601111573478183	4
tower_0/v/cg/conv3/conv2d/Conv2D	1601111573515078	9890
tower_0/v/gradients/AddN_29	1601111573771136	6
tower_0/v/gradients/tower_0/v/l2_loss/L2Loss_26_grad/mul	1601111573478917	1594
v/cg/affine0/weights/read	-1	-1
tower_0/v/vgg16_synthetic_labels/max	-1	-1
tower_0/v/gradients/AddN_2	1601111573581781	5
v/cg/affine2/weights/read	-1	-1
tower_0/v/gradients/tower_0/v/cg/conv5/BiasAdd_grad/BiasAddGrad	1601111573665165	254
tower_0/v/gradients/tower_0/v/cg/conv7/Relu_grad/ReluGrad	1601111573631523	377
tower_0/v/transpose/perm	-1	-1
tower_0/v/l2_loss/L2Loss_15	1601111573476902	4
tower_0/v/cg/conv4/conv2d/Conv2D	1601111573528164	4529
tower_0/v/gradients/tower_0/v/cg/conv1/Relu_grad/ReluGrad	1601111573728275	3212
tower_0/v/gradients/tower_0/v/xentropy/sparse_softmax_cross_entropy_loss/xentropy/xentropy_grad/ExpandDims	-1	-1
tower_0/v/gradients/tower_0/v/cg/dropout0/dropout/dropout/mul_grad/Mul	1601111573582176	8
tower_0/v/l2_loss/L2Loss_9	1601111573475830	14
ConstantFolding/tower_0/v/gradients/tower_0/v/cg/conv5/conv2d/Conv2D_grad/ShapeN-matshapes-0	-1	-1
tower_0/v/cg/conv0/BiasAdd	1601111573482243	2739
tower_0/v/gradients/tower_0/v/cg/conv11/conv2d/Conv2D_grad/Conv2DBackpropInput	1601111573595251	2264
append_apply_gradient_ops/GradientDescent/update_v/cg/conv12/conv2d/kernel/ApplyGradientDescent	1601111573599726	53
tower_0/v/gradients/tower_0/v/l2_loss/L2Loss_17_grad/mul	1601111573477580	13
tower_0/v/gradients/AddN_10	1601111573604493	4
tower_0/v/l2_loss/L2Loss_14	1601111573476403	30
ConstantFolding/tower_0/v/gradients/tower_0/v/cg/conv5/conv2d/Conv2D_grad/ShapeN-matshapes-1	-1	-1
tower_0/v/cg/conv6/Relu	1601111573551035	523
tower_0/v/gradients/tower_0/v/cg/affine2/xw_plus_b_grad/BiasAddGrad	1601111573580771	15
tower_0/v/gradients/AddN_27	1601111573728261	6
tower_0/v/gradients/tower_0/v/cg/affine0/xw_plus_b/MatMul_grad/MatMul	1601111573582583	1619
v/cg/conv9/biases/read	-1	-1
tower_0/v/vgg16_synthetic_labels/shape	-1	-1
append_apply_gradient_ops/GradientDescent/update_v/cg/conv2/biases/ApplyGradientDescent	1601111573728269	4
tower_0/v/cg/affine1/affine1	1601111573580418	5
tower_0/v/gradients/AddN_20	1601111573672984	4
tower_0/v/gradients/tower_0/v/l2_loss/L2Loss_3_grad/mul	1601111573476189	13
tower_0/v/cg/mpool2/MaxPool	1601111573551559	392
tower_0/v/gradients/tower_0/v/cg/conv9/conv2d/Conv2D_grad/Conv2DBackpropInput	1601111573605536	6636
tower_0/v/gradients/AddN_16	1601111573638976	4
v/cg/conv4/conv2d/kernel	-1	-1
ConstantFolding/tower_0/v/gradients/tower_0/v/cg/conv7/conv2d/Conv2D_grad/ShapeN-matshapes-1	-1	-1
tower_0/v/cg/affine0/affine0	1601111573580111	5
tower_0/v/cg/conv6/BiasAdd	1601111573550349	684
average_loss/range	-1	-1
tower_0/v/cg/conv2/conv2d/Conv2D	1601111573506407	6253
ConstantFolding/tower_0/v/gradients/tower_0/v/cg/conv8/conv2d/Conv2D_grad/ShapeN-matshapes-0	-1	-1
tower_0/v/gradients/tower_0/v/cg/conv8/conv2d/Conv2D_grad/Conv2DBackpropFilter	1601111573625535	5927
tower_0/v/gradients/AddN_23	1601111573684143	11
tower_0/v/cg/conv10/BiasAdd	1601111573573293	91
append_apply_gradient_ops/GradientDescent/update_v/cg/conv8/biases/ApplyGradientDescent	1601111573631960	4
tower_0/v/gradients/tower_0/v/cg/conv8/BiasAdd_grad/BiasAddGrad	1601111573618765	146
tower_0/v/cg/conv9/Relu	1601111573570535	261
append_apply_gradient_ops/GradientDescent/update_v/cg/affine1/biases/ApplyGradientDescent	1601111573582169	6
train_ops_group	-1	-1
tower_0/v/gpu_cached_inputs	-1	-1
tower_0/v/gradients/tower_0/v/cg/affine0/xw_plus_b/MatMul_grad/MatMul_1	1601111573584204	1391
append_apply_gradient_ops/GradientDescent/update_v/cg/conv6/biases/ApplyGradientDescent	1601111573657422	4
ConstantFolding/tower_0/v/gradients/tower_0/v/cg/conv3/conv2d/Conv2D_grad/ShapeN-matshapes-0	-1	-1
append_apply_gradient_ops/GradientDescent/update_v/cg/conv10/biases/ApplyGradientDescent	1601111573604946	5
tower_0/v/l2_loss/L2Loss_31	1601111573477290	6
tower_0/v/l2_loss/AddN	1601111573482217	24
tower_0/v/gradients/tower_0/v/l2_loss/L2Loss_10_grad/mul	1601111573476353	16
tower_0/v/gradients/tower_0/v/cg/conv2/BiasAdd_grad/BiasAddGrad	1601111573708481	475
tower_0/v/cg/conv10/Relu	1601111573573386	67
append_apply_gradient_ops/GradientDescent/update_v/cg/conv11/conv2d/kernel/ApplyGradientDescent	1601111573604438	53
v/cg/affine1/biases	-1	-1
v/cg/conv11/biases/read	-1	-1
tower_0/v/l2_loss/L2Loss_1	1601111573476939	13
append_apply_gradient_ops/GradientDescent/update_v/cg/conv3/biases/ApplyGradientDescent	1601111573708472	4
tower_0/v/gradients/tower_0/v/cg/conv7/conv2d/Conv2D_grad/Conv2DBackpropInput	1601111573632119	3641
v/cg/affine1/weights	-1	-1
v/cg/conv0/conv2d/kernel	-1	-1
tower_0/v/l2_loss/L2Loss_7	1601111573477004	13
tower_0/v/gradients/AddN_7	1601111573595133	55
tower_0/v/gradients/tower_0/v/l2_loss/L2Loss_6_grad/mul	1601111573476896	5
tower_0/v/gradients/tower_0/v/l2_loss/L2Loss_23_grad/mul	1601111573476920	4
v/cg/conv12/conv2d/kernel	-1	-1
tower_0/v/gradients/tower_0/v/l2_loss/L2Loss_8_grad/mul	1601111573477509	14
tower_0/v/cg/conv1/conv2d/Conv2D	1601111573487141	12924
tower_0/v/gradients/tower_0/v/l2_loss/L2Loss_grad/mul	1601111573476871	4
tower_0/v/l2_loss/L2Loss_2	1601111573475959	31
tower_0/v/vgg16_synthetic_labels	1601111573475317	23
ConstantFolding/tower_0/v/gradients/tower_0/v/cg/conv10/conv2d/Conv2D_grad/ShapeN-matshapes-1	-1	-1
ConstantFolding/tower_0/v/gradients/tower_0/v/cg/conv7/conv2d/Conv2D_grad/ShapeN-matshapes-0	-1	-1
tower_0/v/cg/dropout0/dropout/dropout/random_uniform/mul	-1	-1
tower_0/v/gradients/AddN_31	1601111573776433	4
v/cg/conv8/conv2d/kernel/read	-1	-1
ConstantFolding/tower_0/v/gradients/tower_0/v/cg/conv3/conv2d/Conv2D_grad/ShapeN-matshapes-1	-1	-1
v/cg/conv1/conv2d/kernel/read	-1	-1
tower_0/v/l2_loss/L2Loss_12	1601111573476066	30
tower_0/v/xentropy/sparse_softmax_cross_entropy_loss/num_present	-1	-1
tower_0/v/l2_loss/L2Loss_3	1601111573476156	14
append_apply_gradient_ops/GradientDescent/update_v/cg/conv0/biases/ApplyGradientDescent	1601111573776439	4
tower_0/v/gradients/tower_0/v/cg/mpool2/MaxPool_grad/MaxPoolGrad	1601111573638981	1259
tower_0/v/gradients/tower_0/v/l2_loss/L2Loss_11_grad/mul	1601111573475925	14
append_apply_gradient_ops/GradientDescent/update_v/cg/affine0/biases/ApplyGradientDescent	1601111573587902	5
tower_0/v/gradients/tower_0/v/cg/conv2/Relu_grad/ReluGrad	1601111573706913	1549
v/cg/affine0/weights	-1	-1
append_apply_gradient_ops/GradientDescent/update_v/cg/conv6/conv2d/kernel/ApplyGradientDescent	1601111573672948	16
v/cg/conv2/conv2d/kernel	-1	-1
append_apply_gradient_ops/GradientDescent/update_v/cg/conv3/conv2d/kernel/ApplyGradientDescent	1601111573724473	7
tower_0/v/cg/conv11/BiasAdd	1601111573575739	91
tower_0/v/cg/dropout0_1/dropout/dropout/mul_1	1601111573580424	5
tower_0/v/gradients/AddN_3	1601111573581795	372
tower_0/v/gradients/tower_0/v/cg/Reshape_grad/Shape	-1	-1
