append_apply_gradient_ops/GradientDescent/update_v/cg/affine0/weights/ApplyGradientDescent	1601111574302538	2293
tower_0/v/xentropy/sparse_softmax_cross_entropy_loss/xentropy/xentropy	1601111574295091	133
v/cg/conv1/biases	-1	-1
ConstantFolding/tower_0/v/gradients/tower_0/v/cg/conv1/conv2d/Conv2D_grad/ShapeN-matshapes-1	-1	-1
tower_0/v/gradients/tower_0/v/l2_loss/L2Loss_5_grad/mul	1601111574189948	11
tower_0/v/gradients/tower_0/v/l2_loss/L2Loss_18_grad/mul	1601111574192614	35
v/cg/conv6/biases/read	-1	-1
v/cg/affine1/weights/read	-1	-1
tower_0/v/gradients/AddN_24	1601111574421257	4
v/cg/affine0/biases/read	-1	-1
tower_0/v/gradients/tower_0/v/cg/conv9/Relu_grad/ReluGrad	1601111574319478	378
average_loss/Mean/input	-1	-1
tower_0/v/gradients/tower_0/v/cg/conv12/conv2d/Conv2D_grad/Conv2DBackpropInput	1601111574304990	2284
tower_0/v/l2_loss/L2Loss_25	1601111574192086	16
append_apply_gradient_ops/GradientDescent/update_v/cg/conv4/biases/ApplyGradientDescent	1601111574398492	4
v/cg/conv10/conv2d/kernel/read	-1	-1
tower_0/v/gradients/tower_0/v/cg/conv3/BiasAdd_grad/BiasAddGrad	1601111574400072	474
v/cg/conv10/conv2d/kernel	-1	-1
tower_0/v/cg/mpool1/MaxPool	1601111574241839	779
v/cg/conv5/biases	-1	-1
append_apply_gradient_ops/GradientDescent/update_v/cg/conv1/biases/ApplyGradientDescent	1601111574485516	4
tower_0/v/cg/conv4/Relu	1601111574247833	522
tower_0/v/gradients/AddN_21	1601111574387304	17
tower_0/v/gradients/tower_0/v/cg/mpool3/MaxPool_grad/MaxPoolGrad	1601111574319020	392
ConstantFolding/tower_0/v/gradients/tower_0/v/cg/conv10/conv2d/Conv2D_grad/ShapeN-matshapes-0	-1	-1
ConstantFolding/tower_0/v/gradients/tower_0/v/cg/conv1/conv2d/Conv2D_grad/ShapeN-matshapes-0	-1	-1
tower_0/v/gradients/tower_0/v/cg/affine2/xw_plus_b/MatMul_grad/MatMul_1	1601111574295375	79
append_apply_gradient_ops/GradientDescent/update_v/cg/affine1/weights/ApplyGradientDescent	1601111574296656	371
tower_0/v/l2_loss/L2Loss_20	1601111574189608	45
tower_0/v/gradients/AddN_17	1601111574354556	31
v/cg/conv5/conv2d/kernel	-1	-1
tower_0/v/gradients/tower_0/v/cg/conv12/Relu_grad/ReluGrad	1601111574304833	97
tower_0/v/gradients/tower_0/v/cg/conv6/Relu_grad/ReluGrad	1601111574354595	763
tower_0/v/gradients/tower_0/v/l2_loss/L2Loss_2_grad/mul	1601111574190196	15
tower_0/v/gradients/AddN_1	1601111574295476	94
tower_0/v/cg/conv5/conv2d/Conv2D	1601111574248356	7626
tower_0/v/gradients/tower_0/v/l2_loss/L2Loss_25_grad/mul	1601111574192125	16
append_apply_gradient_ops/GradientDescent/update_v/cg/conv1/conv2d/kernel/ApplyGradientDescent	1601111574490807	6
tower_0/v/gradients/AddN_9	1601111574314353	55
tower_0/v/xentropy/sparse_softmax_cross_entropy_loss/Sum	1601111574295235	5
tower_0/v/gradients/tower_0/v/cg/conv5/conv2d/Conv2D_grad/Conv2DBackpropFilter	1601111574371754	7739
tower_0/v/l2_loss/L2Loss_10	1601111574190499	35
v/cg/affine2/biases	-1	-1
tower_0/v/gradients/AddN	1601111574295462	5
tower_0/v/gradients/tower_0/v/l2_loss/L2Loss_22_grad/mul	1601111574190824	45
tower_0/v/l2_loss/L2Loss_29	1601111574192651	11
tower_0/v/gradients/tower_0/v/cg/conv4/conv2d/Conv2D_grad/Conv2DBackpropFilter	1601111574392708	3900
tower_0/v/gradients/tower_0/v/l2_loss/L2Loss_20_grad/mul	1601111574189680	46
tower_0/v/cg/conv11/Relu	1601111574290305	68
tower_0/v/gradients/tower_0/v/l2_loss/L2Loss_13_grad/mul	1601111574190450	14
tower_0/v/cg/dropout0/dropout/dropout/Cast	1601111574199476	6
v/cg/conv1/biases/read	-1	-1
average_loss/Mean/_74	1601111574296643	5
tower_0/v/l2_loss/L2Loss_21	1601111574192669	4
tower_0/v/gradients/tower_0/v/l2_loss/L2Loss_31_grad/mul	1601111574191733	20
tower_0/v/cg/conv4/BiasAdd	1601111574247151	680
tower_0/v/cg/conv0/Relu	1601111574199496	2111
tower_0/v/gradients/AddN_14	1601111574345828	4
append_apply_gradient_ops/GradientDescent/update_v/cg/conv11/biases/ApplyGradientDescent	1601111574314410	4
_SOURCE	-1	-1
ConstantFolding/tower_0/v/gradients/tower_0/v/cg/conv6/conv2d/Conv2D_grad/ShapeN-matshapes-0	-1	-1
tower_0/v/cg/conv12/conv2d/Conv2D	1601111574290374	2278
tower_0/v/gradients/tower_0/v/cg/conv6/conv2d/Conv2D_grad/Conv2DBackpropInput	1601111574355655	7568
tower_0/v/gradients/tower_0/v/cg/conv5/conv2d/Conv2D_grad/Conv2DBackpropInput	1601111574379756	7529
tower_0/v/gradients/tower_0/v/cg/conv11/BiasAdd_grad/BiasAddGrad	1601111574309662	52
tower_0/v/cg/dropout0_1/dropout/dropout/random_uniform/RandomUniform	1601111574189393	23
tower_0/v/gradients/tower_0/v/cg/conv3/conv2d/Conv2D_grad/Conv2DBackpropFilter	1601111574410349	10907
ConstantFolding/tower_0/v/gradients/tower_0/v/cg/conv4/conv2d/Conv2D_grad/ShapeN-matshapes-1	-1	-1
tower_0/v/gradients/tower_0/v/cg/conv4/BiasAdd_grad/BiasAddGrad	1601111574388121	255
v/cg/conv9/conv2d/kernel/read	-1	-1
tower_0/v/gradients/AddN_8	1601111574314249	4
v/cg/conv8/conv2d/kernel	-1	-1
tower_0/v/cg/dropout0_1/dropout/dropout/Cast	1601111574199483	5
tower_0/v/cg/conv7/conv2d/Conv2D	1601111574266415	3705
tower_0/v/cg/conv2/BiasAdd	1601111574227108	1364
append_apply_gradient_ops/GradientDescent/update_v/cg/conv4/conv2d/kernel/ApplyGradientDescent	1601111574400054	11
tower_0/v/gradients/tower_0/v/cg/conv7/conv2d/Conv2D_grad/Conv2DBackpropFilter	1601111574350074	3159
tower_0/v/cg/conv3/Relu	1601111574240788	1049
tower_0/v/gradients/tower_0/v/l2_loss/L2Loss_1_grad/mul	1601111574191322	16
tower_0/v/cg/affine2/xw_plus_b	1601111574295084	5
v/cg/conv11/conv2d/kernel/read	-1	-1
v/cg/conv3/conv2d/kernel	-1	-1
v/cg/conv7/conv2d/kernel	-1	-1
tower_0/v/l2_loss/L2Loss_17	1601111574192007	18
ConstantFolding/tower_0/v/gradients/tower_0/v/cg/conv2/conv2d/Conv2D_grad/ShapeN-matshapes-1	-1	-1
tower_0/v/gradients/AddN_12	1601111574332626	4
v/cg/conv4/biases	-1	-1
append_apply_gradient_ops/GradientDescent	-1	-1
tower_0/v/cg/conv12/BiasAdd	1601111574292653	91
tower_0/v/cg/conv9/conv2d/Conv2D	1601111574278016	6654
ConstantFolding/tower_0/v/gradients/tower_0/v/cg/conv9/conv2d/Conv2D_grad/ShapeN-matshapes-1	-1	-1
v/cg/conv5/conv2d/kernel/read	-1	-1
tower_0/v/gradients/tower_0/v/cg/conv9/BiasAdd_grad/BiasAddGrad	1601111574319919	147
tower_0/v/cg/conv1/Relu	1601111574217266	2108
append_apply_gradient_ops/GradientDescent/update_v/cg/conv5/biases/ApplyGradientDescent	1601111574388107	4
tower_0/v/gradients/tower_0/v/cg/affine0/xw_plus_b_grad/BiasAddGrad	1601111574297040	12
tower_0/v/gradients/tower_0/v/cg/conv0/Relu_grad/ReluGrad	1601111574482311	3196
ConstantFolding/tower_0/v/gradients/tower_0/v/cg/conv12/conv2d/Conv2D_grad/ShapeN-matshapes-0	-1	-1
append_apply_gradient_ops/GradientDescent/update_v/cg/affine2/weights/ApplyGradientDescent	1601111574295593	94
v/cg/conv6/biases	-1	-1
v/cg/conv6/conv2d/kernel	-1	-1
tower_0/v/cg/dropout0/dropout/dropout/Shape	-1	-1
v/cg/conv0/biases	-1	-1
tower_0/v/gradients/tower_0/v/cg/conv4/conv2d/Conv2D_grad/Conv2DBackpropInput	1601111574388377	4329
tower_0/v/gradients/tower_0/v/cg/mpool0/MaxPool_grad/MaxPoolGrad	1601111574438862	3771
tower_0/v/gradients/tower_0/v/cg/conv10/conv2d/Conv2D_grad/Conv2DBackpropInput	1601111574314477	2268
tower_0/v/gradients/tower_0/v/l2_loss/L2Loss_28_grad/mul	1601111574192323	255
tower_0/v/gpu_cached_inputs/read	-1	-1
append_apply_gradient_ops/GradientDescent/update_v/cg/conv2/conv2d/kernel/ApplyGradientDescent	1601111574445854	7
tower_0/v/gradients/tower_0/v/cg/conv12/BiasAdd_grad/BiasAddGrad	1601111574304935	53
tower_0/v/cg/dropout0/dropout/dropout/mul_1	1601111574294591	6
tower_0/v/cg/affine2/xw_plus_b/MatMul	1601111574294907	176
tower_0/v/gradients/tower_0/v/cg/affine0/affine0_grad/ReluGrad	1601111574297029	8
tower_0/v/cg/conv8/Relu	1601111574277752	262
tower_0/v/l2_loss/L2Loss_11	1601111574190045	14
ConstantFolding/tower_0/v/gradients/tower_0/v/cg/conv12/conv2d/Conv2D_grad/ShapeN-matshapes-1	-1	-1
v/cg/conv2/conv2d/kernel/read	-1	-1
tower_0/v/gradients/tower_0/v/cg/conv9/conv2d/Conv2D_grad/Conv2DBackpropFilter	1601111574326698	5927
v/cg/conv7/biases	-1	-1
tower_0/v/gradients/tower_0/v/cg/conv1/conv2d/Conv2D_grad/Conv2DBackpropFilter	1601111574459687	22617
ConstantFolding/tower_0/v/gradients/tower_0/v/cg/conv2/conv2d/Conv2D_grad/ShapeN-matshapes-0	-1	-1
tower_0/v/gradients/AddN_26	1601111574438856	4
v/cg/conv8/biases/read	-1	-1
v/cg/conv11/conv2d/kernel	-1	-1
v/cg/conv12/biases/read	-1	-1
tower_0/v/gradients/tower_0/v/cg/dropout0/dropout/dropout/mul_1_grad/Mul	1601111574296259	7
tower_0/v/cg/conv8/conv2d/Conv2D	1601111574270730	6675
tower_0/v/l2_loss/L2Loss_4	1601111574191778	35
append_apply_gradient_ops/GradientDescent/update_v/cg/conv5/conv2d/kernel/ApplyGradientDescent	1601111574388089	17
v/cg/conv5/biases/read	-1	-1
tower_0/v/l2_loss/L2Loss_23	1601111574191188	14
tower_0/v/mul/x	-1	-1
tower_0/v/gradients/AddN_5	1601111574300069	2296
tower_0/v/vgg16_synthetic_labels/min	-1	-1
append_apply_gradient_ops/GradientDescent/update_v/cg/conv7/conv2d/kernel/ApplyGradientDescent	1601111574355359	30
tower_0/v/gradients/tower_0/v/cg/conv6/conv2d/Conv2D_grad/Conv2DBackpropFilter	1601111574363224	7740
v/cg/affine2/weights	-1	-1
ConstantFolding/tower_0/v/gradients/tower_0/v/cg/conv8/conv2d/Conv2D_grad/ShapeN-matshapes-1	-1	-1
append_apply_gradient_ops/GradientDescent/update_v/cg/conv9/conv2d/kernel/ApplyGradientDescent	1601111574345774	53
tower_0/v/gradients/AddN_13	1601111574333009	56
tower_0/v/gradients/tower_0/v/cg/conv2/conv2d/Conv2D_grad/Conv2DBackpropInput	1601111574423316	5621
v/cg/conv0/conv2d/kernel/read	-1	-1
tower_0/v/l2_loss/L2Loss_22	1601111574190760	43
tower_0/v/cg/affine1/xw_plus_b/MatMul	1601111574294599	284
tower_0/v/cg/Reshape	-1	-1
tower_0/v/l2_loss/L2Loss_30	1601111574189813	54
tower_0/v/gradients/tower_0/v/cg/conv2/conv2d/Conv2D_grad/Conv2DBackpropFilter	1601111574428939	9907
tower_0/v/gradients/tower_0/v/cg/conv8/Relu_grad/ReluGrad	1601111574332632	376
tower_0/v/cg/dropout0/dropout/dropout/truediv	-1	-1
tower_0/v/gradients/tower_0/v/cg/affine1/xw_plus_b/MatMul_grad/MatMul_1	1601111574296008	242
tower_0/v/gradients/tower_0/v/cg/conv0/conv2d/Conv2D_grad/Conv2DBackpropFilter	1601111574486454	4351
v/cg/conv7/biases/read	-1	-1
tower_0/v/cg/dropout0/dropout/dropout/GreaterEqual	1601111574196690	7
tower_0/v/cg/mpool3/MaxPool	1601111574285279	208
tower_0/v/gradients/AddN_28	1601111574482306	4
tower_0/v/l2_loss/L2Loss_26	1601111574192692	715
tower_0/v/gradients/tower_0/v/cg/conv11/Relu_grad/ReluGrad	1601111574309501	94
tower_0/v/cg/conv5/BiasAdd	1601111574255984	680
append_apply_gradient_ops/GradientDescent/update_v/cg/conv10/conv2d/kernel/ApplyGradientDescent	1601111574319858	56
append_apply_gradient_ops/GradientDescent/update_v/cg/conv0/conv2d/kernel/ApplyGradientDescent	1601111574490831	4
tower_0/v/l2_loss/L2Loss_13	1601111574190416	14
tower_0/v/gradients/tower_0/v/cg/conv3/Relu_grad/ReluGrad	1601111574398498	1554
tower_0/v/l2_loss/L2Loss_8	1601111574191901	36
tower_0/v/cg/dropout0/dropout/dropout/rate	-1	-1
v/cg/conv10/biases/read	-1	-1
v/cg/conv0/biases/read	-1	-1
tower_0/v/gradients/tower_0/v/xentropy/sparse_softmax_cross_entropy_loss/xentropy/xentropy_grad/mul	1601111574295226	8
append_apply_gradient_ops/GradientDescent/update_v/cg/conv9/biases/ApplyGradientDescent	1601111574333066	4
tower_0/v/gradients/tower_0/v/cg/affine1/xw_plus_b_grad/BiasAddGrad	1601111574295701	13
tower_0/v/gradients/tower_0/v/cg/mpool4/MaxPool_grad/MaxPoolGrad	1601111574302374	162
tower_0/v/gradients/tower_0/v/cg/conv1/conv2d/Conv2D_grad/Conv2DBackpropInput	1601111574446788	12897
tower_0/v/gradients/AddN_22	1601111574396609	4
tower_0/v/gradients/AddN_19	1601111574371730	17
tower_0/v/gradients/tower_0/v/l2_loss/L2Loss_7_grad/mul	1601111574191397	16
tower_0/v/cg/affine1/xw_plus_b	1601111574294886	6
tower_0/v/gradients/tower_0/v/cg/Reshape_grad/Reshape	-1	-1
v/cg/conv2/biases/read	-1	-1
append_apply_gradient_ops/GradientDescent/update_v/cg/conv12/biases/ApplyGradientDescent	1601111574309653	5
tower_0/v/gradients/tower_0/v/l2_loss/L2Loss_30_grad/mul	1601111574189871	69
tower_0/v/l2_loss/L2Loss_5	1601111574189942	4
v/cg/conv2/biases	-1	-1
main_fetch_group/_70	-1	-1
tower_0/v/cg/conv12/Relu	1601111574292746	69
v/cg/conv3/conv2d/kernel/read	-1	-1
tower_0/v/gradients/tower_0/v/cg/conv4/Relu_grad/ReluGrad	1601111574387328	759
tower_0/v/cg/dropout0/dropout/dropout/random_uniform/RandomUniform	1601111574189330	35
tower_0/v/gradients/tower_0/v/l2_loss/L2Loss_15_grad/mul	1601111574191183	4
v/cg/conv4/biases/read	-1	-1
ConstantFolding/tower_0/v/gradients/tower_0/v/cg/conv0/conv2d/Conv2D_grad/ShapeN-matshapes-1	-1	-1
tower_0/v/gradients/tower_0/v/cg/conv5/Relu_grad/ReluGrad	1601111574370971	757
v/cg/conv8/biases	-1	-1
tower_0/v/cg/mpool0/MaxPool	1601111574219376	1486
tower_0/v/gradients/tower_0/v/l2_loss/L2Loss_14_grad/mul	1601111574190697	30
v/cg/conv12/conv2d/kernel/read	-1	-1
tower_0/v/gradients/tower_0/v/cg/affine1/xw_plus_b/MatMul_grad/MatMul	1601111574295716	291
append_apply_gradient_ops/GradientDescent/update_v/cg/affine2/biases/ApplyGradientDescent	1601111574295577	5
tower_0/v/gradients/tower_0/v/cg/conv11/conv2d/Conv2D_grad/Conv2DBackpropFilter	1601111574311982	2210
tower_0/v/cg/dropout0/dropout/dropout/mul	1601111574201609	7
tower_0/v/gradients/AddN_11	1601111574319414	56
v/cg/affine2/biases/read	-1	-1
v/cg/affine1/biases/read	-1	-1
tower_0/v/gradients/tower_0/v/l2_loss/L2Loss_27_grad/mul	1601111574189761	15
v/cg/conv12/biases	-1	-1
tower_0/v/l2_loss/L2Loss_16	1601111574191454	43
ConstantFolding/average_loss/Mean/input_const_axis	-1	-1
v/cg/affine0/biases	-1	-1
tower_0/v/mul	1601111574199490	4
ConstantFolding/tower_0/v/gradients/tower_0/v/cg/conv9/conv2d/Conv2D_grad/ShapeN-matshapes-0	-1	-1
tower_0/v/cg/conv5/Relu	1601111574256667	524
tower_0/v/cg/conv7/Relu	1601111574270468	261
tower_0/v/gradients/tower_0/v/l2_loss/L2Loss_16_grad/mul	1601111574191519	45
v/cg/conv10/biases	-1	-1
tower_0/v/gradients/tower_0/v/cg/conv10/BiasAdd_grad/BiasAddGrad	1601111574314423	53
tower_0/v/cg/conv6/conv2d/Conv2D	1601111574257192	7618
learning_rate_tensor/input	-1	-1
tower_0/v/cg/conv8/BiasAdd	1601111574277407	343
tower_0/v/cg/dropout0_1/dropout/dropout/GreaterEqual	1601111574196698	6
v/cg/conv11/biases	-1	-1
v/cg/conv1/conv2d/kernel	-1	-1
tower_0/v/cg/affine0/xw_plus_b/MatMul	1601111574292878	1696
tower_0/v/gradients/tower_0/v/cg/dropout0_1/dropout/dropout/mul_1_grad/Mul	1601111574295468	6
tower_0/v/gradients/AddN_18	1601111574370965	4
tower_0/v/gradients/tower_0/v/cg/conv1/BiasAdd_grad/BiasAddGrad	1601111574445867	920
tower_0/v/cg/Reshape/shape	-1	-1
tower_0/v/cg/conv10/conv2d/Conv2D	1601111574285489	2279
main_fetch_group	-1	-1
tower_0/v/cg/conv1/BiasAdd	1601111574214527	2738
tower_0/v/xentropy/sparse_softmax_cross_entropy_loss/Mul	-1	-1
tower_0/v/gradients/tower_0/v/cg/conv10/Relu_grad/ReluGrad	1601111574314255	97
append_apply_gradient_ops/GradientDescent/update_v/cg/conv8/conv2d/kernel/ApplyGradientDescent	1601111574353235	53
tower_0/v/l2_loss/L2Loss_28	1601111574192182	139
ConstantFolding/tower_0/v/gradients/tower_0/v/cg/conv4/conv2d/Conv2D_grad/ShapeN-matshapes-0	-1	-1
tower_0/v/gradients/tower_0/v/cg/conv8/conv2d/Conv2D_grad/Conv2DBackpropInput	1601111574333227	6620
tower_0/v/cg/dropout0_1/dropout/dropout/mul	1601111574201617	6
tower_0/v/l2_loss/L2Loss	1601111574191137	7
tower_0/v/gradients/tower_0/v/l2_loss/L2Loss_12_grad/mul	1601111574190310	16
v/cg/conv9/conv2d/kernel	-1	-1
tower_0/v/cg/conv11/conv2d/Conv2D	1601111574287931	2280
tower_0/v/gradients/tower_0/v/cg/affine2/xw_plus_b/MatMul_grad/MatMul	1601111574295265	109
tower_0/v/gradients/tower_0/v/cg/conv6/BiasAdd_grad/BiasAddGrad	1601111574355396	257
tower_0/v/cg/conv3/BiasAdd	1601111574239422	1364
v/cg/conv9/biases	-1	-1
tower_0/v/gradients/tower_0/v/cg/conv12/conv2d/Conv2D_grad/Conv2DBackpropFilter	1601111574307275	2218
tower_0/v/gradients/tower_0/v/cg/conv3/conv2d/Conv2D_grad/Conv2DBackpropInput	1601111574400547	9801
v/cg/conv6/conv2d/kernel/read	-1	-1
tower_0/v/cg/affine0/xw_plus_b	1601111574294576	7
v/cg/conv3/biases	-1	-1
tower_0/v/gradients/tower_0/v/cg/dropout0_1/dropout/dropout/mul_grad/Mul	1601111574295584	8
tower_0/v/cg/dropout0_1/dropout/dropout/random_uniform/mul	-1	-1
average_loss/Mean	-1	-1
tower_0/v/l2_loss/L2Loss_27	1601111574189728	17
gpu_compute_stage_ops_group	-1	-1
ConstantFolding/tower_0/v/gradients/tower_0/v/cg/conv11/conv2d/Conv2D_grad/ShapeN-matshapes-1	-1	-1
append_apply_gradient_ops/GradientDescent/update_v/cg/conv7/biases/ApplyGradientDescent	1601111574354589	4
tower_0/v/gradients/AddN_4	1601111574300062	5
tower_0/v/l2_loss/L2Loss_18	1601111574192580	33
ConstantFolding/tower_0/v/gradients/tower_0/v/cg/conv6/conv2d/Conv2D_grad/ShapeN-matshapes-1	-1	-1
tower_0/v/gradients/tower_0/v/cg/conv7/BiasAdd_grad/BiasAddGrad	1601111574346281	147
tower_0/v/gradients/tower_0/v/l2_loss/L2Loss_19_grad/mul	1601111574192686	4
tower_0/v/gradients/tower_0/v/cg/mpool1/MaxPool_grad/MaxPoolGrad	1601111574396614	1865
tower_0/v/cg/conv0/conv2d/Conv2D	1601111574195003	1685
tower_0/v/transpose	1601111574190876	259
v/cg/conv3/biases/read	-1	-1
tower_0/v/cg/mpool4/MaxPool	1601111574292817	60
tower_0/v/gradients/tower_0/v/l2_loss/L2Loss_29_grad/mul	1601111574192663	4
tower_0/v/cg/conv9/BiasAdd	1601111574284671	344
v/cg/conv4/conv2d/kernel/read	-1	-1
tower_0/v/l2_loss/L2Loss_19	1601111574192680	4
tower_0/v/add	1601111574295571	5
tower_0/v/gradients/tower_0/v/l2_loss/L2Loss_4_grad/mul	1601111574191839	16
tower_0/v/gradients/AddN_30	1601111574490814	4
ConstantFolding/tower_0/v/gradients/tower_0/v/cg/conv11/conv2d/Conv2D_grad/ShapeN-matshapes-0	-1	-1
tower_0/v/gradients/AddN_25	1601111574422820	8
tower_0/v/cg/conv2/Relu	1601111574228473	1047
v/cg/conv7/conv2d/kernel/read	-1	-1
tower_0/v/gradients/tower_0/v/cg/conv0/BiasAdd_grad/BiasAddGrad	1601111574485525	924
tower_0/v/xentropy/sparse_softmax_cross_entropy_loss/value	1601111574295456	5
tower_0/v/gradients/tower_0/v/l2_loss/L2Loss_9_grad/mul	1601111574190013	14
tower_0/v/gradients/AddN_6	1601111574309495	4
tower_0/v/l2_loss/L2Loss_6	1601111574191151	18
tower_0/v/gradients/AddN_15	1601111574346212	55
tower_0/v/gradients/tower_0/v/cg/conv10/conv2d/Conv2D_grad/Conv2DBackpropFilter	1601111574316747	2211
tower_0/v/l2_loss/L2Loss_24	1601111574191583	42
tower_0/v/cg/conv7/BiasAdd	1601111574270122	344
tower_0/v/gradients/tower_0/v/l2_loss/L2Loss_24_grad/mul	1601111574191650	45
tower_0/v/gradients/tower_0/v/cg/affine1/affine1_grad/ReluGrad	1601111574295689	8
tower_0/v/gradients/tower_0/v/l2_loss/L2Loss_21_grad/mul	1601111574192675	4
tower_0/v/cg/conv3/conv2d/Conv2D	1601111574229522	9899
tower_0/v/gradients/AddN_29	1601111574485509	6
tower_0/v/gradients/tower_0/v/l2_loss/L2Loss_26_grad/mul	1601111574193409	1593
v/cg/affine0/weights/read	-1	-1
tower_0/v/vgg16_synthetic_labels/max	-1	-1
tower_0/v/gradients/AddN_2	1601111574296252	5
v/cg/affine2/weights/read	-1	-1
tower_0/v/gradients/tower_0/v/cg/conv5/BiasAdd_grad/BiasAddGrad	1601111574379500	255
tower_0/v/gradients/tower_0/v/cg/conv7/Relu_grad/ReluGrad	1601111574345834	376
tower_0/v/transpose/perm	-1	-1
tower_0/v/l2_loss/L2Loss_15	1601111574191177	5
tower_0/v/cg/conv4/conv2d/Conv2D	1601111574242619	4530
tower_0/v/gradients/tower_0/v/cg/conv1/Relu_grad/ReluGrad	1601111574442648	3205
tower_0/v/gradients/tower_0/v/xentropy/sparse_softmax_cross_entropy_loss/xentropy/xentropy_grad/ExpandDims	-1	-1
tower_0/v/gradients/tower_0/v/cg/dropout0/dropout/dropout/mul_grad/Mul	1601111574296647	8
tower_0/v/l2_loss/L2Loss_9	1601111574189978	16
ConstantFolding/tower_0/v/gradients/tower_0/v/cg/conv5/conv2d/Conv2D_grad/ShapeN-matshapes-0	-1	-1
tower_0/v/cg/conv0/BiasAdd	1601111574196731	2743
tower_0/v/gradients/tower_0/v/cg/conv11/conv2d/Conv2D_grad/Conv2DBackpropInput	1601111574309716	2264
append_apply_gradient_ops/GradientDescent/update_v/cg/conv12/conv2d/kernel/ApplyGradientDescent	1601111574314194	54
tower_0/v/gradients/tower_0/v/l2_loss/L2Loss_17_grad/mul	1601111574192049	16
tower_0/v/gradients/AddN_10	1601111574319014	4
tower_0/v/l2_loss/L2Loss_14	1601111574190633	37
ConstantFolding/tower_0/v/gradients/tower_0/v/cg/conv5/conv2d/Conv2D_grad/ShapeN-matshapes-1	-1	-1
tower_0/v/cg/conv6/Relu	1601111574265497	521
tower_0/v/gradients/tower_0/v/cg/affine2/xw_plus_b_grad/BiasAddGrad	1601111574295248	15
tower_0/v/gradients/AddN_27	1601111574442634	6
tower_0/v/gradients/tower_0/v/cg/affine0/xw_plus_b/MatMul_grad/MatMul	1601111574297054	1618
v/cg/conv9/biases/read	-1	-1
tower_0/v/vgg16_synthetic_labels/shape	-1	-1
append_apply_gradient_ops/GradientDescent/update_v/cg/conv2/biases/ApplyGradientDescent	1601111574442642	4
tower_0/v/cg/affine1/affine1	1601111574294893	5
tower_0/v/gradients/AddN_20	1601111574387323	4
tower_0/v/gradients/tower_0/v/l2_loss/L2Loss_3_grad/mul	1601111574190383	14
tower_0/v/cg/mpool2/MaxPool	1601111574266020	394
tower_0/v/gradients/tower_0/v/cg/conv9/conv2d/Conv2D_grad/Conv2DBackpropInput	1601111574320067	6629
tower_0/v/gradients/AddN_16	1601111574353289	4
v/cg/conv4/conv2d/kernel	-1	-1
ConstantFolding/tower_0/v/gradients/tower_0/v/cg/conv7/conv2d/Conv2D_grad/ShapeN-matshapes-1	-1	-1
tower_0/v/cg/affine0/affine0	1601111574294585	5
tower_0/v/cg/conv6/BiasAdd	1601111574264812	684
average_loss/range	-1	-1
tower_0/v/cg/conv2/conv2d/Conv2D	1601111574220863	6243
ConstantFolding/tower_0/v/gradients/tower_0/v/cg/conv8/conv2d/Conv2D_grad/ShapeN-matshapes-0	-1	-1
tower_0/v/gradients/tower_0/v/cg/conv8/conv2d/Conv2D_grad/Conv2DBackpropFilter	1601111574339848	5924
tower_0/v/gradients/AddN_23	1601111574398480	11
tower_0/v/cg/conv10/BiasAdd	1601111574287770	91
append_apply_gradient_ops/GradientDescent/update_v/cg/conv8/biases/ApplyGradientDescent	1601111574346269	4
tower_0/v/gradients/tower_0/v/cg/conv8/BiasAdd_grad/BiasAddGrad	1601111574333078	147
tower_0/v/cg/conv9/Relu	1601111574285016	261
append_apply_gradient_ops/GradientDescent/update_v/cg/affine1/biases/ApplyGradientDescent	1601111574296640	6
train_ops_group	-1	-1
tower_0/v/gpu_cached_inputs	-1	-1
tower_0/v/gradients/tower_0/v/cg/affine0/xw_plus_b/MatMul_grad/MatMul_1	1601111574298674	1387
append_apply_gradient_ops/GradientDescent/update_v/cg/conv6/biases/ApplyGradientDescent	1601111574371748	5
ConstantFolding/tower_0/v/gradients/tower_0/v/cg/conv3/conv2d/Conv2D_grad/ShapeN-matshapes-0	-1	-1
append_apply_gradient_ops/GradientDescent/update_v/cg/conv10/biases/ApplyGradientDescent	1601111574319471	4
tower_0/v/l2_loss/L2Loss_31	1601111574191697	14
tower_0/v/l2_loss/AddN	1601111574196706	23
tower_0/v/gradients/tower_0/v/l2_loss/L2Loss_10_grad/mul	1601111574190572	18
tower_0/v/gradients/tower_0/v/cg/conv2/BiasAdd_grad/BiasAddGrad	1601111574422840	475
tower_0/v/cg/conv10/Relu	1601111574287862	67
append_apply_gradient_ops/GradientDescent/update_v/cg/conv11/conv2d/kernel/ApplyGradientDescent	1601111574318960	53
v/cg/affine1/biases	-1	-1
v/cg/conv11/biases/read	-1	-1
tower_0/v/l2_loss/L2Loss_1	1601111574191282	17
append_apply_gradient_ops/GradientDescent/update_v/cg/conv3/biases/ApplyGradientDescent	1601111574422830	4
tower_0/v/gradients/tower_0/v/cg/conv7/conv2d/Conv2D_grad/Conv2DBackpropInput	1601111574346429	3643
v/cg/affine1/weights	-1	-1
v/cg/conv0/conv2d/kernel	-1	-1
tower_0/v/l2_loss/L2Loss_7	1601111574191359	16
tower_0/v/gradients/AddN_7	1601111574309597	55
tower_0/v/gradients/tower_0/v/l2_loss/L2Loss_6_grad/mul	1601111574191170	5
tower_0/v/gradients/tower_0/v/l2_loss/L2Loss_23_grad/mul	1601111574191225	16
v/cg/conv12/conv2d/kernel	-1	-1
tower_0/v/gradients/tower_0/v/l2_loss/L2Loss_8_grad/mul	1601111574191964	16
tower_0/v/cg/conv1/conv2d/Conv2D	1601111574201625	12900
tower_0/v/gradients/tower_0/v/l2_loss/L2Loss_grad/mul	1601111574191145	4
tower_0/v/l2_loss/L2Loss_2	1601111574190138	34
tower_0/v/vgg16_synthetic_labels	1601111574189436	23
ConstantFolding/tower_0/v/gradients/tower_0/v/cg/conv10/conv2d/Conv2D_grad/ShapeN-matshapes-1	-1	-1
ConstantFolding/tower_0/v/gradients/tower_0/v/cg/conv7/conv2d/Conv2D_grad/ShapeN-matshapes-0	-1	-1
tower_0/v/cg/dropout0/dropout/dropout/random_uniform/mul	-1	-1
tower_0/v/gradients/AddN_31	1601111574490820	4
v/cg/conv8/conv2d/kernel/read	-1	-1
ConstantFolding/tower_0/v/gradients/tower_0/v/cg/conv3/conv2d/Conv2D_grad/ShapeN-matshapes-1	-1	-1
v/cg/conv1/conv2d/kernel/read	-1	-1
tower_0/v/l2_loss/L2Loss_12	1601111574190254	32
tower_0/v/xentropy/sparse_softmax_cross_entropy_loss/num_present	-1	-1
tower_0/v/l2_loss/L2Loss_3	1601111574190348	15
append_apply_gradient_ops/GradientDescent/update_v/cg/conv0/biases/ApplyGradientDescent	1601111574490825	4
tower_0/v/gradients/tower_0/v/cg/mpool2/MaxPool_grad/MaxPoolGrad	1601111574353295	1259
tower_0/v/gradients/tower_0/v/l2_loss/L2Loss_11_grad/mul	1601111574190079	16
append_apply_gradient_ops/GradientDescent/update_v/cg/affine0/biases/ApplyGradientDescent	1601111574302367	5
tower_0/v/gradients/tower_0/v/cg/conv2/Relu_grad/ReluGrad	1601111574421263	1556
v/cg/affine0/weights	-1	-1
append_apply_gradient_ops/GradientDescent/update_v/cg/conv6/conv2d/kernel/ApplyGradientDescent	1601111574387287	16
v/cg/conv2/conv2d/kernel	-1	-1
append_apply_gradient_ops/GradientDescent/update_v/cg/conv3/conv2d/kernel/ApplyGradientDescent	1601111574438848	7
tower_0/v/cg/conv11/BiasAdd	1601111574290213	90
tower_0/v/cg/dropout0_1/dropout/dropout/mul_1	1601111574294900	6
tower_0/v/gradients/AddN_3	1601111574296267	371
tower_0/v/gradients/tower_0/v/cg/Reshape_grad/Shape	-1	-1
