tower_0/v/cg/conv4/Relu
0	686.0	GPU_0_bfc
tower_0/v/gradients/tower_0/v/l2_loss/L2Loss_24_grad/mul
0	9.0	GPU_0_bfc
tower_0/v/gradients/tower_0/v/l2_loss/L2Loss_18_grad/mul
0	9.0	GPU_0_bfc
tower_0/v/gradients/tower_0/v/cg/conv12/conv2d/Conv2D_grad/Conv2DBackpropInput
0	85.75	GPU_0_bfc
tower_0/v/cg/dropout0_1/dropout/dropout/Cast
0	3.5	GPU_0_bfc
tower_0/v/gradients/tower_0/v/cg/conv9/BiasAdd_grad/BiasAddGrad
0	0.00244140625	GPU_0_bfc
tower_0/v/cg/mpool4/MaxPool
0	21.4375	GPU_0_bfc
v/cg/conv2/biases/read
0	0.00048828125	GPU_0_bfc
tower_0/v/gradients/tower_0/v/l2_loss/L2Loss_9_grad/mul
0	0.0009765625	GPU_0_bfc
tower_0/v/cg/conv9/Relu
0	343.0	GPU_0_bfc
append_apply_gradient_ops/GradientDescent/update_v/cg/conv3/conv2d/kernel/ApplyGradientDescent
0	0.5625	GPU_0_bfc
tower_0/v/cg/conv6/conv2d/Conv2D
0	686.0	GPU_0_bfc
tower_0/v/gradients/tower_0/v/cg/conv12/Relu_grad/ReluGrad
0	85.75	GPU_0_bfc
tower_0/v/gradients/tower_0/v/l2_loss/L2Loss_8_grad/mul
0	1.125	GPU_0_bfc
tower_0/v/l2_loss/L2Loss_26
0	0.000244140625	GPU_0_bfc
tower_0/v/l2_loss/L2Loss_2
0	0.000244140625	GPU_0_bfc
tower_0/v/cg/conv11/Relu
0	85.75	GPU_0_bfc
tower_0/v/l2_loss/L2Loss_3
0	0.000244140625	GPU_0_bfc
tower_0/v/gradients/tower_0/v/l2_loss/L2Loss_28_grad/mul
0	64.0	GPU_0_bfc
tower_0/v/gradients/tower_0/v/cg/conv5/Relu_grad/ReluGrad
0	686.0	GPU_0_bfc
tower_0/v/gradients/tower_0/v/cg/affine0/xw_plus_b/MatMul_grad/MatMul_1
0	392.0	GPU_0_bfc
append_apply_gradient_ops/GradientDescent/update_v/cg/conv2/biases/ApplyGradientDescent
0	0.00048828125	GPU_0_bfc
tower_0/v/l2_loss/L2Loss_15
0	0.000244140625	GPU_0_bfc
append_apply_gradient_ops/GradientDescent/update_v/cg/conv5/biases/ApplyGradientDescent
0	0.0009765625	GPU_0_bfc
tower_0/v/gradients/AddN_20
0	0.0009765625	GPU_0_bfc
append_apply_gradient_ops/GradientDescent/update_v/cg/conv12/biases/ApplyGradientDescent
0	0.001953125	GPU_0_bfc
tower_0/v/add
0	0.000244140625	GPU_0_bfc
append_apply_gradient_ops/GradientDescent/update_v/cg/conv5/conv2d/kernel/ApplyGradientDescent
0	2.25	GPU_0_bfc
v/cg/conv3/biases
0	0.00048828125	GPU_0_bfc
tower_0/v/gradients/tower_0/v/cg/affine1/affine1_grad/ReluGrad
0	3.5	GPU_0_bfc
tower_0/v/cg/conv1/Relu
0	2744.0	GPU_0_bfc
tower_0/v/gradients/tower_0/v/l2_loss/L2Loss_10_grad/mul
0	2.25	GPU_0_bfc
tower_0/v/gradients/tower_0/v/cg/dropout0/dropout/dropout/mul_1_grad/Mul
0	3.5	GPU_0_bfc
tower_0/v/cg/Reshape
0	21.4375	GPU_0_bfc
tower_0/v/gradients/tower_0/v/cg/affine0/affine0_grad/ReluGrad
0	6.125244140625	GPU_0_bfc
tower_0/v/l2_loss/L2Loss_18
0	0.000244140625	GPU_0_bfc
tower_0/v/l2_loss/L2Loss_14
0	0.000244140625	GPU_0_bfc
append_apply_gradient_ops/GradientDescent/update_v/cg/conv10/biases/ApplyGradientDescent
0	0.001953125	GPU_0_bfc
tower_0/v/gradients/AddN_23
0	2.24951171875	GPU_0_bfc
tower_0/v/gradients/tower_0/v/l2_loss/L2Loss_grad/mul
0	0.006591796875	GPU_0_bfc
v/cg/affine0/weights
0	392.0	GPU_0_bfc
v/cg/conv1/conv2d/kernel
0	0.140625	GPU_0_bfc
v/cg/affine0/biases
0	0.015625	GPU_0_bfc
v/cg/conv7/biases/read
0	0.001953125	GPU_0_bfc
tower_0/v/gradients/tower_0/v/cg/conv7/conv2d/Conv2D_grad/Conv2DBackpropFilter
0	4.5	GPU_0_bfc
v/cg/affine1/weights
0	64.0	GPU_0_bfc
tower_0/v/gradients/tower_0/v/xentropy/sparse_softmax_cross_entropy_loss/xentropy/xentropy_grad/mul
0	0.875	GPU_0_bfc
tower_0/v/gradients/AddN_30
0	0.000244140625	GPU_0_bfc
v/cg/conv6/biases/read
0	0.0009765625	GPU_0_bfc
v/cg/conv4/biases/read
0	0.0009765625	GPU_0_bfc
tower_0/v/gradients/tower_0/v/cg/conv1/Relu_grad/ReluGrad
0	2744.0	GPU_0_bfc
tower_0/v/gradients/tower_0/v/cg/conv2/conv2d/Conv2D_grad/Conv2DBackpropInput
0	686.0	GPU_0_bfc
append_apply_gradient_ops/GradientDescent/update_v/cg/conv1/biases/ApplyGradientDescent
0	0.000244140625	GPU_0_bfc
append_apply_gradient_ops/GradientDescent/update_v/cg/affine0/weights/ApplyGradientDescent
0	392.0	GPU_0_bfc
append_apply_gradient_ops/GradientDescent/update_v/cg/conv8/conv2d/kernel/ApplyGradientDescent
0	9.0	GPU_0_bfc
tower_0/v/gradients/tower_0/v/cg/conv11/Relu_grad/ReluGrad
0	85.75	GPU_0_bfc
tower_0/v/gradients/tower_0/v/cg/conv10/Relu_grad/ReluGrad
0	85.75	GPU_0_bfc
tower_0/v/gradients/tower_0/v/cg/conv11/BiasAdd_grad/BiasAddGrad
0	0.001953125	GPU_0_bfc
tower_0/v/transpose
0	128.625	GPU_0_bfc
tower_0/v/gradients/tower_0/v/cg/dropout0_1/dropout/dropout/mul_1_grad/Mul
0	3.5	GPU_0_bfc
append_apply_gradient_ops/GradientDescent/update_v/cg/conv0/conv2d/kernel/ApplyGradientDescent
0	0.006591796875	GPU_0_bfc
tower_0/v/xentropy/sparse_softmax_cross_entropy_loss/xentropy/xentropy
0	0.0009765625	GPU_0_bfc
1	0.875	GPU_0_bfc
tower_0/v/cg/dropout0/dropout/dropout/rate
0	0.000244140625	GPU_0_bfc
v/cg/conv7/conv2d/kernel
0	4.5	GPU_0_bfc
tower_0/v/gradients/AddN_5
0	392.0	GPU_0_bfc
tower_0/v/gradients/tower_0/v/cg/conv6/Relu_grad/ReluGrad
0	686.0	GPU_0_bfc
v/cg/conv10/biases
0	0.001953125	GPU_0_bfc
v/cg/conv7/biases
0	0.001953125	GPU_0_bfc
tower_0/v/gradients/tower_0/v/cg/conv2/conv2d/Conv2D_grad/Conv2DBackpropFilter
0	0.28125	GPU_0_bfc
append_apply_gradient_ops/GradientDescent/update_v/cg/conv4/biases/ApplyGradientDescent
0	0.0009765625	GPU_0_bfc
tower_0/v/cg/conv3/Relu
0	1372.0	GPU_0_bfc
tower_0/v/gradients/tower_0/v/cg/conv5/BiasAdd_grad/BiasAddGrad
0	0.0009765625	GPU_0_bfc
tower_0/v/gradients/tower_0/v/cg/mpool4/MaxPool_grad/MaxPoolGrad
0	85.75	GPU_0_bfc
tower_0/v/cg/affine1/xw_plus_b/MatMul
0	3.5	GPU_0_bfc
tower_0/v/gradients/tower_0/v/cg/affine2/xw_plus_b/MatMul_grad/MatMul
0	3.5	GPU_0_bfc
v/cg/conv9/biases
0	0.001953125	GPU_0_bfc
tower_0/v/l2_loss/L2Loss_29
0	0.000244140625	GPU_0_bfc
tower_0/v/l2_loss/L2Loss_17
0	0.000244140625	GPU_0_bfc
tower_0/v/gradients/AddN_17
0	4.5	GPU_0_bfc
v/cg/conv4/conv2d/kernel
0	1.125	GPU_0_bfc
v/cg/conv12/biases/read
0	0.001953125	GPU_0_bfc
tower_0/v/cg/affine2/xw_plus_b/MatMul
0	0.875	GPU_0_bfc
tower_0/v/gradients/tower_0/v/cg/conv3/conv2d/Conv2D_grad/Conv2DBackpropFilter
0	0.5625	GPU_0_bfc
tower_0/v/cg/conv4/conv2d/Conv2D
0	686.0	GPU_0_bfc
tower_0/v/cg/conv8/Relu
0	343.0	GPU_0_bfc
v/cg/conv10/biases/read
0	0.001953125	GPU_0_bfc
tower_0/v/cg/conv11/BiasAdd
0	85.75	GPU_0_bfc
tower_0/v/gradients/tower_0/v/cg/conv10/BiasAdd_grad/BiasAddGrad
0	0.00244140625	GPU_0_bfc
append_apply_gradient_ops/GradientDescent/update_v/cg/affine2/weights/ApplyGradientDescent
0	15.640625	GPU_0_bfc
tower_0/v/cg/dropout0/dropout/dropout/Cast
0	6.125244140625	GPU_0_bfc
tower_0/v/l2_loss/L2Loss_13
0	0.000244140625	GPU_0_bfc
tower_0/v/cg/conv5/Relu
0	686.0	GPU_0_bfc
tower_0/v/l2_loss/L2Loss_7
0	0.000244140625	GPU_0_bfc
tower_0/v/gpu_cached_inputs
0	128.625	GPU_0_bfc
tower_0/v/gradients/tower_0/v/l2_loss/L2Loss_30_grad/mul
0	15.640625	GPU_0_bfc
v/cg/conv0/biases/read
0	0.000244140625	GPU_0_bfc
tower_0/v/gradients/AddN_26
0	0.00048828125	GPU_0_bfc
tower_0/v/gradients/AddN_14
0	0.00244140625	GPU_0_bfc
tower_0/v/xentropy/sparse_softmax_cross_entropy_loss/Sum
0	0.000244140625	GPU_0_bfc
v/cg/conv5/conv2d/kernel/read
0	2.25	GPU_0_bfc
tower_0/v/l2_loss/L2Loss_30
0	0.000244140625	GPU_0_bfc
tower_0/v/gradients/tower_0/v/cg/conv5/conv2d/Conv2D_grad/Conv2DBackpropFilter
0	2.250244140625	GPU_0_bfc
tower_0/v/l2_loss/L2Loss_11
0	0.000244140625	GPU_0_bfc
append_apply_gradient_ops/GradientDescent/update_v/cg/conv12/conv2d/kernel/ApplyGradientDescent
0	9.0	GPU_0_bfc
v/cg/affine2/weights/read
0	15.640625	GPU_0_bfc
v/cg/conv1/conv2d/kernel/read
0	0.140625	GPU_0_bfc
append_apply_gradient_ops/GradientDescent/update_v/cg/conv7/biases/ApplyGradientDescent
0	0.001953125	GPU_0_bfc
append_apply_gradient_ops/GradientDescent/update_v/cg/affine1/biases/ApplyGradientDescent
0	0.015625	GPU_0_bfc
tower_0/v/gradients/AddN_6
0	0.001953125	GPU_0_bfc
tower_0/v/gradients/AddN_4
0	0.01611328125	GPU_0_bfc
tower_0/v/cg/conv0/conv2d/Conv2D
0	2744.0	GPU_0_bfc
v/cg/conv2/biases
0	0.00048828125	GPU_0_bfc
tower_0/v/gradients/tower_0/v/cg/conv9/conv2d/Conv2D_grad/Conv2DBackpropFilter
0	9.00048828125	GPU_0_bfc
v/cg/conv4/conv2d/kernel/read
0	1.125	GPU_0_bfc
tower_0/v/l2_loss/L2Loss_31
0	0.000244140625	GPU_0_bfc
tower_0/v/cg/affine0/xw_plus_b/MatMul
0	3.5	GPU_0_bfc
v/cg/conv12/conv2d/kernel/read
0	9.0	GPU_0_bfc
tower_0/v/gradients/tower_0/v/l2_loss/L2Loss_27_grad/mul
0	0.015625	GPU_0_bfc
append_apply_gradient_ops/GradientDescent/update_v/cg/conv6/biases/ApplyGradientDescent
0	0.0009765625	GPU_0_bfc
tower_0/v/cg/conv3/BiasAdd
0	1372.0	GPU_0_bfc
tower_0/v/xentropy/sparse_softmax_cross_entropy_loss/Mul
0	0.0009765625	GPU_0_bfc
append_apply_gradient_ops/GradientDescent/update_v/cg/conv3/biases/ApplyGradientDescent
0	0.00048828125	GPU_0_bfc
v/cg/conv3/conv2d/kernel/read
0	0.5625	GPU_0_bfc
tower_0/v/cg/conv9/BiasAdd
0	343.0	GPU_0_bfc
tower_0/v/gradients/tower_0/v/cg/conv2/Relu_grad/ReluGrad
0	1372.0	GPU_0_bfc
tower_0/v/gradients/tower_0/v/l2_loss/L2Loss_12_grad/mul
0	2.25	GPU_0_bfc
tower_0/v/gradients/tower_0/v/l2_loss/L2Loss_11_grad/mul
0	0.0009765625	GPU_0_bfc
append_apply_gradient_ops/GradientDescent/update_v/cg/affine0/biases/ApplyGradientDescent
0	0.015625	GPU_0_bfc
v/cg/conv7/conv2d/kernel/read
0	4.5	GPU_0_bfc
tower_0/v/cg/mpool3/MaxPool
0	85.75	GPU_0_bfc
tower_0/v/gradients/AddN_2
0	0.015625	GPU_0_bfc
tower_0/v/l2_loss/L2Loss_23
0	0.000244140625	GPU_0_bfc
tower_0/v/cg/dropout0_1/dropout/dropout/mul
0	3.5	GPU_0_bfc
tower_0/v/cg/conv1/BiasAdd
0	2744.0	GPU_0_bfc
v/cg/conv10/conv2d/kernel
0	9.0	GPU_0_bfc
tower_0/v/gradients/tower_0/v/cg/affine1/xw_plus_b_grad/BiasAddGrad
0	0.015625	GPU_0_bfc
v/cg/affine2/biases
0	0.00390625	GPU_0_bfc
tower_0/v/gradients/tower_0/v/cg/conv8/BiasAdd_grad/BiasAddGrad
0	0.00244140625	GPU_0_bfc
tower_0/v/l2_loss/L2Loss_20
0	0.000244140625	GPU_0_bfc
average_loss/Mean
0	0.000244140625	GPU_0_bfc
tower_0/v/gradients/tower_0/v/l2_loss/L2Loss_16_grad/mul
0	9.0	GPU_0_bfc
tower_0/v/l2_loss/L2Loss_1
0	0.000244140625	GPU_0_bfc
tower_0/v/l2_loss/AddN
0	0.000244140625	GPU_0_bfc
append_apply_gradient_ops/GradientDescent/update_v/cg/conv2/conv2d/kernel/ApplyGradientDescent
0	0.28125	GPU_0_bfc
tower_0/v/cg/affine1/affine1
0	3.5	GPU_0_bfc
tower_0/v/cg/conv2/BiasAdd
0	1372.0	GPU_0_bfc
tower_0/v/gradients/tower_0/v/cg/conv1/conv2d/Conv2D_grad/Conv2DBackpropInput
0	2744.0	GPU_0_bfc
v/cg/conv6/conv2d/kernel
0	2.25	GPU_0_bfc
v/cg/conv3/biases/read
0	0.00048828125	GPU_0_bfc
tower_0/v/vgg16_synthetic_labels
0	0.0009765625	GPU_0_bfc
tower_0/v/gradients/tower_0/v/cg/conv4/BiasAdd_grad/BiasAddGrad
0	0.0009765625	GPU_0_bfc
tower_0/v/gradients/AddN_12
0	0.00244140625	GPU_0_bfc
tower_0/v/gradients/tower_0/v/cg/dropout0/dropout/dropout/mul_grad/Mul
0	6.125244140625	GPU_0_bfc
tower_0/v/xentropy/sparse_softmax_cross_entropy_loss/num_present
0	0.000244140625	GPU_0_bfc
tower_0/v/cg/mpool2/MaxPool
0	171.5	GPU_0_bfc
append_apply_gradient_ops/GradientDescent/update_v/cg/conv10/conv2d/kernel/ApplyGradientDescent
0	9.0	GPU_0_bfc
tower_0/v/cg/conv10/Relu
0	85.75	GPU_0_bfc
v/cg/conv6/conv2d/kernel/read
0	2.25	GPU_0_bfc
tower_0/v/gradients/AddN
0	0.00390625	GPU_0_bfc
tower_0/v/gradients/tower_0/v/cg/conv9/conv2d/Conv2D_grad/Conv2DBackpropInput
0	428.75	GPU_0_bfc
tower_0/v/gradients/tower_0/v/l2_loss/L2Loss_6_grad/mul
0	0.5625	GPU_0_bfc
tower_0/v/gradients/tower_0/v/cg/conv12/conv2d/Conv2D_grad/Conv2DBackpropFilter
0	10.5	GPU_0_bfc
v/cg/conv11/biases/read
0	0.001953125	GPU_0_bfc
tower_0/v/l2_loss/L2Loss_21
0	0.000244140625	GPU_0_bfc
v/cg/conv3/conv2d/kernel
0	0.5625	GPU_0_bfc
learning_rate_tensor/input
0	0.000244140625	GPU_0_bfc
tower_0/v/gradients/tower_0/v/cg/conv5/conv2d/Conv2D_grad/Conv2DBackpropInput
0	686.0	GPU_0_bfc
tower_0/v/cg/dropout0/dropout/dropout/truediv
0	0.000244140625	GPU_0_bfc
v/cg/conv8/conv2d/kernel/read
0	9.0	GPU_0_bfc
v/cg/affine2/biases/read
0	0.00390625	GPU_0_bfc
tower_0/v/cg/dropout0_1/dropout/dropout/GreaterEqual
0	0.875	GPU_0_bfc
tower_0/v/gpu_cached_inputs/read
0	128.625	GPU_0_bfc
tower_0/v/gradients/tower_0/v/l2_loss/L2Loss_14_grad/mul
0	4.5	GPU_0_bfc
v/cg/conv2/conv2d/kernel/read
0	0.28125	GPU_0_bfc
tower_0/v/gradients/AddN_8
0	0.001953125	GPU_0_bfc
tower_0/v/gradients/tower_0/v/l2_loss/L2Loss_21_grad/mul
0	0.001953125	GPU_0_bfc
v/cg/conv0/conv2d/kernel
0	0.006591796875	GPU_0_bfc
tower_0/v/l2_loss/L2Loss_19
0	0.000244140625	GPU_0_bfc
tower_0/v/gradients/tower_0/v/cg/conv10/conv2d/Conv2D_grad/Conv2DBackpropInput
0	85.75	GPU_0_bfc
tower_0/v/l2_loss/L2Loss_10
0	0.000244140625	GPU_0_bfc
tower_0/v/cg/conv12/conv2d/Conv2D
0	85.75	GPU_0_bfc
tower_0/v/gradients/tower_0/v/cg/conv12/BiasAdd_grad/BiasAddGrad
0	0.001953125	GPU_0_bfc
tower_0/v/l2_loss/L2Loss_9
0	0.000244140625	GPU_0_bfc
tower_0/v/gradients/tower_0/v/cg/conv4/conv2d/Conv2D_grad/Conv2DBackpropFilter
0	2.24951171875	GPU_0_bfc
tower_0/v/gradients/tower_0/v/l2_loss/L2Loss_15_grad/mul
0	0.001953125	GPU_0_bfc
v/cg/affine1/biases/read
0	0.015625	GPU_0_bfc
v/cg/conv5/biases/read
0	0.0009765625	GPU_0_bfc
append_apply_gradient_ops/GradientDescent/update_v/cg/conv9/conv2d/kernel/ApplyGradientDescent
0	9.0	GPU_0_bfc
tower_0/v/gradients/AddN_22
0	0.0009765625	GPU_0_bfc
tower_0/v/cg/conv6/Relu
0	686.0	GPU_0_bfc
tower_0/v/gradients/AddN_29
0	0.140625	GPU_0_bfc
tower_0/v/gradients/tower_0/v/cg/conv0/Relu_grad/ReluGrad
0	2744.0	GPU_0_bfc
tower_0/v/gradients/tower_0/v/l2_loss/L2Loss_19_grad/mul
0	0.001953125	GPU_0_bfc
tower_0/v/cg/conv7/BiasAdd
0	343.0	GPU_0_bfc
tower_0/v/gradients/tower_0/v/l2_loss/L2Loss_23_grad/mul
0	0.001953125	GPU_0_bfc
append_apply_gradient_ops/GradientDescent/update_v/cg/conv7/conv2d/kernel/ApplyGradientDescent
0	4.5	GPU_0_bfc
v/cg/conv11/biases
0	0.001953125	GPU_0_bfc
tower_0/v/gradients/tower_0/v/cg/Reshape_grad/Reshape
0	21.4375	GPU_0_bfc
tower_0/v/gradients/tower_0/v/cg/affine1/xw_plus_b/MatMul_grad/MatMul_1
0	64.0	GPU_0_bfc
v/cg/affine1/weights/read
0	64.0	GPU_0_bfc
tower_0/v/gradients/AddN_18
0	0.0009765625	GPU_0_bfc
tower_0/v/cg/conv10/BiasAdd
0	85.75	GPU_0_bfc
tower_0/v/cg/conv4/BiasAdd
0	686.0	GPU_0_bfc
v/cg/affine2/weights
0	15.640625	GPU_0_bfc
tower_0/v/cg/conv5/conv2d/Conv2D
0	686.0	GPU_0_bfc
tower_0/v/l2_loss/L2Loss_24
0	0.000244140625	GPU_0_bfc
tower_0/v/l2_loss/L2Loss_16
0	0.000244140625	GPU_0_bfc
tower_0/v/cg/conv0/Relu
0	2744.0	GPU_0_bfc
tower_0/v/l2_loss/L2Loss_25
0	0.000244140625	GPU_0_bfc
v/cg/conv12/biases
0	0.001953125	GPU_0_bfc
tower_0/v/l2_loss/L2Loss_22
0	0.000244140625	GPU_0_bfc
tower_0/v/cg/dropout0/dropout/dropout/random_uniform/mul
0	3.5	GPU_0_bfc
tower_0/v/gradients/tower_0/v/cg/conv11/conv2d/Conv2D_grad/Conv2DBackpropInput
0	85.75	GPU_0_bfc
tower_0/v/gradients/tower_0/v/l2_loss/L2Loss_20_grad/mul
0	9.0	GPU_0_bfc
tower_0/v/l2_loss/L2Loss_6
0	0.000244140625	GPU_0_bfc
tower_0/v/gradients/AddN_24
0	0.00048828125	GPU_0_bfc
tower_0/v/xentropy/sparse_softmax_cross_entropy_loss/value
0	0.000244140625	GPU_0_bfc
v/cg/affine0/weights/read
0	392.0	GPU_0_bfc
tower_0/v/gradients/tower_0/v/cg/mpool2/MaxPool_grad/MaxPoolGrad
0	686.0	GPU_0_bfc
append_apply_gradient_ops/GradientDescent/update_v/cg/conv11/conv2d/kernel/ApplyGradientDescent
0	9.0	GPU_0_bfc
append_apply_gradient_ops/GradientDescent/update_v/cg/conv1/conv2d/kernel/ApplyGradientDescent
0	0.140625	GPU_0_bfc
tower_0/v/cg/conv12/BiasAdd
0	85.75	GPU_0_bfc
tower_0/v/gradients/tower_0/v/l2_loss/L2Loss_13_grad/mul
0	0.0009765625	GPU_0_bfc
tower_0/v/gradients/tower_0/v/l2_loss/L2Loss_29_grad/mul
0	0.015625	GPU_0_bfc
tower_0/v/gradients/tower_0/v/cg/affine0/xw_plus_b/MatMul_grad/MatMul
0	21.4375	GPU_0_bfc
tower_0/v/gradients/tower_0/v/l2_loss/L2Loss_3_grad/mul
0	0.000244140625	GPU_0_bfc
tower_0/v/gradients/AddN_7
0	10.5	GPU_0_bfc
tower_0/v/cg/mpool1/MaxPool
0	343.0	GPU_0_bfc
tower_0/v/cg/conv8/conv2d/Conv2D
0	343.0	GPU_0_bfc
tower_0/v/gradients/tower_0/v/cg/conv6/BiasAdd_grad/BiasAddGrad
0	0.0009765625	GPU_0_bfc
tower_0/v/gradients/tower_0/v/cg/conv7/conv2d/Conv2D_grad/Conv2DBackpropInput
0	171.5	GPU_0_bfc
append_apply_gradient_ops/GradientDescent/update_v/cg/conv0/biases/ApplyGradientDescent
0	0.000244140625	GPU_0_bfc
v/cg/conv1/biases
0	0.000244140625	GPU_0_bfc
tower_0/v/cg/conv1/conv2d/Conv2D
0	2744.0	GPU_0_bfc
tower_0/v/cg/dropout0/dropout/dropout/random_uniform/RandomUniform
0	3.5	GPU_0_bfc
tower_0/v/cg/affine1/xw_plus_b
0	3.5	GPU_0_bfc
append_apply_gradient_ops/GradientDescent/update_v/cg/affine2/biases/ApplyGradientDescent
0	0.00390625	GPU_0_bfc
v/cg/conv12/conv2d/kernel
0	9.0	GPU_0_bfc
tower_0/v/gradients/AddN_9
0	9.004638671875	GPU_0_bfc
tower_0/v/gradients/AddN_28
0	0.000244140625	GPU_0_bfc
tower_0/v/l2_loss/L2Loss_27
0	0.000244140625	GPU_0_bfc
tower_0/v/gradients/tower_0/v/cg/conv3/Relu_grad/ReluGrad
0	1372.0	GPU_0_bfc
tower_0/v/gradients/tower_0/v/l2_loss/L2Loss_22_grad/mul
0	9.0	GPU_0_bfc
tower_0/v/gradients/tower_0/v/cg/affine1/xw_plus_b/MatMul_grad/MatMul
0	3.5	GPU_0_bfc
tower_0/v/cg/conv2/Relu
0	1372.0	GPU_0_bfc
tower_0/v/cg/conv0/BiasAdd
0	2744.0	GPU_0_bfc
tower_0/v/gradients/AddN_11
0	9.00048828125	GPU_0_bfc
tower_0/v/gradients/AddN_15
0	9.004638671875	GPU_0_bfc
tower_0/v/cg/affine0/affine0
0	3.5	GPU_0_bfc
tower_0/v/gradients/tower_0/v/l2_loss/L2Loss_25_grad/mul
0	0.001953125	GPU_0_bfc
tower_0/v/gradients/tower_0/v/cg/conv6/conv2d/Conv2D_grad/Conv2DBackpropInput
0	686.0	GPU_0_bfc
tower_0/v/cg/dropout0_1/dropout/dropout/mul_1
0	3.5	GPU_0_bfc
append_apply_gradient_ops/GradientDescent/update_v/cg/affine1/weights/ApplyGradientDescent
0	64.0	GPU_0_bfc
tower_0/v/gradients/tower_0/v/cg/mpool3/MaxPool_grad/MaxPoolGrad
0	343.0	GPU_0_bfc
tower_0/v/cg/conv12/Relu
0	85.75	GPU_0_bfc
tower_0/v/cg/dropout0_1/dropout/dropout/random_uniform/mul
0	3.5	GPU_0_bfc
tower_0/v/cg/affine2/xw_plus_b
0	0.875	GPU_0_bfc
tower_0/v/gradients/tower_0/v/l2_loss/L2Loss_2_grad/mul
0	0.140625	GPU_0_bfc
tower_0/v/cg/conv7/Relu
0	343.0	GPU_0_bfc
v/cg/conv8/conv2d/kernel
0	9.0	GPU_0_bfc
tower_0/v/l2_loss/L2Loss_5
0	0.000244140625	GPU_0_bfc
tower_0/v/gradients/AddN_16
0	0.002197265625	GPU_0_bfc
tower_0/v/cg/conv3/conv2d/Conv2D
0	1372.0	GPU_0_bfc
tower_0/v/gradients/tower_0/v/cg/affine2/xw_plus_b_grad/BiasAddGrad
0	0.00390625	GPU_0_bfc
tower_0/v/gradients/tower_0/v/cg/conv4/conv2d/Conv2D_grad/Conv2DBackpropInput
0	343.0	GPU_0_bfc
v/cg/conv2/conv2d/kernel
0	0.28125	GPU_0_bfc
tower_0/v/cg/conv9/conv2d/Conv2D
0	343.0	GPU_0_bfc
v/cg/conv8/biases/read
0	0.001953125	GPU_0_bfc
tower_0/v/gradients/AddN_10
0	0.00244140625	GPU_0_bfc
tower_0/v/gradients/AddN_13
0	9.00048828125	GPU_0_bfc
tower_0/v/cg/conv2/conv2d/Conv2D
0	1372.0	GPU_0_bfc
v/cg/conv8/biases
0	0.001953125	GPU_0_bfc
tower_0/v/gradients/tower_0/v/xentropy/sparse_softmax_cross_entropy_loss/xentropy/xentropy_grad/ExpandDims
0	0.0009765625	GPU_0_bfc
tower_0/v/gradients/tower_0/v/cg/conv3/conv2d/Conv2D_grad/Conv2DBackpropInput
0	1372.0	GPU_0_bfc
v/cg/conv5/biases
0	0.0009765625	GPU_0_bfc
tower_0/v/gradients/tower_0/v/cg/mpool1/MaxPool_grad/MaxPoolGrad
0	1372.0	GPU_0_bfc
tower_0/v/gradients/tower_0/v/cg/conv2/BiasAdd_grad/BiasAddGrad
0	0.00048828125	GPU_0_bfc
v/cg/conv9/conv2d/kernel/read
0	9.0	GPU_0_bfc
tower_0/v/cg/dropout0/dropout/dropout/mul
0	3.5	GPU_0_bfc
tower_0/v/l2_loss/L2Loss_4
0	0.000244140625	GPU_0_bfc
tower_0/v/gradients/tower_0/v/l2_loss/L2Loss_17_grad/mul
0	0.001953125	GPU_0_bfc
tower_0/v/gradients/tower_0/v/cg/conv1/conv2d/Conv2D_grad/Conv2DBackpropFilter
0	0.140625	GPU_0_bfc
tower_0/v/cg/conv8/BiasAdd
0	343.0	GPU_0_bfc
tower_0/v/gradients/tower_0/v/cg/conv10/conv2d/Conv2D_grad/Conv2DBackpropFilter
0	9.00048828125	GPU_0_bfc
tower_0/v/gradients/tower_0/v/cg/conv7/Relu_grad/ReluGrad
0	392.0205078125	GPU_0_bfc
tower_0/v/cg/dropout0_1/dropout/dropout/random_uniform/RandomUniform
0	3.5	GPU_0_bfc
tower_0/v/cg/dropout0/dropout/dropout/mul_1
0	3.5	GPU_0_bfc
append_apply_gradient_ops/GradientDescent/update_v/cg/conv6/conv2d/kernel/ApplyGradientDescent
0	2.25	GPU_0_bfc
tower_0/v/cg/conv11/conv2d/Conv2D
0	85.75	GPU_0_bfc
v/cg/conv4/biases
0	0.0009765625	GPU_0_bfc
tower_0/v/l2_loss/L2Loss_28
0	0.000244140625	GPU_0_bfc
tower_0/v/gradients/tower_0/v/cg/affine0/xw_plus_b_grad/BiasAddGrad
0	0.01611328125	GPU_0_bfc
tower_0/v/gradients/AddN_1
0	15.640625	GPU_0_bfc
tower_0/v/gradients/AddN_21
0	2.250244140625	GPU_0_bfc
tower_0/v/gradients/tower_0/v/cg/conv3/BiasAdd_grad/BiasAddGrad
0	0.00048828125	GPU_0_bfc
tower_0/v/gradients/tower_0/v/l2_loss/L2Loss_7_grad/mul
0	0.00048828125	GPU_0_bfc
tower_0/v/cg/dropout0/dropout/dropout/GreaterEqual
0	0.875	GPU_0_bfc
tower_0/v/gradients/tower_0/v/cg/conv0/conv2d/Conv2D_grad/Conv2DBackpropFilter
0	0.006591796875	GPU_0_bfc
tower_0/v/mul/x
0	0.000244140625	GPU_0_bfc
v/cg/conv9/biases/read
0	0.001953125	GPU_0_bfc
append_apply_gradient_ops/GradientDescent/update_v/cg/conv8/biases/ApplyGradientDescent
0	0.001953125	GPU_0_bfc
tower_0/v/gradients/tower_0/v/cg/conv9/Relu_grad/ReluGrad
0	343.0	GPU_0_bfc
tower_0/v/gradients/AddN_3
0	64.0	GPU_0_bfc
tower_0/v/l2_loss/L2Loss_8
0	0.000244140625	GPU_0_bfc
average_loss/Mean/input
0	0.000244140625	GPU_0_bfc
tower_0/v/gradients/AddN_19
0	2.25	GPU_0_bfc
v/cg/conv11/conv2d/kernel/read
0	9.0	GPU_0_bfc
tower_0/v/gradients/tower_0/v/l2_loss/L2Loss_1_grad/mul
0	0.000244140625	GPU_0_bfc
tower_0/v/gradients/tower_0/v/l2_loss/L2Loss_5_grad/mul
0	0.00048828125	GPU_0_bfc
tower_0/v/gradients/tower_0/v/l2_loss/L2Loss_26_grad/mul
0	392.0	GPU_0_bfc
tower_0/v/gradients/tower_0/v/cg/conv6/conv2d/Conv2D_grad/Conv2DBackpropFilter
0	2.25	GPU_0_bfc
append_apply_gradient_ops/GradientDescent/update_v/cg/conv11/biases/ApplyGradientDescent
0	0.001953125	GPU_0_bfc
v/cg/conv0/biases
0	0.000244140625	GPU_0_bfc
tower_0/v/cg/conv5/BiasAdd
0	686.0	GPU_0_bfc
tower_0/v/gradients/tower_0/v/cg/conv1/BiasAdd_grad/BiasAddGrad
0	0.000244140625	GPU_0_bfc
tower_0/v/gradients/tower_0/v/cg/dropout0_1/dropout/dropout/mul_grad/Mul
0	3.5	GPU_0_bfc
tower_0/v/gradients/tower_0/v/l2_loss/L2Loss_31_grad/mul
0	0.00390625	GPU_0_bfc
tower_0/v/gradients/AddN_25
0	0.5625	GPU_0_bfc
tower_0/v/cg/mpool0/MaxPool
0	686.0	GPU_0_bfc
tower_0/v/gradients/tower_0/v/cg/mpool0/MaxPool_grad/MaxPoolGrad
0	2744.0	GPU_0_bfc
tower_0/v/gradients/AddN_31
0	0.006591796875	GPU_0_bfc
tower_0/v/gradients/tower_0/v/cg/conv8/conv2d/Conv2D_grad/Conv2DBackpropFilter
0	9.004638671875	GPU_0_bfc
v/cg/conv9/conv2d/kernel
0	9.0	GPU_0_bfc
tower_0/v/mul
0	0.000244140625	GPU_0_bfc
tower_0/v/gradients/tower_0/v/cg/conv7/BiasAdd_grad/BiasAddGrad
0	0.002197265625	GPU_0_bfc
v/cg/conv1/biases/read
0	0.000244140625	GPU_0_bfc
tower_0/v/l2_loss/L2Loss_12
0	0.000244140625	GPU_0_bfc
tower_0/v/gradients/tower_0/v/cg/conv0/BiasAdd_grad/BiasAddGrad
0	0.000244140625	GPU_0_bfc
tower_0/v/gradients/tower_0/v/cg/conv4/Relu_grad/ReluGrad
0	686.0	GPU_0_bfc
tower_0/v/gradients/tower_0/v/cg/conv11/conv2d/Conv2D_grad/Conv2DBackpropFilter
0	9.004638671875	GPU_0_bfc
tower_0/v/gradients/AddN_27
0	0.28125	GPU_0_bfc
tower_0/v/gradients/tower_0/v/cg/affine2/xw_plus_b/MatMul_grad/MatMul_1
0	15.640625	GPU_0_bfc
tower_0/v/cg/conv6/BiasAdd
0	686.0	GPU_0_bfc
append_apply_gradient_ops/GradientDescent/update_v/cg/conv9/biases/ApplyGradientDescent
0	0.001953125	GPU_0_bfc
v/cg/conv6/biases
0	0.0009765625	GPU_0_bfc
tower_0/v/gradients/tower_0/v/cg/conv8/Relu_grad/ReluGrad
0	428.75	GPU_0_bfc
v/cg/conv11/conv2d/kernel
0	9.0	GPU_0_bfc
v/cg/affine0/biases/read
0	0.015625	GPU_0_bfc
v/cg/conv10/conv2d/kernel/read
0	9.0	GPU_0_bfc
v/cg/conv5/conv2d/kernel
0	2.25	GPU_0_bfc
v/cg/conv0/conv2d/kernel/read
0	0.006591796875	GPU_0_bfc
tower_0/v/l2_loss/L2Loss
0	0.000244140625	GPU_0_bfc
tower_0/v/gradients/tower_0/v/l2_loss/L2Loss_4_grad/mul
0	0.28125	GPU_0_bfc
tower_0/v/cg/conv10/conv2d/Conv2D
0	85.75	GPU_0_bfc
tower_0/v/cg/conv7/conv2d/Conv2D
0	343.0	GPU_0_bfc
append_apply_gradient_ops/GradientDescent/update_v/cg/conv4/conv2d/kernel/ApplyGradientDescent
0	1.125	GPU_0_bfc
v/cg/affine1/biases
0	0.015625	GPU_0_bfc
tower_0/v/gradients/tower_0/v/cg/conv8/conv2d/Conv2D_grad/Conv2DBackpropInput
0	392.0205078125	GPU_0_bfc
tower_0/v/cg/affine0/xw_plus_b
0	3.5	GPU_0_bfc
