average_loss/Mean/_74
_SOURCE
v/cg/conv9/biases
tower_0/v/cg/Reshape/shape
v/cg/conv0/conv2d/kernel
v/cg/conv4/conv2d/kernel
v/cg/conv8/conv2d/kernel
v/cg/conv10/conv2d/kernel
v/cg/affine0/weights
gpu_compute_stage_ops_group
tower_0/v/vgg16_synthetic_labels/min
tower_0/v/gradients/tower_0/v/cg/Reshape_grad/Shape
v/cg/conv6/biases
v/cg/conv10/biases
v/cg/affine0/biases
v/cg/affine2/weights
tower_0/v/gradients/tower_0/v/xentropy/sparse_softmax_cross_entropy_loss/xentropy/xentropy_grad/ExpandDims
tower_0/v/gpu_cached_inputs
v/cg/conv2/conv2d/kernel
v/cg/conv5/conv2d/kernel
v/cg/conv11/conv2d/kernel
tower_0/v/cg/dropout0/dropout/dropout/rate
average_loss/range
v/cg/conv8/biases
v/cg/conv11/biases
v/cg/affine2/biases
tower_0/v/vgg16_synthetic_labels/max
tower_0/v/mul/x
v/cg/affine1/biases
v/cg/conv12/conv2d/kernel
tower_0/v/cg/dropout0/dropout/dropout/Shape
learning_rate_tensor/input
v/cg/conv0/biases
v/cg/conv12/biases
tower_0/v/cg/dropout0/dropout/dropout/truediv
v/cg/affine1/weights
tower_0/v/xentropy/sparse_softmax_cross_entropy_loss/num_present
tower_0/v/vgg16_synthetic_labels/shape
v/cg/conv4/biases
v/cg/conv2/biases
v/cg/conv5/biases
v/cg/conv3/conv2d/kernel
v/cg/conv6/conv2d/kernel
tower_0/v/transpose/perm
v/cg/conv3/biases
v/cg/conv7/conv2d/kernel
v/cg/conv9/conv2d/kernel
v/cg/conv1/conv2d/kernel
v/cg/conv1/biases
v/cg/conv7/biases
v/cg/conv9/biases/read
v/cg/conv0/conv2d/kernel/read
v/cg/conv4/conv2d/kernel/read
v/cg/conv8/conv2d/kernel/read
v/cg/conv10/conv2d/kernel/read
v/cg/affine0/weights/read
v/cg/conv6/biases/read
v/cg/conv10/biases/read
v/cg/affine0/biases/read
v/cg/affine2/weights/read
tower_0/v/gpu_cached_inputs/read
v/cg/conv2/conv2d/kernel/read
v/cg/conv5/conv2d/kernel/read
v/cg/conv11/conv2d/kernel/read
v/cg/conv8/biases/read
v/cg/conv11/biases/read
v/cg/affine2/biases/read
v/cg/affine1/biases/read
v/cg/conv12/conv2d/kernel/read
tower_0/v/cg/dropout0/dropout/dropout/random_uniform/RandomUniform
	normal	0	tower_0/v/cg/dropout0/dropout/dropout/GreaterEqual
tower_0/v/cg/dropout0_1/dropout/dropout/random_uniform/RandomUniform
	normal	0	tower_0/v/cg/dropout0_1/dropout/dropout/GreaterEqual
v/cg/conv0/biases/read
v/cg/conv12/biases/read
v/cg/affine1/weights/read
tower_0/v/vgg16_synthetic_labels
	normal	0	tower_0/v/xentropy/sparse_softmax_cross_entropy_loss/xentropy/xentropy
v/cg/conv4/biases/read
v/cg/conv2/biases/read
v/cg/conv5/biases/read
v/cg/conv3/conv2d/kernel/read
v/cg/conv6/conv2d/kernel/read
v/cg/conv3/biases/read
v/cg/conv7/conv2d/kernel/read
v/cg/conv9/conv2d/kernel/read
v/cg/conv1/conv2d/kernel/read
v/cg/conv1/biases/read
v/cg/conv7/biases/read
tower_0/v/l2_loss/L2Loss_19
	normal	0	tower_0/v/l2_loss/AddN
tower_0/v/gradients/tower_0/v/l2_loss/L2Loss_19_grad/mul
	normal	0	tower_0/v/gradients/AddN_12
tower_0/v/l2_loss/L2Loss
	normal	0	main_fetch_group/_70
tower_0/v/gradients/tower_0/v/l2_loss/L2Loss_grad/mul
	normal	0	tower_0/v/gradients/AddN_31
tower_0/v/l2_loss/L2Loss_8
	normal	0	tower_0/v/l2_loss/AddN
	temp	t1	tower_0/v/l2_loss/L2Loss_8	9216
tower_0/v/gradients/tower_0/v/l2_loss/L2Loss_8_grad/mul
	normal	0	tower_0/v/gradients/AddN_23
tower_0/v/l2_loss/L2Loss_16
	normal	0	tower_0/v/l2_loss/AddN
	temp	t1	tower_0/v/l2_loss/L2Loss_16	9216
tower_0/v/gradients/tower_0/v/l2_loss/L2Loss_16_grad/mul
	normal	0	tower_0/v/gradients/AddN_15
tower_0/v/l2_loss/L2Loss_20
	normal	0	tower_0/v/l2_loss/AddN
	temp	t1	tower_0/v/l2_loss/L2Loss_20	9216
tower_0/v/gradients/tower_0/v/l2_loss/L2Loss_20_grad/mul
	normal	0	tower_0/v/gradients/AddN_11
tower_0/v/l2_loss/L2Loss_26
	normal	0	tower_0/v/l2_loss/AddN
	temp	t1	tower_0/v/l2_loss/L2Loss_26	9216
tower_0/v/gradients/tower_0/v/l2_loss/L2Loss_26_grad/mul
	normal	0	tower_0/v/gradients/AddN_5
tower_0/v/l2_loss/L2Loss_13
	normal	0	tower_0/v/l2_loss/AddN
tower_0/v/gradients/tower_0/v/l2_loss/L2Loss_13_grad/mul
	normal	0	tower_0/v/gradients/AddN_18
tower_0/v/l2_loss/L2Loss_21
	normal	0	tower_0/v/l2_loss/AddN
tower_0/v/gradients/tower_0/v/l2_loss/L2Loss_21_grad/mul
	normal	0	tower_0/v/gradients/AddN_10
tower_0/v/l2_loss/L2Loss_27
	normal	0	tower_0/v/l2_loss/AddN
tower_0/v/gradients/tower_0/v/l2_loss/L2Loss_27_grad/mul
	normal	0	tower_0/v/gradients/AddN_4
tower_0/v/l2_loss/L2Loss_30
	normal	0	tower_0/v/l2_loss/AddN
	temp	t1	tower_0/v/l2_loss/L2Loss_30	9216
tower_0/v/gradients/tower_0/v/l2_loss/L2Loss_30_grad/mul
	normal	0	tower_0/v/gradients/AddN_1
tower_0/v/transpose
	normal	0	tower_0/v/gradients/tower_0/v/cg/conv0/conv2d/Conv2D_grad/Conv2DBackpropFilter
tower_0/v/l2_loss/L2Loss_4
	normal	0	tower_0/v/l2_loss/L2Loss_4
	temp	w1	tower_0/v/l2_loss/AddN	256
tower_0/v/gradients/tower_0/v/l2_loss/L2Loss_4_grad/mul
	normal	0	tower_0/v/gradients/AddN_27
tower_0/v/l2_loss/L2Loss_10
	normal	0	tower_0/v/l2_loss/AddN
	temp	t1	tower_0/v/l2_loss/L2Loss_10	9216
tower_0/v/gradients/tower_0/v/l2_loss/L2Loss_10_grad/mul
	normal	0	tower_0/v/gradients/AddN_21
tower_0/v/l2_loss/L2Loss_22
	normal	0	tower_0/v/l2_loss/AddN
	temp	t1	tower_0/v/l2_loss/L2Loss_22	9216
tower_0/v/gradients/tower_0/v/l2_loss/L2Loss_22_grad/mul
	normal	0	tower_0/v/gradients/AddN_9
tower_0/v/l2_loss/L2Loss_17
	normal	0	tower_0/v/l2_loss/AddN
tower_0/v/gradients/tower_0/v/l2_loss/L2Loss_17_grad/mul
	normal	0	tower_0/v/gradients/AddN_14
tower_0/v/l2_loss/L2Loss_23
	normal	0	tower_0/v/l2_loss/AddN
tower_0/v/gradients/tower_0/v/l2_loss/L2Loss_23_grad/mul
	normal	0	tower_0/v/gradients/AddN_8
tower_0/v/l2_loss/L2Loss_31
	normal	0	tower_0/v/l2_loss/AddN
tower_0/v/gradients/tower_0/v/l2_loss/L2Loss_31_grad/mul
	normal	0	tower_0/v/gradients/AddN
tower_0/v/l2_loss/L2Loss_29
	normal	0	tower_0/v/l2_loss/AddN
tower_0/v/gradients/tower_0/v/l2_loss/L2Loss_29_grad/mul
	normal	0	tower_0/v/gradients/AddN_2
tower_0/v/l2_loss/L2Loss_24
	normal	0	tower_0/v/l2_loss/AddN
	temp	t1	tower_0/v/l2_loss/L2Loss_24	9216
tower_0/v/gradients/tower_0/v/l2_loss/L2Loss_24_grad/mul
	normal	0	tower_0/v/gradients/AddN_7
tower_0/v/cg/dropout0/dropout/dropout/random_uniform/mul
tower_0/v/cg/dropout0_1/dropout/dropout/random_uniform/mul
tower_0/v/l2_loss/L2Loss_1
	normal	0	tower_0/v/l2_loss/AddN
tower_0/v/gradients/tower_0/v/l2_loss/L2Loss_1_grad/mul
	normal	0	tower_0/v/gradients/AddN_30
tower_0/v/l2_loss/L2Loss_25
	normal	0	tower_0/v/l2_loss/AddN
tower_0/v/gradients/tower_0/v/l2_loss/L2Loss_25_grad/mul
	normal	0	tower_0/v/gradients/AddN_6
tower_0/v/l2_loss/L2Loss_28
	normal	0	tower_0/v/l2_loss/AddN
	temp	t1	tower_0/v/l2_loss/L2Loss_28	9216
tower_0/v/gradients/tower_0/v/l2_loss/L2Loss_28_grad/mul
	normal	0	tower_0/v/gradients/AddN_3
tower_0/v/l2_loss/L2Loss_9
	normal	0	tower_0/v/l2_loss/AddN
tower_0/v/gradients/tower_0/v/l2_loss/L2Loss_9_grad/mul
	normal	0	tower_0/v/gradients/AddN_22
tower_0/v/l2_loss/L2Loss_5
	normal	0	tower_0/v/l2_loss/AddN
tower_0/v/gradients/tower_0/v/l2_loss/L2Loss_5_grad/mul
	normal	0	tower_0/v/gradients/AddN_26
tower_0/v/l2_loss/L2Loss_11
	normal	0	tower_0/v/l2_loss/AddN
tower_0/v/gradients/tower_0/v/l2_loss/L2Loss_11_grad/mul
	normal	0	tower_0/v/gradients/AddN_20
tower_0/v/l2_loss/L2Loss_6
	normal	0	tower_0/v/l2_loss/L2Loss_6
	temp	w1	tower_0/v/l2_loss/AddN	256
tower_0/v/gradients/tower_0/v/l2_loss/L2Loss_6_grad/mul
	normal	0	tower_0/v/gradients/AddN_25
tower_0/v/l2_loss/L2Loss_12
	normal	0	tower_0/v/l2_loss/AddN
	temp	t1	tower_0/v/l2_loss/L2Loss_12	9216
tower_0/v/gradients/tower_0/v/l2_loss/L2Loss_12_grad/mul
	normal	0	tower_0/v/gradients/AddN_19
tower_0/v/l2_loss/L2Loss_7
	normal	0	tower_0/v/l2_loss/AddN
tower_0/v/gradients/tower_0/v/l2_loss/L2Loss_7_grad/mul
	normal	0	tower_0/v/gradients/AddN_24
tower_0/v/l2_loss/L2Loss_14
	normal	0	tower_0/v/l2_loss/AddN
	temp	t1	tower_0/v/l2_loss/L2Loss_14	9216
tower_0/v/gradients/tower_0/v/l2_loss/L2Loss_14_grad/mul
	normal	0	tower_0/v/gradients/AddN_17
tower_0/v/l2_loss/L2Loss_18
	normal	0	tower_0/v/l2_loss/AddN
	temp	t1	tower_0/v/l2_loss/L2Loss_18	9216
tower_0/v/gradients/tower_0/v/l2_loss/L2Loss_18_grad/mul
	normal	0	tower_0/v/gradients/AddN_13
tower_0/v/l2_loss/L2Loss_2
	normal	0	tower_0/v/l2_loss/L2Loss_2
	temp	w1	tower_0/v/l2_loss/AddN	256
tower_0/v/gradients/tower_0/v/l2_loss/L2Loss_2_grad/mul
	normal	0	tower_0/v/gradients/AddN_29
tower_0/v/l2_loss/L2Loss_3
	normal	0	tower_0/v/l2_loss/AddN
tower_0/v/gradients/tower_0/v/l2_loss/L2Loss_3_grad/mul
	normal	0	tower_0/v/gradients/AddN_28
tower_0/v/l2_loss/L2Loss_15
	normal	0	tower_0/v/l2_loss/AddN
tower_0/v/gradients/tower_0/v/l2_loss/L2Loss_15_grad/mul
	normal	0	tower_0/v/gradients/AddN_16
tower_0/v/cg/conv0/conv2d/Conv2D
	normal	0	tower_0/v/gradients/tower_0/v/cg/conv0/Relu_grad/ReluGrad
	temp	t1	tower_0/v/cg/conv0/conv2d/Conv2D	301312
	temp	t2	tower_0/v/cg/conv0/conv2d/Conv2D	6912
ConstantFolding/tower_0/v/gradients/tower_0/v/cg/conv0/conv2d/Conv2D_grad/ShapeN-matshapes-1
tower_0/v/cg/dropout0/dropout/dropout/GreaterEqual
	normal	0	tower_0/v/cg/dropout0/dropout/dropout/Cast
tower_0/v/cg/dropout0_1/dropout/dropout/GreaterEqual
	normal	0	tower_0/v/cg/dropout0_1/dropout/dropout/Cast
tower_0/v/l2_loss/AddN
tower_0/v/cg/conv0/BiasAdd
tower_0/v/cg/dropout0/dropout/dropout/Cast
	normal	0	tower_0/v/gradients/tower_0/v/cg/affine0/xw_plus_b/MatMul_grad/MatMul_1
tower_0/v/cg/dropout0_1/dropout/dropout/Cast
	normal	0	tower_0/v/gradients/tower_0/v/cg/affine1/xw_plus_b/MatMul_grad/MatMul_1
tower_0/v/mul
tower_0/v/cg/conv0/Relu
tower_0/v/cg/dropout0/dropout/dropout/mul
	normal	0	tower_0/v/gradients/tower_0/v/cg/affine1/xw_plus_b/MatMul_grad/MatMul_1
tower_0/v/cg/dropout0_1/dropout/dropout/mul
	normal	0	tower_0/v/gradients/tower_0/v/cg/affine2/xw_plus_b/MatMul_grad/MatMul_1
tower_0/v/cg/conv1/conv2d/Conv2D
	normal	0	tower_0/v/gradients/tower_0/v/cg/conv1/Relu_grad/ReluGrad
	temp	t1	tower_0/v/cg/conv1/conv2d/Conv2D	409856
	temp	t2	tower_0/v/cg/conv1/conv2d/Conv2D	262144
ConstantFolding/tower_0/v/gradients/tower_0/v/cg/conv1/conv2d/Conv2D_grad/ShapeN-matshapes-0
ConstantFolding/tower_0/v/gradients/tower_0/v/cg/conv1/conv2d/Conv2D_grad/ShapeN-matshapes-1
tower_0/v/cg/conv1/BiasAdd
tower_0/v/cg/conv1/Relu
tower_0/v/cg/mpool0/MaxPool
	normal	0	tower_0/v/gradients/tower_0/v/cg/mpool0/MaxPool_grad/MaxPoolGrad
tower_0/v/cg/conv2/conv2d/Conv2D
	normal	0	tower_0/v/gradients/tower_0/v/cg/conv2/Relu_grad/ReluGrad
	temp	t1	tower_0/v/cg/conv2/conv2d/Conv2D	1388445696
	temp	t2	tower_0/v/cg/conv2/conv2d/Conv2D	294912
ConstantFolding/tower_0/v/gradients/tower_0/v/cg/conv2/conv2d/Conv2D_grad/ShapeN-matshapes-0
ConstantFolding/tower_0/v/gradients/tower_0/v/cg/conv2/conv2d/Conv2D_grad/ShapeN-matshapes-1
tower_0/v/cg/conv2/BiasAdd
tower_0/v/cg/conv2/Relu
tower_0/v/cg/conv3/conv2d/Conv2D
	normal	0	tower_0/v/gradients/tower_0/v/cg/conv3/Relu_grad/ReluGrad
	temp	t1	tower_0/v/cg/conv3/conv2d/Conv2D	1852047360
	temp	t2	tower_0/v/cg/conv3/conv2d/Conv2D	589824
ConstantFolding/tower_0/v/gradients/tower_0/v/cg/conv3/conv2d/Conv2D_grad/ShapeN-matshapes-0
ConstantFolding/tower_0/v/gradients/tower_0/v/cg/conv3/conv2d/Conv2D_grad/ShapeN-matshapes-1
tower_0/v/cg/conv3/BiasAdd
tower_0/v/cg/conv3/Relu
tower_0/v/cg/mpool1/MaxPool
	normal	0	tower_0/v/gradients/tower_0/v/cg/mpool1/MaxPool_grad/MaxPoolGrad
tower_0/v/cg/conv4/conv2d/Conv2D
	normal	0	tower_0/v/gradients/tower_0/v/cg/conv4/Relu_grad/ReluGrad
	temp	t1	tower_0/v/cg/conv4/conv2d/Conv2D	356564992
	temp	t2	tower_0/v/cg/conv4/conv2d/Conv2D	1179648
ConstantFolding/tower_0/v/gradients/tower_0/v/cg/conv4/conv2d/Conv2D_grad/ShapeN-matshapes-0
ConstantFolding/tower_0/v/gradients/tower_0/v/cg/conv4/conv2d/Conv2D_grad/ShapeN-matshapes-1
tower_0/v/cg/conv4/BiasAdd
tower_0/v/cg/conv4/Relu
tower_0/v/cg/conv5/conv2d/Conv2D
	normal	0	tower_0/v/gradients/tower_0/v/cg/conv5/Relu_grad/ReluGrad
	temp	t1	tower_0/v/cg/conv5/conv2d/Conv2D	570474496
	temp	t2	tower_0/v/cg/conv5/conv2d/Conv2D	2359296
ConstantFolding/tower_0/v/gradients/tower_0/v/cg/conv5/conv2d/Conv2D_grad/ShapeN-matshapes-0
ConstantFolding/tower_0/v/gradients/tower_0/v/cg/conv5/conv2d/Conv2D_grad/ShapeN-matshapes-1
tower_0/v/cg/conv5/BiasAdd
tower_0/v/cg/conv5/Relu
tower_0/v/cg/conv6/conv2d/Conv2D
	normal	0	tower_0/v/gradients/tower_0/v/cg/conv6/Relu_grad/ReluGrad
	temp	t1	tower_0/v/cg/conv6/conv2d/Conv2D	570474496
	temp	t2	tower_0/v/cg/conv6/conv2d/Conv2D	2359296
ConstantFolding/tower_0/v/gradients/tower_0/v/cg/conv6/conv2d/Conv2D_grad/ShapeN-matshapes-0
ConstantFolding/tower_0/v/gradients/tower_0/v/cg/conv6/conv2d/Conv2D_grad/ShapeN-matshapes-1
tower_0/v/cg/conv6/BiasAdd
tower_0/v/cg/conv6/Relu
tower_0/v/cg/mpool2/MaxPool
	normal	0	tower_0/v/gradients/tower_0/v/cg/mpool2/MaxPool_grad/MaxPoolGrad
tower_0/v/cg/conv7/conv2d/Conv2D
	normal	0	tower_0/v/gradients/tower_0/v/cg/conv7/Relu_grad/ReluGrad
	temp	t1	tower_0/v/cg/conv7/conv2d/Conv2D	365690880
	temp	t2	tower_0/v/cg/conv7/conv2d/Conv2D	4718592
ConstantFolding/tower_0/v/gradients/tower_0/v/cg/conv7/conv2d/Conv2D_grad/ShapeN-matshapes-0
ConstantFolding/tower_0/v/gradients/tower_0/v/cg/conv7/conv2d/Conv2D_grad/ShapeN-matshapes-1
tower_0/v/cg/conv7/BiasAdd
tower_0/v/cg/conv7/Relu
tower_0/v/cg/conv8/conv2d/Conv2D
	normal	0	tower_0/v/gradients/tower_0/v/cg/conv8/Relu_grad/ReluGrad
	temp	t1	tower_0/v/cg/conv8/conv2d/Conv2D	500170752
	temp	t2	tower_0/v/cg/conv8/conv2d/Conv2D	9437184
ConstantFolding/tower_0/v/gradients/tower_0/v/cg/conv8/conv2d/Conv2D_grad/ShapeN-matshapes-0
ConstantFolding/tower_0/v/gradients/tower_0/v/cg/conv8/conv2d/Conv2D_grad/ShapeN-matshapes-1
tower_0/v/cg/conv8/BiasAdd
tower_0/v/cg/conv8/Relu
tower_0/v/cg/conv9/conv2d/Conv2D
	normal	0	tower_0/v/gradients/tower_0/v/cg/conv9/Relu_grad/ReluGrad
	temp	t1	tower_0/v/cg/conv9/conv2d/Conv2D	500170752
	temp	t2	tower_0/v/cg/conv9/conv2d/Conv2D	9437184
ConstantFolding/tower_0/v/gradients/tower_0/v/cg/conv9/conv2d/Conv2D_grad/ShapeN-matshapes-0
ConstantFolding/tower_0/v/gradients/tower_0/v/cg/conv9/conv2d/Conv2D_grad/ShapeN-matshapes-1
tower_0/v/cg/conv9/BiasAdd
tower_0/v/cg/conv9/Relu
tower_0/v/cg/mpool3/MaxPool
	normal	0	tower_0/v/gradients/tower_0/v/cg/mpool3/MaxPool_grad/MaxPoolGrad
tower_0/v/cg/conv10/conv2d/Conv2D
	normal	0	tower_0/v/gradients/tower_0/v/cg/conv10/Relu_grad/ReluGrad
	temp	t1	tower_0/v/cg/conv10/conv2d/Conv2D	188743680
	temp	t2	tower_0/v/cg/conv10/conv2d/Conv2D	9437184
ConstantFolding/tower_0/v/gradients/tower_0/v/cg/conv10/conv2d/Conv2D_grad/ShapeN-matshapes-0
ConstantFolding/tower_0/v/gradients/tower_0/v/cg/conv10/conv2d/Conv2D_grad/ShapeN-matshapes-1
tower_0/v/cg/conv10/BiasAdd
tower_0/v/cg/conv10/Relu
tower_0/v/cg/conv11/conv2d/Conv2D
	normal	0	tower_0/v/gradients/tower_0/v/cg/conv11/Relu_grad/ReluGrad
	temp	t1	tower_0/v/cg/conv11/conv2d/Conv2D	188743680
	temp	t2	tower_0/v/cg/conv11/conv2d/Conv2D	9437184
ConstantFolding/tower_0/v/gradients/tower_0/v/cg/conv11/conv2d/Conv2D_grad/ShapeN-matshapes-0
ConstantFolding/tower_0/v/gradients/tower_0/v/cg/conv11/conv2d/Conv2D_grad/ShapeN-matshapes-1
tower_0/v/cg/conv11/BiasAdd
tower_0/v/cg/conv11/Relu
tower_0/v/cg/conv12/conv2d/Conv2D
	normal	0	tower_0/v/gradients/tower_0/v/cg/conv12/Relu_grad/ReluGrad
	temp	t1	tower_0/v/cg/conv12/conv2d/Conv2D	188743680
	temp	t2	tower_0/v/cg/conv12/conv2d/Conv2D	9437184
ConstantFolding/tower_0/v/gradients/tower_0/v/cg/conv12/conv2d/Conv2D_grad/ShapeN-matshapes-0
ConstantFolding/tower_0/v/gradients/tower_0/v/cg/conv12/conv2d/Conv2D_grad/ShapeN-matshapes-1
tower_0/v/cg/conv12/BiasAdd
tower_0/v/cg/conv12/Relu
tower_0/v/cg/mpool4/MaxPool
	normal	0	tower_0/v/gradients/tower_0/v/cg/mpool4/MaxPool_grad/MaxPoolGrad
tower_0/v/cg/Reshape
tower_0/v/cg/affine0/xw_plus_b/MatMul
	normal	0	tower_0/v/gradients/tower_0/v/cg/affine0/affine0_grad/ReluGrad
tower_0/v/cg/affine0/xw_plus_b
tower_0/v/cg/affine0/affine0
tower_0/v/cg/dropout0/dropout/dropout/mul_1
tower_0/v/cg/affine1/xw_plus_b/MatMul
	normal	0	tower_0/v/gradients/tower_0/v/cg/affine1/affine1_grad/ReluGrad
tower_0/v/cg/affine1/xw_plus_b
tower_0/v/cg/affine1/affine1
tower_0/v/cg/dropout0_1/dropout/dropout/mul_1
tower_0/v/cg/affine2/xw_plus_b/MatMul
	normal	0	tower_0/v/gradients/tower_0/v/cg/affine2/xw_plus_b/MatMul_grad/MatMul_1
tower_0/v/cg/affine2/xw_plus_b
tower_0/v/xentropy/sparse_softmax_cross_entropy_loss/xentropy/xentropy
	normal	0	tower_0/v/xentropy/sparse_softmax_cross_entropy_loss/xentropy/xentropy
	temp	w1	tower_0/v/xentropy/sparse_softmax_cross_entropy_loss/Sum	256
tower_0/v/xentropy/sparse_softmax_cross_entropy_loss/Mul
tower_0/v/gradients/tower_0/v/xentropy/sparse_softmax_cross_entropy_loss/xentropy/xentropy_grad/mul
tower_0/v/xentropy/sparse_softmax_cross_entropy_loss/Sum
	normal	0	tower_0/v/add
tower_0/v/gradients/tower_0/v/cg/affine2/xw_plus_b_grad/BiasAddGrad
	normal	0	append_apply_gradient_ops/GradientDescent/update_v/cg/affine2/biases/ApplyGradientDescent
tower_0/v/gradients/tower_0/v/cg/affine2/xw_plus_b/MatMul_grad/MatMul
	normal	0	tower_0/v/gradients/tower_0/v/cg/dropout0_1/dropout/dropout/mul_grad/Mul
tower_0/v/gradients/tower_0/v/cg/affine2/xw_plus_b/MatMul_grad/MatMul_1
	normal	0	append_apply_gradient_ops/GradientDescent/update_v/cg/affine2/weights/ApplyGradientDescent
tower_0/v/xentropy/sparse_softmax_cross_entropy_loss/value
tower_0/v/gradients/AddN
tower_0/v/gradients/tower_0/v/cg/dropout0_1/dropout/dropout/mul_1_grad/Mul
tower_0/v/gradients/AddN_1
tower_0/v/add
append_apply_gradient_ops/GradientDescent/update_v/cg/affine2/biases/ApplyGradientDescent
tower_0/v/gradients/tower_0/v/cg/dropout0_1/dropout/dropout/mul_grad/Mul
append_apply_gradient_ops/GradientDescent/update_v/cg/affine2/weights/ApplyGradientDescent
ConstantFolding/average_loss/Mean/input_const_axis
tower_0/v/gradients/tower_0/v/cg/affine1/affine1_grad/ReluGrad
average_loss/Mean/input
tower_0/v/gradients/tower_0/v/cg/affine1/xw_plus_b_grad/BiasAddGrad
	normal	0	append_apply_gradient_ops/GradientDescent/update_v/cg/affine1/biases/ApplyGradientDescent
tower_0/v/gradients/tower_0/v/cg/affine1/xw_plus_b/MatMul_grad/MatMul
	normal	0	tower_0/v/gradients/tower_0/v/cg/dropout0/dropout/dropout/mul_grad/Mul
tower_0/v/gradients/tower_0/v/cg/affine1/xw_plus_b/MatMul_grad/MatMul_1
	normal	0	append_apply_gradient_ops/GradientDescent/update_v/cg/affine1/weights/ApplyGradientDescent
average_loss/Mean
tower_0/v/gradients/AddN_2
tower_0/v/gradients/tower_0/v/cg/dropout0/dropout/dropout/mul_1_grad/Mul
tower_0/v/gradients/AddN_3
append_apply_gradient_ops/GradientDescent/update_v/cg/affine1/biases/ApplyGradientDescent
tower_0/v/gradients/tower_0/v/cg/dropout0/dropout/dropout/mul_grad/Mul
append_apply_gradient_ops/GradientDescent/update_v/cg/affine1/weights/ApplyGradientDescent
tower_0/v/gradients/tower_0/v/cg/affine0/affine0_grad/ReluGrad
tower_0/v/gradients/tower_0/v/cg/affine0/xw_plus_b_grad/BiasAddGrad
	normal	0	append_apply_gradient_ops/GradientDescent/update_v/cg/affine0/biases/ApplyGradientDescent
tower_0/v/gradients/tower_0/v/cg/affine0/xw_plus_b/MatMul_grad/MatMul
	normal	0	tower_0/v/gradients/tower_0/v/cg/mpool4/MaxPool_grad/MaxPoolGrad
tower_0/v/gradients/tower_0/v/cg/affine0/xw_plus_b/MatMul_grad/MatMul_1
	normal	0	append_apply_gradient_ops/GradientDescent/update_v/cg/affine0/weights/ApplyGradientDescent
tower_0/v/gradients/AddN_4
tower_0/v/gradients/tower_0/v/cg/Reshape_grad/Reshape
tower_0/v/gradients/AddN_5
append_apply_gradient_ops/GradientDescent/update_v/cg/affine0/biases/ApplyGradientDescent
tower_0/v/gradients/tower_0/v/cg/mpool4/MaxPool_grad/MaxPoolGrad
	normal	0	tower_0/v/gradients/tower_0/v/cg/conv12/conv2d/Conv2D_grad/Conv2DBackpropFilter
append_apply_gradient_ops/GradientDescent/update_v/cg/affine0/weights/ApplyGradientDescent
tower_0/v/gradients/tower_0/v/cg/conv12/Relu_grad/ReluGrad
tower_0/v/gradients/tower_0/v/cg/conv12/BiasAdd_grad/BiasAddGrad
	normal	0	append_apply_gradient_ops/GradientDescent/update_v/cg/conv12/biases/ApplyGradientDescent
	temp	t1	tower_0/v/gradients/tower_0/v/cg/conv12/BiasAdd_grad/BiasAddGrad	41419264
tower_0/v/gradients/tower_0/v/cg/conv12/conv2d/Conv2D_grad/Conv2DBackpropInput
	normal	0	tower_0/v/gradients/tower_0/v/cg/conv11/conv2d/Conv2D_grad/Conv2DBackpropFilter
	temp	t1	tower_0/v/gradients/tower_0/v/cg/conv12/conv2d/Conv2D_grad/Conv2DBackpropInput	41419264
	temp	t2	tower_0/v/gradients/tower_0/v/cg/conv12/conv2d/Conv2D_grad/Conv2DBackpropInput	688914432
	temp	t3	tower_0/v/gradients/tower_0/v/cg/conv12/conv2d/Conv2D_grad/Conv2DBackpropInput	16417280
tower_0/v/gradients/tower_0/v/cg/conv12/conv2d/Conv2D_grad/Conv2DBackpropFilter
	normal	0	append_apply_gradient_ops/GradientDescent/update_v/cg/conv12/conv2d/kernel/ApplyGradientDescent
	temp	t1	tower_0/v/gradients/tower_0/v/cg/conv12/conv2d/Conv2D_grad/Conv2DBackpropFilter	188743680
	temp	t2	tower_0/v/gradients/tower_0/v/cg/conv12/conv2d/Conv2D_grad/Conv2DBackpropFilter	9437184
tower_0/v/gradients/AddN_6
tower_0/v/gradients/tower_0/v/cg/conv11/Relu_grad/ReluGrad
tower_0/v/gradients/AddN_7
append_apply_gradient_ops/GradientDescent/update_v/cg/conv12/biases/ApplyGradientDescent
tower_0/v/gradients/tower_0/v/cg/conv11/BiasAdd_grad/BiasAddGrad
	normal	0	append_apply_gradient_ops/GradientDescent/update_v/cg/conv11/biases/ApplyGradientDescent
	temp	t1	tower_0/v/gradients/tower_0/v/cg/conv11/BiasAdd_grad/BiasAddGrad	25690112
tower_0/v/gradients/tower_0/v/cg/conv11/conv2d/Conv2D_grad/Conv2DBackpropInput
	normal	0	tower_0/v/gradients/tower_0/v/cg/conv10/conv2d/Conv2D_grad/Conv2DBackpropFilter
	temp	t1	tower_0/v/gradients/tower_0/v/cg/conv11/conv2d/Conv2D_grad/Conv2DBackpropInput	25690112
	temp	t2	tower_0/v/gradients/tower_0/v/cg/conv11/conv2d/Conv2D_grad/Conv2DBackpropInput	688914432
	temp	t3	tower_0/v/gradients/tower_0/v/cg/conv11/conv2d/Conv2D_grad/Conv2DBackpropInput	9458688
tower_0/v/gradients/tower_0/v/cg/conv11/conv2d/Conv2D_grad/Conv2DBackpropFilter
	normal	0	append_apply_gradient_ops/GradientDescent/update_v/cg/conv11/conv2d/kernel/ApplyGradientDescent
	temp	t1	tower_0/v/gradients/tower_0/v/cg/conv11/conv2d/Conv2D_grad/Conv2DBackpropFilter	188743680
	temp	t2	tower_0/v/gradients/tower_0/v/cg/conv11/conv2d/Conv2D_grad/Conv2DBackpropFilter	9437184
append_apply_gradient_ops/GradientDescent/update_v/cg/conv12/conv2d/kernel/ApplyGradientDescent
tower_0/v/gradients/AddN_8
tower_0/v/gradients/tower_0/v/cg/conv10/Relu_grad/ReluGrad
tower_0/v/gradients/AddN_9
append_apply_gradient_ops/GradientDescent/update_v/cg/conv11/biases/ApplyGradientDescent
tower_0/v/gradients/tower_0/v/cg/conv10/BiasAdd_grad/BiasAddGrad
	normal	0	append_apply_gradient_ops/GradientDescent/update_v/cg/conv10/biases/ApplyGradientDescent
	temp	t1	tower_0/v/gradients/tower_0/v/cg/conv10/BiasAdd_grad/BiasAddGrad	25690112
tower_0/v/gradients/tower_0/v/cg/conv10/conv2d/Conv2D_grad/Conv2DBackpropInput
	normal	0	tower_0/v/gradients/tower_0/v/cg/conv10/conv2d/Conv2D_grad/Conv2DBackpropInput
	temp	t1	tower_0/v/gradients/tower_0/v/cg/conv10/conv2d/Conv2D_grad/Conv2DBackpropInput	688914432
	temp	t2	tower_0/v/gradients/tower_0/v/cg/conv10/conv2d/Conv2D_grad/Conv2DBackpropInput	9437696
	temp	w1	tower_0/v/gradients/tower_0/v/cg/mpool3/MaxPool_grad/MaxPoolGrad	25690112
tower_0/v/gradients/tower_0/v/cg/conv10/conv2d/Conv2D_grad/Conv2DBackpropFilter
	normal	0	append_apply_gradient_ops/GradientDescent/update_v/cg/conv10/conv2d/kernel/ApplyGradientDescent
	temp	t1	tower_0/v/gradients/tower_0/v/cg/conv10/conv2d/Conv2D_grad/Conv2DBackpropFilter	188743680
	temp	t2	tower_0/v/gradients/tower_0/v/cg/conv10/conv2d/Conv2D_grad/Conv2DBackpropFilter	16417280
append_apply_gradient_ops/GradientDescent/update_v/cg/conv11/conv2d/kernel/ApplyGradientDescent
tower_0/v/gradients/AddN_10
tower_0/v/gradients/tower_0/v/cg/mpool3/MaxPool_grad/MaxPoolGrad
	normal	0	tower_0/v/gradients/tower_0/v/cg/conv9/conv2d/Conv2D_grad/Conv2DBackpropFilter
tower_0/v/gradients/AddN_11
append_apply_gradient_ops/GradientDescent/update_v/cg/conv10/biases/ApplyGradientDescent
tower_0/v/gradients/tower_0/v/cg/conv9/Relu_grad/ReluGrad
append_apply_gradient_ops/GradientDescent/update_v/cg/conv10/conv2d/kernel/ApplyGradientDescent
tower_0/v/gradients/tower_0/v/cg/conv9/BiasAdd_grad/BiasAddGrad
	normal	0	append_apply_gradient_ops/GradientDescent/update_v/cg/conv9/biases/ApplyGradientDescent
	temp	t1	tower_0/v/gradients/tower_0/v/cg/conv9/BiasAdd_grad/BiasAddGrad	102760448
tower_0/v/gradients/tower_0/v/cg/conv9/conv2d/Conv2D_grad/Conv2DBackpropInput
	normal	0	tower_0/v/gradients/tower_0/v/cg/conv8/conv2d/Conv2D_grad/Conv2DBackpropFilter
	temp	t1	tower_0/v/gradients/tower_0/v/cg/conv9/conv2d/Conv2D_grad/Conv2DBackpropInput	102760448
	temp	t2	tower_0/v/gradients/tower_0/v/cg/conv9/conv2d/Conv2D_grad/Conv2DBackpropInput	500170752
	temp	t3	tower_0/v/gradients/tower_0/v/cg/conv9/conv2d/Conv2D_grad/Conv2DBackpropInput	9437696
tower_0/v/gradients/tower_0/v/cg/conv9/conv2d/Conv2D_grad/Conv2DBackpropFilter
	normal	0	append_apply_gradient_ops/GradientDescent/update_v/cg/conv9/conv2d/kernel/ApplyGradientDescent
	temp	t1	tower_0/v/gradients/tower_0/v/cg/conv9/conv2d/Conv2D_grad/Conv2DBackpropFilter	500170752
	temp	t2	tower_0/v/gradients/tower_0/v/cg/conv9/conv2d/Conv2D_grad/Conv2DBackpropFilter	9460992
tower_0/v/gradients/AddN_12
tower_0/v/gradients/tower_0/v/cg/conv8/Relu_grad/ReluGrad
tower_0/v/gradients/AddN_13
append_apply_gradient_ops/GradientDescent/update_v/cg/conv9/biases/ApplyGradientDescent
tower_0/v/gradients/tower_0/v/cg/conv8/BiasAdd_grad/BiasAddGrad
	normal	0	append_apply_gradient_ops/GradientDescent/update_v/cg/conv8/biases/ApplyGradientDescent
	temp	t1	tower_0/v/gradients/tower_0/v/cg/conv8/BiasAdd_grad/BiasAddGrad	102760448
tower_0/v/gradients/tower_0/v/cg/conv8/conv2d/Conv2D_grad/Conv2DBackpropInput
	normal	0	tower_0/v/gradients/tower_0/v/cg/conv7/conv2d/Conv2D_grad/Conv2DBackpropFilter
	temp	t1	tower_0/v/gradients/tower_0/v/cg/conv8/conv2d/Conv2D_grad/Conv2DBackpropInput	102760448
	temp	t2	tower_0/v/gradients/tower_0/v/cg/conv8/conv2d/Conv2D_grad/Conv2DBackpropInput	500170752
	temp	t3	tower_0/v/gradients/tower_0/v/cg/conv8/conv2d/Conv2D_grad/Conv2DBackpropInput	9437696
tower_0/v/gradients/tower_0/v/cg/conv8/conv2d/Conv2D_grad/Conv2DBackpropFilter
	normal	0	append_apply_gradient_ops/GradientDescent/update_v/cg/conv8/conv2d/kernel/ApplyGradientDescent
	temp	t1	tower_0/v/gradients/tower_0/v/cg/conv8/conv2d/Conv2D_grad/Conv2DBackpropFilter	500170752
	temp	t2	tower_0/v/gradients/tower_0/v/cg/conv8/conv2d/Conv2D_grad/Conv2DBackpropFilter	9460992
append_apply_gradient_ops/GradientDescent/update_v/cg/conv9/conv2d/kernel/ApplyGradientDescent
tower_0/v/gradients/AddN_14
tower_0/v/gradients/tower_0/v/cg/conv7/Relu_grad/ReluGrad
tower_0/v/gradients/AddN_15
append_apply_gradient_ops/GradientDescent/update_v/cg/conv8/biases/ApplyGradientDescent
tower_0/v/gradients/tower_0/v/cg/conv7/BiasAdd_grad/BiasAddGrad
	normal	0	append_apply_gradient_ops/GradientDescent/update_v/cg/conv7/biases/ApplyGradientDescent
	temp	t1	tower_0/v/gradients/tower_0/v/cg/conv7/BiasAdd_grad/BiasAddGrad	112197888
tower_0/v/gradients/tower_0/v/cg/conv7/conv2d/Conv2D_grad/Conv2DBackpropInput
	normal	0	tower_0/v/gradients/tower_0/v/cg/mpool2/MaxPool_grad/MaxPoolGrad
	temp	t1	tower_0/v/gradients/tower_0/v/cg/conv7/conv2d/Conv2D_grad/Conv2DBackpropInput	67111680
	temp	t2	tower_0/v/gradients/tower_0/v/cg/conv7/conv2d/Conv2D_grad/Conv2DBackpropInput	365690880
	temp	t3	tower_0/v/gradients/tower_0/v/cg/conv7/conv2d/Conv2D_grad/Conv2DBackpropInput	4718592
tower_0/v/gradients/tower_0/v/cg/conv7/conv2d/Conv2D_grad/Conv2DBackpropFilter
	normal	0	tower_0/v/gradients/tower_0/v/cg/conv7/conv2d/Conv2D_grad/Conv2DBackpropFilter
	temp	t1	tower_0/v/gradients/tower_0/v/cg/conv7/conv2d/Conv2D_grad/Conv2DBackpropFilter	365690880
	temp	w1	append_apply_gradient_ops/GradientDescent/update_v/cg/conv7/conv2d/kernel/ApplyGradientDescent	4718592
append_apply_gradient_ops/GradientDescent/update_v/cg/conv8/conv2d/kernel/ApplyGradientDescent
tower_0/v/gradients/AddN_16
tower_0/v/gradients/tower_0/v/cg/mpool2/MaxPool_grad/MaxPoolGrad
	normal	0	tower_0/v/gradients/tower_0/v/cg/conv6/conv2d/Conv2D_grad/Conv2DBackpropFilter
tower_0/v/gradients/AddN_17
append_apply_gradient_ops/GradientDescent/update_v/cg/conv7/biases/ApplyGradientDescent
tower_0/v/gradients/tower_0/v/cg/conv6/Relu_grad/ReluGrad
append_apply_gradient_ops/GradientDescent/update_v/cg/conv7/conv2d/kernel/ApplyGradientDescent
tower_0/v/gradients/tower_0/v/cg/conv6/BiasAdd_grad/BiasAddGrad
	normal	0	append_apply_gradient_ops/GradientDescent/update_v/cg/conv6/biases/ApplyGradientDescent
	temp	t1	tower_0/v/gradients/tower_0/v/cg/conv6/BiasAdd_grad/BiasAddGrad	256
	temp	t2	tower_0/v/gradients/tower_0/v/cg/conv6/BiasAdd_grad/BiasAddGrad	2048
	temp	t3	tower_0/v/gradients/tower_0/v/cg/conv6/BiasAdd_grad/BiasAddGrad	205520896
tower_0/v/gradients/tower_0/v/cg/conv6/conv2d/Conv2D_grad/Conv2DBackpropInput
	normal	0	tower_0/v/gradients/tower_0/v/cg/conv6/conv2d/Conv2D_grad/Conv2DBackpropInput
	temp	t1	tower_0/v/gradients/tower_0/v/cg/conv6/conv2d/Conv2D_grad/Conv2DBackpropInput	570474496
	temp	t2	tower_0/v/gradients/tower_0/v/cg/conv6/conv2d/Conv2D_grad/Conv2DBackpropInput	3145728
	temp	w1	tower_0/v/gradients/tower_0/v/cg/conv5/conv2d/Conv2D_grad/Conv2DBackpropInput	205520896
tower_0/v/gradients/tower_0/v/cg/conv6/conv2d/Conv2D_grad/Conv2DBackpropFilter
	normal	0	append_apply_gradient_ops/GradientDescent/update_v/cg/conv6/conv2d/kernel/ApplyGradientDescent
	temp	t1	tower_0/v/gradients/tower_0/v/cg/conv6/conv2d/Conv2D_grad/Conv2DBackpropFilter	934281216
	temp	t2	tower_0/v/gradients/tower_0/v/cg/conv6/conv2d/Conv2D_grad/Conv2DBackpropFilter	2359296
tower_0/v/gradients/AddN_18
tower_0/v/gradients/tower_0/v/cg/conv5/Relu_grad/ReluGrad
tower_0/v/gradients/AddN_19
append_apply_gradient_ops/GradientDescent/update_v/cg/conv6/biases/ApplyGradientDescent
tower_0/v/gradients/tower_0/v/cg/conv5/conv2d/Conv2D_grad/Conv2DBackpropFilter
	normal	0	append_apply_gradient_ops/GradientDescent/update_v/cg/conv5/conv2d/kernel/ApplyGradientDescent
	temp	t1	tower_0/v/gradients/tower_0/v/cg/conv5/conv2d/Conv2D_grad/Conv2DBackpropFilter	934281216
	temp	t2	tower_0/v/gradients/tower_0/v/cg/conv5/conv2d/Conv2D_grad/Conv2DBackpropFilter	2359296
tower_0/v/gradients/tower_0/v/cg/conv5/BiasAdd_grad/BiasAddGrad
	normal	0	append_apply_gradient_ops/GradientDescent/update_v/cg/conv5/biases/ApplyGradientDescent
	temp	t1	tower_0/v/gradients/tower_0/v/cg/conv5/BiasAdd_grad/BiasAddGrad	256
	temp	t2	tower_0/v/gradients/tower_0/v/cg/conv5/BiasAdd_grad/BiasAddGrad	2048
	temp	t3	tower_0/v/gradients/tower_0/v/cg/conv5/BiasAdd_grad/BiasAddGrad	205520896
tower_0/v/gradients/tower_0/v/cg/conv5/conv2d/Conv2D_grad/Conv2DBackpropInput
	normal	0	tower_0/v/gradients/tower_0/v/cg/conv5/conv2d/Conv2D_grad/Conv2DBackpropInput
	temp	t1	tower_0/v/gradients/tower_0/v/cg/conv5/conv2d/Conv2D_grad/Conv2DBackpropInput	570474496
	temp	t2	tower_0/v/gradients/tower_0/v/cg/conv5/conv2d/Conv2D_grad/Conv2DBackpropInput	2359296
	temp	w1	tower_0/v/gradients/tower_0/v/cg/conv4/conv2d/Conv2D_grad/Conv2DBackpropFilter	205520896
append_apply_gradient_ops/GradientDescent/update_v/cg/conv6/conv2d/kernel/ApplyGradientDescent
tower_0/v/gradients/AddN_21
tower_0/v/gradients/AddN_20
tower_0/v/gradients/tower_0/v/cg/conv4/Relu_grad/ReluGrad
append_apply_gradient_ops/GradientDescent/update_v/cg/conv5/conv2d/kernel/ApplyGradientDescent
append_apply_gradient_ops/GradientDescent/update_v/cg/conv5/biases/ApplyGradientDescent
tower_0/v/gradients/tower_0/v/cg/conv4/BiasAdd_grad/BiasAddGrad
	normal	0	append_apply_gradient_ops/GradientDescent/update_v/cg/conv4/biases/ApplyGradientDescent
	temp	t1	tower_0/v/gradients/tower_0/v/cg/conv4/BiasAdd_grad/BiasAddGrad	256
	temp	t2	tower_0/v/gradients/tower_0/v/cg/conv4/BiasAdd_grad/BiasAddGrad	2304
	temp	t3	tower_0/v/gradients/tower_0/v/cg/conv4/BiasAdd_grad/BiasAddGrad	205520896
tower_0/v/gradients/tower_0/v/cg/conv4/conv2d/Conv2D_grad/Conv2DBackpropInput
	normal	0	tower_0/v/gradients/tower_0/v/cg/conv4/conv2d/Conv2D_grad/Conv2DBackpropInput
	temp	t1	tower_0/v/gradients/tower_0/v/cg/conv4/conv2d/Conv2D_grad/Conv2DBackpropInput	446337792
	temp	t2	tower_0/v/gradients/tower_0/v/cg/conv4/conv2d/Conv2D_grad/Conv2DBackpropInput	2099712
	temp	w1	tower_0/v/gradients/tower_0/v/cg/mpool1/MaxPool_grad/MaxPoolGrad	102760448
tower_0/v/gradients/tower_0/v/cg/conv4/conv2d/Conv2D_grad/Conv2DBackpropFilter
	normal	0	append_apply_gradient_ops/GradientDescent/update_v/cg/conv4/conv2d/kernel/ApplyGradientDescent
	temp	t1	tower_0/v/gradients/tower_0/v/cg/conv4/conv2d/Conv2D_grad/Conv2DBackpropFilter	698351616
	temp	t2	tower_0/v/gradients/tower_0/v/cg/conv4/conv2d/Conv2D_grad/Conv2DBackpropFilter	1179648
tower_0/v/gradients/AddN_22
tower_0/v/gradients/tower_0/v/cg/mpool1/MaxPool_grad/MaxPoolGrad
	normal	0	tower_0/v/gradients/tower_0/v/cg/conv3/conv2d/Conv2D_grad/Conv2DBackpropFilter
tower_0/v/gradients/AddN_23
append_apply_gradient_ops/GradientDescent/update_v/cg/conv4/biases/ApplyGradientDescent
tower_0/v/gradients/tower_0/v/cg/conv3/Relu_grad/ReluGrad
append_apply_gradient_ops/GradientDescent/update_v/cg/conv4/conv2d/kernel/ApplyGradientDescent
tower_0/v/gradients/tower_0/v/cg/conv3/BiasAdd_grad/BiasAddGrad
	normal	0	append_apply_gradient_ops/GradientDescent/update_v/cg/conv3/biases/ApplyGradientDescent
	temp	t1	tower_0/v/gradients/tower_0/v/cg/conv3/BiasAdd_grad/BiasAddGrad	256
	temp	t2	tower_0/v/gradients/tower_0/v/cg/conv3/BiasAdd_grad/BiasAddGrad	1024
	temp	t3	tower_0/v/gradients/tower_0/v/cg/conv3/BiasAdd_grad/BiasAddGrad	411041792
tower_0/v/gradients/tower_0/v/cg/conv3/conv2d/Conv2D_grad/Conv2DBackpropInput
	normal	0	tower_0/v/gradients/tower_0/v/cg/conv3/conv2d/Conv2D_grad/Conv2DBackpropInput
	temp	t1	tower_0/v/gradients/tower_0/v/cg/conv3/conv2d/Conv2D_grad/Conv2DBackpropInput	1852047360
	temp	t2	tower_0/v/gradients/tower_0/v/cg/conv3/conv2d/Conv2D_grad/Conv2DBackpropInput	589824
	temp	w1	tower_0/v/gradients/tower_0/v/cg/conv2/conv2d/Conv2D_grad/Conv2DBackpropFilter	411041792
tower_0/v/gradients/tower_0/v/cg/conv3/conv2d/Conv2D_grad/Conv2DBackpropFilter
	normal	0	append_apply_gradient_ops/GradientDescent/update_v/cg/conv3/conv2d/kernel/ApplyGradientDescent
	temp	t1	tower_0/v/gradients/tower_0/v/cg/conv3/conv2d/Conv2D_grad/Conv2DBackpropFilter	1852047360
	temp	t2	tower_0/v/gradients/tower_0/v/cg/conv3/conv2d/Conv2D_grad/Conv2DBackpropFilter	590080
tower_0/v/gradients/AddN_24
tower_0/v/gradients/tower_0/v/cg/conv2/Relu_grad/ReluGrad
tower_0/v/gradients/AddN_25
append_apply_gradient_ops/GradientDescent/update_v/cg/conv3/biases/ApplyGradientDescent
tower_0/v/gradients/tower_0/v/cg/conv2/BiasAdd_grad/BiasAddGrad
	normal	0	append_apply_gradient_ops/GradientDescent/update_v/cg/conv2/biases/ApplyGradientDescent
	temp	t1	tower_0/v/gradients/tower_0/v/cg/conv2/BiasAdd_grad/BiasAddGrad	256
	temp	t2	tower_0/v/gradients/tower_0/v/cg/conv2/BiasAdd_grad/BiasAddGrad	1792
	temp	t3	tower_0/v/gradients/tower_0/v/cg/conv2/BiasAdd_grad/BiasAddGrad	446927872
tower_0/v/gradients/tower_0/v/cg/conv2/conv2d/Conv2D_grad/Conv2DBackpropInput
	normal	0	tower_0/v/gradients/tower_0/v/cg/mpool0/MaxPool_grad/MaxPoolGrad
	temp	t1	tower_0/v/gradients/tower_0/v/cg/conv2/conv2d/Conv2D_grad/Conv2DBackpropInput	205520896
	temp	t2	tower_0/v/gradients/tower_0/v/cg/conv2/conv2d/Conv2D_grad/Conv2DBackpropInput	142655488
	temp	t3	tower_0/v/gradients/tower_0/v/cg/conv2/conv2d/Conv2D_grad/Conv2DBackpropInput	294912
tower_0/v/gradients/tower_0/v/cg/conv2/conv2d/Conv2D_grad/Conv2DBackpropFilter
	normal	0	tower_0/v/gradients/tower_0/v/cg/conv2/conv2d/Conv2D_grad/Conv2DBackpropFilter
	temp	t1	tower_0/v/gradients/tower_0/v/cg/conv2/conv2d/Conv2D_grad/Conv2DBackpropFilter	1388445696
	temp	w1	append_apply_gradient_ops/GradientDescent/update_v/cg/conv2/conv2d/kernel/ApplyGradientDescent	294912
append_apply_gradient_ops/GradientDescent/update_v/cg/conv3/conv2d/kernel/ApplyGradientDescent
tower_0/v/gradients/AddN_26
tower_0/v/gradients/tower_0/v/cg/mpool0/MaxPool_grad/MaxPoolGrad
	normal	0	tower_0/v/gradients/tower_0/v/cg/conv1/conv2d/Conv2D_grad/Conv2DBackpropFilter
tower_0/v/gradients/AddN_27
append_apply_gradient_ops/GradientDescent/update_v/cg/conv2/biases/ApplyGradientDescent
tower_0/v/gradients/tower_0/v/cg/conv1/Relu_grad/ReluGrad
append_apply_gradient_ops/GradientDescent/update_v/cg/conv2/conv2d/kernel/ApplyGradientDescent
tower_0/v/gradients/tower_0/v/cg/conv1/BiasAdd_grad/BiasAddGrad
	normal	0	tower_0/v/gradients/tower_0/v/cg/conv1/BiasAdd_grad/BiasAddGrad
	temp	t1	tower_0/v/gradients/tower_0/v/cg/conv1/BiasAdd_grad/BiasAddGrad	512
	temp	t2	tower_0/v/gradients/tower_0/v/cg/conv1/BiasAdd_grad/BiasAddGrad	822083584
	temp	w1	append_apply_gradient_ops/GradientDescent/update_v/cg/conv1/biases/ApplyGradientDescent	256
tower_0/v/gradients/tower_0/v/cg/conv1/conv2d/Conv2D_grad/Conv2DBackpropInput
	normal	0	tower_0/v/gradients/tower_0/v/cg/conv1/conv2d/Conv2D_grad/Conv2DBackpropInput
	temp	t1	tower_0/v/gradients/tower_0/v/cg/conv1/conv2d/Conv2D_grad/Conv2DBackpropInput	409856
	temp	t2	tower_0/v/gradients/tower_0/v/cg/conv1/conv2d/Conv2D_grad/Conv2DBackpropInput	147456
	temp	w1	tower_0/v/gradients/tower_0/v/cg/conv0/conv2d/Conv2D_grad/Conv2DBackpropFilter	822083584
tower_0/v/gradients/tower_0/v/cg/conv1/conv2d/Conv2D_grad/Conv2DBackpropFilter
	normal	0	tower_0/v/gradients/tower_0/v/cg/conv1/conv2d/Conv2D_grad/Conv2DBackpropFilter
	temp	t1	tower_0/v/gradients/tower_0/v/cg/conv1/conv2d/Conv2D_grad/Conv2DBackpropFilter	15616
	temp	w1	append_apply_gradient_ops/GradientDescent/update_v/cg/conv1/conv2d/kernel/ApplyGradientDescent	147456
tower_0/v/gradients/AddN_28
tower_0/v/gradients/tower_0/v/cg/conv0/Relu_grad/ReluGrad
tower_0/v/gradients/AddN_29
append_apply_gradient_ops/GradientDescent/update_v/cg/conv1/biases/ApplyGradientDescent
tower_0/v/gradients/tower_0/v/cg/conv0/BiasAdd_grad/BiasAddGrad
	normal	0	tower_0/v/gradients/tower_0/v/cg/conv0/BiasAdd_grad/BiasAddGrad
	temp	t1	tower_0/v/gradients/tower_0/v/cg/conv0/BiasAdd_grad/BiasAddGrad	512
	temp	t2	tower_0/v/gradients/tower_0/v/cg/conv0/BiasAdd_grad/BiasAddGrad	822083584
	temp	w1	append_apply_gradient_ops/GradientDescent/update_v/cg/conv0/biases/ApplyGradientDescent	256
tower_0/v/gradients/tower_0/v/cg/conv0/conv2d/Conv2D_grad/Conv2DBackpropFilter
	normal	0	tower_0/v/gradients/tower_0/v/cg/conv0/conv2d/Conv2D_grad/Conv2DBackpropFilter
	temp	w1	append_apply_gradient_ops/GradientDescent/update_v/cg/conv0/conv2d/kernel/ApplyGradientDescent	6912
append_apply_gradient_ops/GradientDescent/update_v/cg/conv1/conv2d/kernel/ApplyGradientDescent
tower_0/v/gradients/AddN_30
tower_0/v/gradients/AddN_31
append_apply_gradient_ops/GradientDescent/update_v/cg/conv0/biases/ApplyGradientDescent
append_apply_gradient_ops/GradientDescent/update_v/cg/conv0/conv2d/kernel/ApplyGradientDescent
append_apply_gradient_ops/GradientDescent
train_ops_group
main_fetch_group
main_fetch_group/_70
