append_apply_gradient_ops/GradientDescent/update_v/cg/affine0/weights/ApplyGradientDescent	1601111572891788	2295
tower_0/v/xentropy/sparse_softmax_cross_entropy_loss/xentropy/xentropy	1601111572884336	133
v/cg/conv1/biases	-1	-1
ConstantFolding/tower_0/v/gradients/tower_0/v/cg/conv1/conv2d/Conv2D_grad/ShapeN-matshapes-1	-1	-1
tower_0/v/gradients/tower_0/v/l2_loss/L2Loss_5_grad/mul	1601111572780141	4
tower_0/v/gradients/tower_0/v/l2_loss/L2Loss_18_grad/mul	1601111572781849	35
v/cg/conv6/biases/read	-1	-1
v/cg/affine1/weights/read	-1	-1
tower_0/v/gradients/AddN_24	1601111573010737	4
v/cg/affine0/biases/read	-1	-1
tower_0/v/gradients/tower_0/v/cg/conv9/Relu_grad/ReluGrad	1601111572908739	378
average_loss/Mean/input	-1	-1
tower_0/v/gradients/tower_0/v/cg/conv12/conv2d/Conv2D_grad/Conv2DBackpropInput	1601111572894245	2285
tower_0/v/l2_loss/L2Loss_25	1601111572781368	9
append_apply_gradient_ops/GradientDescent/update_v/cg/conv4/biases/ApplyGradientDescent	1601111572987995	5
v/cg/conv10/conv2d/kernel/read	-1	-1
tower_0/v/gradients/tower_0/v/cg/conv3/BiasAdd_grad/BiasAddGrad	1601111572989560	475
v/cg/conv10/conv2d/kernel	-1	-1
tower_0/v/cg/mpool1/MaxPool	1601111572831084	782
v/cg/conv5/biases	-1	-1
append_apply_gradient_ops/GradientDescent/update_v/cg/conv1/biases/ApplyGradientDescent	1601111573074914	4
tower_0/v/cg/conv4/Relu	1601111572837075	522
tower_0/v/gradients/AddN_21	1601111572976787	17
tower_0/v/gradients/tower_0/v/cg/mpool3/MaxPool_grad/MaxPoolGrad	1601111572908280	394
ConstantFolding/tower_0/v/gradients/tower_0/v/cg/conv10/conv2d/Conv2D_grad/ShapeN-matshapes-0	-1	-1
ConstantFolding/tower_0/v/gradients/tower_0/v/cg/conv1/conv2d/Conv2D_grad/ShapeN-matshapes-0	-1	-1
tower_0/v/gradients/tower_0/v/cg/affine2/xw_plus_b/MatMul_grad/MatMul_1	1601111572884618	79
append_apply_gradient_ops/GradientDescent/update_v/cg/affine1/weights/ApplyGradientDescent	1601111572885898	371
tower_0/v/l2_loss/L2Loss_20	1601111572779890	40
tower_0/v/gradients/AddN_17	1601111572944042	31
v/cg/conv5/conv2d/kernel	-1	-1
tower_0/v/gradients/tower_0/v/cg/conv12/Relu_grad/ReluGrad	1601111572894085	96
tower_0/v/gradients/tower_0/v/cg/conv6/Relu_grad/ReluGrad	1601111572944081	760
tower_0/v/gradients/tower_0/v/l2_loss/L2Loss_2_grad/mul	1601111572780261	10
tower_0/v/gradients/AddN_1	1601111572884720	93
tower_0/v/cg/conv5/conv2d/Conv2D	1601111572837599	7631
tower_0/v/gradients/tower_0/v/l2_loss/L2Loss_25_grad/mul	1601111572781390	10
append_apply_gradient_ops/GradientDescent/update_v/cg/conv1/conv2d/kernel/ApplyGradientDescent	1601111573080183	6
tower_0/v/gradients/AddN_9	1601111572903612	55
tower_0/v/xentropy/sparse_softmax_cross_entropy_loss/Sum	1601111572884480	5
tower_0/v/gradients/tower_0/v/cg/conv5/conv2d/Conv2D_grad/Conv2DBackpropFilter	1601111572961248	7729
tower_0/v/l2_loss/L2Loss_10	1601111572780459	22
v/cg/affine2/biases	-1	-1
tower_0/v/gradients/AddN	1601111572884706	5
tower_0/v/gradients/tower_0/v/l2_loss/L2Loss_22_grad/mul	1601111572780645	38
tower_0/v/l2_loss/L2Loss_29	1601111572781886	10
tower_0/v/gradients/tower_0/v/cg/conv4/conv2d/Conv2D_grad/Conv2DBackpropFilter	1601111572982194	3906
tower_0/v/gradients/tower_0/v/l2_loss/L2Loss_20_grad/mul	1601111572779935	41
tower_0/v/cg/conv11/Relu	1601111572879546	68
tower_0/v/gradients/tower_0/v/l2_loss/L2Loss_13_grad/mul	1601111572780427	9
tower_0/v/cg/dropout0/dropout/dropout/Cast	1601111572788715	6
v/cg/conv1/biases/read	-1	-1
average_loss/Mean/_74	1601111572885886	5
tower_0/v/l2_loss/L2Loss_21	1601111572781903	4
tower_0/v/gradients/tower_0/v/l2_loss/L2Loss_31_grad/mul	1601111572781170	7
tower_0/v/cg/conv4/BiasAdd	1601111572836392	681
tower_0/v/cg/conv0/Relu	1601111572788735	2109
tower_0/v/gradients/AddN_14	1601111572935315	4
append_apply_gradient_ops/GradientDescent/update_v/cg/conv11/biases/ApplyGradientDescent	1601111572903669	4
_SOURCE	-1	-1
ConstantFolding/tower_0/v/gradients/tower_0/v/cg/conv6/conv2d/Conv2D_grad/ShapeN-matshapes-0	-1	-1
tower_0/v/cg/conv12/conv2d/Conv2D	1601111572879616	2286
tower_0/v/gradients/tower_0/v/cg/conv6/conv2d/Conv2D_grad/Conv2DBackpropInput	1601111572945135	7578
tower_0/v/gradients/tower_0/v/cg/conv5/conv2d/Conv2D_grad/Conv2DBackpropInput	1601111572969235	7528
tower_0/v/gradients/tower_0/v/cg/conv11/BiasAdd_grad/BiasAddGrad	1601111572898922	52
tower_0/v/cg/dropout0_1/dropout/dropout/random_uniform/RandomUniform	1601111572779754	18
tower_0/v/gradients/tower_0/v/cg/conv3/conv2d/Conv2D_grad/Conv2DBackpropFilter	1601111572999852	10884
ConstantFolding/tower_0/v/gradients/tower_0/v/cg/conv4/conv2d/Conv2D_grad/ShapeN-matshapes-1	-1	-1
tower_0/v/gradients/tower_0/v/cg/conv4/BiasAdd_grad/BiasAddGrad	1601111572977599	254
v/cg/conv9/conv2d/kernel/read	-1	-1
tower_0/v/gradients/AddN_8	1601111572903508	4
v/cg/conv8/conv2d/kernel	-1	-1
tower_0/v/cg/dropout0_1/dropout/dropout/Cast	1601111572788723	5
tower_0/v/cg/conv7/conv2d/Conv2D	1601111572855654	3709
tower_0/v/cg/conv2/BiasAdd	1601111572816358	1364
append_apply_gradient_ops/GradientDescent/update_v/cg/conv4/conv2d/kernel/ApplyGradientDescent	1601111572989541	12
tower_0/v/gradients/tower_0/v/cg/conv7/conv2d/Conv2D_grad/Conv2DBackpropFilter	1601111572939558	3160
tower_0/v/cg/conv3/Relu	1601111572830035	1046
tower_0/v/gradients/tower_0/v/l2_loss/L2Loss_1_grad/mul	1601111572781005	4
tower_0/v/cg/affine2/xw_plus_b	1601111572884329	5
v/cg/conv11/conv2d/kernel/read	-1	-1
v/cg/conv3/conv2d/kernel	-1	-1
v/cg/conv7/conv2d/kernel	-1	-1
tower_0/v/l2_loss/L2Loss_17	1601111572781322	11
ConstantFolding/tower_0/v/gradients/tower_0/v/cg/conv2/conv2d/Conv2D_grad/ShapeN-matshapes-1	-1	-1
tower_0/v/gradients/AddN_12	1601111572921892	4
v/cg/conv4/biases	-1	-1
append_apply_gradient_ops/GradientDescent	-1	-1
tower_0/v/cg/conv12/BiasAdd	1601111572881904	91
tower_0/v/cg/conv9/conv2d/Conv2D	1601111572867249	6652
ConstantFolding/tower_0/v/gradients/tower_0/v/cg/conv9/conv2d/Conv2D_grad/ShapeN-matshapes-1	-1	-1
v/cg/conv5/conv2d/kernel/read	-1	-1
tower_0/v/gradients/tower_0/v/cg/conv9/BiasAdd_grad/BiasAddGrad	1601111572909177	146
tower_0/v/cg/conv1/Relu	1601111572806513	2109
append_apply_gradient_ops/GradientDescent/update_v/cg/conv5/biases/ApplyGradientDescent	1601111572977591	4
tower_0/v/gradients/tower_0/v/cg/affine0/xw_plus_b_grad/BiasAddGrad	1601111572886282	12
tower_0/v/gradients/tower_0/v/cg/conv0/Relu_grad/ReluGrad	1601111573071734	3171
ConstantFolding/tower_0/v/gradients/tower_0/v/cg/conv12/conv2d/Conv2D_grad/ShapeN-matshapes-0	-1	-1
append_apply_gradient_ops/GradientDescent/update_v/cg/affine2/weights/ApplyGradientDescent	1601111572884837	93
v/cg/conv6/biases	-1	-1
v/cg/conv6/conv2d/kernel	-1	-1
tower_0/v/cg/dropout0/dropout/dropout/Shape	-1	-1
v/cg/conv0/biases	-1	-1
tower_0/v/gradients/tower_0/v/cg/conv4/conv2d/Conv2D_grad/Conv2DBackpropInput	1601111572977854	4339
tower_0/v/gradients/tower_0/v/cg/mpool0/MaxPool_grad/MaxPoolGrad	1601111573028318	3774
tower_0/v/gradients/tower_0/v/cg/conv10/conv2d/Conv2D_grad/Conv2DBackpropInput	1601111572903738	2266
tower_0/v/gradients/tower_0/v/l2_loss/L2Loss_28_grad/mul	1601111572781559	255
tower_0/v/gpu_cached_inputs/read	-1	-1
append_apply_gradient_ops/GradientDescent/update_v/cg/conv2/conv2d/kernel/ApplyGradientDescent	1601111573035294	7
tower_0/v/gradients/tower_0/v/cg/conv12/BiasAdd_grad/BiasAddGrad	1601111572894189	54
tower_0/v/cg/dropout0/dropout/dropout/mul_1	1601111572883838	6
tower_0/v/cg/affine2/xw_plus_b/MatMul	1601111572884152	176
tower_0/v/gradients/tower_0/v/cg/affine0/affine0_grad/ReluGrad	1601111572886271	8
tower_0/v/cg/conv8/Relu	1601111572866985	262
tower_0/v/l2_loss/L2Loss_11	1601111572780178	9
ConstantFolding/tower_0/v/gradients/tower_0/v/cg/conv12/conv2d/Conv2D_grad/ShapeN-matshapes-1	-1	-1
v/cg/conv2/conv2d/kernel/read	-1	-1
tower_0/v/gradients/tower_0/v/cg/conv9/conv2d/Conv2D_grad/Conv2DBackpropFilter	1601111572915962	5928
v/cg/conv7/biases	-1	-1
tower_0/v/gradients/tower_0/v/cg/conv1/conv2d/Conv2D_grad/Conv2DBackpropFilter	1601111573049132	22595
ConstantFolding/tower_0/v/gradients/tower_0/v/cg/conv2/conv2d/Conv2D_grad/ShapeN-matshapes-0	-1	-1
tower_0/v/gradients/AddN_26	1601111573028312	4
v/cg/conv8/biases/read	-1	-1
v/cg/conv11/conv2d/kernel	-1	-1
v/cg/conv12/biases/read	-1	-1
tower_0/v/gradients/tower_0/v/cg/dropout0/dropout/dropout/mul_1_grad/Mul	1601111572885499	6
tower_0/v/cg/conv8/conv2d/Conv2D	1601111572859974	6664
tower_0/v/l2_loss/L2Loss_4	1601111572781190	22
append_apply_gradient_ops/GradientDescent/update_v/cg/conv5/conv2d/kernel/ApplyGradientDescent	1601111572977573	17
v/cg/conv5/biases/read	-1	-1
tower_0/v/l2_loss/L2Loss_23	1601111572780988	4
tower_0/v/mul/x	-1	-1
tower_0/v/gradients/AddN_5	1601111572889322	2293
tower_0/v/vgg16_synthetic_labels/min	-1	-1
append_apply_gradient_ops/GradientDescent/update_v/cg/conv7/conv2d/kernel/ApplyGradientDescent	1601111572944842	30
tower_0/v/gradients/tower_0/v/cg/conv6/conv2d/Conv2D_grad/Conv2DBackpropFilter	1601111572952715	7737
v/cg/affine2/weights	-1	-1
ConstantFolding/tower_0/v/gradients/tower_0/v/cg/conv8/conv2d/Conv2D_grad/ShapeN-matshapes-1	-1	-1
append_apply_gradient_ops/GradientDescent/update_v/cg/conv9/conv2d/kernel/ApplyGradientDescent	1601111572935260	53
tower_0/v/gradients/AddN_13	1601111572922275	56
tower_0/v/gradients/tower_0/v/cg/conv2/conv2d/Conv2D_grad/Conv2DBackpropInput	1601111573012786	5632
v/cg/conv0/conv2d/kernel/read	-1	-1
tower_0/v/l2_loss/L2Loss_22	1601111572780606	37
tower_0/v/cg/affine1/xw_plus_b/MatMul	1601111572883846	283
tower_0/v/cg/Reshape	-1	-1
tower_0/v/l2_loss/L2Loss_30	1601111572780020	51
tower_0/v/gradients/tower_0/v/cg/conv2/conv2d/Conv2D_grad/Conv2DBackpropFilter	1601111573018420	9882
tower_0/v/gradients/tower_0/v/cg/conv8/Relu_grad/ReluGrad	1601111572921898	376
tower_0/v/cg/dropout0/dropout/dropout/truediv	-1	-1
tower_0/v/gradients/tower_0/v/cg/affine1/xw_plus_b/MatMul_grad/MatMul_1	1601111572885251	240
tower_0/v/gradients/tower_0/v/cg/conv0/conv2d/Conv2D_grad/Conv2DBackpropFilter	1601111573075845	4336
v/cg/conv7/biases/read	-1	-1
tower_0/v/cg/dropout0/dropout/dropout/GreaterEqual	1601111572785930	7
tower_0/v/cg/mpool3/MaxPool	1601111572874513	209
tower_0/v/gradients/AddN_28	1601111573071728	4
tower_0/v/l2_loss/L2Loss_26	1601111572781926	718
tower_0/v/gradients/tower_0/v/cg/conv11/Relu_grad/ReluGrad	1601111572898757	93
tower_0/v/cg/conv5/BiasAdd	1601111572845231	683
append_apply_gradient_ops/GradientDescent/update_v/cg/conv10/conv2d/kernel/ApplyGradientDescent	1601111572909118	55
append_apply_gradient_ops/GradientDescent/update_v/cg/conv0/conv2d/kernel/ApplyGradientDescent	1601111573080207	5
tower_0/v/l2_loss/L2Loss_13	1601111572780405	10
tower_0/v/gradients/tower_0/v/cg/conv3/Relu_grad/ReluGrad	1601111572988001	1538
tower_0/v/l2_loss/L2Loss_8	1601111572781261	22
tower_0/v/cg/dropout0/dropout/dropout/rate	-1	-1
v/cg/conv10/biases/read	-1	-1
v/cg/conv0/biases/read	-1	-1
tower_0/v/gradients/tower_0/v/xentropy/sparse_softmax_cross_entropy_loss/xentropy/xentropy_grad/mul	1601111572884471	7
append_apply_gradient_ops/GradientDescent/update_v/cg/conv9/biases/ApplyGradientDescent	1601111572922332	4
tower_0/v/gradients/tower_0/v/cg/affine1/xw_plus_b_grad/BiasAddGrad	1601111572884943	14
tower_0/v/gradients/tower_0/v/cg/mpool4/MaxPool_grad/MaxPoolGrad	1601111572891624	163
tower_0/v/gradients/tower_0/v/cg/conv1/conv2d/Conv2D_grad/Conv2DBackpropInput	1601111573036231	12899
tower_0/v/gradients/AddN_22	1601111572986103	4
tower_0/v/gradients/AddN_19	1601111572961223	17
tower_0/v/gradients/tower_0/v/l2_loss/L2Loss_7_grad/mul	1601111572781015	4
tower_0/v/cg/affine1/xw_plus_b	1601111572884130	6
tower_0/v/gradients/tower_0/v/cg/Reshape_grad/Reshape	-1	-1
v/cg/conv2/biases/read	-1	-1
append_apply_gradient_ops/GradientDescent/update_v/cg/conv12/biases/ApplyGradientDescent	1601111572898909	4
tower_0/v/gradients/tower_0/v/l2_loss/L2Loss_30_grad/mul	1601111572780072	61
tower_0/v/l2_loss/L2Loss_5	1601111572780135	4
v/cg/conv2/biases	-1	-1
main_fetch_group/_70	-1	-1
tower_0/v/cg/conv12/Relu	1601111572881996	68
v/cg/conv3/conv2d/kernel/read	-1	-1
tower_0/v/gradients/tower_0/v/cg/conv4/Relu_grad/ReluGrad	1601111572976811	759
tower_0/v/cg/dropout0/dropout/dropout/random_uniform/RandomUniform	1601111572779716	24
tower_0/v/gradients/tower_0/v/l2_loss/L2Loss_15_grad/mul	1601111572780982	4
v/cg/conv4/biases/read	-1	-1
ConstantFolding/tower_0/v/gradients/tower_0/v/cg/conv0/conv2d/Conv2D_grad/ShapeN-matshapes-1	-1	-1
tower_0/v/gradients/tower_0/v/cg/conv5/Relu_grad/ReluGrad	1601111572960460	762
v/cg/conv8/biases	-1	-1
tower_0/v/cg/mpool0/MaxPool	1601111572808623	1484
tower_0/v/gradients/tower_0/v/l2_loss/L2Loss_14_grad/mul	1601111572780569	24
v/cg/conv12/conv2d/kernel/read	-1	-1
tower_0/v/gradients/tower_0/v/cg/affine1/xw_plus_b/MatMul_grad/MatMul	1601111572884958	292
append_apply_gradient_ops/GradientDescent/update_v/cg/affine2/biases/ApplyGradientDescent	1601111572884821	5
tower_0/v/gradients/tower_0/v/cg/conv11/conv2d/Conv2D_grad/Conv2DBackpropFilter	1601111572901243	2209
tower_0/v/cg/dropout0/dropout/dropout/mul	1601111572790846	7
tower_0/v/gradients/AddN_11	1601111572908675	55
v/cg/affine2/biases/read	-1	-1
v/cg/affine1/biases/read	-1	-1
tower_0/v/gradients/tower_0/v/l2_loss/L2Loss_27_grad/mul	1601111572779991	6
v/cg/conv12/biases	-1	-1
tower_0/v/l2_loss/L2Loss_16	1601111572781021	32
ConstantFolding/average_loss/Mean/input_const_axis	-1	-1
v/cg/affine0/biases	-1	-1
tower_0/v/mul	1601111572788729	4
ConstantFolding/tower_0/v/gradients/tower_0/v/cg/conv9/conv2d/Conv2D_grad/ShapeN-matshapes-0	-1	-1
tower_0/v/cg/conv5/Relu	1601111572845916	522
tower_0/v/cg/conv7/Relu	1601111572859711	261
tower_0/v/gradients/tower_0/v/l2_loss/L2Loss_16_grad/mul	1601111572781055	35
v/cg/conv10/biases	-1	-1
tower_0/v/gradients/tower_0/v/cg/conv10/BiasAdd_grad/BiasAddGrad	1601111572903683	53
tower_0/v/cg/conv6/conv2d/Conv2D	1601111572846440	7618
learning_rate_tensor/input	-1	-1
tower_0/v/cg/conv8/BiasAdd	1601111572866640	344
tower_0/v/cg/dropout0_1/dropout/dropout/GreaterEqual	1601111572785939	6
v/cg/conv11/biases	-1	-1
v/cg/conv1/conv2d/kernel	-1	-1
tower_0/v/cg/affine0/xw_plus_b/MatMul	1601111572882128	1693
tower_0/v/gradients/tower_0/v/cg/dropout0_1/dropout/dropout/mul_1_grad/Mul	1601111572884712	6
tower_0/v/gradients/AddN_18	1601111572960454	4
tower_0/v/gradients/tower_0/v/cg/conv1/BiasAdd_grad/BiasAddGrad	1601111573035308	922
tower_0/v/cg/Reshape/shape	-1	-1
tower_0/v/cg/conv10/conv2d/Conv2D	1601111572874724	2281
main_fetch_group	-1	-1
tower_0/v/cg/conv1/BiasAdd	1601111572803774	2737
tower_0/v/xentropy/sparse_softmax_cross_entropy_loss/Mul	-1	-1
tower_0/v/gradients/tower_0/v/cg/conv10/Relu_grad/ReluGrad	1601111572903514	96
append_apply_gradient_ops/GradientDescent/update_v/cg/conv8/conv2d/kernel/ApplyGradientDescent	1601111572942720	54
tower_0/v/l2_loss/L2Loss_28	1601111572781422	136
ConstantFolding/tower_0/v/gradients/tower_0/v/cg/conv4/conv2d/Conv2D_grad/ShapeN-matshapes-0	-1	-1
tower_0/v/gradients/tower_0/v/cg/conv8/conv2d/Conv2D_grad/Conv2DBackpropInput	1601111572922489	6628
tower_0/v/cg/dropout0_1/dropout/dropout/mul	1601111572790854	6
tower_0/v/l2_loss/L2Loss	1601111572780936	7
tower_0/v/gradients/tower_0/v/l2_loss/L2Loss_12_grad/mul	1601111572780335	13
v/cg/conv9/conv2d/kernel	-1	-1
tower_0/v/cg/conv11/conv2d/Conv2D	1601111572877168	2283
tower_0/v/gradients/tower_0/v/cg/affine2/xw_plus_b/MatMul_grad/MatMul	1601111572884508	109
tower_0/v/gradients/tower_0/v/cg/conv6/BiasAdd_grad/BiasAddGrad	1601111572944877	256
tower_0/v/cg/conv3/BiasAdd	1601111572828672	1362
v/cg/conv9/biases	-1	-1
tower_0/v/gradients/tower_0/v/cg/conv12/conv2d/Conv2D_grad/Conv2DBackpropFilter	1601111572896532	2218
tower_0/v/gradients/tower_0/v/cg/conv3/conv2d/Conv2D_grad/Conv2DBackpropInput	1601111572990036	9815
v/cg/conv6/conv2d/kernel/read	-1	-1
tower_0/v/cg/affine0/xw_plus_b	1601111572883823	7
v/cg/conv3/biases	-1	-1
tower_0/v/gradients/tower_0/v/cg/dropout0_1/dropout/dropout/mul_grad/Mul	1601111572884827	8
tower_0/v/cg/dropout0_1/dropout/dropout/random_uniform/mul	-1	-1
average_loss/Mean	-1	-1
tower_0/v/l2_loss/L2Loss_27	1601111572779978	11
gpu_compute_stage_ops_group	-1	-1
ConstantFolding/tower_0/v/gradients/tower_0/v/cg/conv11/conv2d/Conv2D_grad/ShapeN-matshapes-1	-1	-1
append_apply_gradient_ops/GradientDescent/update_v/cg/conv7/biases/ApplyGradientDescent	1601111572944074	5
tower_0/v/gradients/AddN_4	1601111572889316	5
tower_0/v/l2_loss/L2Loss_18	1601111572781815	33
ConstantFolding/tower_0/v/gradients/tower_0/v/cg/conv6/conv2d/Conv2D_grad/ShapeN-matshapes-1	-1	-1
tower_0/v/gradients/tower_0/v/cg/conv7/BiasAdd_grad/BiasAddGrad	1601111572935764	146
tower_0/v/gradients/tower_0/v/l2_loss/L2Loss_19_grad/mul	1601111572781921	4
tower_0/v/gradients/tower_0/v/cg/mpool1/MaxPool_grad/MaxPoolGrad	1601111572986108	1873
tower_0/v/cg/conv0/conv2d/Conv2D	1601111572784242	1686
tower_0/v/transpose	1601111572780685	248
v/cg/conv3/biases/read	-1	-1
tower_0/v/cg/mpool4/MaxPool	1601111572882066	60
tower_0/v/gradients/tower_0/v/l2_loss/L2Loss_29_grad/mul	1601111572781898	4
tower_0/v/cg/conv9/BiasAdd	1601111572873903	344
v/cg/conv4/conv2d/kernel/read	-1	-1
tower_0/v/l2_loss/L2Loss_19	1601111572781915	4
tower_0/v/add	1601111572884815	4
tower_0/v/gradients/tower_0/v/l2_loss/L2Loss_4_grad/mul	1601111572781226	9
tower_0/v/gradients/AddN_30	1601111573080191	4
ConstantFolding/tower_0/v/gradients/tower_0/v/cg/conv11/conv2d/Conv2D_grad/ShapeN-matshapes-0	-1	-1
tower_0/v/gradients/AddN_25	1601111573012293	8
tower_0/v/cg/conv2/Relu	1601111572817724	1048
v/cg/conv7/conv2d/kernel/read	-1	-1
tower_0/v/gradients/tower_0/v/cg/conv0/BiasAdd_grad/BiasAddGrad	1601111573074922	921
tower_0/v/xentropy/sparse_softmax_cross_entropy_loss/value	1601111572884699	5
tower_0/v/gradients/tower_0/v/l2_loss/L2Loss_9_grad/mul	1601111572780156	10
tower_0/v/gradients/AddN_6	1601111572898751	4
tower_0/v/l2_loss/L2Loss_6	1601111572780951	18
tower_0/v/gradients/AddN_15	1601111572935696	56
tower_0/v/gradients/tower_0/v/cg/conv10/conv2d/Conv2D_grad/Conv2DBackpropFilter	1601111572906007	2211
tower_0/v/l2_loss/L2Loss_24	1601111572781092	32
tower_0/v/cg/conv7/BiasAdd	1601111572859365	344
tower_0/v/gradients/tower_0/v/l2_loss/L2Loss_24_grad/mul	1601111572781126	35
tower_0/v/gradients/tower_0/v/cg/affine1/affine1_grad/ReluGrad	1601111572884931	8
tower_0/v/gradients/tower_0/v/l2_loss/L2Loss_21_grad/mul	1601111572781909	4
tower_0/v/cg/conv3/conv2d/Conv2D	1601111572818773	9895
tower_0/v/gradients/AddN_29	1601111573074907	6
tower_0/v/gradients/tower_0/v/l2_loss/L2Loss_26_grad/mul	1601111572782646	1594
v/cg/affine0/weights/read	-1	-1
tower_0/v/vgg16_synthetic_labels/max	-1	-1
tower_0/v/gradients/AddN_2	1601111572885493	5
v/cg/affine2/weights/read	-1	-1
tower_0/v/gradients/tower_0/v/cg/conv5/BiasAdd_grad/BiasAddGrad	1601111572968979	255
tower_0/v/gradients/tower_0/v/cg/conv7/Relu_grad/ReluGrad	1601111572935321	374
tower_0/v/transpose/perm	-1	-1
tower_0/v/l2_loss/L2Loss_15	1601111572780976	5
tower_0/v/cg/conv4/conv2d/Conv2D	1601111572831867	4523
tower_0/v/gradients/tower_0/v/cg/conv1/Relu_grad/ReluGrad	1601111573032107	3185
tower_0/v/gradients/tower_0/v/xentropy/sparse_softmax_cross_entropy_loss/xentropy/xentropy_grad/ExpandDims	-1	-1
tower_0/v/gradients/tower_0/v/cg/dropout0/dropout/dropout/mul_grad/Mul	1601111572885888	8
tower_0/v/l2_loss/L2Loss_9	1601111572780146	4
ConstantFolding/tower_0/v/gradients/tower_0/v/cg/conv5/conv2d/Conv2D_grad/ShapeN-matshapes-0	-1	-1
tower_0/v/cg/conv0/BiasAdd	1601111572785971	2743
tower_0/v/gradients/tower_0/v/cg/conv11/conv2d/Conv2D_grad/Conv2DBackpropInput	1601111572898975	2267
append_apply_gradient_ops/GradientDescent/update_v/cg/conv12/conv2d/kernel/ApplyGradientDescent	1601111572903454	53
tower_0/v/gradients/tower_0/v/l2_loss/L2Loss_17_grad/mul	1601111572781346	10
tower_0/v/gradients/AddN_10	1601111572908274	4
tower_0/v/l2_loss/L2Loss_14	1601111572780532	28
ConstantFolding/tower_0/v/gradients/tower_0/v/cg/conv5/conv2d/Conv2D_grad/ShapeN-matshapes-1	-1	-1
tower_0/v/cg/conv6/Relu	1601111572854738	523
tower_0/v/gradients/tower_0/v/cg/affine2/xw_plus_b_grad/BiasAddGrad	1601111572884491	15
tower_0/v/gradients/AddN_27	1601111573032094	6
tower_0/v/gradients/tower_0/v/cg/affine0/xw_plus_b/MatMul_grad/MatMul	1601111572886296	1622
v/cg/conv9/biases/read	-1	-1
tower_0/v/vgg16_synthetic_labels/shape	-1	-1
append_apply_gradient_ops/GradientDescent/update_v/cg/conv2/biases/ApplyGradientDescent	1601111573032101	4
tower_0/v/cg/affine1/affine1	1601111572884138	5
tower_0/v/gradients/AddN_20	1601111572976806	4
tower_0/v/gradients/tower_0/v/l2_loss/L2Loss_3_grad/mul	1601111572780383	9
tower_0/v/cg/mpool2/MaxPool	1601111572855263	390
tower_0/v/gradients/tower_0/v/cg/conv9/conv2d/Conv2D_grad/Conv2DBackpropInput	1601111572909325	6636
tower_0/v/gradients/AddN_16	1601111572942775	4
v/cg/conv4/conv2d/kernel	-1	-1
ConstantFolding/tower_0/v/gradients/tower_0/v/cg/conv7/conv2d/Conv2D_grad/ShapeN-matshapes-1	-1	-1
tower_0/v/cg/affine0/affine0	1601111572883832	5
tower_0/v/cg/conv6/BiasAdd	1601111572854060	676
average_loss/range	-1	-1
tower_0/v/cg/conv2/conv2d/Conv2D	1601111572810109	6248
ConstantFolding/tower_0/v/gradients/tower_0/v/cg/conv8/conv2d/Conv2D_grad/ShapeN-matshapes-0	-1	-1
tower_0/v/gradients/tower_0/v/cg/conv8/conv2d/Conv2D_grad/Conv2DBackpropFilter	1601111572929118	6140
tower_0/v/gradients/AddN_23	1601111572987983	10
tower_0/v/cg/conv10/BiasAdd	1601111572877007	91
append_apply_gradient_ops/GradientDescent/update_v/cg/conv8/biases/ApplyGradientDescent	1601111572935754	5
tower_0/v/gradients/tower_0/v/cg/conv8/BiasAdd_grad/BiasAddGrad	1601111572922342	146
tower_0/v/cg/conv9/Relu	1601111572874249	262
append_apply_gradient_ops/GradientDescent/update_v/cg/affine1/biases/ApplyGradientDescent	1601111572885881	5
train_ops_group	-1	-1
tower_0/v/gpu_cached_inputs	-1	-1
tower_0/v/gradients/tower_0/v/cg/affine0/xw_plus_b/MatMul_grad/MatMul_1	1601111572887920	1394
append_apply_gradient_ops/GradientDescent/update_v/cg/conv6/biases/ApplyGradientDescent	1601111572961242	5
ConstantFolding/tower_0/v/gradients/tower_0/v/cg/conv3/conv2d/Conv2D_grad/ShapeN-matshapes-0	-1	-1
append_apply_gradient_ops/GradientDescent/update_v/cg/conv10/biases/ApplyGradientDescent	1601111572908732	4
tower_0/v/l2_loss/L2Loss_31	1601111572781163	6
tower_0/v/l2_loss/AddN	1601111572785946	23
tower_0/v/gradients/tower_0/v/l2_loss/L2Loss_10_grad/mul	1601111572780497	13
tower_0/v/gradients/tower_0/v/cg/conv2/BiasAdd_grad/BiasAddGrad	1601111573012311	474
tower_0/v/cg/conv10/Relu	1601111572877099	68
append_apply_gradient_ops/GradientDescent/update_v/cg/conv11/conv2d/kernel/ApplyGradientDescent	1601111572908219	53
v/cg/affine1/biases	-1	-1
v/cg/conv11/biases/read	-1	-1
tower_0/v/l2_loss/L2Loss_1	1601111572780999	4
append_apply_gradient_ops/GradientDescent/update_v/cg/conv3/biases/ApplyGradientDescent	1601111573012303	4
tower_0/v/gradients/tower_0/v/cg/conv7/conv2d/Conv2D_grad/Conv2DBackpropInput	1601111572935912	3644
v/cg/affine1/weights	-1	-1
v/cg/conv0/conv2d/kernel	-1	-1
tower_0/v/l2_loss/L2Loss_7	1601111572781010	4
tower_0/v/gradients/AddN_7	1601111572898852	56
tower_0/v/gradients/tower_0/v/l2_loss/L2Loss_6_grad/mul	1601111572780970	5
tower_0/v/gradients/tower_0/v/l2_loss/L2Loss_23_grad/mul	1601111572780994	4
v/cg/conv12/conv2d/kernel	-1	-1
tower_0/v/gradients/tower_0/v/l2_loss/L2Loss_8_grad/mul	1601111572781298	10
tower_0/v/cg/conv1/conv2d/Conv2D	1601111572790862	12910
tower_0/v/gradients/tower_0/v/l2_loss/L2Loss_grad/mul	1601111572780945	4
tower_0/v/l2_loss/L2Loss_2	1601111572780224	22
tower_0/v/vgg16_synthetic_labels	1601111572779781	20
ConstantFolding/tower_0/v/gradients/tower_0/v/cg/conv10/conv2d/Conv2D_grad/ShapeN-matshapes-1	-1	-1
ConstantFolding/tower_0/v/gradients/tower_0/v/cg/conv7/conv2d/Conv2D_grad/ShapeN-matshapes-0	-1	-1
tower_0/v/cg/dropout0/dropout/dropout/random_uniform/mul	-1	-1
tower_0/v/gradients/AddN_31	1601111573080196	4
v/cg/conv8/conv2d/kernel/read	-1	-1
ConstantFolding/tower_0/v/gradients/tower_0/v/cg/conv3/conv2d/Conv2D_grad/ShapeN-matshapes-1	-1	-1
v/cg/conv1/conv2d/kernel/read	-1	-1
tower_0/v/l2_loss/L2Loss_12	1601111572780297	23
tower_0/v/xentropy/sparse_softmax_cross_entropy_loss/num_present	-1	-1
tower_0/v/l2_loss/L2Loss_3	1601111572780360	10
append_apply_gradient_ops/GradientDescent/update_v/cg/conv0/biases/ApplyGradientDescent	1601111573080202	4
tower_0/v/gradients/tower_0/v/cg/mpool2/MaxPool_grad/MaxPoolGrad	1601111572942781	1259
tower_0/v/gradients/tower_0/v/l2_loss/L2Loss_11_grad/mul	1601111572780200	10
append_apply_gradient_ops/GradientDescent/update_v/cg/affine0/biases/ApplyGradientDescent	1601111572891617	5
tower_0/v/gradients/tower_0/v/cg/conv2/Relu_grad/ReluGrad	1601111573010743	1549
v/cg/affine0/weights	-1	-1
append_apply_gradient_ops/GradientDescent/update_v/cg/conv6/conv2d/kernel/ApplyGradientDescent	1601111572976767	19
v/cg/conv2/conv2d/kernel	-1	-1
append_apply_gradient_ops/GradientDescent/update_v/cg/conv3/conv2d/kernel/ApplyGradientDescent	1601111573028304	7
tower_0/v/cg/conv11/BiasAdd	1601111572879453	91
tower_0/v/cg/dropout0_1/dropout/dropout/mul_1	1601111572884144	6
tower_0/v/gradients/AddN_3	1601111572885507	372
tower_0/v/gradients/tower_0/v/cg/Reshape_grad/Shape	-1	-1
