append_apply_gradient_ops/GradientDescent/update_v/cg/affine0/weights/ApplyGradientDescent	1601111573936970	2290
tower_0/v/xentropy/sparse_softmax_cross_entropy_loss/xentropy/xentropy	1601111573929522	133
v/cg/conv1/biases	-1	-1
ConstantFolding/tower_0/v/gradients/tower_0/v/cg/conv1/conv2d/Conv2D_grad/ShapeN-matshapes-1	-1	-1
tower_0/v/gradients/tower_0/v/l2_loss/L2Loss_5_grad/mul	1601111573824263	16
tower_0/v/gradients/tower_0/v/l2_loss/L2Loss_18_grad/mul	1601111573827011	35
v/cg/conv6/biases/read	-1	-1
v/cg/affine1/weights/read	-1	-1
tower_0/v/gradients/AddN_24	1601111574055880	4
v/cg/affine0/biases/read	-1	-1
tower_0/v/gradients/tower_0/v/cg/conv9/Relu_grad/ReluGrad	1601111573953916	379
average_loss/Mean/input	-1	-1
tower_0/v/gradients/tower_0/v/cg/conv12/conv2d/Conv2D_grad/Conv2DBackpropInput	1601111573939422	2279
tower_0/v/l2_loss/L2Loss_25	1601111573826483	16
append_apply_gradient_ops/GradientDescent/update_v/cg/conv4/biases/ApplyGradientDescent	1601111574033137	4
v/cg/conv10/conv2d/kernel/read	-1	-1
tower_0/v/gradients/tower_0/v/cg/conv3/BiasAdd_grad/BiasAddGrad	1601111574034718	474
v/cg/conv10/conv2d/kernel	-1	-1
tower_0/v/cg/mpool1/MaxPool	1601111573876250	783
v/cg/conv5/biases	-1	-1
append_apply_gradient_ops/GradientDescent/update_v/cg/conv1/biases/ApplyGradientDescent	1601111574119910	4
tower_0/v/cg/conv4/Relu	1601111573882251	521
tower_0/v/gradients/AddN_21	1601111574021939	17
tower_0/v/gradients/tower_0/v/cg/mpool3/MaxPool_grad/MaxPoolGrad	1601111573953460	391
ConstantFolding/tower_0/v/gradients/tower_0/v/cg/conv10/conv2d/Conv2D_grad/ShapeN-matshapes-0	-1	-1
ConstantFolding/tower_0/v/gradients/tower_0/v/cg/conv1/conv2d/Conv2D_grad/ShapeN-matshapes-0	-1	-1
tower_0/v/gradients/tower_0/v/cg/affine2/xw_plus_b/MatMul_grad/MatMul_1	1601111573929806	78
append_apply_gradient_ops/GradientDescent/update_v/cg/affine1/weights/ApplyGradientDescent	1601111573931086	373
tower_0/v/l2_loss/L2Loss_20	1601111573823877	50
tower_0/v/gradients/AddN_17	1601111573989202	30
v/cg/conv5/conv2d/kernel	-1	-1
tower_0/v/gradients/tower_0/v/cg/conv12/Relu_grad/ReluGrad	1601111573939262	96
tower_0/v/gradients/tower_0/v/cg/conv6/Relu_grad/ReluGrad	1601111573989240	760
tower_0/v/gradients/tower_0/v/l2_loss/L2Loss_2_grad/mul	1601111573824520	16
tower_0/v/gradients/AddN_1	1601111573929907	93
tower_0/v/cg/conv5/conv2d/Conv2D	1601111573882774	7633
tower_0/v/gradients/tower_0/v/l2_loss/L2Loss_25_grad/mul	1601111573826522	16
append_apply_gradient_ops/GradientDescent/update_v/cg/conv1/conv2d/kernel/ApplyGradientDescent	1601111574125207	6
tower_0/v/gradients/AddN_9	1601111573948797	56
tower_0/v/xentropy/sparse_softmax_cross_entropy_loss/Sum	1601111573929666	5
tower_0/v/gradients/tower_0/v/cg/conv5/conv2d/Conv2D_grad/Conv2DBackpropFilter	1601111574006407	7732
tower_0/v/l2_loss/L2Loss_10	1601111573824864	39
v/cg/affine2/biases	-1	-1
tower_0/v/gradients/AddN	1601111573929893	5
tower_0/v/gradients/tower_0/v/l2_loss/L2Loss_22_grad/mul	1601111573825186	45
tower_0/v/l2_loss/L2Loss_29	1601111573827048	10
tower_0/v/gradients/tower_0/v/cg/conv4/conv2d/Conv2D_grad/Conv2DBackpropFilter	1601111574027339	3904
tower_0/v/gradients/tower_0/v/l2_loss/L2Loss_20_grad/mul	1601111573823963	46
tower_0/v/cg/conv11/Relu	1601111573924741	68
tower_0/v/gradients/tower_0/v/l2_loss/L2Loss_13_grad/mul	1601111573824806	16
tower_0/v/cg/dropout0/dropout/dropout/Cast	1601111573833876	6
v/cg/conv1/biases/read	-1	-1
average_loss/Mean/_74	1601111573931073	5
tower_0/v/l2_loss/L2Loss_21	1601111573827065	4
tower_0/v/gradients/tower_0/v/l2_loss/L2Loss_31_grad/mul	1601111573826096	40
tower_0/v/cg/conv4/BiasAdd	1601111573881567	683
tower_0/v/cg/conv0/Relu	1601111573833897	2107
tower_0/v/gradients/AddN_14	1601111573980477	4
append_apply_gradient_ops/GradientDescent/update_v/cg/conv11/biases/ApplyGradientDescent	1601111573948855	4
_SOURCE	-1	-1
ConstantFolding/tower_0/v/gradients/tower_0/v/cg/conv6/conv2d/Conv2D_grad/ShapeN-matshapes-0	-1	-1
tower_0/v/cg/conv12/conv2d/Conv2D	1601111573924810	2280
tower_0/v/gradients/tower_0/v/cg/conv6/conv2d/Conv2D_grad/Conv2DBackpropInput	1601111573990298	7573
tower_0/v/gradients/tower_0/v/cg/conv5/conv2d/Conv2D_grad/Conv2DBackpropInput	1601111574014398	7522
tower_0/v/gradients/tower_0/v/cg/conv11/BiasAdd_grad/BiasAddGrad	1601111573944104	53
tower_0/v/cg/dropout0_1/dropout/dropout/random_uniform/RandomUniform	1601111573823629	25
tower_0/v/gradients/tower_0/v/cg/conv3/conv2d/Conv2D_grad/Conv2DBackpropFilter	1601111574044992	10886
ConstantFolding/tower_0/v/gradients/tower_0/v/cg/conv4/conv2d/Conv2D_grad/ShapeN-matshapes-1	-1	-1
tower_0/v/gradients/tower_0/v/cg/conv4/BiasAdd_grad/BiasAddGrad	1601111574022755	255
v/cg/conv9/conv2d/kernel/read	-1	-1
tower_0/v/gradients/AddN_8	1601111573948694	4
v/cg/conv8/conv2d/kernel	-1	-1
tower_0/v/cg/dropout0_1/dropout/dropout/Cast	1601111573833884	5
tower_0/v/cg/conv7/conv2d/Conv2D	1601111573900843	3702
tower_0/v/cg/conv2/BiasAdd	1601111573861515	1363
append_apply_gradient_ops/GradientDescent/update_v/cg/conv4/conv2d/kernel/ApplyGradientDescent	1601111574034703	12
tower_0/v/gradients/tower_0/v/cg/conv7/conv2d/Conv2D_grad/Conv2DBackpropFilter	1601111573984721	3157
tower_0/v/cg/conv3/Relu	1601111573875202	1046
tower_0/v/gradients/tower_0/v/l2_loss/L2Loss_1_grad/mul	1601111573825682	16
tower_0/v/cg/affine2/xw_plus_b	1601111573929515	5
v/cg/conv11/conv2d/kernel/read	-1	-1
v/cg/conv3/conv2d/kernel	-1	-1
v/cg/conv7/conv2d/kernel	-1	-1
tower_0/v/l2_loss/L2Loss_17	1601111573826400	19
ConstantFolding/tower_0/v/gradients/tower_0/v/cg/conv2/conv2d/Conv2D_grad/ShapeN-matshapes-1	-1	-1
tower_0/v/gradients/AddN_12	1601111573967282	4
v/cg/conv4/biases	-1	-1
append_apply_gradient_ops/GradientDescent	-1	-1
tower_0/v/cg/conv12/BiasAdd	1601111573927091	90
tower_0/v/cg/conv9/conv2d/Conv2D	1601111573912491	6655
ConstantFolding/tower_0/v/gradients/tower_0/v/cg/conv9/conv2d/Conv2D_grad/ShapeN-matshapes-1	-1	-1
v/cg/conv5/conv2d/kernel/read	-1	-1
tower_0/v/gradients/tower_0/v/cg/conv9/BiasAdd_grad/BiasAddGrad	1601111573954362	145
tower_0/v/cg/conv1/Relu	1601111573851670	2108
append_apply_gradient_ops/GradientDescent/update_v/cg/conv5/biases/ApplyGradientDescent	1601111574022743	4
tower_0/v/gradients/tower_0/v/cg/affine0/xw_plus_b_grad/BiasAddGrad	1601111573931474	12
tower_0/v/gradients/tower_0/v/cg/conv0/Relu_grad/ReluGrad	1601111574116713	3188
ConstantFolding/tower_0/v/gradients/tower_0/v/cg/conv12/conv2d/Conv2D_grad/ShapeN-matshapes-0	-1	-1
append_apply_gradient_ops/GradientDescent/update_v/cg/affine2/weights/ApplyGradientDescent	1601111573930024	93
v/cg/conv6/biases	-1	-1
v/cg/conv6/conv2d/kernel	-1	-1
tower_0/v/cg/dropout0/dropout/dropout/Shape	-1	-1
v/cg/conv0/biases	-1	-1
tower_0/v/gradients/tower_0/v/cg/conv4/conv2d/Conv2D_grad/Conv2DBackpropInput	1601111574023012	4326
tower_0/v/gradients/tower_0/v/cg/mpool0/MaxPool_grad/MaxPoolGrad	1601111574073455	3769
tower_0/v/gradients/tower_0/v/cg/conv10/conv2d/Conv2D_grad/Conv2DBackpropInput	1601111573948916	2269
tower_0/v/gradients/tower_0/v/l2_loss/L2Loss_28_grad/mul	1601111573826721	254
tower_0/v/gpu_cached_inputs/read	-1	-1
append_apply_gradient_ops/GradientDescent/update_v/cg/conv2/conv2d/kernel/ApplyGradientDescent	1601111574080435	7
tower_0/v/gradients/tower_0/v/cg/conv12/BiasAdd_grad/BiasAddGrad	1601111573939366	54
tower_0/v/cg/dropout0/dropout/dropout/mul_1	1601111573929024	7
tower_0/v/cg/affine2/xw_plus_b/MatMul	1601111573929338	176
tower_0/v/gradients/tower_0/v/cg/affine0/affine0_grad/ReluGrad	1601111573931461	8
tower_0/v/cg/conv8/Relu	1601111573912229	260
tower_0/v/l2_loss/L2Loss_11	1601111573824379	15
ConstantFolding/tower_0/v/gradients/tower_0/v/cg/conv12/conv2d/Conv2D_grad/ShapeN-matshapes-1	-1	-1
v/cg/conv2/conv2d/kernel/read	-1	-1
tower_0/v/gradients/tower_0/v/cg/conv9/conv2d/Conv2D_grad/Conv2DBackpropFilter	1601111573961141	6139
v/cg/conv7/biases	-1	-1
tower_0/v/gradients/tower_0/v/cg/conv1/conv2d/Conv2D_grad/Conv2DBackpropFilter	1601111574094256	22450
ConstantFolding/tower_0/v/gradients/tower_0/v/cg/conv2/conv2d/Conv2D_grad/ShapeN-matshapes-0	-1	-1
tower_0/v/gradients/AddN_26	1601111574073449	4
v/cg/conv8/biases/read	-1	-1
v/cg/conv11/conv2d/kernel	-1	-1
v/cg/conv12/biases/read	-1	-1
tower_0/v/gradients/tower_0/v/cg/dropout0/dropout/dropout/mul_1_grad/Mul	1601111573930689	6
tower_0/v/cg/conv8/conv2d/Conv2D	1601111573905157	6726
tower_0/v/l2_loss/L2Loss_4	1601111573826164	37
append_apply_gradient_ops/GradientDescent/update_v/cg/conv5/conv2d/kernel/ApplyGradientDescent	1601111574022725	17
v/cg/conv5/biases/read	-1	-1
tower_0/v/l2_loss/L2Loss_23	1601111573825549	15
tower_0/v/mul/x	-1	-1
tower_0/v/gradients/AddN_5	1601111573934504	2294
tower_0/v/vgg16_synthetic_labels/min	-1	-1
append_apply_gradient_ops/GradientDescent/update_v/cg/conv7/conv2d/kernel/ApplyGradientDescent	1601111573990001	30
tower_0/v/gradients/tower_0/v/cg/conv6/conv2d/Conv2D_grad/Conv2DBackpropFilter	1601111573997875	7740
v/cg/affine2/weights	-1	-1
ConstantFolding/tower_0/v/gradients/tower_0/v/cg/conv8/conv2d/Conv2D_grad/ShapeN-matshapes-1	-1	-1
append_apply_gradient_ops/GradientDescent/update_v/cg/conv9/conv2d/kernel/ApplyGradientDescent	1601111573980422	53
tower_0/v/gradients/AddN_13	1601111573967667	56
tower_0/v/gradients/tower_0/v/cg/conv2/conv2d/Conv2D_grad/Conv2DBackpropInput	1601111574057932	5626
v/cg/conv0/conv2d/kernel/read	-1	-1
tower_0/v/l2_loss/L2Loss_22	1601111573825122	42
tower_0/v/cg/affine1/xw_plus_b/MatMul	1601111573929033	282
tower_0/v/cg/Reshape	-1	-1
tower_0/v/l2_loss/L2Loss_30	1601111573824112	55
tower_0/v/gradients/tower_0/v/cg/conv2/conv2d/Conv2D_grad/Conv2DBackpropFilter	1601111574063560	9878
tower_0/v/gradients/tower_0/v/cg/conv8/Relu_grad/ReluGrad	1601111573967288	377
tower_0/v/cg/dropout0/dropout/dropout/truediv	-1	-1
tower_0/v/gradients/tower_0/v/cg/affine1/xw_plus_b/MatMul_grad/MatMul_1	1601111573930441	239
tower_0/v/gradients/tower_0/v/cg/conv0/conv2d/Conv2D_grad/Conv2DBackpropFilter	1601111574120844	4361
v/cg/conv7/biases/read	-1	-1
tower_0/v/cg/dropout0/dropout/dropout/GreaterEqual	1601111573831093	7
tower_0/v/cg/mpool3/MaxPool	1601111573919758	211
tower_0/v/gradients/AddN_28	1601111574116708	4
tower_0/v/l2_loss/L2Loss_26	1601111573827089	721
tower_0/v/gradients/tower_0/v/cg/conv11/Relu_grad/ReluGrad	1601111573943937	93
tower_0/v/cg/conv5/BiasAdd	1601111573890409	679
append_apply_gradient_ops/GradientDescent/update_v/cg/conv10/conv2d/kernel/ApplyGradientDescent	1601111573954297	56
append_apply_gradient_ops/GradientDescent/update_v/cg/conv0/conv2d/kernel/ApplyGradientDescent	1601111574125231	4
tower_0/v/l2_loss/L2Loss_13	1601111573824767	16
tower_0/v/gradients/tower_0/v/cg/conv3/Relu_grad/ReluGrad	1601111574033143	1558
tower_0/v/l2_loss/L2Loss_8	1601111573826292	38
tower_0/v/cg/dropout0/dropout/dropout/rate	-1	-1
v/cg/conv10/biases/read	-1	-1
v/cg/conv0/biases/read	-1	-1
tower_0/v/gradients/tower_0/v/xentropy/sparse_softmax_cross_entropy_loss/xentropy/xentropy_grad/mul	1601111573929657	8
append_apply_gradient_ops/GradientDescent/update_v/cg/conv9/biases/ApplyGradientDescent	1601111573967724	5
tower_0/v/gradients/tower_0/v/cg/affine1/xw_plus_b_grad/BiasAddGrad	1601111573930134	14
tower_0/v/gradients/tower_0/v/cg/mpool4/MaxPool_grad/MaxPoolGrad	1601111573936806	162
tower_0/v/gradients/tower_0/v/cg/conv1/conv2d/Conv2D_grad/Conv2DBackpropInput	1601111574081369	12885
tower_0/v/gradients/AddN_22	1601111574031245	4
tower_0/v/gradients/AddN_19	1601111574006383	17
tower_0/v/gradients/tower_0/v/l2_loss/L2Loss_7_grad/mul	1601111573825758	16
tower_0/v/cg/affine1/xw_plus_b	1601111573929316	6
tower_0/v/gradients/tower_0/v/cg/Reshape_grad/Reshape	-1	-1
v/cg/conv2/biases/read	-1	-1
append_apply_gradient_ops/GradientDescent/update_v/cg/conv12/biases/ApplyGradientDescent	1601111573944089	5
tower_0/v/gradients/tower_0/v/l2_loss/L2Loss_30_grad/mul	1601111573824178	72
tower_0/v/l2_loss/L2Loss_5	1601111573824251	4
v/cg/conv2/biases	-1	-1
main_fetch_group/_70	-1	-1
tower_0/v/cg/conv12/Relu	1601111573927183	68
v/cg/conv3/conv2d/kernel/read	-1	-1
tower_0/v/gradients/tower_0/v/cg/conv4/Relu_grad/ReluGrad	1601111574021964	760
tower_0/v/cg/dropout0/dropout/dropout/random_uniform/RandomUniform	1601111573823555	39
tower_0/v/gradients/tower_0/v/l2_loss/L2Loss_15_grad/mul	1601111573825544	4
v/cg/conv4/biases/read	-1	-1
ConstantFolding/tower_0/v/gradients/tower_0/v/cg/conv0/conv2d/Conv2D_grad/ShapeN-matshapes-1	-1	-1
tower_0/v/gradients/tower_0/v/cg/conv5/Relu_grad/ReluGrad	1601111574005623	758
v/cg/conv8/biases	-1	-1
tower_0/v/cg/mpool0/MaxPool	1601111573853779	1488
tower_0/v/gradients/tower_0/v/l2_loss/L2Loss_14_grad/mul	1601111573825057	30
v/cg/conv12/conv2d/kernel/read	-1	-1
tower_0/v/gradients/tower_0/v/cg/affine1/xw_plus_b/MatMul_grad/MatMul	1601111573930149	291
append_apply_gradient_ops/GradientDescent/update_v/cg/affine2/biases/ApplyGradientDescent	1601111573930008	5
tower_0/v/gradients/tower_0/v/cg/conv11/conv2d/Conv2D_grad/Conv2DBackpropFilter	1601111573946424	2213
tower_0/v/cg/dropout0/dropout/dropout/mul	1601111573836006	6
tower_0/v/gradients/AddN_11	1601111573953853	55
v/cg/affine2/biases/read	-1	-1
v/cg/affine1/biases/read	-1	-1
tower_0/v/gradients/tower_0/v/l2_loss/L2Loss_27_grad/mul	1601111573824054	17
v/cg/conv12/biases	-1	-1
tower_0/v/l2_loss/L2Loss_16	1601111573825816	43
ConstantFolding/average_loss/Mean/input_const_axis	-1	-1
v/cg/affine0/biases	-1	-1
tower_0/v/mul	1601111573833891	4
ConstantFolding/tower_0/v/gradients/tower_0/v/cg/conv9/conv2d/Conv2D_grad/ShapeN-matshapes-0	-1	-1
tower_0/v/cg/conv5/Relu	1601111573891089	522
tower_0/v/cg/conv7/Relu	1601111573904893	262
tower_0/v/gradients/tower_0/v/l2_loss/L2Loss_16_grad/mul	1601111573825880	45
v/cg/conv10/biases	-1	-1
tower_0/v/gradients/tower_0/v/cg/conv10/BiasAdd_grad/BiasAddGrad	1601111573948863	52
tower_0/v/cg/conv6/conv2d/Conv2D	1601111573891613	7624
learning_rate_tensor/input	-1	-1
tower_0/v/cg/conv8/BiasAdd	1601111573911884	343
tower_0/v/cg/dropout0_1/dropout/dropout/GreaterEqual	1601111573831101	6
v/cg/conv11/biases	-1	-1
v/cg/conv1/conv2d/kernel	-1	-1
tower_0/v/cg/affine0/xw_plus_b/MatMul	1601111573927315	1693
tower_0/v/gradients/tower_0/v/cg/dropout0_1/dropout/dropout/mul_1_grad/Mul	1601111573929899	6
tower_0/v/gradients/AddN_18	1601111574005617	4
tower_0/v/gradients/tower_0/v/cg/conv1/BiasAdd_grad/BiasAddGrad	1601111574080446	922
tower_0/v/cg/Reshape/shape	-1	-1
tower_0/v/cg/conv10/conv2d/Conv2D	1601111573919970	2233
main_fetch_group	-1	-1
tower_0/v/cg/conv1/BiasAdd	1601111573848925	2742
tower_0/v/xentropy/sparse_softmax_cross_entropy_loss/Mul	-1	-1
tower_0/v/gradients/tower_0/v/cg/conv10/Relu_grad/ReluGrad	1601111573948700	96
append_apply_gradient_ops/GradientDescent/update_v/cg/conv8/conv2d/kernel/ApplyGradientDescent	1601111573987880	53
tower_0/v/l2_loss/L2Loss_28	1601111573826579	140
ConstantFolding/tower_0/v/gradients/tower_0/v/cg/conv4/conv2d/Conv2D_grad/ShapeN-matshapes-0	-1	-1
tower_0/v/gradients/tower_0/v/cg/conv8/conv2d/Conv2D_grad/Conv2DBackpropInput	1601111573967880	6616
tower_0/v/cg/dropout0_1/dropout/dropout/mul	1601111573836014	6
tower_0/v/l2_loss/L2Loss	1601111573825498	7
tower_0/v/gradients/tower_0/v/l2_loss/L2Loss_12_grad/mul	1601111573824648	17
v/cg/conv9/conv2d/kernel	-1	-1
tower_0/v/cg/conv11/conv2d/Conv2D	1601111573922367	2281
tower_0/v/gradients/tower_0/v/cg/affine2/xw_plus_b/MatMul_grad/MatMul	1601111573929695	110
tower_0/v/gradients/tower_0/v/cg/conv6/BiasAdd_grad/BiasAddGrad	1601111573990040	256
tower_0/v/cg/conv3/BiasAdd	1601111573873840	1361
v/cg/conv9/biases	-1	-1
tower_0/v/gradients/tower_0/v/cg/conv12/conv2d/Conv2D_grad/Conv2DBackpropFilter	1601111573941703	2225
tower_0/v/gradients/tower_0/v/cg/conv3/conv2d/Conv2D_grad/Conv2DBackpropInput	1601111574035193	9797
v/cg/conv6/conv2d/kernel/read	-1	-1
tower_0/v/cg/affine0/xw_plus_b	1601111573929009	7
v/cg/conv3/biases	-1	-1
tower_0/v/gradients/tower_0/v/cg/dropout0_1/dropout/dropout/mul_grad/Mul	1601111573930015	8
tower_0/v/cg/dropout0_1/dropout/dropout/random_uniform/mul	-1	-1
average_loss/Mean	-1	-1
tower_0/v/l2_loss/L2Loss_27	1601111573824011	23
gpu_compute_stage_ops_group	-1	-1
ConstantFolding/tower_0/v/gradients/tower_0/v/cg/conv11/conv2d/Conv2D_grad/ShapeN-matshapes-1	-1	-1
append_apply_gradient_ops/GradientDescent/update_v/cg/conv7/biases/ApplyGradientDescent	1601111573989234	5
tower_0/v/gradients/AddN_4	1601111573934497	5
tower_0/v/l2_loss/L2Loss_18	1601111573826977	33
ConstantFolding/tower_0/v/gradients/tower_0/v/cg/conv6/conv2d/Conv2D_grad/ShapeN-matshapes-1	-1	-1
tower_0/v/gradients/tower_0/v/cg/conv7/BiasAdd_grad/BiasAddGrad	1601111573980927	146
tower_0/v/gradients/tower_0/v/l2_loss/L2Loss_19_grad/mul	1601111573827083	4
tower_0/v/gradients/tower_0/v/cg/mpool1/MaxPool_grad/MaxPoolGrad	1601111574031251	1872
tower_0/v/cg/conv0/conv2d/Conv2D	1601111573829406	1685
tower_0/v/transpose	1601111573825237	259
v/cg/conv3/biases/read	-1	-1
tower_0/v/cg/mpool4/MaxPool	1601111573927253	60
tower_0/v/gradients/tower_0/v/l2_loss/L2Loss_29_grad/mul	1601111573827060	4
tower_0/v/cg/conv9/BiasAdd	1601111573919147	343
v/cg/conv4/conv2d/kernel/read	-1	-1
tower_0/v/l2_loss/L2Loss_19	1601111573827077	4
tower_0/v/add	1601111573930002	5
tower_0/v/gradients/tower_0/v/l2_loss/L2Loss_4_grad/mul	1601111573826227	17
tower_0/v/gradients/AddN_30	1601111574125214	4
ConstantFolding/tower_0/v/gradients/tower_0/v/cg/conv11/conv2d/Conv2D_grad/ShapeN-matshapes-0	-1	-1
tower_0/v/gradients/AddN_25	1601111574057433	8
tower_0/v/cg/conv2/Relu	1601111573862880	1045
v/cg/conv7/conv2d/kernel/read	-1	-1
tower_0/v/gradients/tower_0/v/cg/conv0/BiasAdd_grad/BiasAddGrad	1601111574119917	920
tower_0/v/xentropy/sparse_softmax_cross_entropy_loss/value	1601111573929886	5
tower_0/v/gradients/tower_0/v/l2_loss/L2Loss_9_grad/mul	1601111573824342	15
tower_0/v/gradients/AddN_6	1601111573943931	4
tower_0/v/l2_loss/L2Loss_6	1601111573825512	18
tower_0/v/gradients/AddN_15	1601111573980861	56
tower_0/v/gradients/tower_0/v/cg/conv10/conv2d/Conv2D_grad/Conv2DBackpropFilter	1601111573951186	2212
tower_0/v/l2_loss/L2Loss_24	1601111573825943	42
tower_0/v/cg/conv7/BiasAdd	1601111573904547	345
tower_0/v/gradients/tower_0/v/l2_loss/L2Loss_24_grad/mul	1601111573826010	45
tower_0/v/gradients/tower_0/v/cg/affine1/affine1_grad/ReluGrad	1601111573930118	8
tower_0/v/gradients/tower_0/v/l2_loss/L2Loss_21_grad/mul	1601111573827071	4
tower_0/v/cg/conv3/conv2d/Conv2D	1601111573863926	9912
tower_0/v/gradients/AddN_29	1601111574119902	6
tower_0/v/gradients/tower_0/v/l2_loss/L2Loss_26_grad/mul	1601111573827811	1593
v/cg/affine0/weights/read	-1	-1
tower_0/v/vgg16_synthetic_labels/max	-1	-1
tower_0/v/gradients/AddN_2	1601111573930682	5
v/cg/affine2/weights/read	-1	-1
tower_0/v/gradients/tower_0/v/cg/conv5/BiasAdd_grad/BiasAddGrad	1601111574014143	253
tower_0/v/gradients/tower_0/v/cg/conv7/Relu_grad/ReluGrad	1601111573980483	377
tower_0/v/transpose/perm	-1	-1
tower_0/v/l2_loss/L2Loss_15	1601111573825538	4
tower_0/v/cg/conv4/conv2d/Conv2D	1601111573877034	4531
tower_0/v/gradients/tower_0/v/cg/conv1/Relu_grad/ReluGrad	1601111574077239	3195
tower_0/v/gradients/tower_0/v/xentropy/sparse_softmax_cross_entropy_loss/xentropy/xentropy_grad/ExpandDims	-1	-1
tower_0/v/gradients/tower_0/v/cg/dropout0/dropout/dropout/mul_grad/Mul	1601111573931077	8
tower_0/v/l2_loss/L2Loss_9	1601111573824302	18
ConstantFolding/tower_0/v/gradients/tower_0/v/cg/conv5/conv2d/Conv2D_grad/ShapeN-matshapes-0	-1	-1
tower_0/v/cg/conv0/BiasAdd	1601111573831133	2742
tower_0/v/gradients/tower_0/v/cg/conv11/conv2d/Conv2D_grad/Conv2DBackpropInput	1601111573944158	2264
append_apply_gradient_ops/GradientDescent/update_v/cg/conv12/conv2d/kernel/ApplyGradientDescent	1601111573948639	53
tower_0/v/gradients/tower_0/v/l2_loss/L2Loss_17_grad/mul	1601111573826443	16
tower_0/v/gradients/AddN_10	1601111573953454	4
tower_0/v/l2_loss/L2Loss_14	1601111573824993	37
ConstantFolding/tower_0/v/gradients/tower_0/v/cg/conv5/conv2d/Conv2D_grad/ShapeN-matshapes-1	-1	-1
tower_0/v/cg/conv6/Relu	1601111573899920	526
tower_0/v/gradients/tower_0/v/cg/affine2/xw_plus_b_grad/BiasAddGrad	1601111573929680	13
tower_0/v/gradients/AddN_27	1601111574077225	6
tower_0/v/gradients/tower_0/v/cg/affine0/xw_plus_b/MatMul_grad/MatMul	1601111573931487	1619
v/cg/conv9/biases/read	-1	-1
tower_0/v/vgg16_synthetic_labels/shape	-1	-1
append_apply_gradient_ops/GradientDescent/update_v/cg/conv2/biases/ApplyGradientDescent	1601111574077233	4
tower_0/v/cg/affine1/affine1	1601111573929324	5
tower_0/v/gradients/AddN_20	1601111574021958	4
tower_0/v/gradients/tower_0/v/l2_loss/L2Loss_3_grad/mul	1601111573824729	16
tower_0/v/cg/mpool2/MaxPool	1601111573900448	393
tower_0/v/gradients/tower_0/v/cg/conv9/conv2d/Conv2D_grad/Conv2DBackpropInput	1601111573954509	6630
tower_0/v/gradients/AddN_16	1601111573987935	4
v/cg/conv4/conv2d/kernel	-1	-1
ConstantFolding/tower_0/v/gradients/tower_0/v/cg/conv7/conv2d/Conv2D_grad/ShapeN-matshapes-1	-1	-1
tower_0/v/cg/affine0/affine0	1601111573929018	5
tower_0/v/cg/conv6/BiasAdd	1601111573899239	680
average_loss/range	-1	-1
tower_0/v/cg/conv2/conv2d/Conv2D	1601111573855269	6245
ConstantFolding/tower_0/v/gradients/tower_0/v/cg/conv8/conv2d/Conv2D_grad/ShapeN-matshapes-0	-1	-1
tower_0/v/gradients/tower_0/v/cg/conv8/conv2d/Conv2D_grad/Conv2DBackpropFilter	1601111573974497	5924
tower_0/v/gradients/AddN_23	1601111574033125	10
tower_0/v/cg/conv10/BiasAdd	1601111573922204	92
append_apply_gradient_ops/GradientDescent/update_v/cg/conv8/biases/ApplyGradientDescent	1601111573980919	4
tower_0/v/gradients/tower_0/v/cg/conv8/BiasAdd_grad/BiasAddGrad	1601111573967732	146
tower_0/v/cg/conv9/Relu	1601111573919492	264
append_apply_gradient_ops/GradientDescent/update_v/cg/affine1/biases/ApplyGradientDescent	1601111573931070	5
train_ops_group	-1	-1
tower_0/v/gpu_cached_inputs	-1	-1
tower_0/v/gradients/tower_0/v/cg/affine0/xw_plus_b/MatMul_grad/MatMul_1	1601111573933108	1388
append_apply_gradient_ops/GradientDescent/update_v/cg/conv6/biases/ApplyGradientDescent	1601111574006401	4
ConstantFolding/tower_0/v/gradients/tower_0/v/cg/conv3/conv2d/Conv2D_grad/ShapeN-matshapes-0	-1	-1
append_apply_gradient_ops/GradientDescent/update_v/cg/conv10/biases/ApplyGradientDescent	1601111573953910	5
tower_0/v/l2_loss/L2Loss_31	1601111573826057	14
tower_0/v/l2_loss/AddN	1601111573831109	23
tower_0/v/gradients/tower_0/v/l2_loss/L2Loss_10_grad/mul	1601111573824930	18
tower_0/v/gradients/tower_0/v/cg/conv2/BiasAdd_grad/BiasAddGrad	1601111574057457	474
tower_0/v/cg/conv10/Relu	1601111573922297	68
append_apply_gradient_ops/GradientDescent/update_v/cg/conv11/conv2d/kernel/ApplyGradientDescent	1601111573953399	53
v/cg/affine1/biases	-1	-1
v/cg/conv11/biases/read	-1	-1
tower_0/v/l2_loss/L2Loss_1	1601111573825644	16
append_apply_gradient_ops/GradientDescent/update_v/cg/conv3/biases/ApplyGradientDescent	1601111574057443	4
tower_0/v/gradients/tower_0/v/cg/conv7/conv2d/Conv2D_grad/Conv2DBackpropInput	1601111573981075	3644
v/cg/affine1/weights	-1	-1
v/cg/conv0/conv2d/kernel	-1	-1
tower_0/v/l2_loss/L2Loss_7	1601111573825719	16
tower_0/v/gradients/AddN_7	1601111573944032	56
tower_0/v/gradients/tower_0/v/l2_loss/L2Loss_6_grad/mul	1601111573825532	5
tower_0/v/gradients/tower_0/v/l2_loss/L2Loss_23_grad/mul	1601111573825588	16
v/cg/conv12/conv2d/kernel	-1	-1
tower_0/v/gradients/tower_0/v/l2_loss/L2Loss_8_grad/mul	1601111573826357	16
tower_0/v/cg/conv1/conv2d/Conv2D	1601111573836022	12900
tower_0/v/gradients/tower_0/v/l2_loss/L2Loss_grad/mul	1601111573825507	4
tower_0/v/l2_loss/L2Loss_2	1601111573824457	37
tower_0/v/vgg16_synthetic_labels	1601111573823679	25
ConstantFolding/tower_0/v/gradients/tower_0/v/cg/conv10/conv2d/Conv2D_grad/ShapeN-matshapes-1	-1	-1
ConstantFolding/tower_0/v/gradients/tower_0/v/cg/conv7/conv2d/Conv2D_grad/ShapeN-matshapes-0	-1	-1
tower_0/v/cg/dropout0/dropout/dropout/random_uniform/mul	-1	-1
tower_0/v/gradients/AddN_31	1601111574125219	4
v/cg/conv8/conv2d/kernel/read	-1	-1
ConstantFolding/tower_0/v/gradients/tower_0/v/cg/conv3/conv2d/Conv2D_grad/ShapeN-matshapes-1	-1	-1
v/cg/conv1/conv2d/kernel/read	-1	-1
tower_0/v/l2_loss/L2Loss_12	1601111573824584	37
tower_0/v/xentropy/sparse_softmax_cross_entropy_loss/num_present	-1	-1
tower_0/v/l2_loss/L2Loss_3	1601111573824690	17
append_apply_gradient_ops/GradientDescent/update_v/cg/conv0/biases/ApplyGradientDescent	1601111574125225	4
tower_0/v/gradients/tower_0/v/cg/mpool2/MaxPool_grad/MaxPoolGrad	1601111573987941	1260
tower_0/v/gradients/tower_0/v/l2_loss/L2Loss_11_grad/mul	1601111573824417	17
append_apply_gradient_ops/GradientDescent/update_v/cg/affine0/biases/ApplyGradientDescent	1601111573936799	6
tower_0/v/gradients/tower_0/v/cg/conv2/Relu_grad/ReluGrad	1601111574055885	1547
v/cg/affine0/weights	-1	-1
append_apply_gradient_ops/GradientDescent/update_v/cg/conv6/conv2d/kernel/ApplyGradientDescent	1601111574021921	16
v/cg/conv2/conv2d/kernel	-1	-1
append_apply_gradient_ops/GradientDescent/update_v/cg/conv3/conv2d/kernel/ApplyGradientDescent	1601111574073440	7
tower_0/v/cg/conv11/BiasAdd	1601111573924649	90
tower_0/v/cg/dropout0_1/dropout/dropout/mul_1	1601111573929330	6
tower_0/v/gradients/AddN_3	1601111573930697	371
tower_0/v/gradients/tower_0/v/cg/Reshape_grad/Shape	-1	-1
