tower_0/v/cg/conv4/Relu	1602294573321736	2819
tower_0/v/gradients/tower_0/v/l2_loss/L2Loss_24_grad/mul	1602294573045475	35
ConstantFolding/tower_0/v/gradients/tower_0/v/cg/conv7/conv2d/Conv2D_grad/ShapeN-matshapes-1	-1	-1
tower_0/v/gradients/tower_0/v/l2_loss/L2Loss_18_grad/mul	1602294573045868	44
tower_0/v/gradients/tower_0/v/cg/conv12/conv2d/Conv2D_grad/Conv2DBackpropInput	1602294573607255	8076
tower_0/v/cg/dropout0_1/dropout/dropout/Cast	1602294573072774	19
tower_0/v/gradients/tower_0/v/cg/conv9/BiasAdd_grad/BiasAddGrad	1602294573666184	705
tower_0/v/cg/mpool4/MaxPool	1602294573577263	292
v/cg/conv2/biases/read	-1	-1
tower_0/v/gradients/tower_0/v/l2_loss/L2Loss_9_grad/mul	1602294573046434	4
tower_0/v/cg/conv9/Relu	1602294573546841	1406
append_apply_gradient_ops/GradientDescent/update_v/cg/conv3/conv2d/kernel/ApplyGradientDescent	1602294574693829	7
tower_0/v/cg/conv6/conv2d/Conv2D	1602294573364241	33326
tower_0/v/gradients/tower_0/v/cg/conv12/Relu_grad/ReluGrad	1602294573606394	507
tower_0/v/gradients/tower_0/v/l2_loss/L2Loss_8_grad/mul	1602294573045733	18
tower_0/v/l2_loss/L2Loss_26	1602294573046574	727
tower_0/v/l2_loss/L2Loss_2	1602294573045525	34
tower_0/v/cg/conv11/Relu	1602294573567610	352
tower_0/v/l2_loss/L2Loss_3	1602294573045376	4
tower_0/v/gradients/tower_0/v/l2_loss/L2Loss_28_grad/mul	1602294573046150	255
tower_0/v/gradients/tower_0/v/cg/conv5/Relu_grad/ReluGrad	1602294574198924	4308
tower_0/v/gradients/tower_0/v/cg/affine0/xw_plus_b/MatMul_grad/MatMul_1	1602294573595606	5307
append_apply_gradient_ops/GradientDescent/update_v/cg/conv2/biases/ApplyGradientDescent	1602294574714122	4
tower_0/v/l2_loss/L2Loss_15	1602294573045398	4
append_apply_gradient_ops/GradientDescent/update_v/cg/conv5/biases/ApplyGradientDescent	1602294574372602	8
tower_0/v/gradients/AddN_20	1602294574368265	7
append_apply_gradient_ops/GradientDescent/update_v/cg/conv12/biases/ApplyGradientDescent	1602294573625379	7
ConstantFolding/tower_0/v/gradients/tower_0/v/cg/conv9/conv2d/Conv2D_grad/ShapeN-matshapes-0	-1	-1
tower_0/v/add	1602294573586563	7
append_apply_gradient_ops/GradientDescent/update_v/cg/conv5/conv2d/kernel/ApplyGradientDescent	1602294574372578	23
v/cg/conv3/biases	-1	-1
tower_0/v/gradients/tower_0/v/cg/affine1/affine1_grad/ReluGrad	1602294573586725	31
tower_0/v/cg/conv1/Relu	1602294573167964	11421
tower_0/v/gradients/tower_0/v/l2_loss/L2Loss_10_grad/mul	1602294573045216	8
tower_0/v/gradients/tower_0/v/cg/dropout0/dropout/dropout/mul_1_grad/Mul	1602294573588868	22
tower_0/v/cg/Reshape	-1	-1
tower_0/v/gradients/tower_0/v/cg/affine0/affine0_grad/ReluGrad	1602294573589696	31
tower_0/v/l2_loss/L2Loss_18	1602294573045799	43
tower_0/v/l2_loss/L2Loss_14	1602294573045261	23
append_apply_gradient_ops/GradientDescent/update_v/cg/conv10/biases/ApplyGradientDescent	1602294573663997	7
tower_0/v/gradients/AddN_23	1602294574427980	15
tower_0/v/gradients/tower_0/v/l2_loss/L2Loss_grad/mul	1602294573045193	4
v/cg/affine0/weights	-1	-1
v/cg/conv1/conv2d/kernel	-1	-1
main_fetch_group	-1	-1
ConstantFolding/tower_0/v/gradients/tower_0/v/cg/conv4/conv2d/Conv2D_grad/ShapeN-matshapes-1	-1	-1
v/cg/affine0/biases	-1	-1
ConstantFolding/tower_0/v/gradients/tower_0/v/cg/conv4/conv2d/Conv2D_grad/ShapeN-matshapes-0	-1	-1
v/cg/conv7/biases/read	-1	-1
ConstantFolding/tower_0/v/gradients/tower_0/v/cg/conv12/conv2d/Conv2D_grad/ShapeN-matshapes-1	-1	-1
tower_0/v/gradients/tower_0/v/cg/conv7/conv2d/Conv2D_grad/Conv2DBackpropFilter	1602294574005726	16994
v/cg/affine1/weights	-1	-1
tower_0/v/gradients/tower_0/v/xentropy/sparse_softmax_cross_entropy_loss/xentropy/xentropy_grad/mul	1602294573585732	10
tower_0/v/gradients/AddN_30	1602294574996740	4
ConstantFolding/average_loss/Mean/input_const_axis	-1	-1
v/cg/conv6/biases/read	-1	-1
v/cg/conv4/biases/read	-1	-1
tower_0/v/gradients/tower_0/v/cg/conv1/Relu_grad/ReluGrad	1602294574714128	18152
ConstantFolding/tower_0/v/gradients/tower_0/v/cg/conv9/conv2d/Conv2D_grad/ShapeN-matshapes-1	-1	-1
tower_0/v/gradients/tower_0/v/cg/conv2/conv2d/Conv2D_grad/Conv2DBackpropInput	1602294574605125	28199
append_apply_gradient_ops/GradientDescent/update_v/cg/conv1/biases/ApplyGradientDescent	1602294574969202	5
append_apply_gradient_ops/GradientDescent/update_v/cg/affine0/weights/ApplyGradientDescent	1602294573604091	2299
append_apply_gradient_ops/GradientDescent/update_v/cg/conv8/conv2d/kernel/ApplyGradientDescent	1602294574022723	60
tower_0/v/gradients/tower_0/v/cg/conv11/Relu_grad/ReluGrad	1602294573624809	504
tower_0/v/gradients/tower_0/v/cg/conv10/Relu_grad/ReluGrad	1602294573643350	507
tower_0/v/gradients/tower_0/v/cg/conv11/BiasAdd_grad/BiasAddGrad	1602294573625394	344
tower_0/v/transpose	1602294573043722	1340
ConstantFolding/tower_0/v/gradients/tower_0/v/cg/conv10/conv2d/Conv2D_grad/ShapeN-matshapes-1	-1	-1
ConstantFolding/tower_0/v/gradients/tower_0/v/cg/conv0/conv2d/Conv2D_grad/ShapeN-matshapes-1	-1	-1
tower_0/v/gradients/tower_0/v/cg/dropout0_1/dropout/dropout/mul_1_grad/Mul	1602294573586440	22
append_apply_gradient_ops/GradientDescent/update_v/cg/conv0/conv2d/kernel/ApplyGradientDescent	1602294574996757	5
tower_0/v/xentropy/sparse_softmax_cross_entropy_loss/xentropy/xentropy	1602294573585520	209
tower_0/v/cg/dropout0/dropout/dropout/rate	-1	-1
ConstantFolding/tower_0/v/gradients/tower_0/v/cg/conv10/conv2d/Conv2D_grad/ShapeN-matshapes-0	-1	-1
v/cg/conv7/conv2d/kernel	-1	-1
tower_0/v/gradients/AddN_5	1602294573600927	2301
tower_0/v/gradients/tower_0/v/cg/conv6/Relu_grad/ReluGrad	1602294574029498	4350
v/cg/conv10/biases	-1	-1
v/cg/conv7/biases	-1	-1
tower_0/v/gradients/tower_0/v/cg/conv2/conv2d/Conv2D_grad/Conv2DBackpropFilter	1602294574633328	60498
tower_0/v/gradients/tower_0/v/cg/Reshape_grad/Shape	-1	-1
append_apply_gradient_ops/GradientDescent/update_v/cg/conv4/biases/ApplyGradientDescent	1602294574427999	6
tower_0/v/cg/conv3/Relu	1602294573288686	5680
tower_0/v/gradients/tower_0/v/cg/conv5/BiasAdd_grad/BiasAddGrad	1602294574308039	1242
tower_0/v/gradients/tower_0/v/cg/mpool4/MaxPool_grad/MaxPoolGrad	1602294573603241	846
tower_0/v/cg/affine1/xw_plus_b/MatMul	1602294573583885	1117
tower_0/v/gradients/tower_0/v/cg/affine2/xw_plus_b/MatMul_grad/MatMul	1602294573585786	366
v/cg/conv9/biases	-1	-1
tower_0/v/l2_loss/L2Loss_29	1602294573046439	10
tower_0/v/l2_loss/L2Loss_17	1602294573045431	4
tower_0/v/gradients/AddN_17	1602294574029450	35
v/cg/conv4/conv2d/kernel	-1	-1
v/cg/conv12/biases/read	-1	-1
tower_0/v/vgg16_synthetic_labels/max	-1	-1
tower_0/v/cg/affine2/xw_plus_b/MatMul	1602294573585074	429
tower_0/v/gradients/tower_0/v/cg/conv3/conv2d/Conv2D_grad/Conv2DBackpropFilter	1602294574486930	106796
tower_0/v/cg/Reshape/shape	-1	-1
tower_0/v/cg/conv4/conv2d/Conv2D	1602294573298491	19565
tower_0/v/cg/conv8/Relu	1602294573485625	1403
v/cg/conv10/biases/read	-1	-1
tower_0/v/cg/conv11/BiasAdd	1602294573567145	462
tower_0/v/gradients/tower_0/v/cg/conv10/BiasAdd_grad/BiasAddGrad	1602294573643936	336
ConstantFolding/tower_0/v/gradients/tower_0/v/cg/conv12/conv2d/Conv2D_grad/ShapeN-matshapes-0	-1	-1
append_apply_gradient_ops/GradientDescent/update_v/cg/affine2/weights/ApplyGradientDescent	1602294573586615	109
tower_0/v/cg/dropout0/dropout/dropout/Cast	1602294573072751	20
tower_0/v/l2_loss/L2Loss_13	1602294573045173	4
tower_0/v/cg/conv5/Relu	1602294573361419	2821
tower_0/v/l2_loss/L2Loss_7	1602294573045387	4
tower_0/v/gpu_cached_inputs	-1	-1
tower_0/v/gradients/tower_0/v/l2_loss/L2Loss_30_grad/mul	1602294573043656	64
v/cg/conv0/biases/read	-1	-1
tower_0/v/gradients/AddN_26	1602294574693837	4
tower_0/v/gradients/AddN_14	1602294573986831	7
tower_0/v/xentropy/sparse_softmax_cross_entropy_loss/Sum	1602294573585745	6
v/cg/conv5/conv2d/kernel/read	-1	-1
tower_0/v/l2_loss/L2Loss_30	1602294573043603	52
tower_0/v/gradients/tower_0/v/cg/conv5/conv2d/Conv2D_grad/Conv2DBackpropFilter	1602294574203271	104760
tower_0/v/l2_loss/L2Loss_11	1602294573045420	4
append_apply_gradient_ops/GradientDescent/update_v/cg/conv12/conv2d/kernel/ApplyGradientDescent	1602294573643279	58
ConstantFolding/tower_0/v/gradients/tower_0/v/cg/conv7/conv2d/Conv2D_grad/ShapeN-matshapes-0	-1	-1
v/cg/affine2/weights/read	-1	-1
v/cg/conv1/conv2d/kernel/read	-1	-1
main_fetch_group/_70	-1	-1
append_apply_gradient_ops/GradientDescent/update_v/cg/conv7/biases/ApplyGradientDescent	1602294574029488	7
append_apply_gradient_ops/GradientDescent/update_v/cg/affine1/biases/ApplyGradientDescent	1602294573589272	8
append_apply_gradient_ops/GradientDescent	-1	-1
tower_0/v/gradients/AddN_6	1602294573624799	6
ConstantFolding/tower_0/v/gradients/tower_0/v/cg/conv8/conv2d/Conv2D_grad/ShapeN-matshapes-0	-1	-1
tower_0/v/gradients/AddN_4	1602294573600917	7
tower_0/v/cg/conv0/conv2d/Conv2D	1602294573048902	8838
v/cg/conv2/biases	-1	-1
tower_0/v/gradients/tower_0/v/cg/conv9/conv2d/Conv2D_grad/Conv2DBackpropFilter	1602294573724884	100634
v/cg/conv4/conv2d/kernel/read	-1	-1
tower_0/v/l2_loss/L2Loss_31	1602294573045512	6
tower_0/v/cg/affine0/xw_plus_b/MatMul	1602294573577564	6243
v/cg/conv12/conv2d/kernel/read	-1	-1
tower_0/v/gradients/tower_0/v/l2_loss/L2Loss_27_grad/mul	1602294573043559	13
append_apply_gradient_ops/GradientDescent/update_v/cg/conv6/biases/ApplyGradientDescent	1602294574203257	7
tower_0/v/cg/conv3/BiasAdd	1602294573281286	7396
tower_0/v/xentropy/sparse_softmax_cross_entropy_loss/Mul	-1	-1
append_apply_gradient_ops/GradientDescent/update_v/cg/conv3/biases/ApplyGradientDescent	1602294574602671	7
v/cg/conv3/conv2d/kernel/read	-1	-1
tower_0/v/cg/conv9/BiasAdd	1602294573545019	1818
tower_0/v/gradients/tower_0/v/cg/conv2/Relu_grad/ReluGrad	1602294574593740	8913
tower_0/v/gradients/tower_0/v/l2_loss/L2Loss_12_grad/mul	1602294573045094	8
tower_0/v/gradients/tower_0/v/l2_loss/L2Loss_11_grad/mul	1602294573045425	4
append_apply_gradient_ops/GradientDescent/update_v/cg/affine0/biases/ApplyGradientDescent	1602294573603231	7
v/cg/conv7/conv2d/kernel/read	-1	-1
tower_0/v/cg/mpool3/MaxPool	1602294573548249	1097
tower_0/v/gradients/AddN_2	1602294573588858	7
tower_0/v/l2_loss/L2Loss_23	1602294573045409	4
tower_0/v/cg/dropout0_1/dropout/dropout/mul	1602294573084256	20
tower_0/v/cg/conv1/BiasAdd	1602294573153017	14944
v/cg/conv10/conv2d/kernel	-1	-1
tower_0/v/gradients/tower_0/v/cg/affine1/xw_plus_b_grad/BiasAddGrad	1602294573586763	21
v/cg/affine2/biases	-1	-1
tower_0/v/gradients/tower_0/v/cg/conv8/BiasAdd_grad/BiasAddGrad	1602294573827716	691
tower_0/v/l2_loss/L2Loss_20	1602294573043302	100
average_loss/Mean	-1	-1
tower_0/v/gradients/tower_0/v/l2_loss/L2Loss_16_grad/mul	1602294573045137	35
tower_0/v/l2_loss/L2Loss_1	1602294573045225	4
tower_0/v/l2_loss/AddN	1602294573057787	35
append_apply_gradient_ops/GradientDescent/update_v/cg/conv2/conv2d/kernel/ApplyGradientDescent	1602294574732282	7
tower_0/v/cg/affine1/affine1	1602294573585033	9
tower_0/v/cg/conv2/BiasAdd	1602294573220508	7398
ConstantFolding/tower_0/v/gradients/tower_0/v/cg/conv1/conv2d/Conv2D_grad/ShapeN-matshapes-0	-1	-1
ConstantFolding/tower_0/v/gradients/tower_0/v/cg/conv11/conv2d/Conv2D_grad/ShapeN-matshapes-1	-1	-1
tower_0/v/gradients/tower_0/v/cg/conv1/conv2d/Conv2D_grad/Conv2DBackpropInput	1602294574737065	68683
v/cg/conv6/conv2d/kernel	-1	-1
v/cg/conv3/biases/read	-1	-1
tower_0/v/vgg16_synthetic_labels	1602294573042870	60
tower_0/v/gradients/tower_0/v/cg/conv4/BiasAdd_grad/BiasAddGrad	1602294574372623	1248
tower_0/v/gradients/AddN_12	1602294573825521	7
tower_0/v/gradients/tower_0/v/cg/dropout0/dropout/dropout/mul_grad/Mul	1602294573589283	30
tower_0/v/vgg16_synthetic_labels/min	-1	-1
tower_0/v/xentropy/sparse_softmax_cross_entropy_loss/num_present	-1	-1
tower_0/v/cg/mpool2/MaxPool	1602294573404072	2049
ConstantFolding/tower_0/v/gradients/tower_0/v/cg/conv5/conv2d/Conv2D_grad/ShapeN-matshapes-1	-1	-1
append_apply_gradient_ops/GradientDescent/update_v/cg/conv10/conv2d/kernel/ApplyGradientDescent	1602294573666114	61
tower_0/v/cg/conv10/Relu	1602294573558319	351
ConstantFolding/tower_0/v/gradients/tower_0/v/cg/conv3/conv2d/Conv2D_grad/ShapeN-matshapes-0	-1	-1
v/cg/conv6/conv2d/kernel/read	-1	-1
tower_0/v/gradients/AddN	1602294573586429	7
tower_0/v/gradients/tower_0/v/cg/conv9/conv2d/Conv2D_grad/Conv2DBackpropInput	1602294573666892	57979
tower_0/v/gradients/tower_0/v/l2_loss/L2Loss_6_grad/mul	1602294573045255	5
average_loss/Mean/_74	1602294573589275	7
tower_0/v/gradients/tower_0/v/cg/conv12/conv2d/Conv2D_grad/Conv2DBackpropFilter	1602294573615333	9462
v/cg/conv11/biases/read	-1	-1
tower_0/v/l2_loss/L2Loss_21	1602294573046457	4
v/cg/conv3/conv2d/kernel	-1	-1
learning_rate_tensor/input	-1	-1
tower_0/v/gradients/tower_0/v/cg/conv5/conv2d/Conv2D_grad/Conv2DBackpropInput	1602294574309284	58928
tower_0/v/cg/dropout0/dropout/dropout/truediv	-1	-1
v/cg/conv8/conv2d/kernel/read	-1	-1
v/cg/affine2/biases/read	-1	-1
tower_0/v/cg/dropout0_1/dropout/dropout/GreaterEqual	1602294573057764	19
tower_0/v/gpu_cached_inputs/read	-1	-1
tower_0/v/gradients/tower_0/v/l2_loss/L2Loss_14_grad/mul	1602294573045285	18
v/cg/conv2/conv2d/kernel/read	-1	-1
tower_0/v/gradients/AddN_8	1602294573643340	7
tower_0/v/gradients/tower_0/v/l2_loss/L2Loss_21_grad/mul	1602294573046462	4
v/cg/conv0/conv2d/kernel	-1	-1
ConstantFolding/tower_0/v/gradients/tower_0/v/cg/conv1/conv2d/Conv2D_grad/ShapeN-matshapes-1	-1	-1
tower_0/v/l2_loss/L2Loss_19	1602294573046480	16
tower_0/v/gradients/tower_0/v/cg/conv10/conv2d/Conv2D_grad/Conv2DBackpropInput	1602294573644276	8083
tower_0/v/l2_loss/L2Loss_10	1602294573045198	16
tower_0/v/cg/conv12/conv2d/Conv2D	1602294573567970	8474
tower_0/v/gradients/tower_0/v/cg/conv12/BiasAdd_grad/BiasAddGrad	1602294573606911	340
tower_0/v/l2_loss/L2Loss_9	1602294573046428	4
tower_0/v/gradients/tower_0/v/cg/conv4/conv2d/Conv2D_grad/Conv2DBackpropFilter	1602294574392620	24995
tower_0/v/gradients/tower_0/v/l2_loss/L2Loss_15_grad/mul	1602294573045404	4
v/cg/affine1/biases/read	-1	-1
v/cg/conv5/biases/read	-1	-1
ConstantFolding/tower_0/v/gradients/tower_0/v/cg/conv2/conv2d/Conv2D_grad/ShapeN-matshapes-1	-1	-1
append_apply_gradient_ops/GradientDescent/update_v/cg/conv9/conv2d/kernel/ApplyGradientDescent	1602294573986773	57
tower_0/v/gradients/AddN_22	1602294574417618	7
tower_0/v/cg/conv6/Relu	1602294573401244	2824
tower_0/v/gradients/AddN_29	1602294574969195	5
tower_0/v/gradients/tower_0/v/cg/conv0/Relu_grad/ReluGrad	1602294574951013	18169
tower_0/v/gradients/tower_0/v/l2_loss/L2Loss_19_grad/mul	1602294573046516	16
tower_0/v/cg/conv7/BiasAdd	1602294573422563	1820
tower_0/v/gradients/tower_0/v/l2_loss/L2Loss_23_grad/mul	1602294573045415	4
append_apply_gradient_ops/GradientDescent/update_v/cg/conv7/conv2d/kernel/ApplyGradientDescent	1602294574033852	35
v/cg/conv11/biases	-1	-1
tower_0/v/gradients/tower_0/v/cg/Reshape_grad/Reshape	-1	-1
tower_0/v/gradients/tower_0/v/cg/affine1/xw_plus_b/MatMul_grad/MatMul_1	1602294573587943	913
v/cg/affine1/weights/read	-1	-1
tower_0/v/gradients/AddN_18	1602294574198913	8
tower_0/v/cg/conv10/BiasAdd	1602294573557857	459
tower_0/v/cg/conv4/BiasAdd	1602294573318064	3669
v/cg/affine2/weights	-1	-1
gpu_compute_stage_ops_group	-1	-1
tower_0/v/cg/conv5/conv2d/Conv2D	1602294573324558	33191
tower_0/v/l2_loss/L2Loss_24	1602294573045442	31
tower_0/v/l2_loss/L2Loss_16	1602294573045103	32
tower_0/v/cg/conv0/Relu	1602294573072804	11419
tower_0/v/l2_loss/L2Loss_25	1602294573045914	17
v/cg/conv12/biases	-1	-1
tower_0/v/l2_loss/L2Loss_22	1602294573045305	32
tower_0/v/cg/dropout0/dropout/dropout/random_uniform/mul	-1	-1
tower_0/v/gradients/tower_0/v/cg/conv11/conv2d/Conv2D_grad/Conv2DBackpropInput	1602294573625742	8090
tower_0/v/gradients/tower_0/v/l2_loss/L2Loss_20_grad/mul	1602294573043440	75
tower_0/v/l2_loss/L2Loss_6	1602294573045236	18
tower_0/v/gradients/AddN_24	1602294574593729	7
tower_0/v/xentropy/sparse_softmax_cross_entropy_loss/value	1602294573586419	7
v/cg/affine0/weights/read	-1	-1
tower_0/v/gradients/tower_0/v/cg/mpool2/MaxPool_grad/MaxPoolGrad	1602294574022797	6651
append_apply_gradient_ops/GradientDescent/update_v/cg/conv11/conv2d/kernel/ApplyGradientDescent	1602294573661820	57
append_apply_gradient_ops/GradientDescent/update_v/cg/conv1/conv2d/kernel/ApplyGradientDescent	1602294574996732	6
tower_0/v/cg/conv12/BiasAdd	1602294573576448	458
tower_0/v/gradients/tower_0/v/l2_loss/L2Loss_13_grad/mul	1602294573045179	4
tower_0/v/gradients/tower_0/v/l2_loss/L2Loss_29_grad/mul	1602294573046451	4
tower_0/v/gradients/tower_0/v/cg/affine0/xw_plus_b/MatMul_grad/MatMul	1602294573589756	5849
tower_0/v/gradients/tower_0/v/l2_loss/L2Loss_3_grad/mul	1602294573045382	4
ConstantFolding/tower_0/v/gradients/tower_0/v/cg/conv2/conv2d/Conv2D_grad/ShapeN-matshapes-0	-1	-1
tower_0/v/gradients/AddN_7	1602294573625316	60
tower_0/v/cg/mpool1/MaxPool	1602294573294370	4120
tower_0/v/cg/conv8/conv2d/Conv2D	1602294573425795	58000
tower_0/v/gradients/tower_0/v/cg/conv6/BiasAdd_grad/BiasAddGrad	1602294574033893	1241
tower_0/v/gradients/tower_0/v/cg/conv7/conv2d/Conv2D_grad/Conv2DBackpropInput	1602294573989713	16010
append_apply_gradient_ops/GradientDescent/update_v/cg/conv0/biases/ApplyGradientDescent	1602294574996751	4
v/cg/conv1/biases	-1	-1
tower_0/v/cg/conv1/conv2d/Conv2D	1602294573084277	68737
tower_0/v/cg/dropout0/dropout/dropout/random_uniform/RandomUniform	1602294573043011	34
tower_0/v/cg/dropout0/dropout/dropout/Shape	-1	-1
tower_0/v/cg/affine1/xw_plus_b	1602294573585006	23
append_apply_gradient_ops/GradientDescent/update_v/cg/affine2/biases/ApplyGradientDescent	1602294573586573	8
ConstantFolding/tower_0/v/gradients/tower_0/v/cg/conv3/conv2d/Conv2D_grad/ShapeN-matshapes-1	-1	-1
v/cg/conv12/conv2d/kernel	-1	-1
tower_0/v/gradients/AddN_9	1602294573643860	60
tower_0/v/gradients/AddN_28	1602294574951007	4
tower_0/v/l2_loss/L2Loss_27	1602294573043521	23
tower_0/v/gradients/tower_0/v/cg/conv3/Relu_grad/ReluGrad	1602294574428009	8884
tower_0/v/gradients/tower_0/v/l2_loss/L2Loss_22_grad/mul	1602294573045339	35
tower_0/v/gradients/tower_0/v/cg/affine1/xw_plus_b/MatMul_grad/MatMul	1602294573586795	1145
tower_0/v/cg/conv2/Relu	1602294573227909	5678
tower_0/v/cg/conv0/BiasAdd	1602294573057825	14924
tower_0/v/gradients/AddN_11	1602294573663936	59
tower_0/v/gradients/AddN_15	1602294573988940	62
tower_0/v/cg/affine0/affine0	1602294573583830	13
_SOURCE	-1	-1
tower_0/v/gradients/tower_0/v/l2_loss/L2Loss_25_grad/mul	1602294573045954	16
tower_0/v/gradients/tower_0/v/cg/conv6/conv2d/Conv2D_grad/Conv2DBackpropInput	1602294574035137	58943
tower_0/v/vgg16_synthetic_labels/shape	-1	-1
tower_0/v/cg/dropout0_1/dropout/dropout/mul_1	1602294573585046	27
append_apply_gradient_ops/GradientDescent/update_v/cg/affine1/weights/ApplyGradientDescent	1602294573589314	379
tower_0/v/gradients/tower_0/v/cg/mpool3/MaxPool_grad/MaxPoolGrad	1602294573661890	2044
tower_0/v/cg/conv12/Relu	1602294573576910	350
tower_0/v/cg/dropout0_1/dropout/dropout/random_uniform/mul	-1	-1
tower_0/v/cg/affine2/xw_plus_b	1602294573585507	11
tower_0/v/gradients/tower_0/v/l2_loss/L2Loss_2_grad/mul	1602294573045587	21
tower_0/v/cg/conv7/Relu	1602294573424387	1405
v/cg/conv8/conv2d/kernel	-1	-1
tower_0/v/l2_loss/L2Loss_5	1602294573045065	4
tower_0/v/gradients/AddN_16	1602294574022786	7
tower_0/v/cg/conv3/conv2d/Conv2D	1602294573233590	47693
tower_0/v/gradients/tower_0/v/cg/affine2/xw_plus_b_grad/BiasAddGrad	1602294573585762	17
tower_0/v/gradients/tower_0/v/cg/conv4/conv2d/Conv2D_grad/Conv2DBackpropInput	1602294574373874	18742
ConstantFolding/tower_0/v/gradients/tower_0/v/cg/conv8/conv2d/Conv2D_grad/ShapeN-matshapes-1	-1	-1
v/cg/conv2/conv2d/kernel	-1	-1
tower_0/v/cg/conv9/conv2d/Conv2D	1602294573487032	57977
v/cg/conv8/biases/read	-1	-1
tower_0/v/gradients/AddN_10	1602294573661878	8
tower_0/v/gradients/AddN_13	1602294573827635	58
tower_0/v/cg/conv2/conv2d/Conv2D	1602294573187286	33221
v/cg/conv8/biases	-1	-1
tower_0/v/gradients/tower_0/v/xentropy/sparse_softmax_cross_entropy_loss/xentropy/xentropy_grad/ExpandDims	-1	-1
tower_0/v/gradients/tower_0/v/cg/conv3/conv2d/Conv2D_grad/Conv2DBackpropInput	1602294574439362	47560
v/cg/conv5/biases	-1	-1
tower_0/v/gradients/tower_0/v/cg/mpool1/MaxPool_grad/MaxPoolGrad	1602294574417627	10351
tower_0/v/gradients/tower_0/v/cg/conv2/BiasAdd_grad/BiasAddGrad	1602294574602687	2434
v/cg/conv9/conv2d/kernel/read	-1	-1
tower_0/v/cg/dropout0/dropout/dropout/mul	1602294573084226	26
tower_0/v/l2_loss/L2Loss_4	1602294573046407	14
tower_0/v/gradients/tower_0/v/l2_loss/L2Loss_17_grad/mul	1602294573045436	4
tower_0/v/gradients/tower_0/v/cg/conv1/conv2d/Conv2D_grad/Conv2DBackpropFilter	1602294574805749	145257
tower_0/v/cg/conv8/BiasAdd	1602294573483797	1825
tower_0/v/gradients/tower_0/v/cg/conv10/conv2d/Conv2D_grad/Conv2DBackpropFilter	1602294573652364	9452
tower_0/v/gradients/tower_0/v/cg/conv7/Relu_grad/ReluGrad	1602294573986841	2095
tower_0/v/cg/dropout0_1/dropout/dropout/random_uniform/RandomUniform	1602294573043061	29
tower_0/v/cg/dropout0/dropout/dropout/mul_1	1602294573583846	27
append_apply_gradient_ops/GradientDescent/update_v/cg/conv6/conv2d/kernel/ApplyGradientDescent	1602294574368215	22
tower_0/v/cg/conv11/conv2d/Conv2D	1602294573558673	8469
v/cg/conv4/biases	-1	-1
tower_0/v/l2_loss/L2Loss_28	1602294573046010	138
tower_0/v/gradients/tower_0/v/cg/affine0/xw_plus_b_grad/BiasAddGrad	1602294573589733	21
ConstantFolding/tower_0/v/gradients/tower_0/v/cg/conv11/conv2d/Conv2D_grad/ShapeN-matshapes-0	-1	-1
tower_0/v/gradients/AddN_1	1602294573586465	97
tower_0/v/gradients/AddN_21	1602294574368241	21
tower_0/v/gradients/tower_0/v/cg/conv3/BiasAdd_grad/BiasAddGrad	1602294574436920	2439
tower_0/v/gradients/tower_0/v/l2_loss/L2Loss_7_grad/mul	1602294573045393	4
tower_0/v/cg/dropout0/dropout/dropout/GreaterEqual	1602294573057741	19
tower_0/v/gradients/tower_0/v/cg/conv0/conv2d/Conv2D_grad/Conv2DBackpropFilter	1602294574973997	22733
ConstantFolding/tower_0/v/gradients/tower_0/v/cg/conv6/conv2d/Conv2D_grad/ShapeN-matshapes-0	-1	-1
tower_0/v/mul/x	-1	-1
v/cg/conv9/biases/read	-1	-1
append_apply_gradient_ops/GradientDescent/update_v/cg/conv8/biases/ApplyGradientDescent	1602294573989005	7
tower_0/v/gradients/tower_0/v/cg/conv9/Relu_grad/ReluGrad	1602294573664007	2097
tower_0/v/gradients/AddN_3	1602294573588893	376
tower_0/v/l2_loss/L2Loss_8	1602294573045661	40
average_loss/Mean/input	-1	-1
tower_0/v/gradients/AddN_19	1602294574203234	22
v/cg/conv11/conv2d/kernel/read	-1	-1
tower_0/v/gradients/tower_0/v/l2_loss/L2Loss_1_grad/mul	1602294573045231	4
tower_0/v/transpose/perm	-1	-1
tower_0/v/gradients/tower_0/v/l2_loss/L2Loss_5_grad/mul	1602294573045071	4
tower_0/v/gradients/tower_0/v/l2_loss/L2Loss_26_grad/mul	1602294573047303	1597
tower_0/v/gradients/tower_0/v/cg/conv6/conv2d/Conv2D_grad/Conv2DBackpropFilter	1602294574094088	104822
append_apply_gradient_ops/GradientDescent/update_v/cg/conv11/biases/ApplyGradientDescent	1602294573643924	8
v/cg/conv0/biases	-1	-1
tower_0/v/cg/conv5/BiasAdd	1602294573357754	3661
tower_0/v/gradients/tower_0/v/cg/conv1/BiasAdd_grad/BiasAddGrad	1602294574732297	4767
tower_0/v/gradients/tower_0/v/cg/dropout0_1/dropout/dropout/mul_grad/Mul	1602294573586584	30
tower_0/v/gradients/tower_0/v/l2_loss/L2Loss_31_grad/mul	1602294573045519	4
tower_0/v/gradients/AddN_25	1602294574602656	11
tower_0/v/cg/mpool0/MaxPool	1602294573179388	7896
average_loss/range	-1	-1
tower_0/v/gradients/tower_0/v/cg/mpool0/MaxPool_grad/MaxPoolGrad	1602294574693843	20269
tower_0/v/gradients/AddN_31	1602294574996746	4
tower_0/v/gradients/tower_0/v/cg/conv8/conv2d/Conv2D_grad/Conv2DBackpropFilter	1602294573886355	100417
v/cg/conv9/conv2d/kernel	-1	-1
tower_0/v/mul	1602294573072795	7
tower_0/v/gradients/tower_0/v/cg/conv7/BiasAdd_grad/BiasAddGrad	1602294573989020	690
v/cg/conv1/biases/read	-1	-1
tower_0/v/l2_loss/L2Loss_12	1602294573045076	16
tower_0/v/gradients/tower_0/v/cg/conv0/BiasAdd_grad/BiasAddGrad	1602294574969211	4776
ConstantFolding/tower_0/v/gradients/tower_0/v/cg/conv6/conv2d/Conv2D_grad/ShapeN-matshapes-1	-1	-1
tower_0/v/gradients/tower_0/v/cg/conv4/Relu_grad/ReluGrad	1602294574368275	4298
tower_0/v/gradients/tower_0/v/cg/conv11/conv2d/Conv2D_grad/Conv2DBackpropFilter	1602294573633835	9441
tower_0/v/gradients/AddN_27	1602294574714114	6
tower_0/v/gradients/tower_0/v/cg/affine2/xw_plus_b/MatMul_grad/MatMul_1	1602294573586155	261
tower_0/v/cg/conv6/BiasAdd	1602294573397574	3667
ConstantFolding/tower_0/v/gradients/tower_0/v/cg/conv5/conv2d/Conv2D_grad/ShapeN-matshapes-0	-1	-1
append_apply_gradient_ops/GradientDescent/update_v/cg/conv9/biases/ApplyGradientDescent	1602294573827696	7
v/cg/conv6/biases	-1	-1
tower_0/v/gradients/tower_0/v/cg/conv8/Relu_grad/ReluGrad	1602294573825531	2102
v/cg/conv11/conv2d/kernel	-1	-1
v/cg/affine0/biases/read	-1	-1
v/cg/conv10/conv2d/kernel/read	-1	-1
v/cg/conv5/conv2d/kernel	-1	-1
v/cg/conv0/conv2d/kernel/read	-1	-1
tower_0/v/l2_loss/L2Loss	1602294573045184	7
train_ops_group	-1	-1
tower_0/v/gradients/tower_0/v/l2_loss/L2Loss_4_grad/mul	1602294573046422	4
tower_0/v/cg/conv10/conv2d/Conv2D	1602294573549347	8508
tower_0/v/cg/conv7/conv2d/Conv2D	1602294573406123	16436
append_apply_gradient_ops/GradientDescent/update_v/cg/conv4/conv2d/kernel/ApplyGradientDescent	1602294574436897	16
v/cg/affine1/biases	-1	-1
tower_0/v/gradients/tower_0/v/cg/conv8/conv2d/Conv2D_grad/Conv2DBackpropInput	1602294573828408	57943
tower_0/v/cg/affine0/xw_plus_b	1602294573583811	16
