1608950444746681 tower_0/v/cg/dropout0/dropout/dropout/random_uniform/RandomUniform:0 1048576
1608950444747021 tower_0/v/cg/dropout0_1/dropout/dropout/random_uniform/RandomUniform:0 1048576
1608950444747593 tower_0/v/vgg16_synthetic_labels:0 256
1608950444747884 tower_0/v/l2_loss/L2Loss_19:0 256
1608950444747960 tower_0/v/gradients/tower_0/v/l2_loss/L2Loss_19_grad/mul:0 2048
1608950444748044 tower_0/v/l2_loss/L2Loss:0 256
1608950444748116 tower_0/v/gradients/tower_0/v/l2_loss/L2Loss_grad/mul:0 6912
1608950444748185 tower_0/v/l2_loss/L2Loss_8:0 256
1608950444748185 tower_0/v/l2_loss/L2Loss_8:t0 9216
1608950444748338 tower_0/v/l2_loss/L2Loss_8:t0 -9216
1608950444748347 tower_0/v/gradients/tower_0/v/l2_loss/L2Loss_8_grad/mul:0 1179648
1608950444748468 tower_0/v/l2_loss/L2Loss_16:0 256
1608950444748468 tower_0/v/l2_loss/L2Loss_16:t0 9216
1608950444748588 tower_0/v/l2_loss/L2Loss_16:t0 -9216
1608950444748592 tower_0/v/gradients/tower_0/v/l2_loss/L2Loss_16_grad/mul:0 9437184
1608950444748674 tower_0/v/l2_loss/L2Loss_20:0 256
1608950444748674 tower_0/v/l2_loss/L2Loss_20:t0 9216
1608950444748795 tower_0/v/l2_loss/L2Loss_20:t0 -9216
1608950444748799 tower_0/v/gradients/tower_0/v/l2_loss/L2Loss_20_grad/mul:0 9437184
1608950444748867 tower_0/v/l2_loss/L2Loss_26:0 256
1608950444748867 tower_0/v/l2_loss/L2Loss_26:t0 9216
1608950444748984 tower_0/v/l2_loss/L2Loss_26:t0 -9216
1608950444748994 tower_0/v/gradients/tower_0/v/l2_loss/L2Loss_26_grad/mul:0 411041792
1608950444749067 tower_0/v/l2_loss/L2Loss_13:0 256
1608950444749130 tower_0/v/gradients/tower_0/v/l2_loss/L2Loss_13_grad/mul:0 1024
1608950444749194 tower_0/v/l2_loss/L2Loss_21:0 256
1608950444749248 tower_0/v/gradients/tower_0/v/l2_loss/L2Loss_21_grad/mul:0 2048
1608950444749311 tower_0/v/l2_loss/L2Loss_27:0 256
1608950444749365 tower_0/v/gradients/tower_0/v/l2_loss/L2Loss_27_grad/mul:0 16384
1608950444749427 tower_0/v/l2_loss/L2Loss_30:0 256
1608950444749427 tower_0/v/l2_loss/L2Loss_30:t0 9216
1608950444749546 tower_0/v/l2_loss/L2Loss_30:t0 -9216
1608950444749551 tower_0/v/gradients/tower_0/v/l2_loss/L2Loss_30_grad/mul:0 16400384
1608950444749629 tower_0/v/transpose:0 38535168
1608950444749742 tower_0/v/l2_loss/L2Loss_4:0 256
1608950444749742 tower_0/v/l2_loss/L2Loss_4:t0 256
1608950444749864 tower_0/v/l2_loss/L2Loss_4:t0 -256
1608950444749869 tower_0/v/gradients/tower_0/v/l2_loss/L2Loss_4_grad/mul:0 294912
1608950444749951 tower_0/v/l2_loss/L2Loss_10:0 256
1608950444749951 tower_0/v/l2_loss/L2Loss_10:t0 9216
1608950444750098 tower_0/v/l2_loss/L2Loss_10:t0 -9216
1608950444750102 tower_0/v/gradients/tower_0/v/l2_loss/L2Loss_10_grad/mul:0 2359296
1608950444750207 tower_0/v/l2_loss/L2Loss_22:0 256
1608950444750207 tower_0/v/l2_loss/L2Loss_22:t0 9216
1608950444750322 tower_0/v/l2_loss/L2Loss_22:t0 -9216
1608950444750327 tower_0/v/gradients/tower_0/v/l2_loss/L2Loss_22_grad/mul:0 9437184
1608950444750393 tower_0/v/l2_loss/L2Loss_17:0 256
1608950444750452 tower_0/v/gradients/tower_0/v/l2_loss/L2Loss_17_grad/mul:0 2048
1608950444750517 tower_0/v/l2_loss/L2Loss_23:0 256
1608950444750570 tower_0/v/gradients/tower_0/v/l2_loss/L2Loss_23_grad/mul:0 2048
1608950444750632 tower_0/v/l2_loss/L2Loss_31:0 256
1608950444750688 tower_0/v/gradients/tower_0/v/l2_loss/L2Loss_31_grad/mul:0 4096
1608950444750751 tower_0/v/l2_loss/L2Loss_29:0 256
1608950444750807 tower_0/v/gradients/tower_0/v/l2_loss/L2Loss_29_grad/mul:0 16384
1608950444750866 tower_0/v/l2_loss/L2Loss_24:0 256
1608950444750866 tower_0/v/l2_loss/L2Loss_24:t0 9216
1608950444750970 tower_0/v/l2_loss/L2Loss_24:t0 -9216
1608950444750975 tower_0/v/gradients/tower_0/v/l2_loss/L2Loss_24_grad/mul:0 9437184
1608950444751086 tower_0/v/l2_loss/L2Loss_1:0 256
1608950444751144 tower_0/v/gradients/tower_0/v/l2_loss/L2Loss_1_grad/mul:0 256
1608950444751218 tower_0/v/l2_loss/L2Loss_25:0 256
1608950444751281 tower_0/v/gradients/tower_0/v/l2_loss/L2Loss_25_grad/mul:0 2048
1608950444751335 tower_0/v/l2_loss/L2Loss_28:0 256
1608950444751335 tower_0/v/l2_loss/L2Loss_28:t0 9216
1608950444751453 tower_0/v/l2_loss/L2Loss_28:t0 -9216
1608950444751465 tower_0/v/gradients/tower_0/v/l2_loss/L2Loss_28_grad/mul:0 67108864
1608950444751534 tower_0/v/l2_loss/L2Loss_9:0 256
1608950444751599 tower_0/v/gradients/tower_0/v/l2_loss/L2Loss_9_grad/mul:0 1024
1608950444751685 tower_0/v/l2_loss/L2Loss_5:0 256
1608950444751741 tower_0/v/gradients/tower_0/v/l2_loss/L2Loss_5_grad/mul:0 512
1608950444751802 tower_0/v/l2_loss/L2Loss_11:0 256
1608950444751854 tower_0/v/gradients/tower_0/v/l2_loss/L2Loss_11_grad/mul:0 1024
1608950444751922 tower_0/v/l2_loss/L2Loss_6:0 256
1608950444751922 tower_0/v/l2_loss/L2Loss_6:t0 256
1608950444752037 tower_0/v/l2_loss/L2Loss_6:t0 -256
1608950444752042 tower_0/v/gradients/tower_0/v/l2_loss/L2Loss_6_grad/mul:0 589824
1608950444752127 tower_0/v/l2_loss/L2Loss_12:0 256
1608950444752127 tower_0/v/l2_loss/L2Loss_12:t0 9216
1608950444752239 tower_0/v/l2_loss/L2Loss_12:t0 -9216
1608950444752244 tower_0/v/gradients/tower_0/v/l2_loss/L2Loss_12_grad/mul:0 2359296
1608950444752322 tower_0/v/l2_loss/L2Loss_7:0 256
1608950444752414 tower_0/v/gradients/tower_0/v/l2_loss/L2Loss_7_grad/mul:0 512
1608950444752478 tower_0/v/l2_loss/L2Loss_14:0 256
1608950444752478 tower_0/v/l2_loss/L2Loss_14:t0 9216
1608950444752594 tower_0/v/l2_loss/L2Loss_14:t0 -9216
1608950444752598 tower_0/v/gradients/tower_0/v/l2_loss/L2Loss_14_grad/mul:0 4718592
1608950444752677 tower_0/v/l2_loss/L2Loss_18:0 256
1608950444752677 tower_0/v/l2_loss/L2Loss_18:t0 9216
1608950444752797 tower_0/v/l2_loss/L2Loss_18:t0 -9216
1608950444752802 tower_0/v/gradients/tower_0/v/l2_loss/L2Loss_18_grad/mul:0 9437184
1608950444752879 tower_0/v/l2_loss/L2Loss_2:0 256
1608950444752879 tower_0/v/l2_loss/L2Loss_2:t0 256
1608950444752974 tower_0/v/l2_loss/L2Loss_2:t0 -256
1608950444752979 tower_0/v/gradients/tower_0/v/l2_loss/L2Loss_2_grad/mul:0 147456
1608950444753071 tower_0/v/l2_loss/L2Loss_3:0 256
1608950444753141 tower_0/v/gradients/tower_0/v/l2_loss/L2Loss_3_grad/mul:0 256
1608950444753216 tower_0/v/l2_loss/L2Loss_15:0 256
1608950444753277 tower_0/v/gradients/tower_0/v/l2_loss/L2Loss_15_grad/mul:0 2048
1608950444753351 tower_0/v/cg/conv0/conv2d/Conv2D:0 822083584
1608950444753351 tower_0/v/cg/conv0/conv2d/Conv2D:t0 6912
1608950444753351 tower_0/v/cg/conv0/conv2d/Conv2D:t1 301312
1608950444753761 tower_0/v/cg/conv0/conv2d/Conv2D:t0 -6912
1608950444753761 tower_0/v/cg/conv0/conv2d/Conv2D:t1 -301312
1608950444753794 tower_0/v/cg/dropout0/dropout/dropout/GreaterEqual:0 262144
1608950444753880 tower_0/v/cg/dropout0/dropout/dropout/random_uniform/RandomUniform:0 -1048576
1608950444753891 tower_0/v/cg/dropout0_1/dropout/dropout/GreaterEqual:0 262144
1608950444753956 tower_0/v/cg/dropout0_1/dropout/dropout/random_uniform/RandomUniform:0 -1048576
1608950444754152 tower_0/v/l2_loss/L2Loss_19:0 -256
1608950444754152 tower_0/v/l2_loss/L2Loss_8:0 -256
1608950444754152 tower_0/v/l2_loss/L2Loss_16:0 -256
1608950444754152 tower_0/v/l2_loss/L2Loss_20:0 -256
1608950444754152 tower_0/v/l2_loss/L2Loss_26:0 -256
1608950444754152 tower_0/v/l2_loss/L2Loss_13:0 -256
1608950444754152 tower_0/v/l2_loss/L2Loss_21:0 -256
1608950444754152 tower_0/v/l2_loss/L2Loss_27:0 -256
1608950444754152 tower_0/v/l2_loss/L2Loss_30:0 -256
1608950444754152 tower_0/v/l2_loss/L2Loss_4:0 -256
1608950444754152 tower_0/v/l2_loss/L2Loss_10:0 -256
1608950444754152 tower_0/v/l2_loss/L2Loss_22:0 -256
1608950444754152 tower_0/v/l2_loss/L2Loss_17:0 -256
1608950444754152 tower_0/v/l2_loss/L2Loss_23:0 -256
1608950444754152 tower_0/v/l2_loss/L2Loss_31:0 -256
1608950444754152 tower_0/v/l2_loss/L2Loss_29:0 -256
1608950444754152 tower_0/v/l2_loss/L2Loss_24:0 -256
1608950444754152 tower_0/v/l2_loss/L2Loss_1:0 -256
1608950444754152 tower_0/v/l2_loss/L2Loss_25:0 -256
1608950444754152 tower_0/v/l2_loss/L2Loss_28:0 -256
1608950444754152 tower_0/v/l2_loss/L2Loss_9:0 -256
1608950444754152 tower_0/v/l2_loss/L2Loss_5:0 -256
1608950444754152 tower_0/v/l2_loss/L2Loss_11:0 -256
1608950444754152 tower_0/v/l2_loss/L2Loss_6:0 -256
1608950444754152 tower_0/v/l2_loss/L2Loss_12:0 -256
1608950444754152 tower_0/v/l2_loss/L2Loss_7:0 -256
1608950444754152 tower_0/v/l2_loss/L2Loss_14:0 -256
1608950444754152 tower_0/v/l2_loss/L2Loss_18:0 -256
1608950444754152 tower_0/v/l2_loss/L2Loss_2:0 -256
1608950444754152 tower_0/v/l2_loss/L2Loss_3:0 -256
1608950444754152 tower_0/v/l2_loss/L2Loss_15:0 -256
1608950444754238 tower_0/v/cg/dropout0/dropout/dropout/Cast:0 1835008
1608950444754300 tower_0/v/cg/dropout0/dropout/dropout/GreaterEqual:0 -262144
1608950444754310 tower_0/v/cg/dropout0_1/dropout/dropout/Cast:0 1048576
1608950444754374 tower_0/v/cg/dropout0_1/dropout/dropout/GreaterEqual:0 -262144
1608950444754524 tower_0/v/cg/dropout0/dropout/dropout/mul:0 1048576
1608950444754594 tower_0/v/cg/dropout0_1/dropout/dropout/mul:0 1048576
1608950444754658 tower_0/v/cg/conv1/conv2d/Conv2D:0 822083584
1608950444754658 tower_0/v/cg/conv1/conv2d/Conv2D:t0 262144
1608950444754658 tower_0/v/cg/conv1/conv2d/Conv2D:t1 409856
1608950444754988 tower_0/v/cg/conv1/conv2d/Conv2D:t0 -262144
1608950444754988 tower_0/v/cg/conv1/conv2d/Conv2D:t1 -409856
1608950444755155 tower_0/v/cg/mpool0/MaxPool:0 205520896
1608950444755291 tower_0/v/cg/conv2/conv2d/Conv2D:0 411041792
1608950444755291 tower_0/v/cg/conv2/conv2d/Conv2D:t0 294912
1608950444755291 tower_0/v/cg/conv2/conv2d/Conv2D:t1 1388445696
1608950444755634 tower_0/v/cg/conv2/conv2d/Conv2D:t0 -294912
1608950444755634 tower_0/v/cg/conv2/conv2d/Conv2D:t1 -1388445696
1608950444755812 tower_0/v/cg/conv3/conv2d/Conv2D:0 411041792
1608950444755812 tower_0/v/cg/conv3/conv2d/Conv2D:t0 589824
1608950444755812 tower_0/v/cg/conv3/conv2d/Conv2D:t1 1852047360
1608950444756081 tower_0/v/cg/conv3/conv2d/Conv2D:t0 -589824
1608950444756081 tower_0/v/cg/conv3/conv2d/Conv2D:t1 -1852047360
1608950444756250 tower_0/v/cg/mpool1/MaxPool:0 102760448
1608950444756353 tower_0/v/cg/conv4/conv2d/Conv2D:0 205520896
1608950444756353 tower_0/v/cg/conv4/conv2d/Conv2D:t0 1179648
1608950444756353 tower_0/v/cg/conv4/conv2d/Conv2D:t1 356564992
1608950444757226 tower_0/v/cg/conv4/conv2d/Conv2D:t0 -1179648
1608950444757226 tower_0/v/cg/conv4/conv2d/Conv2D:t1 -356564992
1608950444757415 tower_0/v/cg/conv5/conv2d/Conv2D:0 205520896
1608950444757415 tower_0/v/cg/conv5/conv2d/Conv2D:t0 2359296
1608950444757415 tower_0/v/cg/conv5/conv2d/Conv2D:t1 570474496
1608950444758150 tower_0/v/cg/conv5/conv2d/Conv2D:t0 -2359296
1608950444758150 tower_0/v/cg/conv5/conv2d/Conv2D:t1 -570474496
1608950444758381 tower_0/v/cg/conv6/conv2d/Conv2D:0 205520896
1608950444758381 tower_0/v/cg/conv6/conv2d/Conv2D:t0 2359296
1608950444758381 tower_0/v/cg/conv6/conv2d/Conv2D:t1 570474496
1608950444759215 tower_0/v/cg/conv6/conv2d/Conv2D:t0 -2359296
1608950444759215 tower_0/v/cg/conv6/conv2d/Conv2D:t1 -570474496
1608950444759421 tower_0/v/cg/mpool2/MaxPool:0 51380224
1608950444759531 tower_0/v/cg/conv7/conv2d/Conv2D:0 102760448
1608950444759531 tower_0/v/cg/conv7/conv2d/Conv2D:t0 4718592
1608950444759531 tower_0/v/cg/conv7/conv2d/Conv2D:t1 365690880
1608950444759972 tower_0/v/cg/conv7/conv2d/Conv2D:t0 -4718592
1608950444759972 tower_0/v/cg/conv7/conv2d/Conv2D:t1 -365690880
1608950444760204 tower_0/v/cg/conv8/conv2d/Conv2D:0 102760448
1608950444760204 tower_0/v/cg/conv8/conv2d/Conv2D:t0 9437184
1608950444760204 tower_0/v/cg/conv8/conv2d/Conv2D:t1 500170752
1608950444760583 tower_0/v/cg/conv8/conv2d/Conv2D:t0 -9437184
1608950444760583 tower_0/v/cg/conv8/conv2d/Conv2D:t1 -500170752
1608950444760831 tower_0/v/cg/conv9/conv2d/Conv2D:0 102760448
1608950444760831 tower_0/v/cg/conv9/conv2d/Conv2D:t0 9437184
1608950444760831 tower_0/v/cg/conv9/conv2d/Conv2D:t1 500170752
1608950444761257 tower_0/v/cg/conv9/conv2d/Conv2D:t0 -9437184
1608950444761257 tower_0/v/cg/conv9/conv2d/Conv2D:t1 -500170752
1608950444761436 tower_0/v/cg/mpool3/MaxPool:0 25690112
1608950444761557 tower_0/v/cg/conv10/conv2d/Conv2D:0 25690112
1608950444761557 tower_0/v/cg/conv10/conv2d/Conv2D:t0 9437184
1608950444761557 tower_0/v/cg/conv10/conv2d/Conv2D:t1 188743680
1608950444761959 tower_0/v/cg/conv10/conv2d/Conv2D:t0 -9437184
1608950444761959 tower_0/v/cg/conv10/conv2d/Conv2D:t1 -188743680
1608950444762151 tower_0/v/cg/conv11/conv2d/Conv2D:0 25690112
1608950444762151 tower_0/v/cg/conv11/conv2d/Conv2D:t0 9437184
1608950444762151 tower_0/v/cg/conv11/conv2d/Conv2D:t1 188743680
1608950444762509 tower_0/v/cg/conv11/conv2d/Conv2D:t0 -9437184
1608950444762509 tower_0/v/cg/conv11/conv2d/Conv2D:t1 -188743680
1608950444762738 tower_0/v/cg/conv12/conv2d/Conv2D:0 25690112
1608950444762738 tower_0/v/cg/conv12/conv2d/Conv2D:t0 9437184
1608950444762738 tower_0/v/cg/conv12/conv2d/Conv2D:t1 188743680
1608950444763135 tower_0/v/cg/conv12/conv2d/Conv2D:t0 -9437184
1608950444763135 tower_0/v/cg/conv12/conv2d/Conv2D:t1 -188743680
1608950444763324 tower_0/v/cg/mpool4/MaxPool:0 6422528
1608950444763484 tower_0/v/cg/affine0/xw_plus_b/MatMul:0 1048576
1608950444764185 tower_0/v/cg/affine1/xw_plus_b/MatMul:0 1048576
1608950444764561 tower_0/v/cg/affine2/xw_plus_b/MatMul:0 262144
1608950444764738 tower_0/v/xentropy/sparse_softmax_cross_entropy_loss/xentropy/xentropy:0 256
1608950444764738 tower_0/v/xentropy/sparse_softmax_cross_entropy_loss/xentropy/xentropy:t0 256
1608950444765307 tower_0/v/vgg16_synthetic_labels:0 -256
1608950444765307 tower_0/v/xentropy/sparse_softmax_cross_entropy_loss/xentropy/xentropy:t0 -256
1608950444765417 tower_0/v/xentropy/sparse_softmax_cross_entropy_loss/Sum:0 256
1608950444765561 tower_0/v/xentropy/sparse_softmax_cross_entropy_loss/xentropy/xentropy:0 -256
1608950444765570 tower_0/v/gradients/tower_0/v/cg/affine2/xw_plus_b_grad/BiasAddGrad:0 4096
1608950444765725 tower_0/v/gradients/tower_0/v/cg/affine2/xw_plus_b/MatMul_grad/MatMul:0 1048576
1608950444765860 tower_0/v/gradients/tower_0/v/cg/affine2/xw_plus_b/MatMul_grad/MatMul_1:0 16400384
1608950444765955 tower_0/v/cg/dropout0_1/dropout/dropout/mul:0 -1048576
1608950444765955 tower_0/v/cg/affine2/xw_plus_b/MatMul:0 -262144
1608950444766170 tower_0/v/gradients/tower_0/v/l2_loss/L2Loss_31_grad/mul:0 -4096
1608950444766362 tower_0/v/gradients/tower_0/v/l2_loss/L2Loss_30_grad/mul:0 -16400384
1608950444766454 tower_0/v/xentropy/sparse_softmax_cross_entropy_loss/Sum:0 -256
1608950444766569 tower_0/v/gradients/tower_0/v/cg/affine2/xw_plus_b_grad/BiasAddGrad:0 -4096
1608950444766642 tower_0/v/gradients/tower_0/v/cg/affine2/xw_plus_b/MatMul_grad/MatMul:0 -1048576
1608950444766704 tower_0/v/gradients/tower_0/v/cg/affine2/xw_plus_b/MatMul_grad/MatMul_1:0 -16400384
1608950444766818 tower_0/v/cg/affine1/xw_plus_b/MatMul:0 -1048576
1608950444766865 tower_0/v/gradients/tower_0/v/cg/affine1/xw_plus_b_grad/BiasAddGrad:0 16384
1608950444766983 tower_0/v/gradients/tower_0/v/cg/affine1/xw_plus_b/MatMul_grad/MatMul:0 1048576
1608950444767099 tower_0/v/gradients/tower_0/v/cg/affine1/xw_plus_b/MatMul_grad/MatMul_1:0 67108864
1608950444767207 tower_0/v/cg/dropout0_1/dropout/dropout/Cast:0 -1048576
1608950444767207 tower_0/v/cg/dropout0/dropout/dropout/mul:0 -1048576
1608950444767323 tower_0/v/gradients/tower_0/v/l2_loss/L2Loss_29_grad/mul:0 -16384
1608950444767512 tower_0/v/gradients/tower_0/v/l2_loss/L2Loss_28_grad/mul:0 -67108864
1608950444768052 tower_0/v/gradients/tower_0/v/cg/affine1/xw_plus_b_grad/BiasAddGrad:0 -16384
1608950444768137 tower_0/v/gradients/tower_0/v/cg/affine1/xw_plus_b/MatMul_grad/MatMul:0 -1048576
1608950444768224 tower_0/v/gradients/tower_0/v/cg/affine1/xw_plus_b/MatMul_grad/MatMul_1:0 -67108864
1608950444768312 tower_0/v/cg/affine0/xw_plus_b/MatMul:0 -1048576
1608950444768318 tower_0/v/gradients/tower_0/v/cg/affine0/xw_plus_b_grad/BiasAddGrad:0 21248
1608950444768459 tower_0/v/gradients/tower_0/v/cg/affine0/xw_plus_b/MatMul_grad/MatMul:0 6422528
1608950444768589 tower_0/v/gradients/tower_0/v/cg/affine0/xw_plus_b/MatMul_grad/MatMul_1:0 411041792
1608950444768687 tower_0/v/cg/dropout0/dropout/dropout/Cast:0 -1835008
1608950444768780 tower_0/v/gradients/tower_0/v/l2_loss/L2Loss_27_grad/mul:0 -16384
1608950444768882 tower_0/v/gradients/tower_0/v/l2_loss/L2Loss_26_grad/mul:0 -411041792
1608950444768986 tower_0/v/gradients/tower_0/v/cg/affine0/xw_plus_b_grad/BiasAddGrad:0 -21248
1608950444768991 tower_0/v/gradients/tower_0/v/cg/mpool4/MaxPool_grad/MaxPoolGrad:0 25690112
1608950444769180 tower_0/v/cg/mpool4/MaxPool:0 -6422528
1608950444769180 tower_0/v/gradients/tower_0/v/cg/affine0/xw_plus_b/MatMul_grad/MatMul:0 -6422528
1608950444769294 tower_0/v/gradients/tower_0/v/cg/affine0/xw_plus_b/MatMul_grad/MatMul_1:0 -411041792
1608950444769398 tower_0/v/cg/conv12/conv2d/Conv2D:0 -25690112
1608950444769405 tower_0/v/gradients/tower_0/v/cg/conv12/BiasAdd_grad/BiasAddGrad:0 2048
1608950444769405 tower_0/v/gradients/tower_0/v/cg/conv12/BiasAdd_grad/BiasAddGrad:t0 41419264
1608950444769577 tower_0/v/gradients/tower_0/v/cg/conv12/BiasAdd_grad/BiasAddGrad:t0 -41419264
1608950444769588 tower_0/v/gradients/tower_0/v/cg/conv12/conv2d/Conv2D_grad/Conv2DBackpropInput:0 25690112
1608950444769588 tower_0/v/gradients/tower_0/v/cg/conv12/conv2d/Conv2D_grad/Conv2DBackpropInput:t0 41419264
1608950444769588 tower_0/v/gradients/tower_0/v/cg/conv12/conv2d/Conv2D_grad/Conv2DBackpropInput:t1 16417280
1608950444769588 tower_0/v/gradients/tower_0/v/cg/conv12/conv2d/Conv2D_grad/Conv2DBackpropInput:t2 688914432
1608950444770150 tower_0/v/gradients/tower_0/v/cg/conv12/conv2d/Conv2D_grad/Conv2DBackpropInput:t0 -41419264
1608950444770150 tower_0/v/gradients/tower_0/v/cg/conv12/conv2d/Conv2D_grad/Conv2DBackpropInput:t1 -16417280
1608950444770150 tower_0/v/gradients/tower_0/v/cg/conv12/conv2d/Conv2D_grad/Conv2DBackpropInput:t2 -688914432
1608950444770164 tower_0/v/gradients/tower_0/v/cg/conv12/conv2d/Conv2D_grad/Conv2DBackpropFilter:0 16417280
1608950444770164 tower_0/v/gradients/tower_0/v/cg/conv12/conv2d/Conv2D_grad/Conv2DBackpropFilter:t0 9437184
1608950444770164 tower_0/v/gradients/tower_0/v/cg/conv12/conv2d/Conv2D_grad/Conv2DBackpropFilter:t1 188743680
1608950444770659 tower_0/v/gradients/tower_0/v/cg/mpool4/MaxPool_grad/MaxPoolGrad:0 -25690112
1608950444770659 tower_0/v/gradients/tower_0/v/cg/conv12/conv2d/Conv2D_grad/Conv2DBackpropFilter:t0 -9437184
1608950444770659 tower_0/v/gradients/tower_0/v/cg/conv12/conv2d/Conv2D_grad/Conv2DBackpropFilter:t1 -188743680
1608950444770771 tower_0/v/gradients/tower_0/v/l2_loss/L2Loss_25_grad/mul:0 -2048
1608950444770850 tower_0/v/cg/conv11/conv2d/Conv2D:0 -25690112
1608950444770932 tower_0/v/gradients/tower_0/v/l2_loss/L2Loss_24_grad/mul:0 -9437184
1608950444771004 tower_0/v/gradients/tower_0/v/cg/conv12/BiasAdd_grad/BiasAddGrad:0 -2048
1608950444771009 tower_0/v/gradients/tower_0/v/cg/conv11/BiasAdd_grad/BiasAddGrad:0 2048
1608950444771009 tower_0/v/gradients/tower_0/v/cg/conv11/BiasAdd_grad/BiasAddGrad:t0 25690112
1608950444771177 tower_0/v/gradients/tower_0/v/cg/conv11/BiasAdd_grad/BiasAddGrad:t0 -25690112
1608950444771190 tower_0/v/gradients/tower_0/v/cg/conv11/conv2d/Conv2D_grad/Conv2DBackpropInput:0 41421568
1608950444771190 tower_0/v/gradients/tower_0/v/cg/conv11/conv2d/Conv2D_grad/Conv2DBackpropInput:t0 25690112
1608950444771190 tower_0/v/gradients/tower_0/v/cg/conv11/conv2d/Conv2D_grad/Conv2DBackpropInput:t1 9458688
1608950444771190 tower_0/v/gradients/tower_0/v/cg/conv11/conv2d/Conv2D_grad/Conv2DBackpropInput:t2 688914432
1608950444771575 tower_0/v/gradients/tower_0/v/cg/conv11/conv2d/Conv2D_grad/Conv2DBackpropInput:t0 -25690112
1608950444771575 tower_0/v/gradients/tower_0/v/cg/conv11/conv2d/Conv2D_grad/Conv2DBackpropInput:t1 -9458688
1608950444771575 tower_0/v/gradients/tower_0/v/cg/conv11/conv2d/Conv2D_grad/Conv2DBackpropInput:t2 -688914432
1608950444771588 tower_0/v/gradients/tower_0/v/cg/conv11/conv2d/Conv2D_grad/Conv2DBackpropFilter:0 9458688
1608950444771588 tower_0/v/gradients/tower_0/v/cg/conv11/conv2d/Conv2D_grad/Conv2DBackpropFilter:t0 9437184
1608950444771588 tower_0/v/gradients/tower_0/v/cg/conv11/conv2d/Conv2D_grad/Conv2DBackpropFilter:t1 188743680
1608950444771906 tower_0/v/gradients/tower_0/v/cg/conv12/conv2d/Conv2D_grad/Conv2DBackpropInput:0 -25690112
1608950444771906 tower_0/v/gradients/tower_0/v/cg/conv11/conv2d/Conv2D_grad/Conv2DBackpropFilter:t0 -9437184
1608950444771906 tower_0/v/gradients/tower_0/v/cg/conv11/conv2d/Conv2D_grad/Conv2DBackpropFilter:t1 -188743680
1608950444771993 tower_0/v/gradients/tower_0/v/cg/conv12/conv2d/Conv2D_grad/Conv2DBackpropFilter:0 -16417280
1608950444772085 tower_0/v/gradients/tower_0/v/l2_loss/L2Loss_23_grad/mul:0 -2048
1608950444772169 tower_0/v/cg/conv10/conv2d/Conv2D:0 -25690112
1608950444772254 tower_0/v/gradients/tower_0/v/l2_loss/L2Loss_22_grad/mul:0 -9437184
1608950444772340 tower_0/v/gradients/tower_0/v/cg/conv11/BiasAdd_grad/BiasAddGrad:0 -2048
1608950444772344 tower_0/v/gradients/tower_0/v/cg/conv10/BiasAdd_grad/BiasAddGrad:0 2304
1608950444772344 tower_0/v/gradients/tower_0/v/cg/conv10/BiasAdd_grad/BiasAddGrad:t0 25690112
1608950444772546 tower_0/v/gradients/tower_0/v/cg/conv10/BiasAdd_grad/BiasAddGrad:t0 -25690112
1608950444772557 tower_0/v/gradients/tower_0/v/cg/conv10/conv2d/Conv2D_grad/Conv2DBackpropInput:0 25690112
1608950444772557 tower_0/v/gradients/tower_0/v/cg/conv10/conv2d/Conv2D_grad/Conv2DBackpropInput:t0 9437696
1608950444772557 tower_0/v/gradients/tower_0/v/cg/conv10/conv2d/Conv2D_grad/Conv2DBackpropInput:t1 25690112
1608950444772557 tower_0/v/gradients/tower_0/v/cg/conv10/conv2d/Conv2D_grad/Conv2DBackpropInput:t2 688914432
1608950444772963 tower_0/v/gradients/tower_0/v/cg/conv10/conv2d/Conv2D_grad/Conv2DBackpropInput:t0 -9437696
1608950444772963 tower_0/v/gradients/tower_0/v/cg/conv10/conv2d/Conv2D_grad/Conv2DBackpropInput:t1 -25690112
1608950444772963 tower_0/v/gradients/tower_0/v/cg/conv10/conv2d/Conv2D_grad/Conv2DBackpropInput:t2 -688914432
1608950444772978 tower_0/v/gradients/tower_0/v/cg/conv10/conv2d/Conv2D_grad/Conv2DBackpropFilter:0 9437696
1608950444772978 tower_0/v/gradients/tower_0/v/cg/conv10/conv2d/Conv2D_grad/Conv2DBackpropFilter:t0 16417280
1608950444772978 tower_0/v/gradients/tower_0/v/cg/conv10/conv2d/Conv2D_grad/Conv2DBackpropFilter:t1 188743680
1608950444773325 tower_0/v/gradients/tower_0/v/cg/conv11/conv2d/Conv2D_grad/Conv2DBackpropInput:0 -41421568
1608950444773325 tower_0/v/gradients/tower_0/v/cg/conv10/conv2d/Conv2D_grad/Conv2DBackpropFilter:t0 -16417280
1608950444773325 tower_0/v/gradients/tower_0/v/cg/conv10/conv2d/Conv2D_grad/Conv2DBackpropFilter:t1 -188743680
1608950444773431 tower_0/v/gradients/tower_0/v/cg/conv11/conv2d/Conv2D_grad/Conv2DBackpropFilter:0 -9458688
1608950444773502 tower_0/v/gradients/tower_0/v/l2_loss/L2Loss_21_grad/mul:0 -2048
1608950444773507 tower_0/v/gradients/tower_0/v/cg/mpool3/MaxPool_grad/MaxPoolGrad:0 102760448
1608950444773608 tower_0/v/cg/mpool3/MaxPool:0 -25690112
1608950444773608 tower_0/v/gradients/tower_0/v/cg/conv10/conv2d/Conv2D_grad/Conv2DBackpropInput:0 -25690112
1608950444773698 tower_0/v/gradients/tower_0/v/l2_loss/L2Loss_20_grad/mul:0 -9437184
1608950444773786 tower_0/v/gradients/tower_0/v/cg/conv10/BiasAdd_grad/BiasAddGrad:0 -2304
1608950444773844 tower_0/v/cg/conv9/conv2d/Conv2D:0 -102760448
1608950444773926 tower_0/v/gradients/tower_0/v/cg/conv10/conv2d/Conv2D_grad/Conv2DBackpropFilter:0 -9437696
1608950444773930 tower_0/v/gradients/tower_0/v/cg/conv9/BiasAdd_grad/BiasAddGrad:0 2048
1608950444773930 tower_0/v/gradients/tower_0/v/cg/conv9/BiasAdd_grad/BiasAddGrad:t0 102760448
1608950444774072 tower_0/v/gradients/tower_0/v/cg/conv9/BiasAdd_grad/BiasAddGrad:t0 -102760448
1608950444774083 tower_0/v/gradients/tower_0/v/cg/conv9/conv2d/Conv2D_grad/Conv2DBackpropInput:0 179831296
1608950444774083 tower_0/v/gradients/tower_0/v/cg/conv9/conv2d/Conv2D_grad/Conv2DBackpropInput:t0 102760448
1608950444774083 tower_0/v/gradients/tower_0/v/cg/conv9/conv2d/Conv2D_grad/Conv2DBackpropInput:t1 9437696
1608950444774083 tower_0/v/gradients/tower_0/v/cg/conv9/conv2d/Conv2D_grad/Conv2DBackpropInput:t2 500170752
1608950444774482 tower_0/v/gradients/tower_0/v/cg/conv9/conv2d/Conv2D_grad/Conv2DBackpropInput:t0 -102760448
1608950444774482 tower_0/v/gradients/tower_0/v/cg/conv9/conv2d/Conv2D_grad/Conv2DBackpropInput:t1 -9437696
1608950444774482 tower_0/v/gradients/tower_0/v/cg/conv9/conv2d/Conv2D_grad/Conv2DBackpropInput:t2 -500170752
1608950444774494 tower_0/v/gradients/tower_0/v/cg/conv9/conv2d/Conv2D_grad/Conv2DBackpropFilter:0 9437696
1608950444774494 tower_0/v/gradients/tower_0/v/cg/conv9/conv2d/Conv2D_grad/Conv2DBackpropFilter:t0 9460992
1608950444774494 tower_0/v/gradients/tower_0/v/cg/conv9/conv2d/Conv2D_grad/Conv2DBackpropFilter:t1 500170752
1608950444774826 tower_0/v/gradients/tower_0/v/cg/mpool3/MaxPool_grad/MaxPoolGrad:0 -102760448
1608950444774826 tower_0/v/gradients/tower_0/v/cg/conv9/conv2d/Conv2D_grad/Conv2DBackpropFilter:t0 -9460992
1608950444774826 tower_0/v/gradients/tower_0/v/cg/conv9/conv2d/Conv2D_grad/Conv2DBackpropFilter:t1 -500170752
1608950444774924 tower_0/v/gradients/tower_0/v/l2_loss/L2Loss_19_grad/mul:0 -2048
1608950444775021 tower_0/v/cg/conv8/conv2d/Conv2D:0 -102760448
1608950444775139 tower_0/v/gradients/tower_0/v/l2_loss/L2Loss_18_grad/mul:0 -9437184
1608950444775232 tower_0/v/gradients/tower_0/v/cg/conv9/BiasAdd_grad/BiasAddGrad:0 -2048
1608950444775241 tower_0/v/gradients/tower_0/v/cg/conv8/BiasAdd_grad/BiasAddGrad:0 2048
1608950444775241 tower_0/v/gradients/tower_0/v/cg/conv8/BiasAdd_grad/BiasAddGrad:t0 102760448
1608950444775358 tower_0/v/gradients/tower_0/v/cg/conv8/BiasAdd_grad/BiasAddGrad:t0 -102760448
1608950444775368 tower_0/v/gradients/tower_0/v/cg/conv8/conv2d/Conv2D_grad/Conv2DBackpropInput:0 137888000
1608950444775368 tower_0/v/gradients/tower_0/v/cg/conv8/conv2d/Conv2D_grad/Conv2DBackpropInput:t0 102760448
1608950444775368 tower_0/v/gradients/tower_0/v/cg/conv8/conv2d/Conv2D_grad/Conv2DBackpropInput:t1 9437696
1608950444775368 tower_0/v/gradients/tower_0/v/cg/conv8/conv2d/Conv2D_grad/Conv2DBackpropInput:t2 500170752
1608950444775773 tower_0/v/gradients/tower_0/v/cg/conv8/conv2d/Conv2D_grad/Conv2DBackpropInput:t0 -102760448
1608950444775773 tower_0/v/gradients/tower_0/v/cg/conv8/conv2d/Conv2D_grad/Conv2DBackpropInput:t1 -9437696
1608950444775773 tower_0/v/gradients/tower_0/v/cg/conv8/conv2d/Conv2D_grad/Conv2DBackpropInput:t2 -500170752
1608950444775785 tower_0/v/gradients/tower_0/v/cg/conv8/conv2d/Conv2D_grad/Conv2DBackpropFilter:0 9437696
1608950444775785 tower_0/v/gradients/tower_0/v/cg/conv8/conv2d/Conv2D_grad/Conv2DBackpropFilter:t0 9460992
1608950444775785 tower_0/v/gradients/tower_0/v/cg/conv8/conv2d/Conv2D_grad/Conv2DBackpropFilter:t1 500170752
1608950444776233 tower_0/v/gradients/tower_0/v/cg/conv9/conv2d/Conv2D_grad/Conv2DBackpropInput:0 -179831296
1608950444776233 tower_0/v/gradients/tower_0/v/cg/conv8/conv2d/Conv2D_grad/Conv2DBackpropFilter:t0 -9460992
1608950444776233 tower_0/v/gradients/tower_0/v/cg/conv8/conv2d/Conv2D_grad/Conv2DBackpropFilter:t1 -500170752
1608950444776355 tower_0/v/gradients/tower_0/v/cg/conv9/conv2d/Conv2D_grad/Conv2DBackpropFilter:0 -9437696
1608950444776460 tower_0/v/gradients/tower_0/v/l2_loss/L2Loss_17_grad/mul:0 -2048
1608950444776548 tower_0/v/cg/conv7/conv2d/Conv2D:0 -102760448
1608950444776650 tower_0/v/gradients/tower_0/v/l2_loss/L2Loss_16_grad/mul:0 -9437184
1608950444776741 tower_0/v/gradients/tower_0/v/cg/conv8/BiasAdd_grad/BiasAddGrad:0 -2048
1608950444776751 tower_0/v/gradients/tower_0/v/cg/conv7/BiasAdd_grad/BiasAddGrad:0 2048
1608950444776751 tower_0/v/gradients/tower_0/v/cg/conv7/BiasAdd_grad/BiasAddGrad:t0 112197888
1608950444776910 tower_0/v/gradients/tower_0/v/cg/conv7/BiasAdd_grad/BiasAddGrad:t0 -112197888
1608950444776920 tower_0/v/gradients/tower_0/v/cg/conv7/conv2d/Conv2D_grad/Conv2DBackpropInput:0 51380224
1608950444776920 tower_0/v/gradients/tower_0/v/cg/conv7/conv2d/Conv2D_grad/Conv2DBackpropInput:t0 67111680
1608950444776920 tower_0/v/gradients/tower_0/v/cg/conv7/conv2d/Conv2D_grad/Conv2DBackpropInput:t1 4718592
1608950444776920 tower_0/v/gradients/tower_0/v/cg/conv7/conv2d/Conv2D_grad/Conv2DBackpropInput:t2 365690880
1608950444777283 tower_0/v/gradients/tower_0/v/cg/conv7/conv2d/Conv2D_grad/Conv2DBackpropInput:t0 -67111680
1608950444777283 tower_0/v/gradients/tower_0/v/cg/conv7/conv2d/Conv2D_grad/Conv2DBackpropInput:t1 -4718592
1608950444777283 tower_0/v/gradients/tower_0/v/cg/conv7/conv2d/Conv2D_grad/Conv2DBackpropInput:t2 -365690880
1608950444777296 tower_0/v/gradients/tower_0/v/cg/conv7/conv2d/Conv2D_grad/Conv2DBackpropFilter:0 4718592
1608950444777296 tower_0/v/gradients/tower_0/v/cg/conv7/conv2d/Conv2D_grad/Conv2DBackpropFilter:t0 4718592
1608950444777296 tower_0/v/gradients/tower_0/v/cg/conv7/conv2d/Conv2D_grad/Conv2DBackpropFilter:t1 365690880
1608950444777621 tower_0/v/gradients/tower_0/v/cg/conv8/conv2d/Conv2D_grad/Conv2DBackpropInput:0 -137888000
1608950444777621 tower_0/v/gradients/tower_0/v/cg/conv7/conv2d/Conv2D_grad/Conv2DBackpropFilter:t0 -4718592
1608950444777621 tower_0/v/gradients/tower_0/v/cg/conv7/conv2d/Conv2D_grad/Conv2DBackpropFilter:t1 -365690880
1608950444777709 tower_0/v/gradients/tower_0/v/cg/conv8/conv2d/Conv2D_grad/Conv2DBackpropFilter:0 -9437696
1608950444777802 tower_0/v/gradients/tower_0/v/l2_loss/L2Loss_15_grad/mul:0 -2048
1608950444777807 tower_0/v/gradients/tower_0/v/cg/mpool2/MaxPool_grad/MaxPoolGrad:0 205520896
1608950444777959 tower_0/v/cg/mpool2/MaxPool:0 -51380224
1608950444777959 tower_0/v/gradients/tower_0/v/cg/conv7/conv2d/Conv2D_grad/Conv2DBackpropInput:0 -51380224
1608950444778042 tower_0/v/gradients/tower_0/v/l2_loss/L2Loss_14_grad/mul:0 -4718592
1608950444778127 tower_0/v/gradients/tower_0/v/cg/conv7/BiasAdd_grad/BiasAddGrad:0 -2048
1608950444778207 tower_0/v/cg/conv6/conv2d/Conv2D:0 -205520896
1608950444778280 tower_0/v/gradients/tower_0/v/cg/conv7/conv2d/Conv2D_grad/Conv2DBackpropFilter:0 -4718592
1608950444778290 tower_0/v/gradients/tower_0/v/cg/conv6/BiasAdd_grad/BiasAddGrad:0 1024
1608950444778290 tower_0/v/gradients/tower_0/v/cg/conv6/BiasAdd_grad/BiasAddGrad:t0 205520896
1608950444778290 tower_0/v/gradients/tower_0/v/cg/conv6/BiasAdd_grad/BiasAddGrad:t1 256
1608950444778290 tower_0/v/gradients/tower_0/v/cg/conv6/BiasAdd_grad/BiasAddGrad:t2 2048
1608950444778520 tower_0/v/gradients/tower_0/v/cg/conv6/BiasAdd_grad/BiasAddGrad:t0 -205520896
1608950444778520 tower_0/v/gradients/tower_0/v/cg/conv6/BiasAdd_grad/BiasAddGrad:t1 -256
1608950444778520 tower_0/v/gradients/tower_0/v/cg/conv6/BiasAdd_grad/BiasAddGrad:t2 -2048
1608950444778531 tower_0/v/gradients/tower_0/v/cg/conv6/conv2d/Conv2D_grad/Conv2DBackpropInput:0 205520896
1608950444778531 tower_0/v/gradients/tower_0/v/cg/conv6/conv2d/Conv2D_grad/Conv2DBackpropInput:t0 3145728
1608950444778531 tower_0/v/gradients/tower_0/v/cg/conv6/conv2d/Conv2D_grad/Conv2DBackpropInput:t1 205520896
1608950444778531 tower_0/v/gradients/tower_0/v/cg/conv6/conv2d/Conv2D_grad/Conv2DBackpropInput:t2 570474496
1608950444779535 tower_0/v/gradients/tower_0/v/cg/conv6/conv2d/Conv2D_grad/Conv2DBackpropInput:t0 -3145728
1608950444779535 tower_0/v/gradients/tower_0/v/cg/conv6/conv2d/Conv2D_grad/Conv2DBackpropInput:t1 -205520896
1608950444779535 tower_0/v/gradients/tower_0/v/cg/conv6/conv2d/Conv2D_grad/Conv2DBackpropInput:t2 -570474496
1608950444779554 tower_0/v/gradients/tower_0/v/cg/conv6/conv2d/Conv2D_grad/Conv2DBackpropFilter:0 3145728
1608950444779554 tower_0/v/gradients/tower_0/v/cg/conv6/conv2d/Conv2D_grad/Conv2DBackpropFilter:t0 2359296
1608950444779554 tower_0/v/gradients/tower_0/v/cg/conv6/conv2d/Conv2D_grad/Conv2DBackpropFilter:t1 934281216
1608950444779912 tower_0/v/gradients/tower_0/v/cg/mpool2/MaxPool_grad/MaxPoolGrad:0 -205520896
1608950444779912 tower_0/v/gradients/tower_0/v/cg/conv6/conv2d/Conv2D_grad/Conv2DBackpropFilter:t0 -2359296
1608950444779912 tower_0/v/gradients/tower_0/v/cg/conv6/conv2d/Conv2D_grad/Conv2DBackpropFilter:t1 -934281216
1608950444780014 tower_0/v/gradients/tower_0/v/l2_loss/L2Loss_13_grad/mul:0 -1024
1608950444780085 tower_0/v/cg/conv5/conv2d/Conv2D:0 -205520896
1608950444780185 tower_0/v/gradients/tower_0/v/l2_loss/L2Loss_12_grad/mul:0 -2359296
1608950444780303 tower_0/v/gradients/tower_0/v/cg/conv6/BiasAdd_grad/BiasAddGrad:0 -1024
1608950444780307 tower_0/v/gradients/tower_0/v/cg/conv5/conv2d/Conv2D_grad/Conv2DBackpropFilter:0 2359808
1608950444780307 tower_0/v/gradients/tower_0/v/cg/conv5/conv2d/Conv2D_grad/Conv2DBackpropFilter:t0 2359296
1608950444780307 tower_0/v/gradients/tower_0/v/cg/conv5/conv2d/Conv2D_grad/Conv2DBackpropFilter:t1 934281216
1608950444780760 tower_0/v/gradients/tower_0/v/cg/conv5/conv2d/Conv2D_grad/Conv2DBackpropFilter:t0 -2359296
1608950444780760 tower_0/v/gradients/tower_0/v/cg/conv5/conv2d/Conv2D_grad/Conv2DBackpropFilter:t1 -934281216
1608950444780778 tower_0/v/gradients/tower_0/v/cg/conv5/BiasAdd_grad/BiasAddGrad:0 1024
1608950444780778 tower_0/v/gradients/tower_0/v/cg/conv5/BiasAdd_grad/BiasAddGrad:t0 205520896
1608950444780778 tower_0/v/gradients/tower_0/v/cg/conv5/BiasAdd_grad/BiasAddGrad:t1 256
1608950444780778 tower_0/v/gradients/tower_0/v/cg/conv5/BiasAdd_grad/BiasAddGrad:t2 2048
1608950444781014 tower_0/v/gradients/tower_0/v/cg/conv5/BiasAdd_grad/BiasAddGrad:t0 -205520896
1608950444781014 tower_0/v/gradients/tower_0/v/cg/conv5/BiasAdd_grad/BiasAddGrad:t1 -256
1608950444781014 tower_0/v/gradients/tower_0/v/cg/conv5/BiasAdd_grad/BiasAddGrad:t2 -2048
1608950444781028 tower_0/v/gradients/tower_0/v/cg/conv5/conv2d/Conv2D_grad/Conv2DBackpropInput:0 205520896
1608950444781028 tower_0/v/gradients/tower_0/v/cg/conv5/conv2d/Conv2D_grad/Conv2DBackpropInput:t0 2359296
1608950444781028 tower_0/v/gradients/tower_0/v/cg/conv5/conv2d/Conv2D_grad/Conv2DBackpropInput:t1 205520896
1608950444781028 tower_0/v/gradients/tower_0/v/cg/conv5/conv2d/Conv2D_grad/Conv2DBackpropInput:t2 570474496
1608950444781989 tower_0/v/gradients/tower_0/v/cg/conv6/conv2d/Conv2D_grad/Conv2DBackpropInput:0 -205520896
1608950444781989 tower_0/v/gradients/tower_0/v/cg/conv5/conv2d/Conv2D_grad/Conv2DBackpropInput:t0 -2359296
1608950444781989 tower_0/v/gradients/tower_0/v/cg/conv5/conv2d/Conv2D_grad/Conv2DBackpropInput:t1 -205520896
1608950444781989 tower_0/v/gradients/tower_0/v/cg/conv5/conv2d/Conv2D_grad/Conv2DBackpropInput:t2 -570474496
1608950444782106 tower_0/v/gradients/tower_0/v/cg/conv6/conv2d/Conv2D_grad/Conv2DBackpropFilter:0 -3145728
1608950444782201 tower_0/v/gradients/tower_0/v/l2_loss/L2Loss_10_grad/mul:0 -2359296
1608950444782303 tower_0/v/gradients/tower_0/v/l2_loss/L2Loss_11_grad/mul:0 -1024
1608950444782405 tower_0/v/cg/conv4/conv2d/Conv2D:0 -205520896
1608950444782505 tower_0/v/gradients/tower_0/v/cg/conv5/conv2d/Conv2D_grad/Conv2DBackpropFilter:0 -2359808
1608950444782597 tower_0/v/gradients/tower_0/v/cg/conv5/BiasAdd_grad/BiasAddGrad:0 -1024
1608950444782601 tower_0/v/gradients/tower_0/v/cg/conv4/BiasAdd_grad/BiasAddGrad:0 1536
1608950444782601 tower_0/v/gradients/tower_0/v/cg/conv4/BiasAdd_grad/BiasAddGrad:t0 205520896
1608950444782601 tower_0/v/gradients/tower_0/v/cg/conv4/BiasAdd_grad/BiasAddGrad:t1 256
1608950444782601 tower_0/v/gradients/tower_0/v/cg/conv4/BiasAdd_grad/BiasAddGrad:t2 2304
1608950444782815 tower_0/v/gradients/tower_0/v/cg/conv4/BiasAdd_grad/BiasAddGrad:t0 -205520896
1608950444782815 tower_0/v/gradients/tower_0/v/cg/conv4/BiasAdd_grad/BiasAddGrad:t1 -256
1608950444782815 tower_0/v/gradients/tower_0/v/cg/conv4/BiasAdd_grad/BiasAddGrad:t2 -2304
1608950444782826 tower_0/v/gradients/tower_0/v/cg/conv4/conv2d/Conv2D_grad/Conv2DBackpropInput:0 102760448
1608950444782826 tower_0/v/gradients/tower_0/v/cg/conv4/conv2d/Conv2D_grad/Conv2DBackpropInput:t0 2099712
1608950444782826 tower_0/v/gradients/tower_0/v/cg/conv4/conv2d/Conv2D_grad/Conv2DBackpropInput:t1 102760448
1608950444782826 tower_0/v/gradients/tower_0/v/cg/conv4/conv2d/Conv2D_grad/Conv2DBackpropInput:t2 446337792
1608950444783777 tower_0/v/gradients/tower_0/v/cg/conv4/conv2d/Conv2D_grad/Conv2DBackpropInput:t0 -2099712
1608950444783777 tower_0/v/gradients/tower_0/v/cg/conv4/conv2d/Conv2D_grad/Conv2DBackpropInput:t1 -102760448
1608950444783777 tower_0/v/gradients/tower_0/v/cg/conv4/conv2d/Conv2D_grad/Conv2DBackpropInput:t2 -446337792
1608950444783789 tower_0/v/gradients/tower_0/v/cg/conv4/conv2d/Conv2D_grad/Conv2DBackpropFilter:0 2099712
1608950444783789 tower_0/v/gradients/tower_0/v/cg/conv4/conv2d/Conv2D_grad/Conv2DBackpropFilter:t0 1179648
1608950444783789 tower_0/v/gradients/tower_0/v/cg/conv4/conv2d/Conv2D_grad/Conv2DBackpropFilter:t1 698351616
1608950444784167 tower_0/v/gradients/tower_0/v/cg/conv5/conv2d/Conv2D_grad/Conv2DBackpropInput:0 -205520896
1608950444784167 tower_0/v/gradients/tower_0/v/cg/conv4/conv2d/Conv2D_grad/Conv2DBackpropFilter:t0 -1179648
1608950444784167 tower_0/v/gradients/tower_0/v/cg/conv4/conv2d/Conv2D_grad/Conv2DBackpropFilter:t1 -698351616
1608950444784255 tower_0/v/gradients/tower_0/v/l2_loss/L2Loss_9_grad/mul:0 -1024
1608950444784261 tower_0/v/gradients/tower_0/v/cg/mpool1/MaxPool_grad/MaxPoolGrad:0 446337792
1608950444784476 tower_0/v/cg/mpool1/MaxPool:0 -102760448
1608950444784476 tower_0/v/gradients/tower_0/v/cg/conv4/conv2d/Conv2D_grad/Conv2DBackpropInput:0 -102760448
1608950444784548 tower_0/v/gradients/tower_0/v/l2_loss/L2Loss_8_grad/mul:0 -1179648
1608950444784657 tower_0/v/gradients/tower_0/v/cg/conv4/BiasAdd_grad/BiasAddGrad:0 -1536
1608950444784738 tower_0/v/cg/conv3/conv2d/Conv2D:0 -411041792
1608950444784837 tower_0/v/gradients/tower_0/v/cg/conv4/conv2d/Conv2D_grad/Conv2DBackpropFilter:0 -2099712
1608950444784845 tower_0/v/gradients/tower_0/v/cg/conv3/BiasAdd_grad/BiasAddGrad:0 512
1608950444784845 tower_0/v/gradients/tower_0/v/cg/conv3/BiasAdd_grad/BiasAddGrad:t0 411041792
1608950444784845 tower_0/v/gradients/tower_0/v/cg/conv3/BiasAdd_grad/BiasAddGrad:t1 256
1608950444784845 tower_0/v/gradients/tower_0/v/cg/conv3/BiasAdd_grad/BiasAddGrad:t2 1024
1608950444785118 tower_0/v/gradients/tower_0/v/cg/conv3/BiasAdd_grad/BiasAddGrad:t0 -411041792
1608950444785118 tower_0/v/gradients/tower_0/v/cg/conv3/BiasAdd_grad/BiasAddGrad:t1 -256
1608950444785118 tower_0/v/gradients/tower_0/v/cg/conv3/BiasAdd_grad/BiasAddGrad:t2 -1024
1608950444785129 tower_0/v/gradients/tower_0/v/cg/conv3/conv2d/Conv2D_grad/Conv2DBackpropInput:0 411041792
1608950444785129 tower_0/v/gradients/tower_0/v/cg/conv3/conv2d/Conv2D_grad/Conv2DBackpropInput:t0 589824
1608950444785129 tower_0/v/gradients/tower_0/v/cg/conv3/conv2d/Conv2D_grad/Conv2DBackpropInput:t1 411041792
1608950444785129 tower_0/v/gradients/tower_0/v/cg/conv3/conv2d/Conv2D_grad/Conv2DBackpropInput:t2 1852047360
1608950444785453 tower_0/v/gradients/tower_0/v/cg/conv3/conv2d/Conv2D_grad/Conv2DBackpropInput:t0 -589824
1608950444785453 tower_0/v/gradients/tower_0/v/cg/conv3/conv2d/Conv2D_grad/Conv2DBackpropInput:t1 -411041792
1608950444785453 tower_0/v/gradients/tower_0/v/cg/conv3/conv2d/Conv2D_grad/Conv2DBackpropInput:t2 -1852047360
1608950444785503 tower_0/v/gradients/tower_0/v/cg/conv3/conv2d/Conv2D_grad/Conv2DBackpropFilter:0 589824
1608950444785503 tower_0/v/gradients/tower_0/v/cg/conv3/conv2d/Conv2D_grad/Conv2DBackpropFilter:t0 590080
1608950444785503 tower_0/v/gradients/tower_0/v/cg/conv3/conv2d/Conv2D_grad/Conv2DBackpropFilter:t1 1852047360
1608950444785886 tower_0/v/gradients/tower_0/v/cg/mpool1/MaxPool_grad/MaxPoolGrad:0 -446337792
1608950444785886 tower_0/v/gradients/tower_0/v/cg/conv3/conv2d/Conv2D_grad/Conv2DBackpropFilter:t0 -590080
1608950444785886 tower_0/v/gradients/tower_0/v/cg/conv3/conv2d/Conv2D_grad/Conv2DBackpropFilter:t1 -1852047360
1608950444786005 tower_0/v/gradients/tower_0/v/l2_loss/L2Loss_7_grad/mul:0 -512
1608950444786095 tower_0/v/cg/conv2/conv2d/Conv2D:0 -411041792
1608950444786173 tower_0/v/gradients/tower_0/v/l2_loss/L2Loss_6_grad/mul:0 -589824
1608950444786242 tower_0/v/gradients/tower_0/v/cg/conv3/BiasAdd_grad/BiasAddGrad:0 -512
1608950444786246 tower_0/v/gradients/tower_0/v/cg/conv2/BiasAdd_grad/BiasAddGrad:0 512
1608950444786246 tower_0/v/gradients/tower_0/v/cg/conv2/BiasAdd_grad/BiasAddGrad:t0 446927872
1608950444786246 tower_0/v/gradients/tower_0/v/cg/conv2/BiasAdd_grad/BiasAddGrad:t1 256
1608950444786246 tower_0/v/gradients/tower_0/v/cg/conv2/BiasAdd_grad/BiasAddGrad:t2 1792
1608950444786441 tower_0/v/gradients/tower_0/v/cg/conv2/BiasAdd_grad/BiasAddGrad:t0 -446927872
1608950444786441 tower_0/v/gradients/tower_0/v/cg/conv2/BiasAdd_grad/BiasAddGrad:t1 -256
1608950444786441 tower_0/v/gradients/tower_0/v/cg/conv2/BiasAdd_grad/BiasAddGrad:t2 -1792
1608950444786451 tower_0/v/gradients/tower_0/v/cg/conv2/conv2d/Conv2D_grad/Conv2DBackpropInput:0 241406976
1608950444786451 tower_0/v/gradients/tower_0/v/cg/conv2/conv2d/Conv2D_grad/Conv2DBackpropInput:t0 205520896
1608950444786451 tower_0/v/gradients/tower_0/v/cg/conv2/conv2d/Conv2D_grad/Conv2DBackpropInput:t1 294912
1608950444786451 tower_0/v/gradients/tower_0/v/cg/conv2/conv2d/Conv2D_grad/Conv2DBackpropInput:t2 142655488
1608950444789265 tower_0/v/gradients/tower_0/v/cg/conv2/conv2d/Conv2D_grad/Conv2DBackpropInput:t0 -205520896
1608950444789265 tower_0/v/gradients/tower_0/v/cg/conv2/conv2d/Conv2D_grad/Conv2DBackpropInput:t1 -294912
1608950444789265 tower_0/v/gradients/tower_0/v/cg/conv2/conv2d/Conv2D_grad/Conv2DBackpropInput:t2 -142655488
1608950444789278 tower_0/v/gradients/tower_0/v/cg/conv2/conv2d/Conv2D_grad/Conv2DBackpropFilter:0 294912
1608950444789278 tower_0/v/gradients/tower_0/v/cg/conv2/conv2d/Conv2D_grad/Conv2DBackpropFilter:t0 294912
1608950444789278 tower_0/v/gradients/tower_0/v/cg/conv2/conv2d/Conv2D_grad/Conv2DBackpropFilter:t1 1388445696
1608950444789669 tower_0/v/gradients/tower_0/v/cg/conv3/conv2d/Conv2D_grad/Conv2DBackpropInput:0 -411041792
1608950444789669 tower_0/v/gradients/tower_0/v/cg/conv2/conv2d/Conv2D_grad/Conv2DBackpropFilter:t0 -294912
1608950444789669 tower_0/v/gradients/tower_0/v/cg/conv2/conv2d/Conv2D_grad/Conv2DBackpropFilter:t1 -1388445696
1608950444789762 tower_0/v/gradients/tower_0/v/cg/conv3/conv2d/Conv2D_grad/Conv2DBackpropFilter:0 -589824
1608950444789855 tower_0/v/gradients/tower_0/v/l2_loss/L2Loss_5_grad/mul:0 -512
1608950444789860 tower_0/v/gradients/tower_0/v/cg/mpool0/MaxPool_grad/MaxPoolGrad:0 822083584
1608950444790048 tower_0/v/cg/mpool0/MaxPool:0 -205520896
1608950444790048 tower_0/v/gradients/tower_0/v/cg/conv2/conv2d/Conv2D_grad/Conv2DBackpropInput:0 -241406976
1608950444790149 tower_0/v/gradients/tower_0/v/l2_loss/L2Loss_4_grad/mul:0 -294912
1608950444790287 tower_0/v/gradients/tower_0/v/cg/conv2/BiasAdd_grad/BiasAddGrad:0 -512
1608950444790388 tower_0/v/cg/conv1/conv2d/Conv2D:0 -822083584
1608950444790549 tower_0/v/gradients/tower_0/v/cg/conv2/conv2d/Conv2D_grad/Conv2DBackpropFilter:0 -294912
1608950444790553 tower_0/v/gradients/tower_0/v/cg/conv1/BiasAdd_grad/BiasAddGrad:0 256
1608950444790553 tower_0/v/gradients/tower_0/v/cg/conv1/BiasAdd_grad/BiasAddGrad:t0 822083584
1608950444790553 tower_0/v/gradients/tower_0/v/cg/conv1/BiasAdd_grad/BiasAddGrad:t1 256
1608950444790553 tower_0/v/gradients/tower_0/v/cg/conv1/BiasAdd_grad/BiasAddGrad:t2 512
1608950444790750 tower_0/v/gradients/tower_0/v/cg/conv1/BiasAdd_grad/BiasAddGrad:t0 -822083584
1608950444790750 tower_0/v/gradients/tower_0/v/cg/conv1/BiasAdd_grad/BiasAddGrad:t1 -256
1608950444790750 tower_0/v/gradients/tower_0/v/cg/conv1/BiasAdd_grad/BiasAddGrad:t2 -512
1608950444790761 tower_0/v/gradients/tower_0/v/cg/conv1/conv2d/Conv2D_grad/Conv2DBackpropInput:0 822083584
1608950444790761 tower_0/v/gradients/tower_0/v/cg/conv1/conv2d/Conv2D_grad/Conv2DBackpropInput:t0 147456
1608950444790761 tower_0/v/gradients/tower_0/v/cg/conv1/conv2d/Conv2D_grad/Conv2DBackpropInput:t1 822083584
1608950444790761 tower_0/v/gradients/tower_0/v/cg/conv1/conv2d/Conv2D_grad/Conv2DBackpropInput:t2 409856
1608950444791046 tower_0/v/gradients/tower_0/v/cg/conv1/conv2d/Conv2D_grad/Conv2DBackpropInput:t0 -147456
1608950444791046 tower_0/v/gradients/tower_0/v/cg/conv1/conv2d/Conv2D_grad/Conv2DBackpropInput:t1 -822083584
1608950444791046 tower_0/v/gradients/tower_0/v/cg/conv1/conv2d/Conv2D_grad/Conv2DBackpropInput:t2 -409856
1608950444791058 tower_0/v/gradients/tower_0/v/cg/conv1/conv2d/Conv2D_grad/Conv2DBackpropFilter:0 147456
1608950444791058 tower_0/v/gradients/tower_0/v/cg/conv1/conv2d/Conv2D_grad/Conv2DBackpropFilter:t0 147456
1608950444791058 tower_0/v/gradients/tower_0/v/cg/conv1/conv2d/Conv2D_grad/Conv2DBackpropFilter:t1 15616
1608950444791467 tower_0/v/gradients/tower_0/v/cg/mpool0/MaxPool_grad/MaxPoolGrad:0 -822083584
1608950444791467 tower_0/v/gradients/tower_0/v/cg/conv1/conv2d/Conv2D_grad/Conv2DBackpropFilter:t0 -147456
1608950444791467 tower_0/v/gradients/tower_0/v/cg/conv1/conv2d/Conv2D_grad/Conv2DBackpropFilter:t1 -15616
1608950444791545 tower_0/v/gradients/tower_0/v/l2_loss/L2Loss_3_grad/mul:0 -256
1608950444791620 tower_0/v/cg/conv0/conv2d/Conv2D:0 -822083584
1608950444791697 tower_0/v/gradients/tower_0/v/l2_loss/L2Loss_2_grad/mul:0 -147456
1608950444791765 tower_0/v/gradients/tower_0/v/cg/conv1/BiasAdd_grad/BiasAddGrad:0 -256
1608950444791777 tower_0/v/gradients/tower_0/v/cg/conv0/BiasAdd_grad/BiasAddGrad:0 256
1608950444791777 tower_0/v/gradients/tower_0/v/cg/conv0/BiasAdd_grad/BiasAddGrad:t0 822083584
1608950444791777 tower_0/v/gradients/tower_0/v/cg/conv0/BiasAdd_grad/BiasAddGrad:t1 256
1608950444791777 tower_0/v/gradients/tower_0/v/cg/conv0/BiasAdd_grad/BiasAddGrad:t2 512
1608950444792001 tower_0/v/gradients/tower_0/v/cg/conv0/BiasAdd_grad/BiasAddGrad:t0 -822083584
1608950444792001 tower_0/v/gradients/tower_0/v/cg/conv0/BiasAdd_grad/BiasAddGrad:t1 -256
1608950444792001 tower_0/v/gradients/tower_0/v/cg/conv0/BiasAdd_grad/BiasAddGrad:t2 -512
1608950444792043 tower_0/v/gradients/tower_0/v/cg/conv0/conv2d/Conv2D_grad/Conv2DBackpropFilter:0 6912
1608950444792043 tower_0/v/gradients/tower_0/v/cg/conv0/conv2d/Conv2D_grad/Conv2DBackpropFilter:t0 6912
1608950444792290 tower_0/v/transpose:0 -38535168
1608950444792290 tower_0/v/gradients/tower_0/v/cg/conv1/conv2d/Conv2D_grad/Conv2DBackpropInput:0 -822083584
1608950444792290 tower_0/v/gradients/tower_0/v/cg/conv0/conv2d/Conv2D_grad/Conv2DBackpropFilter:t0 -6912
1608950444792449 tower_0/v/gradients/tower_0/v/cg/conv1/conv2d/Conv2D_grad/Conv2DBackpropFilter:0 -147456
1608950444792552 tower_0/v/gradients/tower_0/v/l2_loss/L2Loss_1_grad/mul:0 -256
1608950444792648 tower_0/v/gradients/tower_0/v/l2_loss/L2Loss_grad/mul:0 -6912
1608950444792708 tower_0/v/gradients/tower_0/v/cg/conv0/BiasAdd_grad/BiasAddGrad:0 -256
1608950444792770 tower_0/v/gradients/tower_0/v/cg/conv0/conv2d/Conv2D_grad/Conv2DBackpropFilter:0 -6912
1608950444792819 tower_0/v/l2_loss/L2Loss:0 -256
