tower_0/v/cg/conv4/Relu	1602294587496884	2821
tower_0/v/gradients/tower_0/v/l2_loss/L2Loss_24_grad/mul	1602294587220342	57
ConstantFolding/tower_0/v/gradients/tower_0/v/cg/conv7/conv2d/Conv2D_grad/ShapeN-matshapes-1	-1	-1
tower_0/v/gradients/tower_0/v/l2_loss/L2Loss_18_grad/mul	1602294587220850	46
tower_0/v/gradients/tower_0/v/cg/conv12/conv2d/Conv2D_grad/Conv2DBackpropInput	1602294587782950	8132
tower_0/v/cg/dropout0_1/dropout/dropout/Cast	1602294587247806	18
tower_0/v/gradients/tower_0/v/cg/conv9/BiasAdd_grad/BiasAddGrad	1602294587842078	693
tower_0/v/cg/mpool4/MaxPool	1602294587752785	292
v/cg/conv2/biases/read	-1	-1
tower_0/v/gradients/tower_0/v/l2_loss/L2Loss_9_grad/mul	1602294587221429	4
tower_0/v/cg/conv9/Relu	1602294587722203	1404
append_apply_gradient_ops/GradientDescent/update_v/cg/conv3/conv2d/kernel/ApplyGradientDescent	1602294588870452	7
tower_0/v/cg/conv6/conv2d/Conv2D	1602294587539416	33162
tower_0/v/gradients/tower_0/v/cg/conv12/Relu_grad/ReluGrad	1602294587782099	505
tower_0/v/gradients/tower_0/v/l2_loss/L2Loss_8_grad/mul	1602294587220710	19
tower_0/v/l2_loss/L2Loss_26	1602294587221582	731
tower_0/v/l2_loss/L2Loss_2	1602294587220496	39
tower_0/v/cg/conv11/Relu	1602294587743072	355
tower_0/v/l2_loss/L2Loss_3	1602294587220171	4
tower_0/v/gradients/tower_0/v/l2_loss/L2Loss_28_grad/mul	1602294587221144	255
tower_0/v/gradients/tower_0/v/cg/conv5/Relu_grad/ReluGrad	1602294588374848	4333
tower_0/v/gradients/tower_0/v/cg/affine0/xw_plus_b/MatMul_grad/MatMul_1	1602294587771282	5339
append_apply_gradient_ops/GradientDescent/update_v/cg/conv2/biases/ApplyGradientDescent	1602294588890740	4
tower_0/v/l2_loss/L2Loss_15	1602294587220194	5
append_apply_gradient_ops/GradientDescent/update_v/cg/conv5/biases/ApplyGradientDescent	1602294588548501	7
tower_0/v/gradients/AddN_20	1602294588544163	7
append_apply_gradient_ops/GradientDescent/update_v/cg/conv12/biases/ApplyGradientDescent	1602294587801162	8
ConstantFolding/tower_0/v/gradients/tower_0/v/cg/conv9/conv2d/Conv2D_grad/ShapeN-matshapes-0	-1	-1
tower_0/v/add	1602294587762179	7
append_apply_gradient_ops/GradientDescent/update_v/cg/conv5/conv2d/kernel/ApplyGradientDescent	1602294588548475	24
v/cg/conv3/biases	-1	-1
tower_0/v/gradients/tower_0/v/cg/affine1/affine1_grad/ReluGrad	1602294587762336	32
tower_0/v/cg/conv1/Relu	1602294587342992	11414
tower_0/v/gradients/tower_0/v/l2_loss/L2Loss_10_grad/mul	1602294587220009	8
tower_0/v/gradients/tower_0/v/cg/dropout0/dropout/dropout/mul_1_grad/Mul	1602294587764492	22
tower_0/v/cg/Reshape	-1	-1
tower_0/v/gradients/tower_0/v/cg/affine0/affine0_grad/ReluGrad	1602294587765318	28
tower_0/v/l2_loss/L2Loss_18	1602294587220778	45
tower_0/v/l2_loss/L2Loss_14	1602294587220056	22
append_apply_gradient_ops/GradientDescent/update_v/cg/conv10/biases/ApplyGradientDescent	1602294587839902	6
tower_0/v/gradients/AddN_23	1602294588603765	14
tower_0/v/gradients/tower_0/v/l2_loss/L2Loss_grad/mul	1602294587219986	4
v/cg/affine0/weights	-1	-1
v/cg/conv1/conv2d/kernel	-1	-1
main_fetch_group	-1	-1
ConstantFolding/tower_0/v/gradients/tower_0/v/cg/conv4/conv2d/Conv2D_grad/ShapeN-matshapes-1	-1	-1
v/cg/affine0/biases	-1	-1
ConstantFolding/tower_0/v/gradients/tower_0/v/cg/conv4/conv2d/Conv2D_grad/ShapeN-matshapes-0	-1	-1
v/cg/conv7/biases/read	-1	-1
ConstantFolding/tower_0/v/gradients/tower_0/v/cg/conv12/conv2d/Conv2D_grad/ShapeN-matshapes-1	-1	-1
tower_0/v/gradients/tower_0/v/cg/conv7/conv2d/Conv2D_grad/Conv2DBackpropFilter	1602294588181871	16997
v/cg/affine1/weights	-1	-1
tower_0/v/gradients/tower_0/v/xentropy/sparse_softmax_cross_entropy_loss/xentropy/xentropy_grad/mul	1602294587761339	10
tower_0/v/gradients/AddN_30	1602294589178141	4
ConstantFolding/average_loss/Mean/input_const_axis	-1	-1
v/cg/conv6/biases/read	-1	-1
v/cg/conv4/biases/read	-1	-1
tower_0/v/gradients/tower_0/v/cg/conv1/Relu_grad/ReluGrad	1602294588890746	18141
ConstantFolding/tower_0/v/gradients/tower_0/v/cg/conv9/conv2d/Conv2D_grad/ShapeN-matshapes-1	-1	-1
tower_0/v/gradients/tower_0/v/cg/conv2/conv2d/Conv2D_grad/Conv2DBackpropInput	1602294588781756	28202
append_apply_gradient_ops/GradientDescent/update_v/cg/conv1/biases/ApplyGradientDescent	1602294589150601	4
append_apply_gradient_ops/GradientDescent/update_v/cg/affine0/weights/ApplyGradientDescent	1602294587779797	2299
append_apply_gradient_ops/GradientDescent/update_v/cg/conv8/conv2d/kernel/ApplyGradientDescent	1602294588198871	58
tower_0/v/gradients/tower_0/v/cg/conv11/Relu_grad/ReluGrad	1602294587800589	508
tower_0/v/gradients/tower_0/v/cg/conv10/Relu_grad/ReluGrad	1602294587819203	511
tower_0/v/gradients/tower_0/v/cg/conv11/BiasAdd_grad/BiasAddGrad	1602294587801177	334
tower_0/v/transpose	1602294587218545	1305
ConstantFolding/tower_0/v/gradients/tower_0/v/cg/conv10/conv2d/Conv2D_grad/ShapeN-matshapes-1	-1	-1
ConstantFolding/tower_0/v/gradients/tower_0/v/cg/conv0/conv2d/Conv2D_grad/ShapeN-matshapes-1	-1	-1
tower_0/v/gradients/tower_0/v/cg/dropout0_1/dropout/dropout/mul_1_grad/Mul	1602294587762056	23
append_apply_gradient_ops/GradientDescent/update_v/cg/conv0/conv2d/kernel/ApplyGradientDescent	1602294589178158	5
tower_0/v/xentropy/sparse_softmax_cross_entropy_loss/xentropy/xentropy	1602294587761124	211
tower_0/v/cg/dropout0/dropout/dropout/rate	-1	-1
ConstantFolding/tower_0/v/gradients/tower_0/v/cg/conv10/conv2d/Conv2D_grad/ShapeN-matshapes-0	-1	-1
v/cg/conv7/conv2d/kernel	-1	-1
tower_0/v/gradients/AddN_5	1602294587776635	2299
tower_0/v/gradients/tower_0/v/cg/conv6/Relu_grad/ReluGrad	1602294588205642	4340
v/cg/conv10/biases	-1	-1
v/cg/conv7/biases	-1	-1
tower_0/v/gradients/tower_0/v/cg/conv2/conv2d/Conv2D_grad/Conv2DBackpropFilter	1602294588809961	60489
tower_0/v/gradients/tower_0/v/cg/Reshape_grad/Shape	-1	-1
append_apply_gradient_ops/GradientDescent/update_v/cg/conv4/biases/ApplyGradientDescent	1602294588603781	8
tower_0/v/cg/conv3/Relu	1602294587463702	5670
tower_0/v/gradients/tower_0/v/cg/conv5/BiasAdd_grad/BiasAddGrad	1602294588484040	1241
tower_0/v/gradients/tower_0/v/cg/mpool4/MaxPool_grad/MaxPoolGrad	1602294587778948	846
tower_0/v/cg/affine1/xw_plus_b/MatMul	1602294587759473	1126
tower_0/v/gradients/tower_0/v/cg/affine2/xw_plus_b/MatMul_grad/MatMul	1602294587761403	368
v/cg/conv9/biases	-1	-1
tower_0/v/l2_loss/L2Loss_29	1602294587221434	10
tower_0/v/l2_loss/L2Loss_17	1602294587220229	4
tower_0/v/gradients/AddN_17	1602294588205593	37
v/cg/conv4/conv2d/kernel	-1	-1
v/cg/conv12/biases/read	-1	-1
tower_0/v/vgg16_synthetic_labels/max	-1	-1
tower_0/v/cg/affine2/xw_plus_b/MatMul	1602294587760674	433
tower_0/v/gradients/tower_0/v/cg/conv3/conv2d/Conv2D_grad/Conv2DBackpropFilter	1602294588662775	107613
tower_0/v/cg/Reshape/shape	-1	-1
tower_0/v/cg/conv4/conv2d/Conv2D	1602294587473504	19696
tower_0/v/cg/conv8/Relu	1602294587660955	1407
v/cg/conv10/biases/read	-1	-1
tower_0/v/cg/conv11/BiasAdd	1602294587742605	463
tower_0/v/gradients/tower_0/v/cg/conv10/BiasAdd_grad/BiasAddGrad	1602294587819794	336
ConstantFolding/tower_0/v/gradients/tower_0/v/cg/conv12/conv2d/Conv2D_grad/ShapeN-matshapes-0	-1	-1
append_apply_gradient_ops/GradientDescent/update_v/cg/affine2/weights/ApplyGradientDescent	1602294587762233	100
tower_0/v/cg/dropout0/dropout/dropout/Cast	1602294587247785	20
tower_0/v/l2_loss/L2Loss_13	1602294587219966	4
tower_0/v/cg/conv5/Relu	1602294587536595	2819
tower_0/v/l2_loss/L2Loss_7	1602294587220183	4
tower_0/v/gpu_cached_inputs	-1	-1
tower_0/v/gradients/tower_0/v/l2_loss/L2Loss_30_grad/mul	1602294587218471	72
v/cg/conv0/biases/read	-1	-1
tower_0/v/gradients/AddN_26	1602294588870461	4
tower_0/v/gradients/AddN_14	1602294588162990	7
tower_0/v/xentropy/sparse_softmax_cross_entropy_loss/Sum	1602294587761352	7
v/cg/conv5/conv2d/kernel/read	-1	-1
tower_0/v/l2_loss/L2Loss_30	1602294587218400	56
tower_0/v/gradients/tower_0/v/cg/conv5/conv2d/Conv2D_grad/Conv2DBackpropFilter	1602294588379229	104801
tower_0/v/l2_loss/L2Loss_11	1602294587220218	4
append_apply_gradient_ops/GradientDescent/update_v/cg/conv12/conv2d/kernel/ApplyGradientDescent	1602294587819133	57
ConstantFolding/tower_0/v/gradients/tower_0/v/cg/conv7/conv2d/Conv2D_grad/ShapeN-matshapes-0	-1	-1
v/cg/affine2/weights/read	-1	-1
v/cg/conv1/conv2d/kernel/read	-1	-1
main_fetch_group/_70	-1	-1
append_apply_gradient_ops/GradientDescent/update_v/cg/conv7/biases/ApplyGradientDescent	1602294588205631	6
append_apply_gradient_ops/GradientDescent/update_v/cg/affine1/biases/ApplyGradientDescent	1602294587764895	7
append_apply_gradient_ops/GradientDescent	-1	-1
tower_0/v/gradients/AddN_6	1602294587800579	7
ConstantFolding/tower_0/v/gradients/tower_0/v/cg/conv8/conv2d/Conv2D_grad/ShapeN-matshapes-0	-1	-1
tower_0/v/gradients/AddN_4	1602294587776624	7
tower_0/v/cg/conv0/conv2d/Conv2D	1602294587223912	8835
v/cg/conv2/biases	-1	-1
tower_0/v/gradients/tower_0/v/cg/conv9/conv2d/Conv2D_grad/Conv2DBackpropFilter	1602294587900760	100833
v/cg/conv4/conv2d/kernel/read	-1	-1
tower_0/v/l2_loss/L2Loss_31	1602294587220404	19
tower_0/v/cg/affine0/xw_plus_b/MatMul	1602294587753091	6297
v/cg/conv12/conv2d/kernel/read	-1	-1
tower_0/v/gradients/tower_0/v/l2_loss/L2Loss_27_grad/mul	1602294587218338	18
append_apply_gradient_ops/GradientDescent/update_v/cg/conv6/biases/ApplyGradientDescent	1602294588379207	6
tower_0/v/cg/conv3/BiasAdd	1602294587456290	7409
tower_0/v/xentropy/sparse_softmax_cross_entropy_loss/Mul	-1	-1
append_apply_gradient_ops/GradientDescent/update_v/cg/conv3/biases/ApplyGradientDescent	1602294588779314	6
v/cg/conv3/conv2d/kernel/read	-1	-1
tower_0/v/cg/conv9/BiasAdd	1602294587720377	1823
tower_0/v/gradients/tower_0/v/cg/conv2/Relu_grad/ReluGrad	1602294588770399	8896
tower_0/v/gradients/tower_0/v/l2_loss/L2Loss_12_grad/mul	1602294587219886	8
tower_0/v/gradients/tower_0/v/l2_loss/L2Loss_11_grad/mul	1602294587220223	4
append_apply_gradient_ops/GradientDescent/update_v/cg/affine0/biases/ApplyGradientDescent	1602294587778938	7
v/cg/conv7/conv2d/kernel/read	-1	-1
tower_0/v/cg/mpool3/MaxPool	1602294587723611	1082
tower_0/v/gradients/AddN_2	1602294587764482	7
tower_0/v/l2_loss/L2Loss_23	1602294587220206	5
tower_0/v/cg/dropout0_1/dropout/dropout/mul	1602294587259286	25
tower_0/v/cg/conv1/BiasAdd	1602294587328069	14920
v/cg/conv10/conv2d/kernel	-1	-1
tower_0/v/gradients/tower_0/v/cg/affine1/xw_plus_b_grad/BiasAddGrad	1602294587762376	21
v/cg/affine2/biases	-1	-1
tower_0/v/gradients/tower_0/v/cg/conv8/BiasAdd_grad/BiasAddGrad	1602294588003785	690
tower_0/v/l2_loss/L2Loss_20	1602294587218135	54
average_loss/Mean	-1	-1
tower_0/v/gradients/tower_0/v/l2_loss/L2Loss_16_grad/mul	1602294587219929	35
tower_0/v/l2_loss/L2Loss_1	1602294587220018	4
tower_0/v/l2_loss/AddN	1602294587232798	38
append_apply_gradient_ops/GradientDescent/update_v/cg/conv2/conv2d/kernel/ApplyGradientDescent	1602294588908889	7
tower_0/v/cg/affine1/affine1	1602294587760631	9
tower_0/v/cg/conv2/BiasAdd	1602294587395540	7404
ConstantFolding/tower_0/v/gradients/tower_0/v/cg/conv1/conv2d/Conv2D_grad/ShapeN-matshapes-0	-1	-1
ConstantFolding/tower_0/v/gradients/tower_0/v/cg/conv11/conv2d/Conv2D_grad/ShapeN-matshapes-1	-1	-1
tower_0/v/gradients/tower_0/v/cg/conv1/conv2d/Conv2D_grad/Conv2DBackpropInput	1602294588913667	68715
v/cg/conv6/conv2d/kernel	-1	-1
v/cg/conv3/biases/read	-1	-1
tower_0/v/vgg16_synthetic_labels	1602294587217687	55
tower_0/v/gradients/tower_0/v/cg/conv4/BiasAdd_grad/BiasAddGrad	1602294588548512	1239
tower_0/v/gradients/AddN_12	1602294588001597	7
tower_0/v/gradients/tower_0/v/cg/dropout0/dropout/dropout/mul_grad/Mul	1602294587764906	29
tower_0/v/vgg16_synthetic_labels/min	-1	-1
tower_0/v/xentropy/sparse_softmax_cross_entropy_loss/num_present	-1	-1
tower_0/v/cg/mpool2/MaxPool	1602294587579083	2056
ConstantFolding/tower_0/v/gradients/tower_0/v/cg/conv5/conv2d/Conv2D_grad/ShapeN-matshapes-1	-1	-1
append_apply_gradient_ops/GradientDescent/update_v/cg/conv10/conv2d/kernel/ApplyGradientDescent	1602294587842011	61
tower_0/v/cg/conv10/Relu	1602294587733719	355
ConstantFolding/tower_0/v/gradients/tower_0/v/cg/conv3/conv2d/Conv2D_grad/ShapeN-matshapes-0	-1	-1
v/cg/conv6/conv2d/kernel/read	-1	-1
tower_0/v/gradients/AddN	1602294587762045	8
tower_0/v/gradients/tower_0/v/cg/conv9/conv2d/Conv2D_grad/Conv2DBackpropInput	1602294587842774	57981
tower_0/v/gradients/tower_0/v/l2_loss/L2Loss_6_grad/mul	1602294587220049	5
average_loss/Mean/_74	1602294587764901	11
tower_0/v/gradients/tower_0/v/cg/conv12/conv2d/Conv2D_grad/Conv2DBackpropFilter	1602294587791086	9489
v/cg/conv11/biases/read	-1	-1
tower_0/v/l2_loss/L2Loss_21	1602294587221452	4
v/cg/conv3/conv2d/kernel	-1	-1
learning_rate_tensor/input	-1	-1
tower_0/v/gradients/tower_0/v/cg/conv5/conv2d/Conv2D_grad/Conv2DBackpropInput	1602294588485284	58830
tower_0/v/cg/dropout0/dropout/dropout/truediv	-1	-1
v/cg/conv8/conv2d/kernel/read	-1	-1
v/cg/affine2/biases/read	-1	-1
tower_0/v/cg/dropout0_1/dropout/dropout/GreaterEqual	1602294587232777	19
tower_0/v/gpu_cached_inputs/read	-1	-1
tower_0/v/gradients/tower_0/v/l2_loss/L2Loss_14_grad/mul	1602294587220080	18
v/cg/conv2/conv2d/kernel/read	-1	-1
tower_0/v/gradients/AddN_8	1602294587819192	8
tower_0/v/gradients/tower_0/v/l2_loss/L2Loss_21_grad/mul	1602294587221458	4
v/cg/conv0/conv2d/kernel	-1	-1
ConstantFolding/tower_0/v/gradients/tower_0/v/cg/conv1/conv2d/Conv2D_grad/ShapeN-matshapes-1	-1	-1
tower_0/v/l2_loss/L2Loss_19	1602294587221484	17
tower_0/v/gradients/tower_0/v/cg/conv10/conv2d/Conv2D_grad/Conv2DBackpropInput	1602294587820133	8140
tower_0/v/l2_loss/L2Loss_10	1602294587219991	16
tower_0/v/cg/conv12/conv2d/Conv2D	1602294587743430	8533
tower_0/v/gradients/tower_0/v/cg/conv12/BiasAdd_grad/BiasAddGrad	1602294587782615	332
tower_0/v/l2_loss/L2Loss_9	1602294587221423	4
tower_0/v/gradients/tower_0/v/cg/conv4/conv2d/Conv2D_grad/Conv2DBackpropFilter	1602294588568433	25012
tower_0/v/gradients/tower_0/v/l2_loss/L2Loss_15_grad/mul	1602294587220200	4
v/cg/affine1/biases/read	-1	-1
v/cg/conv5/biases/read	-1	-1
ConstantFolding/tower_0/v/gradients/tower_0/v/cg/conv2/conv2d/Conv2D_grad/ShapeN-matshapes-1	-1	-1
append_apply_gradient_ops/GradientDescent/update_v/cg/conv9/conv2d/kernel/ApplyGradientDescent	1602294588162927	58
tower_0/v/gradients/AddN_22	1602294588593447	7
tower_0/v/cg/conv6/Relu	1602294587576258	2821
tower_0/v/gradients/AddN_29	1602294589150593	6
tower_0/v/gradients/tower_0/v/cg/conv0/Relu_grad/ReluGrad	1602294589132415	18176
tower_0/v/gradients/tower_0/v/l2_loss/L2Loss_19_grad/mul	1602294587221522	17
tower_0/v/cg/conv7/BiasAdd	1602294587597779	1833
tower_0/v/gradients/tower_0/v/l2_loss/L2Loss_23_grad/mul	1602294587220212	4
append_apply_gradient_ops/GradientDescent/update_v/cg/conv7/conv2d/kernel/ApplyGradientDescent	1602294588209984	34
v/cg/conv11/biases	-1	-1
tower_0/v/gradients/tower_0/v/cg/Reshape_grad/Reshape	-1	-1
tower_0/v/gradients/tower_0/v/cg/affine1/xw_plus_b/MatMul_grad/MatMul_1	1602294587763561	919
v/cg/affine1/weights/read	-1	-1
tower_0/v/gradients/AddN_18	1602294588374838	7
tower_0/v/cg/conv10/BiasAdd	1602294587733251	464
tower_0/v/cg/conv4/BiasAdd	1602294587493208	3672
v/cg/affine2/weights	-1	-1
gpu_compute_stage_ops_group	-1	-1
tower_0/v/cg/conv5/conv2d/Conv2D	1602294587499708	33222
tower_0/v/l2_loss/L2Loss_24	1602294587220272	43
tower_0/v/l2_loss/L2Loss_16	1602294587219895	32
tower_0/v/cg/conv0/Relu	1602294587247837	11422
tower_0/v/l2_loss/L2Loss_25	1602294587220897	21
v/cg/conv12/biases	-1	-1
tower_0/v/l2_loss/L2Loss_22	1602294587220100	33
tower_0/v/cg/dropout0/dropout/dropout/random_uniform/mul	-1	-1
tower_0/v/gradients/tower_0/v/cg/conv11/conv2d/Conv2D_grad/Conv2DBackpropInput	1602294587801513	8134
tower_0/v/gradients/tower_0/v/l2_loss/L2Loss_20_grad/mul	1602294587218235	50
tower_0/v/l2_loss/L2Loss_6	1602294587220030	18
tower_0/v/gradients/AddN_24	1602294588770389	7
tower_0/v/xentropy/sparse_softmax_cross_entropy_loss/value	1602294587762035	7
v/cg/affine0/weights/read	-1	-1
tower_0/v/gradients/tower_0/v/cg/mpool2/MaxPool_grad/MaxPoolGrad	1602294588198943	6647
append_apply_gradient_ops/GradientDescent/update_v/cg/conv11/conv2d/kernel/ApplyGradientDescent	1602294587837723	57
append_apply_gradient_ops/GradientDescent/update_v/cg/conv1/conv2d/kernel/ApplyGradientDescent	1602294589178133	6
tower_0/v/cg/conv12/BiasAdd	1602294587751967	460
tower_0/v/gradients/tower_0/v/l2_loss/L2Loss_13_grad/mul	1602294587219972	4
tower_0/v/gradients/tower_0/v/l2_loss/L2Loss_29_grad/mul	1602294587221446	4
tower_0/v/gradients/tower_0/v/cg/affine0/xw_plus_b/MatMul_grad/MatMul	1602294587765378	5903
tower_0/v/gradients/tower_0/v/l2_loss/L2Loss_3_grad/mul	1602294587220178	4
ConstantFolding/tower_0/v/gradients/tower_0/v/cg/conv2/conv2d/Conv2D_grad/ShapeN-matshapes-0	-1	-1
tower_0/v/gradients/AddN_7	1602294587801100	61
tower_0/v/cg/mpool1/MaxPool	1602294587469374	4127
tower_0/v/cg/conv8/conv2d/Conv2D	1602294587601024	58088
tower_0/v/gradients/tower_0/v/cg/conv6/BiasAdd_grad/BiasAddGrad	1602294588210023	1243
tower_0/v/gradients/tower_0/v/cg/conv7/conv2d/Conv2D_grad/Conv2DBackpropInput	1602294588165872	15996
append_apply_gradient_ops/GradientDescent/update_v/cg/conv0/biases/ApplyGradientDescent	1602294589178152	4
v/cg/conv1/biases	-1	-1
tower_0/v/cg/conv1/conv2d/Conv2D	1602294587259313	68754
tower_0/v/cg/dropout0/dropout/dropout/random_uniform/RandomUniform	1602294587217823	37
tower_0/v/cg/dropout0/dropout/dropout/Shape	-1	-1
tower_0/v/cg/affine1/xw_plus_b	1602294587760602	25
append_apply_gradient_ops/GradientDescent/update_v/cg/affine2/biases/ApplyGradientDescent	1602294587762189	8
ConstantFolding/tower_0/v/gradients/tower_0/v/cg/conv3/conv2d/Conv2D_grad/ShapeN-matshapes-1	-1	-1
v/cg/conv12/conv2d/kernel	-1	-1
tower_0/v/gradients/AddN_9	1602294587819717	59
tower_0/v/gradients/AddN_28	1602294589132410	4
tower_0/v/l2_loss/L2Loss_27	1602294587218293	24
tower_0/v/gradients/tower_0/v/cg/conv3/Relu_grad/ReluGrad	1602294588603794	8924
tower_0/v/gradients/tower_0/v/l2_loss/L2Loss_22_grad/mul	1602294587220135	35
tower_0/v/gradients/tower_0/v/cg/affine1/xw_plus_b/MatMul_grad/MatMul	1602294587762408	1149
tower_0/v/cg/conv2/Relu	1602294587402947	5687
tower_0/v/cg/conv0/BiasAdd	1602294587232839	14943
tower_0/v/gradients/AddN_11	1602294587839840	61
tower_0/v/gradients/AddN_15	1602294588165093	62
tower_0/v/cg/affine0/affine0	1602294587759418	15
_SOURCE	-1	-1
tower_0/v/gradients/tower_0/v/l2_loss/L2Loss_25_grad/mul	1602294587220942	18
tower_0/v/gradients/tower_0/v/cg/conv6/conv2d/Conv2D_grad/Conv2DBackpropInput	1602294588211269	58747
tower_0/v/vgg16_synthetic_labels/shape	-1	-1
tower_0/v/cg/dropout0_1/dropout/dropout/mul_1	1602294587760644	28
append_apply_gradient_ops/GradientDescent/update_v/cg/affine1/weights/ApplyGradientDescent	1602294587764938	377
tower_0/v/gradients/tower_0/v/cg/mpool3/MaxPool_grad/MaxPoolGrad	1602294587837792	2047
tower_0/v/cg/conv12/Relu	1602294587752431	352
tower_0/v/cg/dropout0_1/dropout/dropout/random_uniform/mul	-1	-1
tower_0/v/cg/affine2/xw_plus_b	1602294587761110	13
tower_0/v/gradients/tower_0/v/l2_loss/L2Loss_2_grad/mul	1602294587220561	22
tower_0/v/cg/conv7/Relu	1602294587599617	1404
v/cg/conv8/conv2d/kernel	-1	-1
tower_0/v/l2_loss/L2Loss_5	1602294587219855	5
tower_0/v/gradients/AddN_16	1602294588198933	7
tower_0/v/cg/conv3/conv2d/Conv2D	1602294587408637	47646
tower_0/v/gradients/tower_0/v/cg/affine2/xw_plus_b_grad/BiasAddGrad	1602294587761371	19
tower_0/v/gradients/tower_0/v/cg/conv4/conv2d/Conv2D_grad/Conv2DBackpropInput	1602294588549755	18675
ConstantFolding/tower_0/v/gradients/tower_0/v/cg/conv8/conv2d/Conv2D_grad/ShapeN-matshapes-1	-1	-1
v/cg/conv2/conv2d/kernel	-1	-1
tower_0/v/cg/conv9/conv2d/Conv2D	1602294587662366	58009
v/cg/conv8/biases/read	-1	-1
tower_0/v/gradients/AddN_10	1602294587837782	7
tower_0/v/gradients/AddN_13	1602294588003700	60
tower_0/v/cg/conv2/conv2d/Conv2D	1602294587362288	33248
v/cg/conv8/biases	-1	-1
tower_0/v/gradients/tower_0/v/xentropy/sparse_softmax_cross_entropy_loss/xentropy/xentropy_grad/ExpandDims	-1	-1
tower_0/v/gradients/tower_0/v/cg/conv3/conv2d/Conv2D_grad/Conv2DBackpropInput	1602294588615188	47579
v/cg/conv5/biases	-1	-1
tower_0/v/gradients/tower_0/v/cg/mpool1/MaxPool_grad/MaxPoolGrad	1602294588593458	10304
tower_0/v/gradients/tower_0/v/cg/conv2/BiasAdd_grad/BiasAddGrad	1602294588779324	2429
v/cg/conv9/conv2d/kernel/read	-1	-1
tower_0/v/cg/dropout0/dropout/dropout/mul	1602294587259262	22
tower_0/v/l2_loss/L2Loss_4	1602294587221401	14
tower_0/v/gradients/tower_0/v/l2_loss/L2Loss_17_grad/mul	1602294587220235	4
tower_0/v/gradients/tower_0/v/cg/conv1/conv2d/Conv2D_grad/Conv2DBackpropFilter	1602294588982383	150026
tower_0/v/cg/conv8/BiasAdd	1602294587659113	1838
tower_0/v/gradients/tower_0/v/cg/conv10/conv2d/Conv2D_grad/Conv2DBackpropFilter	1602294587828274	9445
tower_0/v/gradients/tower_0/v/cg/conv7/Relu_grad/ReluGrad	1602294588163000	2089
tower_0/v/cg/dropout0_1/dropout/dropout/random_uniform/RandomUniform	1602294587217886	33
tower_0/v/cg/dropout0/dropout/dropout/mul_1	1602294587759436	28
append_apply_gradient_ops/GradientDescent/update_v/cg/conv6/conv2d/kernel/ApplyGradientDescent	1602294588544117	21
tower_0/v/cg/conv11/conv2d/Conv2D	1602294587734076	8525
v/cg/conv4/biases	-1	-1
tower_0/v/l2_loss/L2Loss_28	1602294587221002	141
tower_0/v/gradients/tower_0/v/cg/affine0/xw_plus_b_grad/BiasAddGrad	1602294587765352	23
ConstantFolding/tower_0/v/gradients/tower_0/v/cg/conv11/conv2d/Conv2D_grad/ShapeN-matshapes-0	-1	-1
tower_0/v/gradients/AddN_1	1602294587762080	97
tower_0/v/gradients/AddN_21	1602294588544139	22
tower_0/v/gradients/tower_0/v/cg/conv3/BiasAdd_grad/BiasAddGrad	1602294588612747	2437
tower_0/v/gradients/tower_0/v/l2_loss/L2Loss_7_grad/mul	1602294587220189	4
tower_0/v/cg/dropout0/dropout/dropout/GreaterEqual	1602294587232749	25
tower_0/v/gradients/tower_0/v/cg/conv0/conv2d/Conv2D_grad/Conv2DBackpropFilter	1602294589155391	22740
ConstantFolding/tower_0/v/gradients/tower_0/v/cg/conv6/conv2d/Conv2D_grad/ShapeN-matshapes-0	-1	-1
tower_0/v/mul/x	-1	-1
v/cg/conv9/biases/read	-1	-1
append_apply_gradient_ops/GradientDescent/update_v/cg/conv8/biases/ApplyGradientDescent	1602294588165156	7
tower_0/v/gradients/tower_0/v/cg/conv9/Relu_grad/ReluGrad	1602294587839912	2095
tower_0/v/gradients/AddN_3	1602294587764516	377
tower_0/v/l2_loss/L2Loss_8	1602294587220634	42
average_loss/Mean/input	-1	-1
tower_0/v/gradients/AddN_19	1602294588379184	21
v/cg/conv11/conv2d/kernel/read	-1	-1
tower_0/v/gradients/tower_0/v/l2_loss/L2Loss_1_grad/mul	1602294587220024	4
tower_0/v/transpose/perm	-1	-1
tower_0/v/gradients/tower_0/v/l2_loss/L2Loss_5_grad/mul	1602294587219861	4
tower_0/v/gradients/tower_0/v/l2_loss/L2Loss_26_grad/mul	1602294587222314	1596
tower_0/v/gradients/tower_0/v/cg/conv6/conv2d/Conv2D_grad/Conv2DBackpropFilter	1602294588270022	104813
append_apply_gradient_ops/GradientDescent/update_v/cg/conv11/biases/ApplyGradientDescent	1602294587819779	9
v/cg/conv0/biases	-1	-1
tower_0/v/cg/conv5/BiasAdd	1602294587532935	3657
tower_0/v/gradients/tower_0/v/cg/conv1/BiasAdd_grad/BiasAddGrad	1602294588908899	4767
tower_0/v/gradients/tower_0/v/cg/dropout0_1/dropout/dropout/mul_grad/Mul	1602294587762200	30
tower_0/v/gradients/tower_0/v/l2_loss/L2Loss_31_grad/mul	1602294587220452	18
tower_0/v/gradients/AddN_25	1602294588779298	14
tower_0/v/cg/mpool0/MaxPool	1602294587354409	7877
average_loss/range	-1	-1
tower_0/v/gradients/tower_0/v/cg/mpool0/MaxPool_grad/MaxPoolGrad	1602294588870466	20265
tower_0/v/gradients/AddN_31	1602294589178146	4
tower_0/v/gradients/tower_0/v/cg/conv8/conv2d/Conv2D_grad/Conv2DBackpropFilter	1602294588062405	100519
v/cg/conv9/conv2d/kernel	-1	-1
tower_0/v/mul	1602294587247826	7
tower_0/v/gradients/tower_0/v/cg/conv7/BiasAdd_grad/BiasAddGrad	1602294588165173	695
v/cg/conv1/biases/read	-1	-1
tower_0/v/l2_loss/L2Loss_12	1602294587219867	17
tower_0/v/gradients/tower_0/v/cg/conv0/BiasAdd_grad/BiasAddGrad	1602294589150612	4775
ConstantFolding/tower_0/v/gradients/tower_0/v/cg/conv6/conv2d/Conv2D_grad/ShapeN-matshapes-1	-1	-1
tower_0/v/gradients/tower_0/v/cg/conv4/Relu_grad/ReluGrad	1602294588544173	4299
tower_0/v/gradients/tower_0/v/cg/conv11/conv2d/Conv2D_grad/Conv2DBackpropFilter	1602294587809651	9481
tower_0/v/gradients/AddN_27	1602294588890733	6
tower_0/v/gradients/tower_0/v/cg/affine2/xw_plus_b/MatMul_grad/MatMul_1	1602294587761772	261
tower_0/v/cg/conv6/BiasAdd	1602294587572585	3669
ConstantFolding/tower_0/v/gradients/tower_0/v/cg/conv5/conv2d/Conv2D_grad/ShapeN-matshapes-0	-1	-1
append_apply_gradient_ops/GradientDescent/update_v/cg/conv9/biases/ApplyGradientDescent	1602294588003764	6
v/cg/conv6/biases	-1	-1
tower_0/v/gradients/tower_0/v/cg/conv8/Relu_grad/ReluGrad	1602294588001607	2090
v/cg/conv11/conv2d/kernel	-1	-1
v/cg/affine0/biases/read	-1	-1
v/cg/conv10/conv2d/kernel/read	-1	-1
v/cg/conv5/conv2d/kernel	-1	-1
v/cg/conv0/conv2d/kernel/read	-1	-1
tower_0/v/l2_loss/L2Loss	1602294587219977	7
train_ops_group	-1	-1
tower_0/v/gradients/tower_0/v/l2_loss/L2Loss_4_grad/mul	1602294587221417	4
tower_0/v/cg/conv10/conv2d/Conv2D	1602294587724694	8554
tower_0/v/cg/conv7/conv2d/Conv2D	1602294587581141	16634
append_apply_gradient_ops/GradientDescent/update_v/cg/conv4/conv2d/kernel/ApplyGradientDescent	1602294588612720	17
v/cg/affine1/biases	-1	-1
tower_0/v/gradients/tower_0/v/cg/conv8/conv2d/Conv2D_grad/Conv2DBackpropInput	1602294588004476	57922
tower_0/v/cg/affine0/xw_plus_b	1602294587759392	23
