tower_0/v/cg/conv4/Relu	1602294589516632	2822
tower_0/v/gradients/tower_0/v/l2_loss/L2Loss_24_grad/mul	1602294589240260	45
ConstantFolding/tower_0/v/gradients/tower_0/v/cg/conv7/conv2d/Conv2D_grad/ShapeN-matshapes-1	-1	-1
tower_0/v/gradients/tower_0/v/l2_loss/L2Loss_18_grad/mul	1602294589240740	45
tower_0/v/gradients/tower_0/v/cg/conv12/conv2d/Conv2D_grad/Conv2DBackpropInput	1602294589802892	8135
tower_0/v/cg/dropout0_1/dropout/dropout/Cast	1602294589267679	20
tower_0/v/gradients/tower_0/v/cg/conv9/BiasAdd_grad/BiasAddGrad	1602294589862134	691
tower_0/v/cg/mpool4/MaxPool	1602294589772733	289
v/cg/conv2/biases/read	-1	-1
tower_0/v/gradients/tower_0/v/l2_loss/L2Loss_9_grad/mul	1602294589241311	4
tower_0/v/cg/conv9/Relu	1602294589742238	1408
append_apply_gradient_ops/GradientDescent/update_v/cg/conv3/conv2d/kernel/ApplyGradientDescent	1602294590891927	7
tower_0/v/cg/conv6/conv2d/Conv2D	1602294589559190	33400
tower_0/v/gradients/tower_0/v/cg/conv12/Relu_grad/ReluGrad	1602294589802040	504
tower_0/v/gradients/tower_0/v/l2_loss/L2Loss_8_grad/mul	1602294589240609	17
tower_0/v/l2_loss/L2Loss_26	1602294589241441	726
tower_0/v/l2_loss/L2Loss_2	1602294589240403	39
tower_0/v/cg/conv11/Relu	1602294589763024	355
tower_0/v/l2_loss/L2Loss_3	1602294589240095	4
tower_0/v/gradients/tower_0/v/l2_loss/L2Loss_28_grad/mul	1602294589241026	255
tower_0/v/gradients/tower_0/v/cg/conv5/Relu_grad/ReluGrad	1602294590395678	4311
tower_0/v/gradients/tower_0/v/cg/affine0/xw_plus_b/MatMul_grad/MatMul_1	1602294589791225	5337
append_apply_gradient_ops/GradientDescent/update_v/cg/conv2/biases/ApplyGradientDescent	1602294590912218	4
tower_0/v/l2_loss/L2Loss_15	1602294589240118	4
append_apply_gradient_ops/GradientDescent/update_v/cg/conv5/biases/ApplyGradientDescent	1602294590569590	7
tower_0/v/gradients/AddN_20	1602294590565224	7
append_apply_gradient_ops/GradientDescent/update_v/cg/conv12/biases/ApplyGradientDescent	1602294589821120	8
ConstantFolding/tower_0/v/gradients/tower_0/v/cg/conv9/conv2d/Conv2D_grad/ShapeN-matshapes-0	-1	-1
tower_0/v/add	1602294589782119	7
append_apply_gradient_ops/GradientDescent/update_v/cg/conv5/conv2d/kernel/ApplyGradientDescent	1602294590569568	21
v/cg/conv3/biases	-1	-1
tower_0/v/gradients/tower_0/v/cg/affine1/affine1_grad/ReluGrad	1602294589782272	31
tower_0/v/cg/conv1/Relu	1602294589362830	11404
tower_0/v/gradients/tower_0/v/l2_loss/L2Loss_10_grad/mul	1602294589239932	8
tower_0/v/gradients/tower_0/v/cg/dropout0/dropout/dropout/mul_1_grad/Mul	1602294589784424	22
tower_0/v/cg/Reshape	-1	-1
tower_0/v/gradients/tower_0/v/cg/affine0/affine0_grad/ReluGrad	1602294589785251	29
tower_0/v/l2_loss/L2Loss_18	1602294589240672	44
tower_0/v/l2_loss/L2Loss_14	1602294589239979	23
append_apply_gradient_ops/GradientDescent/update_v/cg/conv10/biases/ApplyGradientDescent	1602294589859960	7
tower_0/v/gradients/AddN_23	1602294590624847	14
tower_0/v/gradients/tower_0/v/l2_loss/L2Loss_grad/mul	1602294589239908	4
v/cg/affine0/weights	-1	-1
v/cg/conv1/conv2d/kernel	-1	-1
main_fetch_group	-1	-1
ConstantFolding/tower_0/v/gradients/tower_0/v/cg/conv4/conv2d/Conv2D_grad/ShapeN-matshapes-1	-1	-1
v/cg/affine0/biases	-1	-1
ConstantFolding/tower_0/v/gradients/tower_0/v/cg/conv4/conv2d/Conv2D_grad/ShapeN-matshapes-0	-1	-1
v/cg/conv7/biases/read	-1	-1
ConstantFolding/tower_0/v/gradients/tower_0/v/cg/conv12/conv2d/Conv2D_grad/ShapeN-matshapes-1	-1	-1
tower_0/v/gradients/tower_0/v/cg/conv7/conv2d/Conv2D_grad/Conv2DBackpropFilter	1602294590202052	16994
v/cg/affine1/weights	-1	-1
tower_0/v/gradients/tower_0/v/xentropy/sparse_softmax_cross_entropy_loss/xentropy/xentropy_grad/mul	1602294589781278	10
tower_0/v/gradients/AddN_30	1602294591204490	4
ConstantFolding/average_loss/Mean/input_const_axis	-1	-1
v/cg/conv6/biases/read	-1	-1
v/cg/conv4/biases/read	-1	-1
tower_0/v/gradients/tower_0/v/cg/conv1/Relu_grad/ReluGrad	1602294590912224	18253
ConstantFolding/tower_0/v/gradients/tower_0/v/cg/conv9/conv2d/Conv2D_grad/ShapeN-matshapes-1	-1	-1
tower_0/v/gradients/tower_0/v/cg/conv2/conv2d/Conv2D_grad/Conv2DBackpropInput	1602294590803230	28216
append_apply_gradient_ops/GradientDescent/update_v/cg/conv1/biases/ApplyGradientDescent	1602294591176942	4
append_apply_gradient_ops/GradientDescent/update_v/cg/affine0/weights/ApplyGradientDescent	1602294589799737	2300
append_apply_gradient_ops/GradientDescent/update_v/cg/conv8/conv2d/kernel/ApplyGradientDescent	1602294590219050	58
tower_0/v/gradients/tower_0/v/cg/conv11/Relu_grad/ReluGrad	1602294589820553	503
tower_0/v/gradients/tower_0/v/cg/conv10/Relu_grad/ReluGrad	1602294589839196	507
tower_0/v/gradients/tower_0/v/cg/conv11/BiasAdd_grad/BiasAddGrad	1602294589821134	332
tower_0/v/transpose	1602294589238473	1300
ConstantFolding/tower_0/v/gradients/tower_0/v/cg/conv10/conv2d/Conv2D_grad/ShapeN-matshapes-1	-1	-1
ConstantFolding/tower_0/v/gradients/tower_0/v/cg/conv0/conv2d/Conv2D_grad/ShapeN-matshapes-1	-1	-1
tower_0/v/gradients/tower_0/v/cg/dropout0_1/dropout/dropout/mul_1_grad/Mul	1602294589781992	23
append_apply_gradient_ops/GradientDescent/update_v/cg/conv0/conv2d/kernel/ApplyGradientDescent	1602294591204507	4
tower_0/v/xentropy/sparse_softmax_cross_entropy_loss/xentropy/xentropy	1602294589781062	213
tower_0/v/cg/dropout0/dropout/dropout/rate	-1	-1
ConstantFolding/tower_0/v/gradients/tower_0/v/cg/conv10/conv2d/Conv2D_grad/ShapeN-matshapes-0	-1	-1
v/cg/conv7/conv2d/kernel	-1	-1
tower_0/v/gradients/AddN_5	1602294589796575	2301
tower_0/v/gradients/tower_0/v/cg/conv6/Relu_grad/ReluGrad	1602294590225827	4296
v/cg/conv10/biases	-1	-1
v/cg/conv7/biases	-1	-1
tower_0/v/gradients/tower_0/v/cg/conv2/conv2d/Conv2D_grad/Conv2DBackpropFilter	1602294590831450	60476
tower_0/v/gradients/tower_0/v/cg/Reshape_grad/Shape	-1	-1
append_apply_gradient_ops/GradientDescent/update_v/cg/conv4/biases/ApplyGradientDescent	1602294590624863	7
tower_0/v/cg/conv3/Relu	1602294589483498	5661
tower_0/v/gradients/tower_0/v/cg/conv5/BiasAdd_grad/BiasAddGrad	1602294590504858	1239
tower_0/v/gradients/tower_0/v/cg/mpool4/MaxPool_grad/MaxPoolGrad	1602294589798887	846
tower_0/v/cg/affine1/xw_plus_b/MatMul	1602294589779412	1127
tower_0/v/gradients/tower_0/v/cg/affine2/xw_plus_b/MatMul_grad/MatMul	1602294589781338	367
v/cg/conv9/biases	-1	-1
tower_0/v/l2_loss/L2Loss_29	1602294589241316	10
tower_0/v/l2_loss/L2Loss_17	1602294589240152	5
tower_0/v/gradients/AddN_17	1602294590225780	35
v/cg/conv4/conv2d/kernel	-1	-1
v/cg/conv12/biases/read	-1	-1
tower_0/v/vgg16_synthetic_labels/max	-1	-1
tower_0/v/cg/affine2/xw_plus_b/MatMul	1602294589780616	431
tower_0/v/gradients/tower_0/v/cg/conv3/conv2d/Conv2D_grad/Conv2DBackpropFilter	1602294590683776	108092
tower_0/v/cg/Reshape/shape	-1	-1
tower_0/v/cg/conv4/conv2d/Conv2D	1602294589493296	19643
tower_0/v/cg/conv8/Relu	1602294589681003	1405
v/cg/conv10/biases/read	-1	-1
tower_0/v/cg/conv11/BiasAdd	1602294589762555	466
tower_0/v/gradients/tower_0/v/cg/conv10/BiasAdd_grad/BiasAddGrad	1602294589839792	336
ConstantFolding/tower_0/v/gradients/tower_0/v/cg/conv12/conv2d/Conv2D_grad/ShapeN-matshapes-0	-1	-1
append_apply_gradient_ops/GradientDescent/update_v/cg/affine2/weights/ApplyGradientDescent	1602294589782172	99
tower_0/v/cg/dropout0/dropout/dropout/Cast	1602294589267657	21
tower_0/v/l2_loss/L2Loss_13	1602294589239888	4
tower_0/v/cg/conv5/Relu	1602294589556367	2820
tower_0/v/l2_loss/L2Loss_7	1602294589240106	4
tower_0/v/gpu_cached_inputs	-1	-1
tower_0/v/gradients/tower_0/v/l2_loss/L2Loss_30_grad/mul	1602294589238401	71
v/cg/conv0/biases/read	-1	-1
tower_0/v/gradients/AddN_26	1602294590891936	4
tower_0/v/gradients/AddN_14	1602294590183166	7
tower_0/v/xentropy/sparse_softmax_cross_entropy_loss/Sum	1602294589781292	7
v/cg/conv5/conv2d/kernel/read	-1	-1
tower_0/v/l2_loss/L2Loss_30	1602294589238331	55
tower_0/v/gradients/tower_0/v/cg/conv5/conv2d/Conv2D_grad/Conv2DBackpropFilter	1602294590400032	104818
tower_0/v/l2_loss/L2Loss_11	1602294589240141	4
append_apply_gradient_ops/GradientDescent/update_v/cg/conv12/conv2d/kernel/ApplyGradientDescent	1602294589839111	70
ConstantFolding/tower_0/v/gradients/tower_0/v/cg/conv7/conv2d/Conv2D_grad/ShapeN-matshapes-0	-1	-1
v/cg/affine2/weights/read	-1	-1
v/cg/conv1/conv2d/kernel/read	-1	-1
main_fetch_group/_70	-1	-1
append_apply_gradient_ops/GradientDescent/update_v/cg/conv7/biases/ApplyGradientDescent	1602294590225817	7
append_apply_gradient_ops/GradientDescent/update_v/cg/affine1/biases/ApplyGradientDescent	1602294589784829	10
append_apply_gradient_ops/GradientDescent	-1	-1
tower_0/v/gradients/AddN_6	1602294589820543	7
ConstantFolding/tower_0/v/gradients/tower_0/v/cg/conv8/conv2d/Conv2D_grad/ShapeN-matshapes-0	-1	-1
tower_0/v/gradients/AddN_4	1602294589796565	7
tower_0/v/cg/conv0/conv2d/Conv2D	1602294589243772	8846
v/cg/conv2/biases	-1	-1
tower_0/v/gradients/tower_0/v/cg/conv9/conv2d/Conv2D_grad/Conv2DBackpropFilter	1602294589920813	101037
v/cg/conv4/conv2d/kernel/read	-1	-1
tower_0/v/l2_loss/L2Loss_31	1602294589240306	17
tower_0/v/cg/affine0/xw_plus_b/MatMul	1602294589773035	6297
v/cg/conv12/conv2d/kernel/read	-1	-1
tower_0/v/gradients/tower_0/v/l2_loss/L2Loss_27_grad/mul	1602294589238271	17
append_apply_gradient_ops/GradientDescent/update_v/cg/conv6/biases/ApplyGradientDescent	1602294590400017	6
tower_0/v/cg/conv3/BiasAdd	1602294589476096	7398
tower_0/v/xentropy/sparse_softmax_cross_entropy_loss/Mul	-1	-1
append_apply_gradient_ops/GradientDescent/update_v/cg/conv3/biases/ApplyGradientDescent	1602294590800776	7
v/cg/conv3/conv2d/kernel/read	-1	-1
tower_0/v/cg/conv9/BiasAdd	1602294589740415	1820
tower_0/v/gradients/tower_0/v/cg/conv2/Relu_grad/ReluGrad	1602294590791882	8876
tower_0/v/gradients/tower_0/v/l2_loss/L2Loss_12_grad/mul	1602294589239807	8
tower_0/v/gradients/tower_0/v/l2_loss/L2Loss_11_grad/mul	1602294589240147	4
append_apply_gradient_ops/GradientDescent/update_v/cg/affine0/biases/ApplyGradientDescent	1602294589798877	7
v/cg/conv7/conv2d/kernel/read	-1	-1
tower_0/v/cg/mpool3/MaxPool	1602294589743649	1083
tower_0/v/gradients/AddN_2	1602294589784414	7
tower_0/v/l2_loss/L2Loss_23	1602294589240130	4
tower_0/v/cg/dropout0_1/dropout/dropout/mul	1602294589279140	23
tower_0/v/cg/conv1/BiasAdd	1602294589347892	14934
v/cg/conv10/conv2d/kernel	-1	-1
tower_0/v/gradients/tower_0/v/cg/affine1/xw_plus_b_grad/BiasAddGrad	1602294589782313	20
v/cg/affine2/biases	-1	-1
tower_0/v/gradients/tower_0/v/cg/conv8/BiasAdd_grad/BiasAddGrad	1602294590024045	691
tower_0/v/l2_loss/L2Loss_20	1602294589238080	52
average_loss/Mean	-1	-1
tower_0/v/gradients/tower_0/v/l2_loss/L2Loss_16_grad/mul	1602294589239852	35
tower_0/v/l2_loss/L2Loss_1	1602294589239941	4
tower_0/v/l2_loss/AddN	1602294589252673	37
append_apply_gradient_ops/GradientDescent/update_v/cg/conv2/conv2d/kernel/ApplyGradientDescent	1602294590930478	7
tower_0/v/cg/affine1/affine1	1602294589780573	9
tower_0/v/cg/conv2/BiasAdd	1602294589415366	7419
ConstantFolding/tower_0/v/gradients/tower_0/v/cg/conv1/conv2d/Conv2D_grad/ShapeN-matshapes-0	-1	-1
ConstantFolding/tower_0/v/gradients/tower_0/v/cg/conv11/conv2d/Conv2D_grad/ShapeN-matshapes-1	-1	-1
tower_0/v/gradients/tower_0/v/cg/conv1/conv2d/Conv2D_grad/Conv2DBackpropInput	1602294590935260	68708
v/cg/conv6/conv2d/kernel	-1	-1
v/cg/conv3/biases/read	-1	-1
tower_0/v/vgg16_synthetic_labels	1602294589237653	48
tower_0/v/gradients/tower_0/v/cg/conv4/BiasAdd_grad/BiasAddGrad	1602294590569607	1237
tower_0/v/gradients/AddN_12	1602294590021853	7
tower_0/v/gradients/tower_0/v/cg/dropout0/dropout/dropout/mul_grad/Mul	1602294589784840	31
tower_0/v/vgg16_synthetic_labels/min	-1	-1
tower_0/v/xentropy/sparse_softmax_cross_entropy_loss/num_present	-1	-1
tower_0/v/cg/mpool2/MaxPool	1602294589599120	2063
ConstantFolding/tower_0/v/gradients/tower_0/v/cg/conv5/conv2d/Conv2D_grad/ShapeN-matshapes-1	-1	-1
append_apply_gradient_ops/GradientDescent/update_v/cg/conv10/conv2d/kernel/ApplyGradientDescent	1602294589862068	60
tower_0/v/cg/conv10/Relu	1602294589753714	351
ConstantFolding/tower_0/v/gradients/tower_0/v/cg/conv3/conv2d/Conv2D_grad/ShapeN-matshapes-0	-1	-1
v/cg/conv6/conv2d/kernel/read	-1	-1
tower_0/v/gradients/AddN	1602294589781981	8
tower_0/v/gradients/tower_0/v/cg/conv9/conv2d/Conv2D_grad/Conv2DBackpropInput	1602294589862829	57979
tower_0/v/gradients/tower_0/v/l2_loss/L2Loss_6_grad/mul	1602294589239973	5
average_loss/Mean/_74	1602294589784831	5
tower_0/v/gradients/tower_0/v/cg/conv12/conv2d/Conv2D_grad/Conv2DBackpropFilter	1602294589811031	9509
v/cg/conv11/biases/read	-1	-1
tower_0/v/l2_loss/L2Loss_21	1602294589241334	4
v/cg/conv3/conv2d/kernel	-1	-1
learning_rate_tensor/input	-1	-1
tower_0/v/gradients/tower_0/v/cg/conv5/conv2d/Conv2D_grad/Conv2DBackpropInput	1602294590506100	59075
tower_0/v/cg/dropout0/dropout/dropout/truediv	-1	-1
v/cg/conv8/conv2d/kernel/read	-1	-1
v/cg/affine2/biases/read	-1	-1
tower_0/v/cg/dropout0_1/dropout/dropout/GreaterEqual	1602294589252649	21
tower_0/v/gpu_cached_inputs/read	-1	-1
tower_0/v/gradients/tower_0/v/l2_loss/L2Loss_14_grad/mul	1602294589240003	19
v/cg/conv2/conv2d/kernel/read	-1	-1
tower_0/v/gradients/AddN_8	1602294589839184	8
tower_0/v/gradients/tower_0/v/l2_loss/L2Loss_21_grad/mul	1602294589241340	4
v/cg/conv0/conv2d/kernel	-1	-1
ConstantFolding/tower_0/v/gradients/tower_0/v/cg/conv1/conv2d/Conv2D_grad/ShapeN-matshapes-1	-1	-1
tower_0/v/l2_loss/L2Loss_19	1602294589241347	16
tower_0/v/gradients/tower_0/v/cg/conv10/conv2d/Conv2D_grad/Conv2DBackpropInput	1602294589840131	8152
tower_0/v/l2_loss/L2Loss_10	1602294589239914	16
tower_0/v/cg/conv12/conv2d/Conv2D	1602294589763383	8530
tower_0/v/gradients/tower_0/v/cg/conv12/BiasAdd_grad/BiasAddGrad	1602294589802552	337
tower_0/v/l2_loss/L2Loss_9	1602294589241305	4
tower_0/v/gradients/tower_0/v/cg/conv4/conv2d/Conv2D_grad/Conv2DBackpropFilter	1602294590589551	24992
tower_0/v/gradients/tower_0/v/l2_loss/L2Loss_15_grad/mul	1602294589240124	4
v/cg/affine1/biases/read	-1	-1
v/cg/conv5/biases/read	-1	-1
ConstantFolding/tower_0/v/gradients/tower_0/v/cg/conv2/conv2d/Conv2D_grad/ShapeN-matshapes-1	-1	-1
append_apply_gradient_ops/GradientDescent/update_v/cg/conv9/conv2d/kernel/ApplyGradientDescent	1602294590183105	59
tower_0/v/gradients/AddN_22	1602294590614547	6
tower_0/v/cg/conv6/Relu	1602294589596294	2823
tower_0/v/gradients/AddN_29	1602294591176935	6
tower_0/v/gradients/tower_0/v/cg/conv0/Relu_grad/ReluGrad	1602294591158740	18193
tower_0/v/gradients/tower_0/v/l2_loss/L2Loss_19_grad/mul	1602294589241384	16
tower_0/v/cg/conv7/BiasAdd	1602294589617832	1838
tower_0/v/gradients/tower_0/v/l2_loss/L2Loss_23_grad/mul	1602294589240136	4
append_apply_gradient_ops/GradientDescent/update_v/cg/conv7/conv2d/kernel/ApplyGradientDescent	1602294590230127	36
v/cg/conv11/biases	-1	-1
tower_0/v/gradients/tower_0/v/cg/Reshape_grad/Reshape	-1	-1
tower_0/v/gradients/tower_0/v/cg/affine1/xw_plus_b/MatMul_grad/MatMul_1	1602294589783492	919
v/cg/affine1/weights/read	-1	-1
tower_0/v/gradients/AddN_18	1602294590395667	8
tower_0/v/cg/conv10/BiasAdd	1602294589753255	455
tower_0/v/cg/conv4/BiasAdd	1602294589512946	3683
v/cg/affine2/weights	-1	-1
gpu_compute_stage_ops_group	-1	-1
tower_0/v/cg/conv5/conv2d/Conv2D	1602294589519457	33234
tower_0/v/l2_loss/L2Loss_24	1602294589240170	62
tower_0/v/l2_loss/L2Loss_16	1602294589239817	33
tower_0/v/cg/conv0/Relu	1602294589267710	11401
tower_0/v/l2_loss/L2Loss_25	1602294589240787	17
v/cg/conv12/biases	-1	-1
tower_0/v/l2_loss/L2Loss_22	1602294589240024	32
tower_0/v/cg/dropout0/dropout/dropout/random_uniform/mul	-1	-1
tower_0/v/gradients/tower_0/v/cg/conv11/conv2d/Conv2D_grad/Conv2DBackpropInput	1602294589821470	8142
tower_0/v/gradients/tower_0/v/l2_loss/L2Loss_20_grad/mul	1602294589238174	48
tower_0/v/l2_loss/L2Loss_6	1602294589239952	19
tower_0/v/gradients/AddN_24	1602294590791872	7
tower_0/v/xentropy/sparse_softmax_cross_entropy_loss/value	1602294589781971	7
v/cg/affine0/weights/read	-1	-1
tower_0/v/gradients/tower_0/v/cg/mpool2/MaxPool_grad/MaxPoolGrad	1602294590219122	6655
append_apply_gradient_ops/GradientDescent/update_v/cg/conv11/conv2d/kernel/ApplyGradientDescent	1602294589857779	56
append_apply_gradient_ops/GradientDescent/update_v/cg/conv1/conv2d/kernel/ApplyGradientDescent	1602294591204482	6
tower_0/v/cg/conv12/BiasAdd	1602294589771917	458
tower_0/v/gradients/tower_0/v/l2_loss/L2Loss_13_grad/mul	1602294589239894	4
tower_0/v/gradients/tower_0/v/l2_loss/L2Loss_29_grad/mul	1602294589241328	4
tower_0/v/gradients/tower_0/v/cg/affine0/xw_plus_b/MatMul_grad/MatMul	1602294589785311	5912
tower_0/v/gradients/tower_0/v/l2_loss/L2Loss_3_grad/mul	1602294589240101	4
ConstantFolding/tower_0/v/gradients/tower_0/v/cg/conv2/conv2d/Conv2D_grad/ShapeN-matshapes-0	-1	-1
tower_0/v/gradients/AddN_7	1602294589821059	57
tower_0/v/cg/mpool1/MaxPool	1602294589489162	4132
tower_0/v/cg/conv8/conv2d/Conv2D	1602294589621085	58078
tower_0/v/gradients/tower_0/v/cg/conv6/BiasAdd_grad/BiasAddGrad	1602294590230168	1238
tower_0/v/gradients/tower_0/v/cg/conv7/conv2d/Conv2D_grad/Conv2DBackpropInput	1602294590186043	16005
append_apply_gradient_ops/GradientDescent/update_v/cg/conv0/biases/ApplyGradientDescent	1602294591204502	4
v/cg/conv1/biases	-1	-1
tower_0/v/cg/conv1/conv2d/Conv2D	1602294589279166	68725
tower_0/v/cg/dropout0/dropout/dropout/random_uniform/RandomUniform	1602294589237783	36
tower_0/v/cg/dropout0/dropout/dropout/Shape	-1	-1
tower_0/v/cg/affine1/xw_plus_b	1602294589780542	29
append_apply_gradient_ops/GradientDescent/update_v/cg/affine2/biases/ApplyGradientDescent	1602294589782129	8
ConstantFolding/tower_0/v/gradients/tower_0/v/cg/conv3/conv2d/Conv2D_grad/ShapeN-matshapes-1	-1	-1
v/cg/conv12/conv2d/kernel	-1	-1
tower_0/v/gradients/AddN_9	1602294589839706	60
tower_0/v/gradients/AddN_28	1602294591158734	4
tower_0/v/l2_loss/L2Loss_27	1602294589238227	24
tower_0/v/gradients/tower_0/v/cg/conv3/Relu_grad/ReluGrad	1602294590624873	8863
tower_0/v/gradients/tower_0/v/l2_loss/L2Loss_22_grad/mul	1602294589240058	35
tower_0/v/gradients/tower_0/v/cg/affine1/xw_plus_b/MatMul_grad/MatMul	1602294589782343	1145
tower_0/v/cg/conv2/Relu	1602294589422788	5674
tower_0/v/cg/conv0/BiasAdd	1602294589252713	14940
tower_0/v/gradients/AddN_11	1602294589859896	61
tower_0/v/gradients/AddN_15	1602294590185269	61
tower_0/v/cg/affine0/affine0	1602294589779364	12
_SOURCE	-1	-1
tower_0/v/gradients/tower_0/v/l2_loss/L2Loss_25_grad/mul	1602294589240827	17
tower_0/v/gradients/tower_0/v/cg/conv6/conv2d/Conv2D_grad/Conv2DBackpropInput	1602294590231410	58984
tower_0/v/vgg16_synthetic_labels/shape	-1	-1
tower_0/v/cg/dropout0_1/dropout/dropout/mul_1	1602294589780586	27
append_apply_gradient_ops/GradientDescent/update_v/cg/affine1/weights/ApplyGradientDescent	1602294589784872	376
tower_0/v/gradients/tower_0/v/cg/mpool3/MaxPool_grad/MaxPoolGrad	1602294589857847	2047
tower_0/v/cg/conv12/Relu	1602294589772380	350
tower_0/v/cg/dropout0_1/dropout/dropout/random_uniform/mul	-1	-1
tower_0/v/cg/affine2/xw_plus_b	1602294589781050	11
tower_0/v/gradients/tower_0/v/l2_loss/L2Loss_2_grad/mul	1602294589240468	21
tower_0/v/cg/conv7/Relu	1602294589619673	1408
v/cg/conv8/conv2d/kernel	-1	-1
tower_0/v/l2_loss/L2Loss_5	1602294589239778	4
tower_0/v/gradients/AddN_16	1602294590219111	7
tower_0/v/cg/conv3/conv2d/Conv2D	1602294589428465	47623
tower_0/v/gradients/tower_0/v/cg/affine2/xw_plus_b_grad/BiasAddGrad	1602294589781308	18
tower_0/v/gradients/tower_0/v/cg/conv4/conv2d/Conv2D_grad/Conv2DBackpropInput	1602294590570847	18699
ConstantFolding/tower_0/v/gradients/tower_0/v/cg/conv8/conv2d/Conv2D_grad/ShapeN-matshapes-1	-1	-1
v/cg/conv2/conv2d/kernel	-1	-1
tower_0/v/cg/conv9/conv2d/Conv2D	1602294589682411	58002
v/cg/conv8/biases/read	-1	-1
tower_0/v/gradients/AddN_10	1602294589857837	7
tower_0/v/gradients/AddN_13	1602294590023962	60
tower_0/v/cg/conv2/conv2d/Conv2D	1602294589382116	33248
v/cg/conv8/biases	-1	-1
tower_0/v/gradients/tower_0/v/xentropy/sparse_softmax_cross_entropy_loss/xentropy/xentropy_grad/ExpandDims	-1	-1
tower_0/v/gradients/tower_0/v/cg/conv3/conv2d/Conv2D_grad/Conv2DBackpropInput	1602294590636204	47561
v/cg/conv5/biases	-1	-1
tower_0/v/gradients/tower_0/v/cg/mpool1/MaxPool_grad/MaxPoolGrad	1602294590614557	10289
tower_0/v/gradients/tower_0/v/cg/conv2/BiasAdd_grad/BiasAddGrad	1602294590800792	2434
v/cg/conv9/conv2d/kernel/read	-1	-1
tower_0/v/cg/dropout0/dropout/dropout/mul	1602294589279116	22
tower_0/v/l2_loss/L2Loss_4	1602294589241284	14
tower_0/v/gradients/tower_0/v/l2_loss/L2Loss_17_grad/mul	1602294589240159	4
tower_0/v/gradients/tower_0/v/cg/conv1/conv2d/Conv2D_grad/Conv2DBackpropFilter	1602294591003970	154762
tower_0/v/cg/conv8/BiasAdd	1602294589679165	1835
tower_0/v/gradients/tower_0/v/cg/conv10/conv2d/Conv2D_grad/Conv2DBackpropFilter	1602294589848287	9489
tower_0/v/gradients/tower_0/v/cg/conv7/Relu_grad/ReluGrad	1602294590183177	2088
tower_0/v/cg/dropout0_1/dropout/dropout/random_uniform/RandomUniform	1602294589237840	33
tower_0/v/cg/dropout0/dropout/dropout/mul_1	1602294589779378	24
append_apply_gradient_ops/GradientDescent/update_v/cg/conv6/conv2d/kernel/ApplyGradientDescent	1602294590565176	20
tower_0/v/cg/conv11/conv2d/Conv2D	1602294589754069	8484
v/cg/conv4/biases	-1	-1
tower_0/v/l2_loss/L2Loss_28	1602294589240885	139
tower_0/v/gradients/tower_0/v/cg/affine0/xw_plus_b_grad/BiasAddGrad	1602294589785286	22
ConstantFolding/tower_0/v/gradients/tower_0/v/cg/conv11/conv2d/Conv2D_grad/ShapeN-matshapes-0	-1	-1
tower_0/v/gradients/AddN_1	1602294589782017	99
tower_0/v/gradients/AddN_21	1602294590565197	23
tower_0/v/gradients/tower_0/v/cg/conv3/BiasAdd_grad/BiasAddGrad	1602294590633761	2440
tower_0/v/gradients/tower_0/v/l2_loss/L2Loss_7_grad/mul	1602294589240113	4
tower_0/v/cg/dropout0/dropout/dropout/GreaterEqual	1602294589252622	24
tower_0/v/gradients/tower_0/v/cg/conv0/conv2d/Conv2D_grad/Conv2DBackpropFilter	1602294591181731	22750
ConstantFolding/tower_0/v/gradients/tower_0/v/cg/conv6/conv2d/Conv2D_grad/ShapeN-matshapes-0	-1	-1
tower_0/v/mul/x	-1	-1
v/cg/conv9/biases/read	-1	-1
append_apply_gradient_ops/GradientDescent/update_v/cg/conv8/biases/ApplyGradientDescent	1602294590185332	7
tower_0/v/gradients/tower_0/v/cg/conv9/Relu_grad/ReluGrad	1602294589859970	2096
tower_0/v/gradients/AddN_3	1602294589784450	378
tower_0/v/l2_loss/L2Loss_8	1602294589240539	40
average_loss/Mean/input	-1	-1
tower_0/v/gradients/AddN_19	1602294590399993	21
v/cg/conv11/conv2d/kernel/read	-1	-1
tower_0/v/gradients/tower_0/v/l2_loss/L2Loss_1_grad/mul	1602294589239947	4
tower_0/v/transpose/perm	-1	-1
tower_0/v/gradients/tower_0/v/l2_loss/L2Loss_5_grad/mul	1602294589239784	4
tower_0/v/gradients/tower_0/v/l2_loss/L2Loss_26_grad/mul	1602294589242168	1600
tower_0/v/gradients/tower_0/v/cg/conv6/conv2d/Conv2D_grad/Conv2DBackpropFilter	1602294590290400	105263
append_apply_gradient_ops/GradientDescent/update_v/cg/conv11/biases/ApplyGradientDescent	1602294589839769	8
v/cg/conv0/biases	-1	-1
tower_0/v/cg/conv5/BiasAdd	1602294589552696	3667
tower_0/v/gradients/tower_0/v/cg/conv1/BiasAdd_grad/BiasAddGrad	1602294590930491	4767
tower_0/v/gradients/tower_0/v/cg/dropout0_1/dropout/dropout/mul_grad/Mul	1602294589782139	31
tower_0/v/gradients/tower_0/v/l2_loss/L2Loss_31_grad/mul	1602294589240359	18
tower_0/v/gradients/AddN_25	1602294590800762	12
tower_0/v/cg/mpool0/MaxPool	1602294589374238	7876
average_loss/range	-1	-1
tower_0/v/gradients/tower_0/v/cg/mpool0/MaxPool_grad/MaxPoolGrad	1602294590891942	20265
tower_0/v/gradients/AddN_31	1602294591204496	4
tower_0/v/gradients/tower_0/v/cg/conv8/conv2d/Conv2D_grad/Conv2DBackpropFilter	1602294590082677	100425
v/cg/conv9/conv2d/kernel	-1	-1
tower_0/v/mul	1602294589267701	7
tower_0/v/gradients/tower_0/v/cg/conv7/BiasAdd_grad/BiasAddGrad	1602294590185352	688
v/cg/conv1/biases/read	-1	-1
tower_0/v/l2_loss/L2Loss_12	1602294589239789	16
tower_0/v/gradients/tower_0/v/cg/conv0/BiasAdd_grad/BiasAddGrad	1602294591176957	4768
ConstantFolding/tower_0/v/gradients/tower_0/v/cg/conv6/conv2d/Conv2D_grad/ShapeN-matshapes-1	-1	-1
tower_0/v/gradients/tower_0/v/cg/conv4/Relu_grad/ReluGrad	1602294590565233	4332
tower_0/v/gradients/tower_0/v/cg/conv11/conv2d/Conv2D_grad/Conv2DBackpropFilter	1602294589829616	9493
tower_0/v/gradients/AddN_27	1602294590912210	7
tower_0/v/gradients/tower_0/v/cg/affine2/xw_plus_b/MatMul_grad/MatMul_1	1602294589781708	262
tower_0/v/cg/conv6/BiasAdd	1602294589592595	3697
ConstantFolding/tower_0/v/gradients/tower_0/v/cg/conv5/conv2d/Conv2D_grad/ShapeN-matshapes-0	-1	-1
append_apply_gradient_ops/GradientDescent/update_v/cg/conv9/biases/ApplyGradientDescent	1602294590024025	7
v/cg/conv6/biases	-1	-1
tower_0/v/gradients/tower_0/v/cg/conv8/Relu_grad/ReluGrad	1602294590021863	2096
v/cg/conv11/conv2d/kernel	-1	-1
v/cg/affine0/biases/read	-1	-1
v/cg/conv10/conv2d/kernel/read	-1	-1
v/cg/conv5/conv2d/kernel	-1	-1
v/cg/conv0/conv2d/kernel/read	-1	-1
tower_0/v/l2_loss/L2Loss	1602294589239900	7
train_ops_group	-1	-1
tower_0/v/gradients/tower_0/v/l2_loss/L2Loss_4_grad/mul	1602294589241299	4
tower_0/v/cg/conv10/conv2d/Conv2D	1602294589744735	8516
tower_0/v/cg/conv7/conv2d/Conv2D	1602294589601185	16642
append_apply_gradient_ops/GradientDescent/update_v/cg/conv4/conv2d/kernel/ApplyGradientDescent	1602294590633739	16
v/cg/affine1/biases	-1	-1
tower_0/v/gradients/tower_0/v/cg/conv8/conv2d/Conv2D_grad/Conv2DBackpropInput	1602294590024738	57933
tower_0/v/cg/affine0/xw_plus_b	1602294589779335	24
