tower_0/v/cg/conv4/Relu
tower_0/v/gradients/tower_0/v/l2_loss/L2Loss_24_grad/mul
	9.0
ConstantFolding/tower_0/v/gradients/tower_0/v/cg/conv7/conv2d/Conv2D_grad/ShapeN-matshapes-1
tower_0/v/gradients/tower_0/v/l2_loss/L2Loss_18_grad/mul
	9.0
tower_0/v/gradients/tower_0/v/cg/conv12/conv2d/Conv2D_grad/Conv2DBackpropInput
	85.75
	10.5
	85.75
	837.0
tower_0/v/cg/dropout0_1/dropout/dropout/Cast
	3.5
tower_0/v/gradients/tower_0/v/cg/conv9/BiasAdd_grad/BiasAddGrad
	0.00244140625
	392.000244140625
tower_0/v/cg/mpool4/MaxPool
	21.4375
v/cg/conv2/biases/read
tower_0/v/gradients/tower_0/v/l2_loss/L2Loss_9_grad/mul
	0.0009765625
tower_0/v/cg/conv9/Relu
append_apply_gradient_ops/GradientDescent/update_v/cg/conv3/conv2d/kernel/ApplyGradientDescent
tower_0/v/cg/conv6/conv2d/Conv2D
	686.0
	2.25
	1224.046875
tower_0/v/gradients/tower_0/v/cg/conv12/Relu_grad/ReluGrad
tower_0/v/gradients/tower_0/v/l2_loss/L2Loss_8_grad/mul
	1.125
tower_0/v/l2_loss/L2Loss_26
	0.000244140625
	0.0087890625
tower_0/v/l2_loss/L2Loss_2
	0.000244140625
	0.000244140625
tower_0/v/cg/conv11/Relu
tower_0/v/l2_loss/L2Loss_3
	0.000244140625
tower_0/v/gradients/tower_0/v/l2_loss/L2Loss_28_grad/mul
	64.0
tower_0/v/gradients/tower_0/v/cg/conv5/Relu_grad/ReluGrad
tower_0/v/gradients/tower_0/v/cg/affine0/xw_plus_b/MatMul_grad/MatMul_1
	392.0
append_apply_gradient_ops/GradientDescent/update_v/cg/conv2/biases/ApplyGradientDescent
tower_0/v/l2_loss/L2Loss_15
	0.000244140625
append_apply_gradient_ops/GradientDescent/update_v/cg/conv5/biases/ApplyGradientDescent
tower_0/v/gradients/AddN_20
append_apply_gradient_ops/GradientDescent/update_v/cg/conv12/biases/ApplyGradientDescent
ConstantFolding/tower_0/v/gradients/tower_0/v/cg/conv9/conv2d/Conv2D_grad/ShapeN-matshapes-0
tower_0/v/add
append_apply_gradient_ops/GradientDescent/update_v/cg/conv5/conv2d/kernel/ApplyGradientDescent
v/cg/conv3/biases
tower_0/v/gradients/tower_0/v/cg/affine1/affine1_grad/ReluGrad
tower_0/v/cg/conv1/Relu
tower_0/v/gradients/tower_0/v/l2_loss/L2Loss_10_grad/mul
	2.25
tower_0/v/gradients/tower_0/v/cg/dropout0/dropout/dropout/mul_1_grad/Mul
tower_0/v/cg/Reshape
tower_0/v/gradients/tower_0/v/cg/affine0/affine0_grad/ReluGrad
tower_0/v/l2_loss/L2Loss_18
	0.000244140625
	0.0087890625
tower_0/v/l2_loss/L2Loss_14
	0.000244140625
	0.0087890625
append_apply_gradient_ops/GradientDescent/update_v/cg/conv10/biases/ApplyGradientDescent
tower_0/v/gradients/AddN_23
tower_0/v/gradients/tower_0/v/l2_loss/L2Loss_grad/mul
	0.006591796875
v/cg/affine0/weights
v/cg/conv1/conv2d/kernel
main_fetch_group
ConstantFolding/tower_0/v/gradients/tower_0/v/cg/conv4/conv2d/Conv2D_grad/ShapeN-matshapes-1
v/cg/affine0/biases
ConstantFolding/tower_0/v/gradients/tower_0/v/cg/conv4/conv2d/Conv2D_grad/ShapeN-matshapes-0
v/cg/conv7/biases/read
ConstantFolding/tower_0/v/gradients/tower_0/v/cg/conv12/conv2d/Conv2D_grad/ShapeN-matshapes-1
tower_0/v/gradients/tower_0/v/cg/conv7/conv2d/Conv2D_grad/Conv2DBackpropFilter
	4.5
	4.50048828125
	1175.625
v/cg/affine1/weights
tower_0/v/gradients/tower_0/v/xentropy/sparse_softmax_cross_entropy_loss/xentropy/xentropy_grad/mul
tower_0/v/gradients/AddN_30
ConstantFolding/average_loss/Mean/input_const_axis
v/cg/conv6/biases/read
v/cg/conv4/biases/read
tower_0/v/gradients/tower_0/v/cg/conv1/Relu_grad/ReluGrad
ConstantFolding/tower_0/v/gradients/tower_0/v/cg/conv9/conv2d/Conv2D_grad/ShapeN-matshapes-1
tower_0/v/gradients/tower_0/v/cg/conv2/conv2d/Conv2D_grad/Conv2DBackpropInput
	686.0
	0.28125
	686.0
	392.021728515625
append_apply_gradient_ops/GradientDescent/update_v/cg/conv1/biases/ApplyGradientDescent
append_apply_gradient_ops/GradientDescent/update_v/cg/affine0/weights/ApplyGradientDescent
append_apply_gradient_ops/GradientDescent/update_v/cg/conv8/conv2d/kernel/ApplyGradientDescent
tower_0/v/gradients/tower_0/v/cg/conv11/Relu_grad/ReluGrad
tower_0/v/gradients/tower_0/v/cg/conv10/Relu_grad/ReluGrad
tower_0/v/gradients/tower_0/v/cg/conv11/BiasAdd_grad/BiasAddGrad
	0.001953125
tower_0/v/transpose
	128.625
ConstantFolding/tower_0/v/gradients/tower_0/v/cg/conv10/conv2d/Conv2D_grad/ShapeN-matshapes-1
ConstantFolding/tower_0/v/gradients/tower_0/v/cg/conv0/conv2d/Conv2D_grad/ShapeN-matshapes-1
tower_0/v/gradients/tower_0/v/cg/dropout0_1/dropout/dropout/mul_1_grad/Mul
append_apply_gradient_ops/GradientDescent/update_v/cg/conv0/conv2d/kernel/ApplyGradientDescent
tower_0/v/xentropy/sparse_softmax_cross_entropy_loss/xentropy/xentropy
	0.0009765625
	0.0009765625
tower_0/v/cg/dropout0/dropout/dropout/rate
ConstantFolding/tower_0/v/gradients/tower_0/v/cg/conv10/conv2d/Conv2D_grad/ShapeN-matshapes-0
v/cg/conv7/conv2d/kernel
tower_0/v/gradients/AddN_5
tower_0/v/gradients/tower_0/v/cg/conv6/Relu_grad/ReluGrad
v/cg/conv10/biases
v/cg/conv7/biases
tower_0/v/gradients/tower_0/v/cg/conv2/conv2d/Conv2D_grad/Conv2DBackpropFilter
	0.28125
	0.28125
	0.008544921875
tower_0/v/gradients/tower_0/v/cg/Reshape_grad/Shape
append_apply_gradient_ops/GradientDescent/update_v/cg/conv4/biases/ApplyGradientDescent
tower_0/v/cg/conv3/Relu
tower_0/v/gradients/tower_0/v/cg/conv5/BiasAdd_grad/BiasAddGrad
	0.0009765625
	686.0
	0.000244140625
	0.00390625
tower_0/v/gradients/tower_0/v/cg/mpool4/MaxPool_grad/MaxPoolGrad
	85.75
tower_0/v/cg/affine1/xw_plus_b/MatMul
	3.5
tower_0/v/gradients/tower_0/v/cg/affine2/xw_plus_b/MatMul_grad/MatMul
	3.5
v/cg/conv9/biases
tower_0/v/l2_loss/L2Loss_29
	0.000244140625
tower_0/v/l2_loss/L2Loss_17
	0.000244140625
tower_0/v/gradients/AddN_17
v/cg/conv4/conv2d/kernel
v/cg/conv12/biases/read
tower_0/v/vgg16_synthetic_labels/max
tower_0/v/cg/affine2/xw_plus_b/MatMul
	0.875
tower_0/v/gradients/tower_0/v/cg/conv3/conv2d/Conv2D_grad/Conv2DBackpropFilter
	0.5625
	0.5625
	0.008544921875
tower_0/v/cg/Reshape/shape
tower_0/v/cg/conv4/conv2d/Conv2D
	686.0
	1.125
	850.046875
tower_0/v/cg/conv8/Relu
v/cg/conv10/biases/read
tower_0/v/cg/conv11/BiasAdd
tower_0/v/gradients/tower_0/v/cg/conv10/BiasAdd_grad/BiasAddGrad
	0.00244140625
ConstantFolding/tower_0/v/gradients/tower_0/v/cg/conv12/conv2d/Conv2D_grad/ShapeN-matshapes-0
append_apply_gradient_ops/GradientDescent/update_v/cg/affine2/weights/ApplyGradientDescent
tower_0/v/cg/dropout0/dropout/dropout/Cast
	6.125244140625
tower_0/v/l2_loss/L2Loss_13
	0.000244140625
tower_0/v/cg/conv5/Relu
tower_0/v/l2_loss/L2Loss_7
	0.000244140625
tower_0/v/gpu_cached_inputs
tower_0/v/gradients/tower_0/v/l2_loss/L2Loss_30_grad/mul
	15.640625
v/cg/conv0/biases/read
tower_0/v/gradients/AddN_26
tower_0/v/gradients/AddN_14
tower_0/v/xentropy/sparse_softmax_cross_entropy_loss/Sum
	0.000244140625
v/cg/conv5/conv2d/kernel/read
tower_0/v/l2_loss/L2Loss_30
	0.000244140625
	0.0087890625
tower_0/v/gradients/tower_0/v/cg/conv5/conv2d/Conv2D_grad/Conv2DBackpropFilter
	2.250244140625
	2.25
	0.005615234375
tower_0/v/l2_loss/L2Loss_11
	0.000244140625
append_apply_gradient_ops/GradientDescent/update_v/cg/conv12/conv2d/kernel/ApplyGradientDescent
ConstantFolding/tower_0/v/gradients/tower_0/v/cg/conv7/conv2d/Conv2D_grad/ShapeN-matshapes-0
v/cg/affine2/weights/read
v/cg/conv1/conv2d/kernel/read
main_fetch_group/_70
append_apply_gradient_ops/GradientDescent/update_v/cg/conv7/biases/ApplyGradientDescent
append_apply_gradient_ops/GradientDescent/update_v/cg/affine1/biases/ApplyGradientDescent
append_apply_gradient_ops/GradientDescent
tower_0/v/gradients/AddN_6
ConstantFolding/tower_0/v/gradients/tower_0/v/cg/conv8/conv2d/Conv2D_grad/ShapeN-matshapes-0
tower_0/v/gradients/AddN_4
tower_0/v/cg/conv0/conv2d/Conv2D
	2744.0
	0.006591796875
	0.287353515625
v/cg/conv2/biases
tower_0/v/gradients/tower_0/v/cg/conv9/conv2d/Conv2D_grad/Conv2DBackpropFilter
	9.00048828125
	9.004638671875
	0.00439453125
v/cg/conv4/conv2d/kernel/read
tower_0/v/l2_loss/L2Loss_31
	0.000244140625
tower_0/v/cg/affine0/xw_plus_b/MatMul
	3.5
v/cg/conv12/conv2d/kernel/read
tower_0/v/gradients/tower_0/v/l2_loss/L2Loss_27_grad/mul
	0.015625
append_apply_gradient_ops/GradientDescent/update_v/cg/conv6/biases/ApplyGradientDescent
tower_0/v/cg/conv3/BiasAdd
tower_0/v/xentropy/sparse_softmax_cross_entropy_loss/Mul
append_apply_gradient_ops/GradientDescent/update_v/cg/conv3/biases/ApplyGradientDescent
v/cg/conv3/conv2d/kernel/read
tower_0/v/cg/conv9/BiasAdd
tower_0/v/gradients/tower_0/v/cg/conv2/Relu_grad/ReluGrad
tower_0/v/gradients/tower_0/v/l2_loss/L2Loss_12_grad/mul
	2.25
tower_0/v/gradients/tower_0/v/l2_loss/L2Loss_11_grad/mul
	0.0009765625
append_apply_gradient_ops/GradientDescent/update_v/cg/affine0/biases/ApplyGradientDescent
v/cg/conv7/conv2d/kernel/read
tower_0/v/cg/mpool3/MaxPool
	85.75
tower_0/v/gradients/AddN_2
tower_0/v/l2_loss/L2Loss_23
	0.000244140625
tower_0/v/cg/dropout0_1/dropout/dropout/mul
	3.5
tower_0/v/cg/conv1/BiasAdd
v/cg/conv10/conv2d/kernel
tower_0/v/gradients/tower_0/v/cg/affine1/xw_plus_b_grad/BiasAddGrad
	0.015625
v/cg/affine2/biases
tower_0/v/gradients/tower_0/v/cg/conv8/BiasAdd_grad/BiasAddGrad
	0.00244140625
	343.0
tower_0/v/l2_loss/L2Loss_20
	0.000244140625
	0.0087890625
average_loss/Mean
tower_0/v/gradients/tower_0/v/l2_loss/L2Loss_16_grad/mul
	9.0
tower_0/v/l2_loss/L2Loss_1
	0.000244140625
tower_0/v/l2_loss/AddN
append_apply_gradient_ops/GradientDescent/update_v/cg/conv2/conv2d/kernel/ApplyGradientDescent
tower_0/v/cg/affine1/affine1
tower_0/v/cg/conv2/BiasAdd
ConstantFolding/tower_0/v/gradients/tower_0/v/cg/conv1/conv2d/Conv2D_grad/ShapeN-matshapes-0
ConstantFolding/tower_0/v/gradients/tower_0/v/cg/conv11/conv2d/Conv2D_grad/ShapeN-matshapes-1
tower_0/v/gradients/tower_0/v/cg/conv1/conv2d/Conv2D_grad/Conv2DBackpropInput
	2744.0
	0.140625
	2744.0
	0.390869140625
v/cg/conv6/conv2d/kernel
v/cg/conv3/biases/read
tower_0/v/vgg16_synthetic_labels
	0.0009765625
tower_0/v/gradients/tower_0/v/cg/conv4/BiasAdd_grad/BiasAddGrad
	0.0009765625
	686.0
	0.000244140625
	0.00390625
tower_0/v/gradients/AddN_12
tower_0/v/gradients/tower_0/v/cg/dropout0/dropout/dropout/mul_grad/Mul
tower_0/v/vgg16_synthetic_labels/min
tower_0/v/xentropy/sparse_softmax_cross_entropy_loss/num_present
tower_0/v/cg/mpool2/MaxPool
	171.5
ConstantFolding/tower_0/v/gradients/tower_0/v/cg/conv5/conv2d/Conv2D_grad/ShapeN-matshapes-1
append_apply_gradient_ops/GradientDescent/update_v/cg/conv10/conv2d/kernel/ApplyGradientDescent
tower_0/v/cg/conv10/Relu
ConstantFolding/tower_0/v/gradients/tower_0/v/cg/conv3/conv2d/Conv2D_grad/ShapeN-matshapes-0
v/cg/conv6/conv2d/kernel/read
tower_0/v/gradients/AddN
tower_0/v/gradients/tower_0/v/cg/conv9/conv2d/Conv2D_grad/Conv2DBackpropInput
	392.000244140625
	9.00048828125
	428.75
	31.657958984375
tower_0/v/gradients/tower_0/v/l2_loss/L2Loss_6_grad/mul
	0.5625
average_loss/Mean/_74
tower_0/v/gradients/tower_0/v/cg/conv12/conv2d/Conv2D_grad/Conv2DBackpropFilter
	10.5
	15.65673828125
	661.75
v/cg/conv11/biases/read
tower_0/v/l2_loss/L2Loss_21
	0.000244140625
v/cg/conv3/conv2d/kernel
learning_rate_tensor/input
tower_0/v/gradients/tower_0/v/cg/conv5/conv2d/Conv2D_grad/Conv2DBackpropInput
	686.0
	2.25
	686.0
	9.0068359375
tower_0/v/cg/dropout0/dropout/dropout/truediv
v/cg/conv8/conv2d/kernel/read
v/cg/affine2/biases/read
tower_0/v/cg/dropout0_1/dropout/dropout/GreaterEqual
	0.875
tower_0/v/gpu_cached_inputs/read
tower_0/v/gradients/tower_0/v/l2_loss/L2Loss_14_grad/mul
	4.5
v/cg/conv2/conv2d/kernel/read
tower_0/v/gradients/AddN_8
tower_0/v/gradients/tower_0/v/l2_loss/L2Loss_21_grad/mul
	0.001953125
v/cg/conv0/conv2d/kernel
ConstantFolding/tower_0/v/gradients/tower_0/v/cg/conv1/conv2d/Conv2D_grad/ShapeN-matshapes-1
tower_0/v/l2_loss/L2Loss_19
	0.000244140625
tower_0/v/gradients/tower_0/v/cg/conv10/conv2d/Conv2D_grad/Conv2DBackpropInput
	85.75
	9.00048828125
	85.75
	837.0
tower_0/v/l2_loss/L2Loss_10
	0.000244140625
	0.0087890625
tower_0/v/cg/conv12/conv2d/Conv2D
	85.75
	9.0
	837.0
tower_0/v/gradients/tower_0/v/cg/conv12/BiasAdd_grad/BiasAddGrad
	0.001953125
tower_0/v/l2_loss/L2Loss_9
	0.000244140625
tower_0/v/gradients/tower_0/v/cg/conv4/conv2d/Conv2D_grad/Conv2DBackpropFilter
	2.24951171875
	1.125
	2319.75
tower_0/v/gradients/tower_0/v/l2_loss/L2Loss_15_grad/mul
	0.001953125
v/cg/affine1/biases/read
v/cg/conv5/biases/read
ConstantFolding/tower_0/v/gradients/tower_0/v/cg/conv2/conv2d/Conv2D_grad/ShapeN-matshapes-1
append_apply_gradient_ops/GradientDescent/update_v/cg/conv9/conv2d/kernel/ApplyGradientDescent
tower_0/v/gradients/AddN_22
tower_0/v/cg/conv6/Relu
tower_0/v/gradients/AddN_29
tower_0/v/gradients/tower_0/v/cg/conv0/Relu_grad/ReluGrad
tower_0/v/gradients/tower_0/v/l2_loss/L2Loss_19_grad/mul
	0.001953125
tower_0/v/cg/conv7/BiasAdd
tower_0/v/gradients/tower_0/v/l2_loss/L2Loss_23_grad/mul
	0.001953125
append_apply_gradient_ops/GradientDescent/update_v/cg/conv7/conv2d/kernel/ApplyGradientDescent
v/cg/conv11/biases
tower_0/v/gradients/tower_0/v/cg/Reshape_grad/Reshape
tower_0/v/gradients/tower_0/v/cg/affine1/xw_plus_b/MatMul_grad/MatMul_1
	64.0
v/cg/affine1/weights/read
tower_0/v/gradients/AddN_18
tower_0/v/cg/conv10/BiasAdd
tower_0/v/cg/conv4/BiasAdd
v/cg/affine2/weights
gpu_compute_stage_ops_group
tower_0/v/cg/conv5/conv2d/Conv2D
	686.0
	2.25
	1224.046875
tower_0/v/l2_loss/L2Loss_24
	0.000244140625
	0.0087890625
tower_0/v/l2_loss/L2Loss_16
	0.000244140625
	0.0087890625
tower_0/v/cg/conv0/Relu
tower_0/v/l2_loss/L2Loss_25
	0.000244140625
v/cg/conv12/biases
tower_0/v/l2_loss/L2Loss_22
	0.000244140625
	0.0087890625
tower_0/v/cg/dropout0/dropout/dropout/random_uniform/mul
tower_0/v/gradients/tower_0/v/cg/conv11/conv2d/Conv2D_grad/Conv2DBackpropInput
	134.750244140625
	9.004638671875
	85.75
	837.0
tower_0/v/gradients/tower_0/v/l2_loss/L2Loss_20_grad/mul
	9.0
tower_0/v/l2_loss/L2Loss_6
	0.000244140625
	0.000244140625
tower_0/v/gradients/AddN_24
tower_0/v/xentropy/sparse_softmax_cross_entropy_loss/value
v/cg/affine0/weights/read
tower_0/v/gradients/tower_0/v/cg/mpool2/MaxPool_grad/MaxPoolGrad
	686.0
append_apply_gradient_ops/GradientDescent/update_v/cg/conv11/conv2d/kernel/ApplyGradientDescent
append_apply_gradient_ops/GradientDescent/update_v/cg/conv1/conv2d/kernel/ApplyGradientDescent
tower_0/v/cg/conv12/BiasAdd
tower_0/v/gradients/tower_0/v/l2_loss/L2Loss_13_grad/mul
	0.0009765625
tower_0/v/gradients/tower_0/v/l2_loss/L2Loss_29_grad/mul
	0.015625
tower_0/v/gradients/tower_0/v/cg/affine0/xw_plus_b/MatMul_grad/MatMul
	21.4375
tower_0/v/gradients/tower_0/v/l2_loss/L2Loss_3_grad/mul
	0.000244140625
ConstantFolding/tower_0/v/gradients/tower_0/v/cg/conv2/conv2d/Conv2D_grad/ShapeN-matshapes-0
tower_0/v/gradients/AddN_7
tower_0/v/cg/mpool1/MaxPool
	343.0
tower_0/v/cg/conv8/conv2d/Conv2D
	343.0
	9.0
	25.001953125
tower_0/v/gradients/tower_0/v/cg/conv6/BiasAdd_grad/BiasAddGrad
	0.0009765625
	686.0
	0.000244140625
	0.00390625
tower_0/v/gradients/tower_0/v/cg/conv7/conv2d/Conv2D_grad/Conv2DBackpropInput
	171.5
	4.5
	171.5
	1175.625
append_apply_gradient_ops/GradientDescent/update_v/cg/conv0/biases/ApplyGradientDescent
v/cg/conv1/biases
tower_0/v/cg/conv1/conv2d/Conv2D
	2744.0
	0.140625
	0.734375
tower_0/v/cg/dropout0/dropout/dropout/random_uniform/RandomUniform
	3.5
tower_0/v/cg/dropout0/dropout/dropout/Shape
tower_0/v/cg/affine1/xw_plus_b
append_apply_gradient_ops/GradientDescent/update_v/cg/affine2/biases/ApplyGradientDescent
ConstantFolding/tower_0/v/gradients/tower_0/v/cg/conv3/conv2d/Conv2D_grad/ShapeN-matshapes-1
v/cg/conv12/conv2d/kernel
tower_0/v/gradients/AddN_9
tower_0/v/gradients/AddN_28
tower_0/v/l2_loss/L2Loss_27
	0.000244140625
tower_0/v/gradients/tower_0/v/cg/conv3/Relu_grad/ReluGrad
tower_0/v/gradients/tower_0/v/l2_loss/L2Loss_22_grad/mul
	9.0
tower_0/v/gradients/tower_0/v/cg/affine1/xw_plus_b/MatMul_grad/MatMul
	3.5
tower_0/v/cg/conv2/Relu
tower_0/v/cg/conv0/BiasAdd
tower_0/v/gradients/AddN_11
tower_0/v/gradients/AddN_15
tower_0/v/cg/affine0/affine0
_SOURCE
tower_0/v/gradients/tower_0/v/l2_loss/L2Loss_25_grad/mul
	0.001953125
tower_0/v/gradients/tower_0/v/cg/conv6/conv2d/Conv2D_grad/Conv2DBackpropInput
	686.0
	2.25
	686.0
	6.75048828125
tower_0/v/vgg16_synthetic_labels/shape
tower_0/v/cg/dropout0_1/dropout/dropout/mul_1
append_apply_gradient_ops/GradientDescent/update_v/cg/affine1/weights/ApplyGradientDescent
tower_0/v/gradients/tower_0/v/cg/mpool3/MaxPool_grad/MaxPoolGrad
	343.0
tower_0/v/cg/conv12/Relu
tower_0/v/cg/dropout0_1/dropout/dropout/random_uniform/mul
tower_0/v/cg/affine2/xw_plus_b
tower_0/v/gradients/tower_0/v/l2_loss/L2Loss_2_grad/mul
	0.140625
tower_0/v/cg/conv7/Relu
v/cg/conv8/conv2d/kernel
tower_0/v/l2_loss/L2Loss_5
	0.000244140625
tower_0/v/gradients/AddN_16
tower_0/v/cg/conv3/conv2d/Conv2D
	1372.0
	0.875
	544.046875
tower_0/v/gradients/tower_0/v/cg/affine2/xw_plus_b_grad/BiasAddGrad
	0.00390625
tower_0/v/gradients/tower_0/v/cg/conv4/conv2d/Conv2D_grad/Conv2DBackpropInput
	392.0205078125
	2.24951171875
	343.0
	850.046875
ConstantFolding/tower_0/v/gradients/tower_0/v/cg/conv8/conv2d/Conv2D_grad/ShapeN-matshapes-1
v/cg/conv2/conv2d/kernel
tower_0/v/cg/conv9/conv2d/Conv2D
	343.0
	9.0
	25.001953125
v/cg/conv8/biases/read
tower_0/v/gradients/AddN_10
tower_0/v/gradients/AddN_13
tower_0/v/cg/conv2/conv2d/Conv2D
	1372.0
	0.28125
	0.78173828125
v/cg/conv8/biases
tower_0/v/gradients/tower_0/v/xentropy/sparse_softmax_cross_entropy_loss/xentropy/xentropy_grad/ExpandDims
tower_0/v/gradients/tower_0/v/cg/conv3/conv2d/Conv2D_grad/Conv2DBackpropInput
	1372.0
	0.5625
	1372.0
	544.046875
v/cg/conv5/biases
tower_0/v/gradients/tower_0/v/cg/mpool1/MaxPool_grad/MaxPoolGrad
	1372.0
tower_0/v/gradients/tower_0/v/cg/conv2/BiasAdd_grad/BiasAddGrad
	0.00048828125
	1372.0
	0.000244140625
	0.001953125
v/cg/conv9/conv2d/kernel/read
tower_0/v/cg/dropout0/dropout/dropout/mul
	3.5
tower_0/v/l2_loss/L2Loss_4
	0.000244140625
	0.000244140625
tower_0/v/gradients/tower_0/v/l2_loss/L2Loss_17_grad/mul
	0.001953125
tower_0/v/gradients/tower_0/v/cg/conv1/conv2d/Conv2D_grad/Conv2DBackpropFilter
	0.140625
	0.140625
	0.014892578125
tower_0/v/cg/conv8/BiasAdd
tower_0/v/gradients/tower_0/v/cg/conv10/conv2d/Conv2D_grad/Conv2DBackpropFilter
	9.00048828125
	10.5
	661.75
tower_0/v/gradients/tower_0/v/cg/conv7/Relu_grad/ReluGrad
tower_0/v/cg/dropout0_1/dropout/dropout/random_uniform/RandomUniform
	3.5
tower_0/v/cg/dropout0/dropout/dropout/mul_1
append_apply_gradient_ops/GradientDescent/update_v/cg/conv6/conv2d/kernel/ApplyGradientDescent
tower_0/v/cg/conv11/conv2d/Conv2D
	85.75
	9.0
	837.0
v/cg/conv4/biases
tower_0/v/l2_loss/L2Loss_28
	0.000244140625
	0.0087890625
tower_0/v/gradients/tower_0/v/cg/affine0/xw_plus_b_grad/BiasAddGrad
	0.01611328125
ConstantFolding/tower_0/v/gradients/tower_0/v/cg/conv11/conv2d/Conv2D_grad/ShapeN-matshapes-0
tower_0/v/gradients/AddN_1
tower_0/v/gradients/AddN_21
tower_0/v/gradients/tower_0/v/cg/conv3/BiasAdd_grad/BiasAddGrad
	0.00048828125
	1372.0
	0.000244140625
	0.001953125
tower_0/v/gradients/tower_0/v/l2_loss/L2Loss_7_grad/mul
	0.00048828125
tower_0/v/cg/dropout0/dropout/dropout/GreaterEqual
	0.875
tower_0/v/gradients/tower_0/v/cg/conv0/conv2d/Conv2D_grad/Conv2DBackpropFilter
	0.006591796875
	0.006591796875
ConstantFolding/tower_0/v/gradients/tower_0/v/cg/conv6/conv2d/Conv2D_grad/ShapeN-matshapes-0
tower_0/v/mul/x
v/cg/conv9/biases/read
append_apply_gradient_ops/GradientDescent/update_v/cg/conv8/biases/ApplyGradientDescent
tower_0/v/gradients/tower_0/v/cg/conv9/Relu_grad/ReluGrad
tower_0/v/gradients/AddN_3
tower_0/v/l2_loss/L2Loss_8
	0.000244140625
	0.0087890625
average_loss/Mean/input
tower_0/v/gradients/AddN_19
v/cg/conv11/conv2d/kernel/read
tower_0/v/gradients/tower_0/v/l2_loss/L2Loss_1_grad/mul
	0.000244140625
tower_0/v/transpose/perm
tower_0/v/gradients/tower_0/v/l2_loss/L2Loss_5_grad/mul
	0.00048828125
tower_0/v/gradients/tower_0/v/l2_loss/L2Loss_26_grad/mul
	392.0
tower_0/v/gradients/tower_0/v/cg/conv6/conv2d/Conv2D_grad/Conv2DBackpropFilter
	2.25
	2.25
	0.005615234375
append_apply_gradient_ops/GradientDescent/update_v/cg/conv11/biases/ApplyGradientDescent
v/cg/conv0/biases
tower_0/v/cg/conv5/BiasAdd
tower_0/v/gradients/tower_0/v/cg/conv1/BiasAdd_grad/BiasAddGrad
	0.000244140625
	2744.0
	0.000244140625
	0.0009765625
tower_0/v/gradients/tower_0/v/cg/dropout0_1/dropout/dropout/mul_grad/Mul
tower_0/v/gradients/tower_0/v/l2_loss/L2Loss_31_grad/mul
	0.00390625
tower_0/v/gradients/AddN_25
tower_0/v/cg/mpool0/MaxPool
	686.0
average_loss/range
tower_0/v/gradients/tower_0/v/cg/mpool0/MaxPool_grad/MaxPoolGrad
	2744.0
tower_0/v/gradients/AddN_31
tower_0/v/gradients/tower_0/v/cg/conv8/conv2d/Conv2D_grad/Conv2DBackpropFilter
	9.004638671875
	10.5
	0.00439453125
v/cg/conv9/conv2d/kernel
tower_0/v/mul
tower_0/v/gradients/tower_0/v/cg/conv7/BiasAdd_grad/BiasAddGrad
	0.002197265625
	343.0
v/cg/conv1/biases/read
tower_0/v/l2_loss/L2Loss_12
	0.000244140625
	0.0087890625
tower_0/v/gradients/tower_0/v/cg/conv0/BiasAdd_grad/BiasAddGrad
	0.000244140625
	2744.0
	0.000244140625
	0.0009765625
ConstantFolding/tower_0/v/gradients/tower_0/v/cg/conv6/conv2d/Conv2D_grad/ShapeN-matshapes-1
tower_0/v/gradients/tower_0/v/cg/conv4/Relu_grad/ReluGrad
tower_0/v/gradients/tower_0/v/cg/conv11/conv2d/Conv2D_grad/Conv2DBackpropFilter
	9.004638671875
	15.65673828125
	661.75
tower_0/v/gradients/AddN_27
tower_0/v/gradients/tower_0/v/cg/affine2/xw_plus_b/MatMul_grad/MatMul_1
	15.640625
tower_0/v/cg/conv6/BiasAdd
ConstantFolding/tower_0/v/gradients/tower_0/v/cg/conv5/conv2d/Conv2D_grad/ShapeN-matshapes-0
append_apply_gradient_ops/GradientDescent/update_v/cg/conv9/biases/ApplyGradientDescent
v/cg/conv6/biases
tower_0/v/gradients/tower_0/v/cg/conv8/Relu_grad/ReluGrad
v/cg/conv11/conv2d/kernel
v/cg/affine0/biases/read
v/cg/conv10/conv2d/kernel/read
v/cg/conv5/conv2d/kernel
v/cg/conv0/conv2d/kernel/read
tower_0/v/l2_loss/L2Loss
	0.000244140625
train_ops_group
tower_0/v/gradients/tower_0/v/l2_loss/L2Loss_4_grad/mul
	0.28125
tower_0/v/cg/conv10/conv2d/Conv2D
	85.75
	9.0
	837.0
tower_0/v/cg/conv7/conv2d/Conv2D
	343.0
	4.5
	1258.0234375
append_apply_gradient_ops/GradientDescent/update_v/cg/conv4/conv2d/kernel/ApplyGradientDescent
v/cg/affine1/biases
tower_0/v/gradients/tower_0/v/cg/conv8/conv2d/Conv2D_grad/Conv2DBackpropInput
	343.0
	9.004638671875
	392.0205078125
	31.657958984375
tower_0/v/cg/affine0/xw_plus_b
