tower_0/v/cg/conv4/Relu	1602294583450477	2818
tower_0/v/gradients/tower_0/v/l2_loss/L2Loss_24_grad/mul	1602294583174083	45
ConstantFolding/tower_0/v/gradients/tower_0/v/cg/conv7/conv2d/Conv2D_grad/ShapeN-matshapes-1	-1	-1
tower_0/v/gradients/tower_0/v/l2_loss/L2Loss_18_grad/mul	1602294583174582	45
tower_0/v/gradients/tower_0/v/cg/conv12/conv2d/Conv2D_grad/Conv2DBackpropInput	1602294583737521	8127
tower_0/v/cg/dropout0_1/dropout/dropout/Cast	1602294583201594	17
tower_0/v/gradients/tower_0/v/cg/conv9/BiasAdd_grad/BiasAddGrad	1602294583796709	689
tower_0/v/cg/mpool4/MaxPool	1602294583706617	289
v/cg/conv2/biases/read	-1	-1
tower_0/v/gradients/tower_0/v/l2_loss/L2Loss_9_grad/mul	1602294583175164	4
tower_0/v/cg/conv9/Relu	1602294583676190	1402
append_apply_gradient_ops/GradientDescent/update_v/cg/conv3/conv2d/kernel/ApplyGradientDescent	1602294584825587	7
tower_0/v/cg/conv6/conv2d/Conv2D	1602294583492942	33593
tower_0/v/gradients/tower_0/v/cg/conv12/Relu_grad/ReluGrad	1602294583736662	509
tower_0/v/gradients/tower_0/v/l2_loss/L2Loss_8_grad/mul	1602294583174442	19
tower_0/v/l2_loss/L2Loss_26	1602294583175359	725
tower_0/v/l2_loss/L2Loss_2	1602294583174223	41
tower_0/v/cg/conv11/Relu	1602294583696951	350
tower_0/v/l2_loss/L2Loss_3	1602294583173781	4
tower_0/v/gradients/tower_0/v/l2_loss/L2Loss_28_grad/mul	1602294583174878	255
tower_0/v/gradients/tower_0/v/cg/conv5/Relu_grad/ReluGrad	1602294584329832	4340
tower_0/v/gradients/tower_0/v/cg/affine0/xw_plus_b/MatMul_grad/MatMul_1	1602294583725853	5326
append_apply_gradient_ops/GradientDescent/update_v/cg/conv2/biases/ApplyGradientDescent	1602294584845877	5
tower_0/v/l2_loss/L2Loss_15	1602294583173804	5
append_apply_gradient_ops/GradientDescent/update_v/cg/conv5/biases/ApplyGradientDescent	1602294584503544	8
tower_0/v/gradients/AddN_20	1602294584499196	7
append_apply_gradient_ops/GradientDescent/update_v/cg/conv12/biases/ApplyGradientDescent	1602294583755735	7
ConstantFolding/tower_0/v/gradients/tower_0/v/cg/conv9/conv2d/Conv2D_grad/ShapeN-matshapes-0	-1	-1
tower_0/v/add	1602294583715986	7
append_apply_gradient_ops/GradientDescent/update_v/cg/conv5/conv2d/kernel/ApplyGradientDescent	1602294584503521	21
v/cg/conv3/biases	-1	-1
tower_0/v/gradients/tower_0/v/cg/affine1/affine1_grad/ReluGrad	1602294583716140	29
tower_0/v/cg/conv1/Relu	1602294583296751	11425
tower_0/v/gradients/tower_0/v/l2_loss/L2Loss_10_grad/mul	1602294583173618	8
tower_0/v/gradients/tower_0/v/cg/dropout0/dropout/dropout/mul_1_grad/Mul	1602294583718288	23
tower_0/v/cg/Reshape	-1	-1
tower_0/v/gradients/tower_0/v/cg/affine0/affine0_grad/ReluGrad	1602294583719116	28
tower_0/v/l2_loss/L2Loss_18	1602294583174512	44
tower_0/v/l2_loss/L2Loss_14	1602294583173666	22
append_apply_gradient_ops/GradientDescent/update_v/cg/conv10/biases/ApplyGradientDescent	1602294583794540	7
tower_0/v/gradients/AddN_23	1602294584558878	14
tower_0/v/gradients/tower_0/v/l2_loss/L2Loss_grad/mul	1602294583173595	4
v/cg/affine0/weights	-1	-1
v/cg/conv1/conv2d/kernel	-1	-1
main_fetch_group	-1	-1
ConstantFolding/tower_0/v/gradients/tower_0/v/cg/conv4/conv2d/Conv2D_grad/ShapeN-matshapes-1	-1	-1
v/cg/affine0/biases	-1	-1
ConstantFolding/tower_0/v/gradients/tower_0/v/cg/conv4/conv2d/Conv2D_grad/ShapeN-matshapes-0	-1	-1
v/cg/conv7/biases/read	-1	-1
ConstantFolding/tower_0/v/gradients/tower_0/v/cg/conv12/conv2d/Conv2D_grad/ShapeN-matshapes-1	-1	-1
tower_0/v/gradients/tower_0/v/cg/conv7/conv2d/Conv2D_grad/Conv2DBackpropFilter	1602294584136647	17001
v/cg/affine1/weights	-1	-1
tower_0/v/gradients/tower_0/v/xentropy/sparse_softmax_cross_entropy_loss/xentropy/xentropy_grad/mul	1602294583715145	10
tower_0/v/gradients/AddN_30	1602294585134888	4
ConstantFolding/average_loss/Mean/input_const_axis	-1	-1
v/cg/conv6/biases/read	-1	-1
v/cg/conv4/biases/read	-1	-1
tower_0/v/gradients/tower_0/v/cg/conv1/Relu_grad/ReluGrad	1602294584845884	18196
ConstantFolding/tower_0/v/gradients/tower_0/v/cg/conv9/conv2d/Conv2D_grad/ShapeN-matshapes-1	-1	-1
tower_0/v/gradients/tower_0/v/cg/conv2/conv2d/Conv2D_grad/Conv2DBackpropInput	1602294584736894	28209
append_apply_gradient_ops/GradientDescent/update_v/cg/conv1/biases/ApplyGradientDescent	1602294585107347	4
append_apply_gradient_ops/GradientDescent/update_v/cg/affine0/weights/ApplyGradientDescent	1602294583734357	2302
append_apply_gradient_ops/GradientDescent/update_v/cg/conv8/conv2d/kernel/ApplyGradientDescent	1602294584153650	56
tower_0/v/gradients/tower_0/v/cg/conv11/Relu_grad/ReluGrad	1602294583755164	505
tower_0/v/gradients/tower_0/v/cg/conv10/Relu_grad/ReluGrad	1602294583773804	508
tower_0/v/gradients/tower_0/v/cg/conv11/BiasAdd_grad/BiasAddGrad	1602294583755754	336
tower_0/v/transpose	1602294583172141	1318
ConstantFolding/tower_0/v/gradients/tower_0/v/cg/conv10/conv2d/Conv2D_grad/ShapeN-matshapes-1	-1	-1
ConstantFolding/tower_0/v/gradients/tower_0/v/cg/conv0/conv2d/Conv2D_grad/ShapeN-matshapes-1	-1	-1
tower_0/v/gradients/tower_0/v/cg/dropout0_1/dropout/dropout/mul_1_grad/Mul	1602294583715860	22
append_apply_gradient_ops/GradientDescent/update_v/cg/conv0/conv2d/kernel/ApplyGradientDescent	1602294585134905	5
tower_0/v/xentropy/sparse_softmax_cross_entropy_loss/xentropy/xentropy	1602294583714927	214
tower_0/v/cg/dropout0/dropout/dropout/rate	-1	-1
ConstantFolding/tower_0/v/gradients/tower_0/v/cg/conv10/conv2d/Conv2D_grad/ShapeN-matshapes-0	-1	-1
v/cg/conv7/conv2d/kernel	-1	-1
tower_0/v/gradients/AddN_5	1602294583731192	2302
tower_0/v/gradients/tower_0/v/cg/conv6/Relu_grad/ReluGrad	1602294584160417	4332
v/cg/conv10/biases	-1	-1
v/cg/conv7/biases	-1	-1
tower_0/v/gradients/tower_0/v/cg/conv2/conv2d/Conv2D_grad/Conv2DBackpropFilter	1602294584765106	60478
tower_0/v/gradients/tower_0/v/cg/Reshape_grad/Shape	-1	-1
append_apply_gradient_ops/GradientDescent/update_v/cg/conv4/biases/ApplyGradientDescent	1602294584558894	7
tower_0/v/cg/conv3/Relu	1602294583417447	5678
tower_0/v/gradients/tower_0/v/cg/conv5/BiasAdd_grad/BiasAddGrad	1602294584438924	1239
tower_0/v/gradients/tower_0/v/cg/mpool4/MaxPool_grad/MaxPoolGrad	1602294583733507	847
tower_0/v/cg/affine1/xw_plus_b/MatMul	1602294583713277	1123
tower_0/v/gradients/tower_0/v/cg/affine2/xw_plus_b/MatMul_grad/MatMul	1602294583715204	366
v/cg/conv9/biases	-1	-1
tower_0/v/l2_loss/L2Loss_29	1602294583175169	10
tower_0/v/l2_loss/L2Loss_17	1602294583173906	17
tower_0/v/gradients/AddN_17	1602294584160369	34
v/cg/conv4/conv2d/kernel	-1	-1
v/cg/conv12/biases/read	-1	-1
tower_0/v/vgg16_synthetic_labels/max	-1	-1
tower_0/v/cg/affine2/xw_plus_b/MatMul	1602294583714477	432
tower_0/v/gradients/tower_0/v/cg/conv3/conv2d/Conv2D_grad/Conv2DBackpropFilter	1602294584617825	107719
tower_0/v/cg/Reshape/shape	-1	-1
tower_0/v/cg/conv4/conv2d/Conv2D	1602294583427250	19551
tower_0/v/cg/conv8/Relu	1602294583614972	1402
v/cg/conv10/biases/read	-1	-1
tower_0/v/cg/conv11/BiasAdd	1602294583696488	460
tower_0/v/gradients/tower_0/v/cg/conv10/BiasAdd_grad/BiasAddGrad	1602294583774393	332
ConstantFolding/tower_0/v/gradients/tower_0/v/cg/conv12/conv2d/Conv2D_grad/ShapeN-matshapes-0	-1	-1
append_apply_gradient_ops/GradientDescent/update_v/cg/affine2/weights/ApplyGradientDescent	1602294583716039	100
tower_0/v/cg/dropout0/dropout/dropout/Cast	1602294583201571	21
tower_0/v/l2_loss/L2Loss_13	1602294583173575	4
tower_0/v/cg/conv5/Relu	1602294583490118	2821
tower_0/v/l2_loss/L2Loss_7	1602294583173793	4
tower_0/v/gpu_cached_inputs	-1	-1
tower_0/v/gradients/tower_0/v/l2_loss/L2Loss_30_grad/mul	1602294583172064	75
v/cg/conv0/biases/read	-1	-1
tower_0/v/gradients/AddN_26	1602294584825595	4
tower_0/v/gradients/AddN_14	1602294584117750	6
tower_0/v/xentropy/sparse_softmax_cross_entropy_loss/Sum	1602294583715158	7
v/cg/conv5/conv2d/kernel/read	-1	-1
tower_0/v/l2_loss/L2Loss_30	1602294583171991	56
tower_0/v/gradients/tower_0/v/cg/conv5/conv2d/Conv2D_grad/Conv2DBackpropFilter	1602294584334214	104706
tower_0/v/l2_loss/L2Loss_11	1602294583173827	14
append_apply_gradient_ops/GradientDescent/update_v/cg/conv12/conv2d/kernel/ApplyGradientDescent	1602294583773735	57
ConstantFolding/tower_0/v/gradients/tower_0/v/cg/conv7/conv2d/Conv2D_grad/ShapeN-matshapes-0	-1	-1
v/cg/affine2/weights/read	-1	-1
v/cg/conv1/conv2d/kernel/read	-1	-1
main_fetch_group/_70	-1	-1
append_apply_gradient_ops/GradientDescent/update_v/cg/conv7/biases/ApplyGradientDescent	1602294584160407	7
append_apply_gradient_ops/GradientDescent/update_v/cg/affine1/biases/ApplyGradientDescent	1602294583718694	12
append_apply_gradient_ops/GradientDescent	-1	-1
tower_0/v/gradients/AddN_6	1602294583755154	7
ConstantFolding/tower_0/v/gradients/tower_0/v/cg/conv8/conv2d/Conv2D_grad/ShapeN-matshapes-0	-1	-1
tower_0/v/gradients/AddN_4	1602294583731182	7
tower_0/v/cg/conv0/conv2d/Conv2D	1602294583177689	8843
v/cg/conv2/biases	-1	-1
tower_0/v/gradients/tower_0/v/cg/conv9/conv2d/Conv2D_grad/Conv2DBackpropFilter	1602294583855378	101054
v/cg/conv4/conv2d/kernel/read	-1	-1
tower_0/v/l2_loss/L2Loss_31	1602294583174133	19
tower_0/v/cg/affine0/xw_plus_b/MatMul	1602294583706922	6273
v/cg/conv12/conv2d/kernel/read	-1	-1
tower_0/v/gradients/tower_0/v/l2_loss/L2Loss_27_grad/mul	1602294583171923	19
append_apply_gradient_ops/GradientDescent/update_v/cg/conv6/biases/ApplyGradientDescent	1602294584334198	6
tower_0/v/cg/conv3/BiasAdd	1602294583410046	7397
tower_0/v/xentropy/sparse_softmax_cross_entropy_loss/Mul	-1	-1
append_apply_gradient_ops/GradientDescent/update_v/cg/conv3/biases/ApplyGradientDescent	1602294584734449	7
v/cg/conv3/conv2d/kernel/read	-1	-1
tower_0/v/cg/conv9/BiasAdd	1602294583674363	1824
tower_0/v/gradients/tower_0/v/cg/conv2/Relu_grad/ReluGrad	1602294584725557	8875
tower_0/v/gradients/tower_0/v/l2_loss/L2Loss_12_grad/mul	1602294583173494	8
tower_0/v/gradients/tower_0/v/l2_loss/L2Loss_11_grad/mul	1602294583173865	17
append_apply_gradient_ops/GradientDescent/update_v/cg/affine0/biases/ApplyGradientDescent	1602294583733497	7
v/cg/conv7/conv2d/kernel/read	-1	-1
tower_0/v/cg/mpool3/MaxPool	1602294583677595	1083
tower_0/v/gradients/AddN_2	1602294583718278	7
tower_0/v/l2_loss/L2Loss_23	1602294583173815	5
tower_0/v/cg/dropout0_1/dropout/dropout/mul	1602294583213067	23
tower_0/v/cg/conv1/BiasAdd	1602294583281816	14931
v/cg/conv10/conv2d/kernel	-1	-1
tower_0/v/gradients/tower_0/v/cg/affine1/xw_plus_b_grad/BiasAddGrad	1602294583716177	22
v/cg/affine2/biases	-1	-1
tower_0/v/gradients/tower_0/v/cg/conv8/BiasAdd_grad/BiasAddGrad	1602294583958624	689
tower_0/v/l2_loss/L2Loss_20	1602294583171650	74
average_loss/Mean	-1	-1
tower_0/v/gradients/tower_0/v/l2_loss/L2Loss_16_grad/mul	1602294583173538	35
tower_0/v/l2_loss/L2Loss_1	1602294583173628	4
tower_0/v/l2_loss/AddN	1602294583186579	38
append_apply_gradient_ops/GradientDescent/update_v/cg/conv2/conv2d/kernel/ApplyGradientDescent	1602294584864081	7
tower_0/v/cg/affine1/affine1	1602294583714432	9
tower_0/v/cg/conv2/BiasAdd	1602294583349311	7418
ConstantFolding/tower_0/v/gradients/tower_0/v/cg/conv1/conv2d/Conv2D_grad/ShapeN-matshapes-0	-1	-1
ConstantFolding/tower_0/v/gradients/tower_0/v/cg/conv11/conv2d/Conv2D_grad/ShapeN-matshapes-1	-1	-1
tower_0/v/gradients/tower_0/v/cg/conv1/conv2d/Conv2D_grad/Conv2DBackpropInput	1602294584868867	68713
v/cg/conv6/conv2d/kernel	-1	-1
v/cg/conv3/biases/read	-1	-1
tower_0/v/vgg16_synthetic_labels	1602294583171109	71
tower_0/v/gradients/tower_0/v/cg/conv4/BiasAdd_grad/BiasAddGrad	1602294584503559	1239
tower_0/v/gradients/AddN_12	1602294583956436	6
tower_0/v/gradients/tower_0/v/cg/dropout0/dropout/dropout/mul_grad/Mul	1602294583718707	30
tower_0/v/vgg16_synthetic_labels/min	-1	-1
tower_0/v/xentropy/sparse_softmax_cross_entropy_loss/num_present	-1	-1
tower_0/v/cg/mpool2/MaxPool	1602294583533068	2057
ConstantFolding/tower_0/v/gradients/tower_0/v/cg/conv5/conv2d/Conv2D_grad/ShapeN-matshapes-1	-1	-1
append_apply_gradient_ops/GradientDescent/update_v/cg/conv10/conv2d/kernel/ApplyGradientDescent	1602294583796645	59
tower_0/v/cg/conv10/Relu	1602294583687651	354
ConstantFolding/tower_0/v/gradients/tower_0/v/cg/conv3/conv2d/Conv2D_grad/ShapeN-matshapes-0	-1	-1
v/cg/conv6/conv2d/kernel/read	-1	-1
tower_0/v/gradients/AddN	1602294583715850	8
tower_0/v/gradients/tower_0/v/cg/conv9/conv2d/Conv2D_grad/Conv2DBackpropInput	1602294583797401	57971
tower_0/v/gradients/tower_0/v/l2_loss/L2Loss_6_grad/mul	1602294583173659	5
average_loss/Mean/_74	1602294583718694	8
tower_0/v/gradients/tower_0/v/cg/conv12/conv2d/Conv2D_grad/Conv2DBackpropFilter	1602294583745653	9498
v/cg/conv11/biases/read	-1	-1
tower_0/v/l2_loss/L2Loss_21	1602294583175187	8
v/cg/conv3/conv2d/kernel	-1	-1
learning_rate_tensor/input	-1	-1
tower_0/v/gradients/tower_0/v/cg/conv5/conv2d/Conv2D_grad/Conv2DBackpropInput	1602294584440166	58985
tower_0/v/cg/dropout0/dropout/dropout/truediv	-1	-1
v/cg/conv8/conv2d/kernel/read	-1	-1
v/cg/affine2/biases/read	-1	-1
tower_0/v/cg/dropout0_1/dropout/dropout/GreaterEqual	1602294583186555	20
tower_0/v/gpu_cached_inputs/read	-1	-1
tower_0/v/gradients/tower_0/v/l2_loss/L2Loss_14_grad/mul	1602294583173690	19
v/cg/conv2/conv2d/kernel/read	-1	-1
tower_0/v/gradients/AddN_8	1602294583773793	7
tower_0/v/gradients/tower_0/v/l2_loss/L2Loss_21_grad/mul	1602294583175218	18
v/cg/conv0/conv2d/kernel	-1	-1
ConstantFolding/tower_0/v/gradients/tower_0/v/cg/conv1/conv2d/Conv2D_grad/ShapeN-matshapes-1	-1	-1
tower_0/v/l2_loss/L2Loss_19	1602294583175258	17
tower_0/v/gradients/tower_0/v/cg/conv10/conv2d/Conv2D_grad/Conv2DBackpropInput	1602294583774728	8145
tower_0/v/l2_loss/L2Loss_10	1602294583173601	16
tower_0/v/cg/conv12/conv2d/Conv2D	1602294583697304	8492
tower_0/v/gradients/tower_0/v/cg/conv12/BiasAdd_grad/BiasAddGrad	1602294583737180	338
tower_0/v/l2_loss/L2Loss_9	1602294583175158	4
tower_0/v/gradients/tower_0/v/cg/conv4/conv2d/Conv2D_grad/Conv2DBackpropFilter	1602294584523553	24993
tower_0/v/gradients/tower_0/v/l2_loss/L2Loss_15_grad/mul	1602294583173810	4
v/cg/affine1/biases/read	-1	-1
v/cg/conv5/biases/read	-1	-1
ConstantFolding/tower_0/v/gradients/tower_0/v/cg/conv2/conv2d/Conv2D_grad/ShapeN-matshapes-1	-1	-1
append_apply_gradient_ops/GradientDescent/update_v/cg/conv9/conv2d/kernel/ApplyGradientDescent	1602294584117693	53
tower_0/v/gradients/AddN_22	1602294584548548	7
tower_0/v/cg/conv6/Relu	1602294583530237	2827
tower_0/v/gradients/AddN_29	1602294585107340	6
tower_0/v/gradients/tower_0/v/cg/conv0/Relu_grad/ReluGrad	1602294585089122	18216
tower_0/v/gradients/tower_0/v/l2_loss/L2Loss_19_grad/mul	1602294583175297	18
tower_0/v/cg/conv7/BiasAdd	1602294583551809	1833
tower_0/v/gradients/tower_0/v/l2_loss/L2Loss_23_grad/mul	1602294583173822	4
append_apply_gradient_ops/GradientDescent/update_v/cg/conv7/conv2d/kernel/ApplyGradientDescent	1602294584164753	35
v/cg/conv11/biases	-1	-1
tower_0/v/gradients/tower_0/v/cg/Reshape_grad/Reshape	-1	-1
tower_0/v/gradients/tower_0/v/cg/affine1/xw_plus_b/MatMul_grad/MatMul_1	1602294583717360	917
v/cg/affine1/weights/read	-1	-1
tower_0/v/gradients/AddN_18	1602294584329821	8
tower_0/v/cg/conv10/BiasAdd	1602294583687188	460
tower_0/v/cg/conv4/BiasAdd	1602294583446807	3667
v/cg/affine2/weights	-1	-1
gpu_compute_stage_ops_group	-1	-1
tower_0/v/cg/conv5/conv2d/Conv2D	1602294583453298	33151
tower_0/v/l2_loss/L2Loss_24	1602294583174009	43
tower_0/v/l2_loss/L2Loss_16	1602294583173503	33
tower_0/v/cg/conv0/Relu	1602294583201625	11411
tower_0/v/l2_loss/L2Loss_25	1602294583174630	21
v/cg/conv12/biases	-1	-1
tower_0/v/l2_loss/L2Loss_22	1602294583173711	32
tower_0/v/cg/dropout0/dropout/dropout/random_uniform/mul	-1	-1
tower_0/v/gradients/tower_0/v/cg/conv11/conv2d/Conv2D_grad/Conv2DBackpropInput	1602294583756093	8148
tower_0/v/gradients/tower_0/v/l2_loss/L2Loss_20_grad/mul	1602294583171779	60
tower_0/v/l2_loss/L2Loss_6	1602294583173639	19
tower_0/v/gradients/AddN_24	1602294584725547	7
tower_0/v/xentropy/sparse_softmax_cross_entropy_loss/value	1602294583715838	7
v/cg/affine0/weights/read	-1	-1
tower_0/v/gradients/tower_0/v/cg/mpool2/MaxPool_grad/MaxPoolGrad	1602294584153719	6646
append_apply_gradient_ops/GradientDescent/update_v/cg/conv11/conv2d/kernel/ApplyGradientDescent	1602294583792360	58
append_apply_gradient_ops/GradientDescent/update_v/cg/conv1/conv2d/kernel/ApplyGradientDescent	1602294585134880	6
tower_0/v/cg/conv12/BiasAdd	1602294583705799	460
tower_0/v/gradients/tower_0/v/l2_loss/L2Loss_13_grad/mul	1602294583173581	4
tower_0/v/gradients/tower_0/v/l2_loss/L2Loss_29_grad/mul	1602294583175181	4
tower_0/v/gradients/tower_0/v/cg/affine0/xw_plus_b/MatMul_grad/MatMul	1602294583719177	6674
tower_0/v/gradients/tower_0/v/l2_loss/L2Loss_3_grad/mul	1602294583173787	4
ConstantFolding/tower_0/v/gradients/tower_0/v/cg/conv2/conv2d/Conv2D_grad/ShapeN-matshapes-0	-1	-1
tower_0/v/gradients/AddN_7	1602294583755672	60
tower_0/v/cg/mpool1/MaxPool	1602294583423127	4121
tower_0/v/cg/conv8/conv2d/Conv2D	1602294583555057	58078
tower_0/v/gradients/tower_0/v/cg/conv6/BiasAdd_grad/BiasAddGrad	1602294584164793	1237
tower_0/v/gradients/tower_0/v/cg/conv7/conv2d/Conv2D_grad/Conv2DBackpropInput	1602294584120625	16019
append_apply_gradient_ops/GradientDescent/update_v/cg/conv0/biases/ApplyGradientDescent	1602294585134899	4
v/cg/conv1/biases	-1	-1
tower_0/v/cg/conv1/conv2d/Conv2D	1602294583213091	68723
tower_0/v/cg/dropout0/dropout/dropout/random_uniform/RandomUniform	1602294583171279	43
tower_0/v/cg/dropout0/dropout/dropout/Shape	-1	-1
tower_0/v/cg/affine1/xw_plus_b	1602294583714403	26
append_apply_gradient_ops/GradientDescent/update_v/cg/affine2/biases/ApplyGradientDescent	1602294583715996	7
ConstantFolding/tower_0/v/gradients/tower_0/v/cg/conv3/conv2d/Conv2D_grad/ShapeN-matshapes-1	-1	-1
v/cg/conv12/conv2d/kernel	-1	-1
tower_0/v/gradients/AddN_9	1602294583774315	62
tower_0/v/gradients/AddN_28	1602294585089116	4
tower_0/v/l2_loss/L2Loss_27	1602294583171858	29
tower_0/v/gradients/tower_0/v/cg/conv3/Relu_grad/ReluGrad	1602294584558904	8872
tower_0/v/gradients/tower_0/v/l2_loss/L2Loss_22_grad/mul	1602294583173744	35
tower_0/v/gradients/tower_0/v/cg/affine1/xw_plus_b/MatMul_grad/MatMul	1602294583716211	1146
tower_0/v/cg/conv2/Relu	1602294583356734	5675
tower_0/v/cg/conv0/BiasAdd	1602294583186621	14946
tower_0/v/gradients/AddN_11	1602294583794479	60
tower_0/v/gradients/AddN_15	1602294584119851	63
tower_0/v/cg/affine0/affine0	1602294583713225	13
_SOURCE	-1	-1
tower_0/v/gradients/tower_0/v/l2_loss/L2Loss_25_grad/mul	1602294583174675	18
tower_0/v/gradients/tower_0/v/cg/conv6/conv2d/Conv2D_grad/Conv2DBackpropInput	1602294584166034	58951
tower_0/v/vgg16_synthetic_labels/shape	-1	-1
tower_0/v/cg/dropout0_1/dropout/dropout/mul_1	1602294583714445	31
append_apply_gradient_ops/GradientDescent/update_v/cg/affine1/weights/ApplyGradientDescent	1602294583718739	376
tower_0/v/gradients/tower_0/v/cg/mpool3/MaxPool_grad/MaxPoolGrad	1602294583792429	2048
tower_0/v/cg/conv12/Relu	1602294583706261	352
tower_0/v/cg/dropout0_1/dropout/dropout/random_uniform/mul	-1	-1
tower_0/v/cg/affine2/xw_plus_b	1602294583714912	14
tower_0/v/gradients/tower_0/v/l2_loss/L2Loss_2_grad/mul	1602294583174292	22
tower_0/v/cg/conv7/Relu	1602294583553645	1409
v/cg/conv8/conv2d/kernel	-1	-1
tower_0/v/l2_loss/L2Loss_5	1602294583173464	5
tower_0/v/gradients/AddN_16	1602294584153709	7
tower_0/v/cg/conv3/conv2d/Conv2D	1602294583362411	47627
tower_0/v/gradients/tower_0/v/cg/affine2/xw_plus_b_grad/BiasAddGrad	1602294583715174	18
tower_0/v/gradients/tower_0/v/cg/conv4/conv2d/Conv2D_grad/Conv2DBackpropInput	1602294584504802	18747
ConstantFolding/tower_0/v/gradients/tower_0/v/cg/conv8/conv2d/Conv2D_grad/ShapeN-matshapes-1	-1	-1
v/cg/conv2/conv2d/kernel	-1	-1
tower_0/v/cg/conv9/conv2d/Conv2D	1602294583616378	57983
v/cg/conv8/biases/read	-1	-1
tower_0/v/gradients/AddN_10	1602294583792419	7
tower_0/v/gradients/AddN_13	1602294583958540	59
tower_0/v/cg/conv2/conv2d/Conv2D	1602294583316068	33240
v/cg/conv8/biases	-1	-1
tower_0/v/gradients/tower_0/v/xentropy/sparse_softmax_cross_entropy_loss/xentropy/xentropy_grad/ExpandDims	-1	-1
tower_0/v/gradients/tower_0/v/cg/conv3/conv2d/Conv2D_grad/Conv2DBackpropInput	1602294584570251	47565
v/cg/conv5/biases	-1	-1
tower_0/v/gradients/tower_0/v/cg/mpool1/MaxPool_grad/MaxPoolGrad	1602294584548558	10317
tower_0/v/gradients/tower_0/v/cg/conv2/BiasAdd_grad/BiasAddGrad	1602294584734461	2430
v/cg/conv9/conv2d/kernel/read	-1	-1
tower_0/v/cg/dropout0/dropout/dropout/mul	1602294583213040	25
tower_0/v/l2_loss/L2Loss_4	1602294583175136	14
tower_0/v/gradients/tower_0/v/l2_loss/L2Loss_17_grad/mul	1602294583173947	18
tower_0/v/gradients/tower_0/v/cg/conv1/conv2d/Conv2D_grad/Conv2DBackpropFilter	1602294584937582	151532
tower_0/v/cg/conv8/BiasAdd	1602294583613136	1833
tower_0/v/gradients/tower_0/v/cg/conv10/conv2d/Conv2D_grad/Conv2DBackpropFilter	1602294583782876	9481
tower_0/v/gradients/tower_0/v/cg/conv7/Relu_grad/ReluGrad	1602294584117760	2088
tower_0/v/cg/dropout0_1/dropout/dropout/random_uniform/RandomUniform	1602294583171349	35
tower_0/v/cg/dropout0/dropout/dropout/mul_1	1602294583713242	26
append_apply_gradient_ops/GradientDescent/update_v/cg/conv6/conv2d/kernel/ApplyGradientDescent	1602294584499154	19
tower_0/v/cg/conv11/conv2d/Conv2D	1602294583688008	8477
v/cg/conv4/biases	-1	-1
tower_0/v/l2_loss/L2Loss_28	1602294583174737	140
tower_0/v/gradients/tower_0/v/cg/affine0/xw_plus_b_grad/BiasAddGrad	1602294583719154	21
ConstantFolding/tower_0/v/gradients/tower_0/v/cg/conv11/conv2d/Conv2D_grad/ShapeN-matshapes-0	-1	-1
tower_0/v/gradients/AddN_1	1602294583715886	98
tower_0/v/gradients/AddN_21	1602294584499174	21
tower_0/v/gradients/tower_0/v/cg/conv3/BiasAdd_grad/BiasAddGrad	1602294584567807	2441
tower_0/v/gradients/tower_0/v/l2_loss/L2Loss_7_grad/mul	1602294583173799	4
tower_0/v/cg/dropout0/dropout/dropout/GreaterEqual	1602294583186534	20
tower_0/v/gradients/tower_0/v/cg/conv0/conv2d/Conv2D_grad/Conv2DBackpropFilter	1602294585112134	22744
ConstantFolding/tower_0/v/gradients/tower_0/v/cg/conv6/conv2d/Conv2D_grad/ShapeN-matshapes-0	-1	-1
tower_0/v/mul/x	-1	-1
v/cg/conv9/biases/read	-1	-1
append_apply_gradient_ops/GradientDescent/update_v/cg/conv8/biases/ApplyGradientDescent	1602294584119917	7
tower_0/v/gradients/tower_0/v/cg/conv9/Relu_grad/ReluGrad	1602294583794550	2091
tower_0/v/gradients/AddN_3	1602294583718314	376
tower_0/v/l2_loss/L2Loss_8	1602294583174366	45
average_loss/Mean/input	-1	-1
tower_0/v/gradients/AddN_19	1602294584334175	21
v/cg/conv11/conv2d/kernel/read	-1	-1
tower_0/v/gradients/tower_0/v/l2_loss/L2Loss_1_grad/mul	1602294583173634	4
tower_0/v/transpose/perm	-1	-1
tower_0/v/gradients/tower_0/v/l2_loss/L2Loss_5_grad/mul	1602294583173470	4
tower_0/v/gradients/tower_0/v/l2_loss/L2Loss_26_grad/mul	1602294583176086	1598
tower_0/v/gradients/tower_0/v/cg/conv6/conv2d/Conv2D_grad/Conv2DBackpropFilter	1602294584224998	104819
append_apply_gradient_ops/GradientDescent/update_v/cg/conv11/biases/ApplyGradientDescent	1602294583774380	9
v/cg/conv0/biases	-1	-1
tower_0/v/cg/conv5/BiasAdd	1602294583486452	3663
tower_0/v/gradients/tower_0/v/cg/conv1/BiasAdd_grad/BiasAddGrad	1602294584864098	4767
tower_0/v/gradients/tower_0/v/cg/dropout0_1/dropout/dropout/mul_grad/Mul	1602294583716007	29
tower_0/v/gradients/tower_0/v/l2_loss/L2Loss_31_grad/mul	1602294583174179	18
tower_0/v/gradients/AddN_25	1602294584734436	11
tower_0/v/cg/mpool0/MaxPool	1602294583308180	7887
average_loss/range	-1	-1
tower_0/v/gradients/tower_0/v/cg/mpool0/MaxPool_grad/MaxPoolGrad	1602294584825601	20267
tower_0/v/gradients/AddN_31	1602294585134893	4
tower_0/v/gradients/tower_0/v/cg/conv8/conv2d/Conv2D_grad/Conv2DBackpropFilter	1602294584017268	100423
v/cg/conv9/conv2d/kernel	-1	-1
tower_0/v/mul	1602294583201614	8
tower_0/v/gradients/tower_0/v/cg/conv7/BiasAdd_grad/BiasAddGrad	1602294584119934	690
v/cg/conv1/biases/read	-1	-1
tower_0/v/l2_loss/L2Loss_12	1602294583173475	17
tower_0/v/gradients/tower_0/v/cg/conv0/BiasAdd_grad/BiasAddGrad	1602294585107364	4766
ConstantFolding/tower_0/v/gradients/tower_0/v/cg/conv6/conv2d/Conv2D_grad/ShapeN-matshapes-1	-1	-1
tower_0/v/gradients/tower_0/v/cg/conv4/Relu_grad/ReluGrad	1602294584499206	4311
tower_0/v/gradients/tower_0/v/cg/conv11/conv2d/Conv2D_grad/Conv2DBackpropFilter	1602294583764245	9487
tower_0/v/gradients/AddN_27	1602294584845870	6
tower_0/v/gradients/tower_0/v/cg/affine2/xw_plus_b/MatMul_grad/MatMul_1	1602294583715573	262
tower_0/v/cg/conv6/BiasAdd	1602294583526539	3694
ConstantFolding/tower_0/v/gradients/tower_0/v/cg/conv5/conv2d/Conv2D_grad/ShapeN-matshapes-0	-1	-1
append_apply_gradient_ops/GradientDescent/update_v/cg/conv9/biases/ApplyGradientDescent	1602294583958603	6
v/cg/conv6/biases	-1	-1
tower_0/v/gradients/tower_0/v/cg/conv8/Relu_grad/ReluGrad	1602294583956446	2090
v/cg/conv11/conv2d/kernel	-1	-1
v/cg/affine0/biases/read	-1	-1
v/cg/conv10/conv2d/kernel/read	-1	-1
v/cg/conv5/conv2d/kernel	-1	-1
v/cg/conv0/conv2d/kernel/read	-1	-1
tower_0/v/l2_loss/L2Loss	1602294583173586	7
train_ops_group	-1	-1
tower_0/v/gradients/tower_0/v/l2_loss/L2Loss_4_grad/mul	1602294583175152	4
tower_0/v/cg/conv10/conv2d/Conv2D	1602294583678679	8506
tower_0/v/cg/conv7/conv2d/Conv2D	1602294583535128	16674
append_apply_gradient_ops/GradientDescent/update_v/cg/conv4/conv2d/kernel/ApplyGradientDescent	1602294584567779	17
v/cg/affine1/biases	-1	-1
tower_0/v/gradients/tower_0/v/cg/conv8/conv2d/Conv2D_grad/Conv2DBackpropInput	1602294583959314	57946
tower_0/v/cg/affine0/xw_plus_b	1602294583713198	24
