tower_0/v/cg/conv4/Relu	1602294581426634	2831
tower_0/v/gradients/tower_0/v/l2_loss/L2Loss_24_grad/mul	1602294581150172	46
ConstantFolding/tower_0/v/gradients/tower_0/v/cg/conv7/conv2d/Conv2D_grad/ShapeN-matshapes-1	-1	-1
tower_0/v/gradients/tower_0/v/l2_loss/L2Loss_18_grad/mul	1602294581150655	45
tower_0/v/gradients/tower_0/v/cg/conv12/conv2d/Conv2D_grad/Conv2DBackpropInput	1602294581712124	8072
tower_0/v/cg/dropout0_1/dropout/dropout/Cast	1602294581177599	18
tower_0/v/gradients/tower_0/v/cg/conv9/BiasAdd_grad/BiasAddGrad	1602294581770985	691
tower_0/v/cg/mpool4/MaxPool	1602294581682137	292
v/cg/conv2/biases/read	-1	-1
tower_0/v/gradients/tower_0/v/l2_loss/L2Loss_9_grad/mul	1602294581151233	4
tower_0/v/cg/conv9/Relu	1602294581651721	1401
append_apply_gradient_ops/GradientDescent/update_v/cg/conv3/conv2d/kernel/ApplyGradientDescent	1602294582801464	7
tower_0/v/cg/conv6/conv2d/Conv2D	1602294581469175	33249
tower_0/v/gradients/tower_0/v/cg/conv12/Relu_grad/ReluGrad	1602294581711268	507
tower_0/v/gradients/tower_0/v/l2_loss/L2Loss_8_grad/mul	1602294581150517	18
tower_0/v/l2_loss/L2Loss_26	1602294581151382	730
tower_0/v/l2_loss/L2Loss_2	1602294581150307	39
tower_0/v/cg/conv11/Relu	1602294581672467	350
tower_0/v/l2_loss/L2Loss_3	1602294581149999	5
tower_0/v/gradients/tower_0/v/l2_loss/L2Loss_28_grad/mul	1602294581150948	255
tower_0/v/gradients/tower_0/v/cg/conv5/Relu_grad/ReluGrad	1602294582305714	4315
tower_0/v/gradients/tower_0/v/cg/affine0/xw_plus_b/MatMul_grad/MatMul_1	1602294581700483	5312
append_apply_gradient_ops/GradientDescent/update_v/cg/conv2/biases/ApplyGradientDescent	1602294582821761	4
tower_0/v/l2_loss/L2Loss_15	1602294581150022	5
append_apply_gradient_ops/GradientDescent/update_v/cg/conv5/biases/ApplyGradientDescent	1602294582479224	8
tower_0/v/gradients/AddN_20	1602294582474873	7
append_apply_gradient_ops/GradientDescent/update_v/cg/conv12/biases/ApplyGradientDescent	1602294581730229	7
ConstantFolding/tower_0/v/gradients/tower_0/v/cg/conv9/conv2d/Conv2D_grad/ShapeN-matshapes-0	-1	-1
tower_0/v/add	1602294581691460	7
append_apply_gradient_ops/GradientDescent/update_v/cg/conv5/conv2d/kernel/ApplyGradientDescent	1602294582479203	20
v/cg/conv3/biases	-1	-1
tower_0/v/gradients/tower_0/v/cg/affine1/affine1_grad/ReluGrad	1602294581691608	31
tower_0/v/cg/conv1/Relu	1602294581272762	11426
tower_0/v/gradients/tower_0/v/l2_loss/L2Loss_10_grad/mul	1602294581149836	8
tower_0/v/gradients/tower_0/v/cg/dropout0/dropout/dropout/mul_1_grad/Mul	1602294581693741	21
tower_0/v/cg/Reshape	-1	-1
tower_0/v/gradients/tower_0/v/cg/affine0/affine0_grad/ReluGrad	1602294581694569	30
tower_0/v/l2_loss/L2Loss_18	1602294581150585	44
tower_0/v/l2_loss/L2Loss_14	1602294581149883	23
append_apply_gradient_ops/GradientDescent/update_v/cg/conv10/biases/ApplyGradientDescent	1602294581768814	7
tower_0/v/gradients/AddN_23	1602294582534601	16
tower_0/v/gradients/tower_0/v/l2_loss/L2Loss_grad/mul	1602294581149812	4
v/cg/affine0/weights	-1	-1
v/cg/conv1/conv2d/kernel	-1	-1
main_fetch_group	-1	-1
ConstantFolding/tower_0/v/gradients/tower_0/v/cg/conv4/conv2d/Conv2D_grad/ShapeN-matshapes-1	-1	-1
v/cg/affine0/biases	-1	-1
ConstantFolding/tower_0/v/gradients/tower_0/v/cg/conv4/conv2d/Conv2D_grad/ShapeN-matshapes-0	-1	-1
v/cg/conv7/biases/read	-1	-1
ConstantFolding/tower_0/v/gradients/tower_0/v/cg/conv12/conv2d/Conv2D_grad/ShapeN-matshapes-1	-1	-1
tower_0/v/gradients/tower_0/v/cg/conv7/conv2d/Conv2D_grad/Conv2DBackpropFilter	1602294582112463	16998
v/cg/affine1/weights	-1	-1
tower_0/v/gradients/tower_0/v/xentropy/sparse_softmax_cross_entropy_loss/xentropy/xentropy_grad/mul	1602294581690625	9
tower_0/v/gradients/AddN_30	1602294583107790	4
ConstantFolding/average_loss/Mean/input_const_axis	-1	-1
v/cg/conv6/biases/read	-1	-1
v/cg/conv4/biases/read	-1	-1
tower_0/v/gradients/tower_0/v/cg/conv1/Relu_grad/ReluGrad	1602294582821767	18190
ConstantFolding/tower_0/v/gradients/tower_0/v/cg/conv9/conv2d/Conv2D_grad/ShapeN-matshapes-1	-1	-1
tower_0/v/gradients/tower_0/v/cg/conv2/conv2d/Conv2D_grad/Conv2DBackpropInput	1602294582712778	28201
append_apply_gradient_ops/GradientDescent/update_v/cg/conv1/biases/ApplyGradientDescent	1602294583080254	5
append_apply_gradient_ops/GradientDescent/update_v/cg/affine0/weights/ApplyGradientDescent	1602294581708968	2297
append_apply_gradient_ops/GradientDescent/update_v/cg/conv8/conv2d/kernel/ApplyGradientDescent	1602294582129464	63
tower_0/v/gradients/tower_0/v/cg/conv11/Relu_grad/ReluGrad	1602294581729660	503
tower_0/v/gradients/tower_0/v/cg/conv10/Relu_grad/ReluGrad	1602294581748192	503
tower_0/v/gradients/tower_0/v/cg/conv11/BiasAdd_grad/BiasAddGrad	1602294581730248	332
tower_0/v/transpose	1602294581148365	1312
ConstantFolding/tower_0/v/gradients/tower_0/v/cg/conv10/conv2d/Conv2D_grad/ShapeN-matshapes-1	-1	-1
ConstantFolding/tower_0/v/gradients/tower_0/v/cg/conv0/conv2d/Conv2D_grad/ShapeN-matshapes-1	-1	-1
tower_0/v/gradients/tower_0/v/cg/dropout0_1/dropout/dropout/mul_1_grad/Mul	1602294581691337	21
append_apply_gradient_ops/GradientDescent/update_v/cg/conv0/conv2d/kernel/ApplyGradientDescent	1602294583107807	5
tower_0/v/xentropy/sparse_softmax_cross_entropy_loss/xentropy/xentropy	1602294581690406	216
tower_0/v/cg/dropout0/dropout/dropout/rate	-1	-1
ConstantFolding/tower_0/v/gradients/tower_0/v/cg/conv10/conv2d/Conv2D_grad/ShapeN-matshapes-0	-1	-1
v/cg/conv7/conv2d/kernel	-1	-1
tower_0/v/gradients/AddN_5	1602294581705809	2301
tower_0/v/gradients/tower_0/v/cg/conv6/Relu_grad/ReluGrad	1602294582136238	4311
v/cg/conv10/biases	-1	-1
v/cg/conv7/biases	-1	-1
tower_0/v/gradients/tower_0/v/cg/conv2/conv2d/Conv2D_grad/Conv2DBackpropFilter	1602294582740983	60480
tower_0/v/gradients/tower_0/v/cg/Reshape_grad/Shape	-1	-1
append_apply_gradient_ops/GradientDescent/update_v/cg/conv4/biases/ApplyGradientDescent	1602294582534621	7
tower_0/v/cg/conv3/Relu	1602294581393439	5677
tower_0/v/gradients/tower_0/v/cg/conv5/BiasAdd_grad/BiasAddGrad	1602294582414855	1238
tower_0/v/gradients/tower_0/v/cg/mpool4/MaxPool_grad/MaxPoolGrad	1602294581708122	842
tower_0/v/cg/affine1/xw_plus_b/MatMul	1602294581688770	1120
tower_0/v/gradients/tower_0/v/cg/affine2/xw_plus_b/MatMul_grad/MatMul	1602294581690684	365
v/cg/conv9/biases	-1	-1
tower_0/v/l2_loss/L2Loss_29	1602294581151239	10
tower_0/v/l2_loss/L2Loss_17	1602294581150056	5
tower_0/v/gradients/AddN_17	1602294582136187	38
v/cg/conv4/conv2d/kernel	-1	-1
v/cg/conv12/biases/read	-1	-1
tower_0/v/vgg16_synthetic_labels/max	-1	-1
tower_0/v/cg/affine2/xw_plus_b/MatMul	1602294581689961	429
tower_0/v/gradients/tower_0/v/cg/conv3/conv2d/Conv2D_grad/Conv2DBackpropFilter	1602294582593573	107819
tower_0/v/cg/Reshape/shape	-1	-1
tower_0/v/cg/conv4/conv2d/Conv2D	1602294581403258	19692
tower_0/v/cg/conv8/Relu	1602294581590521	1406
v/cg/conv10/biases/read	-1	-1
tower_0/v/cg/conv11/BiasAdd	1602294581672004	460
tower_0/v/gradients/tower_0/v/cg/conv10/BiasAdd_grad/BiasAddGrad	1602294581748781	333
ConstantFolding/tower_0/v/gradients/tower_0/v/cg/conv12/conv2d/Conv2D_grad/ShapeN-matshapes-0	-1	-1
append_apply_gradient_ops/GradientDescent/update_v/cg/affine2/weights/ApplyGradientDescent	1602294581691511	94
tower_0/v/cg/dropout0/dropout/dropout/Cast	1602294581177578	19
tower_0/v/l2_loss/L2Loss_13	1602294581149792	5
tower_0/v/cg/conv5/Relu	1602294581466351	2821
tower_0/v/l2_loss/L2Loss_7	1602294581150011	4
tower_0/v/gpu_cached_inputs	-1	-1
tower_0/v/gradients/tower_0/v/l2_loss/L2Loss_30_grad/mul	1602294581148278	71
v/cg/conv0/biases/read	-1	-1
tower_0/v/gradients/AddN_26	1602294582801473	4
tower_0/v/gradients/AddN_14	1602294582093576	7
tower_0/v/xentropy/sparse_softmax_cross_entropy_loss/Sum	1602294581690638	7
v/cg/conv5/conv2d/kernel/read	-1	-1
tower_0/v/l2_loss/L2Loss_30	1602294581148211	56
tower_0/v/gradients/tower_0/v/cg/conv5/conv2d/Conv2D_grad/Conv2DBackpropFilter	1602294582310075	104774
tower_0/v/l2_loss/L2Loss_11	1602294581150045	4
append_apply_gradient_ops/GradientDescent/update_v/cg/conv12/conv2d/kernel/ApplyGradientDescent	1602294581748117	61
ConstantFolding/tower_0/v/gradients/tower_0/v/cg/conv7/conv2d/Conv2D_grad/ShapeN-matshapes-0	-1	-1
v/cg/affine2/weights/read	-1	-1
v/cg/conv1/conv2d/kernel/read	-1	-1
main_fetch_group/_70	-1	-1
append_apply_gradient_ops/GradientDescent/update_v/cg/conv7/biases/ApplyGradientDescent	1602294582136228	7
append_apply_gradient_ops/GradientDescent/update_v/cg/affine1/biases/ApplyGradientDescent	1602294581694142	10
append_apply_gradient_ops/GradientDescent	-1	-1
tower_0/v/gradients/AddN_6	1602294581729651	7
ConstantFolding/tower_0/v/gradients/tower_0/v/cg/conv8/conv2d/Conv2D_grad/ShapeN-matshapes-0	-1	-1
tower_0/v/gradients/AddN_4	1602294581705799	7
tower_0/v/cg/conv0/conv2d/Conv2D	1602294581153712	8840
v/cg/conv2/biases	-1	-1
tower_0/v/gradients/tower_0/v/cg/conv9/conv2d/Conv2D_grad/Conv2DBackpropFilter	1602294581829710	102329
v/cg/conv4/conv2d/kernel/read	-1	-1
tower_0/v/l2_loss/L2Loss_31	1602294581150220	18
tower_0/v/cg/affine0/xw_plus_b/MatMul	1602294581682440	6249
v/cg/conv12/conv2d/kernel/read	-1	-1
tower_0/v/gradients/tower_0/v/l2_loss/L2Loss_27_grad/mul	1602294581148153	16
append_apply_gradient_ops/GradientDescent/update_v/cg/conv6/biases/ApplyGradientDescent	1602294582310055	7
tower_0/v/cg/conv3/BiasAdd	1602294581386035	7400
tower_0/v/xentropy/sparse_softmax_cross_entropy_loss/Mul	-1	-1
append_apply_gradient_ops/GradientDescent/update_v/cg/conv3/biases/ApplyGradientDescent	1602294582710327	7
v/cg/conv3/conv2d/kernel/read	-1	-1
tower_0/v/cg/conv9/BiasAdd	1602294581649898	1821
tower_0/v/gradients/tower_0/v/cg/conv2/Relu_grad/ReluGrad	1602294582701406	8904
tower_0/v/gradients/tower_0/v/l2_loss/L2Loss_12_grad/mul	1602294581149711	7
tower_0/v/gradients/tower_0/v/l2_loss/L2Loss_11_grad/mul	1602294581150051	4
append_apply_gradient_ops/GradientDescent/update_v/cg/affine0/biases/ApplyGradientDescent	1602294581708113	6
v/cg/conv7/conv2d/kernel/read	-1	-1
tower_0/v/cg/mpool3/MaxPool	1602294581653124	1088
tower_0/v/gradients/AddN_2	1602294581693731	7
tower_0/v/l2_loss/L2Loss_23	1602294581150033	4
tower_0/v/cg/dropout0_1/dropout/dropout/mul	1602294581189073	26
tower_0/v/cg/conv1/BiasAdd	1602294581257835	14923
v/cg/conv10/conv2d/kernel	-1	-1
tower_0/v/gradients/tower_0/v/cg/affine1/xw_plus_b_grad/BiasAddGrad	1602294581691646	21
v/cg/affine2/biases	-1	-1
tower_0/v/gradients/tower_0/v/cg/conv8/BiasAdd_grad/BiasAddGrad	1602294581934232	690
tower_0/v/l2_loss/L2Loss_20	1602294581147957	52
average_loss/Mean	-1	-1
tower_0/v/gradients/tower_0/v/l2_loss/L2Loss_16_grad/mul	1602294581149755	35
tower_0/v/l2_loss/L2Loss_1	1602294581149846	4
tower_0/v/l2_loss/AddN	1602294581162604	37
append_apply_gradient_ops/GradientDescent/update_v/cg/conv2/conv2d/kernel/ApplyGradientDescent	1602294582839959	7
tower_0/v/cg/affine1/affine1	1602294581689920	9
tower_0/v/cg/conv2/BiasAdd	1602294581325311	7402
ConstantFolding/tower_0/v/gradients/tower_0/v/cg/conv1/conv2d/Conv2D_grad/ShapeN-matshapes-0	-1	-1
ConstantFolding/tower_0/v/gradients/tower_0/v/cg/conv11/conv2d/Conv2D_grad/ShapeN-matshapes-1	-1	-1
tower_0/v/gradients/tower_0/v/cg/conv1/conv2d/Conv2D_grad/Conv2DBackpropInput	1602294582844746	68704
v/cg/conv6/conv2d/kernel	-1	-1
v/cg/conv3/biases/read	-1	-1
tower_0/v/vgg16_synthetic_labels	1602294581147535	51
tower_0/v/gradients/tower_0/v/cg/conv4/BiasAdd_grad/BiasAddGrad	1602294582479242	1238
tower_0/v/gradients/AddN_12	1602294581932041	7
tower_0/v/gradients/tower_0/v/cg/dropout0/dropout/dropout/mul_grad/Mul	1602294581694153	31
tower_0/v/vgg16_synthetic_labels/min	-1	-1
tower_0/v/xentropy/sparse_softmax_cross_entropy_loss/num_present	-1	-1
tower_0/v/cg/mpool2/MaxPool	1602294581508931	2062
ConstantFolding/tower_0/v/gradients/tower_0/v/cg/conv5/conv2d/Conv2D_grad/ShapeN-matshapes-1	-1	-1
append_apply_gradient_ops/GradientDescent/update_v/cg/conv10/conv2d/kernel/ApplyGradientDescent	1602294581770913	59
tower_0/v/cg/conv10/Relu	1602294581663178	355
ConstantFolding/tower_0/v/gradients/tower_0/v/cg/conv3/conv2d/Conv2D_grad/ShapeN-matshapes-0	-1	-1
v/cg/conv6/conv2d/kernel/read	-1	-1
tower_0/v/gradients/AddN	1602294581691326	7
tower_0/v/gradients/tower_0/v/cg/conv9/conv2d/Conv2D_grad/Conv2DBackpropInput	1602294581771679	58023
tower_0/v/gradients/tower_0/v/l2_loss/L2Loss_6_grad/mul	1602294581149877	5
average_loss/Mean/_74	1602294581694143	6
tower_0/v/gradients/tower_0/v/cg/conv12/conv2d/Conv2D_grad/Conv2DBackpropFilter	1602294581720199	9448
v/cg/conv11/biases/read	-1	-1
tower_0/v/l2_loss/L2Loss_21	1602294581151257	4
v/cg/conv3/conv2d/kernel	-1	-1
learning_rate_tensor/input	-1	-1
tower_0/v/gradients/tower_0/v/cg/conv5/conv2d/Conv2D_grad/Conv2DBackpropInput	1602294582416097	58729
tower_0/v/cg/dropout0/dropout/dropout/truediv	-1	-1
v/cg/conv8/conv2d/kernel/read	-1	-1
v/cg/affine2/biases/read	-1	-1
tower_0/v/cg/dropout0_1/dropout/dropout/GreaterEqual	1602294581162581	20
tower_0/v/gpu_cached_inputs/read	-1	-1
tower_0/v/gradients/tower_0/v/l2_loss/L2Loss_14_grad/mul	1602294581149908	18
v/cg/conv2/conv2d/kernel/read	-1	-1
tower_0/v/gradients/AddN_8	1602294581748181	7
tower_0/v/gradients/tower_0/v/l2_loss/L2Loss_21_grad/mul	1602294581151263	4
v/cg/conv0/conv2d/kernel	-1	-1
ConstantFolding/tower_0/v/gradients/tower_0/v/cg/conv1/conv2d/Conv2D_grad/ShapeN-matshapes-1	-1	-1
tower_0/v/l2_loss/L2Loss_19	1602294581151283	17
tower_0/v/gradients/tower_0/v/cg/conv10/conv2d/Conv2D_grad/Conv2DBackpropInput	1602294581749116	8078
tower_0/v/l2_loss/L2Loss_10	1602294581149818	16
tower_0/v/cg/conv12/conv2d/Conv2D	1602294581672820	8478
tower_0/v/gradients/tower_0/v/cg/conv12/BiasAdd_grad/BiasAddGrad	1602294581711787	334
tower_0/v/l2_loss/L2Loss_9	1602294581151227	4
tower_0/v/gradients/tower_0/v/cg/conv4/conv2d/Conv2D_grad/Conv2DBackpropFilter	1602294582499263	25000
tower_0/v/gradients/tower_0/v/l2_loss/L2Loss_15_grad/mul	1602294581150028	4
v/cg/affine1/biases/read	-1	-1
v/cg/conv5/biases/read	-1	-1
ConstantFolding/tower_0/v/gradients/tower_0/v/cg/conv2/conv2d/Conv2D_grad/ShapeN-matshapes-1	-1	-1
append_apply_gradient_ops/GradientDescent/update_v/cg/conv9/conv2d/kernel/ApplyGradientDescent	1602294582093517	56
tower_0/v/gradients/AddN_22	1602294582524266	7
tower_0/v/cg/conv6/Relu	1602294581506104	2823
tower_0/v/gradients/AddN_29	1602294583080247	6
tower_0/v/gradients/tower_0/v/cg/conv0/Relu_grad/ReluGrad	1602294583062081	18164
tower_0/v/gradients/tower_0/v/l2_loss/L2Loss_19_grad/mul	1602294581151322	16
tower_0/v/cg/conv7/BiasAdd	1602294581527476	1822
tower_0/v/gradients/tower_0/v/l2_loss/L2Loss_23_grad/mul	1602294581150039	4
append_apply_gradient_ops/GradientDescent/update_v/cg/conv7/conv2d/kernel/ApplyGradientDescent	1602294582140552	39
v/cg/conv11/biases	-1	-1
tower_0/v/gradients/tower_0/v/cg/Reshape_grad/Reshape	-1	-1
tower_0/v/gradients/tower_0/v/cg/affine1/xw_plus_b/MatMul_grad/MatMul_1	1602294581692817	911
v/cg/affine1/weights/read	-1	-1
tower_0/v/gradients/AddN_18	1602294582305703	7
tower_0/v/cg/conv10/BiasAdd	1602294581662715	460
tower_0/v/cg/conv4/BiasAdd	1602294581422956	3674
v/cg/affine2/weights	-1	-1
gpu_compute_stage_ops_group	-1	-1
tower_0/v/cg/conv5/conv2d/Conv2D	1602294581429468	33211
tower_0/v/l2_loss/L2Loss_24	1602294581150101	44
tower_0/v/l2_loss/L2Loss_16	1602294581149720	34
tower_0/v/cg/conv0/Relu	1602294581177629	11413
tower_0/v/l2_loss/L2Loss_25	1602294581150702	20
v/cg/conv12/biases	-1	-1
tower_0/v/l2_loss/L2Loss_22	1602294581149928	32
tower_0/v/cg/dropout0/dropout/dropout/random_uniform/mul	-1	-1
tower_0/v/gradients/tower_0/v/cg/conv11/conv2d/Conv2D_grad/Conv2DBackpropInput	1602294581730583	8080
tower_0/v/gradients/tower_0/v/l2_loss/L2Loss_20_grad/mul	1602294581148052	50
tower_0/v/l2_loss/L2Loss_6	1602294581149857	19
tower_0/v/gradients/AddN_24	1602294582701395	7
tower_0/v/xentropy/sparse_softmax_cross_entropy_loss/value	1602294581691316	7
v/cg/affine0/weights/read	-1	-1
tower_0/v/gradients/tower_0/v/cg/mpool2/MaxPool_grad/MaxPoolGrad	1602294582129539	6645
append_apply_gradient_ops/GradientDescent/update_v/cg/conv11/conv2d/kernel/ApplyGradientDescent	1602294581766636	58
append_apply_gradient_ops/GradientDescent/update_v/cg/conv1/conv2d/kernel/ApplyGradientDescent	1602294583107782	6
tower_0/v/cg/conv12/BiasAdd	1602294581681319	459
tower_0/v/gradients/tower_0/v/l2_loss/L2Loss_13_grad/mul	1602294581149798	4
tower_0/v/gradients/tower_0/v/l2_loss/L2Loss_29_grad/mul	1602294581151251	4
tower_0/v/gradients/tower_0/v/cg/affine0/xw_plus_b/MatMul_grad/MatMul	1602294581694632	5849
tower_0/v/gradients/tower_0/v/l2_loss/L2Loss_3_grad/mul	1602294581150005	4
ConstantFolding/tower_0/v/gradients/tower_0/v/cg/conv2/conv2d/Conv2D_grad/ShapeN-matshapes-0	-1	-1
tower_0/v/gradients/AddN_7	1602294581730167	58
tower_0/v/cg/mpool1/MaxPool	1602294581399120	4137
tower_0/v/cg/conv8/conv2d/Conv2D	1602294581530708	57986
tower_0/v/gradients/tower_0/v/cg/conv6/BiasAdd_grad/BiasAddGrad	1602294582140595	1240
tower_0/v/gradients/tower_0/v/cg/conv7/conv2d/Conv2D_grad/Conv2DBackpropInput	1602294582096445	16015
append_apply_gradient_ops/GradientDescent/update_v/cg/conv0/biases/ApplyGradientDescent	1602294583107801	4
v/cg/conv1/biases	-1	-1
tower_0/v/cg/conv1/conv2d/Conv2D	1602294581189103	68731
tower_0/v/cg/dropout0/dropout/dropout/random_uniform/RandomUniform	1602294581147665	35
tower_0/v/cg/dropout0/dropout/dropout/Shape	-1	-1
tower_0/v/cg/affine1/xw_plus_b	1602294581689893	25
append_apply_gradient_ops/GradientDescent/update_v/cg/affine2/biases/ApplyGradientDescent	1602294581691470	7
ConstantFolding/tower_0/v/gradients/tower_0/v/cg/conv3/conv2d/Conv2D_grad/ShapeN-matshapes-1	-1	-1
v/cg/conv12/conv2d/kernel	-1	-1
tower_0/v/gradients/AddN_9	1602294581748698	62
tower_0/v/gradients/AddN_28	1602294583062075	4
tower_0/v/l2_loss/L2Loss_27	1602294581148108	24
tower_0/v/gradients/tower_0/v/cg/conv3/Relu_grad/ReluGrad	1602294582534630	8852
tower_0/v/gradients/tower_0/v/l2_loss/L2Loss_22_grad/mul	1602294581149962	35
tower_0/v/gradients/tower_0/v/cg/affine1/xw_plus_b/MatMul_grad/MatMul	1602294581691672	1142
tower_0/v/cg/conv2/Relu	1602294581332716	5670
tower_0/v/cg/conv0/BiasAdd	1602294581162644	14930
tower_0/v/gradients/AddN_11	1602294581768753	60
tower_0/v/gradients/AddN_15	1602294582095675	61
tower_0/v/cg/affine0/affine0	1602294581688722	12
_SOURCE	-1	-1
tower_0/v/gradients/tower_0/v/l2_loss/L2Loss_25_grad/mul	1602294581150746	17
tower_0/v/gradients/tower_0/v/cg/conv6/conv2d/Conv2D_grad/Conv2DBackpropInput	1602294582141845	58796
tower_0/v/vgg16_synthetic_labels/shape	-1	-1
tower_0/v/cg/dropout0_1/dropout/dropout/mul_1	1602294581689933	27
append_apply_gradient_ops/GradientDescent/update_v/cg/affine1/weights/ApplyGradientDescent	1602294581694188	378
tower_0/v/gradients/tower_0/v/cg/mpool3/MaxPool_grad/MaxPoolGrad	1602294581766708	2042
tower_0/v/cg/conv12/Relu	1602294581681782	352
tower_0/v/cg/dropout0_1/dropout/dropout/random_uniform/mul	-1	-1
tower_0/v/cg/affine2/xw_plus_b	1602294581690393	11
tower_0/v/gradients/tower_0/v/l2_loss/L2Loss_2_grad/mul	1602294581150373	22
tower_0/v/cg/conv7/Relu	1602294581529301	1406
v/cg/conv8/conv2d/kernel	-1	-1
tower_0/v/l2_loss/L2Loss_5	1602294581149682	4
tower_0/v/gradients/AddN_16	1602294582129529	7
tower_0/v/cg/conv3/conv2d/Conv2D	1602294581338389	47638
tower_0/v/gradients/tower_0/v/cg/affine2/xw_plus_b_grad/BiasAddGrad	1602294581690660	18
tower_0/v/gradients/tower_0/v/cg/conv4/conv2d/Conv2D_grad/Conv2DBackpropInput	1602294582480483	18777
ConstantFolding/tower_0/v/gradients/tower_0/v/cg/conv8/conv2d/Conv2D_grad/ShapeN-matshapes-1	-1	-1
v/cg/conv2/conv2d/kernel	-1	-1
tower_0/v/cg/conv9/conv2d/Conv2D	1602294581591930	57966
v/cg/conv8/biases/read	-1	-1
tower_0/v/gradients/AddN_10	1602294581766698	6
tower_0/v/gradients/AddN_13	1602294581934149	61
tower_0/v/cg/conv2/conv2d/Conv2D	1602294581292069	33240
v/cg/conv8/biases	-1	-1
tower_0/v/gradients/tower_0/v/xentropy/sparse_softmax_cross_entropy_loss/xentropy/xentropy_grad/ExpandDims	-1	-1
tower_0/v/gradients/tower_0/v/cg/conv3/conv2d/Conv2D_grad/Conv2DBackpropInput	1602294582545961	47606
v/cg/conv5/biases	-1	-1
tower_0/v/gradients/tower_0/v/cg/mpool1/MaxPool_grad/MaxPoolGrad	1602294582524275	10324
tower_0/v/gradients/tower_0/v/cg/conv2/BiasAdd_grad/BiasAddGrad	1602294582710341	2434
v/cg/conv9/conv2d/kernel/read	-1	-1
tower_0/v/cg/dropout0/dropout/dropout/mul	1602294581189045	24
tower_0/v/l2_loss/L2Loss_4	1602294581151205	15
tower_0/v/gradients/tower_0/v/l2_loss/L2Loss_17_grad/mul	1602294581150063	4
tower_0/v/gradients/tower_0/v/cg/conv1/conv2d/Conv2D_grad/Conv2DBackpropFilter	1602294582913452	148621
tower_0/v/cg/conv8/BiasAdd	1602294581588696	1823
tower_0/v/gradients/tower_0/v/cg/conv10/conv2d/Conv2D_grad/Conv2DBackpropFilter	1602294581757198	9435
tower_0/v/gradients/tower_0/v/cg/conv7/Relu_grad/ReluGrad	1602294582093586	2087
tower_0/v/cg/dropout0_1/dropout/dropout/random_uniform/RandomUniform	1602294581147720	33
tower_0/v/cg/dropout0/dropout/dropout/mul_1	1602294581688737	26
append_apply_gradient_ops/GradientDescent/update_v/cg/conv6/conv2d/kernel/ApplyGradientDescent	1602294582474827	20
tower_0/v/cg/conv11/conv2d/Conv2D	1602294581663536	8464
v/cg/conv4/biases	-1	-1
tower_0/v/l2_loss/L2Loss_28	1602294581150806	141
tower_0/v/gradients/tower_0/v/cg/affine0/xw_plus_b_grad/BiasAddGrad	1602294581694609	20
ConstantFolding/tower_0/v/gradients/tower_0/v/cg/conv11/conv2d/Conv2D_grad/ShapeN-matshapes-0	-1	-1
tower_0/v/gradients/AddN_1	1602294581691360	98
tower_0/v/gradients/AddN_21	1602294582474850	21
tower_0/v/gradients/tower_0/v/cg/conv3/BiasAdd_grad/BiasAddGrad	1602294582543515	2443
tower_0/v/gradients/tower_0/v/l2_loss/L2Loss_7_grad/mul	1602294581150016	4
tower_0/v/cg/dropout0/dropout/dropout/GreaterEqual	1602294581162556	21
tower_0/v/gradients/tower_0/v/cg/conv0/conv2d/Conv2D_grad/Conv2DBackpropFilter	1602294583085031	22749
ConstantFolding/tower_0/v/gradients/tower_0/v/cg/conv6/conv2d/Conv2D_grad/ShapeN-matshapes-0	-1	-1
tower_0/v/mul/x	-1	-1
v/cg/conv9/biases/read	-1	-1
append_apply_gradient_ops/GradientDescent/update_v/cg/conv8/biases/ApplyGradientDescent	1602294582095740	7
tower_0/v/gradients/tower_0/v/cg/conv9/Relu_grad/ReluGrad	1602294581768825	2085
tower_0/v/gradients/AddN_3	1602294581693764	376
tower_0/v/l2_loss/L2Loss_8	1602294581150446	42
average_loss/Mean/input	-1	-1
tower_0/v/gradients/AddN_19	1602294582310032	22
v/cg/conv11/conv2d/kernel/read	-1	-1
tower_0/v/gradients/tower_0/v/l2_loss/L2Loss_1_grad/mul	1602294581149852	4
tower_0/v/transpose/perm	-1	-1
tower_0/v/gradients/tower_0/v/l2_loss/L2Loss_5_grad/mul	1602294581149688	4
tower_0/v/gradients/tower_0/v/l2_loss/L2Loss_26_grad/mul	1602294581152113	1595
tower_0/v/gradients/tower_0/v/cg/conv6/conv2d/Conv2D_grad/Conv2DBackpropFilter	1602294582200651	105048
append_apply_gradient_ops/GradientDescent/update_v/cg/conv11/biases/ApplyGradientDescent	1602294581748763	9
v/cg/conv0/biases	-1	-1
tower_0/v/cg/conv5/BiasAdd	1602294581462687	3660
tower_0/v/gradients/tower_0/v/cg/conv1/BiasAdd_grad/BiasAddGrad	1602294582839975	4769
tower_0/v/gradients/tower_0/v/cg/dropout0_1/dropout/dropout/mul_grad/Mul	1602294581691480	28
tower_0/v/gradients/tower_0/v/l2_loss/L2Loss_31_grad/mul	1602294581150265	18
tower_0/v/gradients/AddN_25	1602294582710313	12
tower_0/v/cg/mpool0/MaxPool	1602294581284191	7876
average_loss/range	-1	-1
tower_0/v/gradients/tower_0/v/cg/mpool0/MaxPool_grad/MaxPoolGrad	1602294582801478	20274
tower_0/v/gradients/AddN_31	1602294583107795	4
tower_0/v/gradients/tower_0/v/cg/conv8/conv2d/Conv2D_grad/Conv2DBackpropFilter	1602294581992900	100614
v/cg/conv9/conv2d/kernel	-1	-1
tower_0/v/mul	1602294581177619	8
tower_0/v/gradients/tower_0/v/cg/conv7/BiasAdd_grad/BiasAddGrad	1602294582095754	689
v/cg/conv1/biases/read	-1	-1
tower_0/v/l2_loss/L2Loss_12	1602294581149693	16
tower_0/v/gradients/tower_0/v/cg/conv0/BiasAdd_grad/BiasAddGrad	1602294583080263	4763
ConstantFolding/tower_0/v/gradients/tower_0/v/cg/conv6/conv2d/Conv2D_grad/ShapeN-matshapes-1	-1	-1
tower_0/v/gradients/tower_0/v/cg/conv4/Relu_grad/ReluGrad	1602294582474883	4317
tower_0/v/gradients/tower_0/v/cg/conv11/conv2d/Conv2D_grad/Conv2DBackpropFilter	1602294581738667	9448
tower_0/v/gradients/AddN_27	1602294582821753	6
tower_0/v/gradients/tower_0/v/cg/affine2/xw_plus_b/MatMul_grad/MatMul_1	1602294581691052	261
tower_0/v/cg/conv6/BiasAdd	1602294581502430	3671
ConstantFolding/tower_0/v/gradients/tower_0/v/cg/conv5/conv2d/Conv2D_grad/ShapeN-matshapes-0	-1	-1
append_apply_gradient_ops/GradientDescent/update_v/cg/conv9/biases/ApplyGradientDescent	1602294581934213	7
v/cg/conv6/biases	-1	-1
tower_0/v/gradients/tower_0/v/cg/conv8/Relu_grad/ReluGrad	1602294581932051	2094
v/cg/conv11/conv2d/kernel	-1	-1
v/cg/affine0/biases/read	-1	-1
v/cg/conv10/conv2d/kernel/read	-1	-1
v/cg/conv5/conv2d/kernel	-1	-1
v/cg/conv0/conv2d/kernel/read	-1	-1
tower_0/v/l2_loss/L2Loss	1602294581149804	7
train_ops_group	-1	-1
tower_0/v/gradients/tower_0/v/l2_loss/L2Loss_4_grad/mul	1602294581151221	4
tower_0/v/cg/conv10/conv2d/Conv2D	1602294581654214	8498
tower_0/v/cg/conv7/conv2d/Conv2D	1602294581510994	16473
append_apply_gradient_ops/GradientDescent/update_v/cg/conv4/conv2d/kernel/ApplyGradientDescent	1602294582543487	16
v/cg/affine1/biases	-1	-1
tower_0/v/gradients/tower_0/v/cg/conv8/conv2d/Conv2D_grad/Conv2DBackpropInput	1602294581934925	57966
tower_0/v/cg/affine0/xw_plus_b	1602294581688692	20
