tower_0/v/cg/dropout0/dropout/dropout/mul	1599841735473549	13
v/cg/conv10/conv2d/kernel	-1	-1
v/cg/conv3/conv2d/kernel	-1	-1
tower_0/v/gradients/AddN_31	1599841735886150	4
v/cg/affine1/weights	-1	-1
tower_0/v/l2_loss/L2Loss_18	1599841735459437	42
tower_0/v/gradients/AddN	1599841735603483	7
average_loss/Mean/input	-1	-1
v/cg/conv7/biases/read	-1	-1
v/cg/conv0/biases/read	-1	-1
append_apply_gradient_ops/GradientDescent/update_v/cg/affine0/weights/ApplyGradientDescent	1599841735611287	2296
v/cg/conv3/biases/read	-1	-1
tower_0/v/l2_loss/L2Loss_1	1599841735458813	4
tower_0/v/cg/dropout0_1/dropout/dropout/GreaterEqual	1599841735466033	11
tower_0/v/cg/conv9/conv2d/Conv2D	1599841735580911	8798
tower_0/v/gpu_cached_inputs	-1	-1
tower_0/v/gradients/tower_0/v/cg/conv2/conv2d/Conv2D_grad/Conv2DBackpropFilter	1599841735791524	15101
append_apply_gradient_ops/GradientDescent/update_v/cg/conv10/conv2d/kernel/ApplyGradientDescent	1599841735634256	58
tower_0/v/gradients/tower_0/v/cg/conv1/conv2d/Conv2D_grad/Conv2DBackpropFilter	1599841735838455	34787
ConstantFolding/tower_0/v/gradients/tower_0/v/cg/conv3/conv2d/Conv2D_grad/ShapeN-matshapes-1	-1	-1
tower_0/v/gradients/tower_0/v/cg/conv1/Relu_grad/ReluGrad	1599841735812455	4952
tower_0/v/gradients/tower_0/v/cg/dropout0_1/dropout/dropout/mul_grad/Mul	1599841735603629	13
tower_0/v/cg/affine0/affine0	1599841735602402	6
tower_0/v/l2_loss/L2Loss_23	1599841735459918	17
v/cg/affine1/weights/read	-1	-1
v/cg/conv1/conv2d/kernel	-1	-1
tower_0/v/cg/conv10/Relu	1599841735594080	105
append_apply_gradient_ops/GradientDescent/update_v/cg/conv2/biases/ApplyGradientDescent	1599841735812449	5
append_apply_gradient_ops/GradientDescent/update_v/cg/affine1/weights/ApplyGradientDescent	1599841735604926	378
tower_0/v/gradients/tower_0/v/l2_loss/L2Loss_14_grad/mul	1599841735463314	19
append_apply_gradient_ops/GradientDescent/update_v/cg/conv4/biases/ApplyGradientDescent	1599841735747290	7
_SOURCE	-1	-1
tower_0/v/gradients/tower_0/v/l2_loss/L2Loss_29_grad/mul	1599841735463216	4
tower_0/v/gradients/tower_0/v/l2_loss/L2Loss_15_grad/mul	1599841735463351	4
tower_0/v/gradients/tower_0/v/cg/affine0/xw_plus_b_grad/BiasAddGrad	1599841735605331	9
tower_0/v/gradients/AddN_4	1599841735608714	7
tower_0/v/cg/conv6/BiasAdd	1599841735562978	1042
tower_0/v/cg/conv10/conv2d/Conv2D	1599841735590958	2978
tower_0/v/gradients/tower_0/v/l2_loss/L2Loss_19_grad/mul	1599841735459873	21
tower_0/v/vgg16_synthetic_labels/max	-1	-1
tower_0/v/gradients/tower_0/v/cg/conv2/Relu_grad/ReluGrad	1599841735780328	2393
v/cg/conv8/conv2d/kernel/read	-1	-1
tower_0/v/xentropy/sparse_softmax_cross_entropy_loss/Sum	1599841735603184	7
tower_0/v/gradients/tower_0/v/cg/affine1/affine1_grad/ReluGrad	1599841735603741	13
tower_0/v/vgg16_synthetic_labels	1599841735458125	27
tower_0/v/gradients/AddN_19	1599841735706579	21
tower_0/v/gradients/tower_0/v/l2_loss/L2Loss_27_grad/mul	1599841735459161	16
tower_0/v/cg/dropout0/dropout/dropout/random_uniform/RandomUniform	1599841735457857	54
tower_0/v/gradients/tower_0/v/l2_loss/L2Loss_16_grad/mul	1599841735463421	35
append_apply_gradient_ops/GradientDescent/update_v/cg/conv11/biases/ApplyGradientDescent	1599841735626778	7
ConstantFolding/tower_0/v/gradients/tower_0/v/cg/conv10/conv2d/Conv2D_grad/ShapeN-matshapes-0	-1	-1
tower_0/v/gradients/tower_0/v/l2_loss/L2Loss_9_grad/mul	1599841735463340	4
tower_0/v/gradients/tower_0/v/cg/conv3/conv2d/Conv2D_grad/Conv2DBackpropInput	1599841735750451	13205
tower_0/v/gradients/tower_0/v/l2_loss/L2Loss_2_grad/mul	1599841735463370	4
tower_0/v/cg/conv8/conv2d/Conv2D	1599841735571229	8751
tower_0/v/cg/dropout0/dropout/dropout/random_uniform/mul	-1	-1
tower_0/v/cg/dropout0_1/dropout/dropout/mul_1	1599841735602761	11
tower_0/v/l2_loss/L2Loss_31	1599841735460032	17
ConstantFolding/tower_0/v/gradients/tower_0/v/cg/conv11/conv2d/Conv2D_grad/ShapeN-matshapes-1	-1	-1
tower_0/v/gradients/tower_0/v/l2_loss/L2Loss_10_grad/mul	1599841735458721	8
tower_0/v/cg/conv1/Relu	1599841735497427	3230
tower_0/v/gradients/tower_0/v/l2_loss/L2Loss_grad/mul	1599841735463230	4
tower_0/v/gradients/tower_0/v/cg/conv8/conv2d/Conv2D_grad/Conv2DBackpropInput	1599841735652946	8713
ConstantFolding/tower_0/v/gradients/tower_0/v/cg/conv5/conv2d/Conv2D_grad/ShapeN-matshapes-0	-1	-1
tower_0/v/l2_loss/L2Loss_19	1599841735459833	17
tower_0/v/gradients/tower_0/v/cg/affine0/xw_plus_b/MatMul_grad/MatMul	1599841735605344	1626
tower_0/v/l2_loss/L2Loss_3	1599841735459357	4
tower_0/v/gpu_cached_inputs/read	-1	-1
tower_0/v/gradients/tower_0/v/cg/conv7/conv2d/Conv2D_grad/Conv2DBackpropInput	1599841735671730	4758
v/cg/conv6/conv2d/kernel	-1	-1
tower_0/v/gradients/AddN_21	1599841735729975	21
tower_0/v/cg/conv4/conv2d/Conv2D	1599841735533476	5908
tower_0/v/l2_loss/L2Loss_12	1599841735463236	15
v/cg/affine1/biases/read	-1	-1
tower_0/v/cg/conv5/conv2d/Conv2D	1599841735541237	9940
tower_0/v/gradients/tower_0/v/cg/conv6/conv2d/Conv2D_grad/Conv2DBackpropInput	1599841735684842	9995
learning_rate_tensor/input	-1	-1
append_apply_gradient_ops/GradientDescent/update_v/cg/conv7/conv2d/kernel/ApplyGradientDescent	1599841735684415	35
main_fetch_group	-1	-1
tower_0/v/l2_loss/L2Loss_26	1599841735460479	729
v/cg/conv0/conv2d/kernel	-1	-1
v/cg/conv2/conv2d/kernel	-1	-1
tower_0/v/gradients/tower_0/v/cg/affine2/xw_plus_b/MatMul_grad/MatMul	1599841735603223	144
tower_0/v/gradients/AddN_25	1599841735782723	12
ConstantFolding/tower_0/v/gradients/tower_0/v/cg/conv12/conv2d/Conv2D_grad/ShapeN-matshapes-1	-1	-1
ConstantFolding/tower_0/v/gradients/tower_0/v/cg/conv3/conv2d/Conv2D_grad/ShapeN-matshapes-0	-1	-1
tower_0/v/cg/mpool1/MaxPool	1599841735532283	1192
tower_0/v/cg/dropout0/dropout/dropout/Shape	-1	-1
tower_0/v/cg/conv5/Relu	1599841735552223	802
v/cg/affine0/weights	-1	-1
tower_0/v/gradients/tower_0/v/cg/conv6/Relu_grad/ReluGrad	1599841735683249	1163
tower_0/v/gradients/tower_0/v/cg/affine0/xw_plus_b/MatMul_grad/MatMul_1	1599841735606972	1739
tower_0/v/cg/conv2/BiasAdd	1599841735511573	2084
tower_0/v/gradients/tower_0/v/cg/dropout0_1/dropout/dropout/mul_1_grad/Mul	1599841735603493	14
tower_0/v/gradients/AddN_24	1599841735780318	7
tower_0/v/gradients/AddN_5	1599841735608723	2300
tower_0/v/gradients/tower_0/v/l2_loss/L2Loss_3_grad/mul	1599841735459375	21
v/cg/conv1/biases/read	-1	-1
tower_0/v/gradients/AddN_1	1599841735603509	98
ConstantFolding/tower_0/v/gradients/tower_0/v/cg/conv8/conv2d/Conv2D_grad/ShapeN-matshapes-1	-1	-1
tower_0/v/l2_loss/L2Loss_30	1599841735459218	54
tower_0/v/cg/dropout0/dropout/dropout/GreaterEqual	1599841735466017	14
tower_0/v/gradients/tower_0/v/cg/mpool4/MaxPool_grad/MaxPoolGrad	1599841735611036	250
main_fetch_group/_70	-1	-1
tower_0/v/gradients/tower_0/v/l2_loss/L2Loss_5_grad/mul	1599841735460288	16
tower_0/v/gradients/tower_0/v/cg/affine2/xw_plus_b_grad/BiasAddGrad	1599841735603199	15
tower_0/v/gradients/tower_0/v/cg/dropout0/dropout/dropout/mul_grad/Mul	1599841735604911	12
tower_0/v/gradients/tower_0/v/xentropy/sparse_softmax_cross_entropy_loss/xentropy/xentropy_grad/ExpandDims	-1	-1
v/cg/conv6/biases	-1	-1
tower_0/v/cg/mpool3/MaxPool	1599841735590635	320
tower_0/v/transpose/perm	-1	-1
ConstantFolding/tower_0/v/gradients/tower_0/v/cg/conv7/conv2d/Conv2D_grad/ShapeN-matshapes-1	-1	-1
v/cg/conv5/conv2d/kernel	-1	-1
tower_0/v/gradients/tower_0/v/cg/conv10/conv2d/Conv2D_grad/Conv2DBackpropInput	1599841735626870	2913
tower_0/v/gradients/AddN_9	1599841735626718	58
tower_0/v/cg/mpool2/MaxPool	1599841735564826	591
tower_0/v/cg/conv3/conv2d/Conv2D	1599841735515273	13321
tower_0/v/gradients/tower_0/v/l2_loss/L2Loss_21_grad/mul	1599841735459075	15
tower_0/v/l2_loss/L2Loss_21	1599841735459032	16
average_loss/range	-1	-1
tower_0/v/cg/mpool4/MaxPool	1599841735600631	92
tower_0/v/gradients/tower_0/v/cg/mpool1/MaxPool_grad/MaxPoolGrad	1599841735744347	2924
v/cg/conv9/conv2d/kernel/read	-1	-1
tower_0/v/l2_loss/L2Loss_17	1599841735458945	21
tower_0/v/gradients/tower_0/v/cg/conv8/Relu_grad/ReluGrad	1599841735652077	578
tower_0/v/cg/conv11/conv2d/Conv2D	1599841735594187	2946
append_apply_gradient_ops/GradientDescent/update_v/cg/conv1/conv2d/kernel/ApplyGradientDescent	1599841735886138	6
tower_0/v/cg/conv7/conv2d/Conv2D	1599841735565419	4879
tower_0/v/l2_loss/AddN	1599841735466045	36
append_apply_gradient_ops/GradientDescent/update_v/cg/conv2/conv2d/kernel/ApplyGradientDescent	1599841735817409	7
tower_0/v/cg/dropout0/dropout/dropout/rate	-1	-1
append_apply_gradient_ops/GradientDescent/update_v/cg/conv0/biases/ApplyGradientDescent	1599841735886156	4
append_apply_gradient_ops/GradientDescent/update_v/cg/affine1/biases/ApplyGradientDescent	1599841735604901	8
v/cg/conv2/biases	-1	-1
tower_0/v/gradients/tower_0/v/cg/conv8/conv2d/Conv2D_grad/Conv2DBackpropFilter	1599841735661662	9126
v/cg/conv8/biases	-1	-1
tower_0/v/gradients/tower_0/v/cg/conv2/conv2d/Conv2D_grad/Conv2DBackpropInput	1599841735783470	8050
tower_0/v/add	1599841735603610	7
tower_0/v/l2_loss/L2Loss_15	1599841735463345	5
tower_0/v/cg/conv1/conv2d/Conv2D	1599841735473578	19656
tower_0/v/cg/conv10/BiasAdd	1599841735593939	137
tower_0/v/gradients/tower_0/v/cg/conv10/BiasAdd_grad/BiasAddGrad	1599841735626796	72
ConstantFolding/tower_0/v/gradients/tower_0/v/cg/conv10/conv2d/Conv2D_grad/ShapeN-matshapes-1	-1	-1
tower_0/v/l2_loss/L2Loss_8	1599841735459714	36
append_apply_gradient_ops/GradientDescent/update_v/cg/conv9/biases/ApplyGradientDescent	1599841735652719	7
tower_0/v/gradients/AddN_11	1599841735633608	60
tower_0/v/transpose	1599841735458308	389
v/cg/affine2/biases/read	-1	-1
append_apply_gradient_ops/GradientDescent/update_v/cg/conv6/conv2d/kernel/ApplyGradientDescent	1599841735729952	21
average_loss/Mean	-1	-1
tower_0/v/vgg16_synthetic_labels/shape	-1	-1
tower_0/v/l2_loss/L2Loss_9	1599841735463334	4
tower_0/v/gradients/tower_0/v/cg/affine1/xw_plus_b/MatMul_grad/MatMul	1599841735603785	403
tower_0/v/gradients/tower_0/v/cg/conv3/conv2d/Conv2D_grad/Conv2DBackpropFilter	1599841735763660	16650
tower_0/v/gradients/tower_0/v/cg/conv5/BiasAdd_grad/BiasAddGrad	1599841735719605	378
tower_0/v/cg/affine1/xw_plus_b	1599841735602739	9
tower_0/v/cg/dropout0/dropout/dropout/truediv	-1	-1
tower_0/v/cg/conv7/Relu	1599841735570826	400
v/cg/conv1/biases	-1	-1
v/cg/conv9/conv2d/kernel	-1	-1
tower_0/v/gradients/tower_0/v/cg/conv6/BiasAdd_grad/BiasAddGrad	1599841735684459	381
tower_0/v/xentropy/sparse_softmax_cross_entropy_loss/Mul	-1	-1
tower_0/v/gradients/tower_0/v/cg/conv11/conv2d/Conv2D_grad/Conv2DBackpropFilter	1599841735623245	3249
tower_0/v/mul	1599841735470300	7
v/cg/affine0/biases/read	-1	-1
tower_0/v/gradients/AddN_12	1599841735652067	8
tower_0/v/gradients/tower_0/v/l2_loss/L2Loss_20_grad/mul	1599841735458776	35
tower_0/v/gradients/AddN_15	1599841735671442	59
tower_0/v/gradients/tower_0/v/cg/conv1/conv2d/Conv2D_grad/Conv2DBackpropInput	1599841735818809	19645
tower_0/v/gradients/AddN_7	1599841735620182	58
tower_0/v/gradients/tower_0/v/l2_loss/L2Loss_30_grad/mul	1599841735459285	70
tower_0/v/gradients/tower_0/v/cg/mpool2/MaxPool_grad/MaxPoolGrad	1599841735681291	1911
v/cg/conv8/conv2d/kernel	-1	-1
tower_0/v/gradients/AddN_13	1599841735652658	58
tower_0/v/gradients/AddN_6	1599841735620023	7
tower_0/v/xentropy/sparse_softmax_cross_entropy_loss/value	1599841735603474	7
v/cg/conv4/conv2d/kernel	-1	-1
tower_0/v/cg/dropout0/dropout/dropout/mul_1	1599841735602412	10
tower_0/v/gradients/tower_0/v/l2_loss/L2Loss_18_grad/mul	1599841735459503	44
append_apply_gradient_ops/GradientDescent/update_v/cg/conv8/conv2d/kernel/ApplyGradientDescent	1599841735681221	58
tower_0/v/gradients/AddN_28	1599841735873244	4
tower_0/v/gradients/tower_0/v/cg/conv4/Relu_grad/ReluGrad	1599841735730007	1166
tower_0/v/cg/affine1/xw_plus_b/MatMul	1599841735602428	308
v/cg/conv1/conv2d/kernel/read	-1	-1
tower_0/v/gradients/tower_0/v/l2_loss/L2Loss_13_grad/mul	1599841735458737	4
tower_0/v/cg/dropout0/dropout/dropout/Cast	1599841735470275	11
tower_0/v/cg/conv9/Relu	1599841735590234	398
tower_0/v/l2_loss/L2Loss_13	1599841735458731	5
tower_0/v/cg/conv0/Relu	1599841735470310	3236
tower_0/v/gradients/tower_0/v/cg/conv5/conv2d/Conv2D_grad/Conv2DBackpropInput	1599841735719986	9962
v/cg/conv2/biases/read	-1	-1
tower_0/v/l2_loss/L2Loss_20	1599841735458742	33
append_apply_gradient_ops/GradientDescent/update_v/cg/conv8/biases/ApplyGradientDescent	1599841735671503	7
tower_0/v/gradients/tower_0/v/xentropy/sparse_softmax_cross_entropy_loss/xentropy/xentropy_grad/mul	1599841735603172	10
tower_0/v/gradients/AddN_23	1599841735747273	14
average_loss/Mean/_74	1599841735604902	4
tower_0/v/gradients/tower_0/v/l2_loss/L2Loss_25_grad/mul	1599841735462811	4
v/cg/affine2/weights/read	-1	-1
tower_0/v/cg/conv1/BiasAdd	1599841735493236	4188
tower_0/v/gradients/tower_0/v/l2_loss/L2Loss_26_grad/mul	1599841735461209	1594
tower_0/v/cg/conv0/BiasAdd	1599841735466084	4188
tower_0/v/gradients/tower_0/v/cg/conv12/conv2d/Conv2D_grad/Conv2DBackpropFilter	1599841735616754	3266
tower_0/v/cg/mpool0/MaxPool	1599841735500660	2263
ConstantFolding/tower_0/v/gradients/tower_0/v/cg/conv5/conv2d/Conv2D_grad/ShapeN-matshapes-1	-1	-1
tower_0/v/cg/conv11/Relu	1599841735597275	108
tower_0/v/gradients/AddN_8	1599841735626558	7
tower_0/v/l2_loss/L2Loss_16	1599841735463386	34
tower_0/v/cg/conv6/conv2d/Conv2D	1599841735553027	9947
append_apply_gradient_ops/GradientDescent/update_v/cg/conv11/conv2d/kernel/ApplyGradientDescent	1599841735632935	57
tower_0/v/gradients/AddN_16	1599841735681282	7
tower_0/v/gradients/tower_0/v/cg/conv5/Relu_grad/ReluGrad	1599841735705410	1167
tower_0/v/cg/Reshape/shape	-1	-1
tower_0/v/cg/dropout0_1/dropout/dropout/mul	1599841735473565	12
tower_0/v/gradients/tower_0/v/cg/conv1/BiasAdd_grad/BiasAddGrad	1599841735817423	1384
tower_0/v/mul/x	-1	-1
tower_0/v/gradients/tower_0/v/cg/affine2/xw_plus_b/MatMul_grad/MatMul_1	1599841735603370	101
tower_0/v/cg/conv12/BiasAdd	1599841735600384	138
v/cg/conv4/biases/read	-1	-1
append_apply_gradient_ops/GradientDescent/update_v/cg/conv3/biases/ApplyGradientDescent	1599841735782737	7
tower_0/v/l2_loss/L2Loss_10	1599841735458700	20
append_apply_gradient_ops/GradientDescent/update_v/cg/affine2/weights/ApplyGradientDescent	1599841735603644	96
v/cg/conv11/biases/read	-1	-1
v/cg/affine2/biases	-1	-1
tower_0/v/cg/conv3/Relu	1599841735530673	1607
tower_0/v/gradients/tower_0/v/l2_loss/L2Loss_11_grad/mul	1599841735458906	16
v/cg/conv7/conv2d/kernel/read	-1	-1
tower_0/v/gradients/tower_0/v/cg/conv5/conv2d/Conv2D_grad/Conv2DBackpropFilter	1599841735706612	12987
ConstantFolding/tower_0/v/gradients/tower_0/v/cg/conv9/conv2d/Conv2D_grad/ShapeN-matshapes-0	-1	-1
ConstantFolding/tower_0/v/gradients/tower_0/v/cg/conv0/conv2d/Conv2D_grad/ShapeN-matshapes-1	-1	-1
tower_0/v/cg/conv3/BiasAdd	1599841735528597	2074
v/cg/conv7/biases	-1	-1
tower_0/v/cg/conv9/BiasAdd	1599841735589711	520
v/cg/conv10/biases/read	-1	-1
ConstantFolding/tower_0/v/gradients/tower_0/v/cg/conv4/conv2d/Conv2D_grad/ShapeN-matshapes-1	-1	-1
append_apply_gradient_ops/GradientDescent/update_v/cg/conv0/conv2d/kernel/ApplyGradientDescent	1599841735886162	5
tower_0/v/gradients/tower_0/v/l2_loss/L2Loss_12_grad/mul	1599841735463253	8
tower_0/v/gradients/tower_0/v/cg/conv2/BiasAdd_grad/BiasAddGrad	1599841735782749	717
tower_0/v/cg/conv8/Relu	1599841735580507	401
tower_0/v/cg/conv12/Relu	1599841735600524	104
v/cg/conv10/biases	-1	-1
append_apply_gradient_ops/GradientDescent/update_v/cg/conv9/conv2d/kernel/ApplyGradientDescent	1599841735670791	55
tower_0/v/cg/conv2/conv2d/Conv2D	1599841735502926	8644
v/cg/conv6/biases/read	-1	-1
ConstantFolding/tower_0/v/gradients/tower_0/v/cg/conv4/conv2d/Conv2D_grad/ShapeN-matshapes-0	-1	-1
tower_0/v/gradients/tower_0/v/cg/conv6/conv2d/Conv2D_grad/Conv2DBackpropFilter	1599841735694842	10555
tower_0/v/cg/conv7/BiasAdd	1599841735570301	522
tower_0/v/l2_loss/L2Loss_7	1599841735463376	4
v/cg/conv10/conv2d/kernel/read	-1	-1
tower_0/v/xentropy/sparse_softmax_cross_entropy_loss/xentropy/xentropy	1599841735602966	204
tower_0/v/gradients/tower_0/v/cg/affine1/xw_plus_b/MatMul_grad/MatMul_1	1599841735604191	309
tower_0/v/gradients/tower_0/v/l2_loss/L2Loss_24_grad/mul	1599841735460413	43
tower_0/v/gradients/tower_0/v/l2_loss/L2Loss_23_grad/mul	1599841735459964	16
ConstantFolding/tower_0/v/gradients/tower_0/v/cg/conv8/conv2d/Conv2D_grad/ShapeN-matshapes-0	-1	-1
tower_0/v/gradients/tower_0/v/cg/conv4/BiasAdd_grad/BiasAddGrad	1599841735731217	377
v/cg/affine0/biases	-1	-1
tower_0/v/gradients/tower_0/v/cg/conv12/Relu_grad/ReluGrad	1599841735613585	149
tower_0/v/gradients/tower_0/v/cg/conv12/BiasAdd_grad/BiasAddGrad	1599841735613739	70
ConstantFolding/average_loss/Mean/input_const_axis	-1	-1
tower_0/v/gradients/AddN_3	1599841735604525	374
v/cg/conv7/conv2d/kernel	-1	-1
v/cg/conv0/biases	-1	-1
v/cg/conv11/biases	-1	-1
tower_0/v/gradients/tower_0/v/cg/mpool0/MaxPool_grad/MaxPoolGrad	1599841735806640	5799
tower_0/v/cg/conv0/conv2d/Conv2D	1599841735463457	2558
ConstantFolding/tower_0/v/gradients/tower_0/v/cg/conv6/conv2d/Conv2D_grad/ShapeN-matshapes-1	-1	-1
tower_0/v/gradients/tower_0/v/cg/affine0/affine0_grad/ReluGrad	1599841735605307	13
tower_0/v/gradients/tower_0/v/l2_loss/L2Loss_31_grad/mul	1599841735460077	16
ConstantFolding/tower_0/v/gradients/tower_0/v/cg/conv6/conv2d/Conv2D_grad/ShapeN-matshapes-0	-1	-1
v/cg/conv4/conv2d/kernel/read	-1	-1
tower_0/v/gradients/AddN_30	1599841735886145	4
ConstantFolding/tower_0/v/gradients/tower_0/v/cg/conv9/conv2d/Conv2D_grad/ShapeN-matshapes-1	-1	-1
tower_0/v/gradients/tower_0/v/cg/conv9/BiasAdd_grad/BiasAddGrad	1599841735634321	214
tower_0/v/gradients/tower_0/v/cg/affine1/xw_plus_b_grad/BiasAddGrad	1599841735603761	13
ConstantFolding/tower_0/v/gradients/tower_0/v/cg/conv1/conv2d/Conv2D_grad/ShapeN-matshapes-1	-1	-1
append_apply_gradient_ops/GradientDescent	-1	-1
append_apply_gradient_ops/GradientDescent/update_v/cg/conv5/conv2d/kernel/ApplyGradientDescent	1599841735731177	19
v/cg/conv12/conv2d/kernel/read	-1	-1
tower_0/v/gradients/tower_0/v/l2_loss/L2Loss_17_grad/mul	1599841735458990	16
tower_0/v/cg/conv4/BiasAdd	1599841735539391	1040
tower_0/v/gradients/AddN_10	1599841735632994	7
tower_0/v/gradients/tower_0/v/cg/conv3/Relu_grad/ReluGrad	1599841735747300	2401
v/cg/conv3/conv2d/kernel/read	-1	-1
v/cg/conv12/biases/read	-1	-1
append_apply_gradient_ops/GradientDescent/update_v/cg/conv7/biases/ApplyGradientDescent	1599841735683239	7
tower_0/v/l2_loss/L2Loss_14	1599841735463290	22
tower_0/v/gradients/tower_0/v/cg/conv9/conv2d/Conv2D_grad/Conv2DBackpropFilter	1599841735643256	8808
v/cg/conv12/conv2d/kernel	-1	-1
gpu_compute_stage_ops_group	-1	-1
ConstantFolding/tower_0/v/gradients/tower_0/v/cg/conv7/conv2d/Conv2D_grad/ShapeN-matshapes-0	-1	-1
tower_0/v/cg/conv8/BiasAdd	1599841735579983	522
tower_0/v/l2_loss/L2Loss_11	1599841735458862	16
v/cg/affine2/weights	-1	-1
v/cg/conv5/biases	-1	-1
tower_0/v/xentropy/sparse_softmax_cross_entropy_loss/num_present	-1	-1
tower_0/v/gradients/tower_0/v/cg/conv9/Relu_grad/ReluGrad	1599841735633679	575
v/cg/conv6/conv2d/kernel/read	-1	-1
tower_0/v/gradients/tower_0/v/cg/Reshape_grad/Shape	-1	-1
tower_0/v/cg/affine0/xw_plus_b/MatMul	1599841735600733	1654
tower_0/v/l2_loss/L2Loss_29	1599841735463205	10
tower_0/v/cg/conv2/Relu	1599841735513659	1611
tower_0/v/l2_loss/L2Loss_2	1599841735463356	12
tower_0/v/gradients/tower_0/v/cg/conv9/conv2d/Conv2D_grad/Conv2DBackpropInput	1599841735634537	8716
append_apply_gradient_ops/GradientDescent/update_v/cg/affine0/biases/ApplyGradientDescent	1599841735611026	6
ConstantFolding/tower_0/v/gradients/tower_0/v/cg/conv2/conv2d/Conv2D_grad/ShapeN-matshapes-0	-1	-1
tower_0/v/vgg16_synthetic_labels/min	-1	-1
append_apply_gradient_ops/GradientDescent/update_v/cg/conv6/biases/ApplyGradientDescent	1599841735706603	7
tower_0/v/cg/conv6/Relu	1599841735564023	801
tower_0/v/l2_loss/L2Loss_4	1599841735460118	40
tower_0/v/gradients/tower_0/v/l2_loss/L2Loss_1_grad/mul	1599841735458819	17
tower_0/v/gradients/tower_0/v/cg/conv7/Relu_grad/ReluGrad	1599841735670859	580
tower_0/v/gradients/tower_0/v/cg/conv10/conv2d/Conv2D_grad/Conv2DBackpropFilter	1599841735629785	3148
v/cg/conv5/conv2d/kernel/read	-1	-1
tower_0/v/cg/conv5/BiasAdd	1599841735551181	1039
v/cg/conv9/biases	-1	-1
tower_0/v/l2_loss/L2Loss	1599841735463222	6
tower_0/v/cg/dropout0_1/dropout/dropout/random_uniform/mul	-1	-1
v/cg/conv11/conv2d/kernel	-1	-1
tower_0/v/gradients/tower_0/v/cg/conv11/Relu_grad/ReluGrad	1599841735620033	146
tower_0/v/gradients/tower_0/v/l2_loss/L2Loss_4_grad/mul	1599841735460187	21
ConstantFolding/tower_0/v/gradients/tower_0/v/cg/conv2/conv2d/Conv2D_grad/ShapeN-matshapes-1	-1	-1
tower_0/v/gradients/tower_0/v/cg/conv11/conv2d/Conv2D_grad/Conv2DBackpropInput	1599841735620323	2919
tower_0/v/cg/affine0/xw_plus_b	1599841735602390	9
tower_0/v/gradients/AddN_20	1599841735729997	6
tower_0/v/cg/affine1/affine1	1599841735602752	6
tower_0/v/gradients/AddN_17	1599841735683204	34
tower_0/v/cg/dropout0_1/dropout/dropout/Cast	1599841735470288	10
tower_0/v/l2_loss/L2Loss_24	1599841735460344	41
tower_0/v/gradients/tower_0/v/cg/Reshape_grad/Reshape	-1	-1
append_apply_gradient_ops/GradientDescent/update_v/cg/conv1/biases/ApplyGradientDescent	1599841735878174	4
tower_0/v/gradients/tower_0/v/cg/conv4/conv2d/Conv2D_grad/Conv2DBackpropFilter	1599841735737167	7168
tower_0/v/gradients/AddN_2	1599841735604503	7
v/cg/conv11/conv2d/kernel/read	-1	-1
tower_0/v/gradients/tower_0/v/l2_loss/L2Loss_22_grad/mul	1599841735459630	60
append_apply_gradient_ops/GradientDescent/update_v/cg/conv5/biases/ApplyGradientDescent	1599841735731199	6
tower_0/v/cg/affine2/xw_plus_b	1599841735602957	6
tower_0/v/cg/Reshape	-1	-1
tower_0/v/gradients/tower_0/v/cg/conv0/Relu_grad/ReluGrad	1599841735873250	4915
v/cg/affine0/weights/read	-1	-1
v/cg/conv12/biases	-1	-1
append_apply_gradient_ops/GradientDescent/update_v/cg/affine2/biases/ApplyGradientDescent	1599841735603619	7
tower_0/v/cg/conv12/conv2d/Conv2D	1599841735597386	2994
tower_0/v/gradients/tower_0/v/cg/conv0/BiasAdd_grad/BiasAddGrad	1599841735878188	1382
tower_0/v/l2_loss/L2Loss_28	1599841735462816	130
tower_0/v/gradients/tower_0/v/cg/mpool3/MaxPool_grad/MaxPoolGrad	1599841735633004	601
v/cg/conv8/biases/read	-1	-1
v/cg/conv5/biases/read	-1	-1
tower_0/v/gradients/AddN_22	1599841735744337	7
tower_0/v/l2_loss/L2Loss_6	1599841735463262	20
tower_0/v/cg/conv11/BiasAdd	1599841735597135	138
append_apply_gradient_ops/GradientDescent/update_v/cg/conv12/conv2d/kernel/ApplyGradientDescent	1599841735626498	57
tower_0/v/l2_loss/L2Loss_5	1599841735460240	17
append_apply_gradient_ops/GradientDescent/update_v/cg/conv4/conv2d/kernel/ApplyGradientDescent	1599841735749704	13
tower_0/v/l2_loss/L2Loss_27	1599841735459117	20
ConstantFolding/tower_0/v/gradients/tower_0/v/cg/conv12/conv2d/Conv2D_grad/ShapeN-matshapes-0	-1	-1
tower_0/v/gradients/tower_0/v/cg/conv12/conv2d/Conv2D_grad/Conv2DBackpropInput	1599841735613812	2939
tower_0/v/gradients/tower_0/v/cg/conv11/BiasAdd_grad/BiasAddGrad	1599841735620252	68
tower_0/v/l2_loss/L2Loss_22	1599841735459568	42
tower_0/v/gradients/tower_0/v/cg/conv10/Relu_grad/ReluGrad	1599841735626567	148
tower_0/v/gradients/AddN_27	1599841735812441	6
tower_0/v/gradients/AddN_26	1599841735806635	4
tower_0/v/gradients/tower_0/v/cg/conv3/BiasAdd_grad/BiasAddGrad	1599841735749728	720
ConstantFolding/tower_0/v/gradients/tower_0/v/cg/conv11/conv2d/Conv2D_grad/ShapeN-matshapes-0	-1	-1
tower_0/v/gradients/AddN_29	1599841735878166	6
append_apply_gradient_ops/GradientDescent/update_v/cg/conv3/conv2d/kernel/ApplyGradientDescent	1599841735806626	7
tower_0/v/gradients/tower_0/v/l2_loss/L2Loss_6_grad/mul	1599841735463284	5
tower_0/v/gradients/tower_0/v/cg/dropout0/dropout/dropout/mul_1_grad/Mul	1599841735604513	11
append_apply_gradient_ops/GradientDescent/update_v/cg/conv10/biases/ApplyGradientDescent	1599841735633670	7
v/cg/conv0/conv2d/kernel/read	-1	-1
tower_0/v/gradients/tower_0/v/cg/conv0/conv2d/Conv2D_grad/Conv2DBackpropFilter	1599841735879581	6555
train_ops_group	-1	-1
v/cg/affine1/biases	-1	-1
tower_0/v/gradients/tower_0/v/cg/conv8/BiasAdd_grad/BiasAddGrad	1599841735652730	215
tower_0/v/gradients/AddN_14	1599841735670849	6
tower_0/v/gradients/tower_0/v/cg/conv7/conv2d/Conv2D_grad/Conv2DBackpropFilter	1599841735676490	4729
tower_0/v/gradients/tower_0/v/l2_loss/L2Loss_7_grad/mul	1599841735463381	4
tower_0/v/gradients/AddN_18	1599841735705400	7
ConstantFolding/tower_0/v/gradients/tower_0/v/cg/conv1/conv2d/Conv2D_grad/ShapeN-matshapes-0	-1	-1
tower_0/v/cg/conv4/Relu	1599841735540434	801
tower_0/v/gradients/tower_0/v/cg/conv4/conv2d/Conv2D_grad/Conv2DBackpropInput	1599841735731597	5564
tower_0/v/gradients/tower_0/v/l2_loss/L2Loss_28_grad/mul	1599841735462948	255
tower_0/v/cg/affine2/xw_plus_b/MatMul	1599841735602775	179
tower_0/v/gradients/tower_0/v/l2_loss/L2Loss_8_grad/mul	1599841735459782	16
append_apply_gradient_ops/GradientDescent/update_v/cg/conv12/biases/ApplyGradientDescent	1599841735620242	7
tower_0/v/l2_loss/L2Loss_25	1599841735462805	5
tower_0/v/cg/dropout0_1/dropout/dropout/random_uniform/RandomUniform	1599841735457952	28
v/cg/conv2/conv2d/kernel/read	-1	-1
v/cg/conv4/biases	-1	-1
tower_0/v/gradients/tower_0/v/cg/conv7/BiasAdd_grad/BiasAddGrad	1599841735671514	214
v/cg/conv9/biases/read	-1	-1
v/cg/conv3/biases	-1	-1
