append_apply_gradient_ops/GradientDescent/update_v/cg/affine0/weights/ApplyGradientDescent	1601111574652052	2292
tower_0/v/xentropy/sparse_softmax_cross_entropy_loss/xentropy/xentropy	1601111574644592	135
v/cg/conv1/biases	-1	-1
ConstantFolding/tower_0/v/gradients/tower_0/v/cg/conv1/conv2d/Conv2D_grad/ShapeN-matshapes-1	-1	-1
tower_0/v/gradients/tower_0/v/l2_loss/L2Loss_5_grad/mul	1601111574539680	8
tower_0/v/gradients/tower_0/v/l2_loss/L2Loss_18_grad/mul	1601111574541996	35
v/cg/conv6/biases/read	-1	-1
v/cg/affine1/weights/read	-1	-1
tower_0/v/gradients/AddN_24	1601111574770750	4
v/cg/affine0/biases/read	-1	-1
tower_0/v/gradients/tower_0/v/cg/conv9/Relu_grad/ReluGrad	1601111574669011	379
average_loss/Mean/input	-1	-1
tower_0/v/gradients/tower_0/v/cg/conv12/conv2d/Conv2D_grad/Conv2DBackpropInput	1601111574654507	2279
tower_0/v/l2_loss/L2Loss_25	1601111574541485	14
append_apply_gradient_ops/GradientDescent/update_v/cg/conv4/biases/ApplyGradientDescent	1601111574747968	4
v/cg/conv10/conv2d/kernel/read	-1	-1
tower_0/v/gradients/tower_0/v/cg/conv3/BiasAdd_grad/BiasAddGrad	1601111574749556	474
v/cg/conv10/conv2d/kernel	-1	-1
tower_0/v/cg/mpool1/MaxPool	1601111574591238	778
v/cg/conv5/biases	-1	-1
append_apply_gradient_ops/GradientDescent/update_v/cg/conv1/biases/ApplyGradientDescent	1601111574834862	4
tower_0/v/cg/conv4/Relu	1601111574597234	521
tower_0/v/gradients/AddN_21	1601111574736777	17
tower_0/v/gradients/tower_0/v/cg/mpool3/MaxPool_grad/MaxPoolGrad	1601111574668556	390
ConstantFolding/tower_0/v/gradients/tower_0/v/cg/conv10/conv2d/Conv2D_grad/ShapeN-matshapes-0	-1	-1
ConstantFolding/tower_0/v/gradients/tower_0/v/cg/conv1/conv2d/Conv2D_grad/ShapeN-matshapes-0	-1	-1
tower_0/v/gradients/tower_0/v/cg/affine2/xw_plus_b/MatMul_grad/MatMul_1	1601111574644870	83
append_apply_gradient_ops/GradientDescent/update_v/cg/affine1/weights/ApplyGradientDescent	1601111574646158	373
tower_0/v/l2_loss/L2Loss_20	1601111574539359	44
tower_0/v/gradients/AddN_17	1601111574704073	31
v/cg/conv5/conv2d/kernel	-1	-1
tower_0/v/gradients/tower_0/v/cg/conv12/Relu_grad/ReluGrad	1601111574654346	97
tower_0/v/gradients/tower_0/v/cg/conv6/Relu_grad/ReluGrad	1601111574704111	761
tower_0/v/gradients/tower_0/v/l2_loss/L2Loss_2_grad/mul	1601111574539885	13
tower_0/v/gradients/AddN_1	1601111574644976	93
tower_0/v/cg/conv5/conv2d/Conv2D	1601111574597756	7636
tower_0/v/gradients/tower_0/v/l2_loss/L2Loss_25_grad/mul	1601111574541518	14
append_apply_gradient_ops/GradientDescent/update_v/cg/conv1/conv2d/kernel/ApplyGradientDescent	1601111574840140	8
tower_0/v/gradients/AddN_9	1601111574663871	56
tower_0/v/xentropy/sparse_softmax_cross_entropy_loss/Sum	1601111574644738	5
tower_0/v/gradients/tower_0/v/cg/conv5/conv2d/Conv2D_grad/Conv2DBackpropFilter	1601111574721253	7724
tower_0/v/l2_loss/L2Loss_10	1601111574540170	32
v/cg/affine2/biases	-1	-1
tower_0/v/gradients/AddN	1601111574644961	5
tower_0/v/gradients/tower_0/v/l2_loss/L2Loss_22_grad/mul	1601111574540436	43
tower_0/v/l2_loss/L2Loss_29	1601111574542033	10
tower_0/v/gradients/tower_0/v/cg/conv4/conv2d/Conv2D_grad/Conv2DBackpropFilter	1601111574742183	3898
tower_0/v/gradients/tower_0/v/l2_loss/L2Loss_20_grad/mul	1601111574539425	44
tower_0/v/cg/conv11/Relu	1601111574639810	68
tower_0/v/gradients/tower_0/v/l2_loss/L2Loss_13_grad/mul	1601111574540123	14
tower_0/v/cg/dropout0/dropout/dropout/Cast	1601111574548858	6
v/cg/conv1/biases/read	-1	-1
average_loss/Mean/_74	1601111574646143	3
tower_0/v/l2_loss/L2Loss_21	1601111574542051	4
tower_0/v/gradients/tower_0/v/l2_loss/L2Loss_31_grad/mul	1601111574541189	17
tower_0/v/cg/conv4/BiasAdd	1601111574596550	682
tower_0/v/cg/conv0/Relu	1601111574548879	2111
tower_0/v/gradients/AddN_14	1601111574695350	4
append_apply_gradient_ops/GradientDescent/update_v/cg/conv11/biases/ApplyGradientDescent	1601111574663928	11
_SOURCE	-1	-1
ConstantFolding/tower_0/v/gradients/tower_0/v/cg/conv6/conv2d/Conv2D_grad/ShapeN-matshapes-0	-1	-1
tower_0/v/cg/conv12/conv2d/Conv2D	1601111574639880	2281
tower_0/v/gradients/tower_0/v/cg/conv6/conv2d/Conv2D_grad/Conv2DBackpropInput	1601111574705164	7566
tower_0/v/gradients/tower_0/v/cg/conv5/conv2d/Conv2D_grad/Conv2DBackpropInput	1601111574729236	7520
tower_0/v/gradients/tower_0/v/cg/conv11/BiasAdd_grad/BiasAddGrad	1601111574659179	52
tower_0/v/cg/dropout0_1/dropout/dropout/random_uniform/RandomUniform	1601111574539161	23
tower_0/v/gradients/tower_0/v/cg/conv3/conv2d/Conv2D_grad/Conv2DBackpropFilter	1601111574759846	10902
ConstantFolding/tower_0/v/gradients/tower_0/v/cg/conv4/conv2d/Conv2D_grad/ShapeN-matshapes-1	-1	-1
tower_0/v/gradients/tower_0/v/cg/conv4/BiasAdd_grad/BiasAddGrad	1601111574737597	254
v/cg/conv9/conv2d/kernel/read	-1	-1
tower_0/v/gradients/AddN_8	1601111574663767	4
v/cg/conv8/conv2d/kernel	-1	-1
tower_0/v/cg/dropout0_1/dropout/dropout/Cast	1601111574548865	6
tower_0/v/cg/conv7/conv2d/Conv2D	1601111574615822	3704
tower_0/v/cg/conv2/BiasAdd	1601111574576506	1359
append_apply_gradient_ops/GradientDescent/update_v/cg/conv4/conv2d/kernel/ApplyGradientDescent	1601111574749540	11
tower_0/v/gradients/tower_0/v/cg/conv7/conv2d/Conv2D_grad/Conv2DBackpropFilter	1601111574699591	3159
tower_0/v/cg/conv3/Relu	1601111574590189	1048
tower_0/v/gradients/tower_0/v/l2_loss/L2Loss_1_grad/mul	1601111574540846	14
tower_0/v/cg/affine2/xw_plus_b	1601111574644586	5
v/cg/conv11/conv2d/kernel/read	-1	-1
v/cg/conv3/conv2d/kernel	-1	-1
v/cg/conv7/conv2d/kernel	-1	-1
tower_0/v/l2_loss/L2Loss_17	1601111574541418	16
ConstantFolding/tower_0/v/gradients/tower_0/v/cg/conv2/conv2d/Conv2D_grad/ShapeN-matshapes-1	-1	-1
tower_0/v/gradients/AddN_12	1601111574682157	4
v/cg/conv4/biases	-1	-1
append_apply_gradient_ops/GradientDescent	-1	-1
tower_0/v/cg/conv12/BiasAdd	1601111574642162	91
tower_0/v/cg/conv9/conv2d/Conv2D	1601111574627465	6705
ConstantFolding/tower_0/v/gradients/tower_0/v/cg/conv9/conv2d/Conv2D_grad/ShapeN-matshapes-1	-1	-1
v/cg/conv5/conv2d/kernel/read	-1	-1
tower_0/v/gradients/tower_0/v/cg/conv9/BiasAdd_grad/BiasAddGrad	1601111574669453	146
tower_0/v/cg/conv1/Relu	1601111574566654	2107
append_apply_gradient_ops/GradientDescent/update_v/cg/conv5/biases/ApplyGradientDescent	1601111574737582	4
tower_0/v/gradients/tower_0/v/cg/affine0/xw_plus_b_grad/BiasAddGrad	1601111574646549	12
tower_0/v/gradients/tower_0/v/cg/conv0/Relu_grad/ReluGrad	1601111574831644	3209
ConstantFolding/tower_0/v/gradients/tower_0/v/cg/conv12/conv2d/Conv2D_grad/ShapeN-matshapes-0	-1	-1
append_apply_gradient_ops/GradientDescent/update_v/cg/affine2/weights/ApplyGradientDescent	1601111574645093	93
v/cg/conv6/biases	-1	-1
v/cg/conv6/conv2d/kernel	-1	-1
tower_0/v/cg/dropout0/dropout/dropout/Shape	-1	-1
v/cg/conv0/biases	-1	-1
tower_0/v/gradients/tower_0/v/cg/conv4/conv2d/Conv2D_grad/Conv2DBackpropInput	1601111574737852	4329
tower_0/v/gradients/tower_0/v/cg/mpool0/MaxPool_grad/MaxPoolGrad	1601111574788325	3768
tower_0/v/gradients/tower_0/v/cg/conv10/conv2d/Conv2D_grad/Conv2DBackpropInput	1601111574663998	2268
tower_0/v/gradients/tower_0/v/l2_loss/L2Loss_28_grad/mul	1601111574541705	255
tower_0/v/gpu_cached_inputs/read	-1	-1
append_apply_gradient_ops/GradientDescent/update_v/cg/conv2/conv2d/kernel/ApplyGradientDescent	1601111574795288	9
tower_0/v/gradients/tower_0/v/cg/conv12/BiasAdd_grad/BiasAddGrad	1601111574654451	54
tower_0/v/cg/dropout0/dropout/dropout/mul_1	1601111574644093	6
tower_0/v/cg/affine2/xw_plus_b/MatMul	1601111574644408	176
tower_0/v/gradients/tower_0/v/cg/affine0/affine0_grad/ReluGrad	1601111574646532	8
tower_0/v/cg/conv8/Relu	1601111574627202	261
tower_0/v/l2_loss/L2Loss_11	1601111574539769	13
ConstantFolding/tower_0/v/gradients/tower_0/v/cg/conv12/conv2d/Conv2D_grad/ShapeN-matshapes-1	-1	-1
v/cg/conv2/conv2d/kernel/read	-1	-1
tower_0/v/gradients/tower_0/v/cg/conv9/conv2d/Conv2D_grad/Conv2DBackpropFilter	1601111574676229	5927
v/cg/conv7/biases	-1	-1
tower_0/v/gradients/tower_0/v/cg/conv1/conv2d/Conv2D_grad/Conv2DBackpropFilter	1601111574809121	22515
ConstantFolding/tower_0/v/gradients/tower_0/v/cg/conv2/conv2d/Conv2D_grad/ShapeN-matshapes-0	-1	-1
tower_0/v/gradients/AddN_26	1601111574788319	4
v/cg/conv8/biases/read	-1	-1
v/cg/conv11/conv2d/kernel	-1	-1
v/cg/conv12/biases/read	-1	-1
tower_0/v/gradients/tower_0/v/cg/dropout0/dropout/dropout/mul_1_grad/Mul	1601111574645759	6
tower_0/v/cg/conv8/conv2d/Conv2D	1601111574620137	6715
tower_0/v/l2_loss/L2Loss_4	1601111574541226	30
append_apply_gradient_ops/GradientDescent/update_v/cg/conv5/conv2d/kernel/ApplyGradientDescent	1601111574737564	17
v/cg/conv5/biases/read	-1	-1
tower_0/v/l2_loss/L2Loss_23	1601111574540788	4
tower_0/v/mul/x	-1	-1
tower_0/v/gradients/AddN_5	1601111574649585	2294
tower_0/v/vgg16_synthetic_labels/min	-1	-1
append_apply_gradient_ops/GradientDescent/update_v/cg/conv7/conv2d/kernel/ApplyGradientDescent	1601111574704873	30
tower_0/v/gradients/tower_0/v/cg/conv6/conv2d/Conv2D_grad/Conv2DBackpropFilter	1601111574712731	7733
v/cg/affine2/weights	-1	-1
ConstantFolding/tower_0/v/gradients/tower_0/v/cg/conv8/conv2d/Conv2D_grad/ShapeN-matshapes-1	-1	-1
append_apply_gradient_ops/GradientDescent/update_v/cg/conv9/conv2d/kernel/ApplyGradientDescent	1601111574695295	54
tower_0/v/gradients/AddN_13	1601111574682539	56
tower_0/v/gradients/tower_0/v/cg/conv2/conv2d/Conv2D_grad/Conv2DBackpropInput	1601111574772796	5623
v/cg/conv0/conv2d/kernel/read	-1	-1
tower_0/v/l2_loss/L2Loss_22	1601111574540382	41
tower_0/v/cg/affine1/xw_plus_b/MatMul	1601111574644101	283
tower_0/v/cg/Reshape	-1	-1
tower_0/v/l2_loss/L2Loss_30	1601111574539548	54
tower_0/v/gradients/tower_0/v/cg/conv2/conv2d/Conv2D_grad/Conv2DBackpropFilter	1601111574778420	9888
tower_0/v/gradients/tower_0/v/cg/conv8/Relu_grad/ReluGrad	1601111574682163	374
tower_0/v/cg/dropout0/dropout/dropout/truediv	-1	-1
tower_0/v/gradients/tower_0/v/cg/affine1/xw_plus_b/MatMul_grad/MatMul_1	1601111574645510	240
tower_0/v/gradients/tower_0/v/cg/conv0/conv2d/Conv2D_grad/Conv2DBackpropFilter	1601111574835798	4340
v/cg/conv7/biases/read	-1	-1
tower_0/v/cg/dropout0/dropout/dropout/GreaterEqual	1601111574546080	7
tower_0/v/cg/mpool3/MaxPool	1601111574634778	211
tower_0/v/gradients/AddN_28	1601111574831638	4
tower_0/v/l2_loss/L2Loss_26	1601111574542073	719
tower_0/v/gradients/tower_0/v/cg/conv11/Relu_grad/ReluGrad	1601111574659017	94
tower_0/v/cg/conv5/BiasAdd	1601111574605393	683
append_apply_gradient_ops/GradientDescent/update_v/cg/conv10/conv2d/kernel/ApplyGradientDescent	1601111574669391	55
append_apply_gradient_ops/GradientDescent/update_v/cg/conv0/conv2d/kernel/ApplyGradientDescent	1601111574840167	5
tower_0/v/l2_loss/L2Loss_13	1601111574540091	13
tower_0/v/gradients/tower_0/v/cg/conv3/Relu_grad/ReluGrad	1601111574747974	1565
tower_0/v/l2_loss/L2Loss_8	1601111574541329	30
tower_0/v/cg/dropout0/dropout/dropout/rate	-1	-1
v/cg/conv10/biases/read	-1	-1
v/cg/conv0/biases/read	-1	-1
tower_0/v/gradients/tower_0/v/xentropy/sparse_softmax_cross_entropy_loss/xentropy/xentropy_grad/mul	1601111574644729	8
append_apply_gradient_ops/GradientDescent/update_v/cg/conv9/biases/ApplyGradientDescent	1601111574682596	4
tower_0/v/gradients/tower_0/v/cg/affine1/xw_plus_b_grad/BiasAddGrad	1601111574645202	13
tower_0/v/gradients/tower_0/v/cg/mpool4/MaxPool_grad/MaxPoolGrad	1601111574651888	163
tower_0/v/gradients/tower_0/v/cg/conv1/conv2d/Conv2D_grad/Conv2DBackpropInput	1601111574796227	12893
tower_0/v/gradients/AddN_22	1601111574746083	4
tower_0/v/gradients/AddN_19	1601111574721229	16
tower_0/v/gradients/tower_0/v/l2_loss/L2Loss_7_grad/mul	1601111574540909	14
tower_0/v/cg/affine1/xw_plus_b	1601111574644386	6
tower_0/v/gradients/tower_0/v/cg/Reshape_grad/Reshape	-1	-1
v/cg/conv2/biases/read	-1	-1
append_apply_gradient_ops/GradientDescent/update_v/cg/conv12/biases/ApplyGradientDescent	1601111574659170	5
tower_0/v/gradients/tower_0/v/l2_loss/L2Loss_30_grad/mul	1601111574539603	69
tower_0/v/l2_loss/L2Loss_5	1601111574539674	4
v/cg/conv2/biases	-1	-1
main_fetch_group/_70	-1	-1
tower_0/v/cg/conv12/Relu	1601111574642255	68
v/cg/conv3/conv2d/kernel/read	-1	-1
tower_0/v/gradients/tower_0/v/cg/conv4/Relu_grad/ReluGrad	1601111574736801	761
tower_0/v/cg/dropout0/dropout/dropout/random_uniform/RandomUniform	1601111574539098	35
tower_0/v/gradients/tower_0/v/l2_loss/L2Loss_15_grad/mul	1601111574540783	4
v/cg/conv4/biases/read	-1	-1
ConstantFolding/tower_0/v/gradients/tower_0/v/cg/conv0/conv2d/Conv2D_grad/ShapeN-matshapes-1	-1	-1
tower_0/v/gradients/tower_0/v/cg/conv5/Relu_grad/ReluGrad	1601111574720471	756
v/cg/conv8/biases	-1	-1
tower_0/v/cg/mpool0/MaxPool	1601111574568763	1487
tower_0/v/gradients/tower_0/v/l2_loss/L2Loss_14_grad/mul	1601111574540329	28
v/cg/conv12/conv2d/kernel/read	-1	-1
tower_0/v/gradients/tower_0/v/cg/affine1/xw_plus_b/MatMul_grad/MatMul	1601111574645217	291
append_apply_gradient_ops/GradientDescent/update_v/cg/affine2/biases/ApplyGradientDescent	1601111574645076	5
tower_0/v/gradients/tower_0/v/cg/conv11/conv2d/Conv2D_grad/Conv2DBackpropFilter	1601111574661499	2211
tower_0/v/cg/dropout0/dropout/dropout/mul	1601111574550991	6
tower_0/v/gradients/AddN_11	1601111574668948	56
v/cg/affine2/biases/read	-1	-1
v/cg/affine1/biases/read	-1	-1
tower_0/v/gradients/tower_0/v/l2_loss/L2Loss_27_grad/mul	1601111574539500	14
v/cg/conv12/biases	-1	-1
tower_0/v/l2_loss/L2Loss_16	1601111574540957	41
ConstantFolding/average_loss/Mean/input_const_axis	-1	-1
v/cg/affine0/biases	-1	-1
tower_0/v/mul	1601111574548873	5
ConstantFolding/tower_0/v/gradients/tower_0/v/cg/conv9/conv2d/Conv2D_grad/ShapeN-matshapes-0	-1	-1
tower_0/v/cg/conv5/Relu	1601111574606078	524
tower_0/v/cg/conv7/Relu	1601111574619874	261
tower_0/v/gradients/tower_0/v/l2_loss/L2Loss_16_grad/mul	1601111574541010	43
v/cg/conv10/biases	-1	-1
tower_0/v/gradients/tower_0/v/cg/conv10/BiasAdd_grad/BiasAddGrad	1601111574663943	53
tower_0/v/cg/conv6/conv2d/Conv2D	1601111574606604	7618
learning_rate_tensor/input	-1	-1
tower_0/v/cg/conv8/BiasAdd	1601111574626854	346
tower_0/v/cg/dropout0_1/dropout/dropout/GreaterEqual	1601111574546088	6
v/cg/conv11/biases	-1	-1
v/cg/conv1/conv2d/kernel	-1	-1
tower_0/v/cg/affine0/xw_plus_b/MatMul	1601111574642387	1690
tower_0/v/gradients/tower_0/v/cg/dropout0_1/dropout/dropout/mul_1_grad/Mul	1601111574644968	6
tower_0/v/gradients/AddN_18	1601111574720466	4
tower_0/v/gradients/tower_0/v/cg/conv1/BiasAdd_grad/BiasAddGrad	1601111574795301	924
tower_0/v/cg/Reshape/shape	-1	-1
tower_0/v/cg/conv10/conv2d/Conv2D	1601111574634990	2280
main_fetch_group	-1	-1
tower_0/v/cg/conv1/BiasAdd	1601111574563912	2740
tower_0/v/xentropy/sparse_softmax_cross_entropy_loss/Mul	-1	-1
tower_0/v/gradients/tower_0/v/cg/conv10/Relu_grad/ReluGrad	1601111574663772	96
append_apply_gradient_ops/GradientDescent/update_v/cg/conv8/conv2d/kernel/ApplyGradientDescent	1601111574702751	54
tower_0/v/l2_loss/L2Loss_28	1601111574541566	137
ConstantFolding/tower_0/v/gradients/tower_0/v/cg/conv4/conv2d/Conv2D_grad/ShapeN-matshapes-0	-1	-1
tower_0/v/gradients/tower_0/v/cg/conv8/conv2d/Conv2D_grad/Conv2DBackpropInput	1601111574682753	6611
tower_0/v/cg/dropout0_1/dropout/dropout/mul	1601111574550999	6
tower_0/v/l2_loss/L2Loss	1601111574540738	7
tower_0/v/gradients/tower_0/v/l2_loss/L2Loss_12_grad/mul	1601111574539992	16
v/cg/conv9/conv2d/kernel	-1	-1
tower_0/v/cg/conv11/conv2d/Conv2D	1601111574637434	2283
tower_0/v/gradients/tower_0/v/cg/affine2/xw_plus_b/MatMul_grad/MatMul	1601111574644763	105
tower_0/v/gradients/tower_0/v/cg/conv6/BiasAdd_grad/BiasAddGrad	1601111574704906	256
tower_0/v/cg/conv3/BiasAdd	1601111574588823	1364
v/cg/conv9/biases	-1	-1
tower_0/v/gradients/tower_0/v/cg/conv12/conv2d/Conv2D_grad/Conv2DBackpropFilter	1601111574656788	2221
tower_0/v/gradients/tower_0/v/cg/conv3/conv2d/Conv2D_grad/Conv2DBackpropInput	1601111574750031	9813
v/cg/conv6/conv2d/kernel/read	-1	-1
tower_0/v/cg/affine0/xw_plus_b	1601111574644078	7
v/cg/conv3/biases	-1	-1
tower_0/v/gradients/tower_0/v/cg/dropout0_1/dropout/dropout/mul_grad/Mul	1601111574645083	8
tower_0/v/cg/dropout0_1/dropout/dropout/random_uniform/mul	-1	-1
average_loss/Mean	-1	-1
tower_0/v/l2_loss/L2Loss_27	1601111574539471	14
gpu_compute_stage_ops_group	-1	-1
ConstantFolding/tower_0/v/gradients/tower_0/v/cg/conv11/conv2d/Conv2D_grad/ShapeN-matshapes-1	-1	-1
append_apply_gradient_ops/GradientDescent/update_v/cg/conv7/biases/ApplyGradientDescent	1601111574704105	5
tower_0/v/gradients/AddN_4	1601111574649579	5
tower_0/v/l2_loss/L2Loss_18	1601111574541962	33
ConstantFolding/tower_0/v/gradients/tower_0/v/cg/conv6/conv2d/Conv2D_grad/ShapeN-matshapes-1	-1	-1
tower_0/v/gradients/tower_0/v/cg/conv7/BiasAdd_grad/BiasAddGrad	1601111574695802	146
tower_0/v/gradients/tower_0/v/l2_loss/L2Loss_19_grad/mul	1601111574542068	4
tower_0/v/gradients/tower_0/v/cg/mpool1/MaxPool_grad/MaxPoolGrad	1601111574746089	1865
tower_0/v/cg/conv0/conv2d/Conv2D	1601111574544392	1687
tower_0/v/transpose	1601111574540481	255
v/cg/conv3/biases/read	-1	-1
tower_0/v/cg/mpool4/MaxPool	1601111574642325	60
tower_0/v/gradients/tower_0/v/l2_loss/L2Loss_29_grad/mul	1601111574542045	4
tower_0/v/cg/conv9/BiasAdd	1601111574634171	342
v/cg/conv4/conv2d/kernel/read	-1	-1
tower_0/v/l2_loss/L2Loss_19	1601111574542062	4
tower_0/v/add	1601111574645070	4
tower_0/v/gradients/tower_0/v/l2_loss/L2Loss_4_grad/mul	1601111574541277	14
tower_0/v/gradients/AddN_30	1601111574840150	4
ConstantFolding/tower_0/v/gradients/tower_0/v/cg/conv11/conv2d/Conv2D_grad/ShapeN-matshapes-0	-1	-1
tower_0/v/gradients/AddN_25	1601111574772303	8
tower_0/v/cg/conv2/Relu	1601111574577867	1051
v/cg/conv7/conv2d/kernel/read	-1	-1
tower_0/v/gradients/tower_0/v/cg/conv0/BiasAdd_grad/BiasAddGrad	1601111574834870	921
tower_0/v/xentropy/sparse_softmax_cross_entropy_loss/value	1601111574644954	6
tower_0/v/gradients/tower_0/v/l2_loss/L2Loss_9_grad/mul	1601111574539738	13
tower_0/v/gradients/AddN_6	1601111574659011	5
tower_0/v/l2_loss/L2Loss_6	1601111574540752	18
tower_0/v/gradients/AddN_15	1601111574695735	56
tower_0/v/gradients/tower_0/v/cg/conv10/conv2d/Conv2D_grad/Conv2DBackpropFilter	1601111574666267	2227
tower_0/v/l2_loss/L2Loss_24	1601111574541062	41
tower_0/v/cg/conv7/BiasAdd	1601111574619528	345
tower_0/v/gradients/tower_0/v/l2_loss/L2Loss_24_grad/mul	1601111574541119	43
tower_0/v/gradients/tower_0/v/cg/affine1/affine1_grad/ReluGrad	1601111574645187	8
tower_0/v/gradients/tower_0/v/l2_loss/L2Loss_21_grad/mul	1601111574542057	4
tower_0/v/cg/conv3/conv2d/Conv2D	1601111574578919	9903
tower_0/v/gradients/AddN_29	1601111574834854	6
tower_0/v/gradients/tower_0/v/l2_loss/L2Loss_26_grad/mul	1601111574542793	1597
v/cg/affine0/weights/read	-1	-1
tower_0/v/vgg16_synthetic_labels/max	-1	-1
tower_0/v/gradients/AddN_2	1601111574645752	5
v/cg/affine2/weights/read	-1	-1
tower_0/v/gradients/tower_0/v/cg/conv5/BiasAdd_grad/BiasAddGrad	1601111574728981	254
tower_0/v/gradients/tower_0/v/cg/conv7/Relu_grad/ReluGrad	1601111574695356	378
tower_0/v/transpose/perm	-1	-1
tower_0/v/l2_loss/L2Loss_15	1601111574540777	4
tower_0/v/cg/conv4/conv2d/Conv2D	1601111574592018	4530
tower_0/v/gradients/tower_0/v/cg/conv1/Relu_grad/ReluGrad	1601111574792109	3177
tower_0/v/gradients/tower_0/v/xentropy/sparse_softmax_cross_entropy_loss/xentropy/xentropy_grad/ExpandDims	-1	-1
tower_0/v/gradients/tower_0/v/cg/dropout0/dropout/dropout/mul_grad/Mul	1601111574646148	8
tower_0/v/l2_loss/L2Loss_9	1601111574539705	15
ConstantFolding/tower_0/v/gradients/tower_0/v/cg/conv5/conv2d/Conv2D_grad/ShapeN-matshapes-0	-1	-1
tower_0/v/cg/conv0/BiasAdd	1601111574546121	2735
tower_0/v/gradients/tower_0/v/cg/conv11/conv2d/Conv2D_grad/Conv2DBackpropInput	1601111574659233	2264
append_apply_gradient_ops/GradientDescent/update_v/cg/conv12/conv2d/kernel/ApplyGradientDescent	1601111574663712	53
tower_0/v/gradients/tower_0/v/l2_loss/L2Loss_17_grad/mul	1601111574541453	13
tower_0/v/gradients/AddN_10	1601111574668551	4
tower_0/v/l2_loss/L2Loss_14	1601111574540276	31
ConstantFolding/tower_0/v/gradients/tower_0/v/cg/conv5/conv2d/Conv2D_grad/ShapeN-matshapes-1	-1	-1
tower_0/v/cg/conv6/Relu	1601111574614905	523
tower_0/v/gradients/tower_0/v/cg/affine2/xw_plus_b_grad/BiasAddGrad	1601111574644747	15
tower_0/v/gradients/AddN_27	1601111574792095	6
tower_0/v/gradients/tower_0/v/cg/affine0/xw_plus_b/MatMul_grad/MatMul	1601111574646563	1620
v/cg/conv9/biases/read	-1	-1
tower_0/v/vgg16_synthetic_labels/shape	-1	-1
append_apply_gradient_ops/GradientDescent/update_v/cg/conv2/biases/ApplyGradientDescent	1601111574792103	4
tower_0/v/cg/affine1/affine1	1601111574644394	5
tower_0/v/gradients/AddN_20	1601111574736795	4
tower_0/v/gradients/tower_0/v/l2_loss/L2Loss_3_grad/mul	1601111574540060	13
tower_0/v/cg/mpool2/MaxPool	1601111574615430	391
tower_0/v/gradients/tower_0/v/cg/conv9/conv2d/Conv2D_grad/Conv2DBackpropInput	1601111574669601	6627
tower_0/v/gradients/AddN_16	1601111574702806	4
v/cg/conv4/conv2d/kernel	-1	-1
ConstantFolding/tower_0/v/gradients/tower_0/v/cg/conv7/conv2d/Conv2D_grad/ShapeN-matshapes-1	-1	-1
tower_0/v/cg/affine0/affine0	1601111574644087	5
tower_0/v/cg/conv6/BiasAdd	1601111574614224	680
average_loss/range	-1	-1
tower_0/v/cg/conv2/conv2d/Conv2D	1601111574570251	6254
ConstantFolding/tower_0/v/gradients/tower_0/v/cg/conv8/conv2d/Conv2D_grad/ShapeN-matshapes-0	-1	-1
tower_0/v/gradients/tower_0/v/cg/conv8/conv2d/Conv2D_grad/Conv2DBackpropFilter	1601111574689365	5928
tower_0/v/gradients/AddN_23	1601111574747955	11
tower_0/v/cg/conv10/BiasAdd	1601111574637272	92
append_apply_gradient_ops/GradientDescent/update_v/cg/conv8/biases/ApplyGradientDescent	1601111574695792	5
tower_0/v/gradients/tower_0/v/cg/conv8/BiasAdd_grad/BiasAddGrad	1601111574682606	146
tower_0/v/cg/conv9/Relu	1601111574634515	261
append_apply_gradient_ops/GradientDescent/update_v/cg/affine1/biases/ApplyGradientDescent	1601111574646140	7
train_ops_group	-1	-1
tower_0/v/gpu_cached_inputs	-1	-1
tower_0/v/gradients/tower_0/v/cg/affine0/xw_plus_b/MatMul_grad/MatMul_1	1601111574648184	1393
append_apply_gradient_ops/GradientDescent/update_v/cg/conv6/biases/ApplyGradientDescent	1601111574721247	4
ConstantFolding/tower_0/v/gradients/tower_0/v/cg/conv3/conv2d/Conv2D_grad/ShapeN-matshapes-0	-1	-1
append_apply_gradient_ops/GradientDescent/update_v/cg/conv10/biases/ApplyGradientDescent	1601111574669005	4
tower_0/v/l2_loss/L2Loss_31	1601111574541163	6
tower_0/v/l2_loss/AddN	1601111574546095	24
tower_0/v/gradients/tower_0/v/l2_loss/L2Loss_10_grad/mul	1601111574540225	16
tower_0/v/gradients/tower_0/v/cg/conv2/BiasAdd_grad/BiasAddGrad	1601111574772319	476
tower_0/v/cg/conv10/Relu	1601111574637365	68
append_apply_gradient_ops/GradientDescent/update_v/cg/conv11/conv2d/kernel/ApplyGradientDescent	1601111574668496	53
v/cg/affine1/biases	-1	-1
v/cg/conv11/biases/read	-1	-1
tower_0/v/l2_loss/L2Loss_1	1601111574540814	14
append_apply_gradient_ops/GradientDescent/update_v/cg/conv3/biases/ApplyGradientDescent	1601111574772312	5
tower_0/v/gradients/tower_0/v/cg/conv7/conv2d/Conv2D_grad/Conv2DBackpropInput	1601111574695949	3640
v/cg/affine1/weights	-1	-1
v/cg/conv0/conv2d/kernel	-1	-1
tower_0/v/l2_loss/L2Loss_7	1601111574540877	14
tower_0/v/gradients/AddN_7	1601111574659113	56
tower_0/v/gradients/tower_0/v/l2_loss/L2Loss_6_grad/mul	1601111574540771	5
tower_0/v/gradients/tower_0/v/l2_loss/L2Loss_23_grad/mul	1601111574540794	4
v/cg/conv12/conv2d/kernel	-1	-1
tower_0/v/gradients/tower_0/v/l2_loss/L2Loss_8_grad/mul	1601111574541382	14
tower_0/v/cg/conv1/conv2d/Conv2D	1601111574551007	12904
tower_0/v/gradients/tower_0/v/l2_loss/L2Loss_grad/mul	1601111574540747	4
tower_0/v/l2_loss/L2Loss_2	1601111574539834	30
tower_0/v/vgg16_synthetic_labels	1601111574539202	23
ConstantFolding/tower_0/v/gradients/tower_0/v/cg/conv10/conv2d/Conv2D_grad/ShapeN-matshapes-1	-1	-1
ConstantFolding/tower_0/v/gradients/tower_0/v/cg/conv7/conv2d/Conv2D_grad/ShapeN-matshapes-0	-1	-1
tower_0/v/cg/dropout0/dropout/dropout/random_uniform/mul	-1	-1
tower_0/v/gradients/AddN_31	1601111574840155	4
v/cg/conv8/conv2d/kernel/read	-1	-1
ConstantFolding/tower_0/v/gradients/tower_0/v/cg/conv3/conv2d/Conv2D_grad/ShapeN-matshapes-1	-1	-1
v/cg/conv1/conv2d/kernel/read	-1	-1
tower_0/v/l2_loss/L2Loss_12	1601111574539938	31
tower_0/v/xentropy/sparse_softmax_cross_entropy_loss/num_present	-1	-1
tower_0/v/l2_loss/L2Loss_3	1601111574540027	14
append_apply_gradient_ops/GradientDescent/update_v/cg/conv0/biases/ApplyGradientDescent	1601111574840161	4
tower_0/v/gradients/tower_0/v/cg/mpool2/MaxPool_grad/MaxPoolGrad	1601111574702812	1259
tower_0/v/gradients/tower_0/v/l2_loss/L2Loss_11_grad/mul	1601111574539800	15
append_apply_gradient_ops/GradientDescent/update_v/cg/affine0/biases/ApplyGradientDescent	1601111574651881	6
tower_0/v/gradients/tower_0/v/cg/conv2/Relu_grad/ReluGrad	1601111574770755	1546
v/cg/affine0/weights	-1	-1
append_apply_gradient_ops/GradientDescent/update_v/cg/conv6/conv2d/kernel/ApplyGradientDescent	1601111574736759	17
v/cg/conv2/conv2d/kernel	-1	-1
append_apply_gradient_ops/GradientDescent/update_v/cg/conv3/conv2d/kernel/ApplyGradientDescent	1601111574788310	7
tower_0/v/cg/conv11/BiasAdd	1601111574639718	90
tower_0/v/cg/dropout0_1/dropout/dropout/mul_1	1601111574644400	6
tower_0/v/gradients/AddN_3	1601111574645767	372
tower_0/v/gradients/tower_0/v/cg/Reshape_grad/Shape	-1	-1
