tower_0/v/cg/dropout0/dropout/dropout/mul	1599841736830920	11
v/cg/conv10/conv2d/kernel	-1	-1
v/cg/conv3/conv2d/kernel	-1	-1
tower_0/v/gradients/AddN_31	1599841737240991	4
v/cg/affine1/weights	-1	-1
tower_0/v/l2_loss/L2Loss_18	1599841736817217	38
tower_0/v/gradients/AddN	1599841736960827	7
average_loss/Mean/input	-1	-1
v/cg/conv7/biases/read	-1	-1
v/cg/conv0/biases/read	-1	-1
append_apply_gradient_ops/GradientDescent/update_v/cg/affine0/weights/ApplyGradientDescent	1599841736968639	2299
v/cg/conv3/biases/read	-1	-1
tower_0/v/l2_loss/L2Loss_1	1599841736816997	4
tower_0/v/cg/dropout0_1/dropout/dropout/GreaterEqual	1599841736823383	12
tower_0/v/cg/conv9/conv2d/Conv2D	1599841736938338	8762
tower_0/v/gpu_cached_inputs	-1	-1
tower_0/v/gradients/tower_0/v/cg/conv2/conv2d/Conv2D_grad/Conv2DBackpropFilter	1599841737146425	15114
append_apply_gradient_ops/GradientDescent/update_v/cg/conv10/conv2d/kernel/ApplyGradientDescent	1599841736991775	60
tower_0/v/gradients/tower_0/v/cg/conv1/conv2d/Conv2D_grad/Conv2DBackpropFilter	1599841737193371	34659
ConstantFolding/tower_0/v/gradients/tower_0/v/cg/conv3/conv2d/Conv2D_grad/ShapeN-matshapes-1	-1	-1
tower_0/v/gradients/tower_0/v/cg/conv1/Relu_grad/ReluGrad	1599841737167366	4945
tower_0/v/gradients/tower_0/v/cg/dropout0_1/dropout/dropout/mul_grad/Mul	1599841736960969	14
tower_0/v/cg/affine0/affine0	1599841736959736	7
tower_0/v/l2_loss/L2Loss_23	1599841736817503	10
v/cg/affine1/weights/read	-1	-1
v/cg/conv1/conv2d/kernel	-1	-1
tower_0/v/cg/conv10/Relu	1599841736951435	105
append_apply_gradient_ops/GradientDescent/update_v/cg/conv2/biases/ApplyGradientDescent	1599841737167360	4
append_apply_gradient_ops/GradientDescent/update_v/cg/affine1/weights/ApplyGradientDescent	1599841736962287	376
tower_0/v/gradients/tower_0/v/l2_loss/L2Loss_14_grad/mul	1599841736820666	18
append_apply_gradient_ops/GradientDescent/update_v/cg/conv4/biases/ApplyGradientDescent	1599841737102146	7
_SOURCE	-1	-1
tower_0/v/gradients/tower_0/v/l2_loss/L2Loss_29_grad/mul	1599841736820571	4
tower_0/v/gradients/tower_0/v/l2_loss/L2Loss_15_grad/mul	1599841736820706	4
tower_0/v/gradients/tower_0/v/cg/affine0/xw_plus_b_grad/BiasAddGrad	1599841736962685	11
tower_0/v/gradients/AddN_4	1599841736966068	7
tower_0/v/cg/conv6/BiasAdd	1599841736920412	1038
tower_0/v/cg/conv10/conv2d/Conv2D	1599841736948357	2935
tower_0/v/gradients/tower_0/v/l2_loss/L2Loss_19_grad/mul	1599841736817478	10
tower_0/v/vgg16_synthetic_labels/max	-1	-1
tower_0/v/gradients/tower_0/v/cg/conv2/Relu_grad/ReluGrad	1599841737135179	2395
v/cg/conv8/conv2d/kernel/read	-1	-1
tower_0/v/xentropy/sparse_softmax_cross_entropy_loss/Sum	1599841736960528	7
tower_0/v/gradients/tower_0/v/cg/affine1/affine1_grad/ReluGrad	1599841736961086	12
tower_0/v/vgg16_synthetic_labels	1599841736816402	22
tower_0/v/gradients/AddN_19	1599841737063840	20
tower_0/v/gradients/tower_0/v/l2_loss/L2Loss_27_grad/mul	1599841736817053	4
tower_0/v/cg/dropout0/dropout/dropout/random_uniform/RandomUniform	1599841736816255	44
tower_0/v/gradients/tower_0/v/l2_loss/L2Loss_16_grad/mul	1599841736820775	35
append_apply_gradient_ops/GradientDescent/update_v/cg/conv11/biases/ApplyGradientDescent	1599841736984190	7
ConstantFolding/tower_0/v/gradients/tower_0/v/cg/conv10/conv2d/Conv2D_grad/ShapeN-matshapes-0	-1	-1
tower_0/v/gradients/tower_0/v/l2_loss/L2Loss_9_grad/mul	1599841736820692	4
tower_0/v/gradients/tower_0/v/cg/conv3/conv2d/Conv2D_grad/Conv2DBackpropInput	1599841737105307	13189
tower_0/v/gradients/tower_0/v/l2_loss/L2Loss_2_grad/mul	1599841736820725	5
tower_0/v/cg/conv8/conv2d/Conv2D	1599841736928658	8751
tower_0/v/cg/dropout0/dropout/dropout/random_uniform/mul	-1	-1
tower_0/v/cg/dropout0_1/dropout/dropout/mul_1	1599841736960098	10
tower_0/v/l2_loss/L2Loss_31	1599841736817568	11
ConstantFolding/tower_0/v/gradients/tower_0/v/cg/conv11/conv2d/Conv2D_grad/ShapeN-matshapes-1	-1	-1
tower_0/v/gradients/tower_0/v/l2_loss/L2Loss_10_grad/mul	1599841736816905	8
tower_0/v/cg/conv1/Relu	1599841736854803	3239
tower_0/v/gradients/tower_0/v/l2_loss/L2Loss_grad/mul	1599841736820585	4
tower_0/v/gradients/tower_0/v/cg/conv8/conv2d/Conv2D_grad/Conv2DBackpropInput	1599841737010470	8716
ConstantFolding/tower_0/v/gradients/tower_0/v/cg/conv5/conv2d/Conv2D_grad/ShapeN-matshapes-0	-1	-1
tower_0/v/l2_loss/L2Loss_19	1599841736817452	11
tower_0/v/gradients/tower_0/v/cg/affine0/xw_plus_b/MatMul_grad/MatMul	1599841736962698	1628
tower_0/v/l2_loss/L2Loss_3	1599841736817196	4
tower_0/v/gpu_cached_inputs/read	-1	-1
tower_0/v/gradients/tower_0/v/cg/conv7/conv2d/Conv2D_grad/Conv2DBackpropInput	1599841737028959	4762
v/cg/conv6/conv2d/kernel	-1	-1
tower_0/v/gradients/AddN_21	1599841737084797	20
tower_0/v/cg/conv4/conv2d/Conv2D	1599841736890888	5925
tower_0/v/l2_loss/L2Loss_12	1599841736820590	16
v/cg/affine1/biases/read	-1	-1
tower_0/v/cg/conv5/conv2d/Conv2D	1599841736898661	9921
tower_0/v/gradients/tower_0/v/cg/conv6/conv2d/Conv2D_grad/Conv2DBackpropInput	1599841737042073	10027
learning_rate_tensor/input	-1	-1
append_apply_gradient_ops/GradientDescent/update_v/cg/conv7/conv2d/kernel/ApplyGradientDescent	1599841737041653	35
main_fetch_group	-1	-1
tower_0/v/l2_loss/L2Loss_26	1599841736817837	723
v/cg/conv0/conv2d/kernel	-1	-1
v/cg/conv2/conv2d/kernel	-1	-1
tower_0/v/gradients/tower_0/v/cg/affine2/xw_plus_b/MatMul_grad/MatMul	1599841736960564	148
tower_0/v/gradients/AddN_25	1599841737137577	11
ConstantFolding/tower_0/v/gradients/tower_0/v/cg/conv12/conv2d/Conv2D_grad/ShapeN-matshapes-1	-1	-1
ConstantFolding/tower_0/v/gradients/tower_0/v/cg/conv3/conv2d/Conv2D_grad/ShapeN-matshapes-0	-1	-1
tower_0/v/cg/mpool1/MaxPool	1599841736889696	1189
tower_0/v/cg/dropout0/dropout/dropout/Shape	-1	-1
tower_0/v/cg/conv5/Relu	1599841736909641	800
v/cg/affine0/weights	-1	-1
tower_0/v/gradients/tower_0/v/cg/conv6/Relu_grad/ReluGrad	1599841737040491	1159
tower_0/v/gradients/tower_0/v/cg/affine0/xw_plus_b/MatMul_grad/MatMul_1	1599841736964329	1737
tower_0/v/cg/conv2/BiasAdd	1599841736868973	2083
tower_0/v/gradients/tower_0/v/cg/dropout0_1/dropout/dropout/mul_1_grad/Mul	1599841736960837	11
tower_0/v/gradients/AddN_24	1599841737135169	8
tower_0/v/gradients/AddN_5	1599841736966078	2300
tower_0/v/gradients/tower_0/v/l2_loss/L2Loss_3_grad/mul	1599841736817202	4
v/cg/conv1/biases/read	-1	-1
tower_0/v/gradients/AddN_1	1599841736960849	97
ConstantFolding/tower_0/v/gradients/tower_0/v/cg/conv8/conv2d/Conv2D_grad/ShapeN-matshapes-1	-1	-1
tower_0/v/l2_loss/L2Loss_30	1599841736817081	51
tower_0/v/cg/dropout0/dropout/dropout/GreaterEqual	1599841736823367	13
tower_0/v/gradients/tower_0/v/cg/mpool4/MaxPool_grad/MaxPoolGrad	1599841736968389	249
main_fetch_group/_70	-1	-1
tower_0/v/gradients/tower_0/v/l2_loss/L2Loss_5_grad/mul	1599841736817717	10
tower_0/v/gradients/tower_0/v/cg/affine2/xw_plus_b_grad/BiasAddGrad	1599841736960540	16
tower_0/v/gradients/tower_0/v/cg/dropout0/dropout/dropout/mul_grad/Mul	1599841736962270	15
tower_0/v/gradients/tower_0/v/xentropy/sparse_softmax_cross_entropy_loss/xentropy/xentropy_grad/ExpandDims	-1	-1
v/cg/conv6/biases	-1	-1
tower_0/v/cg/mpool3/MaxPool	1599841736948038	318
tower_0/v/transpose/perm	-1	-1
ConstantFolding/tower_0/v/gradients/tower_0/v/cg/conv7/conv2d/Conv2D_grad/ShapeN-matshapes-1	-1	-1
v/cg/conv5/conv2d/kernel	-1	-1
tower_0/v/gradients/tower_0/v/cg/conv10/conv2d/Conv2D_grad/Conv2DBackpropInput	1599841736984283	2912
tower_0/v/gradients/AddN_9	1599841736984112	77
tower_0/v/cg/mpool2/MaxPool	1599841736922256	596
tower_0/v/cg/conv3/conv2d/Conv2D	1599841736872668	13327
tower_0/v/gradients/tower_0/v/l2_loss/L2Loss_21_grad/mul	1599841736817036	4
tower_0/v/l2_loss/L2Loss_21	1599841736817030	5
average_loss/range	-1	-1
tower_0/v/cg/mpool4/MaxPool	1599841736957955	93
tower_0/v/gradients/tower_0/v/cg/mpool1/MaxPool_grad/MaxPoolGrad	1599841737099205	2920
v/cg/conv9/conv2d/kernel/read	-1	-1
tower_0/v/l2_loss/L2Loss_17	1599841736817018	5
tower_0/v/gradients/tower_0/v/cg/conv8/Relu_grad/ReluGrad	1599841737009596	571
tower_0/v/cg/conv11/conv2d/Conv2D	1599841736951543	2968
append_apply_gradient_ops/GradientDescent/update_v/cg/conv1/conv2d/kernel/ApplyGradientDescent	1599841737240978	6
tower_0/v/cg/conv7/conv2d/Conv2D	1599841736922854	4872
tower_0/v/l2_loss/AddN	1599841736823398	34
append_apply_gradient_ops/GradientDescent/update_v/cg/conv2/conv2d/kernel/ApplyGradientDescent	1599841737172312	7
tower_0/v/cg/dropout0/dropout/dropout/rate	-1	-1
append_apply_gradient_ops/GradientDescent/update_v/cg/conv0/biases/ApplyGradientDescent	1599841737240997	4
append_apply_gradient_ops/GradientDescent/update_v/cg/affine1/biases/ApplyGradientDescent	1599841736962260	7
v/cg/conv2/biases	-1	-1
tower_0/v/gradients/tower_0/v/cg/conv8/conv2d/Conv2D_grad/Conv2DBackpropFilter	1599841737019189	8819
v/cg/conv8/biases	-1	-1
tower_0/v/gradients/tower_0/v/cg/conv2/conv2d/Conv2D_grad/Conv2DBackpropInput	1599841737138323	8098
tower_0/v/add	1599841736960949	7
tower_0/v/l2_loss/L2Loss_15	1599841736820697	4
tower_0/v/cg/conv1/conv2d/Conv2D	1599841736830948	19649
tower_0/v/cg/conv10/BiasAdd	1599841736951294	138
tower_0/v/gradients/tower_0/v/cg/conv10/BiasAdd_grad/BiasAddGrad	1599841736984207	73
ConstantFolding/tower_0/v/gradients/tower_0/v/cg/conv10/conv2d/Conv2D_grad/ShapeN-matshapes-1	-1	-1
tower_0/v/l2_loss/L2Loss_8	1599841736817383	22
append_apply_gradient_ops/GradientDescent/update_v/cg/conv9/biases/ApplyGradientDescent	1599841737010234	6
tower_0/v/gradients/AddN_11	1599841736991127	57
tower_0/v/transpose	1599841736816498	384
v/cg/affine2/biases/read	-1	-1
append_apply_gradient_ops/GradientDescent/update_v/cg/conv6/conv2d/kernel/ApplyGradientDescent	1599841737084773	23
average_loss/Mean	-1	-1
tower_0/v/vgg16_synthetic_labels/shape	-1	-1
tower_0/v/l2_loss/L2Loss_9	1599841736820686	4
tower_0/v/gradients/tower_0/v/cg/affine1/xw_plus_b/MatMul_grad/MatMul	1599841736961129	399
tower_0/v/gradients/tower_0/v/cg/conv3/conv2d/Conv2D_grad/Conv2DBackpropFilter	1599841737118499	16667
tower_0/v/gradients/tower_0/v/cg/conv5/BiasAdd_grad/BiasAddGrad	1599841737074410	380
tower_0/v/cg/affine1/xw_plus_b	1599841736960076	10
tower_0/v/cg/dropout0/dropout/dropout/truediv	-1	-1
tower_0/v/cg/conv7/Relu	1599841736928254	401
v/cg/conv1/biases	-1	-1
v/cg/conv9/conv2d/kernel	-1	-1
tower_0/v/gradients/tower_0/v/cg/conv6/BiasAdd_grad/BiasAddGrad	1599841737041692	379
tower_0/v/xentropy/sparse_softmax_cross_entropy_loss/Mul	-1	-1
tower_0/v/gradients/tower_0/v/cg/conv11/conv2d/Conv2D_grad/Conv2DBackpropFilter	1599841736980638	3255
tower_0/v/mul	1599841736827655	6
v/cg/affine0/biases/read	-1	-1
tower_0/v/gradients/AddN_12	1599841737009586	7
tower_0/v/gradients/tower_0/v/l2_loss/L2Loss_20_grad/mul	1599841736816960	35
tower_0/v/gradients/AddN_15	1599841737028664	60
tower_0/v/gradients/tower_0/v/cg/conv1/conv2d/Conv2D_grad/Conv2DBackpropInput	1599841737173714	19656
tower_0/v/gradients/AddN_7	1599841736977559	61
tower_0/v/gradients/tower_0/v/l2_loss/L2Loss_30_grad/mul	1599841736817133	62
tower_0/v/gradients/tower_0/v/cg/mpool2/MaxPool_grad/MaxPoolGrad	1599841737038528	1911
v/cg/conv8/conv2d/kernel	-1	-1
tower_0/v/gradients/AddN_13	1599841737010171	59
tower_0/v/gradients/AddN_6	1599841736977400	7
tower_0/v/xentropy/sparse_softmax_cross_entropy_loss/value	1599841736960817	7
v/cg/conv4/conv2d/kernel	-1	-1
tower_0/v/cg/dropout0/dropout/dropout/mul_1	1599841736959746	11
tower_0/v/gradients/tower_0/v/l2_loss/L2Loss_18_grad/mul	1599841736817258	41
append_apply_gradient_ops/GradientDescent/update_v/cg/conv8/conv2d/kernel/ApplyGradientDescent	1599841737038459	57
tower_0/v/gradients/AddN_28	1599841737228032	4
tower_0/v/gradients/tower_0/v/cg/conv4/Relu_grad/ReluGrad	1599841737084830	1178
tower_0/v/cg/affine1/xw_plus_b/MatMul	1599841736959765	307
v/cg/conv1/conv2d/kernel/read	-1	-1
tower_0/v/gradients/tower_0/v/l2_loss/L2Loss_13_grad/mul	1599841736816921	4
tower_0/v/cg/dropout0/dropout/dropout/Cast	1599841736827633	10
tower_0/v/cg/conv9/Relu	1599841736947626	410
tower_0/v/l2_loss/L2Loss_13	1599841736816914	5
tower_0/v/cg/conv0/Relu	1599841736827665	3252
tower_0/v/gradients/tower_0/v/cg/conv5/conv2d/Conv2D_grad/Conv2DBackpropInput	1599841737074792	9977
v/cg/conv2/biases/read	-1	-1
tower_0/v/l2_loss/L2Loss_20	1599841736816926	33
append_apply_gradient_ops/GradientDescent/update_v/cg/conv8/biases/ApplyGradientDescent	1599841737028727	7
tower_0/v/gradients/tower_0/v/xentropy/sparse_softmax_cross_entropy_loss/xentropy/xentropy_grad/mul	1599841736960516	9
tower_0/v/gradients/AddN_23	1599841737102128	15
average_loss/Mean/_74	1599841736962262	3
tower_0/v/gradients/tower_0/v/l2_loss/L2Loss_25_grad/mul	1599841736820166	4
v/cg/affine2/weights/read	-1	-1
tower_0/v/cg/conv1/BiasAdd	1599841736850599	4200
tower_0/v/gradients/tower_0/v/l2_loss/L2Loss_26_grad/mul	1599841736818562	1596
tower_0/v/cg/conv0/BiasAdd	1599841736823436	4194
tower_0/v/gradients/tower_0/v/cg/conv12/conv2d/Conv2D_grad/Conv2DBackpropFilter	1599841736974122	3276
tower_0/v/cg/mpool0/MaxPool	1599841736858045	2267
ConstantFolding/tower_0/v/gradients/tower_0/v/cg/conv5/conv2d/Conv2D_grad/ShapeN-matshapes-1	-1	-1
tower_0/v/cg/conv11/Relu	1599841736954651	105
tower_0/v/gradients/AddN_8	1599841736983952	7
tower_0/v/l2_loss/L2Loss_16	1599841736820742	32
tower_0/v/cg/conv6/conv2d/Conv2D	1599841736910444	9964
append_apply_gradient_ops/GradientDescent/update_v/cg/conv11/conv2d/kernel/ApplyGradientDescent	1599841736990452	57
tower_0/v/gradients/AddN_16	1599841737038518	7
tower_0/v/gradients/tower_0/v/cg/conv5/Relu_grad/ReluGrad	1599841737062668	1168
tower_0/v/cg/Reshape/shape	-1	-1
tower_0/v/cg/dropout0_1/dropout/dropout/mul	1599841736830932	12
tower_0/v/gradients/tower_0/v/cg/conv1/BiasAdd_grad/BiasAddGrad	1599841737172329	1383
tower_0/v/mul/x	-1	-1
tower_0/v/gradients/tower_0/v/cg/affine2/xw_plus_b/MatMul_grad/MatMul_1	1599841736960715	101
tower_0/v/cg/conv12/BiasAdd	1599841736957709	136
v/cg/conv4/biases/read	-1	-1
append_apply_gradient_ops/GradientDescent/update_v/cg/conv3/biases/ApplyGradientDescent	1599841737137590	6
tower_0/v/l2_loss/L2Loss_10	1599841736816884	20
append_apply_gradient_ops/GradientDescent/update_v/cg/affine2/weights/ApplyGradientDescent	1599841736960986	97
v/cg/conv11/biases/read	-1	-1
v/cg/affine2/biases	-1	-1
tower_0/v/cg/conv3/Relu	1599841736888087	1605
tower_0/v/gradients/tower_0/v/l2_loss/L2Loss_11_grad/mul	1599841736817013	4
v/cg/conv7/conv2d/kernel/read	-1	-1
tower_0/v/gradients/tower_0/v/cg/conv5/conv2d/Conv2D_grad/Conv2DBackpropFilter	1599841737063871	10536
ConstantFolding/tower_0/v/gradients/tower_0/v/cg/conv9/conv2d/Conv2D_grad/ShapeN-matshapes-0	-1	-1
ConstantFolding/tower_0/v/gradients/tower_0/v/cg/conv0/conv2d/Conv2D_grad/ShapeN-matshapes-1	-1	-1
tower_0/v/cg/conv3/BiasAdd	1599841736885998	2087
v/cg/conv7/biases	-1	-1
tower_0/v/cg/conv9/BiasAdd	1599841736947103	520
v/cg/conv10/biases/read	-1	-1
ConstantFolding/tower_0/v/gradients/tower_0/v/cg/conv4/conv2d/Conv2D_grad/ShapeN-matshapes-1	-1	-1
append_apply_gradient_ops/GradientDescent/update_v/cg/conv0/conv2d/kernel/ApplyGradientDescent	1599841737241003	4
tower_0/v/gradients/tower_0/v/l2_loss/L2Loss_12_grad/mul	1599841736820608	8
tower_0/v/gradients/tower_0/v/cg/conv2/BiasAdd_grad/BiasAddGrad	1599841737137602	719
tower_0/v/cg/conv8/Relu	1599841736937933	402
tower_0/v/cg/conv12/Relu	1599841736957847	105
v/cg/conv10/biases	-1	-1
append_apply_gradient_ops/GradientDescent/update_v/cg/conv9/conv2d/kernel/ApplyGradientDescent	1599841737028012	57
tower_0/v/cg/conv2/conv2d/Conv2D	1599841736860314	8657
v/cg/conv6/biases/read	-1	-1
ConstantFolding/tower_0/v/gradients/tower_0/v/cg/conv4/conv2d/Conv2D_grad/ShapeN-matshapes-0	-1	-1
tower_0/v/gradients/tower_0/v/cg/conv6/conv2d/Conv2D_grad/Conv2DBackpropFilter	1599841737052106	10550
tower_0/v/cg/conv7/BiasAdd	1599841736927730	521
tower_0/v/l2_loss/L2Loss_7	1599841736820731	4
v/cg/conv10/conv2d/kernel/read	-1	-1
tower_0/v/xentropy/sparse_softmax_cross_entropy_loss/xentropy/xentropy	1599841736960307	206
tower_0/v/gradients/tower_0/v/cg/affine1/xw_plus_b/MatMul_grad/MatMul_1	1599841736961532	308
tower_0/v/gradients/tower_0/v/l2_loss/L2Loss_24_grad/mul	1599841736817794	41
tower_0/v/gradients/tower_0/v/l2_loss/L2Loss_23_grad/mul	1599841736817529	10
ConstantFolding/tower_0/v/gradients/tower_0/v/cg/conv8/conv2d/Conv2D_grad/ShapeN-matshapes-0	-1	-1
tower_0/v/gradients/tower_0/v/cg/conv4/BiasAdd_grad/BiasAddGrad	1599841737086046	380
v/cg/affine0/biases	-1	-1
tower_0/v/gradients/tower_0/v/cg/conv12/Relu_grad/ReluGrad	1599841736970941	148
tower_0/v/gradients/tower_0/v/cg/conv12/BiasAdd_grad/BiasAddGrad	1599841736971100	71
ConstantFolding/average_loss/Mean/input_const_axis	-1	-1
tower_0/v/gradients/AddN_3	1599841736961882	376
v/cg/conv7/conv2d/kernel	-1	-1
v/cg/conv0/biases	-1	-1
v/cg/conv11/biases	-1	-1
tower_0/v/gradients/tower_0/v/cg/mpool0/MaxPool_grad/MaxPoolGrad	1599841737161554	5797
tower_0/v/cg/conv0/conv2d/Conv2D	1599841736820812	2553
ConstantFolding/tower_0/v/gradients/tower_0/v/cg/conv6/conv2d/Conv2D_grad/ShapeN-matshapes-1	-1	-1
tower_0/v/gradients/tower_0/v/cg/affine0/affine0_grad/ReluGrad	1599841736962665	14
tower_0/v/gradients/tower_0/v/l2_loss/L2Loss_31_grad/mul	1599841736817594	10
ConstantFolding/tower_0/v/gradients/tower_0/v/cg/conv6/conv2d/Conv2D_grad/ShapeN-matshapes-0	-1	-1
v/cg/conv4/conv2d/kernel/read	-1	-1
tower_0/v/gradients/AddN_30	1599841737240986	4
ConstantFolding/tower_0/v/gradients/tower_0/v/cg/conv9/conv2d/Conv2D_grad/ShapeN-matshapes-1	-1	-1
tower_0/v/gradients/tower_0/v/cg/conv9/BiasAdd_grad/BiasAddGrad	1599841736991848	218
tower_0/v/gradients/tower_0/v/cg/affine1/xw_plus_b_grad/BiasAddGrad	1599841736961105	13
ConstantFolding/tower_0/v/gradients/tower_0/v/cg/conv1/conv2d/Conv2D_grad/ShapeN-matshapes-1	-1	-1
append_apply_gradient_ops/GradientDescent	-1	-1
append_apply_gradient_ops/GradientDescent/update_v/cg/conv5/conv2d/kernel/ApplyGradientDescent	1599841737086012	20
v/cg/conv12/conv2d/kernel/read	-1	-1
tower_0/v/gradients/tower_0/v/l2_loss/L2Loss_17_grad/mul	1599841736817024	4
tower_0/v/cg/conv4/BiasAdd	1599841736896815	1040
tower_0/v/gradients/AddN_10	1599841736990512	7
tower_0/v/gradients/tower_0/v/cg/conv3/Relu_grad/ReluGrad	1599841737102156	2404
v/cg/conv3/conv2d/kernel/read	-1	-1
v/cg/conv12/biases/read	-1	-1
append_apply_gradient_ops/GradientDescent/update_v/cg/conv7/biases/ApplyGradientDescent	1599841737040480	7
tower_0/v/l2_loss/L2Loss_14	1599841736820642	23
tower_0/v/gradients/tower_0/v/cg/conv9/conv2d/Conv2D_grad/Conv2DBackpropFilter	1599841737000778	8804
v/cg/conv12/conv2d/kernel	-1	-1
gpu_compute_stage_ops_group	-1	-1
ConstantFolding/tower_0/v/gradients/tower_0/v/cg/conv7/conv2d/Conv2D_grad/ShapeN-matshapes-0	-1	-1
tower_0/v/cg/conv8/BiasAdd	1599841736937411	519
tower_0/v/l2_loss/L2Loss_11	1599841736817007	4
v/cg/affine2/weights	-1	-1
v/cg/conv5/biases	-1	-1
tower_0/v/xentropy/sparse_softmax_cross_entropy_loss/num_present	-1	-1
tower_0/v/gradients/tower_0/v/cg/conv9/Relu_grad/ReluGrad	1599841736991196	576
v/cg/conv6/conv2d/kernel/read	-1	-1
tower_0/v/gradients/tower_0/v/cg/Reshape_grad/Shape	-1	-1
tower_0/v/cg/affine0/xw_plus_b/MatMul	1599841736958052	1669
tower_0/v/l2_loss/L2Loss_29	1599841736820559	11
tower_0/v/cg/conv2/Relu	1599841736871059	1605
tower_0/v/l2_loss/L2Loss_2	1599841736820711	12
tower_0/v/gradients/tower_0/v/cg/conv9/conv2d/Conv2D_grad/Conv2DBackpropInput	1599841736992070	8706
append_apply_gradient_ops/GradientDescent/update_v/cg/affine0/biases/ApplyGradientDescent	1599841736968380	7
ConstantFolding/tower_0/v/gradients/tower_0/v/cg/conv2/conv2d/Conv2D_grad/ShapeN-matshapes-0	-1	-1
tower_0/v/vgg16_synthetic_labels/min	-1	-1
append_apply_gradient_ops/GradientDescent/update_v/cg/conv6/biases/ApplyGradientDescent	1599841737063861	7
tower_0/v/cg/conv6/Relu	1599841736921453	800
tower_0/v/l2_loss/L2Loss_4	1599841736817620	25
tower_0/v/gradients/tower_0/v/l2_loss/L2Loss_1_grad/mul	1599841736817002	4
tower_0/v/gradients/tower_0/v/cg/conv7/Relu_grad/ReluGrad	1599841737028081	580
tower_0/v/gradients/tower_0/v/cg/conv10/conv2d/Conv2D_grad/Conv2DBackpropFilter	1599841736987199	3252
v/cg/conv5/conv2d/kernel/read	-1	-1
tower_0/v/cg/conv5/BiasAdd	1599841736908585	1052
v/cg/conv9/biases	-1	-1
tower_0/v/l2_loss/L2Loss	1599841736820577	6
tower_0/v/cg/dropout0_1/dropout/dropout/random_uniform/mul	-1	-1
v/cg/conv11/conv2d/kernel	-1	-1
tower_0/v/gradients/tower_0/v/cg/conv11/Relu_grad/ReluGrad	1599841736977410	145
tower_0/v/gradients/tower_0/v/l2_loss/L2Loss_4_grad/mul	1599841736817662	11
ConstantFolding/tower_0/v/gradients/tower_0/v/cg/conv2/conv2d/Conv2D_grad/ShapeN-matshapes-1	-1	-1
tower_0/v/gradients/tower_0/v/cg/conv11/conv2d/Conv2D_grad/Conv2DBackpropInput	1599841736977714	2921
tower_0/v/cg/affine0/xw_plus_b	1599841736959724	9
tower_0/v/gradients/AddN_20	1599841737084820	6
tower_0/v/cg/affine1/affine1	1599841736960088	7
tower_0/v/gradients/AddN_17	1599841737040442	35
tower_0/v/cg/dropout0_1/dropout/dropout/Cast	1599841736827644	10
tower_0/v/l2_loss/L2Loss_24	1599841736817753	39
tower_0/v/gradients/tower_0/v/cg/Reshape_grad/Reshape	-1	-1
append_apply_gradient_ops/GradientDescent/update_v/cg/conv1/biases/ApplyGradientDescent	1599841737233010	4
tower_0/v/gradients/tower_0/v/cg/conv4/conv2d/Conv2D_grad/Conv2DBackpropFilter	1599841737092021	7172
tower_0/v/gradients/AddN_2	1599841736961858	7
v/cg/conv11/conv2d/kernel/read	-1	-1
tower_0/v/gradients/tower_0/v/l2_loss/L2Loss_22_grad/mul	1599841736817339	42
append_apply_gradient_ops/GradientDescent/update_v/cg/conv5/biases/ApplyGradientDescent	1599841737086034	6
tower_0/v/cg/affine2/xw_plus_b	1599841736960298	6
tower_0/v/cg/Reshape	-1	-1
tower_0/v/gradients/tower_0/v/cg/conv0/Relu_grad/ReluGrad	1599841737228038	4963
v/cg/affine0/weights/read	-1	-1
v/cg/conv12/biases	-1	-1
append_apply_gradient_ops/GradientDescent/update_v/cg/affine2/biases/ApplyGradientDescent	1599841736960959	8
tower_0/v/cg/conv12/conv2d/Conv2D	1599841736954758	2948
tower_0/v/gradients/tower_0/v/cg/conv0/BiasAdd_grad/BiasAddGrad	1599841737233020	1382
tower_0/v/l2_loss/L2Loss_28	1599841736820172	130
tower_0/v/gradients/tower_0/v/cg/mpool3/MaxPool_grad/MaxPoolGrad	1599841736990522	603
v/cg/conv8/biases/read	-1	-1
v/cg/conv5/biases/read	-1	-1
tower_0/v/gradients/AddN_22	1599841737099194	8
tower_0/v/l2_loss/L2Loss_6	1599841736820617	18
tower_0/v/cg/conv11/BiasAdd	1599841736954512	135
append_apply_gradient_ops/GradientDescent/update_v/cg/conv12/conv2d/kernel/ApplyGradientDescent	1599841736983895	56
tower_0/v/l2_loss/L2Loss_5	1599841736817691	11
append_apply_gradient_ops/GradientDescent/update_v/cg/conv4/conv2d/kernel/ApplyGradientDescent	1599841737104563	15
tower_0/v/l2_loss/L2Loss_27	1599841736817041	11
ConstantFolding/tower_0/v/gradients/tower_0/v/cg/conv12/conv2d/Conv2D_grad/ShapeN-matshapes-0	-1	-1
tower_0/v/gradients/tower_0/v/cg/conv12/conv2d/Conv2D_grad/Conv2DBackpropInput	1599841736971175	2944
tower_0/v/gradients/tower_0/v/cg/conv11/BiasAdd_grad/BiasAddGrad	1599841736977642	68
tower_0/v/l2_loss/L2Loss_22	1599841736817301	34
tower_0/v/gradients/tower_0/v/cg/conv10/Relu_grad/ReluGrad	1599841736983962	148
tower_0/v/gradients/AddN_27	1599841737167352	6
tower_0/v/gradients/AddN_26	1599841737161549	4
tower_0/v/gradients/tower_0/v/cg/conv3/BiasAdd_grad/BiasAddGrad	1599841737104584	719
ConstantFolding/tower_0/v/gradients/tower_0/v/cg/conv11/conv2d/Conv2D_grad/ShapeN-matshapes-0	-1	-1
tower_0/v/gradients/AddN_29	1599841737233003	6
append_apply_gradient_ops/GradientDescent/update_v/cg/conv3/conv2d/kernel/ApplyGradientDescent	1599841737161540	7
tower_0/v/gradients/tower_0/v/l2_loss/L2Loss_6_grad/mul	1599841736820636	5
tower_0/v/gradients/tower_0/v/cg/dropout0/dropout/dropout/mul_1_grad/Mul	1599841736961867	12
append_apply_gradient_ops/GradientDescent/update_v/cg/conv10/biases/ApplyGradientDescent	1599841736991187	6
v/cg/conv0/conv2d/kernel/read	-1	-1
tower_0/v/gradients/tower_0/v/cg/conv0/conv2d/Conv2D_grad/Conv2DBackpropFilter	1599841737234405	6572
train_ops_group	-1	-1
v/cg/affine1/biases	-1	-1
tower_0/v/gradients/tower_0/v/cg/conv8/BiasAdd_grad/BiasAddGrad	1599841737010250	219
tower_0/v/gradients/AddN_14	1599841737028070	7
tower_0/v/gradients/tower_0/v/cg/conv7/conv2d/Conv2D_grad/Conv2DBackpropFilter	1599841737033723	4732
tower_0/v/gradients/tower_0/v/l2_loss/L2Loss_7_grad/mul	1599841736820736	4
tower_0/v/gradients/AddN_18	1599841737062658	7
ConstantFolding/tower_0/v/gradients/tower_0/v/cg/conv1/conv2d/Conv2D_grad/ShapeN-matshapes-0	-1	-1
tower_0/v/cg/conv4/Relu	1599841736897858	800
tower_0/v/gradients/tower_0/v/cg/conv4/conv2d/Conv2D_grad/Conv2DBackpropInput	1599841737086429	5589
tower_0/v/gradients/tower_0/v/l2_loss/L2Loss_28_grad/mul	1599841736820303	254
tower_0/v/cg/affine2/xw_plus_b/MatMul	1599841736960112	177
tower_0/v/gradients/tower_0/v/l2_loss/L2Loss_8_grad/mul	1599841736817423	11
append_apply_gradient_ops/GradientDescent/update_v/cg/conv12/biases/ApplyGradientDescent	1599841736977623	7
tower_0/v/l2_loss/L2Loss_25	1599841736820160	5
tower_0/v/cg/dropout0_1/dropout/dropout/random_uniform/RandomUniform	1599841736816318	23
v/cg/conv2/conv2d/kernel/read	-1	-1
v/cg/conv4/biases	-1	-1
tower_0/v/gradients/tower_0/v/cg/conv7/BiasAdd_grad/BiasAddGrad	1599841737028742	213
v/cg/conv9/biases/read	-1	-1
v/cg/conv3/biases	-1	-1
