1599841739762741	1.0
1599841739762834	1.0
1599841739762975	0.000244140625
1599841739763123	36.75
1599841739763515	0.000244140625
1599841739763515	0.0087890625
1599841739763534	-0.0087890625
1599841739763535	2.25
1599841739763545	0.000244140625
1599841739763551	0.0009765625
1599841739763557	0.000244140625
1599841739763557	0.0087890625
1599841739763589	-0.0087890625
1599841739763591	9.0
1599841739763628	0.000244140625
1599841739763659	0.000244140625
1599841739763705	0.000244140625
1599841739763749	0.0009765625
1599841739763793	0.000244140625
1599841739763839	0.001953125
1599841739763883	0.000244140625
1599841739763927	0.001953125
1599841739763980	0.000244140625
1599841739764022	0.015625
1599841739764086	0.000244140625
1599841739764086	0.0087890625
1599841739764142	-0.0087890625
1599841739764158	15.640625
1599841739764232	0.000244140625
1599841739764255	0.000244140625
1599841739764323	0.000244140625
1599841739764323	0.0087890625
1599841739764367	-0.0087890625
1599841739764395	9.0
1599841739764464	0.000244140625
1599841739764464	0.0087890625
1599841739764508	-0.0087890625
1599841739764536	9.0
1599841739764609	0.000244140625
1599841739764609	0.0087890625
1599841739764649	-0.0087890625
1599841739764681	1.125
1599841739764731	0.000244140625
1599841739764776	0.001953125
1599841739764819	0.000244140625
1599841739764864	0.001953125
1599841739764931	0.000244140625
1599841739764976	0.00390625
1599841739765022	0.000244140625
1599841739765022	0.000244140625
1599841739765062	-0.000244140625
1599841739765092	0.28125
1599841739765143	0.000244140625
1599841739765188	0.00048828125
1599841739765253	0.000244140625
1599841739765253	0.0087890625
1599841739765297	-0.0087890625
1599841739765325	9.0
1599841739765395	0.000244140625
1599841739765395	0.0087890625
1599841739766127	-0.0087890625
1599841739766128	392.0
1599841739767726	0.000244140625
1599841739767732	0.001953125
1599841739767737	0.000244140625
1599841739767737	0.0087890625
1599841739767867	-0.0087890625
1599841739767869	64.0
1599841739768126	0.000244140625
1599841739768138	0.015625
1599841739768143	0.000244140625
1599841739768151	0.006591796875
1599841739768157	0.000244140625
1599841739768157	0.0087890625
1599841739768173	-0.0087890625
1599841739768174	2.25
1599841739768184	0.000244140625
1599841739768184	0.000244140625
1599841739768202	-0.000244140625
1599841739768203	0.5625
1599841739768209	0.000244140625
1599841739768209	0.0087890625
1599841739768232	-0.0087890625
1599841739768234	4.5
1599841739768254	0.000244140625
1599841739768259	0.0009765625
1599841739768264	0.000244140625
1599841739768271	0.001953125
1599841739768276	0.000244140625
1599841739768276	0.000244140625
1599841739768288	-0.000244140625
1599841739768289	0.140625
1599841739768295	0.000244140625
1599841739768301	0.00048828125
1599841739768306	0.000244140625
1599841739768306	0.0087890625
1599841739768339	-0.0087890625
1599841739768340	9.0
1599841739768377	784.0
1599841739768377	0.006591796875
1599841739768377	0.287353515625
1599841739770931	-0.006591796875
1599841739770931	-0.287353515625
1599841739770934	0.25
1599841739770947	-1.0
1599841739770950	0.25
1599841739770960	-1.0
1599841739770996	-0.000244140625
1599841739770996	-0.000244140625
1599841739770996	-0.000244140625
1599841739770996	-0.000244140625
1599841739770996	-0.000244140625
1599841739770996	-0.000244140625
1599841739770996	-0.000244140625
1599841739770996	-0.000244140625
1599841739770996	-0.000244140625
1599841739770996	-0.000244140625
1599841739770996	-0.000244140625
1599841739770996	-0.000244140625
1599841739770996	-0.000244140625
1599841739770996	-0.000244140625
1599841739770996	-0.000244140625
1599841739770996	-0.000244140625
1599841739770996	-0.000244140625
1599841739770996	-0.000244140625
1599841739770996	-0.000244140625
1599841739770996	-0.000244140625
1599841739770996	-0.000244140625
1599841739770996	-0.000244140625
1599841739770996	-0.000244140625
1599841739770996	-0.000244140625
1599841739770996	-0.000244140625
1599841739770996	-0.000244140625
1599841739770996	-0.000244140625
1599841739770996	-0.000244140625
1599841739770996	-0.000244140625
1599841739770996	-0.000244140625
1599841739770996	-0.000244140625
1599841739775192	1.75
1599841739775203	-0.25
1599841739775204	1.0
1599841739775215	-0.25
1599841739778465	1.0
1599841739778479	1.0
1599841739778491	784.0
1599841739778491	0.25
1599841739778491	0.390869140625
1599841739798135	-0.25
1599841739798135	-0.390869140625
1599841739805574	196.0
1599841739807841	392.0
1599841739807841	0.28125
1599841739807841	1324.125
1599841739816491	-0.28125
1599841739816491	-1324.125
1599841739820201	392.0
1599841739820201	0.5625
1599841739820201	1766.25
1599841739833529	-0.5625
1599841739833529	-1766.25
1599841739837228	98.0
1599841739838420	196.0
1599841739838420	1.125
1599841739838420	340.046875
1599841739844382	-1.125
1599841739844382	-340.046875
1599841739846234	196.0
1599841739846234	2.25
1599841739846234	544.046875
1599841739856160	-2.25
1599841739856160	-544.046875
1599841739858009	196.0
1599841739858009	2.25
1599841739858009	544.046875
1599841739867946	-2.25
1599841739867946	-544.046875
1599841739869791	49.0
1599841739870389	98.0
1599841739870389	4.5
1599841739870389	348.75
1599841739875278	-4.5
1599841739875278	-348.75
1599841739876206	98.0
1599841739876206	9.0
1599841739876206	477.0
1599841739884951	-9.0
1599841739884951	-477.0
1599841739885883	98.0
1599841739885883	9.0
1599841739885883	477.0
1599841739894647	-9.0
1599841739894647	-477.0
1599841739895582	24.5
1599841739895904	24.5
1599841739895904	9.0
1599841739895904	180.0
1599841739898842	-9.0
1599841739898842	-180.0
1599841739899103	24.5
1599841739899103	9.0
1599841739899103	180.0
1599841739902046	-9.0
1599841739902046	-180.0
1599841739902298	24.5
1599841739902298	9.0
1599841739902298	180.0
1599841739905250	-9.0
1599841739905250	-180.0
1599841739905498	6.125
1599841739905596	1.0
1599841739907313	1.0
1599841739907660	-1.0
1599841739907662	0.25
1599841739907853	0.000244140625
1599841739907853	0.000244140625
1599841739908056	-0.000244140625
1599841739908056	-0.000244140625
1599841739908072	0.000244140625
1599841739908078	-0.000244140625
1599841739908086	0.00390625
1599841739908110	1.0
1599841739908274	15.640625
1599841739908376	-0.25
1599841739908396	-0.00390625
1599841739908507	-15.640625
1599841739908515	-0.000244140625
1599841739908526	-0.00390625
1599841739908543	-1.0
1599841739908642	-15.640625
1599841739908661	-1.0
1599841739908671	0.015625
1599841739908695	1.0
1599841739909098	64.0
1599841739909405	-1.0
1599841739909405	-1.0
1599841739909413	-0.015625
1599841739909802	-64.0
1599841739909814	-0.015625
1599841739909816	-0.000244140625
1599841739909830	-1.0
1599841739910209	-64.0
1599841739910224	-1.0
1599841739910231	0.015625
1599841739910246	6.125
1599841739911884	392.0
1599841739913621	-1.75
1599841739913629	-0.015625
1599841739915932	-392.0
1599841739915942	-0.015625
1599841739915944	24.5
1599841739916195	-6.125
1599841739916195	-6.125
1599841739918501	-392.0
1599841739918652	-24.5
1599841739918661	0.001953125
1599841739918661	39.51611328125
1599841739918731	-39.51611328125
1599841739918735	24.5
1599841739918735	39.51611328125
1599841739918735	15.656982421875
1599841739918735	657.0
1599841739921687	-39.51611328125
1599841739921687	-15.656982421875
1599841739921687	-657.0
1599841739921690	15.656982421875
1599841739921690	9.0
1599841739921690	180.0
1599841739924853	-24.5
1599841739924853	-9.0
1599841739924853	-180.0
1599841739924862	-0.001953125
1599841739925010	-24.5
1599841739925069	-9.0
1599841739925080	-0.001953125
1599841739925084	0.001953125
1599841739925084	24.5
1599841739925154	-24.5
1599841739925157	24.5
1599841739925157	9.000244140625
1599841739925157	24.5
1599841739925157	657.0
1599841739928080	-9.000244140625
1599841739928080	-24.5
1599841739928080	-657.0
1599841739928083	9.000244140625
1599841739928083	9.0
1599841739928083	180.0
1599841739931333	-24.5
1599841739931333	-9.0
1599841739931333	-180.0
1599841739931392	-15.656982421875
1599841739931400	-0.001953125
1599841739931549	-24.5
1599841739931610	-9.0
1599841739931620	-0.001953125
1599841739931625	0.001953125
1599841739931625	24.5
1599841739931697	-24.5
1599841739931700	24.5
1599841739931700	9.00048828125
1599841739931700	24.5
1599841739931700	657.0
1599841739934612	-9.00048828125
1599841739934612	-24.5
1599841739934612	-657.0
1599841739934615	9.00048828125
1599841739934615	15.656982421875
1599841739934615	180.0
1599841739937864	-24.5
1599841739937864	-15.656982421875
1599841739937864	-180.0
1599841739937926	-9.000244140625
1599841739937934	-0.001953125
1599841739937937	98.0
1599841739938537	-24.5
1599841739938537	-24.5
1599841739938598	-9.0
1599841739938607	-0.001953125
1599841739939182	-98.0
1599841739939245	-9.00048828125
1599841739939256	0.001953125
1599841739939256	98.0
1599841739939472	-98.0
1599841739939474	98.0
1599841739939474	9.00048828125
1599841739939474	98.0
1599841739939474	477.0
1599841739948176	-9.00048828125
1599841739948176	-98.0
1599841739948176	-477.0
1599841739948179	9.00048828125
1599841739948179	9.00048828125
1599841739948179	477.0
1599841739956983	-98.0
1599841739956983	-9.00048828125
1599841739956983	-477.0
1599841739956993	-0.001953125
1599841739957575	-98.0
1599841739957637	-9.0
1599841739957647	-0.001953125
1599841739957656	0.001953125
1599841739957656	113.0185546875
1599841739957873	-113.0185546875
1599841739957874	98.0
1599841739957874	113.0185546875
1599841739957874	15.6591796875
1599841739957874	477.0
1599841739966587	-113.0185546875
1599841739966587	-15.6591796875
1599841739966587	-477.0
1599841739966590	15.6591796875
1599841739966590	9.0
1599841739966590	477.0
1599841739975407	-98.0
1599841739975407	-9.0
1599841739975407	-477.0
1599841739975468	-9.00048828125
1599841739975477	-0.001953125
1599841739976064	-98.0
1599841739976127	-9.0
1599841739976136	-0.001953125
1599841739976145	0.002197265625
1599841739976145	98.0
1599841739976360	-98.0
1599841739976362	49.0
1599841739976362	4.5
1599841739976362	49.0
1599841739976362	348.75
1599841739981117	-4.5
1599841739981117	-49.0
1599841739981117	-348.75
1599841739981120	4.5
1599841739981120	4.500244140625
1599841739981120	348.75
1599841739985847	-98.0
1599841739985847	-4.500244140625
1599841739985847	-348.75
1599841739985906	-15.6591796875
1599841739985914	-0.001953125
1599841739985917	269.018798828125
1599841739987827	-49.0
1599841739987827	-49.0
1599841739987863	-4.5
1599841739987871	-0.002197265625
1599841739989038	-196.0
1599841739989074	-4.5
1599841739989084	0.0009765625
1599841739989084	196.0
1599841739989084	0.000244140625
1599841739989084	0.001953125
1599841739989464	-196.0
1599841739989464	-0.000244140625
1599841739989464	-0.001953125
1599841739989467	196.0
1599841739989467	3.0
1599841739989467	196.0
1599841739989467	544.046875
1599841739999454	-3.0
1599841739999454	-196.0
1599841739999454	-544.046875
1599841739999459	3.0
1599841739999459	2.25
1599841739999459	891.0
1599841740010018	-269.018798828125
1599841740010018	-2.25
1599841740010018	-891.0
1599841740010028	-0.0009765625
1599841740011202	-196.0
1599841740011226	-2.25
1599841740011235	-0.0009765625
1599841740011237	2.25048828125
1599841740011237	2.25
1599841740011237	891.0
1599841740021794	-2.25
1599841740021794	-891.0
1599841740021799	0.0009765625
1599841740021799	196.0
1599841740021799	0.000244140625
1599841740021799	0.001953125
1599841740022180	-196.0
1599841740022180	-0.000244140625
1599841740022180	-0.001953125
1599841740022184	196.0
1599841740022184	2.25
1599841740022184	196.0
1599841740022184	544.046875
1599841740032128	-196.0
1599841740032128	-2.25
1599841740032128	-196.0
1599841740032128	-544.046875
1599841740032158	-3.0
1599841740032181	-2.25
1599841740032190	-0.0009765625
1599841740033365	-196.0
1599841740033388	-2.25048828125
1599841740033398	-0.0009765625
1599841740033408	0.0009765625
1599841740033408	269.018798828125
1599841740033408	0.000244140625
1599841740033408	0.001953125
1599841740033786	-269.018798828125
1599841740033786	-0.000244140625
1599841740033786	-0.001953125
1599841740033788	171.018798828125
1599841740033788	98.0
1599841740033788	2.000244140625
1599841740033788	340.046875
1599841740039361	-98.0
1599841740039361	-2.000244140625
1599841740039361	-340.046875
1599841740039365	2.000244140625
1599841740039365	1.125
1599841740039365	666.0
1599841740046531	-196.0
1599841740046531	-1.125
1599841740046531	-666.0
1599841740046541	-0.0009765625
1599841740046544	392.0
1599841740049477	-171.018798828125
1599841740049477	-98.0
1599841740049493	-1.125
1599841740049501	-0.0009765625
1599841740051894	-392.0
1599841740051914	-2.000244140625
1599841740051920	0.00048828125
1599841740051920	465.018798828125
1599841740051920	0.000244140625
1599841740051920	0.0009765625
1599841740052642	-465.018798828125
1599841740052642	-0.000244140625
1599841740052642	-0.0009765625
1599841740052645	490.0
1599841740052645	465.018798828125
1599841740052645	0.5625
1599841740052645	1766.25
1599841740065845	-465.018798828125
1599841740065845	-0.5625
1599841740065845	-1766.25
1599841740065846	0.5625
1599841740065846	0.5625
1599841740065846	1766.25
1599841740082501	-392.0
1599841740082501	-0.5625
1599841740082501	-1766.25
1599841740082510	-0.00048828125
1599841740084906	-392.0
1599841740084920	-0.5625
1599841740084931	-0.00048828125
1599841740084938	0.00048828125
1599841740084938	392.0
1599841740084938	0.000244140625
1599841740084938	0.0009765625
1599841740085657	-392.0
1599841740085657	-0.000244140625
1599841740085657	-0.0009765625
1599841740085660	196.0
1599841740085660	0.28125
1599841740085660	196.0
1599841740085660	136.046875
1599841740093727	-0.28125
1599841740093727	-196.0
1599841740093727	-136.046875
1599841740093731	0.28125
1599841740093731	0.28125
1599841740093731	1324.125
1599841740108849	-490.0
1599841740108849	-0.28125
1599841740108849	-1324.125
1599841740108857	-0.5625
1599841740108863	-0.00048828125
1599841740108865	784.0
1599841740114654	-196.0
1599841740114654	-196.0
1599841740114662	-0.28125
1599841740114668	-0.00048828125
1599841740119618	-784.0
1599841740119626	-0.28125
1599841740119631	0.000244140625
1599841740119631	784.0
1599841740119631	0.000244140625
1599841740119631	0.00048828125
1599841740121015	-784.0
1599841740121015	-0.000244140625
1599841740121015	-0.00048828125
1599841740121017	784.0
1599841740121017	0.140625
1599841740121017	784.0
1599841740121017	0.390869140625
1599841740140664	-0.140625
1599841740140664	-784.0
1599841740140664	-0.390869140625
1599841740140666	0.140625
1599841740140666	0.140625
1599841740140666	0.014892578125
1599841740175520	-784.0
1599841740175520	-0.140625
1599841740175520	-0.014892578125
1599841740175525	-0.000244140625
1599841740180517	-784.0
1599841740180525	-0.140625
1599841740180530	-0.000244140625
1599841740180537	0.000244140625
1599841740180537	784.0
1599841740180537	0.000244140625
1599841740180537	0.00048828125
1599841740181920	-784.0
1599841740181920	-0.000244140625
1599841740181920	-0.00048828125
1599841740181926	0.006591796875
1599841740181926	0.006591796875
1599841740188483	-784.0
1599841740188483	-36.75
1599841740188483	-0.006591796875
1599841740188490	-0.140625
1599841740188496	-0.000244140625
1599841740188502	-0.006591796875
1599841740188507	-0.000244140625
1599841740188513	-0.006591796875
