0.0087890625
0.0087890625
0.0087890625
0.0087890625
0.0087890625
0.0087890625
0.000244140625
0.0087890625
0.0087890625
0.0087890625
0.0087890625
0.000244140625
0.0087890625
0.000244140625
0.0087890625
0.2939453125
0.640869140625
1324.40625
1766.8125
341.171875
546.296875
546.296875
353.25
486.0
486.0
189.0
189.0
189.0
0.000244140625
39.51611328125
697.156982421875
189.0
24.5
690.500244140625
189.0
24.5
690.50048828125
195.656982421875
98.0
584.00048828125
486.00048828125
113.0185546875
590.6591796875
486.0
98.0
402.25
353.250244140625
196.002197265625
743.046875
893.25
893.25
196.002197265625
742.296875
269.02099609375
513.06591796875
667.125
465.02001953125
2256.8125
1766.8125
392.001220703125
332.328125
1324.40625
784.000732421875
784.531494140625
0.155517578125
784.000732421875
0.006591796875
