append_apply_gradient_ops/GradientDescent/update_v/cg/affine0/weights/ApplyGradientDescent	1601111571272017	2292
tower_0/v/xentropy/sparse_softmax_cross_entropy_loss/xentropy/xentropy	1601111571264538	135
v/cg/conv1/biases	-1	-1
ConstantFolding/tower_0/v/gradients/tower_0/v/cg/conv1/conv2d/Conv2D_grad/ShapeN-matshapes-1	-1	-1
tower_0/v/gradients/tower_0/v/l2_loss/L2Loss_5_grad/mul	1601111571158790	18
tower_0/v/gradients/tower_0/v/l2_loss/L2Loss_18_grad/mul	1601111571161930	36
v/cg/conv6/biases/read	-1	-1
v/cg/affine1/weights/read	-1	-1
tower_0/v/gradients/AddN_24	1601111571390929	4
v/cg/affine0/biases/read	-1	-1
tower_0/v/gradients/tower_0/v/cg/conv9/Relu_grad/ReluGrad	1601111571288954	378
average_loss/Mean/input	-1	-1
tower_0/v/gradients/tower_0/v/cg/conv12/conv2d/Conv2D_grad/Conv2DBackpropInput	1601111571274464	2287
tower_0/v/l2_loss/L2Loss_25	1601111571161385	16
append_apply_gradient_ops/GradientDescent/update_v/cg/conv4/biases/ApplyGradientDescent	1601111571368177	5
v/cg/conv10/conv2d/kernel/read	-1	-1
tower_0/v/gradients/tower_0/v/cg/conv3/BiasAdd_grad/BiasAddGrad	1601111571369752	473
v/cg/conv10/conv2d/kernel	-1	-1
tower_0/v/cg/mpool1/MaxPool	1601111571211237	779
v/cg/conv5/biases	-1	-1
append_apply_gradient_ops/GradientDescent/update_v/cg/conv1/biases/ApplyGradientDescent	1601111571455058	7
tower_0/v/cg/conv4/Relu	1601111571217234	526
tower_0/v/gradients/AddN_21	1601111571356988	17
tower_0/v/gradients/tower_0/v/cg/mpool3/MaxPool_grad/MaxPoolGrad	1601111571288495	393
ConstantFolding/tower_0/v/gradients/tower_0/v/cg/conv10/conv2d/Conv2D_grad/ShapeN-matshapes-0	-1	-1
ConstantFolding/tower_0/v/gradients/tower_0/v/cg/conv1/conv2d/Conv2D_grad/ShapeN-matshapes-0	-1	-1
tower_0/v/gradients/tower_0/v/cg/affine2/xw_plus_b/MatMul_grad/MatMul_1	1601111571264831	79
append_apply_gradient_ops/GradientDescent/update_v/cg/affine1/weights/ApplyGradientDescent	1601111571266115	371
tower_0/v/l2_loss/L2Loss_20	1601111571158313	59
tower_0/v/gradients/AddN_17	1601111571324265	30
v/cg/conv5/conv2d/kernel	-1	-1
tower_0/v/gradients/tower_0/v/cg/conv12/Relu_grad/ReluGrad	1601111571274311	96
tower_0/v/gradients/tower_0/v/cg/conv6/Relu_grad/ReluGrad	1601111571324303	762
tower_0/v/gradients/tower_0/v/l2_loss/L2Loss_2_grad/mul	1601111571159104	17
tower_0/v/gradients/AddN_1	1601111571264933	93
tower_0/v/cg/conv5/conv2d/Conv2D	1601111571217768	7655
tower_0/v/gradients/tower_0/v/l2_loss/L2Loss_25_grad/mul	1601111571161431	16
append_apply_gradient_ops/GradientDescent/update_v/cg/conv1/conv2d/kernel/ApplyGradientDescent	1601111571460363	6
tower_0/v/gradients/AddN_9	1601111571283832	56
tower_0/v/xentropy/sparse_softmax_cross_entropy_loss/Sum	1601111571264684	5
tower_0/v/gradients/tower_0/v/cg/conv5/conv2d/Conv2D_grad/Conv2DBackpropFilter	1601111571341451	7733
tower_0/v/l2_loss/L2Loss_10	1601111571159517	41
v/cg/affine2/biases	-1	-1
tower_0/v/gradients/AddN	1601111571264918	5
tower_0/v/gradients/tower_0/v/l2_loss/L2Loss_22_grad/mul	1601111571159891	45
tower_0/v/l2_loss/L2Loss_29	1601111571161967	11
tower_0/v/gradients/tower_0/v/cg/conv4/conv2d/Conv2D_grad/Conv2DBackpropFilter	1601111571362386	3900
tower_0/v/gradients/tower_0/v/l2_loss/L2Loss_20_grad/mul	1601111571158419	51
tower_0/v/cg/conv11/Relu	1601111571259750	68
tower_0/v/gradients/tower_0/v/l2_loss/L2Loss_13_grad/mul	1601111571159446	17
tower_0/v/cg/dropout0/dropout/dropout/Cast	1601111571168853	6
v/cg/conv1/biases/read	-1	-1
average_loss/Mean/_74	1601111571266104	6
tower_0/v/l2_loss/L2Loss_21	1601111571161985	4
tower_0/v/gradients/tower_0/v/l2_loss/L2Loss_31_grad/mul	1601111571160969	27
tower_0/v/cg/conv4/BiasAdd	1601111571216550	682
tower_0/v/cg/conv0/Relu	1601111571168874	2115
tower_0/v/gradients/AddN_14	1601111571315528	4
append_apply_gradient_ops/GradientDescent/update_v/cg/conv11/biases/ApplyGradientDescent	1601111571283889	5
_SOURCE	-1	-1
ConstantFolding/tower_0/v/gradients/tower_0/v/cg/conv6/conv2d/Conv2D_grad/ShapeN-matshapes-0	-1	-1
tower_0/v/cg/conv12/conv2d/Conv2D	1601111571259819	2279
tower_0/v/gradients/tower_0/v/cg/conv6/conv2d/Conv2D_grad/Conv2DBackpropInput	1601111571325358	7558
tower_0/v/gradients/tower_0/v/cg/conv5/conv2d/Conv2D_grad/Conv2DBackpropInput	1601111571349446	7522
tower_0/v/gradients/tower_0/v/cg/conv11/BiasAdd_grad/BiasAddGrad	1601111571279146	52
tower_0/v/cg/dropout0_1/dropout/dropout/random_uniform/RandomUniform	1601111571157940	34
tower_0/v/gradients/tower_0/v/cg/conv3/conv2d/Conv2D_grad/Conv2DBackpropFilter	1601111571380031	10897
ConstantFolding/tower_0/v/gradients/tower_0/v/cg/conv4/conv2d/Conv2D_grad/ShapeN-matshapes-1	-1	-1
tower_0/v/gradients/tower_0/v/cg/conv4/BiasAdd_grad/BiasAddGrad	1601111571357803	255
v/cg/conv9/conv2d/kernel/read	-1	-1
tower_0/v/gradients/AddN_8	1601111571283729	4
v/cg/conv8/conv2d/kernel	-1	-1
tower_0/v/cg/dropout0_1/dropout/dropout/Cast	1601111571168861	5
tower_0/v/cg/conv7/conv2d/Conv2D	1601111571235849	3700
tower_0/v/cg/conv2/BiasAdd	1601111571196496	1365
append_apply_gradient_ops/GradientDescent/update_v/cg/conv4/conv2d/kernel/ApplyGradientDescent	1601111571369735	13
tower_0/v/gradients/tower_0/v/cg/conv7/conv2d/Conv2D_grad/Conv2DBackpropFilter	1601111571319777	3162
tower_0/v/cg/conv3/Relu	1601111571210185	1050
tower_0/v/gradients/tower_0/v/l2_loss/L2Loss_1_grad/mul	1601111571160491	22
tower_0/v/cg/affine2/xw_plus_b	1601111571264532	5
v/cg/conv11/conv2d/kernel/read	-1	-1
v/cg/conv3/conv2d/kernel	-1	-1
v/cg/conv7/conv2d/kernel	-1	-1
tower_0/v/l2_loss/L2Loss_17	1601111571161291	28
ConstantFolding/tower_0/v/gradients/tower_0/v/cg/conv2/conv2d/Conv2D_grad/ShapeN-matshapes-1	-1	-1
tower_0/v/gradients/AddN_12	1601111571302322	4
v/cg/conv4/biases	-1	-1
append_apply_gradient_ops/GradientDescent	-1	-1
tower_0/v/cg/conv12/BiasAdd	1601111571262100	91
tower_0/v/cg/conv9/conv2d/Conv2D	1601111571247445	6665
ConstantFolding/tower_0/v/gradients/tower_0/v/cg/conv9/conv2d/Conv2D_grad/ShapeN-matshapes-1	-1	-1
v/cg/conv5/conv2d/kernel/read	-1	-1
tower_0/v/gradients/tower_0/v/cg/conv9/BiasAdd_grad/BiasAddGrad	1601111571289397	146
tower_0/v/cg/conv1/Relu	1601111571186642	2114
append_apply_gradient_ops/GradientDescent/update_v/cg/conv5/biases/ApplyGradientDescent	1601111571357792	4
tower_0/v/gradients/tower_0/v/cg/affine0/xw_plus_b_grad/BiasAddGrad	1601111571266506	11
tower_0/v/gradients/tower_0/v/cg/conv0/Relu_grad/ReluGrad	1601111571451859	3190
ConstantFolding/tower_0/v/gradients/tower_0/v/cg/conv12/conv2d/Conv2D_grad/ShapeN-matshapes-0	-1	-1
append_apply_gradient_ops/GradientDescent/update_v/cg/affine2/weights/ApplyGradientDescent	1601111571265050	93
v/cg/conv6/biases	-1	-1
v/cg/conv6/conv2d/kernel	-1	-1
tower_0/v/cg/dropout0/dropout/dropout/Shape	-1	-1
v/cg/conv0/biases	-1	-1
tower_0/v/gradients/tower_0/v/cg/conv4/conv2d/Conv2D_grad/Conv2DBackpropInput	1601111571358059	4325
tower_0/v/gradients/tower_0/v/cg/mpool0/MaxPool_grad/MaxPoolGrad	1601111571408524	3771
tower_0/v/gradients/tower_0/v/cg/conv10/conv2d/Conv2D_grad/Conv2DBackpropInput	1601111571283953	2269
tower_0/v/gradients/tower_0/v/l2_loss/L2Loss_28_grad/mul	1601111571161639	254
tower_0/v/gpu_cached_inputs/read	-1	-1
append_apply_gradient_ops/GradientDescent/update_v/cg/conv2/conv2d/kernel/ApplyGradientDescent	1601111571415502	7
tower_0/v/gradients/tower_0/v/cg/conv12/BiasAdd_grad/BiasAddGrad	1601111571274409	54
tower_0/v/cg/dropout0/dropout/dropout/mul_1	1601111571264041	6
tower_0/v/cg/affine2/xw_plus_b/MatMul	1601111571264354	176
tower_0/v/gradients/tower_0/v/cg/affine0/affine0_grad/ReluGrad	1601111571266488	8
tower_0/v/cg/conv8/Relu	1601111571247183	260
tower_0/v/l2_loss/L2Loss_11	1601111571158930	22
ConstantFolding/tower_0/v/gradients/tower_0/v/cg/conv12/conv2d/Conv2D_grad/ShapeN-matshapes-1	-1	-1
v/cg/conv2/conv2d/kernel/read	-1	-1
tower_0/v/gradients/tower_0/v/cg/conv9/conv2d/Conv2D_grad/Conv2DBackpropFilter	1601111571296182	6138
v/cg/conv7/biases	-1	-1
tower_0/v/gradients/tower_0/v/cg/conv1/conv2d/Conv2D_grad/Conv2DBackpropFilter	1601111571429330	22522
ConstantFolding/tower_0/v/gradients/tower_0/v/cg/conv2/conv2d/Conv2D_grad/ShapeN-matshapes-0	-1	-1
tower_0/v/gradients/AddN_26	1601111571408518	4
v/cg/conv8/biases/read	-1	-1
v/cg/conv11/conv2d/kernel	-1	-1
v/cg/conv12/biases/read	-1	-1
tower_0/v/gradients/tower_0/v/cg/dropout0/dropout/dropout/mul_1_grad/Mul	1601111571265717	6
tower_0/v/cg/conv8/conv2d/Conv2D	1601111571240161	6674
tower_0/v/l2_loss/L2Loss_4	1601111571161024	37
append_apply_gradient_ops/GradientDescent/update_v/cg/conv5/conv2d/kernel/ApplyGradientDescent	1601111571357774	17
v/cg/conv5/biases/read	-1	-1
tower_0/v/l2_loss/L2Loss_23	1601111571160334	17
tower_0/v/mul/x	-1	-1
tower_0/v/gradients/AddN_5	1601111571269543	2301
tower_0/v/vgg16_synthetic_labels/min	-1	-1
append_apply_gradient_ops/GradientDescent/update_v/cg/conv7/conv2d/kernel/ApplyGradientDescent	1601111571325067	31
tower_0/v/gradients/tower_0/v/cg/conv6/conv2d/Conv2D_grad/Conv2DBackpropFilter	1601111571332918	7739
v/cg/affine2/weights	-1	-1
ConstantFolding/tower_0/v/gradients/tower_0/v/cg/conv8/conv2d/Conv2D_grad/ShapeN-matshapes-1	-1	-1
append_apply_gradient_ops/GradientDescent/update_v/cg/conv9/conv2d/kernel/ApplyGradientDescent	1601111571315473	53
tower_0/v/gradients/AddN_13	1601111571302705	56
tower_0/v/gradients/tower_0/v/cg/conv2/conv2d/Conv2D_grad/Conv2DBackpropInput	1601111571392980	5628
v/cg/conv0/conv2d/kernel/read	-1	-1
tower_0/v/l2_loss/L2Loss_22	1601111571159816	45
tower_0/v/cg/affine1/xw_plus_b/MatMul	1601111571264049	282
tower_0/v/cg/Reshape	-1	-1
tower_0/v/l2_loss/L2Loss_30	1601111571158601	64
tower_0/v/gradients/tower_0/v/cg/conv2/conv2d/Conv2D_grad/Conv2DBackpropFilter	1601111571398610	9898
tower_0/v/gradients/tower_0/v/cg/conv8/Relu_grad/ReluGrad	1601111571302328	375
tower_0/v/cg/dropout0/dropout/dropout/truediv	-1	-1
tower_0/v/gradients/tower_0/v/cg/affine1/xw_plus_b/MatMul_grad/MatMul_1	1601111571265470	239
tower_0/v/gradients/tower_0/v/cg/conv0/conv2d/Conv2D_grad/Conv2DBackpropFilter	1601111571456005	4357
v/cg/conv7/biases/read	-1	-1
tower_0/v/cg/dropout0/dropout/dropout/GreaterEqual	1601111571166073	7
tower_0/v/cg/mpool3/MaxPool	1601111571254723	209
tower_0/v/gradients/AddN_28	1601111571451854	4
tower_0/v/l2_loss/L2Loss_26	1601111571162053	732
tower_0/v/gradients/tower_0/v/cg/conv11/Relu_grad/ReluGrad	1601111571278986	94
tower_0/v/cg/conv5/BiasAdd	1601111571225427	680
append_apply_gradient_ops/GradientDescent/update_v/cg/conv10/conv2d/kernel/ApplyGradientDescent	1601111571289333	56
append_apply_gradient_ops/GradientDescent/update_v/cg/conv0/conv2d/kernel/ApplyGradientDescent	1601111571460387	5
tower_0/v/l2_loss/L2Loss_13	1601111571159397	21
tower_0/v/gradients/tower_0/v/cg/conv3/Relu_grad/ReluGrad	1601111571368183	1550
tower_0/v/l2_loss/L2Loss_8	1601111571161168	38
tower_0/v/cg/dropout0/dropout/dropout/rate	-1	-1
v/cg/conv10/biases/read	-1	-1
v/cg/conv0/biases/read	-1	-1
tower_0/v/gradients/tower_0/v/xentropy/sparse_softmax_cross_entropy_loss/xentropy/xentropy_grad/mul	1601111571264674	8
append_apply_gradient_ops/GradientDescent/update_v/cg/conv9/biases/ApplyGradientDescent	1601111571302762	5
tower_0/v/gradients/tower_0/v/cg/affine1/xw_plus_b_grad/BiasAddGrad	1601111571265161	13
tower_0/v/gradients/tower_0/v/cg/mpool4/MaxPool_grad/MaxPoolGrad	1601111571271853	162
tower_0/v/gradients/tower_0/v/cg/conv1/conv2d/Conv2D_grad/Conv2DBackpropInput	1601111571416434	12895
tower_0/v/gradients/AddN_22	1601111571366287	4
tower_0/v/gradients/AddN_19	1601111571341427	17
tower_0/v/gradients/tower_0/v/l2_loss/L2Loss_7_grad/mul	1601111571160585	17
tower_0/v/cg/affine1/xw_plus_b	1601111571264333	6
tower_0/v/gradients/tower_0/v/cg/Reshape_grad/Reshape	-1	-1
v/cg/conv2/biases/read	-1	-1
append_apply_gradient_ops/GradientDescent/update_v/cg/conv12/biases/ApplyGradientDescent	1601111571279138	4
tower_0/v/gradients/tower_0/v/l2_loss/L2Loss_30_grad/mul	1601111571158678	72
tower_0/v/l2_loss/L2Loss_5	1601111571158752	5
v/cg/conv2/biases	-1	-1
main_fetch_group/_70	-1	-1
tower_0/v/cg/conv12/Relu	1601111571262192	68
v/cg/conv3/conv2d/kernel/read	-1	-1
tower_0/v/gradients/tower_0/v/cg/conv4/Relu_grad/ReluGrad	1601111571357012	761
tower_0/v/cg/dropout0/dropout/dropout/random_uniform/RandomUniform	1601111571157838	56
tower_0/v/gradients/tower_0/v/l2_loss/L2Loss_15_grad/mul	1601111571160286	17
v/cg/conv4/biases/read	-1	-1
ConstantFolding/tower_0/v/gradients/tower_0/v/cg/conv0/conv2d/Conv2D_grad/ShapeN-matshapes-1	-1	-1
tower_0/v/gradients/tower_0/v/cg/conv5/Relu_grad/ReluGrad	1601111571340664	761
v/cg/conv8/biases	-1	-1
tower_0/v/cg/mpool0/MaxPool	1601111571188757	1486
tower_0/v/gradients/tower_0/v/l2_loss/L2Loss_14_grad/mul	1601111571159739	36
v/cg/conv12/conv2d/kernel/read	-1	-1
tower_0/v/gradients/tower_0/v/cg/affine1/xw_plus_b/MatMul_grad/MatMul	1601111571265176	293
append_apply_gradient_ops/GradientDescent/update_v/cg/affine2/biases/ApplyGradientDescent	1601111571265034	5
tower_0/v/gradients/tower_0/v/cg/conv11/conv2d/Conv2D_grad/Conv2DBackpropFilter	1601111571281462	2210
tower_0/v/cg/dropout0/dropout/dropout/mul	1601111571170990	6
tower_0/v/gradients/AddN_11	1601111571288890	56
v/cg/affine2/biases/read	-1	-1
v/cg/affine1/biases/read	-1	-1
tower_0/v/gradients/tower_0/v/l2_loss/L2Loss_27_grad/mul	1601111571158537	18
v/cg/conv12/biases	-1	-1
tower_0/v/l2_loss/L2Loss_16	1601111571160645	46
ConstantFolding/average_loss/Mean/input_const_axis	-1	-1
v/cg/affine0/biases	-1	-1
tower_0/v/mul	1601111571168868	4
ConstantFolding/tower_0/v/gradients/tower_0/v/cg/conv9/conv2d/Conv2D_grad/ShapeN-matshapes-0	-1	-1
tower_0/v/cg/conv5/Relu	1601111571226109	524
tower_0/v/cg/conv7/Relu	1601111571239895	264
tower_0/v/gradients/tower_0/v/l2_loss/L2Loss_16_grad/mul	1601111571160720	45
v/cg/conv10/biases	-1	-1
tower_0/v/gradients/tower_0/v/cg/conv10/BiasAdd_grad/BiasAddGrad	1601111571283899	52
tower_0/v/cg/conv6/conv2d/Conv2D	1601111571226634	7615
learning_rate_tensor/input	-1	-1
tower_0/v/cg/conv8/BiasAdd	1601111571246836	345
tower_0/v/cg/dropout0_1/dropout/dropout/GreaterEqual	1601111571166082	6
v/cg/conv11/biases	-1	-1
v/cg/conv1/conv2d/kernel	-1	-1
tower_0/v/cg/affine0/xw_plus_b/MatMul	1601111571262324	1700
tower_0/v/gradients/tower_0/v/cg/dropout0_1/dropout/dropout/mul_1_grad/Mul	1601111571264925	6
tower_0/v/gradients/AddN_18	1601111571340658	4
tower_0/v/gradients/tower_0/v/cg/conv1/BiasAdd_grad/BiasAddGrad	1601111571415511	921
tower_0/v/cg/Reshape/shape	-1	-1
tower_0/v/cg/conv10/conv2d/Conv2D	1601111571254933	2276
main_fetch_group	-1	-1
tower_0/v/cg/conv1/BiasAdd	1601111571183903	2737
tower_0/v/xentropy/sparse_softmax_cross_entropy_loss/Mul	-1	-1
tower_0/v/gradients/tower_0/v/cg/conv10/Relu_grad/ReluGrad	1601111571283735	96
append_apply_gradient_ops/GradientDescent/update_v/cg/conv8/conv2d/kernel/ApplyGradientDescent	1601111571322941	54
tower_0/v/l2_loss/L2Loss_28	1601111571161491	147
ConstantFolding/tower_0/v/gradients/tower_0/v/cg/conv4/conv2d/Conv2D_grad/ShapeN-matshapes-0	-1	-1
tower_0/v/gradients/tower_0/v/cg/conv8/conv2d/Conv2D_grad/Conv2DBackpropInput	1601111571302921	6620
tower_0/v/cg/dropout0_1/dropout/dropout/mul	1601111571170998	6
tower_0/v/l2_loss/L2Loss	1601111571160223	7
tower_0/v/gradients/tower_0/v/l2_loss/L2Loss_12_grad/mul	1601111571159253	24
v/cg/conv9/conv2d/kernel	-1	-1
tower_0/v/cg/conv11/conv2d/Conv2D	1601111571257373	2283
tower_0/v/gradients/tower_0/v/cg/affine2/xw_plus_b/MatMul_grad/MatMul	1601111571264714	105
tower_0/v/gradients/tower_0/v/cg/conv6/BiasAdd_grad/BiasAddGrad	1601111571325100	256
tower_0/v/cg/conv3/BiasAdd	1601111571208822	1362
v/cg/conv9/biases	-1	-1
tower_0/v/gradients/tower_0/v/cg/conv12/conv2d/Conv2D_grad/Conv2DBackpropFilter	1601111571276752	2227
tower_0/v/gradients/tower_0/v/cg/conv3/conv2d/Conv2D_grad/Conv2DBackpropInput	1601111571370226	9804
v/cg/conv6/conv2d/kernel/read	-1	-1
tower_0/v/cg/affine0/xw_plus_b	1601111571264026	7
v/cg/conv3/biases	-1	-1
tower_0/v/gradients/tower_0/v/cg/dropout0_1/dropout/dropout/mul_grad/Mul	1601111571265040	8
tower_0/v/cg/dropout0_1/dropout/dropout/random_uniform/mul	-1	-1
average_loss/Mean	-1	-1
tower_0/v/l2_loss/L2Loss_27	1601111571158483	26
gpu_compute_stage_ops_group	-1	-1
ConstantFolding/tower_0/v/gradients/tower_0/v/cg/conv11/conv2d/Conv2D_grad/ShapeN-matshapes-1	-1	-1
append_apply_gradient_ops/GradientDescent/update_v/cg/conv7/biases/ApplyGradientDescent	1601111571324297	5
tower_0/v/gradients/AddN_4	1601111571269537	5
tower_0/v/l2_loss/L2Loss_18	1601111571161896	32
ConstantFolding/tower_0/v/gradients/tower_0/v/cg/conv6/conv2d/Conv2D_grad/ShapeN-matshapes-1	-1	-1
tower_0/v/gradients/tower_0/v/cg/conv7/BiasAdd_grad/BiasAddGrad	1601111571315983	146
tower_0/v/gradients/tower_0/v/l2_loss/L2Loss_19_grad/mul	1601111571162003	6
tower_0/v/gradients/tower_0/v/cg/mpool1/MaxPool_grad/MaxPoolGrad	1601111571366293	1869
tower_0/v/cg/conv0/conv2d/Conv2D	1601111571164385	1686
tower_0/v/transpose	1601111571159960	261
v/cg/conv3/biases/read	-1	-1
tower_0/v/cg/mpool4/MaxPool	1601111571262262	61
tower_0/v/gradients/tower_0/v/l2_loss/L2Loss_29_grad/mul	1601111571161979	4
tower_0/v/cg/conv9/BiasAdd	1601111571254112	345
v/cg/conv4/conv2d/kernel/read	-1	-1
tower_0/v/l2_loss/L2Loss_19	1601111571161996	4
tower_0/v/add	1601111571265028	5
tower_0/v/gradients/tower_0/v/l2_loss/L2Loss_4_grad/mul	1601111571161096	17
tower_0/v/gradients/AddN_30	1601111571460371	4
ConstantFolding/tower_0/v/gradients/tower_0/v/cg/conv11/conv2d/Conv2D_grad/ShapeN-matshapes-0	-1	-1
tower_0/v/gradients/AddN_25	1601111571392478	8
tower_0/v/cg/conv2/Relu	1601111571197862	1047
v/cg/conv7/conv2d/kernel/read	-1	-1
tower_0/v/gradients/tower_0/v/cg/conv0/BiasAdd_grad/BiasAddGrad	1601111571455074	923
tower_0/v/xentropy/sparse_softmax_cross_entropy_loss/value	1601111571264912	5
tower_0/v/gradients/tower_0/v/l2_loss/L2Loss_9_grad/mul	1601111571158885	17
tower_0/v/gradients/AddN_6	1601111571278980	4
tower_0/v/l2_loss/L2Loss_6	1601111571160237	18
tower_0/v/gradients/AddN_15	1601111571315915	56
tower_0/v/gradients/tower_0/v/cg/conv10/conv2d/Conv2D_grad/Conv2DBackpropFilter	1601111571286224	2208
tower_0/v/l2_loss/L2Loss_24	1601111571160796	43
tower_0/v/cg/conv7/BiasAdd	1601111571239551	343
tower_0/v/gradients/tower_0/v/l2_loss/L2Loss_24_grad/mul	1601111571160873	46
tower_0/v/gradients/tower_0/v/cg/affine1/affine1_grad/ReluGrad	1601111571265145	9
tower_0/v/gradients/tower_0/v/l2_loss/L2Loss_21_grad/mul	1601111571161991	4
tower_0/v/cg/conv3/conv2d/Conv2D	1601111571198910	9910
tower_0/v/gradients/AddN_29	1601111571455051	5
tower_0/v/gradients/tower_0/v/l2_loss/L2Loss_26_grad/mul	1601111571162787	1596
v/cg/affine0/weights/read	-1	-1
tower_0/v/vgg16_synthetic_labels/max	-1	-1
tower_0/v/gradients/AddN_2	1601111571265710	5
v/cg/affine2/weights/read	-1	-1
tower_0/v/gradients/tower_0/v/cg/conv5/BiasAdd_grad/BiasAddGrad	1601111571349191	253
tower_0/v/gradients/tower_0/v/cg/conv7/Relu_grad/ReluGrad	1601111571315534	379
tower_0/v/transpose/perm	-1	-1
tower_0/v/l2_loss/L2Loss_15	1601111571160262	4
tower_0/v/cg/conv4/conv2d/Conv2D	1601111571212017	4532
tower_0/v/gradients/tower_0/v/cg/conv1/Relu_grad/ReluGrad	1601111571412311	3187
tower_0/v/gradients/tower_0/v/xentropy/sparse_softmax_cross_entropy_loss/xentropy/xentropy_grad/ExpandDims	-1	-1
tower_0/v/gradients/tower_0/v/cg/dropout0/dropout/dropout/mul_grad/Mul	1601111571266106	8
tower_0/v/l2_loss/L2Loss_9	1601111571158836	18
ConstantFolding/tower_0/v/gradients/tower_0/v/cg/conv5/conv2d/Conv2D_grad/ShapeN-matshapes-0	-1	-1
tower_0/v/cg/conv0/BiasAdd	1601111571166114	2738
tower_0/v/gradients/tower_0/v/cg/conv11/conv2d/Conv2D_grad/Conv2DBackpropInput	1601111571279200	2261
append_apply_gradient_ops/GradientDescent/update_v/cg/conv12/conv2d/kernel/ApplyGradientDescent	1601111571283674	53
tower_0/v/gradients/tower_0/v/l2_loss/L2Loss_17_grad/mul	1601111571161345	17
tower_0/v/gradients/AddN_10	1601111571288489	4
tower_0/v/l2_loss/L2Loss_14	1601111571159665	45
ConstantFolding/tower_0/v/gradients/tower_0/v/cg/conv5/conv2d/Conv2D_grad/ShapeN-matshapes-1	-1	-1
tower_0/v/cg/conv6/Relu	1601111571234933	523
tower_0/v/gradients/tower_0/v/cg/affine2/xw_plus_b_grad/BiasAddGrad	1601111571264699	13
tower_0/v/gradients/AddN_27	1601111571412297	6
tower_0/v/gradients/tower_0/v/cg/affine0/xw_plus_b/MatMul_grad/MatMul	1601111571266520	1622
v/cg/conv9/biases/read	-1	-1
tower_0/v/vgg16_synthetic_labels/shape	-1	-1
append_apply_gradient_ops/GradientDescent/update_v/cg/conv2/biases/ApplyGradientDescent	1601111571412305	4
tower_0/v/cg/affine1/affine1	1601111571264340	5
tower_0/v/gradients/AddN_20	1601111571357006	4
tower_0/v/gradients/tower_0/v/l2_loss/L2Loss_3_grad/mul	1601111571159357	17
tower_0/v/cg/mpool2/MaxPool	1601111571235457	390
tower_0/v/gradients/tower_0/v/cg/conv9/conv2d/Conv2D_grad/Conv2DBackpropInput	1601111571289545	6635
tower_0/v/gradients/AddN_16	1601111571322996	4
v/cg/conv4/conv2d/kernel	-1	-1
ConstantFolding/tower_0/v/gradients/tower_0/v/cg/conv7/conv2d/Conv2D_grad/ShapeN-matshapes-1	-1	-1
tower_0/v/cg/affine0/affine0	1601111571264034	5
tower_0/v/cg/conv6/BiasAdd	1601111571234251	681
average_loss/range	-1	-1
tower_0/v/cg/conv2/conv2d/Conv2D	1601111571190245	6250
ConstantFolding/tower_0/v/gradients/tower_0/v/cg/conv8/conv2d/Conv2D_grad/ShapeN-matshapes-0	-1	-1
tower_0/v/gradients/tower_0/v/cg/conv8/conv2d/Conv2D_grad/Conv2DBackpropFilter	1601111571309542	5930
tower_0/v/gradients/AddN_23	1601111571368165	10
tower_0/v/cg/conv10/BiasAdd	1601111571257211	91
append_apply_gradient_ops/GradientDescent/update_v/cg/conv8/biases/ApplyGradientDescent	1601111571315972	5
tower_0/v/gradients/tower_0/v/cg/conv8/BiasAdd_grad/BiasAddGrad	1601111571302773	146
tower_0/v/cg/conv9/Relu	1601111571254458	263
append_apply_gradient_ops/GradientDescent/update_v/cg/affine1/biases/ApplyGradientDescent	1601111571266098	6
train_ops_group	-1	-1
tower_0/v/gpu_cached_inputs	-1	-1
tower_0/v/gradients/tower_0/v/cg/affine0/xw_plus_b/MatMul_grad/MatMul_1	1601111571268143	1392
append_apply_gradient_ops/GradientDescent/update_v/cg/conv6/biases/ApplyGradientDescent	1601111571341445	4
ConstantFolding/tower_0/v/gradients/tower_0/v/cg/conv3/conv2d/Conv2D_grad/ShapeN-matshapes-0	-1	-1
append_apply_gradient_ops/GradientDescent/update_v/cg/conv10/biases/ApplyGradientDescent	1601111571288947	5
tower_0/v/l2_loss/L2Loss_31	1601111571160927	18
tower_0/v/l2_loss/AddN	1601111571166089	23
tower_0/v/gradients/tower_0/v/l2_loss/L2Loss_10_grad/mul	1601111571159596	19
tower_0/v/gradients/tower_0/v/cg/conv2/BiasAdd_grad/BiasAddGrad	1601111571392497	481
tower_0/v/cg/conv10/Relu	1601111571257304	68
append_apply_gradient_ops/GradientDescent/update_v/cg/conv11/conv2d/kernel/ApplyGradientDescent	1601111571288434	53
v/cg/affine1/biases	-1	-1
v/cg/conv11/biases/read	-1	-1
tower_0/v/l2_loss/L2Loss_1	1601111571160448	17
append_apply_gradient_ops/GradientDescent/update_v/cg/conv3/biases/ApplyGradientDescent	1601111571392487	5
tower_0/v/gradients/tower_0/v/cg/conv7/conv2d/Conv2D_grad/Conv2DBackpropInput	1601111571316131	3644
v/cg/affine1/weights	-1	-1
v/cg/conv0/conv2d/kernel	-1	-1
tower_0/v/l2_loss/L2Loss_7	1601111571160538	17
tower_0/v/gradients/AddN_7	1601111571279081	56
tower_0/v/gradients/tower_0/v/l2_loss/L2Loss_6_grad/mul	1601111571160256	5
tower_0/v/gradients/tower_0/v/l2_loss/L2Loss_23_grad/mul	1601111571160375	15
v/cg/conv12/conv2d/kernel	-1	-1
tower_0/v/gradients/tower_0/v/l2_loss/L2Loss_8_grad/mul	1601111571161241	18
tower_0/v/cg/conv1/conv2d/Conv2D	1601111571171006	12895
tower_0/v/gradients/tower_0/v/l2_loss/L2Loss_grad/mul	1601111571160231	4
tower_0/v/l2_loss/L2Loss_2	1601111571159030	39
tower_0/v/vgg16_synthetic_labels	1601111571158005	26
ConstantFolding/tower_0/v/gradients/tower_0/v/cg/conv10/conv2d/Conv2D_grad/ShapeN-matshapes-1	-1	-1
ConstantFolding/tower_0/v/gradients/tower_0/v/cg/conv7/conv2d/Conv2D_grad/ShapeN-matshapes-0	-1	-1
tower_0/v/cg/dropout0/dropout/dropout/random_uniform/mul	-1	-1
tower_0/v/gradients/AddN_31	1601111571460376	4
v/cg/conv8/conv2d/kernel/read	-1	-1
ConstantFolding/tower_0/v/gradients/tower_0/v/cg/conv3/conv2d/Conv2D_grad/ShapeN-matshapes-1	-1	-1
v/cg/conv1/conv2d/kernel/read	-1	-1
tower_0/v/l2_loss/L2Loss_12	1601111571159182	40
tower_0/v/xentropy/sparse_softmax_cross_entropy_loss/num_present	-1	-1
tower_0/v/l2_loss/L2Loss_3	1601111571159310	17
append_apply_gradient_ops/GradientDescent/update_v/cg/conv0/biases/ApplyGradientDescent	1601111571460382	4
tower_0/v/gradients/tower_0/v/cg/mpool2/MaxPool_grad/MaxPoolGrad	1601111571323002	1262
tower_0/v/gradients/tower_0/v/l2_loss/L2Loss_11_grad/mul	1601111571158979	24
append_apply_gradient_ops/GradientDescent/update_v/cg/affine0/biases/ApplyGradientDescent	1601111571271846	6
tower_0/v/gradients/tower_0/v/cg/conv2/Relu_grad/ReluGrad	1601111571390935	1541
v/cg/affine0/weights	-1	-1
append_apply_gradient_ops/GradientDescent/update_v/cg/conv6/conv2d/kernel/ApplyGradientDescent	1601111571356970	16
v/cg/conv2/conv2d/kernel	-1	-1
append_apply_gradient_ops/GradientDescent/update_v/cg/conv3/conv2d/kernel/ApplyGradientDescent	1601111571408509	7
tower_0/v/cg/conv11/BiasAdd	1601111571259658	91
tower_0/v/cg/dropout0_1/dropout/dropout/mul_1	1601111571264347	6
tower_0/v/gradients/AddN_3	1601111571265725	371
tower_0/v/gradients/tower_0/v/cg/Reshape_grad/Shape	-1	-1
