1598953265299984	256
1598953265300147	256
1598953265300246	-256
1598953265300407	256
1598953265300462	256
1598953265300588	-256
1598953265300604	256
1598953265300683	-256
1598953265300790	256
1598953265300840	256
1598953265300958	256
1598953265301031	-256
1598953265301121	256
1598953265301174	256
1598953265301340	-256
1598953265301342	-256
1598953265301342	-256
1598953265301344	-256
1598953265301371	256
1598953265301559	-256
1598953265301577	-256
1598953265301635	-256
1598953265301974	256
1598953265302921	256
1598953265303710	256
1598953265303715	256
1598953265303794	-256
1598953265303823	262144
1598953265303889	256
1598953265303914	9216
1598953265303984	-9216
1598953265304008	2359296
1598953265304061	256
1598953265304073	9216
1598953265304131	-9216
1598953265304152	2359296
1598953265304202	256
1598953265304204	256
1598953265304254	-256
1598953265304275	262144
1598953265304324	256
1598953265304326	256
1598953265304375	-256
1598953265304395	131072
1598953265304445	256
1598953265304447	256
1598953265304504	-256
1598953265304525	262144
1598953265304576	256
1598953265304578	256
1598953265304626	-256
1598953265304646	589824
1598953265304695	256
1598953265304697	256
1598953265304745	-256
1598953265304765	262144
1598953265304815	256
1598953265304817	256
1598953265304865	-256
1598953265304884	589824
1598953265304934	256
1598953265304936	256
1598953265304984	-256
1598953265305004	262144
1598953265305053	256
1598953265305055	256
1598953265305102	-256
1598953265305122	262144
1598953265305170	256
1598953265305172	256
1598953265305221	-256
1598953265305240	589824
1598953265305290	256
1598953265305292	256
1598953265305340	-256
1598953265305360	524288
1598953265305409	256
1598953265305411	256
1598953265305460	-256
1598953265305479	589824
1598953265305527	256
1598953265305529	256
1598953265305578	-256
1598953265305598	262144
1598953265305646	256
1598953265305648	256
1598953265305698	-256
1598953265305717	1048576
1598953265305766	256
1598953265305780	9216
1598953265305843	-9216
1598953265305865	2097152
1598953265305916	256
1598953265305918	256
1598953265305967	-256
1598953265305986	1048576
1598953265306034	256
1598953265306036	256
1598953265306085	-256
1598953265306123	1048576
1598953265306177	256
1598953265306179	256
1598953265306246	-256
1598953265306266	1048576
1598953265306315	256
1598953265306317	256
1598953265306365	-256
1598953265306384	1048576
1598953265306431	256
1598953265306433	256
1598953265306482	-256
1598953265306500	1048576
1598953265306546	256
1598953265306548	256
1598953265306596	-256
1598953265306614	1048576
1598953265306661	256
1598953265306663	256
1598953265306711	-256
1598953265306730	1048576
1598953265306775	256
1598953265306777	256
1598953265306826	-256
1598953265306845	1048576
1598953265306891	256
1598953265306893	256
1598953265306941	-256
1598953265306959	1048576
1598953265307005	256
1598953265307019	9216
1598953265307086	-9216
1598953265307107	2359296
1598953265307154	256
1598953265307156	256
1598953265307204	-256
1598953265307224	1048576
1598953265307271	256
1598953265307284	9216
1598953265307342	-9216
1598953265307362	9437184
1598953265307410	256
1598953265307422	9216
1598953265307479	-9216
1598953265307499	9437184
1598953265307547	256
1598953265307559	9216
1598953265307615	-9216
1598953265307635	2359296
1598953265307687	38535168
1598953265307754	256
1598953265307801	4096
1598953265307844	256
1598953265307846	256
1598953265307893	-256
1598953265307912	524288
1598953265307958	256
1598953265307960	256
1598953265308009	-256
1598953265308029	147456
1598953265308075	256
1598953265308077	256
1598953265308125	-256
1598953265308144	147456
1598953265308191	256
1598953265308193	256
1598953265308241	-256
1598953265308259	65536
1598953265308301	256
1598953265308314	9216
1598953265308371	-9216
1598953265308391	4194304
1598953265308438	256
1598953265308440	256
1598953265308493	-256
1598953265308512	65536
1598953265308554	256
1598953265308556	256
1598953265308601	-256
1598953265308620	65536
1598953265308662	256
1598953265308664	256
1598953265308710	-256
1598953265308729	37632
1598953265308770	256
1598953265308771	256
1598953265308816	-256
1598953265308835	65536
1598953265308876	256
1598953265308878	256
1598953265308924	-256
1598953265308942	65536
1598953265308984	256
1598953265308985	256
1598953265309030	-256
1598953265309048	65536
1598953265309090	256
1598953265309102	9216
1598953265309158	-9216
1598953265309177	8200192
1598953265309224	256
1598953265309226	256
1598953265309273	-256
1598953265309292	147456
1598953265309339	256
1598953265309351	9216
1598953265309408	-9216
1598953265309429	2097152
1598953265309477	256
1598953265309490	9216
1598953265309546	-9216
1598953265309567	4194304
1598953265309615	256
1598953265309628	9216
1598953265309685	-9216
1598953265309704	2359296
1598953265309751	256
1598953265309797	16384
1598953265309840	256
1598953265309852	9216
1598953265309906	-9216
1598953265309944	9437184
1598953265309992	256
1598953265310005	9216
1598953265310062	-9216
1598953265310082	2359296
1598953265310143	256
1598953265310155	9216
1598953265310214	-9216
1598953265310237	8388608
1598953265310288	256
1598953265310300	9216
1598953265310359	-9216
1598953265310381	4194304
1598953265310431	256
1598953265310442	9216
1598953265310500	-9216
1598953265310521	4194304
1598953265310572	256
1598953265310583	9216
1598953265310641	-9216
1598953265310663	4194304
1598953265310725	40627200
1598953265310775	-38535168
1598953265310980	-256
1598953265310981	-256
1598953265310982	-256
1598953265310983	-256
1598953265310984	-256
1598953265310986	-256
1598953265310987	-256
1598953265310988	-256
1598953265310989	-256
1598953265310990	-256
1598953265310991	-256
1598953265310991	-256
1598953265310992	-256
1598953265310994	-256
1598953265310994	-256
1598953265310995	-256
1598953265310996	-256
1598953265310997	-256
1598953265310998	-256
1598953265310999	-256
1598953265311000	-256
1598953265311001	-256
1598953265311002	-256
1598953265311003	-256
1598953265311004	-256
1598953265311005	-256
1598953265311006	-256
1598953265311007	-256
1598953265311008	-256
1598953265311009	-256
1598953265311010	-256
1598953265311011	-256
1598953265311012	-256
1598953265311013	-256
1598953265311014	-256
1598953265311015	-256
1598953265311016	-256
1598953265311017	-256
1598953265311018	-256
1598953265311019	-256
1598953265311020	-256
1598953265311021	-256
1598953265311022	-256
1598953265311023	-256
1598953265311024	-256
1598953265311025	-256
1598953265311026	-256
1598953265311027	-256
1598953265311028	-256
1598953265311029	-256
1598953265311030	-256
1598953265311031	-256
1598953265311032	-256
1598953265311033	-256
1598953265311066	205520896
1598953265311079	37632
1598953265311173	75520
1598953265311286	-75520
1598953265311291	-37632
1598953265311408	205520896
1598953265311409	256
1598953265311410	256
1598953265311411	256
1598953265311412	256
1598953265311755	51380224
1598953265311950	51380224
1598953265311958	16384
1598953265312015	18944
1598953265312096	-18944
1598953265312101	-16384
1598953265312139	205520896
1598953265312146	65536
1598953265312204	18944
1598953265312284	-18944
1598953265312287	-65536
1598953265312418	-256
1598953265312464	-256
1598953265312482	51380224
1598953265312483	256
1598953265312484	256
1598953265312485	256
1598953265312486	256
1598953265312632	205520896
1598953265312634	1024
1598953265312635	1024
1598953265312637	1024
1598953265312638	1024
1598953265313000	51380224
1598953265313007	147456
1598953265313065	89178112
1598953265313495	-89178112
1598953265313499	-147456
1598953265313761	51380224
1598953265313763	256
1598953265313763	256
1598953265313764	256
1598953265313765	256
1598953265313944	-256
1598953265314010	-256
1598953265314052	-1024
1598953265314109	-1024
1598953265314269	205520896
1598953265314276	65536
1598953265314333	18944
1598953265314415	-18944
1598953265314418	-65536
1598953265314587	205520896
1598953265314589	1024
1598953265314590	1024
1598953265314591	1024
1598953265314593	1024
1598953265314770	-256
1598953265314816	-256
1598953265314868	-205520896
1598953265315102	51380224
1598953265315110	65536
1598953265315167	18944
1598953265315254	-18944
1598953265315258	-65536
1598953265315357	-1024
1598953265315399	-1024
1598953265315416	51380224
1598953265315417	256
1598953265315418	256
1598953265315419	256
1598953265315420	256
1598953265315707	51380224
1598953265315715	147456
1598953265315773	89178112
1598953265316150	-89178112
1598953265316154	-147456
1598953265316324	51380224
1598953265316326	256
1598953265316327	256
1598953265316328	256
1598953265316329	256
1598953265316506	-256
1598953265316553	-256
1598953265316704	205520896
1598953265316712	65536
1598953265316768	18944
1598953265316846	-18944
1598953265316850	-65536
1598953265317013	205520896
1598953265317015	1024
1598953265317016	1024
1598953265317017	1024
1598953265317019	1024
1598953265317194	-256
1598953265317239	-256
1598953265317519	51380224
1598953265317527	65536
1598953265317585	18944
1598953265317663	-18944
1598953265317667	-65536
1598953265317767	-1024
1598953265317809	-1024
1598953265317827	51380224
1598953265317828	256
1598953265317829	256
1598953265317829	256
1598953265317831	256
1598953265318130	51380224
1598953265318138	147456
1598953265318198	89178112
1598953265318580	-89178112
1598953265318584	-147456
1598953265318744	51380224
1598953265318746	256
1598953265318747	256
1598953265318748	256
1598953265318749	256
1598953265318917	-256
1598953265318960	-256
1598953265319104	205520896
1598953265319111	65536
1598953265319166	18944
1598953265319241	-18944
1598953265319245	-65536
1598953265319397	205520896
1598953265319398	1024
1598953265319399	1024
1598953265319400	1024
1598953265319402	1024
1598953265319566	-256
1598953265319609	-256
1598953265319914	102760448
1598953265319923	524288
1598953265319977	4864
1598953265320052	-4864
1598953265320056	-524288
1598953265320128	38525184
1598953265320135	131072
1598953265320190	4864
1598953265320262	-4864
1598953265320266	-131072
1598953265320332	-1024
1598953265320372	-1024
1598953265320389	102760448
1598953265320390	2048
1598953265320392	2048
1598953265320393	2048
1598953265320394	2048
1598953265320524	25690112
1598953265320526	512
1598953265320527	512
1598953265320528	512
1598953265320529	512
1598953265320955	25690112
1598953265320963	589824
1598953265321018	117964800
1598953265321159	-117964800
1598953265321163	-589824
1598953265321348	-2048
1598953265321389	-2048
1598953265321404	25690112
1598953265321406	512
1598953265321407	512
1598953265321408	512
1598953265321409	512
1598953265321577	-512
1598953265321619	-512
1598953265321765	102760448
1598953265321772	262144
1598953265321825	4864
1598953265321901	-4864
1598953265321904	-262144
1598953265322060	102760448
1598953265322061	2048
1598953265322063	2048
1598953265322064	2048
1598953265322065	2048
1598953265322255	-512
1598953265322298	-512
1598953265322345	-102760448
1598953265322569	25690112
1598953265322577	262144
1598953265322631	4864
1598953265322704	-4864
1598953265322708	-262144
1598953265322805	-2048
1598953265322844	-2048
1598953265322861	25690112
1598953265322862	512
1598953265322863	512
1598953265322864	512
1598953265322865	512
1598953265323135	25690112
1598953265323143	589824
1598953265323197	117964800
1598953265323314	-117964800
1598953265323317	-589824
1598953265323471	25692160
1598953265323473	512
1598953265323474	512
1598953265323475	512
1598953265323476	512
1598953265323642	-512
1598953265323691	-512
1598953265323835	102760448
1598953265323843	262144
1598953265323897	4864
1598953265323972	-4864
1598953265323975	-262144
1598953265324132	102760448
1598953265324133	2048
1598953265324135	2048
1598953265324137	2048
1598953265324138	2048
1598953265324303	-512
1598953265324345	-512
1598953265324613	25690112
1598953265324620	262144
1598953265324672	4864
1598953265324747	-4864
1598953265324751	-262144
1598953265324847	-2048
1598953265324888	-2048
1598953265324905	25690112
1598953265324907	512
1598953265324908	512
1598953265324909	512
1598953265324910	512
1598953265325176	25690112
1598953265325183	589824
1598953265325236	117964800
1598953265325371	-117964800
1598953265325374	-589824
1598953265328064	25690112
1598953265328066	512
1598953265328068	512
1598953265328069	512
1598953265328070	512
1598953265328284	-512
1598953265328332	-512
1598953265328487	102760448
1598953265328495	262144
1598953265328554	4864
1598953265328636	-4864
1598953265328640	-262144
1598953265328803	102760448
1598953265328804	2048
1598953265328805	2048
1598953265328807	2048
1598953265328808	2048
1598953265328981	-512
1598953265329024	-512
1598953265329303	25690112
1598953265329310	262144
1598953265329366	4864
1598953265329443	-4864
1598953265329447	-262144
1598953265329544	-2048
1598953265329587	-2048
1598953265329604	25690112
1598953265329605	512
1598953265329606	512
1598953265329608	512
1598953265329608	512
1598953265329922	25690112
1598953265329929	589824
1598953265330003	117964800
1598953265330147	-117964800
1598953265330152	-589824
1598953265330318	25690112
1598953265330320	512
1598953265330322	512
1598953265330323	512
1598953265330324	512
1598953265330511	-512
1598953265330552	-512
1598953265330697	102760448
1598953265330704	262144
1598953265330757	4864
1598953265330830	-4864
1598953265330833	-262144
1598953265330984	102760448
1598953265330985	2048
1598953265330986	2048
1598953265330988	2048
1598953265330990	2048
1598953265331154	-512
1598953265331195	-512
1598953265331461	51380224
1598953265331469	2097152
1598953265331521	1280
1598953265331594	-1280
1598953265331597	-2097152
1598953265331671	12845056
1598953265331677	524288
1598953265331732	1280
1598953265331800	-1280
1598953265331804	-524288
1598953265331884	-2048
1598953265331925	-2048
1598953265331941	51380224
1598953265331942	4096
1598953265331943	4096
1598953265331945	4096
1598953265331946	4096
1598953265332059	12845056
1598953265332061	1024
1598953265332062	1024
1598953265332063	1024
1598953265332064	1024
1598953265332493	12845056
1598953265332500	2359296
1598953265332553	84934656
1598953265332668	-84934656
1598953265332672	-2359296
1598953265332847	-4096
1598953265332886	-4096
1598953265332902	12845056
1598953265332903	1024
1598953265332904	1024
1598953265332905	1024
1598953265332907	1024
1598953265333052	-1024
1598953265333091	-1024
1598953265333227	51380224
1598953265333233	1048576
1598953265333285	1280
1598953265333360	-1280
1598953265333363	-1048576
1598953265333520	51380224
1598953265333521	6144
1598953265333522	4096
1598953265333523	4096
1598953265333525	4096
1598953265333668	-1024
1598953265333708	-1024
1598953265333753	-51380224
1598953265333986	12845056
1598953265333993	1048576
1598953265334045	2048
1598953265334133	-2048
1598953265334136	-1048576
1598953265334254	-6144
1598953265334296	-4096
1598953265334314	12845056
1598953265334315	1024
1598953265334316	1024
1598953265334317	1024
1598953265334318	1024
1598953265334564	12845056
1598953265334570	2359296
1598953265334621	84934656
1598953265334732	-84934656
1598953265334735	-2359296
1598953265334887	12849152
1598953265334889	1024
1598953265334890	1024
1598953265334891	1024
1598953265334893	1024
1598953265335039	-1024
1598953265335079	-1024
1598953265335219	51380224
1598953265335226	1048576
1598953265335277	2048
1598953265335348	-2048
1598953265335351	-1048576
1598953265335504	51380224
1598953265335506	4096
1598953265335507	4096
1598953265335509	4096
1598953265335511	4096
1598953265335652	-1024
1598953265335693	-1024
1598953265335955	12845056
1598953265335962	1048576
1598953265336013	2048
1598953265336085	-2048
1598953265336088	-1048576
1598953265336182	-4096
1598953265336221	-4096
1598953265336238	12845056
1598953265336239	1024
1598953265336240	1024
1598953265336241	1024
1598953265336242	1024
1598953265336483	12845056
1598953265336490	2359296
1598953265336541	84934656
1598953265336652	-84934656
1598953265336655	-2359296
1598953265336806	12845056
1598953265336808	1024
1598953265336809	1024
1598953265336810	1024
1598953265336811	1024
1598953265336967	-1024
1598953265337007	-1024
1598953265337148	51380224
1598953265337155	1048576
1598953265337206	1280
1598953265337279	-1280
1598953265337282	-1048576
1598953265337430	51380224
1598953265337431	6144
1598953265337433	4096
1598953265337434	4096
1598953265337436	4096
1598953265337579	-1024
1598953265337620	-1024
1598953265337877	12845056
1598953265337884	1048576
1598953265337934	2048
1598953265338006	-2048
1598953265338008	-1048576
1598953265338116	-6144
1598953265338160	-4096
1598953265338176	12845056
1598953265338177	1024
1598953265338178	1024
1598953265338179	1024
1598953265338180	1024
1598953265338423	12845056
1598953265338429	2359296
1598953265338480	84934656
1598953265338590	-84934656
1598953265338593	-2359296
1598953265338742	12845056
1598953265338744	1024
1598953265338745	1024
1598953265338747	1024
1598953265338748	1024
1598953265338889	-1024
1598953265338928	-1024
1598953265339068	51380224
1598953265339074	1048576
1598953265339125	1280
1598953265339199	-1280
1598953265339202	-1048576
1598953265339350	51380224
1598953265339351	6144
1598953265339352	4096
1598953265339354	4096
1598953265339355	4096
1598953265339496	-1024
1598953265339537	-1024
1598953265339796	12845056
1598953265339803	1048576
1598953265339852	2048
1598953265339925	-2048
1598953265339928	-1048576
1598953265340021	-6144
1598953265340061	-4096
1598953265340076	12845056
1598953265340077	1024
1598953265340078	1024
1598953265340079	1024
1598953265340080	1024
1598953265340336	12845056
1598953265340342	2359296
1598953265340391	84934656
1598953265340498	-84934656
1598953265340502	-2359296
1598953265340645	12845056
1598953265340647	1024
1598953265340648	1024
1598953265340649	1024
1598953265340650	1024
1598953265340789	-1024
1598953265340829	-1024
1598953265340963	51380224
1598953265340969	1048576
1598953265341017	1280
1598953265341087	-1280
1598953265341090	-1048576
1598953265341233	51380224
1598953265341234	6144
1598953265341235	4096
1598953265341236	4096
1598953265341238	4096
1598953265341384	-1024
1598953265341423	-1024
1598953265341670	12845056
1598953265341676	1048576
1598953265341725	2048
1598953265341794	-2048
1598953265341797	-1048576
1598953265341887	-6144
1598953265341924	-4096
1598953265341939	12845056
1598953265341939	1024
1598953265341940	1024
1598953265341941	1024
1598953265341942	1024
1598953265342197	12845056
1598953265342204	2359296
1598953265342253	84934656
1598953265342361	-84934656
1598953265342364	-2359296
1598953265342517	12845056
1598953265342518	1024
1598953265342519	1024
1598953265342520	1024
1598953265342521	1024
1598953265342652	-1024
1598953265342689	-1024
1598953265342815	51380224
1598953265342821	1048576
1598953265342868	1280
1598953265342934	-1280
1598953265342937	-1048576
1598953265343190	51380224
1598953265343191	6144
1598953265343192	4096
1598953265343194	4096
1598953265343195	4096
1598953265343969	-1024
1598953265344007	-1024
1598953265344277	6422528
1598953265344283	2097152
1598953265344332	512
1598953265344850	-512
1598953265344853	-2097152
1598953265344897	25690112
1598953265344903	8388608
1598953265345090	512
1598953265345154	-512
1598953265345157	-8388608
1598953265345220	-6144
1598953265345286	-4096
1598953265345302	6422528
1598953265345303	2048
1598953265345304	2048
1598953265345305	2048
1598953265345306	2048
1598953265345411	25690112
1598953265345412	8192
1598953265345414	8192
1598953265345415	8192
1598953265345416	8192
1598953265345700	6422528
1598953265345706	9437184
1598953265346420	75497472
1598953265347049	-75497472
1598953265347052	-9437184
1598953265348054	6422528
1598953265348056	2048
1598953265348057	2048
1598953265348058	2048
1598953265348059	2048
1598953265348194	-2048
1598953265348231	-2048
1598953265348265	-8192
1598953265349002	-8192
1598953265349319	25690112
1598953265349325	4194304
1598953265349374	512
1598953265349443	-512
1598953265349446	-4194304
1598953265349607	25690112
1598953265349608	8192
1598953265349609	8192
1598953265349610	8192
1598953265349611	8192
1598953265350285	-2048
1598953265350325	-2048
1598953265350474	-25690112
1598953265350708	6422528
1598953265350715	4194304
1598953265350763	512
1598953265351598	-512
1598953265351602	-4194304
1598953265351690	-8192
1598953265352190	-8192
1598953265352205	6422528
1598953265352207	2048
1598953265352208	2048
1598953265352209	2048
1598953265352209	2048
1598953265352849	6422528
1598953265352855	9437184
1598953265352904	75497472
1598953265353287	-75497472
1598953265353291	-9437184
1598953265354206	6422528
1598953265354208	2048
1598953265354210	2048
1598953265354211	2048
1598953265354212	2048
1598953265354360	-2048
1598953265354492	-2048
1598953265354616	25690112
1598953265354622	4194304
1598953265354729	512
1598953265355238	-512
1598953265355242	-4194304
1598953265355505	25690112
1598953265355506	8192
1598953265355508	8192
1598953265355509	8192
1598953265355510	8192
1598953265355696	-2048
1598953265355733	-2048
1598953265356765	6422528
1598953265356771	4194304
1598953265356818	512
1598953265357357	-512
1598953265357360	-4194304
1598953265357922	-8192
1598953265357960	-8192
1598953265357974	6422528
1598953265357975	2048
1598953265357975	2048
1598953265357976	2048
1598953265357977	2048
1598953265358418	6422528
1598953265358424	9437184
1598953265358471	75497472
1598953265359347	-75497472
1598953265359351	-9437184
1598953265359657	6422528
1598953265359659	2048
1598953265359660	2048
1598953265359661	2048
1598953265359662	2048
1598953265359789	-2048
1598953265359825	-2048
1598953265360400	25690112
1598953265360406	4194304
1598953265360615	512
1598953265360787	-512
1598953265360791	-4194304
1598953265360939	25690112
1598953265360940	8192
1598953265360941	8192
1598953265360942	8192
1598953265360944	8192
1598953265361072	-2048
1598953265361109	-2048
1598953265363071	-8192
1598953265363109	-8192
1598953265363127	524288
1598953265363214	256256
1598953265363552	256
1598953265363554	256
1598953265365669	-256
1598953265365678	-256
1598953265365757	256
1598953265365939	-256
1598953265365952	4096
1598953265366033	524288
1598953265366106	8200192
1598953265366150	-524288
1598953265366151	-256256
1598953265366255	-4096
1598953265366309	-8200192
1598953265366354	-256
1598953265366405	-4096
1598953265366419	25690112
1598953265366459	-524288
1598953265366507	-8200192
1598953265366904	-25690112
1598953265366930	25698304
1598953265366931	8192
1598953265366932	8192
1598953265366933	256
1598953265367013	256
1598953265367105	-25690112
1598953265367106	-8192
1598953265367108	-8192
1598953265367110	-256
1598953265367111	-256
1598953265367227	8192512
1598953265367240	4194304
1598953265367277	6422528
1598953265367303	4096
1598953265367404	-8192512
1598953265367408	-4096
1598953265367409	-4194304
1598953265367444	8192512
1598953265367456	4194304
1598953265367483	4096
1598953265367632	-4096
1598953265367635	-4194304
1598953265367646	-25698304
1598953265367701	-8192
1598953265368092	-8192
1598953265368132	-6422528
1598953265368170	-4194304
1598953265368185	6422528
1598953265368186	2048
1598953265368187	2048
1598953265368188	256
1598953265368372	256
1598953265368446	-6422528
1598953265368448	-6422528
1598953265368449	-2048
1598953265368452	-2048
1598953265368454	-256
1598953265368455	-256
1598953265368680	-8192512
1598953265368695	6422528
1598953265368703	9437184
1598953265368740	8200704
1598953265368759	75497472
1598953265368930	-6422528
1598953265368932	-75497472
1598953265368934	-9437184
1598953265368965	9437184
1598953265368974	9437184
1598953265368994	75497472
1598953265369891	-75497472
1598953265369894	-9437184
1598953265369904	-6422528
1598953265369957	-2048
1598953265369992	-2048
1598953265370030	-6422528
1598953265370068	-9437184
1598953265370080	9437696
1598953265370081	2048
1598953265370082	2048
1598953265370083	256
1598953265370119	256
1598953265370763	-8200704
1598953265370764	-6422528
1598953265370765	-2048
1598953265370766	-2048
1598953265370768	-256
1598953265370769	-256
1598953265370867	-9437184
1598953265370882	25690112
1598953265370890	4194816
1598953265370919	25690112
1598953265370938	4096
1598953265371025	-25690112
1598953265371027	-4096
1598953265371028	-4194816
1598953265371057	4194816
1598953265371066	8200704
1598953265371084	4096
1598953265371216	-4096
1598953265371219	-8200704
1598953265371229	-9437696
1598953265371285	-2048
1598953265371918	-2048
1598953265371957	-25690112
1598953265371992	-4194304
1598953265372201	-25690112
1598953265372239	-4194816
1598953265372251	25698304
1598953265372252	8192
1598953265372254	8192
1598953265372255	256
1598953265372277	256
1598953265372548	-25690112
1598953265372549	-8192
1598953265372550	-8192
1598953265372552	-256
1598953265372553	-256
1598953265372574	8200704
1598953265372581	4194816
1598953265372611	9437696
1598953265372629	4096
1598953265372753	-8200704
1598953265372756	-4096
1598953265372757	-4194816
1598953265372786	4194816
1598953265372794	8200704
1598953265372811	4096
1598953265373674	-4096
1598953265373676	-8200704
1598953265373686	-25698304
1598953265373738	-8192
1598953265373790	-8192
1598953265373830	-6422528
1598953265373867	-4194304
1598953265373881	6422528
1598953265373882	2048
1598953265373882	2048
1598953265373883	256
1598953265373906	256
1598953265373991	-9437696
1598953265373992	-6422528
1598953265373993	-2048
1598953265373995	-2048
1598953265373997	-256
1598953265373997	-256
1598953265374578	-4194816
1598953265374592	6422528
1598953265374599	9437696
1598953265374685	8200704
1598953265374704	138004736
1598953265374812	-6422528
1598953265374814	-138004736
1598953265374815	-9437696
1598953265374846	9437696
1598953265374856	9437184
1598953265374875	128567552
1598953265374988	-128567552
1598953265374990	-9437184
1598953265375001	-6422528
1598953265375052	-2048
1598953265375757	-2048
1598953265375797	-6422528
1598953265376018	-9437184
1598953265376033	9437696
1598953265376034	2048
1598953265376034	2048
1598953265376035	256
1598953265376060	256
1598953265376328	-8200704
1598953265376329	-6422528
1598953265376330	-2048
1598953265376331	-2048
1598953265376333	-256
1598953265376334	-256
1598953265376388	-9437696
1598953265376400	25690112
1598953265376407	4194560
1598953265376437	25690112
1598953265376455	4096
1598953265376571	-25690112
1598953265376573	-4096
1598953265376575	-4194560
1598953265376603	4194560
1598953265376611	4194816
1598953265376628	4096
1598953265377490	-4096
1598953265377492	-4194816
1598953265377502	-9437696
1598953265377556	-2048
1598953265377606	-2048
1598953265377643	-25690112
1598953265377678	-4194304
1598953265377713	-25690112
1598953265377759	-4194560
1598953265377769	25690112
1598953265377770	8192
1598953265377771	8192
1598953265377772	256
1598953265377796	256
1598953265378530	-25690112
1598953265378532	-8192
1598953265378533	-8192
1598953265378535	-256
1598953265378535	-256
1598953265378555	25690112
1598953265378557	8192
1598953265378558	8192
1598953265378558	256
1598953265378585	256
1598953265378642	-25690112
1598953265378644	-25690112
1598953265378644	-8192
1598953265378645	-8192
1598953265378647	-256
1598953265378648	-256
1598953265378667	51380224
1598953265378674	9437696
1598953265378703	51380224
1598953265378840	-51380224
1598953265378843	-9437696
1598953265378874	9437696
1598953265378882	9437696
1598953265378901	4096
1598953265379576	-4096
1598953265379579	-9437696
1598953265379589	-25690112
1598953265379639	-8192
1598953265379671	-8192
1598953265379692	8200704
1598953265379699	4194816
1598953265379861	9437696
1598953265379878	4096
1598953265380160	-8200704
1598953265380163	-4096
1598953265380164	-4194816
1598953265380192	4194816
1598953265380199	4194816
1598953265380216	4096
1598953265380405	-4096
1598953265380407	-4194816
1598953265380417	-25690112
1598953265380462	-8192
1598953265380573	-8192
1598953265381297	-8388608
1598953265381334	-6422528
1598953265381377	-4194304
1598953265381419	-9437696
1598953265381430	6422528
1598953265381431	2048
1598953265381431	2048
1598953265381432	256
1598953265381454	256
1598953265381524	-9437696
1598953265381525	-6422528
1598953265381527	-2048
1598953265381534	-2048
1598953265381536	-256
1598953265381537	-256
1598953265381582	-4194816
1598953265381594	8200704
1598953265381601	9437696
1598953265381633	9437696
1598953265381651	102764544
1598953265382391	-8200704
1598953265382394	-102764544
1598953265382395	-9437696
1598953265382425	9437696
1598953265382434	9437184
1598953265382452	102764544
1598953265382569	-102764544
1598953265382571	-9437184
1598953265382581	-6422528
1598953265382637	-2048
1598953265382669	-2048
1598953265382708	-6422528
1598953265382747	-9437184
1598953265382759	8200704
1598953265382760	2048
1598953265382760	2048
1598953265382761	256
1598953265383474	256
1598953265383703	-9437696
1598953265383705	-6422528
1598953265383706	-2048
1598953265383707	-2048
1598953265383709	-256
1598953265383709	-256
1598953265383757	-9437696
1598953265383770	51380224
1598953265383777	2097152
1598953265383803	51380224
1598953265384051	-51380224
1598953265384054	-2097152
1598953265384085	2097152
1598953265384093	2097664
1598953265384112	4352
1598953265384253	-4352
1598953265384256	-2097664
1598953265384265	-8200704
1598953265384312	-2048
1598953265384344	-2048
1598953265385150	-51380224
1598953265385182	-2097152
1598953265385228	-51380224
1598953265385281	-2097152
1598953265385293	51384320
1598953265385293	4352
1598953265385294	6144
1598953265385295	256
1598953265385317	256
1598953265385402	-51380224
1598953265385404	-4096
1598953265385405	-4096
1598953265385407	-256
1598953265385407	-256
1598953265385427	18875136
1598953265385434	1048576
1598953265385471	20972544
1598953265385488	3584
1598953265386107	-18875136
1598953265386110	-3584
1598953265386112	-1048576
1598953265386142	1048576
1598953265386151	1048576
1598953265386169	2560
1598953265386349	-2560
1598953265386352	-1048576
1598953265386362	-51384320
1598953265386410	-4352
1598953265386450	-6144
1598953265386489	-12845056
1598953265386525	-1048576
1598953265386548	18875136
1598953265386549	1024
1598953265386550	1024
1598953265386551	256
1598953265386573	256
1598953265386658	-20972544
1598953265386660	-12845056
1598953265386661	-1024
1598953265386662	-1024
1598953265386664	-256
1598953265386664	-256
1598953265387333	-1048576
1598953265387351	20972544
1598953265387358	4194816
1598953265387386	12845056
1598953265387405	295485440
1598953265387650	-20972544
1598953265387653	-295485440
1598953265387654	-4194816
1598953265387684	4194816
1598953265387705	2359296
1598953265387725	84934656
1598953265388171	-84934656
1598953265388174	-2359296
1598953265388183	-18875136
1598953265388231	-1024
1598953265388271	-1024
1598953265388311	-12845056
1598953265388344	-2359296
1598953265388362	12845056
1598953265388362	1024
1598953265388364	1024
1598953265388364	256
1598953265388703	256
1598953265388874	-12845056
1598953265388876	-12845056
1598953265388877	-1024
1598953265388877	-1024
1598953265388879	-256
1598953265388880	-256
1598953265388937	-4194816
1598953265388950	51380224
1598953265388957	1049088
1598953265390612	51380224
1598953265390630	4352
1598953265390860	-51380224
1598953265390862	-4352
1598953265390863	-1049088
1598953265390892	1049088
1598953265390900	1048576
1598953265390918	3072
1598953265391044	-3072
1598953265391046	-1048576
1598953265391056	-12845056
1598953265391112	-1024
1598953265391144	-1024
1598953265391183	-51380224
1598953265391273	-1048576
1598953265391886	-51380224
1598953265391977	-1049088
1598953265391988	51384320
1598953265391989	4352
1598953265391989	6144
1598953265391990	256
1598953265392018	256
1598953265392102	-51380224
1598953265392103	-4096
1598953265392104	-4096
1598953265392106	-256
1598953265392107	-256
1598953265392127	20972544
1598953265392134	1048832
1598953265392165	21235456
1598953265392181	3584
1598953265392263	-20972544
1598953265392266	-3584
1598953265392267	-1048832
1598953265392295	1048832
1598953265392302	1049088
1598953265392319	2560
1598953265392442	-2560
1598953265392446	-1049088
1598953265392454	-51384320
1598953265392500	-4352
1598953265392540	-6144
1598953265392577	-12845056
1598953265393181	-1048576
1598953265393197	20972544
1598953265393198	1024
1598953265393199	1024
1598953265393200	256
1598953265393221	256
1598953265393425	-21235456
1598953265393426	-12845056
1598953265393427	-1024
1598953265393428	-1024
1598953265393429	-256
1598953265393430	-256
1598953265393480	-1048832
1598953265393496	21235456
1598953265393503	4194816
1598953265393538	12845056
1598953265393554	191102976
1598953265393650	-21235456
1598953265393652	-191102976
1598953265393654	-4194816
1598953265393682	4194816
1598953265393696	2359296
1598953265393712	84934656
1598953265393820	-84934656
1598953265393823	-2359296
1598953265393831	-20972544
1598953265394659	-1024
1598953265394700	-1024
1598953265394742	-12845056
1598953265394773	-2359296
1598953265394789	12845056
1598953265394790	1024
1598953265394791	1024
1598953265394792	256
1598953265394813	256
1598953265394902	-12845056
1598953265394904	-12845056
1598953265394905	-1024
1598953265394905	-1024
1598953265394907	-256
1598953265394908	-256
1598953265394962	-4194816
1598953265394974	51380224
1598953265394980	1048832
1598953265395012	51380224
1598953265395029	4352
1598953265395736	-51380224
1598953265395739	-4352
1598953265395740	-1048832
1598953265395766	1048832
1598953265395775	1048576
1598953265395792	3072
1598953265395930	-3072
1598953265395932	-1048576
1598953265395942	-12845056
1598953265395994	-1024
1598953265396025	-1024
1598953265396063	-51380224
1598953265396100	-1048576
1598953265396133	-51380224
1598953265396170	-1048832
1598953265396181	51384320
1598953265396182	4352
1598953265396182	6144
1598953265396183	256
1598953265396992	256
1598953265397076	-51380224
1598953265397077	-4096
1598953265397078	-4096
1598953265397081	-256
1598953265397081	-256
1598953265397100	21235456
1598953265397107	1048832
1598953265397137	12845056
1598953265397154	3584
1598953265397238	-21235456
1598953265397241	-3584
1598953265397243	-1048832
1598953265397269	1048832
1598953265397277	1049088
1598953265397294	2560
1598953265397508	-2560
1598953265397511	-1049088
1598953265397519	-51384320
1598953265397564	-4352
1598953265397601	-6144
1598953265397637	-12845056
1598953265398476	-1048576
1598953265398493	19924480
1598953265398494	1024
1598953265398495	1024
1598953265398496	256
1598953265398519	256
1598953265398598	-12845056
1598953265398600	-12845056
1598953265398601	-1024
1598953265398602	-1024
1598953265398604	-256
1598953265398604	-256
1598953265398652	-1048832
1598953265398668	12845056
1598953265398675	4194816
1598953265398700	21235456
1598953265398717	191102976
1598953265398814	-12845056
1598953265398816	-191102976
1598953265398818	-4194816
1598953265398846	4194816
1598953265398854	4195584
1598953265398877	84934656
1598953265399729	-84934656
1598953265399732	-4195584
1598953265399741	-19924480
1598953265399786	-1024
1598953265399824	-1024
1598953265399862	-12845056
1598953265399894	-2359296
1598953265399911	12845056
1598953265399912	1024
1598953265399913	1024
1598953265399913	256
1598953265399934	256
1598953265400016	-21235456
1598953265400017	-12845056
1598953265400019	-1024
1598953265400020	-1024
1598953265400021	-256
1598953265400022	-256
1598953265400075	-4194816
1598953265400086	51380224
1598953265400093	1048832
1598953265400123	51380224
1598953265400139	4352
1598953265400900	-51380224
1598953265400903	-4352
1598953265400904	-1048832
1598953265400930	1048832
1598953265400938	1048576
1598953265400955	3072
1598953265401126	-3072
1598953265401129	-1048576
1598953265401138	-12845056
1598953265401250	-1024
1598953265401282	-1024
1598953265401326	-51380224
1598953265401379	-1048576
1598953265401413	-51380224
1598953265401450	-1048832
1598953265401461	51384320
1598953265401462	4352
1598953265401462	6144
1598953265401463	256
1598953265401537	256
1598953265401700	-51380224
1598953265401701	-4096
1598953265401702	-4096
1598953265401704	-256
1598953265401705	-256
1598953265401725	21235456
1598953265401731	1048832
1598953265401761	12845056
1598953265401778	3584
1598953265401854	-21235456
1598953265401857	-3584
1598953265401859	-1048832
1598953265401884	1048832
1598953265401892	1049088
1598953265401908	2560
1598953265402035	-2560
1598953265402038	-1049088
1598953265402047	-51384320
1598953265402102	-4352
1598953265402145	-6144
1598953265402183	-12845056
1598953265402231	-1048576
1598953265402247	19924480
1598953265402247	1024
1598953265402248	1024
1598953265402249	256
1598953265402270	256
1598953265402347	-12845056
1598953265402348	-12845056
1598953265402349	-1024
1598953265402350	-1024
1598953265402352	-256
1598953265402353	-256
1598953265402399	-1048832
1598953265402414	12845056
1598953265402421	4194816
1598953265402445	22284288
1598953265402461	191102976
1598953265402555	-12845056
1598953265402557	-191102976
1598953265402559	-4194816
1598953265402585	4194816
1598953265402592	4195584
1598953265402615	84934656
1598953265402840	-84934656
1598953265402843	-4195584
1598953265402851	-19924480
1598953265403042	-1024
1598953265403096	-1024
1598953265403136	-12845056
1598953265403159	-256
1598953265403168	-2359296
1598953265403183	12845056
1598953265403184	1024
1598953265403185	1024
1598953265403185	256
1598953265404060	256
1598953265404148	-22284288
1598953265404150	-12845056
1598953265404151	-1024
1598953265404152	-1024
1598953265404153	-256
1598953265404154	-256
1598953265404208	-4194816
1598953265404219	51380224
1598953265404225	1048832
1598953265404256	51380224
1598953265404272	4352
1598953265405239	-51380224
1598953265405242	-4352
1598953265405242	-1048832
1598953265405268	1048832
1598953265405275	1049088
1598953265405291	4352
1598953265405410	-4352
1598953265405412	-1049088
1598953265405421	-12845056
1598953265405471	-1024
1598953265405502	-1024
1598953265405582	-51380224
1598953265405687	-1048576
1598953265405792	-51380224
1598953265406460	-1048832
1598953265406471	51388416
1598953265406472	4352
1598953265406473	4096
1598953265406474	256
1598953265406550	256
1598953265406686	-51380224
1598953265406687	-4096
1598953265406693	-4096
1598953265406695	-256
1598953265406696	-256
1598953265406717	12845056
1598953265406723	1048576
1598953265406753	15994112
1598953265406769	3584
1598953265407722	-12845056
1598953265407725	-3584
1598953265407727	-1048576
1598953265407754	1048576
1598953265407761	1049344
1598953265407777	2560
1598953265407901	-2560
1598953265407904	-1049344
1598953265407912	-51388416
1598953265407957	-4352
1598953265407993	-4096
1598953265408026	-12849152
1598953265408062	-1048576
1598953265408074	12849152
1598953265408080	1024
1598953265408081	1024
1598953265408082	256
1598953265408104	256
1598953265408180	-15994112
1598953265408182	-12845056
1598953265408183	-1024
1598953265408184	-1024
1598953265408186	-256
1598953265408187	-256
1598953265408233	-1048576
1598953265408250	12845056
1598953265408256	4194816
1598953265409131	12845056
1598953265409147	191102976
1598953265410260	-12845056
1598953265410263	-191102976
1598953265410265	-4194816
1598953265410293	4194816
1598953265410301	2359296
1598953265410324	84934656
1598953265410524	-84934656
1598953265410527	-2359296
1598953265410536	-12849152
1598953265410682	-1024
1598953265410720	-1024
1598953265410756	-12845056
1598953265410788	-2359296
1598953265410802	19140608
1598953265410803	1024
1598953265410804	1024
1598953265410805	256
1598953265410951	256
1598953265411071	-12845056
1598953265411073	-12845056
1598953265411074	-1024
1598953265411075	-1024
1598953265411076	-256
1598953265411077	-256
1598953265411128	-4194816
1598953265411139	51384320
1598953265411145	1048832
1598953265411169	51380224
1598953265411190	6144
1598953265412014	-51384320
1598953265412017	-6144
1598953265412018	-1048832
1598953265412044	1048832
1598953265412052	1048576
1598953265412068	3328
1598953265413165	-3328
1598953265413167	-1048576
1598953265413176	-19140608
1598953265413229	-1024
1598953265413260	-1024
1598953265413296	-51380224
1598953265413330	-1048576
1598953265413362	-51380224
1598953265413397	-1048832
1598953265413406	51380224
1598953265413407	4352
1598953265413407	6144
1598953265413408	256
1598953265413483	256
1598953265413643	-51380224
1598953265413645	-4096
1598953265413645	-4096
1598953265413648	-256
1598953265413648	-256
1598953265413666	51380224
1598953265413667	4096
1598953265413668	4096
1598953265413668	256
1598953265413694	256
1598953265414407	-51380224
1598953265414409	-51380224
1598953265414410	-4096
1598953265414410	-4096
1598953265414412	-256
1598953265414412	-256
1598953265414437	102760448
1598953265414443	2359296
1598953265414471	102760448
1598953265414579	-102760448
1598953265414581	-2359296
1598953265414608	2359296
1598953265414615	2097152
1598953265414631	2560
1598953265415629	-2560
1598953265415632	-2097152
1598953265415641	-51380224
1598953265415683	-4352
1598953265415722	-6144
1598953265415733	12845056
1598953265415739	1048832
1598953265415763	19924480
1598953265415783	4352
1598953265415855	-12845056
1598953265415857	-4352
1598953265415858	-1048832
1598953265415881	1048832
1598953265415889	1048576
1598953265415903	4352
1598953265417010	-4352
1598953265417012	-1048576
1598953265417021	-51380224
1598953265417062	-4096
1598953265417098	-4096
1598953265417133	-2097152
1598953265418159	-12845056
1598953265418208	-1048576
1598953265418243	-2359296
1598953265418253	12845056
1598953265418254	1024
1598953265418255	1024
1598953265418256	256
1598953265418279	256
1598953265418437	-19924480
1598953265418438	-12845056
1598953265418439	-1024
1598953265418440	-1024
1598953265418442	-256
1598953265418443	-256
1598953265418487	-1048832
1598953265418497	19924480
1598953265418508	2359296
1598953265418570	12845056
1598953265418585	191102976
1598953265418674	-19924480
1598953265418676	-191102976
1598953265418677	-2359296
1598953265418702	2359296
1598953265418709	4194816
1598953265418724	128450560
1598953265419172	-128450560
1598953265419174	-4194816
1598953265419182	-12845056
1598953265419278	-1024
1598953265421617	-1024
1598953265421648	-12845056
1598953265421683	-2359296
1598953265421699	21238016
1598953265421699	1024
1598953265421700	1024
1598953265421701	256
1598953265424081	256
1598953265424244	-12845056
1598953265424245	-12845056
1598953265424247	-1024
1598953265424247	-1024
1598953265424249	-256
1598953265424250	-256
1598953265424295	-2359296
1598953265424311	102760448
1598953265424317	524288
1598953265424342	154157056
1598953265424441	-102760448
1598953265424443	-524288
1598953265424487	524288
1598953265424494	524544
1598953265424509	4352
1598953265425276	-4352
1598953265425279	-524544
1598953265425286	-21238016
1598953265426337	-1024
1598953265426393	-1024
1598953265426424	-154157056
1598953265426458	-524288
1598953265426490	-102760448
1598953265426522	-524288
1598953265426532	102762496
1598953265426533	2048
1598953265426534	2048
1598953265426534	256
1598953265426559	256
1598953265426684	-102760448
1598953265426685	-2048
1598953265426686	-2048
1598953265426688	-256
1598953265426689	-256
1598953265426706	32769536
1598953265426713	262144
1598953265426739	34083072
1598953265426754	6912
1598953265426825	-32769536
1598953265426827	-6912
1598953265426829	-262144
1598953265426852	262144
1598953265426859	262144
1598953265426873	2560
1598953265427774	-2560
1598953265427777	-262144
1598953265427784	-102762496
1598953265427856	-2048
1598953265427917	-2048
1598953265428542	-25690112
1598953265428642	-262144
1598953265428655	32769536
1598953265428656	512
1598953265428657	512
1598953265428657	256
1598953265428939	256
1598953265429011	-34083072
1598953265429012	-25690112
1598953265429013	-512
1598953265429014	-512
1598953265429016	-256
1598953265429016	-256
1598953265429063	-262144
1598953265429073	34083072
1598953265429079	1048832
1598953265429102	25690112
1598953265429117	117964800
1598953265429197	-34083072
1598953265429199	-117964800
1598953265429200	-1048832
1598953265429228	1048832
1598953265429236	589824
1598953265429251	117964800
1598953265430017	-117964800
1598953265430020	-589824
1598953265430028	-32769536
1598953265430068	-512
1598953265430111	-512
1598953265430671	-25690112
1598953265430702	-589824
1598953265430712	25690112
1598953265430713	512
1598953265430713	512
1598953265430714	256
1598953265430733	256
1598953265430802	-25690112
1598953265430804	-25690112
1598953265430805	-512
1598953265430805	-512
1598953265430807	-256
1598953265430807	-256
1598953265431020	-1048832
1598953265431031	102760448
1598953265431043	262144
1598953265431066	102760448
1598953265431081	6912
1598953265431372	-102760448
1598953265431374	-6912
1598953265431375	-262144
1598953265431400	262144
1598953265431406	262144
1598953265431421	4352
1598953265432792	-4352
1598953265432794	-262144
1598953265432803	-25690112
1598953265432843	-512
1598953265432875	-512
1598953265433762	-102760448
1598953265433796	-262144
1598953265433824	-102760448
1598953265433857	-262144
1598953265433866	102762496
1598953265433867	2048
1598953265433868	2048
1598953265433869	256
1598953265433892	256
1598953265433964	-102760448
1598953265433965	-2048
1598953265433965	-2048
1598953265433968	-256
1598953265433969	-256
1598953265433985	32769536
1598953265433991	262144
1598953265434017	34083072
1598953265434031	6912
1598953265434115	-32769536
1598953265434117	-6912
1598953265434119	-262144
1598953265434142	262144
1598953265434149	262144
1598953265434163	2560
1598953265435221	-2560
1598953265435223	-262144
1598953265435231	-102762496
1598953265435981	-2048
1598953265436018	-2048
1598953265436054	-25690112
1598953265436084	-262144
1598953265436098	32769536
1598953265436099	512
1598953265436100	512
1598953265436101	256
1598953265436119	256
1598953265436213	-34083072
1598953265436214	-25690112
1598953265436215	-512
1598953265436216	-512
1598953265436218	-256
1598953265436218	-256
1598953265436266	-262144
1598953265436276	34083072
1598953265436282	589824
1598953265436304	25690112
1598953265436319	117964800
1598953265436398	-34083072
1598953265436400	-117964800
1598953265436401	-589824
1598953265436436	589824
1598953265436443	589824
1598953265436458	117964800
1598953265437464	-117964800
1598953265437467	-589824
1598953265437474	-32769536
1598953265438380	-512
1598953265438411	-512
1598953265438445	-25690112
1598953265438475	-589824
1598953265438484	25690112
1598953265438485	512
1598953265438486	512
1598953265438487	256
1598953265438709	256
1598953265438782	-25690112
1598953265438784	-25690112
1598953265438784	-512
1598953265438785	-512
1598953265438786	-256
1598953265438787	-256
1598953265439029	-589824
1598953265439039	102760448
1598953265439049	262144
1598953265439071	102760448
1598953265439085	6912
1598953265439496	-102760448
1598953265439498	-6912
1598953265439500	-262144
1598953265439522	262144
1598953265439529	262144
1598953265439543	3072
1598953265440518	-3072
1598953265440520	-262144
1598953265440527	-25690112
1598953265440565	-512
1598953265441472	-512
1598953265441502	-102760448
1598953265441533	-262144
1598953265441561	-102760448
1598953265441592	-262144
1598953265441601	102764544
1598953265441602	2048
1598953265441603	2304
1598953265441603	256
1598953265441625	256
1598953265441694	-102760448
1598953265441695	-2048
1598953265441696	-2048
1598953265441698	-256
1598953265441698	-256
1598953265441715	32769536
1598953265441720	262144
1598953265441755	34083072
1598953265441769	6912
1598953265442065	-32769536
1598953265442067	-6912
1598953265442068	-262144
1598953265442090	262144
1598953265442103	262144
1598953265442118	2560
1598953265443660	-2560
1598953265443663	-262144
1598953265443670	-102764544
1598953265443709	-2048
1598953265443742	-2304
1598953265443773	-25692160
1598953265443800	-262144
1598953265443813	25692160
1598953265443814	512
1598953265443814	512
1598953265443815	256
1598953265443837	256
1598953265443917	-34083072
1598953265443918	-25690112
1598953265443919	-512
1598953265443919	-512
1598953265443921	-256
1598953265443921	-256
1598953265443968	-262144
1598953265443977	25690112
1598953265443983	589824
1598953265444008	32769536
1598953265444022	117964800
1598953265444100	-25690112
1598953265444102	-117964800
1598953265444103	-589824
1598953265444131	589824
1598953265444138	589824
1598953265444153	117964800
1598953265446065	-117964800
1598953265446068	-589824
1598953265446075	-25692160
1598953265446128	-512
1598953265446156	-512
1598953265446381	-25690112
1598953265446413	-589824
1598953265446422	34083072
1598953265446423	512
1598953265446424	512
1598953265446425	256
1598953265446689	256
1598953265446763	-32769536
1598953265446764	-25690112
1598953265446765	-512
1598953265446766	-512
1598953265446767	-256
1598953265446768	-256
1598953265446815	-589824
1598953265446824	102762496
1598953265446834	262144
1598953265446856	102760448
1598953265446869	6912
1598953265447196	-102762496
1598953265447198	-6912
1598953265447199	-262144
1598953265447222	262144
1598953265447228	262144
1598953265447242	4352
1598953265449129	-4352
1598953265449130	-262144
1598953265449138	-34083072
1598953265449174	-512
1598953265449205	-512
1598953265449234	-102760448
1598953265449266	-262144
1598953265449296	-102760448
1598953265449324	-262144
1598953265449335	102762496
1598953265449336	2048
1598953265449337	2304
1598953265449337	256
1598953265449411	256
1598953265449486	-102760448
1598953265449487	-2048
1598953265449488	-2048
1598953265449490	-256
1598953265449490	-256
1598953265449523	102760448
1598953265449524	2048
1598953265449525	2048
1598953265449525	256
1598953265449551	256
1598953265449763	-102760448
1598953265449765	-102760448
1598953265449765	-2048
1598953265449766	-2048
1598953265449767	-256
1598953265449768	-256
1598953265449785	205520896
1598953265449790	524288
1598953265450218	205520896
1598953265450455	-205520896
1598953265450456	-524288
1598953265450481	524288
1598953265450487	589824
1598953265450508	2560
1598953265451405	-2560
1598953265451407	-589824
1598953265451414	-102762496
1598953265451451	-2048
1598953265451495	-2304
1598953265451505	32769536
1598953265451510	262144
1598953265451535	34083072
1598953265451548	6912
1598953265451685	-32769536
1598953265451687	-6912
1598953265451689	-262144
1598953265451710	262144
1598953265451716	262144
1598953265451728	4352
1598953265452742	-4352
1598953265452744	-262144
1598953265452751	-102760448
1598953265452794	-2048
1598953265452819	-2048
1598953265453705	-524288
1598953265453737	-25690112
1598953265453761	-262144
1598953265453791	-524288
1598953265453803	32769536
1598953265453804	512
1598953265453804	512
1598953265453805	256
1598953265454038	256
1598953265454115	-34083072
1598953265454116	-25690112
1598953265454118	-512
1598953265454118	-512
1598953265454120	-256
1598953265454120	-256
1598953265454356	-262144
1598953265454370	34084096
1598953265454376	589824
1598953265454397	25690112
1598953265454411	179836928
1598953265454827	-34084096
1598953265454829	-179836928
1598953265454830	-589824
1598953265454853	589824
1598953265454859	589824
1598953265454878	179836928
1598953265456772	-179836928
1598953265456774	-589824
1598953265456781	-32769536
1598953265456818	-512
1598953265456852	-512
1598953265456883	-25690112
1598953265456910	-589824
1598953265456922	32769536
1598953265456923	512
1598953265456923	512
1598953265456924	256
1598953265456941	256
1598953265457008	-25690112
1598953265457010	-38525184
1598953265457011	-512
1598953265457011	-512
1598953265457013	-256
1598953265457013	-256
1598953265457059	-589824
1598953265457068	205520896
1598953265457073	261120
1598953265457093	282599424
1598953265457336	-205520896
1598953265457341	-261120
1598953265457392	261120
1598953265457405	131072
1598953265457445	2560
1598953265458967	-2560
1598953265458971	-131072
1598953265458984	-32769536
1598953265459045	-512
1598953265459091	-512
1598953265459137	-282599424
1598953265459174	-131072
1598953265459215	-205520896
1598953265459257	-261120
1598953265459270	205520896
1598953265459272	1024
1598953265459273	1024
1598953265459274	256
1598953265459300	256
1598953265459406	-205520896
1598953265459407	-1024
1598953265459409	-1024
1598953265459412	-256
1598953265459413	-256
1598953265459436	51380224
1598953265459444	129024
1598953265459482	51380224
1598953265459508	21248
1598953265459604	-51380224
1598953265459607	-21248
1598953265459609	-129024
1598953265459639	129024
1598953265459648	65536
1598953265459668	3072
1598953265461359	-3072
1598953265461362	-65536
1598953265461372	-205520896
1598953265461431	-1024
1598953265461469	-1024
1598953265461510	-51380224
1598953265461701	-65536
1598953265461715	51380224
1598953265461716	256
1598953265461717	256
1598953265461718	256
1598953265461743	256
1598953265462081	-51380224
1598953265462085	-51380224
1598953265462086	-256
1598953265462089	-256
1598953265462105	-256
1598953265462106	-256
1598953265462172	-129024
1598953265462185	51380224
1598953265462193	262144
1598953265462223	51380224
1598953265462249	89178112
1598953265462706	-51380224
1598953265462710	-89178112
1598953265462712	-262144
1598953265462743	262144
1598953265462752	262144
1598953265462772	5632
1598953265463485	-5632
1598953265463488	-262144
1598953265463498	-51380224
1598953265463557	-256
1598953265464434	-256
1598953265464478	-51380224
1598953265464523	-147456
1598953265464537	51380224
1598953265464538	256
1598953265464539	256
1598953265464539	256
1598953265464564	256
1598953265464658	-51380224
1598953265464660	-51380224
1598953265464662	-256
1598953265464669	-256
1598953265464672	-256
1598953265464673	-256
1598953265464728	-262144
1598953265464744	205520896
1598953265464752	65536
1598953265464782	205520896
1598953265464800	21248
1598953265464890	-205520896
1598953265464893	-21248
1598953265464895	-65536
1598953265464924	65536
1598953265464933	65536
1598953265464952	3072
1598953265465867	-3072
1598953265465870	-65536
1598953265465880	-51380224
1598953265466626	-256
1598953265466671	-256
1598953265466708	-205520896
1598953265466750	-65536
1598953265466791	-205520896
1598953265466828	-65536
1598953265466840	205520896
1598953265466841	1024
1598953265466842	1024
1598953265466847	256
1598953265466872	256
1598953265466967	-205520896
1598953265466968	-1024
1598953265466969	-1024
1598953265466972	-256
1598953265466973	-256
1598953265466994	51380224
1598953265467002	65536
1598953265467037	51380224
1598953265467056	21248
1598953265467155	-51380224
1598953265467158	-21248
1598953265467160	-65536
1598953265467188	65536
1598953265467196	65536
1598953265467215	3072
1598953265468117	-3072
1598953265468120	-65536
1598953265468129	-205520896
1598953265469036	-1024
1598953265469079	-1024
1598953265469121	-51380224
1598953265469158	-65536
1598953265469174	51380224
1598953265469175	256
1598953265469176	256
1598953265469177	256
1598953265469370	256
1598953265469463	-51380224
1598953265469466	-51380224
1598953265469467	-256
1598953265469469	-256
1598953265469472	-256
1598953265469473	-256
1598953265469691	-65536
1598953265469703	51380224
1598953265469710	262144
1598953265469742	51380224
1598953265469760	89178112
1598953265470073	-51380224
1598953265470076	-89178112
1598953265470078	-262144
1598953265470126	262144
1598953265470135	262144
1598953265470155	5632
1598953265470774	-5632
1598953265470778	-262144
1598953265470787	-51380224
1598953265473497	-256
1598953265473540	-256
1598953265473580	-51380224
1598953265475473	-147456
1598953265475486	51380224
1598953265475487	256
1598953265475488	256
1598953265475489	256
1598953265475515	256
1598953265475607	-51380224
1598953265475609	-51380224
1598953265475610	-256
1598953265475612	-256
1598953265475615	-256
1598953265475615	-256
1598953265475674	-262144
1598953265475685	205520896
1598953265475692	65536
1598953265475726	205520896
1598953265475745	21248
1598953265476525	-205520896
1598953265476528	-21248
1598953265476530	-65536
1598953265476558	65536
1598953265476567	65536
1598953265476585	3072
1598953265477552	-3072
1598953265477555	-65536
1598953265477564	-51380224
1598953265477612	-256
1598953265477645	-256
1598953265477684	-205520896
1598953265477724	-65536
1598953265477758	-205520896
1598953265477795	-65536
1598953265477808	205520896
1598953265477810	1024
1598953265477810	1024
1598953265477811	256
1598953265477835	256
1598953265477934	-205520896
1598953265477936	-1024
1598953265477938	-1024
1598953265477939	-256
1598953265477940	-256
1598953265477958	205520896
1598953265477960	1024
1598953265477961	1024
1598953265477961	256
1598953265477992	256
1598953265478072	-205520896
1598953265478075	-205520896
1598953265478076	-1024
1598953265478083	-1024
1598953265478085	-256
1598953265478086	-256
1598953265478114	83471872
1598953265478121	126976
1598953265478179	51380224
1598953265478198	21248
1598953265478929	-83471872
1598953265478931	-21248
1598953265478933	-126976
1598953265478960	126976
1598953265478969	65536
1598953265478987	3072
1598953265479883	-3072
1598953265479886	-65536
1598953265479895	-205520896
1598953265479942	-1024
1598953265479982	-1024
1598953265479992	83471872
1598953265479999	65536
1598953265480031	51380224
1598953265480048	21248
1598953265480172	-83471872
1598953265480174	-21248
1598953265480176	-65536
1598953265480202	65536
1598953265480210	65536
1598953265480227	3072
1598953265481456	-3072
1598953265481459	-65536
1598953265481467	-205520896
1598953265481513	-1024
1598953265482001	-1024
1598953265482042	-65536
1598953265482083	-51380224
1598953265482152	-65536
1598953265482622	-126976
1598953265482641	51380224
1598953265482642	256
1598953265482644	256
1598953265482645	256
1598953265482670	256
1598953265483287	-51380224
1598953265483290	-51380224
1598953265483291	-256
1598953265483292	-256
1598953265483294	-256
1598953265483295	-256
1598953265483350	-65536
1598953265483367	85176832
1598953265483374	262144
1598953265483404	51380224
1598953265483421	154140672
1598953265484277	-85176832
1598953265484279	-154140672
1598953265484280	-262144
1598953265484310	262144
1598953265484319	147456
1598953265484346	5632
1598953265484989	-5632
1598953265484993	-147456
1598953265485003	-51380224
1598953265485051	-256
1598953265485091	-256
1598953265485973	-51380224
1598953265486010	-147456
1598953265486024	85176832
1598953265486025	256
1598953265486026	256
1598953265486027	256
1598953265486051	256
1598953265486153	-51380224
1598953265486156	-51380224
1598953265486157	-256
1598953265486158	-256
1598953265486160	-256
1598953265486161	-256
1598953265486219	-262144
1598953265486231	51380224
1598953265486238	16384
1598953265486267	51380224
1598953265486285	21248
1598953265486421	-51380224
1598953265486424	-21248
1598953265486426	-16384
1598953265486454	16384
1598953265486462	16384
1598953265486480	3072
1598953265487385	-3072
1598953265487388	-16384
1598953265487397	-85176832
1598953265487588	-256
1598953265487778	-256
1598953265488450	-51380224
1598953265488483	-16384
1598953265488497	205520896
1598953265488565	-51380224
1598953265488566	-51380224
1598953265488617	-16384
1598953265488652	-205520896
1598953265488661	256901120
1598953265488662	256
1598953265488663	256
1598953265488664	256
1598953265488691	256
1598953265488775	-205520896
1598953265488777	-205520896
1598953265488778	-256
1598953265488780	-256
1598953265488782	-256
1598953265488782	-256
1598953265488801	37632
1598953265488810	37632
1598953265488828	35840
1598953265488989	-35840
1598953265488992	-37632
1598953265489001	-40627200
1598953265489002	-256901120
1598953265490062	-256
1598953265490108	-256
1598953265490150	-37632
1598953265490186	-256
1598953265490188	-37632
