1598953263365447	256
1598953263365632	256
1598953263365685	256
1598953263365883	256
1598953263366014	-256
1598953263366121	256
1598953263366182	256
1598953263366321	256
1598953263366375	256
1598953263366453	-256
1598953263366551	256
1598953263366635	-256
1598953263366726	256
1598953263366806	-256
1598953263366847	256
1598953263367003	-256
1598953263367004	-256
1598953263367006	-256
1598953263367008	-256
1598953263367030	256
1598953263367205	-256
1598953263367218	-256
1598953263367272	-256
1598953263368171	256
1598953263368872	256
1598953263368877	256
1598953263368947	-256
1598953263368975	262144
1598953263369038	256
1598953263369058	9216
1598953263369123	-9216
1598953263369146	2359296
1598953263369199	256
1598953263369211	9216
1598953263369270	-9216
1598953263369291	2359296
1598953263369340	256
1598953263369343	256
1598953263369393	-256
1598953263369413	262144
1598953263369462	256
1598953263369464	256
1598953263369513	-256
1598953263369533	131072
1598953263369582	256
1598953263369584	256
1598953263369641	-256
1598953263369662	262144
1598953263369711	256
1598953263369713	256
1598953263369761	-256
1598953263369781	589824
1598953263369830	256
1598953263369832	256
1598953263369880	-256
1598953263369899	262144
1598953263369948	256
1598953263369950	256
1598953263369997	-256
1598953263370017	589824
1598953263370065	256
1598953263370067	256
1598953263370142	-256
1598953263370165	262144
1598953263370216	256
1598953263370218	256
1598953263370268	-256
1598953263370287	262144
1598953263370335	256
1598953263370337	256
1598953263370387	-256
1598953263370406	589824
1598953263370453	256
1598953263370455	256
1598953263370503	-256
1598953263370522	524288
1598953263370580	256
1598953263370582	256
1598953263370627	-256
1598953263370645	589824
1598953263370690	256
1598953263370692	256
1598953263370738	-256
1598953263370755	262144
1598953263370801	256
1598953263370803	256
1598953263370849	-256
1598953263370866	1048576
1598953263370911	256
1598953263370925	9216
1598953263370985	-9216
1598953263371005	2097152
1598953263371052	256
1598953263371054	256
1598953263371100	-256
1598953263371119	1048576
1598953263371164	256
1598953263371166	256
1598953263371210	-256
1598953263371227	1048576
1598953263371272	256
1598953263371274	256
1598953263371320	-256
1598953263371338	1048576
1598953263371383	256
1598953263371385	256
1598953263371430	-256
1598953263371448	1048576
1598953263371493	256
1598953263371495	256
1598953263371540	-256
1598953263371559	1048576
1598953263371603	256
1598953263371605	256
1598953263371650	-256
1598953263371668	1048576
1598953263371711	256
1598953263371713	256
1598953263371759	-256
1598953263371777	1048576
1598953263371821	256
1598953263371823	256
1598953263371868	-256
1598953263371886	1048576
1598953263371931	256
1598953263371933	256
1598953263371978	-256
1598953263371996	1048576
1598953263372041	256
1598953263372054	9216
1598953263372116	-9216
1598953263372136	2359296
1598953263372182	256
1598953263372184	256
1598953263372231	-256
1598953263372249	1048576
1598953263372293	256
1598953263372305	9216
1598953263372360	-9216
1598953263372379	9437184
1598953263372425	256
1598953263372437	9216
1598953263372490	-9216
1598953263372510	9437184
1598953263372556	256
1598953263372567	9216
1598953263372621	-9216
1598953263372641	2359296
1598953263372689	38535168
1598953263372748	256
1598953263372792	4096
1598953263372833	256
1598953263372835	256
1598953263372879	-256
1598953263372897	524288
1598953263372942	256
1598953263372944	256
1598953263372990	-256
1598953263373007	147456
1598953263373052	256
1598953263373054	256
1598953263373100	-256
1598953263373117	147456
1598953263373162	256
1598953263373164	256
1598953263373209	-256
1598953263373227	65536
1598953263373267	256
1598953263373279	9216
1598953263373333	-9216
1598953263373351	4194304
1598953263373396	256
1598953263373398	256
1598953263373448	-256
1598953263373466	65536
1598953263373507	256
1598953263373509	256
1598953263373553	-256
1598953263373570	65536
1598953263373611	256
1598953263373612	256
1598953263373656	-256
1598953263373674	37632
1598953263373714	256
1598953263373717	256
1598953263373760	-256
1598953263373777	65536
1598953263373817	256
1598953263373819	256
1598953263373863	-256
1598953263373879	65536
1598953263373919	256
1598953263373921	256
1598953263373965	-256
1598953263373981	65536
1598953263374021	256
1598953263374033	9216
1598953263374086	-9216
1598953263374114	8200192
1598953263374163	256
1598953263374165	256
1598953263374212	-256
1598953263374230	147456
1598953263374275	256
1598953263374287	9216
1598953263374342	-9216
1598953263374362	2097152
1598953263374413	256
1598953263374424	9216
1598953263374478	-9216
1598953263374497	4194304
1598953263374542	256
1598953263374553	9216
1598953263374607	-9216
1598953263374626	2359296
1598953263374671	256
1598953263374713	16384
1598953263374754	256
1598953263374765	9216
1598953263374818	-9216
1598953263374836	9437184
1598953263374881	256
1598953263374893	9216
1598953263374946	-9216
1598953263374965	2359296
1598953263375010	256
1598953263375021	9216
1598953263375075	-9216
1598953263375094	8388608
1598953263375149	256
1598953263375160	9216
1598953263375213	-9216
1598953263375232	4194304
1598953263375277	256
1598953263375288	9216
1598953263375343	-9216
1598953263375362	4194304
1598953263375408	256
1598953263375418	9216
1598953263375472	-9216
1598953263375491	4194304
1598953263375545	40627200
1598953263375588	-38535168
1598953263375772	-256
1598953263375773	-256
1598953263375774	-256
1598953263375775	-256
1598953263375776	-256
1598953263375777	-256
1598953263375779	-256
1598953263375779	-256
1598953263375780	-256
1598953263375781	-256
1598953263375782	-256
1598953263375783	-256
1598953263375784	-256
1598953263375784	-256
1598953263375785	-256
1598953263375786	-256
1598953263375787	-256
1598953263375788	-256
1598953263375789	-256
1598953263375790	-256
1598953263375791	-256
1598953263375792	-256
1598953263375792	-256
1598953263375793	-256
1598953263375794	-256
1598953263375795	-256
1598953263375796	-256
1598953263375797	-256
1598953263375798	-256
1598953263375799	-256
1598953263375800	-256
1598953263375801	-256
1598953263375801	-256
1598953263375802	-256
1598953263375803	-256
1598953263375804	-256
1598953263375805	-256
1598953263375806	-256
1598953263375806	-256
1598953263375807	-256
1598953263375808	-256
1598953263375809	-256
1598953263375810	-256
1598953263375811	-256
1598953263375812	-256
1598953263375812	-256
1598953263375813	-256
1598953263375814	-256
1598953263375815	-256
1598953263375815	-256
1598953263375817	-256
1598953263375818	-256
1598953263375819	-256
1598953263375820	-256
1598953263375845	205520896
1598953263375855	37632
1598953263375924	75520
1598953263376038	-75520
1598953263376042	-37632
1598953263376148	205520896
1598953263376149	256
1598953263376150	256
1598953263376151	256
1598953263376152	256
1598953263376446	51380224
1598953263376617	51380224
1598953263376625	16384
1598953263376678	18944
1598953263376754	-18944
1598953263376759	-16384
1598953263376794	205520896
1598953263376800	65536
1598953263376855	18944
1598953263376927	-18944
1598953263376930	-65536
1598953263377045	-256
1598953263377086	-256
1598953263377102	51380224
1598953263377103	256
1598953263377104	256
1598953263377105	256
1598953263377106	256
1598953263377241	205520896
1598953263377243	1024
1598953263377244	1024
1598953263377246	1024
1598953263377247	1024
1598953263377582	51380224
1598953263377589	147456
1598953263377644	89178112
1598953263378012	-89178112
1598953263378016	-147456
1598953263378286	51380224
1598953263378287	256
1598953263378288	256
1598953263378289	256
1598953263378290	256
1598953263378458	-256
1598953263378519	-256
1598953263378560	-1024
1598953263378597	-1024
1598953263378737	205520896
1598953263378744	65536
1598953263378798	18944
1598953263378876	-18944
1598953263378879	-65536
1598953263379029	205520896
1598953263379030	1024
1598953263379031	1024
1598953263379032	1024
1598953263379034	1024
1598953263379198	-256
1598953263379240	-256
1598953263379286	-205520896
1598953263379500	51380224
1598953263379508	65536
1598953263379560	18944
1598953263379641	-18944
1598953263379645	-65536
1598953263379737	-1024
1598953263379776	-1024
1598953263379792	51380224
1598953263379793	256
1598953263379794	256
1598953263379795	256
1598953263379796	256
1598953263380055	51380224
1598953263380062	147456
1598953263380113	89178112
1598953263380464	-89178112
1598953263380467	-147456
1598953263380621	51380224
1598953263380622	256
1598953263380623	256
1598953263380624	256
1598953263380625	256
1598953263380789	-256
1598953263380832	-256
1598953263380972	205520896
1598953263380979	65536
1598953263381032	18944
1598953263381107	-18944
1598953263381110	-65536
1598953263381259	205520896
1598953263381260	1024
1598953263381261	1024
1598953263381263	1024
1598953263381264	1024
1598953263381426	-256
1598953263381467	-256
1598953263381724	51380224
1598953263381731	65536
1598953263381784	18944
1598953263381856	-18944
1598953263381860	-65536
1598953263381950	-1024
1598953263381989	-1024
1598953263382005	51380224
1598953263382006	256
1598953263382007	256
1598953263382008	256
1598953263382009	256
1598953263382295	51380224
1598953263382303	147456
1598953263382356	89178112
1598953263382702	-89178112
1598953263382706	-147456
1598953263382866	51380224
1598953263382867	256
1598953263382868	256
1598953263382869	256
1598953263382870	256
1598953263383034	-256
1598953263383077	-256
1598953263383220	205520896
1598953263383227	65536
1598953263383280	18944
1598953263383355	-18944
1598953263383358	-65536
1598953263383513	205520896
1598953263383514	1024
1598953263383515	1024
1598953263383517	1024
1598953263383518	1024
1598953263383682	-256
1598953263383725	-256
1598953263384004	102760448
1598953263384012	524288
1598953263384066	4864
1598953263384138	-4864
1598953263384142	-524288
1598953263384215	38525184
1598953263384222	131072
1598953263384277	4864
1598953263384347	-4864
1598953263384351	-131072
1598953263384416	-1024
1598953263384457	-1024
1598953263384473	102760448
1598953263384474	2048
1598953263384475	2048
1598953263384476	2048
1598953263384478	2048
1598953263384605	25690112
1598953263384607	512
1598953263384608	512
1598953263384610	512
1598953263384611	512
1598953263385030	25690112
1598953263385036	589824
1598953263385090	117964800
1598953263385244	-117964800
1598953263385248	-589824
1598953263385429	-2048
1598953263385487	-2048
1598953263385502	25690112
1598953263385503	512
1598953263385504	512
1598953263385505	512
1598953263385506	512
1598953263385672	-512
1598953263385713	-512
1598953263385856	102760448
1598953263385863	262144
1598953263385916	4864
1598953263385991	-4864
1598953263385994	-262144
1598953263386173	102760448
1598953263386174	2048
1598953263386176	2048
1598953263386177	2048
1598953263386178	2048
1598953263386346	-512
1598953263386388	-512
1598953263386434	-102760448
1598953263386673	25690112
1598953263386680	262144
1598953263386731	4864
1598953263386802	-4864
1598953263386805	-262144
1598953263386896	-2048
1598953263386935	-2048
1598953263386951	25690112
1598953263386952	512
1598953263386953	512
1598953263386954	512
1598953263386955	512
1598953263387208	25690112
1598953263387215	589824
1598953263387266	117964800
1598953263387376	-117964800
1598953263387379	-589824
1598953263387528	25692160
1598953263387529	512
1598953263387530	512
1598953263387532	512
1598953263387533	512
1598953263387691	-512
1598953263387732	-512
1598953263387871	102760448
1598953263387878	262144
1598953263387928	4864
1598953263387998	-4864
1598953263388001	-262144
1598953263388148	102760448
1598953263388150	2048
1598953263388151	2048
1598953263388153	2048
1598953263388154	2048
1598953263388311	-512
1598953263388351	-512
1598953263388604	25690112
1598953263388611	262144
1598953263388662	4864
1598953263388731	-4864
1598953263388734	-262144
1598953263388825	-2048
1598953263388864	-2048
1598953263388880	25690112
1598953263388881	512
1598953263388882	512
1598953263388883	512
1598953263388884	512
1598953263389137	25690112
1598953263389144	589824
1598953263389195	117964800
1598953263389304	-117964800
1598953263389308	-589824
1598953263389455	25690112
1598953263389456	512
1598953263389458	512
1598953263389459	512
1598953263389460	512
1598953263389618	-512
1598953263389657	-512
1598953263389797	102760448
1598953263389804	262144
1598953263389853	4864
1598953263389923	-4864
1598953263389926	-262144
1598953263390072	102760448
1598953263390073	2048
1598953263390074	2048
1598953263390076	2048
1598953263390077	2048
1598953263390248	-512
1598953263390289	-512
1598953263390546	25690112
1598953263390552	262144
1598953263390604	4864
1598953263390674	-4864
1598953263390677	-262144
1598953263390769	-2048
1598953263390807	-2048
1598953263390822	25690112
1598953263390823	512
1598953263390824	512
1598953263390825	512
1598953263390826	512
1598953263391114	25690112
1598953263391121	589824
1598953263391172	117964800
1598953263391281	-117964800
1598953263391285	-589824
1598953263391436	25690112
1598953263391437	512
1598953263391438	512
1598953263391439	512
1598953263391440	512
1598953263391600	-512
1598953263391641	-512
1598953263391780	102760448
1598953263391787	262144
1598953263391837	4864
1598953263391908	-4864
1598953263391911	-262144
1598953263392059	102760448
1598953263392060	2048
1598953263392062	2048
1598953263392063	2048
1598953263392064	2048
1598953263392221	-512
1598953263392260	-512
1598953263392517	51380224
1598953263392524	2097152
1598953263392575	1280
1598953263392646	-1280
1598953263392650	-2097152
1598953263392720	12845056
1598953263392727	524288
1598953263392780	1280
1598953263392847	-1280
1598953263392850	-524288
1598953263392927	-2048
1598953263392966	-2048
1598953263392980	51380224
1598953263392982	4096
1598953263392983	4096
1598953263392985	4096
1598953263392986	4096
1598953263393094	12845056
1598953263393096	1024
1598953263393096	1024
1598953263393097	1024
1598953263393098	1024
1598953263393495	12845056
1598953263393502	2359296
1598953263393553	84934656
1598953263393662	-84934656
1598953263393665	-2359296
1598953263393831	-4096
1598953263393869	-4096
1598953263393883	12845056
1598953263393884	1024
1598953263393885	1024
1598953263393886	1024
1598953263393888	1024
1598953263394029	-1024
1598953263394068	-1024
1598953263394219	51380224
1598953263394226	1048576
1598953263394278	1280
1598953263394349	-1280
1598953263394352	-1048576
1598953263394506	51380224
1598953263394507	6144
1598953263394508	4096
1598953263394510	4096
1598953263394511	4096
1598953263394648	-1024
1598953263394688	-1024
1598953263394732	-51380224
1598953263394957	12845056
1598953263394964	1048576
1598953263395014	2048
1598953263395083	-2048
1598953263395086	-1048576
1598953263395186	-6144
1598953263395225	-4096
1598953263395241	12845056
1598953263395242	1024
1598953263395243	1024
1598953263395244	1024
1598953263395244	1024
1598953263395480	12845056
1598953263395486	2359296
1598953263395537	84934656
1598953263395664	-84934656
1598953263395667	-2359296
1598953263395810	12849152
1598953263395812	1024
1598953263395812	1024
1598953263395814	1024
1598953263395815	1024
1598953263395952	-1024
1598953263395991	-1024
1598953263396127	51380224
1598953263396133	1048576
1598953263396182	2048
1598953263396251	-2048
1598953263396253	-1048576
1598953263396399	51380224
1598953263396400	4096
1598953263396401	4096
1598953263396403	4096
1598953263396404	4096
1598953263396541	-1024
1598953263396579	-1024
1598953263396832	12845056
1598953263396838	1048576
1598953263396888	2048
1598953263396957	-2048
1598953263396960	-1048576
1598953263397049	-4096
1598953263397087	-4096
1598953263397102	12845056
1598953263397103	1024
1598953263397104	1024
1598953263397105	1024
1598953263397106	1024
1598953263397338	12845056
1598953263397344	2359296
1598953263397392	84934656
1598953263397500	-84934656
1598953263397504	-2359296
1598953263397647	12845056
1598953263397649	1024
1598953263397650	1024
1598953263397651	1024
1598953263397652	1024
1598953263397787	-1024
1598953263397826	-1024
1598953263397962	51380224
1598953263397968	1048576
1598953263398017	1280
1598953263398087	-1280
1598953263398090	-1048576
1598953263398249	51380224
1598953263398250	6144
1598953263398252	4096
1598953263398253	4096
1598953263398254	4096
1598953263398396	-1024
1598953263398436	-1024
1598953263398687	12845056
1598953263398693	1048576
1598953263398744	2048
1598953263398813	-2048
1598953263398816	-1048576
1598953263398905	-6144
1598953263398944	-4096
1598953263398960	12845056
1598953263398960	1024
1598953263398961	1024
1598953263398962	1024
1598953263398963	1024
1598953263399196	12845056
1598953263399202	2359296
1598953263399252	84934656
1598953263399359	-84934656
1598953263399362	-2359296
1598953263399509	12845056
1598953263399511	1024
1598953263399512	1024
1598953263399513	1024
1598953263399514	1024
1598953263399653	-1024
1598953263399693	-1024
1598953263399830	51380224
1598953263399837	1048576
1598953263399887	1280
1598953263399956	-1280
1598953263399959	-1048576
1598953263400102	51380224
1598953263400103	6144
1598953263400104	4096
1598953263400105	4096
1598953263400106	4096
1598953263400243	-1024
1598953263400282	-1024
1598953263400534	12845056
1598953263400541	1048576
1598953263400590	2048
1598953263400658	-2048
1598953263400661	-1048576
1598953263400749	-6144
1598953263400787	-4096
1598953263400801	12845056
1598953263400802	1024
1598953263400803	1024
1598953263400804	1024
1598953263400805	1024
1598953263401037	12845056
1598953263401043	2359296
1598953263401092	84934656
1598953263401199	-84934656
1598953263401203	-2359296
1598953263401350	12845056
1598953263401351	1024
1598953263401352	1024
1598953263401354	1024
1598953263401354	1024
1598953263401491	-1024
1598953263401530	-1024
1598953263401664	51380224
1598953263401671	1048576
1598953263401721	1280
1598953263401790	-1280
1598953263401793	-1048576
1598953263401937	51380224
1598953263401939	6144
1598953263401940	4096
1598953263401941	4096
1598953263401942	4096
1598953263402078	-1024
1598953263402135	-1024
1598953263402396	12845056
1598953263402403	1048576
1598953263402451	2048
1598953263402532	-2048
1598953263402535	-1048576
1598953263402623	-6144
1598953263402659	-4096
1598953263402673	12845056
1598953263402674	1024
1598953263402675	1024
1598953263402676	1024
1598953263402677	1024
1598953263402897	12845056
1598953263402903	2359296
1598953263402950	84934656
1598953263404736	-84934656
1598953263404740	-2359296
1598953263404883	12845056
1598953263404884	1024
1598953263404885	1024
1598953263404887	1024
1598953263404888	1024
1598953263405580	-1024
1598953263405619	-1024
1598953263405751	51380224
1598953263405758	1048576
1598953263407365	1280
1598953263407433	-1280
1598953263407436	-1048576
1598953263407923	51380224
1598953263407924	6144
1598953263407925	4096
1598953263407927	4096
1598953263407928	4096
1598953263408684	-1024
1598953263408721	-1024
1598953263409084	6422528
1598953263409094	2097152
1598953263409176	512
1598953263409595	-512
1598953263409602	-2097152
1598953263409681	25690112
1598953263409691	8388608
1598953263409835	512
1598953263409959	-512
1598953263409964	-8388608
1598953263410068	-6144
1598953263410125	-4096
1598953263410142	6422528
1598953263410143	2048
1598953263410144	2048
1598953263410145	2048
1598953263410146	2048
1598953263410267	25690112
1598953263410269	8192
1598953263410270	8192
1598953263410271	8192
1598953263410272	8192
1598953263410568	6422528
1598953263410575	9437184
1598953263411119	75497472
1598953263411748	-75497472
1598953263411752	-9437184
1598953263412751	6422528
1598953263412752	2048
1598953263412753	2048
1598953263412754	2048
1598953263412756	2048
1598953263412889	-2048
1598953263412926	-2048
1598953263412963	-8192
1598953263413693	-8192
1598953263414003	25690112
1598953263414010	4194304
1598953263414059	512
1598953263414161	-512
1598953263414164	-4194304
1598953263414307	25690112
1598953263414308	8192
1598953263414309	8192
1598953263414310	8192
1598953263414312	8192
1598953263414956	-2048
1598953263414993	-2048
1598953263415150	-25690112
1598953263415378	6422528
1598953263415384	4194304
1598953263415432	512
1598953263416276	-512
1598953263416279	-4194304
1598953263416361	-8192
1598953263416871	-8192
1598953263416886	6422528
1598953263416887	2048
1598953263416888	2048
1598953263416888	2048
1598953263416889	2048
1598953263417528	6422528
1598953263417534	9437184
1598953263417580	75497472
1598953263417970	-75497472
1598953263417973	-9437184
1598953263418890	6422528
1598953263418892	2048
1598953263418893	2048
1598953263418895	2048
1598953263418896	2048
1598953263419051	-2048
1598953263419169	-2048
1598953263419298	25690112
1598953263419304	4194304
1598953263419426	512
1598953263419933	-512
1598953263419937	-4194304
1598953263420201	25690112
1598953263420202	8192
1598953263420203	8192
1598953263420205	8192
1598953263420206	8192
1598953263420393	-2048
1598953263420431	-2048
1598953263421470	6422528
1598953263421476	4194304
1598953263421523	512
1598953263422068	-512
1598953263422071	-4194304
1598953263422631	-8192
1598953263422671	-8192
1598953263422685	6422528
1598953263422686	2048
1598953263422687	2048
1598953263422688	2048
1598953263422689	2048
1598953263423126	6422528
1598953263423132	9437184
1598953263423180	75497472
1598953263424058	-75497472
1598953263424061	-9437184
1598953263424377	6422528
1598953263424379	2048
1598953263424380	2048
1598953263424381	2048
1598953263424381	2048
1598953263424511	-2048
1598953263424549	-2048
1598953263425120	25690112
1598953263425126	4194304
1598953263425333	512
1598953263425503	-512
1598953263425507	-4194304
1598953263425642	25690112
1598953263425644	8192
1598953263425645	8192
1598953263425646	8192
1598953263425647	8192
1598953263425775	-2048
1598953263425812	-2048
1598953263427795	-8192
1598953263427830	-8192
1598953263427846	524288
1598953263427938	256256
1598953263428276	256
1598953263428278	256
1598953263430390	-256
1598953263430400	-256
1598953263430474	256
1598953263430659	-256
1598953263430673	4096
1598953263430750	524288
1598953263430808	8200192
1598953263430845	-524288
1598953263430846	-256256
1598953263430942	-4096
1598953263430994	-8200192
1598953263431036	-256
1598953263431085	-4096
1598953263431097	25690112
1598953263431134	-524288
1598953263431179	-8200192
1598953263431620	-25690112
1598953263431646	25698304
1598953263431647	8192
1598953263431648	8192
1598953263431649	256
1598953263431729	256
1598953263431820	-25690112
1598953263431821	-8192
1598953263431823	-8192
1598953263431825	-256
1598953263431826	-256
1598953263431934	8192512
1598953263431948	4194304
1598953263431985	6422528
1598953263432011	4096
1598953263432111	-8192512
1598953263432114	-4096
1598953263432115	-4194304
1598953263432149	8192512
1598953263432160	4194304
1598953263432186	4096
1598953263432334	-4096
1598953263432337	-4194304
1598953263432347	-25698304
1598953263432400	-8192
1598953263432809	-8192
1598953263432849	-6422528
1598953263432886	-4194304
1598953263432901	6422528
1598953263432902	2048
1598953263432903	2048
1598953263432903	256
1598953263433084	256
1598953263433157	-6422528
1598953263433159	-6422528
1598953263433159	-2048
1598953263433161	-2048
1598953263433164	-256
1598953263433164	-256
1598953263433391	-8192512
1598953263433406	6422528
1598953263433414	9437184
1598953263433442	8200704
1598953263433462	75497472
1598953263433642	-6422528
1598953263433645	-75497472
1598953263433647	-9437184
1598953263433678	9437184
1598953263433687	9437184
1598953263433709	75497472
1598953263434604	-75497472
1598953263434607	-9437184
1598953263434617	-6422528
1598953263434672	-2048
1598953263434708	-2048
1598953263434746	-6422528
1598953263434784	-9437184
1598953263434797	9437696
1598953263434798	2048
1598953263434799	2048
1598953263434800	256
1598953263434823	256
1598953263435473	-8200704
1598953263435475	-6422528
1598953263435476	-2048
1598953263435477	-2048
1598953263435479	-256
1598953263435480	-256
1598953263435579	-9437184
1598953263435593	25690112
1598953263435600	4194816
1598953263435630	25690112
1598953263435649	4096
1598953263435732	-25690112
1598953263435735	-4096
1598953263435736	-4194816
1598953263435766	4194816
1598953263435774	8200704
1598953263435793	4096
1598953263435923	-4096
1598953263435925	-8200704
1598953263435935	-9437696
1598953263435985	-2048
1598953263436631	-2048
1598953263436671	-25690112
1598953263436707	-4194304
1598953263436919	-25690112
1598953263436957	-4194816
1598953263436970	25698304
1598953263436970	8192
1598953263436972	8192
1598953263436973	256
1598953263436994	256
1598953263437266	-25690112
1598953263437267	-8192
1598953263437268	-8192
1598953263437271	-256
1598953263437271	-256
1598953263437292	8200704
1598953263437299	4194816
1598953263437329	9437696
1598953263437347	4096
1598953263437473	-8200704
1598953263437476	-4096
1598953263437477	-4194816
1598953263437506	4194816
1598953263437515	8200704
1598953263437533	4096
1598953263438391	-4096
1598953263438394	-8200704
1598953263438404	-25698304
1598953263438455	-8192
1598953263438502	-8192
1598953263438541	-6422528
1598953263438577	-4194304
1598953263438591	6422528
1598953263438592	2048
1598953263438592	2048
1598953263438593	256
1598953263438615	256
1598953263438699	-9437696
1598953263438700	-6422528
1598953263438701	-2048
1598953263438703	-2048
1598953263438705	-256
1598953263438706	-256
1598953263439309	-4194816
1598953263439321	6422528
1598953263439328	9437696
1598953263439417	8200704
1598953263439435	138004736
1598953263439539	-6422528
1598953263439542	-138004736
1598953263439543	-9437696
1598953263439572	9437696
1598953263439581	9437184
1598953263439599	128567552
1598953263439711	-128567552
1598953263439713	-9437184
1598953263439723	-6422528
1598953263439774	-2048
1598953263440491	-2048
1598953263440529	-6422528
1598953263440756	-9437184
1598953263440771	9437696
1598953263440772	2048
1598953263440772	2048
1598953263440773	256
1598953263440796	256
1598953263441064	-8200704
1598953263441065	-6422528
1598953263441066	-2048
1598953263441067	-2048
1598953263441069	-256
1598953263441070	-256
1598953263441138	-9437696
1598953263441150	25690112
1598953263441157	4194560
1598953263441183	25690112
1598953263441199	4096
1598953263441306	-25690112
1598953263441309	-4096
1598953263441310	-4194560
1598953263441337	4194560
1598953263441344	4194816
1598953263441361	4096
1598953263442227	-4096
1598953263442229	-4194816
1598953263442239	-9437696
1598953263442287	-2048
1598953263442337	-2048
1598953263442371	-25690112
1598953263442403	-4194304
1598953263442437	-25690112
1598953263442491	-4194560
1598953263442501	25690112
1598953263442502	8192
1598953263442503	8192
1598953263442504	256
1598953263442526	256
1598953263443265	-25690112
1598953263443266	-8192
1598953263443267	-8192
1598953263443269	-256
1598953263443270	-256
1598953263443288	25690112
1598953263443290	8192
1598953263443290	8192
1598953263443291	256
1598953263443316	256
1598953263443373	-25690112
1598953263443375	-25690112
1598953263443376	-8192
1598953263443376	-8192
1598953263443378	-256
1598953263443379	-256
1598953263443398	51380224
1598953263443405	9437696
1598953263443433	51380224
1598953263443568	-51380224
1598953263443571	-9437696
1598953263443600	9437696
1598953263443608	9437696
1598953263443626	4096
1598953263444310	-4096
1598953263444313	-9437696
1598953263444322	-25690112
1598953263444372	-8192
1598953263444405	-8192
1598953263444416	8200704
1598953263444422	4194816
1598953263444589	9437696
1598953263444606	4096
1598953263444888	-8200704
1598953263444891	-4096
1598953263444892	-4194816
1598953263444919	4194816
1598953263444927	4194816
1598953263444943	4096
1598953263445133	-4096
1598953263445135	-4194816
1598953263445144	-25690112
1598953263445190	-8192
1598953263445282	-8192
1598953263446026	-8388608
1598953263446064	-6422528
1598953263446108	-4194304
1598953263446149	-9437696
1598953263446160	6422528
1598953263446161	2048
1598953263446162	2048
1598953263446163	256
1598953263446185	256
1598953263446252	-9437696
1598953263446253	-6422528
1598953263446255	-2048
1598953263446256	-2048
1598953263446257	-256
1598953263446258	-256
1598953263446318	-4194816
1598953263446330	8200704
1598953263446337	9437696
1598953263446364	9437696
1598953263446388	102764544
1598953263447119	-8200704
1598953263447121	-102764544
1598953263447122	-9437696
1598953263447151	9437696
1598953263447160	9437184
1598953263447178	102764544
1598953263447294	-102764544
1598953263447296	-9437184
1598953263447306	-6422528
1598953263447361	-2048
1598953263447394	-2048
1598953263447434	-6422528
1598953263447474	-9437184
1598953263447487	8200704
1598953263447487	2048
1598953263447488	2048
1598953263447489	256
1598953263448207	256
1598953263448435	-9437696
1598953263448436	-6422528
1598953263448437	-2048
1598953263448438	-2048
1598953263448440	-256
1598953263448441	-256
1598953263448488	-9437696
1598953263448501	51380224
1598953263448508	2097152
1598953263448533	51380224
1598953263448788	-51380224
1598953263448790	-2097152
1598953263448822	2097152
1598953263448831	2097664
1598953263448849	4352
1598953263448988	-4352
1598953263448991	-2097664
1598953263449000	-8200704
1598953263449046	-2048
1598953263449079	-2048
1598953263449882	-51380224
1598953263449915	-2097152
1598953263449961	-51380224
1598953263450014	-2097152
1598953263450025	51384320
1598953263450026	4352
1598953263450026	6144
1598953263450027	256
1598953263450049	256
1598953263450148	-51380224
1598953263450149	-4096
1598953263450150	-4096
1598953263450152	-256
1598953263450153	-256
1598953263450174	18875136
1598953263450181	1048576
1598953263450225	20972544
1598953263450241	3584
1598953263450832	-18875136
1598953263450834	-3584
1598953263450835	-1048576
1598953263450863	1048576
1598953263450871	1048576
1598953263450888	2560
1598953263451078	-2560
1598953263451082	-1048576
1598953263451090	-51384320
1598953263451137	-4352
1598953263451175	-6144
1598953263451209	-12845056
1598953263451247	-1048576
1598953263451259	18875136
1598953263451260	1024
1598953263451260	1024
1598953263451261	256
1598953263451288	256
1598953263451373	-20972544
1598953263451374	-12845056
1598953263451375	-1024
1598953263451376	-1024
1598953263451378	-256
1598953263451379	-256
1598953263452069	-1048576
1598953263452088	20972544
1598953263452095	4194816
1598953263452123	12845056
1598953263452140	295485440
1598953263452388	-20972544
1598953263452390	-295485440
1598953263452391	-4194816
1598953263452419	4194816
1598953263452427	2359296
1598953263452445	84934656
1598953263452909	-84934656
1598953263452912	-2359296
1598953263452926	-18875136
1598953263452973	-1024
1598953263453011	-1024
1598953263453049	-12845056
1598953263453081	-2359296
1598953263453098	12845056
1598953263453099	1024
1598953263453100	1024
1598953263453101	256
1598953263453443	256
1598953263453611	-12845056
1598953263453613	-12845056
1598953263453614	-1024
1598953263453615	-1024
1598953263453616	-256
1598953263453617	-256
1598953263453675	-4194816
1598953263453687	51380224
1598953263453694	1049088
1598953263455364	51380224
1598953263455390	4352
1598953263455609	-51380224
1598953263455612	-4352
1598953263455613	-1049088
1598953263455643	1049088
1598953263455652	1048576
1598953263455670	3072
1598953263455793	-3072
1598953263455795	-1048576
1598953263455805	-12845056
1598953263455857	-1024
1598953263455890	-1024
1598953263455928	-51380224
1598953263456033	-1048576
1598953263456696	-51380224
1598953263456784	-1049088
1598953263456795	51384320
1598953263456796	4352
1598953263456796	6144
1598953263456797	256
1598953263456818	256
1598953263456901	-51380224
1598953263456902	-4096
1598953263456902	-4096
1598953263456905	-256
1598953263456905	-256
1598953263456931	20972544
1598953263456938	1048832
1598953263456968	21235456
1598953263456985	3584
1598953263457061	-20972544
1598953263457064	-3584
1598953263457066	-1048832
1598953263457092	1048832
1598953263457099	1049088
1598953263457116	2560
1598953263457243	-2560
1598953263457246	-1049088
1598953263457255	-51384320
1598953263457300	-4352
1598953263457335	-6144
1598953263457369	-12845056
1598953263457987	-1048576
1598953263458000	20972544
1598953263458001	1024
1598953263458002	1024
1598953263458003	256
1598953263458029	256
1598953263458231	-21235456
1598953263458232	-12845056
1598953263458233	-1024
1598953263458234	-1024
1598953263458236	-256
1598953263458237	-256
1598953263458288	-1048832
1598953263458304	21235456
1598953263458311	4194816
1598953263458337	12845056
1598953263458353	191102976
1598953263458453	-21235456
1598953263458455	-191102976
1598953263458457	-4194816
1598953263458485	4194816
1598953263458494	2359296
1598953263458511	84934656
1598953263458622	-84934656
1598953263458625	-2359296
1598953263458637	-20972544
1598953263459451	-1024
1598953263459489	-1024
1598953263459526	-12845056
1598953263459558	-2359296
1598953263459573	12845056
1598953263459574	1024
1598953263459575	1024
1598953263459576	256
1598953263459597	256
1598953263459678	-12845056
1598953263459680	-12845056
1598953263459680	-1024
1598953263459681	-1024
1598953263459682	-256
1598953263459683	-256
1598953263459735	-4194816
1598953263459746	51380224
1598953263459753	1048832
1598953263459778	51380224
1598953263459799	4352
1598953263460534	-51380224
1598953263460536	-4352
1598953263460537	-1048832
1598953263460564	1048832
1598953263460572	1048576
1598953263460589	3072
1598953263460723	-3072
1598953263460726	-1048576
1598953263460735	-12845056
1598953263460786	-1024
1598953263460818	-1024
1598953263460856	-51380224
1598953263460890	-1048576
1598953263460924	-51380224
1598953263460960	-1048832
1598953263460970	51384320
1598953263460971	4352
1598953263460972	6144
1598953263460973	256
1598953263461785	256
1598953263461867	-51380224
1598953263461868	-4096
1598953263461869	-4096
1598953263461872	-256
1598953263461872	-256
1598953263461897	21235456
1598953263461903	1048832
1598953263461934	12845056
1598953263461951	3584
1598953263462026	-21235456
1598953263462029	-3584
1598953263462030	-1048832
1598953263462056	1048832
1598953263462063	1049088
1598953263462080	2560
1598953263462303	-2560
1598953263462306	-1049088
1598953263462315	-51384320
1598953263462361	-4352
1598953263462397	-6144
1598953263462430	-12845056
1598953263463261	-1048576
1598953263463272	19924480
1598953263463273	1024
1598953263463274	1024
1598953263463275	256
1598953263463300	256
1598953263463381	-12845056
1598953263463382	-12845056
1598953263463383	-1024
1598953263463384	-1024
1598953263463386	-256
1598953263463386	-256
1598953263463433	-1048832
1598953263463448	12845056
1598953263463455	4194816
1598953263463479	21235456
1598953263463496	191102976
1598953263463590	-12845056
1598953263463592	-191102976
1598953263463594	-4194816
1598953263463620	4194816
1598953263463627	4195584
1598953263463644	84934656
1598953263464499	-84934656
1598953263464502	-4195584
1598953263464514	-19924480
1598953263464559	-1024
1598953263464594	-1024
1598953263464629	-12845056
1598953263464660	-2359296
1598953263464676	12845056
1598953263464676	1024
1598953263464677	1024
1598953263464678	256
1598953263464698	256
1598953263464777	-21235456
1598953263464778	-12845056
1598953263464779	-1024
1598953263464780	-1024
1598953263464782	-256
1598953263464782	-256
1598953263464833	-4194816
1598953263464845	51380224
1598953263464851	1048832
1598953263464875	51380224
1598953263464896	4352
1598953263465685	-51380224
1598953263465687	-4352
1598953263465688	-1048832
1598953263465713	1048832
1598953263465721	1048576
1598953263465737	3072
1598953263465910	-3072
1598953263465912	-1048576
1598953263465921	-12845056
1598953263466039	-1024
1598953263466072	-1024
1598953263466122	-51380224
1598953263466172	-1048576
1598953263466206	-51380224
1598953263466243	-1048832
1598953263466253	51384320
1598953263466254	4352
1598953263466255	6144
1598953263466255	256
1598953263466323	256
1598953263466487	-51380224
1598953263466488	-4096
1598953263466489	-4096
1598953263466491	-256
1598953263466492	-256
1598953263466515	21235456
1598953263466521	1048832
1598953263466551	12845056
1598953263466568	3584
1598953263466650	-21235456
1598953263466652	-3584
1598953263466654	-1048832
1598953263466679	1048832
1598953263466686	1049088
1598953263466701	2560
1598953263466823	-2560
1598953263466826	-1049088
1598953263466834	-51384320
1598953263466878	-4352
1598953263466914	-6144
1598953263466945	-12845056
1598953263466980	-1048576
1598953263466992	19924480
1598953263466993	1024
1598953263466994	1024
1598953263466995	256
1598953263467018	256
1598953263467094	-12845056
1598953263467096	-12845056
1598953263467097	-1024
1598953263467098	-1024
1598953263467099	-256
1598953263467100	-256
1598953263467145	-1048832
1598953263467160	12845056
1598953263467166	4194816
1598953263467190	22284288
1598953263467206	191102976
1598953263467300	-12845056
1598953263467302	-191102976
1598953263467304	-4194816
1598953263467329	4194816
1598953263467337	4195584
1598953263467353	84934656
1598953263467637	-84934656
1598953263467640	-4195584
1598953263467651	-19924480
1598953263467848	-1024
1598953263467903	-1024
1598953263467930	-256
1598953263467941	-12845056
1598953263467973	-2359296
1598953263467988	12845056
1598953263467989	1024
1598953263467990	1024
1598953263467990	256
1598953263468869	256
1598953263468956	-22284288
1598953263468958	-12845056
1598953263468958	-1024
1598953263468959	-1024
1598953263468961	-256
1598953263468961	-256
1598953263469015	-4194816
1598953263469026	51380224
1598953263469032	1048832
1598953263469056	51380224
1598953263469078	4352
1598953263470081	-51380224
1598953263470083	-4352
1598953263470084	-1048832
1598953263470119	1048832
1598953263470126	1049088
1598953263470143	4352
1598953263470263	-4352
1598953263470265	-1049088
1598953263470273	-12845056
1598953263470317	-1024
1598953263470355	-1024
1598953263470417	-51380224
1598953263470521	-1048576
1598953263470628	-51380224
1598953263471249	-1048832
1598953263471260	51388416
1598953263471261	4352
1598953263471262	4096
1598953263471263	256
1598953263471340	256
1598953263471478	-51380224
1598953263471480	-4096
1598953263471480	-4096
1598953263471483	-256
1598953263471484	-256
1598953263471509	12845056
1598953263471516	1048576
1598953263471545	15994112
1598953263471561	3584
1598953263472522	-12845056
1598953263472525	-3584
1598953263472526	-1048576
1598953263472553	1048576
1598953263472560	1049344
1598953263472575	2560
1598953263472699	-2560
1598953263472702	-1049344
1598953263472710	-51388416
1598953263472753	-4352
1598953263472788	-4096
1598953263472821	-12849152
1598953263472857	-1048576
1598953263472868	12849152
1598953263472869	1024
1598953263472870	1024
1598953263472871	256
1598953263472897	256
1598953263472991	-15994112
1598953263472992	-12845056
1598953263472993	-1024
1598953263472994	-1024
1598953263472996	-256
1598953263472997	-256
1598953263473043	-1048576
1598953263473058	12845056
1598953263473064	4194816
1598953263473938	12845056
1598953263473954	191102976
1598953263475061	-12845056
1598953263475064	-191102976
1598953263475065	-4194816
1598953263475092	4194816
1598953263475100	2359296
1598953263475115	84934656
1598953263475320	-84934656
1598953263475323	-2359296
1598953263475332	-12849152
1598953263475478	-1024
1598953263475515	-1024
1598953263475551	-12845056
1598953263475582	-2359296
1598953263475595	19140608
1598953263475596	1024
1598953263475597	1024
1598953263475598	256
1598953263475746	256
1598953263475862	-12845056
1598953263475863	-12845056
1598953263475865	-1024
1598953263475865	-1024
1598953263475867	-256
1598953263475867	-256
1598953263475918	-4194816
1598953263475928	51384320
1598953263475934	1048832
1598953263475956	51380224
1598953263475981	6144
1598953263476809	-51384320
1598953263476812	-6144
1598953263476812	-1048832
1598953263476837	1048832
1598953263476844	1048576
1598953263476859	3328
1598953263477961	-3328
1598953263477963	-1048576
1598953263477972	-19140608
1598953263478014	-1024
1598953263478049	-1024
1598953263478085	-51380224
1598953263478124	-1048576
1598953263478162	-51380224
1598953263478197	-1048832
1598953263478206	51380224
1598953263478207	4352
1598953263478207	6144
1598953263478208	256
1598953263478279	256
1598953263478438	-51380224
1598953263478440	-4096
1598953263478440	-4096
1598953263478442	-256
1598953263478443	-256
1598953263478460	51380224
1598953263478461	4096
1598953263478462	4096
1598953263478462	256
1598953263478487	256
1598953263479199	-51380224
1598953263479201	-51380224
1598953263479202	-4096
1598953263479202	-4096
1598953263479204	-256
1598953263479204	-256
1598953263479226	102760448
1598953263479232	2359296
1598953263479260	102760448
1598953263479390	-102760448
1598953263479393	-2359296
1598953263479422	2359296
1598953263479430	2097152
1598953263479447	2560
1598953263480421	-2560
1598953263480424	-2097152
1598953263480433	-51380224
1598953263480475	-4352
1598953263480508	-6144
1598953263480518	12845056
1598953263480524	1048832
1598953263480547	19924480
1598953263480562	4352
1598953263480634	-12845056
1598953263480637	-4352
1598953263480637	-1048832
1598953263480661	1048832
1598953263480668	1048576
1598953263480682	4352
1598953263481793	-4352
1598953263481795	-1048576
1598953263481804	-51380224
1598953263481845	-4096
1598953263481881	-4096
1598953263481915	-2097152
1598953263482941	-12845056
1598953263482992	-1048576
1598953263483027	-2359296
1598953263483037	12845056
1598953263483037	1024
1598953263483038	1024
1598953263483039	256
1598953263483058	256
1598953263483220	-19924480
1598953263483221	-12845056
1598953263483222	-1024
1598953263483223	-1024
1598953263483225	-256
1598953263483226	-256
1598953263483271	-1048832
1598953263483281	19924480
1598953263483286	2359296
1598953263483356	12845056
1598953263483371	191102976
1598953263483461	-19924480
1598953263483463	-191102976
1598953263483465	-2359296
1598953263483490	2359296
1598953263483497	4194816
1598953263483512	128450560
1598953263483953	-128450560
1598953263483955	-4194816
1598953263483963	-12845056
1598953263484060	-1024
1598953263486418	-1024
1598953263486449	-12845056
1598953263486482	-2359296
1598953263486492	21238016
1598953263486493	1024
1598953263486493	1024
1598953263486494	256
1598953263488875	256
1598953263489036	-12845056
1598953263489037	-12845056
1598953263489038	-1024
1598953263489039	-1024
1598953263489041	-256
1598953263489041	-256
1598953263489085	-2359296
1598953263489099	102760448
1598953263489105	524288
1598953263489128	154157056
1598953263489221	-102760448
1598953263489224	-524288
1598953263489250	524288
1598953263489257	524544
1598953263489272	4352
1598953263490077	-4352
1598953263490079	-524544
1598953263490087	-21238016
1598953263491132	-1024
1598953263491194	-1024
1598953263491225	-154157056
1598953263491256	-524288
1598953263491286	-102760448
1598953263491318	-524288
1598953263491329	102762496
1598953263491329	2048
1598953263491330	2048
1598953263491331	256
1598953263491354	256
1598953263491474	-102760448
1598953263491475	-2048
1598953263491475	-2048
1598953263491478	-256
1598953263491478	-256
1598953263491496	32769536
1598953263491502	262144
1598953263491528	34083072
1598953263491543	6912
1598953263491610	-32769536
1598953263491612	-6912
1598953263491614	-262144
1598953263491637	262144
1598953263491644	262144
1598953263491658	2560
1598953263492558	-2560
1598953263492561	-262144
1598953263492568	-102762496
1598953263492636	-2048
1598953263492695	-2048
1598953263493317	-25690112
1598953263493423	-262144
1598953263493435	32769536
1598953263493436	512
1598953263493437	512
1598953263493437	256
1598953263493721	256
1598953263493794	-34083072
1598953263493795	-25690112
1598953263493796	-512
1598953263493797	-512
1598953263493798	-256
1598953263493799	-256
1598953263493842	-262144
1598953263493857	34083072
1598953263493862	1048832
1598953263493885	25690112
1598953263493900	117964800
1598953263493980	-34083072
1598953263493982	-117964800
1598953263493983	-1048832
1598953263494007	1048832
1598953263494014	589824
1598953263494034	117964800
1598953263494804	-117964800
1598953263494807	-589824
1598953263494815	-32769536
1598953263494857	-512
1598953263494891	-512
1598953263496728	-25690112
1598953263496772	-589824
1598953263496787	25690112
1598953263496789	512
1598953263496789	512
1598953263496790	256
1598953263496810	256
1598953263496891	-25690112
1598953263496893	-25690112
1598953263496894	-512
1598953263496894	-512
1598953263496896	-256
1598953263496897	-256
1598953263496947	-1048832
1598953263496958	102760448
1598953263496965	262144
1598953263496990	102760448
1598953263497009	6912
1598953263497099	-102760448
1598953263497101	-6912
1598953263497103	-262144
1598953263497127	262144
1598953263497134	262144
1598953263497150	4352
1598953263497585	-4352
1598953263497587	-262144
1598953263497596	-25690112
1598953263497654	-512
1598953263497682	-512
1598953263498566	-102760448
1598953263498599	-262144
1598953263498628	-102760448
1598953263498659	-262144
1598953263498668	102762496
1598953263498668	2048
1598953263498669	2048
1598953263498670	256
1598953263498688	256
1598953263498758	-102760448
1598953263498759	-2048
1598953263498760	-2048
1598953263498762	-256
1598953263498763	-256
1598953263498784	32769536
1598953263498789	262144
1598953263498815	34083072
1598953263498829	6912
1598953263498924	-32769536
1598953263498926	-6912
1598953263498928	-262144
1598953263498949	262144
1598953263498956	262144
1598953263498971	2560
1598953263500068	-2560
1598953263500071	-262144
1598953263500078	-102762496
1598953263500831	-2048
1598953263500865	-2048
1598953263500894	-25690112
1598953263500925	-262144
1598953263500934	32769536
1598953263500935	512
1598953263500936	512
1598953263500936	256
1598953263500957	256
1598953263501054	-34083072
1598953263501055	-25690112
1598953263501056	-512
1598953263501057	-512
1598953263501059	-256
1598953263501059	-256
1598953263501101	-262144
1598953263501114	34083072
1598953263501120	589824
1598953263501142	25690112
1598953263501156	117964800
1598953263501238	-34083072
1598953263501240	-117964800
1598953263501241	-589824
1598953263501265	589824
1598953263501272	589824
1598953263501287	117964800
1598953263502286	-117964800
1598953263502288	-589824
1598953263502296	-32769536
1598953263503219	-512
1598953263503251	-512
1598953263503285	-25690112
1598953263503313	-589824
1598953263503326	25690112
1598953263503327	512
1598953263503327	512
1598953263503328	256
1598953263503552	256
1598953263503630	-25690112
1598953263503631	-25690112
1598953263503632	-512
1598953263503633	-512
1598953263503634	-256
1598953263503635	-256
1598953263503872	-589824
1598953263503883	102760448
1598953263503888	262144
1598953263503912	102760448
1598953263503930	6912
1598953263504345	-102760448
1598953263504347	-6912
1598953263504348	-262144
1598953263504372	262144
1598953263504378	262144
1598953263504392	3072
1598953263505363	-3072
1598953263505365	-262144
1598953263505372	-25690112
1598953263505416	-512
1598953263506321	-512
1598953263506357	-102760448
1598953263506386	-262144
1598953263506413	-102760448
1598953263506445	-262144
1598953263506454	102764544
1598953263506455	2048
1598953263506456	2304
1598953263506457	256
1598953263506473	256
1598953263506542	-102760448
1598953263506543	-2048
1598953263506547	-2048
1598953263506550	-256
1598953263506550	-256
1598953263506566	32769536
1598953263506572	262144
1598953263506609	34083072
1598953263506623	6912
1598953263506906	-32769536
1598953263506909	-6912
1598953263506910	-262144
1598953263506932	262144
1598953263506938	262144
1598953263506952	2560
1598953263508500	-2560
1598953263508503	-262144
1598953263508510	-102764544
1598953263508548	-2048
1598953263508580	-2304
1598953263508608	-25692160
1598953263508638	-262144
1598953263508648	25692160
1598953263508649	512
1598953263508654	512
1598953263508654	256
1598953263508676	256
1598953263508753	-34083072
1598953263508754	-25690112
1598953263508754	-512
1598953263508755	-512
1598953263508756	-256
1598953263508757	-256
1598953263508798	-262144
1598953263508811	25690112
1598953263508817	589824
1598953263508843	32769536
1598953263508857	117964800
1598953263508933	-25690112
1598953263508935	-117964800
1598953263508936	-589824
1598953263508959	589824
1598953263508966	589824
1598953263508986	117964800
1598953263510899	-117964800
1598953263510902	-589824
1598953263510910	-25692160
1598953263510950	-512
1598953263510979	-512
1598953263511212	-25690112
1598953263511239	-589824
1598953263511251	34083072
1598953263511252	512
1598953263511253	512
1598953263511254	256
1598953263511526	256
1598953263511603	-32769536
1598953263511604	-25690112
1598953263511605	-512
1598953263511606	-512
1598953263511607	-256
1598953263511608	-256
1598953263511652	-589824
1598953263511662	102762496
1598953263511667	262144
1598953263511689	102760448
1598953263511705	6912
1598953263512026	-102762496
1598953263512028	-6912
1598953263512029	-262144
1598953263512052	262144
1598953263512057	262144
1598953263512071	4352
1598953263513959	-4352
1598953263513961	-262144
1598953263513967	-34083072
1598953263514010	-512
1598953263514036	-512
1598953263514067	-102760448
1598953263514102	-262144
1598953263514133	-102760448
1598953263514163	-262144
1598953263514172	102762496
1598953263514173	2048
1598953263514173	2304
1598953263514174	256
1598953263514243	256
1598953263514317	-102760448
1598953263514318	-2048
1598953263514319	-2048
1598953263514320	-256
1598953263514321	-256
1598953263514336	102760448
1598953263514337	2048
1598953263514338	2048
1598953263514338	256
1598953263514359	256
1598953263514593	-102760448
1598953263514595	-102760448
1598953263514596	-2048
1598953263514596	-2048
1598953263514597	-256
1598953263514598	-256
1598953263514619	205520896
1598953263514624	524288
1598953263515051	205520896
1598953263515426	-205520896
1598953263515435	-524288
1598953263515508	524288
1598953263515528	589824
1598953263515581	2560
1598953263516286	-2560
1598953263516293	-589824
1598953263516309	-102762496
1598953263516399	-2048
1598953263516473	-2304
1598953263516494	32769536
1598953263516507	262144
1598953263516552	34083072
1598953263516588	6912
1598953263516730	-32769536
1598953263516735	-6912
1598953263516737	-262144
1598953263516782	262144
1598953263516795	262144
1598953263516824	4352
1598953263517602	-4352
1598953263517607	-262144
1598953263517621	-102760448
1598953263517699	-2048
1598953263517770	-2048
1598953263518570	-524288
1598953263518642	-25690112
1598953263518707	-262144
1598953263518772	-524288
1598953263518790	32769536
1598953263518792	512
1598953263518794	512
1598953263518795	256
1598953263518898	256
1598953263519059	-34083072
1598953263519061	-25690112
1598953263519064	-512
1598953263519066	-512
1598953263519068	-256
1598953263519070	-256
1598953263519220	-262144
1598953263519239	34084096
1598953263519258	589824
1598953263519306	25690112
1598953263519337	179836928
1598953263519715	-34084096
1598953263519719	-179836928
1598953263519720	-589824
1598953263519765	589824
1598953263519778	589824
1598953263519808	179836928
1598953263521614	-179836928
1598953263521619	-589824
1598953263521633	-32769536
1598953263521720	-512
1598953263521788	-512
1598953263521849	-25690112
1598953263521916	-589824
1598953263521939	32769536
1598953263521941	512
1598953263521943	512
1598953263521944	256
1598953263521984	256
1598953263522129	-25690112
1598953263522133	-38525184
1598953263522135	-512
1598953263522137	-512
1598953263522141	-256
1598953263522142	-256
1598953263522231	-589824
1598953263522258	205520896
1598953263522269	261120
1598953263522316	282599424
1598953263522496	-205520896
1598953263522500	-261120
1598953263522545	261120
1598953263522558	131072
1598953263522588	2560
1598953263523795	-2560
1598953263523800	-131072
1598953263523815	-32769536
1598953263523893	-512
1598953263523961	-512
1598953263524023	-282599424
1598953263524086	-131072
1598953263524149	-205520896
1598953263524211	-261120
1598953263524230	205520896
1598953263524232	1024
1598953263524233	1024
1598953263524235	256
1598953263524280	256
1598953263524416	-205520896
1598953263524418	-1024
1598953263524420	-1024
1598953263524424	-256
1598953263524425	-256
1598953263524457	51380224
1598953263524467	129024
1598953263524520	51380224
1598953263524550	21248
1598953263524688	-51380224
1598953263524693	-21248
1598953263524696	-129024
1598953263524738	129024
1598953263524751	65536
1598953263524781	3072
1598953263526177	-3072
1598953263526183	-65536
1598953263526198	-205520896
1598953263526281	-1024
1598953263526350	-1024
1598953263526415	-51380224
1598953263526521	-65536
1598953263526547	51380224
1598953263526549	256
1598953263526550	256
1598953263526552	256
1598953263526592	256
1598953263526930	-51380224
1598953263526933	-51380224
1598953263526935	-256
1598953263526938	-256
1598953263526941	-256
1598953263526942	-256
1598953263527033	-129024
1598953263527054	51380224
1598953263527064	262144
1598953263527111	51380224
1598953263527141	89178112
1598953263527648	-51380224
1598953263527653	-89178112
1598953263527655	-262144
1598953263527708	262144
1598953263527721	262144
1598953263527752	5632
1598953263528320	-5632
1598953263528326	-262144
1598953263528340	-51380224
1598953263528419	-256
1598953263529255	-256
1598953263529325	-51380224
1598953263529385	-147456
1598953263529410	51380224
1598953263529411	256
1598953263529412	256
1598953263529413	256
1598953263529455	256
1598953263529588	-51380224
1598953263529592	-51380224
1598953263529593	-256
1598953263529596	-256
1598953263529600	-256
1598953263529601	-256
1598953263529690	-262144
1598953263529710	205520896
1598953263529721	65536
1598953263529772	205520896
1598953263529801	21248
1598953263529947	-205520896
1598953263529951	-21248
1598953263529953	-65536
1598953263529997	65536
1598953263530009	65536
1598953263530039	3072
1598953263530699	-3072
1598953263530704	-65536
1598953263530718	-51380224
1598953263531461	-256
1598953263531517	-256
1598953263531579	-205520896
1598953263531638	-65536
1598953263531695	-205520896
1598953263531757	-65536
1598953263531776	205520896
1598953263531778	1024
1598953263531779	1024
1598953263531780	256
1598953263531820	256
1598953263531948	-205520896
1598953263531950	-1024
1598953263531951	-1024
1598953263531955	-256
1598953263531956	-256
1598953263531986	51380224
1598953263531996	65536
1598953263532046	51380224
1598953263532072	21248
1598953263532192	-51380224
1598953263532197	-21248
1598953263532199	-65536
1598953263532240	65536
1598953263532251	65536
1598953263532279	3072
1598953263532967	-3072
1598953263532972	-65536
1598953263532985	-205520896
1598953263533872	-1024
1598953263533936	-1024
1598953263533993	-51380224
1598953263534056	-65536
1598953263534079	51380224
1598953263534081	256
1598953263534082	256
1598953263534083	256
1598953263534202	256
1598953263534330	-51380224
1598953263534334	-51380224
1598953263534335	-256
1598953263534337	-256
1598953263534340	-256
1598953263534341	-256
1598953263534526	-65536
1598953263534551	51380224
1598953263534561	262144
1598953263534606	51380224
1598953263534633	89178112
1598953263535049	-51380224
1598953263535053	-89178112
1598953263535056	-262144
1598953263535098	262144
1598953263535111	262144
1598953263535147	5632
1598953263535616	-5632
1598953263535621	-262144
1598953263535635	-51380224
1598953263538359	-256
1598953263538426	-256
1598953263538486	-51380224
1598953263540267	-147456
1598953263540292	51380224
1598953263540294	256
1598953263540295	256
1598953263540296	256
1598953263540335	256
1598953263540464	-51380224
1598953263540468	-51380224
1598953263540469	-256
1598953263540472	-256
1598953263540475	-256
1598953263540475	-256
1598953263540559	-262144
1598953263540579	205520896
1598953263540589	65536
1598953263540632	205520896
1598953263540665	21248
1598953263541326	-205520896
1598953263541330	-21248
1598953263541333	-65536
1598953263541375	65536
1598953263541387	65536
1598953263541415	3072
1598953263542362	-3072
1598953263542367	-65536
1598953263542380	-51380224
1598953263542458	-256
1598953263542514	-256
1598953263542572	-205520896
1598953263542628	-65536
1598953263542682	-205520896
1598953263542741	-65536
1598953263542757	205520896
1598953263542759	1024
1598953263542760	1024
1598953263542761	256
1598953263542801	256
1598953263542922	-205520896
1598953263542924	-1024
1598953263542927	-1024
1598953263542930	-256
1598953263542930	-256
1598953263542957	205520896
1598953263542958	1024
1598953263542959	1024
1598953263542960	256
1598953263543002	256
1598953263543114	-205520896
1598953263543117	-205520896
1598953263543119	-1024
1598953263543121	-1024
1598953263543123	-256
1598953263543124	-256
1598953263543159	83471872
1598953263543168	126976
1598953263543215	51380224
1598953263543240	21248
1598953263543770	-83471872
1598953263543774	-21248
1598953263543776	-126976
1598953263543815	126976
1598953263543826	65536
1598953263543853	3072
1598953263544638	-3072
1598953263544642	-65536
1598953263544655	-205520896
1598953263544724	-1024
1598953263544785	-1024
1598953263544803	83471872
1598953263544813	65536
1598953263544852	51380224
1598953263544884	21248
1598953263544996	-83471872
1598953263545000	-21248
1598953263545002	-65536
1598953263545040	65536
1598953263545052	65536
1598953263545077	3072
1598953263546203	-3072
1598953263546207	-65536
1598953263546220	-205520896
1598953263546289	-1024
1598953263546741	-1024
1598953263546800	-65536
1598953263546855	-51380224
1598953263546911	-65536
1598953263547358	-126976
1598953263547374	51380224
1598953263547375	256
1598953263547377	256
1598953263547378	256
1598953263547418	256
1598953263548056	-51380224
1598953263548060	-51380224
1598953263548061	-256
1598953263548063	-256
1598953263548066	-256
1598953263548066	-256
1598953263548141	-65536
1598953263548158	85176832
1598953263548168	262144
1598953263548220	51380224
1598953263548245	154140672
1598953263549082	-85176832
1598953263549086	-154140672
1598953263549087	-262144
1598953263549128	262144
1598953263549140	147456
1598953263549166	5632
1598953263549726	-5632
1598953263549731	-147456
1598953263549745	-51380224
1598953263549824	-256
1598953263549882	-256
1598953263550705	-51380224
1598953263550768	-147456
1598953263550785	85176832
1598953263550786	256
1598953263550788	256
1598953263550789	256
1598953263550828	256
1598953263550951	-51380224
1598953263550954	-51380224
1598953263550955	-256
1598953263550956	-256
1598953263550959	-256
1598953263550959	-256
1598953263551036	-262144
1598953263551059	51380224
1598953263551069	16384
1598953263551112	51380224
1598953263551137	21248
1598953263551251	-51380224
1598953263551255	-21248
1598953263551257	-16384
1598953263551296	16384
1598953263551307	16384
1598953263551333	3072
1598953263552121	-3072
1598953263552126	-16384
1598953263552139	-85176832
1598953263552331	-256
1598953263552522	-256
1598953263553184	-51380224
1598953263553243	-16384
1598953263553262	205520896
1598953263553381	-51380224
1598953263553383	-51380224
1598953263553460	-16384
1598953263553518	-205520896
1598953263553535	256901120
1598953263553536	256
1598953263553538	256
1598953263553539	256
1598953263553573	256
1598953263553694	-205520896
1598953263553696	-205520896
1598953263553697	-256
1598953263553704	-256
1598953263553707	-256
1598953263553708	-256
1598953263553737	37632
1598953263553749	37632
1598953263553777	35840
1598953263553953	-35840
1598953263553958	-37632
1598953263553971	-40627200
1598953263553972	-256901120
1598953263554816	-256
1598953263554878	-256
1598953263554935	-37632
1598953263554985	-256
1598953263554987	-37632
