1602298016584273	256
1602298016584454	256
1602298016584524	256
1602298016584725	256
1602298016584863	-256
1602298016584995	256
1602298016585097	-256
1602298016585212	256
1602298016585372	256
1602298016585386	768
1602298016585588	256
1602298016585757	256
1602298016585765	-256
1602298016585881	256
1602298016586027	-256
1602298016586045	256
1602298016586245	-256
1602298016586247	-256
1602298016586250	-256
1602298016586250	-256
1602298016586274	256
1602298016586490	-256
1602298016586524	-256
1602298016586590	-256
1602298016587609	256
1602298016587617	256
1602298016587742	-256
1602298016587770	65536
1602298016587828	256
1602298016587831	256
1602298016587889	-256
1602298016587908	131072
1602298016587971	256
1602298016587973	256
1602298016588029	-256
1602298016588048	589824
1602298016588102	256
1602298016588104	256
1602298016588159	-256
1602298016588177	147456
1602298016588226	256
1602298016588228	256
1602298016588282	-256
1602298016588300	1048576
1602298016588370	256
1602298016588372	256
1602298016588431	-256
1602298016588452	65536
1602298016588499	256
1602298016588501	256
1602298016588553	-256
1602298016588581	65536
1602298016588621	256
1602298016588647	9216
1602298016588720	-9216
1602298016588743	9437184
1602298016588792	256
1602298016588795	256
1602298016588845	-256
1602298016588862	147456
1602298016588915	111992832
1602298016588987	256
1602298016588989	256
1602298016589039	-256
1602298016589057	37632
1602298016589099	256
1602298016589146	16384
1602298016589187	256
1602298016589201	9216
1602298016589261	-9216
1602298016589278	4194304
1602298016589324	256
1602298016589365	4096
1602298016589404	256
1602298016589406	256
1602298016589455	-256
1602298016589471	147456
1602298016589515	256
1602298016589517	256
1602298016589566	-256
1602298016589582	65536
1602298016589624	256
1602298016589636	9216
1602298016589694	-9216
1602298016589711	4194304
1602298016589756	256
1602298016589758	256
1602298016589811	-256
1602298016589827	589824
1602298016589873	256
1602298016589875	256
1602298016589924	-256
1602298016589940	65536
1602298016589980	256
1602298016589982	256
1602298016590031	-256
1602298016590046	589824
1602298016590090	256
1602298016590091	256
1602298016590142	-256
1602298016590157	262144
1602298016590203	256
1602298016590205	256
1602298016590254	-256
1602298016590270	65536
1602298016590311	256
1602298016590313	256
1602298016590361	-256
1602298016590376	524288
1602298016590420	256
1602298016590422	256
1602298016590471	-256
1602298016590487	589824
1602298016590530	256
1602298016590543	9216
1602298016590602	-9216
1602298016590619	2097152
1602298016590664	256
1602298016590676	9216
1602298016590735	-9216
1602298016590755	8200192
1602298016590802	256
1602298016590804	256
1602298016590854	-256
1602298016590870	262144
1602298016590914	256
1602298016590916	256
1602298016590966	-256
1602298016590983	262144
1602298016591027	256
1602298016591029	256
1602298016591078	-256
1602298016591095	262144
1602298016591139	256
1602298016591141	256
1602298016591190	-256
1602298016591206	1048576
1602298016591249	256
1602298016591251	256
1602298016591300	-256
1602298016591316	262144
1602298016591360	256
1602298016591362	256
1602298016591412	-256
1602298016591431	262144
1602298016591479	256
1602298016591492	9216
1602298016591553	-9216
1602298016591571	2359296
1602298016591618	256
1602298016591619	256
1602298016591670	-256
1602298016591687	1048576
1602298016591732	256
1602298016591744	9216
1602298016591803	-9216
1602298016591820	2359296
1602298016591865	256
1602298016591877	9216
1602298016591937	-9216
1602298016591954	4194304
1602298016592000	256
1602298016592002	256
1602298016592061	-256
1602298016592078	524288
1602298016592125	256
1602298016592137	9216
1602298016592198	-9216
1602298016592216	2359296
1602298016592262	256
1602298016592273	9216
1602298016592332	-9216
1602298016592365	2359296
1602298016592422	256
1602298016592425	256
1602298016592477	-256
1602298016592494	262144
1602298016592541	256
1602298016592554	9216
1602298016592614	-9216
1602298016592633	2097152
1602298016592679	256
1602298016592681	256
1602298016592732	-256
1602298016592749	1048576
1602298016592793	256
1602298016592795	256
1602298016592844	-256
1602298016592860	1048576
1602298016592902	256
1602298016592914	9216
1602298016592972	-9216
1602298016592988	2359296
1602298016593032	256
1602298016593043	9216
1602298016593101	-9216
1602298016593120	2359296
1602298016593165	256
1602298016593177	9216
1602298016593235	-9216
1602298016593251	4194304
1602298016593294	256
1602298016593296	256
1602298016593345	-256
1602298016593360	1048576
1602298016593404	256
1602298016593415	9216
1602298016593472	-9216
1602298016593488	4194304
1602298016593532	256
1602298016593534	256
1602298016593583	-256
1602298016593598	1048576
1602298016593642	256
1602298016593654	9216
1602298016593711	-9216
1602298016593730	8388608
1602298016593775	256
1602298016593787	9216
1602298016593844	-9216
1602298016593861	9437184
1602298016593905	256
1602298016593907	256
1602298016593957	-256
1602298016593972	1048576
1602298016594014	256
1602298016594026	9216
1602298016594083	-9216
1602298016594099	9437184
1602298016594143	256
1602298016594144	256
1602298016594194	-256
1602298016594214	1048576
1602298016594259	256
1602298016594261	256
1602298016594311	-256
1602298016594326	1048576
1602298016594369	256
1602298016594371	256
1602298016594420	-256
1602298016594437	1048576
1602298016594494	118072832
1602298016594556	-111992832
1602298016594767	-256
1602298016594768	-256
1602298016594769	-256
1602298016594770	-256
1602298016594772	-256
1602298016594773	-256
1602298016594774	-256
1602298016594774	-256
1602298016594775	-256
1602298016594776	-256
1602298016594777	-256
1602298016594777	-256
1602298016594778	-256
1602298016594779	-256
1602298016594780	-256
1602298016594781	-256
1602298016594782	-256
1602298016594782	-256
1602298016594783	-256
1602298016594784	-256
1602298016594785	-256
1602298016594786	-256
1602298016594787	-256
1602298016594788	-256
1602298016594789	-256
1602298016594790	-256
1602298016594791	-256
1602298016594791	-256
1602298016594792	-256
1602298016594793	-256
1602298016594794	-256
1602298016594795	-256
1602298016594796	-256
1602298016594797	-256
1602298016594797	-256
1602298016594798	-256
1602298016594799	-256
1602298016594800	-256
1602298016594801	-256
1602298016594802	-256
1602298016594802	-256
1602298016594803	-256
1602298016594804	-256
1602298016594805	-256
1602298016594806	-256
1602298016594807	-256
1602298016594808	-256
1602298016594809	-256
1602298016594810	-256
1602298016594810	-256
1602298016594811	-256
1602298016594812	-256
1602298016594813	-256
1602298016594814	-256
1602298016594846	597295104
1602298016594859	37632
1602298016594952	75520
1602298016595086	-75520
1602298016595091	-37632
1602298016595196	597295104
1602298016595197	256
1602298016595198	256
1602298016595199	256
1602298016595200	256
1602298016595507	149323776
1602298016595705	597295104
1602298016595712	65536
1602298016595770	18944
1602298016595867	-18944
1602298016595871	-65536
1602298016595955	149323776
1602298016595962	16384
1602298016596020	18944
1602298016596113	-18944
1602298016596116	-16384
1602298016596193	-256
1602298016596237	-256
1602298016596254	597295104
1602298016596255	1280
1602298016596256	1024
1602298016596257	1024
1602298016596258	1024
1602298016596448	149323776
1602298016596449	256
1602298016596450	256
1602298016596451	256
1602298016596452	256
1602298016596890	149323776
1602298016596897	147456
1602298016596956	225099776
1602298016597405	-225099776
1602298016597410	-147456
1602298016597597	-1280
1602298016597637	-1024
1602298016597654	149323776
1602298016597655	256
1602298016597656	256
1602298016597657	256
1602298016597658	256
1602298016597831	-256
1602298016597876	-256
1602298016598023	597295104
1602298016598030	65536
1602298016598086	18944
1602298016598166	-18944
1602298016598170	-65536
1602298016598322	597295104
1602298016598323	1024
1602298016598324	1280
1602298016598325	1024
1602298016598326	1024
1602298016598490	-256
1602298016598533	-256
1602298016598588	-597295104
1602298016598809	149323776
1602298016598816	65536
1602298016598870	18944
1602298016598953	-18944
1602298016598957	-65536
1602298016599045	-1024
1602298016599086	-1280
1602298016599105	149323776
1602298016599106	256
1602298016599107	256
1602298016599107	256
1602298016599108	256
1602298016599374	149323776
1602298016599381	147456
1602298016599436	225099776
1602298016599821	-225099776
1602298016599826	-147456
1602298016599976	149323776
1602298016599978	256
1602298016599979	256
1602298016599979	256
1602298016599980	256
1602298016600141	-256
1602298016600184	-256
1602298016600428	597295104
1602298016600436	65536
1602298016600510	18944
1602298016600585	-18944
1602298016600589	-65536
1602298016600729	597295104
1602298016600730	1024
1602298016600731	1280
1602298016600732	1024
1602298016600733	1024
1602298016600890	-256
1602298016600933	-256
1602298016601191	149323776
1602298016601197	65536
1602298016601250	18944
1602298016601324	-18944
1602298016601327	-65536
1602298016601413	-1024
1602298016601456	-1280
1602298016601474	149323776
1602298016601475	256
1602298016601476	256
1602298016601477	256
1602298016601477	256
1602298016601730	149323776
1602298016601736	147456
1602298016601789	225099776
1602298016602158	-225099776
1602298016602162	-147456
1602298016602309	149323776
1602298016602310	256
1602298016602311	256
1602298016602312	256
1602298016602313	256
1602298016602464	-256
1602298016602508	-256
1602298016602648	597295104
1602298016602654	65536
1602298016602704	18944
1602298016602779	-18944
1602298016602783	-65536
1602298016602923	597295104
1602298016602924	1024
1602298016602925	1280
1602298016602926	1024
1602298016602927	1024
1602298016603083	-256
1602298016603127	-256
1602298016603386	298647552
1602298016603393	524288
1602298016603444	4864
1602298016603517	-4864
1602298016603521	-524288
1602298016603587	111983616
1602298016603593	131072
1602298016603645	4864
1602298016603715	-4864
1602298016603718	-131072
1602298016603782	-1024
1602298016603821	-1280
1602298016603836	298647552
1602298016603838	2048
1602298016603839	2048
1602298016603840	2048
1602298016603841	2048
1602298016603963	74661888
1602298016603964	512
1602298016603965	512
1602298016603966	512
1602298016603967	768
1602298016604364	74661888
1602298016604370	589824
1602298016604425	278552576
1602298016604582	-278552576
1602298016604586	-589824
1602298016604755	-2048
1602298016604792	-2048
1602298016604807	74661888
1602298016604808	512
1602298016604809	512
1602298016604810	512
1602298016604811	512
1602298016604966	-512
1602298016605007	-512
1602298016605137	298647552
1602298016605143	262144
1602298016605194	4864
1602298016605497	-4864
1602298016605501	-262144
1602298016605654	298647552
1602298016605655	2048
1602298016605656	2048
1602298016605657	2048
1602298016605658	2048
1602298016605913	-512
1602298016605954	-512
1602298016606019	-298647552
1602298016606230	74661888
1602298016606237	262144
1602298016606290	4864
1602298016606368	-4864
1602298016606371	-262144
1602298016606457	-2048
1602298016606496	-2048
1602298016606511	74661888
1602298016606513	512
1602298016606514	512
1602298016606515	512
1602298016606516	512
1602298016606763	74661888
1602298016606769	589824
1602298016606822	278552576
1602298016606981	-278552576
1602298016606985	-589824
1602298016607125	74663936
1602298016607126	512
1602298016607127	512
1602298016607129	512
1602298016607129	512
1602298016607277	-512
1602298016607320	-512
1602298016607456	298647552
1602298016607463	262144
1602298016607514	4864
1602298016607588	-4864
1602298016607592	-262144
1602298016607733	298647552
1602298016607735	2048
1602298016607736	2048
1602298016607737	2048
1602298016607738	2048
1602298016607894	-512
1602298016607937	-512
1602298016608197	74661888
1602298016608204	262144
1602298016608256	4864
1602298016608328	-4864
1602298016608331	-262144
1602298016608427	-2048
1602298016608465	-2048
1602298016608482	74661888
1602298016608483	512
1602298016608484	512
1602298016608485	512
1602298016608486	512
1602298016608735	74661888
1602298016608741	589824
1602298016608795	278552576
1602298016608956	-278552576
1602298016608960	-589824
1602298016609108	74661888
1602298016609110	512
1602298016609111	512
1602298016609112	512
1602298016609113	512
1602298016609268	-512
1602298016609308	-512
1602298016609446	298647552
1602298016609453	262144
1602298016609504	4864
1602298016609579	-4864
1602298016609582	-262144
1602298016609728	298647552
1602298016609730	2048
1602298016609731	2048
1602298016609732	2048
1602298016609733	2048
1602298016609887	-512
1602298016609928	-512
1602298016610180	74661888
1602298016610186	262144
1602298016610239	4864
1602298016610313	-4864
1602298016610316	-262144
1602298016610401	-2048
1602298016610440	-2048
1602298016610458	74661888
1602298016610459	512
1602298016610459	512
1602298016610461	512
1602298016610462	512
1602298016610709	74661888
1602298016610716	589824
1602298016610769	278552576
1602298016610928	-278552576
1602298016610931	-589824
1602298016611078	74661888
1602298016611079	512
1602298016611080	512
1602298016611081	512
1602298016611082	512
1602298016611233	-512
1602298016611271	-512
1602298016611407	298647552
1602298016611414	262144
1602298016611465	4864
1602298016611539	-4864
1602298016611542	-262144
1602298016611684	298647552
1602298016611685	2048
1602298016611686	2048
1602298016611687	2048
1602298016611688	2048
1602298016611860	-512
1602298016611900	-512
1602298016612170	37330944
1602298016612176	524288
1602298016612228	1280
1602298016612303	-1280
1602298016612306	-524288
1602298016612382	149323776
1602298016612388	2097152
1602298016612444	1280
1602298016612526	-1280
1602298016612529	-2097152
1602298016612587	-2048
1602298016612624	-2048
1602298016612636	37330944
1602298016612637	1024
1602298016612638	1024
1602298016612638	1024
1602298016612639	1024
1602298016612752	149323776
1602298016612754	4096
1602298016612755	4096
1602298016612756	4096
1602298016612757	4096
1602298016613061	37330944
1602298016613066	2359296
1602298016613118	235929600
1602298016613280	-235929600
1602298016613284	-2359296
1602298016613486	37330944
1602298016613487	1024
1602298016613488	1024
1602298016613489	1024
1602298016613490	1024
1602298016613635	-1024
1602298016613673	-1024
1602298016613712	-4096
1602298016613747	-4096
1602298016613874	149323776
1602298016613879	1048576
1602298016613928	1280
1602298016613998	-1280
1602298016614001	-1048576
1602298016614136	149323776
1602298016614137	4096
1602298016614138	4096
1602298016614139	4096
1602298016614140	4096
1602298016614286	-1024
1602298016614324	-1024
1602298016614367	-149323776
1602298016614568	37330944
1602298016614574	1048576
1602298016614621	2048
1602298016614689	-2048
1602298016614692	-1048576
1602298016614769	-4096
1602298016614805	-4096
1602298016614818	37330944
1602298016614819	1024
1602298016614820	1024
1602298016614821	1024
1602298016614822	1024
1602298016615055	37330944
1602298016615061	2359296
1602298016615111	235929600
1602298016615219	-235929600
1602298016615223	-2359296
1602298016615352	37330944
1602298016615353	1024
1602298016615354	1024
1602298016615355	1024
1602298016615356	1024
1602298016615494	-1024
1602298016615532	-1024
1602298016615698	149323776
1602298016615704	1048576
1602298016615753	1280
1602298016615824	-1280
1602298016615827	-1048576
1602298016615956	149323776
1602298016615957	4096
1602298016615959	4096
1602298016615960	4096
1602298016615960	4096
1602298016616102	-1024
1602298016616139	-1024
1602298016616420	37330944
1602298016616426	1048576
1602298016616477	2048
1602298016616548	-2048
1602298016616551	-1048576
1602298016616635	-4096
1602298016616672	-4096
1602298016616686	37330944
1602298016616688	1024
1602298016616688	1024
1602298016616689	1024
1602298016616690	1024
1602298016616923	37330944
1602298016616928	2359296
1602298016616978	235929600
1602298016617087	-235929600
1602298016617091	-2359296
1602298016617225	37330944
1602298016617227	1024
1602298016617228	1024
1602298016617229	1024
1602298016617229	1024
1602298016617376	-1024
1602298016617415	-1024
1602298016617545	149323776
1602298016617552	1048576
1602298016617601	1280
1602298016617671	-1280
1602298016617674	-1048576
1602298016617817	149323776
1602298016617818	4096
1602298016617820	4096
1602298016617821	4096
1602298016617822	4096
1602298016617965	-1024
1602298016618007	-1024
1602298016618250	37330944
1602298016618256	1048576
1602298016618306	2048
1602298016618376	-2048
1602298016618378	-1048576
1602298016618457	-4096
1602298016618494	-4096
1602298016618506	37330944
1602298016618507	1024
1602298016618508	1024
1602298016618509	1024
1602298016618510	1024
1602298016618747	37330944
1602298016618752	2359296
1602298016618802	235929600
1602298016618913	-235929600
1602298016618916	-2359296
1602298016619046	37330944
1602298016619047	1024
1602298016619049	1024
1602298016619049	1024
1602298016619050	1024
1602298016619190	-1024
1602298016619227	-1024
1602298016619360	149323776
1602298016619366	1048576
1602298016619416	1280
1602298016619485	-1280
1602298016619489	-1048576
1602298016619627	149323776
1602298016619629	4096
1602298016619630	4096
1602298016619631	4096
1602298016619632	4096
1602298016619777	-1024
1602298016619814	-1024
1602298016622721	37330944
1602298016622728	1048576
1602298016622777	2048
1602298016623547	-2048
1602298016623550	-1048576
1602298016624116	-4096
1602298016624163	-4096
1602298016624176	37330944
1602298016624178	1024
1602298016624178	1024
1602298016624179	1024
1602298016624180	1024
1602298016624432	37330944
1602298016624438	2359296
1602298016627198	235929600
1602298016630503	-235929600
1602298016630506	-2359296
1602298016633897	37330944
1602298016633898	1024
1602298016633899	1024
1602298016633900	1024
1602298016633901	1024
1602298016634046	-1024
1602298016636208	-1024
1602298016636369	149323776
1602298016636375	1048576
1602298016636426	1280
1602298016638836	-1280
1602298016638839	-1048576
1602298016640294	149323776
1602298016640295	4096
1602298016640296	4096
1602298016640297	4096
1602298016640298	4096
1602298016640455	-1024
1602298016640492	-1024
1602298016644923	37330944
1602298016644929	1048576
1602298016645485	2048
1602298016645553	-2048
1602298016645556	-1048576
1602298016645632	-4096
1602298016645667	-4096
1602298016645682	37330944
1602298016645683	1024
1602298016645683	1024
1602298016645684	1024
1602298016645685	1024
1602298016651872	37330944
1602298016651881	2359296
1602298016651946	235929600
1602298016655191	-235929600
1602298016655195	-2359296
1602298016657576	37330944
1602298016657577	1024
1602298016657578	1024
1602298016657579	1024
1602298016657580	1024
1602298016657727	-1024
1602298016657764	-1024
1602298016660144	149323776
1602298016660149	1048576
1602298016660199	1280
1602298016661613	-1280
1602298016661616	-1048576
1602298016661738	149323776
1602298016661739	4096
1602298016661740	4096
1602298016661740	4096
1602298016661742	4096
1602298016661873	-1024
1602298016665308	-1024
1602298016666856	74661888
1602298016666862	8388608
1602298016666907	512
1602298016666971	-512
1602298016666974	-8388608
1602298016667012	18665472
1602298016667017	2097152
1602298016669888	512
1602298016673061	-512
1602298016673064	-2097152
1602298016673139	-4096
1602298016676426	-4096
1602298016676439	74661888
1602298016676440	8192
1602298016676441	8192
1602298016676442	8192
1602298016676443	8192
1602298016676542	18665472
1602298016676543	2048
1602298016676543	2048
1602298016676544	2048
1602298016676545	2048
1602298016683771	18665472
1602298016683778	9437184
1602298016683823	150994944
1602298016687116	-150994944
1602298016687119	-9437184
1602298016687444	-8192
1602298016687475	-8192
1602298016687487	18665472
1602298016687487	2048
1602298016687488	2048
1602298016687490	2048
1602298016687490	2048
1602298016687599	-2048
1602298016687631	-2048
1602298016690045	74661888
1602298016690049	4194304
1602298016690089	512
1602298016690145	-512
1602298016690148	-4194304
1602298016690553	74661888
1602298016690554	10240
1602298016690555	8192
1602298016690556	8192
1602298016690557	8192
1602298016690860	-2048
1602298016690892	-2048
1602298016690925	-74661888
1602298016695091	18665472
1602298016695095	4194304
1602298016695134	512
1602298016696803	-512
1602298016696805	-4194304
1602298016696870	-10240
1602298016697955	-8192
1602298016697966	18665472
1602298016697967	2048
1602298016697967	2048
1602298016697968	2048
1602298016697969	2048
1602298016698133	18665472
1602298016698137	18673664
1602298016700384	150994944
1602298016701130	-150994944
1602298016701133	-18673664
1602298016701234	18673664
1602298016701235	2048
1602298016701236	2048
1602298016701237	2048
1602298016701237	2048
1602298016703680	-2048
1602298016703709	-2048
1602298016704451	74661888
1602298016704455	4194304
1602298016704494	512
1602298016704550	-512
1602298016704552	-4194304
1602298016707113	74661888
1602298016707114	8192
1602298016707115	8192
1602298016707116	8192
1602298016707117	8192
1602298016707215	-2048
1602298016708709	-2048
1602298016711621	18665472
1602298016711625	4194304
1602298016711662	512
1602298016711713	-512
1602298016711716	-4194304
1602298016714110	-8192
1602298016714143	-8192
1602298016714155	18665472
1602298016714156	2048
1602298016714156	2048
1602298016714157	2048
1602298016714157	2048
1602298016714924	18665472
1602298016714928	9437184
1602298016714965	150994944
1602298016717876	-150994944
1602298016717878	-9437184
1602298016718189	18665472
1602298016718190	2048
1602298016718190	2048
1602298016718191	2048
1602298016718192	2048
1602298016718289	-2048
1602298016718317	-2048
1602298016720888	74661888
1602298016720892	4194304
1602298016720927	512
1602298016722426	-512
1602298016722428	-4194304
1602298016724127	74661888
1602298016724128	10240
1602298016724128	8192
1602298016724129	8192
1602298016724130	8192
1602298016724223	-2048
1602298016725292	-2048
1602298016728550	-10240
1602298016728579	-8192
1602298016728592	1523712
1602298016728656	744960
1602298016728822	1024
1602298016728824	1024
1602298016731897	-1024
1602298016731904	-768
1602298016731960	256
1602298016734540	-1024
1602298016734551	4096
1602298016734599	1523712
1602298016734689	8200192
1602298016736152	-1523712
1602298016736153	-744960
1602298016736229	-4096
1602298016737850	-8200192
1602298016737886	-256
1602298016737923	-4096
1602298016737935	74661888
1602298016739041	-1523712
1602298016739078	-8200192
1602298016739161	-74661888
1602298016739179	74670080
1602298016739180	10240
1602298016739181	8192
1602298016739182	256
1602298016739206	256
1602298016740523	-74661888
1602298016740524	-8192
1602298016740525	-8192
1602298016740526	-256
1602298016740527	-256
1602298016740608	18665472
1602298016740617	8192512
1602298016740644	18665472
1602298016740668	4096
1602298016746634	-18665472
1602298016746637	-4096
1602298016746638	-8192512
1602298016746662	8192512
1602298016746671	4194304
1602298016746691	4096
1602298016746824	-4096
1602298016746826	-4194304
1602298016746834	-74670080
1602298016746878	-10240
1602298016747052	-8192
1602298016747089	-18665472
1602298016748845	-4194304
1602298016748854	18665472
1602298016748855	2048
1602298016748855	2048
1602298016748856	256
1602298016749169	256
1602298016749225	-18665472
1602298016749227	-18665472
1602298016749227	-2048
1602298016749228	-2048
1602298016749230	-256
1602298016749230	-256
1602298016749274	-8192512
1602298016749284	18665472
1602298016749290	9437184
1602298016749455	18665472
1602298016749472	150994944
1602298016749633	-18665472
1602298016749635	-150994944
1602298016749637	-9437184
1602298016749658	9437184
1602298016749664	18665472
1602298016749679	147456000
1602298016752233	-147456000
1602298016752235	-18665472
1602298016752241	-18665472
1602298016752281	-2048
1602298016752310	-2048
1602298016753161	-18665472
1602298016753190	-9437184
1602298016753201	18665472
1602298016753202	2048
1602298016753202	2048
1602298016753203	256
1602298016754002	256
1602298016754056	-18665472
1602298016754058	-18665472
1602298016754058	-2048
1602298016754059	-2048
1602298016754061	-256
1602298016754061	-256
1602298016754608	-9437184
1602298016754618	74661888
1602298016754623	4194304
1602298016754646	124009984
1602298016754660	4096
1602298016754724	-74661888
1602298016754725	-4096
1602298016754726	-4194304
1602298016754749	4194304
1602298016754755	8200704
1602298016754768	4096
1602298016757528	-4096
1602298016757530	-8200704
1602298016757537	-18665472
1602298016757575	-2048
1602298016757603	-2048
1602298016757898	-124009984
1602298016757932	-4194304
1602298016759700	-74661888
1602298016760024	-4194304
1602298016760034	74678272
1602298016760035	8192
1602298016760035	8192
1602298016760036	256
1602298016760055	256
1602298016760326	-74661888
1602298016760327	-8192
1602298016760328	-8192
1602298016760329	-256
1602298016760330	-256
1602298016760343	18665472
1602298016760348	4194304
1602298016760380	18665472
1602298016760393	4096
1602298016760503	-18665472
1602298016760505	-4096
1602298016760506	-4194304
1602298016760527	4194304
1602298016760533	8200704
1602298016760545	4096
1602298016763967	-4096
1602298016763969	-8200704
1602298016763976	-74678272
1602298016764014	-8192
1602298016764042	-8192
1602298016764839	-18673664
1602298016764869	-4194304
1602298016764878	18665472
1602298016764879	2048
1602298016764879	2048
1602298016764880	256
1602298016764899	256
1602298016765470	-18665472
1602298016765472	-18665472
1602298016765473	-2048
1602298016765474	-2048
1602298016765475	-256
1602298016765475	-256
1602298016765513	-4194304
1602298016765521	18665472
1602298016765527	9437184
1602298016765550	18673664
1602298016765564	150994944
1602298016768317	-18665472
1602298016768319	-150994944
1602298016768320	-9437184
1602298016768340	9437184
1602298016768346	18665472
1602298016768366	147456000
1602298016768730	-147456000
1602298016768732	-18665472
1602298016768739	-18665472
1602298016770502	-2048
1602298016770832	-2048
1602298016770863	-18665472
1602298016770891	-9437184
1602298016770899	18665472
1602298016770900	2048
1602298016770900	2048
1602298016770901	256
1602298016771123	256
1602298016771292	-18673664
1602298016771294	-18665472
1602298016771294	-2048
1602298016771295	-2048
1602298016771296	-256
1602298016771296	-256
1602298016771334	-9437184
1602298016771343	74661888
1602298016771348	4194304
1602298016771370	74661888
1602298016771383	4096
1602298016773887	-74661888
1602298016773889	-4096
1602298016773890	-4194304
1602298016773911	4194304
1602298016773917	4194304
1602298016773930	4096
1602298016775653	-4096
1602298016775655	-4194304
1602298016775662	-18665472
1602298016775700	-2048
1602298016775728	-2048
1602298016776260	-74661888
1602298016776288	-4194304
1602298016776316	-74661888
1602298016776344	-4194304
1602298016776359	74663936
1602298016776360	10240
1602298016776361	8192
1602298016776361	256
1602298016776381	256
1602298016778781	-74661888
1602298016778782	-8192
1602298016778782	-8192
1602298016778784	-256
1602298016778784	-256
1602298016778797	74661888
1602298016778798	8192
1602298016778799	8192
1602298016778799	256
1602298016779004	256
1602298016779191	-74661888
1602298016779193	-74661888
1602298016779194	-8192
1602298016779194	-8192
1602298016779195	-256
1602298016779196	-256
1602298016779210	149323776
1602298016779214	9437184
1602298016779239	149323776
1602298016779589	-149323776
1602298016779591	-9437184
1602298016779615	9437184
1602298016779621	9437696
1602298016779636	4096
1602298016781913	-4096
1602298016781915	-9437696
1602298016781922	-74663936
1602298016781961	-10240
1602298016781988	-8192
1602298016781998	18665472
1602298016782004	4194304
1602298016782092	18665472
1602298016782105	4096
1602298016782170	-18665472
1602298016782172	-4096
1602298016782172	-4194304
1602298016782192	4194304
1602298016782198	4194304
1602298016782210	4096
1602298016785591	-4096
1602298016785593	-4194304
1602298016785600	-74661888
1602298016785636	-8192
1602298016786442	-8192
1602298016786471	-8388608
1602298016786499	-18665472
1602298016787043	-4194304
1602298016787072	-9437184
1602298016787079	18665472
1602298016787080	2048
1602298016787080	2048
1602298016787081	256
1602298016787100	256
1602298016787154	-18665472
1602298016787155	-18665472
1602298016787156	-2048
1602298016787157	-2048
1602298016787158	-256
1602298016787158	-256
1602298016789540	-4194304
1602298016789550	18665472
1602298016789555	9437184
1602298016789579	18665472
1602298016789594	186654720
1602298016790000	-18665472
1602298016790002	-186654720
1602298016790003	-9437184
1602298016790023	9437184
1602298016790028	17826560
1602298016790042	186654720
1602298016792475	-186654720
1602298016792477	-17826560
1602298016792483	-18665472
1602298016792525	-2048
1602298016792744	-2048
1602298016792776	-18665472
1602298016792903	-9437184
1602298016792913	18665472
1602298016792914	2048
1602298016792914	2048
1602298016792915	256
1602298016792962	256
1602298016793017	-18665472
1602298016793019	-18665472
1602298016793020	-2048
1602298016793020	-2048
1602298016793022	-256
1602298016793022	-256
1602298016793060	-9437184
1602298016793068	261349376
1602298016793073	2097152
1602298016795473	149323776
1602298016796366	-261349376
1602298016796368	-2097152
1602298016796392	2097152
1602298016796398	2097152
1602298016796412	4096
1602298016797253	-4096
1602298016797255	-2097152
1602298016797262	-18665472
1602298016797822	-2048
1602298016797850	-2048
1602298016797879	-149323776
1602298016797904	-2097152
1602298016797932	-149323776
1602298016800303	-2097152
1602298016800312	149327872
1602298016800313	4096
1602298016800313	4096
1602298016800314	256
1602298016800334	256
1602298016803687	-149323776
1602298016803689	-4096
1602298016803689	-4096
1602298016803691	-256
1602298016803692	-256
1602298016803711	37330944
1602298016803716	1048576
1602298016803750	37330944
1602298016803765	3584
1602298016803832	-37330944
1602298016803834	-3584
1602298016803835	-1048576
1602298016803856	1048576
1602298016803864	1049088
1602298016803878	2560
1602298016804003	-2560
1602298016804005	-1049088
1602298016804012	-149327872
1602298016804051	-4096
1602298016804089	-4096
1602298016804127	-37330944
1602298016804169	-1048576
1602298016804178	37330944
1602298016804179	1024
1602298016804183	1024
1602298016804184	256
1602298016804205	256
1602298016804275	-37330944
1602298016804277	-37330944
1602298016804277	-1024
1602298016804278	-1024
1602298016804279	-256
1602298016804280	-256
1602298016804321	-1048576
1602298016804336	37330944
1602298016804341	4194304
1602298016804376	37330944
1602298016804391	263061504
1602298016807203	-37330944
1602298016807205	-263061504
1602298016807206	-4194304
1602298016807234	4194304
1602298016807240	4194304
1602298016807255	256745472
1602298016808652	-256745472
1602298016808655	-4194304
1602298016808662	-37330944
1602298016808711	-1024
1602298016808753	-1024
1602298016808784	-37330944
1602298016813504	-2359296
1602298016813520	37330944
1602298016813520	1024
1602298016813521	1024
1602298016813521	256
1602298016813544	256
1602298016813617	-37330944
1602298016813619	-37330944
1602298016813619	-1024
1602298016813620	-1024
1602298016813621	-256
1602298016813621	-256
1602298016814907	-4194304
1602298016814917	149323776
1602298016814923	1048832
1602298016814949	149323776
1602298016814969	4096
1602298016815518	-149323776
1602298016815521	-4096
1602298016815521	-1048832
1602298016815543	1048832
1602298016815549	1048576
1602298016815563	4096
1602298016815681	-4096
1602298016815683	-1048576
1602298016815691	-37330944
1602298016815735	-1024
1602298016815764	-1024
1602298016815798	-149323776
1602298016816030	-1048576
1602298016816131	-149323776
1602298016817883	-1048832
1602298016817892	149327872
1602298016817892	4096
1602298016817893	4096
1602298016817894	256
1602298016818113	256
1602298016818185	-149323776
1602298016818186	-4096
1602298016818187	-4096
1602298016818189	-256
1602298016818189	-256
1602298016818208	37330944
1602298016818213	1048832
1602298016818241	37330944
1602298016818255	3584
1602298016818330	-37330944
1602298016818332	-3584
1602298016818334	-1048832
1602298016818355	1048832
1602298016818361	1048576
1602298016818374	2560
1602298016818486	-2560
1602298016818488	-1048576
1602298016818495	-149327872
1602298016818535	-4096
1602298016818569	-4096
1602298016821030	-37330944
1602298016821066	-1048576
1602298016821076	37330944
1602298016821076	1024
1602298016821077	1024
1602298016821077	256
1602298016821097	256
1602298016821534	-37330944
1602298016821536	-37330944
1602298016821536	-1024
1602298016821546	-1024
1602298016821548	-256
1602298016821548	-256
1602298016821590	-1048832
1602298016821599	37330944
1602298016821604	4194304
1602298016821634	37330944
1602298016821647	263061504
1602298016822240	-37330944
1602298016822242	-263061504
1602298016822244	-4194304
1602298016822265	4194304
1602298016822271	4194304
1602298016822285	256745472
1602298016824943	-256745472
1602298016824946	-4194304
1602298016824953	-37330944
1602298016824997	-1024
1602298016825089	-1024
1602298016825167	-37330944
1602298016825201	-2359296
1602298016825211	37330944
1602298016825211	1024
1602298016825212	1024
1602298016825212	256
1602298016825232	256
1602298016825366	-37330944
1602298016825367	-37330944
1602298016825369	-1024
1602298016825369	-1024
1602298016825370	-256
1602298016825371	-256
1602298016825576	-4194304
1602298016825591	149323776
1602298016825596	1048576
1602298016825680	149323776
1602298016825694	4096
1602298016827673	-149323776
1602298016827675	-4096
1602298016827676	-1048576
1602298016827699	1048576
1602298016827705	1049088
1602298016827719	4096
1602298016827906	-4096
1602298016827908	-1049088
1602298016827915	-37330944
1602298016827953	-1024
1602298016827988	-1024
1602298016828021	-149323776
1602298016828051	-1048576
1602298016830566	-149323776
1602298016830604	-1048576
1602298016830613	149327872
1602298016830614	4096
1602298016830615	4096
1602298016830615	256
1602298016830636	256
1602298016831072	-149323776
1602298016831073	-4096
1602298016831073	-4096
1602298016831075	-256
1602298016831076	-256
1602298016831096	37330944
1602298016831102	1048576
1602298016831131	37330944
1602298016831145	3584
1602298016831478	-37330944
1602298016831481	-3584
1602298016831482	-1048576
1602298016831503	1048576
1602298016831509	1049088
1602298016831523	2560
1602298016831849	-2560
1602298016831852	-1049088
1602298016831859	-149327872
1602298016831898	-4096
1602298016834492	-4096
1602298016834532	-37330944
1602298016834563	-1048576
1602298016834577	37330944
1602298016834578	1024
1602298016834578	1024
1602298016834579	256
1602298016834647	256
1602298016834780	-37330944
1602298016834782	-37330944
1602298016834782	-1024
1602298016834783	-1024
1602298016834784	-256
1602298016834785	-256
1602298016834831	-1048576
1602298016834840	37330944
1602298016834846	4194304
1602298016834869	37330944
1602298016834883	263061504
1602298016836982	-37330944
1602298016836985	-263061504
1602298016836986	-4194304
1602298016837008	4194304
1602298016837014	4194304
1602298016837028	256745472
1602298016837387	-256745472
1602298016837390	-4194304
1602298016837397	-37330944
1602298016837444	-1024
1602298016837478	-1024
1602298016837512	-37330944
1602298016837542	-2359296
1602298016837556	37330944
1602298016837556	1024
1602298016837557	1024
1602298016837557	256
1602298016837578	256
1602298016837648	-37330944
1602298016837649	-37330944
1602298016837651	-1024
1602298016837651	-1024
1602298016837653	-256
1602298016837653	-256
1602298016840109	-4194304
1602298016840119	149323776
1602298016840124	1048576
1602298016840154	149323776
1602298016840167	4096
1602298016840591	-149323776
1602298016840594	-4096
1602298016840595	-1048576
1602298016840617	1048576
1602298016840624	1049088
1602298016840637	4096
1602298016841034	-4096
1602298016841036	-1049088
1602298016841043	-37330944
1602298016841088	-1024
1602298016841337	-1024
1602298016841368	-149323776
1602298016841402	-1048576
1602298016841717	-149323776
1602298016841970	-1048576
1602298016841984	149327872
1602298016841985	4096
1602298016841985	4096
1602298016841986	256
1602298016842007	256
1602298016842078	-149323776
1602298016842079	-4096
1602298016842080	-4096
1602298016842082	-256
1602298016842082	-256
1602298016842098	37330944
1602298016842103	1048576
1602298016842131	37330944
1602298016842150	3584
1602298016842222	-37330944
1602298016842224	-3584
1602298016842225	-1048576
1602298016842246	1048576
1602298016842252	1049088
1602298016842265	2560
1602298016842376	-2560
1602298016842378	-1049088
1602298016842385	-149327872
1602298016842429	-4096
1602298016842514	-4096
1602298016842550	-37330944
1602298016842583	-1048576
1602298016842592	47713792
1602298016842592	1024
1602298016842593	1024
1602298016842593	256
1602298016842618	256
1602298016842688	-37330944
1602298016842690	-37330944
1602298016842691	-1024
1602298016842691	-1024
1602298016842693	-256
1602298016842693	-256
1602298016842733	-1048576
1602298016842742	37330944
1602298016842747	2359808
1602298016843498	37330944
1602298016843512	263061504
1602298016844294	-37330944
1602298016844296	-263061504
1602298016844298	-2359808
1602298016844319	2359808
1602298016844325	4194304
1602298016844346	256745472
1602298016845035	-256745472
1602298016845037	-4194304
1602298016845045	-47713792
1602298016845070	-256
1602298016847830	-1024
1602298016847861	-1024
1602298016847897	-37330944
1602298016847929	-2359296
1602298016847938	37330944
1602298016847938	1024
1602298016847939	1024
1602298016847939	256
1602298016850632	256
1602298016850740	-37330944
1602298016850742	-37330944
1602298016850742	-1024
1602298016850743	-1024
1602298016850744	-256
1602298016850745	-256
1602298016850789	-2359808
1602298016850804	149323776
1602298016850809	1048576
1602298016850888	149323776
1602298016850903	4096
1602298016850968	-149323776
1602298016850970	-4096
1602298016850971	-1048576
1602298016850993	1048576
1602298016851000	1049088
1602298016851013	4096
1602298016851461	-4096
1602298016851463	-1049088
1602298016851470	-37330944
1602298016851575	-1024
1602298016853318	-1024
1602298016853559	-149323776
1602298016853740	-1048576
1602298016853904	-149323776
1602298016855619	-1048576
1602298016855628	149327872
1602298016855629	4096
1602298016855629	4096
1602298016855630	256
1602298016855715	256
1602298016856075	-149323776
1602298016856076	-4096
1602298016856077	-4096
1602298016856079	-256
1602298016856080	-256
1602298016856095	47713792
1602298016856101	1049088
1602298016856135	37330944
1602298016856149	3584
1602298016856219	-47713792
1602298016856221	-3584
1602298016856222	-1049088
1602298016856243	1049088
1602298016856249	1048576
1602298016856262	2560
1602298016856485	-2560
1602298016856488	-1048576
1602298016856495	-149327872
1602298016856547	-4096
1602298016856579	-4096
1602298016856610	-37330944
1602298016859266	-1048576
1602298016859276	37330944
1602298016859276	1024
1602298016859277	1024
1602298016859277	256
1602298016859303	256
1602298016859375	-37330944
1602298016859377	-37330944
1602298016859377	-1024
1602298016859378	-1024
1602298016859379	-256
1602298016859380	-256
1602298016862382	-1049088
1602298016862396	37330944
1602298016862402	4194304
1602298016862428	47713792
1602298016862441	263061504
1602298016862905	-37330944
1602298016862907	-263061504
1602298016862909	-4194304
1602298016862935	4194304
1602298016862942	4194304
1602298016862955	256745472
1602298016864013	-256745472
1602298016864016	-4194304
1602298016864023	-37330944
1602298016864072	-1024
1602298016864105	-1024
1602298016864135	-37330944
1602298016866925	-2359296
1602298016866935	37330944
1602298016866936	1024
1602298016866936	1024
1602298016866941	256
1602298016866963	256
1602298016867033	-47713792
1602298016867034	-37330944
1602298016867035	-1024
1602298016867035	-1024
1602298016867037	-256
1602298016867038	-256
1602298016867088	-4194304
1602298016867098	149323776
1602298016867103	1049088
1602298016869735	149323776
1602298016869750	4096
1602298016869830	-149323776
1602298016869833	-4096
1602298016869833	-1049088
1602298016869855	1049088
1602298016869861	1048576
1602298016869874	4096
1602298016870133	-4096
1602298016870135	-1048576
1602298016870143	-37330944
1602298016870190	-1024
1602298016870296	-1024
1602298016870558	-149323776
1602298016870661	-1048576
1602298016872393	-149323776
1602298016872627	-1049088
1602298016872640	149323776
1602298016872640	4096
1602298016872641	4096
1602298016872642	256
1602298016872803	256
1602298016873019	-149323776
1602298016873020	-4096
1602298016873022	-4096
1602298016873023	-256
1602298016873023	-256
1602298016873037	149323776
1602298016873038	4096
1602298016873039	4096
1602298016873039	256
1602298016874677	256
1602298016874825	-149323776
1602298016874828	-149323776
1602298016874828	-4096
1602298016874829	-4096
1602298016874830	-256
1602298016874830	-256
1602298016874845	298647552
1602298016874851	2097152
1602298016875078	298647552
1602298016875193	-298647552
1602298016875196	-2097152
1602298016875219	2097152
1602298016875226	2097152
1602298016875248	2560
1602298016875361	-2560
1602298016875364	-2097152
1602298016875371	-149323776
1602298016875474	-4096
1602298016875535	-4096
1602298016875547	50860032
1602298016875553	1048576
1602298016875595	37330944
1602298016875608	4096
1602298016878313	-50860032
1602298016878315	-4096
1602298016878316	-1048576
1602298016878339	1048576
1602298016878345	1048576
1602298016878358	4096
1602298016881563	-4096
1602298016881565	-1048576
1602298016881572	-149323776
1602298016881609	-4096
1602298016881644	-4096
1602298016882008	-2097152
1602298016882045	-37330944
1602298016882461	-1048576
1602298016882498	-2097152
1602298016882507	37330944
1602298016882508	1024
1602298016882508	1024
1602298016882509	256
1602298016882529	256
1602298016882599	-37330944
1602298016882601	-37330944
1602298016882602	-1024
1602298016882607	-1024
1602298016882609	-256
1602298016882609	-256
1602298016883158	-1048576
1602298016883167	50860032
1602298016883172	4194304
1602298016883201	37330944
1602298016883216	263061504
1602298016884186	-50860032
1602298016884188	-263061504
1602298016884190	-4194304
1602298016884212	4194304
1602298016884218	4194304
1602298016884231	256745472
1602298016897471	-256745472
1602298016897474	-4194304
1602298016897481	-37330944
1602298016897532	-1024
1602298016897562	-1024
1602298016897598	-37330944
1602298016897632	-2359296
1602298016897641	50860032
1602298016897642	1024
1602298016897643	1024
1602298016897643	256
1602298016897663	256
1602298016900452	-37330944
1602298016900454	-37330944
1602298016900455	-1024
1602298016900460	-1024
1602298016900461	-256
1602298016900462	-256
1602298016900505	-4194304
1602298016900517	298647552
1602298016900523	524288
1602298016900552	298647552
1602298016903221	-298647552
1602298016903224	-524288
1602298016903255	524288
1602298016903262	524544
1602298016903277	4096
1602298016903464	-4096
1602298016903466	-524544
1602298016903473	-50860032
1602298016903517	-1024
1602298016903562	-1024
1602298016903594	-298647552
1602298016903628	-524288
1602298016903755	-298647552
1602298016903786	-524288
1602298016903799	298649600
1602298016903800	2048
1602298016903800	2048
1602298016903801	256
1602298016903902	256
1602298016904221	-298647552
1602298016904222	-2048
1602298016904223	-2048
1602298016904225	-256
1602298016904225	-256
1602298016904243	74661888
1602298016904248	262144
1602298016904277	74661888
1602298016904291	6912
1602298016906427	-74661888
1602298016906430	-6912
1602298016906431	-262144
1602298016906453	262144
1602298016906460	262144
1602298016906473	2560
1602298016908718	-2560
1602298016908720	-262144
1602298016908727	-298649600
1602298016908765	-2048
1602298016908835	-2048
1602298016908896	-74661888
1602298016908930	-262144
1602298016908939	74661888
1602298016908940	768
1602298016908940	512
1602298016908941	256
1602298016908961	256
1602298016909135	-74661888
1602298016909137	-74661888
1602298016909137	-512
1602298016909143	-512
1602298016909144	-256
1602298016909145	-256
1602298016909185	-262144
1602298016909194	74661888
1602298016909199	1048832
1602298016909227	74661888
1602298016909241	278552576
1602298016909528	-74661888
1602298016909531	-278552576
1602298016909532	-1048832
1602298016909554	1048832
1602298016909560	1049088
1602298016909576	338337792
1602298016912887	-338337792
1602298016912889	-1049088
1602298016912897	-74661888
1602298016912944	-768
1602298016912979	-512
1602298016913752	-74661888
1602298016913784	-589824
1602298016913797	74661888
1602298016913797	768
1602298016913798	512
1602298016913798	256
1602298016914617	256
1602298016914697	-74661888
1602298016914699	-74661888
1602298016914700	-512
1602298016914700	-512
1602298016914701	-256
1602298016914702	-256
1602298016914753	-1048832
1602298016914762	298647552
1602298016914768	262400
1602298016914797	298647552
1602298016914811	6912
1602298016915859	-298647552
1602298016915861	-6912
1602298016915863	-262400
1602298016915883	262400
1602298016915890	262144
1602298016915904	4096
1602298016921098	-4096
1602298016921100	-262144
1602298016921108	-74661888
1602298016921154	-768
1602298016921186	-512
1602298016921217	-298647552
1602298016921357	-262144
1602298016921392	-298647552
1602298016921422	-262400
1602298016921434	298649600
1602298016921435	2048
1602298016921436	2048
1602298016921436	256
1602298016921694	256
1602298016921769	-298647552
1602298016921771	-2048
1602298016921771	-2048
1602298016921773	-256
1602298016921774	-256
1602298016921790	74661888
1602298016921795	262400
1602298016921823	74661888
1602298016921839	6912
1602298016923882	-74661888
1602298016923884	-6912
1602298016923886	-262400
1602298016923909	262400
1602298016923915	262144
1602298016923929	2560
1602298016926827	-2560
1602298016926830	-262144
1602298016926837	-298649600
1602298016926882	-2048
1602298016926912	-2048
1602298016926948	-74661888
1602298016927105	-262144
1602298016927115	74661888
1602298016927115	768
1602298016927116	512
1602298016927117	256
1602298016927139	256
1602298016927214	-74661888
1602298016927216	-74661888
1602298016927216	-512
1602298016927217	-512
1602298016927218	-256
1602298016927219	-256
1602298016927453	-262400
1602298016927462	74661888
1602298016927468	589824
1602298016927497	74661888
1602298016927513	278552576
1602298016927626	-74661888
1602298016927628	-278552576
1602298016927629	-589824
1602298016927651	589824
1602298016927657	1048832
1602298016927673	338337792
1602298016930418	-338337792
1602298016930420	-1048832
1602298016930428	-74661888
1602298016932998	-768
1602298016933035	-512
1602298016933069	-74661888
1602298016933099	-589824
1602298016933111	74661888
1602298016933112	768
1602298016933113	512
1602298016933113	256
1602298016933872	256
1602298016933944	-74661888
1602298016933946	-74661888
1602298016933947	-512
1602298016933947	-512
1602298016933949	-256
1602298016933949	-256
1602298016934740	-589824
1602298016934749	298647552
1602298016934754	262400
1602298016934783	298647552
1602298016934797	6912
1602298016935936	-298647552
1602298016935938	-6912
1602298016935940	-262400
1602298016935960	262400
1602298016935967	262144
1602298016935980	4096
1602298016938610	-4096
1602298016938612	-262144
1602298016938619	-74661888
1602298016938656	-768
1602298016941220	-512
1602298016941254	-298647552
1602298016941287	-262144
1602298016941321	-298647552
1602298016941465	-262400
1602298016941478	298651648
1602298016941479	2048
1602298016941479	2048
1602298016941480	256
1602298016941501	256
1602298016941572	-298647552
1602298016941573	-2048
1602298016941574	-2048
1602298016941576	-256
1602298016941576	-256
1602298016941593	74661888
1602298016941598	262400
1602298016941805	74661888
1602298016941819	6912
1602298016942226	-74661888
1602298016942228	-6912
1602298016942230	-262400
1602298016942251	262400
1602298016942257	262144
1602298016942270	2560
1602298016945335	-2560
1602298016945337	-262144
1602298016945344	-298651648
1602298016946730	-2048
1602298016946912	-2048
1602298016946947	-74663936
1602298016946983	-262144
1602298016946992	74661888
1602298016946993	768
1602298016946994	512
1602298016946994	256
1602298016947019	256
1602298016947235	-74661888
1602298016947237	-74661888
1602298016947237	-512
1602298016947238	-512
1602298016947239	-256
1602298016947240	-256
1602298016947280	-262400
1602298016947295	74661888
1602298016947300	589824
1602298016947324	74663936
1602298016947338	278552576
1602298016947612	-74661888
1602298016947615	-278552576
1602298016947616	-589824
1602298016947638	589824
1602298016947644	589824
1602298016947658	338337792
1602298016950473	-338337792
1602298016950476	-589824
1602298016950484	-74661888
1602298016950524	-768
1602298016950558	-512
1602298016954213	-74661888
1602298016954266	-589824
1602298016954281	74661888
1602298016954281	768
1602298016954282	512
1602298016954282	256
1602298016954311	256
1602298016954387	-74663936
1602298016954389	-74661888
1602298016954389	-512
1602298016954390	-512
1602298016954391	-256
1602298016954392	-256
1602298016954444	-589824
1602298016954459	298647552
1602298016954465	262400
1602298016954495	298647552
1602298016954509	6912
1602298016954860	-298647552
1602298016954863	-6912
1602298016954864	-262400
1602298016954887	262400
1602298016954894	262144
1602298016954908	4096
1602298016958647	-4096
1602298016958649	-262144
1602298016958657	-74661888
1602298016958700	-768
1602298016958735	-512
1602298016958764	-298647552
1602298016961300	-262144
1602298016961339	-298647552
1602298016961377	-262400
1602298016961386	298648576
1602298016961386	2048
1602298016961387	2048
1602298016961388	256
1602298016961409	256
1602298016961602	-298647552
1602298016961603	-2048
1602298016961609	-2048
1602298016961610	-256
1602298016961611	-256
1602298016961626	298647552
1602298016961626	2048
1602298016961627	2048
1602298016961627	256
1602298016961652	256
1602298016961719	-298647552
1602298016961721	-298647552
1602298016961722	-2048
1602298016961722	-2048
1602298016961724	-256
1602298016961724	-256
1602298016961744	597295104
1602298016961750	589824
1602298016961886	597295104
1602298016961989	-597295104
1602298016961991	-589824
1602298016962017	589824
1602298016962023	589824
1602298016962037	2560
1602298016964873	-2560
1602298016964876	-589824
1602298016964883	-298648576
1602298016965430	-2048
1602298016966826	-2048
1602298016966837	74661888
1602298016966843	262400
1602298016967004	74661888
1602298016967018	6912
1602298016967096	-74661888
1602298016967098	-6912
1602298016967100	-262400
1602298016967123	262400
1602298016967129	262144
1602298016967143	2560
1602298016967650	-2560
1602298016967652	-262144
1602298016967659	-298647552
1602298016967705	-2048
1602298016967736	-2048
1602298016967773	-524288
1602298016970569	-74661888
1602298016970600	-262144
1602298016970634	-589824
1602298016970648	78987008
1602298016970649	768
1602298016970649	512
1602298016970650	256
1602298016970671	256
1602298016973243	-74661888
1602298016973245	-74661888
1602298016973246	-512
1602298016973246	-512
1602298016973248	-256
1602298016973248	-256
1602298016973290	-262400
1602298016973305	74661888
1602298016973311	589824
1602298016973336	74661888
1602298016973350	278552576
1602298016974115	-74661888
1602298016974118	-278552576
1602298016974119	-589824
1602298016974147	589824
1602298016974153	589824
1602298016974167	447979520
1602298016974979	-447979520
1602298016974981	-589824
1602298016974988	-78987008
1602298016976123	-768
1602298016976153	-512
1602298016976188	-74661888
1602298016978751	-589824
1602298016978760	74661888
1602298016978760	768
1602298016978761	512
1602298016978762	256
1602298016978788	256
1602298016978860	-74661888
1602298016978862	-111983616
1602298016978862	-512
1602298016978863	-768
1602298016978865	-256
1602298016978865	-256
1602298016978908	-589824
1602298016978923	597295104
1602298016978929	131072
1602298016981393	597295104
1602298016981489	-597295104
1602298016981491	-131072
1602298016981517	131072
1602298016981524	131328
1602298016981537	4096
1602298016981987	-4096
1602298016981989	-131328
1602298016981996	-74661888
1602298016982035	-768
1602298016982069	-512
1602298016982412	-597295104
1602298016982448	-131072
1602298016984157	-597295104
1602298016984461	-131072
1602298016984478	597295104
1602298016984479	1024
1602298016984479	1280
1602298016984480	256
1602298016984967	256
1602298016985576	-597295104
1602298016985577	-1024
1602298016985578	-1024
1602298016985579	-256
1602298016985580	-256
1602298016985597	149323776
1602298016985603	65536
1602298016986914	149323776
1602298016986929	21248
1602298016987157	-149323776
1602298016987159	-21248
1602298016987161	-65536
1602298016987183	65536
1602298016987190	65536
1602298016987203	4096
1602298016987710	-4096
1602298016987712	-65536
1602298016987720	-597295104
1602298016987764	-1024
1602298016987794	-1280
1602298016987829	-149323776
1602298016987862	-65536
1602298016987871	149323776
1602298016987872	256
1602298016987872	256
1602298016987873	256
1602298016990653	256
1602298016990729	-149323776
1602298016990731	-149323776
1602298016990732	-256
1602298016990733	-256
1602298016990735	-256
1602298016990735	-256
1602298016990778	-65536
1602298016990787	149323776
1602298016990792	262400
1602298016990821	149323776
1602298016990836	225099776
1602298016993504	-149323776
1602298016993506	-225099776
1602298016993508	-262400
1602298016993530	262400
1602298016993537	147456
1602298016993553	953843712
1602298016995061	-953843712
1602298016995064	-147456
1602298016995072	-149323776
1602298016995118	-256
1602298016996216	-256
1602298016996249	-149323776
1602298016996285	-147456
1602298016996298	149323776
1602298016996298	256
1602298016996299	256
1602298016996300	256
1602298016998839	256
1602298016998921	-149323776
1602298016998923	-149323776
1602298016998924	-256
1602298016998925	-256
1602298016998926	-256
1602298016998926	-256
1602298016998975	-262400
1602298016998985	597295104
1602298016998991	65536
1602298016999017	597295104
1602298016999036	21248
1602298017001533	-597295104
1602298017001535	-21248
1602298017001537	-65536
1602298017001561	65536
1602298017001568	65536
1602298017001582	4096
1602298017002082	-4096
1602298017002084	-65536
1602298017002091	-149323776
1602298017002137	-256
1602298017002168	-256
1602298017002514	-597295104
1602298017002552	-65536
1602298017004258	-597295104
1602298017004562	-65536
1602298017004571	597295104
1602298017004572	1024
1602298017004572	1280
1602298017004573	256
1602298017005086	256
1602298017005679	-597295104
1602298017005680	-1024
1602298017005681	-1024
1602298017005683	-256
1602298017005683	-256
1602298017005702	149323776
1602298017005707	65536
1602298017007019	149323776
1602298017007033	21248
1602298017007260	-149323776
1602298017007263	-21248
1602298017007264	-65536
1602298017007285	65536
1602298017007292	65536
1602298017007304	4096
1602298017007823	-4096
1602298017007825	-65536
1602298017007832	-597295104
1602298017007872	-1024
1602298017007909	-1280
1602298017007944	-149323776
1602298017007978	-65536
1602298017007986	149323776
1602298017007987	256
1602298017007988	256
1602298017007988	256
1602298017010754	256
1602298017010828	-149323776
1602298017010830	-149323776
1602298017010830	-256
1602298017010836	-256
1602298017010838	-256
1602298017010838	-256
1602298017010880	-65536
1602298017010890	149323776
1602298017010895	147456
1602298017010924	149323776
1602298017010938	225099776
1602298017013607	-149323776
1602298017013610	-225099776
1602298017013611	-147456
1602298017013635	147456
1602298017013642	147456
1602298017013657	953843712
1602298017015156	-953843712
1602298017015159	-147456
1602298017015167	-149323776
1602298017015214	-256
1602298017016334	-256
1602298017016374	-149323776
1602298017017501	-147456
1602298017017510	149323776
1602298017017511	256
1602298017017511	256
1602298017017512	256
1602298017018016	256
1602298017025323	-149323776
1602298017025325	-149323776
1602298017025326	-256
1602298017025327	-256
1602298017025328	-256
1602298017025329	-256
1602298017025376	-147456
1602298017025386	597295104
1602298017025392	65536
1602298017025418	597295104
1602298017025432	21248
1602298017030843	-597295104
1602298017030846	-21248
1602298017030847	-65536
1602298017030869	65536
1602298017030876	65536
1602298017030889	3072
1602298017030994	-3072
1602298017030996	-65536
1602298017031003	-149323776
1602298017033509	-256
1602298017033547	-256
1602298017033582	-597295104
1602298017033614	-65536
1602298017036149	-597295104
1602298017036186	-65536
1602298017036195	597295104
1602298017036195	1280
1602298017036196	1024
1602298017036197	256
1602298017036223	256
1602298017036295	-597295104
1602298017036296	-1024
1602298017036297	-1024
1602298017036298	-256
1602298017036299	-256
1602298017036313	597295104
1602298017036314	1024
1602298017036315	1024
1602298017036315	256
1602298017036339	256
1602298017036476	-597295104
1602298017036478	-597295104
1602298017036479	-1024
1602298017036480	-1024
1602298017036482	-256
1602298017036482	-256
1602298017036501	149323776
1602298017036506	65792
1602298017036535	149323776
1602298017036549	21248
1602298017036799	-149323776
1602298017036801	-21248
1602298017036802	-65792
1602298017036824	65792
1602298017036831	65536
1602298017036845	3072
1602298017038973	-3072
1602298017038975	-65536
1602298017038982	-597295104
1602298017039285	-1280
1602298017039797	-1024
1602298017039810	149323776
1602298017039816	65536
1602298017040359	149323776
1602298017040373	21248
1602298017041963	-149323776
1602298017041965	-21248
1602298017041966	-65536
1602298017041988	65536
1602298017041995	65536
1602298017042007	3072
1602298017042245	-3072
1602298017042248	-65536
1602298017042254	-597295104
1602298017042555	-1024
1602298017042590	-1024
1602298017042620	-65536
1602298017043126	-149323776
1602298017045652	-65536
1602298017045687	-65792
1602298017045696	149323776
1602298017045697	256
1602298017045698	256
1602298017045698	256
1602298017045719	256
1602298017045789	-149323776
1602298017045791	-149323776
1602298017045792	-256
1602298017045798	-256
1602298017045799	-256
1602298017045799	-256
1602298017047185	-65536
1602298017047194	149323776
1602298017047200	147456
1602298017047228	149323776
1602298017047244	225099776
1602298017047496	-149323776
1602298017047498	-225099776
1602298017047500	-147456
1602298017047522	147456
1602298017047528	147456
1602298017047543	953843712
1602298017052882	-953843712
1602298017052885	-147456
1602298017052892	-149323776
1602298017052938	-256
1602298017052970	-256
1602298017055539	-149323776
1602298017055579	-147456
1602298017055590	149323776
1602298017055590	256
1602298017055591	256
1602298017055591	256
1602298017055617	256
1602298017055688	-149323776
1602298017055690	-149323776
1602298017055690	-256
1602298017055691	-256
1602298017055692	-256
1602298017055693	-256
1602298017058309	-147456
1602298017058332	149323776
1602298017058338	16384
1602298017058366	149323776
1602298017058380	21248
1602298017058763	-149323776
1602298017058765	-21248
1602298017058766	-16384
1602298017058790	16384
1602298017058796	16384
1602298017058810	3072
1602298017059404	-3072
1602298017059407	-16384
1602298017059413	-149323776
1602298017059647	-256
1602298017061994	-256
1602298017062505	-149323776
1602298017063001	-16384
1602298017063017	597295104
1602298017064940	-149323776
1602298017064941	-149323776
1602298017064987	-16384
1602298017065018	-597295104
1602298017065031	597295104
1602298017065032	256
1602298017065032	256
1602298017065033	256
1602298017065054	256
1602298017065435	-597295104
1602298017065437	-597295104
1602298017065437	-256
1602298017065438	-256
1602298017065440	-256
1602298017065440	-256
1602298017065455	37632
1602298017065461	37632
1602298017065475	35840
1602298017066042	-35840
1602298017066044	-37632
1602298017066051	-118072832
1602298017066052	-597295104
1602298017066090	-256
1602298017069254	-256
1602298017069286	-37632
1602298017069321	-256
1602298017069322	-37632
