1599710280026478	0.000244140625
1599710280026584	-0.000244140625
1599710280026611	0.000244140625
1599710280026649	0.000244140625
1599710280026706	-0.000244140625
1599710280026822	0.000244140625
1599710280026858	0.000244140625
1599710280026898	-0.000244140625
1599710280026986	0.000244140625
1599710280027009	-0.000244140625
1599710280027101	0.000244140625
1599710280027248	0.000244140625
1599710280027287	0.000244140625
1599710280027446	0.000244140625
1599710280027496	-0.000244140625
1599710280027524	0.000244140625
1599710280027619	-0.000244140625
1599710280027619	-0.000244140625
1599710280027619	-0.000244140625
1599710280027619	-0.000244140625
1599710280027619	-0.000244140625
1599710280027657	0.000244140625
1599710280027673	-0.000244140625
1599710280027673	-0.000244140625
1599710280029279	0.000244140625
1599710280030226	0.000244140625
1599710280030226	0.0087890625
1599710280030373	-0.0087890625
1599710280030444	2.25
1599710280030542	0.000244140625
1599710280030542	0.0087890625
1599710280030583	-0.0087890625
1599710280030593	9.0
1599710280030637	0.000244140625
1599710280030637	0.0087890625
1599710280030661	-0.0087890625
1599710280030680	2.25
1599710280030712	0.000244140625
1599710280030712	0.000244140625
1599710280030745	-0.000244140625
1599710280030760	1.0
1599710280030788	0.000244140625
1599710280030788	0.000244140625
1599710280030818	-0.000244140625
1599710280030829	1.0
1599710280030868	0.000244140625
1599710280030868	0.0087890625
1599710280030907	-0.0087890625
1599710280030914	8.0
1599710280030953	0.000244140625
1599710280030953	0.0087890625
1599710280030990	-0.0087890625
1599710280030995	9.0
1599710280031038	0.000244140625
1599710280031038	0.000244140625
1599710280031062	-0.000244140625
1599710280031066	1.0
1599710280031095	0.000244140625
1599710280031095	0.000244140625
1599710280031120	-0.000244140625
1599710280031136	0.0625
1599710280031164	0.000244140625
1599710280031164	0.000244140625
1599710280031187	-0.000244140625
1599710280031204	0.0625
1599710280031240	0.000244140625
1599710280031240	0.0087890625
1599710280031277	-0.0087890625
1599710280031285	7.8203125
1599710280031326	0.000244140625
1599710280031326	0.000244140625
1599710280031344	-0.000244140625
1599710280031360	0.5625
1599710280031399	0.000244140625
1599710280031399	0.0087890625
1599710280031437	-0.0087890625
1599710280031443	9.0
1599710280031485	0.000244140625
1599710280031485	0.000244140625
1599710280031499	-0.000244140625
1599710280031513	0.25
1599710280031551	0.000244140625
1599710280031551	0.0087890625
1599710280031576	-0.0087890625
1599710280031594	2.0
1599710280031632	0.000244140625
1599710280031632	0.0087890625
1599710280031658	-0.0087890625
1599710280031674	4.0
1599710280031704	0.000244140625
1599710280031704	0.000244140625
1599710280031735	-0.000244140625
1599710280031746	1.0
1599710280031775	0.000244140625
1599710280031775	0.000244140625
1599710280031800	-0.000244140625
1599710280031815	0.0625
1599710280031842	0.000244140625
1599710280031842	0.000244140625
1599710280031867	-0.000244140625
1599710280031883	0.0625
1599710280031908	0.000244140625
1599710280031908	0.000244140625
1599710280031932	-0.000244140625
1599710280031948	0.0625
1599710280031975	0.000244140625
1599710280031975	0.000244140625
1599710280032004	-0.000244140625
1599710280032014	1.0
1599710280032054	36.75
1599710280032447	0.000244140625
1599710280032447	0.000244140625
1599710280032458	-0.000244140625
1599710280032459	0.035888671875
1599710280032465	0.000244140625
1599710280032477	0.015625
1599710280032482	0.000244140625
1599710280032482	0.000244140625
1599710280032494	-0.000244140625
1599710280032496	0.140625
1599710280032502	0.000244140625
1599710280032502	0.000244140625
1599710280032515	-0.000244140625
1599710280032516	0.25
1599710280032522	0.000244140625
1599710280032522	0.000244140625
1599710280032540	-0.000244140625
1599710280032542	0.5625
1599710280032548	0.000244140625
1599710280032548	0.0087890625
1599710280032565	-0.0087890625
1599710280032566	2.25
1599710280032576	0.000244140625
1599710280032576	0.000244140625
1599710280032589	-0.000244140625
1599710280032591	0.25
1599710280032597	0.000244140625
1599710280032597	0.0087890625
1599710280032613	-0.0087890625
1599710280032632	2.25
1599710280032664	0.000244140625
1599710280032664	0.000244140625
1599710280032688	-0.000244140625
1599710280032706	0.25
1599710280032738	0.000244140625
1599710280032738	0.000244140625
1599710280032762	-0.000244140625
1599710280032780	0.5
1599710280032811	0.000244140625
1599710280032811	0.000244140625
1599710280032840	-0.000244140625
1599710280032851	1.0
1599710280032881	0.000244140625
1599710280032881	0.000244140625
1599710280032905	-0.000244140625
1599710280032921	0.5
1599710280032949	0.000244140625
1599710280032949	0.000244140625
1599710280032973	-0.000244140625
1599710280032989	0.5625
1599710280033017	0.000244140625
1599710280033017	0.000244140625
1599710280033042	-0.000244140625
1599710280033057	0.140625
1599710280033085	0.000244140625
1599710280033085	0.000244140625
1599710280033116	-0.000244140625
1599710280033132	0.5625
1599710280033173	0.000244140625
1599710280033173	0.0087890625
1599710280033200	-0.0087890625
1599710280033216	4.0
1599710280033246	0.000244140625
1599710280033246	0.000244140625
1599710280033277	-0.000244140625
1599710280033291	1.0
1599710280033319	0.000244140625
1599710280033345	0.00390625
1599710280033372	0.000244140625
1599710280033372	0.000244140625
1599710280033395	-0.000244140625
1599710280033411	0.125
1599710280033440	0.000244140625
1599710280033440	0.000244140625
1599710280033464	-0.000244140625
1599710280033480	0.25
1599710280033510	0.000244140625
1599710280033510	0.000244140625
1599710280033534	-0.000244140625
1599710280033552	0.25
1599710280033583	0.000244140625
1599710280033583	0.000244140625
1599710280033609	-0.000244140625
1599710280033625	0.25
1599710280033655	0.000244140625
1599710280033655	0.000244140625
1599710280033679	-0.000244140625
1599710280033697	0.0625
1599710280033724	0.000244140625
1599710280033724	0.000244140625
1599710280033754	-0.000244140625
1599710280033764	1.0
1599710280033803	0.000244140625
1599710280033803	0.0087890625
1599710280033830	-0.0087890625
1599710280033847	4.0
1599710280033885	0.000244140625
1599710280033885	0.0087890625
1599710280033912	-0.0087890625
1599710280033929	2.25
1599710280033958	0.000244140625
1599710280033958	0.000244140625
1599710280033987	-0.000244140625
1599710280034001	1.0
1599710280034047	0.000244140625
1599710280034047	0.0087890625
1599710280034074	-0.0087890625
1599710280034091	4.0
1599710280034134	0.000244140625
1599710280034134	0.000244140625
1599710280034165	-0.000244140625
1599710280034178	1.0
1599710280034222	0.000244140625
1599710280034222	0.0087890625
1599710280034248	-0.0087890625
1599710280034265	2.25
1599710280034295	0.000244140625
1599710280034295	0.000244140625
1599710280034321	-0.000244140625
1599710280034337	0.140625
1599710280034377	0.000244140625
1599710280034377	0.0087890625
1599710280034403	-0.0087890625
1599710280034421	2.0
1599710280034450	0.000244140625
1599710280034450	0.000244140625
1599710280034480	-0.000244140625
1599710280034492	1.0
1599710280034530	0.000244140625
1599710280034530	0.0087890625
1599710280034557	-0.0087890625
1599710280034573	4.0
1599710280034614	38.7451171875
1599710280034817	-36.75
1599710280034860	-0.000244140625
1599710280034860	-0.000244140625
1599710280034860	-0.000244140625
1599710280034860	-0.000244140625
1599710280034860	-0.000244140625
1599710280034860	-0.000244140625
1599710280034860	-0.000244140625
1599710280034860	-0.000244140625
1599710280034860	-0.000244140625
1599710280034860	-0.000244140625
1599710280034860	-0.000244140625
1599710280034860	-0.000244140625
1599710280034860	-0.000244140625
1599710280034860	-0.000244140625
1599710280034860	-0.000244140625
1599710280034860	-0.000244140625
1599710280034860	-0.000244140625
1599710280034860	-0.000244140625
1599710280034860	-0.000244140625
1599710280034860	-0.000244140625
1599710280034860	-0.000244140625
1599710280034860	-0.000244140625
1599710280034860	-0.000244140625
1599710280034860	-0.000244140625
1599710280034860	-0.000244140625
1599710280034860	-0.000244140625
1599710280034860	-0.000244140625
1599710280034860	-0.000244140625
1599710280034860	-0.000244140625
1599710280034860	-0.000244140625
1599710280034860	-0.000244140625
1599710280034860	-0.000244140625
1599710280034860	-0.000244140625
1599710280034860	-0.000244140625
1599710280034860	-0.000244140625
1599710280034860	-0.000244140625
1599710280034860	-0.000244140625
1599710280034860	-0.000244140625
1599710280034860	-0.000244140625
1599710280034860	-0.000244140625
1599710280034860	-0.000244140625
1599710280034860	-0.000244140625
1599710280034860	-0.000244140625
1599710280034860	-0.000244140625
1599710280034860	-0.000244140625
1599710280034860	-0.000244140625
1599710280034860	-0.000244140625
1599710280034860	-0.000244140625
1599710280034860	-0.000244140625
1599710280034860	-0.000244140625
1599710280034860	-0.000244140625
1599710280034860	-0.000244140625
1599710280034860	-0.000244140625
1599710280034860	-0.000244140625
1599710280034862	196.0
1599710280034862	0.035888671875
1599710280034862	0.072021484375
1599710280037076	-0.035888671875
1599710280037076	-0.072021484375
1599710280037104	196.0
1599710280037104	0.000244140625
1599710280037104	0.000244140625
1599710280037104	0.000244140625
1599710280037104	0.000244140625
1599710280039107	-0.000244140625
1599710280039117	-0.000244140625
1599710280039119	49.0
1599710280040040	49.0
1599710280040040	0.015625
1599710280040040	0.01806640625
1599710280040349	-0.015625
1599710280040349	-0.01806640625
1599710280040351	196.0
1599710280040351	0.0625
1599710280040351	0.01806640625
1599710280041434	-0.0625
1599710280041434	-0.01806640625
1599710280041469	0.000244140625
1599710280041469	0.000244140625
1599710280041469	0.000244140625
1599710280041469	0.000244140625
1599710280041469	49.0
1599710280041780	0.0009765625
1599710280041780	0.0009765625
1599710280041780	0.0009765625
1599710280041780	0.0009765625
1599710280041780	196.0
1599710280043058	-0.000244140625
1599710280043066	-0.000244140625
1599710280043074	-0.0009765625
1599710280043082	-0.0009765625
1599710280043084	49.0
1599710280043084	0.140625
1599710280043084	85.046875
1599710280044397	-0.140625
1599710280044397	-85.046875
1599710280044457	0.000244140625
1599710280044457	49.0
1599710280044457	0.000244140625
1599710280044457	0.000244140625
1599710280044457	0.000244140625
1599710280045014	-0.000244140625
1599710280045024	-0.000244140625
1599710280045027	196.0
1599710280045027	0.0625
1599710280045027	0.01806640625
1599710280046109	-0.0625
1599710280046109	-0.01806640625
1599710280046147	0.0009765625
1599710280046147	0.0009765625
1599710280046147	196.0
1599710280046147	0.0009765625
1599710280046147	0.0009765625
1599710280048414	-196.0
1599710280048423	-0.0009765625
1599710280048434	-0.0009765625
1599710280049260	49.0
1599710280049260	0.0625
1599710280049260	0.01806640625
1599710280050193	-0.0625
1599710280050193	-0.01806640625
1599710280050225	0.000244140625
1599710280050225	49.0
1599710280050225	0.000244140625
1599710280050225	0.000244140625
1599710280050225	0.000244140625
1599710280050732	-0.000244140625
1599710280050745	49.0
1599710280050745	0.140625
1599710280050745	85.046875
1599710280052002	-0.140625
1599710280052002	-85.046875
1599710280052043	0.000244140625
1599710280052043	0.000244140625
1599710280052043	0.000244140625
1599710280052043	49.0
1599710280052043	0.000244140625
1599710280052366	-0.000244140625
1599710280052594	196.0
1599710280052594	0.0625
1599710280052594	0.01806640625
1599710280053676	-0.0625
1599710280053676	-0.01806640625
1599710280053696	-0.000244140625
1599710280053718	0.0009765625
1599710280053718	0.0009765625
1599710280053718	0.0009765625
1599710280053718	0.0009765625
1599710280053718	196.0
1599710280054799	-0.000244140625
1599710280055960	-196.0
1599710280055971	-0.0009765625
1599710280056811	49.0
1599710280056811	0.0625
1599710280056811	0.01806640625
1599710280057742	-0.0625
1599710280057742	-0.01806640625
1599710280057763	-0.0009765625
1599710280057777	0.000244140625
1599710280057777	49.0
1599710280057777	0.000244140625
1599710280057777	0.000244140625
1599710280057777	0.000244140625
1599710280058293	-0.000244140625
1599710280058306	49.0
1599710280058306	0.140625
1599710280058306	85.046875
1599710280059556	-0.140625
1599710280059556	-85.046875
1599710280059596	49.0
1599710280059596	0.000244140625
1599710280059596	0.000244140625
1599710280059596	0.000244140625
1599710280059596	0.000244140625
1599710280059909	-0.000244140625
1599710280060122	-0.000244140625
1599710280060131	-0.000244140625
1599710280060134	196.0
1599710280060134	0.0625
1599710280060134	0.01806640625
1599710280061217	-0.0625
1599710280061217	-0.01806640625
1599710280061253	0.0009765625
1599710280061253	0.0009765625
1599710280061253	196.0
1599710280061253	0.0009765625
1599710280061253	0.0009765625
1599710280064328	36.740234375
1599710280064328	0.125
1599710280064328	0.004638671875
1599710280064846	-0.125
1599710280064846	-0.004638671875
1599710280064848	98.0
1599710280064848	0.5
1599710280064848	0.004638671875
1599710280066593	-0.5
1599710280066593	-0.004638671875
1599710280066601	-0.0009765625
1599710280066611	-0.0009765625
1599710280066627	0.00048828125
1599710280066627	0.00048828125
1599710280066627	0.00048828125
1599710280066627	24.5
1599710280066627	0.00048828125
1599710280066792	0.001953125
1599710280066792	0.001953125
1599710280066792	98.0
1599710280066792	0.001953125
1599710280066792	0.001953125
1599710280067480	-0.00048828125
1599710280067502	24.5
1599710280067502	0.5625
1599710280067502	112.5
1599710280068466	-0.5625
1599710280068466	-112.5
1599710280068518	0.00048828125
1599710280068518	0.00048828125
1599710280068518	0.00048828125
1599710280068518	0.00048828125
1599710280068518	24.5
1599710280068679	-0.00048828125
1599710280068698	-0.001953125
1599710280068706	-0.001953125
1599710280068832	-0.00048828125
1599710280068834	98.0
1599710280068834	0.25
1599710280068834	0.004638671875
1599710280069791	-0.25
1599710280069791	-0.004638671875
1599710280069828	0.001953125
1599710280069828	0.001953125
1599710280069828	0.001953125
1599710280069828	0.001953125
1599710280069828	98.0
1599710280070403	-0.00048828125
1599710280070988	-98.0
1599710280070997	-0.001953125
1599710280071430	24.5
1599710280071430	0.25
1599710280071430	0.004638671875
1599710280072363	-0.25
1599710280072363	-0.004638671875
1599710280072380	-0.001953125
1599710280072394	0.00048828125
1599710280072394	0.00048828125
1599710280072394	0.00048828125
1599710280072394	0.00048828125
1599710280072394	24.5
1599710280072658	-0.00048828125
1599710280072670	24.5
1599710280072670	0.5625
1599710280072670	112.5
1599710280073608	-0.5625
1599710280073608	-112.5
1599710280073639	0.00048828125
1599710280073639	0.00048828125
1599710280073639	0.00048828125
1599710280073639	24.5
1599710280073639	0.00048828125
1599710280073810	-0.00048828125
1599710280073936	98.0
1599710280073936	0.25
1599710280073936	0.004638671875
1599710280074894	-0.25
1599710280074894	-0.004638671875
1599710280074928	0.001953125
1599710280074928	0.001953125
1599710280074928	98.0
1599710280074928	0.001953125
1599710280074928	0.001953125
1599710280075486	-0.00048828125
1599710280075496	-0.00048828125
1599710280076083	-0.001953125
1599710280076092	-0.001953125
1599710280076517	24.5
1599710280076517	0.25
1599710280076517	0.004638671875
1599710280077452	-0.25
1599710280077452	-0.004638671875
1599710280077494	0.00048828125
1599710280077494	0.00048828125
1599710280077494	0.00048828125
1599710280077494	24.5
1599710280077494	0.00048828125
1599710280077755	-0.00048828125
1599710280077767	24.5
1599710280077767	0.5625
1599710280077767	112.5
1599710280078702	-0.5625
1599710280078702	-112.5
1599710280078738	0.00048828125
1599710280078738	0.00048828125
1599710280078738	24.5
1599710280078738	0.00048828125
1599710280078738	0.00048828125
1599710280078906	-0.00048828125
1599710280079019	-0.00048828125
1599710280079028	-0.00048828125
1599710280079031	98.0
1599710280079031	0.25
1599710280079031	0.004638671875
1599710280079987	-0.25
1599710280079987	-0.004638671875
1599710280080021	0.001953125
1599710280080021	0.001953125
1599710280080021	0.001953125
1599710280080021	0.001953125
1599710280080021	98.0
1599710280081160	-98.0
1599710280081168	-0.001953125
1599710280081177	-0.001953125
1599710280081601	24.5
1599710280081601	0.25
1599710280081601	0.004638671875
1599710280082535	-0.25
1599710280082535	-0.004638671875
1599710280082567	0.00048828125
1599710280082567	24.5
1599710280082567	0.00048828125
1599710280082567	0.00048828125
1599710280082567	0.00048828125
1599710280082842	24.5
1599710280082842	0.5625
1599710280082842	112.5
1599710280083780	-0.5625
1599710280083780	-112.5
1599710280083814	0.00048828125
1599710280083814	24.5
1599710280083814	0.00048828125
1599710280083814	0.00048828125
1599710280083814	0.00048828125
1599710280083972	-0.00048828125
1599710280083983	-0.00048828125
1599710280084106	-0.00048828125
1599710280084109	98.0
1599710280084109	0.25
1599710280084109	0.004638671875
1599710280085061	-0.25
1599710280085061	-0.004638671875
1599710280085104	0.001953125
1599710280085104	98.0
1599710280085104	0.001953125
1599710280085104	0.001953125
1599710280085104	0.001953125
1599710280085682	-0.00048828125
1599710280086260	-98.0
1599710280086683	49.0
1599710280086683	2.0
1599710280086683	0.001220703125
1599710280088353	-2.0
1599710280088353	-0.001220703125
1599710280088355	12.25
1599710280088355	0.5
1599710280088355	0.001220703125
1599710280088840	-0.5
1599710280088840	-0.001220703125
1599710280088846	-0.001953125
1599710280088852	-0.001953125
1599710280088860	49.0
1599710280088860	0.00390625
1599710280088860	0.00390625
1599710280088860	0.00390625
1599710280088860	0.00390625
1599710280089124	0.0009765625
1599710280089124	0.0009765625
1599710280089124	12.25
1599710280089124	0.0009765625
1599710280089124	0.0009765625
1599710280089211	-0.00390625
1599710280089270	-0.0009765625
1599710280089289	12.25
1599710280089289	2.25
1599710280089289	81.0
1599710280090191	-2.25
1599710280090191	-81.0
1599710280090208	-0.00390625
1599710280090218	0.0009765625
1599710280090218	12.25
1599710280090218	0.0009765625
1599710280090218	0.0009765625
1599710280090218	0.0009765625
1599710280090306	-0.0009765625
1599710280090364	-0.0009765625
1599710280090372	49.0
1599710280090372	1.0
1599710280090372	0.001220703125
1599710280091259	-1.0
1599710280091259	-0.001220703125
1599710280091276	0.005859375
1599710280091276	0.00390625
1599710280091276	49.0
1599710280091276	0.00390625
1599710280091276	0.00390625
1599710280091542	-0.0009765625
1599710280091830	-49.0
1599710280092054	12.25
1599710280092054	1.0
1599710280092054	0.001953125
1599710280092966	-1.0
1599710280092966	-0.001953125
1599710280092973	-0.005859375
1599710280092978	-0.00390625
1599710280092984	0.0009765625
1599710280092984	0.0009765625
1599710280092984	12.25
1599710280092984	0.0009765625
1599710280092984	0.0009765625
1599710280093126	12.25
1599710280093126	2.25
1599710280093126	81.0
1599710280094027	-2.25
1599710280094027	-81.0
1599710280094049	12.25390625
1599710280094049	0.0009765625
1599710280094049	0.0009765625
1599710280094049	0.0009765625
1599710280094049	0.0009765625
1599710280094131	-0.0009765625
1599710280094136	-0.0009765625
1599710280094194	-0.0009765625
1599710280094202	49.0
1599710280094202	1.0
1599710280094202	0.001953125
1599710280095088	-1.0
1599710280095088	-0.001953125
1599710280095112	0.00390625
1599710280095112	0.00390625
1599710280095112	0.00390625
1599710280095112	49.0
1599710280095112	0.00390625
1599710280095382	-0.0009765625
1599710280095669	-49.0
1599710280095674	-0.00390625
1599710280095680	-0.00390625
1599710280095893	12.25
1599710280095893	1.0
1599710280095893	0.001953125
1599710280096807	-1.0
1599710280096807	-0.001953125
1599710280096822	0.0009765625
1599710280096822	0.0009765625
1599710280096822	0.0009765625
1599710280096822	12.25
1599710280096822	0.0009765625
1599710280096963	-0.0009765625
1599710280096965	12.25
1599710280096965	2.25
1599710280096965	81.0
1599710280097868	-2.25
1599710280097868	-81.0
1599710280097889	0.0009765625
1599710280097889	12.25
1599710280097889	0.0009765625
1599710280097889	0.0009765625
1599710280097889	0.0009765625
1599710280097971	-0.0009765625
1599710280098043	49.0
1599710280098043	1.0
1599710280098043	0.001220703125
1599710280098928	-1.0
1599710280098928	-0.001220703125
1599710280098944	0.005859375
1599710280098944	0.00390625
1599710280098944	49.0
1599710280098944	0.00390625
1599710280098944	0.00390625
1599710280099205	-0.0009765625
1599710280099212	-0.0009765625
1599710280099498	-49.0
1599710280099510	-0.00390625
1599710280099724	12.25
1599710280099724	1.0
1599710280099724	0.001953125
1599710280100638	-1.0
1599710280100638	-0.001953125
1599710280100644	-0.005859375
1599710280100653	0.0009765625
1599710280100653	0.0009765625
1599710280100653	12.25
1599710280100653	0.0009765625
1599710280100653	0.0009765625
1599710280100787	-0.0009765625
1599710280100793	-0.0009765625
1599710280100794	12.25
1599710280100794	2.25
1599710280100794	81.0
1599710280101697	-2.25
1599710280101697	-81.0
1599710280101716	12.25
1599710280101716	0.0009765625
1599710280101716	0.0009765625
1599710280101716	0.0009765625
1599710280101716	0.0009765625
1599710280101867	-0.0009765625
1599710280101869	49.0
1599710280101869	1.0
1599710280101869	0.001220703125
1599710280102754	-1.0
1599710280102754	-0.001220703125
1599710280102770	0.00390625
1599710280102770	49.0
1599710280102770	0.005859375
1599710280102770	0.00390625
1599710280102770	0.00390625
1599710280103032	-0.0009765625
1599710280103325	-49.0
1599710280103337	-0.00390625
1599710280103550	12.25
1599710280103550	1.0
1599710280103550	0.001953125
1599710280104463	-1.0
1599710280104463	-0.001953125
1599710280104468	-0.005859375
1599710280104482	12.25
1599710280104482	0.0009765625
1599710280104482	0.0009765625
1599710280104482	0.0009765625
1599710280104482	0.0009765625
1599710280104623	12.25
1599710280104623	2.25
1599710280104623	81.0
1599710280105526	-2.25
1599710280105526	-81.0
1599710280105544	0.0009765625
1599710280105544	0.0009765625
1599710280105544	0.0009765625
1599710280105544	0.0009765625
1599710280105544	12.25
1599710280105625	-0.0009765625
1599710280105630	-0.0009765625
1599710280105695	49.0
1599710280105695	1.0
1599710280105695	0.001220703125
1599710280106579	-1.0
1599710280106579	-0.001220703125
1599710280106601	0.00390625
1599710280106601	0.005859375
1599710280106601	0.00390625
1599710280106601	49.0
1599710280106601	0.00390625
1599710280106867	-0.0009765625
1599710280106873	-0.0009765625
1599710280107385	12.25
1599710280107385	1.0
1599710280107385	0.001953125
1599710280108297	-1.0
1599710280108297	-0.001953125
1599710280108303	-0.005859375
1599710280108309	-0.00390625
1599710280108315	0.0009765625
1599710280108315	0.0009765625
1599710280108315	0.0009765625
1599710280108315	0.0009765625
1599710280108315	12.25
1599710280108450	-0.0009765625
1599710280108457	12.25
1599710280108457	2.25
1599710280108457	81.0
1599710280109371	-2.25
1599710280109371	-81.0
1599710280109401	0.0009765625
1599710280109401	0.0009765625
1599710280109401	0.0009765625
1599710280109401	12.25
1599710280109401	0.0009765625
1599710280109499	-0.0009765625
1599710280109572	-0.0009765625
1599710280109575	49.0
1599710280109575	1.0
1599710280109575	0.001220703125
1599710280110473	-1.0
1599710280110473	-0.001220703125
1599710280110499	0.00390625
1599710280110499	0.005859375
1599710280110499	0.00390625
1599710280110499	0.00390625
1599710280110499	49.0
1599710280110769	-0.0009765625
1599710280111087	-0.00390625
1599710280111315	6.125
1599710280111315	2.0
1599710280111315	0.00048828125
1599710280111821	-2.0
1599710280111821	-0.00048828125
1599710280111822	24.5
1599710280111822	8.0
1599710280111822	0.00048828125
1599710280113718	-8.0
1599710280113718	-0.00048828125
1599710280113730	-0.005859375
1599710280113746	6.125
1599710280113746	0.001953125
1599710280113746	0.001953125
1599710280113746	0.001953125
1599710280113746	0.001953125
1599710280113812	0.0078125
1599710280113812	0.0078125
1599710280113812	0.0078125
1599710280113812	0.0078125
1599710280113812	24.5
1599710280114015	-0.001953125
1599710280114035	-0.0078125
1599710280114045	-0.0078125
1599710280114049	6.125
1599710280114049	9.0
1599710280114049	72.0
1599710280115066	-9.0
1599710280115066	-72.0
1599710280115111	0.001953125
1599710280115111	0.001953125
1599710280115111	6.125
1599710280115111	0.001953125
1599710280115111	0.001953125
1599710280115183	-0.001953125
1599710280115242	-0.001953125
1599710280115251	-0.001953125
1599710280115254	24.5
1599710280115254	4.0
1599710280115254	0.00048828125
1599710280116248	-4.0
1599710280116248	-0.00048828125
1599710280116275	24.5
1599710280116275	0.0078125
1599710280116275	0.0078125
1599710280116275	0.0078125
1599710280116275	0.0078125
1599710280116600	-24.5
1599710280116610	-0.0078125
1599710280116619	-0.0078125
1599710280116750	6.125
1599710280116750	4.0
1599710280116750	0.00048828125
1599710280117699	-4.0
1599710280117699	-0.00048828125
1599710280117726	0.001953125
1599710280117726	0.001953125
1599710280117726	0.001953125
1599710280117726	0.001953125
1599710280117726	6.125
1599710280117827	-0.001953125
1599710280117829	6.125
1599710280117829	9.0
1599710280117829	72.0
1599710280118905	-9.0
1599710280118905	-72.0
1599710280118930	6.125
1599710280118930	0.001953125
1599710280118930	0.001953125
1599710280118930	0.001953125
1599710280118930	0.001953125
1599710280118995	-0.001953125
1599710280119047	-0.001953125
1599710280119058	24.5
1599710280119058	4.0
1599710280119058	0.00048828125
1599710280120052	-4.0
1599710280120052	-0.00048828125
1599710280120081	0.0078125
1599710280120081	0.0078125
1599710280120081	0.0078125
1599710280120081	24.5
1599710280120081	0.0078125
1599710280120259	-0.001953125
1599710280120431	-0.0078125
1599710280120561	6.125
1599710280120561	4.0
1599710280120561	0.00048828125
1599710280121511	-4.0
1599710280121511	-0.00048828125
1599710280121521	-0.0078125
1599710280121539	0.001953125
1599710280121539	0.001953125
1599710280121539	6.125
1599710280121539	0.001953125
1599710280121539	0.001953125
1599710280121629	-0.001953125
1599710280121640	-0.001953125
1599710280121642	6.125
1599710280121642	9.0
1599710280121642	72.0
1599710280122657	-9.0
1599710280122657	-72.0
1599710280122685	6.125
1599710280122685	0.001953125
1599710280122685	0.001953125
1599710280122685	0.001953125
1599710280122685	0.001953125
1599710280122807	-0.001953125
1599710280122811	24.5
1599710280122811	4.0
1599710280122811	0.00048828125
1599710280123809	-4.0
1599710280123809	-0.00048828125
1599710280123835	0.0078125
1599710280123835	0.0078125
1599710280123835	24.5
1599710280123835	0.0078125
1599710280123835	0.0078125
1599710280124003	-0.001953125
1599710280124023	-0.0078125
1599710280124330	-0.0078125
1599710280124333	0.5
1599710280124468	0.244384765625
1599710280124578	0.000244140625
1599710280124578	0.000244140625
1599710280124781	-0.000244140625
1599710280124781	-0.000244140625
1599710280124796	0.000244140625
1599710280124802	-0.000244140625
1599710280124812	0.00390625
1599710280124831	0.5
1599710280124898	7.8203125
1599710280124964	-0.5
1599710280124964	-0.244384765625
1599710280124983	-0.00390625
1599710280125037	-7.8203125
1599710280125046	-0.000244140625
1599710280125055	-0.00390625
1599710280125058	24.5
1599710280125371	-0.5
1599710280125428	-7.8203125
1599710280125686	-24.5
1599710280125689	0.0078125
1599710280125689	24.5078125
1599710280125689	0.000244140625
1599710280125689	0.0078125
1599710280125689	0.000244140625
1599710280125925	-0.0078125
1599710280125925	-0.000244140625
1599710280125925	-24.5
1599710280125925	-0.000244140625
1599710280125925	-0.0078125
1599710280125927	6.125
1599710280125927	7.8125
1599710280125927	4.0
1599710280125927	0.00390625
1599710280125939	-0.000244140625
1599710280126938	-7.8125
1599710280126938	-4.0
1599710280126938	-0.00390625
1599710280126944	7.8125
1599710280126944	4.0
1599710280126944	0.00390625
1599710280128094	-24.5078125
1599710280128094	-4.0
1599710280128094	-0.00390625
1599710280128104	-0.0078125
1599710280128114	-0.0078125
1599710280128161	-6.125
1599710280128198	-4.0
1599710280128200	0.001953125
1599710280128200	0.001953125
1599710280128200	6.125
1599710280128200	0.000244140625
1599710280128200	0.000244140625
1599710280128283	-6.125
1599710280128283	-0.000244140625
1599710280128283	-6.125
1599710280128283	-0.000244140625
1599710280128283	-0.001953125
1599710280128283	-0.001953125
1599710280128320	-7.8125
1599710280128322	7.8203125
1599710280128322	6.125
1599710280128322	9.0
1599710280128322	72.0
1599710280129358	-6.125
1599710280129358	-9.0
1599710280129358	-72.0
1599710280129360	9.0
1599710280129360	9.0
1599710280129360	72.0
1599710280130530	-6.125
1599710280130530	-9.0
1599710280130530	-72.0
1599710280130539	-0.001953125
1599710280130549	-0.001953125
1599710280130593	-6.125
1599710280130656	-9.0
1599710280130660	0.000244140625
1599710280130660	0.001953125
1599710280130660	0.001953125
1599710280130660	0.000244140625
1599710280130660	9.0
1599710280130742	-0.000244140625
1599710280130742	-7.8203125
1599710280130742	-0.001953125
1599710280130742	-0.000244140625
1599710280130742	-6.125
1599710280130742	-0.001953125
1599710280130806	-9.0
1599710280130810	24.5
1599710280130810	4.00048828125
1599710280130810	24.5
1599710280130810	0.00390625
1599710280131917	-4.00048828125
1599710280131917	-24.5
1599710280131917	-0.00390625
1599710280131925	4.00048828125
1599710280131925	7.8203125
1599710280131925	0.00390625
1599710280133095	-9.0
1599710280133095	-7.8203125
1599710280133095	-0.00390625
1599710280133103	-0.001953125
1599710280133114	-0.001953125
1599710280133266	-24.5
1599710280133300	-4.0
1599710280133449	-24.5
1599710280133482	-4.00048828125
1599710280133484	0.0078125
1599710280133484	0.000244140625
1599710280133484	24.5078125
1599710280133484	0.0078125
1599710280133484	0.000244140625
1599710280133712	-0.0078125
1599710280133712	-0.000244140625
1599710280133712	-0.0078125
1599710280133712	-0.000244140625
1599710280133712	-24.5
1599710280133715	9.0
1599710280133715	7.8203125
1599710280133715	4.00048828125
1599710280133715	0.00390625
1599710280134720	-7.8203125
1599710280134720	-4.00048828125
1599710280134720	-0.00390625
1599710280134727	4.00048828125
1599710280134727	7.8203125
1599710280134727	0.00390625
1599710280135863	-24.5078125
1599710280135863	-7.8203125
1599710280135863	-0.00390625
1599710280135874	-0.0078125
1599710280135886	-0.0078125
1599710280135932	-6.125
1599710280135965	-4.0
1599710280135966	0.000244140625
1599710280135966	0.001953125
1599710280135966	6.125
1599710280135966	0.001953125
1599710280135966	0.000244140625
1599710280136051	-0.000244140625
1599710280136051	-9.0
1599710280136051	-0.001953125
1599710280136051	-6.125
1599710280136051	-0.001953125
1599710280136051	-0.000244140625
1599710280136084	-4.00048828125
1599710280136086	7.8203125
1599710280136086	6.125
1599710280136086	9.0
1599710280136086	131.611572265625
1599710280137118	-6.125
1599710280137118	-9.0
1599710280137118	-131.611572265625
1599710280137119	9.0
1599710280137119	9.0
1599710280137119	122.611572265625
1599710280138247	-6.125
1599710280138247	-9.0
1599710280138247	-122.611572265625
1599710280138256	-0.001953125
1599710280138266	-0.001953125
1599710280138311	-6.125
1599710280138375	-9.0
1599710280138379	0.001953125
1599710280138379	0.001953125
1599710280138379	9.000244140625
1599710280138379	0.000244140625
1599710280138379	0.000244140625
1599710280138462	-0.001953125
1599710280138462	-6.125
1599710280138462	-0.001953125
1599710280138462	-7.8203125
1599710280138462	-0.000244140625
1599710280138462	-0.000244140625
1599710280138524	-9.0
1599710280138526	24.5
1599710280138526	4.000244140625
1599710280138526	24.5
1599710280138526	0.00390625
1599710280139639	-4.000244140625
1599710280139639	-24.5
1599710280139639	-0.00390625
1599710280139644	4.000244140625
1599710280139644	4.00048828125
1599710280139644	0.00390625
1599710280140862	-9.000244140625
1599710280140862	-4.00048828125
1599710280140862	-0.00390625
1599710280140872	-0.001953125
1599710280140881	-0.001953125
1599710280141030	-24.5
1599710280141064	-4.0
1599710280141217	-24.5
1599710280141252	-4.000244140625
1599710280141255	0.0078125
1599710280141255	0.000244140625
1599710280141255	0.000244140625
1599710280141255	24.5
1599710280141255	0.0078125
1599710280141480	-0.0078125
1599710280141480	-0.000244140625
1599710280141480	-0.000244140625
1599710280141480	-0.0078125
1599710280141480	-24.5
1599710280141482	0.000244140625
1599710280141482	0.0078125
1599710280141482	0.000244140625
1599710280141482	0.0078125
1599710280141482	24.5
1599710280141714	-24.5
1599710280141714	-0.0078125
1599710280141714	-0.000244140625
1599710280141714	-0.000244140625
1599710280141714	-0.0078125
1599710280141714	-24.5
1599710280141716	49.0
1599710280141716	9.0
1599710280141716	49.0
1599710280144210	-9.0
1599710280144210	-49.0
1599710280144216	9.0
1599710280144216	9.000244140625
1599710280144216	0.00390625
1599710280146786	-24.5
1599710280146786	-9.000244140625
1599710280146786	-0.00390625
1599710280146799	-0.0078125
1599710280146812	-0.0078125
1599710280146814	9.000244140625
1599710280146814	7.8203125
1599710280146814	4.00048828125
1599710280146814	0.00390625
1599710280147819	-7.8203125
1599710280147819	-4.00048828125
1599710280147819	-0.00390625
1599710280147823	4.00048828125
1599710280147823	4.00048828125
1599710280147823	0.00390625
1599710280148965	-24.5
1599710280148965	-4.00048828125
1599710280148965	-0.00390625
1599710280148977	-0.0078125
1599710280148987	-0.0078125
1599710280149043	-8.0
1599710280149092	-6.125
1599710280149125	-4.0
1599710280149183	-9.0
1599710280149185	0.001953125
1599710280149185	0.001953125
1599710280149185	0.000244140625
1599710280149185	6.125
1599710280149185	0.000244140625
1599710280149273	-0.001953125
1599710280149273	-9.000244140625
1599710280149273	-0.000244140625
1599710280149273	-0.000244140625
1599710280149273	-6.125
1599710280149273	-0.001953125
1599710280149305	-4.00048828125
1599710280149309	8.0
1599710280149309	7.8203125
1599710280149309	9.0
1599710280149309	98.00390625
1599710280150330	-7.8203125
1599710280150330	-9.0
1599710280150330	-98.00390625
1599710280150333	9.0
1599710280150333	9.000244140625
1599710280150333	98.00390625
1599710280151487	-6.125
1599710280151487	-9.000244140625
1599710280151487	-98.00390625
1599710280151497	-0.001953125
1599710280151508	-0.001953125
1599710280151551	-6.125
1599710280151616	-9.0
1599710280151620	7.8203125
1599710280151620	0.001953125
1599710280151620	0.001953125
1599710280151620	0.000244140625
1599710280151620	0.000244140625
1599710280151707	-0.001953125
1599710280151707	-0.001953125
1599710280151707	-6.125
1599710280151707	-0.000244140625
1599710280151707	-0.000244140625
1599710280151707	-8.0
1599710280151772	-9.0
1599710280151776	49.0
1599710280151776	2.0
1599710280151776	49.0
1599710280152535	-2.0
1599710280152535	-49.0
1599710280152541	2.0
1599710280152541	2.000244140625
1599710280152541	0.00439453125
1599710280153237	-7.8203125
1599710280153237	-2.000244140625
1599710280153237	-0.00439453125
1599710280153246	-0.001953125
1599710280153256	-0.001953125
1599710280153552	-49.0
1599710280153576	-2.0
1599710280153870	-49.0
1599710280153895	-2.0
1599710280153897	49.00390625
1599710280153897	0.00439453125
1599710280153897	0.000244140625
1599710280153897	0.005859375
1599710280153897	0.000244140625
1599710280154313	-0.00390625
1599710280154313	-49.0
1599710280154313	-0.000244140625
1599710280154313	-0.00390625
1599710280154313	-0.000244140625
1599710280154319	12.25
1599710280154319	1.0
1599710280154319	12.25
1599710280154319	0.00341796875
1599710280155326	-1.0
1599710280155326	-12.25
1599710280155326	-0.00341796875
1599710280155332	1.0
1599710280155332	1.00048828125
1599710280155332	0.00244140625
1599710280156328	-49.00390625
1599710280156328	-1.00048828125
1599710280156328	-0.00244140625
1599710280156339	-0.00439453125
1599710280156349	-0.005859375
1599710280156431	-12.25
1599710280156450	-1.0
1599710280156453	12.25
1599710280156453	0.0009765625
1599710280156453	0.0009765625
1599710280156453	0.000244140625
1599710280156453	0.000244140625
1599710280156593	-12.25
1599710280156593	-0.0009765625
1599710280156593	-12.25
1599710280156593	-0.0009765625
1599710280156593	-0.000244140625
1599710280156593	-0.000244140625
1599710280156615	-1.0
1599710280156616	12.25
1599710280156616	4.000244140625
1599710280156616	12.25
1599710280156616	257.296875
1599710280157532	-4.000244140625
1599710280157532	-12.25
1599710280157532	-257.296875
1599710280157533	4.000244140625
1599710280157533	4.000244140625
1599710280157533	81.0
1599710280158576	-12.25
1599710280158576	-4.000244140625
1599710280158576	-81.0
1599710280158586	-0.0009765625
1599710280158596	-0.0009765625
1599710280158675	-12.25
1599710280158701	-2.25
1599710280158702	0.000244140625
1599710280158702	0.000244140625
1599710280158702	12.25
1599710280158702	0.0009765625
1599710280158702	0.0009765625
1599710280158836	-0.000244140625
1599710280158836	-0.000244140625
1599710280158836	-12.25
1599710280158836	-0.0009765625
1599710280158836	-0.0009765625
1599710280158836	-12.25
1599710280158864	-4.000244140625
1599710280158866	49.0
1599710280158866	1.0
1599710280158866	49.0
1599710280158866	0.00390625
1599710280159899	-1.0
1599710280159899	-49.0
1599710280159899	-0.00390625
1599710280159906	1.0
1599710280159906	1.00048828125
1599710280159906	0.00390625
1599710280160892	-12.25
1599710280160892	-1.00048828125
1599710280160892	-0.00390625
1599710280160904	-0.0009765625
1599710280160913	-0.0009765625
1599710280161205	-49.0
1599710280161222	-1.0
1599710280161516	-49.0
1599710280161535	-1.0
1599710280161539	0.00439453125
1599710280161539	0.000244140625
1599710280161539	0.000244140625
1599710280161539	0.005859375
1599710280161539	49.00390625
1599710280161952	-0.000244140625
1599710280161952	-0.000244140625
1599710280161952	-0.00390625
1599710280161952	-49.0
1599710280161952	-0.00390625
1599710280161958	12.25
1599710280161958	1.0
1599710280161958	12.25
1599710280161958	0.00341796875
1599710280162955	-1.0
1599710280162955	-12.25
1599710280162955	-0.00341796875
1599710280162962	1.0
1599710280162962	1.0
1599710280162962	0.00244140625
1599710280163961	-49.00390625
1599710280163961	-1.0
1599710280163961	-0.00244140625
1599710280163970	-0.00439453125
1599710280163979	-0.005859375
1599710280164062	-12.25
1599710280164083	-1.0
1599710280164087	0.0009765625
1599710280164087	12.25
1599710280164087	0.000244140625
1599710280164087	0.0009765625
1599710280164087	0.000244140625
1599710280164220	-12.25
1599710280164220	-0.000244140625
1599710280164220	-0.0009765625
1599710280164220	-0.0009765625
1599710280164220	-12.25
1599710280164220	-0.000244140625
1599710280164238	-1.0
1599710280164240	12.25
1599710280164240	2.25048828125
1599710280164240	12.25
1599710280164240	182.25
1599710280165142	-2.25048828125
1599710280165142	-12.25
1599710280165142	-182.25
1599710280165145	2.25048828125
1599710280165145	4.000244140625
1599710280165145	81.0
1599710280166183	-12.25
1599710280166183	-4.000244140625
1599710280166183	-81.0
1599710280166193	-0.0009765625
1599710280166203	-0.0009765625
1599710280166282	-12.25
1599710280166306	-2.25
1599710280166307	0.000244140625
1599710280166307	0.0009765625
1599710280166307	0.000244140625
1599710280166307	0.0009765625
1599710280166307	12.25
1599710280166449	-12.25
1599710280166449	-0.0009765625
1599710280166449	-0.000244140625
1599710280166449	-0.000244140625
1599710280166449	-0.0009765625
1599710280166449	-12.25
1599710280166478	-2.25048828125
1599710280166480	49.0
1599710280166480	1.0
1599710280166480	49.0
1599710280166480	0.00390625
1599710280167508	-1.0
1599710280167508	-49.0
1599710280167508	-0.00390625
1599710280167512	1.0
1599710280167512	1.0
1599710280167512	0.00390625
1599710280168504	-12.25
1599710280168504	-1.0
1599710280168504	-0.00390625
1599710280168512	-0.0009765625
1599710280168523	-0.0009765625
1599710280168814	-49.0
1599710280168832	-1.0
1599710280169125	-49.0
1599710280169143	-1.0
1599710280169148	49.00390625
1599710280169148	0.000244140625
1599710280169148	0.00439453125
1599710280169148	0.005859375
1599710280169148	0.000244140625
1599710280169558	-0.00390625
1599710280169558	-0.000244140625
1599710280169558	-49.0
1599710280169558	-0.00390625
1599710280169558	-0.000244140625
1599710280169566	12.25
1599710280169566	1.0
1599710280169566	12.25
1599710280169566	0.00341796875
1599710280170556	-1.0
1599710280170556	-12.25
1599710280170556	-0.00341796875
1599710280170561	1.0
1599710280170561	1.0
1599710280170561	0.00244140625
1599710280171552	-49.00390625
1599710280171552	-1.0
1599710280171552	-0.00244140625
1599710280171559	-0.00439453125
1599710280171568	-0.005859375
1599710280171652	-12.25
1599710280171667	-1.0
1599710280171668	0.0009765625
1599710280171668	0.000244140625
1599710280171668	0.0009765625
1599710280171668	12.25
1599710280171668	0.000244140625
1599710280171800	-12.25
1599710280171800	-0.000244140625
1599710280171800	-12.25
1599710280171800	-0.0009765625
1599710280171800	-0.000244140625
1599710280171800	-0.0009765625
1599710280171822	-1.0
1599710280171826	12.25
1599710280171826	2.25
1599710280171826	12.25
1599710280171826	182.25
1599710280172722	-2.25
1599710280172722	-12.25
1599710280172722	-182.25
1599710280172725	2.25
1599710280172725	2.25048828125
1599710280172725	81.0
1599710280173663	-12.25
1599710280173663	-2.25048828125
1599710280173663	-81.0
1599710280173672	-0.0009765625
1599710280173682	-0.0009765625
1599710280173762	-12.25
1599710280173787	-2.25
1599710280173788	0.0009765625
1599710280173788	0.000244140625
1599710280173788	12.25
1599710280173788	0.000244140625
1599710280173788	0.0009765625
1599710280173924	-0.0009765625
1599710280173924	-12.25
1599710280173924	-0.000244140625
1599710280173924	-0.0009765625
1599710280173924	-0.000244140625
1599710280173924	-12.25
1599710280173953	-2.25
1599710280173955	49.0
1599710280173955	1.0
1599710280173955	49.0
1599710280173955	0.00390625
1599710280174986	-1.0
1599710280174986	-49.0
1599710280174986	-0.00390625
1599710280174990	1.0
1599710280174990	1.0
1599710280174990	0.00390625
1599710280175979	-12.25
1599710280175979	-1.0
1599710280175979	-0.00390625
1599710280175988	-0.0009765625
1599710280175998	-0.0009765625
1599710280176287	-49.0
1599710280176302	-1.0
1599710280176619	-1.0
1599710280176621	0.005859375
1599710280176621	0.000244140625
1599710280176621	0.000244140625
1599710280176621	49.00390625
1599710280176621	0.00439453125
1599710280177028	-0.000244140625
1599710280177028	-0.000244140625
1599710280177028	-49.0
1599710280177028	-0.00390625
1599710280177028	-0.00390625
1599710280177034	12.25
1599710280177034	1.0
1599710280177034	12.25
1599710280177034	0.00341796875
1599710280178031	-1.0
1599710280178031	-12.25
1599710280178031	-0.00341796875
1599710280178038	1.0
1599710280178038	1.0
1599710280178038	0.00244140625
1599710280179037	-49.00390625
1599710280179037	-1.0
1599710280179037	-0.00244140625
1599710280179047	-0.00439453125
1599710280179057	-0.005859375
1599710280179139	-12.25
1599710280179159	-1.0
1599710280179161	0.000244140625
1599710280179161	0.000244140625
1599710280179161	0.0009765625
1599710280179161	12.25
1599710280179161	0.0009765625
1599710280179298	-0.000244140625
1599710280179298	-12.25
1599710280179298	-12.25
1599710280179298	-0.000244140625
1599710280179298	-0.0009765625
1599710280179298	-0.0009765625
1599710280179323	-1.0
1599710280179327	12.25
1599710280179327	2.25
1599710280179327	12.25
1599710280179327	182.25
1599710280180228	-2.25
1599710280180228	-12.25
1599710280180228	-182.25
1599710280180230	2.25
1599710280180230	4.000244140625
1599710280180230	81.0
1599710280181269	-12.25
1599710280181269	-4.000244140625
1599710280181269	-81.0
1599710280181279	-0.0009765625
1599710280181290	-0.0009765625
1599710280181371	-12.25
1599710280181397	-2.25
1599710280181399	0.0009765625
1599710280181399	0.000244140625
1599710280181399	15.501953125
1599710280181399	0.0009765625
1599710280181399	0.000244140625
1599710280181535	-12.25
1599710280181535	-0.0009765625
1599710280181535	-0.000244140625
1599710280181535	-0.0009765625
1599710280181535	-12.25
1599710280181535	-0.000244140625
1599710280181563	-2.25
1599710280181565	49.0
1599710280181565	1.0
1599710280181565	49.0
1599710280181565	0.00439453125
1599710280182594	-1.0
1599710280182594	-49.0
1599710280182594	-0.00439453125
1599710280182598	1.0
1599710280182598	1.0
1599710280182598	0.00439453125
1599710280183590	-15.501953125
1599710280183590	-1.0
1599710280183590	-0.00439453125
1599710280183599	-0.0009765625
1599710280183609	-0.0009765625
1599710280183902	-49.0
1599710280183918	-1.0
1599710280184229	-1.0
1599710280184231	0.00390625
1599710280184231	49.0078125
1599710280184231	0.00390625
1599710280184231	0.000244140625
1599710280184231	0.000244140625
1599710280184636	-0.00390625
1599710280184636	-0.00390625
1599710280184636	-49.0
1599710280184636	-0.000244140625
1599710280184636	-0.000244140625
1599710280184643	12.25
1599710280184643	15.501953125
1599710280184643	1.0
1599710280184643	0.00341796875
1599710280185636	-15.501953125
1599710280185636	-1.0
1599710280185636	-0.00341796875
1599710280185641	1.0
1599710280185641	1.0
1599710280185641	0.00244140625
1599710280186643	-49.0078125
1599710280186643	-1.0
1599710280186643	-0.00244140625
1599710280186655	-0.00390625
1599710280186665	-0.00390625
1599710280186750	-12.25390625
1599710280186767	-1.0
1599710280186769	12.25390625
1599710280186769	0.000244140625
1599710280186769	0.000244140625
1599710280186769	0.0009765625
1599710280186769	0.0009765625
1599710280186905	-12.25
1599710280186905	-0.0009765625
1599710280186905	-0.000244140625
1599710280186905	-0.000244140625
1599710280186905	-0.0009765625
1599710280186905	-12.25
1599710280186927	-1.0
1599710280186928	15.501953125
1599710280186928	12.25
1599710280186928	2.25
1599710280186928	182.25
1599710280187832	-12.25
1599710280187832	-2.25
1599710280187832	-182.25
1599710280187835	2.25
1599710280187835	4.000244140625
1599710280187835	81.0
1599710280188878	-12.25390625
1599710280188878	-4.000244140625
1599710280188878	-81.0
1599710280188889	-0.0009765625
1599710280188899	-0.0009765625
1599710280188980	-12.25
1599710280189004	-2.25
1599710280189006	0.0009765625
1599710280189006	0.000244140625
1599710280189006	0.000244140625
1599710280189006	0.0009765625
1599710280189006	12.25
1599710280189142	-0.0009765625
1599710280189142	-12.25
1599710280189142	-0.000244140625
1599710280189142	-15.501953125
1599710280189142	-0.000244140625
1599710280189142	-0.0009765625
1599710280189176	-2.25
1599710280189177	49.0
1599710280189177	1.0
1599710280189177	49.0
1599710280189177	0.0048828125
1599710280190211	-1.0
1599710280190211	-49.0
1599710280190211	-0.0048828125
1599710280190216	1.0
1599710280190216	1.0
1599710280190216	0.00244140625
1599710280191210	-12.25
1599710280191210	-1.0
1599710280191210	-0.00244140625
1599710280191221	-0.0009765625
1599710280191232	-0.0009765625
1599710280191542	-1.0
1599710280191835	-49.0
1599710280191853	-1.0
1599710280191854	0.00390625
1599710280191854	0.000244140625
1599710280191854	49.0
1599710280191854	0.000244140625
1599710280191854	0.005859375
1599710280192266	-0.000244140625
1599710280192266	-49.0
1599710280192266	-0.000244140625
1599710280192266	-0.00390625
1599710280192266	-0.00390625
1599710280192269	49.0
1599710280192269	0.000244140625
1599710280192269	0.000244140625
1599710280192269	0.00390625
1599710280192269	0.00390625
1599710280192684	-0.000244140625
1599710280192684	-0.00390625
1599710280192684	-0.000244140625
1599710280192684	-49.0
1599710280192684	-0.00390625
1599710280192684	-49.0
1599710280192691	98.0
1599710280192691	2.25
1599710280192691	98.0
1599710280195671	-2.25
1599710280195671	-98.0
1599710280195677	2.25
1599710280195677	2.25048828125
1599710280195677	0.00244140625
1599710280197703	-49.0
1599710280197703	-2.25048828125
1599710280197703	-0.00244140625
1599710280197711	-0.005859375
1599710280197722	-0.00390625
1599710280197725	12.25
1599710280197725	15.501953125
1599710280197725	1.0
1599710280197725	0.005859375
1599710280198722	-15.501953125
1599710280198722	-1.0
1599710280198722	-0.005859375
1599710280198726	1.0
1599710280198726	1.0
1599710280198726	0.00244140625
1599710280199730	-49.0
1599710280199730	-1.0
1599710280199730	-0.00244140625
1599710280199741	-0.00390625
1599710280199752	-0.00390625
1599710280199776	-2.0
1599710280199863	-12.25
1599710280199878	-1.0
1599710280199901	-2.25
1599710280199905	0.000244140625
1599710280199905	0.000244140625
1599710280199905	15.501953125
1599710280199905	0.0009765625
1599710280199905	0.0009765625
1599710280200049	-0.000244140625
1599710280200049	-0.000244140625
1599710280200049	-0.0009765625
1599710280200049	-12.25
1599710280200049	-12.25
1599710280200049	-0.0009765625
1599710280200075	-1.0
1599710280200078	12.25
1599710280200078	2.25
1599710280200078	12.25
1599710280200078	182.25
1599710280200994	-2.25
1599710280200994	-12.25
1599710280200994	-182.25
1599710280200997	2.25
1599710280200997	2.25048828125
1599710280200997	122.5
1599710280202051	-15.501953125
1599710280202051	-2.25048828125
1599710280202051	-122.5
1599710280202059	-0.0009765625
1599710280202072	-0.0009765625
1599710280202156	-12.25
1599710280202183	-2.25
1599710280202185	12.25
1599710280202185	0.000244140625
1599710280202185	0.0009765625
1599710280202185	0.0009765625
1599710280202185	0.000244140625
1599710280202320	-0.0009765625
1599710280202320	-12.25
1599710280202320	-0.000244140625
1599710280202320	-0.0009765625
1599710280202320	-12.25
1599710280202320	-0.000244140625
1599710280202352	-2.25
1599710280202355	134.765625
1599710280202355	98.0
1599710280202355	0.5
1599710280203591	-98.0
1599710280203591	-0.5
1599710280203594	0.5
1599710280203594	0.5
1599710280203594	0.00244140625
1599710280204202	-12.25
1599710280204202	-0.5
1599710280204202	-0.00244140625
1599710280204214	-0.0009765625
1599710280204223	-0.0009765625
1599710280204794	-134.765625
1599710280204809	-0.5
1599710280205410	-0.5
1599710280205411	0.001953125
1599710280205411	98.001953125
1599710280205411	0.000244140625
1599710280205411	0.001953125
1599710280205411	0.000244140625
1599710280206191	-98.0
1599710280206191	-0.001953125
1599710280206191	-0.000244140625
1599710280206191	-0.001953125
1599710280206191	-0.000244140625
1599710280206197	24.5
1599710280206197	0.25
1599710280206197	24.5
1599710280206197	0.006591796875
1599710280207131	-0.25
1599710280207131	-24.5
1599710280207131	-0.006591796875
1599710280207133	0.25
1599710280207133	0.25
1599710280207133	0.00244140625
1599710280208132	-98.001953125
1599710280208132	-0.25
1599710280208132	-0.00244140625
1599710280208142	-0.001953125
1599710280208153	-0.001953125
1599710280208302	-24.5
1599710280208317	-0.25
1599710280208319	0.000244140625
1599710280208319	24.5
1599710280208319	0.000244140625
1599710280208319	0.00048828125
1599710280208319	0.00048828125
1599710280208545	-24.5
1599710280208545	-0.000244140625
1599710280208545	-24.5
1599710280208545	-0.00048828125
1599710280208545	-0.00048828125
1599710280208545	-0.000244140625
1599710280208563	-0.25
1599710280208564	24.5
1599710280208564	1.0
1599710280208564	24.5
1599710280208564	112.5
1599710280209530	-1.0
1599710280209530	-24.5
1599710280209530	-112.5
1599710280209533	1.0
1599710280209533	1.0
1599710280209533	112.5
1599710280210617	-24.5
1599710280210617	-1.0
1599710280210617	-112.5
1599710280210629	-0.00048828125
1599710280210639	-0.00048828125
1599710280210793	-24.5
1599710280210809	-0.5625
1599710280210811	24.5
1599710280210811	0.000244140625
1599710280210811	0.00048828125
1599710280210811	0.000244140625
1599710280210811	0.00048828125
1599710280211033	-0.00048828125
1599710280211033	-24.5
1599710280211033	-0.000244140625
1599710280211033	-0.000244140625
1599710280211033	-0.00048828125
1599710280211033	-24.5
1599710280211055	-1.0
1599710280211057	98.0
1599710280211057	0.25
1599710280211057	98.0
1599710280211057	0.006591796875
1599710280212198	-0.25
1599710280212198	-98.0
1599710280212198	-0.006591796875
1599710280212200	0.25
1599710280212200	0.25
1599710280212200	0.00244140625
1599710280213185	-24.5
1599710280213185	-0.25
1599710280213185	-0.00244140625
1599710280213197	-0.00048828125
1599710280213206	-0.00048828125
1599710280213782	-98.0
1599710280213795	-0.25
1599710280214381	-98.0
1599710280214397	-0.25
1599710280214398	98.001953125
1599710280214398	0.000244140625
1599710280214398	0.000244140625
1599710280214398	0.001953125
1599710280214398	0.001953125
1599710280215165	-0.000244140625
1599710280215165	-0.000244140625
1599710280215165	-0.001953125
1599710280215165	-0.001953125
1599710280215165	-98.0
1599710280215169	24.5
1599710280215169	0.25
1599710280215169	24.5
1599710280215169	0.006591796875
1599710280216088	-0.25
1599710280216088	-24.5
1599710280216088	-0.006591796875
1599710280216090	0.25
1599710280216090	0.25
1599710280216090	0.00244140625
1599710280217089	-98.001953125
1599710280217089	-0.25
1599710280217089	-0.00244140625
1599710280217100	-0.001953125
1599710280217110	-0.001953125
1599710280217261	-24.5
1599710280217275	-0.25
1599710280217277	24.5
1599710280217277	0.000244140625
1599710280217277	0.00048828125
1599710280217277	0.000244140625
1599710280217277	0.00048828125
1599710280217501	-0.000244140625
1599710280217501	-0.00048828125
1599710280217501	-24.5
1599710280217501	-24.5
1599710280217501	-0.00048828125
1599710280217501	-0.000244140625
1599710280217529	-0.25
1599710280217531	24.5
1599710280217531	1.0
1599710280217531	24.5
1599710280217531	112.5
1599710280218472	-1.0
1599710280218472	-24.5
1599710280218472	-112.5
1599710280218474	1.0
1599710280218474	1.0
1599710280218474	112.5
1599710280219556	-24.5
1599710280219556	-1.0
1599710280219556	-112.5
1599710280219565	-0.00048828125
1599710280219576	-0.00048828125
1599710280219727	-24.5
1599710280219742	-0.5625
1599710280219743	24.5
1599710280219743	0.000244140625
1599710280219743	0.00048828125
1599710280219743	0.00048828125
1599710280219743	0.000244140625
1599710280219966	-0.00048828125
1599710280219966	-0.000244140625
1599710280219966	-24.5
1599710280219966	-24.5
1599710280219966	-0.00048828125
1599710280219966	-0.000244140625
1599710280219987	-1.0
1599710280219989	98.0
1599710280219989	0.25048828125
1599710280219989	98.0
1599710280219989	0.006591796875
1599710280221133	-0.25048828125
1599710280221133	-98.0
1599710280221133	-0.006591796875
1599710280221134	0.25048828125
1599710280221134	0.25
1599710280221134	0.00244140625
1599710280222108	-24.5
1599710280222108	-0.25
1599710280222108	-0.00244140625
1599710280222118	-0.00048828125
1599710280222128	-0.00048828125
1599710280222708	-98.0
1599710280222721	-0.25
1599710280223310	-0.25048828125
1599710280223312	0.001953125
1599710280223312	98.001953125
1599710280223312	0.000244140625
1599710280223312	0.001953125
1599710280223312	0.000244140625
1599710280224081	-0.001953125
1599710280224081	-0.001953125
1599710280224081	-0.000244140625
1599710280224081	-0.000244140625
1599710280224081	-98.0
1599710280224088	24.5
1599710280224088	0.498779296875
1599710280224088	24.5
1599710280224088	0.006591796875
1599710280225008	-0.498779296875
1599710280225008	-24.5
1599710280225008	-0.006591796875
1599710280225010	0.498779296875
1599710280225010	0.25
1599710280225010	0.00244140625
1599710280226016	-98.001953125
1599710280226016	-0.25
1599710280226016	-0.00244140625
1599710280226024	-0.001953125
1599710280226036	-0.001953125
1599710280226186	-24.5
1599710280226201	-0.25
1599710280226202	0.000244140625
1599710280226202	0.00048828125
1599710280226202	0.00048828125
1599710280226202	24.5
1599710280226202	0.000244140625
1599710280226423	-0.000244140625
1599710280226423	-0.00048828125
1599710280226423	-24.5
1599710280226423	-24.5
1599710280226423	-0.000244140625
1599710280226423	-0.00048828125
1599710280226441	-0.498779296875
1599710280226443	24.5
1599710280226443	1.0
1599710280226443	24.5
1599710280226443	112.5
1599710280227393	-1.0
1599710280227393	-24.5
1599710280227393	-112.5
1599710280227397	1.0
1599710280227397	1.0
1599710280227397	112.5
1599710280228477	-24.5
1599710280228477	-1.0
1599710280228477	-112.5
1599710280228495	-0.00048828125
1599710280228506	-0.00048828125
1599710280228658	-24.5
1599710280228674	-0.5625
1599710280228675	0.00048828125
1599710280228675	24.5
1599710280228675	0.00048828125
1599710280228675	0.000244140625
1599710280228675	0.000244140625
1599710280228904	-0.00048828125
1599710280228904	-0.00048828125
1599710280228904	-0.000244140625
1599710280228904	-24.5
1599710280228904	-24.5
1599710280228904	-0.000244140625
1599710280228922	-1.0
1599710280228924	98.0
1599710280228924	0.25
1599710280228924	98.0
1599710280228924	0.006591796875
1599710280230059	-0.25
1599710280230059	-98.0
1599710280230059	-0.006591796875
1599710280230060	0.25
1599710280230060	0.250732421875
1599710280230060	0.0029296875
1599710280231037	-24.5
1599710280231037	-0.250732421875
1599710280231037	-0.0029296875
1599710280231046	-0.00048828125
1599710280231057	-0.00048828125
1599710280231633	-98.0
1599710280231652	-0.25
1599710280232235	-98.0
1599710280232248	-0.25
1599710280232250	98.0
1599710280232250	0.000244140625
1599710280232250	0.000244140625
1599710280232250	0.001953125
1599710280232250	0.001953125
1599710280233015	-0.000244140625
1599710280233015	-0.001953125
1599710280233015	-98.0
1599710280233015	-0.001953125
1599710280233015	-0.000244140625
1599710280233020	98.0
1599710280233020	0.000244140625
1599710280233020	0.001953125
1599710280233020	0.001953125
1599710280233020	0.000244140625
1599710280233793	-0.000244140625
1599710280233793	-0.001953125
1599710280233793	-98.0
1599710280233793	-0.000244140625
1599710280233793	-98.0
1599710280233793	-0.001953125
1599710280233802	196.0
1599710280233802	0.56298828125
1599710280233802	196.0
1599710280236435	-0.56298828125
1599710280236435	-196.0
1599710280236437	0.56298828125
1599710280236437	0.5
1599710280236437	0.00244140625
1599710280238463	-98.0
1599710280238463	-0.5
1599710280238463	-0.00244140625
1599710280238473	-0.001953125
1599710280238482	-0.001953125
1599710280238485	24.5
1599710280238485	0.492919921875
1599710280238485	24.5
1599710280238485	0.006591796875
1599710280239407	-0.492919921875
1599710280239407	-24.5
1599710280239407	-0.006591796875
1599710280239409	0.492919921875
1599710280239409	0.25
1599710280239409	0.00390625
1599710280240424	-98.0
1599710280240424	-0.25
1599710280240424	-0.00390625
1599710280240433	-0.001953125
1599710280240443	-0.001953125
1599710280240458	-0.5
1599710280240606	-24.5
1599710280240620	-0.25
1599710280240633	-0.56298828125
1599710280240635	0.000244140625
1599710280240635	0.00048828125
1599710280240635	24.5
1599710280240635	0.000244140625
1599710280240635	0.00048828125
1599710280240860	-0.000244140625
1599710280240860	-0.00048828125
1599710280240860	-24.5
1599710280240860	-0.00048828125
1599710280240860	-24.5
1599710280240860	-0.000244140625
1599710280240878	-0.492919921875
1599710280240879	24.5
1599710280240879	0.75
1599710280240879	24.5
1599710280240879	112.5
1599710280241827	-0.75
1599710280241827	-24.5
1599710280241827	-112.5
1599710280241829	0.75
1599710280241829	1.0
1599710280241829	112.5
1599710280242914	-24.5
1599710280242914	-1.0
1599710280242914	-112.5
1599710280242925	-0.00048828125
1599710280242935	-0.00048828125
1599710280243086	-24.5
1599710280243102	-0.5625
1599710280243104	0.00048828125
1599710280243104	0.00048828125
1599710280243104	24.5
1599710280243104	0.000244140625
1599710280243104	0.000244140625
1599710280243325	-0.00048828125
1599710280243325	-0.000244140625
1599710280243325	-0.000244140625
1599710280243325	-36.740234375
1599710280243325	-0.00048828125
1599710280243325	-24.5
1599710280243345	-0.75
1599710280243347	196.0
1599710280243347	0.125
1599710280243347	196.0
1599710280244862	-0.125
1599710280244862	-196.0
1599710280244864	0.125
1599710280244864	0.125
1599710280244864	0.00244140625
1599710280245557	-24.5
1599710280245557	-0.125
1599710280245557	-0.00244140625
1599710280245565	-0.00048828125
1599710280245578	-0.00048828125
1599710280246728	-196.0
1599710280246739	-0.125
1599710280247911	-196.0
1599710280247924	-0.125
1599710280247926	0.0009765625
1599710280247926	0.000244140625
1599710280247926	0.000244140625
1599710280247926	196.0
1599710280247926	0.0009765625
1599710280249500	-0.000244140625
1599710280249500	-0.000244140625
1599710280249500	-0.0009765625
1599710280249500	-196.0
1599710280249500	-0.0009765625
1599710280249504	49.0
1599710280249504	0.0625
1599710280249504	49.0
1599710280249504	0.020263671875
1599710280250473	-0.0625
1599710280250473	-49.0
1599710280250473	-0.020263671875
1599710280250475	0.0625
1599710280250475	0.0625
1599710280250475	0.0029296875
1599710280252285	-196.0
1599710280252285	-0.0625
1599710280252285	-0.0029296875
1599710280252295	-0.0009765625
1599710280252306	-0.0009765625
1599710280252600	-49.0
1599710280252613	-0.0625
1599710280252614	0.000244140625
1599710280252614	0.000244140625
1599710280252614	49.0
1599710280252614	0.000244140625
1599710280252614	0.000244140625
1599710280253046	-0.000244140625
1599710280253046	-0.000244140625
1599710280253046	-49.0
1599710280253046	-0.000244140625
1599710280253046	-49.0
1599710280253046	-0.000244140625
1599710280253061	-0.0625
1599710280253063	49.0
1599710280253063	0.140625
1599710280253063	49.0
1599710280253063	85.046875
1599710280254390	-0.140625
1599710280254390	-49.0
1599710280254390	-85.046875
1599710280254393	0.140625
1599710280254393	0.140625
1599710280254393	0.00537109375
1599710280257137	-49.0
1599710280257137	-0.140625
1599710280257137	-0.00537109375
1599710280257147	-0.000244140625
1599710280257157	-0.000244140625
1599710280257447	-49.0
1599710280257477	-0.140625
1599710280257479	0.000244140625
1599710280257479	0.000244140625
1599710280257479	0.000244140625
1599710280257479	0.000244140625
1599710280257479	49.0
1599710280257912	-0.000244140625
1599710280257912	-49.0
1599710280257912	-0.000244140625
1599710280257912	-49.0
1599710280257912	-0.000244140625
1599710280257912	-0.000244140625
1599710280257930	-0.140625
1599710280257931	196.0
1599710280257931	0.0625
1599710280257931	196.0
1599710280257931	0.020263671875
1599710280259349	-0.0625
1599710280259349	-196.0
1599710280259349	-0.020263671875
1599710280259351	0.0625
1599710280259351	0.0625
1599710280259351	0.0029296875
1599710280260822	-49.0
1599710280260822	-0.0625
1599710280260822	-0.0029296875
1599710280260833	-0.000244140625
1599710280260844	-0.000244140625
1599710280261989	-196.0
1599710280262001	-0.0625
1599710280263190	-0.0625
1599710280263193	0.0009765625
1599710280263193	0.000244140625
1599710280263193	0.0009765625
1599710280263193	196.0
1599710280263193	0.000244140625
1599710280264774	-0.000244140625
1599710280264774	-0.0009765625
1599710280264774	-0.000244140625
1599710280264774	-196.0
1599710280264774	-0.0009765625
1599710280264776	49.0
1599710280264776	0.0625
1599710280264776	49.0
1599710280264776	0.020263671875
1599710280265750	-0.0625
1599710280265750	-49.0
1599710280265750	-0.020263671875
1599710280265752	0.0625
1599710280265752	0.0625
1599710280265752	0.0029296875
1599710280267575	-196.0
1599710280267575	-0.0625
1599710280267575	-0.0029296875
1599710280267584	-0.0009765625
1599710280267595	-0.0009765625
1599710280267885	-49.0
1599710280267895	-0.0625
1599710280267898	0.000244140625
1599710280267898	0.000244140625
1599710280267898	0.000244140625
1599710280267898	49.0
1599710280267898	0.000244140625
1599710280268320	-0.000244140625
1599710280268320	-0.000244140625
1599710280268320	-0.000244140625
1599710280268320	-49.0
1599710280268320	-0.000244140625
1599710280268320	-49.0
1599710280268336	-0.0625
1599710280268339	49.0
1599710280268339	0.140625
1599710280268339	49.0
1599710280268339	85.046875
1599710280269605	-0.140625
1599710280269605	-49.0
1599710280269605	-85.046875
1599710280269611	0.140625
1599710280269611	0.140625
1599710280269611	0.00537109375
1599710280272324	-49.0
1599710280272324	-0.140625
1599710280272324	-0.00537109375
1599710280272334	-0.000244140625
1599710280272345	-0.000244140625
1599710280272648	-49.0
1599710280272662	-0.140625
1599710280272663	0.000244140625
1599710280272663	49.0
1599710280272663	0.000244140625
1599710280272663	0.000244140625
1599710280272663	0.000244140625
1599710280273101	-49.0
1599710280273101	-49.0
1599710280273101	-0.000244140625
1599710280273101	-0.000244140625
1599710280273101	-0.000244140625
1599710280273101	-0.000244140625
1599710280273116	-0.140625
1599710280273118	196.0
1599710280273118	0.0625
1599710280273118	196.0
1599710280273118	0.020263671875
1599710280274535	-0.0625
1599710280274535	-196.0
1599710280274535	-0.020263671875
1599710280274537	0.0625
1599710280274537	0.0625
1599710280274537	0.0029296875
1599710280276031	-49.0
1599710280276031	-0.0625
1599710280276031	-0.0029296875
1599710280276042	-0.000244140625
1599710280276052	-0.000244140625
1599710280277198	-196.0
1599710280277212	-0.0625
1599710280278386	-196.0
1599710280278397	-0.0625
1599710280278400	196.0
1599710280278400	0.000244140625
1599710280278400	0.0009765625
1599710280278400	0.000244140625
1599710280278400	0.0009765625
1599710280279975	-0.0009765625
1599710280279975	-0.000244140625
1599710280279975	-196.0
1599710280279975	-0.0009765625
1599710280279975	-0.000244140625
1599710280279982	0.0009765625
1599710280279982	196.0
1599710280279982	0.000244140625
1599710280279982	0.0009765625
1599710280279982	0.000244140625
1599710280281548	-0.0009765625
1599710280281548	-0.0009765625
1599710280281548	-0.000244140625
1599710280281548	-196.0
1599710280281548	-196.0
1599710280281548	-0.000244140625
1599710280281556	49.0
1599710280281556	0.0625
1599710280281556	49.0
1599710280281556	0.020263671875
1599710280282522	-0.0625
1599710280282522	-49.0
1599710280282522	-0.020263671875
1599710280282525	0.0625
1599710280282525	0.0625
1599710280282525	0.0029296875
1599710280284342	-196.0
1599710280284342	-0.0625
1599710280284342	-0.0029296875
1599710280284353	-0.0009765625
1599710280284363	-0.0009765625
1599710280284367	49.0
1599710280284367	0.0625
1599710280284367	49.0
1599710280284367	0.020263671875
1599710280285323	-0.0625
1599710280285323	-49.0
1599710280285323	-0.020263671875
1599710280285327	0.0625
1599710280285327	0.0625
1599710280285327	0.0029296875
1599710280287136	-196.0
1599710280287136	-0.0625
1599710280287136	-0.0029296875
1599710280287147	-0.0009765625
1599710280287157	-0.0009765625
1599710280287167	-0.0625
1599710280287459	-49.0
1599710280287471	-0.0625
1599710280287484	-0.0625
1599710280287486	0.000244140625
1599710280287486	0.000244140625
1599710280287486	0.000244140625
1599710280287486	0.000244140625
1599710280287486	62.6357421875
1599710280287918	-0.000244140625
1599710280287918	-49.0
1599710280287918	-49.0
1599710280287918	-0.000244140625
1599710280287918	-0.000244140625
1599710280287918	-0.000244140625
1599710280287934	-0.0625
1599710280287936	49.0
1599710280287936	0.140625
1599710280287936	49.0
1599710280287936	98.0
1599710280289207	-0.140625
1599710280289207	-49.0
1599710280289207	-98.0
1599710280289209	0.140625
1599710280289209	0.140625
1599710280289209	0.00537109375
1599710280291949	-62.6357421875
1599710280291949	-0.140625
1599710280291949	-0.00537109375
1599710280291958	-0.000244140625
1599710280291967	-0.000244140625
1599710280292256	-49.0
1599710280292270	-0.140625
1599710280292274	0.000244140625
1599710280292274	0.000244140625
1599710280292274	0.000244140625
1599710280292274	49.0
1599710280292274	0.000244140625
1599710280292693	-49.0
1599710280292693	-0.000244140625
1599710280292693	-0.000244140625
1599710280292693	-0.000244140625
1599710280292693	-0.000244140625
1599710280292693	-49.0
1599710280292703	-0.140625
1599710280292707	82.69970703125
1599710280292707	49.0
1599710280292707	0.015625
1599710280292707	0.020263671875
1599710280293035	-49.0
1599710280293035	-0.015625
1599710280293035	-0.020263671875
1599710280293038	0.015625
1599710280293038	0.015625
1599710280293038	0.0029296875
1599710280293959	-49.0
1599710280293959	-0.015625
1599710280293959	-0.0029296875
1599710280293968	-0.000244140625
1599710280293977	-0.000244140625
1599710280294266	-82.69970703125
1599710280294274	-0.015625
1599710280294276	196.0
1599710280296388	-49.0
1599710280296388	-49.0
1599710280296397	-0.015625
1599710280297569	-196.0
1599710280297571	0.000244140625
1599710280297571	0.000244140625
1599710280297571	0.000244140625
1599710280297571	245.0
1599710280297571	0.000244140625
1599710280299417	-0.000244140625
1599710280299417	-196.0
1599710280299417	-0.000244140625
1599710280299417	-196.0
1599710280299417	-0.000244140625
1599710280299417	-0.000244140625
1599710280299420	0.035888671875
1599710280299420	0.035888671875
1599710280299420	0.0341796875
1599710280302678	-38.7451171875
1599710280302678	-245.0
1599710280302678	-0.035888671875
1599710280302678	-0.0341796875
1599710280302684	-0.000244140625
1599710280302689	-0.000244140625
1599710280302696	-0.035888671875
1599710280302703	-0.035888671875
