1602298018438904	256
1602298018439036	256
1602298018439155	-256
1602298018439298	256
1602298018439429	256
1602298018439574	256
1602298018439629	256
1602298018439674	256
1602298018439818	256
1602298018439865	768
1602298018439942	-256
1602298018440053	256
1602298018440141	-256
1602298018440165	256
1602298018440417	-256
1602298018440419	-256
1602298018440420	-256
1602298018440422	-256
1602298018440454	256
1602298018440676	-256
1602298018440706	-256
1602298018440764	-256
1602298018441097	256
1602298018441271	-256
1602298018441964	256
1602298018441969	256
1602298018442062	-256
1602298018442088	65536
1602298018442142	256
1602298018442144	256
1602298018442200	-256
1602298018442218	131072
1602298018442272	256
1602298018442274	256
1602298018442329	-256
1602298018442347	589824
1602298018442394	256
1602298018442396	256
1602298018442448	-256
1602298018442466	147456
1602298018442511	256
1602298018442514	256
1602298018442567	-256
1602298018442584	1048576
1602298018442635	256
1602298018442637	256
1602298018442694	-256
1602298018442712	65536
1602298018442756	256
1602298018442759	256
1602298018442811	-256
1602298018442828	65536
1602298018442873	256
1602298018442896	9216
1602298018442970	-9216
1602298018442990	9437184
1602298018443040	256
1602298018443043	256
1602298018443096	-256
1602298018443114	147456
1602298018443167	111992832
1602298018443237	256
1602298018443239	256
1602298018443295	-256
1602298018443313	37632
1602298018443358	256
1602298018443406	16384
1602298018443451	256
1602298018443465	9216
1602298018443529	-9216
1602298018443548	4194304
1602298018443596	256
1602298018443641	4096
1602298018443685	256
1602298018443687	256
1602298018443739	-256
1602298018443756	147456
1602298018443804	256
1602298018443806	256
1602298018443859	-256
1602298018443876	65536
1602298018443920	256
1602298018443933	9216
1602298018443996	-9216
1602298018444014	4194304
1602298018444062	256
1602298018444064	256
1602298018444119	-256
1602298018444137	589824
1602298018444185	256
1602298018444187	256
1602298018444240	-256
1602298018444257	65536
1602298018444301	256
1602298018444303	256
1602298018444376	-256
1602298018444394	589824
1602298018444455	256
1602298018444457	256
1602298018444506	-256
1602298018444521	262144
1602298018444565	256
1602298018444567	256
1602298018444616	-256
1602298018444632	65536
1602298018444672	256
1602298018444674	256
1602298018444722	-256
1602298018444737	524288
1602298018444781	256
1602298018444783	256
1602298018444831	-256
1602298018444847	589824
1602298018444891	256
1602298018444904	9216
1602298018444963	-9216
1602298018444980	2097152
1602298018445042	256
1602298018445054	9216
1602298018445113	-9216
1602298018445131	8200192
1602298018445176	256
1602298018445178	256
1602298018445230	-256
1602298018445247	262144
1602298018445294	256
1602298018445296	256
1602298018445348	-256
1602298018445365	262144
1602298018445411	256
1602298018445413	256
1602298018445464	-256
1602298018445481	262144
1602298018445527	256
1602298018445529	256
1602298018445579	-256
1602298018445596	1048576
1602298018445642	256
1602298018445644	256
1602298018445694	-256
1602298018445710	262144
1602298018445756	256
1602298018445758	256
1602298018445808	-256
1602298018445825	262144
1602298018445869	256
1602298018445881	9216
1602298018445942	-9216
1602298018445959	2359296
1602298018446004	256
1602298018446005	256
1602298018446056	-256
1602298018446071	1048576
1602298018446116	256
1602298018446127	9216
1602298018446186	-9216
1602298018446203	2359296
1602298018446248	256
1602298018446260	9216
1602298018446318	-9216
1602298018446335	4194304
1602298018446380	256
1602298018446381	256
1602298018446441	-256
1602298018446457	524288
1602298018446502	256
1602298018446514	9216
1602298018446573	-9216
1602298018446590	2359296
1602298018446634	256
1602298018446646	9216
1602298018446704	-9216
1602298018446721	2359296
1602298018446770	256
1602298018446772	256
1602298018446823	-256
1602298018446839	262144
1602298018446883	256
1602298018446895	9216
1602298018446953	-9216
1602298018446970	2097152
1602298018447015	256
1602298018447016	256
1602298018447067	-256
1602298018447082	1048576
1602298018447127	256
1602298018447128	256
1602298018447179	-256
1602298018447195	1048576
1602298018447240	256
1602298018447252	9216
1602298018447310	-9216
1602298018447327	2359296
1602298018447372	256
1602298018447384	9216
1602298018447442	-9216
1602298018447458	2359296
1602298018447503	256
1602298018447515	9216
1602298018447572	-9216
1602298018447589	4194304
1602298018447634	256
1602298018447636	256
1602298018447687	-256
1602298018447702	1048576
1602298018447746	256
1602298018447758	9216
1602298018447816	-9216
1602298018447833	4194304
1602298018447878	256
1602298018447879	256
1602298018447929	-256
1602298018447945	1048576
1602298018447989	256
1602298018448001	9216
1602298018448059	-9216
1602298018448077	8388608
1602298018448122	256
1602298018448134	9216
1602298018448192	-9216
1602298018448208	9437184
1602298018448253	256
1602298018448254	256
1602298018448305	-256
1602298018448321	1048576
1602298018448379	256
1602298018448391	9216
1602298018448452	-9216
1602298018448470	9437184
1602298018448515	256
1602298018448517	256
1602298018448568	-256
1602298018448584	1048576
1602298018448628	256
1602298018448630	256
1602298018448680	-256
1602298018448695	1048576
1602298018448739	256
1602298018448741	256
1602298018448791	-256
1602298018448808	1048576
1602298018448863	118072832
1602298018448933	-111992832
1602298018449142	-256
1602298018449143	-256
1602298018449144	-256
1602298018449145	-256
1602298018449146	-256
1602298018449148	-256
1602298018449149	-256
1602298018449150	-256
1602298018449150	-256
1602298018449151	-256
1602298018449152	-256
1602298018449153	-256
1602298018449154	-256
1602298018449155	-256
1602298018449156	-256
1602298018449156	-256
1602298018449157	-256
1602298018449158	-256
1602298018449159	-256
1602298018449160	-256
1602298018449161	-256
1602298018449161	-256
1602298018449162	-256
1602298018449164	-256
1602298018449165	-256
1602298018449166	-256
1602298018449166	-256
1602298018449167	-256
1602298018449168	-256
1602298018449169	-256
1602298018449170	-256
1602298018449171	-256
1602298018449171	-256
1602298018449172	-256
1602298018449173	-256
1602298018449174	-256
1602298018449175	-256
1602298018449175	-256
1602298018449176	-256
1602298018449177	-256
1602298018449178	-256
1602298018449179	-256
1602298018449179	-256
1602298018449180	-256
1602298018449181	-256
1602298018449182	-256
1602298018449183	-256
1602298018449184	-256
1602298018449185	-256
1602298018449186	-256
1602298018449186	-256
1602298018449187	-256
1602298018449188	-256
1602298018449189	-256
1602298018449217	597295104
1602298018449228	37632
1602298018449311	75520
1602298018449423	-75520
1602298018449427	-37632
1602298018449527	597295104
1602298018449529	256
1602298018449530	256
1602298018449530	256
1602298018449531	256
1602298018449822	149323776
1602298018450003	597295104
1602298018450009	65536
1602298018450064	18944
1602298018450158	-18944
1602298018450162	-65536
1602298018450234	149323776
1602298018450240	16384
1602298018450297	18944
1602298018450373	-18944
1602298018450375	-16384
1602298018450442	-256
1602298018450482	-256
1602298018450498	597295104
1602298018450499	1536
1602298018450501	1024
1602298018450502	1024
1602298018450503	1024
1602298018450652	149323776
1602298018450653	256
1602298018450654	256
1602298018450655	256
1602298018450656	256
1602298018451064	149323776
1602298018451071	147456
1602298018451129	225099776
1602298018451547	-225099776
1602298018451551	-147456
1602298018451728	-1536
1602298018451767	-1024
1602298018451783	149323776
1602298018451784	256
1602298018451785	256
1602298018451786	256
1602298018451787	256
1602298018451946	-256
1602298018451987	-256
1602298018452123	597295104
1602298018452130	65536
1602298018452184	18944
1602298018452264	-18944
1602298018452268	-65536
1602298018452425	597295104
1602298018452426	1024
1602298018452427	1536
1602298018452428	1024
1602298018452429	1024
1602298018452588	-256
1602298018452630	-256
1602298018452679	-597295104
1602298018452899	149323776
1602298018452906	65536
1602298018452961	18944
1602298018453044	-18944
1602298018453048	-65536
1602298018453137	-1024
1602298018453178	-1536
1602298018453194	149323776
1602298018453196	256
1602298018453197	256
1602298018453198	256
1602298018453198	256
1602298018453456	149323776
1602298018453463	147456
1602298018453519	225099776
1602298018456321	-225099776
1602298018456327	-147456
1602298018456515	149323776
1602298018456517	256
1602298018456518	256
1602298018456519	256
1602298018456520	256
1602298018456697	-256
1602298018456738	-256
1602298018456901	597295104
1602298018456908	65536
1602298018456965	18944
1602298018457043	-18944
1602298018457047	-65536
1602298018457185	597295104
1602298018457186	1024
1602298018457187	1536
1602298018457188	1024
1602298018457190	1024
1602298018457345	-256
1602298018457386	-256
1602298018457641	149323776
1602298018457647	65536
1602298018457701	18944
1602298018457776	-18944
1602298018457779	-65536
1602298018457860	-1024
1602298018457899	-1536
1602298018457915	149323776
1602298018457916	256
1602298018457917	256
1602298018457918	256
1602298018457919	256
1602298018458166	149323776
1602298018458172	147456
1602298018458225	225099776
1602298018458596	-225099776
1602298018458600	-147456
1602298018458742	149323776
1602298018458743	256
1602298018458744	256
1602298018458745	256
1602298018458746	256
1602298018458898	-256
1602298018458940	-256
1602298018459078	597295104
1602298018459084	65536
1602298018459136	18944
1602298018459212	-18944
1602298018459215	-65536
1602298018459352	597295104
1602298018459353	1024
1602298018459354	1536
1602298018459355	1024
1602298018459356	1024
1602298018459505	-256
1602298018459547	-256
1602298018459802	298647552
1602298018459808	524288
1602298018459860	4864
1602298018459935	-4864
1602298018459938	-524288
1602298018460003	111983616
1602298018460009	131072
1602298018460060	4864
1602298018460129	-4864
1602298018460132	-131072
1602298018460192	-1024
1602298018460231	-1536
1602298018460246	298647552
1602298018460247	2048
1602298018460248	2048
1602298018460249	2048
1602298018460250	2048
1602298018460381	74661888
1602298018460383	512
1602298018460384	512
1602298018460385	512
1602298018460386	512
1602298018460775	74661888
1602298018460780	589824
1602298018460834	278552576
1602298018460996	-278552576
1602298018460999	-589824
1602298018461165	-2048
1602298018461203	-2048
1602298018461218	74661888
1602298018461219	512
1602298018461220	512
1602298018461221	512
1602298018461222	512
1602298018461370	-512
1602298018461411	-512
1602298018461544	298647552
1602298018461551	262144
1602298018461602	4864
1602298018461676	-4864
1602298018461679	-262144
1602298018461821	298647552
1602298018461822	2560
1602298018461823	2048
1602298018461824	2048
1602298018461825	2048
1602298018461974	-512
1602298018462014	-512
1602298018462055	-298647552
1602298018462258	74661888
1602298018462264	262144
1602298018462314	4864
1602298018462392	-4864
1602298018462396	-262144
1602298018462476	-2560
1602298018462515	-2048
1602298018462532	74661888
1602298018462533	512
1602298018462534	512
1602298018462535	512
1602298018462535	512
1602298018462779	74661888
1602298018462785	589824
1602298018462836	278552576
1602298018462998	-278552576
1602298018463002	-589824
1602298018463138	74663936
1602298018463139	512
1602298018463140	512
1602298018463141	512
1602298018463142	512
1602298018463288	-512
1602298018463328	-512
1602298018463458	298647552
1602298018463463	262144
1602298018463513	4864
1602298018463587	-4864
1602298018463590	-262144
1602298018463726	298647552
1602298018463727	2048
1602298018463728	2048
1602298018463730	2048
1602298018463731	2048
1602298018463882	-512
1602298018463922	-512
1602298018464171	74661888
1602298018464178	262144
1602298018464229	4864
1602298018464304	-4864
1602298018464307	-262144
1602298018464405	-2048
1602298018464444	-2048
1602298018464461	74661888
1602298018464462	512
1602298018464463	512
1602298018464464	512
1602298018464465	512
1602298018464710	74661888
1602298018464716	589824
1602298018464769	278552576
1602298018464927	-278552576
1602298018464930	-589824
1602298018465070	74661888
1602298018465071	512
1602298018465072	512
1602298018465073	512
1602298018465074	512
1602298018465244	-512
1602298018465286	-512
1602298018465418	298647552
1602298018465425	262144
1602298018465477	4864
1602298018465551	-4864
1602298018465554	-262144
1602298018465690	298647552
1602298018465691	2560
1602298018465692	2048
1602298018465693	2048
1602298018465694	2048
1602298018465842	-512
1602298018465881	-512
1602298018466128	74661888
1602298018466134	262144
1602298018466187	4864
1602298018466261	-4864
1602298018466264	-262144
1602298018466346	-2560
1602298018466384	-2048
1602298018466400	74661888
1602298018466401	512
1602298018466402	512
1602298018466403	512
1602298018466404	512
1602298018466644	74661888
1602298018466650	589824
1602298018466703	278552576
1602298018466861	-278552576
1602298018466865	-589824
1602298018467006	74661888
1602298018467008	512
1602298018467009	512
1602298018467010	512
1602298018467010	512
1602298018467159	-512
1602298018467198	-512
1602298018467333	298647552
1602298018467339	262144
1602298018467390	4864
1602298018467465	-4864
1602298018467468	-262144
1602298018467603	298647552
1602298018467604	2560
1602298018467605	2048
1602298018467606	2048
1602298018467607	2048
1602298018467757	-512
1602298018467796	-512
1602298018468057	37330944
1602298018468063	524288
1602298018468115	1280
1602298018468190	-1280
1602298018468194	-524288
1602298018468253	149323776
1602298018468259	2097152
1602298018468311	1280
1602298018468400	-1280
1602298018468403	-2097152
1602298018468466	-2560
1602298018468504	-2048
1602298018468518	37330944
1602298018468519	1024
1602298018468520	1024
1602298018468532	1024
1602298018468533	1024
1602298018468654	149323776
1602298018468656	4096
1602298018468657	4096
1602298018468658	4096
1602298018468659	4096
1602298018468961	37330944
1602298018468967	2359296
1602298018469019	235929600
1602298018469155	-235929600
1602298018469159	-2359296
1602298018469360	37330944
1602298018469361	1536
1602298018469362	1024
1602298018469364	1024
1602298018469364	1024
1602298018469505	-1024
1602298018469543	-1024
1602298018469579	-4096
1602298018469615	-4096
1602298018469742	149323776
1602298018469748	1048576
1602298018469798	1280
1602298018469868	-1280
1602298018469871	-1048576
1602298018470002	149323776
1602298018470003	4096
1602298018470004	4096
1602298018470005	4096
1602298018470006	4096
1602298018470148	-1536
1602298018470187	-1024
1602298018470228	-149323776
1602298018470430	37330944
1602298018470436	1048576
1602298018470484	1536
1602298018470555	-1536
1602298018470558	-1048576
1602298018470633	-4096
1602298018470671	-4096
1602298018470683	37330944
1602298018470684	1024
1602298018470685	1024
1602298018470686	1024
1602298018470687	1536
1602298018470912	37330944
1602298018470918	2359296
1602298018470968	235929600
1602298018471079	-235929600
1602298018471082	-2359296
1602298018471208	37330944
1602298018471209	1024
1602298018471210	1024
1602298018471211	1024
1602298018471212	1024
1602298018471348	-1024
1602298018471386	-1024
1602298018471551	149323776
1602298018471557	1048576
1602298018471606	1280
1602298018471676	-1280
1602298018471679	-1048576
1602298018471807	149323776
1602298018471808	4096
1602298018471809	4096
1602298018471810	4096
1602298018471811	4096
1602298018471952	-1024
1602298018471990	-1024
1602298018472221	37330944
1602298018472227	1048576
1602298018472275	2048
1602298018472344	-2048
1602298018472347	-1048576
1602298018472440	-4096
1602298018472477	-4096
1602298018472492	37330944
1602298018472493	1024
1602298018472494	1024
1602298018472495	1024
1602298018472496	1024
1602298018472726	37330944
1602298018472731	2359296
1602298018472782	235929600
1602298018472894	-235929600
1602298018472897	-2359296
1602298018473026	37330944
1602298018473028	1024
1602298018473029	1024
1602298018473030	1024
1602298018473030	1024
1602298018473169	-1024
1602298018473206	-1024
1602298018473332	149323776
1602298018473338	1048576
1602298018473386	1280
1602298018473456	-1280
1602298018473459	-1048576
1602298018473587	149323776
1602298018473588	4096
1602298018473589	4096
1602298018473590	4096
1602298018473591	4096
1602298018473732	-1024
1602298018473771	-1024
1602298018474005	37330944
1602298018474011	1048576
1602298018474060	2048
1602298018474128	-2048
1602298018474131	-1048576
1602298018474208	-4096
1602298018474245	-4096
1602298018474257	37330944
1602298018474258	1024
1602298018474259	1024
1602298018474260	1024
1602298018474261	1024
1602298018474487	37330944
1602298018474493	2359296
1602298018474543	235929600
1602298018474653	-235929600
1602298018474656	-2359296
1602298018474787	37330944
1602298018474788	1024
1602298018474789	1024
1602298018474790	1024
1602298018474791	1024
1602298018474929	-1024
1602298018474967	-1024
1602298018475111	149323776
1602298018475117	1048576
1602298018475165	1280
1602298018475236	-1280
1602298018475239	-1048576
1602298018475369	149323776
1602298018475370	4096
1602298018475371	4096
1602298018475372	4096
1602298018475373	4096
1602298018475517	-1024
1602298018475556	-1024
1602298018477092	37330944
1602298018477098	1048576
1602298018477149	2048
1602298018477892	-2048
1602298018477896	-1048576
1602298018478462	-4096
1602298018478500	-4096
1602298018478513	37330944
1602298018478514	1024
1602298018478515	1024
1602298018478516	1024
1602298018478516	1024
1602298018478751	37330944
1602298018478756	2359296
1602298018481533	235929600
1602298018484865	-235929600
1602298018484869	-2359296
1602298018488264	37330944
1602298018488265	1024
1602298018488266	1024
1602298018488267	1024
1602298018488268	1024
1602298018488419	-1024
1602298018490563	-1024
1602298018490690	149323776
1602298018490696	1048576
1602298018490745	1280
1602298018493189	-1280
1602298018493192	-1048576
1602298018494615	149323776
1602298018494616	4096
1602298018494617	4096
1602298018494619	4096
1602298018494620	4096
1602298018494759	-1024
1602298018494796	-1024
1602298018499244	37330944
1602298018499250	1048576
1602298018499807	2048
1602298018499875	-2048
1602298018499878	-1048576
1602298018499954	-4096
1602298018499988	-4096
1602298018500002	37330944
1602298018500003	1024
1602298018500004	1024
1602298018500005	1024
1602298018500006	1024
1602298018502924	37330944
1602298018502929	2359296
1602298018506247	235929600
1602298018509635	-235929600
1602298018509639	-2359296
1602298018512012	37330944
1602298018512013	1024
1602298018512014	1024
1602298018512014	1024
1602298018512015	1024
1602298018512149	-1024
1602298018512185	-1024
1602298018514584	149323776
1602298018514590	1048576
1602298018514637	1280
1602298018516049	-1280
1602298018516052	-1048576
1602298018516174	149323776
1602298018516175	4096
1602298018516176	4096
1602298018516177	4096
1602298018516178	4096
1602298018516312	-1024
1602298018519736	-1024
1602298018521281	74661888
1602298018521287	8388608
1602298018521332	512
1602298018521395	-512
1602298018521398	-8388608
1602298018521433	18665472
1602298018521438	2097152
1602298018524307	512
1602298018527568	-512
1602298018527570	-2097152
1602298018527647	-4096
1602298018530938	-4096
1602298018530951	74661888
1602298018530952	8192
1602298018530952	8192
1602298018530953	8192
1602298018530954	8192
1602298018531050	18665472
1602298018531051	2048
1602298018531051	2048
1602298018531052	2048
1602298018531053	2048
1602298018538282	18665472
1602298018538289	9437184
1602298018538334	150994944
1602298018541687	-150994944
1602298018541690	-9437184
1602298018542013	-8192
1602298018542042	-8192
1602298018542052	18665472
1602298018542053	2048
1602298018542054	2048
1602298018542054	2048
1602298018542055	2048
1602298018542157	-2048
1602298018542186	-2048
1602298018544609	74661888
1602298018544613	4194304
1602298018544654	512
1602298018544710	-512
1602298018544712	-4194304
1602298018545108	74661888
1602298018545108	10240
1602298018545109	8192
1602298018545110	8192
1602298018545111	8192
1602298018545416	-2048
1602298018545447	-2048
1602298018545479	-74661888
1602298018549669	18665472
1602298018549674	4194304
1602298018549713	512
1602298018551360	-512
1602298018551362	-4194304
1602298018551426	-10240
1602298018552527	-8192
1602298018552538	18665472
1602298018552539	2048
1602298018552539	2048
1602298018552540	2048
1602298018552540	2048
1602298018552711	18665472
1602298018552715	18673664
1602298018555061	150994944
1602298018555804	-150994944
1602298018555807	-18673664
1602298018555905	18673664
1602298018555906	2048
1602298018555907	2048
1602298018555907	2048
1602298018555908	2048
1602298018558363	-2048
1602298018558394	-2048
1602298018559122	74661888
1602298018559126	4194304
1602298018559164	512
1602298018559218	-512
1602298018559220	-4194304
1602298018561783	74661888
1602298018561784	8192
1602298018561785	8192
1602298018561786	8192
1602298018561787	8192
1602298018561886	-2048
1602298018563433	-2048
1602298018566334	18665472
1602298018566338	4194304
1602298018566374	512
1602298018566425	-512
1602298018566427	-4194304
1602298018568824	-8192
1602298018568853	-8192
1602298018568865	18665472
1602298018568866	2048
1602298018568866	2048
1602298018568867	2048
1602298018568867	2048
1602298018569623	18665472
1602298018569627	9437184
1602298018569664	150994944
1602298018572576	-150994944
1602298018572578	-9437184
1602298018572891	18665472
1602298018572892	2048
1602298018572892	2048
1602298018572893	2048
1602298018572894	2048
1602298018572988	-2048
1602298018573016	-2048
1602298018575583	74661888
1602298018575587	4194304
1602298018575621	512
1602298018578426	-512
1602298018578428	-4194304
1602298018578866	74661888
1602298018578866	10240
1602298018578867	8192
1602298018578868	8192
1602298018578868	8192
1602298018578974	-2048
1602298018580033	-2048
1602298018583304	-10240
1602298018583331	-8192
1602298018583343	1523712
1602298018583405	744960
1602298018583576	1024
1602298018583578	1024
1602298018586668	-1024
1602298018586675	-768
1602298018586731	256
1602298018589295	-1024
1602298018589304	4096
1602298018589352	1523712
1602298018589428	8200192
1602298018590929	-1523712
1602298018590930	-744960
1602298018590997	-4096
1602298018592631	-8200192
1602298018592663	-256
1602298018592697	-4096
1602298018592709	74661888
1602298018593824	-1523712
1602298018593859	-8200192
1602298018593937	-74661888
1602298018593954	74670080
1602298018593954	10240
1602298018593955	8192
1602298018593956	256
1602298018593978	256
1602298018595301	-74661888
1602298018595303	-8192
1602298018595304	-8192
1602298018595305	-256
1602298018595306	-256
1602298018595383	18665472
1602298018595395	8192256
1602298018595422	18665472
1602298018595444	4096
1602298018601416	-18665472
1602298018601418	-4096
1602298018601419	-8192256
1602298018601443	8192256
1602298018601452	4194304
1602298018601472	4096
1602298018601596	-4096
1602298018601598	-4194304
1602298018601606	-74670080
1602298018601646	-10240
1602298018601834	-8192
1602298018601867	-18665472
1602298018603641	-4194304
1602298018603650	18665472
1602298018603651	2048
1602298018603652	2048
1602298018603652	256
1602298018603971	256
1602298018604027	-18665472
1602298018604028	-18665472
1602298018604029	-2048
1602298018604030	-2048
1602298018604032	-256
1602298018604032	-256
1602298018604072	-8192256
1602298018604082	18665472
1602298018604088	9437184
1602298018604247	18665472
1602298018604265	150994944
1602298018604429	-18665472
1602298018604431	-150994944
1602298018604432	-9437184
1602298018604454	9437184
1602298018604460	18665472
1602298018604475	147456000
1602298018607014	-147456000
1602298018607016	-18665472
1602298018607023	-18665472
1602298018607062	-2048
1602298018607089	-2048
1602298018607931	-18665472
1602298018607960	-9437184
1602298018607969	18665472
1602298018607969	2048
1602298018607970	2048
1602298018607970	256
1602298018608773	256
1602298018608831	-18665472
1602298018608832	-18665472
1602298018608833	-2048
1602298018608833	-2048
1602298018608835	-256
1602298018608835	-256
1602298018609379	-9437184
1602298018609388	74661888
1602298018609393	4194304
1602298018609416	124009984
1602298018609430	4096
1602298018609495	-74661888
1602298018609497	-4096
1602298018609498	-4194304
1602298018609519	4194304
1602298018609525	8200448
1602298018609538	4096
1602298018612291	-4096
1602298018612293	-8200448
1602298018612300	-18665472
1602298018612338	-2048
1602298018612374	-2048
1602298018612657	-124009984
1602298018612688	-4194304
1602298018614456	-74661888
1602298018614783	-4194304
1602298018614792	74678272
1602298018614792	8192
1602298018614793	8192
1602298018614794	256
1602298018614813	256
1602298018615076	-74661888
1602298018615077	-8192
1602298018615078	-8192
1602298018615079	-256
1602298018615080	-256
1602298018615094	18665472
1602298018615099	4194304
1602298018615123	18665472
1602298018615136	4096
1602298018615254	-18665472
1602298018615256	-4096
1602298018615257	-4194304
1602298018615277	4194304
1602298018615283	8200448
1602298018615295	4096
1602298018618684	-4096
1602298018618686	-8200448
1602298018618693	-74678272
1602298018618732	-8192
1602298018618760	-8192
1602298018619551	-18673664
1602298018619580	-4194304
1602298018619589	18665472
1602298018619590	2048
1602298018619590	2048
1602298018619591	256
1602298018619611	256
1602298018620184	-18665472
1602298018620186	-18665472
1602298018620186	-2048
1602298018620187	-2048
1602298018620189	-256
1602298018620189	-256
1602298018620225	-4194304
1602298018620234	18665472
1602298018620239	9437440
1602298018620261	18673664
1602298018620274	150994944
1602298018623044	-18665472
1602298018623046	-150994944
1602298018623047	-9437440
1602298018623068	9437440
1602298018623074	18665472
1602298018623087	147456000
1602298018623458	-147456000
1602298018623460	-18665472
1602298018623466	-18665472
1602298018625231	-2048
1602298018625556	-2048
1602298018625585	-18665472
1602298018625613	-9437184
1602298018625622	18665472
1602298018625622	2048
1602298018625623	2048
1602298018625623	256
1602298018625835	256
1602298018626003	-18673664
1602298018626004	-18665472
1602298018626005	-2048
1602298018626006	-2048
1602298018626007	-256
1602298018626008	-256
1602298018626046	-9437440
1602298018626054	74661888
1602298018626059	4194304
1602298018626081	74661888
1602298018626095	4096
1602298018628583	-74661888
1602298018628585	-4096
1602298018628585	-4194304
1602298018628606	4194304
1602298018628612	4194304
1602298018628626	4096
1602298018630364	-4096
1602298018630366	-4194304
1602298018630373	-18665472
1602298018630412	-2048
1602298018630440	-2048
1602298018630967	-74661888
1602298018630997	-4194304
1602298018631026	-74661888
1602298018631056	-4194304
1602298018631063	74663936
1602298018631064	10240
1602298018631065	8192
1602298018631065	256
1602298018631085	256
1602298018633491	-74661888
1602298018633492	-8192
1602298018633493	-8192
1602298018633494	-256
1602298018633495	-256
1602298018633509	74661888
1602298018633510	8192
1602298018633510	8192
1602298018633511	256
1602298018633721	256
1602298018633912	-74661888
1602298018633914	-74661888
1602298018633914	-8192
1602298018633915	-8192
1602298018633916	-256
1602298018633917	-256
1602298018633932	149323776
1602298018633937	9437440
1602298018633962	149323776
1602298018634303	-149323776
1602298018634305	-9437440
1602298018634328	9437440
1602298018634335	9437696
1602298018634350	4096
1602298018636642	-4096
1602298018636644	-9437696
1602298018636651	-74663936
1602298018636691	-10240
1602298018636718	-8192
1602298018636728	18665472
1602298018636733	4194304
1602298018636823	18665472
1602298018636837	4096
1602298018636901	-18665472
1602298018636903	-4096
1602298018636904	-4194304
1602298018636924	4194304
1602298018636929	4194304
1602298018636942	4096
1602298018640325	-4096
1602298018640327	-4194304
1602298018640334	-74661888
1602298018640378	-8192
1602298018641174	-8192
1602298018641205	-8388608
1602298018641235	-18665472
1602298018641775	-4194304
1602298018641803	-9437440
1602298018641811	18665472
1602298018641812	2048
1602298018641812	2048
1602298018641813	256
1602298018641832	256
1602298018641885	-18665472
1602298018641886	-18665472
1602298018641887	-2048
1602298018641888	-2048
1602298018641889	-256
1602298018641889	-256
1602298018644468	-4194304
1602298018644478	18665472
1602298018644483	9437440
1602298018644506	18665472
1602298018644519	186654720
1602298018644929	-18665472
1602298018644931	-186654720
1602298018644932	-9437440
1602298018644952	9437440
1602298018644958	17826560
1602298018644971	186654720
1602298018647404	-186654720
1602298018647405	-17826560
1602298018647412	-18665472
1602298018647449	-2048
1602298018647680	-2048
1602298018647720	-18665472
1602298018647841	-9437184
1602298018647856	18665472
1602298018647857	2048
1602298018647857	2048
1602298018647858	256
1602298018647918	256
1602298018647974	-18665472
1602298018647976	-18665472
1602298018647977	-2048
1602298018647978	-2048
1602298018647979	-256
1602298018647980	-256
1602298018648016	-9437440
1602298018648024	261349376
1602298018648030	2097152
1602298018650420	149323776
1602298018651315	-261349376
1602298018651317	-2097152
1602298018651341	2097152
1602298018651347	2097152
1602298018651361	4096
1602298018652205	-4096
1602298018652207	-2097152
1602298018652214	-18665472
1602298018652777	-2048
1602298018652806	-2048
1602298018652835	-149323776
1602298018652861	-2097152
1602298018652890	-149323776
1602298018655257	-2097152
1602298018655266	149327872
1602298018655266	4096
1602298018655267	4096
1602298018655267	256
1602298018655287	256
1602298018655570	-149323776
1602298018655571	-4096
1602298018655572	-4096
1602298018655573	-256
1602298018655574	-256
1602298018655589	37330944
1602298018655595	1048576
1602298018655683	37330944
1602298018655698	3584
1602298018655764	-37330944
1602298018655766	-3584
1602298018655767	-1048576
1602298018655788	1048576
1602298018655794	1049088
1602298018655807	2560
1602298018658205	-2560
1602298018658208	-1049088
1602298018658215	-149327872
1602298018658462	-4096
1602298018658499	-4096
1602298018658534	-37330944
1602298018658642	-1048576
1602298018658656	37330944
1602298018658657	1024
1602298018658658	1024
1602298018658658	256
1602298018658679	256
1602298018658751	-37330944
1602298018658753	-37330944
1602298018658753	-1024
1602298018658754	-1024
1602298018658756	-256
1602298018658756	-256
1602298018658803	-1048576
1602298018658812	37330944
1602298018658818	4194304
1602298018658841	37330944
1602298018658856	263061504
1602298018662165	-37330944
1602298018662168	-263061504
1602298018662169	-4194304
1602298018662192	4194304
1602298018662198	4194304
1602298018662213	256745472
1602298018663610	-256745472
1602298018663613	-4194304
1602298018663620	-37330944
1602298018663666	-1024
1602298018663716	-1024
1602298018663751	-37330944
1602298018668642	-2359296
1602298018668660	37330944
1602298018668661	1024
1602298018668661	1024
1602298018668662	256
1602298018668685	256
1602298018668758	-37330944
1602298018668760	-37330944
1602298018668760	-1024
1602298018668761	-1024
1602298018668762	-256
1602298018668763	-256
1602298018670046	-4194304
1602298018670056	149323776
1602298018670062	1048832
1602298018670092	149323776
1602298018670106	4096
1602298018670659	-149323776
1602298018670662	-4096
1602298018670662	-1048832
1602298018670684	1048832
1602298018670690	1048576
1602298018670703	4096
1602298018670816	-4096
1602298018670818	-1048576
1602298018670826	-37330944
1602298018670870	-1024
1602298018670902	-1024
1602298018670933	-149323776
1602298018671169	-1048576
1602298018671282	-149323776
1602298018673028	-1048832
1602298018673043	149327872
1602298018673043	4096
1602298018673044	4096
1602298018673044	256
1602298018673260	256
1602298018673336	-149323776
1602298018673338	-4096
1602298018673338	-4096
1602298018673340	-256
1602298018673341	-256
1602298018673358	37330944
1602298018673364	1048832
1602298018673391	37330944
1602298018673413	3584
1602298018673485	-37330944
1602298018673487	-3584
1602298018673488	-1048832
1602298018673509	1048832
1602298018673515	1048576
1602298018673529	2560
1602298018673641	-2560
1602298018673643	-1048576
1602298018673650	-149327872
1602298018673693	-4096
1602298018673722	-4096
1602298018676198	-37330944
1602298018676233	-1048576
1602298018676242	37330944
1602298018676243	1024
1602298018676243	1024
1602298018676244	256
1602298018676269	256
1602298018676707	-37330944
1602298018676709	-37330944
1602298018676710	-1024
1602298018676710	-1024
1602298018676712	-256
1602298018676712	-256
1602298018676753	-1048832
1602298018676762	37330944
1602298018676768	4194304
1602298018676797	37330944
1602298018676811	263061504
1602298018677406	-37330944
1602298018677408	-263061504
1602298018677410	-4194304
1602298018677431	4194304
1602298018677437	4194304
1602298018677457	256745472
1602298018680115	-256745472
1602298018680118	-4194304
1602298018680125	-37330944
1602298018680170	-1024
1602298018680260	-1024
1602298018680341	-37330944
1602298018680386	-2359296
1602298018680396	37330944
1602298018680397	1024
1602298018680398	1024
1602298018680398	256
1602298018680423	256
1602298018680539	-37330944
1602298018680540	-37330944
1602298018680541	-1024
1602298018680542	-1024
1602298018680543	-256
1602298018680544	-256
1602298018680746	-4194304
1602298018680761	149323776
1602298018680767	1048576
1602298018680850	149323776
1602298018680864	4096
1602298018682847	-149323776
1602298018682850	-4096
1602298018682850	-1048576
1602298018682873	1048576
1602298018682879	1049088
1602298018682893	4096
1602298018683077	-4096
1602298018683079	-1049088
1602298018683086	-37330944
1602298018683124	-1024
1602298018683160	-1024
1602298018683195	-149323776
1602298018683224	-1048576
1602298018685733	-149323776
1602298018685775	-1048576
1602298018685784	149327872
1602298018685785	4096
1602298018685785	4096
1602298018685786	256
1602298018685805	256
1602298018686242	-149323776
1602298018686244	-4096
1602298018686249	-4096
1602298018686251	-256
1602298018686252	-256
1602298018686267	37330944
1602298018686273	1048576
1602298018686302	37330944
1602298018686316	3584
1602298018686653	-37330944
1602298018686655	-3584
1602298018686656	-1048576
1602298018686678	1048576
1602298018686684	1049088
1602298018686698	2560
1602298018687019	-2560
1602298018687021	-1049088
1602298018687028	-149327872
1602298018687065	-4096
1602298018689667	-4096
1602298018689704	-37330944
1602298018689735	-1048576
1602298018689748	37330944
1602298018689749	1024
1602298018689749	1024
1602298018689750	256
1602298018689821	256
1602298018689959	-37330944
1602298018689961	-37330944
1602298018689961	-1024
1602298018689962	-1024
1602298018689964	-256
1602298018689964	-256
1602298018690011	-1048576
1602298018690020	37330944
1602298018690026	4194304
1602298018690049	37330944
1602298018690063	263061504
1602298018692150	-37330944
1602298018692152	-263061504
1602298018692153	-4194304
1602298018692175	4194304
1602298018692181	4194304
1602298018692194	256745472
1602298018692567	-256745472
1602298018692570	-4194304
1602298018692578	-37330944
1602298018692624	-1024
1602298018692658	-1024
1602298018692692	-37330944
1602298018692722	-2359296
1602298018692737	37330944
1602298018692738	1024
1602298018692738	1024
1602298018692739	256
1602298018692760	256
1602298018692830	-37330944
1602298018692832	-37330944
1602298018692833	-1024
1602298018692833	-1024
1602298018692835	-256
1602298018692835	-256
1602298018695283	-4194304
1602298018695293	149323776
1602298018695298	1048576
1602298018695327	149323776
1602298018695341	4096
1602298018695759	-149323776
1602298018695761	-4096
1602298018695762	-1048576
1602298018695784	1048576
1602298018695791	1049088
1602298018695804	4096
1602298018696207	-4096
1602298018696209	-1049088
1602298018696216	-37330944
1602298018696261	-1024
1602298018696513	-1024
1602298018696545	-149323776
1602298018696580	-1048576
1602298018696895	-149323776
1602298018697147	-1048576
1602298018697161	149327872
1602298018697162	4096
1602298018697162	4096
1602298018697163	256
1602298018697184	256
1602298018697254	-149323776
1602298018697255	-4096
1602298018697256	-4096
1602298018697258	-256
1602298018697258	-256
1602298018697273	37330944
1602298018697278	1048576
1602298018697307	37330944
1602298018697326	3584
1602298018697396	-37330944
1602298018697398	-3584
1602298018697400	-1048576
1602298018697420	1048576
1602298018697427	1049088
1602298018697439	2560
1602298018697550	-2560
1602298018697552	-1049088
1602298018697559	-149327872
1602298018697602	-4096
1602298018697688	-4096
1602298018697724	-37330944
1602298018697759	-1048576
1602298018697768	47713792
1602298018697769	1024
1602298018697769	1024
1602298018697770	256
1602298018697794	256
1602298018697872	-37330944
1602298018697873	-37330944
1602298018697874	-1024
1602298018697875	-1024
1602298018697876	-256
1602298018697877	-256
1602298018697917	-1048576
1602298018697931	37330944
1602298018697937	2359808
1602298018698678	37330944
1602298018698692	263061504
1602298018699471	-37330944
1602298018699473	-263061504
1602298018699474	-2359808
1602298018699500	2359808
1602298018699507	4194304
1602298018699521	256745472
1602298018700205	-256745472
1602298018700208	-4194304
1602298018700215	-47713792
1602298018700240	-256
1602298018703046	-1024
1602298018703077	-1024
1602298018703113	-37330944
1602298018703146	-2359296
1602298018703155	37330944
1602298018703156	1024
1602298018703156	1024
1602298018703157	256
1602298018705859	256
1602298018705964	-37330944
1602298018705966	-37330944
1602298018705966	-1024
1602298018705967	-1024
1602298018705968	-256
1602298018705969	-256
1602298018706011	-2359808
1602298018706026	149323776
1602298018706031	1048576
1602298018706111	149323776
1602298018706126	4096
1602298018706192	-149323776
1602298018706195	-4096
1602298018706195	-1048576
1602298018706218	1048576
1602298018706225	1049088
1602298018706237	4096
1602298018706677	-4096
1602298018706679	-1049088
1602298018706686	-37330944
1602298018706789	-1024
1602298018708530	-1024
1602298018708775	-149323776
1602298018708956	-1048576
1602298018709118	-149323776
1602298018710830	-1048576
1602298018710839	149327872
1602298018710840	4096
1602298018710841	4096
1602298018710841	256
1602298018710932	256
1602298018711287	-149323776
1602298018711289	-4096
1602298018711289	-4096
1602298018711291	-256
1602298018711292	-256
1602298018711308	47713792
1602298018711313	1049088
1602298018711347	37330944
1602298018711361	3584
1602298018711433	-47713792
1602298018711435	-3584
1602298018711436	-1049088
1602298018711458	1049088
1602298018711464	1048576
1602298018711477	2560
1602298018711694	-2560
1602298018711697	-1048576
1602298018711704	-149327872
1602298018711757	-4096
1602298018711791	-4096
1602298018711821	-37330944
1602298018714473	-1048576
1602298018714488	37330944
1602298018714488	1024
1602298018714489	1024
1602298018714489	256
1602298018714511	256
1602298018714580	-37330944
1602298018714582	-37330944
1602298018714582	-1024
1602298018714583	-1024
1602298018714584	-256
1602298018714585	-256
1602298018717671	-1049088
1602298018717684	37330944
1602298018717690	4194304
1602298018717717	47713792
1602298018717732	263061504
1602298018718191	-37330944
1602298018718193	-263061504
1602298018718194	-4194304
1602298018718222	4194304
1602298018718228	4194304
1602298018718243	256745472
1602298018719298	-256745472
1602298018719301	-4194304
1602298018719308	-37330944
1602298018719357	-1024
1602298018719392	-1024
1602298018719421	-37330944
1602298018722167	-2359296
1602298018722184	37330944
1602298018722185	1024
1602298018722185	1024
1602298018722186	256
1602298018722208	256
1602298018722280	-47713792
1602298018722281	-37330944
1602298018722281	-1024
1602298018722282	-1536
1602298018722283	-256
1602298018722284	-256
1602298018722330	-4194304
1602298018722339	149323776
1602298018722344	1049088
1602298018724976	149323776
1602298018724991	4096
1602298018725067	-149323776
1602298018725070	-4096
1602298018725070	-1049088
1602298018725092	1049088
1602298018725099	1048576
1602298018725111	4096
1602298018725383	-4096
1602298018725385	-1048576
1602298018725393	-37330944
1602298018725438	-1024
1602298018725547	-1024
1602298018725808	-149323776
1602298018725911	-1048576
1602298018727651	-149323776
1602298018727883	-1049088
1602298018727896	149323776
1602298018727896	4096
1602298018727897	4096
1602298018727898	256
1602298018728060	256
1602298018728275	-149323776
1602298018728276	-4096
1602298018728277	-4096
1602298018728279	-256
1602298018728280	-256
1602298018728294	149323776
1602298018728294	4096
1602298018728295	4096
1602298018728296	256
1602298018729932	256
1602298018730089	-149323776
1602298018730091	-149323776
1602298018730092	-4096
1602298018730092	-4096
1602298018730094	-256
1602298018730094	-256
1602298018730110	298647552
1602298018730115	2097152
1602298018730338	298647552
1602298018730435	-298647552
1602298018730437	-2097152
1602298018730468	2097152
1602298018730475	2097152
1602298018730489	2560
1602298018730602	-2560
1602298018730605	-2097152
1602298018730612	-149323776
1602298018730744	-4096
1602298018730801	-4096
1602298018730814	50860032
1602298018730820	1048576
1602298018730860	37330944
1602298018730873	4096
1602298018733575	-50860032
1602298018733577	-4096
1602298018733578	-1048576
1602298018733600	1048576
1602298018733606	1048576
1602298018733619	4096
1602298018736834	-4096
1602298018736836	-1048576
1602298018736843	-149323776
1602298018736881	-4096
1602298018736917	-4096
1602298018737286	-2097152
1602298018737316	-37330944
1602298018737732	-1048576
1602298018737774	-2097152
1602298018737782	37331968
1602298018737783	1024
1602298018737783	1024
1602298018737784	256
1602298018737808	256
1602298018737882	-37330944
1602298018737883	-37330944
1602298018737884	-1024
1602298018737885	-1024
1602298018737887	-256
1602298018737887	-256
1602298018738439	-1048576
1602298018738453	50860032
1602298018738459	4194304
1602298018738483	37330944
1602298018738497	263061504
1602298018739458	-50860032
1602298018739460	-263061504
1602298018739461	-4194304
1602298018739488	4194304
1602298018739494	4194304
1602298018739509	256745472
1602298018752683	-256745472
1602298018752686	-4194304
1602298018752694	-37331968
1602298018752741	-1024
1602298018752772	-1024
1602298018752807	-37330944
1602298018752842	-2359296
1602298018752852	50860032
1602298018752852	1024
1602298018752853	1024
1602298018752853	256
1602298018752877	256
1602298018755629	-37330944
1602298018755631	-37330944
1602298018755632	-1024
1602298018755632	-1024
1602298018755634	-256
1602298018755634	-256
1602298018755676	-4194304
1602298018755692	298647552
1602298018755697	524288
1602298018755722	298647552
1602298018758401	-298647552
1602298018758403	-524288
1602298018758429	524288
1602298018758435	524288
1602298018758449	2560
1602298018758637	-2560
1602298018758640	-524288
1602298018758647	-50860032
1602298018758684	-1024
1602298018758734	-1024
1602298018758765	-298647552
1602298018758799	-524288
1602298018758930	-298647552
1602298018758967	-524288
1602298018758977	298649600
1602298018758977	2560
1602298018758978	2048
1602298018758979	256
1602298018759079	256
1602298018759402	-298647552
1602298018759403	-2048
1602298018759404	-2048
1602298018759406	-256
1602298018759406	-256
1602298018759424	74661888
1602298018759429	262144
1602298018759458	74661888
1602298018759478	6912
1602298018762825	-74661888
1602298018762827	-6912
1602298018762829	-262144
1602298018762857	262144
1602298018762865	262144
1602298018762880	2560
1602298018763906	-2560
1602298018763909	-262144
1602298018763916	-298649600
1602298018763962	-2560
1602298018764010	-2048
1602298018764077	-74661888
1602298018764120	-262144
1602298018764129	74661888
1602298018764130	512
1602298018764130	512
1602298018764131	256
1602298018764156	256
1602298018764337	-74661888
1602298018764339	-74661888
1602298018764340	-512
1602298018764341	-512
1602298018764342	-256
1602298018764343	-256
1602298018764394	-262144
1602298018764409	74661888
1602298018764415	1048576
1602298018764439	74661888
1602298018764454	278552576
1602298018764720	-74661888
1602298018764722	-278552576
1602298018764724	-1048576
1602298018764746	1048576
1602298018764752	1049088
1602298018764769	338337792
1602298018768089	-338337792
1602298018768092	-1049088
1602298018768104	-74661888
1602298018768145	-512
1602298018768179	-512
1602298018768955	-74661888
1602298018768987	-589824
1602298018769001	74661888
1602298018769002	512
1602298018769002	512
1602298018769003	256
1602298018769822	256
1602298018769902	-74661888
1602298018769904	-74661888
1602298018769904	-512
1602298018769905	-512
1602298018769907	-256
1602298018769907	-256
1602298018769956	-1048576
1602298018769966	298647552
1602298018769971	262144
1602298018770002	298647552
1602298018770017	6912
1602298018771088	-298647552
1602298018771091	-6912
1602298018771092	-262144
1602298018771114	262144
1602298018771121	262144
1602298018771134	2560
1602298018776322	-2560
1602298018776324	-262144
1602298018776332	-74661888
1602298018776378	-512
1602298018776413	-512
1602298018776443	-298647552
1602298018776576	-262144
1602298018776612	-298647552
1602298018776641	-262144
1602298018776654	298649600
1602298018776655	2560
1602298018776656	2048
1602298018776656	256
1602298018776917	256
1602298018776996	-298647552
1602298018776997	-2048
1602298018776998	-2048
1602298018777000	-256
1602298018777001	-256
1602298018777018	74661888
1602298018777023	262144
1602298018777056	74661888
1602298018777070	6912
1602298018779108	-74661888
1602298018779110	-6912
1602298018779112	-262144
1602298018779135	262144
1602298018779141	262144
1602298018779155	2560
1602298018782071	-2560
1602298018782073	-262144
1602298018782081	-298649600
1602298018782127	-2560
1602298018782159	-2048
1602298018782190	-74661888
1602298018782347	-262144
1602298018782357	74661888
1602298018782358	512
1602298018782358	512
1602298018782359	256
1602298018782386	256
1602298018782456	-74661888
1602298018782458	-74661888
1602298018782459	-512
1602298018782460	-512
1602298018782462	-256
1602298018782462	-256
1602298018782698	-262144
1602298018782712	74661888
1602298018782717	589824
1602298018782742	74661888
1602298018782757	278552576
1602298018782868	-74661888
1602298018782871	-278552576
1602298018782872	-589824
1602298018782893	589824
1602298018782899	1048576
1602298018782918	338337792
1602298018785674	-338337792
1602298018785677	-1048576
1602298018785684	-74661888
1602298018788242	-512
1602298018788277	-512
1602298018788312	-74661888
1602298018788345	-589824
1602298018788360	74661888
1602298018788360	512
1602298018788361	512
1602298018788361	256
1602298018789120	256
1602298018789193	-74661888
1602298018789196	-74661888
1602298018789196	-512
1602298018789197	-512
1602298018789198	-256
1602298018789199	-256
1602298018789994	-589824
1602298018790008	298647552
1602298018790013	262144
1602298018790038	298647552
1602298018790051	6912
1602298018791174	-298647552
1602298018791177	-6912
1602298018791178	-262144
1602298018791198	262144
1602298018791205	262144
1602298018791218	4096
1602298018793850	-4096
1602298018793852	-262144
1602298018793860	-74661888
1602298018793897	-512
1602298018796455	-512
1602298018796491	-298647552
1602298018796521	-262144
1602298018796555	-298647552
1602298018796715	-262144
1602298018796724	298651648
1602298018796724	2048
1602298018796725	2048
1602298018796726	256
1602298018796749	256
1602298018796822	-298647552
1602298018796823	-2048
1602298018796824	-2048
1602298018796826	-256
1602298018796826	-256
1602298018796844	74661888
1602298018796849	262144
1602298018797043	74661888
1602298018797057	6912
1602298018797464	-74661888
1602298018797466	-6912
1602298018797468	-262144
1602298018797490	262144
1602298018797496	262144
1602298018797509	2560
1602298018800569	-2560
1602298018800572	-262144
1602298018800580	-298651648
1602298018801968	-2048
1602298018802158	-2048
1602298018802189	-74663936
1602298018802224	-262144
1602298018802235	74661888
1602298018802238	512
1602298018802239	512
1602298018802239	256
1602298018802259	256
1602298018802474	-74661888
1602298018802475	-74661888
1602298018802476	-512
1602298018802477	-512
1602298018802479	-256
1602298018802479	-256
1602298018802520	-262144
1602298018802534	74661888
1602298018802539	589824
1602298018802564	74663936
1602298018802577	278552576
1602298018802831	-74661888
1602298018802834	-278552576
1602298018802835	-589824
1602298018802858	589824
1602298018802869	589824
1602298018802884	338337792
1602298018805704	-338337792
1602298018805707	-589824
1602298018805714	-74661888
1602298018805759	-512
1602298018805788	-512
1602298018808316	-74661888
1602298018808356	-589824
1602298018808367	74661888
1602298018808367	512
1602298018808368	512
1602298018808368	256
1602298018808390	256
1602298018808471	-74663936
1602298018808472	-74661888
1602298018808473	-512
1602298018808474	-512
1602298018808476	-256
1602298018808476	-256
1602298018809193	-589824
1602298018809208	298647552
1602298018809214	262144
1602298018809239	298647552
1602298018809252	6912
1602298018810101	-298647552
1602298018810104	-6912
1602298018810105	-262144
1602298018810127	262144
1602298018810133	262144
1602298018810146	2560
1602298018813898	-2560
1602298018813900	-262144
1602298018813908	-74661888
1602298018813947	-512
1602298018813984	-512
1602298018814019	-298647552
1602298018816545	-262144
1602298018816582	-298647552
1602298018816617	-262144
1602298018816625	298648064
1602298018816626	2560
1602298018816626	2048
1602298018816627	256
1602298018816651	256
1602298018816858	-298647552
1602298018816860	-2048
1602298018816861	-2048
1602298018816863	-256
1602298018816863	-256
1602298018816878	298647552
1602298018816878	2048
1602298018816879	2048
1602298018816879	256
1602298018816904	256
1602298018816969	-298647552
1602298018816972	-298647552
1602298018816973	-2048
1602298018816973	-2048
1602298018816975	-256
1602298018816975	-256
1602298018816994	597295104
1602298018817000	589824
1602298018817155	597295104
1602298018817273	-597295104
1602298018817275	-589824
1602298018817299	589824
1602298018817305	589824
1602298018817319	2560
1602298018820118	-2560
1602298018820120	-589824
1602298018820128	-298648064
1602298018820681	-2560
1602298018822068	-2048
1602298018822080	74661888
1602298018822085	262144
1602298018822258	74661888
1602298018822272	6912
1602298018822344	-74661888
1602298018822346	-6912
1602298018822348	-262144
1602298018822368	262144
1602298018822375	262144
1602298018822387	2560
1602298018822903	-2560
1602298018822905	-262144
1602298018822912	-298647552
1602298018822957	-2048
1602298018822991	-2048
1602298018823022	-524288
1602298018825816	-74661888
1602298018825851	-262144
1602298018825881	-589824
1602298018825893	76889600
1602298018825894	512
1602298018825895	512
1602298018825895	256
1602298018825916	256
1602298018828495	-74661888
1602298018828497	-74661888
1602298018828498	-512
1602298018828499	-512
1602298018828501	-256
1602298018828501	-256
1602298018828548	-262144
1602298018828559	74661888
1602298018828565	589824
1602298018828589	74661888
1602298018828603	278552576
1602298018829370	-74661888
1602298018829373	-278552576
1602298018829374	-589824
1602298018829397	589824
1602298018829403	589824
1602298018829416	447979520
1602298018830229	-447979520
1602298018830231	-589824
1602298018830237	-76889600
1602298018831363	-512
1602298018831396	-512
1602298018831428	-74661888
1602298018833990	-589824
1602298018833999	74661888
1602298018834000	512
1602298018834001	512
1602298018834001	256
1602298018834028	256
1602298018834098	-74661888
1602298018834100	-111983616
1602298018834101	-512
1602298018834101	-512
1602298018834103	-256
1602298018834103	-256
1602298018834145	-589824
1602298018834159	597295104
1602298018834165	131072
1602298018836634	597295104
1602298018836729	-597295104
1602298018836732	-131072
1602298018836755	131072
1602298018836762	131072
1602298018836775	4096
1602298018837238	-4096
1602298018837240	-131072
1602298018837247	-74661888
1602298018837286	-512
1602298018837321	-512
1602298018837668	-597295104
1602298018837699	-131072
1602298018839407	-597295104
1602298018839714	-131072
1602298018839724	597295104
1602298018839724	1024
1602298018839725	1024
1602298018839726	256
1602298018840219	256
1602298018840834	-597295104
1602298018840836	-1024
1602298018840837	-1024
1602298018840839	-256
1602298018840839	-256
1602298018840856	149323776
1602298018840862	65536
1602298018842169	149323776
1602298018842183	21248
1602298018842400	-149323776
1602298018842402	-21248
1602298018842403	-65536
1602298018842425	65536
1602298018842431	65536
1602298018842445	4096
1602298018842964	-4096
1602298018842966	-65536
1602298018842973	-597295104
1602298018843019	-1024
1602298018843052	-1024
1602298018843083	-149323776
1602298018843117	-65536
1602298018843126	149323776
1602298018843126	256
1602298018843127	256
1602298018843127	256
1602298018845908	256
1602298018845982	-149323776
1602298018845984	-149323776
1602298018845985	-256
1602298018845986	-256
1602298018845987	-256
1602298018845987	-256
1602298018846030	-65536
1602298018846044	149323776
1602298018846049	262144
1602298018846073	149323776
1602298018846089	225099776
1602298018848759	-149323776
1602298018848761	-225099776
1602298018848763	-262144
1602298018848785	262144
1602298018848791	147456
1602298018848808	953843712
1602298018850301	-953843712
1602298018850303	-147456
1602298018850312	-149323776
1602298018850356	-256
1602298018851452	-256
1602298018851492	-149323776
1602298018851524	-147456
1602298018851536	149323776
1602298018851537	256
1602298018851537	256
1602298018851538	256
1602298018854096	256
1602298018854177	-149323776
1602298018854179	-149323776
1602298018854179	-256
1602298018854181	-256
1602298018854182	-256
1602298018854182	-256
1602298018854231	-262144
1602298018854240	597295104
1602298018854245	65536
1602298018854277	597295104
1602298018854291	21248
1602298018856787	-597295104
1602298018856789	-21248
1602298018856791	-65536
1602298018856813	65536
1602298018856819	65536
1602298018856833	4096
1602298018857365	-4096
1602298018857367	-65536
1602298018857375	-149323776
1602298018857420	-256
1602298018857453	-256
1602298018857800	-597295104
1602298018857835	-65536
1602298018859555	-597295104
1602298018859849	-65536
1602298018859863	597295104
1602298018859864	1024
1602298018859865	1024
1602298018859865	256
1602298018860362	256
1602298018860962	-597295104
1602298018860963	-1024
1602298018860964	-1024
1602298018860966	-256
1602298018860966	-256
1602298018860984	149323776
1602298018860989	65536
1602298018862302	149323776
1602298018862323	21248
1602298018862534	-149323776
1602298018862536	-21248
1602298018862538	-65536
1602298018862559	65536
1602298018862565	65536
1602298018862578	4096
1602298018863106	-4096
1602298018863108	-65536
1602298018863115	-597295104
1602298018863160	-1024
1602298018863190	-1024
1602298018863225	-149323776
1602298018863260	-65536
1602298018863269	149323776
1602298018863270	256
1602298018863270	256
1602298018863271	256
1602298018866052	256
1602298018866126	-149323776
1602298018866128	-149323776
1602298018866129	-256
1602298018866130	-256
1602298018866132	-256
1602298018866132	-256
1602298018866174	-65536
1602298018866183	149323776
1602298018866188	147456
1602298018866217	149323776
1602298018866232	225099776
1602298018868903	-149323776
1602298018868905	-225099776
1602298018868906	-147456
1602298018868929	147456
1602298018868936	147456
1602298018868951	953843712
1602298018870454	-953843712
1602298018870457	-147456
1602298018870464	-149323776
1602298018870511	-256
1602298018871636	-256
1602298018871672	-149323776
1602298018872824	-147456
1602298018872843	149323776
1602298018872844	256
1602298018872844	256
1602298018872845	256
1602298018873345	256
1602298018880638	-149323776
1602298018880640	-149323776
1602298018880641	-256
1602298018880642	-256
1602298018880643	-256
1602298018880644	-256
1602298018880692	-147456
1602298018880702	597295104
1602298018880708	65536
1602298018880733	597295104
1602298018880752	21248
1602298018886164	-597295104
1602298018886166	-21248
1602298018886167	-65536
1602298018886190	65536
1602298018886196	82944
1602298018886210	3072
1602298018886315	-3072
1602298018886317	-82944
1602298018886324	-149323776
1602298018888858	-256
1602298018888889	-256
1602298018888924	-597295104
1602298018888956	-65536
1602298018891499	-597295104
1602298018891533	-65536
1602298018891546	597295104
1602298018891547	1024
1602298018891547	1280
1602298018891548	256
1602298018891569	256
1602298018891643	-597295104
1602298018891644	-1024
1602298018891646	-1024
1602298018891648	-256
1602298018891648	-256
1602298018891662	597295104
1602298018891663	1024
1602298018891664	1024
1602298018891664	256
1602298018891693	256
1602298018891828	-597295104
1602298018891830	-597295104
1602298018891830	-1024
1602298018891831	-1024
1602298018891833	-256
1602298018891834	-256
1602298018891849	149323776
1602298018891855	65536
1602298018891883	149323776
1602298018891902	21248
1602298018892140	-149323776
1602298018892142	-21248
1602298018892143	-65536
1602298018892165	65536
1602298018892171	65536
1602298018892184	3072
1602298018894318	-3072
1602298018894321	-65536
1602298018894328	-597295104
1602298018894635	-1024
1602298018895145	-1280
1602298018895160	149323776
1602298018895165	65536
1602298018895697	149323776
1602298018895712	21248
1602298018897309	-149323776
1602298018897312	-21248
1602298018897313	-65536
1602298018897334	65536
1602298018897340	86528
1602298018897353	3072
1602298018897590	-3072
1602298018897592	-86528
1602298018897598	-597295104
1602298018897909	-1024
1602298018897945	-1024
1602298018897980	-65536
1602298018898476	-149323776
1602298018900915	-65536
1602298018900951	-65536
1602298018900960	149323776
1602298018900961	256
1602298018900962	256
1602298018900962	256
1602298018900986	256
1602298018901058	-149323776
1602298018901061	-149323776
1602298018901061	-256
1602298018901062	-256
1602298018901064	-256
1602298018901064	-256
1602298018902449	-65536
1602298018902461	149323776
1602298018902471	147456
1602298018902496	149323776
1602298018902512	225099776
1602298018902769	-149323776
1602298018902772	-225099776
1602298018902773	-147456
1602298018902796	147456
1602298018902802	147456
1602298018902816	953843712
1602298018908089	-953843712
1602298018908092	-147456
1602298018908099	-149323776
1602298018908145	-256
1602298018908179	-256
1602298018910766	-149323776
1602298018910800	-147456
1602298018910814	149323776
1602298018910815	256
1602298018910816	256
1602298018910816	256
1602298018910837	256
1602298018910911	-149323776
1602298018910913	-149323776
1602298018910914	-256
1602298018910915	-256
1602298018910916	-256
1602298018910917	-256
1602298018913507	-147456
1602298018913518	149323776
1602298018913524	16384
1602298018913550	149323776
1602298018913564	21248
1602298018913955	-149323776
1602298018913958	-21248
1602298018913959	-16384
1602298018913981	16384
1602298018913987	16384
1602298018914001	3072
1602298018914571	-3072
1602298018914573	-16384
1602298018914580	-149323776
1602298018914806	-256
1602298018917148	-256
1602298018917660	-149323776
1602298018918164	-16384
1602298018918176	597295104
1602298018920097	-149323776
1602298018920098	-149323776
1602298018920145	-16384
1602298018920175	-597295104
1602298018920188	597295104
1602298018920189	256
1602298018920190	256
1602298018920190	256
1602298018920211	256
1602298018920597	-597295104
1602298018920598	-597295104
1602298018920599	-256
1602298018920601	-256
1602298018920602	-256
1602298018920602	-256
1602298018920617	37632
1602298018920624	37632
1602298018920644	35840
1602298018921204	-35840
1602298018921207	-37632
1602298018921214	-118072832
1602298018921215	-597295104
1602298018921253	-256
1602298018924413	-256
1602298018924450	-37632
1602298018924479	-256
1602298018924480	-37632
