1599710279553822	0.000244140625
1599710279554021	0.000244140625
1599710279554090	0.000244140625
1599710279554340	0.000244140625
1599710279554441	-0.000244140625
1599710279554584	0.000244140625
1599710279554651	0.000244140625
1599710279554680	-0.000244140625
1599710279554799	0.000244140625
1599710279554966	0.000244140625
1599710279555038	-0.000244140625
1599710279555165	0.000244140625
1599710279555232	-0.000244140625
1599710279555290	0.000244140625
1599710279557833	0.000244140625
1599710279557848	-0.000244140625
1599710279557848	-0.000244140625
1599710279557848	-0.000244140625
1599710279557848	-0.000244140625
1599710279557848	-0.000244140625
1599710279557945	0.000244140625
1599710279557985	-0.000244140625
1599710279557985	-0.000244140625
1599710279558786	0.000244140625
1599710279558902	-0.000244140625
1599710279559183	0.000244140625
1599710279559183	0.0087890625
1599710279559273	-0.0087890625
1599710279559325	2.25
1599710279559406	0.000244140625
1599710279559406	0.0087890625
1599710279559451	-0.0087890625
1599710279559480	9.0
1599710279559549	0.000244140625
1599710279559549	0.0087890625
1599710279559589	-0.0087890625
1599710279559619	2.25
1599710279559674	0.000244140625
1599710279559674	0.000244140625
1599710279559728	-0.000244140625
1599710279559757	1.0
1599710279559802	0.000244140625
1599710279559802	0.000244140625
1599710279559840	-0.000244140625
1599710279559869	1.0
1599710279559932	0.000244140625
1599710279559932	0.0087890625
1599710279559973	-0.0087890625
1599710279560006	8.0
1599710279560070	0.000244140625
1599710279560070	0.0087890625
1599710279560113	-0.0087890625
1599710279560140	9.0
1599710279560186	0.000244140625
1599710279560186	0.000244140625
1599710279560223	-0.000244140625
1599710279560250	1.0
1599710279560297	0.000244140625
1599710279560297	0.000244140625
1599710279560335	-0.000244140625
1599710279560361	0.0625
1599710279560406	0.000244140625
1599710279560406	0.000244140625
1599710279560441	-0.000244140625
1599710279560469	0.0625
1599710279560526	0.000244140625
1599710279560526	0.0087890625
1599710279560567	-0.0087890625
1599710279560594	7.8203125
1599710279560647	0.000244140625
1599710279560647	0.000244140625
1599710279560684	-0.000244140625
1599710279560713	0.5625
1599710279560775	0.000244140625
1599710279560775	0.0087890625
1599710279560816	-0.0087890625
1599710279560841	9.0
1599710279560890	0.000244140625
1599710279560890	0.000244140625
1599710279560926	-0.000244140625
1599710279560955	0.25
1599710279561020	0.000244140625
1599710279561020	0.0087890625
1599710279561057	-0.0087890625
1599710279561088	2.0
1599710279561152	0.000244140625
1599710279561152	0.0087890625
1599710279561188	-0.0087890625
1599710279561217	4.0
1599710279561266	0.000244140625
1599710279561266	0.000244140625
1599710279561305	-0.000244140625
1599710279561331	1.0
1599710279561378	0.000244140625
1599710279561378	0.000244140625
1599710279561413	-0.000244140625
1599710279561441	0.0625
1599710279561484	0.000244140625
1599710279561484	0.000244140625
1599710279561519	-0.000244140625
1599710279561548	0.0625
1599710279561591	0.000244140625
1599710279561591	0.000244140625
1599710279561625	-0.000244140625
1599710279561652	0.0625
1599710279561696	0.000244140625
1599710279561696	0.000244140625
1599710279561733	-0.000244140625
1599710279561758	1.0
1599710279561823	36.75
1599710279562219	0.000244140625
1599710279562219	0.000244140625
1599710279562230	-0.000244140625
1599710279562232	0.035888671875
1599710279562238	0.000244140625
1599710279562249	0.015625
1599710279562255	0.000244140625
1599710279562255	0.000244140625
1599710279562267	-0.000244140625
1599710279562269	0.140625
1599710279562275	0.000244140625
1599710279562275	0.000244140625
1599710279562288	-0.000244140625
1599710279562290	0.25
1599710279562307	0.000244140625
1599710279562307	0.000244140625
1599710279562342	-0.000244140625
1599710279562366	0.5625
1599710279562428	0.000244140625
1599710279562428	0.0087890625
1599710279562465	-0.0087890625
1599710279562498	2.25
1599710279562546	0.000244140625
1599710279562546	0.000244140625
1599710279562581	-0.000244140625
1599710279562608	0.25
1599710279562669	0.000244140625
1599710279562669	0.0087890625
1599710279562707	-0.0087890625
1599710279562737	2.25
1599710279562783	0.000244140625
1599710279562783	0.000244140625
1599710279562818	-0.000244140625
1599710279562845	0.25
1599710279562892	0.000244140625
1599710279562892	0.000244140625
1599710279562927	-0.000244140625
1599710279562952	0.5
1599710279563001	0.000244140625
1599710279563001	0.000244140625
1599710279563038	-0.000244140625
1599710279563066	1.0
1599710279563111	0.000244140625
1599710279563111	0.000244140625
1599710279563148	-0.000244140625
1599710279563192	0.5
1599710279563241	0.000244140625
1599710279563241	0.000244140625
1599710279563278	-0.000244140625
1599710279563308	0.5625
1599710279563355	0.000244140625
1599710279563355	0.000244140625
1599710279563392	-0.000244140625
1599710279563421	0.140625
1599710279563466	0.000244140625
1599710279563466	0.000244140625
1599710279563511	-0.000244140625
1599710279563541	0.5625
1599710279563608	0.000244140625
1599710279563608	0.0087890625
1599710279563648	-0.0087890625
1599710279563678	4.0
1599710279563727	0.000244140625
1599710279563727	0.000244140625
1599710279563768	-0.000244140625
1599710279563797	1.0
1599710279563845	0.000244140625
1599710279563891	0.00390625
1599710279563934	0.000244140625
1599710279563934	0.000244140625
1599710279563969	-0.000244140625
1599710279563996	0.125
1599710279564040	0.000244140625
1599710279564040	0.000244140625
1599710279564076	-0.000244140625
1599710279564103	0.25
1599710279564147	0.000244140625
1599710279564147	0.000244140625
1599710279564182	-0.000244140625
1599710279564208	0.25
1599710279564253	0.000244140625
1599710279564253	0.000244140625
1599710279564288	-0.000244140625
1599710279564314	0.25
1599710279564359	0.000244140625
1599710279564359	0.000244140625
1599710279564394	-0.000244140625
1599710279564421	0.0625
1599710279564462	0.000244140625
1599710279564462	0.000244140625
1599710279564497	-0.000244140625
1599710279564523	1.0
1599710279564588	0.000244140625
1599710279564588	0.0087890625
1599710279564626	-0.0087890625
1599710279564657	4.0
1599710279564719	0.000244140625
1599710279564719	0.0087890625
1599710279564757	-0.0087890625
1599710279564789	2.25
1599710279564834	0.000244140625
1599710279564834	0.000244140625
1599710279564871	-0.000244140625
1599710279564896	1.0
1599710279564958	0.000244140625
1599710279564958	0.0087890625
1599710279564994	-0.0087890625
1599710279565023	4.0
1599710279565068	0.000244140625
1599710279565068	0.000244140625
1599710279565103	-0.000244140625
1599710279565133	1.0
1599710279565193	0.000244140625
1599710279565193	0.0087890625
1599710279565230	-0.0087890625
1599710279565260	2.25
1599710279565304	0.000244140625
1599710279565304	0.000244140625
1599710279565340	-0.000244140625
1599710279565369	0.140625
1599710279565433	0.000244140625
1599710279565433	0.0087890625
1599710279565470	-0.0087890625
1599710279565500	2.0
1599710279565545	0.000244140625
1599710279565545	0.000244140625
1599710279565580	-0.000244140625
1599710279565606	1.0
1599710279565666	0.000244140625
1599710279565666	0.0087890625
1599710279565703	-0.0087890625
1599710279565741	4.0
1599710279565809	38.7451171875
1599710279566016	-36.75
1599710279566060	-0.000244140625
1599710279566060	-0.000244140625
1599710279566060	-0.000244140625
1599710279566060	-0.000244140625
1599710279566060	-0.000244140625
1599710279566060	-0.000244140625
1599710279566060	-0.000244140625
1599710279566060	-0.000244140625
1599710279566060	-0.000244140625
1599710279566060	-0.000244140625
1599710279566060	-0.000244140625
1599710279566060	-0.000244140625
1599710279566060	-0.000244140625
1599710279566060	-0.000244140625
1599710279566060	-0.000244140625
1599710279566060	-0.000244140625
1599710279566060	-0.000244140625
1599710279566060	-0.000244140625
1599710279566060	-0.000244140625
1599710279566060	-0.000244140625
1599710279566060	-0.000244140625
1599710279566060	-0.000244140625
1599710279566060	-0.000244140625
1599710279566060	-0.000244140625
1599710279566060	-0.000244140625
1599710279566060	-0.000244140625
1599710279566060	-0.000244140625
1599710279566060	-0.000244140625
1599710279566060	-0.000244140625
1599710279566060	-0.000244140625
1599710279566060	-0.000244140625
1599710279566060	-0.000244140625
1599710279566060	-0.000244140625
1599710279566060	-0.000244140625
1599710279566060	-0.000244140625
1599710279566060	-0.000244140625
1599710279566060	-0.000244140625
1599710279566060	-0.000244140625
1599710279566060	-0.000244140625
1599710279566060	-0.000244140625
1599710279566060	-0.000244140625
1599710279566060	-0.000244140625
1599710279566060	-0.000244140625
1599710279566060	-0.000244140625
1599710279566060	-0.000244140625
1599710279566060	-0.000244140625
1599710279566060	-0.000244140625
1599710279566060	-0.000244140625
1599710279566060	-0.000244140625
1599710279566060	-0.000244140625
1599710279566060	-0.000244140625
1599710279566060	-0.000244140625
1599710279566060	-0.000244140625
1599710279566060	-0.000244140625
1599710279566233	196.0
1599710279566233	0.035888671875
1599710279566233	0.072021484375
1599710279568557	-0.035888671875
1599710279568557	-0.072021484375
1599710279568578	196.0
1599710279568578	0.000244140625
1599710279568578	0.000244140625
1599710279568578	0.000244140625
1599710279568578	0.000244140625
1599710279570560	-0.000244140625
1599710279570571	-0.000244140625
1599710279570573	49.0
1599710279571499	49.0
1599710279571499	0.015625
1599710279571499	0.01806640625
1599710279571814	-0.015625
1599710279571814	-0.01806640625
1599710279571817	196.0
1599710279571817	0.0625
1599710279571817	0.01806640625
1599710279572908	-0.0625
1599710279572908	-0.01806640625
1599710279572955	0.000244140625
1599710279572955	0.000244140625
1599710279572955	0.000244140625
1599710279572955	0.000244140625
1599710279572955	49.0
1599710279573257	0.0009765625
1599710279573257	0.0009765625
1599710279573257	0.001220703125
1599710279573257	0.0009765625
1599710279573257	196.0
1599710279574547	-0.000244140625
1599710279574557	-0.000244140625
1599710279574579	-0.0009765625
1599710279574582	49.0
1599710279574582	0.140625
1599710279574582	85.046875
1599710279575904	-0.140625
1599710279575904	-85.046875
1599710279575968	0.000244140625
1599710279575968	49.0
1599710279575968	0.000244140625
1599710279575968	0.000244140625
1599710279575968	0.000244140625
1599710279576300	-0.001220703125
1599710279576530	-0.000244140625
1599710279576540	-0.000244140625
1599710279576543	196.0
1599710279576543	0.0625
1599710279576543	0.01806640625
1599710279577634	-0.0625
1599710279577634	-0.01806640625
1599710279577667	0.0009765625
1599710279577667	0.0009765625
1599710279577667	196.0
1599710279577667	0.0009765625
1599710279577667	0.001220703125
1599710279579927	-196.0
1599710279579938	-0.0009765625
1599710279580777	49.0
1599710279580777	0.0625
1599710279580777	0.01806640625
1599710279581716	-0.0625
1599710279581716	-0.01806640625
1599710279581738	-0.001220703125
1599710279581752	0.000244140625
1599710279581752	49.0
1599710279581752	0.000244140625
1599710279581752	0.000244140625
1599710279581752	0.000244140625
1599710279582268	-0.000244140625
1599710279582282	49.0
1599710279582282	0.140625
1599710279582282	85.046875
1599710279583544	-0.140625
1599710279583544	-85.046875
1599710279583580	0.000244140625
1599710279583580	0.000244140625
1599710279583580	0.000244140625
1599710279583580	49.0
1599710279583580	0.000244140625
1599710279583902	-0.000244140625
1599710279584132	196.0
1599710279584132	0.0625
1599710279584132	0.01806640625
1599710279585216	-0.0625
1599710279585216	-0.01806640625
1599710279585237	-0.000244140625
1599710279585249	0.0009765625
1599710279585249	0.001220703125
1599710279585249	0.0009765625
1599710279585249	0.0009765625
1599710279585249	196.0
1599710279586364	-0.000244140625
1599710279587529	-196.0
1599710279587540	-0.0009765625
1599710279588380	49.0
1599710279588380	0.0625
1599710279588380	0.01806640625
1599710279589315	-0.0625
1599710279589315	-0.01806640625
1599710279589335	-0.001220703125
1599710279589353	0.000244140625
1599710279589353	49.0
1599710279589353	0.000244140625
1599710279589353	0.000244140625
1599710279589353	0.000244140625
1599710279589877	-0.000244140625
1599710279589889	49.0
1599710279589889	0.140625
1599710279589889	85.046875
1599710279591152	-0.140625
1599710279591152	-85.046875
1599710279591194	49.0
1599710279591194	0.000244140625
1599710279591194	0.000244140625
1599710279591194	0.000244140625
1599710279591194	0.000244140625
1599710279591506	-0.000244140625
1599710279591721	-0.000244140625
1599710279591730	-0.000244140625
1599710279591733	196.0
1599710279591733	0.0625
1599710279591733	0.01806640625
1599710279592816	-0.0625
1599710279592816	-0.01806640625
1599710279592853	0.001220703125
1599710279592853	0.0009765625
1599710279592853	0.0009765625
1599710279592853	196.0
1599710279592853	0.0009765625
1599710279595952	36.7412109375
1599710279595952	0.125
1599710279595952	0.004638671875
1599710279596468	-0.125
1599710279596468	-0.004638671875
1599710279596471	98.0
1599710279596471	0.5
1599710279596471	0.004638671875
1599710279598211	-0.5
1599710279598211	-0.004638671875
1599710279598219	-0.0009765625
1599710279598229	-0.001220703125
1599710279598245	0.000732421875
1599710279598245	0.00048828125
1599710279598245	0.00048828125
1599710279598245	24.5
1599710279598245	0.00048828125
1599710279598409	0.001953125
1599710279598409	0.001953125
1599710279598409	98.0
1599710279598409	0.001953125
1599710279598409	0.001953125
1599710279599102	-0.00048828125
1599710279599124	24.5
1599710279599124	0.5625
1599710279599124	112.5
1599710279600095	-0.5625
1599710279600095	-112.5
1599710279600150	0.00048828125
1599710279600150	0.00048828125
1599710279600150	0.00048828125
1599710279600150	0.00048828125
1599710279600150	24.5
1599710279600310	-0.00048828125
1599710279600328	-0.001953125
1599710279600337	-0.001953125
1599710279600466	-0.00048828125
1599710279600469	98.0
1599710279600469	0.25
1599710279600469	0.004638671875
1599710279601421	-0.25
1599710279601421	-0.004638671875
1599710279601459	0.001953125
1599710279601459	0.001953125
1599710279601459	0.001953125
1599710279601459	0.001953125
1599710279601459	98.0
1599710279602020	-0.00048828125
1599710279602609	-98.0
1599710279602618	-0.001953125
1599710279603052	24.5
1599710279603052	0.25
1599710279603052	0.004638671875
1599710279603987	-0.25
1599710279603987	-0.004638671875
1599710279604006	-0.001953125
1599710279604023	0.00048828125
1599710279604023	0.00048828125
1599710279604023	0.00048828125
1599710279604023	0.00048828125
1599710279604023	24.5
1599710279604288	-0.00048828125
1599710279604300	24.5
1599710279604300	0.5625
1599710279604300	112.5
1599710279605244	-0.5625
1599710279605244	-112.5
1599710279605289	0.00048828125
1599710279605289	0.00048828125
1599710279605289	0.00048828125
1599710279605289	24.5
1599710279605289	0.00048828125
1599710279605460	-0.00048828125
1599710279605588	98.0
1599710279605588	0.25
1599710279605588	0.004638671875
1599710279606541	-0.25
1599710279606541	-0.004638671875
1599710279606578	0.001953125
1599710279606578	0.001953125
1599710279606578	98.0
1599710279606578	0.001953125
1599710279606578	0.001953125
1599710279607139	-0.00048828125
1599710279607149	-0.00048828125
1599710279607734	-0.001953125
1599710279607743	-0.001953125
1599710279608167	24.5
1599710279608167	0.25
1599710279608167	0.004638671875
1599710279609103	-0.25
1599710279609103	-0.004638671875
1599710279609138	0.00048828125
1599710279609138	0.00048828125
1599710279609138	0.00048828125
1599710279609138	24.5
1599710279609138	0.00048828125
1599710279609400	-0.00048828125
1599710279609412	24.5
1599710279609412	0.5625
1599710279609412	112.5
1599710279610351	-0.5625
1599710279610351	-112.5
1599710279610387	0.00048828125
1599710279610387	0.00048828125
1599710279610387	24.5
1599710279610387	0.00048828125
1599710279610387	0.00048828125
1599710279610558	-0.00048828125
1599710279610672	-0.00048828125
1599710279610681	-0.00048828125
1599710279610684	98.0
1599710279610684	0.25
1599710279610684	0.004638671875
1599710279611634	-0.25
1599710279611634	-0.004638671875
1599710279611677	0.001953125
1599710279611677	0.001953125
1599710279611677	0.001953125
1599710279611677	0.001953125
1599710279611677	98.0
1599710279612819	-98.0
1599710279612826	-0.001953125
1599710279612836	-0.001953125
1599710279613262	24.5
1599710279613262	0.25
1599710279613262	0.004638671875
1599710279614197	-0.25
1599710279614197	-0.004638671875
1599710279614232	0.00048828125
1599710279614232	24.5
1599710279614232	0.00048828125
1599710279614232	0.00048828125
1599710279614232	0.00048828125
1599710279614506	24.5
1599710279614506	0.5625
1599710279614506	112.5
1599710279615446	-0.5625
1599710279615446	-112.5
1599710279615481	0.00048828125
1599710279615481	24.5
1599710279615481	0.00048828125
1599710279615481	0.00048828125
1599710279615481	0.00048828125
1599710279615640	-0.00048828125
1599710279615650	-0.00048828125
1599710279615774	-0.00048828125
1599710279615777	98.0
1599710279615777	0.25
1599710279615777	0.004638671875
1599710279616732	-0.25
1599710279616732	-0.004638671875
1599710279616768	0.001953125
1599710279616768	98.0
1599710279616768	0.001953125
1599710279616768	0.001953125
1599710279616768	0.001953125
1599710279617330	-0.00048828125
1599710279617909	-98.0
1599710279618331	49.0
1599710279618331	2.0
1599710279618331	0.001220703125
1599710279619999	-2.0
1599710279619999	-0.001220703125
1599710279620001	12.25
1599710279620001	0.5
1599710279620001	0.001220703125
1599710279620488	-0.5
1599710279620488	-0.001220703125
1599710279620494	-0.001953125
1599710279620500	-0.001953125
1599710279620504	49.0
1599710279620504	0.00390625
1599710279620504	0.00390625
1599710279620504	0.00390625
1599710279620504	0.00390625
1599710279620770	0.0009765625
1599710279620770	0.0009765625
1599710279620770	12.25
1599710279620770	0.0009765625
1599710279620770	0.0009765625
1599710279620859	-0.00390625
1599710279620918	-0.0009765625
1599710279620936	12.25
1599710279620936	2.25
1599710279620936	81.0
1599710279621840	-2.25
1599710279621840	-81.0
1599710279621857	-0.00390625
1599710279621869	0.0009765625
1599710279621869	12.25
1599710279621869	0.0009765625
1599710279621869	0.0009765625
1599710279621869	0.0009765625
1599710279621957	-0.0009765625
1599710279622015	-0.0009765625
1599710279622022	49.0
1599710279622022	1.0
1599710279622022	0.001220703125
1599710279622910	-1.0
1599710279622910	-0.001220703125
1599710279622929	0.005859375
1599710279622929	0.00390625
1599710279622929	49.0
1599710279622929	0.00390625
1599710279622929	0.00390625
1599710279623192	-0.0009765625
1599710279623479	-49.0
1599710279623705	12.25
1599710279623705	1.0
1599710279623705	0.001953125
1599710279624622	-1.0
1599710279624622	-0.001953125
1599710279624627	-0.005859375
1599710279624633	-0.00390625
1599710279624639	0.0009765625
1599710279624639	0.0009765625
1599710279624639	12.25
1599710279624639	0.0009765625
1599710279624639	0.0009765625
1599710279624780	12.25
1599710279624780	2.25
1599710279624780	81.0
1599710279625685	-2.25
1599710279625685	-81.0
1599710279625701	12.25390625
1599710279625701	0.0009765625
1599710279625701	0.0009765625
1599710279625701	0.0009765625
1599710279625701	0.0009765625
1599710279625783	-0.0009765625
1599710279625789	-0.0009765625
1599710279625847	-0.0009765625
1599710279625855	49.0
1599710279625855	1.0
1599710279625855	0.001953125
1599710279626739	-1.0
1599710279626739	-0.001953125
1599710279626755	0.00390625
1599710279626755	0.00390625
1599710279626755	0.00390625
1599710279626755	49.0
1599710279626755	0.00390625
1599710279627021	-0.0009765625
1599710279627306	-49.0
1599710279627312	-0.00390625
1599710279627318	-0.00390625
1599710279627532	12.25
1599710279627532	1.0
1599710279627532	0.001953125
1599710279628444	-1.0
1599710279628444	-0.001953125
1599710279628465	0.0009765625
1599710279628465	0.0009765625
1599710279628465	0.0009765625
1599710279628465	12.25
1599710279628465	0.0009765625
1599710279628605	-0.0009765625
1599710279628606	12.25
1599710279628606	2.25
1599710279628606	81.0
1599710279629511	-2.25
1599710279629511	-81.0
1599710279629529	0.0009765625
1599710279629529	12.25
1599710279629529	0.0009765625
1599710279629529	0.0009765625
1599710279629529	0.0009765625
1599710279629611	-0.0009765625
1599710279629683	49.0
1599710279629683	1.0
1599710279629683	0.001220703125
1599710279630569	-1.0
1599710279630569	-0.001220703125
1599710279630586	0.005859375
1599710279630586	0.00390625
1599710279630586	49.0
1599710279630586	0.00390625
1599710279630586	0.00390625
1599710279630853	-0.0009765625
1599710279630858	-0.0009765625
1599710279631145	-49.0
1599710279631157	-0.00390625
1599710279631371	12.25
1599710279631371	1.0
1599710279631371	0.001953125
1599710279632284	-1.0
1599710279632284	-0.001953125
1599710279632289	-0.005859375
1599710279632302	0.0009765625
1599710279632302	0.0009765625
1599710279632302	12.25
1599710279632302	0.0009765625
1599710279632302	0.0009765625
1599710279632436	-0.0009765625
1599710279632441	-0.0009765625
1599710279632443	12.25
1599710279632443	2.25
1599710279632443	81.0
1599710279633344	-2.25
1599710279633344	-81.0
1599710279633361	12.25
1599710279633361	0.0009765625
1599710279633361	0.0009765625
1599710279633361	0.0009765625
1599710279633361	0.0009765625
1599710279633512	-0.0009765625
1599710279633514	49.0
1599710279633514	1.0
1599710279633514	0.001220703125
1599710279634401	-1.0
1599710279634401	-0.001220703125
1599710279634418	0.00390625
1599710279634418	49.0
1599710279634418	0.005859375
1599710279634418	0.00390625
1599710279634418	0.00390625
1599710279634685	-0.0009765625
1599710279634977	-49.0
1599710279634990	-0.00390625
1599710279635205	12.25
1599710279635205	1.0
1599710279635205	0.001953125
1599710279636117	-1.0
1599710279636117	-0.001953125
1599710279636126	-0.005859375
1599710279636136	12.25
1599710279636136	0.0009765625
1599710279636136	0.0009765625
1599710279636136	0.0009765625
1599710279636136	0.0009765625
1599710279636277	12.25
1599710279636277	2.25
1599710279636277	81.0
1599710279637183	-2.25
1599710279637183	-81.0
1599710279637200	0.0009765625
1599710279637200	0.0009765625
1599710279637200	0.0009765625
1599710279637200	0.0009765625
1599710279637200	12.25
1599710279637282	-0.0009765625
1599710279637288	-0.0009765625
1599710279637354	49.0
1599710279637354	1.0
1599710279637354	0.001220703125
1599710279638240	-1.0
1599710279638240	-0.001220703125
1599710279638262	0.00390625
1599710279638262	0.005859375
1599710279638262	0.00390625
1599710279638262	49.0
1599710279638262	0.00390625
1599710279638525	-0.0009765625
1599710279638530	-0.0009765625
1599710279639043	12.25
1599710279639043	1.0
1599710279639043	0.001953125
1599710279639956	-1.0
1599710279639956	-0.001953125
1599710279639962	-0.005859375
1599710279639968	-0.00390625
1599710279639975	0.0009765625
1599710279639975	0.0009765625
1599710279639975	0.0009765625
1599710279639975	0.0009765625
1599710279639975	12.25
1599710279640116	-0.0009765625
1599710279640123	12.25
1599710279640123	2.25
1599710279640123	81.0
1599710279641037	-2.25
1599710279641037	-81.0
1599710279641061	0.0009765625
1599710279641061	0.0009765625
1599710279641061	0.0009765625
1599710279641061	12.25
1599710279641061	0.0009765625
1599710279641157	-0.0009765625
1599710279641230	-0.0009765625
1599710279641234	49.0
1599710279641234	1.0
1599710279641234	0.001220703125
1599710279642128	-1.0
1599710279642128	-0.001220703125
1599710279642154	0.00390625
1599710279642154	0.005859375
1599710279642154	0.00390625
1599710279642154	0.00390625
1599710279642154	49.0
1599710279642425	-0.0009765625
1599710279642746	-0.00390625
1599710279642971	6.125
1599710279642971	2.0
1599710279642971	0.00048828125
1599710279643475	-2.0
1599710279643475	-0.00048828125
1599710279643479	24.5
1599710279643479	8.0
1599710279643479	0.00048828125
1599710279645384	-8.0
1599710279645384	-0.00048828125
1599710279645393	-0.005859375
1599710279645409	6.125
1599710279645409	0.001953125
1599710279645409	0.001953125
1599710279645409	0.001953125
1599710279645409	0.001953125
1599710279645472	0.0078125
1599710279645472	0.0078125
1599710279645472	0.0078125
1599710279645472	0.0078125
1599710279645472	24.5
1599710279645675	-0.001953125
1599710279645695	-0.0078125
1599710279645704	-0.0078125
1599710279645708	6.125
1599710279645708	9.0
1599710279645708	72.0
1599710279646726	-9.0
1599710279646726	-72.0
1599710279646772	0.001953125
1599710279646772	0.001953125
1599710279646772	6.125
1599710279646772	0.001953125
1599710279646772	0.001953125
1599710279646846	-0.001953125
1599710279646905	-0.001953125
1599710279646915	-0.001953125
1599710279646918	24.5
1599710279646918	4.0
1599710279646918	0.00048828125
1599710279647914	-4.0
1599710279647914	-0.00048828125
1599710279647940	24.5
1599710279647940	0.0078125
1599710279647940	0.0078125
1599710279647940	0.0078125
1599710279647940	0.0078125
1599710279648269	-24.5
1599710279648279	-0.0078125
1599710279648289	-0.0078125
1599710279648420	6.125
1599710279648420	4.0
1599710279648420	0.00048828125
1599710279649366	-4.0
1599710279649366	-0.00048828125
1599710279649393	0.001953125
1599710279649393	0.001953125
1599710279649393	0.001953125
1599710279649393	0.001953125
1599710279649393	6.125
1599710279649496	-0.001953125
1599710279649498	6.125
1599710279649498	9.0
1599710279649498	72.0
1599710279650571	-9.0
1599710279650571	-72.0
1599710279650599	6.125
1599710279650599	0.001953125
1599710279650599	0.001953125
1599710279650599	0.001953125
1599710279650599	0.001953125
1599710279650662	-0.001953125
1599710279650713	-0.001953125
1599710279650724	24.5
1599710279650724	4.0
1599710279650724	0.00048828125
1599710279651717	-4.0
1599710279651717	-0.00048828125
1599710279651746	0.0078125
1599710279651746	0.0078125
1599710279651746	0.0078125
1599710279651746	24.5
1599710279651746	0.0078125
1599710279651926	-0.001953125
1599710279652098	-0.0078125
1599710279652228	6.125
1599710279652228	4.0
1599710279652228	0.00048828125
1599710279653182	-4.0
1599710279653182	-0.00048828125
1599710279653193	-0.0078125
1599710279653211	0.001953125
1599710279653211	0.001953125
1599710279653211	6.125
1599710279653211	0.001953125
1599710279653211	0.001953125
1599710279653306	-0.001953125
1599710279653316	-0.001953125
1599710279653318	6.125
1599710279653318	9.0
1599710279653318	72.0
1599710279654337	-9.0
1599710279654337	-72.0
1599710279654365	6.125
1599710279654365	0.001953125
1599710279654365	0.001953125
1599710279654365	0.001953125
1599710279654365	0.001953125
1599710279654487	-0.001953125
1599710279654491	24.5
1599710279654491	4.0
1599710279654491	0.00048828125
1599710279655489	-4.0
1599710279655489	-0.00048828125
1599710279655515	0.0078125
1599710279655515	0.0078125
1599710279655515	24.5
1599710279655515	0.0078125
1599710279655515	0.0078125
1599710279655683	-0.001953125
1599710279655703	-0.0078125
1599710279656013	-0.0078125
1599710279656016	0.5
1599710279656151	0.244384765625
1599710279656261	0.000244140625
1599710279656261	0.000244140625
1599710279656464	-0.000244140625
1599710279656464	-0.000244140625
1599710279656479	0.000244140625
1599710279656486	-0.000244140625
1599710279656494	0.00390625
1599710279656512	0.5
1599710279656580	7.8203125
1599710279656646	-0.5
1599710279656646	-0.244384765625
1599710279656666	-0.00390625
1599710279656721	-7.8203125
1599710279656730	-0.000244140625
1599710279656740	-0.00390625
1599710279656742	24.5
1599710279657056	-0.5
1599710279657114	-7.8203125
1599710279657375	-24.5
1599710279657377	0.0078125
1599710279657377	24.5078125
1599710279657377	0.000244140625
1599710279657377	0.0078125
1599710279657377	0.000244140625
1599710279657611	-0.0078125
1599710279657611	-0.000244140625
1599710279657611	-24.5
1599710279657611	-0.000244140625
1599710279657611	-0.0078125
1599710279657613	6.125
1599710279657613	7.8125
1599710279657613	4.0
1599710279657613	0.00390625
1599710279657621	-0.000244140625
1599710279658625	-7.8125
1599710279658625	-4.0
1599710279658625	-0.00390625
1599710279658634	7.8125
1599710279658634	4.0
1599710279658634	0.00390625
1599710279659794	-24.5078125
1599710279659794	-4.0
1599710279659794	-0.00390625
1599710279659806	-0.0078125
1599710279659815	-0.0078125
1599710279659860	-6.125
1599710279659893	-4.0
1599710279659895	0.001953125
1599710279659895	0.001953125
1599710279659895	6.125
1599710279659895	0.000244140625
1599710279659895	0.000244140625
1599710279659979	-6.125
1599710279659979	-0.000244140625
1599710279659979	-6.125
1599710279659979	-0.000244140625
1599710279659979	-0.001953125
1599710279659979	-0.001953125
1599710279660012	-7.8125
1599710279660014	7.8203125
1599710279660014	6.125
1599710279660014	9.0
1599710279660014	72.0
1599710279661095	-6.125
1599710279661095	-9.0
1599710279661095	-72.0
1599710279661097	9.0
1599710279661097	9.0
1599710279661097	72.0
1599710279662258	-6.125
1599710279662258	-9.0
1599710279662258	-72.0
1599710279662265	-0.001953125
1599710279662276	-0.001953125
1599710279662320	-6.125
1599710279662384	-9.0
1599710279662388	0.000244140625
1599710279662388	0.001953125
1599710279662388	0.001953125
1599710279662388	0.000244140625
1599710279662388	9.0
1599710279662470	-0.000244140625
1599710279662470	-7.8203125
1599710279662470	-0.001953125
1599710279662470	-0.000244140625
1599710279662470	-6.125
1599710279662470	-0.001953125
1599710279662530	-9.0
1599710279662533	24.5
1599710279662533	4.00048828125
1599710279662533	24.5
1599710279662533	0.00390625
1599710279663641	-4.00048828125
1599710279663641	-24.5
1599710279663641	-0.00390625
1599710279663648	4.00048828125
1599710279663648	7.8203125
1599710279663648	0.00390625
1599710279664823	-9.0
1599710279664823	-7.8203125
1599710279664823	-0.00390625
1599710279664833	-0.001953125
1599710279664842	-0.001953125
1599710279664993	-24.5
1599710279665028	-4.0
1599710279665178	-24.5
1599710279665213	-4.00048828125
1599710279665215	0.0078125
1599710279665215	0.000244140625
1599710279665215	24.5078125
1599710279665215	0.0078125
1599710279665215	0.000244140625
1599710279665442	-0.0078125
1599710279665442	-0.000244140625
1599710279665442	-0.0078125
1599710279665442	-0.000244140625
1599710279665442	-24.5
1599710279665445	9.0
1599710279665445	7.8203125
1599710279665445	4.00048828125
1599710279665445	0.00390625
1599710279666450	-7.8203125
1599710279666450	-4.00048828125
1599710279666450	-0.00390625
1599710279666455	4.00048828125
1599710279666455	7.8203125
1599710279666455	0.00390625
1599710279667589	-24.5078125
1599710279667589	-7.8203125
1599710279667589	-0.00390625
1599710279667599	-0.0078125
1599710279667611	-0.0078125
1599710279667657	-6.125
1599710279667690	-4.0
1599710279667693	0.000244140625
1599710279667693	0.001953125
1599710279667693	6.125
1599710279667693	0.001953125
1599710279667693	0.000244140625
1599710279667778	-0.000244140625
1599710279667778	-9.0
1599710279667778	-0.001953125
1599710279667778	-6.125
1599710279667778	-0.001953125
1599710279667778	-0.000244140625
1599710279667810	-4.00048828125
1599710279667812	7.8203125
1599710279667812	6.125
1599710279667812	9.0
1599710279667812	131.611572265625
1599710279668834	-6.125
1599710279668834	-9.0
1599710279668834	-131.611572265625
1599710279668835	9.0
1599710279668835	9.0
1599710279668835	122.611572265625
1599710279669986	-6.125
1599710279669986	-9.0
1599710279669986	-122.611572265625
1599710279669996	-0.001953125
1599710279670005	-0.001953125
1599710279670052	-6.125
1599710279670114	-9.0
1599710279670116	0.001953125
1599710279670116	0.001953125
1599710279670116	9.0
1599710279670116	0.000244140625
1599710279670116	0.000244140625
1599710279670204	-0.001953125
1599710279670204	-6.125
1599710279670204	-0.001953125
1599710279670204	-7.8203125
1599710279670204	-0.000244140625
1599710279670204	-0.000244140625
1599710279670268	-9.0
1599710279670271	24.5
1599710279670271	4.0
1599710279670271	24.5
1599710279670271	0.00390625
1599710279671361	-4.0
1599710279671361	-24.5
1599710279671361	-0.00390625
1599710279671367	4.0
1599710279671367	4.00048828125
1599710279671367	0.00390625
1599710279672550	-9.0
1599710279672550	-4.00048828125
1599710279672550	-0.00390625
1599710279672559	-0.001953125
1599710279672569	-0.001953125
1599710279672722	-24.5
1599710279672758	-4.0
1599710279672909	-24.5
1599710279672943	-4.0
1599710279672944	0.0078125
1599710279672944	0.000244140625
1599710279672944	0.000244140625
1599710279672944	24.5
1599710279672944	0.0078125
1599710279673171	-0.0078125
1599710279673171	-0.000244140625
1599710279673171	-0.000244140625
1599710279673171	-0.0078125
1599710279673171	-24.5
1599710279673174	0.000244140625
1599710279673174	0.0078125
1599710279673174	0.000244140625
1599710279673174	0.0078125
1599710279673174	24.5
1599710279673402	-24.5
1599710279673402	-0.0078125
1599710279673402	-0.000244140625
1599710279673402	-0.000244140625
1599710279673402	-0.0078125
1599710279673402	-24.5
1599710279673403	49.0
1599710279673403	9.0
1599710279673403	49.0
1599710279675895	-9.0
1599710279675895	-49.0
1599710279675903	9.0
1599710279675903	9.0
1599710279675903	0.00390625
1599710279678469	-24.5
1599710279678469	-9.0
1599710279678469	-0.00390625
1599710279678483	-0.0078125
1599710279678494	-0.0078125
1599710279678495	9.0
1599710279678495	7.8203125
1599710279678495	4.00048828125
1599710279678495	0.00390625
1599710279679501	-7.8203125
1599710279679501	-4.00048828125
1599710279679501	-0.00390625
1599710279679508	4.00048828125
1599710279679508	4.00048828125
1599710279679508	0.00390625
1599710279680652	-24.5
1599710279680652	-4.00048828125
1599710279680652	-0.00390625
1599710279680664	-0.0078125
1599710279680673	-0.0078125
1599710279680733	-8.0
1599710279680777	-6.125
1599710279680810	-4.0
1599710279680868	-9.0
1599710279680869	0.001953125
1599710279680869	0.001953125
1599710279680869	0.000244140625
1599710279680869	6.125
1599710279680869	0.000244140625
1599710279680953	-0.001953125
1599710279680953	-9.0
1599710279680953	-0.000244140625
1599710279680953	-0.000244140625
1599710279680953	-6.125
1599710279680953	-0.001953125
1599710279680986	-4.00048828125
1599710279680988	8.000244140625
1599710279680988	7.8203125
1599710279680988	9.0
1599710279680988	98.00390625
1599710279682005	-7.8203125
1599710279682005	-9.0
1599710279682005	-98.00390625
1599710279682008	9.0
1599710279682008	9.0
1599710279682008	98.00390625
1599710279683160	-6.125
1599710279683160	-9.0
1599710279683160	-98.00390625
1599710279683170	-0.001953125
1599710279683180	-0.001953125
1599710279683224	-6.125
1599710279683290	-9.0
1599710279683293	7.8203125
1599710279683293	0.001953125
1599710279683293	0.001953125
1599710279683293	0.000244140625
1599710279683293	0.000244140625
1599710279683380	-0.001953125
1599710279683380	-0.001953125
1599710279683380	-6.125
1599710279683380	-0.000244140625
1599710279683380	-0.000244140625
1599710279683380	-8.000244140625
1599710279683441	-9.0
1599710279683443	49.0
1599710279683443	2.0
1599710279683443	49.0
1599710279684198	-2.0
1599710279684198	-49.0
1599710279684202	2.0
1599710279684202	2.0
1599710279684202	0.00439453125
1599710279684896	-7.8203125
1599710279684896	-2.0
1599710279684896	-0.00439453125
1599710279684906	-0.001953125
1599710279684915	-0.001953125
1599710279685207	-49.0
1599710279685231	-2.0
1599710279685523	-49.0
1599710279685547	-2.0
1599710279685549	49.00390625
1599710279685549	0.00439453125
1599710279685549	0.000244140625
1599710279685549	0.005859375
1599710279685549	0.000244140625
1599710279685971	-0.00390625
1599710279685971	-49.0
1599710279685971	-0.000244140625
1599710279685971	-0.00390625
1599710279685971	-0.000244140625
1599710279685975	12.25
1599710279685975	17.000244140625
1599710279685975	1.0
1599710279685975	0.00341796875
1599710279686984	-17.000244140625
1599710279686984	-1.0
1599710279686984	-0.00341796875
1599710279686989	1.0
1599710279686989	1.00048828125
1599710279686989	0.00244140625
1599710279687986	-49.00390625
1599710279687986	-1.00048828125
1599710279687986	-0.00244140625
1599710279687995	-0.00439453125
1599710279688006	-0.005859375
1599710279688087	-12.25
1599710279688107	-1.0
1599710279688110	12.25
1599710279688110	0.0009765625
1599710279688110	0.0009765625
1599710279688110	0.000244140625
1599710279688110	0.000244140625
1599710279688244	-12.25
1599710279688244	-0.0009765625
1599710279688244	-12.25
1599710279688244	-0.0009765625
1599710279688244	-0.000244140625
1599710279688244	-0.000244140625
1599710279688265	-1.0
1599710279688267	17.000244140625
1599710279688267	12.25
1599710279688267	4.0
1599710279688267	269.546875
1599710279689182	-12.25
1599710279689182	-4.0
1599710279689182	-269.546875
1599710279689186	4.0
1599710279689186	4.000244140625
1599710279689186	81.0
1599710279690230	-12.25
1599710279690230	-4.000244140625
1599710279690230	-81.0
1599710279690239	-0.0009765625
1599710279690250	-0.0009765625
1599710279690331	-12.25
1599710279690353	-2.25
1599710279690355	0.000244140625
1599710279690355	0.000244140625
1599710279690355	12.25
1599710279690355	0.0009765625
1599710279690355	0.0009765625
1599710279690491	-0.000244140625
1599710279690491	-0.000244140625
1599710279690491	-12.25
1599710279690491	-0.0009765625
1599710279690491	-0.0009765625
1599710279690491	-17.000244140625
1599710279690518	-4.0
1599710279690520	49.0
1599710279690520	1.0
1599710279690520	49.0
1599710279690520	0.00390625
1599710279691557	-1.0
1599710279691557	-49.0
1599710279691557	-0.00390625
1599710279691563	1.0
1599710279691563	1.00048828125
1599710279691563	0.00390625
1599710279692556	-12.25
1599710279692556	-1.00048828125
1599710279692556	-0.00390625
1599710279692565	-0.0009765625
1599710279692574	-0.0009765625
1599710279692865	-49.0
1599710279692881	-1.0
1599710279693173	-49.0
1599710279693189	-1.0
1599710279693191	0.00439453125
1599710279693191	0.000244140625
1599710279693191	0.000244140625
1599710279693191	0.005859375
1599710279693191	49.00390625
1599710279693612	-0.000244140625
1599710279693612	-0.000244140625
1599710279693612	-0.00390625
1599710279693612	-49.0
1599710279693612	-0.00390625
1599710279693619	12.25
1599710279693619	18.000244140625
1599710279693619	1.0
1599710279693619	0.00341796875
1599710279694615	-18.000244140625
1599710279694615	-1.0
1599710279694615	-0.00341796875
1599710279694621	1.0
1599710279694621	1.00048828125
1599710279694621	0.00244140625
1599710279695620	-49.00390625
1599710279695620	-1.00048828125
1599710279695620	-0.00244140625
1599710279695628	-0.00439453125
1599710279695638	-0.005859375
1599710279695723	-12.25
1599710279695743	-1.0
1599710279695745	0.0009765625
1599710279695745	12.25
1599710279695745	0.000244140625
1599710279695745	0.0009765625
1599710279695745	0.000244140625
1599710279695886	-12.25
1599710279695886	-0.000244140625
1599710279695886	-0.0009765625
1599710279695886	-0.0009765625
1599710279695886	-12.25
1599710279695886	-0.000244140625
1599710279695907	-1.0
1599710279695909	18.000244140625
1599710279695909	12.25
1599710279695909	2.25048828125
1599710279695909	182.25
1599710279696808	-12.25
1599710279696808	-2.25048828125
1599710279696808	-182.25
1599710279696812	2.25048828125
1599710279696812	4.0
1599710279696812	81.0
1599710279697854	-12.25
1599710279697854	-4.0
1599710279697854	-81.0
1599710279697864	-0.0009765625
1599710279697873	-0.0009765625
1599710279697952	-12.25
1599710279697975	-2.25
1599710279697976	0.000244140625
1599710279697976	0.0009765625
1599710279697976	0.000244140625
1599710279697976	0.0009765625
1599710279697976	12.25
1599710279698112	-0.0009765625
1599710279698112	-0.000244140625
1599710279698112	-0.000244140625
1599710279698112	-0.0009765625
1599710279698112	-18.000244140625
1599710279698112	-12.25
1599710279698141	-2.25048828125
1599710279698143	49.0
1599710279698143	1.0
1599710279698143	49.0
1599710279698143	0.00390625
1599710279699176	-1.0
1599710279699176	-49.0
1599710279699176	-0.00390625
1599710279699182	1.0
1599710279699182	1.00048828125
1599710279699182	0.00390625
1599710279700171	-12.25
1599710279700171	-1.00048828125
1599710279700171	-0.00390625
1599710279700179	-0.0009765625
1599710279700189	-0.0009765625
1599710279700482	-49.0
1599710279700499	-1.0
1599710279700791	-49.0
1599710279700809	-1.0
1599710279700811	49.00390625
1599710279700811	0.000244140625
1599710279700811	0.00439453125
1599710279700811	0.005859375
1599710279700811	0.000244140625
1599710279701224	-0.00390625
1599710279701224	-0.000244140625
1599710279701224	-49.0
1599710279701224	-0.00390625
1599710279701224	-0.000244140625
1599710279701231	12.25
1599710279701231	18.000244140625
1599710279701231	1.0
1599710279701231	0.00341796875
1599710279702224	-18.000244140625
1599710279702224	-1.0
1599710279702224	-0.00341796875
1599710279702243	1.0
1599710279702243	1.0
1599710279702243	0.00244140625
1599710279703238	-49.00390625
1599710279703238	-1.0
1599710279703238	-0.00244140625
1599710279703249	-0.00439453125
1599710279703258	-0.005859375
1599710279703341	-12.25
1599710279703358	-1.0
1599710279703360	0.0009765625
1599710279703360	0.000244140625
1599710279703360	0.0009765625
1599710279703360	12.25
1599710279703360	0.000244140625
1599710279703492	-12.25
1599710279703492	-0.000244140625
1599710279703492	-12.25
1599710279703492	-0.0009765625
1599710279703492	-0.000244140625
1599710279703492	-0.0009765625
1599710279703514	-1.0
1599710279703516	18.000244140625
1599710279703516	12.25
1599710279703516	2.25048828125
1599710279703516	182.25
1599710279704421	-12.25
1599710279704421	-2.25048828125
1599710279704421	-182.25
1599710279704423	2.25048828125
1599710279704423	4.0
1599710279704423	81.0
1599710279705462	-12.25
1599710279705462	-4.0
1599710279705462	-81.0
1599710279705471	-0.0009765625
1599710279705481	-0.0009765625
1599710279705562	-12.25
1599710279705585	-2.25
1599710279705590	0.0009765625
1599710279705590	0.000244140625
1599710279705590	13.500244140625
1599710279705590	0.000244140625
1599710279705590	0.0009765625
1599710279705724	-0.0009765625
1599710279705724	-18.000244140625
1599710279705724	-0.000244140625
1599710279705724	-0.0009765625
1599710279705724	-0.000244140625
1599710279705724	-12.25
1599710279705751	-2.25048828125
1599710279705753	49.0
1599710279705753	1.0
1599710279705753	49.0
1599710279705753	0.00390625
1599710279706782	-1.0
1599710279706782	-49.0
1599710279706782	-0.00390625
1599710279706791	1.0
1599710279706791	1.0
1599710279706791	0.00390625
1599710279707779	-13.500244140625
1599710279707779	-1.0
1599710279707779	-0.00390625
1599710279707787	-0.0009765625
1599710279707798	-0.0009765625
1599710279708091	-49.0
1599710279708110	-1.0
1599710279708420	-1.0
1599710279708422	0.005859375
1599710279708422	0.000244140625
1599710279708422	0.000244140625
1599710279708422	49.00390625
1599710279708422	0.00439453125
1599710279708839	-0.000244140625
1599710279708839	-0.000244140625
1599710279708839	-49.0
1599710279708839	-0.00390625
1599710279708839	-0.00390625
1599710279708845	20.25048828125
1599710279708845	12.25
1599710279708845	1.0
1599710279708845	0.00341796875
1599710279709837	-12.25
1599710279709837	-1.0
1599710279709837	-0.00341796875
1599710279709844	1.0
1599710279709844	1.0
1599710279709844	0.00244140625
1599710279710838	-49.00390625
1599710279710838	-1.0
1599710279710838	-0.00244140625
1599710279710846	-0.00439453125
1599710279710856	-0.005859375
1599710279710939	-12.25
1599710279710959	-1.0
1599710279710962	0.000244140625
1599710279710962	0.000244140625
1599710279710962	0.0009765625
1599710279710962	12.25
1599710279710962	0.0009765625
1599710279711106	-0.000244140625
1599710279711106	-12.25
1599710279711106	-0.000244140625
1599710279711106	-0.0009765625
1599710279711106	-20.25048828125
1599710279711106	-0.0009765625
1599710279711126	-1.0
1599710279711129	12.25
1599710279711129	20.25048828125
1599710279711129	4.0
1599710279711129	182.25
1599710279712032	-20.25048828125
1599710279712032	-4.0
1599710279712032	-182.25
1599710279712034	4.0
1599710279712034	4.00048828125
1599710279712034	81.0
1599710279713072	-12.25
1599710279713072	-4.00048828125
1599710279713072	-81.0
1599710279713081	-0.0009765625
1599710279713091	-0.0009765625
1599710279713175	-12.25
1599710279713200	-2.25
1599710279713201	0.0009765625
1599710279713201	0.000244140625
1599710279713201	12.25
1599710279713201	0.0009765625
1599710279713201	0.000244140625
1599710279713339	-12.25
1599710279713339	-0.0009765625
1599710279713339	-0.000244140625
1599710279713339	-0.0009765625
1599710279713339	-12.25
1599710279713339	-0.000244140625
1599710279713366	-4.0
1599710279713369	49.0
1599710279713369	1.0
1599710279713369	49.0
1599710279713369	0.00439453125
1599710279714400	-1.0
1599710279714400	-49.0
1599710279714400	-0.00439453125
1599710279714403	1.0
1599710279714403	1.0
1599710279714403	0.00439453125
1599710279715398	-12.25
1599710279715398	-1.0
1599710279715398	-0.00439453125
1599710279715406	-0.0009765625
1599710279715417	-0.0009765625
1599710279715709	-49.0
1599710279715728	-1.0
1599710279716036	-1.0
1599710279716039	0.00390625
1599710279716039	49.0078125
1599710279716039	0.00390625
1599710279716039	0.000244140625
1599710279716039	0.000244140625
1599710279716452	-0.00390625
1599710279716452	-0.00390625
1599710279716452	-49.0
1599710279716452	-0.000244140625
1599710279716452	-0.000244140625
1599710279716460	12.25
1599710279716460	15.501953125
1599710279716460	1.0
1599710279716460	0.00341796875
1599710279717457	-15.501953125
1599710279717457	-1.0
1599710279717457	-0.00341796875
1599710279717462	1.0
1599710279717462	1.0
1599710279717462	0.00244140625
1599710279718464	-49.0078125
1599710279718464	-1.0
1599710279718464	-0.00244140625
1599710279718474	-0.00390625
1599710279718485	-0.00390625
1599710279718566	-12.25390625
1599710279718583	-1.0
1599710279718584	12.25390625
1599710279718584	0.000244140625
1599710279718584	0.000244140625
1599710279718584	0.0009765625
1599710279718584	0.0009765625
1599710279718721	-12.25
1599710279718721	-0.0009765625
1599710279718721	-0.000244140625
1599710279718721	-0.000244140625
1599710279718721	-0.0009765625
1599710279718721	-12.25
1599710279718743	-1.0
1599710279718745	15.501953125
1599710279718745	12.25
1599710279718745	4.0
1599710279718745	182.25
1599710279719642	-12.25
1599710279719642	-4.0
1599710279719642	-182.25
1599710279719646	4.0
1599710279719646	2.25
1599710279719646	81.0
1599710279720685	-12.25390625
1599710279720685	-2.25
1599710279720685	-81.0
1599710279720695	-0.0009765625
1599710279720705	-0.0009765625
1599710279720788	-12.25
1599710279720813	-2.25
1599710279720815	0.0009765625
1599710279720815	0.000244140625
1599710279720815	0.000244140625
1599710279720815	0.0009765625
1599710279720815	12.25
1599710279720952	-0.0009765625
1599710279720952	-12.25
1599710279720952	-0.000244140625
1599710279720952	-15.501953125
1599710279720952	-0.000244140625
1599710279720952	-0.0009765625
1599710279720981	-4.0
1599710279720984	49.0
1599710279720984	49.00390625
1599710279720984	1.0
1599710279720984	0.0048828125
1599710279722017	-49.00390625
1599710279722017	-1.0
1599710279722017	-0.0048828125
1599710279722025	1.0
1599710279722025	1.001220703125
1599710279722025	0.00244140625
1599710279723015	-12.25
1599710279723015	-1.001220703125
1599710279723015	-0.00244140625
1599710279723025	-0.0009765625
1599710279723035	-0.0009765625
1599710279723348	-1.0
1599710279723641	-49.0
1599710279723658	-1.0
1599710279723660	0.00390625
1599710279723660	0.000244140625
1599710279723660	49.0
1599710279723660	0.000244140625
1599710279723660	0.005859375
1599710279724071	-0.000244140625
1599710279724071	-49.0
1599710279724071	-0.000244140625
1599710279724071	-0.00390625
1599710279724071	-0.00390625
1599710279724075	49.0
1599710279724075	0.000244140625
1599710279724075	0.000244140625
1599710279724075	0.00390625
1599710279724075	0.00390625
1599710279724489	-0.000244140625
1599710279724489	-0.00390625
1599710279724489	-0.000244140625
1599710279724489	-49.0
1599710279724489	-0.00390625
1599710279724489	-49.0
1599710279724493	98.0
1599710279724493	2.25048828125
1599710279724493	98.0
1599710279727451	-2.25048828125
1599710279727451	-98.0
1599710279727455	2.25048828125
1599710279727455	2.0
1599710279727455	0.00244140625
1599710279729409	-49.0
1599710279729409	-2.0
1599710279729409	-0.00244140625
1599710279729418	-0.005859375
1599710279729428	-0.00390625
1599710279729432	12.25
1599710279729432	15.501953125
1599710279729432	1.0
1599710279729432	0.005859375
1599710279730430	-15.501953125
1599710279730430	-1.0
1599710279730430	-0.005859375
1599710279730435	1.0
1599710279730435	1.00048828125
1599710279730435	0.00244140625
1599710279731440	-49.0
1599710279731440	-1.00048828125
1599710279731440	-0.00244140625
1599710279731450	-0.00390625
1599710279731461	-0.00390625
1599710279731487	-2.0
1599710279731570	-12.25
1599710279731587	-1.0
1599710279731611	-2.25048828125
1599710279731613	0.000244140625
1599710279731613	0.000244140625
1599710279731613	15.501953125
1599710279731613	0.0009765625
1599710279731613	0.0009765625
1599710279731758	-0.000244140625
1599710279731758	-0.000244140625
1599710279731758	-0.0009765625
1599710279731758	-12.25
1599710279731758	-12.25
1599710279731758	-0.0009765625
1599710279731782	-1.0
1599710279731783	20.25048828125
1599710279731783	12.25
1599710279731783	2.25048828125
1599710279731783	182.25
1599710279732694	-12.25
1599710279732694	-2.25048828125
1599710279732694	-182.25
1599710279732695	2.25048828125
1599710279732695	4.0
1599710279732695	122.5
1599710279733738	-15.501953125
1599710279733738	-4.0
1599710279733738	-122.5
1599710279733746	-0.0009765625
1599710279733758	-0.0009765625
1599710279733842	-12.25
1599710279733867	-2.25
1599710279733870	12.25
1599710279733870	0.000244140625
1599710279733870	0.0009765625
1599710279733870	0.0009765625
1599710279733870	0.000244140625
1599710279734003	-0.0009765625
1599710279734003	-0.000244140625
1599710279734003	-0.0009765625
1599710279734003	-12.25
1599710279734003	-20.25048828125
1599710279734003	-0.000244140625
1599710279734035	-2.25048828125
1599710279734038	147.015625
1599710279734038	98.0
1599710279734038	0.5
1599710279735242	-98.0
1599710279735242	-0.5
1599710279735245	0.5
1599710279735245	0.5
1599710279735245	0.00244140625
1599710279735836	-12.25
1599710279735836	-0.5
1599710279735836	-0.00244140625
1599710279735845	-0.0009765625
1599710279735855	-0.0009765625
1599710279736433	-147.015625
1599710279736446	-0.5
1599710279737044	-0.5
1599710279737045	0.001953125
1599710279737045	98.001953125
1599710279737045	0.000244140625
1599710279737045	0.001953125
1599710279737045	0.000244140625
1599710279737812	-98.0
1599710279737812	-0.001953125
1599710279737812	-0.000244140625
1599710279737812	-0.001953125
1599710279737812	-0.000244140625
1599710279737818	24.5
1599710279737818	32.50048828125
1599710279737818	0.25
1599710279737818	0.006591796875
1599710279738745	-32.50048828125
1599710279738745	-0.25
1599710279738745	-0.006591796875
1599710279738747	0.25
1599710279738747	0.25
1599710279738747	0.00244140625
1599710279739742	-98.001953125
1599710279739742	-0.25
1599710279739742	-0.00244140625
1599710279739751	-0.001953125
1599710279739761	-0.001953125
1599710279739912	-24.5
1599710279739926	-0.25
1599710279739928	0.000244140625
1599710279739928	24.5
1599710279739928	0.000244140625
1599710279739928	0.00048828125
1599710279739928	0.00048828125
1599710279740146	-24.5
1599710279740146	-0.000244140625
1599710279740146	-24.5
1599710279740146	-0.00048828125
1599710279740146	-0.00048828125
1599710279740146	-0.000244140625
1599710279740164	-0.25
1599710279740166	32.50048828125
1599710279740166	24.5
1599710279740166	1.0
1599710279740166	112.5
1599710279741128	-24.5
1599710279741128	-1.0
1599710279741128	-112.5
1599710279741130	1.0
1599710279741130	1.0
1599710279741130	112.5
1599710279742216	-24.5
1599710279742216	-1.0
1599710279742216	-112.5
1599710279742226	-0.00048828125
1599710279742237	-0.00048828125
1599710279742388	-24.5
1599710279742402	-0.5625
1599710279742404	24.5
1599710279742404	0.000244140625
1599710279742404	0.00048828125
1599710279742404	0.000244140625
1599710279742404	0.00048828125
1599710279742632	-0.00048828125
1599710279742632	-24.5
1599710279742632	-0.000244140625
1599710279742632	-0.000244140625
1599710279742632	-0.00048828125
1599710279742632	-32.50048828125
1599710279742651	-1.0
1599710279742653	98.0
1599710279742653	0.25
1599710279742653	98.0
1599710279742653	0.006591796875
1599710279743796	-0.25
1599710279743796	-98.0
1599710279743796	-0.006591796875
1599710279743798	0.25
1599710279743798	0.25
1599710279743798	0.00244140625
1599710279744784	-24.5
1599710279744784	-0.25
1599710279744784	-0.00244140625
1599710279744794	-0.00048828125
1599710279744804	-0.00048828125
1599710279745383	-98.0
1599710279745397	-0.25
1599710279745978	-98.0
1599710279745995	-0.25
1599710279745996	98.001953125
1599710279745996	0.000244140625
1599710279745996	0.000244140625
1599710279745996	0.001953125
1599710279745996	0.001953125
1599710279746769	-0.000244140625
1599710279746769	-0.000244140625
1599710279746769	-0.001953125
1599710279746769	-0.001953125
1599710279746769	-98.0
1599710279746775	24.5
1599710279746775	32.50048828125
1599710279746775	0.25048828125
1599710279746775	0.006591796875
1599710279747698	-32.50048828125
1599710279747698	-0.25048828125
1599710279747698	-0.006591796875
1599710279747700	0.25048828125
1599710279747700	0.25
1599710279747700	0.00244140625
1599710279748698	-98.001953125
1599710279748698	-0.25
1599710279748698	-0.00244140625
1599710279748708	-0.001953125
1599710279748718	-0.001953125
1599710279748869	-24.5
1599710279748885	-0.25
1599710279748887	24.5
1599710279748887	0.000244140625
1599710279748887	0.00048828125
1599710279748887	0.000244140625
1599710279748887	0.00048828125
1599710279749114	-0.000244140625
1599710279749114	-0.00048828125
1599710279749114	-24.5
1599710279749114	-24.5
1599710279749114	-0.00048828125
1599710279749114	-0.000244140625
1599710279749135	-0.25048828125
1599710279749136	32.50048828125
1599710279749136	24.5
1599710279749136	1.0
1599710279749136	112.5
1599710279750083	-24.5
1599710279750083	-1.0
1599710279750083	-112.5
1599710279750085	1.0
1599710279750085	1.0
1599710279750085	112.5
1599710279751170	-24.5
1599710279751170	-1.0
1599710279751170	-112.5
1599710279751180	-0.00048828125
1599710279751189	-0.00048828125
1599710279751342	-24.5
1599710279751358	-0.5625
1599710279751360	24.5
1599710279751360	0.000244140625
1599710279751360	0.00048828125
1599710279751360	0.00048828125
1599710279751360	0.000244140625
1599710279751587	-0.00048828125
1599710279751587	-0.000244140625
1599710279751587	-24.5
1599710279751587	-0.00048828125
1599710279751587	-0.000244140625
1599710279751587	-32.50048828125
1599710279751608	-1.0
1599710279751609	98.0
1599710279751609	0.25
1599710279751609	98.0
1599710279751609	0.006591796875
1599710279752742	-0.25
1599710279752742	-98.0
1599710279752742	-0.006591796875
1599710279752744	0.25
1599710279752744	0.25048828125
1599710279752744	0.00244140625
1599710279753716	-24.5
1599710279753716	-0.25048828125
1599710279753716	-0.00244140625
1599710279753725	-0.00048828125
1599710279753735	-0.00048828125
1599710279754309	-98.0
1599710279754323	-0.25
1599710279754917	-0.25
1599710279754919	0.001953125
1599710279754919	98.001953125
1599710279754919	0.000244140625
1599710279754919	0.001953125
1599710279754919	0.000244140625
1599710279755699	-0.001953125
1599710279755699	-0.001953125
1599710279755699	-0.000244140625
1599710279755699	-0.000244140625
1599710279755699	-98.0
1599710279755705	24.5
1599710279755705	32.50048828125
1599710279755705	0.25
1599710279755705	0.006591796875
1599710279756630	-32.50048828125
1599710279756630	-0.25
1599710279756630	-0.006591796875
1599710279756632	0.25
1599710279756632	0.250732421875
1599710279756632	0.00244140625
1599710279757638	-98.001953125
1599710279757638	-0.250732421875
1599710279757638	-0.00244140625
1599710279757648	-0.001953125
1599710279757658	-0.001953125
1599710279757807	-24.5
1599710279757823	-0.25
1599710279757824	0.000244140625
1599710279757824	0.00048828125
1599710279757824	0.00048828125
1599710279757824	24.5
1599710279757824	0.000244140625
1599710279758049	-0.000244140625
1599710279758049	-0.00048828125
1599710279758049	-24.5
1599710279758049	-24.5
1599710279758049	-0.000244140625
1599710279758049	-0.00048828125
1599710279758066	-0.25
1599710279758068	32.50048828125
1599710279758068	24.5
1599710279758068	1.0
1599710279758068	112.5
1599710279759006	-24.5
1599710279759006	-1.0
1599710279759006	-112.5
1599710279759009	1.0
1599710279759009	1.0
1599710279759009	112.5
1599710279760088	-24.5
1599710279760088	-1.0
1599710279760088	-112.5
1599710279760099	-0.00048828125
1599710279760108	-0.00048828125
1599710279760260	-24.5
1599710279760273	-0.5625
1599710279760275	0.00048828125
1599710279760275	24.5
1599710279760275	0.00048828125
1599710279760275	0.000244140625
1599710279760275	0.000244140625
1599710279760502	-0.00048828125
1599710279760502	-0.00048828125
1599710279760502	-32.50048828125
1599710279760502	-0.000244140625
1599710279760502	-24.5
1599710279760502	-0.000244140625
1599710279760520	-1.0
1599710279760521	98.0
1599710279760521	0.25
1599710279760521	98.0
1599710279760521	0.006591796875
1599710279761655	-0.25
1599710279761655	-98.0
1599710279761655	-0.006591796875
1599710279761657	0.25
1599710279761657	0.25
1599710279761657	0.0029296875
1599710279762636	-24.5
1599710279762636	-0.25
1599710279762636	-0.0029296875
1599710279762645	-0.00048828125
1599710279762656	-0.00048828125
1599710279763231	-98.0
1599710279763247	-0.25
1599710279763829	-98.0
1599710279763845	-0.25
1599710279763847	98.0
1599710279763847	0.000244140625
1599710279763847	0.000244140625
1599710279763847	0.001953125
1599710279763847	0.001953125
1599710279764613	-0.000244140625
1599710279764613	-0.001953125
1599710279764613	-98.0
1599710279764613	-0.001953125
1599710279764613	-0.000244140625
1599710279764619	98.0
1599710279764619	0.000244140625
1599710279764619	0.001953125
1599710279764619	0.001953125
1599710279764619	0.000244140625
1599710279765398	-0.000244140625
1599710279765398	-0.001953125
1599710279765398	-98.0
1599710279765398	-0.000244140625
1599710279765398	-98.0
1599710279765398	-0.001953125
1599710279765404	196.0
1599710279765404	0.500732421875
1599710279765404	196.0
1599710279768005	-0.500732421875
1599710279768005	-196.0
1599710279768007	0.500732421875
1599710279768007	0.56298828125
1599710279768007	0.00244140625
1599710279770033	-98.0
1599710279770033	-0.56298828125
1599710279770033	-0.00244140625
1599710279770043	-0.001953125
1599710279770054	-0.001953125
1599710279770056	24.5
1599710279770056	32.50048828125
1599710279770056	0.25
1599710279770056	0.006591796875
1599710279770967	-32.50048828125
1599710279770967	-0.25
1599710279770967	-0.006591796875
1599710279770969	0.25
1599710279770969	0.31298828125
1599710279770969	0.00390625
1599710279771969	-98.0
1599710279771969	-0.31298828125
1599710279771969	-0.00390625
1599710279771980	-0.001953125
1599710279771991	-0.001953125
1599710279772004	-0.5
1599710279772156	-24.5
1599710279772171	-0.25
1599710279772185	-0.500732421875
1599710279772187	0.000244140625
1599710279772187	0.00048828125
1599710279772187	24.5009765625
1599710279772187	0.000244140625
1599710279772187	0.00048828125
1599710279772415	-0.000244140625
1599710279772415	-0.00048828125
1599710279772415	-24.5
1599710279772415	-0.00048828125
1599710279772415	-24.5
1599710279772415	-0.000244140625
1599710279772430	-0.25
1599710279772432	24.5
1599710279772432	32.50048828125
1599710279772432	0.7509765625
1599710279772432	122.5078125
1599710279773387	-32.50048828125
1599710279773387	-0.7509765625
1599710279773387	-122.5078125
1599710279773390	0.7509765625
1599710279773390	1.0
1599710279773390	122.5078125
1599710279774466	-24.5009765625
1599710279774466	-1.0
1599710279774466	-122.5078125
1599710279774476	-0.00048828125
1599710279774486	-0.00048828125
1599710279774638	-24.5
1599710279774653	-0.5625
1599710279774654	0.00048828125
1599710279774654	0.00048828125
1599710279774654	32.50048828125
1599710279774654	0.000244140625
1599710279774654	0.000244140625
1599710279774884	-0.000732421875
1599710279774884	-0.000244140625
1599710279774884	-0.000244140625
1599710279774884	-36.7412109375
1599710279774884	-0.00048828125
1599710279774884	-24.5
1599710279774902	-0.7509765625
1599710279774903	196.0
1599710279774903	0.2490234375
1599710279774903	196.0
1599710279776416	-0.2490234375
1599710279776416	-196.0
1599710279776419	0.2490234375
1599710279776419	0.125
1599710279776419	0.00244140625
1599710279777118	-32.50048828125
1599710279777118	-0.125
1599710279777118	-0.00244140625
1599710279777127	-0.00048828125
1599710279777138	-0.00048828125
1599710279778289	-196.0
1599710279778304	-0.125
1599710279779472	-196.0
1599710279779487	-0.2490234375
1599710279779489	0.0009765625
1599710279779489	0.000244140625
1599710279779489	0.000244140625
1599710279779489	196.0
1599710279779489	0.0009765625
1599710279781041	-0.000244140625
1599710279781041	-0.000244140625
1599710279781041	-0.0009765625
1599710279781041	-0.0009765625
1599710279781041	-196.0
1599710279781046	49.0
1599710279781046	0.0625
1599710279781046	49.0
1599710279781046	0.020263671875
1599710279782011	-0.0625
1599710279782011	-49.0
1599710279782011	-0.020263671875
1599710279782014	0.0625
1599710279782014	0.0625
1599710279782014	0.0029296875
1599710279783831	-196.0
1599710279783831	-0.0625
1599710279783831	-0.0029296875
1599710279783842	-0.0009765625
1599710279783852	-0.0009765625
1599710279784143	-49.0
1599710279784153	-0.0625
1599710279784156	0.000244140625
1599710279784156	0.000244140625
1599710279784156	49.0
1599710279784156	0.000244140625
1599710279784156	0.000244140625
1599710279784587	-0.000244140625
1599710279784587	-0.000244140625
1599710279784587	-49.0
1599710279784587	-0.000244140625
1599710279784587	-49.0
1599710279784587	-0.000244140625
1599710279784603	-0.0625
1599710279784605	49.0
1599710279784605	0.25
1599710279784605	49.0
1599710279784605	85.046875
1599710279785940	-0.25
1599710279785940	-49.0
1599710279785940	-85.046875
1599710279785944	0.25
1599710279785944	0.140625
1599710279785944	0.00537109375
1599710279788682	-49.0
1599710279788682	-0.140625
1599710279788682	-0.00537109375
1599710279788690	-0.000244140625
1599710279788701	-0.000244140625
1599710279788991	-49.0
1599710279789006	-0.140625
1599710279789007	0.000244140625
1599710279789007	0.000244140625
1599710279789007	0.000244140625
1599710279789007	0.000244140625
1599710279789007	49.0
1599710279789433	-0.000244140625
1599710279789433	-49.0
1599710279789433	-0.000244140625
1599710279789433	-49.0
1599710279789433	-0.000244140625
1599710279789433	-0.000244140625
1599710279789450	-0.25
1599710279789452	196.0
1599710279789452	0.0625
1599710279789452	196.0
1599710279789452	0.020263671875
1599710279790875	-0.0625
1599710279790875	-196.0
1599710279790875	-0.020263671875
1599710279790876	0.0625
1599710279790876	0.0625
1599710279790876	0.0029296875
1599710279792382	-49.0
1599710279792382	-0.0625
1599710279792382	-0.0029296875
1599710279792393	-0.000244140625
1599710279792404	-0.000244140625
1599710279793549	-196.0
1599710279793563	-0.0625
1599710279794750	-0.0625
1599710279794753	0.0009765625
1599710279794753	0.000244140625
1599710279794753	0.0009765625
1599710279794753	196.0
1599710279794753	0.000244140625
1599710279796334	-0.000244140625
1599710279796334	-0.0009765625
1599710279796334	-0.000244140625
1599710279796334	-196.0
1599710279796334	-0.0009765625
1599710279796338	49.0
1599710279796338	0.0625
1599710279796338	49.0
1599710279796338	0.020263671875
1599710279797306	-0.0625
1599710279797306	-49.0
1599710279797306	-0.020263671875
1599710279797309	0.0625
1599710279797309	0.0625
1599710279797309	0.0029296875
1599710279799133	-196.0
1599710279799133	-0.0625
1599710279799133	-0.0029296875
1599710279799144	-0.0009765625
1599710279799155	-0.0009765625
1599710279799444	-49.0
1599710279799456	-0.0625
1599710279799460	0.000244140625
1599710279799460	0.000244140625
1599710279799460	0.000244140625
1599710279799460	49.0
1599710279799460	0.000244140625
1599710279799888	-0.000244140625
1599710279799888	-0.000244140625
1599710279799888	-0.000244140625
1599710279799888	-49.0
1599710279799888	-0.000244140625
1599710279799888	-49.0
1599710279799905	-0.0625
1599710279799907	49.0
1599710279799907	0.25
1599710279799907	49.0
1599710279799907	85.046875
1599710279801168	-0.25
1599710279801168	-49.0
1599710279801168	-85.046875
1599710279801172	0.25
1599710279801172	0.140625
1599710279801172	0.00537109375
1599710279803851	-49.0
1599710279803851	-0.140625
1599710279803851	-0.00537109375
1599710279803859	-0.000244140625
1599710279803870	-0.000244140625
1599710279804163	-49.0
1599710279804178	-0.140625
1599710279804180	0.000244140625
1599710279804180	49.0
1599710279804180	0.000244140625
1599710279804180	0.000244140625
1599710279804180	0.000244140625
1599710279804607	-49.0
1599710279804607	-49.0
1599710279804607	-0.000244140625
1599710279804607	-0.000244140625
1599710279804607	-0.000244140625
1599710279804607	-0.000244140625
1599710279804624	-0.25
1599710279804626	196.0
1599710279804626	0.0625
1599710279804626	196.0
1599710279804626	0.020263671875
1599710279806049	-0.0625
1599710279806049	-196.0
1599710279806049	-0.020263671875
1599710279806051	0.0625
1599710279806051	0.0625
1599710279806051	0.0029296875
1599710279807536	-49.0
1599710279807536	-0.0625
1599710279807536	-0.0029296875
1599710279807547	-0.000244140625
1599710279807558	-0.000244140625
1599710279808706	-196.0
1599710279808719	-0.0625
1599710279809886	-196.0
1599710279809897	-0.0625
1599710279809900	196.0
1599710279809900	0.000244140625
1599710279809900	0.0009765625
1599710279809900	0.000244140625
1599710279809900	0.0009765625
1599710279811487	-0.0009765625
1599710279811487	-0.000244140625
1599710279811487	-196.0
1599710279811487	-0.0009765625
1599710279811487	-0.000244140625
1599710279811492	0.0009765625
1599710279811492	196.0
1599710279811492	0.000244140625
1599710279811492	0.0009765625
1599710279811492	0.000244140625
1599710279813067	-0.0009765625
1599710279813067	-0.0009765625
1599710279813067	-0.000244140625
1599710279813067	-196.0
1599710279813067	-196.0
1599710279813067	-0.000244140625
1599710279813073	49.0
1599710279813073	0.0625
1599710279813073	49.0
1599710279813073	0.020263671875
1599710279814041	-0.0625
1599710279814041	-49.0
1599710279814041	-0.020263671875
1599710279814043	0.0625
1599710279814043	0.0625
1599710279814043	0.0029296875
1599710279815859	-196.0
1599710279815859	-0.0625
1599710279815859	-0.0029296875
1599710279815871	-0.0009765625
1599710279815881	-0.0009765625
1599710279815884	49.0
1599710279815884	0.0625
1599710279815884	49.0
1599710279815884	0.020263671875
1599710279816840	-0.0625
1599710279816840	-49.0
1599710279816840	-0.020263671875
1599710279816844	0.0625
1599710279816844	0.0625
1599710279816844	0.0029296875
1599710279818660	-196.0
1599710279818660	-0.0625
1599710279818660	-0.0029296875
1599710279818670	-0.0009765625
1599710279818681	-0.0009765625
1599710279818692	-0.0625
1599710279818979	-49.0
1599710279818994	-0.0625
1599710279819006	-0.0625
1599710279819008	0.000244140625
1599710279819008	0.000244140625
1599710279819008	0.000244140625
1599710279819008	0.000244140625
1599710279819008	49.0
1599710279819432	-0.000244140625
1599710279819432	-49.0
1599710279819432	-49.0
1599710279819432	-0.000244140625
1599710279819432	-0.000244140625
1599710279819432	-0.000244140625
1599710279819449	-0.0625
1599710279819451	62.572998046875
1599710279819451	49.0
1599710279819451	0.140625
1599710279819451	85.046875
1599710279820721	-49.0
1599710279820721	-0.140625
1599710279820721	-85.046875
1599710279820726	0.140625
1599710279820726	0.140625
1599710279820726	0.00537109375
1599710279823422	-49.0
1599710279823422	-0.140625
1599710279823422	-0.00537109375
1599710279823431	-0.000244140625
1599710279823441	-0.000244140625
1599710279823731	-49.0
1599710279823743	-0.140625
1599710279823746	0.000244140625
1599710279823746	0.000244140625
1599710279823746	0.000244140625
1599710279823746	49.0
1599710279823746	0.000244140625
1599710279824164	-49.0
1599710279824164	-0.000244140625
1599710279824164	-0.000244140625
1599710279824164	-62.572998046875
1599710279824164	-0.000244140625
1599710279824164	-0.000244140625
1599710279824177	-0.140625
1599710279824179	62.698486328125
1599710279824179	49.0
1599710279824179	0.015625
1599710279824179	0.020263671875
1599710279824505	-49.0
1599710279824505	-0.015625
1599710279824505	-0.020263671875
1599710279824507	0.015625
1599710279824507	0.015625
1599710279824507	0.0029296875
1599710279825427	-49.0
1599710279825427	-0.015625
1599710279825427	-0.0029296875
1599710279825435	-0.000244140625
1599710279825444	-0.000244140625
1599710279825729	-62.698486328125
1599710279825739	-0.015625
1599710279825741	196.0
1599710279827854	-49.0
1599710279827854	-49.0
1599710279827862	-0.015625
1599710279829028	-196.0
1599710279829030	0.000244140625
1599710279829030	0.000244140625
1599710279829030	0.000244140625
1599710279829030	245.0
1599710279829030	0.000244140625
1599710279830883	-0.000244140625
1599710279830883	-196.0
1599710279830883	-0.000244140625
1599710279830883	-196.0
1599710279830883	-0.000244140625
1599710279830883	-0.000244140625
1599710279830885	0.035888671875
1599710279830885	0.035888671875
1599710279830885	0.0341796875
1599710279834137	-38.7451171875
1599710279834137	-245.0
1599710279834137	-0.035888671875
1599710279834137	-0.0341796875
1599710279834142	-0.000244140625
1599710279834148	-0.000244140625
1599710279834155	-0.035888671875
1599710279834162	-0.035888671875
