1598953262976071	256
1598953262976246	256
1598953262976557	256
1598953262976659	256
1598953262976889	-256
1598953262976909	256
1598953262976987	256
1598953262977133	256
1598953262977220	-256
1598953262977319	256
1598953262977414	-256
1598953262977510	256
1598953262977604	-256
1598953262977621	256
1598953262977766	-256
1598953262977771	-256
1598953262977773	-256
1598953262977776	-256
1598953262977808	256
1598953262978004	-256
1598953262978028	-256
1598953262978043	256
1598953262978163	-256
1598953262978178	256
1598953262978753	256
1598953262978759	256
1598953262978842	-256
1598953262978871	262144
1598953262978935	256
1598953262978960	9216
1598953262979027	-9216
1598953262979050	2359296
1598953262979102	256
1598953262979115	9216
1598953262979172	-9216
1598953262979193	2359296
1598953262979240	256
1598953262979242	256
1598953262979292	-256
1598953262979312	262144
1598953262979360	256
1598953262979362	256
1598953262979408	-256
1598953262979428	131072
1598953262979474	256
1598953262979477	256
1598953262979530	-256
1598953262979550	262144
1598953262979597	256
1598953262979599	256
1598953262979645	-256
1598953262979665	589824
1598953262979711	256
1598953262979713	256
1598953262979759	-256
1598953262979778	262144
1598953262979824	256
1598953262979826	256
1598953262979872	-256
1598953262979891	589824
1598953262979937	256
1598953262979939	256
1598953262979985	-256
1598953262980004	262144
1598953262980050	256
1598953262980052	256
1598953262980098	-256
1598953262980117	262144
1598953262980163	256
1598953262980165	256
1598953262980211	-256
1598953262980230	589824
1598953262980276	256
1598953262980278	256
1598953262980324	-256
1598953262980343	524288
1598953262980389	256
1598953262980391	256
1598953262980437	-256
1598953262980457	589824
1598953262980503	256
1598953262980505	256
1598953262980549	-256
1598953262980568	262144
1598953262980614	256
1598953262980616	256
1598953262980662	-256
1598953262980680	1048576
1598953262980726	256
1598953262980740	9216
1598953262980800	-9216
1598953262980820	2097152
1598953262980867	256
1598953262980869	256
1598953262980916	-256
1598953262980935	1048576
1598953262980980	256
1598953262980982	256
1598953262981029	-256
1598953262981048	1048576
1598953262981094	256
1598953262981095	256
1598953262981142	-256
1598953262981161	1048576
1598953262981207	256
1598953262981209	256
1598953262981256	-256
1598953262981275	1048576
1598953262981321	256
1598953262981322	256
1598953262981368	-256
1598953262981387	1048576
1598953262981433	256
1598953262981434	256
1598953262981480	-256
1598953262981499	1048576
1598953262981545	256
1598953262981546	256
1598953262981593	-256
1598953262981611	1048576
1598953262981657	256
1598953262981659	256
1598953262981706	-256
1598953262981724	1048576
1598953262981769	256
1598953262981771	256
1598953262981817	-256
1598953262981836	1048576
1598953262981880	256
1598953262981893	9216
1598953262981955	-9216
1598953262981976	2359296
1598953262982021	256
1598953262982023	256
1598953262982071	-256
1598953262982090	1048576
1598953262982156	256
1598953262982170	9216
1598953262982227	-9216
1598953262982248	9437184
1598953262982296	256
1598953262982308	9216
1598953262982363	-9216
1598953262982383	9437184
1598953262982431	256
1598953262982443	9216
1598953262982498	-9216
1598953262982518	2359296
1598953262982570	38535168
1598953262982636	256
1598953262982680	4096
1598953262982722	256
1598953262982725	256
1598953262982770	-256
1598953262982789	524288
1598953262982835	256
1598953262982837	256
1598953262982883	-256
1598953262982902	147456
1598953262982949	256
1598953262982951	256
1598953262982996	-256
1598953262983015	147456
1598953262983061	256
1598953262983063	256
1598953262983109	-256
1598953262983128	65536
1598953262983170	256
1598953262983182	9216
1598953262983236	-9216
1598953262983256	4194304
1598953262983302	256
1598953262983304	256
1598953262983355	-256
1598953262983374	65536
1598953262983417	256
1598953262983419	256
1598953262983463	-256
1598953262983481	65536
1598953262983521	256
1598953262983523	256
1598953262983568	-256
1598953262983586	37632
1598953262983627	256
1598953262983629	256
1598953262983672	-256
1598953262983690	65536
1598953262983732	256
1598953262983734	256
1598953262983777	-256
1598953262983795	65536
1598953262983835	256
1598953262983837	256
1598953262983882	-256
1598953262983899	65536
1598953262983942	256
1598953262983954	9216
1598953262984009	-9216
1598953262984028	8200192
1598953262984073	256
1598953262984075	256
1598953262984121	-256
1598953262984139	147456
1598953262984185	256
1598953262984196	9216
1598953262984251	-9216
1598953262984271	2097152
1598953262984318	256
1598953262984329	9216
1598953262984385	-9216
1598953262984405	4194304
1598953262984450	256
1598953262984462	9216
1598953262984517	-9216
1598953262984536	2359296
1598953262984582	256
1598953262984624	16384
1598953262984667	256
1598953262984678	9216
1598953262984733	-9216
1598953262984752	9437184
1598953262984800	256
1598953262984812	9216
1598953262984866	-9216
1598953262984886	2359296
1598953262984933	256
1598953262984950	9216
1598953262985005	-9216
1598953262985024	8388608
1598953262985072	256
1598953262985083	9216
1598953262985138	-9216
1598953262985158	4194304
1598953262985204	256
1598953262985215	9216
1598953262985270	-9216
1598953262985290	4194304
1598953262985337	256
1598953262985349	9216
1598953262985404	-9216
1598953262985424	4194304
1598953262985484	40627200
1598953262985533	-38535168
1598953262985727	-256
1598953262985728	-256
1598953262985729	-256
1598953262985730	-256
1598953262985731	-256
1598953262985732	-256
1598953262985733	-256
1598953262985734	-256
1598953262985735	-256
1598953262985736	-256
1598953262985737	-256
1598953262985738	-256
1598953262985739	-256
1598953262985740	-256
1598953262985741	-256
1598953262985742	-256
1598953262985743	-256
1598953262985743	-256
1598953262985744	-256
1598953262985745	-256
1598953262985746	-256
1598953262985747	-256
1598953262985747	-256
1598953262985748	-256
1598953262985749	-256
1598953262985750	-256
1598953262985751	-256
1598953262985752	-256
1598953262985753	-256
1598953262985754	-256
1598953262985755	-256
1598953262985756	-256
1598953262985757	-256
1598953262985758	-256
1598953262985759	-256
1598953262985759	-256
1598953262985760	-256
1598953262985761	-256
1598953262985762	-256
1598953262985763	-256
1598953262985764	-256
1598953262985765	-256
1598953262985766	-256
1598953262985767	-256
1598953262985768	-256
1598953262985768	-256
1598953262985769	-256
1598953262985770	-256
1598953262985771	-256
1598953262985772	-256
1598953262985773	-256
1598953262985774	-256
1598953262985775	-256
1598953262985776	-256
1598953262985808	205520896
1598953262985823	37632
1598953262985916	75520
1598953262986027	-75520
1598953262986032	-37632
1598953262986156	205520896
1598953262986157	256
1598953262986158	256
1598953262986159	256
1598953262986160	256
1598953262986493	51380224
1598953262986672	51380224
1598953262986679	16384
1598953262986733	18944
1598953262986810	-18944
1598953262986814	-16384
1598953262986850	205520896
1598953262986856	65536
1598953262986909	18944
1598953262986983	-18944
1598953262986986	-65536
1598953262987109	-256
1598953262987149	-256
1598953262987164	51380224
1598953262987166	256
1598953262987167	256
1598953262987168	256
1598953262987169	256
1598953262987302	205520896
1598953262987304	1024
1598953262987305	1024
1598953262987307	1024
1598953262987308	1024
1598953262987647	51380224
1598953262987654	147456
1598953262987708	89178112
1598953262988098	-89178112
1598953262988102	-147456
1598953262988345	51380224
1598953262988346	256
1598953262988347	256
1598953262988348	256
1598953262988349	256
1598953262988515	-256
1598953262988572	-256
1598953262988611	-1024
1598953262988650	-1024
1598953262988789	205520896
1598953262988796	65536
1598953262988850	18944
1598953262988926	-18944
1598953262988929	-65536
1598953262989082	205520896
1598953262989084	1024
1598953262989085	1024
1598953262989086	1024
1598953262989087	1024
1598953262989250	-256
1598953262989291	-256
1598953262989342	-205520896
1598953262989560	51380224
1598953262989568	65536
1598953262989620	18944
1598953262989700	-18944
1598953262989704	-65536
1598953262989796	-1024
1598953262989836	-1024
1598953262989852	51380224
1598953262989853	256
1598953262989854	256
1598953262989855	256
1598953262989856	256
1598953262990134	51380224
1598953262990141	147456
1598953262990196	89178112
1598953262990548	-89178112
1598953262990552	-147456
1598953262990711	51380224
1598953262990713	256
1598953262990714	256
1598953262990715	256
1598953262990716	256
1598953262990881	-256
1598953262990924	-256
1598953262991068	205520896
1598953262991075	65536
1598953262991127	18944
1598953262991203	-18944
1598953262991206	-65536
1598953262991377	205520896
1598953262991378	1024
1598953262991379	1024
1598953262991381	1024
1598953262991382	1024
1598953262991543	-256
1598953262991584	-256
1598953262991849	51380224
1598953262991857	65536
1598953262991908	18944
1598953262991982	-18944
1598953262991986	-65536
1598953262992079	-1024
1598953262992119	-1024
1598953262992136	51380224
1598953262992137	256
1598953262992138	256
1598953262992139	256
1598953262992140	256
1598953262992403	51380224
1598953262992409	147456
1598953262992461	89178112
1598953262993101	-89178112
1598953262993113	-147456
1598953262993379	51380224
1598953262993381	256
1598953262993383	256
1598953262993384	256
1598953262993385	256
1598953262993654	-256
1598953262993716	-256
1598953262993925	205520896
1598953262993937	65536
1598953262994031	18944
1598953262994179	-18944
1598953262994184	-65536
1598953262994385	205520896
1598953262994386	1024
1598953262994387	1024
1598953262994389	1024
1598953262994390	1024
1598953262994580	-256
1598953262994617	-256
1598953262994852	102760448
1598953262994857	524288
1598953262994899	4864
1598953262994956	-4864
1598953262994958	-524288
1598953262995010	38525184
1598953262995015	131072
1598953262995061	4864
1598953262995134	-4864
1598953262995137	-131072
1598953262995192	-1024
1598953262995226	-1024
1598953262995238	102760448
1598953262995238	2048
1598953262995239	2048
1598953262995240	2048
1598953262995241	2048
1598953262995334	25690112
1598953262995335	512
1598953262995336	512
1598953262995337	512
1598953262995337	512
1598953262995671	25690112
1598953262995676	589824
1598953262995719	117964800
1598953262995830	-117964800
1598953262995833	-589824
1598953262995975	-2048
1598953262996008	-2048
1598953262996019	25690112
1598953262996020	512
1598953262996020	512
1598953262996021	512
1598953262996022	512
1598953262996145	-512
1598953262996180	-512
1598953262996294	102760448
1598953262996299	262144
1598953262996340	4864
1598953262996394	-4864
1598953262996397	-262144
1598953262996517	102760448
1598953262996517	2048
1598953262996518	2048
1598953262996519	2048
1598953262996520	2048
1598953262996639	-512
1598953262996673	-512
1598953262996710	-102760448
1598953262996890	25690112
1598953262996895	262144
1598953262996936	4864
1598953262996992	-4864
1598953262996995	-262144
1598953262997067	-2048
1598953262997100	-2048
1598953262997112	25690112
1598953262997112	512
1598953262997113	512
1598953262997113	512
1598953262997114	512
1598953262997314	25690112
1598953262997318	589824
1598953262997360	117964800
1598953262997445	-117964800
1598953262997447	-589824
1598953262997568	25692160
1598953262997570	512
1598953262997570	512
1598953262997571	512
1598953262997572	512
1598953262997694	-512
1598953262997729	-512
1598953262997845	102760448
1598953262997850	262144
1598953262997891	4864
1598953262997947	-4864
1598953262997950	-262144
1598953262998068	102760448
1598953262998068	2048
1598953262998069	2048
1598953262998070	2048
1598953262998071	2048
1598953262998213	-512
1598953262998248	-512
1598953262998463	25690112
1598953262998467	262144
1598953262998509	4864
1598953262998565	-4864
1598953262998568	-262144
1598953262998642	-2048
1598953262998675	-2048
1598953262998688	25690112
1598953262998688	512
1598953262998689	512
1598953262998689	512
1598953262998690	512
1598953262998892	25690112
1598953262998897	589824
1598953262998938	117964800
1598953262999024	-117964800
1598953262999027	-589824
1598953262999144	25690112
1598953262999145	512
1598953262999146	512
1598953262999147	512
1598953262999147	512
1598953262999268	-512
1598953262999302	-512
1598953262999418	102760448
1598953262999422	262144
1598953262999463	4864
1598953262999518	-4864
1598953262999521	-262144
1598953262999637	102760448
1598953262999638	2048
1598953262999638	2048
1598953262999639	2048
1598953262999640	2048
1598953262999762	-512
1598953262999796	-512
1598953263000009	25690112
1598953263000013	262144
1598953263000054	4864
1598953263000110	-4864
1598953263000112	-262144
1598953263000183	-2048
1598953263000216	-2048
1598953263000228	25690112
1598953263000228	512
1598953263000229	512
1598953263000230	512
1598953263000230	512
1598953263000465	25690112
1598953263000471	589824
1598953263000512	117964800
1598953263000599	-117964800
1598953263000602	-589824
1598953263000721	25690112
1598953263000722	512
1598953263000723	512
1598953263000723	512
1598953263000724	512
1598953263000843	-512
1598953263000877	-512
1598953263000993	102760448
1598953263000998	262144
1598953263001039	4864
1598953263001093	-4864
1598953263001095	-262144
1598953263001212	102760448
1598953263001212	2048
1598953263001213	2048
1598953263001214	2048
1598953263001215	2048
1598953263001334	-512
1598953263001368	-512
1598953263001593	51380224
1598953263001598	2097152
1598953263001639	1280
1598953263001694	-1280
1598953263001697	-2097152
1598953263001748	12845056
1598953263001752	524288
1598953263001796	1280
1598953263001850	-1280
1598953263001852	-524288
1598953263001914	-2048
1598953263001947	-2048
1598953263001959	51380224
1598953263001959	4096
1598953263001960	4096
1598953263001961	4096
1598953263001962	4096
1598953263002044	12845056
1598953263002045	1024
1598953263002046	1024
1598953263002046	1024
1598953263002047	1024
1598953263002399	12845056
1598953263002404	2359296
1598953263002444	84934656
1598953263002529	-84934656
1598953263002532	-2359296
1598953263002671	-4096
1598953263002703	-4096
1598953263002715	12845056
1598953263002715	1024
1598953263002716	1024
1598953263002717	1024
1598953263002717	1024
1598953263002826	-1024
1598953263002860	-1024
1598953263002971	51380224
1598953263002976	1048576
1598953263003017	1280
1598953263003074	-1280
1598953263003076	-1048576
1598953263003193	51380224
1598953263003193	6144
1598953263003194	4096
1598953263003195	4096
1598953263003195	4096
1598953263003303	-1024
1598953263003336	-1024
1598953263003373	-51380224
1598953263003558	12845056
1598953263003563	1048576
1598953263003604	2048
1598953263003658	-2048
1598953263003660	-1048576
1598953263003730	-6144
1598953263003763	-4096
1598953263003775	12845056
1598953263003776	1024
1598953263003776	1024
1598953263003776	1024
1598953263003777	1024
1598953263003963	12845056
1598953263003968	2359296
1598953263004009	84934656
1598953263004094	-84934656
1598953263004096	-2359296
1598953263004214	12849152
1598953263004215	1024
1598953263004216	1024
1598953263004217	1024
1598953263004218	1024
1598953263004324	-1024
1598953263004358	-1024
1598953263004471	51380224
1598953263004475	1048576
1598953263004515	2048
1598953263004569	-2048
1598953263004571	-1048576
1598953263004689	51380224
1598953263004690	4096
1598953263004691	4096
1598953263004692	4096
1598953263004692	4096
1598953263004799	-1024
1598953263004833	-1024
1598953263005062	12845056
1598953263005067	1048576
1598953263005106	2048
1598953263005160	-2048
1598953263005162	-1048576
1598953263005232	-4096
1598953263005264	-4096
1598953263005276	12845056
1598953263005276	1024
1598953263005277	1024
1598953263005277	1024
1598953263005278	1024
1598953263005470	12845056
1598953263005474	2359296
1598953263005514	84934656
1598953263005598	-84934656
1598953263005600	-2359296
1598953263005721	12845056
1598953263005722	1024
1598953263005723	1024
1598953263005723	1024
1598953263005725	1024
1598953263005832	-1024
1598953263005865	-1024
1598953263005976	51380224
1598953263005980	1048576
1598953263006020	1280
1598953263006074	-1280
1598953263006077	-1048576
1598953263006209	51380224
1598953263006209	6144
1598953263006210	4096
1598953263006211	4096
1598953263006212	4096
1598953263006319	-1024
1598953263006353	-1024
1598953263006562	12845056
1598953263006568	1048576
1598953263006608	2048
1598953263006662	-2048
1598953263006664	-1048576
1598953263006733	-6144
1598953263006765	-4096
1598953263006776	12845056
1598953263006777	1024
1598953263006777	1024
1598953263006778	1024
1598953263006778	1024
1598953263006960	12845056
1598953263006965	2359296
1598953263007004	84934656
1598953263007089	-84934656
1598953263007092	-2359296
1598953263007211	12845056
1598953263007212	1024
1598953263007213	1024
1598953263007214	1024
1598953263007214	1024
1598953263007319	-1024
1598953263007352	-1024
1598953263007466	51380224
1598953263007471	1048576
1598953263007510	1280
1598953263007563	-1280
1598953263007566	-1048576
1598953263007679	51380224
1598953263007679	6144
1598953263007680	4096
1598953263007681	4096
1598953263007682	4096
1598953263007789	-1024
1598953263007823	-1024
1598953263008028	12845056
1598953263008033	1048576
1598953263008072	2048
1598953263008125	-2048
1598953263008127	-1048576
1598953263008196	-6144
1598953263008226	-4096
1598953263008238	12845056
1598953263008239	1024
1598953263008239	1024
1598953263008240	1024
1598953263008240	1024
1598953263008435	12845056
1598953263008439	2359296
1598953263008479	84934656
1598953263008561	-84934656
1598953263008563	-2359296
1598953263008675	12845056
1598953263008676	1024
1598953263008677	1024
1598953263008677	1024
1598953263008678	1024
1598953263008780	-1024
1598953263008811	-1024
1598953263008919	51380224
1598953263008923	1048576
1598953263008963	1280
1598953263009017	-1280
1598953263009020	-1048576
1598953263009131	51380224
1598953263009132	6144
1598953263009132	4096
1598953263009133	4096
1598953263009134	4096
1598953263009236	-1024
1598953263009269	-1024
1598953263010704	12845056
1598953263010709	1048576
1598953263010751	2048
1598953263011047	-2048
1598953263011050	-1048576
1598953263011241	-6144
1598953263011275	-4096
1598953263011286	12845056
1598953263011287	1024
1598953263011287	1024
1598953263011288	1024
1598953263011288	1024
1598953263011472	12845056
1598953263011477	2359296
1598953263012375	84934656
1598953263014628	-84934656
1598953263014632	-2359296
1598953263014752	12845056
1598953263014753	1024
1598953263014753	1024
1598953263014754	1024
1598953263014754	1024
1598953263015467	-1024
1598953263015505	-1024
1598953263015631	51380224
1598953263015636	1048576
1598953263017236	1280
1598953263017293	-1280
1598953263017296	-1048576
1598953263017794	51380224
1598953263017795	6144
1598953263017795	4096
1598953263017796	4096
1598953263017797	4096
1598953263018564	-1024
1598953263018601	-1024
1598953263018851	6422528
1598953263018856	2097152
1598953263018910	512
1598953263019431	-512
1598953263019434	-2097152
1598953263019470	25690112
1598953263019474	8388608
1598953263019669	512
1598953263019722	-512
1598953263019725	-8388608
1598953263019778	-6144
1598953263019865	-4096
1598953263019878	6422528
1598953263019878	2048
1598953263019879	2048
1598953263019879	2048
1598953263019880	2048
1598953263019966	25690112
1598953263019967	8192
1598953263019968	8192
1598953263019969	8192
1598953263019969	8192
1598953263020228	6422528
1598953263020233	9437184
1598953263020972	75497472
1598953263021593	-75497472
1598953263021596	-9437184
1598953263022601	6422528
1598953263022602	2048
1598953263022602	2048
1598953263022603	2048
1598953263022604	2048
1598953263022708	-2048
1598953263022740	-2048
1598953263022770	-8192
1598953263023544	-8192
1598953263023860	25690112
1598953263023865	4194304
1598953263023905	512
1598953263023958	-512
1598953263023961	-4194304
1598953263024138	25690112
1598953263024138	8192
1598953263024139	8192
1598953263024139	8192
1598953263024140	8192
1598953263024812	-2048
1598953263024846	-2048
1598953263024998	-25690112
1598953263025205	6422528
1598953263025210	4194304
1598953263025250	512
1598953263026128	-512
1598953263026131	-4194304
1598953263026201	-8192
1598953263026701	-8192
1598953263026713	6422528
1598953263026714	2048
1598953263026715	2048
1598953263026715	2048
1598953263026716	2048
1598953263027348	6422528
1598953263027353	9437184
1598953263027392	75497472
1598953263027776	-75497472
1598953263027779	-9437184
1598953263028693	6422528
1598953263028694	2048
1598953263028695	2048
1598953263028696	2048
1598953263028696	2048
1598953263028863	-2048
1598953263028975	-2048
1598953263029082	25690112
1598953263029086	4194304
1598953263029220	512
1598953263029728	-512
1598953263029731	-4194304
1598953263029985	25690112
1598953263029985	8192
1598953263029986	8192
1598953263029987	8192
1598953263029987	8192
1598953263030177	-2048
1598953263030209	-2048
1598953263031242	6422528
1598953263031247	4194304
1598953263031287	512
1598953263031833	-512
1598953263031836	-4194304
1598953263032401	-8192
1598953263032434	-8192
1598953263032444	6422528
1598953263032445	2048
1598953263032445	2048
1598953263032446	2048
1598953263032446	2048
1598953263032881	6422528
1598953263032886	9437184
1598953263032925	75497472
1598953263033816	-75497472
1598953263033818	-9437184
1598953263034144	6422528
1598953263034145	2048
1598953263034146	2048
1598953263034147	2048
1598953263034148	2048
1598953263034252	-2048
1598953263034285	-2048
1598953263034858	25690112
1598953263034863	4194304
1598953263035069	512
1598953263035238	-512
1598953263035240	-4194304
1598953263035367	25690112
1598953263035367	8192
1598953263035368	8192
1598953263035369	8192
1598953263035369	8192
1598953263035473	-2048
1598953263035507	-2048
1598953263037501	-8192
1598953263037533	-8192
1598953263037547	524288
1598953263037613	256256
1598953263037969	256
1598953263037971	256
1598953263040089	-256
1598953263040098	-256
1598953263040164	256
1598953263040364	-256
1598953263040376	4096
1598953263040453	524288
1598953263040506	8200192
1598953263040542	-524288
1598953263040543	-256256
1598953263040629	-4096
1598953263040674	-8200192
1598953263040713	-256
1598953263040754	-4096
1598953263040765	25690112
1598953263040798	-524288
1598953263040839	-8200192
1598953263041323	-25690112
1598953263041345	25698304
1598953263041346	8192
1598953263041347	8192
1598953263041348	256
1598953263041431	256
1598953263041504	-25690112
1598953263041505	-8192
1598953263041506	-8192
1598953263041508	-256
1598953263041508	-256
1598953263041607	8192512
1598953263041618	4194304
1598953263041650	6422528
1598953263041672	4096
1598953263041754	-8192512
1598953263041757	-4096
1598953263041758	-4194304
1598953263041785	8192512
1598953263041795	4194304
1598953263041818	4096
1598953263041947	-4096
1598953263041950	-4194304
1598953263041959	-25698304
1598953263042007	-8192
1598953263042510	-8192
1598953263042551	-6422528
1598953263042586	-4194304
1598953263042599	6422528
1598953263042599	2048
1598953263042600	2048
1598953263042601	256
1598953263042781	256
1598953263042843	-6422528
1598953263042844	-6422528
1598953263042845	-2048
1598953263042846	-2048
1598953263042848	-256
1598953263042848	-256
1598953263043086	-8192512
1598953263043098	6422528
1598953263043105	9437184
1598953263043133	8200704
1598953263043150	75497472
1598953263043329	-6422528
1598953263043331	-75497472
1598953263043332	-9437184
1598953263043359	9437184
1598953263043367	9437184
1598953263043385	75497472
1598953263044297	-75497472
1598953263044300	-9437184
1598953263044308	-6422528
1598953263044357	-2048
1598953263044392	-2048
1598953263044427	-6422528
1598953263044461	-9437184
1598953263044473	9437696
1598953263044473	2048
1598953263044474	2048
1598953263044474	256
1598953263044501	256
1598953263045167	-8200704
1598953263045168	-6422528
1598953263045169	-2048
1598953263045169	-2048
1598953263045171	-256
1598953263045172	-256
1598953263045274	-9437184
1598953263045286	25690112
1598953263045292	4194816
1598953263045321	25690112
1598953263045337	4096
1598953263045408	-25690112
1598953263045410	-4096
1598953263045411	-4194816
1598953263045436	4194816
1598953263045443	8200704
1598953263045459	4096
1598953263045574	-4096
1598953263045576	-8200704
1598953263045585	-9437696
1598953263045631	-2048
1598953263046332	-2048
1598953263046373	-25690112
1598953263046409	-4194304
1598953263046617	-25690112
1598953263046654	-4194816
1598953263046665	25698304
1598953263046665	8192
1598953263046666	8192
1598953263046667	256
1598953263046690	256
1598953263046956	-25690112
1598953263046957	-8192
1598953263046957	-8192
1598953263046959	-256
1598953263046959	-256
1598953263046978	8200704
1598953263046983	4194816
1598953263047013	9437696
1598953263047028	4096
1598953263047163	-8200704
1598953263047165	-4096
1598953263047166	-4194816
1598953263047191	4194816
1598953263047198	8200704
1598953263047215	4096
1598953263048080	-4096
1598953263048083	-8200704
1598953263048091	-25698304
1598953263048139	-8192
1598953263048191	-8192
1598953263048228	-6422528
1598953263048263	-4194304
1598953263048275	6422528
1598953263048276	2048
1598953263048276	2048
1598953263048277	256
1598953263048300	256
1598953263048381	-9437696
1598953263048382	-6422528
1598953263048383	-2048
1598953263048384	-2048
1598953263048386	-256
1598953263048387	-256
1598953263048997	-4194816
1598953263049009	6422528
1598953263049014	9437696
1598953263049106	8200704
1598953263049123	138004736
1598953263049223	-6422528
1598953263049225	-138004736
1598953263049226	-9437696
1598953263049252	9437696
1598953263049259	9437184
1598953263049276	128567552
1598953263049378	-128567552
1598953263049380	-9437184
1598953263049388	-6422528
1598953263049436	-2048
1598953263050174	-2048
1598953263050215	-6422528
1598953263050433	-9437184
1598953263050446	9437696
1598953263050447	2048
1598953263050447	2048
1598953263050448	256
1598953263050472	256
1598953263050736	-8200704
1598953263050737	-6422528
1598953263050738	-2048
1598953263050739	-2048
1598953263050740	-256
1598953263050741	-256
1598953263050790	-9437696
1598953263050801	25690112
1598953263050807	4194560
1598953263050835	25690112
1598953263050850	4096
1598953263050976	-25690112
1598953263050978	-4096
1598953263050979	-4194560
1598953263051004	4194560
1598953263051011	4194816
1598953263051027	4096
1598953263051900	-4096
1598953263051902	-4194816
1598953263051911	-9437696
1598953263051967	-2048
1598953263052017	-2048
1598953263052052	-25690112
1598953263052087	-4194304
1598953263052123	-25690112
1598953263052169	-4194560
1598953263052180	25690112
1598953263052181	8192
1598953263052182	8192
1598953263052182	256
1598953263052206	256
1598953263052942	-25690112
1598953263052943	-8192
1598953263052944	-8192
1598953263052946	-256
1598953263052946	-256
1598953263052963	25690112
1598953263052964	8192
1598953263052965	8192
1598953263052965	256
1598953263052993	256
1598953263053050	-25690112
1598953263053052	-25690112
1598953263053052	-8192
1598953263053053	-8192
1598953263053054	-256
1598953263053055	-256
1598953263053073	51380224
1598953263053079	9437696
1598953263053109	51380224
1598953263053228	-51380224
1598953263053230	-9437696
1598953263053256	9437696
1598953263053263	9437696
1598953263053281	4096
1598953263053995	-4096
1598953263053997	-9437696
1598953263054006	-25690112
1598953263054056	-8192
1598953263054089	-8192
1598953263054114	8200704
1598953263054120	4194816
1598953263054274	9437696
1598953263054291	4096
1598953263054571	-8200704
1598953263054573	-4096
1598953263054574	-4194816
1598953263054599	4194816
1598953263054606	4194816
1598953263054623	4096
1598953263054814	-4096
1598953263054816	-4194816
1598953263054825	-25690112
1598953263054873	-8192
1598953263054953	-8192
1598953263055704	-8388608
1598953263055745	-6422528
1598953263055781	-4194304
1598953263055820	-9437696
1598953263055831	6422528
1598953263055832	2048
1598953263055832	2048
1598953263055833	256
1598953263055856	256
1598953263055930	-9437696
1598953263055932	-6422528
1598953263055933	-2048
1598953263055933	-2048
1598953263055935	-256
1598953263055935	-256
1598953263055983	-4194816
1598953263055999	8200704
1598953263056005	9437696
1598953263056034	9437696
1598953263056050	102764544
1598953263056783	-8200704
1598953263056786	-102764544
1598953263056787	-9437696
1598953263056812	9437696
1598953263056820	9437184
1598953263056838	102764544
1598953263056951	-102764544
1598953263056954	-9437184
1598953263056967	-6422528
1598953263057016	-2048
1598953263057056	-2048
1598953263057096	-6422528
1598953263057134	-9437184
1598953263057149	8200704
1598953263057150	2048
1598953263057150	2048
1598953263057151	256
1598953263057867	256
1598953263058121	-9437696
1598953263058122	-6422528
1598953263058123	-2048
1598953263058124	-2048
1598953263058126	-256
1598953263058126	-256
1598953263058177	-9437696
1598953263058190	51380224
1598953263058197	2097152
1598953263058224	51380224
1598953263058454	-51380224
1598953263058456	-2097152
1598953263058485	2097152
1598953263058492	2097664
1598953263058511	4352
1598953263058663	-4352
1598953263058665	-2097664
1598953263058674	-8200704
1598953263058720	-2048
1598953263058755	-2048
1598953263059553	-51380224
1598953263059589	-2097152
1598953263059633	-51380224
1598953263059684	-2097152
1598953263059695	51384320
1598953263059695	4352
1598953263059696	6144
1598953263059696	256
1598953263059721	256
1598953263059800	-51380224
1598953263059801	-4096
1598953263059802	-4096
1598953263059803	-256
1598953263059804	-256
1598953263059822	18875136
1598953263059828	1048576
1598953263059860	20972544
1598953263059876	3584
1598953263060498	-18875136
1598953263060500	-3584
1598953263060502	-1048576
1598953263060527	1048576
1598953263060534	1048576
1598953263060551	2560
1598953263060746	-2560
1598953263060749	-1048576
1598953263060757	-51384320
1598953263060805	-4352
1598953263060847	-6144
1598953263060889	-12845056
1598953263060925	-1048576
1598953263060940	18875136
1598953263060941	1024
1598953263060941	1024
1598953263060942	256
1598953263060966	256
1598953263061046	-20972544
1598953263061047	-12845056
1598953263061048	-1024
1598953263061049	-1024
1598953263061051	-256
1598953263061051	-256
1598953263061724	-1048576
1598953263061737	20972544
1598953263061742	4194816
1598953263061772	12845056
1598953263061789	295485440
1598953263062034	-20972544
1598953263062036	-295485440
1598953263062037	-4194816
1598953263062067	4194816
1598953263062075	2359296
1598953263062102	84934656
1598953263062555	-84934656
1598953263062558	-2359296
1598953263062566	-18875136
1598953263062622	-1024
1598953263062657	-1024
1598953263062698	-12845056
1598953263062737	-2359296
1598953263062750	12845056
1598953263062750	1024
1598953263062751	1024
1598953263062752	256
1598953263063086	256
1598953263063242	-12845056
1598953263063244	-12845056
1598953263063244	-1024
1598953263063248	-1024
1598953263063250	-256
1598953263063251	-256
1598953263063304	-4194816
1598953263063319	51380224
1598953263063326	1049088
1598953263064986	51380224
1598953263065004	4352
1598953263065233	-51380224
1598953263065236	-4352
1598953263065236	-1049088
1598953263065262	1049088
1598953263065270	1048576
1598953263065287	3072
1598953263065413	-3072
1598953263065416	-1048576
1598953263065425	-12845056
1598953263065473	-1024
1598953263065515	-1024
1598953263065550	-51380224
1598953263065642	-1048576
1598953263066317	-51380224
1598953263066399	-1049088
1598953263066413	51384320
1598953263066414	4352
1598953263066415	6144
1598953263066415	256
1598953263066441	256
1598953263066520	-51380224
1598953263066521	-4096
1598953263066522	-4096
1598953263066524	-256
1598953263066525	-256
1598953263066544	20972544
1598953263066550	1048832
1598953263066582	21235456
1598953263066599	3584
1598953263066683	-20972544
1598953263066686	-3584
1598953263066687	-1048832
1598953263066712	1048832
1598953263066719	1049088
1598953263066736	2560
1598953263066857	-2560
1598953263066860	-1049088
1598953263066869	-51384320
1598953263066917	-4352
1598953263066958	-6144
1598953263066997	-12845056
1598953263067597	-1048576
1598953263067613	20972544
1598953263067614	1024
1598953263067615	1024
1598953263067615	256
1598953263067640	256
1598953263067835	-21235456
1598953263067836	-12845056
1598953263067838	-1024
1598953263067838	-1024
1598953263067840	-256
1598953263067840	-256
1598953263067897	-1048832
1598953263067909	21235456
1598953263067915	4194816
1598953263067943	12845056
1598953263067960	191102976
1598953263068058	-21235456
1598953263068060	-191102976
1598953263068061	-4194816
1598953263068091	4194816
1598953263068099	2359296
1598953263068116	84934656
1598953263068229	-84934656
1598953263068232	-2359296
1598953263068240	-20972544
1598953263069049	-1024
1598953263069088	-1024
1598953263069129	-12845056
1598953263069167	-2359296
1598953263069179	12845056
1598953263069180	1024
1598953263069181	1024
1598953263069181	256
1598953263069205	256
1598953263069282	-12845056
1598953263069284	-12845056
1598953263069285	-1024
1598953263069289	-1024
1598953263069290	-256
1598953263069291	-256
1598953263069342	-4194816
1598953263069357	51380224
1598953263069363	1048832
1598953263069391	51380224
1598953263069407	4352
1598953263070132	-51380224
1598953263070135	-4352
1598953263070135	-1048832
1598953263070162	1048832
1598953263070169	1048576
1598953263070187	3072
1598953263070317	-3072
1598953263070320	-1048576
1598953263070329	-12845056
1598953263070377	-1024
1598953263070420	-1024
1598953263070457	-51380224
1598953263070495	-1048576
1598953263070535	-51380224
1598953263070572	-1048832
1598953263070586	51384320
1598953263070586	4352
1598953263070587	6144
1598953263070587	256
1598953263071369	256
1598953263071450	-51380224
1598953263071451	-4096
1598953263071452	-4096
1598953263071454	-256
1598953263071455	-256
1598953263071473	21235456
1598953263071479	1048832
1598953263071512	12845056
1598953263071529	3584
1598953263071609	-21235456
1598953263071611	-3584
1598953263071612	-1048832
1598953263071637	1048832
1598953263071644	1049088
1598953263071661	2560
1598953263071880	-2560
1598953263071883	-1049088
1598953263071891	-51384320
1598953263071938	-4352
1598953263071979	-6144
1598953263072018	-12845056
1598953263072835	-1048576
1598953263072850	19924480
1598953263072851	1024
1598953263072851	1024
1598953263072852	256
1598953263072878	256
1598953263072960	-12845056
1598953263072961	-12845056
1598953263072962	-1024
1598953263072963	-1024
1598953263072964	-256
1598953263072965	-256
1598953263073020	-1048832
1598953263073032	12845056
1598953263073038	4194816
1598953263073064	21235456
1598953263073082	191102976
1598953263073181	-12845056
1598953263073183	-191102976
1598953263073185	-4194816
1598953263073215	4194816
1598953263073223	4195584
1598953263073240	84934656
1598953263074026	-84934656
1598953263074029	-4195584
1598953263074037	-19924480
1598953263074090	-1024
1598953263074146	-1024
1598953263074187	-12845056
1598953263074227	-2359296
1598953263074239	12845056
1598953263074240	1024
1598953263074241	1024
1598953263074241	256
1598953263074266	256
1598953263074346	-21235456
1598953263074347	-12845056
1598953263074349	-1024
1598953263074353	-1024
1598953263074355	-256
1598953263074355	-256
1598953263074406	-4194816
1598953263074421	51380224
1598953263074427	1048832
1598953263074463	51380224
1598953263074479	4352
1598953263076789	-51380224
1598953263076793	-4352
1598953263076794	-1048832
1598953263076826	1048832
1598953263076835	1048576
1598953263076855	3072
1598953263076993	-3072
1598953263076996	-1048576
1598953263077006	-12845056
1598953263077057	-1024
1598953263077099	-1024
1598953263077137	-51380224
1598953263077179	-1048576
1598953263077218	-51380224
1598953263077256	-1048832
1598953263077268	51384320
1598953263077268	4352
1598953263077269	6144
1598953263077269	256
1598953263077300	256
1598953263077372	-256
1598953263077390	-51380224
1598953263077391	-4096
1598953263077392	-4096
1598953263077395	-256
1598953263077395	-256
1598953263077415	21235456
1598953263077421	1048832
1598953263077454	12845056
1598953263077471	3584
1598953263077551	-21235456
1598953263077554	-3584
1598953263077555	-1048832
1598953263077580	1048832
1598953263077587	1049088
1598953263077604	2560
1598953263077723	-2560
1598953263077727	-1049088
1598953263077735	-51384320
1598953263077782	-4352
1598953263077822	-6144
1598953263077859	-12845056
1598953263077894	-1048576
1598953263077910	19924480
1598953263077910	1024
1598953263077911	1024
1598953263077912	256
1598953263077935	256
1598953263078012	-12845056
1598953263078013	-12845056
1598953263078014	-1024
1598953263078015	-1024
1598953263078017	-256
1598953263078018	-256
1598953263078066	-1048832
1598953263078083	12845056
1598953263078089	4194816
1598953263078133	22284288
1598953263078151	191102976
1598953263078248	-12845056
1598953263078250	-191102976
1598953263078252	-4194816
1598953263078279	4194816
1598953263078291	4195584
1598953263078308	84934656
1598953263078418	-84934656
1598953263078421	-4195584
1598953263078429	-19924480
1598953263078476	-1024
1598953263078515	-1024
1598953263078554	-12845056
1598953263078589	-2359296
1598953263078604	12845056
1598953263078605	1024
1598953263078605	1024
1598953263078606	256
1598953263078629	256
1598953263078705	-22284288
1598953263078707	-12845056
1598953263078708	-1024
1598953263078708	-1024
1598953263078710	-256
1598953263078710	-256
1598953263078764	-4194816
1598953263078776	51380224
1598953263078781	1048832
1598953263078812	51380224
1598953263078828	4352
1598953263079534	-51380224
1598953263079536	-4352
1598953263079537	-1048832
1598953263079562	1048832
1598953263079568	1049088
1598953263079585	4352
1598953263079704	-4352
1598953263079706	-1049088
1598953263079715	-12845056
1598953263079766	-1024
1598953263079801	-1024
1598953263079866	-51380224
1598953263079968	-1048576
1598953263080074	-51380224
1598953263080749	-1048832
1598953263080760	51388416
1598953263080760	4352
1598953263080761	4096
1598953263080762	256
1598953263080839	256
1598953263080978	-51380224
1598953263080979	-4096
1598953263080980	-4096
1598953263080983	-256
1598953263080983	-256
1598953263081002	12845056
1598953263081008	1048576
1598953263081038	15994112
1598953263081054	3584
1598953263082021	-12845056
1598953263082024	-3584
1598953263082025	-1048576
1598953263082050	1048576
1598953263082057	1049344
1598953263082074	2560
1598953263082214	-2560
1598953263082217	-1049344
1598953263082226	-51388416
1598953263082274	-4352
1598953263082317	-4096
1598953263082355	-12849152
1598953263082390	-1048576
1598953263082405	12849152
1598953263082406	1024
1598953263082407	1024
1598953263082408	256
1598953263082431	256
1598953263082508	-15994112
1598953263082509	-12845056
1598953263082510	-1024
1598953263082511	-1024
1598953263082513	-256
1598953263082513	-256
1598953263082562	-1048576
1598953263082578	12845056
1598953263082584	4194816
1598953263083428	12845056
1598953263083445	191102976
1598953263084545	-12845056
1598953263084547	-191102976
1598953263084548	-4194816
1598953263084574	4194816
1598953263084582	2359296
1598953263084604	84934656
1598953263084800	-84934656
1598953263084803	-2359296
1598953263084812	-12849152
1598953263084960	-1024
1598953263085003	-1024
1598953263085043	-12845056
1598953263085079	-2359296
1598953263085093	19140608
1598953263085094	1024
1598953263085095	1024
1598953263085096	256
1598953263085220	256
1598953263085332	-12845056
1598953263085333	-12845056
1598953263085334	-1024
1598953263085335	-1024
1598953263085336	-256
1598953263085337	-256
1598953263085391	-4194816
1598953263085403	51384320
1598953263085408	1048832
1598953263085439	51380224
1598953263085456	6144
1598953263086284	-51384320
1598953263086287	-6144
1598953263086288	-1048832
1598953263086314	1048832
1598953263086322	1048576
1598953263086339	3328
1598953263087419	-3328
1598953263087421	-1048576
1598953263087431	-19140608
1598953263087483	-1024
1598953263087519	-1024
1598953263087559	-51380224
1598953263087595	-1048576
1598953263087631	-51380224
1598953263087668	-1048832
1598953263087679	51380224
1598953263087679	4352
1598953263087682	6144
1598953263087683	256
1598953263087731	256
1598953263087885	-51380224
1598953263087886	-4096
1598953263087886	-4096
1598953263087889	-256
1598953263087889	-256
1598953263087907	51380224
1598953263087908	4096
1598953263087908	4096
1598953263087909	256
1598953263087937	256
1598953263088595	-51380224
1598953263088597	-51380224
1598953263088598	-4096
1598953263088598	-4096
1598953263088600	-256
1598953263088600	-256
1598953263088622	102760448
1598953263088628	2359296
1598953263088660	102760448
1598953263088767	-102760448
1598953263088770	-2359296
1598953263088796	2359296
1598953263088804	2097152
1598953263088821	2560
1598953263089827	-2560
1598953263089830	-2097152
1598953263089838	-51380224
1598953263089886	-4352
1598953263089926	-6144
1598953263089938	12845056
1598953263089944	1048832
1598953263089970	19924480
1598953263089989	4352
1598953263090063	-12845056
1598953263090066	-4352
1598953263090066	-1048832
1598953263090091	1048832
1598953263090110	1048576
1598953263090129	4352
1598953263091197	-4352
1598953263091200	-1048576
1598953263091209	-51380224
1598953263091262	-4096
1598953263091299	-4096
1598953263091339	-2097152
1598953263092342	-12845056
1598953263092393	-1048576
1598953263092434	-2359296
1598953263092444	12845056
1598953263092445	1024
1598953263092446	1024
1598953263092447	256
1598953263092474	256
1598953263092618	-19924480
1598953263092619	-12845056
1598953263092620	-1024
1598953263092622	-1024
1598953263092624	-256
1598953263092624	-256
1598953263092675	-1048832
1598953263092690	19924480
1598953263092697	2359296
1598953263092750	12845056
1598953263092766	191102976
1598953263092860	-19924480
1598953263092863	-191102976
1598953263092864	-2359296
1598953263092890	2359296
1598953263092897	4194816
1598953263092913	128450560
1598953263093350	-128450560
1598953263093352	-4194816
1598953263093364	-12845056
1598953263093455	-1024
1598953263095803	-1024
1598953263095848	-12845056
1598953263095885	-2359296
1598953263095901	21238016
1598953263095901	1024
1598953263095902	1024
1598953263095903	256
1598953263098254	256
1598953263098413	-12845056
1598953263098414	-12845056
1598953263098415	-1024
1598953263098416	-1024
1598953263098418	-256
1598953263098418	-256
1598953263098469	-2359296
1598953263098486	102760448
1598953263098492	524288
1598953263098520	154157056
1598953263098619	-102760448
1598953263098621	-524288
1598953263098648	524288
1598953263098655	524544
1598953263098672	4352
1598953263099446	-4352
1598953263099448	-524544
1598953263099457	-21238016
1598953263100497	-1024
1598953263100557	-1024
1598953263100597	-154157056
1598953263100633	-524288
1598953263100671	-102760448
1598953263100709	-524288
1598953263100720	102762496
1598953263100721	2048
1598953263100722	2048
1598953263100723	256
1598953263100746	256
1598953263100840	-102760448
1598953263100842	-2048
1598953263100842	-2048
1598953263100845	-256
1598953263100845	-256
1598953263100863	32769536
1598953263100870	262144
1598953263100900	34083072
1598953263100916	6912
1598953263100996	-32769536
1598953263100998	-6912
1598953263100999	-262144
1598953263101025	262144
1598953263101032	262144
1598953263101049	2560
1598953263101918	-2560
1598953263101921	-262144
1598953263101929	-102762496
1598953263101998	-2048
1598953263102057	-2048
1598953263102690	-25690112
1598953263102785	-262144
1598953263102800	32769536
1598953263102801	512
1598953263102802	512
1598953263102802	256
1598953263103082	256
1598953263103161	-34083072
1598953263103163	-25690112
1598953263103164	-512
1598953263103165	-512
1598953263103166	-256
1598953263103167	-256
1598953263103223	-262144
1598953263103236	34083072
1598953263103242	1048832
1598953263103270	25690112
1598953263103287	117964800
1598953263103378	-34083072
1598953263103380	-117964800
1598953263103381	-1048832
1598953263103412	1048832
1598953263103419	589824
1598953263103437	117964800
1598953263104156	-117964800
1598953263104159	-589824
1598953263104167	-32769536
1598953263104217	-512
1598953263104252	-512
1598953263104798	-25690112
1598953263104836	-589824
1598953263104847	25690112
1598953263104848	512
1598953263104849	512
1598953263104850	256
1598953263104873	256
1598953263104948	-25690112
1598953263104950	-25690112
1598953263104950	-512
1598953263104954	-512
1598953263104956	-256
1598953263104957	-256
1598953263105148	-1048832
1598953263105165	102760448
1598953263105171	262144
1598953263105199	102760448
1598953263105215	6912
1598953263105501	-102760448
1598953263105503	-6912
1598953263105505	-262144
1598953263105531	262144
1598953263105538	262144
1598953263105555	4352
1598953263106914	-4352
1598953263106917	-262144
1598953263106927	-25690112
1598953263106977	-512
1598953263107018	-512
1598953263107883	-102760448
1598953263107923	-262144
1598953263107962	-102760448
1598953263107998	-262144
1598953263108012	102762496
1598953263108012	2048
1598953263108013	2048
1598953263108014	256
1598953263108039	256
1598953263108117	-102760448
1598953263108118	-2048
1598953263108118	-2048
1598953263108121	-256
1598953263108121	-256
1598953263108139	32769536
1598953263108145	262144
1598953263108175	34083072
1598953263108192	6912
1598953263108270	-32769536
1598953263108273	-6912
1598953263108274	-262144
1598953263108298	262144
1598953263108305	262144
1598953263108322	2560
1598953263109374	-2560
1598953263109377	-262144
1598953263109385	-102762496
1598953263110141	-2048
1598953263110188	-2048
1598953263110228	-25690112
1598953263110263	-262144
1598953263110277	32769536
1598953263110278	512
1598953263110279	512
1598953263110279	256
1598953263110303	256
1598953263110381	-34083072
1598953263110382	-25690112
1598953263110384	-512
1598953263110384	-512
1598953263110386	-256
1598953263110387	-256
1598953263110441	-262144
1598953263110453	34083072
1598953263110459	589824
1598953263110486	25690112
1598953263110502	117964800
1598953263110593	-34083072
1598953263110596	-117964800
1598953263110597	-589824
1598953263110626	589824
1598953263110634	589824
1598953263110651	117964800
1598953263111589	-117964800
1598953263111592	-589824
1598953263111601	-32769536
1598953263112520	-512
1598953263112557	-512
1598953263112600	-25690112
1598953263112637	-589824
1598953263112649	25690112
1598953263112649	512
1598953263112650	512
1598953263112651	256
1598953263112846	256
1598953263112925	-25690112
1598953263112927	-25690112
1598953263112927	-512
1598953263112932	-512
1598953263112934	-256
1598953263112934	-256
1598953263113166	-589824
1598953263113182	102760448
1598953263113188	262144
1598953263113216	102760448
1598953263113232	6912
1598953263113621	-102760448
1598953263113624	-6912
1598953263113625	-262144
1598953263113650	262144
1598953263113657	262144
1598953263113674	3584
1598953263114657	-3584
1598953263114659	-262144
1598953263114668	-25690112
1598953263114716	-512
1598953263115602	-512
1598953263115639	-102760448
1598953263115678	-262144
1598953263115714	-102760448
1598953263115749	-262144
1598953263115764	102764544
1598953263115765	2048
1598953263115766	2304
1598953263115766	256
1598953263115790	256
1598953263115868	-102760448
1598953263115869	-2048
1598953263115869	-2048
1598953263115872	-256
1598953263115872	-256
1598953263115891	32769536
1598953263115897	262144
1598953263115927	34083072
1598953263115944	6912
1598953263116185	-32769536
1598953263116188	-6912
1598953263116189	-262144
1598953263116214	262144
1598953263116220	262144
1598953263116237	2560
1598953263117781	-2560
1598953263117784	-262144
1598953263117792	-102764544
1598953263117839	-2048
1598953263117879	-2304
1598953263117918	-25692160
1598953263117952	-262144
1598953263117965	25692160
1598953263117965	512
1598953263117966	512
1598953263117967	256
1598953263117990	256
1598953263118066	-34083072
1598953263118067	-25690112
1598953263118068	-512
1598953263118069	-512
1598953263118070	-256
1598953263118071	-256
1598953263118137	-262144
1598953263118150	25690112
1598953263118156	589824
1598953263118182	32769536
1598953263118204	117964800
1598953263118289	-25690112
1598953263118291	-117964800
1598953263118292	-589824
1598953263118322	589824
1598953263118329	589824
1598953263118347	117964800
1598953263120171	-117964800
1598953263120174	-589824
1598953263120182	-25692160
1598953263120234	-512
1598953263120270	-512
1598953263120489	-25690112
1598953263120529	-589824
1598953263120541	34083072
1598953263120541	512
1598953263120542	512
1598953263120543	256
1598953263120792	256
1598953263120870	-32769536
1598953263120872	-25690112
1598953263120873	-512
1598953263120877	-512
1598953263120878	-256
1598953263120879	-256
1598953263120929	-589824
1598953263120944	102762496
1598953263120950	262144
1598953263120977	102760448
1598953263120993	6912
1598953263121302	-102762496
1598953263121305	-6912
1598953263121306	-262144
1598953263121332	262144
1598953263121339	262144
1598953263121355	4352
1598953263123222	-4352
1598953263123225	-262144
1598953263123233	-34083072
1598953263123281	-512
1598953263123320	-512
1598953263123356	-102760448
1598953263123395	-262144
1598953263123434	-102760448
1598953263123469	-262144
1598953263123481	102762496
1598953263123483	2048
1598953263123483	2304
1598953263123484	256
1598953263123507	256
1598953263123586	-102760448
1598953263123587	-2048
1598953263123588	-2048
1598953263123590	-256
1598953263123591	-256
1598953263123608	102760448
1598953263123609	2048
1598953263123610	2048
1598953263123610	256
1598953263123641	256
1598953263123864	-102760448
1598953263123866	-102760448
1598953263123867	-2048
1598953263123867	-2048
1598953263123869	-256
1598953263123869	-256
1598953263123889	205520896
1598953263123895	524288
1598953263124316	205520896
1598953263124555	-205520896
1598953263124558	-524288
1598953263124589	524288
1598953263124597	589824
1598953263124615	2560
1598953263125503	-2560
1598953263125506	-589824
1598953263125515	-102762496
1598953263125561	-2048
1598953263125601	-2304
1598953263125613	32769536
1598953263125622	262144
1598953263125650	34083072
1598953263125666	6912
1598953263125773	-32769536
1598953263125775	-6912
1598953263125777	-262144
1598953263125801	262144
1598953263125808	262144
1598953263125824	4352
1598953263126835	-4352
1598953263126837	-262144
1598953263126846	-102760448
1598953263126894	-2048
1598953263126932	-2048
1598953263127791	-524288
1598953263127834	-25690112
1598953263127870	-262144
1598953263127906	-524288
1598953263127920	32769536
1598953263127921	512
1598953263127922	512
1598953263127923	256
1598953263128129	256
1598953263128209	-34083072
1598953263128210	-25690112
1598953263128212	-512
1598953263128213	-512
1598953263128215	-256
1598953263128215	-256
1598953263128453	-262144
1598953263128465	34084096
1598953263128472	589824
1598953263128500	25690112
1598953263128516	179836928
1598953263128921	-34084096
1598953263128923	-179836928
1598953263128924	-589824
1598953263128955	589824
1598953263128962	589824
1598953263128979	179836928
1598953263130855	-179836928
1598953263130858	-589824
1598953263130867	-32769536
1598953263130921	-512
1598953263130957	-512
1598953263130998	-25690112
1598953263131036	-589824
1598953263131048	32769536
1598953263131048	512
1598953263131050	512
1598953263131050	256
1598953263131073	256
1598953263131152	-25690112
1598953263131153	-38525184
1598953263131154	-512
1598953263131155	-512
1598953263131157	-256
1598953263131157	-256
1598953263131219	-589824
1598953263131231	205520896
1598953263131237	261632
1598953263131263	282599424
1598953263131397	-205520896
1598953263131399	-261632
1598953263131431	261632
1598953263131439	131072
1598953263131456	2560
1598953263133035	-2560
1598953263133038	-131072
1598953263133047	-32769536
1598953263133094	-512
1598953263133134	-512
1598953263133172	-282599424
1598953263133206	-131072
1598953263133247	-205520896
1598953263133287	-261632
1598953263133299	205520896
1598953263133300	1024
1598953263133300	1024
1598953263133301	256
1598953263133324	256
1598953263133405	-205520896
1598953263133406	-1024
1598953263133407	-1024
1598953263133409	-256
1598953263133410	-256
1598953263133428	51380224
1598953263133434	129024
1598953263133471	51380224
1598953263133488	21248
1598953263133565	-51380224
1598953263133568	-21248
1598953263133569	-129024
1598953263133595	129024
1598953263133602	65536
1598953263133619	3072
1598953263135409	-3072
1598953263135412	-65536
1598953263135420	-205520896
1598953263135475	-1024
1598953263135511	-1024
1598953263135550	-51380224
1598953263135753	-65536
1598953263135766	51380224
1598953263135767	256
1598953263135768	256
1598953263135768	256
1598953263135793	256
1598953263136116	-51380224
1598953263136118	-51380224
1598953263136118	-256
1598953263136124	-256
1598953263136126	-256
1598953263136127	-256
1598953263136178	-129024
1598953263136190	51380224
1598953263136196	262144
1598953263136227	51380224
1598953263136244	89178112
1598953263136719	-51380224
1598953263136722	-89178112
1598953263136723	-262144
1598953263136751	262144
1598953263136758	262144
1598953263136776	5632
1598953263137538	-5632
1598953263137541	-262144
1598953263137550	-51380224
1598953263137603	-256
1598953263138493	-256
1598953263138535	-51380224
1598953263138576	-147456
1598953263138589	51380224
1598953263138590	256
1598953263138590	256
1598953263138591	256
1598953263138617	256
1598953263138697	-51380224
1598953263138700	-51380224
1598953263138701	-256
1598953263138703	-256
1598953263138705	-256
1598953263138705	-256
1598953263138756	-262144
1598953263138772	205520896
1598953263138779	65536
1598953263138806	205520896
1598953263138822	21248
1598953263138897	-205520896
1598953263138900	-21248
1598953263138901	-65536
1598953263138927	65536
1598953263138934	65536
1598953263138951	3072
1598953263139917	-3072
1598953263139920	-65536
1598953263139928	-51380224
1598953263140573	-256
1598953263140616	-256
1598953263140650	-205520896
1598953263140689	-65536
1598953263140729	-205520896
1598953263140765	-65536
1598953263140781	205520896
1598953263140782	1024
1598953263140783	1024
1598953263140783	256
1598953263140807	256
1598953263140887	-205520896
1598953263140888	-1024
1598953263140889	-1024
1598953263140892	-256
1598953263140892	-256
1598953263140911	51380224
1598953263140917	65536
1598953263140953	51380224
1598953263140970	21248
1598953263141045	-51380224
1598953263141048	-21248
1598953263141049	-65536
1598953263141074	65536
1598953263141081	65536
1598953263141098	3072
1598953263142042	-3072
1598953263142045	-65536
1598953263142052	-205520896
1598953263142979	-1024
1598953263143019	-1024
1598953263143060	-51380224
1598953263143100	-65536
1598953263143112	51380224
1598953263143112	256
1598953263143113	256
1598953263143114	256
1598953263143304	256
1598953263143384	-51380224
1598953263143387	-51380224
1598953263143387	-256
1598953263143388	-256
1598953263143390	-256
1598953263143391	-256
1598953263143625	-65536
1598953263143637	51380224
1598953263143643	262144
1598953263143670	51380224
1598953263143692	89178112
1598953263143953	-51380224
1598953263143956	-89178112
1598953263143957	-262144
1598953263143984	262144
1598953263143991	262144
1598953263144008	5632
1598953263144718	-5632
1598953263144721	-262144
1598953263144729	-51380224
1598953263147471	-256
1598953263147510	-256
1598953263147551	-51380224
1598953263149453	-147456
1598953263149466	51380224
1598953263149467	256
1598953263149467	256
1598953263149468	256
1598953263149492	256
1598953263149572	-51380224
1598953263149574	-51380224
1598953263149575	-256
1598953263149580	-256
1598953263149582	-256
1598953263149583	-256
1598953263149633	-262144
1598953263149648	205520896
1598953263149655	65536
1598953263149682	205520896
1598953263149699	21248
1598953263150508	-205520896
1598953263150511	-21248
1598953263150512	-65536
1598953263150539	65536
1598953263150547	65536
1598953263150565	3072
1598953263151519	-3072
1598953263151522	-65536
1598953263151530	-51380224
1598953263151577	-256
1598953263151615	-256
1598953263151651	-205520896
1598953263151690	-65536
1598953263151729	-205520896
1598953263151765	-65536
1598953263151779	205520896
1598953263151780	1024
1598953263151781	1024
1598953263151781	256
1598953263151804	256
1598953263151904	-205520896
1598953263151905	-1024
1598953263151907	-1024
1598953263151908	-256
1598953263151909	-256
1598953263151927	205520896
1598953263151928	1024
1598953263151928	1024
1598953263151929	256
1598953263151960	256
1598953263152034	-205520896
1598953263152036	-205520896
1598953263152037	-1024
1598953263152038	-1024
1598953263152040	-256
1598953263152040	-256
1598953263152059	83471872
1598953263152065	126976
1598953263152150	51380224
1598953263152167	21248
1598953263152930	-83471872
1598953263152932	-21248
1598953263152934	-126976
1598953263152959	126976
1598953263152967	65536
1598953263152983	3072
1598953263153791	-3072
1598953263153794	-65536
1598953263153802	-205520896
1598953263153849	-1024
1598953263153888	-1024
1598953263153899	83471872
1598953263153909	65536
1598953263153936	51380224
1598953263153952	21248
1598953263154078	-83471872
1598953263154081	-21248
1598953263154082	-65536
1598953263154120	65536
1598953263154127	65536
1598953263154145	3072
1598953263155346	-3072
1598953263155349	-65536
1598953263155357	-205520896
1598953263155403	-1024
1598953263155898	-1024
1598953263155937	-65536
1598953263155977	-51380224
1598953263156013	-65536
1598953263156516	-126976
1598953263156530	51380224
1598953263156531	256
1598953263156532	256
1598953263156532	256
1598953263156556	256
1598953263157168	-51380224
1598953263157170	-51380224
1598953263157171	-256
1598953263157172	-256
1598953263157173	-256
1598953263157173	-256
1598953263157224	-65536
1598953263157240	85176832
1598953263157246	262144
1598953263157273	51380224
1598953263157289	154140672
1598953263158126	-85176832
1598953263158129	-154140672
1598953263158129	-262144
1598953263158159	262144
1598953263158170	147456
1598953263158187	5632
1598953263158865	-5632
1598953263158869	-147456
1598953263158878	-51380224
1598953263158925	-256
1598953263158965	-256
1598953263159851	-51380224
1598953263159887	-147456
1598953263159902	85176832
1598953263159903	256
1598953263159903	256
1598953263159904	256
1598953263159927	256
1598953263160006	-51380224
1598953263160008	-51380224
1598953263160009	-256
1598953263160009	-256
1598953263160011	-256
1598953263160011	-256
1598953263160066	-262144
1598953263160079	51380224
1598953263160085	16384
1598953263160112	51380224
1598953263160129	21248
1598953263160297	-51380224
1598953263160300	-21248
1598953263160301	-16384
1598953263160328	16384
1598953263160334	16384
1598953263160351	3072
1598953263161257	-3072
1598953263161261	-16384
1598953263161269	-85176832
1598953263161461	-256
1598953263161651	-256
1598953263162325	-51380224
1598953263162365	-16384
1598953263162383	205520896
1598953263162459	-51380224
1598953263162460	-51380224
1598953263162511	-16384
1598953263162547	-205520896
1598953263162561	256901120
1598953263162562	256
1598953263162563	256
1598953263162564	256
1598953263162587	256
1598953263162665	-205520896
1598953263162666	-205520896
1598953263162667	-256
1598953263162668	-256
1598953263162670	-256
1598953263162670	-256
1598953263162689	37632
1598953263162697	37632
1598953263162715	35840
1598953263162858	-35840
1598953263162861	-37632
1598953263162869	-40627200
1598953263162870	-256901120
1598953263163948	-256
1598953263163987	-256
1598953263164024	-37632
1598953263164062	-256
1598953263164064	-37632
