1602298019352536	256
1602298019352826	256
1602298019352898	256
1602298019353017	-256
1602298019353136	256
1602298019353198	256
1602298019353341	256
1602298019353433	-256
1602298019353539	256
1602298019353616	768
1602298019353695	256
1602298019353901	-256
1602298019353913	256
1602298019354037	256
1602298019354162	-256
1602298019354189	256
1602298019354383	-256
1602298019354386	-256
1602298019354387	-256
1602298019354389	-256
1602298019354412	256
1602298019354640	-256
1602298019354665	-256
1602298019354728	-256
1602298019355743	256
1602298019355748	256
1602298019355859	-256
1602298019355884	65536
1602298019355942	256
1602298019355945	256
1602298019356002	-256
1602298019356021	131072
1602298019356080	256
1602298019356083	256
1602298019356138	-256
1602298019356157	589824
1602298019356207	256
1602298019356209	256
1602298019356261	-256
1602298019356278	147456
1602298019356324	256
1602298019356327	256
1602298019356394	-256
1602298019356413	1048576
1602298019356472	256
1602298019356475	256
1602298019356529	-256
1602298019356547	65536
1602298019356592	256
1602298019356594	256
1602298019356645	-256
1602298019356662	65536
1602298019356705	256
1602298019356737	9216
1602298019356826	-9216
1602298019356845	9437184
1602298019356896	256
1602298019356899	256
1602298019356951	-256
1602298019356971	147456
1602298019357029	111992832
1602298019357110	256
1602298019357113	256
1602298019357170	-256
1602298019357188	37632
1602298019357236	256
1602298019357287	16384
1602298019357330	256
1602298019357345	9216
1602298019357409	-9216
1602298019357428	4194304
1602298019357480	256
1602298019357525	4096
1602298019357568	256
1602298019357570	256
1602298019357623	-256
1602298019357643	147456
1602298019357693	256
1602298019357695	256
1602298019357749	-256
1602298019357766	65536
1602298019357810	256
1602298019357824	9216
1602298019357888	-9216
1602298019357906	4194304
1602298019357954	256
1602298019357957	256
1602298019358014	-256
1602298019358031	589824
1602298019358080	256
1602298019358082	256
1602298019358136	-256
1602298019358153	65536
1602298019358214	256
1602298019358216	256
1602298019358269	-256
1602298019358286	589824
1602298019358334	256
1602298019358336	256
1602298019358389	-256
1602298019358406	262144
1602298019358455	256
1602298019358457	256
1602298019358510	-256
1602298019358526	65536
1602298019358570	256
1602298019358572	256
1602298019358623	-256
1602298019358640	524288
1602298019358687	256
1602298019358689	256
1602298019358742	-256
1602298019358758	589824
1602298019358804	256
1602298019358818	9216
1602298019358880	-9216
1602298019358898	2097152
1602298019358944	256
1602298019358956	9216
1602298019359018	-9216
1602298019359036	8200192
1602298019359083	256
1602298019359086	256
1602298019359137	-256
1602298019359158	262144
1602298019359207	256
1602298019359209	256
1602298019359262	-256
1602298019359279	262144
1602298019359327	256
1602298019359329	256
1602298019359381	-256
1602298019359398	262144
1602298019359445	256
1602298019359447	256
1602298019359499	-256
1602298019359515	1048576
1602298019359561	256
1602298019359563	256
1602298019359616	-256
1602298019359632	262144
1602298019359678	256
1602298019359680	256
1602298019359732	-256
1602298019359749	262144
1602298019359798	256
1602298019359812	9216
1602298019359875	-9216
1602298019359893	2359296
1602298019359941	256
1602298019359943	256
1602298019359996	-256
1602298019360014	1048576
1602298019360061	256
1602298019360074	9216
1602298019360136	-9216
1602298019360153	2359296
1602298019360200	256
1602298019360213	9216
1602298019360274	-9216
1602298019360291	4194304
1602298019360338	256
1602298019360340	256
1602298019360416	-256
1602298019360435	524288
1602298019360485	256
1602298019360498	9216
1602298019360560	-9216
1602298019360578	2359296
1602298019360624	256
1602298019360637	9216
1602298019360698	-9216
1602298019360715	2359296
1602298019360768	256
1602298019360770	256
1602298019360835	-256
1602298019360851	262144
1602298019360897	256
1602298019360909	9216
1602298019360967	-9216
1602298019360984	2097152
1602298019361029	256
1602298019361030	256
1602298019361081	-256
1602298019361097	1048576
1602298019361141	256
1602298019361143	256
1602298019361193	-256
1602298019361209	1048576
1602298019361252	256
1602298019361265	9216
1602298019361322	-9216
1602298019361339	2359296
1602298019361383	256
1602298019361395	9216
1602298019361451	-9216
1602298019361468	2359296
1602298019361513	256
1602298019361525	9216
1602298019361582	-9216
1602298019361599	4194304
1602298019361643	256
1602298019361645	256
1602298019361695	-256
1602298019361713	1048576
1602298019361759	256
1602298019361771	9216
1602298019361829	-9216
1602298019361845	4194304
1602298019361890	256
1602298019361892	256
1602298019361941	-256
1602298019361956	1048576
1602298019361999	256
1602298019362010	9216
1602298019362068	-9216
1602298019362089	8388608
1602298019362135	256
1602298019362147	9216
1602298019362204	-9216
1602298019362221	9437184
1602298019362264	256
1602298019362266	256
1602298019362317	-256
1602298019362332	1048576
1602298019362375	256
1602298019362387	9216
1602298019362445	-9216
1602298019362461	9437184
1602298019362505	256
1602298019362507	256
1602298019362556	-256
1602298019362572	1048576
1602298019362615	256
1602298019362617	256
1602298019362667	-256
1602298019362682	1048576
1602298019362724	256
1602298019362726	256
1602298019362776	-256
1602298019362792	1048576
1602298019362847	118072832
1602298019362904	-111992832
1602298019363135	-256
1602298019363136	-256
1602298019363137	-256
1602298019363138	-256
1602298019363140	-256
1602298019363141	-256
1602298019363141	-256
1602298019363142	-256
1602298019363143	-256
1602298019363144	-256
1602298019363145	-256
1602298019363145	-256
1602298019363146	-256
1602298019363147	-256
1602298019363148	-256
1602298019363149	-256
1602298019363150	-256
1602298019363151	-256
1602298019363152	-256
1602298019363152	-256
1602298019363153	-256
1602298019363154	-256
1602298019363155	-256
1602298019363157	-256
1602298019363158	-256
1602298019363158	-256
1602298019363159	-256
1602298019363160	-256
1602298019363161	-256
1602298019363162	-256
1602298019363163	-256
1602298019363163	-256
1602298019363164	-256
1602298019363165	-256
1602298019363166	-256
1602298019363167	-256
1602298019363167	-256
1602298019363168	-256
1602298019363169	-256
1602298019363170	-256
1602298019363171	-256
1602298019363172	-256
1602298019363172	-256
1602298019363173	-256
1602298019363174	-256
1602298019363175	-256
1602298019363176	-256
1602298019363177	-256
1602298019363177	-256
1602298019363178	-256
1602298019363179	-256
1602298019363180	-256
1602298019363180	-256
1602298019363181	-256
1602298019363211	597295104
1602298019363221	37632
1602298019363310	75520
1602298019363412	-75520
1602298019363417	-37632
1602298019363517	597295104
1602298019363518	256
1602298019363519	256
1602298019363520	256
1602298019363520	256
1602298019363829	149323776
1602298019364006	597295104
1602298019364014	65536
1602298019364069	18944
1602298019364152	-18944
1602298019364155	-65536
1602298019364228	149323776
1602298019364234	16384
1602298019364290	18944
1602298019364376	-18944
1602298019364379	-16384
1602298019364462	-256
1602298019364505	-256
1602298019364523	597295104
1602298019364524	1024
1602298019364525	1024
1602298019364527	1024
1602298019364528	1024
1602298019364670	149323776
1602298019364671	256
1602298019364672	256
1602298019364673	256
1602298019364674	256
1602298019365096	149323776
1602298019365103	147456
1602298019365158	225099776
1602298019365574	-225099776
1602298019365578	-147456
1602298019365757	-1024
1602298019365798	-1024
1602298019365811	149323776
1602298019365813	256
1602298019365814	256
1602298019365814	256
1602298019365816	256
1602298019365979	-256
1602298019366021	-256
1602298019366164	597295104
1602298019366171	65536
1602298019366225	18944
1602298019366303	-18944
1602298019366307	-65536
1602298019366450	597295104
1602298019366451	1024
1602298019366452	1024
1602298019366453	1024
1602298019366454	1024
1602298019366619	-256
1602298019366661	-256
1602298019366717	-597295104
1602298019366943	149323776
1602298019366950	65536
1602298019367005	18944
1602298019367086	-18944
1602298019367090	-65536
1602298019367173	-1024
1602298019367212	-1024
1602298019367232	149323776
1602298019367233	256
1602298019367234	256
1602298019367235	256
1602298019367236	256
1602298019367495	149323776
1602298019367501	147456
1602298019367555	225099776
1602298019367947	-225099776
1602298019367951	-147456
1602298019368128	149323776
1602298019368129	256
1602298019368130	256
1602298019368131	256
1602298019368132	256
1602298019368296	-256
1602298019368339	-256
1602298019368518	597295104
1602298019368524	65536
1602298019368580	18944
1602298019368659	-18944
1602298019368663	-65536
1602298019368811	597295104
1602298019368812	1024
1602298019368813	1024
1602298019368814	1024
1602298019368815	1024
1602298019368978	-256
1602298019369021	-256
1602298019369287	149323776
1602298019369293	65536
1602298019369349	18944
1602298019369427	-18944
1602298019369431	-65536
1602298019369522	-1024
1602298019369562	-1024
1602298019369578	149323776
1602298019369579	256
1602298019369580	256
1602298019369581	256
1602298019369582	256
1602298019369847	149323776
1602298019369854	147456
1602298019369908	225099776
1602298019370290	-225099776
1602298019370294	-147456
1602298019370439	149323776
1602298019370441	256
1602298019370441	256
1602298019370443	256
1602298019370444	256
1602298019370602	-256
1602298019370648	-256
1602298019370793	597295104
1602298019370800	65536
1602298019370855	18944
1602298019370934	-18944
1602298019370937	-65536
1602298019371083	597295104
1602298019371084	1024
1602298019371085	1024
1602298019371086	1024
1602298019371088	1024
1602298019371250	-256
1602298019371293	-256
1602298019371555	298647552
1602298019371561	524288
1602298019371615	4864
1602298019371694	-4864
1602298019371698	-524288
1602298019371767	111982592
1602298019371773	131072
1602298019371829	4864
1602298019371904	-4864
1602298019371907	-131072
1602298019371970	-1024
1602298019372010	-1024
1602298019372024	298647552
1602298019372025	2048
1602298019372026	2048
1602298019372027	2048
1602298019372028	2048
1602298019372150	74661888
1602298019372151	512
1602298019372152	768
1602298019372154	512
1602298019372155	512
1602298019372586	74661888
1602298019372591	589824
1602298019372642	278552576
1602298019372801	-278552576
1602298019372805	-589824
1602298019372971	-2048
1602298019373009	-2048
1602298019373021	74661888
1602298019373022	512
1602298019373023	512
1602298019373024	512
1602298019373025	512
1602298019373177	-512
1602298019373216	-768
1602298019373343	298647552
1602298019373349	262144
1602298019373400	4864
1602298019373474	-4864
1602298019373477	-262144
1602298019373613	298647552
1602298019373614	2048
1602298019373615	2048
1602298019373616	2048
1602298019373618	2048
1602298019373765	-512
1602298019373809	-512
1602298019373855	-298647552
1602298019374061	74661888
1602298019374068	262144
1602298019374118	4864
1602298019374196	-4864
1602298019374199	-262144
1602298019374283	-2048
1602298019374322	-2048
1602298019374335	74661888
1602298019374336	512
1602298019374336	768
1602298019374337	512
1602298019374338	512
1602298019374579	74661888
1602298019374585	589824
1602298019374635	278552576
1602298019374794	-278552576
1602298019374798	-589824
1602298019374934	74663936
1602298019374936	512
1602298019374937	512
1602298019374938	512
1602298019374939	512
1602298019375089	-512
1602298019375131	-768
1602298019375261	298647552
1602298019375267	262144
1602298019375317	4864
1602298019375393	-4864
1602298019375396	-262144
1602298019375532	298647552
1602298019375533	2048
1602298019375534	2048
1602298019375535	2048
1602298019375536	2048
1602298019375685	-512
1602298019375726	-512
1602298019375978	74661888
1602298019375984	262144
1602298019376035	4864
1602298019376109	-4864
1602298019376113	-262144
1602298019376191	-2048
1602298019376233	-2048
1602298019376249	74661888
1602298019376250	512
1602298019376251	768
1602298019376251	512
1602298019376252	512
1602298019376526	74661888
1602298019376532	589824
1602298019376582	278552576
1602298019376739	-278552576
1602298019376743	-589824
1602298019376882	74661888
1602298019376883	512
1602298019376884	512
1602298019376885	512
1602298019376886	512
1602298019377033	-512
1602298019377072	-768
1602298019377206	298647552
1602298019377212	262144
1602298019377262	4864
1602298019377338	-4864
1602298019377341	-262144
1602298019377479	298647552
1602298019377480	2048
1602298019377481	2048
1602298019377483	2048
1602298019377484	2048
1602298019377633	-512
1602298019377674	-512
1602298019377940	74661888
1602298019377946	262144
1602298019377999	4864
1602298019378077	-4864
1602298019378080	-262144
1602298019378160	-2048
1602298019380698	-2048
1602298019380724	74661888
1602298019380726	512
1602298019380727	768
1602298019380728	512
1602298019380728	512
1602298019381007	74661888
1602298019381014	589824
1602298019381070	278552576
1602298019381254	-278552576
1602298019381258	-589824
1602298019381405	74661888
1602298019381407	512
1602298019381408	512
1602298019381409	512
1602298019381409	512
1602298019381566	-512
1602298019381609	-768
1602298019381746	298647552
1602298019381752	262144
1602298019381804	4864
1602298019381881	-4864
1602298019381885	-262144
1602298019382020	298647552
1602298019382021	2048
1602298019382022	2048
1602298019382023	2048
1602298019382024	2048
1602298019382184	-512
1602298019382226	-512
1602298019382496	37330944
1602298019382503	524288
1602298019382554	1280
1602298019382629	-1280
1602298019382633	-524288
1602298019382690	149323776
1602298019382695	2097152
1602298019382746	1280
1602298019382818	-1280
1602298019382820	-2097152
1602298019382882	-2048
1602298019382921	-2048
1602298019382934	37330944
1602298019382935	1024
1602298019382936	1024
1602298019382937	1024
1602298019382938	1024
1602298019383051	149323776
1602298019383053	4096
1602298019383054	4096
1602298019383055	4096
1602298019383056	4096
1602298019383373	37330944
1602298019383379	2359296
1602298019383432	235929600
1602298019383563	-235929600
1602298019383567	-2359296
1602298019383786	37330944
1602298019383787	1024
1602298019383789	1024
1602298019383790	1024
1602298019383791	1024
1602298019383944	-1024
1602298019383984	-1024
1602298019384023	-4096
1602298019384058	-4096
1602298019384190	149323776
1602298019384197	1048576
1602298019384247	1280
1602298019384322	-1280
1602298019384326	-1048576
1602298019384480	149323776
1602298019384481	4096
1602298019384482	4096
1602298019384483	4096
1602298019384485	4096
1602298019384639	-1024
1602298019384679	-1024
1602298019384721	-149323776
1602298019384938	37330944
1602298019384944	1048576
1602298019384993	1280
1602298019385064	-1280
1602298019385068	-1048576
1602298019385145	-4096
1602298019385181	-4096
1602298019385193	37330944
1602298019385195	1024
1602298019385195	1024
1602298019385196	1024
1602298019385197	1024
1602298019385426	37330944
1602298019385432	2359296
1602298019385481	235929600
1602298019385591	-235929600
1602298019385595	-2359296
1602298019385722	37330944
1602298019385723	1024
1602298019385724	1024
1602298019385726	1024
1602298019385726	1024
1602298019385866	-1024
1602298019385903	-1024
1602298019386068	149323776
1602298019386074	1048576
1602298019386122	1280
1602298019386194	-1280
1602298019386197	-1048576
1602298019386324	149323776
1602298019386325	4096
1602298019386326	4096
1602298019386327	4096
1602298019386328	4096
1602298019386474	-1024
1602298019386512	-1024
1602298019386748	37330944
1602298019386754	1048576
1602298019386802	2048
1602298019386871	-2048
1602298019386874	-1048576
1602298019386954	-4096
1602298019386991	-4096
1602298019387003	37330944
1602298019387004	1024
1602298019387004	1024
1602298019387005	1024
1602298019387006	1024
1602298019387230	37330944
1602298019387236	2359296
1602298019387284	235929600
1602298019387392	-235929600
1602298019387396	-2359296
1602298019387527	37330944
1602298019387529	1024
1602298019387529	1024
1602298019387530	1024
1602298019387531	1024
1602298019387673	-1024
1602298019387712	-1024
1602298019387834	149323776
1602298019387841	1048576
1602298019387888	1280
1602298019387958	-1280
1602298019387962	-1048576
1602298019388087	149323776
1602298019388088	4096
1602298019388089	4096
1602298019388090	4096
1602298019388091	4096
1602298019388253	-1024
1602298019388291	-1024
1602298019388543	37330944
1602298019388550	1048576
1602298019388598	2048
1602298019388672	-2048
1602298019388675	-1048576
1602298019388752	-4096
1602298019388792	-4096
1602298019388807	37330944
1602298019388808	1024
1602298019388809	1024
1602298019388810	1024
1602298019388811	1024
1602298019389042	37330944
1602298019389048	2359296
1602298019389095	235929600
1602298019389204	-235929600
1602298019389208	-2359296
1602298019389337	37330944
1602298019389338	1024
1602298019389339	1024
1602298019389340	1024
1602298019389340	1024
1602298019389479	-1024
1602298019389516	-1024
1602298019389646	149323776
1602298019389652	1048576
1602298019389700	1280
1602298019389769	-1280
1602298019389773	-1048576
1602298019389904	149323776
1602298019389905	4096
1602298019389906	4096
1602298019389907	4096
1602298019389909	4096
1602298019390051	-1024
1602298019390089	-1024
1602298019391066	37330944
1602298019391072	1048576
1602298019391122	2048
1602298019391871	-2048
1602298019391874	-1048576
1602298019392441	-4096
1602298019392481	-4096
1602298019392493	37330944
1602298019392495	1024
1602298019392495	1024
1602298019392496	1024
1602298019392497	1024
1602298019392746	37330944
1602298019392752	2359296
1602298019395510	235929600
1602298019398792	-235929600
1602298019398795	-2359296
1602298019402191	37330944
1602298019402192	1024
1602298019402193	1024
1602298019402194	1024
1602298019402195	1024
1602298019402336	-1024
1602298019404500	-1024
1602298019404628	149323776
1602298019404634	1048576
1602298019404681	1280
1602298019407118	-1280
1602298019407121	-1048576
1602298019408550	149323776
1602298019408551	4096
1602298019408552	4096
1602298019408553	4096
1602298019408554	4096
1602298019408698	-1024
1602298019408736	-1024
1602298019413179	37330944
1602298019413184	1048576
1602298019413740	2048
1602298019413808	-2048
1602298019413811	-1048576
1602298019413886	-4096
1602298019413921	-4096
1602298019413932	37330944
1602298019413933	1024
1602298019413934	1024
1602298019413935	1024
1602298019413935	1024
1602298019416854	37330944
1602298019416859	2359296
1602298019420106	235929600
1602298019423505	-235929600
1602298019423509	-2359296
1602298019425870	37330944
1602298019425871	1024
1602298019425872	1024
1602298019425873	1024
1602298019425873	1024
1602298019426012	-1024
1602298019426047	-1024
1602298019428442	149323776
1602298019428447	1048576
1602298019428493	1280
1602298019429881	-1280
1602298019429884	-1048576
1602298019430001	149323776
1602298019430001	4096
1602298019430002	4096
1602298019430003	4096
1602298019430004	4096
1602298019430131	-1024
1602298019433563	-1024
1602298019435100	74661888
1602298019435105	8388608
1602298019435147	512
1602298019435209	-512
1602298019435212	-8388608
1602298019435246	18665472
1602298019435251	2097152
1602298019438129	512
1602298019441389	-512
1602298019441391	-2097152
1602298019441465	-4096
1602298019444755	-4096
1602298019444767	74661888
1602298019444768	8192
1602298019444769	8192
1602298019444769	8192
1602298019444770	8192
1602298019444859	18665472
1602298019444860	2048
1602298019444861	2048
1602298019444861	2048
1602298019444862	2048
1602298019452092	18665472
1602298019452097	9437184
1602298019452139	150994944
1602298019455429	-150994944
1602298019455432	-9437184
1602298019455760	-8192
1602298019455789	-8192
1602298019455799	18665472
1602298019455800	2048
1602298019455801	2048
1602298019455802	2048
1602298019455803	2048
1602298019455908	-2048
1602298019455939	-2048
1602298019458354	74661888
1602298019458358	4194304
1602298019458397	512
1602298019458453	-512
1602298019458455	-4194304
1602298019458850	74661888
1602298019458851	10240
1602298019458852	8192
1602298019458852	8192
1602298019458853	8192
1602298019459157	-2048
1602298019459188	-2048
1602298019459220	-74661888
1602298019463413	18665472
1602298019463418	4194304
1602298019463456	512
1602298019465109	-512
1602298019465112	-4194304
1602298019465174	-10240
1602298019466276	-8192
1602298019466286	18665472
1602298019466286	2048
1602298019466287	2048
1602298019466288	2048
1602298019466288	2048
1602298019466454	18665472
1602298019466459	18673664
1602298019468807	150994944
1602298019469570	-150994944
1602298019469573	-18673664
1602298019469673	18673664
1602298019469674	2048
1602298019469675	2048
1602298019469676	2048
1602298019469676	2048
1602298019472118	-2048
1602298019472147	-2048
1602298019472900	74661888
1602298019472904	4194304
1602298019472942	512
1602298019472996	-512
1602298019472998	-4194304
1602298019475569	74661888
1602298019475570	8192
1602298019475570	8192
1602298019475571	8192
1602298019475572	8192
1602298019475692	-2048
1602298019477162	-2048
1602298019480069	18665472
1602298019480074	4194304
1602298019480109	512
1602298019480160	-512
1602298019480162	-4194304
1602298019482459	-8192
1602298019482489	-8192
1602298019482499	18665472
1602298019482500	2048
1602298019482501	2048
1602298019482501	2048
1602298019482502	2048
1602298019483267	18665472
1602298019483271	9437184
1602298019483306	150994944
1602298019486220	-150994944
1602298019486223	-9437184
1602298019486533	18665472
1602298019486533	2048
1602298019486534	2048
1602298019486535	2048
1602298019486535	2048
1602298019486631	-2048
1602298019486659	-2048
1602298019489217	74661888
1602298019489221	4194304
1602298019489255	512
1602298019490799	-512
1602298019490801	-4194304
1602298019492500	74661888
1602298019492500	10240
1602298019492501	8192
1602298019492502	8192
1602298019492502	8192
1602298019492595	-2048
1602298019493663	-2048
1602298019496926	-10240
1602298019496953	-8192
1602298019496963	1523712
1602298019497026	744960
1602298019497199	768
1602298019497201	1024
1602298019500306	-768
1602298019500313	-768
1602298019500381	256
1602298019502942	-1024
1602298019502951	4096
1602298019502999	1523712
1602298019503069	8200192
1602298019504533	-1523712
1602298019504534	-744960
1602298019504607	-4096
1602298019506234	-8200192
1602298019506271	-256
1602298019506309	-4096
1602298019506319	74661888
1602298019507426	-1523712
1602298019507460	-8200192
1602298019507538	-74661888
1602298019507556	74670080
1602298019507556	10240
1602298019507557	8192
1602298019507558	256
1602298019507586	256
1602298019508900	-74661888
1602298019508901	-8192
1602298019508902	-8192
1602298019508903	-256
1602298019508904	-256
1602298019508976	18665472
1602298019508985	8192512
1602298019509011	18665472
1602298019509033	4096
1602298019515021	-18665472
1602298019515023	-4096
1602298019515024	-8192512
1602298019515047	8192512
1602298019515057	4194304
1602298019515076	4096
1602298019515193	-4096
1602298019515195	-4194304
1602298019515203	-74670080
1602298019515242	-10240
1602298019515442	-8192
1602298019515477	-18665472
1602298019517255	-4194304
1602298019517265	18665472
1602298019517266	2048
1602298019517266	2048
1602298019517267	256
1602298019517579	256
1602298019517635	-18665472
1602298019517636	-18665472
1602298019517636	-2048
1602298019517638	-2048
1602298019517639	-256
1602298019517640	-256
1602298019517679	-8192512
1602298019517688	18665472
1602298019517693	9437184
1602298019517866	18665472
1602298019517881	150994944
1602298019518043	-18665472
1602298019518045	-150994944
1602298019518046	-9437184
1602298019518067	9437184
1602298019518073	18665472
1602298019518087	147456000
1602298019520622	-147456000
1602298019520624	-18665472
1602298019520631	-18665472
1602298019520670	-2048
1602298019520697	-2048
1602298019521527	-18665472
1602298019521554	-9437184
1602298019521562	18665472
1602298019521563	2048
1602298019521563	2048
1602298019521564	256
1602298019522368	256
1602298019522422	-18665472
1602298019522423	-18665472
1602298019522424	-2048
1602298019522424	-2048
1602298019522426	-256
1602298019522426	-256
1602298019522974	-9437184
1602298019522983	74661888
1602298019522988	4194304
1602298019523010	124009984
1602298019523024	4096
1602298019523088	-74661888
1602298019523090	-4096
1602298019523091	-4194304
1602298019523111	4194304
1602298019523117	8200704
1602298019523130	4096
1602298019525890	-4096
1602298019525892	-8200704
1602298019525899	-18665472
1602298019525937	-2048
1602298019525965	-2048
1602298019526256	-124009984
1602298019526291	-4194304
1602298019528056	-74661888
1602298019528384	-4194304
1602298019528393	74678272
1602298019528394	8192
1602298019528395	8192
1602298019528396	256
1602298019528416	256
1602298019528682	-74661888
1602298019528683	-8192
1602298019528684	-8192
1602298019528685	-256
1602298019528686	-256
1602298019528700	18665472
1602298019528704	4194304
1602298019528728	18665472
1602298019528741	4096
1602298019528859	-18665472
1602298019528861	-4096
1602298019528862	-4194304
1602298019528882	4194304
1602298019528888	8200704
1602298019528900	4096
1602298019532304	-4096
1602298019532306	-8200704
1602298019532312	-74678272
1602298019532357	-8192
1602298019532387	-8192
1602298019533170	-18673664
1602298019533198	-4194304
1602298019533207	18665472
1602298019533208	2048
1602298019533209	2048
1602298019533209	256
1602298019533228	256
1602298019533801	-18665472
1602298019533802	-18665472
1602298019533803	-2048
1602298019533804	-2048
1602298019533805	-256
1602298019533806	-256
1602298019533843	-4194304
1602298019533851	18665472
1602298019533856	9437184
1602298019533879	18673664
1602298019533892	150994944
1602298019538140	-18665472
1602298019538142	-150994944
1602298019538144	-9437184
1602298019538176	9437184
1602298019538183	18665472
1602298019538197	147456000
1602298019538303	-147456000
1602298019538305	-18665472
1602298019538312	-18665472
1602298019538838	-2048
1602298019539170	-2048
1602298019539203	-18665472
1602298019539231	-9437184
1602298019539242	18665472
1602298019539243	2048
1602298019539243	2048
1602298019539244	256
1602298019539441	256
1602298019539611	-18673664
1602298019539612	-18665472
1602298019539613	-2048
1602298019539614	-2048
1602298019539615	-256
1602298019539615	-256
1602298019539659	-9437184
1602298019539670	74661888
1602298019539675	4194304
1602298019539698	74661888
1602298019539712	4096
1602298019542182	-74661888
1602298019542184	-4096
1602298019542185	-4194304
1602298019542210	4194304
1602298019542217	4194304
1602298019542230	4096
1602298019543947	-4096
1602298019543950	-4194304
1602298019543957	-18665472
1602298019543999	-2048
1602298019544030	-2048
1602298019544551	-74661888
1602298019544583	-4194304
1602298019544615	-74661888
1602298019544648	-4194304
1602298019544657	74663936
1602298019544658	10240
1602298019544659	8192
1602298019544659	256
1602298019544679	256
1602298019547069	-74661888
1602298019547070	-8192
1602298019547070	-8192
1602298019547071	-256
1602298019547072	-256
1602298019547091	74661888
1602298019547091	8192
1602298019547092	8192
1602298019547092	256
1602298019547300	256
1602298019547490	-74661888
1602298019547492	-74661888
1602298019547492	-8192
1602298019547493	-8192
1602298019547494	-256
1602298019547494	-256
1602298019547513	149323776
1602298019547518	9437184
1602298019547543	149323776
1602298019547905	-149323776
1602298019547908	-9437184
1602298019547934	9437184
1602298019547941	9437696
1602298019547956	4096
1602298019550228	-4096
1602298019550230	-9437696
1602298019550237	-74663936
1602298019550279	-10240
1602298019550308	-8192
1602298019550321	18665472
1602298019550326	4194304
1602298019550408	18665472
1602298019550422	4096
1602298019550487	-18665472
1602298019550489	-4096
1602298019550490	-4194304
1602298019550512	4194304
1602298019550517	4194304
1602298019550530	4096
1602298019553912	-4096
1602298019553914	-4194304
1602298019553921	-74661888
1602298019553962	-8192
1602298019554762	-8192
1602298019554793	-8388608
1602298019554822	-18665472
1602298019555360	-4194304
1602298019555392	-9437184
1602298019555400	18665472
1602298019555401	2048
1602298019555402	2048
1602298019555402	256
1602298019555422	256
1602298019555478	-18665472
1602298019555479	-18665472
1602298019555479	-2048
1602298019555480	-2048
1602298019555482	-256
1602298019555482	-256
1602298019558053	-4194304
1602298019558065	18665472
1602298019558070	9437184
1602298019558094	18665472
1602298019558108	186654720
1602298019558504	-18665472
1602298019558506	-186654720
1602298019558507	-9437184
1602298019558531	9437184
1602298019558538	17826560
1602298019558551	186654720
1602298019560972	-186654720
1602298019560974	-17826560
1602298019560981	-18665472
1602298019561027	-2048
1602298019561234	-2048
1602298019561268	-18665472
1602298019561394	-9437184
1602298019561406	18665472
1602298019561407	2048
1602298019561407	2048
1602298019561408	256
1602298019561470	256
1602298019561526	-18665472
1602298019561528	-18665472
1602298019561529	-2048
1602298019561529	-2048
1602298019561531	-256
1602298019561531	-256
1602298019561572	-9437184
1602298019561582	261349376
1602298019561588	2097152
1602298019563967	149323776
1602298019564872	-261349376
1602298019564874	-2097152
1602298019564902	2097152
1602298019564908	2097152
1602298019564923	4096
1602298019565757	-4096
1602298019565760	-2097152
1602298019565766	-18665472
1602298019566328	-2048
1602298019566359	-2048
1602298019566389	-149323776
1602298019566418	-2097152
1602298019566446	-149323776
1602298019568809	-2097152
1602298019568820	149327872
1602298019568820	4096
1602298019568821	4096
1602298019568821	256
1602298019568843	256
1602298019569123	-149323776
1602298019569124	-4096
1602298019569125	-4096
1602298019569127	-256
1602298019569127	-256
1602298019569146	37330944
1602298019569152	1048576
1602298019569231	37330944
1602298019569246	3584
1602298019569313	-37330944
1602298019569315	-3584
1602298019569316	-1048576
1602298019569339	1048576
1602298019569345	1049088
1602298019569359	2560
1602298019571755	-2560
1602298019571757	-1049088
1602298019571764	-149327872
1602298019572008	-4096
1602298019572042	-4096
1602298019572079	-37330944
1602298019572184	-1048576
1602298019572195	37330944
1602298019572196	1024
1602298019572196	1024
1602298019572197	256
1602298019572223	256
1602298019572297	-37330944
1602298019572299	-37330944
1602298019572300	-1024
1602298019572300	-1024
1602298019572302	-256
1602298019572302	-256
1602298019572348	-1048576
1602298019572366	37330944
1602298019572371	4194304
1602298019572406	37330944
1602298019572421	263061504
1602298019575697	-37330944
1602298019575699	-263061504
1602298019575701	-4194304
1602298019575724	4194304
1602298019575731	4194304
1602298019575752	256745472
1602298019577148	-256745472
1602298019577151	-4194304
1602298019577158	-37330944
1602298019577204	-1024
1602298019577249	-1024
1602298019577287	-37330944
1602298019582223	-2359296
1602298019582236	37330944
1602298019582236	1024
1602298019582237	1024
1602298019582237	256
1602298019582265	256
1602298019582338	-37330944
1602298019582340	-37330944
1602298019582340	-1024
1602298019582341	-1024
1602298019582342	-256
1602298019582342	-256
1602298019583627	-4194304
1602298019583643	149323776
1602298019583648	1048832
1602298019583674	149323776
1602298019583687	4096
1602298019584240	-149323776
1602298019584242	-4096
1602298019584243	-1048832
1602298019584267	1048832
1602298019584273	1048576
1602298019584287	4096
1602298019584411	-4096
1602298019584414	-1048576
1602298019584421	-37330944
1602298019584458	-1024
1602298019584494	-1024
1602298019584530	-149323776
1602298019584743	-1048576
1602298019584848	-149323776
1602298019586588	-1048832
1602298019586599	149327872
1602298019586600	4096
1602298019586600	4096
1602298019586601	256
1602298019586820	256
1602298019586893	-149323776
1602298019586894	-4096
1602298019586900	-4096
1602298019586902	-256
1602298019586902	-256
1602298019586922	37330944
1602298019586927	1048832
1602298019586955	37330944
1602298019586969	3584
1602298019587039	-37330944
1602298019587042	-3584
1602298019587043	-1048832
1602298019587066	1048832
1602298019587072	1048576
1602298019587086	2560
1602298019587199	-2560
1602298019587201	-1048576
1602298019587208	-149327872
1602298019587251	-4096
1602298019587285	-4096
1602298019589761	-37330944
1602298019589796	-1048576
1602298019589812	37330944
1602298019589813	1024
1602298019589813	1024
1602298019589814	256
1602298019589835	256
1602298019590263	-37330944
1602298019590265	-37330944
1602298019590266	-1024
1602298019590266	-1024
1602298019590268	-256
1602298019590268	-256
1602298019590320	-1048832
1602298019590331	37330944
1602298019590337	4194304
1602298019590361	37330944
1602298019590375	263061504
1602298019590970	-37330944
1602298019590972	-263061504
1602298019590974	-4194304
1602298019590998	4194304
1602298019591005	4194304
1602298019591018	256745472
1602298019593678	-256745472
1602298019593681	-4194304
1602298019593689	-37330944
1602298019593740	-1024
1602298019593825	-1024
1602298019593906	-37330944
1602298019593938	-2359296
1602298019593953	37330944
1602298019593954	1024
1602298019593954	1024
1602298019593955	256
1602298019593976	256
1602298019594106	-37330944
1602298019594107	-37330944
1602298019594108	-1024
1602298019594108	-1024
1602298019594110	-256
1602298019594110	-256
1602298019594314	-4194304
1602298019594325	149323776
1602298019594331	1048576
1602298019594416	149323776
1602298019594429	4096
1602298019596419	-149323776
1602298019596422	-4096
1602298019596423	-1048576
1602298019596450	1048576
1602298019596457	1049088
1602298019596471	4096
1602298019596654	-4096
1602298019596656	-1049088
1602298019596663	-37330944
1602298019596710	-1024
1602298019596745	-1024
1602298019596778	-149323776
1602298019596813	-1048576
1602298019599300	-149323776
1602298019599333	-1048576
1602298019599349	149327872
1602298019599350	4096
1602298019599350	4096
1602298019599351	256
1602298019599373	256
1602298019599820	-149323776
1602298019599821	-4096
1602298019599821	-4096
1602298019599823	-256
1602298019599824	-256
1602298019599842	37330944
1602298019599848	1048576
1602298019599876	37330944
1602298019599895	3584
1602298019600224	-37330944
1602298019600226	-3584
1602298019600227	-1048576
1602298019600251	1048576
1602298019600258	1049088
1602298019600271	2560
1602298019600591	-2560
1602298019600593	-1049088
1602298019600600	-149327872
1602298019600648	-4096
1602298019603232	-4096
1602298019603268	-37330944
1602298019603301	-1048576
1602298019603312	37330944
1602298019603313	1024
1602298019603313	1024
1602298019603314	256
1602298019603393	256
1602298019603523	-37330944
1602298019603525	-37330944
1602298019603525	-1024
1602298019603526	-1024
1602298019603528	-256
1602298019603528	-256
1602298019603573	-1048576
1602298019603587	37330944
1602298019603593	4194304
1602298019603618	37330944
1602298019603631	263061504
1602298019605715	-37330944
1602298019605718	-263061504
1602298019605719	-4194304
1602298019605748	4194304
1602298019605755	4194304
1602298019605769	256745472
1602298019606124	-256745472
1602298019606127	-4194304
1602298019606134	-37330944
1602298019606182	-1024
1602298019606212	-1024
1602298019606247	-37330944
1602298019606282	-2359296
1602298019606295	37330944
1602298019606295	1024
1602298019606296	1024
1602298019606296	256
1602298019606322	256
1602298019606398	-37330944
1602298019606399	-37330944
1602298019606400	-1024
1602298019606400	-1024
1602298019606402	-256
1602298019606402	-256
1602298019608857	-4194304
1602298019608870	149323776
1602298019608876	1048576
1602298019608902	149323776
1602298019608915	4096
1602298019609329	-149323776
1602298019609332	-4096
1602298019609332	-1048576
1602298019609358	1048576
1602298019609364	1049088
1602298019609377	4096
1602298019609780	-4096
1602298019609783	-1049088
1602298019609790	-37330944
1602298019609829	-1024
1602298019610078	-1024
1602298019610114	-149323776
1602298019610149	-1048576
1602298019610462	-149323776
1602298019610719	-1048576
1602298019610730	149327872
1602298019610731	4096
1602298019610731	4096
1602298019610732	256
1602298019610753	256
1602298019610828	-149323776
1602298019610830	-4096
1602298019610830	-4096
1602298019610832	-256
1602298019610833	-256
1602298019610851	37330944
1602298019610857	1048576
1602298019610885	37330944
1602298019610899	3584
1602298019610969	-37330944
1602298019610971	-3584
1602298019610972	-1048576
1602298019610996	1048576
1602298019611002	1049088
1602298019611015	2560
1602298019611128	-2560
1602298019611131	-1049088
1602298019611138	-149327872
1602298019611178	-4096
1602298019611266	-4096
1602298019611304	-37330944
1602298019611335	-1048576
1602298019611349	47713792
1602298019611349	1024
1602298019611350	1024
1602298019611351	256
1602298019611372	256
1602298019611442	-37330944
1602298019611444	-37330944
1602298019611445	-1024
1602298019611446	-1024
1602298019611447	-256
1602298019611448	-256
1602298019611498	-1048576
1602298019611510	37330944
1602298019611515	2359808
1602298019612246	37330944
1602298019612265	263061504
1602298019613044	-37330944
1602298019613046	-263061504
1602298019613047	-2359808
1602298019613073	2359808
1602298019613079	4194304
1602298019613093	256745472
1602298019613774	-256745472
1602298019613777	-4194304
1602298019613790	-47713792
1602298019613791	-256
1602298019616599	-1024
1602298019616640	-1024
1602298019616678	-37330944
1602298019616710	-2359296
1602298019616725	37330944
1602298019616725	1024
1602298019616726	1024
1602298019616726	256
1602298019619412	256
1602298019619522	-37330944
1602298019619523	-37330944
1602298019619524	-1024
1602298019619525	-1024
1602298019619526	-256
1602298019619526	-256
1602298019619576	-2359808
1602298019619588	149323776
1602298019619594	1048576
1602298019619681	149323776
1602298019619696	4096
1602298019619762	-149323776
1602298019619764	-4096
1602298019619765	-1048576
1602298019619793	1048576
1602298019619799	1049088
1602298019619812	4096
1602298019620237	-4096
1602298019620239	-1049088
1602298019620246	-37330944
1602298019620346	-1024
1602298019622086	-1024
1602298019622327	-149323776
1602298019622509	-1048576
1602298019622670	-149323776
1602298019624383	-1048576
1602298019624396	149327872
1602298019624396	4096
1602298019624397	4096
1602298019624397	256
1602298019624486	256
1602298019624840	-149323776
1602298019624841	-4096
1602298019624842	-4096
1602298019624844	-256
1602298019624844	-256
1602298019624864	47713792
1602298019624869	1049088
1602298019624897	37330944
1602298019624911	3584
1602298019624988	-47713792
1602298019624990	-3584
1602298019624991	-1049088
1602298019625014	1049088
1602298019625021	1048576
1602298019625034	2560
1602298019625241	-2560
1602298019625243	-1048576
1602298019625251	-149327872
1602298019625309	-4096
1602298019625341	-4096
1602298019625376	-37330944
1602298019628006	-1048576
1602298019628018	37330944
1602298019628018	1024
1602298019628019	1024
1602298019628019	256
1602298019628040	256
1602298019628117	-37330944
1602298019628119	-37330944
1602298019628119	-1024
1602298019628120	-1024
1602298019628121	-256
1602298019628122	-256
1602298019631236	-1049088
1602298019631247	37330944
1602298019631252	4194304
1602298019631282	47713792
1602298019631296	263061504
1602298019631761	-37330944
1602298019631763	-263061504
1602298019631764	-4194304
1602298019631789	4194304
1602298019631796	4194304
1602298019631810	256745472
1602298019632869	-256745472
1602298019632872	-4194304
1602298019632879	-37330944
1602298019632930	-1024
1602298019632963	-1024
1602298019633000	-37330944
1602298019635739	-2359296
1602298019635751	37330944
1602298019635752	1024
1602298019635752	1024
1602298019635753	256
1602298019635779	256
1602298019635851	-47713792
1602298019635852	-37330944
1602298019635853	-1024
1602298019635854	-1024
1602298019635855	-256
1602298019635855	-256
1602298019635899	-4194304
1602298019635915	149323776
1602298019635921	1049088
1602298019638546	149323776
1602298019638560	4096
1602298019638641	-149323776
1602298019638643	-4096
1602298019638644	-1049088
1602298019638668	1049088
1602298019638675	1048576
1602298019638688	4096
1602298019638952	-4096
1602298019638954	-1048576
1602298019638962	-37330944
1602298019639003	-1024
1602298019639116	-1024
1602298019639378	-149323776
1602298019639484	-1048576
1602298019641219	-149323776
1602298019641456	-1049088
1602298019641466	149323776
1602298019641467	4096
1602298019641468	4096
1602298019641468	256
1602298019641629	256
1602298019641843	-149323776
1602298019641845	-4096
1602298019641846	-4096
1602298019641847	-256
1602298019641848	-256
1602298019641866	149323776
1602298019641867	4096
1602298019641867	4096
1602298019641868	256
1602298019643500	256
1602298019643646	-149323776
1602298019643648	-149323776
1602298019643649	-4096
1602298019643649	-4096
1602298019643650	-256
1602298019643651	-256
1602298019643674	298647552
1602298019643680	2097152
1602298019643906	298647552
1602298019643999	-298647552
1602298019644001	-2097152
1602298019644026	2097152
1602298019644033	2097152
1602298019644046	2560
1602298019644164	-2560
1602298019644166	-2097152
1602298019644173	-149323776
1602298019644308	-4096
1602298019644380	-4096
1602298019644392	50860032
1602298019644398	1048576
1602298019644437	37330944
1602298019644450	4096
1602298019647135	-50860032
1602298019647137	-4096
1602298019647138	-1048576
1602298019647162	1048576
1602298019647168	1048576
1602298019647181	4096
1602298019650377	-4096
1602298019650379	-1048576
1602298019650386	-149323776
1602298019650433	-4096
1602298019650469	-4096
1602298019650823	-2097152
1602298019650862	-37330944
1602298019651289	-1048576
1602298019651321	-2097152
1602298019651333	37331968
1602298019651334	1024
1602298019651335	1024
1602298019651336	256
1602298019651357	256
1602298019651431	-37330944
1602298019651433	-37330944
1602298019651434	-1024
1602298019651434	-1024
1602298019651436	-256
1602298019651436	-256
1602298019651984	-1048576
1602298019651996	50860032
1602298019652001	4194304
1602298019652025	37330944
1602298019652040	263061504
1602298019653007	-50860032
1602298019653009	-263061504
1602298019653011	-4194304
1602298019653035	4194304
1602298019653041	4194304
1602298019653054	256745472
1602298019666186	-256745472
1602298019666189	-4194304
1602298019666201	-37331968
1602298019666245	-1024
1602298019666283	-1024
1602298019666321	-37330944
1602298019666350	-2359296
1602298019666365	50860032
1602298019666366	1024
1602298019666367	1024
1602298019666367	256
1602298019666388	256
1602298019669129	-37330944
1602298019669131	-37330944
1602298019669132	-1024
1602298019669132	-1024
1602298019669134	-256
1602298019669134	-256
1602298019669189	-4194304
1602298019669201	298647552
1602298019669206	524288
1602298019669229	298647552
1602298019671887	-298647552
1602298019671889	-524288
1602298019671923	524288
1602298019671929	524544
1602298019671943	4096
1602298019672128	-4096
1602298019672130	-524544
1602298019672137	-50860032
1602298019672184	-1024
1602298019672224	-1024
1602298019672261	-298647552
1602298019672295	-524288
1602298019672423	-298647552
1602298019672461	-524288
1602298019672473	298649600
1602298019672474	2048
1602298019672475	2048
1602298019672475	256
1602298019672568	256
1602298019672886	-298647552
1602298019672887	-2048
1602298019672893	-2048
1602298019672895	-256
1602298019672895	-256
1602298019672916	74661888
1602298019672922	262144
1602298019672949	74661888
1602298019672963	6912
1602298019675096	-74661888
1602298019675099	-6912
1602298019675100	-262144
1602298019675124	262144
1602298019675130	262144
1602298019675143	2560
1602298019677395	-2560
1602298019677397	-262144
1602298019677404	-298649600
1602298019677446	-2048
1602298019677513	-2048
1602298019677578	-74661888
1602298019677610	-262144
1602298019677624	74661888
1602298019677624	512
1602298019677625	512
1602298019677625	256
1602298019677646	256
1602298019677817	-74661888
1602298019677819	-74661888
1602298019677819	-512
1602298019677820	-512
1602298019677821	-256
1602298019677822	-256
1602298019677871	-262144
1602298019677883	74661888
1602298019677888	1048832
1602298019677913	74661888
1602298019677927	278552576
1602298019678198	-74661888
1602298019678200	-278552576
1602298019678202	-1048832
1602298019678233	1048832
1602298019678239	1049088
1602298019678254	338337792
1602298019681576	-338337792
1602298019681579	-1049088
1602298019681586	-74661888
1602298019681633	-512
1602298019681667	-512
1602298019682436	-74661888
1602298019682472	-589824
1602298019682482	74661888
1602298019682483	512
1602298019682483	512
1602298019682484	256
1602298019683302	256
1602298019683379	-74661888
1602298019683381	-74661888
1602298019683382	-512
1602298019683382	-512
1602298019683383	-256
1602298019683384	-256
1602298019683434	-1048832
1602298019683445	298647552
1602298019683451	262400
1602298019683475	298647552
1602298019683489	6912
1602298019684540	-298647552
1602298019684543	-6912
1602298019684544	-262400
1602298019684569	262400
1602298019684575	262144
1602298019684589	4096
1602298019689785	-4096
1602298019689787	-262144
1602298019689795	-74661888
1602298019689837	-512
1602298019689876	-512
1602298019689912	-298647552
1602298019690051	-262144
1602298019690084	-298647552
1602298019690119	-262400
1602298019690129	298649600
1602298019690130	2048
1602298019690131	2048
1602298019690131	256
1602298019690393	256
1602298019690469	-298647552
1602298019690470	-2048
1602298019690471	-2048
1602298019690473	-256
1602298019690473	-256
1602298019690492	74661888
1602298019690497	262400
1602298019690525	74661888
1602298019690539	6912
1602298019692581	-74661888
1602298019692583	-6912
1602298019692585	-262400
1602298019692608	262400
1602298019692615	262144
1602298019692628	2560
1602298019695529	-2560
1602298019695532	-262144
1602298019695539	-298649600
1602298019695581	-2048
1602298019695617	-2048
1602298019695655	-74661888
1602298019695805	-262144
1602298019695819	74661888
1602298019695820	512
1602298019695820	512
1602298019695821	256
1602298019695842	256
1602298019695912	-74661888
1602298019695914	-74661888
1602298019695915	-512
1602298019695916	-512
1602298019695917	-256
1602298019695918	-256
1602298019696157	-262400
1602298019696168	74661888
1602298019696173	589824
1602298019696202	74661888
1602298019696216	278552576
1602298019696326	-74661888
1602298019696328	-278552576
1602298019696329	-589824
1602298019696361	589824
1602298019696367	1048832
1602298019696382	338337792
1602298019699125	-338337792
1602298019699128	-1048832
1602298019699135	-74661888
1602298019701705	-512
1602298019701744	-512
1602298019701776	-74661888
1602298019701811	-589824
1602298019701824	74661888
1602298019701825	512
1602298019701825	512
1602298019701826	256
1602298019702571	256
1602298019702644	-74661888
1602298019702645	-74661888
1602298019702646	-512
1602298019702646	-512
1602298019702648	-256
1602298019702648	-256
1602298019703443	-589824
1602298019703455	298647552
1602298019703460	262400
1602298019703484	298647552
1602298019703503	6912
1602298019704638	-298647552
1602298019704641	-6912
1602298019704642	-262400
1602298019704667	262400
1602298019704674	262144
1602298019704687	4096
1602298019707309	-4096
1602298019707311	-262144
1602298019707318	-74661888
1602298019707365	-512
1602298019709917	-512
1602298019709957	-298647552
1602298019709989	-262144
1602298019710021	-298647552
1602298019710174	-262400
1602298019710186	298651648
1602298019710187	2048
1602298019710187	2048
1602298019710188	256
1602298019710218	256
1602298019710290	-298647552
1602298019710292	-2048
1602298019710292	-2048
1602298019710294	-256
1602298019710295	-256
1602298019710313	74661888
1602298019710319	262400
1602298019710512	74661888
1602298019710526	6912
1602298019710934	-74661888
1602298019710936	-6912
1602298019710938	-262400
1602298019710961	262400
1602298019710967	262144
1602298019710980	2560
1602298019714040	-2560
1602298019714043	-262144
1602298019714050	-298651648
1602298019715438	-2048
1602298019715625	-2048
1602298019715662	-74663936
1602298019715696	-262144
1602298019715707	74661888
1602298019715707	512
1602298019715708	512
1602298019715709	256
1602298019715729	256
1602298019715942	-74661888
1602298019715944	-74661888
1602298019715944	-512
1602298019715950	-512
1602298019715951	-256
1602298019715952	-256
1602298019715996	-262400
1602298019716007	74661888
1602298019716012	589824
1602298019716041	74663936
1602298019716055	278552576
1602298019716321	-74661888
1602298019716323	-278552576
1602298019716325	-589824
1602298019716357	589824
1602298019716364	589824
1602298019716379	338337792
1602298019719196	-338337792
1602298019719199	-589824
1602298019719206	-74661888
1602298019719255	-512
1602298019719290	-512
1602298019721842	-74661888
1602298019721883	-589824
1602298019721897	74661888
1602298019721898	512
1602298019721898	512
1602298019721899	256
1602298019721924	256
1602298019722002	-74663936
1602298019722004	-74661888
1602298019722004	-512
1602298019722005	-512
1602298019722006	-256
1602298019722006	-256
1602298019722687	-589824
1602298019722698	298647552
1602298019722704	262400
1602298019722739	298647552
1602298019722753	6912
1602298019723591	-298647552
1602298019723594	-6912
1602298019723595	-262400
1602298019723619	262400
1602298019723626	262144
1602298019723639	4096
1602298019727411	-4096
1602298019727414	-262144
1602298019727422	-74661888
1602298019727471	-512
1602298019727505	-512
1602298019727537	-298647552
1602298019730061	-262144
1602298019730101	-298647552
1602298019730133	-262400
1602298019730147	298649600
1602298019730148	2048
1602298019730148	2048
1602298019730149	256
1602298019730169	256
1602298019730370	-298647552
1602298019730371	-2048
1602298019730372	-2048
1602298019730374	-256
1602298019730374	-256
1602298019730399	298647552
1602298019730399	2048
1602298019730400	2048
1602298019730400	256
1602298019730425	256
1602298019730491	-298647552
1602298019730493	-298647552
1602298019730494	-2048
1602298019730495	-2048
1602298019730496	-256
1602298019730497	-256
1602298019730515	597295104
1602298019730521	589824
1602298019730652	597295104
1602298019730747	-597295104
1602298019730749	-589824
1602298019730780	589824
1602298019730787	589824
1602298019730801	2560
1602298019733618	-2560
1602298019733621	-589824
1602298019733628	-298649600
1602298019734173	-2048
1602298019735561	-2048
1602298019735578	74661888
1602298019735584	262400
1602298019735749	74661888
1602298019735764	6912
1602298019735839	-74661888
1602298019735841	-6912
1602298019735843	-262400
1602298019735865	262400
1602298019735872	262144
1602298019735885	4096
1602298019736392	-4096
1602298019736394	-262144
1602298019736401	-298647552
1602298019736442	-2048
1602298019736480	-2048
1602298019736518	-524288
1602298019739303	-74661888
1602298019739339	-262144
1602298019739376	-589824
1602298019739386	78987008
1602298019739387	512
1602298019739388	512
1602298019739388	256
1602298019739413	256
1602298019741983	-74661888
1602298019741985	-74661888
1602298019741986	-512
1602298019741987	-512
1602298019741988	-256
1602298019741989	-256
1602298019742033	-262400
1602298019742049	74661888
1602298019742055	589824
1602298019742079	74661888
1602298019742093	278552576
1602298019742869	-74661888
1602298019742872	-278552576
1602298019742873	-589824
1602298019742898	589824
1602298019742905	589824
1602298019742920	447977472
1602298019743711	-447977472
1602298019743713	-589824
1602298019743720	-78987008
1602298019744849	-512
1602298019744888	-512
1602298019744927	-74661888
1602298019747488	-589824
1602298019747497	74661888
1602298019747498	512
1602298019747499	512
1602298019747499	256
1602298019747521	256
1602298019747592	-74661888
1602298019747594	-111982592
1602298019747595	-512
1602298019747595	-512
1602298019747597	-256
1602298019747597	-256
1602298019747649	-589824
1602298019747661	597295104
1602298019747667	131072
1602298019750131	597295104
1602298019750232	-597295104
1602298019750234	-131072
1602298019750266	131072
1602298019750273	131328
1602298019750287	4096
1602298019750724	-4096
1602298019750726	-131328
1602298019750734	-74661888
1602298019750782	-512
1602298019750816	-512
1602298019751149	-597295104
1602298019751185	-131072
1602298019752892	-597295104
1602298019753185	-131072
1602298019753197	597295104
1602298019753197	1536
1602298019753198	1024
1602298019753198	256
1602298019753694	256
1602298019754299	-597295104
1602298019754300	-1024
1602298019754301	-1024
1602298019754303	-256
1602298019754304	-256
1602298019754323	149323776
1602298019754329	65536
1602298019755637	149323776
1602298019755651	21248
1602298019755882	-149323776
1602298019755885	-21248
1602298019755886	-65536
1602298019755911	65536
1602298019755917	65536
1602298019755931	4096
1602298019756440	-4096
1602298019756442	-65536
1602298019756449	-597295104
1602298019756492	-1536
1602298019756530	-1024
1602298019756568	-149323776
1602298019756598	-65536
1602298019756613	149323776
1602298019756613	256
1602298019756614	256
1602298019756614	256
1602298019759396	256
1602298019759469	-149323776
1602298019759471	-149323776
1602298019759471	-256
1602298019759473	-256
1602298019759474	-256
1602298019759475	-256
1602298019759525	-65536
1602298019759537	149323776
1602298019759542	262400
1602298019759571	149323776
1602298019759585	225099776
1602298019762243	-149323776
1602298019762246	-225099776
1602298019762247	-262400
1602298019762272	262400
1602298019762279	147456
1602298019762293	953843712
1602298019763790	-953843712
1602298019763792	-147456
1602298019763800	-149323776
1602298019763848	-256
1602298019764962	-256
1602298019764996	-149323776
1602298019765033	-147456
1602298019765043	149323776
1602298019765043	256
1602298019765044	256
1602298019765044	256
1602298019767583	256
1602298019767663	-149323776
1602298019767665	-149323776
1602298019767665	-256
1602298019767667	-256
1602298019767668	-256
1602298019767668	-256
1602298019767720	-262400
1602298019767731	597295104
1602298019767736	65536
1602298019767761	597295104
1602298019767775	21248
1602298019770274	-597295104
1602298019770277	-21248
1602298019770278	-65536
1602298019770302	65536
1602298019770308	65536
1602298019770323	4096
1602298019770839	-4096
1602298019770841	-65536
1602298019770848	-149323776
1602298019770890	-256
1602298019770925	-256
1602298019771269	-597295104
1602298019771303	-65536
1602298019773014	-597295104
1602298019773315	-65536
1602298019773326	597295104
1602298019773327	1536
1602298019773327	1024
1602298019773328	256
1602298019773837	256
1602298019774445	-597295104
1602298019774447	-1024
1602298019774447	-1024
1602298019774449	-256
1602298019774450	-256
1602298019774469	149323776
1602298019774475	65536
1602298019775776	149323776
1602298019775789	21248
1602298019776015	-149323776
1602298019776017	-21248
1602298019776019	-65536
1602298019776043	65536
1602298019776049	65536
1602298019776062	4096
1602298019776585	-4096
1602298019776587	-65536
1602298019776595	-597295104
1602298019776637	-1536
1602298019776673	-1024
1602298019776709	-149323776
1602298019776739	-65536
1602298019776754	149323776
1602298019776754	256
1602298019776755	256
1602298019776755	256
1602298019779520	256
1602298019779595	-149323776
1602298019779597	-149323776
1602298019779597	-256
1602298019779598	-256
1602298019779600	-256
1602298019779600	-256
1602298019779651	-65536
1602298019779662	149323776
1602298019779667	147456
1602298019779691	149323776
1602298019779707	225099776
1602298019782369	-149323776
1602298019782372	-225099776
1602298019782373	-147456
1602298019782404	147456
1602298019782410	147456
1602298019782425	953843712
1602298019783919	-953843712
1602298019783922	-147456
1602298019783929	-149323776
1602298019783976	-256
1602298019785096	-256
1602298019785133	-149323776
1602298019786283	-147456
1602298019786294	149323776
1602298019786294	256
1602298019786295	256
1602298019786295	256
1602298019786801	256
1602298019794227	-149323776
1602298019794229	-149323776
1602298019794229	-256
1602298019794230	-256
1602298019794232	-256
1602298019794232	-256
1602298019794279	-147456
1602298019794295	597295104
1602298019794301	65536
1602298019794326	597295104
1602298019794339	21248
1602298019799675	-597295104
1602298019799677	-21248
1602298019799679	-65536
1602298019799703	65536
1602298019799709	65536
1602298019799723	3072
1602298019799830	-3072
1602298019799832	-65536
1602298019799839	-149323776
1602298019802347	-256
1602298019802387	-256
1602298019802422	-597295104
1602298019802451	-65536
1602298019804988	-597295104
1602298019805027	-65536
1602298019805037	597295104
1602298019805038	1536
1602298019805038	1024
1602298019805039	256
1602298019805063	256
1602298019805135	-597295104
1602298019805136	-1024
1602298019805138	-1024
1602298019805139	-256
1602298019805139	-256
1602298019805156	597295104
1602298019805157	1024
1602298019805157	1024
1602298019805158	256
1602298019805182	256
1602298019805323	-597295104
1602298019805325	-597295104
1602298019805326	-1024
1602298019805326	-1024
1602298019805328	-256
1602298019805328	-256
1602298019805354	149323776
1602298019805360	65792
1602298019805387	149323776
1602298019805401	21248
1602298019805642	-149323776
1602298019805644	-21248
1602298019805645	-65792
1602298019805668	65792
1602298019805674	65536
1602298019805688	3072
1602298019807820	-3072
1602298019807823	-65536
1602298019807829	-597295104
1602298019808131	-1536
1602298019808649	-1024
1602298019808659	149323776
1602298019808665	65536
1602298019809195	149323776
1602298019809208	21248
1602298019810807	-149323776
1602298019810809	-21248
1602298019810810	-65536
1602298019810833	65536
1602298019810839	65536
1602298019810852	3072
1602298019811096	-3072
1602298019811098	-65536
1602298019811105	-597295104
1602298019811413	-1024
1602298019811446	-1024
1602298019811479	-65536
1602298019811975	-149323776
1602298019814496	-65536
1602298019814529	-65792
1602298019814544	149323776
1602298019814545	256
1602298019814545	256
1602298019814546	256
1602298019814567	256
1602298019814638	-149323776
1602298019814640	-149323776
1602298019814641	-256
1602298019814642	-256
1602298019814643	-256
1602298019814644	-256
1602298019816030	-65536
1602298019816042	149323776
1602298019816048	147456
1602298019816071	149323776
1602298019816091	225099776
1602298019816345	-149323776
1602298019816347	-225099776
1602298019816355	-147456
1602298019816385	147456
1602298019816392	147456
1602298019816407	953843712
1602298019821686	-953843712
1602298019821689	-147456
1602298019821697	-149323776
1602298019821750	-256
1602298019821780	-256
1602298019824356	-149323776
1602298019824397	-147456
1602298019824408	149323776
1602298019824409	256
1602298019824410	256
1602298019824410	256
1602298019824435	256
1602298019824508	-149323776
1602298019824510	-149323776
1602298019824511	-256
1602298019824512	-256
1602298019824513	-256
1602298019824513	-256
1602298019827122	-147456
1602298019827138	149323776
1602298019827144	16384
1602298019827169	149323776
1602298019827183	21248
1602298019827577	-149323776
1602298019827579	-21248
1602298019827580	-16384
1602298019827604	16384
1602298019827610	16384
1602298019827624	3072
1602298019828197	-3072
1602298019828200	-16384
1602298019828206	-149323776
1602298019828437	-256
1602298019830780	-256
1602298019831297	-149323776
1602298019831796	-16384
1602298019831810	597295104
1602298019833736	-149323776
1602298019833738	-149323776
1602298019833784	-16384
1602298019833817	-597295104
1602298019833826	597295104
1602298019833827	256
1602298019833827	256
1602298019833828	256
1602298019833852	256
1602298019834227	-597295104
1602298019834229	-597295104
1602298019834229	-256
1602298019834230	-256
1602298019834231	-256
1602298019834232	-256
1602298019834249	37632
1602298019834256	37632
1602298019834270	35840
1602298019834826	-35840
1602298019834828	-37632
1602298019834835	-118072832
1602298019834836	-597295104
1602298019834876	-256
1602298019838032	-256
1602298019838066	-37632
1602298019838100	-256
1602298019838102	-37632
