1608170648823419	0.000244140625
1608170648823995	0.000244140625
1608170648824092	0.000244140625
1608170648824247	-0.000244140625
1608170648824256	0.000244140625
1608170648824314	0.000244140625
1608170648824513	-0.000244140625
1608170648824630	0.000244140625
1608170648824800	0.000244140625
1608170648824871	0.000244140625
1608170648824964	-0.000244140625
1608170648825069	0.000244140625
1608170648825175	-0.000244140625
1608170648825185	0.000244140625
1608170648825407	-0.000244140625
1608170648825407	-0.000244140625
1608170648825407	-0.000244140625
1608170648825407	-0.000244140625
1608170648825407	-0.000244140625
1608170648825430	0.000244140625
1608170648825497	-0.000244140625
1608170648825497	-0.000244140625
1608170648827417	0.000244140625
1608170648827878	0.000244140625
1608170648827947	-0.000244140625
1608170648828688	0.000244140625
1608170648828688	0.000244140625
1608170648828798	-0.000244140625
1608170648828802	1.0
1608170648828907	0.000244140625
1608170648828907	0.000244140625
1608170648828985	-0.000244140625
1608170648828988	1.0
1608170648829044	0.000244140625
1608170648829044	0.0087890625
1608170648829206	-0.0087890625
1608170648829211	9.0
1608170648829271	0.000244140625
1608170648829271	0.0087890625
1608170648829370	-0.0087890625
1608170648829378	9.0
1608170648829471	0.000244140625
1608170648829471	0.0087890625
1608170648829585	-0.0087890625
1608170648829604	4.0
1608170648829743	0.000244140625
1608170648829743	0.000244140625
1608170648829838	-0.000244140625
1608170648829844	0.125
1608170648829951	0.000244140625
1608170648829951	0.0087890625
1608170648830078	-0.0087890625
1608170648830086	2.25
1608170648830170	0.000244140625
1608170648830170	0.000244140625
1608170648830250	-0.000244140625
1608170648830260	0.25
1608170648830340	0.000244140625
1608170648830340	0.000244140625
1608170648830412	-0.000244140625
1608170648830423	0.5
1608170648830499	0.000244140625
1608170648830499	0.000244140625
1608170648830593	-0.000244140625
1608170648830600	1.0
1608170648830674	0.000244140625
1608170648830674	0.000244140625
1608170648830770	-0.000244140625
1608170648830782	0.25
1608170648830856	0.000244140625
1608170648830856	0.000244140625
1608170648830950	-0.000244140625
1608170648830968	0.5625
1608170648831037	0.000244140625
1608170648831037	0.000244140625
1608170648831121	-0.000244140625
1608170648831136	1.0
1608170648831215	0.000244140625
1608170648831215	0.0087890625
1608170648831343	-0.0087890625
1608170648831369	2.25
1608170648831459	0.000244140625
1608170648831459	0.0087890625
1608170648831569	-0.0087890625
1608170648831587	2.0
1608170648831681	0.000244140625
1608170648831681	0.000244140625
1608170648831788	-0.000244140625
1608170648831814	1.0
1608170648831869	0.000244140625
1608170648831869	0.000244140625
1608170648831938	-0.000244140625
1608170648831943	0.5625
1608170648831997	0.000244140625
1608170648831997	0.000244140625
1608170648832059	-0.000244140625
1608170648832062	1.0
1608170648832114	0.000244140625
1608170648832114	0.000244140625
1608170648832177	-0.000244140625
1608170648832182	0.25
1608170648832230	0.000244140625
1608170648832230	0.0087890625
1608170648832311	-0.0087890625
1608170648832315	2.25
1608170648832398	0.000244140625
1608170648832398	0.0087890625
1608170648832503	-0.0087890625
1608170648832506	2.0
1608170648832566	0.000244140625
1608170648832566	0.000244140625
1608170648832637	-0.000244140625
1608170648832640	0.5625
1608170648832690	0.000244140625
1608170648832690	0.0087890625
1608170648832793	-0.0087890625
1608170648832797	2.25
1608170648832848	36.75
1608170648832940	0.000244140625
1608170648832940	0.000244140625
1608170648833013	-0.000244140625
1608170648833018	0.0625
1608170648833065	0.000244140625
1608170648833065	0.000244140625
1608170648833126	-0.000244140625
1608170648833130	0.5
1608170648833179	0.000244140625
1608170648833179	0.000244140625
1608170648833243	-0.000244140625
1608170648833248	0.0625
1608170648833291	0.000244140625
1608170648833291	0.000244140625
1608170648833349	-0.000244140625
1608170648833353	0.0625
1608170648833401	0.000244140625
1608170648833401	0.0087890625
1608170648833477	-0.0087890625
1608170648833481	7.8203125
1608170648833531	0.000244140625
1608170648833531	0.000244140625
1608170648833588	-0.000244140625
1608170648833595	0.140625
1608170648833639	0.000244140625
1608170648833680	0.00390625
1608170648833720	0.000244140625
1608170648833720	0.000244140625
1608170648833780	-0.000244140625
1608170648833784	0.035888671875
1608170648833822	0.000244140625
1608170648833822	0.0087890625
1608170648833898	-0.0087890625
1608170648833901	4.0
1608170648833945	0.000244140625
1608170648833985	0.015625
1608170648834033	0.000244140625
1608170648834033	0.0087890625
1608170648834109	-0.0087890625
1608170648834112	9.0
1608170648834161	0.000244140625
1608170648834161	0.000244140625
1608170648834225	-0.000244140625
1608170648834233	0.140625
1608170648834284	0.000244140625
1608170648834284	0.000244140625
1608170648834346	-0.000244140625
1608170648834350	0.0625
1608170648834403	0.000244140625
1608170648834403	0.000244140625
1608170648834465	-0.000244140625
1608170648834469	0.0625
1608170648834514	0.000244140625
1608170648834514	0.0087890625
1608170648834594	-0.0087890625
1608170648834600	4.0
1608170648834653	0.000244140625
1608170648834653	0.000244140625
1608170648834709	-0.000244140625
1608170648834712	0.140625
1608170648834759	0.000244140625
1608170648834759	0.0087890625
1608170648834839	-0.0087890625
1608170648834842	2.25
1608170648834890	0.000244140625
1608170648834890	0.000244140625
1608170648834948	-0.000244140625
1608170648834951	0.0625
1608170648834993	0.000244140625
1608170648834993	0.000244140625
1608170648835050	-0.000244140625
1608170648835054	0.25
1608170648835103	0.000244140625
1608170648835103	0.0087890625
1608170648835187	-0.0087890625
1608170648835192	2.25
1608170648835250	0.000244140625
1608170648835250	0.000244140625
1608170648835310	-0.000244140625
1608170648835315	0.25
1608170648835368	0.000244140625
1608170648835368	0.000244140625
1608170648835428	-0.000244140625
1608170648835431	0.25
1608170648835482	0.000244140625
1608170648835482	0.0087890625
1608170648835561	-0.0087890625
1608170648835566	4.0
1608170648835616	0.000244140625
1608170648835616	0.000244140625
1608170648835677	-0.000244140625
1608170648835681	1.0
1608170648835723	0.000244140625
1608170648835723	0.000244140625
1608170648835780	-0.000244140625
1608170648835782	1.0
1608170648835826	0.000244140625
1608170648835826	0.000244140625
1608170648835881	-0.000244140625
1608170648835884	1.0
1608170648835927	0.000244140625
1608170648835927	0.000244140625
1608170648835983	-0.000244140625
1608170648835987	0.5625
1608170648836028	0.000244140625
1608170648836028	0.000244140625
1608170648836085	-0.000244140625
1608170648836089	0.25
1608170648836134	0.000244140625
1608170648836134	0.000244140625
1608170648836194	-0.000244140625
1608170648836198	1.0
1608170648836250	0.000244140625
1608170648836250	0.000244140625
1608170648836312	-0.000244140625
1608170648836316	1.0
1608170648836384	0.000244140625
1608170648836384	0.0087890625
1608170648836466	-0.0087890625
1608170648836470	8.0
1608170648836519	0.000244140625
1608170648836519	0.0087890625
1608170648836598	-0.0087890625
1608170648836603	4.0
1608170648836654	38.7451171875
1608170648836758	-36.75
1608170648837216	-0.000244140625
1608170648837216	-0.000244140625
1608170648837216	-0.000244140625
1608170648837216	-0.000244140625
1608170648837216	-0.000244140625
1608170648837216	-0.000244140625
1608170648837216	-0.000244140625
1608170648837216	-0.000244140625
1608170648837216	-0.000244140625
1608170648837216	-0.000244140625
1608170648837216	-0.000244140625
1608170648837216	-0.000244140625
1608170648837216	-0.000244140625
1608170648837216	-0.000244140625
1608170648837216	-0.000244140625
1608170648837216	-0.000244140625
1608170648837216	-0.000244140625
1608170648837216	-0.000244140625
1608170648837216	-0.000244140625
1608170648837216	-0.000244140625
1608170648837216	-0.000244140625
1608170648837216	-0.000244140625
1608170648837216	-0.000244140625
1608170648837216	-0.000244140625
1608170648837216	-0.000244140625
1608170648837216	-0.000244140625
1608170648837216	-0.000244140625
1608170648837216	-0.000244140625
1608170648837216	-0.000244140625
1608170648837216	-0.000244140625
1608170648837216	-0.000244140625
1608170648837216	-0.000244140625
1608170648837216	-0.000244140625
1608170648837216	-0.000244140625
1608170648837216	-0.000244140625
1608170648837216	-0.000244140625
1608170648837216	-0.000244140625
1608170648837216	-0.000244140625
1608170648837216	-0.000244140625
1608170648837216	-0.000244140625
1608170648837216	-0.000244140625
1608170648837216	-0.000244140625
1608170648837216	-0.000244140625
1608170648837216	-0.000244140625
1608170648837216	-0.000244140625
1608170648837216	-0.000244140625
1608170648837216	-0.000244140625
1608170648837216	-0.000244140625
1608170648837216	-0.000244140625
1608170648837216	-0.000244140625
1608170648837216	-0.000244140625
1608170648837216	-0.000244140625
1608170648837216	-0.000244140625
1608170648837216	-0.000244140625
1608170648837241	196.0
1608170648837241	0.035888671875
1608170648837241	0.072021484375
1608170648837575	-0.035888671875
1608170648837575	-0.072021484375
1608170648837653	196.0
1608170648837653	0.000244140625
1608170648837653	0.000244140625
1608170648837653	0.000244140625
1608170648837653	0.000244140625
1608170648838044	-0.000244140625
1608170648838049	49.0
1608170648838227	49.0
1608170648838227	0.015625
1608170648838227	0.01806640625
1608170648838374	-0.015625
1608170648838374	-0.01806640625
1608170648838385	196.0
1608170648838385	0.0625
1608170648838385	0.01806640625
1608170648838532	-0.0625
1608170648838532	-0.01806640625
1608170648838647	-0.000244140625
1608170648838689	49.0
1608170648838689	0.000244140625
1608170648838689	0.000244140625
1608170648838689	0.000244140625
1608170648838689	0.000244140625
1608170648838821	196.0
1608170648838821	0.0009765625
1608170648838821	0.0009765625
1608170648838821	0.0009765625
1608170648838821	0.0009765625
1608170648839107	-0.000244140625
1608170648839144	-0.0009765625
1608170648839199	49.0
1608170648839199	0.140625
1608170648839199	85.046875
1608170648839790	-0.140625
1608170648839790	-85.046875
1608170648839884	-0.000244140625
1608170648840019	0.000244140625
1608170648840019	49.0
1608170648840019	0.000244140625
1608170648840019	0.000244140625
1608170648840019	0.000244140625
1608170648840321	-0.0009765625
1608170648840493	196.0
1608170648840493	0.0625
1608170648840493	0.01806640625
1608170648840659	-0.0625
1608170648840659	-0.01806640625
1608170648840762	-0.000244140625
1608170648840818	0.0009765625
1608170648840818	0.0009765625
1608170648840818	0.0009765625
1608170648840818	196.0
1608170648840818	0.0009765625
1608170648841178	-0.000244140625
1608170648841258	-196.0
1608170648841353	-0.0009765625
1608170648841503	49.0
1608170648841503	0.0625
1608170648841503	0.01806640625
1608170648841661	-0.0625
1608170648841661	-0.01806640625
1608170648841735	-0.0009765625
1608170648841777	0.000244140625
1608170648841777	0.000244140625
1608170648841777	0.000244140625
1608170648841777	0.000244140625
1608170648841777	49.0
1608170648842012	-0.000244140625
1608170648842060	-0.000244140625
1608170648842069	49.0
1608170648842069	0.140625
1608170648842069	85.046875
1608170648842554	-0.140625
1608170648842554	-85.046875
1608170648842709	49.0
1608170648842709	0.000244140625
1608170648842709	0.000244140625
1608170648842709	0.000244140625
1608170648842709	0.000244140625
1608170648843040	-0.000244140625
1608170648843094	-0.000244140625
1608170648843105	196.0
1608170648843105	0.0625
1608170648843105	0.01806640625
1608170648843260	-0.0625
1608170648843260	-0.01806640625
1608170648843413	0.0009765625
1608170648843413	0.0009765625
1608170648843413	0.0009765625
1608170648843413	196.0
1608170648843413	0.0009765625
1608170648843859	-0.0009765625
1608170648844043	49.0
1608170648844043	0.0625
1608170648844043	0.01806640625
1608170648844196	-0.0625
1608170648844196	-0.01806640625
1608170648844280	-0.0009765625
1608170648844331	49.0
1608170648844331	0.000244140625
1608170648844331	0.000244140625
1608170648844331	0.000244140625
1608170648844331	0.000244140625
1608170648844599	-0.000244140625
1608170648844654	49.0
1608170648844654	0.140625
1608170648844654	85.046875
1608170648845148	-0.140625
1608170648845148	-85.046875
1608170648845307	-0.000244140625
1608170648845316	0.000244140625
1608170648845316	49.0
1608170648845316	0.000244140625
1608170648845316	0.000244140625
1608170648845316	0.000244140625
1608170648845725	196.0
1608170648845725	0.0625
1608170648845725	0.01806640625
1608170648845872	-0.0625
1608170648845872	-0.01806640625
1608170648845965	-0.000244140625
1608170648846014	-0.000244140625
1608170648846019	0.0009765625
1608170648846019	196.0
1608170648846019	0.0009765625
1608170648846019	0.0009765625
1608170648846019	0.0009765625
1608170648846379	-0.0009765625
1608170648846555	98.0
1608170648846555	0.5
1608170648846555	0.004638671875
1608170648846709	-0.5
1608170648846709	-0.004638671875
1608170648846784	36.740478515625
1608170648846784	0.125
1608170648846784	0.004638671875
1608170648846927	-0.125
1608170648846927	-0.004638671875
1608170648846996	-0.0009765625
1608170648847048	0.001953125
1608170648847048	0.001953125
1608170648847048	98.0
1608170648847048	0.001953125
1608170648847048	0.001953125
1608170648847171	0.00048828125
1608170648847171	0.00048828125
1608170648847171	0.00048828125
1608170648847171	0.00048828125
1608170648847171	24.5
1608170648847343	-0.001953125
1608170648847386	-0.001953125
1608170648847498	-0.00048828125
1608170648847598	24.5
1608170648847598	0.5625
1608170648847598	112.5
1608170648847869	-0.5625
1608170648847869	-112.5
1608170648848105	0.00048828125
1608170648848105	24.5
1608170648848105	0.00048828125
1608170648848105	0.00048828125
1608170648848105	0.00048828125
1608170648848293	-0.00048828125
1608170648848440	-0.00048828125
1608170648848483	-0.00048828125
1608170648848490	98.0
1608170648848490	0.25
1608170648848490	0.004638671875
1608170648848633	-0.25
1608170648848633	-0.004638671875
1608170648848764	98.0
1608170648848764	0.001953125
1608170648848764	0.001953125
1608170648848764	0.001953125
1608170648848764	0.001953125
1608170648849025	-98.0
1608170648849069	-0.001953125
1608170648849110	-0.001953125
1608170648849255	24.5
1608170648849255	0.25
1608170648849255	0.004638671875
1608170648849412	-0.25
1608170648849412	-0.004638671875
1608170648849540	0.00048828125
1608170648849540	0.00048828125
1608170648849540	24.5
1608170648849540	0.00048828125
1608170648849540	0.00048828125
1608170648849771	-0.00048828125
1608170648849774	24.5
1608170648849774	0.5625
1608170648849774	112.5
1608170648849949	-0.5625
1608170648849949	-112.5
1608170648850072	0.00048828125
1608170648850072	0.00048828125
1608170648850072	0.00048828125
1608170648850072	24.501953125
1608170648850072	0.00048828125
1608170648850234	-0.00048828125
1608170648850387	-0.00048828125
1608170648850435	98.0
1608170648850435	0.25
1608170648850435	0.004638671875
1608170648850590	-0.25
1608170648850590	-0.004638671875
1608170648850728	0.001953125
1608170648850728	0.001953125
1608170648850728	0.001953125
1608170648850728	0.001953125
1608170648850728	98.0
1608170648850984	-0.00048828125
1608170648851027	-98.0
1608170648851105	-0.001953125
1608170648851241	24.5
1608170648851241	0.25
1608170648851241	0.004638671875
1608170648851383	-0.25
1608170648851383	-0.004638671875
1608170648851470	-0.001953125
1608170648851516	24.5
1608170648851516	0.00048828125
1608170648851516	0.00048828125
1608170648851516	0.00048828125
1608170648851516	0.00048828125
1608170648851736	-0.00048828125
1608170648851771	-0.00048828125
1608170648851789	24.5
1608170648851789	0.5625
1608170648851789	112.5
1608170648851968	-0.5625
1608170648851968	-112.5
1608170648852098	0.00048828125
1608170648852098	0.00048828125
1608170648852098	24.5
1608170648852098	0.00048828125
1608170648852098	0.00048828125
1608170648852406	-0.00048828125
1608170648852447	-0.00048828125
1608170648852454	98.0
1608170648852454	0.25
1608170648852454	0.004638671875
1608170648852599	-0.25
1608170648852599	-0.004638671875
1608170648852740	0.001953125
1608170648852740	0.001953125
1608170648852740	98.0
1608170648852740	0.001953125
1608170648852740	0.001953125
1608170648853070	-0.001953125
1608170648853206	24.5
1608170648853206	0.25
1608170648853206	0.004638671875
1608170648853352	-0.25
1608170648853352	-0.004638671875
1608170648853435	-0.001953125
1608170648853483	24.5
1608170648853483	0.00048828125
1608170648853483	0.00048828125
1608170648853483	0.00048828125
1608170648853483	0.00048828125
1608170648853741	-0.00048828125
1608170648853745	24.5
1608170648853745	0.5625
1608170648853745	112.5
1608170648853928	-0.5625
1608170648853928	-112.5
1608170648854077	0.00048828125
1608170648854077	0.00048828125
1608170648854077	24.5
1608170648854077	0.00048828125
1608170648854077	0.00048828125
1608170648854260	-0.00048828125
1608170648854438	-0.00048828125
1608170648854450	98.0
1608170648854450	0.25
1608170648854450	0.004638671875
1608170648854592	-0.25
1608170648854592	-0.004638671875
1608170648854721	0.001953125
1608170648854721	0.001953125
1608170648854721	0.001953125
1608170648854721	98.0
1608170648854721	0.001953125
1608170648854898	-0.00048828125
1608170648855082	-0.001953125
1608170648855213	49.0
1608170648855213	2.0
1608170648855213	0.001220703125
1608170648855357	-2.0
1608170648855357	-0.001220703125
1608170648855399	12.25
1608170648855399	0.5
1608170648855399	0.001220703125
1608170648855541	-0.5
1608170648855541	-0.001220703125
1608170648855605	-0.001953125
1608170648855650	49.0
1608170648855650	0.00390625
1608170648855650	0.00390625
1608170648855650	0.00390625
1608170648855650	0.00390625
1608170648855764	0.0009765625
1608170648855764	0.0009765625
1608170648855764	12.25
1608170648855764	0.0009765625
1608170648855764	0.0009765625
1608170648855947	-0.00390625
1608170648856035	-0.0009765625
1608170648856191	12.25
1608170648856191	2.25
1608170648856191	81.0
1608170648856357	-2.25
1608170648856357	-81.0
1608170648856520	-0.00390625
1608170648856566	0.0009765625
1608170648856566	0.0009765625
1608170648856566	12.25
1608170648856566	0.0009765625
1608170648856566	0.0009765625
1608170648856753	-0.0009765625
1608170648856862	-0.0009765625
1608170648856869	49.0
1608170648856869	1.0
1608170648856869	0.001220703125
1608170648857003	-1.0
1608170648857003	-0.001220703125
1608170648857122	0.00390625
1608170648857122	0.00390625
1608170648857122	49.0
1608170648857122	0.005859375
1608170648857122	0.00390625
1608170648857256	-0.0009765625
1608170648857337	-49.0
1608170648857529	12.25
1608170648857529	1.0
1608170648857529	0.001953125
1608170648857663	-1.0
1608170648857663	-0.001953125
1608170648857736	-0.005859375
1608170648857769	-0.00390625
1608170648857781	0.0009765625
1608170648857781	0.0009765625
1608170648857781	12.25
1608170648857781	0.0009765625
1608170648857781	0.0009765625
1608170648857952	-0.0009765625
1608170648857990	-0.0009765625
1608170648857994	12.25
1608170648857994	2.25
1608170648857994	81.0
1608170648858163	-2.25
1608170648858163	-81.0
1608170648858293	0.0009765625
1608170648858293	0.0009765625
1608170648858293	0.0009765625
1608170648858293	12.25390625
1608170648858293	0.0009765625
1608170648858574	-0.0009765625
1608170648858606	-0.0009765625
1608170648858614	49.0
1608170648858614	1.0
1608170648858614	0.001953125
1608170648858748	-1.0
1608170648858748	-0.001953125
1608170648858869	49.0
1608170648858869	0.00390625
1608170648858869	0.00390625
1608170648858869	0.00390625
1608170648858869	0.00390625
1608170648859087	-49.0
1608170648859295	12.25
1608170648859295	1.0
1608170648859295	0.001953125
1608170648859426	-1.0
1608170648859426	-0.001953125
1608170648859503	-0.00390625
1608170648859546	-0.00390625
1608170648859550	0.0009765625
1608170648859550	12.25
1608170648859550	0.0009765625
1608170648859550	0.0009765625
1608170648859550	0.0009765625
1608170648859764	-0.0009765625
1608170648859771	12.25
1608170648859771	2.25
1608170648859771	81.0
1608170648859940	-2.25
1608170648859940	-81.0
1608170648860062	12.25
1608170648860062	0.0009765625
1608170648860062	0.0009765625
1608170648860062	0.0009765625
1608170648860062	0.0009765625
1608170648860204	-0.0009765625
1608170648860376	49.0
1608170648860376	1.0
1608170648860376	0.001220703125
1608170648860514	-1.0
1608170648860514	-0.001220703125
1608170648860650	0.00390625
1608170648860650	49.0
1608170648860650	0.00390625
1608170648860650	0.005859375
1608170648860650	0.00390625
1608170648860791	-0.0009765625
1608170648860832	-0.0009765625
1608170648861066	12.25
1608170648861066	1.0
1608170648861066	0.001953125
1608170648861201	-1.0
1608170648861201	-0.001953125
1608170648861275	-0.005859375
1608170648861309	-0.00390625
1608170648861315	12.25
1608170648861315	0.0009765625
1608170648861315	0.0009765625
1608170648861315	0.0009765625
1608170648861315	0.0009765625
1608170648861503	-0.0009765625
1608170648861547	-0.0009765625
1608170648861551	12.25
1608170648861551	2.25
1608170648861551	81.0
1608170648861722	-2.25
1608170648861722	-81.0
1608170648861844	0.0009765625
1608170648861844	0.0009765625
1608170648861844	0.0009765625
1608170648861844	0.0009765625
1608170648861844	12.25
1608170648862159	49.0
1608170648862159	1.0
1608170648862159	0.001220703125
1608170648862300	-1.0
1608170648862300	-0.001220703125
1608170648862417	0.005859375
1608170648862417	0.00390625
1608170648862417	0.00390625
1608170648862417	49.0
1608170648862417	0.00390625
1608170648862551	-0.0009765625
1608170648862594	-0.0009765625
1608170648862633	-49.0
1608170648862725	-0.00390625
1608170648862852	12.25
1608170648862852	1.0
1608170648862852	0.001953125
1608170648862987	-1.0
1608170648862987	-0.001953125
1608170648863065	-0.005859375
1608170648863112	0.0009765625
1608170648863112	0.0009765625
1608170648863112	0.0009765625
1608170648863112	0.0009765625
1608170648863112	12.25
1608170648863355	12.25
1608170648863355	2.25
1608170648863355	81.0
1608170648863527	-2.25
1608170648863527	-81.0
1608170648863672	12.25
1608170648863672	0.0009765625
1608170648863672	0.0009765625
1608170648863672	0.0009765625
1608170648863672	0.0009765625
1608170648863817	-0.0009765625
1608170648863859	-0.0009765625
1608170648863980	-0.0009765625
1608170648863995	49.0
1608170648863995	1.0
1608170648863995	0.001220703125
1608170648864130	-1.0
1608170648864130	-0.001220703125
1608170648864250	49.0
1608170648864250	0.005859375
1608170648864250	0.00390625
1608170648864250	0.00390625
1608170648864250	0.00390625
1608170648864403	-0.0009765625
1608170648864549	-0.00390625
1608170648864670	12.25
1608170648864670	1.0
1608170648864670	0.001953125
1608170648864801	-1.0
1608170648864801	-0.001953125
1608170648864882	-0.005859375
1608170648864936	0.0009765625
1608170648864936	0.0009765625
1608170648864936	0.0009765625
1608170648864936	0.0009765625
1608170648864936	12.25
1608170648865158	-0.0009765625
1608170648865163	12.25
1608170648865163	2.25
1608170648865163	81.0
1608170648866314	-2.25
1608170648866314	-81.0
1608170648866438	12.25
1608170648866438	0.0009765625
1608170648866438	0.0009765625
1608170648866438	0.0009765625
1608170648866438	0.0009765625
1608170648867148	-0.0009765625
1608170648867301	-0.0009765625
1608170648867308	49.0
1608170648867308	1.0
1608170648867308	0.001220703125
1608170648869005	-1.0
1608170648869005	-0.001220703125
1608170648869477	0.00390625
1608170648869477	0.00390625
1608170648869477	0.00390625
1608170648869477	49.0
1608170648869477	0.005859375
1608170648870265	-0.0009765625
1608170648870549	6.125
1608170648870549	2.0
1608170648870549	0.00048828125
1608170648871150	-2.0
1608170648871150	-0.00048828125
1608170648871174	24.5
1608170648871174	8.0
1608170648871174	0.00048828125
1608170648871453	-8.0
1608170648871453	-0.00048828125
1608170648871529	-0.005859375
1608170648871579	-0.00390625
1608170648871584	0.001953125
1608170648871584	6.125
1608170648871584	0.001953125
1608170648871584	0.001953125
1608170648871584	0.001953125
1608170648871692	0.0078125
1608170648871692	0.0078125
1608170648871692	24.5
1608170648871692	0.0078125
1608170648871692	0.0078125
1608170648871951	-0.0078125
1608170648871994	6.125
1608170648871994	9.0
1608170648871994	72.0
1608170648873337	-9.0
1608170648873337	-72.0
1608170648874328	0.001953125
1608170648874328	0.001953125
1608170648874328	6.125
1608170648874328	0.001953125
1608170648874328	0.001953125
1608170648874471	-0.001953125
1608170648874507	-0.001953125
1608170648875277	-0.0078125
1608170648875465	-0.001953125
1608170648875598	24.5
1608170648875598	4.0
1608170648875598	0.00048828125
1608170648875738	-4.0
1608170648875738	-0.00048828125
1608170648875896	0.0078125
1608170648875896	0.0078125
1608170648875896	0.0078125
1608170648875896	24.5
1608170648875896	0.0078125
1608170648876605	-0.001953125
1608170648876754	-24.5
1608170648876829	-0.0078125
1608170648876965	6.125
1608170648876965	4.0
1608170648876965	0.00048828125
1608170648877858	-4.0
1608170648877858	-0.00048828125
1608170648877929	-0.0078125
1608170648878446	0.001953125
1608170648878446	0.001953125
1608170648878446	0.001953125
1608170648878446	6.125
1608170648878446	0.001953125
1608170648879038	-0.001953125
1608170648879083	6.125
1608170648879083	9.0
1608170648879083	72.0
1608170648879537	-9.0
1608170648879537	-72.0
1608170648880450	0.001953125
1608170648880450	0.001953125
1608170648880450	0.001953125
1608170648880450	0.001953125
1608170648880450	6.125
1608170648880750	-0.001953125
1608170648880824	-0.001953125
1608170648880861	24.5
1608170648880861	4.0
1608170648880861	0.00048828125
1608170648881527	-4.0
1608170648881527	-0.00048828125
1608170648881789	0.0078125
1608170648881789	0.0078125
1608170648881789	0.0078125
1608170648881789	24.5
1608170648881789	0.0078125
1608170648882033	-0.001953125
1608170648882082	-24.5
1608170648882117	-0.0078125
1608170648883063	6.125
1608170648883063	4.0
1608170648883063	0.00048828125
1608170648883674	-4.0
1608170648883674	-0.00048828125
1608170648884259	-0.0078125
1608170648884263	0.001953125
1608170648884263	0.001953125
1608170648884263	0.001953125
1608170648884263	0.001953125
1608170648884263	6.125
1608170648884688	-0.001953125
1608170648884700	6.125
1608170648884700	9.0
1608170648884700	72.0
1608170648885646	-9.0
1608170648885646	-72.0
1608170648885955	0.001953125
1608170648885955	0.001953125
1608170648885955	0.001953125
1608170648885955	6.125
1608170648885955	0.001953125
1608170648886089	-0.001953125
1608170648886200	-0.001953125
1608170648886676	-0.001953125
1608170648886680	24.5
1608170648886680	4.0
1608170648886680	0.00048828125
1608170648887083	-4.0
1608170648887083	-0.00048828125
1608170648887203	0.0078125
1608170648887203	0.0078125
1608170648887203	24.5
1608170648887203	0.0078125
1608170648887203	0.0078125
1608170648887410	-0.0078125
1608170648887447	-0.0078125
1608170648888176	-24.5
1608170648889379	0.5
1608170648889493	0.244384765625
1608170648889808	0.000244140625
1608170648889808	0.000244140625
1608170648891946	-0.000244140625
1608170648891946	-0.000244140625
1608170648892019	0.000244140625
1608170648892203	-0.000244140625
1608170648892211	0.00390625
1608170648892294	0.5
1608170648892355	7.8203125
1608170648892429	-0.5
1608170648892429	-0.244384765625
1608170648892508	-0.000244140625
1608170648892559	-0.00390625
1608170648892608	-7.8203125
1608170648892646	-0.000244140625
1608170648892708	-0.00390625
1608170648892710	24.5
1608170648892771	-0.5
1608170648892813	-7.8203125
1608170648893183	0.0078125
1608170648893183	0.000244140625
1608170648893183	0.0078125
1608170648893183	0.000244140625
1608170648893183	24.5078125
1608170648893369	-24.5
1608170648893369	-0.0078125
1608170648893369	-0.000244140625
1608170648893369	-0.0078125
1608170648893369	-0.000244140625
1608170648893453	6.125
1608170648893453	7.81298828125
1608170648893453	4.0
1608170648893453	0.00390625
1608170648893639	-7.81298828125
1608170648893639	-4.0
1608170648893639	-0.00390625
1608170648893650	7.81298828125
1608170648893650	4.0
1608170648893650	0.00390625
1608170648893835	-24.5078125
1608170648893835	-4.0
1608170648893835	-0.00390625
1608170648893879	-0.0078125
1608170648894353	-0.0078125
1608170648894390	-6.125
1608170648894622	-4.0
1608170648894626	6.125
1608170648894626	0.001953125
1608170648894626	0.000244140625
1608170648894626	0.000244140625
1608170648894626	0.001953125
1608170648894932	-0.001953125
1608170648894932	-6.125
1608170648894932	-0.000244140625
1608170648894932	-6.125
1608170648894932	-0.001953125
1608170648894932	-0.000244140625
1608170648894984	-7.81298828125
1608170648894990	7.82080078125
1608170648894990	6.125
1608170648894990	9.0
1608170648894990	72.0
1608170648895213	-6.125
1608170648895213	-9.0
1608170648895213	-72.0
1608170648895222	9.0
1608170648895222	9.0
1608170648895222	72.0
1608170648896165	-6.125
1608170648896165	-9.0
1608170648896165	-72.0
1608170648896214	-0.001953125
1608170648896252	-0.001953125
1608170648896289	-6.125
1608170648896323	-9.0
1608170648896327	9.00048828125
1608170648896327	0.001953125
1608170648896327	0.000244140625
1608170648896327	0.001953125
1608170648896327	0.000244140625
1608170648897031	-0.001953125
1608170648897031	-6.125
1608170648897031	-0.001953125
1608170648897031	-7.82080078125
1608170648897031	-0.000244140625
1608170648897031	-0.000244140625
1608170648897137	-9.0
1608170648897142	24.5
1608170648897142	4.00048828125
1608170648897142	24.5
1608170648897142	0.00390625
1608170648897290	-4.00048828125
1608170648897290	-24.5
1608170648897290	-0.00390625
1608170648897300	4.00048828125
1608170648897300	7.82080078125
1608170648897300	0.00390625
1608170648897460	-9.00048828125
1608170648897460	-7.82080078125
1608170648897460	-0.00390625
1608170648897508	-0.001953125
1608170648898190	-0.001953125
1608170648898228	-24.5
1608170648898264	-4.0
1608170648898517	-4.00048828125
1608170648898522	24.5078125
1608170648898522	0.000244140625
1608170648898522	0.0078125
1608170648898522	0.0078125
1608170648898522	0.000244140625
1608170648898825	-0.0078125
1608170648898825	-0.0078125
1608170648898825	-24.5
1608170648898825	-0.000244140625
1608170648898825	-0.000244140625
1608170648898841	9.00048828125
1608170648898841	7.82080078125
1608170648898841	4.00048828125
1608170648898841	0.00390625
1608170648899041	-7.82080078125
1608170648899041	-4.00048828125
1608170648899041	-0.00390625
1608170648899052	4.00048828125
1608170648899052	7.82080078125
1608170648899052	0.00390625
1608170648900003	-24.5078125
1608170648900003	-7.82080078125
1608170648900003	-0.00390625
1608170648900049	-0.0078125
1608170648900087	-0.0078125
1608170648900122	-6.125
1608170648900156	-4.0
1608170648900159	0.000244140625
1608170648900159	0.000244140625
1608170648900159	0.001953125
1608170648900159	6.125
1608170648900159	0.001953125
1608170648900867	-0.000244140625
1608170648900867	-0.001953125
1608170648900867	-0.000244140625
1608170648900867	-0.001953125
1608170648900867	-9.00048828125
1608170648900867	-6.125
1608170648900972	-4.00048828125
1608170648900977	7.82080078125
1608170648900977	6.125
1608170648900977	9.00048828125
1608170648900977	131.611572265625
1608170648901131	-6.125
1608170648901131	-9.00048828125
1608170648901131	-131.611572265625
1608170648901143	9.00048828125
1608170648901143	9.0
1608170648901143	122.611572265625
1608170648901297	-6.125
1608170648901297	-9.0
1608170648901297	-122.611572265625
1608170648902030	-0.001953125
1608170648902061	-0.001953125
1608170648902098	-6.125
1608170648902308	-9.0
1608170648902311	0.000244140625
1608170648902311	0.001953125
1608170648902311	0.001953125
1608170648902311	0.000244140625
1608170648902311	9.0
1608170648902622	-0.001953125
1608170648902622	-7.82080078125
1608170648902622	-0.000244140625
1608170648902622	-6.125
1608170648902622	-0.001953125
1608170648902622	-0.000244140625
1608170648902669	-9.00048828125
1608170648902681	24.5
1608170648902681	4.00048828125
1608170648902681	24.5
1608170648902681	0.00390625
1608170648902874	-4.00048828125
1608170648902874	-24.5
1608170648902874	-0.00390625
1608170648902884	4.00048828125
1608170648902884	4.00048828125
1608170648902884	0.00390625
1608170648903779	-9.0
1608170648903779	-4.00048828125
1608170648903779	-0.00390625
1608170648903836	-0.001953125
1608170648903887	-0.001953125
1608170648903941	-24.5
1608170648903979	-4.0
1608170648908269	-24.5
1608170648908321	-4.00048828125
1608170648908326	24.5
1608170648908326	0.0078125
1608170648908326	0.000244140625
1608170648908326	0.0078125
1608170648908326	0.000244140625
1608170648908462	-0.0078125
1608170648908462	-0.000244140625
1608170648908462	-0.0078125
1608170648908462	-24.5
1608170648908462	-0.000244140625
1608170648908474	0.0078125
1608170648908474	0.000244140625
1608170648908474	0.0078125
1608170648908474	0.000244140625
1608170648908474	24.5
1608170648908572	-0.0078125
1608170648908572	-24.5
1608170648908572	-0.000244140625
1608170648908572	-24.5
1608170648908572	-0.0078125
1608170648908572	-0.000244140625
1608170648908586	49.0
1608170648908586	9.0
1608170648908586	49.0
1608170648908849	-9.0
1608170648908849	-49.0
1608170648908859	9.0
1608170648908859	9.00048828125
1608170648908859	0.00390625
1608170648909029	-24.5
1608170648909029	-9.00048828125
1608170648909029	-0.00390625
1608170648909072	-0.0078125
1608170648909110	-0.0078125
1608170648909116	9.00048828125
1608170648909116	7.82080078125
1608170648909116	4.00048828125
1608170648909116	0.00390625
1608170648909253	-7.82080078125
1608170648909253	-4.00048828125
1608170648909253	-0.00390625
1608170648909262	4.00048828125
1608170648909262	4.00048828125
1608170648909262	0.00390625
1608170648909403	-24.5
1608170648909403	-4.00048828125
1608170648909403	-0.00390625
1608170648909449	-0.0078125
1608170648909479	-0.0078125
1608170648909517	-8.0
1608170648909554	-6.125
1608170648909583	-4.0
1608170648909619	-9.0
1608170648909627	0.001953125
1608170648909627	0.000244140625
1608170648909627	6.125
1608170648909627	0.000244140625
1608170648909627	0.001953125
1608170648909730	-0.001953125
1608170648909730	-6.125
1608170648909730	-0.001953125
1608170648909730	-0.000244140625
1608170648909730	-9.00048828125
1608170648909730	-0.000244140625
1608170648909778	-4.00048828125
1608170648909783	9.00048828125
1608170648909783	7.82080078125
1608170648909783	9.0
1608170648909783	98.00390625
1608170648909928	-7.82080078125
1608170648909928	-9.0
1608170648909928	-98.00390625
1608170648909942	9.0
1608170648909942	12.00048828125
1608170648909942	98.00390625
1608170648910090	-6.125
1608170648910090	-12.00048828125
1608170648910090	-98.00390625
1608170648910135	-0.001953125
1608170648910168	-0.001953125
1608170648910210	-6.125
1608170648910245	-9.0
1608170648910251	7.82080078125
1608170648910251	0.001953125
1608170648910251	0.000244140625
1608170648910251	0.001953125
1608170648910251	0.000244140625
1608170648910384	-6.125
1608170648910384	-0.000244140625
1608170648910384	-0.001953125
1608170648910384	-0.001953125
1608170648910384	-9.00048828125
1608170648910384	-0.000244140625
1608170648910427	-9.0
1608170648910433	49.0
1608170648910433	2.0
1608170648910433	49.0
1608170648910575	-2.0
1608170648910575	-49.0
1608170648910587	2.0
1608170648910587	2.0
1608170648910587	0.004150390625
1608170648910735	-7.82080078125
1608170648910735	-2.0
1608170648910735	-0.004150390625
1608170648910775	-0.001953125
1608170648911452	-0.001953125
1608170648911484	-49.0
1608170648911532	-2.0
1608170648911585	-49.0
1608170648911616	-2.0
1608170648911622	0.000244140625
1608170648911622	0.000244140625
1608170648911622	0.004150390625
1608170648911622	49.00390625
1608170648911622	0.005859375
1608170648911746	-0.000244140625
1608170648911746	-0.000244140625
1608170648911746	-0.00390625
1608170648911746	-49.0
1608170648911746	-0.00390625
1608170648911757	12.25
1608170648911757	1.0
1608170648911757	12.25
1608170648911757	0.00341796875
1608170648912548	-1.0
1608170648912548	-12.25
1608170648912548	-0.00341796875
1608170648912560	1.0
1608170648912560	1.00048828125
1608170648912560	0.00244140625
1608170648912722	-49.00390625
1608170648912722	-1.00048828125
1608170648912722	-0.00244140625
1608170648912773	-0.004150390625
1608170648912804	-0.005859375
1608170648912847	-12.25
1608170648912885	-1.0
1608170648912888	0.0009765625
1608170648912888	12.25
1608170648912888	0.0009765625
1608170648912888	0.000244140625
1608170648912888	0.000244140625
1608170648913712	-12.25
1608170648913712	-0.0009765625
1608170648913712	-12.25
1608170648913712	-0.000244140625
1608170648913712	-0.000244140625
1608170648913712	-0.0009765625
1608170648913765	-1.0
1608170648913772	12.25
1608170648913772	4.0
1608170648913772	12.25
1608170648913772	257.296875
1608170648914051	-4.0
1608170648914051	-12.25
1608170648914051	-257.296875
1608170648914061	4.0
1608170648914061	4.00048828125
1608170648914061	81.0
1608170648914530	-12.25
1608170648914530	-4.00048828125
1608170648914530	-81.0
1608170648914576	-0.0009765625
1608170648914615	-0.0009765625
1608170648914657	-12.25
1608170648915039	-2.25
1608170648915048	0.000244140625
1608170648915048	12.25
1608170648915048	0.0009765625
1608170648915048	0.000244140625
1608170648915048	0.0009765625
1608170648915224	-12.25
1608170648915224	-12.25
1608170648915224	-0.000244140625
1608170648915224	-0.0009765625
1608170648915224	-0.000244140625
1608170648915224	-0.0009765625
1608170648916955	-4.0
1608170648916963	49.0
1608170648916963	1.0
1608170648916963	49.0
1608170648916963	0.00390625
1608170648917263	-1.0
1608170648917263	-49.0
1608170648917263	-0.00390625
1608170648917273	1.0
1608170648917273	1.0
1608170648917273	0.00390625
1608170648917433	-12.25
1608170648917433	-1.0
1608170648917433	-0.00390625
1608170648917477	-0.0009765625
1608170648917544	-0.0009765625
1608170648917645	-49.0
1608170648918312	-1.0
1608170648918408	-49.0
1608170648918445	-1.0
1608170648918455	0.004150390625
1608170648918455	0.005859375
1608170648918455	0.000244140625
1608170648918455	49.00390625
1608170648918455	0.000244140625
1608170648918563	-0.00390625
1608170648918563	-0.000244140625
1608170648918563	-49.0
1608170648918563	-0.000244140625
1608170648918563	-0.00390625
1608170648918578	12.25
1608170648918578	1.0
1608170648918578	12.25
1608170648918578	0.00341796875
1608170648918718	-1.0
1608170648918718	-12.25
1608170648918718	-0.00341796875
1608170648918731	1.0
1608170648918731	1.0
1608170648918731	0.00244140625
1608170648918880	-49.00390625
1608170648918880	-1.0
1608170648918880	-0.00244140625
1608170648918927	-0.004150390625
1608170648918963	-0.005859375
1608170648919620	-12.25
1608170648919663	-1.0
1608170648919670	0.0009765625
1608170648919670	13.000732421875
1608170648919670	0.000244140625
1608170648919670	0.000244140625
1608170648919670	0.0009765625
1608170648919882	-12.25
1608170648919882	-12.25
1608170648919882	-0.0009765625
1608170648919882	-0.000244140625
1608170648919882	-0.000244140625
1608170648919882	-0.0009765625
1608170648919932	-1.0
1608170648919937	12.25
1608170648919937	4.0
1608170648919937	12.25
1608170648919937	182.25
1608170648920119	-4.0
1608170648920119	-12.25
1608170648920119	-182.25
1608170648920130	4.0
1608170648920130	4.00048828125
1608170648920130	81.0
1608170648921098	-13.000732421875
1608170648921098	-4.00048828125
1608170648921098	-81.0
1608170648921139	-0.0009765625
1608170648921180	-0.0009765625
1608170648921216	-12.25
1608170648921254	-2.25
1608170648921261	0.0009765625
1608170648921261	0.000244140625
1608170648921261	0.0009765625
1608170648921261	13.000732421875
1608170648921261	0.000244140625
1608170648921371	-0.000244140625
1608170648921371	-0.0009765625
1608170648921371	-0.000244140625
1608170648921371	-12.25
1608170648921371	-0.0009765625
1608170648921371	-12.25
1608170648921426	-4.0
1608170648921434	49.0
1608170648921434	1.0
1608170648921434	49.0
1608170648921434	0.004150390625
1608170648922333	-1.0
1608170648922333	-49.0
1608170648922333	-0.004150390625
1608170648922345	1.0
1608170648922345	1.0
1608170648922345	0.0029296875
1608170648922503	-13.000732421875
1608170648922503	-1.0
1608170648922503	-0.0029296875
1608170648922549	-0.0009765625
1608170648922593	-0.0009765625
1608170648922624	-49.0
1608170648922668	-1.0
1608170648923529	-1.0
1608170648923540	49.00390625
1608170648923540	0.004150390625
1608170648923540	0.000244140625
1608170648923540	0.000244140625
1608170648923540	0.005859375
1608170648923652	-0.000244140625
1608170648923652	-0.00390625
1608170648923652	-49.0
1608170648923652	-0.00390625
1608170648923652	-0.000244140625
1608170648923674	12.25
1608170648923674	13.000732421875
1608170648923674	1.0
1608170648923674	0.00341796875
1608170648923941	-13.000732421875
1608170648923941	-1.0
1608170648923941	-0.00341796875
1608170648923957	1.0
1608170648923957	1.00048828125
1608170648923957	0.00244140625
1608170648924120	-49.00390625
1608170648924120	-1.00048828125
1608170648924120	-0.00244140625
1608170648924174	-0.004150390625
1608170648924211	-0.005859375
1608170648925064	-12.25
1608170648925116	-1.0
1608170648925122	12.25
1608170648925122	0.000244140625
1608170648925122	0.000244140625
1608170648925122	0.0009765625
1608170648925122	0.0009765625
1608170648925256	-12.25
1608170648925256	-0.0009765625
1608170648925256	-0.000244140625
1608170648925256	-0.0009765625
1608170648925256	-0.000244140625
1608170648925256	-12.25
1608170648925307	-1.0
1608170648925325	13.000732421875
1608170648925325	12.25
1608170648925325	2.251220703125
1608170648925325	182.25
1608170648925554	-12.25
1608170648925554	-2.251220703125
1608170648925554	-182.25
1608170648925572	2.251220703125
1608170648925572	4.0
1608170648925572	81.0
1608170648926507	-12.25
1608170648926507	-4.0
1608170648926507	-81.0
1608170648926559	-0.0009765625
1608170648926596	-0.0009765625
1608170648926644	-12.25
1608170648926682	-2.25
1608170648926691	0.000244140625
1608170648926691	0.0009765625
1608170648926691	12.25
1608170648926691	0.000244140625
1608170648926691	0.0009765625
1608170648926814	-13.000732421875
1608170648926814	-0.000244140625
1608170648926814	-0.0009765625
1608170648926814	-12.25
1608170648926814	-0.0009765625
1608170648926814	-0.000244140625
1608170648926868	-2.251220703125
1608170648926877	49.0
1608170648926877	1.0
1608170648926877	49.0
1608170648926877	0.004150390625
1608170648927884	-1.0
1608170648927884	-49.0
1608170648927884	-0.004150390625
1608170648927897	1.0
1608170648927897	1.0
1608170648927897	0.0029296875
1608170648928091	-12.25
1608170648928091	-1.0
1608170648928091	-0.0029296875
1608170648928143	-0.0009765625
1608170648928182	-0.0009765625
1608170648928232	-49.0
1608170648928273	-1.0
1608170648928320	-49.0
1608170648928409	-1.0
1608170648928426	0.005859375
1608170648928426	0.000244140625
1608170648928426	0.000244140625
1608170648928426	49.00390625
1608170648928426	0.004150390625
1608170648928618	-0.000244140625
1608170648928618	-0.000244140625
1608170648928618	-49.0
1608170648928618	-0.00390625
1608170648928618	-0.00390625
1608170648928668	12.25
1608170648928668	13.000732421875
1608170648928668	1.0
1608170648928668	0.00341796875
1608170648928815	-13.000732421875
1608170648928815	-1.0
1608170648928815	-0.00341796875
1608170648928832	1.0
1608170648928832	1.0
1608170648928832	0.00244140625
1608170648928985	-49.00390625
1608170648928985	-1.0
1608170648928985	-0.00244140625
1608170648929030	-0.004150390625
1608170648929067	-0.005859375
1608170648929105	-12.25
1608170648929142	-1.0
1608170648929147	0.000244140625
1608170648929147	0.0009765625
1608170648929147	0.000244140625
1608170648929147	0.0009765625
1608170648929147	12.25
1608170648929255	-12.25
1608170648929255	-0.000244140625
1608170648929255	-0.0009765625
1608170648929255	-0.000244140625
1608170648929255	-12.25
1608170648929255	-0.0009765625
1608170648929300	-1.0
1608170648929304	14.0009765625
1608170648929304	12.25
1608170648929304	2.25048828125
1608170648929304	182.25
1608170648929504	-12.25
1608170648929504	-2.25048828125
1608170648929504	-182.25
1608170648929515	2.25048828125
1608170648929515	2.251220703125
1608170648929515	81.0
1608170648930007	-12.25
1608170648930007	-2.251220703125
1608170648930007	-81.0
1608170648930066	-0.0009765625
1608170648930099	-0.0009765625
1608170648930146	-12.25
1608170648931038	-2.25
1608170648931046	0.000244140625
1608170648931046	0.0009765625
1608170648931046	0.0009765625
1608170648931046	0.000244140625
1608170648931046	12.25
1608170648931162	-12.25
1608170648931162	-0.000244140625
1608170648931162	-0.0009765625
1608170648931162	-0.000244140625
1608170648931162	-0.0009765625
1608170648931162	-14.0009765625
1608170648931222	-2.25048828125
1608170648931242	49.0
1608170648931242	1.0
1608170648931242	49.0
1608170648931242	0.00439453125
1608170648932319	-1.0
1608170648932319	-49.0
1608170648932319	-0.00439453125
1608170648932327	1.0
1608170648932327	1.0
1608170648932327	0.00439453125
1608170648932487	-12.25
1608170648932487	-1.0
1608170648932487	-0.00439453125
1608170648932528	-0.0009765625
1608170648932561	-0.0009765625
1608170648932635	-49.0
1608170648932738	-1.0
1608170648933469	-1.0
1608170648933472	49.0078125
1608170648933472	0.00439453125
1608170648933472	0.00390625
1608170648933472	0.000244140625
1608170648933472	0.000244140625
1608170648933699	-49.0
1608170648933699	-0.00390625
1608170648933699	-0.00390625
1608170648933699	-0.000244140625
1608170648933699	-0.000244140625
1608170648933708	12.25
1608170648933708	14.0009765625
1608170648933708	1.0
1608170648933708	0.00341796875
1608170648934737	-14.0009765625
1608170648934737	-1.0
1608170648934737	-0.00341796875
1608170648934749	1.0
1608170648934749	1.00048828125
1608170648934749	0.00244140625
1608170648934903	-49.0078125
1608170648934903	-1.00048828125
1608170648934903	-0.00244140625
1608170648934950	-0.00439453125
1608170648934983	-0.00390625
1608170648935018	-12.25390625
1608170648935081	-1.0
1608170648935085	0.000244140625
1608170648935085	0.0009765625
1608170648935085	12.25390625
1608170648935085	0.000244140625
1608170648935085	0.0009765625
1608170648935193	-12.25
1608170648935193	-0.000244140625
1608170648935193	-12.25
1608170648935193	-0.0009765625
1608170648935193	-0.000244140625
1608170648935193	-0.0009765625
1608170648936130	-1.0
1608170648936137	14.0009765625
1608170648936137	12.25
1608170648936137	2.25048828125
1608170648936137	182.25
1608170648937266	-12.25
1608170648937266	-2.25048828125
1608170648937266	-182.25
1608170648937277	2.25048828125
1608170648937277	2.25048828125
1608170648937277	81.0
1608170648937515	-12.25390625
1608170648937515	-2.25048828125
1608170648937515	-81.0
1608170648937674	-0.0009765625
1608170648937705	-0.0009765625
1608170648937741	-12.25
1608170648937779	-2.25
1608170648937785	0.0009765625
1608170648937785	0.000244140625
1608170648937785	0.0009765625
1608170648937785	12.25
1608170648937785	0.000244140625
1608170648938042	-0.000244140625
1608170648938042	-14.0009765625
1608170648938042	-0.0009765625
1608170648938042	-0.0009765625
1608170648938042	-12.25
1608170648938042	-0.000244140625
1608170648938098	-2.25048828125
1608170648938103	49.0
1608170648938103	1.0
1608170648938103	49.0
1608170648938103	0.00341796875
1608170648938989	-1.0
1608170648938989	-49.0
1608170648938989	-0.00341796875
1608170648939006	1.0
1608170648939006	1.0
1608170648939006	0.00341796875
1608170648940196	-12.25
1608170648940196	-1.0
1608170648940196	-0.00341796875
1608170648940237	-0.0009765625
1608170648940270	-0.0009765625
1608170648940306	-49.0
1608170648940339	-1.0
1608170648940384	-49.0
1608170648940427	-1.0
1608170648940434	0.000244140625
1608170648940434	0.000244140625
1608170648940434	0.005859375
1608170648940434	49.0
1608170648940434	0.00439453125
1608170648940666	-0.000244140625
1608170648940666	-0.000244140625
1608170648940666	-49.0
1608170648940666	-0.00390625
1608170648940666	-0.00390625
1608170648940679	49.0
1608170648940679	0.000244140625
1608170648940679	0.000244140625
1608170648940679	0.00390625
1608170648940679	0.00390625
1608170648941382	-0.00390625
1608170648941382	-0.000244140625
1608170648941382	-0.000244140625
1608170648941382	-49.0
1608170648941382	-49.0
1608170648941382	-0.00390625
1608170648941397	98.0
1608170648941397	2.25048828125
1608170648941397	98.0
1608170648941567	-2.25048828125
1608170648941567	-98.0
1608170648941579	2.25048828125
1608170648941579	2.25048828125
1608170648941579	0.00244140625
1608170648942618	-49.0
1608170648942618	-2.25048828125
1608170648942618	-0.00244140625
1608170648942664	-0.00439453125
1608170648942721	-0.005859375
1608170648942727	12.25
1608170648942727	14.0009765625
1608170648942727	1.0
1608170648942727	0.00439453125
1608170648942910	-14.0009765625
1608170648942910	-1.0
1608170648942910	-0.00439453125
1608170648942922	1.0
1608170648942922	1.0
1608170648942922	0.00439453125
1608170648944076	-49.0
1608170648944076	-1.0
1608170648944076	-0.00439453125
1608170648944148	-0.00390625
1608170648944204	-0.00390625
1608170648945277	-2.0
1608170648945362	-12.25
1608170648945420	-1.0
1608170648945473	-2.25048828125
1608170648945505	0.000244140625
1608170648945505	14.0009765625
1608170648945505	0.000244140625
1608170648945505	0.0009765625
1608170648945505	0.0009765625
1608170648945716	-0.000244140625
1608170648945716	-12.25
1608170648945716	-0.0009765625
1608170648945716	-12.25
1608170648945716	-0.000244140625
1608170648945716	-0.0009765625
1608170648945794	-1.0
1608170648945813	12.25
1608170648945813	2.25048828125
1608170648945813	12.25
1608170648945813	182.25
1608170648946105	-2.25048828125
1608170648946105	-12.25
1608170648946105	-182.25
1608170648946122	2.25048828125
1608170648946122	2.25048828125
1608170648946122	122.5
1608170648946554	-14.0009765625
1608170648946554	-2.25048828125
1608170648946554	-122.5
1608170648948866	-0.0009765625
1608170648948903	-0.0009765625
1608170648948932	-12.25
1608170648948967	-2.25
1608170648948972	12.25
1608170648948972	0.000244140625
1608170648948972	0.0009765625
1608170648948972	0.0009765625
1608170648948972	0.000244140625
1608170648951497	-12.25
1608170648951497	-0.0009765625
1608170648951497	-12.25
1608170648951497	-0.000244140625
1608170648951497	-0.0009765625
1608170648951497	-0.000244140625
1608170648951541	-2.25048828125
1608170648951552	134.765625
1608170648951552	98.0
1608170648951552	0.5
1608170648951690	-98.0
1608170648951690	-0.5
1608170648951701	0.5
1608170648951701	0.5
1608170648951701	0.00439453125
1608170648952534	-12.25
1608170648952534	-0.5
1608170648952534	-0.00439453125
1608170648953636	-0.0009765625
1608170648953691	-0.0009765625
1608170648953725	-134.765625
1608170648953755	-0.5
1608170648953786	-98.0
1608170648953823	-0.5
1608170648953830	0.000244140625
1608170648953830	0.000244140625
1608170648953830	98.001953125
1608170648953830	0.001953125
1608170648953830	0.001953125
1608170648953992	-0.000244140625
1608170648953992	-0.001953125
1608170648953992	-98.0
1608170648953992	-0.001953125
1608170648953992	-0.000244140625
1608170648954006	24.5
1608170648954006	0.25
1608170648954006	24.5
1608170648954006	0.006591796875
1608170648954138	-0.25
1608170648954138	-24.5
1608170648954138	-0.006591796875
1608170648954151	0.25
1608170648954151	0.25
1608170648954151	0.00244140625
1608170648955130	-98.001953125
1608170648955130	-0.25
1608170648955130	-0.00244140625
1608170648955197	-0.001953125
1608170648955261	-0.001953125
1608170648955880	-24.5
1608170648955986	-0.25
1608170648955993	0.000244140625
1608170648955993	0.00048828125
1608170648955993	0.000244140625
1608170648955993	24.5
1608170648955993	0.000732421875
1608170648956358	-0.00048828125
1608170648956358	-0.000244140625
1608170648956358	-24.5
1608170648956358	-24.5
1608170648956358	-0.000244140625
1608170648956358	-0.00048828125
1608170648956414	-0.25
1608170648956423	24.5
1608170648956423	1.0
1608170648956423	24.5
1608170648956423	112.5
1608170648956560	-1.0
1608170648956560	-24.5
1608170648956560	-112.5
1608170648956568	1.0
1608170648956568	1.0
1608170648956568	112.5
1608170648957375	-24.5
1608170648957375	-1.0
1608170648957375	-112.5
1608170648957412	-0.000732421875
1608170648957446	-0.00048828125
1608170648958008	-24.5
1608170648958047	-0.5625
1608170648958050	0.000732421875
1608170648958050	24.5
1608170648958050	0.00048828125
1608170648958050	0.000244140625
1608170648958050	0.000244140625
1608170648958156	-24.5
1608170648958156	-24.5
1608170648958156	-0.00048828125
1608170648958156	-0.000244140625
1608170648958156	-0.00048828125
1608170648958156	-0.000244140625
1608170648958363	-1.0
1608170648958368	98.0
1608170648958368	0.25
1608170648958368	98.0
1608170648958368	0.006591796875
1608170648958723	-0.25
1608170648958723	-98.0
1608170648958723	-0.006591796875
1608170648958733	0.25
1608170648958733	0.25
1608170648958733	0.00439453125
1608170648960145	-24.5
1608170648960145	-0.25
1608170648960145	-0.00439453125
1608170648960180	-0.000732421875
1608170648960212	-0.00048828125
1608170648961113	-98.0
1608170648961143	-0.25
1608170648961176	-98.0
1608170648961210	-0.25
1608170648961214	0.000244140625
1608170648961214	0.001953125
1608170648961214	98.001953125
1608170648961214	0.001953125
1608170648961214	0.000244140625
1608170648961309	-0.001953125
1608170648961309	-98.0
1608170648961309	-0.000244140625
1608170648961309	-0.001953125
1608170648961309	-0.000244140625
1608170648961325	24.5
1608170648961325	0.25
1608170648961325	24.5
1608170648961325	0.006591796875
1608170648961457	-0.25
1608170648961457	-24.5
1608170648961457	-0.006591796875
1608170648961468	0.25
1608170648961468	0.25
1608170648961468	0.00244140625
1608170648962570	-98.001953125
1608170648962570	-0.25
1608170648962570	-0.00244140625
1608170648963222	-0.001953125
1608170648963257	-0.001953125
1608170648963285	-24.5
1608170648963319	-0.25
1608170648963323	24.5
1608170648963323	0.00048828125
1608170648963323	0.000732421875
1608170648963323	0.000244140625
1608170648963323	0.000244140625
1608170648963442	-24.5
1608170648963442	-24.5
1608170648963442	-0.00048828125
1608170648963442	-0.00048828125
1608170648963442	-0.000244140625
1608170648963442	-0.000244140625
1608170648963489	-0.25
1608170648963493	24.5
1608170648963493	0.5625
1608170648963493	24.5
1608170648963493	112.5
1608170648963631	-0.5625
1608170648963631	-24.5
1608170648963631	-112.5
1608170648963639	0.5625
1608170648963639	1.0
1608170648963639	112.5
1608170648964686	-24.5
1608170648964686	-1.0
1608170648964686	-112.5
1608170648965615	-0.000732421875
1608170648965642	-0.00048828125
1608170648965673	-24.5
1608170648965703	-0.5625
1608170648965708	0.00048828125
1608170648965708	24.5
1608170648965708	0.000244140625
1608170648965708	0.000244140625
1608170648965708	0.000732421875
1608170648966018	-0.000244140625
1608170648966018	-0.000244140625
1608170648966018	-0.00048828125
1608170648966018	-24.5
1608170648966018	-24.5
1608170648966018	-0.00048828125
1608170648966262	-0.5625
1608170648966270	98.0
1608170648966270	0.25
1608170648966270	98.0
1608170648966270	0.006591796875
1608170648966737	-0.25
1608170648966737	-98.0
1608170648966737	-0.006591796875
1608170648966747	0.25
1608170648966747	0.25
1608170648966747	0.00341796875
1608170648967742	-24.5
1608170648967742	-0.25
1608170648967742	-0.00341796875
1608170648967778	-0.000732421875
1608170648968689	-0.00048828125
1608170648968722	-98.0
1608170648968747	-0.25
1608170648968781	-98.0
1608170648968812	-0.25
1608170648968814	0.00244140625
1608170648968814	98.00390625
1608170648968814	0.001953125
1608170648968814	0.000244140625
1608170648968814	0.000244140625
1608170648968909	-0.001953125
1608170648968909	-0.001953125
1608170648968909	-0.000244140625
1608170648968909	-0.000244140625
1608170648968909	-98.0
1608170648968928	24.5
1608170648968928	0.25
1608170648968928	24.5
1608170648968928	0.006591796875
1608170648969268	-0.25
1608170648969268	-24.5
1608170648969268	-0.006591796875
1608170648969277	0.25
1608170648969277	0.25
1608170648969277	0.00244140625
1608170648970867	-98.00390625
1608170648970867	-0.25
1608170648970867	-0.00244140625
1608170648970904	-0.001953125
1608170648970938	-0.00244140625
1608170648970969	-24.501953125
1608170648970996	-0.25
1608170648970999	0.000732421875
1608170648970999	0.000244140625
1608170648970999	24.5
1608170648970999	0.00048828125
1608170648970999	0.000244140625
1608170648971117	-0.000244140625
1608170648971117	-0.00048828125
1608170648971117	-0.00048828125
1608170648971117	-24.5
1608170648971117	-24.5
1608170648971117	-0.000244140625
1608170648971160	-0.25
1608170648971163	24.501953125
1608170648971163	24.5
1608170648971163	0.5625
1608170648971163	112.5
1608170648971301	-24.5
1608170648971301	-0.5625
1608170648971301	-112.5
1608170648971314	0.5625
1608170648971314	1.0
1608170648971314	112.5
1608170648973273	-24.5
1608170648973273	-1.0
1608170648973273	-112.5
1608170648973314	-0.000732421875
1608170648973340	-0.00048828125
1608170648973581	-24.5
1608170648973616	-0.5625
1608170648973620	0.000732421875
1608170648973620	24.5
1608170648973620	0.000244140625
1608170648973620	0.000244140625
1608170648973620	0.00048828125
1608170648973962	-24.501953125
1608170648973962	-0.00048828125
1608170648973962	-0.000244140625
1608170648973962	-24.5
1608170648973962	-0.000244140625
1608170648973962	-0.00048828125
1608170648974011	-0.5625
1608170648974016	98.0
1608170648974016	0.25
1608170648974016	98.0
1608170648974016	0.006591796875
1608170648974397	-0.25
1608170648974397	-98.0
1608170648974397	-0.006591796875
1608170648974407	0.25
1608170648974407	0.25
1608170648974407	0.00439453125
1608170648976321	-24.5
1608170648976321	-0.25
1608170648976321	-0.00439453125
1608170648976357	-0.000732421875
1608170648976400	-0.00048828125
1608170648976464	-0.25
1608170648976494	-98.0
1608170648976527	-0.25
1608170648976533	0.000244140625
1608170648976533	0.000244140625
1608170648976533	0.00244140625
1608170648976533	0.001953125
1608170648976533	98.001953125
1608170648976659	-0.000244140625
1608170648976659	-98.0
1608170648976659	-0.000244140625
1608170648976659	-0.001953125
1608170648976659	-0.001953125
1608170648976670	0.001953125
1608170648976670	98.0
1608170648976670	0.000244140625
1608170648976670	0.001953125
1608170648976670	0.000244140625
1608170648976939	-98.0
1608170648976939	-98.0
1608170648976939	-0.001953125
1608170648976939	-0.000244140625
1608170648976939	-0.001953125
1608170648976939	-0.000244140625
1608170648976951	196.0
1608170648976951	0.5
1608170648976951	196.0
1608170648977629	-0.5
1608170648977629	-196.0
1608170648977642	0.5
1608170648977642	0.5625
1608170648977642	0.00244140625
1608170648978571	-98.001953125
1608170648978571	-0.5625
1608170648978571	-0.00244140625
1608170648978606	-0.001953125
1608170648978646	-0.00244140625
1608170648978652	24.5
1608170648978652	0.25
1608170648978652	24.5
1608170648978652	0.006591796875
1608170648978846	-0.25
1608170648978846	-24.5
1608170648978846	-0.006591796875
1608170648978852	0.25
1608170648978852	0.25
1608170648978852	0.00439453125
1608170648979905	-98.0
1608170648979905	-0.25
1608170648979905	-0.00439453125
1608170648979941	-0.001953125
1608170648979971	-0.001953125
1608170648980858	-0.5
1608170648980890	-24.5
1608170648980920	-0.25
1608170648980948	-0.5
1608170648980956	0.000244140625
1608170648980956	24.5
1608170648980956	0.00048828125
1608170648980956	0.000244140625
1608170648980956	0.000732421875
1608170648981255	-24.5
1608170648981255	-0.000244140625
1608170648981255	-0.00048828125
1608170648981255	-0.000244140625
1608170648981255	-0.00048828125
1608170648981255	-24.5
1608170648981495	-0.25
1608170648981497	24.5
1608170648981497	24.505859375
1608170648981497	0.5625
1608170648981497	122.5
1608170648981979	-24.505859375
1608170648981979	-0.5625
1608170648981979	-122.5
1608170648981990	0.5625
1608170648981990	1.0
1608170648981990	122.5
1608170648983907	-24.5
1608170648983907	-1.0
1608170648983907	-122.5
1608170648983951	-0.000732421875
1608170648983982	-0.00048828125
1608170648984012	-24.5
1608170648984046	-0.5625
1608170648984051	0.000244140625
1608170648984051	0.000244140625
1608170648984051	24.81591796875
1608170648984051	0.000732421875
1608170648984051	0.00048828125
1608170648984150	-0.00048828125
1608170648984150	-0.000244140625
1608170648984150	-0.00048828125
1608170648984150	-0.000244140625
1608170648984150	-36.740478515625
1608170648984150	-24.5
1608170648984192	-0.5625
1608170648984199	269.5078125
1608170648984199	196.0
1608170648984199	0.125
1608170648984452	-196.0
1608170648984452	-0.125
1608170648984465	0.125
1608170648984465	0.125
1608170648984465	0.00390625
1608170648986102	-24.81591796875
1608170648986102	-0.125
1608170648986102	-0.00390625
1608170648986150	-0.000732421875
1608170648986185	-0.00048828125
1608170648986227	-269.5078125
1608170648986262	-0.125
1608170648986313	-196.0
1608170648986351	-0.125
1608170648986356	0.0009765625
1608170648986356	196.0
1608170648986356	0.000244140625
1608170648986356	0.000244140625
1608170648986356	0.0009765625
1608170648986455	-0.0009765625
1608170648986455	-196.0
1608170648986455	-0.000244140625
1608170648986455	-0.000244140625
1608170648986455	-0.0009765625
1608170648986464	49.0
1608170648986464	0.0625
1608170648986464	49.0
1608170648986464	0.020263671875
1608170648986628	-0.0625
1608170648986628	-49.0
1608170648986628	-0.020263671875
1608170648986649	0.0625
1608170648986649	0.0625
1608170648986649	0.0029296875
1608170648988539	-196.0
1608170648988539	-0.0625
1608170648988539	-0.0029296875
1608170648988576	-0.0009765625
1608170648988610	-0.0009765625
1608170648988639	-49.0
1608170648988863	-0.0625
1608170648988867	0.000244140625
1608170648988867	0.000244140625
1608170648988867	0.000244140625
1608170648988867	49.0
1608170648988867	0.000244140625
1608170648989228	-0.000244140625
1608170648989228	-49.0
1608170648989228	-0.000244140625
1608170648989228	-0.000244140625
1608170648989228	-0.000244140625
1608170648989228	-49.0
1608170648989278	-0.0625
1608170648989291	49.0
1608170648989291	0.25
1608170648989291	49.0
1608170648989291	85.046875
1608170648989816	-0.25
1608170648989816	-49.0
1608170648989816	-85.046875
1608170648989825	0.25
1608170648989825	0.25
1608170648989825	0.00537109375
1608170648990659	-49.0
1608170648990659	-0.25
1608170648990659	-0.00537109375
1608170648990705	-0.000244140625
1608170648990733	-0.000244140625
1608170648991624	-49.0
1608170648991658	-0.140625
1608170648991663	49.0
1608170648991663	0.000244140625
1608170648991663	0.000244140625
1608170648991663	0.000244140625
1608170648991663	0.000244140625
1608170648991758	-49.0
1608170648991758	-0.000244140625
1608170648991758	-49.0
1608170648991758	-0.000244140625
1608170648991758	-0.000244140625
1608170648991758	-0.000244140625
1608170648991803	-0.25
1608170648991807	196.0
1608170648991807	0.06298828125
1608170648991807	196.0
1608170648991807	0.020263671875
1608170648991950	-0.06298828125
1608170648991950	-196.0
1608170648991950	-0.020263671875
1608170648991962	0.06298828125
1608170648991962	0.0625
1608170648991962	0.00439453125
1608170648992967	-49.0
1608170648992967	-0.0625
1608170648992967	-0.00439453125
1608170648993073	-0.000244140625
1608170648993726	-0.000244140625
1608170648993759	-196.0
1608170648993790	-0.0625
1608170648993820	-196.0
1608170648993850	-0.06298828125
1608170648993853	196.0
1608170648993853	0.0009765625
1608170648993853	0.0009765625
1608170648993853	0.000244140625
1608170648993853	0.000244140625
1608170648993967	-196.0
1608170648993967	-0.0009765625
1608170648993967	-0.000244140625
1608170648993967	-0.000244140625
1608170648993967	-0.0009765625
1608170648993977	49.0
1608170648993977	0.06298828125
1608170648993977	49.0
1608170648993977	0.020263671875
1608170648994126	-0.06298828125
1608170648994126	-49.0
1608170648994126	-0.020263671875
1608170648994134	0.06298828125
1608170648994134	0.0625
1608170648994134	0.0029296875
1608170648995179	-196.0
1608170648995179	-0.0625
1608170648995179	-0.0029296875
1608170648996104	-0.0009765625
1608170648996136	-0.0009765625
1608170648996169	-49.0
1608170648996205	-0.0625
1608170648996208	0.000244140625
1608170648996208	0.000244140625
1608170648996208	49.0
1608170648996208	0.000244140625
1608170648996208	0.000244140625
1608170648996515	-0.000244140625
1608170648996515	-49.0
1608170648996515	-0.000244140625
1608170648996515	-0.000244140625
1608170648996515	-49.0
1608170648996515	-0.000244140625
1608170648996762	-0.06298828125
1608170648996769	49.0
1608170648996769	0.25
1608170648996769	49.0
1608170648996769	85.046875
1608170648997052	-0.25
1608170648997052	-49.0
1608170648997052	-85.046875
1608170648997062	0.25
1608170648997062	0.140625
1608170648997062	0.00537109375
1608170648997873	-49.0
1608170648997873	-0.140625
1608170648997873	-0.00537109375
1608170649000563	-0.000244140625
1608170649000599	-0.000244140625
1608170649000630	-49.0
1608170649000656	-0.140625
1608170649000666	0.000244140625
1608170649000666	0.000244140625
1608170649000666	0.000244140625
1608170649000666	49.0
1608170649000666	0.000244140625
1608170649002572	-49.0
1608170649002572	-0.000244140625
1608170649002572	-0.000244140625
1608170649002572	-0.000244140625
1608170649002572	-49.0
1608170649002572	-0.000244140625
1608170649002620	-0.25
1608170649002624	196.0
1608170649002624	0.0625
1608170649002624	196.0
1608170649002624	0.020263671875
1608170649002745	-0.0625
1608170649002745	-196.0
1608170649002745	-0.020263671875
1608170649002754	0.0625
1608170649002754	0.0625
1608170649002754	0.00439453125
1608170649004539	-49.0
1608170649004539	-0.0625
1608170649004539	-0.00439453125
1608170649004574	-0.000244140625
1608170649004604	-0.000244140625
1608170649004630	-196.0
1608170649004660	-0.0625
1608170649004691	-196.0
1608170649004719	-0.0625
1608170649004721	196.0
1608170649004721	0.0009765625
1608170649004721	0.000244140625
1608170649004721	0.0009765625
1608170649004721	0.000244140625
1608170649004816	-0.0009765625
1608170649004816	-0.000244140625
1608170649004816	-0.000244140625
1608170649004816	-0.0009765625
1608170649004816	-196.0
1608170649004828	196.0
1608170649004828	0.000244140625
1608170649004828	0.0009765625
1608170649004828	0.00146484375
1608170649004828	0.000244140625
1608170649004938	-196.0
1608170649004938	-0.0009765625
1608170649004938	-0.000244140625
1608170649004938	-0.000244140625
1608170649004938	-196.0
1608170649004938	-0.0009765625
1608170649004952	49.0
1608170649004952	62.7001953125
1608170649004952	0.0625
1608170649004952	0.020263671875
1608170649005805	-62.7001953125
1608170649005805	-0.0625
1608170649005805	-0.020263671875
1608170649005818	0.0625
1608170649005818	0.0625
1608170649005818	0.0029296875
1608170649006849	-196.0
1608170649006849	-0.0625
1608170649006849	-0.0029296875
1608170649006894	-0.0009765625
1608170649006931	-0.0009765625
1608170649006934	49.0
1608170649006934	62.7001953125
1608170649006934	0.0625
1608170649006934	0.020263671875
1608170649007122	-62.7001953125
1608170649007122	-0.0625
1608170649007122	-0.020263671875
1608170649007131	0.0625
1608170649007131	0.0625
1608170649007131	0.0029296875
1608170649008402	-196.0
1608170649008402	-0.0625
1608170649008402	-0.0029296875
1608170649008439	-0.0009765625
1608170649008464	-0.00146484375
1608170649008973	-0.0625
1608170649009001	-49.0
1608170649009030	-0.0625
1608170649009057	-0.0625
1608170649009061	0.000244140625
1608170649009061	0.000244140625
1608170649009061	0.000244140625
1608170649009061	0.000244140625
1608170649009061	49.0
1608170649009648	-0.000244140625
1608170649009648	-49.0
1608170649009648	-0.000244140625
1608170649009648	-49.0
1608170649009648	-0.000244140625
1608170649009648	-0.000244140625
1608170649010187	-0.0625
1608170649010196	49.0
1608170649010196	69.326171875
1608170649010196	0.140625
1608170649010196	147.0
1608170649010478	-69.326171875
1608170649010478	-0.140625
1608170649010478	-147.0
1608170649010487	0.140625
1608170649010487	0.140625
1608170649010487	0.00537109375
1608170649011931	-49.0
1608170649011931	-0.140625
1608170649011931	-0.00537109375
1608170649011971	-0.000244140625
1608170649012001	-0.000244140625
1608170649012032	-49.0
1608170649012922	-0.140625
1608170649012927	0.000244140625
1608170649012927	0.000244140625
1608170649012927	0.000244140625
1608170649012927	0.000244140625
1608170649012927	69.47119140625
1608170649013028	-49.0
1608170649013028	-49.0
1608170649013028	-0.000244140625
1608170649013028	-0.000244140625
1608170649013028	-0.000244140625
1608170649013028	-0.000244140625
1608170649013072	-0.140625
1608170649013076	49.0
1608170649013076	0.015625
1608170649013076	49.0
1608170649013076	0.020263671875
1608170649013351	-0.015625
1608170649013351	-49.0
1608170649013351	-0.020263671875
1608170649013364	0.015625
1608170649013364	0.015625
1608170649013364	0.0029296875
1608170649014124	-69.47119140625
1608170649014124	-0.015625
1608170649014124	-0.0029296875
1608170649014334	-0.000244140625
1608170649014531	-0.000244140625
1608170649014726	-49.0
1608170649015392	-0.015625
1608170649015396	196.0
1608170649015485	-49.0
1608170649015485	-49.0
1608170649015530	-0.015625
1608170649015560	-196.0
1608170649015563	0.000244140625
1608170649015563	0.000244140625
1608170649015563	0.000244140625
1608170649015563	0.000244140625
1608170649015563	245.0
1608170649015679	-196.0
1608170649015679	-0.000244140625
1608170649015679	-196.0
1608170649015679	-0.000244140625
1608170649015679	-0.000244140625
1608170649015679	-0.000244140625
1608170649015687	0.035888671875
1608170649015687	0.035888671875
1608170649015687	0.0341796875
1608170649015910	-245.0
1608170649015910	-38.7451171875
1608170649015910	-0.035888671875
1608170649015910	-0.0341796875
1608170649015949	-0.000244140625
1608170649017025	-0.000244140625
1608170649017057	-0.035888671875
1608170649017087	-0.035888671875
