1601349472348229	256
1601349472348414	512
1601349472348611	256
1601349472348616	-256
1601349472348840	256
1601349472348933	256
1601349472349003	256
1601349472349072	256
1601349472349194	-256
1601349472349336	256
1601349472349454	-256
1601349472349592	256
1601349472349706	-256
1601349472349842	256
1601349472350088	256
1601349472350204	256
1601349472350388	-256
1601349472350390	-256
1601349472350400	-256
1601349472350401	-256
1601349472350438	256
1601349472350675	-256
1601349472350717	-256
1601349472350798	-256
1601349472351941	256
1601349472351946	256
1601349472352037	-256
1601349472352087	37632
1601349472352146	256
1601349472352196	16384
1601349472352246	256
1601349472352275	9216
1601349472352346	-9216
1601349472352374	4194304
1601349472352441	256
1601349472352454	9216
1601349472352519	-9216
1601349472352539	9437184
1601349472352596	256
1601349472352598	256
1601349472352649	-256
1601349472352671	65536
1601349472352726	51781632
1601349472352802	256
1601349472352804	256
1601349472352861	-256
1601349472352883	147456
1601349472352940	256
1601349472352942	256
1601349472352991	-256
1601349472353013	65536
1601349472353057	256
1601349472353070	9216
1601349472353131	-9216
1601349472353154	4194304
1601349472353209	256
1601349472353211	256
1601349472353259	-256
1601349472353281	65536
1601349472353325	256
1601349472353326	256
1601349472353377	-256
1601349472353395	65536
1601349472353442	256
1601349472353444	256
1601349472353500	-256
1601349472353520	147456
1601349472353575	256
1601349472353577	256
1601349472353625	-256
1601349472353654	1048576
1601349472353705	256
1601349472353718	9216
1601349472353781	-9216
1601349472353804	8200192
1601349472353856	256
1601349472353858	256
1601349472353907	-256
1601349472353931	65536
1601349472353976	256
1601349472353978	256
1601349472354027	-256
1601349472354044	524288
1601349472354113	256
1601349472354127	9216
1601349472354188	-9216
1601349472354213	4194304
1601349472354267	256
1601349472354269	256
1601349472354322	-256
1601349472354342	147456
1601349472354393	256
1601349472354437	4096
1601349472354487	256
1601349472354488	256
1601349472354539	-256
1601349472354559	65536
1601349472354607	256
1601349472354608	256
1601349472354657	-256
1601349472354678	1048576
1601349472354729	256
1601349472354741	9216
1601349472354804	-9216
1601349472354824	9437184
1601349472354875	256
1601349472354887	9216
1601349472354947	-9216
1601349472354973	9437184
1601349472355022	256
1601349472355024	256
1601349472355076	-256
1601349472355098	131072
1601349472355150	256
1601349472355152	256
1601349472355201	-256
1601349472355223	262144
1601349472355274	256
1601349472355276	256
1601349472355326	-256
1601349472355347	262144
1601349472355399	256
1601349472355401	256
1601349472355450	-256
1601349472355475	589824
1601349472355529	256
1601349472355531	256
1601349472355579	-256
1601349472355596	589824
1601349472355649	256
1601349472355651	256
1601349472355703	-256
1601349472355721	589824
1601349472355773	256
1601349472355775	256
1601349472355822	-256
1601349472355844	262144
1601349472355894	256
1601349472355895	256
1601349472355949	-256
1601349472355969	262144
1601349472356022	256
1601349472356024	256
1601349472356071	-256
1601349472356094	589824
1601349472356143	256
1601349472356144	256
1601349472356196	-256
1601349472356218	262144
1601349472356281	256
1601349472356283	256
1601349472356331	-256
1601349472356352	1048576
1601349472356399	256
1601349472356401	256
1601349472356453	-256
1601349472356473	262144
1601349472356525	256
1601349472356527	256
1601349472356575	-256
1601349472356599	262144
1601349472356653	256
1601349472356666	9216
1601349472356733	-9216
1601349472356756	2097152
1601349472356806	256
1601349472356819	9216
1601349472356881	-9216
1601349472356903	2359296
1601349472356959	256
1601349472356961	256
1601349472357009	-256
1601349472357030	1048576
1601349472357088	256
1601349472357090	256
1601349472357137	-256
1601349472357157	1048576
1601349472357208	256
1601349472357210	256
1601349472357261	-256
1601349472357281	1048576
1601349472357332	256
1601349472357334	256
1601349472357388	-256
1601349472357407	1048576
1601349472357458	256
1601349472357470	9216
1601349472357528	-9216
1601349472357548	2359296
1601349472357599	256
1601349472357611	9216
1601349472357672	-9216
1601349472357694	2359296
1601349472357747	256
1601349472357749	256
1601349472357797	-256
1601349472357819	524288
1601349472357870	256
1601349472357883	9216
1601349472357944	-9216
1601349472357967	2359296
1601349472358016	256
1601349472358018	256
1601349472358066	-256
1601349472358090	1048576
1601349472358159	256
1601349472358172	9216
1601349472358233	-9216
1601349472358253	2359296
1601349472358305	256
1601349472358318	9216
1601349472358375	-9216
1601349472358401	2359296
1601349472358463	256
1601349472358474	9216
1601349472358531	-9216
1601349472358549	2097152
1601349472358598	256
1601349472358609	9216
1601349472358665	-9216
1601349472358688	4194304
1601349472358738	256
1601349472358739	256
1601349472358787	-256
1601349472358809	1048576
1601349472358858	256
1601349472358860	256
1601349472358909	-256
1601349472358927	1048576
1601349472358975	256
1601349472358977	256
1601349472359023	-256
1601349472359043	1048576
1601349472359087	256
1601349472359099	9216
1601349472359156	-9216
1601349472359174	8388608
1601349472359225	256
1601349472359236	9216
1601349472359291	-9216
1601349472359314	4194304
1601349472359374	54593024
1601349472359426	-51781632
1601349472359634	-256
1601349472359635	-256
1601349472359636	-256
1601349472359637	-256
1601349472359638	-256
1601349472359639	-256
1601349472359640	-256
1601349472359640	-256
1601349472359641	-256
1601349472359642	-256
1601349472359642	-256
1601349472359643	-256
1601349472359644	-256
1601349472359645	-256
1601349472359645	-256
1601349472359646	-256
1601349472359647	-256
1601349472359648	-256
1601349472359649	-256
1601349472359649	-256
1601349472359650	-256
1601349472359651	-256
1601349472359651	-256
1601349472359652	-256
1601349472359653	-256
1601349472359654	-256
1601349472359654	-256
1601349472359655	-256
1601349472359656	-256
1601349472359657	-256
1601349472359658	-256
1601349472359662	-256
1601349472359663	-256
1601349472359664	-256
1601349472359664	-256
1601349472359665	-256
1601349472359666	-256
1601349472359667	-256
1601349472359668	-256
1601349472359669	-256
1601349472359670	-256
1601349472359671	-256
1601349472359671	-256
1601349472359672	-256
1601349472359673	-256
1601349472359674	-256
1601349472359675	-256
1601349472359677	-256
1601349472359678	-256
1601349472359679	-256
1601349472359679	-256
1601349472359681	-256
1601349472359681	-256
1601349472359682	-256
1601349472359718	276168704
1601349472359732	37632
1601349472359825	75520
1601349472359951	-75520
1601349472359956	-37632
1601349472360057	276168704
1601349472360058	256
1601349472360059	256
1601349472360060	256
1601349472360060	256
1601349472360393	69042176
1601349472360609	276168704
1601349472360615	65536
1601349472360673	18944
1601349472360756	-18944
1601349472360760	-65536
1601349472360808	69042176
1601349472360814	16384
1601349472360866	18944
1601349472360935	-18944
1601349472360937	-16384
1601349472361008	-256
1601349472361049	-256
1601349472361068	276168704
1601349472361070	1024
1601349472361071	1024
1601349472361073	1024
1601349472361074	1024
1601349472361212	69042176
1601349472361213	256
1601349472361214	256
1601349472361215	256
1601349472361216	256
1601349472361646	69042176
1601349472361652	147456
1601349472361709	113688576
1601349472362159	-113688576
1601349472362164	-147456
1601349472362376	-1024
1601349472362419	-1024
1601349472362438	69042176
1601349472362440	256
1601349472362441	256
1601349472362442	256
1601349472362443	256
1601349472362612	-256
1601349472362658	-256
1601349472362806	276168704
1601349472362813	65536
1601349472362869	18944
1601349472362947	-18944
1601349472362950	-65536
1601349472363106	276168704
1601349472363107	1024
1601349472363108	1024
1601349472363110	1024
1601349472363111	1024
1601349472363285	-256
1601349472363331	-256
1601349472363380	-276168704
1601349472363622	69042176
1601349472363629	65536
1601349472363685	18944
1601349472363780	-18944
1601349472363783	-65536
1601349472363868	-1024
1601349472363905	-1024
1601349472363921	69042176
1601349472363922	256
1601349472363923	256
1601349472363924	256
1601349472363925	256
1601349472364184	69042176
1601349472364190	147456
1601349472364246	113688576
1601349472364595	-113688576
1601349472364599	-147456
1601349472364763	69042176
1601349472364764	256
1601349472364765	256
1601349472364766	256
1601349472364767	256
1601349472364932	-256
1601349472364971	-256
1601349472365143	276168704
1601349472365149	65536
1601349472365205	18944
1601349472365282	-18944
1601349472365285	-65536
1601349472365438	276168704
1601349472365440	1024
1601349472365441	1024
1601349472365442	1024
1601349472365444	1024
1601349472365602	-256
1601349472365649	-256
1601349472365945	69042176
1601349472365952	65536
1601349472366005	18944
1601349472366079	-18944
1601349472366082	-65536
1601349472369377	-1024
1601349472369430	-1024
1601349472369451	69042176
1601349472369453	256
1601349472369455	256
1601349472369456	256
1601349472369457	256
1601349472369795	69042176
1601349472369817	147456
1601349472369878	113688576
1601349472370302	-113688576
1601349472370307	-147456
1601349472370497	69042176
1601349472370498	256
1601349472370499	256
1601349472370501	256
1601349472370502	256
1601349472370666	-256
1601349472370709	-256
1601349472370850	276168704
1601349472370857	65536
1601349472370915	18944
1601349472371006	-18944
1601349472371010	-65536
1601349472371156	276168704
1601349472371158	1024
1601349472371159	1024
1601349472371160	1024
1601349472371161	1024
1601349472371323	-256
1601349472371378	-256
1601349472371659	138084352
1601349472371665	524288
1601349472371723	4864
1601349472371797	-4864
1601349472371800	-524288
1601349472371830	51771648
1601349472371836	131072
1601349472371884	4864
1601349472371952	-4864
1601349472371954	-131072
1601349472372053	-1024
1601349472372103	-1024
1601349472372121	138084352
1601349472372122	2048
1601349472372123	2048
1601349472372124	2048
1601349472372125	2048
1601349472372276	34521088
1601349472372278	512
1601349472372279	512
1601349472372279	512
1601349472372280	512
1601349472372689	34521088
1601349472372695	589824
1601349472372746	175767552
1601349472372917	-175767552
1601349472372921	-589824
1601349472373098	-2048
1601349472373131	-2048
1601349472373154	34521088
1601349472373155	512
1601349472373156	512
1601349472373157	512
1601349472373158	512
1601349472373314	-512
1601349472373357	-512
1601349472373493	138084352
1601349472373503	262144
1601349472373551	4864
1601349472373624	-4864
1601349472373627	-262144
1601349472373775	138084352
1601349472373776	2048
1601349472373777	2048
1601349472373778	2048
1601349472373784	2048
1601349472373930	-512
1601349472373971	-512
1601349472374012	-138084352
1601349472374249	34521088
1601349472374255	262144
1601349472374313	4864
1601349472374385	-4864
1601349472374389	-262144
1601349472374472	-2048
1601349472374516	-2048
1601349472374532	34521088
1601349472374533	512
1601349472374534	512
1601349472374535	512
1601349472374536	512
1601349472374795	34521088
1601349472374801	589824
1601349472374851	175767552
1601349472374957	-175767552
1601349472374960	-589824
1601349472375109	34523136
1601349472375111	512
1601349472375112	512
1601349472375113	512
1601349472375113	512
1601349472375262	-512
1601349472375307	-512
1601349472375450	138084352
1601349472375455	262144
1601349472375503	4864
1601349472375575	-4864
1601349472375579	-262144
1601349472375721	138084352
1601349472375723	2048
1601349472375724	2048
1601349472375725	2048
1601349472375726	2048
1601349472375880	-512
1601349472375918	-512
1601349472376203	34521088
1601349472376209	262144
1601349472376257	4864
1601349472376329	-4864
1601349472376332	-262144
1601349472376422	-2048
1601349472376475	-2048
1601349472376494	34521088
1601349472376495	512
1601349472376496	512
1601349472376497	512
1601349472376498	512
1601349472376745	34521088
1601349472376751	589824
1601349472376806	175767552
1601349472376903	-175767552
1601349472376907	-589824
1601349472377054	34521088
1601349472377055	512
1601349472377056	512
1601349472377057	512
1601349472377058	512
1601349472377213	-512
1601349472377251	-512
1601349472377403	138084352
1601349472377409	262144
1601349472377457	4864
1601349472377528	-4864
1601349472377532	-262144
1601349472377677	138084352
1601349472377678	2048
1601349472377679	2048
1601349472377680	2048
1601349472377681	2048
1601349472377836	-512
1601349472377877	-512
1601349472378145	34521088
1601349472378151	262144
1601349472378205	4864
1601349472378278	-4864
1601349472378282	-262144
1601349472378368	-2048
1601349472378406	-2048
1601349472378421	34521088
1601349472378422	512
1601349472378423	512
1601349472378424	512
1601349472378425	512
1601349472378681	34521088
1601349472378687	589824
1601349472378741	175767552
1601349472378847	-175767552
1601349472378850	-589824
1601349472378994	34521088
1601349472378995	512
1601349472378996	512
1601349472378997	512
1601349472378998	512
1601349472379149	-512
1601349472379191	-512
1601349472379324	138084352
1601349472379329	262144
1601349472379381	4864
1601349472379453	-4864
1601349472379456	-262144
1601349472379599	138084352
1601349472379600	2048
1601349472379601	2048
1601349472379602	2048
1601349472379603	2048
1601349472379762	-512
1601349472379810	-512
1601349472380064	69042176
1601349472380075	2097152
1601349472380122	1280
1601349472380193	-1280
1601349472380196	-2097152
1601349472380266	17260544
1601349472380272	524288
1601349472380325	1280
1601349472380395	-1280
1601349472380398	-524288
1601349472380459	-2048
1601349472380499	-2048
1601349472380516	69042176
1601349472380518	4096
1601349472380519	4096
1601349472380520	4096
1601349472380521	4096
1601349472380625	17260544
1601349472380626	1024
1601349472380627	1024
1601349472380628	1024
1601349472380629	1024
1601349472381034	17260544
1601349472381040	2359296
1601349472381089	122683392
1601349472381187	-122683392
1601349472381190	-2359296
1601349472381349	-4096
1601349472381396	-4096
1601349472381417	17260544
1601349472381418	1024
1601349472381419	1024
1601349472381420	1024
1601349472381420	1024
1601349472381552	-1024
1601349472381595	-1024
1601349472381730	69042176
1601349472381735	1048576
1601349472381787	1280
1601349472381859	-1280
1601349472381862	-1048576
1601349472381999	69042176
1601349472382000	5120
1601349472382001	4096
1601349472382002	4096
1601349472382003	4096
1601349472382152	-1024
1601349472382191	-1024
1601349472382255	-69042176
1601349472382469	17260544
1601349472382474	1048576
1601349472382526	1280
1601349472382599	-1280
1601349472382602	-1048576
1601349472382686	-5120
1601349472382726	-4096
1601349472382743	17260544
1601349472382744	1024
1601349472382745	1024
1601349472382746	1024
1601349472382746	1024
1601349472382977	17260544
1601349472382983	2359296
1601349472383038	122683392
1601349472383142	-122683392
1601349472383146	-2359296
1601349472383289	17264640
1601349472383290	1024
1601349472383291	1024
1601349472383292	1024
1601349472383293	1024
1601349472383437	-1024
1601349472383476	-1024
1601349472383656	69042176
1601349472383661	1048576
1601349472383709	1280
1601349472383783	-1280
1601349472383786	-1048576
1601349472383929	69042176
1601349472383931	4096
1601349472383932	4096
1601349472383933	4096
1601349472383934	4096
1601349472384073	-1024
1601349472384114	-1024
1601349472384378	17260544
1601349472384384	1048576
1601349472384436	2048
1601349472384507	-2048
1601349472384509	-1048576
1601349472384596	-4096
1601349472384634	-4096
1601349472384653	17260544
1601349472384654	1024
1601349472384655	1024
1601349472384655	1024
1601349472384656	1024
1601349472384889	17260544
1601349472384900	2359296
1601349472384950	122683392
1601349472385053	-122683392
1601349472385057	-2359296
1601349472385200	17260544
1601349472385201	1024
1601349472385202	1024
1601349472385203	1024
1601349472385203	1024
1601349472385341	-1024
1601349472385382	-1024
1601349472385524	69042176
1601349472385529	1048576
1601349472385582	1280
1601349472385655	-1280
1601349472385658	-1048576
1601349472385801	69042176
1601349472385802	5120
1601349472385803	4096
1601349472385804	4096
1601349472385806	4096
1601349472385941	-1024
1601349472385982	-1024
1601349472386258	17260544
1601349472386263	1048576
1601349472386312	1280
1601349472386383	-1280
1601349472386386	-1048576
1601349472386474	-5120
1601349472386516	-4096
1601349472386529	17260544
1601349472386530	1024
1601349472386531	1024
1601349472386532	1024
1601349472386532	1024
1601349472386772	17260544
1601349472386777	2359296
1601349472386823	122683392
1601349472386921	-122683392
1601349472386925	-2359296
1601349472387066	17260544
1601349472387068	1024
1601349472387069	1024
1601349472387069	1024
1601349472387070	1024
1601349472387195	-1024
1601349472387234	-1024
1601349472387370	69042176
1601349472387375	1048576
1601349472387420	1280
1601349472387487	-1280
1601349472387490	-1048576
1601349472387627	69042176
1601349472387628	5120
1601349472387629	4096
1601349472387630	4096
1601349472387631	4096
1601349472387763	-1024
1601349472387796	-1024
1601349472388040	17260544
1601349472388045	1048576
1601349472388089	2048
1601349472388158	-2048
1601349472388160	-1048576
1601349472388242	-5120
1601349472388282	-4096
1601349472388297	17260544
1601349472388299	1024
1601349472388299	1024
1601349472388300	1024
1601349472388301	1024
1601349472388525	17260544
1601349472388531	2359296
1601349472388582	122683392
1601349472388681	-122683392
1601349472388684	-2359296
1601349472388814	17260544
1601349472388815	1024
1601349472388816	1024
1601349472388817	1024
1601349472388817	1024
1601349472388948	-1024
1601349472388983	-1024
1601349472389120	69042176
1601349472389125	1048576
1601349472389536	1280
1601349472389605	-1280
1601349472389608	-1048576
1601349472389745	69042176
1601349472389746	5120
1601349472389747	4096
1601349472389753	4096
1601349472389754	4096
1601349472390787	-1024
1601349472390830	-1024
1601349472393322	17260544
1601349472393328	1048576
1601349472393380	2048
1601349472393764	-2048
1601349472393767	-1048576
1601349472394016	-5120
1601349472394051	-4096
1601349472394069	17260544
1601349472394070	1024
1601349472394071	1024
1601349472394072	1024
1601349472394073	1024
1601349472394318	17260544
1601349472394324	2359296
1601349472395507	122683392
1601349472398473	-122683392
1601349472398477	-2359296
1601349472398615	17260544
1601349472398617	1024
1601349472398619	1024
1601349472398622	1024
1601349472398623	1024
1601349472399585	-1024
1601349472399623	-1024
1601349472399746	69042176
1601349472399751	1048576
1601349472401962	1280
1601349472402028	-1280
1601349472402031	-1048576
1601349472402671	69042176
1601349472402672	5120
1601349472402673	4096
1601349472402674	4096
1601349472402675	4096
1601349472403622	-1024
1601349472403661	-1024
1601349472403936	34521088
1601349472403941	8388608
1601349472404079	512
1601349472404818	-512
1601349472404821	-8388608
1601349472404882	8630272
1601349472404887	2097152
1601349472405126	512
1601349472405190	-512
1601349472405192	-2097152
1601349472405255	-5120
1601349472405355	-4096
1601349472405369	34521088
1601349472405370	8192
1601349472405371	8192
1601349472405372	8192
1601349472405373	8192
1601349472405494	8630272
1601349472405495	2048
1601349472405498	2048
1601349472405499	2048
1601349472405500	2048
1601349472406856	8630272
1601349472406865	9437184
1601349472407581	94371840
1601349472408380	-94371840
1601349472408383	-9437184
1601349472408962	-8192
1601349472408993	-8192
1601349472409009	8630272
1601349472409010	3072
1601349472409011	2048
1601349472409012	2048
1601349472409012	2048
1601349472409142	-2048
1601349472410137	-2048
1601349472410506	34521088
1601349472410511	4194304
1601349472410562	512
1601349472410627	-512
1601349472410630	-4194304
1601349472410845	34521088
1601349472410846	10240
1601349472410847	8192
1601349472410848	8192
1601349472410849	8192
1601349472411821	-3072
1601349472411860	-2048
1601349472412056	-34521088
1601349472412309	8630272
1601349472412314	4194304
1601349472412356	512
1601349472413518	-512
1601349472413521	-4194304
1601349472413602	-10240
1601349472414278	-8192
1601349472414293	8630272
1601349472414295	2048
1601349472414295	2048
1601349472414296	2048
1601349472414297	3072
1601349472415125	8630272
1601349472415131	9437184
1601349472415182	94371840
1601349472415693	-94371840
1601349472415696	-9437184
1601349472416836	8638464
1601349472416838	2048
1601349472416838	2048
1601349472416839	2048
1601349472416840	2048
1601349472417065	-2048
1601349472417213	-2048
1601349472417336	34521088
1601349472417346	4194304
1601349472417535	512
1601349472418265	-512
1601349472418268	-4194304
1601349472418598	34521088
1601349472418599	8192
1601349472418600	8192
1601349472418601	8192
1601349472418602	8192
1601349472418829	-2048
1601349472418863	-2048
1601349472420220	8630272
1601349472420226	4194304
1601349472420269	512
1601349472420997	-512
1601349472421000	-4194304
1601349472421758	-8192
1601349472421796	-8192
1601349472421810	8630272
1601349472421811	2048
1601349472421812	2048
1601349472421812	2048
1601349472421813	2048
1601349472422386	8630272
1601349472422391	9437184
1601349472422444	94371840
1601349472423523	-94371840
1601349472423526	-9437184
1601349472423931	8630272
1601349472423932	2048
1601349472423933	2048
1601349472423934	2048
1601349472423935	2048
1601349472424053	-2048
1601349472424085	-2048
1601349472424964	34521088
1601349472424968	4194304
1601349472425245	512
1601349472425481	-512
1601349472425484	-4194304
1601349472425642	34521088
1601349472425643	10240
1601349472425644	8192
1601349472425645	8192
1601349472425645	8192
1601349472425770	-2048
1601349472425804	-2048
1601349472428453	-10240
1601349472428489	-8192
1601349472428506	704512
1601349472428596	344576
1601349472429057	512
1601349472429059	512
1601349472432093	-512
1601349472432101	-512
1601349472432180	256
1601349472432445	-512
1601349472432456	4096
1601349472432558	704512
1601349472432617	8200192
1601349472432663	-704512
1601349472432664	-344576
1601349472432755	-4096
1601349472432805	-8200192
1601349472432844	-256
1601349472432892	-4096
1601349472432911	34521088
1601349472432951	-704512
1601349472432998	-8200192
1601349472433775	-34521088
1601349472433805	34529280
1601349472433805	10240
1601349472433806	8192
1601349472433807	256
1601349472433937	256
1601349472434038	-34521088
1601349472434040	-8192
1601349472434041	-8192
1601349472434043	-256
1601349472434043	-256
1601349472434176	9970176
1601349472434190	8192000
1601349472434226	8630272
1601349472434266	4352
1601349472434382	-9970176
1601349472434385	-4352
1601349472434386	-8192000
1601349472434415	8192000
1601349472434426	4194304
1601349472434451	4352
1601349472434615	-4352
1601349472434617	-4194304
1601349472434627	-34529280
1601349472434674	-10240
1601349472435398	-8192
1601349472435437	-8630272
1601349472435472	-4194304
1601349472435482	8630272
1601349472435483	2048
1601349472435483	2048
1601349472435484	256
1601349472435767	256
1601349472435835	-8630272
1601349472435836	-8630272
1601349472435837	-2048
1601349472435843	-2048
1601349472435845	-256
1601349472435846	-256
1601349472436170	-8192000
1601349472436188	8630272
1601349472436195	9437184
1601349472436224	8630272
1601349472436245	94371840
1601349472436499	-8630272
1601349472436501	-94371840
1601349472436503	-9437184
1601349472436531	9437184
1601349472436540	9437184
1601349472436559	88473600
1601349472437699	-88473600
1601349472437703	-9437184
1601349472437711	-8630272
1601349472437773	-2048
1601349472437811	-2048
1601349472437847	-8630272
1601349472437882	-9437184
1601349472437893	9437440
1601349472437894	2048
1601349472437894	2048
1601349472437895	256
1601349472437973	256
1601349472438916	-8630272
1601349472438918	-8630272
1601349472438919	-2048
1601349472438920	-2048
1601349472438922	-256
1601349472438922	-256
1601349472439074	-9437184
1601349472439086	34521088
1601349472439092	4194304
1601349472439124	34521088
1601349472439141	4096
1601349472439217	-34521088
1601349472439220	-4096
1601349472439221	-4194304
1601349472439246	4194304
1601349472439253	8200192
1601349472439269	4096
1601349472439391	-4096
1601349472439394	-8200192
1601349472439402	-9437440
1601349472439453	-2048
1601349472440517	-2048
1601349472440551	-34521088
1601349472440586	-4194304
1601349472440876	-34521088
1601349472440908	-4194304
1601349472440922	34537472
1601349472440923	8192
1601349472440924	8192
1601349472440925	256
1601349472440948	256
1601349472441317	-34521088
1601349472441318	-8192
1601349472441319	-8192
1601349472441321	-256
1601349472441322	-256
1601349472441343	13631744
1601349472441349	8200192
1601349472441379	8630272
1601349472441396	4096
1601349472441591	-13631744
1601349472441594	-4096
1601349472441595	-8200192
1601349472441622	8200192
1601349472441630	4194304
1601349472441646	4096
1601349472442949	-4096
1601349472442952	-4194304
1601349472442961	-34537472
1601349472443034	-8192
1601349472443102	-8192
1601349472443141	-8638464
1601349472443175	-4194304
1601349472443188	8638464
1601349472443189	2048
1601349472443189	2048
1601349472443190	256
1601349472443212	256
1601349472443346	-8630272
1601349472443348	-8630272
1601349472443348	-2048
1601349472443354	-2048
1601349472443356	-256
1601349472443356	-256
1601349472444236	-8200192
1601349472444249	8630272
1601349472444256	13631744
1601349472444400	8630272
1601349472444417	173986304
1601349472444542	-8630272
1601349472444544	-173986304
1601349472444545	-13631744
1601349472444574	13631744
1601349472444582	9437184
1601349472444599	164549120
1601349472444705	-164549120
1601349472444708	-9437184
1601349472444716	-8638464
1601349472444768	-2048
1601349472445855	-2048
1601349472445892	-8630272
1601349472446193	-9437184
1601349472446212	9437440
1601349472446213	2048
1601349472446214	2048
1601349472446214	256
1601349472446238	256
1601349472446595	-8630272
1601349472446597	-8630272
1601349472446597	-2048
1601349472446598	-3072
1601349472446600	-256
1601349472446600	-256
1601349472446650	-13631744
1601349472446662	34529280
1601349472446668	4194304
1601349472446698	34521088
1601349472446713	3072
1601349472446906	-34529280
1601349472446909	-3072
1601349472446910	-4194304
1601349472446937	4194304
1601349472446943	4194560
1601349472446959	3072
1601349472448264	-3072
1601349472448266	-4194560
1601349472448274	-9437440
1601349472448360	-2048
1601349472448431	-2048
1601349472448498	-34521088
1601349472448536	-4194304
1601349472450749	-34521088
1601349472450804	-4194304
1601349472450816	34523136
1601349472450817	10240
1601349472450818	8192
1601349472450819	256
1601349472450845	256
1601349472450918	-34521088
1601349472450919	-8192
1601349472450920	-8192
1601349472450922	-256
1601349472450923	-256
1601349472450941	34521088
1601349472450942	8192
1601349472450943	8192
1601349472450943	256
1601349472450968	256
1601349472451030	-34521088
1601349472451032	-34521088
1601349472451033	-8192
1601349472451033	-8192
1601349472451035	-256
1601349472451035	-256
1601349472451054	69042176
1601349472451061	9437440
1601349472451091	69042176
1601349472451258	-69042176
1601349472451261	-9437440
1601349472451289	9437440
1601349472451298	13631744
1601349472451323	3072
1601349472451445	-3072
1601349472451448	-13631744
1601349472451457	-34523136
1601349472451501	-10240
1601349472451538	-8192
1601349472451549	13631744
1601349472451560	4194304
1601349472451585	8630272
1601349472451601	3072
1601349472451940	-13631744
1601349472451942	-3072
1601349472451943	-4194304
1601349472451969	4194304
1601349472451976	4194560
1601349472451991	3072
1601349472452254	-3072
1601349472452257	-4194560
1601349472452265	-34521088
1601349472452306	-8192
1601349472452343	-8192
1601349472453365	-8388608
1601349472453410	-8630272
1601349472453443	-4194304
1601349472453499	-9437440
1601349472453509	9437440
1601349472453510	2048
1601349472453511	2048
1601349472453511	256
1601349472453560	256
1601349472453624	-8630272
1601349472453626	-8630272
1601349472453627	-2048
1601349472453632	-2048
1601349472453634	-256
1601349472453635	-256
1601349472453678	-4194304
1601349472453688	12583424
1601349472453695	13631744
1601349472453766	8630272
1601349472453783	94371840
1601349472454887	-12583424
1601349472454889	-94371840
1601349472454891	-13631744
1601349472454919	12583424
1601349472454926	13631744
1601349472454943	88473600
1601349472455063	-88473600
1601349472455066	-13631744
1601349472455074	-9437440
1601349472455122	-2048
1601349472455156	-2048
1601349472455190	-8630272
1601349472455222	-9437184
1601349472455235	9437184
1601349472455235	2048
1601349472455236	2048
1601349472455237	256
1601349472456346	256
1601349472456677	-8630272
1601349472456679	-8630272
1601349472456680	-2048
1601349472456680	-2048
1601349472456682	-256
1601349472456683	-256
1601349472456726	-12583424
1601349472456737	69042176
1601349472456744	2097152
1601349472456768	103596032
1601349472457116	-69042176
1601349472457118	-2097152
1601349472457145	2097152
1601349472457152	2097152
1601349472457168	4352
1601349472457390	-4352
1601349472457392	-2097152
1601349472457399	-9437184
1601349472457441	-2048
1601349472457469	-2048
1601349472458508	-103596032
1601349472458537	-2097152
1601349472458616	-69042176
1601349472458687	-2097152
1601349472458696	69046272
1601349472458697	4352
1601349472458698	5120
1601349472458698	256
1601349472458718	256
1601349472458805	-69042176
1601349472458807	-4096
1601349472458807	-4096
1601349472458809	-256
1601349472458810	-256
1601349472458831	17260544
1601349472458837	1048576
1601349472458866	17260544
1601349472458882	3584
1601349472459837	-17260544
1601349472459840	-3584
1601349472459841	-1048576
1601349472459864	1048576
1601349472459871	1048576
1601349472459886	2560
1601349472460165	-2560
1601349472460168	-1048576
1601349472460175	-69046272
1601349472460216	-4352
1601349472460248	-5120
1601349472460277	-17260544
1601349472460311	-1048576
1601349472460327	17260544
1601349472460328	1024
1601349472460328	1024
1601349472460329	256
1601349472460349	256
1601349472460425	-17260544
1601349472460427	-17260544
1601349472460428	-1024
1601349472460429	-1024
1601349472460430	-256
1601349472460430	-256
1601349472461506	-1048576
1601349472461516	17260544
1601349472461523	4194304
1601349472461549	17260544
1601349472461564	122683392
1601349472461901	-17260544
1601349472461903	-122683392
1601349472461904	-4194304
1601349472461936	4194304
1601349472461944	4194304
1601349472461959	110886912
1601349472462585	-110886912
1601349472462588	-4194304
1601349472462596	-17260544
1601349472462643	-1024
1601349472462685	-1024
1601349472462731	-17260544
1601349472464943	-2359296
1601349472464955	17260544
1601349472464955	1024
1601349472464956	1024
1601349472464957	256
1601349472464982	256
1601349472465058	-17260544
1601349472465060	-17260544
1601349472465061	-1024
1601349472465061	-1024
1601349472465062	-256
1601349472465063	-256
1601349472465676	-4194304
1601349472465692	69042176
1601349472465698	1048832
1601349472465724	69042176
1601349472465739	4096
1601349472465982	-69042176
1601349472465984	-4096
1601349472465985	-1048832
1601349472466009	1048832
1601349472466016	1048576
1601349472466031	4096
1601349472466168	-4096
1601349472466171	-1048576
1601349472466180	-17260544
1601349472466223	-1024
1601349472466257	-1024
1601349472466294	-69042176
1601349472466322	-1048576
1601349472466425	-69042176
1601349472467312	-1048832
1601349472467322	69046272
1601349472467322	4352
1601349472467323	5120
1601349472467324	256
1601349472467430	256
1601349472467506	-69042176
1601349472467507	-4096
1601349472467513	-4096
1601349472467515	-256
1601349472467516	-256
1601349472467535	17260544
1601349472467541	1048832
1601349472467570	17260544
1601349472467585	3584
1601349472467655	-17260544
1601349472467657	-3584
1601349472467659	-1048832
1601349472467683	1048832
1601349472467690	1048576
1601349472467705	2560
1601349472467823	-2560
1601349472467825	-1048576
1601349472467833	-69046272
1601349472467872	-4352
1601349472467906	-5120
1601349472468847	-17260544
1601349472468879	-1048576
1601349472468894	17260544
1601349472468895	1024
1601349472468895	1024
1601349472468896	256
1601349472469047	256
1601349472469123	-17260544
1601349472469125	-17260544
1601349472469125	-1024
1601349472469126	-1024
1601349472469127	-256
1601349472469128	-256
1601349472469178	-1048832
1601349472469188	17260544
1601349472469194	4194304
1601349472469264	17260544
1601349472469279	122683392
1601349472469437	-17260544
1601349472469439	-122683392
1601349472469440	-4194304
1601349472469470	4194304
1601349472469477	4194304
1601349472469492	110886912
1601349472470853	-110886912
1601349472470856	-4194304
1601349472470864	-17260544
1601349472470910	-1024
1601349472470940	-1024
1601349472470969	-17260544
1601349472471002	-2359296
1601349472471013	17260544
1601349472471013	1024
1601349472471014	1024
1601349472471014	256
1601349472471038	256
1601349472471169	-17260544
1601349472471171	-17260544
1601349472471171	-1024
1601349472471172	-1024
1601349472471173	-256
1601349472471174	-256
1601349472471252	-4194304
1601349472471263	69042176
1601349472471269	1048832
1601349472471350	69042176
1601349472471365	4096
1601349472472373	-69042176
1601349472472375	-4096
1601349472472376	-1048832
1601349472472399	1048832
1601349472472406	1049088
1601349472472420	4096
1601349472472527	-4096
1601349472472530	-1049088
1601349472472537	-17260544
1601349472472575	-1024
1601349472472608	-1024
1601349472472642	-69042176
1601349472472677	-1048576
1601349472473759	-69042176
1601349472473793	-1048832
1601349472473801	69046272
1601349472473802	4352
1601349472473803	5120
1601349472473803	256
1601349472473827	256
1601349472474030	-69042176
1601349472474031	-4096
1601349472474032	-4096
1601349472474034	-256
1601349472474035	-256
1601349472474051	17260544
1601349472474057	1048576
1601349472474084	17260544
1601349472474106	3584
1601349472474207	-17260544
1601349472474209	-3584
1601349472474211	-1048576
1601349472474234	1048576
1601349472474241	1048832
1601349472474255	2560
1601349472474417	-2560
1601349472474419	-1048832
1601349472474427	-69046272
1601349472474469	-4352
1601349472475756	-5120
1601349472475789	-17260544
1601349472475816	-1048576
1601349472475830	17260544
1601349472475831	1024
1601349472475831	1024
1601349472475832	256
1601349472475851	256
1601349472475939	-17260544
1601349472475941	-17260544
1601349472475941	-1024
1601349472475942	-1024
1601349472475943	-256
1601349472475944	-256
1601349472475990	-1048576
1601349472476001	17260544
1601349472476007	4194304
1601349472476030	17260544
1601349472476051	122683392
1601349472477155	-17260544
1601349472477157	-122683392
1601349472477159	-4194304
1601349472477181	4194304
1601349472477188	4194304
1601349472477202	110886912
1601349472477372	-110886912
1601349472477375	-4194304
1601349472477382	-17260544
1601349472477427	-1024
1601349472477458	-1024
1601349472477485	-17260544
1601349472477519	-2359296
1601349472477529	17260544
1601349472477530	1024
1601349472477534	1024
1601349472477535	256
1601349472477554	256
1601349472478701	-17260544
1601349472478703	-17260544
1601349472478704	-1024
1601349472478705	-1024
1601349472478706	-256
1601349472478706	-256
1601349472478758	-4194304
1601349472478768	69042176
1601349472478774	1048576
1601349472478797	69042176
1601349472478814	4096
1601349472478905	-69042176
1601349472478907	-4096
1601349472478908	-1048576
1601349472478930	1048576
1601349472478936	1048832
1601349472478950	4096
1601349472479131	-4096
1601349472479133	-1048832
1601349472479140	-17260544
1601349472479262	-1024
1601349472479291	-1024
1601349472479331	-69042176
1601349472479449	-1048576
1601349472479548	-69042176
1601349472479582	-1048576
1601349472479590	69046272
1601349472479591	4352
1601349472479591	5120
1601349472479592	256
1601349472479615	256
1601349472479687	-69042176
1601349472479688	-4096
1601349472479688	-4096
1601349472479691	-256
1601349472479691	-256
1601349472479708	17260544
1601349472479714	1048576
1601349472479741	17260544
1601349472479755	3584
1601349472479827	-17260544
1601349472479829	-3584
1601349472479830	-1048576
1601349472479855	1048576
1601349472479861	1048832
1601349472479875	2560
1601349472479981	-2560
1601349472479984	-1048832
1601349472479991	-69046272
1601349472480029	-4352
1601349472480063	-5120
1601349472480095	-17260544
1601349472480127	-1048576
1601349472480136	17260544
1601349472480137	1024
1601349472480138	1024
1601349472480138	256
1601349472480158	256
1601349472480228	-17260544
1601349472480230	-17260544
1601349472480230	-1024
1601349472480231	-1024
1601349472480233	-256
1601349472480233	-256
1601349472480281	-1048576
1601349472480290	17260544
1601349472480296	2359808
1601349472480470	17260544
1601349472480484	122683392
1601349472480887	-17260544
1601349472480889	-122683392
1601349472480891	-2359808
1601349472480914	2359808
1601349472480920	4194304
1601349472480951	110886912
1601349472481243	-110886912
1601349472481246	-4194304
1601349472481253	-17260544
1601349472481332	-256
1601349472482658	-1024
1601349472482754	-1024
1601349472482813	-17260544
1601349472482877	-2359296
1601349472482905	17260544
1601349472482906	1024
1601349472482907	1024
1601349472482909	256
1601349472484070	256
1601349472484284	-17260544
1601349472484288	-17260544
1601349472484290	-1024
1601349472484292	-1024
1601349472484295	-256
1601349472484296	-256
1601349472484404	-2359808
1601349472484427	69042176
1601349472484445	1048576
1601349472484652	69042176
1601349472484697	4352
1601349472484830	-69042176
1601349472484835	-4352
1601349472484836	-1048576
1601349472484875	1048576
1601349472484892	1048832
1601349472484919	4352
1601349472485122	-4352
1601349472485125	-1048832
1601349472485137	-17260544
1601349472485204	-1024
1601349472485618	-1024
1601349472485744	-69042176
1601349472485846	-1048576
1601349472485919	-69042176
1601349472487621	-1048576
1601349472487672	69050368
1601349472487674	4352
1601349472487676	4096
1601349472487678	256
1601349472487785	256
1601349472487994	-69042176
1601349472487996	-4096
1601349472487998	-4096
1601349472488004	-256
1601349472488005	-256
1601349472488044	26740992
1601349472488056	1048832
1601349472488114	17260544
1601349472488147	3584
1601349472488298	-26740992
1601349472488303	-3584
1601349472488306	-1048832
1601349472488350	1048832
1601349472488375	1049088
1601349472488405	2560
1601349472488618	-2560
1601349472488624	-1049088
1601349472488637	-69050368
1601349472488717	-4352
1601349472488786	-4096
1601349472488863	-17264640
1601349472488924	-1048576
1601349472488951	17264640
1601349472488953	1024
1601349472488954	1024
1601349472488955	256
1601349472488995	256
1601349472489128	-17260544
1601349472489132	-17260544
1601349472489133	-1024
1601349472489134	-1024
1601349472489138	-256
1601349472489139	-256
1601349472490330	-1048832
1601349472490356	17260544
1601349472490368	4194304
1601349472490417	26740992
1601349472490462	122683392
1601349472490623	-17260544
1601349472490628	-122683392
1601349472490631	-4194304
1601349472490685	4194304
1601349472490698	4194304
1601349472490728	110886912
1601349472491134	-110886912
1601349472491140	-4194304
1601349472491153	-17264640
1601349472491239	-1024
1601349472491302	-1024
1601349472491363	-17260544
1601349472492607	-2359296
1601349472492632	17260544
1601349472492633	1024
1601349472492634	1024
1601349472492636	256
1601349472492685	256
1601349472492821	-26740992
1601349472492823	-17260544
1601349472492824	-1024
1601349472492825	-1024
1601349472492827	-256
1601349472492828	-256
1601349472492920	-4194304
1601349472492940	69042176
1601349472492951	1048576
1601349472494039	69042176
1601349472494068	4352
1601349472494218	-69042176
1601349472494222	-4352
1601349472494223	-1048576
1601349472494267	1048576
1601349472494279	1048832
1601349472494307	4352
1601349472494505	-4352
1601349472494510	-1048832
1601349472494523	-17260544
1601349472494613	-1024
1601349472494675	-1024
1601349472494745	-69042176
1601349472494811	-1048576
1601349472495583	-69042176
1601349472495703	-1048576
1601349472495727	69043200
1601349472495728	4352
1601349472495729	5120
1601349472495730	256
1601349472495786	256
1601349472495968	-69042176
1601349472495970	-4096
1601349472495972	-4096
1601349472495975	-256
1601349472495976	-256
1601349472496004	69042176
1601349472496006	4096
1601349472496007	4096
1601349472496007	256
1601349472496653	256
1601349472496852	-69042176
1601349472496856	-69042176
1601349472496857	-4096
1601349472496858	-4096
1601349472496861	-256
1601349472496861	-256
1601349472496895	138084352
1601349472496907	2097152
1601349472497062	138084352
1601349472497243	-138084352
1601349472497247	-2097152
1601349472497293	2097152
1601349472497306	2097152
1601349472497348	2560
1601349472497550	-2560
1601349472497556	-2097152
1601349472497569	-69043200
1601349472497645	-4352
1601349472497713	-5120
1601349472497737	30149376
1601349472497747	1048576
1601349472497797	17260544
1601349472497825	4352
1601349472498747	-30149376
1601349472498751	-4352
1601349472498752	-1048576
1601349472498793	1048576
1601349472498806	1048832
1601349472498834	4352
1601349472500248	-4352
1601349472500252	-1048832
1601349472500266	-69042176
1601349472500339	-4096
1601349472500408	-4096
1601349472500475	-2097152
1601349472500545	-17260544
1601349472500707	-1048576
1601349472500779	-2097152
1601349472500799	30149376
1601349472500801	1024
1601349472500801	1024
1601349472500803	256
1601349472500842	256
1601349472500974	-17260544
1601349472500977	-17260544
1601349472500978	-1024
1601349472500980	-1024
1601349472500983	-256
1601349472500983	-256
1601349472501075	-1048576
1601349472501097	17260544
1601349472501108	4194304
1601349472501160	17260544
1601349472501190	172605440
1601349472501556	-17260544
1601349472501560	-172605440
1601349472501561	-4194304
1601349472501603	4194304
1601349472501615	4194304
1601349472501644	172605440
1601349472508018	-172605440
1601349472508022	-4194304
1601349472508034	-30149376
1601349472508115	-1024
1601349472508177	-1024
1601349472508236	-17260544
1601349472508293	-2359296
1601349472508318	17260544
1601349472508319	1024
1601349472508320	1024
1601349472508321	256
1601349472508358	256
1601349472509607	-17260544
1601349472509610	-17260544
1601349472509611	-1024
1601349472509612	-1024
1601349472509615	-256
1601349472509616	-256
1601349472509697	-4194304
1601349472509716	138084352
1601349472509727	524288
1601349472509770	189882368
1601349472510949	-138084352
1601349472510953	-524288
1601349472510997	524288
1601349472511010	524288
1601349472511045	4352
1601349472511235	-4352
1601349472511239	-524288
1601349472511252	-17260544
1601349472511323	-1024
1601349472511401	-1024
1601349472511463	-189882368
1601349472511521	-524288
1601349472511580	-138084352
1601349472511642	-524288
1601349472511665	138086400
1601349472511666	2048
1601349472511667	2048
1601349472511668	256
1601349472511706	256
1601349472511836	-138084352
1601349472511838	-2048
1601349472511839	-2048
1601349472511842	-256
1601349472511843	-256
1601349472511871	44045312
1601349472511883	262144
1601349472511944	34521088
1601349472511972	6912
1601349472512803	-44045312
1601349472512808	-6912
1601349472512810	-262144
1601349472512854	262144
1601349472512866	262144
1601349472512894	2560
1601349472514159	-2560
1601349472514164	-262144
1601349472514177	-138086400
1601349472514251	-2048
1601349472514314	-2048
1601349472514371	-34521088
1601349472514434	-262144
1601349472514458	34521088
1601349472514459	512
1601349472514460	512
1601349472514461	256
1601349472514500	256
1601349472514638	-34521088
1601349472514641	-34521088
1601349472514642	-512
1601349472514643	-512
1601349472514646	-256
1601349472514647	-256
1601349472514726	-262144
1601349472514745	34521088
1601349472514755	1048576
1601349472514796	44045312
1601349472514825	175767552
1601349472515448	-34521088
1601349472515451	-175767552
1601349472515453	-1048576
1601349472515498	1048576
1601349472515510	1048832
1601349472515536	157704192
1601349472516345	-157704192
1601349472516350	-1048832
1601349472516362	-34521088
1601349472516711	-512
1601349472516766	-512
1601349472517118	-34521088
1601349472517180	-589824
1601349472517199	34521088
1601349472517200	512
1601349472517202	512
1601349472517203	256
1601349472517242	256
1601349472517766	-44045312
1601349472517768	-34521088
1601349472517769	-512
1601349472517770	-512
1601349472517773	-256
1601349472517773	-256
1601349472517849	-1048576
1601349472517876	138084352
1601349472517886	262144
1601349472517929	138084352
1601349472517955	6912
1601349472518961	-138084352
1601349472518965	-6912
1601349472518967	-262144
1601349472519005	262144
1601349472519017	262144
1601349472519044	4352
1601349472520282	-4352
1601349472520286	-262144
1601349472520299	-34521088
1601349472520367	-512
1601349472520428	-512
1601349472520492	-138084352
1601349472520543	-262144
1601349472520603	-138084352
1601349472520663	-262144
1601349472520680	138086400
1601349472520681	2048
1601349472520682	2048
1601349472520683	256
1601349472520745	256
1601349472520867	-138084352
1601349472520870	-2048
1601349472520871	-2048
1601349472520874	-256
1601349472520875	-256
1601349472520911	44045312
1601349472520921	262144
1601349472521686	34521088
1601349472521712	6912
1601349472522171	-44045312
1601349472522175	-6912
1601349472522177	-262144
1601349472522216	262144
1601349472522228	262144
1601349472522254	2560
1601349472523158	-2560
1601349472523162	-262144
1601349472523175	-138086400
1601349472523249	-2048
1601349472523312	-2048
1601349472523371	-34521088
1601349472523426	-262144
1601349472523448	34521088
1601349472523449	512
1601349472523451	512
1601349472523452	256
1601349472523489	256
1601349472523610	-34521088
1601349472523613	-34521088
1601349472523614	-512
1601349472523616	-512
1601349472523618	-256
1601349472523619	-256
1601349472523698	-262144
1601349472523718	34521088
1601349472523728	852736
1601349472523770	44307712
1601349472523799	175767552
1601349472524909	-34521088
1601349472524913	-175767552
1601349472524915	-852736
1601349472524959	852736
1601349472524971	1048576
1601349472524998	157704192
1601349472526544	-157704192
1601349472526549	-1048576
1601349472526563	-34521088
1601349472526642	-512
1601349472526960	-512
1601349472527022	-34521088
1601349472527082	-589824
1601349472527103	34521088
1601349472527104	512
1601349472527105	512
1601349472527106	256
1601349472527505	256
1601349472527630	-44307712
1601349472527632	-34521088
1601349472527633	-512
1601349472527634	-512
1601349472527637	-256
1601349472527637	-256
1601349472527717	-852736
1601349472527742	138084352
1601349472527752	262144
1601349472527796	138084352
1601349472527822	6912
1601349472528830	-138084352
1601349472528834	-6912
1601349472528836	-262144
1601349472528875	262144
1601349472528887	262144
1601349472528913	4096
1601349472530306	-4096
1601349472530310	-262144
1601349472530324	-34521088
1601349472530396	-512
1601349472530459	-512
1601349472530521	-138084352
1601349472530579	-262144
1601349472530639	-138084352
1601349472530701	-262144
1601349472530719	138088448
1601349472530721	2048
1601349472530721	2304
1601349472530722	256
1601349472530758	256
1601349472530899	-138084352
1601349472530902	-2048
1601349472530908	-2048
1601349472530912	-256
1601349472530913	-256
1601349472530943	45881344
1601349472530953	262144
1601349472531567	34521088
1601349472531594	6912
1601349472532032	-45881344
1601349472532036	-6912
1601349472532038	-262144
1601349472532077	262144
1601349472532089	262144
1601349472532116	2560
1601349472533028	-2560
1601349472533033	-262144
1601349472533045	-138088448
1601349472533115	-2048
1601349472533176	-2304
1601349472533236	-34523136
1601349472533289	-262144
1601349472533316	34523136
1601349472533317	512
1601349472533319	512
1601349472533320	256
1601349472533358	256
1601349472533479	-34521088
1601349472533482	-34521088
1601349472533483	-512
1601349472533484	-512
1601349472533486	-256
1601349472533487	-256
1601349472533569	-262144
1601349472533590	34521088
1601349472533600	1048576
1601349472533643	45881344
1601349472533677	175767552
1601349472535960	-34521088
1601349472535964	-175767552
1601349472535966	-1048576
1601349472536014	1048576
1601349472536026	1048832
1601349472536054	157704192
1601349472536419	-157704192
1601349472536424	-1048832
1601349472536436	-34523136
1601349472536802	-512
1601349472536863	-512
1601349472536920	-34521088
1601349472536980	-589824
1601349472536998	34521088
1601349472536999	512
1601349472537000	512
1601349472537001	256
1601349472537376	256
1601349472537498	-45881344
1601349472537501	-34521088
1601349472537502	-512
1601349472537503	-512
1601349472537506	-256
1601349472537506	-256
1601349472537590	-1048576
1601349472537608	138084352
1601349472537618	262656
1601349472538597	138084352
1601349472538624	6912
1601349472538741	-138084352
1601349472538745	-6912
1601349472538747	-262656
1601349472538784	262656
1601349472538796	262144
1601349472538820	4352
1601349472540036	-4352
1601349472540040	-262144
1601349472540053	-34521088
1601349472540121	-512
1601349472540181	-512
1601349472540240	-138084352
1601349472540294	-262144
1601349472540348	-138084352
1601349472540462	-262656
1601349472540480	138086400
1601349472540482	2048
1601349472540483	2304
1601349472540488	256
1601349472540524	256
1601349472541484	-138084352
1601349472541486	-2048
1601349472541487	-2048
1601349472541489	-256
1601349472541490	-256
1601349472541515	138084352
1601349472541517	2048
1601349472541517	2048
1601349472541518	256
1601349472541571	256
1601349472541806	-138084352
1601349472541809	-138084352
1601349472541810	-2048
1601349472541812	-2048
1601349472541814	-256
1601349472541814	-256
1601349472541844	276168704
1601349472541854	524288
1601349472541903	276168704
1601349472542821	-276168704
1601349472542825	-524288
1601349472542870	524288
1601349472542882	524288
1601349472542908	2560
1601349472543080	-2560
1601349472543085	-524288
1601349472543097	-138086400
1601349472543166	-2048
1601349472543227	-2304
1601349472543246	48176384
1601349472543256	262656
1601349472543307	34521088
1601349472543334	6912
1601349472543442	-48176384
1601349472543446	-6912
1601349472543448	-262656
1601349472543484	262656
1601349472543496	262144
1601349472543521	4352
1601349472545800	-4352
1601349472545804	-262144
1601349472545817	-138084352
1601349472545885	-2048
1601349472545949	-2048
1601349472546003	-524288
1601349472546238	-34521088
1601349472546300	-262144
1601349472546644	-524288
1601349472546662	48176384
1601349472546663	512
1601349472546664	512
1601349472546665	256
1601349472546702	256
1601349472546820	-34521088
1601349472546823	-34521088
1601349472546825	-512
1601349472546826	-512
1601349472546828	-256
1601349472546828	-256
1601349472547195	-262656
1601349472547214	34521088
1601349472547224	1048576
1601349472547274	34521088
1601349472547300	207132672
1601349472548468	-34521088
1601349472548472	-207132672
1601349472548473	-1048576
1601349472548514	1048576
1601349472548526	1048832
1601349472548551	207132672
1601349472549776	-207132672
1601349472549780	-1048832
1601349472549791	-48176384
1601349472549865	-512
1601349472549924	-512
1601349472549978	-34521088
1601349472550039	-589824
1601349472550061	34521088
1601349472550062	512
1601349472550063	512
1601349472550064	256
1601349472550112	256
1601349472550233	-34521088
1601349472550236	-51771648
1601349472550237	-512
1601349472550238	-512
1601349472550241	-256
1601349472550241	-256
1601349472550336	-1048576
1601349472550354	276168704
1601349472550364	131072
1601349472550405	345218560
1601349472551381	-276168704
1601349472551385	-131072
1601349472551423	131072
1601349472551434	131072
1601349472551459	4352
1601349472552612	-4352
1601349472552615	-131072
1601349472552628	-34521088
1601349472552696	-512
1601349472552754	-512
1601349472552810	-345218560
1601349472552858	-131072
1601349472552916	-276168704
1601349472552973	-131072
1601349472552990	276168704
1601349472552991	1536
1601349472552992	1024
1601349472552993	256
1601349472553027	256
1601349472553138	-276168704
1601349472553140	-1024
1601349472553141	-1024
1601349472553144	-256
1601349472553145	-256
1601349472553180	69042176
1601349472553189	65536
1601349472553243	69042176
1601349472553268	21248
1601349472554381	-69042176
1601349472554385	-21248
1601349472554387	-65536
1601349472554425	65536
1601349472554436	65536
1601349472554460	4352
1601349472555678	-4352
1601349472555682	-65536
1601349472555694	-276168704
1601349472555759	-1536
1601349472556061	-1024
1601349472556115	-69042176
1601349472556467	-65536
1601349472556487	69042176
1601349472556489	256
1601349472556491	256
1601349472556495	256
1601349472556531	256
1601349472556643	-69042176
1601349472556646	-69042176
1601349472556647	-256
1601349472556649	-256
1601349472556651	-256
1601349472556651	-256
1601349472557036	-65536
1601349472557059	69042176
1601349472557069	147456
1601349472557110	69416192
1601349472557135	409856
1601349472557325	-69042176
1601349472557328	-409856
1601349472557330	-147456
1601349472557371	147456
1601349472557382	147456
1601349472557409	5632
1601349472559563	-5632
1601349472559568	-147456
1601349472559580	-69042176
1601349472559656	-256
1601349472559711	-256
1601349472559764	-69042176
1601349472559825	-147456
1601349472559849	69042176
1601349472559850	256
1601349472559850	256
1601349472559851	256
1601349472559886	256
1601349472560002	-69416192
1601349472560004	-69042176
1601349472560004	-256
1601349472560005	-256
1601349472560009	-256
1601349472560009	-256
1601349472560094	-147456
1601349472560113	276168704
1601349472560123	65536
1601349472560167	276168704
1601349472560197	21248
1601349472560303	-276168704
1601349472560307	-21248
1601349472560309	-65536
1601349472560345	65536
1601349472560356	81920
1601349472560382	3072
1601349472562407	-3072
1601349472562412	-81920
1601349472562424	-69042176
1601349472562502	-256
1601349472562554	-256
1601349472562627	-276168704
1601349472562680	-65536
1601349472562731	-276168704
1601349472562789	-65536
1601349472562805	276168704
1601349472562806	1536
1601349472562807	1024
1601349472562808	256
1601349472562846	256
1601349472562956	-276168704
1601349472562958	-1024
1601349472562959	-1024
1601349472562961	-256
1601349472562962	-256
1601349472562990	69416192
1601349472562999	65536
1601349472563042	69042176
1601349472563066	21248
1601349472563171	-69416192
1601349472563175	-21248
1601349472563176	-65536
1601349472563213	65536
1601349472563224	65536
1601349472563248	3072
1601349472565496	-3072
1601349472565500	-65536
1601349472565511	-276168704
1601349472565573	-1536
1601349472565629	-1024
1601349472565896	-69042176
1601349472565952	-65536
1601349472565969	69042176
1601349472565970	256
1601349472565971	256
1601349472565971	256
1601349472566302	256
1601349472566419	-69042176
1601349472566421	-69042176
1601349472566422	-256
1601349472566424	-256
1601349472566426	-256
1601349472566427	-256
1601349472566499	-65536
1601349472566518	69042176
1601349472566527	147456
1601349472566570	74283264
1601349472566593	409856
1601349472566911	-69042176
1601349472566914	-409856
1601349472566916	-147456
1601349472566959	147456
1601349472566970	147456
1601349472566994	5632
1601349472571379	-5632
1601349472571384	-147456
1601349472571395	-69042176
1601349472571468	-256
1601349472573878	-256
1601349472573935	-69042176
1601349472573992	-147456
1601349472574008	69042176
1601349472574009	256
1601349472574010	256
1601349472574011	256
1601349472574047	256
1601349472574172	-74283264
1601349472574174	-69042176
1601349472574175	-256
1601349472574177	-256
1601349472574179	-256
1601349472574179	-256
1601349472574254	-147456
1601349472574280	276168704
1601349472574289	65536
1601349472574329	276168704
1601349472574353	21248
1601349472575217	-276168704
1601349472575220	-21248
1601349472575222	-65536
1601349472575274	65536
1601349472575284	65792
1601349472575306	3072
1601349472576522	-3072
1601349472576526	-65792
1601349472576536	-69042176
1601349472576598	-256
1601349472576650	-256
1601349472576699	-276168704
1601349472576743	-65536
1601349472576795	-276168704
1601349472576846	-65536
1601349472576860	276168704
1601349472576861	1536
1601349472576862	1024
1601349472576863	256
1601349472576898	256
1601349472576997	-276168704
1601349472576999	-1024
1601349472577000	-1024
1601349472577002	-256
1601349472577002	-256
1601349472577030	276168704
1601349472577032	1024
1601349472577032	1024
1601349472577033	256
1601349472577070	256
1601349472577166	-276168704
1601349472577169	-276168704
1601349472577169	-1024
1601349472577170	-1024
1601349472577172	-256
1601349472577172	-256
1601349472577206	74348800
1601349472577214	65536
1601349472578003	69042176
1601349472578025	21248
1601349472578473	-74348800
1601349472578476	-21248
1601349472578478	-65536
1601349472578510	65536
1601349472578520	65792
1601349472578542	3072
1601349472579448	-3072
1601349472579453	-65792
1601349472579462	-276168704
1601349472579535	-1536
1601349472579587	-1024
1601349472579604	74348800
1601349472579612	65792
1601349472579654	69042176
1601349472579676	21248
1601349472579773	-74348800
1601349472579776	-21248
1601349472579777	-65792
1601349472579808	65792
1601349472579818	65536
1601349472579840	3072
1601349472581364	-3072
1601349472581367	-65536
1601349472581377	-276168704
1601349472582042	-1024
1601349472582110	-1024
1601349472582160	-65536
1601349472582212	-69042176
1601349472582843	-65536
1601349472582896	-65536
1601349472582914	69042176
1601349472582915	256
1601349472582916	256
1601349472582917	256
1601349472583643	256
1601349472583746	-69042176
1601349472583749	-69042176
1601349472583749	-256
1601349472583751	-256
1601349472583753	-256
1601349472583753	-256
1601349472583827	-65792
1601349472583842	69042176
1601349472583851	147456
1601349472584722	83598336
1601349472584749	409856
1601349472584846	-69042176
1601349472584849	-409856
1601349472584851	-147456
1601349472584890	147456
1601349472584901	147456
1601349472584931	5632
1601349472586112	-5632
1601349472586116	-147456
1601349472586127	-69042176
1601349472587332	-256
1601349472587384	-256
1601349472587433	-69042176
1601349472587484	-147456
1601349472587504	69042176
1601349472587505	256
1601349472587506	256
1601349472587507	256
1601349472587550	256
1601349472587648	-83598336
1601349472587651	-69042176
1601349472587652	-256
1601349472587660	-256
1601349472587662	-256
1601349472587662	-256
1601349472587729	-147456
1601349472587744	88071936
1601349472587752	16384
1601349472587855	69042176
1601349472587877	21248
1601349472588158	-88071936
1601349472588161	-21248
1601349472588163	-16384
1601349472588195	16384
1601349472588204	16384
1601349472588226	3072
1601349472589664	-3072
1601349472589668	-16384
1601349472589678	-69042176
1601349472590565	-256
1601349472590616	-256
1601349472590660	-69042176
1601349472590706	-16384
1601349472590725	276168704
1601349472590829	-69042176
1601349472590830	-69042176
1601349472590895	-16384
1601349472590943	-276168704
1601349472590959	345210880
1601349472590960	256
1601349472590961	256
1601349472590962	256
1601349472591115	256
1601349472591212	-276168704
1601349472591214	-276168704
1601349472591215	-256
1601349472591216	-256
1601349472591218	-256
1601349472591218	-256
1601349472591248	37632
1601349472591258	37632
1601349472591280	35840
1601349472592670	-35840
1601349472592674	-37632
1601349472592683	-54593024
1601349472592685	-345210880
1601349472592748	-256
1601349472592790	-256
1601349472593913	-37632
1601349472593965	-256
1601349472593967	-37632
