1602298017515112	256
1602298017515259	256
1602298017515472	256
1602298017515542	256
1602298017515613	256
1602298017515714	-256
1602298017515841	256
1602298017515997	256
1602298017516095	-256
1602298017516211	256
1602298017516370	256
1602298017516466	768
1602298017516615	-256
1602298017516630	256
1602298017516733	-256
1602298017516760	256
1602298017516934	-256
1602298017516936	-256
1602298017516937	-256
1602298017516938	-256
1602298017516968	256
1602298017517235	-256
1602298017517264	-256
1602298017517326	-256
1602298017519070	256
1602298017519076	256
1602298017519191	-256
1602298017519221	65536
1602298017519284	256
1602298017519286	256
1602298017519344	-256
1602298017519366	131072
1602298017519425	256
1602298017519428	256
1602298017519484	-256
1602298017519503	589824
1602298017519556	256
1602298017519558	256
1602298017519613	-256
1602298017519633	147456
1602298017519685	256
1602298017519687	256
1602298017519743	-256
1602298017519766	1048576
1602298017519820	256
1602298017519822	256
1602298017519880	-256
1602298017519903	65536
1602298017519949	256
1602298017519951	256
1602298017520004	-256
1602298017520024	65536
1602298017520072	256
1602298017520102	9216
1602298017520193	-9216
1602298017520216	9437184
1602298017520272	256
1602298017520274	256
1602298017520329	-256
1602298017520367	147456
1602298017520426	111992832
1602298017520523	256
1602298017520526	256
1602298017520579	-256
1602298017520600	37632
1602298017520647	256
1602298017520698	16384
1602298017520740	256
1602298017520755	9216
1602298017520815	-9216
1602298017520836	4194304
1602298017520886	256
1602298017520931	4096
1602298017520974	256
1602298017520976	256
1602298017521026	-256
1602298017521046	147456
1602298017521097	256
1602298017521099	256
1602298017521151	-256
1602298017521169	65536
1602298017521212	256
1602298017521225	9216
1602298017521285	-9216
1602298017521301	4194304
1602298017521348	256
1602298017521351	256
1602298017521404	-256
1602298017521424	589824
1602298017521474	256
1602298017521477	256
1602298017521527	-256
1602298017521544	65536
1602298017521589	256
1602298017521591	256
1602298017521641	-256
1602298017521657	589824
1602298017521701	256
1602298017521703	256
1602298017521800	-256
1602298017521817	262144
1602298017521869	256
1602298017521871	256
1602298017521925	-256
1602298017521945	65536
1602298017521989	256
1602298017521991	256
1602298017522043	-256
1602298017522061	524288
1602298017522107	256
1602298017522110	256
1602298017528896	-256
1602298017528940	589824
1602298017529009	256
1602298017529027	9216
1602298017529094	-9216
1602298017529120	2097152
1602298017529172	256
1602298017529185	9216
1602298017529246	-9216
1602298017529269	8200192
1602298017529322	256
1602298017529324	256
1602298017529378	-256
1602298017529396	262144
1602298017529445	256
1602298017529447	256
1602298017529499	-256
1602298017529519	262144
1602298017529571	256
1602298017529573	256
1602298017529624	-256
1602298017529643	262144
1602298017529691	256
1602298017529693	256
1602298017529744	-256
1602298017529762	1048576
1602298017529810	256
1602298017529812	256
1602298017529863	-256
1602298017529882	262144
1602298017529931	256
1602298017529933	256
1602298017529985	-256
1602298017530005	262144
1602298017530051	256
1602298017530064	9216
1602298017530124	-9216
1602298017530145	2359296
1602298017530194	256
1602298017530196	256
1602298017530248	-256
1602298017530267	1048576
1602298017530317	256
1602298017530330	9216
1602298017530391	-9216
1602298017530411	2359296
1602298017530458	256
1602298017530470	9216
1602298017530530	-9216
1602298017530548	4194304
1602298017530597	256
1602298017530599	256
1602298017530661	-256
1602298017530683	524288
1602298017530735	256
1602298017530748	9216
1602298017530809	-9216
1602298017530828	2359296
1602298017530875	256
1602298017530887	9216
1602298017530945	-9216
1602298017530967	2359296
1602298017531023	256
1602298017531025	256
1602298017531079	-256
1602298017531096	262144
1602298017531143	256
1602298017531156	9216
1602298017531215	-9216
1602298017531236	2097152
1602298017531285	256
1602298017531288	256
1602298017531341	-256
1602298017531360	1048576
1602298017531411	256
1602298017531413	256
1602298017531466	-256
1602298017531484	1048576
1602298017531533	256
1602298017531546	9216
1602298017531607	-9216
1602298017531626	2359296
1602298017531674	256
1602298017531686	9216
1602298017531746	-9216
1602298017531766	2359296
1602298017531816	256
1602298017531829	9216
1602298017531889	-9216
1602298017531908	4194304
1602298017531954	256
1602298017531957	256
1602298017532009	-256
1602298017532025	1048576
1602298017532071	256
1602298017532083	9216
1602298017532141	-9216
1602298017532158	4194304
1602298017532203	256
1602298017532205	256
1602298017532257	-256
1602298017532276	1048576
1602298017532325	256
1602298017532337	9216
1602298017532429	-9216
1602298017532452	8388608
1602298017532499	256
1602298017532511	9216
1602298017532567	-9216
1602298017532584	9437184
1602298017532628	256
1602298017532630	256
1602298017532679	-256
1602298017532697	1048576
1602298017532741	256
1602298017532753	9216
1602298017532808	-9216
1602298017532824	9437184
1602298017532870	256
1602298017532872	256
1602298017532922	-256
1602298017532942	1048576
1602298017532986	256
1602298017532988	256
1602298017533037	-256
1602298017533052	1048576
1602298017533094	256
1602298017533096	256
1602298017533145	-256
1602298017533164	1048576
1602298017533221	118072832
1602298017533275	-111992832
1602298017533500	-256
1602298017533502	-256
1602298017533502	-256
1602298017533503	-256
1602298017533505	-256
1602298017533506	-256
1602298017533507	-256
1602298017533507	-256
1602298017533508	-256
1602298017533509	-256
1602298017533510	-256
1602298017533510	-256
1602298017533511	-256
1602298017533512	-256
1602298017533513	-256
1602298017533514	-256
1602298017533514	-256
1602298017533515	-256
1602298017533516	-256
1602298017533517	-256
1602298017533518	-256
1602298017533518	-256
1602298017533519	-256
1602298017533520	-256
1602298017533521	-256
1602298017533522	-256
1602298017533523	-256
1602298017533523	-256
1602298017533524	-256
1602298017533525	-256
1602298017533526	-256
1602298017533526	-256
1602298017533527	-256
1602298017533528	-256
1602298017533529	-256
1602298017533530	-256
1602298017533530	-256
1602298017533531	-256
1602298017533532	-256
1602298017533533	-256
1602298017533533	-256
1602298017533534	-256
1602298017533535	-256
1602298017533536	-256
1602298017533536	-256
1602298017533537	-256
1602298017533538	-256
1602298017533539	-256
1602298017533540	-256
1602298017533540	-256
1602298017533541	-256
1602298017533542	-256
1602298017533542	-256
1602298017533543	-256
1602298017533573	597295104
1602298017533585	37632
1602298017533673	75520
1602298017533784	-75520
1602298017533789	-37632
1602298017533886	597295104
1602298017533887	256
1602298017533888	256
1602298017533889	256
1602298017533890	256
1602298017534195	149323776
1602298017534385	597295104
1602298017534392	65536
1602298017534445	18944
1602298017534525	-18944
1602298017534529	-65536
1602298017534602	149323776
1602298017534607	16384
1602298017534661	18944
1602298017534734	-18944
1602298017534737	-16384
1602298017534816	-256
1602298017534857	-256
1602298017534871	597295104
1602298017534872	1024
1602298017534873	1024
1602298017534874	1024
1602298017534876	1024
1602298017535014	149323776
1602298017535015	256
1602298017535016	256
1602298017535017	256
1602298017535018	256
1602298017535427	149323776
1602298017535434	147456
1602298017535488	225099776
1602298017535898	-225099776
1602298017535902	-147456
1602298017536082	-1024
1602298017536122	-1024
1602298017536139	149323776
1602298017536140	256
1602298017536141	256
1602298017536141	256
1602298017536142	256
1602298017536303	-256
1602298017536346	-256
1602298017536500	597295104
1602298017536507	65536
1602298017536560	18944
1602298017536637	-18944
1602298017536640	-65536
1602298017536790	597295104
1602298017536791	1024
1602298017536792	1024
1602298017536793	1024
1602298017536794	1024
1602298017536955	-256
1602298017536997	-256
1602298017537051	-597295104
1602298017537293	149323776
1602298017537300	65536
1602298017537354	18944
1602298017537434	-18944
1602298017537437	-65536
1602298017537523	-1024
1602298017537562	-1024
1602298017537580	149323776
1602298017537581	256
1602298017537582	256
1602298017537583	256
1602298017537584	256
1602298017537851	149323776
1602298017537858	147456
1602298017537910	225099776
1602298017538280	-225099776
1602298017538284	-147456
1602298017538439	149323776
1602298017538440	256
1602298017538441	256
1602298017538441	256
1602298017538442	256
1602298017538598	-256
1602298017538641	-256
1602298017538809	597295104
1602298017538815	65536
1602298017538869	18944
1602298017538945	-18944
1602298017538949	-65536
1602298017539094	597295104
1602298017539095	1024
1602298017539096	1024
1602298017539097	1024
1602298017539098	1024
1602298017539279	-256
1602298017539320	-256
1602298017539583	149323776
1602298017539589	65536
1602298017539642	18944
1602298017539718	-18944
1602298017539721	-65536
1602298017539807	-1024
1602298017539849	-1024
1602298017539867	149323776
1602298017539869	256
1602298017539869	256
1602298017539870	256
1602298017539871	256
1602298017540131	149323776
1602298017540137	147456
1602298017540188	225099776
1602298017540569	-225099776
1602298017540573	-147456
1602298017540723	149323776
1602298017540724	256
1602298017540725	256
1602298017540726	256
1602298017540727	256
1602298017540878	-256
1602298017540923	-256
1602298017541070	597295104
1602298017541077	65536
1602298017541129	18944
1602298017541204	-18944
1602298017541208	-65536
1602298017541351	597295104
1602298017541352	1024
1602298017541352	1024
1602298017541353	1024
1602298017541355	1024
1602298017541512	-256
1602298017541556	-256
1602298017541825	298647552
1602298017541831	524288
1602298017541885	4864
1602298017541961	-4864
1602298017541964	-524288
1602298017542034	111983616
1602298017542040	131072
1602298017542094	4864
1602298017542167	-4864
1602298017542170	-131072
1602298017542234	-1024
1602298017542274	-1024
1602298017542287	298647552
1602298017542289	2048
1602298017542290	2048
1602298017542291	2048
1602298017542292	2048
1602298017542409	74661888
1602298017542410	768
1602298017542411	512
1602298017542412	512
1602298017542413	512
1602298017542817	74661888
1602298017542823	589824
1602298017542876	278552576
1602298017543040	-278552576
1602298017543044	-589824
1602298017543218	-2048
1602298017543256	-2048
1602298017543270	74661888
1602298017543271	512
1602298017543272	512
1602298017543273	512
1602298017543274	512
1602298017543429	-768
1602298017543467	-512
1602298017543598	298647552
1602298017543604	262144
1602298017543655	4864
1602298017543729	-4864
1602298017543732	-262144
1602298017543876	298647552
1602298017543877	2560
1602298017543878	2048
1602298017543880	2048
1602298017543881	2048
1602298017544032	-512
1602298017544076	-512
1602298017544119	-298647552
1602298017544329	74661888
1602298017544335	262144
1602298017546114	4864
1602298017546202	-4864
1602298017546206	-262144
1602298017546297	-2560
1602298017546339	-2048
1602298017546355	74661888
1602298017546356	512
1602298017546357	512
1602298017546357	512
1602298017546358	768
1602298017546615	74661888
1602298017546620	589824
1602298017546669	278552576
1602298017546836	-278552576
1602298017546840	-589824
1602298017546985	74663936
1602298017546987	512
1602298017546988	512
1602298017546988	512
1602298017546989	512
1602298017547155	-512
1602298017547199	-512
1602298017547332	298647552
1602298017547338	262144
1602298017547388	4864
1602298017547460	-4864
1602298017547463	-262144
1602298017547607	298647552
1602298017547608	2048
1602298017547610	2048
1602298017547611	2048
1602298017547612	2048
1602298017547756	-512
1602298017547799	-512
1602298017548069	74661888
1602298017548075	262144
1602298017548124	4864
1602298017548195	-4864
1602298017548198	-262144
1602298017548282	-2048
1602298017548322	-2048
1602298017548338	74661888
1602298017548339	512
1602298017548340	512
1602298017548341	512
1602298017548342	512
1602298017548614	74661888
1602298017548620	589824
1602298017548670	278552576
1602298017548825	-278552576
1602298017548828	-589824
1602298017548974	74661888
1602298017548974	512
1602298017548975	512
1602298017548976	512
1602298017548977	512
1602298017549129	-512
1602298017549167	-512
1602298017549306	298647552
1602298017549312	262144
1602298017549363	4864
1602298017549434	-4864
1602298017549437	-262144
1602298017549575	298647552
1602298017549576	2560
1602298017549577	2048
1602298017549579	2048
1602298017549580	2048
1602298017549728	-512
1602298017549767	-512
1602298017550008	74661888
1602298017550014	262144
1602298017550065	4864
1602298017550135	-4864
1602298017550139	-262144
1602298017550222	-2560
1602298017550260	-2048
1602298017550276	74661888
1602298017550277	512
1602298017550278	512
1602298017550279	512
1602298017550280	512
1602298017550521	74661888
1602298017550526	589824
1602298017550574	278552576
1602298017550725	-278552576
1602298017550729	-589824
1602298017550871	74661888
1602298017550872	512
1602298017550873	512
1602298017550874	512
1602298017550875	512
1602298017551021	-512
1602298017551060	-512
1602298017551189	298647552
1602298017551195	262144
1602298017551243	4864
1602298017551313	-4864
1602298017551316	-262144
1602298017551454	298647552
1602298017551455	2560
1602298017551456	2048
1602298017551457	2048
1602298017551458	2048
1602298017551605	-512
1602298017551644	-512
1602298017551912	37330944
1602298017551918	524288
1602298017551968	1280
1602298017552040	-1280
1602298017552043	-524288
1602298017552097	149323776
1602298017552102	2097152
1602298017552152	1280
1602298017552220	-1280
1602298017552222	-2097152
1602298017552280	-2560
1602298017552318	-2048
1602298017552330	37330944
1602298017552331	1024
1602298017552332	1024
1602298017552333	1024
1602298017552334	1024
1602298017552473	149323776
1602298017552475	4096
1602298017552476	4096
1602298017552477	4096
1602298017552478	4096
1602298017552773	37330944
1602298017552778	2359296
1602298017552827	235929600
1602298017552960	-235929600
1602298017552963	-2359296
1602298017553161	37330944
1602298017553162	1536
1602298017553163	1024
1602298017553164	1024
1602298017553165	1024
1602298017553308	-1024
1602298017553345	-1024
1602298017553384	-4096
1602298017553418	-4096
1602298017553544	149323776
1602298017553550	1048576
1602298017553596	1280
1602298017553663	-1280
1602298017553666	-1048576
1602298017553796	149323776
1602298017553797	4096
1602298017553797	4096
1602298017553798	4096
1602298017553799	4096
1602298017553940	-1536
1602298017553976	-1024
1602298017554015	-149323776
1602298017554220	37330944
1602298017554225	1048576
1602298017554272	1536
1602298017554341	-1536
1602298017554344	-1048576
1602298017554418	-4096
1602298017554453	-4096
1602298017554467	37330944
1602298017554468	1024
1602298017554469	1024
1602298017554470	1024
1602298017554471	1536
1602298017554699	37330944
1602298017554705	2359296
1602298017554751	235929600
1602298017554855	-235929600
1602298017554858	-2359296
1602298017554987	37330944
1602298017554989	1024
1602298017554990	1024
1602298017554991	1024
1602298017554992	1024
1602298017555127	-1024
1602298017555167	-1024
1602298017555327	149323776
1602298017555333	1048576
1602298017555380	1280
1602298017555449	-1280
1602298017555452	-1048576
1602298017555579	149323776
1602298017555580	4096
1602298017555581	4096
1602298017555583	4096
1602298017555584	4096
1602298017555725	-1024
1602298017555762	-1024
1602298017556000	37330944
1602298017556006	1048576
1602298017556052	2048
1602298017556120	-2048
1602298017556123	-1048576
1602298017556200	-4096
1602298017556237	-4096
1602298017556252	37330944
1602298017556253	1024
1602298017556253	1024
1602298017556254	1024
1602298017556255	1024
1602298017556494	37330944
1602298017556500	2359296
1602298017556547	235929600
1602298017556653	-235929600
1602298017556656	-2359296
1602298017556788	37330944
1602298017556789	1024
1602298017556790	1024
1602298017556791	1024
1602298017556791	1024
1602298017556930	-1024
1602298017556967	-1024
1602298017557095	149323776
1602298017557101	1048576
1602298017557147	1280
1602298017557216	-1280
1602298017557220	-1048576
1602298017557366	149323776
1602298017557367	4096
1602298017557367	4096
1602298017557369	4096
1602298017557370	4096
1602298017557507	-1024
1602298017557547	-1024
1602298017557782	37330944
1602298017557788	1048576
1602298017557835	2048
1602298017557902	-2048
1602298017557904	-1048576
1602298017557983	-4096
1602298017558023	-4096
1602298017558037	37330944
1602298017558038	1024
1602298017558039	1024
1602298017558039	1024
1602298017558040	1024
1602298017558269	37330944
1602298017558274	2359296
1602298017558322	235929600
1602298017558426	-235929600
1602298017558429	-2359296
1602298017558559	37330944
1602298017558560	1024
1602298017558561	1024
1602298017558562	1024
1602298017558563	1024
1602298017558700	-1024
1602298017558737	-1024
1602298017558866	149323776
1602298017558871	1048576
1602298017558918	1280
1602298017558987	-1280
1602298017558990	-1048576
1602298017559121	149323776
1602298017559122	4096
1602298017559123	4096
1602298017559124	4096
1602298017559125	4096
1602298017559264	-1024
1602298017559301	-1024
1602298017561441	37330944
1602298017561447	1048576
1602298017561496	2048
1602298017562245	-2048
1602298017562248	-1048576
1602298017562814	-4096
1602298017562851	-4096
1602298017562866	37330944
1602298017562867	1024
1602298017562867	1024
1602298017562868	1024
1602298017562869	1024
1602298017563107	37330944
1602298017563112	2359296
1602298017565887	235929600
1602298017569152	-235929600
1602298017569156	-2359296
1602298017572547	37330944
1602298017572548	1024
1602298017572549	1024
1602298017572550	1024
1602298017572551	1024
1602298017572691	-1024
1602298017574851	-1024
1602298017574980	149323776
1602298017574986	1048576
1602298017575033	1280
1602298017577480	-1280
1602298017577483	-1048576
1602298017578932	149323776
1602298017578933	4096
1602298017578934	4096
1602298017578935	4096
1602298017578936	4096
1602298017579081	-1024
1602298017579118	-1024
1602298017583568	37330944
1602298017583573	1048576
1602298017584131	2048
1602298017584198	-2048
1602298017584200	-1048576
1602298017584275	-4096
1602298017584310	-4096
1602298017584322	37330944
1602298017584323	1024
1602298017584324	1024
1602298017584324	1024
1602298017584325	1024
1602298017587240	37330944
1602298017587246	2359296
1602298017590481	235929600
1602298017593879	-235929600
1602298017593882	-2359296
1602298017596243	37330944
1602298017596244	1024
1602298017596245	1024
1602298017596246	1024
1602298017596247	1024
1602298017596403	-1024
1602298017596443	-1024
1602298017598816	149323776
1602298017598822	1048576
1602298017598866	1280
1602298017600285	-1280
1602298017600288	-1048576
1602298017600426	149323776
1602298017600427	4096
1602298017600428	4096
1602298017600428	4096
1602298017600429	4096
1602298017600567	-1024
1602298017603986	-1024
1602298017605519	74661888
1602298017605524	8388608
1602298017605565	512
1602298017605625	-512
1602298017605627	-8388608
1602298017605663	18665472
1602298017605667	2097152
1602298017608554	512
1602298017611841	-512
1602298017611843	-2097152
1602298017611915	-4096
1602298017615208	-4096
1602298017615219	74661888
1602298017615220	8192
1602298017615221	8192
1602298017615222	8192
1602298017615223	8192
1602298017615313	18665472
1602298017615314	2048
1602298017615315	2048
1602298017615315	2048
1602298017615316	2048
1602298017622556	18665472
1602298017622560	9437184
1602298017622601	150994944
1602298017625888	-150994944
1602298017625891	-9437184
1602298017626215	-8192
1602298017626244	-8192
1602298017626256	18665472
1602298017626256	2048
1602298017626257	2048
1602298017626258	2048
1602298017626258	2048
1602298017626362	-2048
1602298017626390	-2048
1602298017628807	74661888
1602298017628811	4194304
1602298017628851	512
1602298017628905	-512
1602298017628907	-4194304
1602298017629314	74661888
1602298017629315	10240
1602298017629316	8192
1602298017629317	8192
1602298017629317	8192
1602298017629624	-2048
1602298017629654	-2048
1602298017629686	-74661888
1602298017633860	18665472
1602298017633865	4194304
1602298017633903	512
1602298017635549	-512
1602298017635551	-4194304
1602298017635615	-10240
1602298017636715	-8192
1602298017636726	18665472
1602298017636727	2048
1602298017636728	2048
1602298017636728	2048
1602298017636729	2048
1602298017636893	18665472
1602298017636897	18673664
1602298017639246	150994944
1602298017640004	-150994944
1602298017640006	-18673664
1602298017640103	18673664
1602298017640104	2048
1602298017640105	2048
1602298017640106	2048
1602298017640106	2048
1602298017642542	-2048
1602298017642571	-2048
1602298017643310	74661888
1602298017643314	4194304
1602298017643351	512
1602298017643401	-512
1602298017643404	-4194304
1602298017645991	74661888
1602298017645992	8192
1602298017645993	8192
1602298017645994	8192
1602298017645995	8192
1602298017646094	-2048
1602298017647574	-2048
1602298017650485	18665472
1602298017650489	4194304
1602298017650524	512
1602298017650572	-512
1602298017650575	-4194304
1602298017652973	-8192
1602298017653004	-8192
1602298017653014	18665472
1602298017653014	2048
1602298017653015	2048
1602298017653015	2048
1602298017653016	2048
1602298017653787	18665472
1602298017653790	9437184
1602298017653825	150994944
1602298017656739	-150994944
1602298017656741	-9437184
1602298017657054	18665472
1602298017657054	2048
1602298017657055	2048
1602298017657056	2048
1602298017657056	2048
1602298017657150	-2048
1602298017657176	-2048
1602298017659739	74661888
1602298017659743	4194304
1602298017659776	512
1602298017661335	-512
1602298017661337	-4194304
1602298017663038	74661888
1602298017663038	10240
1602298017663039	8192
1602298017663040	8192
1602298017663040	8192
1602298017663132	-2048
1602298017664201	-2048
1602298017667455	-10240
1602298017667482	-8192
1602298017667492	1523712
1602298017667558	744960
1602298017667728	1024
1602298017667730	1024
1602298017670843	-1024
1602298017670850	-768
1602298017670910	256
1602298017673458	-1024
1602298017673468	4096
1602298017673518	1523712
1602298017673600	8200192
1602298017675062	-1523712
1602298017675063	-744960
1602298017675144	-4096
1602298017676762	-8200192
1602298017676798	-256
1602298017676836	-4096
1602298017676847	74661888
1602298017677955	-1523712
1602298017677991	-8200192
1602298017678075	-74661888
1602298017678096	74670080
1602298017678097	10240
1602298017678098	8192
1602298017678098	256
1602298017678125	256
1602298017679429	-74661888
1602298017679430	-8192
1602298017679431	-8192
1602298017679433	-256
1602298017679433	-256
1602298017679511	18665472
1602298017679522	8192000
1602298017679550	18665472
1602298017679573	4096
1602298017685547	-18665472
1602298017685550	-4096
1602298017685550	-8192000
1602298017685574	8192000
1602298017685582	4194304
1602298017685602	4096
1602298017685732	-4096
1602298017685734	-4194304
1602298017685742	-74670080
1602298017685784	-10240
1602298017685968	-8192
1602298017686002	-18665472
1602298017687778	-4194304
1602298017687786	18665472
1602298017687787	2048
1602298017687788	2048
1602298017687788	256
1602298017688109	256
1602298017688165	-18665472
1602298017688166	-18665472
1602298017688167	-2048
1602298017688168	-2048
1602298017688169	-256
1602298017688170	-256
1602298017688215	-8192000
1602298017688226	18665472
1602298017688232	9437184
1602298017688396	18665472
1602298017688411	150994944
1602298017688576	-18665472
1602298017688578	-150994944
1602298017688579	-9437184
1602298017688602	9437184
1602298017688608	18665472
1602298017688623	147456000
1602298017691152	-147456000
1602298017691155	-18665472
1602298017691162	-18665472
1602298017691203	-2048
1602298017691231	-2048
1602298017692075	-18665472
1602298017692104	-9437184
1602298017692115	18665472
1602298017692116	2048
1602298017692116	2048
1602298017692117	256
1602298017692920	256
1602298017692975	-18665472
1602298017692977	-18665472
1602298017692977	-2048
1602298017692978	-2048
1602298017692980	-256
1602298017692980	-256
1602298017693526	-9437184
1602298017693537	74661888
1602298017693542	4194304
1602298017693565	124009984
1602298017693579	4096
1602298017693644	-74661888
1602298017693645	-4096
1602298017693646	-4194304
1602298017693670	4194304
1602298017693675	8200192
1602298017693688	4096
1602298017699071	-4096
1602298017699076	-8200192
1602298017699090	-18665472
1602298017699142	-2048
1602298017699176	-2048
1602298017699213	-124009984
1602298017699243	-4194304
1602298017699281	-74661888
1602298017699315	-4194304
1602298017699325	74678272
1602298017699326	8192
1602298017699327	8192
1602298017699329	256
1602298017699351	256
1602298017699466	-74661888
1602298017699467	-8192
1602298017699468	-8192
1602298017699470	-256
1602298017699472	-256
1602298017699490	18665472
1602298017699495	4194304
1602298017699523	18665472
1602298017699538	4096
1602298017699639	-18665472
1602298017699641	-4096
1602298017699642	-4194304
1602298017699663	4194304
1602298017699671	8200192
1602298017699684	4096
1602298017703084	-4096
1602298017703087	-8200192
1602298017703094	-74678272
1602298017703140	-8192
1602298017703172	-8192
1602298017703954	-18673664
1602298017703989	-4194304
1602298017704005	18665472
1602298017704005	2048
1602298017704006	2048
1602298017704006	256
1602298017704028	256
1602298017704596	-18665472
1602298017704598	-18665472
1602298017704600	-2048
1602298017704600	-2048
1602298017704602	-256
1602298017704602	-256
1602298017704647	-4194304
1602298017704658	18665472
1602298017704664	9437696
1602298017704688	18673664
1602298017704702	150994944
1602298017707428	-18665472
1602298017707430	-150994944
1602298017707431	-9437696
1602298017707453	9437696
1602298017707460	18665472
1602298017707474	147456000
1602298017707845	-147456000
1602298017707847	-18665472
1602298017707854	-18665472
1602298017709619	-2048
1602298017709944	-2048
1602298017709982	-18665472
1602298017710014	-9437184
1602298017710026	18665472
1602298017710026	2048
1602298017710027	2048
1602298017710027	256
1602298017710229	256
1602298017710394	-18673664
1602298017710395	-18665472
1602298017710397	-2048
1602298017710398	-2048
1602298017710399	-256
1602298017710399	-256
1602298017710446	-9437696
1602298017710456	74661888
1602298017710462	4194304
1602298017710485	74661888
1602298017710502	4096
1602298017712981	-74661888
1602298017712984	-4096
1602298017712984	-4194304
1602298017713008	4194304
1602298017713015	4194304
1602298017713029	4096
1602298017714750	-4096
1602298017714752	-4194304
1602298017714759	-18665472
1602298017714799	-2048
1602298017714828	-2048
1602298017715354	-74661888
1602298017715389	-4194304
1602298017715426	-74661888
1602298017715460	-4194304
1602298017715471	74663936
1602298017715471	10240
1602298017715472	8192
1602298017715473	256
1602298017715494	256
1602298017717885	-74661888
1602298017717886	-8192
1602298017717887	-8192
1602298017717888	-256
1602298017717889	-256
1602298017717908	74661888
1602298017717909	8192
1602298017717909	8192
1602298017717910	256
1602298017718113	256
1602298017718306	-74661888
1602298017718308	-74661888
1602298017718309	-8192
1602298017718311	-8192
1602298017718312	-256
1602298017718312	-256
1602298017718332	149323776
1602298017718338	9437696
1602298017718363	149323776
1602298017718698	-149323776
1602298017718700	-9437696
1602298017718725	9437696
1602298017718731	9437696
1602298017718745	4096
1602298017721053	-4096
1602298017721055	-9437696
1602298017721062	-74663936
1602298017721107	-10240
1602298017721137	-8192
1602298017721148	18665472
1602298017721153	4194304
1602298017721236	18665472
1602298017721251	4096
1602298017721316	-18665472
1602298017721318	-4096
1602298017721318	-4194304
1602298017721339	4194304
1602298017721345	4194304
1602298017721359	4096
1602298017724730	-4096
1602298017724732	-4194304
1602298017724740	-74661888
1602298017724781	-8192
1602298017725580	-8192
1602298017725612	-8388608
1602298017725645	-18665472
1602298017726179	-4194304
1602298017726209	-9437696
1602298017726219	18665472
1602298017726219	2048
1602298017726220	2048
1602298017726220	256
1602298017726243	256
1602298017726298	-18665472
1602298017726301	-18665472
1602298017726302	-2048
1602298017726303	-2048
1602298017726304	-256
1602298017726304	-256
1602298017728868	-4194304
1602298017728878	18665472
1602298017728883	9437696
1602298017728911	18665472
1602298017728925	186654720
1602298017729319	-18665472
1602298017729321	-186654720
1602298017729322	-9437696
1602298017729345	9437696
1602298017729351	17826560
1602298017729364	186654720
1602298017731789	-186654720
1602298017731791	-17826560
1602298017731798	-18665472
1602298017731838	-2048
1602298017732061	-2048
1602298017732100	-18665472
1602298017732225	-9437184
1602298017732237	18665472
1602298017732237	2048
1602298017732238	2048
1602298017732238	256
1602298017732305	256
1602298017732374	-18665472
1602298017732377	-18665472
1602298017732379	-2048
1602298017732379	-2048
1602298017732381	-256
1602298017732382	-256
1602298017732424	-9437696
1602298017732432	261349376
1602298017732438	2097152
1602298017734799	149323776
1602298017735696	-261349376
1602298017735698	-2097152
1602298017735724	2097152
1602298017735730	2097152
1602298017735745	4096
1602298017736587	-4096
1602298017736589	-2097152
1602298017736596	-18665472
1602298017737155	-2048
1602298017737185	-2048
1602298017737218	-149323776
1602298017737248	-2097152
1602298017737279	-149323776
1602298017739639	-2097152
1602298017739650	149327872
1602298017739650	4096
1602298017739651	4096
1602298017739651	256
1602298017739673	256
1602298017739957	-149323776
1602298017739959	-4096
1602298017739959	-4096
1602298017739961	-256
1602298017739962	-256
1602298017739980	37330944
1602298017739985	1048576
1602298017740059	37330944
1602298017740075	3584
1602298017740146	-37330944
1602298017740148	-3584
1602298017740150	-1048576
1602298017740172	1048576
1602298017740179	1049088
1602298017740193	2560
1602298017742579	-2560
1602298017742582	-1049088
1602298017742589	-149327872
1602298017742831	-4096
1602298017742871	-4096
1602298017742908	-37330944
1602298017743010	-1048576
1602298017743025	37330944
1602298017743027	1024
1602298017743028	1024
1602298017743028	256
1602298017743052	256
1602298017743126	-37330944
1602298017743129	-37330944
1602298017743130	-1024
1602298017743131	-1024
1602298017743132	-256
1602298017743133	-256
1602298017743184	-1048576
1602298017743194	37330944
1602298017743200	4194304
1602298017743227	37330944
1602298017743249	263061504
1602298017746529	-37330944
1602298017746531	-263061504
1602298017746533	-4194304
1602298017746557	4194304
1602298017746564	4194304
1602298017746579	256745472
1602298017747974	-256745472
1602298017747977	-4194304
1602298017747985	-37330944
1602298017748026	-1024
1602298017748071	-1024
1602298017748111	-37330944
1602298017753053	-2359296
1602298017753071	37330944
1602298017753071	1024
1602298017753072	1024
1602298017753072	256
1602298017753097	256
1602298017753173	-37330944
1602298017753176	-37330944
1602298017753178	-1024
1602298017753178	-1024
1602298017753179	-256
1602298017753180	-256
1602298017754452	-4194304
1602298017754463	149323776
1602298017754469	1048832
1602298017754501	149323776
1602298017754517	4096
1602298017755065	-149323776
1602298017755067	-4096
1602298017755068	-1048832
1602298017755093	1048832
1602298017755100	1048576
1602298017755114	4096
1602298017755232	-4096
1602298017755234	-1048576
1602298017755242	-37330944
1602298017755280	-1024
1602298017755314	-1024
1602298017755348	-149323776
1602298017755576	-1048576
1602298017755682	-149323776
1602298017757425	-1048832
1602298017757442	149327872
1602298017757443	4096
1602298017757443	4096
1602298017757444	256
1602298017757652	256
1602298017757729	-149323776
1602298017757731	-4096
1602298017757731	-4096
1602298017757733	-256
1602298017757734	-256
1602298017757752	37330944
1602298017757757	1048832
1602298017757791	37330944
1602298017757808	3584
1602298017757878	-37330944
1602298017757880	-3584
1602298017757881	-1048832
1602298017757902	1048832
1602298017757909	1048576
1602298017757923	2560
1602298017758034	-2560
1602298017758036	-1048576
1602298017758043	-149327872
1602298017758092	-4096
1602298017758125	-4096
1602298017760570	-37330944
1602298017760610	-1048576
1602298017760620	37330944
1602298017760621	1024
1602298017760621	1024
1602298017760622	256
1602298017760649	256
1602298017761083	-37330944
1602298017761086	-37330944
1602298017761087	-1024
1602298017761088	-1024
1602298017761089	-256
1602298017761090	-256
1602298017761135	-1048832
1602298017761150	37330944
1602298017761155	4194304
1602298017761182	37330944
1602298017761198	263061504
1602298017761787	-37330944
1602298017761789	-263061504
1602298017761790	-4194304
1602298017761819	4194304
1602298017761827	4194304
1602298017761843	256745472
1602298017764501	-256745472
1602298017764504	-4194304
1602298017764511	-37330944
1602298017764560	-1024
1602298017764652	-1024
1602298017764728	-37330944
1602298017764776	-2359296
1602298017764787	37330944
1602298017764788	1024
1602298017764788	1024
1602298017764789	256
1602298017764815	256
1602298017764926	-37330944
1602298017764928	-37330944
1602298017764930	-1024
1602298017764931	-1024
1602298017764932	-256
1602298017764933	-256
1602298017765135	-4194304
1602298017765145	149323776
1602298017765152	1048576
1602298017765237	149323776
1602298017765253	4096
1602298017767239	-149323776
1602298017767241	-4096
1602298017767242	-1048576
1602298017767266	1048576
1602298017767272	1049088
1602298017767286	4096
1602298017767469	-4096
1602298017767471	-1049088
1602298017767478	-37330944
1602298017767526	-1024
1602298017767558	-1024
1602298017767594	-149323776
1602298017767629	-1048576
1602298017770114	-149323776
1602298017770157	-1048576
1602298017770167	149327872
1602298017770168	4096
1602298017770168	4096
1602298017770169	256
1602298017770195	256
1602298017770622	-149323776
1602298017770624	-4096
1602298017770625	-4096
1602298017770627	-256
1602298017770627	-256
1602298017770646	37330944
1602298017770652	1048576
1602298017770680	37330944
1602298017770696	3584
1602298017771031	-37330944
1602298017771033	-3584
1602298017771034	-1048576
1602298017771058	1048576
1602298017771064	1049088
1602298017771078	2560
1602298017771396	-2560
1602298017771398	-1049088
1602298017771405	-149327872
1602298017771445	-4096
1602298017774033	-4096
1602298017774075	-37330944
1602298017774110	-1048576
1602298017774121	37330944
1602298017774122	1024
1602298017774122	1024
1602298017774123	256
1602298017774188	256
1602298017774321	-37330944
1602298017774324	-37330944
1602298017774326	-1024
1602298017774326	-1024
1602298017774328	-256
1602298017774328	-256
1602298017774380	-1048576
1602298017774390	37330944
1602298017774397	4194304
1602298017774427	37330944
1602298017774443	263061504
1602298017776518	-37330944
1602298017776520	-263061504
1602298017776522	-4194304
1602298017776545	4194304
1602298017776552	4194304
1602298017776566	256745472
1602298017776936	-256745472
1602298017776939	-4194304
1602298017776946	-37330944
1602298017776986	-1024
1602298017777024	-1024
1602298017777060	-37330944
1602298017777098	-2359296
1602298017777110	37330944
1602298017777110	1024
1602298017777111	1024
1602298017777111	256
1602298017777132	256
1602298017777206	-37330944
1602298017777207	-37330944
1602298017777208	-1024
1602298017777214	-1024
1602298017777216	-256
1602298017777216	-256
1602298017779643	-4194304
1602298017779662	149323776
1602298017779669	1048576
1602298017779696	149323776
1602298017779713	4096
1602298017780135	-149323776
1602298017780137	-4096
1602298017780138	-1048576
1602298017780163	1048576
1602298017780170	1049088
1602298017780184	4096
1602298017780585	-4096
1602298017780588	-1049088
1602298017780595	-37330944
1602298017780634	-1024
1602298017780883	-1024
1602298017780920	-149323776
1602298017780955	-1048576
1602298017781266	-149323776
1602298017781526	-1048576
1602298017781537	149327872
1602298017781537	4096
1602298017781538	4096
1602298017781538	256
1602298017781560	256
1602298017781634	-149323776
1602298017781637	-4096
1602298017781637	-4096
1602298017781640	-256
1602298017781640	-256
1602298017781660	37330944
1602298017781667	1048576
1602298017781703	37330944
1602298017781719	3584
1602298017781789	-37330944
1602298017781791	-3584
1602298017781793	-1048576
1602298017781815	1048576
1602298017781822	1049088
1602298017781836	2560
1602298017781954	-2560
1602298017781957	-1049088
1602298017781964	-149327872
1602298017782004	-4096
1602298017782072	-4096
1602298017782107	-37330944
1602298017782145	-1048576
1602298017782159	47713792
1602298017782160	1024
1602298017782160	1024
1602298017782161	256
1602298017782181	256
1602298017782255	-37330944
1602298017782257	-37330944
1602298017782258	-1024
1602298017782259	-1024
1602298017782261	-256
1602298017782261	-256
1602298017782305	-1048576
1602298017782321	37330944
1602298017782327	2359808
1602298017783056	37330944
1602298017783069	263061504
1602298017783849	-37330944
1602298017783851	-263061504
1602298017783853	-2359808
1602298017783882	2359808
1602298017783888	4194304
1602298017783903	256745472
1602298017784571	-256
1602298017784575	-256745472
1602298017784578	-4194304
1602298017784586	-47713792
1602298017787371	-1024
1602298017787410	-1024
1602298017787443	-37330944
1602298017787484	-2359296
1602298017787499	37330944
1602298017787499	1024
1602298017787500	1024
1602298017787500	256
1602298017790211	256
1602298017790321	-37330944
1602298017790323	-37330944
1602298017790325	-1024
1602298017790325	-1024
1602298017790327	-256
1602298017790327	-256
1602298017790378	-2359808
1602298017790388	149323776
1602298017790395	1048576
1602298017790659	149323776
1602298017790677	4096
1602298017790744	-149323776
1602298017790746	-4096
1602298017790747	-1048576
1602298017790772	1048576
1602298017790780	1049088
1602298017790793	4096
1602298017791029	-4096
1602298017791031	-1049088
1602298017791038	-37330944
1602298017791135	-1024
1602298017792877	-1024
1602298017793119	-149323776
1602298017793308	-1048576
1602298017793462	-149323776
1602298017795173	-1048576
1602298017795183	149327872
1602298017795184	4096
1602298017795184	4096
1602298017795185	256
1602298017795274	256
1602298017795631	-149323776
1602298017795633	-4096
1602298017795634	-4096
1602298017795636	-256
1602298017795637	-256
1602298017795655	47713792
1602298017795661	1049088
1602298017795689	37330944
1602298017795704	3584
1602298017795776	-47713792
1602298017795778	-3584
1602298017795779	-1049088
1602298017795801	1049088
1602298017795807	1048576
1602298017795821	2560
1602298017796033	-2560
1602298017796036	-1048576
1602298017796042	-149327872
1602298017796096	-4096
1602298017796133	-4096
1602298017796168	-37330944
1602298017798817	-1048576
1602298017798833	37330944
1602298017798834	1024
1602298017798834	1024
1602298017798835	256
1602298017798857	256
1602298017798929	-37330944
1602298017798932	-37330944
1602298017798933	-1024
1602298017798934	-1024
1602298017798935	-256
1602298017798935	-256
1602298017802017	-1049088
1602298017802027	37330944
1602298017802034	4194304
1602298017802061	47713792
1602298017802084	263061504
1602298017802537	-37330944
1602298017802539	-263061504
1602298017802540	-4194304
1602298017802565	4194304
1602298017802572	4194304
1602298017802587	256745472
1602298017803651	-256745472
1602298017803653	-4194304
1602298017803661	-37330944
1602298017803707	-1024
1602298017803745	-1024
1602298017803781	-37330944
1602298017806562	-2359296
1602298017806579	37330944
1602298017806579	1024
1602298017806580	1024
1602298017806580	256
1602298017806603	256
1602298017806677	-47713792
1602298017806678	-37330944
1602298017806680	-1024
1602298017806680	-1536
1602298017806681	-256
1602298017806682	-256
1602298017806733	-4194304
1602298017806743	149323776
1602298017806753	1049088
1602298017809387	149323776
1602298017809403	4096
1602298017809485	-149323776
1602298017809487	-4096
1602298017809488	-1049088
1602298017809512	1049088
1602298017809519	1048576
1602298017809532	4096
1602298017809798	-4096
1602298017809800	-1048576
1602298017809808	-37330944
1602298017809845	-1024
1602298017809959	-1024
1602298017810220	-149323776
1602298017810327	-1048576
1602298017812009	-149323776
1602298017812254	-1049088
1602298017812263	149323776
1602298017812263	4096
1602298017812264	4096
1602298017812265	256
1602298017812427	256
1602298017812642	-149323776
1602298017812643	-4096
1602298017812645	-4096
1602298017812647	-256
1602298017812647	-256
1602298017812671	149323776
1602298017812672	4096
1602298017812672	4096
1602298017812673	256
1602298017814297	256
1602298017814453	-149323776
1602298017814455	-149323776
1602298017814455	-4096
1602298017814456	-4096
1602298017814457	-256
1602298017814457	-256
1602298017814482	298647552
1602298017814488	2097152
1602298017814703	298647552
1602298017814793	-298647552
1602298017814795	-2097152
1602298017814827	2097152
1602298017814836	2097152
1602298017814851	2560
1602298017814968	-2560
1602298017814970	-2097152
1602298017814977	-149323776
1602298017815103	-4096
1602298017815171	-4096
1602298017815180	50860032
1602298017815187	1048576
1602298017815224	37330944
1602298017815237	4096
1602298017817940	-50860032
1602298017817942	-4096
1602298017817943	-1048576
1602298017817967	1048576
1602298017817974	1048576
1602298017817988	4096
1602298017821051	-4096
1602298017821053	-1048576
1602298017821060	-149323776
1602298017821102	-4096
1602298017821133	-4096
1602298017821502	-2097152
1602298017821539	-37330944
1602298017821958	-1048576
1602298017821993	-2097152
1602298017822007	37331968
1602298017822007	1024
1602298017822008	1024
1602298017822009	256
1602298017822029	256
1602298017822105	-37330944
1602298017822106	-37330944
1602298017822108	-1024
1602298017822109	-1024
1602298017822110	-256
1602298017822110	-256
1602298017822654	-1048576
1602298017822670	50860032
1602298017822676	4194304
1602298017822701	37330944
1602298017822716	263061504
1602298017823674	-50860032
1602298017823676	-263061504
1602298017823677	-4194304
1602298017823705	4194304
1602298017823713	4194304
1602298017823728	256745472
1602298017836788	-256745472
1602298017836791	-4194304
1602298017836798	-37331968
1602298017836848	-1024
1602298017836881	-1024
1602298017836912	-37330944
1602298017836950	-2359296
1602298017836965	50860032
1602298017836966	1024
1602298017836966	1024
1602298017836967	256
1602298017836987	256
1602298017839776	-37330944
1602298017839777	-37330944
1602298017839778	-1024
1602298017839779	-1024
1602298017839780	-256
1602298017839781	-256
1602298017839831	-4194304
1602298017839841	298647552
1602298017839847	524288
1602298017839872	298647552
1602298017842535	-298647552
1602298017842538	-524288
1602298017842565	524288
1602298017842571	524288
1602298017842585	2560
1602298017842773	-2560
1602298017842775	-524288
1602298017842782	-50860032
1602298017842822	-1024
1602298017842869	-1024
1602298017842906	-298647552
1602298017842935	-524288
1602298017843061	-298647552
1602298017843097	-524288
1602298017843108	298649600
1602298017843109	2560
1602298017843110	2048
1602298017843110	256
1602298017843206	256
1602298017843533	-298647552
1602298017843534	-2048
1602298017843535	-2048
1602298017843537	-256
1602298017843538	-256
1602298017843556	74661888
1602298017843561	262144
1602298017843594	74661888
1602298017843611	6912
1602298017845739	-74661888
1602298017845741	-6912
1602298017845742	-262144
1602298017845765	262144
1602298017845773	262144
1602298017845787	2560
1602298017848023	-2560
1602298017848026	-262144
1602298017848032	-298649600
1602298017848073	-2560
1602298017848141	-2048
1602298017848199	-74661888
1602298017848237	-262144
1602298017848246	74661888
1602298017848249	512
1602298017848254	512
1602298017848255	256
1602298017848275	256
1602298017849752	-74661888
1602298017849756	-74661888
1602298017849757	-512
1602298017849757	-512
1602298017849759	-256
1602298017849759	-256
1602298017849810	-262144
1602298017849825	74661888
1602298017849831	1048576
1602298017849856	74661888
1602298017849872	278552576
1602298017850007	-74661888
1602298017850010	-278552576
1602298017850011	-1048576
1602298017850035	1048576
1602298017850044	1049088
1602298017850065	338337792
1602298017852193	-338337792
1602298017852196	-1049088
1602298017852203	-74661888
1602298017852251	-512
1602298017852283	-512
1602298017853055	-74661888
1602298017853094	-589824
1602298017853103	74661888
1602298017853104	512
1602298017853104	512
1602298017853105	256
1602298017853922	256
1602298017854003	-74661888
1602298017854005	-74661888
1602298017854007	-512
1602298017854007	-512
1602298017854009	-256
1602298017854009	-256
1602298017854055	-1048576
1602298017854069	298647552
1602298017854076	262144
1602298017854100	298647552
1602298017854115	6912
1602298017855181	-298647552
1602298017855184	-6912
1602298017855185	-262144
1602298017855208	262144
1602298017855215	262144
1602298017855229	2560
1602298017860415	-2560
1602298017860417	-262144
1602298017860425	-74661888
1602298017860467	-512
1602298017860503	-512
1602298017860537	-298647552
1602298017860675	-262144
1602298017860718	-298647552
1602298017860756	-262144
1602298017860766	298649600
1602298017860767	2560
1602298017860768	2048
1602298017860768	256
1602298017861016	256
1602298017861092	-298647552
1602298017861094	-2048
1602298017861095	-2048
1602298017861098	-256
1602298017861098	-256
1602298017861122	74661888
1602298017861128	262144
1602298017861156	74661888
1602298017861172	6912
1602298017863197	-74661888
1602298017863200	-6912
1602298017863201	-262144
1602298017863224	262144
1602298017863230	262144
1602298017863245	2560
1602298017866147	-2560
1602298017866150	-262144
1602298017866157	-298649600
1602298017866198	-2560
1602298017866234	-2048
1602298017866270	-74661888
1602298017866422	-262144
1602298017866435	74661888
1602298017866436	512
1602298017866436	512
1602298017866437	256
1602298017866458	256
1602298017866532	-74661888
1602298017866533	-74661888
1602298017866534	-512
1602298017866535	-512
1602298017866537	-256
1602298017866537	-256
1602298017866773	-262144
1602298017866783	74661888
1602298017866790	589824
1602298017866815	74661888
1602298017866832	278552576
1602298017866942	-74661888
1602298017866945	-278552576
1602298017866946	-589824
1602298017866975	589824
1602298017866982	1048576
1602298017866997	338337792
1602298017869729	-338337792
1602298017869732	-1048576
1602298017869739	-74661888
1602298017872306	-512
1602298017872336	-512
1602298017872381	-74661888
1602298017872417	-589824
1602298017872428	74661888
1602298017872429	512
1602298017872430	512
1602298017872430	256
1602298017873175	256
1602298017873253	-74661888
1602298017873255	-74661888
1602298017873255	-512
1602298017873256	-512
1602298017873258	-256
1602298017873258	-256
1602298017874052	-589824
1602298017874063	298647552
1602298017874070	262144
1602298017874095	298647552
1602298017874111	6912
1602298017875240	-298647552
1602298017875242	-6912
1602298017875244	-262144
1602298017875266	262144
1602298017875273	262144
1602298017875287	4096
1602298017877939	-4096
1602298017877941	-262144
1602298017877949	-74661888
1602298017877989	-512
1602298017880544	-512
1602298017880582	-298647552
1602298017880615	-262144
1602298017880652	-298647552
1602298017880799	-262144
1602298017880809	298651648
1602298017880810	2048
1602298017880810	2048
1602298017880811	256
1602298017880832	256
1602298017880908	-298647552
1602298017880909	-2048
1602298017880914	-2048
1602298017880916	-256
1602298017880916	-256
1602298017880935	74661888
1602298017880942	262144
1602298017881144	74661888
1602298017881161	6912
1602298017881564	-74661888
1602298017881566	-6912
1602298017881568	-262144
1602298017881590	262144
1602298017881596	262144
1602298017881611	2560
1602298017884673	-2560
1602298017884675	-262144
1602298017884683	-298651648
1602298017886063	-2048
1602298017886248	-2048
1602298017886285	-74663936
1602298017886318	-262144
1602298017886332	74661888
1602298017886332	512
1602298017886333	512
1602298017886333	256
1602298017886355	256
1602298017886575	-74661888
1602298017886579	-74661888
1602298017886579	-512
1602298017886580	-512
1602298017886582	-256
1602298017886582	-256
1602298017886632	-262144
1602298017886642	74661888
1602298017886648	589824
1602298017886671	74663936
1602298017886687	278552576
1602298017886936	-74661888
1602298017886939	-278552576
1602298017886940	-589824
1602298017886964	589824
1602298017886970	589824
1602298017886984	338337792
1602298017889819	-338337792
1602298017889822	-589824
1602298017889829	-74661888
1602298017889879	-512
1602298017889915	-512
1602298017892432	-74661888
1602298017892473	-589824
1602298017892483	74661888
1602298017892483	512
1602298017892484	512
1602298017892484	256
1602298017892510	256
1602298017892584	-74663936
1602298017892586	-74661888
1602298017892587	-512
1602298017892588	-768
1602298017892589	-256
1602298017892589	-256
1602298017893311	-589824
1602298017893321	298647552
1602298017893328	262144
1602298017893353	298647552
1602298017893369	6912
1602298017894222	-298647552
1602298017894224	-6912
1602298017894226	-262144
1602298017894248	262144
1602298017894256	262144
1602298017894269	2560
1602298017898001	-2560
1602298017898003	-262144
1602298017898011	-74661888
1602298017898053	-512
1602298017898088	-512
1602298017898123	-298647552
1602298017900662	-262144
1602298017900697	-298647552
1602298017900736	-262144
1602298017900749	298648064
1602298017900749	2560
1602298017900750	2048
1602298017900751	256
1602298017900771	256
1602298017900969	-298647552
1602298017900970	-2048
1602298017900971	-2048
1602298017900973	-256
1602298017900974	-256
1602298017900993	298647552
1602298017900993	2048
1602298017900994	2048
1602298017900994	256
1602298017901019	256
1602298017901093	-298647552
1602298017901095	-298647552
1602298017901097	-2048
1602298017901098	-2048
1602298017901101	-256
1602298017901101	-256
1602298017901119	597295104
1602298017901125	589824
1602298017901255	597295104
1602298017901358	-597295104
1602298017901361	-589824
1602298017901386	589824
1602298017901393	589824
1602298017901409	2560
1602298017904243	-2560
1602298017904246	-589824
1602298017904253	-298648064
1602298017904796	-2560
1602298017906184	-2048
1602298017906197	74661888
1602298017906204	262144
1602298017906366	74661888
1602298017906381	6912
1602298017906452	-74661888
1602298017906454	-6912
1602298017906455	-262144
1602298017906477	262144
1602298017906483	262144
1602298017906496	2560
1602298017907005	-2560
1602298017907007	-262144
1602298017907015	-298647552
1602298017907054	-2048
1602298017907091	-2048
1602298017907121	-524288
1602298017909918	-74661888
1602298017909956	-262144
1602298017909992	-589824
1602298017910004	74661888
1602298017910005	512
1602298017910005	512
1602298017910006	256
1602298017910027	256
1602298017912595	-74661888
1602298017912598	-74661888
1602298017912599	-512
1602298017912605	-512
1602298017912606	-256
1602298017912607	-256
1602298017912655	-262144
1602298017912665	74670080
1602298017912672	589824
1602298017912700	74661888
1602298017912716	373309440
1602298017913475	-74670080
1602298017913477	-373309440
1602298017913478	-589824
1602298017913502	589824
1602298017913508	589824
1602298017913522	373309440
1602298017914325	-373309440
1602298017914327	-589824
1602298017914334	-74661888
1602298017915479	-512
1602298017915514	-512
1602298017915548	-74661888
1602298017918133	-589824
1602298017918148	74661888
1602298017918149	512
1602298017918150	512
1602298017918150	256
1602298017918174	256
1602298017918248	-74661888
1602298017918250	-111983616
1602298017918252	-512
1602298017918253	-512
1602298017918254	-256
1602298017918255	-256
1602298017918308	-589824
1602298017918318	597295104
1602298017918325	131072
1602298017920770	671965184
1602298017920869	-597295104
1602298017920872	-131072
1602298017920896	131072
1602298017920903	131072
1602298017920923	4096
1602298017921369	-4096
1602298017921371	-131072
1602298017921378	-74661888
1602298017921421	-512
1602298017921458	-512
1602298017921795	-671965184
1602298017921829	-131072
1602298017923539	-597295104
1602298017923842	-131072
1602298017923853	597295104
1602298017923853	1024
1602298017923854	1792
1602298017923855	256
1602298017924355	256
1602298017924965	-597295104
1602298017924968	-1024
1602298017924968	-1024
1602298017924971	-256
1602298017924971	-256
1602298017924995	149323776
1602298017925002	65536
1602298017926297	149323776
1602298017926314	21248
1602298017926536	-149323776
1602298017926538	-21248
1602298017926540	-65536
1602298017926563	65536
1602298017926569	65536
1602298017926583	4096
1602298017927096	-4096
1602298017927098	-65536
1602298017927105	-597295104
1602298017927146	-1024
1602298017927184	-1792
1602298017927216	-149323776
1602298017927254	-65536
1602298017927268	149323776
1602298017927269	256
1602298017927270	256
1602298017927270	256
1602298017930035	256
1602298017930113	-149323776
1602298017930116	-149323776
1602298017930116	-256
1602298017930118	-256
1602298017930119	-256
1602298017930120	-256
1602298017930170	-65536
1602298017930181	149323776
1602298017930186	262144
1602298017930211	149323776
1602298017930227	225099776
1602298017932882	-149323776
1602298017932885	-225099776
1602298017932886	-262144
1602298017932916	262144
1602298017932924	147456
1602298017932941	953843712
1602298017934436	-953843712
1602298017934439	-147456
1602298017934447	-149323776
1602298017934489	-256
1602298017935584	-256
1602298017935622	-149323776
1602298017935661	-147456
1602298017935671	149323776
1602298017935672	256
1602298017935673	256
1602298017935673	256
1602298017938204	256
1602298017938283	-149323776
1602298017938285	-149323776
1602298017938287	-256
1602298017938293	-256
1602298017938294	-256
1602298017938295	-256
1602298017938343	-262144
1602298017938358	597295104
1602298017938365	65536
1602298017938390	597295104
1602298017938406	21248
1602298017940896	-597295104
1602298017940898	-21248
1602298017940900	-65536
1602298017940921	65536
1602298017940928	65536
1602298017940943	4096
1602298017941452	-4096
1602298017941453	-65536
1602298017941461	-149323776
1602298017941501	-256
1602298017941537	-256
1602298017941885	-597295104
1602298017941918	-65536
1602298017943617	-597295104
1602298017943924	-65536
1602298017943933	597295104
1602298017943933	1024
1602298017943934	1792
1602298017943934	256
1602298017944429	256
1602298017945041	-597295104
1602298017945043	-1024
1602298017945043	-1024
1602298017945046	-256
1602298017945046	-256
1602298017945066	149323776
1602298017945072	65536
1602298017946367	149323776
1602298017946383	21248
1602298017946604	-149323776
1602298017946607	-21248
1602298017946608	-65536
1602298017946631	65536
1602298017946637	65536
1602298017946650	4096
1602298017947175	-4096
1602298017947177	-65536
1602298017947184	-597295104
1602298017947223	-1024
1602298017947256	-1792
1602298017947287	-149323776
1602298017947325	-65536
1602298017947335	149323776
1602298017947336	256
1602298017947340	256
1602298017947341	256
1602298017950113	256
1602298017950188	-149323776
1602298017950190	-149323776
1602298017950191	-256
1602298017950192	-256
1602298017950194	-256
1602298017950194	-256
1602298017950240	-65536
1602298017950255	149323776
1602298017950262	147456
1602298017950286	149323776
1602298017950302	225099776
1602298017952963	-149323776
1602298017952965	-225099776
1602298017952967	-147456
1602298017952994	147456
1602298017953003	147456
1602298017953019	953843712
1602298017954512	-953843712
1602298017954514	-147456
1602298017954522	-149323776
1602298017954563	-256
1602298017955672	-256
1602298017955711	-149323776
1602298017956862	-147456
1602298017956877	149323776
1602298017956877	256
1602298017956878	256
1602298017956878	256
1602298017957377	256
1602298017964698	-149323776
1602298017964702	-149323776
1602298017964703	-256
1602298017964704	-256
1602298017964705	-256
1602298017964706	-256
1602298017964759	-147456
1602298017964771	597295104
1602298017964777	65536
1602298017964806	597295104
1602298017964822	21248
1602298017970202	-597295104
1602298017970205	-21248
1602298017970206	-65536
1602298017970230	65536
1602298017970237	65536
1602298017970252	4096
1602298017970360	-4096
1602298017970362	-65536
1602298017970369	-149323776
1602298017972907	-256
1602298017972945	-256
1602298017972975	-597295104
1602298017973009	-65536
1602298017975552	-597295104
1602298017975584	-65536
1602298017975598	597295104
1602298017975599	1792
1602298017975600	1024
1602298017975600	256
1602298017975621	256
1602298017975698	-597295104
1602298017975699	-1024
1602298017975700	-1024
1602298017975701	-256
1602298017975702	-256
1602298017975728	597295104
1602298017975728	1024
1602298017975729	1024
1602298017975730	256
1602298017975754	256
1602298017975878	-597295104
1602298017975881	-597295104
1602298017975882	-1024
1602298017975883	-1024
1602298017975884	-256
1602298017975885	-256
1602298017975907	149323776
1602298017975914	65536
1602298017975942	149323776
1602298017975958	21248
1602298017976200	-149323776
1602298017976202	-21248
1602298017976204	-65536
1602298017976227	65536
1602298017976234	65536
1602298017976248	3072
1602298017978371	-3072
1602298017978374	-65536
1602298017978381	-597295104
1602298017978678	-1792
1602298017979213	-1024
1602298017979222	149323776
1602298017979228	65536
1602298017979745	149323776
1602298017979761	21248
1602298017981353	-149323776
1602298017981356	-21248
1602298017981357	-65536
1602298017981379	65536
1602298017981387	65536
1602298017981402	3072
1602298017981635	-3072
1602298017981637	-65536
1602298017981644	-597295104
1602298017981944	-1024
1602298017981976	-1024
1602298017982014	-65536
1602298017982515	-149323776
1602298017985165	-65536
1602298017985204	-65536
1602298017985214	149323776
1602298017985215	256
1602298017985220	256
1602298017985221	256
1602298017985241	256
1602298017985316	-149323776
1602298017985318	-149323776
1602298017985320	-256
1602298017985321	-256
1602298017985323	-256
1602298017985323	-256
1602298017986686	-65536
1602298017986702	149323776
1602298017986709	147456
1602298017986733	149323776
1602298017986750	225099776
1602298017987006	-149323776
1602298017987008	-225099776
1602298017987009	-147456
1602298017987039	147456
1602298017987048	147456
1602298017987064	953843712
1602298017992329	-953843712
1602298017992332	-147456
1602298017992340	-149323776
1602298017992390	-256
1602298017992426	-256
1602298017995000	-149323776
1602298017995035	-147456
1602298017995049	149323776
1602298017995050	256
1602298017995050	256
1602298017995051	256
1602298017995072	256
1602298017995143	-149323776
1602298017995145	-149323776
1602298017995146	-256
1602298017995147	-256
1602298017995148	-256
1602298017995149	-256
1602298017997767	-147456
1602298017997780	149323776
1602298017997786	16384
1602298017997811	149323776
1602298017997832	21248
1602298017998218	-149323776
1602298017998221	-21248
1602298017998222	-16384
1602298017998243	16384
1602298017998250	16384
1602298017998263	3072
1602298017998841	-3072
1602298017998844	-16384
1602298017998850	-149323776
1602298017999076	-256
1602298018001425	-256
1602298018001935	-149323776
1602298018002437	-16384
1602298018002453	597295104
1602298018004397	-149323776
1602298018004399	-149323776
1602298018004440	-16384
1602298018004480	-597295104
1602298018004490	597295104
1602298018004491	256
1602298018004492	256
1602298018004492	256
1602298018004512	256
1602298018004879	-597295104
1602298018004881	-597295104
1602298018004883	-256
1602298018004887	-256
1602298018004890	-256
1602298018004891	-256
1602298018004908	37632
1602298018004915	37632
1602298018004931	35840
1602298018005486	-35840
1602298018005489	-37632
1602298018005499	-118072832
1602298018005500	-597295104
1602298018005545	-256
1602298018008686	-256
1602298018008727	-37632
1602298018008765	-256
1602298018008766	-37632
