1598953263742430	256
1598953263742562	256
1598953263742661	-256
1598953263742858	256
1598953263742924	256
1598953263742999	-256
1598953263743116	256
1598953263743253	256
1598953263743307	256
1598953263743426	-256
1598953263743443	256
1598953263743525	-256
1598953263743621	256
1598953263743679	256
1598953263743868	-256
1598953263743870	-256
1598953263743871	-256
1598953263743871	-256
1598953263743911	256
1598953263744102	-256
1598953263744134	-256
1598953263744190	-256
1598953263744576	256
1598953263745038	256
1598953263745603	256
1598953263745607	256
1598953263745662	-256
1598953263745682	262144
1598953263745727	256
1598953263745745	9216
1598953263745792	-9216
1598953263745809	2359296
1598953263745845	256
1598953263745853	9216
1598953263745892	-9216
1598953263745907	2359296
1598953263745942	256
1598953263745943	256
1598953263745977	-256
1598953263745991	262144
1598953263746025	256
1598953263746027	256
1598953263746060	-256
1598953263746075	131072
1598953263746128	256
1598953263746130	256
1598953263746171	-256
1598953263746203	262144
1598953263746241	256
1598953263746243	256
1598953263746279	-256
1598953263746294	589824
1598953263746330	256
1598953263746332	256
1598953263746368	-256
1598953263746384	262144
1598953263746421	256
1598953263746423	256
1598953263746458	-256
1598953263746473	589824
1598953263746509	256
1598953263746510	256
1598953263746546	-256
1598953263746560	262144
1598953263746596	256
1598953263746598	256
1598953263746633	-256
1598953263746648	262144
1598953263746683	256
1598953263746685	256
1598953263746721	-256
1598953263746736	589824
1598953263746772	256
1598953263746774	256
1598953263746810	-256
1598953263746824	524288
1598953263746860	256
1598953263746862	256
1598953263746898	-256
1598953263746912	589824
1598953263746948	256
1598953263746950	256
1598953263746986	-256
1598953263747000	262144
1598953263747036	256
1598953263747037	256
1598953263747073	-256
1598953263747088	1048576
1598953263747124	256
1598953263747134	9216
1598953263747179	-9216
1598953263747195	2097152
1598953263747231	256
1598953263747233	256
1598953263747269	-256
1598953263747284	1048576
1598953263747321	256
1598953263747322	256
1598953263747359	-256
1598953263747373	1048576
1598953263747411	256
1598953263747412	256
1598953263747448	-256
1598953263747463	1048576
1598953263747499	256
1598953263747500	256
1598953263747536	-256
1598953263747551	1048576
1598953263747587	256
1598953263747588	256
1598953263747625	-256
1598953263747638	1048576
1598953263747674	256
1598953263747675	256
1598953263747711	-256
1598953263747725	1048576
1598953263747761	256
1598953263747763	256
1598953263747799	-256
1598953263747813	1048576
1598953263747849	256
1598953263747850	256
1598953263747886	-256
1598953263747900	1048576
1598953263747936	256
1598953263747938	256
1598953263747973	-256
1598953263747987	1048576
1598953263748022	256
1598953263748032	9216
1598953263748082	-9216
1598953263748098	2359296
1598953263748134	256
1598953263748135	256
1598953263748171	-256
1598953263748186	1048576
1598953263748222	256
1598953263748231	9216
1598953263748273	-9216
1598953263748288	9437184
1598953263748326	256
1598953263748335	9216
1598953263748377	-9216
1598953263748393	9437184
1598953263748430	256
1598953263748438	9216
1598953263748480	-9216
1598953263748495	2359296
1598953263748536	38535168
1598953263748588	256
1598953263748623	4096
1598953263748656	256
1598953263748657	256
1598953263748693	-256
1598953263748707	524288
1598953263748743	256
1598953263748744	256
1598953263748781	-256
1598953263748795	147456
1598953263748831	256
1598953263748832	256
1598953263748868	-256
1598953263748882	147456
1598953263748917	256
1598953263748918	256
1598953263748954	-256
1598953263748968	65536
1598953263749001	256
1598953263749010	9216
1598953263749052	-9216
1598953263749067	4194304
1598953263749104	256
1598953263749106	256
1598953263749146	-256
1598953263749161	65536
1598953263749193	256
1598953263749195	256
1598953263749240	-256
1598953263749253	65536
1598953263749286	256
1598953263749287	256
1598953263749326	-256
1598953263749341	37632
1598953263749376	256
1598953263749377	256
1598953263749414	-256
1598953263749429	65536
1598953263749463	256
1598953263749464	256
1598953263749501	-256
1598953263749515	65536
1598953263749550	256
1598953263749551	256
1598953263749589	-256
1598953263749603	65536
1598953263749638	256
1598953263749648	9216
1598953263749693	-9216
1598953263749709	8200192
1598953263749746	256
1598953263749748	256
1598953263749787	-256
1598953263749802	147456
1598953263749840	256
1598953263749849	9216
1598953263749896	-9216
1598953263749912	2097152
1598953263749950	256
1598953263749959	9216
1598953263750005	-9216
1598953263750020	4194304
1598953263750058	256
1598953263750067	9216
1598953263750129	-9216
1598953263750148	2359296
1598953263750189	256
1598953263750224	16384
1598953263750271	256
1598953263750280	9216
1598953263750323	-9216
1598953263750338	9437184
1598953263750375	256
1598953263750383	9216
1598953263750427	-9216
1598953263750442	2359296
1598953263750478	256
1598953263750487	9216
1598953263750529	-9216
1598953263750545	8388608
1598953263750581	256
1598953263750589	9216
1598953263750632	-9216
1598953263750646	4194304
1598953263750683	256
1598953263750691	9216
1598953263750734	-9216
1598953263750749	4194304
1598953263750784	256
1598953263750792	9216
1598953263750835	-9216
1598953263750851	4194304
1598953263750896	40627200
1598953263750935	-38535168
1598953263751088	-256
1598953263751089	-256
1598953263751090	-256
1598953263751090	-256
1598953263751091	-256
1598953263751092	-256
1598953263751093	-256
1598953263751093	-256
1598953263751094	-256
1598953263751094	-256
1598953263751095	-256
1598953263751096	-256
1598953263751096	-256
1598953263751097	-256
1598953263751098	-256
1598953263751098	-256
1598953263751099	-256
1598953263751100	-256
1598953263751100	-256
1598953263751101	-256
1598953263751101	-256
1598953263751102	-256
1598953263751102	-256
1598953263751103	-256
1598953263751104	-256
1598953263751104	-256
1598953263751105	-256
1598953263751106	-256
1598953263751106	-256
1598953263751107	-256
1598953263751108	-256
1598953263751108	-256
1598953263751109	-256
1598953263751110	-256
1598953263751110	-256
1598953263751111	-256
1598953263751111	-256
1598953263751112	-256
1598953263751112	-256
1598953263751113	-256
1598953263751114	-256
1598953263751114	-256
1598953263751115	-256
1598953263751116	-256
1598953263751116	-256
1598953263751117	-256
1598953263751118	-256
1598953263751118	-256
1598953263751119	-256
1598953263751120	-256
1598953263751121	-256
1598953263751121	-256
1598953263751122	-256
1598953263751123	-256
1598953263751148	205520896
1598953263751158	37632
1598953263751228	75520
1598953263751313	-75520
1598953263751317	-37632
1598953263751404	205520896
1598953263751405	256
1598953263751405	256
1598953263751406	256
1598953263751407	256
1598953263751664	51380224
1598953263751809	51380224
1598953263751814	16384
1598953263751856	18944
1598953263751915	-18944
1598953263751918	-16384
1598953263751947	205520896
1598953263751952	65536
1598953263751994	18944
1598953263752051	-18944
1598953263752054	-65536
1598953263752152	-256
1598953263752185	-256
1598953263752197	51380224
1598953263752198	256
1598953263752199	256
1598953263752199	256
1598953263752200	256
1598953263752307	205520896
1598953263752309	1024
1598953263752309	1024
1598953263752310	1024
1598953263752311	1024
1598953263752575	51380224
1598953263752580	147456
1598953263752622	89178112
1598953263752928	-89178112
1598953263752931	-147456
1598953263753121	51380224
1598953263753122	256
1598953263753123	256
1598953263753123	256
1598953263753124	256
1598953263753254	-256
1598953263753301	-256
1598953263753332	-1024
1598953263753362	-1024
1598953263753474	205520896
1598953263753480	65536
1598953263753521	18944
1598953263753581	-18944
1598953263753584	-65536
1598953263753705	205520896
1598953263753706	1024
1598953263753707	1024
1598953263753708	1024
1598953263753709	1024
1598953263753838	-256
1598953263753872	-256
1598953263753911	-205520896
1598953263754083	51380224
1598953263754089	65536
1598953263754151	18944
1598953263754217	-18944
1598953263754220	-65536
1598953263754296	-1024
1598953263754327	-1024
1598953263754341	51380224
1598953263754342	256
1598953263754343	256
1598953263754344	256
1598953263754344	256
1598953263754553	51380224
1598953263754559	147456
1598953263754600	89178112
1598953263754869	-89178112
1598953263754871	-147456
1598953263754997	51380224
1598953263754998	256
1598953263754999	256
1598953263754999	256
1598953263755000	256
1598953263755128	-256
1598953263755162	-256
1598953263755275	205520896
1598953263755281	65536
1598953263755321	18944
1598953263755378	-18944
1598953263755381	-65536
1598953263755501	205520896
1598953263755502	1024
1598953263755503	1024
1598953263755504	1024
1598953263755505	1024
1598953263755631	-256
1598953263755664	-256
1598953263755871	51380224
1598953263755877	65536
1598953263755918	18944
1598953263755975	-18944
1598953263755977	-65536
1598953263756049	-1024
1598953263756080	-1024
1598953263756094	51380224
1598953263756094	256
1598953263756095	256
1598953263756096	256
1598953263756097	256
1598953263756302	51380224
1598953263756307	147456
1598953263756348	89178112
1598953263756619	-89178112
1598953263756622	-147456
1598953263756746	51380224
1598953263756747	256
1598953263756748	256
1598953263756749	256
1598953263756749	256
1598953263756875	-256
1598953263756908	-256
1598953263757018	205520896
1598953263757024	65536
1598953263757063	18944
1598953263757122	-18944
1598953263757124	-65536
1598953263757244	205520896
1598953263757245	1024
1598953263757246	1024
1598953263757247	1024
1598953263757248	1024
1598953263757374	-256
1598953263757405	-256
1598953263757624	102760448
1598953263757630	524288
1598953263757671	4864
1598953263757729	-4864
1598953263757732	-524288
1598953263757787	38525184
1598953263757793	131072
1598953263757834	4864
1598953263757888	-4864
1598953263757890	-131072
1598953263757941	-1024
1598953263757972	-1024
1598953263757985	102760448
1598953263757986	2048
1598953263757987	2048
1598953263757988	2048
1598953263757988	2048
1598953263758087	25690112
1598953263758088	512
1598953263758089	512
1598953263758090	512
1598953263758091	512
1598953263758455	25690112
1598953263758460	589824
1598953263758496	117964800
1598953263758591	-117964800
1598953263758594	-589824
1598953263758718	-2048
1598953263758745	-2048
1598953263758755	25690112
1598953263758756	512
1598953263758757	512
1598953263758758	512
1598953263758758	512
1598953263758871	-512
1598953263758899	-512
1598953263758995	102760448
1598953263759000	262144
1598953263759035	4864
1598953263759085	-4864
1598953263759087	-262144
1598953263759193	102760448
1598953263759194	2048
1598953263759195	2048
1598953263759196	2048
1598953263759197	2048
1598953263759307	-512
1598953263759336	-512
1598953263759366	-102760448
1598953263759522	25690112
1598953263759526	262144
1598953263759562	4864
1598953263759612	-4864
1598953263759614	-262144
1598953263759679	-2048
1598953263759707	-2048
1598953263759718	25690112
1598953263759719	512
1598953263759719	512
1598953263759720	512
1598953263759720	512
1598953263759899	25690112
1598953263759904	589824
1598953263759939	117964800
1598953263760016	-117964800
1598953263760018	-589824
1598953263760121	25692160
1598953263760122	512
1598953263760123	512
1598953263760124	512
1598953263760124	512
1598953263760233	-512
1598953263760262	-512
1598953263760359	102760448
1598953263760363	262144
1598953263760398	4864
1598953263760447	-4864
1598953263760449	-262144
1598953263760554	102760448
1598953263760554	2048
1598953263760555	2048
1598953263760556	2048
1598953263760557	2048
1598953263760665	-512
1598953263760693	-512
1598953263760873	25690112
1598953263760878	262144
1598953263760914	4864
1598953263760962	-4864
1598953263760964	-262144
1598953263761028	-2048
1598953263761055	-2048
1598953263761067	25690112
1598953263761068	512
1598953263761069	512
1598953263761069	512
1598953263761070	512
1598953263761247	25690112
1598953263761252	589824
1598953263761287	117964800
1598953263761363	-117964800
1598953263761365	-589824
1598953263761469	25690112
1598953263761470	512
1598953263761470	512
1598953263761471	512
1598953263761472	512
1598953263761581	-512
1598953263761608	-512
1598953263761702	102760448
1598953263761707	262144
1598953263761741	4864
1598953263761789	-4864
1598953263761791	-262144
1598953263761893	102760448
1598953263761894	2048
1598953263761895	2048
1598953263761896	2048
1598953263761897	2048
1598953263762007	-512
1598953263762035	-512
1598953263762232	25690112
1598953263762236	262144
1598953263762271	4864
1598953263762320	-4864
1598953263762322	-262144
1598953263762392	-2048
1598953263762419	-2048
1598953263762430	25690112
1598953263762431	512
1598953263762431	512
1598953263762432	512
1598953263762432	512
1598953263762633	25690112
1598953263762638	589824
1598953263762672	117964800
1598953263762747	-117964800
1598953263762750	-589824
1598953263762853	25690112
1598953263762854	512
1598953263762855	512
1598953263762856	512
1598953263762857	512
1598953263762965	-512
1598953263762992	-512
1598953263763089	102760448
1598953263763094	262144
1598953263763128	4864
1598953263763176	-4864
1598953263763178	-262144
1598953263763281	102760448
1598953263763281	2048
1598953263763282	2048
1598953263763283	2048
1598953263763284	2048
1598953263763394	-512
1598953263763421	-512
1598953263763598	51380224
1598953263763602	2097152
1598953263763638	1280
1598953263763686	-1280
1598953263763688	-2097152
1598953263763736	12845056
1598953263763741	524288
1598953263763777	1280
1598953263763823	-1280
1598953263763825	-524288
1598953263763878	-2048
1598953263763905	-2048
1598953263763916	51380224
1598953263763917	4096
1598953263763918	4096
1598953263763919	4096
1598953263763920	4096
1598953263763996	12845056
1598953263763997	1024
1598953263763997	1024
1598953263763998	1024
1598953263763999	1024
1598953263764271	12845056
1598953263764276	2359296
1598953263764311	84934656
1598953263764387	-84934656
1598953263764389	-2359296
1598953263764508	-4096
1598953263764536	-4096
1598953263764547	12845056
1598953263764548	1024
1598953263764549	1024
1598953263764549	1024
1598953263764550	1024
1598953263764647	-1024
1598953263764674	-1024
1598953263764770	51380224
1598953263764775	1048576
1598953263764809	1280
1598953263764858	-1280
1598953263764861	-1048576
1598953263764965	51380224
1598953263764965	6144
1598953263764966	4096
1598953263764967	4096
1598953263764968	4096
1598953263765063	-1024
1598953263765091	-1024
1598953263765122	-51380224
1598953263765280	12845056
1598953263765284	1048576
1598953263765319	2048
1598953263765367	-2048
1598953263765369	-1048576
1598953263765434	-6144
1598953263765460	-4096
1598953263765471	12845056
1598953263765472	1024
1598953263765473	1024
1598953263765473	1024
1598953263765474	1024
1598953263765635	12845056
1598953263765639	2359296
1598953263765673	84934656
1598953263765749	-84934656
1598953263765751	-2359296
1598953263765854	12849152
1598953263765855	1024
1598953263765855	1024
1598953263765856	1024
1598953263765857	1024
1598953263765952	-1024
1598953263765980	-1024
1598953263766080	51380224
1598953263766085	1048576
1598953263766135	2048
1598953263766185	-2048
1598953263766187	-1048576
1598953263766293	51380224
1598953263766294	4096
1598953263766295	4096
1598953263766296	4096
1598953263766296	4096
1598953263766395	-1024
1598953263766423	-1024
1598953263766594	12845056
1598953263766598	1048576
1598953263766633	2048
1598953263766680	-2048
1598953263766682	-1048576
1598953263766746	-4096
1598953263766772	-4096
1598953263766783	12845056
1598953263766784	1024
1598953263766784	1024
1598953263766785	1024
1598953263766786	1024
1598953263766948	12845056
1598953263766953	2359296
1598953263766987	84934656
1598953263767061	-84934656
1598953263767063	-2359296
1598953263767163	12845056
1598953263767164	1024
1598953263767165	1024
1598953263767165	1024
1598953263767166	1024
1598953263767262	-1024
1598953263767289	-1024
1598953263767384	51380224
1598953263767388	1048576
1598953263767422	1280
1598953263767471	-1280
1598953263767473	-1048576
1598953263767576	51380224
1598953263767576	6144
1598953263767577	4096
1598953263767578	4096
1598953263767579	4096
1598953263767675	-1024
1598953263767703	-1024
1598953263767879	12845056
1598953263767883	1048576
1598953263767918	2048
1598953263767966	-2048
1598953263767968	-1048576
1598953263768032	-6144
1598953263768059	-4096
1598953263768070	12845056
1598953263768071	1024
1598953263768071	1024
1598953263768072	1024
1598953263768073	1024
1598953263768238	12845056
1598953263768242	2359296
1598953263768277	84934656
1598953263768353	-84934656
1598953263768355	-2359296
1598953263768456	12845056
1598953263768458	1024
1598953263768458	1024
1598953263768459	1024
1598953263768459	1024
1598953263768555	-1024
1598953263768583	-1024
1598953263768678	51380224
1598953263768682	1048576
1598953263768716	1280
1598953263768765	-1280
1598953263768767	-1048576
1598953263768868	51380224
1598953263768869	6144
1598953263768870	4096
1598953263768871	4096
1598953263768872	4096
1598953263768967	-1024
1598953263768995	-1024
1598953263769170	12845056
1598953263769175	1048576
1598953263769208	2048
1598953263769256	-2048
1598953263769258	-1048576
1598953263769322	-6144
1598953263769348	-4096
1598953263769359	12845056
1598953263769359	1024
1598953263769360	1024
1598953263769361	1024
1598953263769362	1024
1598953263769526	12845056
1598953263769530	2359296
1598953263769565	84934656
1598953263769639	-84934656
1598953263769641	-2359296
1598953263770185	12845056
1598953263770186	1024
1598953263770187	1024
1598953263770188	1024
1598953263770189	1024
1598953263771243	-1024
1598953263771271	-1024
1598953263772472	51380224
1598953263772476	1048576
1598953263773245	1280
1598953263773294	-1280
1598953263773296	-1048576
1598953263773400	51380224
1598953263773401	6144
1598953263773402	4096
1598953263773403	4096
1598953263773404	4096
1598953263774226	-1024
1598953263774257	-1024
1598953263776072	12845056
1598953263776076	1048576
1598953263776111	2048
1598953263776419	-2048
1598953263776421	-1048576
1598953263776618	-6144
1598953263776644	-4096
1598953263776655	12845056
1598953263776656	1024
1598953263776656	1024
1598953263776657	1024
1598953263776658	1024
1598953263776820	12845056
1598953263776824	2359296
1598953263777746	84934656
1598953263779993	-84934656
1598953263779996	-2359296
1598953263780103	12845056
1598953263780104	1024
1598953263780105	1024
1598953263780106	1024
1598953263780106	1024
1598953263780832	-1024
1598953263780860	-1024
1598953263780975	51380224
1598953263780979	1048576
1598953263782628	1280
1598953263782676	-1280
1598953263782679	-1048576
1598953263783160	51380224
1598953263783161	6144
1598953263783162	4096
1598953263783162	4096
1598953263783163	4096
1598953263783922	-1024
1598953263783947	-1024
1598953263784173	6422528
1598953263784178	2097152
1598953263784288	512
1598953263784810	-512
1598953263784812	-2097152
1598953263784844	25690112
1598953263784847	8388608
1598953263785043	512
1598953263785088	-512
1598953263785091	-8388608
1598953263785135	-6144
1598953263785245	-4096
1598953263785255	6422528
1598953263785256	2048
1598953263785257	2048
1598953263785257	2048
1598953263785257	2048
1598953263785330	25690112
1598953263785331	8192
1598953263785332	8192
1598953263785333	8192
1598953263785334	8192
1598953263785533	6422528
1598953263785538	9437184
1598953263786368	75497472
1598953263786979	-75497472
1598953263786982	-9437184
1598953263787987	6422528
1598953263787988	2048
1598953263787989	2048
1598953263787989	2048
1598953263787991	2048
1598953263788084	-2048
1598953263788110	-2048
1598953263788135	-8192
1598953263788934	-8192
1598953263789240	25690112
1598953263789244	4194304
1598953263789277	512
1598953263789324	-512
1598953263789327	-4194304
1598953263789512	25690112
1598953263789513	8192
1598953263789513	8192
1598953263789514	8192
1598953263789514	8192
1598953263790197	-2048
1598953263790228	-2048
1598953263790386	-25690112
1598953263790583	6422528
1598953263790587	4194304
1598953263790620	512
1598953263791496	-512
1598953263791498	-4194304
1598953263791566	-8192
1598953263792090	-8192
1598953263792101	6422528
1598953263792102	2048
1598953263792102	2048
1598953263792103	2048
1598953263792104	2048
1598953263792722	6422528
1598953263792726	9437184
1598953263792758	75497472
1598953263793153	-75497472
1598953263793155	-9437184
1598953263794081	6422528
1598953263794082	2048
1598953263794083	2048
1598953263794083	2048
1598953263794084	2048
1598953263794257	-2048
1598953263794370	-2048
1598953263794459	25690112
1598953263794464	4194304
1598953263794617	512
1598953263795129	-512
1598953263795131	-4194304
1598953263795378	25690112
1598953263795379	8192
1598953263795380	8192
1598953263795380	8192
1598953263795381	8192
1598953263795565	-2048
1598953263795592	-2048
1598953263796636	6422528
1598953263796640	4194304
1598953263796673	512
1598953263797234	-512
1598953263797237	-4194304
1598953263797808	-8192
1598953263797834	-8192
1598953263797844	6422528
1598953263797845	2048
1598953263797845	2048
1598953263797846	2048
1598953263797846	2048
1598953263798285	6422528
1598953263798289	9437184
1598953263798322	75497472
1598953263799214	-75497472
1598953263799216	-9437184
1598953263799511	6422528
1598953263799512	2048
1598953263799513	2048
1598953263799514	2048
1598953263799515	2048
1598953263799605	-2048
1598953263799630	-2048
1598953263800250	25690112
1598953263800254	4194304
1598953263800459	512
1598953263800642	-512
1598953263800645	-4194304
1598953263800768	25690112
1598953263800769	8192
1598953263800770	8192
1598953263800771	8192
1598953263800772	8192
1598953263800859	-2048
1598953263800885	-2048
1598953263802919	-8192
1598953263802944	-8192
1598953263802956	524288
1598953263803018	256256
1598953263803382	256
1598953263803383	256
1598953263805515	-256
1598953263805521	-256
1598953263805576	256
1598953263805790	-256
1598953263805800	4096
1598953263805876	524288
1598953263805918	8200192
1598953263805945	-524288
1598953263805946	-256256
1598953263806014	-4096
1598953263806049	-8200192
1598953263806081	-256
1598953263806129	-4096
1598953263806140	25690112
1598953263806169	-524288
1598953263806202	-8200192
1598953263806751	-25690112
1598953263806770	25698304
1598953263806771	8192
1598953263806771	8192
1598953263806772	256
1598953263806860	256
1598953263806926	-25690112
1598953263806927	-8192
1598953263806928	-8192
1598953263806930	-256
1598953263806930	-256
1598953263807010	8192512
1598953263807019	4194304
1598953263807044	6422528
1598953263807063	4096
1598953263807133	-8192512
1598953263807136	-4096
1598953263807137	-4194304
1598953263807161	8192512
1598953263807169	4194304
1598953263807188	4096
1598953263807301	-4096
1598953263807303	-4194304
1598953263807311	-25698304
1598953263807350	-8192
1598953263807937	-8192
1598953263807967	-6422528
1598953263807994	-4194304
1598953263808004	6422528
1598953263808005	2048
1598953263808006	2048
1598953263808006	256
1598953263808224	256
1598953263808279	-6422528
1598953263808280	-6422528
1598953263808280	-2048
1598953263808282	-2048
1598953263808284	-256
1598953263808284	-256
1598953263808527	-8192512
1598953263808537	6422528
1598953263808543	9437184
1598953263808565	8200704
1598953263808579	75497472
1598953263808766	-6422528
1598953263808768	-75497472
1598953263808769	-9437184
1598953263808792	9437184
1598953263808798	9437184
1598953263808813	75497472
1598953263809746	-75497472
1598953263809748	-9437184
1598953263809754	-6422528
1598953263809803	-2048
1598953263809832	-2048
1598953263809861	-6422528
1598953263809889	-9437184
1598953263809898	9437696
1598953263809899	2048
1598953263809900	2048
1598953263809901	256
1598953263809950	256
1598953263810615	-8200704
1598953263810616	-6422528
1598953263810617	-2048
1598953263810617	-2048
1598953263810619	-256
1598953263810619	-256
1598953263810718	-9437184
1598953263810728	25690112
1598953263810733	4194816
1598953263810754	25690112
1598953263810768	4096
1598953263810831	-25690112
1598953263810833	-4096
1598953263810834	-4194816
1598953263810854	4194816
1598953263810860	8200704
1598953263810873	4096
1598953263810974	-4096
1598953263810976	-8200704
1598953263810983	-9437696
1598953263811020	-2048
1598953263811780	-2048
1598953263811808	-25690112
1598953263811835	-4194304
1598953263812052	-25690112
1598953263812081	-4194816
1598953263812090	25698304
1598953263812090	8192
1598953263812091	8192
1598953263812092	256
1598953263812109	256
1598953263812384	-25690112
1598953263812385	-8192
1598953263812385	-8192
1598953263812387	-256
1598953263812388	-256
1598953263812402	8200704
1598953263812407	4194816
1598953263812430	9437696
1598953263812442	4096
1598953263812593	-8200704
1598953263812595	-4096
1598953263812595	-4194816
1598953263812615	4194816
1598953263812621	8200704
1598953263812633	4096
1598953263813517	-4096
1598953263813519	-8200704
1598953263813525	-25698304
1598953263813587	-8192
1598953263813638	-8192
1598953263813667	-6422528
1598953263813694	-4194304
1598953263813704	6422528
1598953263813705	2048
1598953263813706	2048
1598953263813706	256
1598953263813723	256
1598953263813824	-9437696
1598953263813825	-6422528
1598953263813826	-2048
1598953263813828	-2048
1598953263813829	-256
1598953263813830	-256
1598953263814447	-4194816
1598953263814458	6422528
1598953263814463	9437696
1598953263814554	8200704
1598953263814567	138004736
1598953263814677	-6422528
1598953263814679	-138004736
1598953263814679	-9437696
1598953263814702	9437696
1598953263814708	9437184
1598953263814721	128567552
1598953263814806	-128567552
1598953263814807	-9437184
1598953263814814	-6422528
1598953263814852	-2048
1598953263815630	-2048
1598953263815658	-6422528
1598953263815894	-9437184
1598953263815904	9437696
1598953263815905	2048
1598953263815905	2048
1598953263815906	256
1598953263815923	256
1598953263816197	-8200704
1598953263816198	-6422528
1598953263816199	-2048
1598953263816200	-2048
1598953263816201	-256
1598953263816202	-256
1598953263816241	-9437696
1598953263816250	25690112
1598953263816254	4194560
1598953263816274	25690112
1598953263816287	4096
1598953263816434	-25690112
1598953263816436	-4096
1598953263816437	-4194560
1598953263816457	4194560
1598953263816463	4194816
1598953263816475	4096
1598953263817355	-4096
1598953263817357	-4194816
1598953263817364	-9437696
1598953263817424	-2048
1598953263817475	-2048
1598953263817501	-25690112
1598953263817525	-4194304
1598953263817553	-25690112
1598953263817627	-4194560
1598953263817635	25690112
1598953263817636	8192
1598953263817637	8192
1598953263817638	256
1598953263817655	256
1598953263818398	-25690112
1598953263818399	-8192
1598953263818401	-8192
1598953263818402	-256
1598953263818403	-256
1598953263818419	25690112
1598953263818420	8192
1598953263818421	8192
1598953263818421	256
1598953263818441	256
1598953263818496	-25690112
1598953263818497	-25690112
1598953263818498	-8192
1598953263818498	-8192
1598953263818499	-256
1598953263818500	-256
1598953263818515	51380224
1598953263818520	9437696
1598953263818542	51380224
1598953263818644	-51380224
1598953263818646	-9437696
1598953263818669	9437696
1598953263818675	9437696
1598953263818688	4096
1598953263819451	-4096
1598953263819452	-9437696
1598953263819459	-25690112
1598953263819498	-8192
1598953263819523	-8192
1598953263819531	8200704
1598953263819536	4194816
1598953263819736	9437696
1598953263819748	4096
1598953263820034	-8200704
1598953263820036	-4096
1598953263820036	-4194816
1598953263820056	4194816
1598953263820062	4194816
1598953263820074	4096
1598953263820271	-4096
1598953263820273	-4194816
1598953263820280	-25690112
1598953263820314	-8192
1598953263820382	-8192
1598953263821171	-8388608
1598953263821202	-6422528
1598953263821228	-4194304
1598953263821274	-9437696
1598953263821283	6422528
1598953263821284	2048
1598953263821285	2048
1598953263821286	256
1598953263821323	256
1598953263821376	-9437696
1598953263821377	-6422528
1598953263821378	-2048
1598953263821379	-2048
1598953263821380	-256
1598953263821381	-256
1598953263821415	-4194816
1598953263821432	8200704
1598953263821437	9437696
1598953263821476	9437696
1598953263821489	102764544
1598953263822253	-8200704
1598953263822255	-102764544
1598953263822256	-9437696
1598953263822279	9437696
1598953263822286	9437184
1598953263822304	102764544
1598953263822399	-102764544
1598953263822400	-9437184
1598953263822408	-6422528
1598953263822444	-2048
1598953263822475	-2048
1598953263822504	-6422528
1598953263822530	-9437184
1598953263822543	8200704
1598953263822544	2048
1598953263822544	2048
1598953263822545	256
1598953263823344	256
1598953263823586	-9437696
1598953263823587	-6422528
1598953263823588	-2048
1598953263823589	-2048
1598953263823590	-256
1598953263823591	-256
1598953263823627	-9437696
1598953263823637	51380224
1598953263823642	2097152
1598953263823662	51380224
1598953263823920	-51380224
1598953263823921	-2097152
1598953263823945	2097152
1598953263823951	2097664
1598953263823965	4352
1598953263824125	-4352
1598953263824127	-2097664
1598953263824134	-8200704
1598953263824168	-2048
1598953263824193	-2048
1598953263825027	-51380224
1598953263825051	-2097152
1598953263825108	-51380224
1598953263825161	-2097152
1598953263825169	51384320
1598953263825170	4352
1598953263825170	6144
1598953263825171	256
1598953263825188	256
1598953263825253	-51380224
1598953263825254	-4096
1598953263825254	-4096
1598953263825256	-256
1598953263825257	-256
1598953263825272	18875136
1598953263825277	1048576
1598953263825300	20972544
1598953263825313	3584
1598953263825975	-18875136
1598953263825977	-3584
1598953263825978	-1048576
1598953263825999	1048576
1598953263826004	1048576
1598953263826018	2560
1598953263826221	-2560
1598953263826224	-1048576
1598953263826231	-51384320
1598953263826269	-4352
1598953263826300	-6144
1598953263826329	-12845056
1598953263826359	-1048576
1598953263826368	18875136
1598953263826369	1024
1598953263826369	1024
1598953263826370	256
1598953263826387	256
1598953263826452	-20972544
1598953263826453	-12845056
1598953263826454	-1024
1598953263826455	-1024
1598953263826456	-256
1598953263826457	-256
1598953263827203	-1048576
1598953263827212	20972544
1598953263827217	4194816
1598953263827239	12845056
1598953263827258	295485440
1598953263827506	-20972544
1598953263827508	-295485440
1598953263827509	-4194816
1598953263827535	4194816
1598953263827542	2359296
1598953263827556	84934656
1598953263828032	-84934656
1598953263828035	-2359296
1598953263828041	-18875136
1598953263828083	-1024
1598953263828108	-1024
1598953263828138	-12845056
1598953263828167	-2359296
1598953263828177	12845056
1598953263828177	1024
1598953263828178	1024
1598953263828179	256
1598953263828569	256
1598953263828717	-12845056
1598953263828718	-12845056
1598953263828719	-1024
1598953263828719	-1024
1598953263828721	-256
1598953263828721	-256
1598953263828761	-4194816
1598953263828774	51380224
1598953263828779	1049088
1598953263830469	51380224
1598953263830483	4352
1598953263830712	-51380224
1598953263830714	-4352
1598953263830715	-1049088
1598953263830737	1049088
1598953263830744	1048576
1598953263830757	3072
1598953263830861	-3072
1598953263830863	-1048576
1598953263830870	-12845056
1598953263830907	-1024
1598953263830939	-1024
1598953263831007	-51380224
1598953263831114	-1048576
1598953263831738	-51380224
1598953263831823	-1049088
1598953263831835	51384320
1598953263831836	4352
1598953263831837	6144
1598953263831837	256
1598953263831855	256
1598953263831919	-51380224
1598953263831920	-4096
1598953263831921	-4096
1598953263831923	-256
1598953263831923	-256
1598953263831939	20972544
1598953263831944	1048832
1598953263831967	21235456
1598953263831986	3584
1598953263832047	-20972544
1598953263832049	-3584
1598953263832050	-1048832
1598953263832070	1048832
1598953263832076	1049088
1598953263832089	2560
1598953263832189	-2560
1598953263832192	-1049088
1598953263832198	-51384320
1598953263832234	-4352
1598953263832265	-6144
1598953263832295	-12845056
1598953263833020	-1048576
1598953263833029	20972544
1598953263833030	1024
1598953263833031	1024
1598953263833031	256
1598953263833049	256
1598953263833246	-21235456
1598953263833247	-12845056
1598953263833248	-1024
1598953263833249	-1024
1598953263833250	-256
1598953263833251	-256
1598953263833296	-1048832
1598953263833304	21235456
1598953263833309	4194816
1598953263833329	12845056
1598953263833348	191102976
1598953263833421	-21235456
1598953263833423	-191102976
1598953263833424	-4194816
1598953263833452	4194816
1598953263833458	2359296
1598953263833472	84934656
1598953263833592	-84934656
1598953263833595	-2359296
1598953263833601	-20972544
1598953263834478	-1024
1598953263834508	-1024
1598953263834538	-12845056
1598953263834567	-2359296
1598953263834577	12845056
1598953263834577	1024
1598953263834578	1024
1598953263834579	256
1598953263834599	256
1598953263834664	-12845056
1598953263834665	-12845056
1598953263834666	-1024
1598953263834666	-1024
1598953263834667	-256
1598953263834668	-256
1598953263834707	-4194816
1598953263834720	51380224
1598953263834725	1048832
1598953263834746	51380224
1598953263834759	4352
1598953263835605	-51380224
1598953263835607	-4352
1598953263835608	-1048832
1598953263835629	1048832
1598953263835635	1048576
1598953263835648	3072
1598953263835793	-3072
1598953263835795	-1048576
1598953263835802	-12845056
1598953263835838	-1024
1598953263835868	-1024
1598953263835893	-51380224
1598953263835922	-1048576
1598953263835952	-51380224
1598953263835978	-1048832
1598953263835990	51384320
1598953263835991	4352
1598953263835991	6144
1598953263835992	256
1598953263836854	256
1598953263836919	-51380224
1598953263836920	-4096
1598953263836921	-4096
1598953263836923	-256
1598953263836923	-256
1598953263836938	21235456
1598953263836943	1048832
1598953263836968	12845056
1598953263836986	3584
1598953263837088	-21235456
1598953263837090	-3584
1598953263837091	-1048832
1598953263837112	1048832
1598953263837118	1049088
1598953263837131	2560
1598953263837361	-2560
1598953263837364	-1049088
1598953263837370	-51384320
1598953263837406	-4352
1598953263837436	-6144
1598953263837465	-12845056
1598953263838333	-1048576
1598953263838345	19924480
1598953263838345	1024
1598953263838346	1024
1598953263838347	256
1598953263838365	256
1598953263838431	-12845056
1598953263838432	-12845056
1598953263838433	-1024
1598953263838434	-1024
1598953263838435	-256
1598953263838435	-256
1598953263838481	-1048832
1598953263838490	12845056
1598953263838495	4194816
1598953263838514	21235456
1598953263838532	191102976
1598953263838609	-12845056
1598953263838611	-191102976
1598953263838613	-4194816
1598953263838635	4194816
1598953263838641	4195584
1598953263838654	84934656
1598953263839513	-84934656
1598953263839515	-4195584
1598953263839522	-19924480
1598953263839574	-1024
1598953263839600	-1024
1598953263839630	-12845056
1598953263839659	-2359296
1598953263839669	12845056
1598953263839670	1024
1598953263839670	1024
1598953263839671	256
1598953263839690	256
1598953263839754	-21235456
1598953263839755	-12845056
1598953263839756	-1024
1598953263839757	-1024
1598953263839758	-256
1598953263839759	-256
1598953263839797	-4194816
1598953263839809	51380224
1598953263839814	1048832
1598953263839834	51380224
1598953263839847	4352
1598953263840676	-51380224
1598953263840678	-4352
1598953263840679	-1048832
1598953263840699	1048832
1598953263840705	1048576
1598953263840719	3072
1598953263840893	-3072
1598953263840895	-1048576
1598953263840902	-12845056
1598953263841028	-1024
1598953263841059	-1024
1598953263841085	-51380224
1598953263841156	-1048576
1598953263841187	-51380224
1598953263841212	-1048832
1598953263841224	51384320
1598953263841224	4352
1598953263841225	6144
1598953263841225	256
1598953263841311	256
1598953263841462	-51380224
1598953263841463	-4096
1598953263841464	-4096
1598953263841466	-256
1598953263841466	-256
1598953263841481	21235456
1598953263841486	1048832
1598953263841511	12845056
1598953263841529	3584
1598953263841589	-21235456
1598953263841591	-3584
1598953263841592	-1048832
1598953263841612	1048832
1598953263841618	1049088
1598953263841631	2560
1598953263841727	-2560
1598953263841730	-1049088
1598953263841736	-51384320
1598953263841772	-4352
1598953263841802	-6144
1598953263841831	-12845056
1598953263841859	-1048576
1598953263841868	19924480
1598953263841869	1024
1598953263841870	1024
1598953263841870	256
1598953263841887	256
1598953263841951	-12845056
1598953263841952	-12845056
1598953263841953	-1024
1598953263841954	-1024
1598953263841955	-256
1598953263841956	-256
1598953263841997	-1048832
1598953263842006	12845056
1598953263842011	4194816
1598953263842031	22284288
1598953263842048	191102976
1598953263842247	-12845056
1598953263842249	-191102976
1598953263842250	-4194816
1598953263842273	4194816
1598953263842279	4195584
1598953263842304	84934656
1598953263842601	-84934656
1598953263842603	-4195584
1598953263842609	-19924480
1598953263842812	-1024
1598953263842866	-1024
1598953263842897	-12845056
1598953263842902	-256
1598953263842928	-2359296
1598953263842938	12845056
1598953263842938	1024
1598953263842939	1024
1598953263842940	256
1598953263843827	256
1598953263843896	-22284288
1598953263843898	-12845056
1598953263843898	-1024
1598953263843902	-1024
1598953263843904	-256
1598953263843904	-256
1598953263843945	-4194816
1598953263843957	51380224
1598953263843962	1048832
1598953263843982	51380224
1598953263843995	4352
1598953263845013	-51380224
1598953263845015	-4352
1598953263845015	-1048832
1598953263845036	1048832
1598953263845042	1049088
1598953263845055	4352
1598953263845157	-4352
1598953263845158	-1049088
1598953263845165	-12845056
1598953263845201	-1024
1598953263845231	-1024
1598953263845354	-51380224
1598953263845458	-1048576
1598953263845566	-51380224
1598953263846189	-1048832
1598953263846204	51388416
1598953263846204	4352
1598953263846205	4096
1598953263846206	256
1598953263846276	256
1598953263846409	-51380224
1598953263846410	-4096
1598953263846411	-4096
1598953263846413	-256
1598953263846413	-256
1598953263846431	12845056
1598953263846436	1048576
1598953263846460	15994112
1598953263846477	3584
1598953263847451	-12845056
1598953263847453	-3584
1598953263847455	-1048576
1598953263847476	1048576
1598953263847482	1049344
1598953263847496	2560
1598953263847596	-2560
1598953263847599	-1049344
1598953263847605	-51388416
1598953263847641	-4352
1598953263847672	-4096
1598953263847701	-12849152
1598953263847742	-1048576
1598953263847754	12849152
1598953263847755	1024
1598953263847756	1024
1598953263847756	256
1598953263847800	256
1598953263847864	-15994112
1598953263847866	-12845056
1598953263847866	-1024
1598953263847867	-1024
1598953263847869	-256
1598953263847869	-256
1598953263847913	-1048576
1598953263847922	12845056
1598953263847927	4194816
1598953263848853	12845056
1598953263848866	191102976
1598953263849971	-12845056
1598953263849973	-191102976
1598953263849974	-4194816
1598953263850002	4194816
1598953263850009	2359296
1598953263850022	84934656
1598953263850231	-84934656
1598953263850233	-2359296
1598953263850241	-12849152
1598953263850388	-1024
1598953263850420	-1024
1598953263850451	-12845056
1598953263850480	-2359296
1598953263850489	19140608
1598953263850490	1024
1598953263850491	1024
1598953263850491	256
1598953263850651	256
1598953263850754	-12845056
1598953263850755	-12845056
1598953263850756	-1024
1598953263850760	-1024
1598953263850761	-256
1598953263850761	-256
1598953263850801	-4194816
1598953263850815	51384320
1598953263850820	1048832
1598953263850841	51380224
1598953263850854	6144
1598953263851710	-51384320
1598953263851712	-6144
1598953263851712	-1048832
1598953263851733	1048832
1598953263851739	1048576
1598953263851752	3328
1598953263852867	-3328
1598953263852869	-1048576
1598953263852877	-19140608
1598953263852914	-1024
1598953263852943	-1024
1598953263852970	-51380224
1598953263852997	-1048576
1598953263853027	-51380224
1598953263853059	-1048832
1598953263853069	51380224
1598953263853069	4352
1598953263853070	6144
1598953263853071	256
1598953263853174	256
1598953263853324	-51380224
1598953263853325	-4096
1598953263853325	-4096
1598953263853327	-256
1598953263853328	-256
1598953263853343	51380224
1598953263853344	4096
1598953263853344	4096
1598953263853345	256
1598953263853380	256
1598953263854035	-51380224
1598953263854037	-51380224
1598953263854038	-4096
1598953263854038	-4096
1598953263854039	-256
1598953263854040	-256
1598953263854056	102760448
1598953263854061	2359296
1598953263854086	102760448
1598953263854215	-102760448
1598953263854218	-2359296
1598953263854243	2359296
1598953263854254	2097152
1598953263854269	2560
1598953263855265	-2560
1598953263855268	-2097152
1598953263855275	-51380224
1598953263855312	-4352
1598953263855344	-6144
1598953263855353	12845056
1598953263855361	1048832
1598953263855382	19924480
1598953263855394	4352
1598953263855473	-12845056
1598953263855475	-4352
1598953263855476	-1048832
1598953263855496	1048832
1598953263855502	1048576
1598953263855515	4352
1598953263856632	-4352
1598953263856634	-1048576
1598953263856642	-51380224
1598953263856676	-4096
1598953263856705	-4096
1598953263856732	-2097152
1598953263857769	-12845056
1598953263857824	-1048576
1598953263857850	-2359296
1598953263857861	12845056
1598953263857862	1024
1598953263857863	1024
1598953263857864	256
1598953263857880	256
1598953263858041	-19924480
1598953263858042	-12845056
1598953263858043	-1024
1598953263858044	-1024
1598953263858046	-256
1598953263858047	-256
1598953263858089	-1048832
1598953263858110	19924480
1598953263858116	2359296
1598953263858185	12845056
1598953263858199	191102976
1598953263858276	-19924480
1598953263858278	-191102976
1598953263858279	-2359296
1598953263858306	2359296
1598953263858313	4194816
1598953263858325	128450560
1598953263858780	-128450560
1598953263858783	-4194816
1598953263858789	-12845056
1598953263858885	-1024
1598953263861233	-1024
1598953263861264	-12845056
1598953263861292	-2359296
1598953263861302	21238016
1598953263861302	1024
1598953263861303	1024
1598953263861304	256
1598953263863685	256
1598953263863840	-12845056
1598953263863842	-12845056
1598953263863843	-1024
1598953263863843	-1024
1598953263863845	-256
1598953263863845	-256
1598953263863892	-2359296
1598953263863902	102760448
1598953263863907	524288
1598953263863927	154157056
1598953263864013	-102760448
1598953263864015	-524288
1598953263864043	524288
1598953263864049	524544
1598953263864063	4352
1598953263864877	-4352
1598953263864879	-524544
1598953263864886	-21238016
1598953263865913	-1024
1598953263865969	-1024
1598953263865999	-154157056
1598953263866023	-524288
1598953263866052	-102760448
1598953263866112	-524288
1598953263866123	102762496
1598953263866123	2048
1598953263866124	2048
1598953263866125	256
1598953263866144	256
1598953263866251	-102760448
1598953263866252	-2048
1598953263866252	-2048
1598953263866254	-256
1598953263866255	-256
1598953263866271	32769536
1598953263866277	262144
1598953263866306	34083072
1598953263866320	6912
1598953263866381	-32769536
1598953263866383	-6912
1598953263866384	-262144
1598953263866405	262144
1598953263866411	262144
1598953263866424	2560
1598953263867345	-2560
1598953263867347	-262144
1598953263867353	-102762496
1598953263867426	-2048
1598953263867481	-2048
1598953263868106	-25690112
1598953263868211	-262144
1598953263868219	32769536
1598953263868220	512
1598953263868220	512
1598953263868221	256
1598953263868508	256
1598953263868572	-34083072
1598953263868573	-25690112
1598953263868574	-512
1598953263868578	-512
1598953263868580	-256
1598953263868580	-256
1598953263868619	-262144
1598953263868628	34083072
1598953263868633	1048832
1598953263868656	25690112
1598953263868670	117964800
1598953263868743	-34083072
1598953263868744	-117964800
1598953263868746	-1048832
1598953263868767	1048832
1598953263868773	589824
1598953263868786	117964800
1598953263869567	-117964800
1598953263869570	-589824
1598953263869576	-32769536
1598953263869617	-512
1598953263869644	-512
1598953263870227	-25690112
1598953263870259	-589824
1598953263870268	25690112
1598953263870269	512
1598953263870270	512
1598953263870270	256
1598953263870292	256
1598953263870356	-25690112
1598953263870357	-25690112
1598953263870358	-512
1598953263870359	-512
1598953263870360	-256
1598953263870360	-256
1598953263870575	-1048832
1598953263870587	102760448
1598953263870592	262144
1598953263870613	102760448
1598953263870626	6912
1598953263870928	-102760448
1598953263870930	-6912
1598953263870931	-262144
1598953263870953	262144
1598953263870959	262144
1598953263870972	4352
1598953263872354	-4352
1598953263872355	-262144
1598953263872363	-25690112
1598953263872399	-512
1598953263872428	-512
1598953263873328	-102760448
1598953263873355	-262144
1598953263873385	-102760448
1598953263873414	-262144
1598953263873422	102762496
1598953263873423	2048
1598953263873423	2048
1598953263873424	256
1598953263873449	256
1598953263873519	-102760448
1598953263873520	-2048
1598953263873520	-2048
1598953263873522	-256
1598953263873523	-256
1598953263873538	32769536
1598953263873543	262144
1598953263873571	34083072
1598953263873585	6912
1598953263873671	-32769536
1598953263873674	-6912
1598953263873675	-262144
1598953263873695	262144
1598953263873701	262144
1598953263873714	2560
1598953263874781	-2560
1598953263874783	-262144
1598953263874791	-102762496
1598953263875547	-2048
1598953263875583	-2048
1598953263875613	-25690112
1598953263875641	-262144
1598953263875650	32769536
1598953263875651	512
1598953263875651	512
1598953263875652	256
1598953263875669	256
1598953263875761	-34083072
1598953263875762	-25690112
1598953263875763	-512
1598953263875767	-512
1598953263875769	-256
1598953263875769	-256
1598953263875807	-262144
1598953263875816	34083072
1598953263875821	589824
1598953263875845	25690112
1598953263875858	117964800
1598953263875952	-34083072
1598953263875954	-117964800
1598953263875955	-589824
1598953263875977	589824
1598953263875983	589824
1598953263875997	117964800
1598953263876989	-117964800
1598953263876991	-589824
1598953263876998	-32769536
1598953263877925	-512
1598953263877953	-512
1598953263877980	-25690112
1598953263878007	-589824
1598953263878017	25690112
1598953263878017	512
1598953263878018	512
1598953263878019	256
1598953263878258	256
1598953263878328	-25690112
1598953263878330	-25690112
1598953263878331	-512
1598953263878331	-512
1598953263878333	-256
1598953263878333	-256
1598953263878582	-589824
1598953263878592	102760448
1598953263878597	262144
1598953263878618	102760448
1598953263878631	6912
1598953263879038	-102760448
1598953263879041	-6912
1598953263879042	-262144
1598953263879063	262144
1598953263879069	262144
1598953263879082	3072
1598953263880056	-3072
1598953263880058	-262144
1598953263880065	-25690112
1598953263880101	-512
1598953263881011	-512
1598953263881041	-102760448
1598953263881067	-262144
1598953263881095	-102760448
1598953263881142	-262144
1598953263881151	102764544
1598953263881152	2048
1598953263881152	2304
1598953263881153	256
1598953263881170	256
1598953263881235	-102760448
1598953263881236	-2048
1598953263881236	-2048
1598953263881238	-256
1598953263881239	-256
1598953263881253	32769536
1598953263881258	262144
1598953263881297	34083072
1598953263881310	6912
1598953263881603	-32769536
1598953263881604	-6912
1598953263881606	-262144
1598953263881626	262144
1598953263881632	262144
1598953263881645	2560
1598953263883227	-2560
1598953263883229	-262144
1598953263883237	-102764544
1598953263883280	-2048
1598953263883305	-2304
1598953263883334	-25692160
1598953263883363	-262144
1598953263883372	25692160
1598953263883373	512
1598953263883373	512
1598953263883374	256
1598953263883398	256
1598953263883471	-34083072
1598953263883472	-25690112
1598953263883473	-512
1598953263883477	-512
1598953263883478	-256
1598953263883479	-256
1598953263883517	-262144
1598953263883525	25690112
1598953263883530	589824
1598953263883564	32769536
1598953263883578	117964800
1598953263883650	-25690112
1598953263883652	-117964800
1598953263883653	-589824
1598953263883675	589824
1598953263883681	589824
1598953263883694	117964800
1598953263885608	-117964800
1598953263885610	-589824
1598953263885617	-25692160
1598953263885658	-512
1598953263885686	-512
1598953263885921	-25690112
1598953263885950	-589824
1598953263885959	34083072
1598953263885960	512
1598953263885961	512
1598953263885961	256
1598953263886230	256
1598953263886302	-32769536
1598953263886303	-25690112
1598953263886304	-512
1598953263886305	-512
1598953263886306	-256
1598953263886307	-256
1598953263886352	-589824
1598953263886361	102762496
1598953263886366	262144
1598953263886387	102760448
1598953263886400	6912
1598953263886734	-102762496
1598953263886736	-6912
1598953263886737	-262144
1598953263886758	262144
1598953263886764	262144
1598953263886777	4352
1598953263888666	-4352
1598953263888668	-262144
1598953263888675	-34083072
1598953263888710	-512
1598953263888740	-512
1598953263888771	-102760448
1598953263888800	-262144
1598953263888831	-102760448
1598953263888860	-262144
1598953263888867	102762496
1598953263888868	2048
1598953263888869	2304
1598953263888869	256
1598953263888957	256
1598953263889027	-102760448
1598953263889028	-2048
1598953263889029	-2048
1598953263889031	-256
1598953263889031	-256
1598953263889050	102760448
1598953263889051	2048
1598953263889052	2048
1598953263889052	256
1598953263889073	256
1598953263889305	-102760448
1598953263889307	-102760448
1598953263889307	-2048
1598953263889308	-2048
1598953263889309	-256
1598953263889309	-256
1598953263889328	205520896
1598953263889333	524288
1598953263889760	205520896
1598953263890147	-205520896
1598953263890152	-524288
1598953263890210	524288
1598953263890223	589824
1598953263890262	2560
1598953263890961	-2560
1598953263890965	-589824
1598953263890976	-102762496
1598953263891039	-2048
1598953263891078	-2304
1598953263891093	32769536
1598953263891102	262144
1598953263891130	34083072
1598953263891151	6912
1598953263891240	-32769536
1598953263891243	-6912
1598953263891245	-262144
1598953263891273	262144
1598953263891281	262144
1598953263891300	4352
1598953263892290	-4352
1598953263892293	-262144
1598953263892302	-102760448
1598953263892351	-2048
1598953263892392	-2048
1598953263893251	-524288
1598953263893299	-25690112
1598953263893338	-262144
1598953263893372	-524288
1598953263893386	32769536
1598953263893388	512
1598953263893389	512
1598953263893390	256
1598953263893582	256
1598953263893682	-34083072
1598953263893684	-25690112
1598953263893686	-512
1598953263893687	-512
1598953263893689	-256
1598953263893690	-256
1598953263893904	-262144
1598953263893915	34084096
1598953263893923	589824
1598953263893951	25690112
1598953263893976	179836928
1598953263894381	-34084096
1598953263894385	-179836928
1598953263894386	-589824
1598953263894423	589824
1598953263894432	589824
1598953263894452	179836928
1598953263896314	-179836928
1598953263896316	-589824
1598953263896325	-32769536
1598953263896381	-512
1598953263896415	-512
1598953263896456	-25690112
1598953263896499	-589824
1598953263896510	32769536
1598953263896511	512
1598953263896512	512
1598953263896513	256
1598953263896542	256
1598953263896634	-25690112
1598953263896636	-38525184
1598953263896638	-512
1598953263896639	-512
1598953263896642	-256
1598953263896643	-256
1598953263896696	-589824
1598953263896707	205520896
1598953263896715	261120
1598953263896750	282599424
1598953263896868	-205520896
1598953263896870	-261120
1598953263896907	261120
1598953263896916	131072
1598953263896935	2560
1598953263898493	-2560
1598953263898497	-131072
1598953263898507	-32769536
1598953263898565	-512
1598953263898600	-512
1598953263898641	-282599424
1598953263898680	-131072
1598953263898714	-205520896
1598953263898756	-261120
1598953263898768	205520896
1598953263898769	1024
1598953263898770	1024
1598953263898771	256
1598953263898795	256
1598953263898886	-205520896
1598953263898887	-1024
1598953263898889	-1024
1598953263898892	-256
1598953263898892	-256
1598953263898919	51380224
1598953263898926	129024
1598953263898961	51380224
1598953263898979	21248
1598953263899065	-51380224
1598953263899068	-21248
1598953263899070	-129024
1598953263899097	129024
1598953263899106	65536
1598953263899124	3072
1598953263900883	-3072
1598953263900886	-65536
1598953263900895	-205520896
1598953263900945	-1024
1598953263900984	-1024
1598953263901019	-51380224
1598953263901223	-65536
1598953263901236	51380224
1598953263901237	256
1598953263901237	256
1598953263901239	256
1598953263901269	256
1598953263901603	-51380224
1598953263901605	-51380224
1598953263901606	-256
1598953263901609	-256
1598953263901611	-256
1598953263901612	-256
1598953263901674	-129024
1598953263901690	51380224
1598953263901697	262144
1598953263901728	51380224
1598953263901746	89178112
1598953263904630	-51380224
1598953263904635	-89178112
1598953263904637	-262144
1598953263904678	262144
1598953263904689	262144
1598953263904712	5632
1598953263904850	-5632
1598953263904853	-262144
1598953263904863	-51380224
1598953263904922	-256
1598953263904961	-256
1598953263904996	-51380224
1598953263905035	-147456
1598953263905047	51380224
1598953263905048	256
1598953263905049	256
1598953263905049	256
1598953263905076	256
1598953263905166	-51380224
1598953263905168	-51380224
1598953263905169	-256
1598953263905172	-256
1598953263905174	-256
1598953263905175	-256
1598953263905227	-262144
1598953263905243	205520896
1598953263905251	65536
1598953263905278	205520896
1598953263905297	21248
1598953263905384	-205520896
1598953263905386	-21248
1598953263905388	-65536
1598953263905415	65536
1598953263905423	65536
1598953263905440	3072
1598953263905563	-3072
1598953263905567	-65536
1598953263905575	-51380224
1598953263906150	-256
1598953263906194	-256
1598953263906238	-205520896
1598953263906272	-65536
1598953263906310	-205520896
1598953263906348	-65536
1598953263906359	205520896
1598953263906360	1024
1598953263906361	1024
1598953263906361	256
1598953263906386	256
1598953263906474	-205520896
1598953263906475	-1024
1598953263906476	-1024
1598953263906479	-256
1598953263906480	-256
1598953263906500	51380224
1598953263906507	65536
1598953263906545	51380224
1598953263906562	21248
1598953263906645	-51380224
1598953263906648	-21248
1598953263906650	-65536
1598953263906677	65536
1598953263906685	65536
1598953263906702	3072
1598953263907626	-3072
1598953263907630	-65536
1598953263907638	-205520896
1598953263908555	-1024
1598953263908588	-1024
1598953263908628	-51380224
1598953263908667	-65536
1598953263908678	51380224
1598953263908679	256
1598953263908680	256
1598953263908680	256
1598953263908885	256
1598953263908971	-51380224
1598953263908974	-51380224
1598953263908974	-256
1598953263908980	-256
1598953263908983	-256
1598953263908984	-256
1598953263909202	-65536
1598953263909213	51380224
1598953263909220	262144
1598953263909252	51380224
1598953263909270	89178112
1598953263909556	-51380224
1598953263909559	-89178112
1598953263909560	-262144
1598953263909589	262144
1598953263909597	262144
1598953263909614	5632
1598953263910286	-5632
1598953263910289	-262144
1598953263910299	-51380224
1598953263913008	-256
1598953263913045	-256
1598953263913080	-51380224
1598953263914977	-147456
1598953263914989	51380224
1598953263914990	256
1598953263914991	256
1598953263914992	256
1598953263915021	256
1598953263915106	-51380224
1598953263915109	-51380224
1598953263915110	-256
1598953263915111	-256
1598953263915114	-256
1598953263915114	-256
1598953263915165	-262144
1598953263915179	205520896
1598953263915186	65536
1598953263915213	205520896
1598953263915230	21248
1598953263916035	-205520896
1598953263916037	-21248
1598953263916039	-65536
1598953263916065	65536
1598953263916073	65536
1598953263916090	3072
1598953263917051	-3072
1598953263917054	-65536
1598953263917062	-51380224
1598953263917108	-256
1598953263917147	-256
1598953263917178	-205520896
1598953263917215	-65536
1598953263917252	-205520896
1598953263917283	-65536
1598953263917296	205520896
1598953263917298	1024
1598953263917298	1024
1598953263917299	256
1598953263917320	256
1598953263917429	-205520896
1598953263917431	-1024
1598953263917433	-1024
1598953263917435	-256
1598953263917435	-256
1598953263917457	205520896
1598953263917458	1024
1598953263917459	1024
1598953263917460	256
1598953263917486	256
1598953263917562	-205520896
1598953263917564	-205520896
1598953263917565	-1024
1598953263917567	-1024
1598953263917569	-256
1598953263917569	-256
1598953263917587	83471872
1598953263917593	126976
1598953263917685	51380224
1598953263917702	21248
1598953263918427	-83471872
1598953263918429	-21248
1598953263918431	-126976
1598953263918457	126976
1598953263918465	65536
1598953263918482	3072
1598953263919379	-3072
1598953263919382	-65536
1598953263919391	-205520896
1598953263919441	-1024
1598953263919473	-1024
1598953263919485	83471872
1598953263919493	65536
1598953263919519	51380224
1598953263919535	21248
1598953263919663	-83471872
1598953263919665	-21248
1598953263919667	-65536
1598953263919691	65536
1598953263919699	65536
1598953263919715	3072
1598953263920925	-3072
1598953263920927	-65536
1598953263920935	-205520896
1598953263920977	-1024
1598953263921469	-1024
1598953263921506	-65536
1598953263921547	-51380224
1598953263921581	-65536
1598953263922089	-126976
1598953263922112	51380224
1598953263922113	256
1598953263922114	256
1598953263922115	256
1598953263922139	256
1598953263922753	-51380224
1598953263922756	-51380224
1598953263922757	-256
1598953263922758	-256
1598953263922760	-256
1598953263922761	-256
1598953263922815	-65536
1598953263922825	85176832
1598953263922832	262144
1598953263922858	51380224
1598953263922873	154140672
1598953263923724	-85176832
1598953263923726	-154140672
1598953263923727	-262144
1598953263923760	262144
1598953263923769	147456
1598953263923786	5632
1598953263924457	-5632
1598953263924461	-147456
1598953263924470	-51380224
1598953263924522	-256
1598953263924555	-256
1598953263925439	-51380224
1598953263925476	-147456
1598953263925486	85176832
1598953263925487	256
1598953263925488	256
1598953263925489	256
1598953263925511	256
1598953263925592	-51380224
1598953263925594	-51380224
1598953263925595	-256
1598953263925596	-256
1598953263925598	-256
1598953263925598	-256
1598953263925654	-262144
1598953263925665	51380224
1598953263925671	16384
1598953263925700	51380224
1598953263925719	21248
1598953263925894	-51380224
1598953263925896	-21248
1598953263925897	-16384
1598953263925923	16384
1598953263925931	16384
1598953263925947	3072
1598953263926861	-3072
1598953263926864	-16384
1598953263926872	-85176832
1598953263927066	-256
1598953263927251	-256
1598953263927920	-51380224
1598953263927954	-16384
1598953263927965	205520896
1598953263928036	-51380224
1598953263928037	-51380224
1598953263928081	-16384
1598953263928132	-205520896
1598953263928146	256901120
1598953263928147	256
1598953263928148	256
1598953263928149	256
1598953263928171	256
1598953263928251	-205520896
1598953263928252	-205520896
1598953263928253	-256
1598953263928255	-256
1598953263928256	-256
1598953263928257	-256
1598953263928275	37632
1598953263928283	37632
1598953263928300	35840
1598953263928457	-35840
1598953263928460	-37632
1598953263928468	-40627200
1598953263928469	-256901120
1598953263929551	-256
1598953263929588	-256
1598953263929619	-37632
1598953263929654	-256
1598953263929655	-37632
