1601349474582982	512
1601349474582992	256
1601349474583152	256
1601349474583201	256
1601349474583296	-256
1601349474583443	256
1601349474583506	256
1601349474583586	-256
1601349474583689	256
1601349474583783	-256
1601349474583894	256
1601349474584036	256
1601349474584144	256
1601349474584219	256
1601349474584377	-256
1601349474584379	-256
1601349474584380	-256
1601349474584389	-256
1601349474584498	256
1601349474584719	-256
1601349474584733	-256
1601349474584791	-256
1601349474584955	256
1601349474584958	256
1601349474585023	-256
1601349474585045	37632
1601349474585088	256
1601349474585124	16384
1601349474585157	256
1601349474585165	256
1601349474585174	9216
1601349474585278	-9216
1601349474585297	4194304
1601349474585373	256
1601349474585385	9216
1601349474585396	-256
1601349474585429	-9216
1601349474585447	9437184
1601349474585488	256
1601349474585490	256
1601349474585525	-256
1601349474585540	65536
1601349474585578	51781632
1601349474585631	256
1601349474585633	256
1601349474585671	-256
1601349474585686	147456
1601349474585723	256
1601349474585726	256
1601349474585761	-256
1601349474585776	65536
1601349474585810	256
1601349474585820	9216
1601349474585859	-9216
1601349474585874	4194304
1601349474585910	256
1601349474585911	256
1601349474585945	-256
1601349474585959	65536
1601349474585992	256
1601349474585994	256
1601349474586027	-256
1601349474586040	65536
1601349474586073	256
1601349474586075	256
1601349474586127	-256
1601349474586144	147456
1601349474586182	256
1601349474586184	256
1601349474586218	-256
1601349474586233	1048576
1601349474586268	256
1601349474586277	9216
1601349474586316	-9216
1601349474586331	8200192
1601349474586368	256
1601349474586369	256
1601349474586403	-256
1601349474586417	65536
1601349474586449	256
1601349474586451	256
1601349474586484	-256
1601349474586497	524288
1601349474586533	256
1601349474586542	9216
1601349474586580	-9216
1601349474586595	4194304
1601349474586631	256
1601349474586633	256
1601349474586668	-256
1601349474586683	147456
1601349474586719	256
1601349474586752	4096
1601349474586785	256
1601349474586786	256
1601349474586818	-256
1601349474586832	65536
1601349474586865	256
1601349474586867	256
1601349474586899	-256
1601349474586912	1048576
1601349474586947	256
1601349474586956	9216
1601349474586995	-9216
1601349474587009	9437184
1601349474587046	256
1601349474587055	9216
1601349474587094	-9216
1601349474587109	9437184
1601349474587145	256
1601349474587147	256
1601349474587181	-256
1601349474587195	131072
1601349474587230	256
1601349474587232	256
1601349474587266	-256
1601349474587281	262144
1601349474587316	256
1601349474587318	256
1601349474587353	-256
1601349474587366	262144
1601349474587401	256
1601349474587403	256
1601349474587436	-256
1601349474587450	589824
1601349474587486	256
1601349474587487	256
1601349474587521	-256
1601349474587535	589824
1601349474587570	256
1601349474587572	256
1601349474587605	-256
1601349474587619	589824
1601349474587654	256
1601349474587656	256
1601349474587689	-256
1601349474587704	262144
1601349474587739	256
1601349474587740	256
1601349474587774	-256
1601349474587788	262144
1601349474587823	256
1601349474587825	256
1601349474587858	-256
1601349474587872	589824
1601349474587908	256
1601349474587910	256
1601349474587943	-256
1601349474587958	262144
1601349474587993	256
1601349474587995	256
1601349474588028	-256
1601349474588042	1048576
1601349474588078	256
1601349474588079	256
1601349474588113	-256
1601349474588127	262144
1601349474588163	256
1601349474588165	256
1601349474588198	-256
1601349474588212	262144
1601349474588247	256
1601349474588256	9216
1601349474588301	-9216
1601349474588317	2097152
1601349474588353	256
1601349474588362	9216
1601349474588400	-9216
1601349474588415	2359296
1601349474588452	256
1601349474588453	256
1601349474588488	-256
1601349474588502	1048576
1601349474588539	256
1601349474588541	256
1601349474588575	-256
1601349474588588	1048576
1601349474588624	256
1601349474588625	256
1601349474588659	-256
1601349474588673	1048576
1601349474588708	256
1601349474588709	256
1601349474588743	-256
1601349474588756	1048576
1601349474588791	256
1601349474588801	9216
1601349474588840	-9216
1601349474588854	2359296
1601349474588890	256
1601349474588898	9216
1601349474588936	-9216
1601349474588951	2359296
1601349474588990	256
1601349474588992	256
1601349474589026	-256
1601349474589040	524288
1601349474589075	256
1601349474589084	9216
1601349474589123	-9216
1601349474589138	2359296
1601349474589174	256
1601349474589176	256
1601349474589210	-256
1601349474589224	1048576
1601349474589260	256
1601349474589269	9216
1601349474589308	-9216
1601349474589323	2359296
1601349474589358	256
1601349474589367	9216
1601349474589404	-9216
1601349474589419	2359296
1601349474589454	256
1601349474589463	9216
1601349474589502	-9216
1601349474589516	2097152
1601349474589552	256
1601349474589560	9216
1601349474589599	-9216
1601349474589614	4194304
1601349474589650	256
1601349474589652	256
1601349474589686	-256
1601349474589699	1048576
1601349474589733	256
1601349474589735	256
1601349474589769	-256
1601349474589783	1048576
1601349474589818	256
1601349474589820	256
1601349474589853	-256
1601349474589867	1048576
1601349474589903	256
1601349474589911	9216
1601349474589951	-9216
1601349474589966	8388608
1601349474590001	256
1601349474590010	9216
1601349474590049	-9216
1601349474590064	4194304
1601349474590119	54593024
1601349474590160	-51781632
1601349474590302	-256
1601349474590302	-256
1601349474590303	-256
1601349474590304	-256
1601349474590304	-256
1601349474590305	-256
1601349474590305	-256
1601349474590305	-256
1601349474590306	-256
1601349474590306	-256
1601349474590307	-256
1601349474590307	-256
1601349474590308	-256
1601349474590308	-256
1601349474590309	-256
1601349474590309	-256
1601349474590310	-256
1601349474590310	-256
1601349474590311	-256
1601349474590311	-256
1601349474590312	-256
1601349474590312	-256
1601349474590312	-256
1601349474590313	-256
1601349474590313	-256
1601349474590314	-256
1601349474590314	-256
1601349474590315	-256
1601349474590315	-256
1601349474590316	-256
1601349474590316	-256
1601349474590317	-256
1601349474590317	-256
1601349474590317	-256
1601349474590318	-256
1601349474590318	-256
1601349474590319	-256
1601349474590319	-256
1601349474590320	-256
1601349474590320	-256
1601349474590321	-256
1601349474590321	-256
1601349474590322	-256
1601349474590322	-256
1601349474590323	-256
1601349474590323	-256
1601349474590325	-256
1601349474590325	-256
1601349474590326	-256
1601349474590326	-256
1601349474590327	-256
1601349474590327	-256
1601349474590328	-256
1601349474590329	-256
1601349474590353	276168704
1601349474590368	37632
1601349474590456	75520
1601349474590559	-75520
1601349474590563	-37632
1601349474590639	276168704
1601349474590640	256
1601349474590640	256
1601349474590641	256
1601349474590641	256
1601349474590891	69042176
1601349474591054	276168704
1601349474591059	65536
1601349474591100	18944
1601349474591168	-18944
1601349474591171	-65536
1601349474591204	69042176
1601349474591208	16384
1601349474591249	18944
1601349474591298	-18944
1601349474591301	-16384
1601349474591352	-256
1601349474591384	-256
1601349474591396	276168704
1601349474591397	1024
1601349474591398	1024
1601349474591398	1024
1601349474591399	1024
1601349474591495	69042176
1601349474591495	256
1601349474591496	256
1601349474591496	256
1601349474591497	256
1601349474591810	69042176
1601349474591814	147456
1601349474591854	113688576
1601349474592154	-113688576
1601349474592158	-147456
1601349474592296	-1024
1601349474592327	-1024
1601349474592339	69042176
1601349474592339	256
1601349474592340	256
1601349474592340	256
1601349474592341	256
1601349474592458	-256
1601349474592490	-256
1601349474592595	276168704
1601349474592600	65536
1601349474592639	18944
1601349474592691	-18944
1601349474592694	-65536
1601349474592802	276168704
1601349474592802	1024
1601349474592803	1024
1601349474592804	1024
1601349474592805	1024
1601349474592919	-256
1601349474592951	-256
1601349474592989	-276168704
1601349474593159	69042176
1601349474593164	65536
1601349474593204	18944
1601349474593258	-18944
1601349474593261	-65536
1601349474593325	-1024
1601349474593356	-1024
1601349474593368	69042176
1601349474593369	256
1601349474593369	256
1601349474593370	256
1601349474593370	256
1601349474593563	69042176
1601349474593567	147456
1601349474593606	113688576
1601349474593843	-113688576
1601349474593846	-147456
1601349474593962	69042176
1601349474593963	256
1601349474593963	256
1601349474593963	256
1601349474593964	256
1601349474594079	-256
1601349474594124	-256
1601349474594249	276168704
1601349474594254	65536
1601349474594294	18944
1601349474594347	-18944
1601349474594350	-65536
1601349474594461	276168704
1601349474594461	1024
1601349474594462	1024
1601349474594463	1024
1601349474594463	1024
1601349474594577	-256
1601349474594610	-256
1601349474594813	69042176
1601349474594817	65536
1601349474594857	18944
1601349474594908	-18944
1601349474594911	-65536
1601349474594975	-1024
1601349474595006	-1024
1601349474595018	69042176
1601349474595019	256
1601349474595020	256
1601349474595020	256
1601349474595021	256
1601349474595210	69042176
1601349474595214	147456
1601349474595253	113688576
1601349474595505	-113688576
1601349474595508	-147456
1601349474595624	69042176
1601349474595625	256
1601349474595625	256
1601349474595626	256
1601349474595626	256
1601349474595742	-256
1601349474595773	-256
1601349474595879	276168704
1601349474595884	65536
1601349474595923	18944
1601349474595975	-18944
1601349474595977	-65536
1601349474596088	276168704
1601349474596089	1024
1601349474596090	1024
1601349474596090	1024
1601349474596091	1024
1601349474596204	-256
1601349474596236	-256
1601349474596448	138084352
1601349474596452	524288
1601349474596491	4864
1601349474596543	-4864
1601349474596545	-524288
1601349474596569	51771648
1601349474596573	131072
1601349474596614	4864
1601349474596664	-4864
1601349474596666	-131072
1601349474596738	-1024
1601349474596769	-1024
1601349474596780	138084352
1601349474596780	2048
1601349474596781	2048
1601349474596782	2048
1601349474596783	2048
1601349474596874	34521088
1601349474596875	768
1601349474596875	512
1601349474596876	512
1601349474596877	512
1601349474597185	34521088
1601349474597190	589824
1601349474597230	175767552
1601349474597349	-175767552
1601349474597352	-589824
1601349474597481	-2048
1601349474597511	-2048
1601349474597523	34521088
1601349474597524	512
1601349474597525	512
1601349474597525	512
1601349474597526	512
1601349474597638	-768
1601349474597669	-512
1601349474597775	138084352
1601349474597780	262144
1601349474597818	4864
1601349474597870	-4864
1601349474597872	-262144
1601349474597983	138084352
1601349474597984	2048
1601349474597984	2048
1601349474597985	2048
1601349474597986	2048
1601349474598107	-512
1601349474598143	-512
1601349474598178	-138084352
1601349474598345	34521088
1601349474598350	262144
1601349474598388	4864
1601349474598443	-4864
1601349474598446	-262144
1601349474598509	-2048
1601349474598540	-2048
1601349474598553	34521088
1601349474598553	512
1601349474598554	768
1601349474598554	512
1601349474598555	512
1601349474598744	34521088
1601349474598748	589824
1601349474598787	175767552
1601349474598864	-175767552
1601349474598867	-589824
1601349474598976	34523136
1601349474598977	512
1601349474598977	512
1601349474598978	512
1601349474598978	512
1601349474599091	-512
1601349474599122	-768
1601349474599227	138084352
1601349474599231	262144
1601349474599270	4864
1601349474599321	-4864
1601349474599324	-262144
1601349474599431	138084352
1601349474599432	2048
1601349474599433	2048
1601349474599434	2048
1601349474599434	2048
1601349474599549	-512
1601349474599580	-512
1601349474599781	34521088
1601349474599785	262144
1601349474599823	4864
1601349474599874	-4864
1601349474599877	-262144
1601349474599940	-2048
1601349474599971	-2048
1601349474599983	34521088
1601349474599983	512
1601349474599984	768
1601349474599984	512
1601349474599985	512
1601349474600174	34521088
1601349474600178	589824
1601349474600218	175767552
1601349474600294	-175767552
1601349474600297	-589824
1601349474600406	34521088
1601349474600407	512
1601349474600407	512
1601349474600408	512
1601349474600409	512
1601349474600521	-512
1601349474600553	-768
1601349474600658	138084352
1601349474600662	262144
1601349474600700	4864
1601349474600751	-4864
1601349474600754	-262144
1601349474600861	138084352
1601349474600862	2048
1601349474600862	2048
1601349474600863	2048
1601349474600864	2048
1601349474600978	-512
1601349474601010	-512
1601349474601211	34521088
1601349474601216	262144
1601349474601254	4864
1601349474601305	-4864
1601349474601308	-262144
1601349474601374	-2048
1601349474601404	-2048
1601349474601416	34521088
1601349474601417	512
1601349474601417	768
1601349474601418	512
1601349474601418	512
1601349474601606	34521088
1601349474601610	589824
1601349474601648	175767552
1601349474601724	-175767552
1601349474601727	-589824
1601349474601836	34521088
1601349474601837	512
1601349474601838	512
1601349474601838	512
1601349474601839	512
1601349474601955	-512
1601349474601987	-768
1601349474602101	138084352
1601349474602105	262144
1601349474602147	4864
1601349474602199	-4864
1601349474602202	-262144
1601349474602309	138084352
1601349474602310	2048
1601349474602311	2048
1601349474602312	2048
1601349474602313	2048
1601349474602426	-512
1601349474602458	-512
1601349474602659	69042176
1601349474602663	2097152
1601349474602702	1280
1601349474602753	-1280
1601349474602755	-2097152
1601349474602808	17260544
1601349474602811	524288
1601349474602852	1280
1601349474602902	-1280
1601349474602904	-524288
1601349474602952	-2048
1601349474602982	-2048
1601349474602993	69042176
1601349474602993	4096
1601349474602994	4096
1601349474602995	4096
1601349474602995	4096
1601349474603074	17260544
1601349474603074	1024
1601349474603075	1024
1601349474603075	1024
1601349474603076	1024
1601349474603384	17260544
1601349474603388	2359296
1601349474603427	122683392
1601349474603504	-122683392
1601349474603507	-2359296
1601349474603634	-4096
1601349474603664	-4096
1601349474603676	17260544
1601349474603676	1024
1601349474603677	1024
1601349474603677	1024
1601349474603678	1024
1601349474603779	-1024
1601349474603809	-1024
1601349474603913	69042176
1601349474603918	1048576
1601349474603956	1280
1601349474604007	-1280
1601349474604010	-1048576
1601349474604119	69042176
1601349474604119	5120
1601349474604120	4096
1601349474604121	4096
1601349474604121	4096
1601349474604222	-1024
1601349474604253	-1024
1601349474604286	-69042176
1601349474604459	17260544
1601349474604464	1048576
1601349474604502	1280
1601349474604552	-1280
1601349474604555	-1048576
1601349474604619	-5120
1601349474604649	-4096
1601349474604660	17260544
1601349474604661	1024
1601349474604661	1024
1601349474604662	1024
1601349474604662	1024
1601349474604837	17260544
1601349474604841	2359296
1601349474604879	122683392
1601349474604955	-122683392
1601349474604958	-2359296
1601349474605066	17264640
1601349474605067	1024
1601349474605068	1024
1601349474605068	1024
1601349474605069	1024
1601349474605170	-1024
1601349474605202	-1024
1601349474605335	69042176
1601349474605340	1048576
1601349474605378	1280
1601349474605429	-1280
1601349474605432	-1048576
1601349474605541	69042176
1601349474605542	4096
1601349474605543	4096
1601349474605544	4096
1601349474605544	4096
1601349474605646	-1024
1601349474605677	-1024
1601349474605874	17260544
1601349474605878	1048576
1601349474605915	2048
1601349474605965	-2048
1601349474605967	-1048576
1601349474606031	-4096
1601349474606062	-4096
1601349474606073	17260544
1601349474606074	1024
1601349474606074	1024
1601349474606075	1024
1601349474606076	1024
1601349474606261	17260544
1601349474606265	2359296
1601349474606303	122683392
1601349474606384	-122683392
1601349474606387	-2359296
1601349474606496	17260544
1601349474606497	1024
1601349474606497	1024
1601349474606498	1024
1601349474606499	1024
1601349474606601	-1024
1601349474606632	-1024
1601349474606736	69042176
1601349474606740	1048576
1601349474606777	1280
1601349474606829	-1280
1601349474606832	-1048576
1601349474606938	69042176
1601349474606939	5120
1601349474606940	4096
1601349474606940	4096
1601349474606941	4096
1601349474607042	-1024
1601349474607073	-1024
1601349474607271	17260544
1601349474607275	1048576
1601349474607313	1280
1601349474607365	-1280
1601349474607367	-1048576
1601349474607430	-5120
1601349474607461	-4096
1601349474607472	17260544
1601349474607473	1024
1601349474607473	1024
1601349474607474	1024
1601349474607474	1024
1601349474607652	17260544
1601349474607656	2359296
1601349474607694	122683392
1601349474607770	-122683392
1601349474607773	-2359296
1601349474607882	17260544
1601349474607883	1024
1601349474607884	1024
1601349474607884	1024
1601349474607885	1024
1601349474607985	-1024
1601349474608015	-1024
1601349474608120	69042176
1601349474608124	1048576
1601349474608162	1280
1601349474608215	-1280
1601349474608218	-1048576
1601349474608938	69042176
1601349474608939	5120
1601349474608939	4096
1601349474608940	4096
1601349474608940	4096
1601349474609991	-1024
1601349474610024	-1024
1601349474611313	17260544
1601349474611317	1048576
1601349474611940	2048
1601349474611996	-2048
1601349474611998	-1048576
1601349474612064	-5120
1601349474612096	-4096
1601349474612107	17260544
1601349474612108	1024
1601349474612108	1024
1601349474612109	1024
1601349474612109	1024
1601349474614244	17260544
1601349474614249	2359296
1601349474614499	122683392
1601349474614577	-122683392
1601349474614580	-2359296
1601349474615993	17260544
1601349474615994	1024
1601349474615994	1024
1601349474615995	1024
1601349474615995	1024
1601349474617417	-1024
1601349474617449	-1024
1601349474619058	69042176
1601349474619062	1048576
1601349474620091	1280
1601349474620148	-1280
1601349474620151	-1048576
1601349474620262	69042176
1601349474620263	5120
1601349474620264	4096
1601349474620264	4096
1601349474620265	4096
1601349474621339	-1024
1601349474621372	-1024
1601349474623886	17260544
1601349474623890	1048576
1601349474623929	2048
1601349474624318	-2048
1601349474624320	-1048576
1601349474624582	-5120
1601349474624615	-4096
1601349474624626	17260544
1601349474624627	1024
1601349474624627	1024
1601349474624628	1024
1601349474624628	1024
1601349474624806	17260544
1601349474624810	2359296
1601349474626062	122683392
1601349474629020	-122683392
1601349474629023	-2359296
1601349474629135	17260544
1601349474629136	1024
1601349474629137	1024
1601349474629137	1024
1601349474629138	1024
1601349474630136	-1024
1601349474630170	-1024
1601349474630277	69042176
1601349474630281	1048576
1601349474632492	1280
1601349474632544	-1280
1601349474632547	-1048576
1601349474633169	69042176
1601349474633170	5120
1601349474633171	4096
1601349474633171	4096
1601349474633172	4096
1601349474634159	-1024
1601349474634190	-1024
1601349474634436	34521088
1601349474634440	8388608
1601349474634614	512
1601349474635352	-512
1601349474635354	-8388608
1601349474635402	8630272
1601349474635406	2097152
1601349474635648	512
1601349474635698	-512
1601349474635700	-2097152
1601349474635756	-5120
1601349474635886	-4096
1601349474635900	34521088
1601349474635901	8192
1601349474635901	8192
1601349474635902	8192
1601349474635903	8192
1601349474635989	8630272
1601349474635990	2048
1601349474635991	2048
1601349474635991	2048
1601349474635992	2048
1601349474637355	8630272
1601349474637359	9437184
1601349474638090	94371840
1601349474638890	-94371840
1601349474638893	-9437184
1601349474639469	-8192
1601349474639500	-8192
1601349474639511	8630272
1601349474639512	3072
1601349474639513	2048
1601349474639513	2048
1601349474639514	2048
1601349474639617	-2048
1601349474640614	-2048
1601349474641015	34521088
1601349474641019	4194304
1601349474641060	512
1601349474641112	-512
1601349474641115	-4194304
1601349474641356	34521088
1601349474641357	10240
1601349474641358	8192
1601349474641358	8192
1601349474641359	8192
1601349474642328	-3072
1601349474642362	-2048
1601349474642564	-34521088
1601349474642804	8630272
1601349474642808	4194304
1601349474642847	512
1601349474643998	-512
1601349474644000	-4194304
1601349474644067	-10240
1601349474644761	-8192
1601349474644773	8630272
1601349474644773	2048
1601349474644774	2048
1601349474644774	2048
1601349474644775	3072
1601349474645596	8630272
1601349474645601	9437184
1601349474645642	94371840
1601349474646163	-94371840
1601349474646166	-9437184
1601349474647302	8638464
1601349474647304	2048
1601349474647304	2048
1601349474647305	2048
1601349474647306	2048
1601349474647542	-2048
1601349474647689	-2048
1601349474647799	34521088
1601349474647803	4194304
1601349474648007	512
1601349474648743	-512
1601349474648745	-4194304
1601349474649071	34521088
1601349474649072	8192
1601349474649073	8192
1601349474649074	8192
1601349474649074	8192
1601349474649310	-2048
1601349474649341	-2048
1601349474650708	8630272
1601349474650712	4194304
1601349474650751	512
1601349474651475	-512
1601349474651477	-4194304
1601349474652240	-8192
1601349474652271	-8192
1601349474652282	8630272
1601349474652283	2048
1601349474652283	2048
1601349474652284	2048
1601349474652284	2048
1601349474652851	8630272
1601349474652855	9437184
1601349474652897	94371840
1601349474653998	-94371840
1601349474654000	-9437184
1601349474654392	8630272
1601349474654393	2048
1601349474654394	2048
1601349474654394	2048
1601349474654395	2048
1601349474654498	-2048
1601349474654529	-2048
1601349474655412	34521088
1601349474655416	4194304
1601349474655697	512
1601349474655920	-512
1601349474655923	-4194304
1601349474656080	34521088
1601349474656081	10240
1601349474656082	8192
1601349474656082	8192
1601349474656083	8192
1601349474656185	-2048
1601349474656217	-2048
1601349474658880	-10240
1601349474658910	-8192
1601349474658927	704512
1601349474658994	344576
1601349474659493	512
1601349474659495	768
1601349474662528	-512
1601349474662536	-512
1601349474662601	256
1601349474662882	-768
1601349474662893	4096
1601349474662992	704512
1601349474663044	8200192
1601349474663080	-704512
1601349474663081	-344576
1601349474663162	-4096
1601349474663203	-8200192
1601349474663238	-256
1601349474663279	-4096
1601349474663293	34521088
1601349474663329	-704512
1601349474663370	-8200192
1601349474664208	-34521088
1601349474664232	34529280
1601349474664232	10240
1601349474664233	8192
1601349474664234	256
1601349474664369	256
1601349474664446	-34521088
1601349474664447	-8192
1601349474664447	-8192
1601349474664449	-256
1601349474664450	-256
1601349474664533	9970176
1601349474664545	8192000
1601349474664576	8630272
1601349474664600	4096
1601349474664689	-9970176
1601349474664691	-4096
1601349474664692	-8192000
1601349474664717	8192000
1601349474664727	4194304
1601349474664749	4096
1601349474664883	-4096
1601349474664885	-4194304
1601349474664894	-34529280
1601349474664939	-10240
1601349474665831	-8192
1601349474665866	-8630272
1601349474665899	-4194304
1601349474665909	8630272
1601349474665910	2048
1601349474665911	2048
1601349474665911	256
1601349474666198	256
1601349474666260	-8630272
1601349474666262	-8630272
1601349474666262	-2048
1601349474666263	-2048
1601349474666265	-256
1601349474666265	-256
1601349474666601	-8192000
1601349474666613	8630272
1601349474666620	9437184
1601349474666647	8630272
1601349474666667	94371840
1601349474666912	-8630272
1601349474666914	-94371840
1601349474666916	-9437184
1601349474666941	9437184
1601349474666949	9437184
1601349474666967	88473600
1601349474668132	-88473600
1601349474668135	-9437184
1601349474668143	-8630272
1601349474668206	-2048
1601349474668242	-2048
1601349474668275	-8630272
1601349474668309	-9437184
1601349474668320	9437184
1601349474668321	2048
1601349474668321	2048
1601349474668322	256
1601349474668403	256
1601349474669347	-8630272
1601349474669349	-8630272
1601349474669349	-2048
1601349474669350	-2048
1601349474669352	-256
1601349474669352	-256
1601349474669507	-9437184
1601349474669520	34521088
1601349474669526	4194304
1601349474669552	34521088
1601349474669568	4096
1601349474669642	-34521088
1601349474669644	-4096
1601349474669645	-4194304
1601349474669668	4194304
1601349474669676	8200192
1601349474669692	4096
1601349474669807	-4096
1601349474669809	-8200192
1601349474669817	-9437184
1601349474669862	-2048
1601349474670955	-2048
1601349474670994	-34521088
1601349474671027	-4194304
1601349474671315	-34521088
1601349474671352	-4194304
1601349474671363	34537472
1601349474671364	8192
1601349474671364	8192
1601349474671365	256
1601349474671387	256
1601349474671754	-34521088
1601349474671755	-8192
1601349474671757	-8192
1601349474671758	-256
1601349474671759	-256
1601349474671779	13631488
1601349474671785	8200192
1601349474671814	8630272
1601349474671830	4096
1601349474672029	-13631488
1601349474672031	-4096
1601349474672032	-8200192
1601349474672056	8200192
1601349474672063	4194304
1601349474672080	4096
1601349474673384	-4096
1601349474673387	-4194304
1601349474673395	-34537472
1601349474673472	-8192
1601349474673539	-8192
1601349474673575	-8638464
1601349474673609	-4194304
1601349474673621	8638464
1601349474673621	2048
1601349474673622	2048
1601349474673622	256
1601349474673645	256
1601349474673782	-8630272
1601349474673784	-8630272
1601349474673784	-2048
1601349474673785	-2048
1601349474673787	-256
1601349474673787	-256
1601349474674680	-8200192
1601349474674694	8630272
1601349474674700	13631488
1601349474674843	8630272
1601349474674860	173986304
1601349474674986	-8630272
1601349474674988	-173986304
1601349474674989	-13631488
1601349474675014	13631488
1601349474675022	9437184
1601349474675038	164549120
1601349474675139	-164549120
1601349474675141	-9437184
1601349474675149	-8638464
1601349474675196	-2048
1601349474676306	-2048
1601349474676341	-8630272
1601349474676660	-9437184
1601349474676674	9437184
1601349474676674	2048
1601349474676675	2048
1601349474676675	256
1601349474676698	256
1601349474677068	-8630272
1601349474677070	-8630272
1601349474677070	-2048
1601349474677071	-3072
1601349474677073	-256
1601349474677073	-256
1601349474677122	-13631488
1601349474677134	34529280
1601349474677140	4194304
1601349474677166	34521088
1601349474677183	3072
1601349474677377	-34529280
1601349474677379	-3072
1601349474677380	-4194304
1601349474677404	4194304
1601349474677411	4194560
1601349474677427	3072
1601349474678740	-3072
1601349474678743	-4194560
1601349474678751	-9437184
1601349474678827	-2048
1601349474678895	-2048
1601349474678930	-34521088
1601349474678964	-4194304
1601349474679001	-34521088
1601349474679102	-4194304
1601349474679113	34523136
1601349474679114	10240
1601349474679115	8192
1601349474679116	256
1601349474679139	256
1601349474680207	-34521088
1601349474680209	-8192
1601349474680209	-8192
1601349474680211	-256
1601349474680211	-256
1601349474680228	34521088
1601349474680229	8192
1601349474680229	8192
1601349474680230	256
1601349474680256	256
1601349474680329	-34521088
1601349474680331	-34521088
1601349474680331	-8192
1601349474680332	-8192
1601349474680333	-256
1601349474680333	-256
1601349474680351	69042176
1601349474680357	9437184
1601349474680386	69042176
1601349474680511	-69042176
1601349474680514	-9437184
1601349474680540	9437184
1601349474680548	13631488
1601349474680565	3072
1601349474681645	-3072
1601349474681648	-13631488
1601349474681656	-34523136
1601349474681701	-10240
1601349474681735	-8192
1601349474681747	13631488
1601349474681753	4194304
1601349474682027	8630272
1601349474682044	3072
1601349474682426	-13631488
1601349474682429	-3072
1601349474682429	-4194304
1601349474682454	4194304
1601349474682461	4194560
1601349474682477	3072
1601349474682737	-3072
1601349474682740	-4194560
1601349474682748	-34521088
1601349474682794	-8192
1601349474682828	-8192
1601349474684065	-8388608
1601349474684102	-8630272
1601349474684135	-4194304
1601349474684194	-9437184
1601349474684206	9437184
1601349474684206	2048
1601349474684207	2048
1601349474684207	256
1601349474684261	256
1601349474684325	-8630272
1601349474684327	-8630272
1601349474684327	-2048
1601349474684328	-2048
1601349474684330	-256
1601349474684330	-256
1601349474684376	-4194304
1601349474684388	12583424
1601349474684394	13631488
1601349474684468	8630272
1601349474684485	94371840
1601349474685583	-12583424
1601349474685585	-94371840
1601349474685587	-13631488
1601349474685611	12583424
1601349474685618	13631488
1601349474685635	88473600
1601349474685776	-88473600
1601349474685779	-13631488
1601349474685786	-9437184
1601349474685832	-2048
1601349474685871	-2048
1601349474685908	-8630272
1601349474685944	-9437184
1601349474685959	9437184
1601349474685960	2048
1601349474685960	2048
1601349474685961	256
1601349474687062	256
1601349474687386	-8630272
1601349474687388	-8630272
1601349474687388	-2048
1601349474687389	-2048
1601349474687391	-256
1601349474687391	-256
1601349474687439	-12583424
1601349474687452	69042176
1601349474687458	2097152
1601349474687483	103596032
1601349474687825	-69042176
1601349474687827	-2097152
1601349474687854	2097152
1601349474687861	2097152
1601349474687878	4096
1601349474688100	-4096
1601349474688103	-2097152
1601349474688111	-9437184
1601349474688154	-2048
1601349474688186	-2048
1601349474689428	-103596032
1601349474689461	-2097152
1601349474689539	-69042176
1601349474689608	-2097152
1601349474689620	69046272
1601349474689620	4096
1601349474689621	5120
1601349474689621	256
1601349474689643	256
1601349474689725	-69042176
1601349474689726	-4096
1601349474689727	-4096
1601349474689728	-256
1601349474689729	-256
1601349474689747	17260544
1601349474689753	1048576
1601349474689783	17260544
1601349474689799	3584
1601349474690754	-17260544
1601349474690757	-3584
1601349474690758	-1048576
1601349474690784	1048576
1601349474690791	1048576
1601349474690808	2560
1601349474691078	-2560
1601349474691081	-1048576
1601349474691089	-69046272
1601349474691133	-4096
1601349474691176	-5120
1601349474691211	-17260544
1601349474691251	-1048576
1601349474691267	17260544
1601349474691268	1024
1601349474691268	1024
1601349474691269	256
1601349474691292	256
1601349474691377	-17260544
1601349474691379	-17260544
1601349474691380	-1024
1601349474691380	-1024
1601349474691382	-256
1601349474691382	-256
1601349474692426	-1048576
1601349474692439	17260544
1601349474692445	4194304
1601349474692473	17260544
1601349474692490	122683392
1601349474692820	-17260544
1601349474692822	-122683392
1601349474692824	-4194304
1601349474692853	4194304
1601349474692860	4194304
1601349474692878	110886912
1601349474693502	-110886912
1601349474693505	-4194304
1601349474693513	-17260544
1601349474693564	-1024
1601349474693604	-1024
1601349474693643	-17260544
1601349474695869	-2359296
1601349474695883	17260544
1601349474695884	1024
1601349474695884	1024
1601349474695885	256
1601349474695913	256
1601349474695993	-17260544
1601349474695995	-17260544
1601349474695996	-1024
1601349474695996	-1024
1601349474695997	-256
1601349474695998	-256
1601349474696601	-4194304
1601349474696619	69042176
1601349474696625	1048576
1601349474696654	69042176
1601349474696670	4096
1601349474696898	-69042176
1601349474696900	-4096
1601349474696901	-1048576
1601349474696927	1048576
1601349474696934	1048576
1601349474696950	4096
1601349474697069	-4096
1601349474697071	-1048576
1601349474697079	-17260544
1601349474697123	-1024
1601349474697164	-1024
1601349474697202	-69042176
1601349474697236	-1048576
1601349474697338	-69042176
1601349474698225	-1048576
1601349474698239	69046272
1601349474698240	4096
1601349474698240	5120
1601349474698241	256
1601349474698338	256
1601349474698416	-69042176
1601349474698418	-4096
1601349474698420	-4096
1601349474698422	-256
1601349474698422	-256
1601349474698445	17260544
1601349474698452	1048576
1601349474698482	17260544
1601349474698498	3584
1601349474698570	-17260544
1601349474698572	-3584
1601349474698574	-1048576
1601349474698598	1048576
1601349474698605	1048576
1601349474698621	2560
1601349474698742	-2560
1601349474698745	-1048576
1601349474698753	-69046272
1601349474698797	-4096
1601349474698837	-5120
1601349474699755	-17260544
1601349474699792	-1048576
1601349474699809	17260544
1601349474699809	1024
1601349474699810	1024
1601349474699810	256
1601349474699950	256
1601349474700027	-17260544
1601349474700030	-17260544
1601349474700030	-1024
1601349474700031	-1024
1601349474700032	-256
1601349474700033	-256
1601349474700085	-1048576
1601349474700097	17260544
1601349474700103	4194304
1601349474700168	17260544
1601349474700185	122683392
1601349474700342	-17260544
1601349474700344	-122683392
1601349474700346	-4194304
1601349474700375	4194304
1601349474700382	4194304
1601349474700399	110886912
1601349474701756	-110886912
1601349474701759	-4194304
1601349474701767	-17260544
1601349474701818	-1024
1601349474701851	-1024
1601349474701891	-17260544
1601349474701931	-2359296
1601349474701943	17260544
1601349474701944	1024
1601349474701944	1024
1601349474701945	256
1601349474701972	256
1601349474702077	-17260544
1601349474702079	-17260544
1601349474702080	-1024
1601349474702080	-1024
1601349474702081	-256
1601349474702082	-256
1601349474702163	-4194304
1601349474702176	69042176
1601349474702182	1049088
1601349474702260	69042176
1601349474702276	4096
1601349474703283	-69042176
1601349474703285	-4096
1601349474703286	-1049088
1601349474703310	1049088
1601349474703318	1048576
1601349474703334	4096
1601349474703449	-4096
1601349474703452	-1048576
1601349474703460	-17260544
1601349474703505	-1024
1601349474703546	-1024
1601349474703585	-69042176
1601349474703624	-1048576
1601349474704663	-69042176
1601349474704704	-1049088
1601349474704715	69046272
1601349474704715	4096
1601349474704716	5120
1601349474704717	256
1601349474704740	256
1601349474704944	-69042176
1601349474704946	-4096
1601349474704946	-4096
1601349474704948	-256
1601349474704949	-256
1601349474704967	17260544
1601349474704973	1048576
1601349474705003	17260544
1601349474705019	3584
1601349474705119	-17260544
1601349474705122	-3584
1601349474705123	-1048576
1601349474705147	1048576
1601349474705154	1049088
1601349474705171	2560
1601349474705329	-2560
1601349474705332	-1049088
1601349474705339	-69046272
1601349474705387	-4096
1601349474706669	-5120
1601349474706710	-17260544
1601349474706746	-1048576
1601349474706763	17260544
1601349474706763	1024
1601349474706764	1024
1601349474706764	256
1601349474706789	256
1601349474706865	-17260544
1601349474706867	-17260544
1601349474706868	-1024
1601349474706869	-1024
1601349474706870	-256
1601349474706871	-256
1601349474706922	-1048576
1601349474706934	17260544
1601349474706940	4194304
1601349474706967	17260544
1601349474706988	122683392
1601349474708060	-17260544
1601349474708063	-122683392
1601349474708064	-4194304
1601349474708093	4194304
1601349474708100	4194304
1601349474708117	110886912
1601349474708287	-110886912
1601349474708290	-4194304
1601349474708298	-17260544
1601349474708349	-1024
1601349474708386	-1024
1601349474708420	-17260544
1601349474708459	-2359296
1601349474708471	17260544
1601349474708472	1024
1601349474708473	1024
1601349474708474	256
1601349474708507	256
1601349474709622	-17260544
1601349474709624	-17260544
1601349474709624	-1024
1601349474709625	-1024
1601349474709626	-256
1601349474709626	-256
1601349474709680	-4194304
1601349474709692	69042176
1601349474709699	1048576
1601349474709725	69042176
1601349474709741	4096
1601349474709826	-69042176
1601349474709828	-4096
1601349474709829	-1048576
1601349474709854	1048576
1601349474709861	1048576
1601349474709877	4096
1601349474710052	-4096
1601349474710054	-1048576
1601349474710063	-17260544
1601349474710182	-1024
1601349474710221	-1024
1601349474710260	-69042176
1601349474710370	-1048576
1601349474710465	-69042176
1601349474710505	-1048576
1601349474710517	69046272
1601349474710517	4096
1601349474710518	5120
1601349474710518	256
1601349474710545	256
1601349474710622	-69042176
1601349474710623	-4096
1601349474710624	-4096
1601349474710626	-256
1601349474710626	-256
1601349474710645	17260544
1601349474710651	1048576
1601349474710681	17260544
1601349474710697	3584
1601349474710773	-17260544
1601349474710775	-3584
1601349474710776	-1048576
1601349474710800	1048576
1601349474710808	1048576
1601349474710824	2560
1601349474710938	-2560
1601349474710941	-1048576
1601349474710949	-69046272
1601349474710993	-4096
1601349474711032	-5120
1601349474711070	-17260544
1601349474711107	-1048576
1601349474711119	17260544
1601349474711120	1024
1601349474711120	1024
1601349474711121	256
1601349474711144	256
1601349474711220	-17260544
1601349474711222	-17260544
1601349474711223	-1024
1601349474711223	-1024
1601349474711225	-256
1601349474711225	-256
1601349474711278	-1048576
1601349474711289	17260544
1601349474711296	2359808
1601349474711395	17260544
1601349474711412	122683392
1601349474711811	-17260544
1601349474711813	-122683392
1601349474711814	-2359808
1601349474711840	2359808
1601349474711847	4194304
1601349474711863	110886912
1601349474712169	-110886912
1601349474712172	-4194304
1601349474712180	-17260544
1601349474712187	-256
1601349474713561	-1024
1601349474713600	-1024
1601349474713634	-17260544
1601349474713673	-2359296
1601349474713684	17260544
1601349474713685	1024
1601349474713689	1024
1601349474713690	256
1601349474715006	256
1601349474715120	-17260544
1601349474715122	-17260544
1601349474715123	-1024
1601349474715124	-1024
1601349474715125	-256
1601349474715126	-256
1601349474715179	-2359808
1601349474715192	69042176
1601349474715198	1048576
1601349474715284	69042176
1601349474715302	4096
1601349474715370	-69042176
1601349474715372	-4096
1601349474715373	-1048576
1601349474715399	1048576
1601349474715406	1049088
1601349474715422	4096
1601349474715558	-4096
1601349474715561	-1049088
1601349474715569	-17260544
1601349474715668	-1024
1601349474716551	-1024
1601349474716678	-69042176
1601349474716772	-1048576
1601349474716853	-69042176
1601349474717669	-1048576
1601349474717681	69050368
1601349474717682	4096
1601349474717683	4096
1601349474717683	256
1601349474717766	256
1601349474718127	-69042176
1601349474718128	-4096
1601349474718133	-4096
1601349474718135	-256
1601349474718136	-256
1601349474718154	26740992
1601349474718160	1049088
1601349474718191	17260544
1601349474718207	3584
1601349474718279	-26740992
1601349474718281	-3584
1601349474718283	-1049088
1601349474718307	1049088
1601349474718315	1048576
1601349474718331	2560
1601349474718447	-2560
1601349474718450	-1048576
1601349474718458	-69050368
1601349474718503	-4096
1601349474718542	-4096
1601349474718579	-17264640
1601349474719759	-1048576
1601349474719775	17264640
1601349474719775	1024
1601349474719776	1024
1601349474719776	256
1601349474719800	256
1601349474719878	-17260544
1601349474719880	-17260544
1601349474719880	-1024
1601349474719881	-1024
1601349474719883	-256
1601349474719883	-256
1601349474721204	-1049088
1601349474721217	17260544
1601349474721223	4194304
1601349474721251	26740992
1601349474721267	122683392
1601349474721504	-17260544
1601349474721506	-122683392
1601349474721507	-4194304
1601349474721537	4194304
1601349474721544	4194304
1601349474721560	110886912
1601349474722023	-110886912
1601349474722026	-4194304
1601349474722033	-17264640
1601349474722084	-1024
1601349474722129	-1024
1601349474722169	-17260544
1601349474723493	-2359296
1601349474723506	17260544
1601349474723506	1024
1601349474723507	1024
1601349474723507	256
1601349474723535	256
1601349474723614	-26740992
1601349474723615	-17260544
1601349474723616	-1024
1601349474723616	-1024
1601349474723618	-256
1601349474723618	-256
1601349474723669	-4194304
1601349474723682	69042176
1601349474723688	1048576
1601349474724913	69042176
1601349474724929	4096
1601349474725005	-69042176
1601349474725007	-4096
1601349474725008	-1048576
1601349474725032	1048576
1601349474725040	1048576
1601349474725056	4096
1601349474725170	-4096
1601349474725172	-1048576
1601349474725180	-17260544
1601349474725225	-1024
1601349474725330	-1024
1601349474725464	-69042176
1601349474725571	-1048576
1601349474726448	-69042176
1601349474726567	-1048576
1601349474726578	69043200
1601349474726578	4096
1601349474726579	5120
1601349474726579	256
1601349474726649	256
1601349474726788	-69042176
1601349474726789	-4096
1601349474726790	-4096
1601349474726791	-256
1601349474726792	-256
1601349474726809	69042176
1601349474726810	4096
1601349474726811	4096
1601349474726811	256
1601349474727546	256
1601349474727700	-69042176
1601349474727702	-69042176
1601349474727703	-4096
1601349474727708	-4096
1601349474727709	-256
1601349474727709	-256
1601349474727728	138084352
1601349474727735	2097152
1601349474727955	138084352
1601349474728052	-138084352
1601349474728054	-2097152
1601349474728082	2097152
1601349474728089	2097152
1601349474728105	2560
1601349474728224	-2560
1601349474728227	-2097152
1601349474728235	-69043200
1601349474728279	-4096
1601349474728318	-5120
1601349474728330	30149376
1601349474728335	1048576
1601349474728366	17260544
1601349474728381	4096
1601349474729636	-30149376
1601349474729639	-4096
1601349474729639	-1048576
1601349474729664	1048576
1601349474729671	1048576
1601349474729687	4096
1601349474731200	-4096
1601349474731203	-1048576
1601349474731211	-69042176
1601349474731255	-4096
1601349474731293	-4096
1601349474731418	-2097152
1601349474731460	-17260544
1601349474731653	-1048576
1601349474731689	-2097152
1601349474731704	30149376
1601349474731705	1024
1601349474731705	1024
1601349474731706	256
1601349474731728	256
1601349474731805	-17260544
1601349474731807	-17260544
1601349474731807	-1024
1601349474731808	-1024
1601349474731809	-256
1601349474731810	-256
1601349474731975	-1048576
1601349474731987	17260544
1601349474731993	4194304
1601349474732019	17260544
1601349474732040	172605440
1601349474732494	-17260544
1601349474732496	-172605440
1601349474732497	-4194304
1601349474732522	4194304
1601349474732528	4194304
1601349474732544	172605440
1601349474738871	-172605440
1601349474738873	-4194304
1601349474738881	-30149376
1601349474738933	-1024
1601349474738970	-1024
1601349474739004	-17260544
1601349474739045	-2359296
1601349474739058	17260544
1601349474739062	1024
1601349474739062	1024
1601349474739063	256
1601349474739085	256
1601349474740422	-17260544
1601349474740424	-17260544
1601349474740425	-1024
1601349474740425	-1024
1601349474740427	-256
1601349474740427	-256
1601349474740474	-4194304
1601349474740490	138084352
1601349474740496	524288
1601349474740523	189882368
1601349474741806	-138084352
1601349474741808	-524288
1601349474741836	524288
1601349474741843	524288
1601349474741860	4096
1601349474741987	-4096
1601349474741990	-524288
1601349474741997	-17260544
1601349474742041	-1024
1601349474742081	-1024
1601349474742129	-189882368
1601349474742164	-524288
1601349474742203	-138084352
1601349474742242	-524288
1601349474742253	138086400
1601349474742254	2048
1601349474742255	2048
1601349474742255	256
1601349474742329	256
1601349474742528	-138084352
1601349474742529	-2048
1601349474742530	-2048
1601349474742532	-256
1601349474742533	-256
1601349474742551	44045312
1601349474742557	262144
1601349474742593	34521088
1601349474742609	6912
1601349474743661	-44045312
1601349474743663	-6912
1601349474743664	-262144
1601349474743689	262144
1601349474743697	262144
1601349474743713	2560
1601349474744983	-2560
1601349474744986	-262144
1601349474744994	-138086400
1601349474745044	-2048
1601349474745080	-2048
1601349474745117	-34521088
1601349474745154	-262144
1601349474745165	34521088
1601349474745166	512
1601349474745167	512
1601349474745167	256
1601349474745194	256
1601349474745269	-34521088
1601349474745271	-34521088
1601349474745272	-512
1601349474745273	-512
1601349474745274	-256
1601349474745275	-256
1601349474745321	-262144
1601349474745337	34521088
1601349474745343	1048576
1601349474745370	44045312
1601349474745386	175767552
1601349474746284	-34521088
1601349474746286	-175767552
1601349474746288	-1048576
1601349474746313	1048576
1601349474746320	1049088
1601349474746340	157704192
1601349474747172	-157704192
1601349474747175	-1049088
1601349474747183	-34521088
1601349474747545	-512
1601349474747586	-512
1601349474747958	-34521088
1601349474747996	-589824
1601349474748008	34521088
1601349474748009	512
1601349474748010	512
1601349474748010	256
1601349474748033	256
1601349474748574	-44045312
1601349474748575	-34521088
1601349474748576	-512
1601349474748582	-512
1601349474748583	-256
1601349474748584	-256
1601349474748631	-1048576
1601349474748646	138084352
1601349474748652	262144
1601349474748679	138084352
1601349474748695	6912
1601349474749791	-138084352
1601349474749794	-6912
1601349474749795	-262144
1601349474749819	262144
1601349474749826	262144
1601349474749842	4096
1601349474751099	-4096
1601349474751101	-262144
1601349474751110	-34521088
1601349474751184	-512
1601349474751225	-512
1601349474751265	-138084352
1601349474751301	-262144
1601349474751395	-138084352
1601349474751434	-262144
1601349474751445	138086400
1601349474751446	2048
1601349474751447	2048
1601349474751447	256
1601349474751602	256
1601349474751694	-138084352
1601349474751695	-2048
1601349474751696	-2048
1601349474751698	-256
1601349474751698	-256
1601349474751717	44045312
1601349474751723	262144
1601349474752539	34521088
1601349474752555	6912
1601349474753016	-44045312
1601349474753018	-6912
1601349474753020	-262144
1601349474753044	262144
1601349474753051	262144
1601349474753067	2560
1601349474754126	-2560
1601349474754129	-262144
1601349474754137	-138086400
1601349474754205	-2048
1601349474754245	-2048
1601349474754281	-34521088
1601349474754319	-262144
1601349474754335	34521088
1601349474754335	512
1601349474754336	512
1601349474754337	256
1601349474754422	256
1601349474754508	-34521088
1601349474754509	-34521088
1601349474754510	-512
1601349474754511	-512
1601349474754512	-256
1601349474754513	-256
1601349474754559	-262144
1601349474754576	34521088
1601349474754581	852736
1601349474754608	44307712
1601349474754624	175767552
1601349474755865	-34521088
1601349474755867	-175767552
1601349474755868	-852736
1601349474755893	852736
1601349474755904	1048576
1601349474755920	157704192
1601349474757511	-157704192
1601349474757514	-1048576
1601349474757522	-34521088
1601349474757571	-512
1601349474757926	-512
1601349474757967	-34521088
1601349474758004	-589824
1601349474758015	34521088
1601349474758016	512
1601349474758017	512
1601349474758017	256
1601349474758471	256
1601349474758559	-44307712
1601349474758560	-34521088
1601349474758561	-512
1601349474758561	-512
1601349474758563	-256
1601349474758563	-256
1601349474758612	-852736
1601349474758631	138084352
1601349474758637	262144
1601349474758665	138084352
1601349474758681	6912
1601349474759762	-138084352
1601349474759764	-6912
1601349474759765	-262144
1601349474759790	262144
1601349474759797	262144
1601349474759814	4096
1601349474761058	-4096
1601349474761061	-262144
1601349474761069	-34521088
1601349474761153	-512
1601349474761192	-512
1601349474761231	-138084352
1601349474761335	-262144
1601349474761374	-138084352
1601349474761413	-262144
1601349474761424	138088448
1601349474761425	2048
1601349474761426	2048
1601349474761426	256
1601349474761555	256
1601349474761648	-138084352
1601349474761649	-2048
1601349474761650	-2048
1601349474761651	-256
1601349474761652	-256
1601349474761674	45881344
1601349474761681	262144
1601349474762495	34521088
1601349474762512	6912
1601349474762965	-45881344
1601349474762968	-6912
1601349474762969	-262144
1601349474762994	262144
1601349474763001	262144
1601349474763017	2560
1601349474763934	-2560
1601349474763937	-262144
1601349474763945	-138088448
1601349474764024	-2048
1601349474764064	-2048
1601349474764103	-34523136
1601349474764209	-262144
1601349474764224	34523136
1601349474764225	512
1601349474764226	512
1601349474764226	256
1601349474764249	256
1601349474764326	-34521088
1601349474764328	-34521088
1601349474764329	-512
1601349474764330	-512
1601349474764331	-256
1601349474764331	-256
1601349474764381	-262144
1601349474764393	34521088
1601349474764399	1048576
1601349474764426	45881344
1601349474764442	175767552
1601349474766886	-34521088
1601349474766888	-175767552
1601349474766890	-1048576
1601349474766919	1048576
1601349474766927	589824
1601349474766944	157704192
1601349474767330	-157704192
1601349474767333	-589824
1601349474767341	-34523136
1601349474767725	-512
1601349474767760	-512
1601349474767799	-34521088
1601349474767836	-589824
1601349474767848	34521088
1601349474767848	512
1601349474767849	512
1601349474767850	256
1601349474768299	256
1601349474768377	-45881344
1601349474768379	-34521088
1601349474768379	-512
1601349474768380	-512
1601349474768381	-256
1601349474768381	-256
1601349474768432	-1048576
1601349474768443	138084352
1601349474768449	262656
1601349474769512	138084352
1601349474769528	6912
1601349474769606	-138084352
1601349474769609	-6912
1601349474769610	-262656
1601349474769635	262656
1601349474769642	262144
1601349474769658	4096
1601349474770934	-4096
1601349474770936	-262144
1601349474770945	-34521088
1601349474770990	-512
1601349474771031	-512
1601349474771124	-138084352
1601349474771162	-262144
1601349474771197	-138084352
1601349474771351	-262656
1601349474771362	138086400
1601349474771363	2048
1601349474771363	2048
1601349474771364	256
1601349474771391	256
1601349474772340	-138084352
1601349474772341	-2048
1601349474772342	-2048
1601349474772343	-256
1601349474772344	-256
1601349474772361	138084352
1601349474772362	2048
1601349474772362	2048
1601349474772363	256
1601349474772451	256
1601349474772657	-138084352
1601349474772659	-138084352
1601349474772659	-2048
1601349474772665	-2048
1601349474772666	-256
1601349474772667	-256
1601349474772685	276168704
1601349474772692	524288
1601349474772758	276168704
1601349474773677	-276168704
1601349474773680	-524288
1601349474773707	524288
1601349474773714	524288
1601349474773731	2560
1601349474773846	-2560
1601349474773849	-524288
1601349474773856	-138086400
1601349474773900	-2048
1601349474774005	-2048
1601349474774016	48176384
1601349474774022	262656
1601349474774054	34521088
1601349474774070	6912
1601349474774149	-48176384
1601349474774151	-6912
1601349474774153	-262656
1601349474774177	262656
1601349474774184	262144
1601349474774200	4096
1601349474776677	-4096
1601349474776679	-262144
1601349474776688	-138084352
1601349474776731	-2048
1601349474776769	-2048
1601349474776803	-524288
1601349474777108	-34521088
1601349474777145	-262144
1601349474777515	-524288
1601349474777530	48176384
1601349474777531	512
1601349474777532	512
1601349474777533	256
1601349474777555	256
1601349474777632	-34521088
1601349474777635	-34521088
1601349474777636	-512
1601349474777636	-512
1601349474777638	-256
1601349474777638	-256
1601349474778075	-262656
1601349474778088	34521088
1601349474778102	1048576
1601349474778135	34521088
1601349474778151	207132672
1601349474779344	-34521088
1601349474779346	-207132672
1601349474779347	-1048576
1601349474779372	1048576
1601349474779380	589824
1601349474779395	207132672
1601349474780641	-207132672
1601349474780643	-589824
1601349474780652	-48176384
1601349474780735	-512
1601349474780772	-512
1601349474780808	-34521088
1601349474780846	-589824
1601349474780858	34521088
1601349474780863	512
1601349474780863	512
1601349474780864	256
1601349474780940	256
1601349474781035	-34521088
1601349474781037	-51771648
1601349474781038	-512
1601349474781039	-512
1601349474781040	-256
1601349474781040	-256
1601349474781147	-1048576
1601349474781164	276168704
1601349474781170	131072
1601349474781197	345218560
1601349474782250	-276168704
1601349474782252	-131072
1601349474782279	131072
1601349474782287	131072
1601349474782304	4096
1601349474783475	-4096
1601349474783478	-131072
1601349474783486	-34521088
1601349474783531	-512
1601349474783571	-512
1601349474783610	-345218560
1601349474783643	-131072
1601349474783681	-276168704
1601349474783720	-131072
1601349474783731	276168704
1601349474783732	1792
1601349474783732	1024
1601349474783733	256
1601349474783820	256
1601349474783904	-276168704
1601349474783906	-1024
1601349474783906	-1024
1601349474783908	-256
1601349474783909	-256
1601349474783927	69042176
1601349474783933	65536
1601349474783969	69042176
1601349474783985	21248
1601349474785233	-69042176
1601349474785236	-21248
1601349474785237	-65536
1601349474785262	65536
1601349474785269	65536
1601349474785286	4096
1601349474786519	-4096
1601349474786521	-65536
1601349474786530	-276168704
1601349474786581	-1792
1601349474786909	-1024
1601349474786946	-69042176
1601349474787315	-65536
1601349474787327	69042176
1601349474787328	256
1601349474787328	256
1601349474787329	256
1601349474787356	256
1601349474787432	-69042176
1601349474787434	-69042176
1601349474787435	-256
1601349474787436	-256
1601349474787437	-256
1601349474787438	-256
1601349474787865	-65536
1601349474787881	69042176
1601349474787888	147456
1601349474787915	69411840
1601349474787932	409856
1601349474788068	-69042176
1601349474788070	-409856
1601349474788071	-147456
1601349474788097	147456
1601349474788104	147456
1601349474788121	5632
1601349474790395	-5632
1601349474790398	-147456
1601349474790406	-69042176
1601349474790457	-256
1601349474790494	-256
1601349474790529	-69042176
1601349474790570	-147456
1601349474790584	69042176
1601349474790585	256
1601349474790585	256
1601349474790586	256
1601349474790608	256
1601349474790686	-69411840
1601349474790687	-69042176
1601349474790688	-256
1601349474790689	-256
1601349474790691	-256
1601349474790691	-256
1601349474790744	-147456
1601349474790756	276168704
1601349474790763	65536
1601349474790790	276168704
1601349474790811	21248
1601349474790980	-276168704
1601349474790983	-21248
1601349474790984	-65536
1601349474791010	65536
1601349474791017	65536
1601349474791033	4096
1601349474793215	-4096
1601349474793217	-65536
1601349474793226	-69042176
1601349474793276	-256
1601349474793310	-256
1601349474793349	-276168704
1601349474793384	-65536
1601349474793417	-276168704
1601349474793456	-65536
1601349474793467	276168704
1601349474793468	1792
1601349474793469	1024
1601349474793469	256
1601349474793495	256
1601349474793650	-276168704
1601349474793651	-1024
1601349474793652	-1024
1601349474793654	-256
1601349474793654	-256
1601349474793672	69411840
1601349474793678	65536
1601349474793708	69042176
1601349474793724	21248
1601349474793800	-69411840
1601349474793802	-21248
1601349474793803	-65536
1601349474793827	65536
1601349474793835	65536
1601349474793851	4096
1601349474796276	-4096
1601349474796279	-65536
1601349474796287	-276168704
1601349474796332	-1792
1601349474796372	-1024
1601349474796682	-69042176
1601349474796721	-65536
1601349474796732	69042176
1601349474796733	256
1601349474796734	256
1601349474796734	256
1601349474797086	256
1601349474797168	-69042176
1601349474797170	-69042176
1601349474797170	-256
1601349474797172	-256
1601349474797173	-256
1601349474797173	-256
1601349474797226	-65536
1601349474797238	69042176
1601349474797244	147456
1601349474797274	74283008
1601349474797290	409856
1601349474797687	-69042176
1601349474797689	-409856
1601349474797690	-147456
1601349474797721	147456
1601349474797728	147456
1601349474797745	5632
1601349474802214	-5632
1601349474802217	-147456
1601349474802225	-69042176
1601349474802275	-256
1601349474804812	-256
1601349474804852	-69042176
1601349474804890	-147456
1601349474804901	69042176
1601349474804902	256
1601349474804902	256
1601349474804903	256
1601349474804926	256
1601349474805009	-74283008
1601349474805010	-69042176
1601349474805011	-256
1601349474805011	-256
1601349474805013	-256
1601349474805013	-256
1601349474805062	-147456
1601349474805079	276168704
1601349474805085	65536
1601349474805112	276168704
1601349474805128	21248
1601349474806143	-276168704
1601349474806146	-21248
1601349474806147	-65536
1601349474806172	65536
1601349474806179	65536
1601349474806196	3072
1601349474807432	-3072
1601349474807435	-65536
1601349474807442	-69042176
1601349474807486	-256
1601349474807542	-256
1601349474807580	-276168704
1601349474807614	-65536
1601349474807652	-276168704
1601349474807757	-65536
1601349474807768	276168704
1601349474807768	1792
1601349474807769	1024
1601349474807770	256
1601349474807796	256
1601349474807873	-276168704
1601349474807874	-1024
1601349474807876	-1024
1601349474807877	-256
1601349474807877	-256
1601349474807894	276168704
1601349474807894	1024
1601349474807895	1024
1601349474807896	256
1601349474807987	256
1601349474808072	-276168704
1601349474808074	-276168704
1601349474808075	-1024
1601349474808076	-1024
1601349474808077	-256
1601349474808077	-256
1601349474808100	74283008
1601349474808106	65536
1601349474808925	69042176
1601349474808942	21248
1601349474809397	-74283008
1601349474809399	-21248
1601349474809401	-65536
1601349474809425	65536
1601349474809432	65536
1601349474809448	3072
1601349474810367	-3072
1601349474810370	-65536
1601349474810377	-276168704
1601349474810453	-1792
1601349474810494	-1024
1601349474810504	74283008
1601349474810510	65536
1601349474810540	69042176
1601349474810556	21248
1601349474812518	-74283008
1601349474812521	-21248
1601349474812523	-65536
1601349474812553	65536
1601349474812562	65536
1601349474812581	3072
1601349474812696	-3072
1601349474812700	-65536
1601349474812708	-276168704
1601349474812989	-1024
1601349474813029	-1024
1601349474813069	-65536
1601349474813108	-69042176
1601349474813783	-65536
1601349474813823	-65536
1601349474813838	69042176
1601349474813839	256
1601349474813840	256
1601349474813841	256
1601349474814580	256
1601349474814664	-69042176
1601349474814666	-69042176
1601349474814667	-256
1601349474814668	-256
1601349474814670	-256
1601349474814670	-256
1601349474814718	-65536
1601349474814735	69042176
1601349474814742	147456
1601349474815631	83598336
1601349474815648	409856
1601349474815726	-69042176
1601349474815729	-409856
1601349474815730	-147456
1601349474815756	147456
1601349474815763	147456
1601349474815780	5632
1601349474816994	-5632
1601349474816997	-147456
1601349474817005	-69042176
1601349474818226	-256
1601349474818268	-256
1601349474818307	-69042176
1601349474818344	-147456
1601349474818359	69042176
1601349474818360	256
1601349474818360	256
1601349474818361	256
1601349474818443	256
1601349474818521	-83598336
1601349474818523	-69042176
1601349474818524	-256
1601349474818525	-256
1601349474818527	-256
1601349474818527	-256
1601349474818581	-147456
1601349474818594	83877376
1601349474818600	16384
1601349474818736	69042176
1601349474818754	21248
1601349474819042	-83877376
1601349474819044	-21248
1601349474819046	-16384
1601349474819070	16384
1601349474819078	16384
1601349474819095	3072
1601349474820543	-3072
1601349474820546	-16384
1601349474820553	-69042176
1601349474821445	-256
1601349474821480	-256
1601349474821519	-69042176
1601349474821555	-16384
1601349474821569	276168704
1601349474821695	-69042176
1601349474821696	-69042176
1601349474821742	-16384
1601349474821778	-276168704
1601349474821793	345210880
1601349474821794	256
1601349474821795	256
1601349474821796	256
1601349474821980	256
1601349474822056	-276168704
1601349474822057	-276168704
1601349474822058	-256
1601349474822059	-256
1601349474822060	-256
1601349474822061	-256
1601349474822084	37632
1601349474822100	37632
1601349474822119	35840
1601349474823535	-35840
1601349474823538	-37632
1601349474823546	-54593024
1601349474823547	-345210880
1601349474823592	-256
1601349474823633	-256
1601349474824780	-37632
1601349474824820	-256
1601349474824821	-37632
