1598953265690337	256
1598953265690616	256
1598953265690689	256
1598953265690753	256
1598953265690889	-256
1598953265690898	256
1598953265690992	-256
1598953265691103	256
1598953265691248	256
1598953265691304	256
1598953265691379	-256
1598953265691511	256
1598953265691602	-256
1598953265691621	256
1598953265691823	-256
1598953265691826	-256
1598953265691833	-256
1598953265691836	-256
1598953265691865	256
1598953265692055	-256
1598953265692078	-256
1598953265692139	-256
1598953265692565	256
1598953265693315	256
1598953265694091	256
1598953265694116	256
1598953265694195	-256
1598953265694226	262144
1598953265694293	256
1598953265694317	9216
1598953265694384	-9216
1598953265694408	2359296
1598953265694460	256
1598953265694474	9216
1598953265694530	-9216
1598953265694552	2359296
1598953265694601	256
1598953265694603	256
1598953265694652	-256
1598953265694672	262144
1598953265694721	256
1598953265694723	256
1598953265694770	-256
1598953265694790	131072
1598953265694838	256
1598953265694840	256
1598953265694895	-256
1598953265694916	262144
1598953265694964	256
1598953265694966	256
1598953265695014	-256
1598953265695033	589824
1598953265695080	256
1598953265695083	256
1598953265695130	-256
1598953265695149	262144
1598953265695198	256
1598953265695199	256
1598953265695247	-256
1598953265695267	589824
1598953265695316	256
1598953265695318	256
1598953265695366	-256
1598953265695385	262144
1598953265695435	256
1598953265695437	256
1598953265695484	-256
1598953265695503	262144
1598953265695552	256
1598953265695554	256
1598953265695602	-256
1598953265695620	589824
1598953265695670	256
1598953265695672	256
1598953265695718	-256
1598953265695737	524288
1598953265695786	256
1598953265695788	256
1598953265695835	-256
1598953265695854	589824
1598953265695901	256
1598953265695903	256
1598953265695950	-256
1598953265695968	262144
1598953265696016	256
1598953265696018	256
1598953265696067	-256
1598953265696086	1048576
1598953265696135	256
1598953265696149	9216
1598953265696210	-9216
1598953265696231	2097152
1598953265696280	256
1598953265696282	256
1598953265696330	-256
1598953265696349	1048576
1598953265696398	256
1598953265696400	256
1598953265696447	-256
1598953265696466	1048576
1598953265696515	256
1598953265696516	256
1598953265696564	-256
1598953265696582	1048576
1598953265696630	256
1598953265696632	256
1598953265696679	-256
1598953265696698	1048576
1598953265696746	256
1598953265696748	256
1598953265696795	-256
1598953265696814	1048576
1598953265696861	256
1598953265696863	256
1598953265696911	-256
1598953265696929	1048576
1598953265696978	256
1598953265696979	256
1598953265697027	-256
1598953265697046	1048576
1598953265697094	256
1598953265697096	256
1598953265697143	-256
1598953265697162	1048576
1598953265697210	256
1598953265697212	256
1598953265697259	-256
1598953265697277	1048576
1598953265697325	256
1598953265697338	9216
1598953265697405	-9216
1598953265697427	2359296
1598953265697475	256
1598953265697478	256
1598953265697526	-256
1598953265697545	1048576
1598953265697593	256
1598953265697606	9216
1598953265697662	-9216
1598953265697683	9437184
1598953265697734	256
1598953265697746	9216
1598953265697804	-9216
1598953265697825	9437184
1598953265697875	256
1598953265697887	9216
1598953265697945	-9216
1598953265697966	2359296
1598953265698018	38535168
1598953265698085	256
1598953265698147	4096
1598953265698192	256
1598953265698195	256
1598953265698242	-256
1598953265698262	524288
1598953265698312	256
1598953265698314	256
1598953265698363	-256
1598953265698382	147456
1598953265698431	256
1598953265698433	256
1598953265698482	-256
1598953265698501	147456
1598953265698550	256
1598953265698552	256
1598953265698601	-256
1598953265698620	65536
1598953265698664	256
1598953265698677	9216
1598953265698735	-9216
1598953265698754	4194304
1598953265698811	256
1598953265698813	256
1598953265698866	-256
1598953265698886	65536
1598953265698929	256
1598953265698931	256
1598953265698978	-256
1598953265698996	65536
1598953265699040	256
1598953265699042	256
1598953265699089	-256
1598953265699108	37632
1598953265699151	256
1598953265699153	256
1598953265699200	-256
1598953265699219	65536
1598953265699264	256
1598953265699265	256
1598953265699312	-256
1598953265699330	65536
1598953265699373	256
1598953265699375	256
1598953265699421	-256
1598953265699440	65536
1598953265699483	256
1598953265699496	9216
1598953265699552	-9216
1598953265699573	8200192
1598953265699621	256
1598953265699623	256
1598953265699672	-256
1598953265699692	147456
1598953265699740	256
1598953265699753	9216
1598953265699811	-9216
1598953265699831	2097152
1598953265699880	256
1598953265699893	9216
1598953265699951	-9216
1598953265699971	4194304
1598953265700020	256
1598953265700033	9216
1598953265700089	-9216
1598953265700110	2359296
1598953265700160	256
1598953265700207	16384
1598953265700252	256
1598953265700264	9216
1598953265700321	-9216
1598953265700341	9437184
1598953265700392	256
1598953265700404	9216
1598953265700480	-9216
1598953265700501	2359296
1598953265700551	256
1598953265700563	9216
1598953265700622	-9216
1598953265700643	8388608
1598953265700692	256
1598953265700705	9216
1598953265700764	-9216
1598953265700785	4194304
1598953265700836	256
1598953265700848	9216
1598953265700907	-9216
1598953265700929	4194304
1598953265700978	256
1598953265700991	9216
1598953265701050	-9216
1598953265701071	4194304
1598953265701132	40627200
1598953265701183	-38535168
1598953265701387	-256
1598953265701388	-256
1598953265701389	-256
1598953265701390	-256
1598953265701391	-256
1598953265701392	-256
1598953265701393	-256
1598953265701394	-256
1598953265701395	-256
1598953265701396	-256
1598953265701397	-256
1598953265701398	-256
1598953265701398	-256
1598953265701399	-256
1598953265701400	-256
1598953265701401	-256
1598953265701402	-256
1598953265701403	-256
1598953265701404	-256
1598953265701405	-256
1598953265701406	-256
1598953265701407	-256
1598953265701408	-256
1598953265701409	-256
1598953265701410	-256
1598953265701411	-256
1598953265701412	-256
1598953265701413	-256
1598953265701414	-256
1598953265701414	-256
1598953265701416	-256
1598953265701417	-256
1598953265701418	-256
1598953265701419	-256
1598953265701419	-256
1598953265701420	-256
1598953265701421	-256
1598953265701422	-256
1598953265701423	-256
1598953265701424	-256
1598953265701425	-256
1598953265701426	-256
1598953265701427	-256
1598953265701428	-256
1598953265701429	-256
1598953265701430	-256
1598953265701431	-256
1598953265701432	-256
1598953265701433	-256
1598953265701434	-256
1598953265701436	-256
1598953265701437	-256
1598953265701437	-256
1598953265701439	-256
1598953265701469	205520896
1598953265701480	37632
1598953265701563	75520
1598953265701669	-75520
1598953265701674	-37632
1598953265701792	205520896
1598953265701793	256
1598953265701794	256
1598953265701795	256
1598953265701796	256
1598953265702136	51380224
1598953265702331	51380224
1598953265702339	16384
1598953265702398	18944
1598953265702480	-18944
1598953265702485	-16384
1598953265702523	205520896
1598953265702530	65536
1598953265702587	18944
1598953265702674	-18944
1598953265702677	-65536
1598953265702797	-256
1598953265702839	-256
1598953265702855	51380224
1598953265702856	256
1598953265702857	256
1598953265702858	256
1598953265702859	256
1598953265702999	205520896
1598953265703001	1024
1598953265703002	1024
1598953265703003	1024
1598953265703004	1024
1598953265703349	51380224
1598953265703356	147456
1598953265703410	89178112
1598953265703801	-89178112
1598953265703805	-147456
1598953265704050	51380224
1598953265704051	256
1598953265704053	256
1598953265704053	256
1598953265704055	256
1598953265704223	-256
1598953265704283	-256
1598953265704323	-1024
1598953265704361	-1024
1598953265704499	205520896
1598953265704506	65536
1598953265704559	18944
1598953265704635	-18944
1598953265704638	-65536
1598953265704790	205520896
1598953265704791	1024
1598953265704792	1024
1598953265704793	1024
1598953265704794	1024
1598953265704956	-256
1598953265704996	-256
1598953265705043	-205520896
1598953265705254	51380224
1598953265705261	65536
1598953265705313	18944
1598953265705394	-18944
1598953265705398	-65536
1598953265705491	-1024
1598953265705531	-1024
1598953265705546	51380224
1598953265705547	256
1598953265705548	256
1598953265705549	256
1598953265705550	256
1598953265705805	51380224
1598953265705812	147456
1598953265705865	89178112
1598953265706228	-89178112
1598953265706232	-147456
1598953265706387	51380224
1598953265706389	256
1598953265706390	256
1598953265706391	256
1598953265706391	256
1598953265706554	-256
1598953265706593	-256
1598953265706732	205520896
1598953265706739	65536
1598953265706791	18944
1598953265706863	-18944
1598953265706867	-65536
1598953265707014	205520896
1598953265707015	1024
1598953265707016	1024
1598953265707018	1024
1598953265707019	1024
1598953265707181	-256
1598953265707222	-256
1598953265707480	51380224
1598953265707487	65536
1598953265707540	18944
1598953265707613	-18944
1598953265707617	-65536
1598953265707710	-1024
1598953265707748	-1024
1598953265707764	51380224
1598953265707765	256
1598953265707765	256
1598953265707766	256
1598953265707767	256
1598953265708026	51380224
1598953265708032	147456
1598953265708083	89178112
1598953265708428	-89178112
1598953265708431	-147456
1598953265708585	51380224
1598953265708586	256
1598953265708587	256
1598953265708588	256
1598953265708589	256
1598953265708759	-256
1598953265708800	-256
1598953265708941	205520896
1598953265708949	65536
1598953265709000	18944
1598953265709074	-18944
1598953265709078	-65536
1598953265709229	205520896
1598953265709230	1024
1598953265709231	1024
1598953265709232	1024
1598953265709234	1024
1598953265709398	-256
1598953265709439	-256
1598953265709716	102760448
1598953265709723	524288
1598953265709777	4864
1598953265709850	-4864
1598953265709853	-524288
1598953265709926	38525184
1598953265709933	131072
1598953265709988	4864
1598953265710058	-4864
1598953265710061	-131072
1598953265710138	-1024
1598953265710178	-1024
1598953265710194	102760448
1598953265710195	2048
1598953265710196	2048
1598953265710197	2048
1598953265710199	2048
1598953265710329	25690112
1598953265710331	512
1598953265710332	512
1598953265710333	512
1598953265710334	512
1598953265710773	25690112
1598953265710780	589824
1598953265710835	117964800
1598953265710969	-117964800
1598953265710972	-589824
1598953265711153	-2048
1598953265711193	-2048
1598953265711209	25690112
1598953265711210	512
1598953265711211	512
1598953265711213	512
1598953265711214	512
1598953265711380	-512
1598953265711423	-512
1598953265711567	102760448
1598953265711574	262144
1598953265711627	4864
1598953265711702	-4864
1598953265711706	-262144
1598953265711859	102760448
1598953265711860	2048
1598953265711861	2048
1598953265711863	2048
1598953265711864	2048
1598953265712030	-512
1598953265712071	-512
1598953265712118	-102760448
1598953265712338	25690112
1598953265712346	262144
1598953265712399	4864
1598953265712472	-4864
1598953265712476	-262144
1598953265712566	-2048
1598953265712604	-2048
1598953265712619	25690112
1598953265712621	512
1598953265712621	512
1598953265712623	512
1598953265712623	512
1598953265712888	25690112
1598953265712895	589824
1598953265712950	117964800
1598953265713065	-117964800
1598953265713069	-589824
1598953265713223	25692160
1598953265713225	512
1598953265713226	512
1598953265713227	512
1598953265713228	512
1598953265713392	-512
1598953265713433	-512
1598953265713576	102760448
1598953265713583	262144
1598953265713636	4864
1598953265713711	-4864
1598953265713714	-262144
1598953265713868	102760448
1598953265713869	2048
1598953265713871	2048
1598953265713872	2048
1598953265713873	2048
1598953265714035	-512
1598953265714078	-512
1598953265714369	25690112
1598953265714376	262144
1598953265714427	4864
1598953265714498	-4864
1598953265714501	-262144
1598953265714592	-2048
1598953265714631	-2048
1598953265714648	25690112
1598953265714649	512
1598953265714650	512
1598953265714650	512
1598953265714652	512
1598953265714905	25690112
1598953265714911	589824
1598953265714963	117964800
1598953265715073	-117964800
1598953265715076	-589824
1598953265715222	25690112
1598953265715223	512
1598953265715224	512
1598953265715225	512
1598953265715227	512
1598953265715383	-512
1598953265715422	-512
1598953265715558	102760448
1598953265715565	262144
1598953265715615	4864
1598953265715685	-4864
1598953265715688	-262144
1598953265715831	102760448
1598953265715832	2048
1598953265715834	2048
1598953265715835	2048
1598953265715836	2048
1598953265715990	-512
1598953265716029	-512
1598953265716285	25690112
1598953265716292	262144
1598953265716343	4864
1598953265716412	-4864
1598953265716415	-262144
1598953265716504	-2048
1598953265716542	-2048
1598953265716555	25690112
1598953265716557	512
1598953265716557	512
1598953265716558	512
1598953265716559	512
1598953265716842	25690112
1598953265716848	589824
1598953265716900	117964800
1598953265717011	-117964800
1598953265717014	-589824
1598953265717158	25690112
1598953265717160	512
1598953265717161	512
1598953265717162	512
1598953265717163	512
1598953265717320	-512
1598953265717359	-512
1598953265717492	102760448
1598953265717499	262144
1598953265717549	4864
1598953265717622	-4864
1598953265717625	-262144
1598953265717767	102760448
1598953265717768	2048
1598953265717769	2048
1598953265717770	2048
1598953265717771	2048
1598953265717926	-512
1598953265717964	-512
1598953265718232	51380224
1598953265718239	2097152
1598953265718289	1280
1598953265718359	-1280
1598953265718363	-2097152
1598953265718431	12845056
1598953265718437	524288
1598953265718488	1280
1598953265718553	-1280
1598953265718556	-524288
1598953265718632	-2048
1598953265718681	-2048
1598953265718696	51380224
1598953265718697	4096
1598953265718698	4096
1598953265718699	4096
1598953265718701	4096
1598953265718807	12845056
1598953265718808	1024
1598953265718809	1024
1598953265718811	1024
1598953265718811	1024
1598953265719198	12845056
1598953265719205	2359296
1598953265719255	84934656
1598953265719363	-84934656
1598953265719366	-2359296
1598953265719534	-4096
1598953265719571	-4096
1598953265719585	12845056
1598953265719587	1024
1598953265719587	1024
1598953265719588	1024
1598953265719590	1024
1598953265719726	-1024
1598953265719764	-1024
1598953265719894	51380224
1598953265719901	1048576
1598953265719951	1280
1598953265720021	-1280
1598953265720025	-1048576
1598953265720169	51380224
1598953265720170	6144
1598953265720171	4096
1598953265720173	4096
1598953265720174	4096
1598953265720330	-1024
1598953265720369	-1024
1598953265720413	-51380224
1598953265720642	12845056
1598953265720649	1048576
1598953265720699	2048
1598953265720770	-2048
1598953265720772	-1048576
1598953265720863	-6144
1598953265720901	-4096
1598953265720915	12845056
1598953265720917	1024
1598953265720917	1024
1598953265720919	1024
1598953265720920	1024
1598953265721151	12845056
1598953265721157	2359296
1598953265721210	84934656
1598953265721318	-84934656
1598953265721321	-2359296
1598953265721464	12849152
1598953265721465	1024
1598953265721466	1024
1598953265721467	1024
1598953265721468	1024
1598953265721608	-1024
1598953265721647	-1024
1598953265721782	51380224
1598953265721789	1048576
1598953265721838	2048
1598953265721908	-2048
1598953265721911	-1048576
1598953265722053	51380224
1598953265722055	4096
1598953265722056	4096
1598953265722058	4096
1598953265722059	4096
1598953265722212	-1024
1598953265722252	-1024
1598953265722504	12845056
1598953265722511	1048576
1598953265722561	2048
1598953265722631	-2048
1598953265722635	-1048576
1598953265722727	-4096
1598953265722764	-4096
1598953265722779	12845056
1598953265722780	1024
1598953265722781	1024
1598953265722782	1024
1598953265722783	1024
1598953265723018	12845056
1598953265723024	2359296
1598953265723075	84934656
1598953265723184	-84934656
1598953265723188	-2359296
1598953265723332	12845056
1598953265723334	1024
1598953265723335	1024
1598953265723336	1024
1598953265723337	1024
1598953265723475	-1024
1598953265723514	-1024
1598953265723648	51380224
1598953265723656	1048576
1598953265723706	1280
1598953265723778	-1280
1598953265723781	-1048576
1598953265723923	51380224
1598953265723924	6144
1598953265723925	4096
1598953265723927	4096
1598953265723928	4096
1598953265724066	-1024
1598953265724105	-1024
1598953265724361	12845056
1598953265724367	1048576
1598953265724419	2048
1598953265724489	-2048
1598953265724492	-1048576
1598953265724584	-6144
1598953265724622	-4096
1598953265724637	12845056
1598953265724638	1024
1598953265724639	1024
1598953265724641	1024
1598953265724642	1024
1598953265724876	12845056
1598953265724882	2359296
1598953265724933	84934656
1598953265725041	-84934656
1598953265725045	-2359296
1598953265725189	12845056
1598953265725190	1024
1598953265725191	1024
1598953265725193	1024
1598953265725194	1024
1598953265725333	-1024
1598953265725372	-1024
1598953265725509	51380224
1598953265725516	1048576
1598953265725565	1280
1598953265725635	-1280
1598953265725638	-1048576
1598953265725781	51380224
1598953265725782	6144
1598953265725784	4096
1598953265725785	4096
1598953265725786	4096
1598953265725925	-1024
1598953265725964	-1024
1598953265726237	12845056
1598953265726243	1048576
1598953265726293	2048
1598953265726362	-2048
1598953265726365	-1048576
1598953265726479	-6144
1598953265726518	-4096
1598953265726530	12845056
1598953265726532	1024
1598953265726532	1024
1598953265726533	1024
1598953265726534	1024
1598953265748598	12845056
1598953265748606	2359296
1598953265748666	84934656
1598953265748785	-84934656
1598953265748790	-2359296
1598953265748953	12845056
1598953265748955	1024
1598953265748957	1024
1598953265748958	1024
1598953265748959	1024
1598953265749115	-1024
1598953265749156	-1024
1598953265749297	51380224
1598953265749304	1048576
1598953265749356	1280
1598953265749431	-1280
1598953265749435	-1048576
1598953265749586	51380224
1598953265749588	6144
1598953265749589	4096
1598953265749590	4096
1598953265749591	4096
1598953265749734	-1024
1598953265749775	-1024
1598953265750035	12845056
1598953265750042	1048576
1598953265750112	2048
1598953265750188	-2048
1598953265750191	-1048576
1598953265750289	-6144
1598953265750328	-4096
1598953265750344	12845056
1598953265750345	1024
1598953265750346	1024
1598953265750347	1024
1598953265750348	1024
1598953265750588	12845056
1598953265750595	2359296
1598953265750645	84934656
1598953265750755	-84934656
1598953265750758	-2359296
1598953265750907	12845056
1598953265750909	1024
1598953265750910	1024
1598953265750911	1024
1598953265750912	1024
1598953265751053	-1024
1598953265751091	-1024
1598953265751226	51380224
1598953265751233	1048576
1598953265751284	1280
1598953265751355	-1280
1598953265751358	-1048576
1598953265751512	51380224
1598953265751513	6144
1598953265751514	4096
1598953265751516	4096
1598953265751517	4096
1598953265751656	-1024
1598953265751694	-1024
1598953265751977	6422528
1598953265751984	2097152
1598953265752036	512
1598953265752106	-512
1598953265752110	-2097152
1598953265752155	25690112
1598953265752162	8388608
1598953265752215	512
1598953265752282	-512
1598953265752285	-8388608
1598953265752351	-6144
1598953265752390	-4096
1598953265752404	6422528
1598953265752405	2048
1598953265752406	2048
1598953265752407	2048
1598953265752408	2048
1598953265752520	25690112
1598953265752521	8192
1598953265752522	8192
1598953265752524	8192
1598953265752525	8192
1598953265752825	6422528
1598953265752831	9437184
1598953265752883	75497472
1598953265752991	-75497472
1598953265752995	-9437184
1598953265753217	6422528
1598953265753218	2048
1598953265753219	2048
1598953265753220	2048
1598953265753222	2048
1598953265753359	-2048
1598953265753396	-2048
1598953265753433	-8192
1598953265753469	-8192
1598953265753599	25690112
1598953265753606	4194304
1598953265753655	512
1598953265753725	-512
1598953265753728	-4194304
1598953265753876	25690112
1598953265753877	8192
1598953265753878	8192
1598953265753879	8192
1598953265753880	8192
1598953265754018	-2048
1598953265754058	-2048
1598953265754114	-25690112
1598953265754340	6422528
1598953265754347	4194304
1598953265754398	512
1598953265754467	-512
1598953265754471	-4194304
1598953265754562	-8192
1598953265754598	-8192
1598953265754614	6422528
1598953265754615	2048
1598953265754615	2048
1598953265754616	2048
1598953265754617	2048
1598953265754850	6422528
1598953265754856	9437184
1598953265754906	75497472
1598953265755012	-75497472
1598953265755015	-9437184
1598953265755159	6422528
1598953265755161	2048
1598953265755162	2048
1598953265755164	2048
1598953265755164	2048
1598953265755300	-2048
1598953265755338	-2048
1598953265755470	25690112
1598953265755478	4194304
1598953265755526	512
1598953265755595	-512
1598953265755599	-4194304
1598953265755743	25690112
1598953265755744	8192
1598953265755745	8192
1598953265755747	8192
1598953265755748	8192
1598953265755885	-2048
1598953265755923	-2048
1598953265756176	6422528
1598953265756182	4194304
1598953265756232	512
1598953265756301	-512
1598953265756305	-4194304
1598953265756396	-8192
1598953265756433	-8192
1598953265756447	6422528
1598953265756449	2048
1598953265756450	2048
1598953265756451	2048
1598953265756452	2048
1598953265756683	6422528
1598953265756689	9437184
1598953265756739	75497472
1598953265756846	-75497472
1598953265756849	-9437184
1598953265756996	6422528
1598953265756998	2048
1598953265756999	2048
1598953265757001	2048
1598953265757002	2048
1598953265757134	-2048
1598953265757172	-2048
1598953265757306	25690112
1598953265757313	4194304
1598953265757361	512
1598953265757431	-512
1598953265757434	-4194304
1598953265757577	25690112
1598953265757578	8192
1598953265757579	8192
1598953265757580	8192
1598953265757581	8192
1598953265757719	-2048
1598953265757757	-2048
1598953265758025	-8192
1598953265758061	-8192
1598953265758078	524288
1598953265758200	256256
1598953265758338	256
1598953265758340	256
1598953265758532	-256
1598953265758544	-256
1598953265758622	256
1598953265758660	-256
1598953265758674	4096
1598953265758739	524288
1598953265758801	8200192
1598953265758843	-524288
1598953265758845	-256256
1598953265758949	-4096
1598953265759007	-8200192
1598953265759055	-256
1598953265759107	-4096
1598953265759121	25690112
1598953265759163	-524288
1598953265759213	-8200192
1598953265759332	-25690112
1598953265759361	25698304
1598953265759362	8192
1598953265759364	8192
1598953265759365	256
1598953265759396	256
1598953265759490	-25690112
1598953265759491	-8192
1598953265759492	-8192
1598953265759495	-256
1598953265759496	-256
1598953265759621	8192512
1598953265759634	4194304
1598953265759683	6422528
1598953265759712	4096
1598953265759818	-8192512
1598953265759821	-4096
1598953265759823	-4194304
1598953265759862	8192512
1598953265759873	4194304
1598953265759901	4096
1598953265760064	-4096
1598953265760067	-4194304
1598953265760080	-25698304
1598953265760142	-8192
1598953265760184	-8192
1598953265760227	-6422528
1598953265760269	-4194304
1598953265760284	6422528
1598953265760285	2048
1598953265760286	2048
1598953265760287	256
1598953265760313	256
1598953265760396	-6422528
1598953265760398	-6422528
1598953265760399	-2048
1598953265760401	-2048
1598953265760404	-256
1598953265760405	-256
1598953265760462	-8192512
1598953265760476	6422528
1598953265760485	9437184
1598953265760539	8200704
1598953265760560	75497472
1598953265760672	-6422528
1598953265760674	-75497472
1598953265760676	-9437184
1598953265760711	9437184
1598953265760720	9437184
1598953265760743	75497472
1598953265760887	-75497472
1598953265760891	-9437184
1598953265760901	-6422528
1598953265760959	-2048
1598953265760999	-2048
1598953265761041	-6422528
1598953265761081	-9437184
1598953265761096	9437696
1598953265761097	2048
1598953265761098	2048
1598953265761099	256
1598953265761123	256
1598953265761212	-8200704
1598953265761214	-6422528
1598953265761215	-2048
1598953265761217	-2048
1598953265761219	-256
1598953265761220	-256
1598953265761315	-9437184
1598953265761330	25690112
1598953265761338	4194816
1598953265761372	25690112
1598953265761392	4096
1598953265761485	-25690112
1598953265761487	-4096
1598953265761489	-4194816
1598953265761520	4194816
1598953265761530	8200704
1598953265761551	4096
1598953265761702	-4096
1598953265761705	-8200704
1598953265761716	-9437696
1598953265761772	-2048
1598953265762380	-2048
1598953265762427	-25690112
1598953265762470	-4194304
1598953265762661	-25690112
1598953265762705	-4194816
1598953265762717	25698304
1598953265762718	8192
1598953265762720	8192
1598953265762721	256
1598953265762747	256
1598953265763014	-25690112
1598953265763015	-8192
1598953265763016	-8192
1598953265763019	-256
1598953265763020	-256
1598953265763043	8200704
1598953265763050	4194816
1598953265763085	9437696
1598953265763105	4096
1598953265763220	-8200704
1598953265763223	-4096
1598953265763224	-4194816
1598953265763257	4194816
1598953265763266	8200704
1598953265763286	4096
1598953265764137	-4096
1598953265764140	-8200704
1598953265764150	-25698304
1598953265764208	-8192
1598953265764250	-8192
1598953265764293	-6422528
1598953265764333	-4194304
1598953265764348	6422528
1598953265764349	2048
1598953265764350	2048
1598953265764351	256
1598953265764377	256
1598953265764455	-9437696
1598953265764456	-6422528
1598953265764458	-2048
1598953265764460	-2048
1598953265764462	-256
1598953265764463	-256
1598953265765052	-4194816
1598953265765067	6422528
1598953265765074	9437696
1598953265765164	8200704
1598953265765185	138004736
1598953265765292	-6422528
1598953265765296	-138004736
1598953265765297	-9437696
1598953265765330	9437696
1598953265765340	9437184
1598953265765361	128567552
1598953265765493	-128567552
1598953265765496	-9437184
1598953265765508	-6422528
1598953265765566	-2048
1598953265766233	-2048
1598953265766277	-6422528
1598953265766493	-9437184
1598953265766509	9437696
1598953265766510	2048
1598953265766511	2048
1598953265766512	256
1598953265766554	256
1598953265766800	-8200704
1598953265766801	-6422528
1598953265766802	-2048
1598953265766804	-2048
1598953265766806	-256
1598953265766807	-256
1598953265766861	-9437696
1598953265766875	25690112
1598953265766883	4194560
1598953265766913	25690112
1598953265766933	4096
1598953265767048	-25690112
1598953265767050	-4096
1598953265767052	-4194560
1598953265767083	4194560
1598953265767091	4194816
1598953265767110	4096
1598953265767966	-4096
1598953265767969	-4194816
1598953265767979	-9437696
1598953265768033	-2048
1598953265768076	-2048
1598953265768114	-25690112
1598953265768150	-4194304
1598953265768189	-25690112
1598953265768230	-4194560
1598953265768242	25690112
1598953265768243	8192
1598953265768244	8192
1598953265768245	256
1598953265768270	256
1598953265768980	-25690112
1598953265768981	-8192
1598953265768983	-8192
1598953265768985	-256
1598953265768986	-256
1598953265769007	25690112
1598953265769009	8192
1598953265769010	8192
1598953265769010	256
1598953265769039	256
1598953265769104	-25690112
1598953265769107	-25690112
1598953265769107	-8192
1598953265769108	-8192
1598953265769110	-256
1598953265769111	-256
1598953265769144	51380224
1598953265769151	9437696
1598953265769186	51380224
1598953265769340	-51380224
1598953265769343	-9437696
1598953265769387	9437696
1598953265769397	9437696
1598953265769419	4096
1598953265770028	-4096
1598953265770031	-9437696
1598953265770043	-25690112
1598953265770124	-8192
1598953265770165	-8192
1598953265770184	8200704
1598953265770193	4194816
1598953265770335	9437696
1598953265770354	4096
1598953265770625	-8200704
1598953265770628	-4096
1598953265770629	-4194816
1598953265770660	4194816
1598953265770669	4194816
1598953265770688	4096
1598953265770879	-4096
1598953265770882	-4194816
1598953265770892	-25690112
1598953265770943	-8192
1598953265771063	-8192
1598953265771761	-8388608
1598953265771803	-6422528
1598953265771847	-4194304
1598953265771892	-9437696
1598953265771904	6422528
1598953265771905	2048
1598953265771906	2048
1598953265771907	256
1598953265771932	256
1598953265772010	-9437696
1598953265772012	-6422528
1598953265772014	-2048
1598953265772014	-2048
1598953265772017	-256
1598953265772018	-256
1598953265772081	-4194816
1598953265772094	8200704
1598953265772102	9437696
1598953265772131	9437696
1598953265772157	102764544
1598953265772863	-8200704
1598953265772868	-102764544
1598953265772870	-9437696
1598953265772902	9437696
1598953265772913	9437184
1598953265772933	102764544
1598953265773061	-102764544
1598953265773064	-9437184
1598953265773075	-6422528
1598953265773137	-2048
1598953265773173	-2048
1598953265773216	-6422528
1598953265773260	-9437184
1598953265773274	8200704
1598953265773275	2048
1598953265773275	2048
1598953265773276	256
1598953265773965	256
1598953265774180	-9437696
1598953265774182	-6422528
1598953265774183	-2048
1598953265774184	-2048
1598953265774187	-256
1598953265774187	-256
1598953265774242	-9437696
1598953265774255	51380224
1598953265774264	2097152
1598953265774292	51380224
1598953265774533	-51380224
1598953265774535	-2097152
1598953265774571	2097152
1598953265774580	2097664
1598953265774602	4352
1598953265774742	-4352
1598953265774745	-2097664
1598953265774756	-8200704
1598953265774808	-2048
1598953265774845	-2048
1598953265775629	-51380224
1598953265775665	-2097152
1598953265775707	-51380224
1598953265775761	-2097152
1598953265775774	51384320
1598953265775775	4352
1598953265775776	6144
1598953265775777	256
1598953265775801	256
1598953265775896	-51380224
1598953265775898	-4096
1598953265775899	-4096
1598953265775902	-256
1598953265775902	-256
1598953265775924	18875136
1598953265775932	1048576
1598953265775967	20972544
1598953265775986	3584
1598953265776582	-18875136
1598953265776585	-3584
1598953265776587	-1048576
1598953265776619	1048576
1598953265776628	1048576
1598953265776648	2560
1598953265776834	-2560
1598953265776838	-1048576
1598953265776849	-51384320
1598953265776902	-4352
1598953265776947	-6144
1598953265776991	-12845056
1598953265777029	-1048576
1598953265777050	18875136
1598953265777051	1024
1598953265777052	1024
1598953265777053	256
1598953265777077	256
1598953265777173	-20972544
1598953265777175	-12845056
1598953265777177	-1024
1598953265777178	-1024
1598953265777180	-256
1598953265777181	-256
1598953265777824	-1048576
1598953265777845	20972544
1598953265777852	4194816
1598953265777885	12845056
1598953265777905	295485440
1598953265778155	-20972544
1598953265778158	-295485440
1598953265778159	-4194816
1598953265778191	4194816
1598953265778201	2359296
1598953265778229	84934656
1598953265778663	-84934656
1598953265778666	-2359296
1598953265778676	-18875136
1598953265778728	-1024
1598953265778770	-1024
1598953265778814	-12845056
1598953265778851	-2359296
1598953265778868	12845056
1598953265778869	1024
1598953265778870	1024
1598953265778871	256
1598953265779188	256
1598953265779362	-12845056
1598953265779364	-12845056
1598953265779365	-1024
1598953265779366	-1024
1598953265779368	-256
1598953265779368	-256
1598953265779430	-4194816
1598953265779444	51380224
1598953265779452	1049088
1598953265781097	51380224
1598953265781115	4352
1598953265781354	-51380224
1598953265781357	-4352
1598953265781358	-1049088
1598953265781388	1049088
1598953265781397	1048576
1598953265781415	3072
1598953265781552	-3072
1598953265781555	-1048576
1598953265781566	-12845056
1598953265781615	-1024
1598953265781658	-1024
1598953265781699	-51380224
1598953265781766	-1048576
1598953265782436	-51380224
1598953265782521	-1049088
1598953265782542	51384320
1598953265782543	4352
1598953265782543	6144
1598953265782544	256
1598953265782568	256
1598953265782657	-51380224
1598953265782659	-4096
1598953265782660	-4096
1598953265782662	-256
1598953265782663	-256
1598953265782685	20972544
1598953265782693	1048832
1598953265782725	21235456
1598953265782745	3584
1598953265782837	-20972544
1598953265782840	-3584
1598953265782841	-1048832
1598953265782870	1048832
1598953265782878	1049088
1598953265782897	2560
1598953265783030	-2560
1598953265783034	-1049088
1598953265783043	-51384320
1598953265783092	-4352
1598953265783133	-6144
1598953265783172	-12845056
1598953265783734	-1048576
1598953265783753	20972544
1598953265783754	1024
1598953265783755	1024
1598953265783756	256
1598953265783780	256
1598953265783981	-21235456
1598953265783982	-12845056
1598953265783983	-1024
1598953265783984	-1024
1598953265783986	-256
1598953265783987	-256
1598953265784042	-1048832
1598953265784060	21235456
1598953265784067	4194816
1598953265784095	12845056
1598953265784113	191102976
1598953265784221	-21235456
1598953265784223	-191102976
1598953265784225	-4194816
1598953265784257	4194816
1598953265784266	2359296
1598953265784294	84934656
1598953265784414	-84934656
1598953265784417	-2359296
1598953265784427	-20972544
1598953265785195	-1024
1598953265785238	-1024
1598953265785280	-12845056
1598953265785314	-2359296
1598953265785331	12845056
1598953265785332	1024
1598953265785333	1024
1598953265785334	256
1598953265785358	256
1598953265785447	-12845056
1598953265785449	-12845056
1598953265785449	-1024
1598953265785450	-1024
1598953265785452	-256
1598953265785453	-256
1598953265785515	-4194816
1598953265785528	51380224
1598953265785536	1048832
1598953265785563	51380224
1598953265785582	4352
1598953265786283	-51380224
1598953265786286	-4352
1598953265786287	-1048832
1598953265786318	1048832
1598953265786327	1048576
1598953265786346	3072
1598953265786490	-3072
1598953265786492	-1048576
1598953265786503	-12845056
1598953265786551	-1024
1598953265786594	-1024
1598953265786636	-51380224
1598953265786670	-1048576
1598953265786712	-51380224
1598953265786754	-1048832
1598953265786766	51384320
1598953265786766	4352
1598953265786767	6144
1598953265786768	256
1598953265787535	256
1598953265787627	-51380224
1598953265787628	-4096
1598953265787629	-4096
1598953265787632	-256
1598953265787632	-256
1598953265787653	21235456
1598953265787660	1048832
1598953265787694	12845056
1598953265787720	3584
1598953265787804	-21235456
1598953265787807	-3584
1598953265787808	-1048832
1598953265787838	1048832
1598953265787846	1049088
1598953265787864	2560
1598953265788056	-2560
1598953265788060	-1049088
1598953265788070	-51384320
1598953265788119	-4352
1598953265788162	-6144
1598953265788203	-12845056
1598953265789020	-1048576
1598953265789039	19924480
1598953265789040	1024
1598953265789041	1024
1598953265789042	256
1598953265789066	256
1598953265789155	-12845056
1598953265789156	-12845056
1598953265789158	-1024
1598953265789159	-1024
1598953265789161	-256
1598953265789161	-256
1598953265789222	-1048832
1598953265789234	12845056
1598953265789241	4194816
1598953265789267	21235456
1598953265789286	191102976
1598953265789394	-12845056
1598953265789397	-191102976
1598953265789399	-4194816
1598953265789437	4194816
1598953265789445	4195584
1598953265789464	84934656
1598953265790276	-84934656
1598953265790280	-4195584
1598953265790290	-19924480
1598953265790352	-1024
1598953265790393	-1024
1598953265790435	-12845056
1598953265790469	-2359296
1598953265790487	12845056
1598953265790488	1024
1598953265790488	1024
1598953265790489	256
1598953265790511	256
1598953265790598	-21235456
1598953265790599	-12845056
1598953265790601	-1024
1598953265790602	-1024
1598953265790604	-256
1598953265790604	-256
1598953265790661	-4194816
1598953265790674	51380224
1598953265790680	1048832
1598953265790706	51380224
1598953265790730	4352
1598953265791455	-51380224
1598953265791458	-4352
1598953265791459	-1048832
1598953265791505	1048832
1598953265791514	1048576
1598953265791532	3072
1598953265791683	-3072
1598953265791686	-1048576
1598953265791696	-12845056
1598953265791804	-1024
1598953265791849	-1024
1598953265791888	-51380224
1598953265791933	-1048576
1598953265791974	-51380224
1598953265792012	-1048832
1598953265792024	51384320
1598953265792024	4352
1598953265792025	6144
1598953265792026	256
1598953265792086	256
1598953265792257	-51380224
1598953265792258	-4096
1598953265792259	-4096
1598953265792262	-256
1598953265792262	-256
1598953265792283	21235456
1598953265792290	1048832
1598953265792327	12845056
1598953265792345	3584
1598953265792430	-21235456
1598953265792433	-3584
1598953265792435	-1048832
1598953265792463	1048832
1598953265792471	1049088
1598953265792488	2560
1598953265792619	-2560
1598953265792623	-1049088
1598953265792631	-51384320
1598953265792684	-4352
1598953265792718	-6144
1598953265792756	-12845056
1598953265792793	-1048576
1598953265792805	19924480
1598953265792806	1024
1598953265792807	1024
1598953265792808	256
1598953265792833	256
1598953265792915	-12845056
1598953265792916	-12845056
1598953265792917	-1024
1598953265792918	-1024
1598953265792920	-256
1598953265792921	-256
1598953265792977	-1048832
1598953265792988	12845056
1598953265792994	4194816
1598953265793019	22284288
1598953265793036	191102976
1598953265793137	-12845056
1598953265793140	-191102976
1598953265793141	-4194816
1598953265793176	4194816
1598953265793184	4195584
1598953265793201	84934656
1598953265793391	-84934656
1598953265793395	-4195584
1598953265793403	-19924480
1598953265793596	-1024
1598953265793645	-1024
1598953265793663	-256
1598953265793687	-12845056
1598953265793720	-2359296
1598953265793737	12845056
1598953265793737	1024
1598953265793738	1024
1598953265793739	256
1598953265794607	256
1598953265794700	-22284288
1598953265794702	-12845056
1598953265794703	-1024
1598953265794704	-1024
1598953265794706	-256
1598953265794707	-256
1598953265794766	-4194816
1598953265794778	51380224
1598953265794785	1048832
1598953265794812	51380224
1598953265794834	4352
1598953265795804	-51380224
1598953265795807	-4352
1598953265795808	-1048832
1598953265795835	1048832
1598953265795843	1049088
1598953265795861	4352
1598953265795988	-4352
1598953265795990	-1049088
1598953265795999	-12845056
1598953265796046	-1024
1598953265796084	-1024
1598953265796152	-51380224
1598953265796255	-1048576
1598953265796362	-51380224
1598953265797034	-1048832
1598953265797046	51388416
1598953265797046	4352
1598953265797048	4096
1598953265797049	256
1598953265797126	256
1598953265797269	-51380224
1598953265797271	-4096
1598953265797272	-4096
1598953265797275	-256
1598953265797275	-256
1598953265797297	12845056
1598953265797304	1048576
1598953265797342	15994112
1598953265797359	3584
1598953265798301	-12845056
1598953265798303	-3584
1598953265798305	-1048576
1598953265798335	1048576
1598953265798343	1049344
1598953265798361	2560
1598953265798491	-2560
1598953265798494	-1049344
1598953265798503	-51388416
1598953265798558	-4352
1598953265798591	-4096
1598953265798631	-12849152
1598953265798671	-1048576
1598953265798684	12849152
1598953265798684	1024
1598953265798685	1024
1598953265798686	256
1598953265798713	256
1598953265798802	-15994112
1598953265798804	-12845056
1598953265798805	-1024
1598953265798806	-1024
1598953265798808	-256
1598953265798809	-256
1598953265798859	-1048576
1598953265798871	12845056
1598953265798877	4194816
1598953265799717	12845056
1598953265799735	191102976
1598953265800877	-12845056
1598953265800880	-191102976
1598953265800881	-4194816
1598953265800911	4194816
1598953265800919	2359296
1598953265800937	84934656
1598953265801134	-84934656
1598953265801138	-2359296
1598953265801147	-12849152
1598953265801295	-1024
1598953265801334	-1024
1598953265801369	-12845056
1598953265801408	-2359296
1598953265801419	19140608
1598953265801420	1024
1598953265801421	1024
1598953265801427	256
1598953265801561	256
1598953265801687	-12845056
1598953265801688	-12845056
1598953265801689	-1024
1598953265801690	-1024
1598953265801692	-256
1598953265801693	-256
1598953265801751	-4194816
1598953265801763	51384320
1598953265801770	1048832
1598953265801797	51380224
1598953265801814	6144
1598953265802630	-51384320
1598953265802633	-6144
1598953265802634	-1048832
1598953265802662	1048832
1598953265802670	1048576
1598953265802688	3328
1598953265803770	-3328
1598953265803772	-1048576
1598953265803782	-19140608
1598953265803828	-1024
1598953265803867	-1024
1598953265803909	-51380224
1598953265803941	-1048576
1598953265803982	-51380224
1598953265804018	-1048832
1598953265804028	51380224
1598953265804029	4352
1598953265804030	6144
1598953265804031	256
1598953265804084	256
1598953265804238	-51380224
1598953265804240	-4096
1598953265804246	-4096
1598953265804249	-256
1598953265804249	-256
1598953265804269	51380224
1598953265804270	4096
1598953265804270	4096
1598953265804271	256
1598953265804297	256
1598953265805004	-51380224
1598953265805006	-51380224
1598953265805007	-4096
1598953265805008	-4096
1598953265805010	-256
1598953265805010	-256
1598953265805035	102760448
1598953265805041	2359296
1598953265805071	102760448
1598953265805180	-102760448
1598953265805183	-2359296
1598953265805220	2359296
1598953265805229	2097152
1598953265805247	2560
1598953265806233	-2560
1598953265806236	-2097152
1598953265806246	-51380224
1598953265806298	-4352
1598953265806330	-6144
1598953265806346	12845056
1598953265806353	1048832
1598953265806378	19924480
1598953265806393	4352
1598953265806474	-12845056
1598953265806476	-4352
1598953265806477	-1048832
1598953265806503	1048832
1598953265806511	1048576
1598953265806527	4352
1598953265807605	-4352
1598953265807608	-1048576
1598953265807618	-51380224
1598953265807662	-4096
1598953265807701	-4096
1598953265807737	-2097152
1598953265808746	-12845056
1598953265808799	-1048576
1598953265808836	-2359296
1598953265808847	12845056
1598953265808847	1024
1598953265808849	1024
1598953265808849	256
1598953265808871	256
1598953265809032	-19924480
1598953265809033	-12845056
1598953265809035	-1024
1598953265809036	-1024
1598953265809038	-256
1598953265809039	-256
1598953265809095	-1048832
1598953265809106	19924480
1598953265809113	2359296
1598953265809162	12845056
1598953265809183	191102976
1598953265809277	-19924480
1598953265809279	-191102976
1598953265809281	-2359296
1598953265809309	2359296
1598953265809317	4194816
1598953265809333	128450560
1598953265809766	-128450560
1598953265809768	-4194816
1598953265809776	-12845056
1598953265809878	-1024
1598953265812226	-1024
1598953265812264	-12845056
1598953265812303	-2359296
1598953265812315	21238016
1598953265812316	1024
1598953265812317	1024
1598953265812318	256
1598953265814682	256
1598953265814842	-12845056
1598953265814844	-12845056
1598953265814845	-1024
1598953265814846	-1024
1598953265814848	-256
1598953265814849	-256
1598953265814897	-2359296
1598953265814908	102760448
1598953265814919	524288
1598953265814943	154157056
1598953265815040	-102760448
1598953265815042	-524288
1598953265815078	524288
1598953265815085	524544
1598953265815102	4352
1598953265815881	-4352
1598953265815883	-524544
1598953265815891	-21238016
1598953265816929	-1024
1598953265816987	-1024
1598953265817025	-154157056
1598953265817058	-524288
1598953265817089	-102760448
1598953265817125	-524288
1598953265817135	102762496
1598953265817136	2048
1598953265817137	2048
1598953265817138	256
1598953265817157	256
1598953265817279	-102760448
1598953265817280	-2048
1598953265817281	-2048
1598953265817284	-256
1598953265817284	-256
1598953265817308	32769536
1598953265817315	262144
1598953265817344	34083072
1598953265817360	6912
1598953265817432	-32769536
1598953265817434	-6912
1598953265817436	-262144
1598953265817461	262144
1598953265817469	262144
1598953265817485	2560
1598953265818379	-2560
1598953265818382	-262144
1598953265818390	-102762496
1598953265818457	-2048
1598953265818521	-2048
1598953265819137	-25690112
1598953265819244	-262144
1598953265819255	32769536
1598953265819256	512
1598953265819256	512
1598953265819257	256
1598953265819540	256
1598953265819619	-34083072
1598953265819620	-25690112
1598953265819621	-512
1598953265819622	-512
1598953265819624	-256
1598953265819624	-256
1598953265819672	-262144
1598953265819688	34083072
1598953265819694	1048832
1598953265819719	25690112
1598953265819736	117964800
1598953265819823	-34083072
1598953265819825	-117964800
1598953265819827	-1048832
1598953265819852	1048832
1598953265819861	589824
1598953265819878	117964800
1598953265820616	-117964800
1598953265820619	-589824
1598953265820628	-32769536
1598953265820672	-512
1598953265820708	-512
1598953265821274	-25690112
1598953265821307	-589824
1598953265821322	25690112
1598953265821323	512
1598953265821324	512
1598953265821325	256
1598953265821345	256
1598953265821425	-25690112
1598953265821427	-25690112
1598953265821428	-512
1598953265821428	-512
1598953265821430	-256
1598953265821431	-256
1598953265821627	-1048832
1598953265821638	102760448
1598953265821644	262144
1598953265821669	102760448
1598953265821691	6912
1598953265821981	-102760448
1598953265821984	-6912
1598953265821986	-262144
1598953265822011	262144
1598953265822019	262144
1598953265822035	4352
1598953265823410	-4352
1598953265823412	-262144
1598953265823422	-25690112
1598953265823473	-512
1598953265823503	-512
1598953265824385	-102760448
1598953265824420	-262144
1598953265824453	-102760448
1598953265824508	-262144
1598953265824518	102762496
1598953265824518	2048
1598953265824519	2048
1598953265824520	256
1598953265824540	256
1598953265824619	-102760448
1598953265824620	-2048
1598953265824621	-2048
1598953265824623	-256
1598953265824624	-256
1598953265824647	32769536
1598953265824654	262144
1598953265824682	34083072
1598953265824697	6912
1598953265824768	-32769536
1598953265824770	-6912
1598953265824772	-262144
1598953265824796	262144
1598953265824803	262144
1598953265824819	2560
1598953265825862	-2560
1598953265825865	-262144
1598953265825873	-102762496
1598953265826631	-2048
1598953265826668	-2048
1598953265826700	-25690112
1598953265826736	-262144
1598953265826746	32769536
1598953265826747	512
1598953265826748	512
1598953265826749	256
1598953265826770	256
1598953265826861	-34083072
1598953265826862	-25690112
1598953265826863	-512
1598953265826864	-512
1598953265826866	-256
1598953265826866	-256
1598953265826912	-262144
1598953265826926	34083072
1598953265826932	589824
1598953265826956	25690112
1598953265826971	117964800
1598953265827054	-34083072
1598953265827056	-117964800
1598953265827058	-589824
1598953265827083	589824
1598953265827091	589824
1598953265827108	117964800
1598953265828090	-117964800
1598953265828093	-589824
1598953265828101	-32769536
1598953265829021	-512
1598953265829054	-512
1598953265829088	-25690112
1598953265829118	-589824
1598953265829131	25690112
1598953265829133	512
1598953265829133	512
1598953265829134	256
1598953265829354	256
1598953265829433	-25690112
1598953265829435	-25690112
1598953265829436	-512
1598953265829436	-512
1598953265829438	-256
1598953265829439	-256
1598953265829678	-589824
1598953265829689	102760448
1598953265829695	262144
1598953265829718	102760448
1598953265829738	6912
1598953265830151	-102760448
1598953265830153	-6912
1598953265830155	-262144
1598953265830180	262144
1598953265830187	262144
1598953265830202	3072
1598953265831181	-3072
1598953265831184	-262144
1598953265831191	-25690112
1598953265831238	-512
1598953265832135	-512
1598953265832171	-102760448
1598953265832203	-262144
1598953265832232	-102760448
1598953265832266	-262144
1598953265832276	102764544
1598953265832277	2048
1598953265832278	2304
1598953265832279	256
1598953265832297	256
1598953265832372	-102760448
1598953265832373	-2048
1598953265832378	-2048
1598953265832381	-256
1598953265832382	-256
1598953265832399	32769536
1598953265832405	262144
1598953265832432	34083072
1598953265832447	6912
1598953265832732	-32769536
1598953265832734	-6912
1598953265832736	-262144
1598953265832760	262144
1598953265832766	262144
1598953265832782	2560
1598953265834325	-2560
1598953265834328	-262144
1598953265834337	-102764544
1598953265834379	-2048
1598953265834412	-2304
1598953265834443	-25692160
1598953265834477	-262144
1598953265834486	25692160
1598953265834488	512
1598953265834489	512
1598953265834492	256
1598953265834511	256
1598953265834586	-34083072
1598953265834587	-25690112
1598953265834587	-512
1598953265834588	-512
1598953265834590	-256
1598953265834590	-256
1598953265834634	-262144
1598953265834648	25690112
1598953265834655	589824
1598953265834678	32769536
1598953265834694	117964800
1598953265834776	-25690112
1598953265834778	-117964800
1598953265834779	-589824
1598953265834804	589824
1598953265834811	589824
1598953265834832	117964800
1598953265836728	-117964800
1598953265836730	-589824
1598953265836738	-25692160
1598953265836781	-512
1598953265836813	-512
1598953265837042	-25690112
1598953265837086	-589824
1598953265837099	34083072
1598953265837100	512
1598953265837101	512
1598953265837101	256
1598953265837358	256
1598953265837434	-25690112
1598953265837434	-32769536
1598953265837435	-512
1598953265837436	-512
1598953265837438	-256
1598953265837438	-256
1598953265837486	-589824
1598953265837497	102762496
1598953265837502	262144
1598953265837524	102760448
1598953265837543	6912
1598953265837862	-102762496
1598953265837864	-6912
1598953265837866	-262144
1598953265837890	262144
1598953265837897	262144
1598953265837911	4352
1598953265839789	-4352
1598953265839791	-262144
1598953265839798	-34083072
1598953265839843	-512
1598953265839870	-512
1598953265839908	-102760448
1598953265839939	-262144
1598953265839969	-102760448
1598953265840000	-262144
1598953265840009	102762496
1598953265840010	2048
1598953265840010	2304
1598953265840011	256
1598953265840073	256
1598953265840150	-102760448
1598953265840151	-2048
1598953265840151	-2048
1598953265840153	-256
1598953265840154	-256
1598953265840170	102760448
1598953265840171	2048
1598953265840171	2048
1598953265840172	256
1598953265840194	256
1598953265840425	-102760448
1598953265840427	-102760448
1598953265840428	-2048
1598953265840429	-2048
1598953265840430	-256
1598953265840431	-256
1598953265840452	205520896
1598953265840457	524288
1598953265840880	205520896
1598953265841230	-205520896
1598953265841237	-524288
1598953265841316	524288
1598953265841330	589824
1598953265841369	2560
1598953265842117	-2560
1598953265842124	-589824
1598953265842140	-102762496
1598953265842224	-2048
1598953265842292	-2304
1598953265842310	32769536
1598953265842321	262144
1598953265842365	34083072
1598953265842397	6912
1598953265842546	-32769536
1598953265842550	-6912
1598953265842553	-262144
1598953265842596	262144
1598953265842608	262144
1598953265842636	4352
1598953265843423	-4352
1598953265843428	-262144
1598953265843443	-102760448
1598953265843522	-2048
1598953265843595	-2048
1598953265844388	-524288
1598953265844454	-25690112
1598953265844521	-262144
1598953265844586	-524288
1598953265844604	32769536
1598953265844606	512
1598953265844607	512
1598953265844609	256
1598953265844723	256
1598953265844874	-34083072
1598953265844877	-25690112
1598953265844880	-512
1598953265844881	-512
1598953265844884	-256
1598953265844885	-256
1598953265845039	-262144
1598953265845058	34084096
1598953265845070	589824
1598953265845127	25690112
1598953265845158	179836928
1598953265845540	-34084096
1598953265845544	-179836928
1598953265845546	-589824
1598953265845592	589824
1598953265845605	589824
1598953265845635	179836928
1598953265847445	-179836928
1598953265847450	-589824
1598953265847465	-32769536
1598953265847557	-512
1598953265847622	-512
1598953265847682	-25690112
1598953265847752	-589824
1598953265847776	32769536
1598953265847778	512
1598953265847780	512
1598953265847781	256
1598953265847821	256
1598953265847959	-25690112
1598953265847962	-38525184
1598953265847964	-512
1598953265847966	-512
1598953265847970	-256
1598953265847971	-256
1598953265848053	-589824
1598953265848080	205520896
1598953265848090	261120
1598953265848138	282599424
1598953265848317	-205520896
1598953265848321	-261120
1598953265848367	261120
1598953265848382	131072
1598953265848412	2560
1598953265849639	-2560
1598953265849644	-131072
1598953265849660	-32769536
1598953265849738	-512
1598953265849806	-512
1598953265849865	-282599424
1598953265849929	-131072
1598953265849992	-205520896
1598953265850052	-261120
1598953265850072	205520896
1598953265850074	1024
1598953265850075	1024
1598953265850077	256
1598953265850144	256
1598953265850286	-205520896
1598953265850289	-1024
1598953265850291	-1024
1598953265850295	-256
1598953265850296	-256
1598953265850328	51380224
1598953265850339	129024
1598953265850393	51380224
1598953265850422	21248
1598953265850560	-51380224
1598953265850565	-21248
1598953265850567	-129024
1598953265850610	129024
1598953265850624	65536
1598953265850654	3072
1598953265852022	-3072
1598953265852028	-65536
1598953265852043	-205520896
1598953265852122	-1024
1598953265852189	-1024
1598953265852254	-51380224
1598953265852374	-65536
1598953265852401	51380224
1598953265852403	256
1598953265852404	256
1598953265852405	256
1598953265852446	256
1598953265852785	-51380224
1598953265852789	-51380224
1598953265852791	-256
1598953265852794	-256
1598953265852797	-256
1598953265852798	-256
1598953265852882	-129024
1598953265852913	51380224
1598953265852924	262144
1598953265852971	51380224
1598953265853007	89178112
1598953265853487	-51380224
1598953265853492	-89178112
1598953265853494	-262144
1598953265853540	262144
1598953265853560	262144
1598953265853592	5632
1598953265854176	-5632
1598953265854181	-262144
1598953265854197	-51380224
1598953265854276	-256
1598953265855106	-256
1598953265855170	-51380224
1598953265855226	-147456
1598953265855250	51380224
1598953265855252	256
1598953265855253	256
1598953265855254	256
1598953265855291	256
1598953265855424	-51380224
1598953265855427	-51380224
1598953265855429	-256
1598953265855432	-256
1598953265855436	-256
1598953265855436	-256
1598953265855522	-262144
1598953265855540	205520896
1598953265855550	65536
1598953265855600	205520896
1598953265855628	21248
1598953265855748	-205520896
1598953265855752	-21248
1598953265855754	-65536
1598953265855794	65536
1598953265855806	65536
1598953265855835	3072
1598953265856546	-3072
1598953265856551	-65536
1598953265856565	-51380224
1598953265857310	-256
1598953265857368	-256
1598953265857430	-205520896
1598953265857489	-65536
1598953265857547	-205520896
1598953265857608	-65536
1598953265857626	205520896
1598953265857627	1024
1598953265857629	1024
1598953265857630	256
1598953265857668	256
1598953265857802	-205520896
1598953265857805	-1024
1598953265857806	-1024
1598953265857811	-256
1598953265857811	-256
1598953265857841	51380224
1598953265857851	65536
1598953265857901	51380224
1598953265857928	21248
1598953265858050	-51380224
1598953265858054	-21248
1598953265858056	-65536
1598953265858106	65536
1598953265858118	65536
1598953265858146	3072
1598953265858810	-3072
1598953265858815	-65536
1598953265858829	-205520896
1598953265859712	-1024
1598953265859776	-1024
1598953265859834	-51380224
1598953265859897	-65536
1598953265859920	51380224
1598953265859922	256
1598953265859923	256
1598953265859924	256
1598953265860043	256
1598953265860175	-51380224
1598953265860178	-51380224
1598953265860179	-256
1598953265860182	-256
1598953265860186	-256
1598953265860186	-256
1598953265860370	-65536
1598953265860395	51380224
1598953265860405	262144
1598953265860451	51380224
1598953265860478	89178112
1598953265860908	-51380224
1598953265860913	-89178112
1598953265860915	-262144
1598953265860958	262144
1598953265860970	262144
1598953265861001	5632
1598953265861469	-5632
1598953265861475	-262144
1598953265861490	-51380224
1598953265864166	-256
1598953265864236	-256
1598953265864297	-51380224
1598953265866107	-147456
1598953265866131	51380224
1598953265866133	256
1598953265866134	256
1598953265866135	256
1598953265866176	256
1598953265866305	-51380224
1598953265866309	-51380224
1598953265866310	-256
1598953265866313	-256
1598953265866316	-256
1598953265866317	-256
1598953265866413	-262144
1598953265866431	205520896
1598953265866440	65536
1598953265866483	205520896
1598953265866515	21248
1598953265867157	-205520896
1598953265867161	-21248
1598953265867163	-65536
1598953265867202	65536
1598953265867213	65536
1598953265867240	3072
1598953265868190	-3072
1598953265868195	-65536
1598953265868209	-51380224
1598953265868281	-256
1598953265868343	-256
1598953265868400	-205520896
1598953265868456	-65536
1598953265868511	-205520896
1598953265868569	-65536
1598953265868584	205520896
1598953265868585	1024
1598953265868586	1024
1598953265868588	256
1598953265868627	256
1598953265868753	-205520896
1598953265868755	-1024
1598953265868758	-1024
1598953265868760	-256
1598953265868761	-256
1598953265868787	205520896
1598953265868789	1024
1598953265868790	1024
1598953265868791	256
1598953265868834	256
1598953265868953	-205520896
1598953265868957	-205520896
1598953265868959	-1024
1598953265868960	-1024
1598953265868963	-256
1598953265868964	-256
1598953265868996	83471872
1598953265869005	126976
1598953265869054	51380224
1598953265869081	21248
1598953265869565	-83471872
1598953265869570	-21248
1598953265869572	-126976
1598953265869610	126976
1598953265869622	65536
1598953265869649	3072
1598953265870534	-3072
1598953265870539	-65536
1598953265870552	-205520896
1598953265870623	-1024
1598953265870682	-1024
1598953265870698	83471872
1598953265870708	65536
1598953265870749	51380224
1598953265870776	21248
1598953265870895	-83471872
1598953265870899	-21248
1598953265870900	-65536
1598953265870939	65536
1598953265870950	65536
1598953265870977	3072
1598953265872111	-3072
1598953265872116	-65536
1598953265872129	-205520896
1598953265872198	-1024
1598953265872645	-1024
1598953265872708	-65536
1598953265872761	-51380224
1598953265872818	-65536
1598953265873276	-126976
1598953265873292	51380224
1598953265873293	256
1598953265873295	256
1598953265873296	256
1598953265873340	256
1598953265873976	-51380224
1598953265873979	-51380224
1598953265873980	-256
1598953265873983	-256
1598953265873985	-256
1598953265873986	-256
1598953265874062	-65536
1598953265874078	85176832
1598953265874087	262144
1598953265874148	51380224
1598953265874175	154140672
1598953265875029	-85176832
1598953265875033	-154140672
1598953265875034	-262144
1598953265875075	262144
1598953265875088	147456
1598953265875115	5632
1598953265875672	-5632
1598953265875678	-147456
1598953265875692	-51380224
1598953265875772	-256
1598953265875831	-256
1598953265876647	-51380224
1598953265876710	-147456
1598953265876726	85176832
1598953265876727	256
1598953265876729	256
1598953265876730	256
1598953265876771	256
1598953265876893	-51380224
1598953265876896	-51380224
1598953265876898	-256
1598953265876899	-256
1598953265876902	-256
1598953265876902	-256
1598953265876978	-262144
1598953265877001	51380224
1598953265877011	16384
1598953265877055	51380224
1598953265877081	21248
1598953265877199	-51380224
1598953265877203	-21248
1598953265877205	-16384
1598953265877245	16384
1598953265877275	16384
1598953265877302	3072
1598953265878063	-3072
1598953265878068	-16384
1598953265878082	-85176832
1598953265878275	-256
1598953265878466	-256
1598953265879130	-51380224
1598953265879188	-16384
1598953265879204	205520896
1598953265879307	-51380224
1598953265879309	-51380224
1598953265879382	-16384
1598953265879438	-205520896
1598953265879453	256901120
1598953265879454	256
1598953265879456	256
1598953265879457	256
1598953265879491	256
1598953265879608	-205520896
1598953265879611	-205520896
1598953265879612	-256
1598953265879619	-256
1598953265879622	-256
1598953265879622	-256
1598953265879650	37632
1598953265879662	37632
1598953265879690	35840
1598953265879862	-35840
1598953265879866	-37632
1598953265879880	-40627200
1598953265879881	-256901120
1598953265880752	-256
1598953265880814	-256
1598953265880871	-37632
1598953265880925	-256
1598953265880927	-37632
