1602298012759256	256
1602298012759448	-256
1602298012759465	256
1602298012759531	256
1602298012759615	-256
1602298012759691	256
1602298012759731	256
1602298012759818	256
1602298012759879	-256
1602298012759949	256
1602298012760042	256
1602298012760162	256
1602298012760198	256
1602298012760253	-256
1602298012760275	256
1602298012760376	768
1602298012760490	-256
1602298012760496	-256
1602298012760498	-256
1602298012760498	-256
1602298012760517	256
1602298012760712	-256
1602298012760733	-256
1602298012760762	-256
1602298012762361	256
1602298012762367	256
1602298012762453	-256
1602298012762479	65536
1602298012762533	256
1602298012762535	256
1602298012762588	-256
1602298012762605	131072
1602298012762660	256
1602298012762662	256
1602298012762716	-256
1602298012762736	589824
1602298012762785	256
1602298012762787	256
1602298012762840	-256
1602298012762857	147456
1602298012762905	256
1602298012762907	256
1602298012762960	-256
1602298012762976	1048576
1602298012763025	256
1602298012763027	256
1602298012763089	-256
1602298012763108	65536
1602298012763155	256
1602298012763157	256
1602298012763213	-256
1602298012763230	65536
1602298012763277	256
1602298012763299	9216
1602298012763373	-9216
1602298012763392	9437184
1602298012763445	256
1602298012763448	256
1602298012763504	-256
1602298012763522	147456
1602298012763578	111992832
1602298012763645	256
1602298012763647	256
1602298012763704	-256
1602298012763723	37632
1602298012763770	256
1602298012763820	16384
1602298012763866	256
1602298012763882	9216
1602298012763949	-9216
1602298012763968	4194304
1602298012764020	256
1602298012764065	4096
1602298012764111	256
1602298012764113	256
1602298012764169	-256
1602298012764186	147456
1602298012764236	256
1602298012764239	256
1602298012764295	-256
1602298012764312	65536
1602298012764375	256
1602298012764391	9216
1602298012764461	-9216
1602298012764480	4194304
1602298012764531	256
1602298012764533	256
1602298012764593	-256
1602298012764611	589824
1602298012764662	256
1602298012764664	256
1602298012764720	-256
1602298012764738	65536
1602298012764784	256
1602298012764786	256
1602298012764841	-256
1602298012764858	589824
1602298012764909	256
1602298012764911	256
1602298012764967	-256
1602298012764985	262144
1602298012765036	256
1602298012765038	256
1602298012765093	-256
1602298012765111	65536
1602298012765158	256
1602298012765160	256
1602298012765215	-256
1602298012765231	524288
1602298012765280	256
1602298012765282	256
1602298012765337	-256
1602298012765355	589824
1602298012765404	256
1602298012765419	9216
1602298012765485	-9216
1602298012765521	2097152
1602298012765572	256
1602298012765586	9216
1602298012765650	-9216
1602298012765668	8200192
1602298012765717	256
1602298012765719	256
1602298012765772	-256
1602298012765789	262144
1602298012765837	256
1602298012765839	256
1602298012765892	-256
1602298012765909	262144
1602298012765957	256
1602298012765959	256
1602298012766012	-256
1602298012766028	262144
1602298012766075	256
1602298012766077	256
1602298012766131	-256
1602298012766148	1048576
1602298012766195	256
1602298012766197	256
1602298012766248	-256
1602298012766265	262144
1602298012766313	256
1602298012766315	256
1602298012766367	-256
1602298012766384	262144
1602298012766432	256
1602298012766445	9216
1602298012766509	-9216
1602298012766526	2359296
1602298012766574	256
1602298012766576	256
1602298012766629	-256
1602298012766646	1048576
1602298012766692	256
1602298012766705	9216
1602298012766767	-9216
1602298012766785	2359296
1602298012766833	256
1602298012766845	9216
1602298012766906	-9216
1602298012766925	4194304
1602298012766971	256
1602298012766974	256
1602298012767035	-256
1602298012767052	524288
1602298012767100	256
1602298012767113	9216
1602298012767174	-9216
1602298012767192	2359296
1602298012767239	256
1602298012767251	9216
1602298012767312	-9216
1602298012767330	2359296
1602298012767385	256
1602298012767387	256
1602298012767440	-256
1602298012767457	262144
1602298012767505	256
1602298012767518	9216
1602298012767579	-9216
1602298012767597	2097152
1602298012767644	256
1602298012767646	256
1602298012767699	-256
1602298012767716	1048576
1602298012767763	256
1602298012767765	256
1602298012767817	-256
1602298012767834	1048576
1602298012767879	256
1602298012767892	9216
1602298012767954	-9216
1602298012767971	2359296
1602298012768018	256
1602298012768030	9216
1602298012768091	-9216
1602298012768109	2359296
1602298012768156	256
1602298012768168	9216
1602298012768229	-9216
1602298012768248	4194304
1602298012768295	256
1602298012768297	256
1602298012768362	-256
1602298012768380	1048576
1602298012768446	256
1602298012768459	9216
1602298012768517	-9216
1602298012768534	4194304
1602298012768579	256
1602298012768581	256
1602298012768630	-256
1602298012768646	1048576
1602298012768691	256
1602298012768703	9216
1602298012768760	-9216
1602298012768777	8388608
1602298012768821	256
1602298012768833	9216
1602298012768891	-9216
1602298012768908	9437184
1602298012768951	256
1602298012768953	256
1602298012769003	-256
1602298012769018	1048576
1602298012769063	256
1602298012769075	9216
1602298012769133	-9216
1602298012769150	9437184
1602298012769195	256
1602298012769197	256
1602298012769249	-256
1602298012769265	1048576
1602298012769309	256
1602298012769311	256
1602298012769359	-256
1602298012769375	1048576
1602298012769420	256
1602298012769422	256
1602298012769471	-256
1602298012769487	1048576
1602298012769545	118072832
1602298012769590	-111992832
1602298012769793	-256
1602298012769795	-256
1602298012769796	-256
1602298012769797	-256
1602298012769797	-256
1602298012769799	-256
1602298012769800	-256
1602298012769801	-256
1602298012769802	-256
1602298012769803	-256
1602298012769804	-256
1602298012769805	-256
1602298012769805	-256
1602298012769806	-256
1602298012769807	-256
1602298012769808	-256
1602298012769809	-256
1602298012769809	-256
1602298012769810	-256
1602298012769811	-256
1602298012769811	-256
1602298012769812	-256
1602298012769813	-256
1602298012769814	-256
1602298012769815	-256
1602298012769816	-256
1602298012769816	-256
1602298012769817	-256
1602298012769818	-256
1602298012769819	-256
1602298012769819	-256
1602298012769820	-256
1602298012769821	-256
1602298012769822	-256
1602298012769823	-256
1602298012769824	-256
1602298012769824	-256
1602298012769825	-256
1602298012769826	-256
1602298012769827	-256
1602298012769828	-256
1602298012769828	-256
1602298012769829	-256
1602298012769830	-256
1602298012769831	-256
1602298012769832	-256
1602298012769833	-256
1602298012769833	-256
1602298012769834	-256
1602298012769835	-256
1602298012769836	-256
1602298012769836	-256
1602298012769837	-256
1602298012769838	-256
1602298012769866	597295104
1602298012769879	37632
1602298012769969	75520
1602298012770080	-75520
1602298012770085	-37632
1602298012770184	597295104
1602298012770186	256
1602298012770187	256
1602298012770187	256
1602298012770188	256
1602298012770468	149323776
1602298012770637	597295104
1602298012770643	65536
1602298012770696	18944
1602298012770779	-18944
1602298012770783	-65536
1602298012770853	149323776
1602298012770859	16384
1602298012770914	18944
1602298012770988	-18944
1602298012770991	-16384
1602298012771058	-256
1602298012771100	-256
1602298012771114	597295104
1602298012771115	1280
1602298012771116	1024
1602298012771118	1024
1602298012771119	1024
1602298012771256	149323776
1602298012771257	256
1602298012771258	256
1602298012771259	256
1602298012771260	256
1602298012771670	149323776
1602298012771676	147456
1602298012771730	225099776
1602298012772151	-225099776
1602298012772155	-147456
1602298012772335	-1280
1602298012772390	-1024
1602298012772404	149323776
1602298012772405	256
1602298012772406	256
1602298012772407	256
1602298012772408	256
1602298012772569	-256
1602298012772610	-256
1602298012772745	597295104
1602298012772752	65536
1602298012772805	18944
1602298012772884	-18944
1602298012772888	-65536
1602298012773025	597295104
1602298012773027	1024
1602298012773028	1280
1602298012773029	1024
1602298012773030	1024
1602298012773184	-256
1602298012773226	-256
1602298012773273	-597295104
1602298012773485	149323776
1602298012773492	65536
1602298012773544	18944
1602298012773627	-18944
1602298012773630	-65536
1602298012773715	-1024
1602298012773755	-1280
1602298012773769	149323776
1602298012773770	256
1602298012773771	256
1602298012773772	256
1602298012773773	256
1602298012774022	149323776
1602298012774028	147456
1602298012774080	225099776
1602298012774462	-225099776
1602298012774466	-147456
1602298012774613	149323776
1602298012774614	256
1602298012774615	256
1602298012774616	256
1602298012774617	256
1602298012774771	-256
1602298012774812	-256
1602298012774967	597295104
1602298012774974	65536
1602298012775028	18944
1602298012775106	-18944
1602298012775110	-65536
1602298012775249	597295104
1602298012775250	1024
1602298012775251	1280
1602298012775252	1024
1602298012775253	1024
1602298012775408	-256
1602298012775450	-256
1602298012775734	149323776
1602298012775741	65536
1602298012775794	18944
1602298012775872	-18944
1602298012775875	-65536
1602298012775962	-1024
1602298012776001	-1280
1602298012776015	149323776
1602298012776016	256
1602298012776017	256
1602298012776018	256
1602298012776019	256
1602298012776271	149323776
1602298012776277	147456
1602298012776329	225099776
1602298012776742	-225099776
1602298012776746	-147456
1602298012776895	149323776
1602298012776896	256
1602298012776897	256
1602298012776898	256
1602298012776899	256
1602298012777056	-256
1602298012777097	-256
1602298012777234	597295104
1602298012777241	65536
1602298012777293	18944
1602298012777373	-18944
1602298012777377	-65536
1602298012777517	597295104
1602298012777518	1024
1602298012777519	1280
1602298012777520	1024
1602298012777521	1024
1602298012777677	-256
1602298012777718	-256
1602298012777977	298647552
1602298012777984	524288
1602298012778035	4864
1602298012778114	-4864
1602298012778117	-524288
1602298012778186	111983616
1602298012778192	131072
1602298012778244	4864
1602298012778318	-4864
1602298012778321	-131072
1602298012778384	-1024
1602298012778425	-1280
1602298012778439	298647552
1602298012778440	2048
1602298012778441	2048
1602298012778443	2048
1602298012778444	2048
1602298012778564	74661888
1602298012778566	512
1602298012778567	512
1602298012778568	512
1602298012778568	768
1602298012778966	74661888
1602298012778973	589824
1602298012779024	278552576
1602298012779193	-278552576
1602298012779197	-589824
1602298012779370	-2048
1602298012779411	-2048
1602298012779424	74661888
1602298012779426	512
1602298012779427	512
1602298012779428	512
1602298012779429	512
1602298012779585	-512
1602298012779628	-512
1602298012779763	298647552
1602298012779769	262144
1602298012779822	4864
1602298012779902	-4864
1602298012779905	-262144
1602298012780047	298647552
1602298012780048	2048
1602298012780049	2048
1602298012780050	2048
1602298012780052	2048
1602298012780204	-512
1602298012780246	-512
1602298012780291	-298647552
1602298012780532	74661888
1602298012780538	262144
1602298012780589	4864
1602298012780667	-4864
1602298012780670	-262144
1602298012780751	-2048
1602298012780789	-2048
1602298012780802	74661888
1602298012780803	512
1602298012780804	512
1602298012780805	512
1602298012780806	512
1602298012781041	74661888
1602298012781047	589824
1602298012781096	278552576
1602298012781253	-278552576
1602298012781257	-589824
1602298012781392	74663936
1602298012781393	512
1602298012781394	512
1602298012781395	512
1602298012781396	512
1602298012781540	-512
1602298012781579	-512
1602298012781709	298647552
1602298012781715	262144
1602298012781765	4864
1602298012781839	-4864
1602298012781843	-262144
1602298012781973	298647552
1602298012781975	2048
1602298012781976	2048
1602298012781977	2048
1602298012781978	2048
1602298012782123	-512
1602298012782162	-512
1602298012782402	74661888
1602298012782407	262144
1602298012782458	4864
1602298012782531	-4864
1602298012782534	-262144
1602298012782613	-2048
1602298012782651	-2048
1602298012782665	74661888
1602298012782666	512
1602298012782667	512
1602298012782668	512
1602298012782668	512
1602298012782903	74661888
1602298012782908	589824
1602298012782957	278552576
1602298012783112	-278552576
1602298012783116	-589824
1602298012783252	74661888
1602298012783254	512
1602298012783255	512
1602298012783255	512
1602298012783256	512
1602298012783401	-512
1602298012783440	-512
1602298012783570	298647552
1602298012783576	262144
1602298012783625	4864
1602298012783699	-4864
1602298012783702	-262144
1602298012783836	298647552
1602298012783837	2048
1602298012783838	2048
1602298012783839	2048
1602298012783840	2048
1602298012783987	-512
1602298012784026	-512
1602298012784267	74661888
1602298012784273	262144
1602298012784323	4864
1602298012784411	-4864
1602298012784414	-262144
1602298012784494	-2048
1602298012784533	-2048
1602298012784546	74661888
1602298012784547	512
1602298012784548	512
1602298012784549	512
1602298012784550	512
1602298012784785	74661888
1602298012784791	589824
1602298012784840	278552576
1602298012784995	-278552576
1602298012784999	-589824
1602298012785135	74661888
1602298012785137	512
1602298012785138	512
1602298012785139	512
1602298012785139	512
1602298012785285	-512
1602298012785329	-512
1602298012785459	298647552
1602298012785464	262144
1602298012785514	4864
1602298012785587	-4864
1602298012785590	-262144
1602298012785722	298647552
1602298012785723	2048
1602298012785724	2048
1602298012785726	2048
1602298012785727	2048
1602298012785893	-512
1602298012785932	-512
1602298012786187	37330944
1602298012786193	524288
1602298012786243	1280
1602298012786317	-1280
1602298012786320	-524288
1602298012786376	149323776
1602298012786382	2097152
1602298012786433	1280
1602298012786503	-1280
1602298012786506	-2097152
1602298012786566	-2048
1602298012786603	-2048
1602298012786616	37330944
1602298012786617	1024
1602298012786618	1024
1602298012786619	1024
1602298012786619	1024
1602298012786734	149323776
1602298012786735	4096
1602298012786736	4096
1602298012786737	4096
1602298012786738	4096
1602298012787052	37330944
1602298012787058	2359296
1602298012787110	235929600
1602298012787238	-235929600
1602298012787242	-2359296
1602298012787448	37330944
1602298012787449	1024
1602298012787450	1024
1602298012787451	1024
1602298012787452	1024
1602298012787598	-1024
1602298012787637	-1024
1602298012787674	-4096
1602298012787711	-4096
1602298012787836	149323776
1602298012787842	1048576
1602298012787891	1280
1602298012787964	-1280
1602298012787967	-1048576
1602298012788099	149323776
1602298012788100	4096
1602298012788101	4096
1602298012788102	4096
1602298012788103	4096
1602298012788251	-1024
1602298012788291	-1024
1602298012788334	-149323776
1602298012788567	37330944
1602298012788573	1048576
1602298012788624	2048
1602298012788698	-2048
1602298012788701	-1048576
1602298012788780	-4096
1602298012788818	-4096
1602298012788831	37330944
1602298012788833	1024
1602298012788833	1024
1602298012788834	1024
1602298012788835	1024
1602298012789071	37330944
1602298012789077	2359296
1602298012789127	235929600
1602298012789239	-235929600
1602298012789243	-2359296
1602298012789373	37330944
1602298012789375	1024
1602298012789376	1024
1602298012789377	1024
1602298012789378	1024
1602298012789526	-1024
1602298012789565	-1024
1602298012789728	149323776
1602298012789734	1048576
1602298012789784	1280
1602298012789857	-1280
1602298012789861	-1048576
1602298012789993	149323776
1602298012789995	4096
1602298012789996	4096
1602298012789997	4096
1602298012789998	4096
1602298012790145	-1024
1602298012790185	-1024
1602298012790429	37330944
1602298012790435	1048576
1602298012790485	2048
1602298012790559	-2048
1602298012790562	-1048576
1602298012790642	-4096
1602298012790680	-4096
1602298012790692	37330944
1602298012790693	1024
1602298012790694	1024
1602298012790695	1024
1602298012790696	1024
1602298012790931	37330944
1602298012790937	2359296
1602298012790987	235929600
1602298012791099	-235929600
1602298012791103	-2359296
1602298012791232	37330944
1602298012791234	1024
1602298012791235	1024
1602298012791236	1024
1602298012791237	1024
1602298012791381	-1024
1602298012791420	-1024
1602298012791548	149323776
1602298012791555	1048576
1602298012791604	1280
1602298012791680	-1280
1602298012791684	-1048576
1602298012791814	149323776
1602298012791815	4096
1602298012791816	4096
1602298012791817	4096
1602298012791819	4096
1602298012791965	-1024
1602298012792005	-1024
1602298012792247	37330944
1602298012792253	1048576
1602298012792303	2048
1602298012792394	-2048
1602298012792397	-1048576
1602298012792485	-4096
1602298012792523	-4096
1602298012792536	37330944
1602298012792537	1024
1602298012792538	1024
1602298012792539	1024
1602298012792540	1024
1602298012792777	37330944
1602298012792783	2359296
1602298012792833	235929600
1602298012792957	-235929600
1602298012792960	-2359296
1602298012793085	37330944
1602298012793086	1024
1602298012793087	1024
1602298012793088	1024
1602298012793088	1024
1602298012793228	-1024
1602298012793265	-1024
1602298012793389	149323776
1602298012793394	1048576
1602298012793441	1280
1602298012793511	-1280
1602298012793514	-1048576
1602298012793873	149323776
1602298012793875	4096
1602298012793875	4096
1602298012793876	4096
1602298012793877	4096
1602298012794017	-1024
1602298012794055	-1024
1602298012797714	37330944
1602298012797720	1048576
1602298012797769	2048
1602298012798530	-2048
1602298012798533	-1048576
1602298012799096	-4096
1602298012799134	-4096
1602298012799146	37330944
1602298012799147	1024
1602298012799148	1024
1602298012799149	1024
1602298012799150	1024
1602298012799378	37330944
1602298012799384	2359296
1602298012802173	235929600
1602298012805488	-235929600
1602298012805491	-2359296
1602298012808883	37330944
1602298012808884	1024
1602298012808885	1024
1602298012808886	1024
1602298012808886	1024
1602298012809027	-1024
1602298012811188	-1024
1602298012811309	149323776
1602298012811315	1048576
1602298012811361	1280
1602298012813818	-1280
1602298012813822	-1048576
1602298012815271	149323776
1602298012815272	4096
1602298012815273	4096
1602298012815273	4096
1602298012815274	4096
1602298012815416	-1024
1602298012815453	-1024
1602298012819859	37330944
1602298012819865	1048576
1602298012820423	2048
1602298012820496	-2048
1602298012820499	-1048576
1602298012820577	-4096
1602298012820615	-4096
1602298012820627	37330944
1602298012820628	1024
1602298012820629	1024
1602298012820630	1024
1602298012820630	1024
1602298012823542	37330944
1602298012823547	2359296
1602298012826858	235929600
1602298012830267	-235929600
1602298012830271	-2359296
1602298012832627	37330944
1602298012832628	1024
1602298012832629	1024
1602298012832630	1024
1602298012832630	1024
1602298012832769	-1024
1602298012832805	-1024
1602298012835197	149323776
1602298012835202	1048576
1602298012835249	1280
1602298012836645	-1280
1602298012836648	-1048576
1602298012836771	149323776
1602298012836772	4096
1602298012836773	4096
1602298012836773	4096
1602298012836774	4096
1602298012836925	-1024
1602298012840311	-1024
1602298012841818	74661888
1602298012841823	8388608
1602298012841866	512
1602298012841930	-512
1602298012841933	-8388608
1602298012841967	18665472
1602298012841972	2097152
1602298012844858	512
1602298012848131	-512
1602298012848134	-2097152
1602298012848211	-4096
1602298012851493	-4096
1602298012851504	74661888
1602298012851505	8192
1602298012851506	8192
1602298012851507	8192
1602298012851508	8192
1602298012851598	18665472
1602298012851599	2048
1602298012851600	2048
1602298012851601	2048
1602298012851601	2048
1602298012858854	18665472
1602298012858858	9437184
1602298012858901	150994944
1602298012862217	-150994944
1602298012862220	-9437184
1602298012862545	-8192
1602298012862576	-8192
1602298012862586	18665472
1602298012862587	2048
1602298012862587	2048
1602298012862588	2048
1602298012862589	2048
1602298012862695	-2048
1602298012862724	-2048
1602298012865140	74661888
1602298012865145	4194304
1602298012865185	512
1602298012865243	-512
1602298012865246	-4194304
1602298012865640	74661888
1602298012865641	10240
1602298012865642	8192
1602298012865643	8192
1602298012865644	8192
1602298012865947	-2048
1602298012865977	-2048
1602298012866009	-74661888
1602298012870215	18665472
1602298012870219	4194304
1602298012870260	512
1602298012871911	-512
1602298012871914	-4194304
1602298012871976	-10240
1602298012873075	-8192
1602298012873085	18665472
1602298012873086	2048
1602298012873087	2048
1602298012873087	2048
1602298012873088	2048
1602298012873257	18665472
1602298012873261	18673664
1602298012875612	150994944
1602298012876380	-150994944
1602298012876382	-18673664
1602298012876482	18673664
1602298012876483	2048
1602298012876483	2048
1602298012876484	2048
1602298012876485	2048
1602298012878897	-2048
1602298012878927	-2048
1602298012879663	74661888
1602298012879667	4194304
1602298012879706	512
1602298012879762	-512
1602298012879764	-4194304
1602298012882337	74661888
1602298012882338	8192
1602298012882339	8192
1602298012882340	8192
1602298012882340	8192
1602298012882445	-2048
1602298012883944	-2048
1602298012886853	18665472
1602298012886857	4194304
1602298012886894	512
1602298012886948	-512
1602298012886950	-4194304
1602298012889343	-8192
1602298012889374	-8192
1602298012889383	18665472
1602298012889384	2048
1602298012889384	2048
1602298012889385	2048
1602298012889386	2048
1602298012890163	18665472
1602298012890166	9437184
1602298012890202	150994944
1602298012893109	-150994944
1602298012893112	-9437184
1602298012893424	18665472
1602298012893425	2048
1602298012893425	2048
1602298012893426	2048
1602298012893427	2048
1602298012893522	-2048
1602298012893550	-2048
1602298012896108	74661888
1602298012896111	4194304
1602298012896147	512
1602298012897730	-512
1602298012897732	-4194304
1602298012899427	74661888
1602298012899427	10240
1602298012899428	8192
1602298012899429	8192
1602298012899429	8192
1602298012899522	-2048
1602298012900597	-2048
1602298012903860	-10240
1602298012903887	-8192
1602298012903898	1523712
1602298012903953	744960
1602298012904126	1024
1602298012904128	1024
1602298012907246	-1024
1602298012907253	-768
1602298012907308	256
1602298012909854	-1024
1602298012909863	4096
1602298012909907	1523712
1602298012909976	8200192
1602298012911449	-1523712
1602298012911450	-744960
1602298012911517	-4096
1602298012913149	-8200192
1602298012913181	-256
1602298012913214	-4096
1602298012913224	74661888
1602298012914342	-1523712
1602298012914376	-8200192
1602298012914450	-74661888
1602298012914467	74670080
1602298012914467	10240
1602298012914468	8192
1602298012914468	256
1602298012914491	256
1602298012915818	-74661888
1602298012915819	-8192
1602298012915819	-8192
1602298012915821	-256
1602298012915821	-256
1602298012915894	18665472
1602298012915903	8192512
1602298012915932	18665472
1602298012915955	4096
1602298012921920	-18665472
1602298012921923	-4096
1602298012921924	-8192512
1602298012921947	8192512
1602298012921956	4194304
1602298012921976	4096
1602298012922094	-4096
1602298012922096	-4194304
1602298012922104	-74670080
1602298012922142	-10240
1602298012922341	-8192
1602298012922374	-18665472
1602298012924150	-4194304
1602298012924159	18665472
1602298012924159	2048
1602298012924160	2048
1602298012924160	256
1602298012924483	256
1602298012924540	-18665472
1602298012924542	-18665472
1602298012924542	-2048
1602298012924543	-2048
1602298012924545	-256
1602298012924545	-256
1602298012924584	-8192512
1602298012924594	18665472
1602298012924599	9437184
1602298012924769	18665472
1602298012924783	150994944
1602298012924949	-18665472
1602298012924950	-150994944
1602298012924952	-9437184
1602298012924972	9437184
1602298012924978	18665472
1602298012924992	147456000
1602298012927523	-147456000
1602298012927526	-18665472
1602298012927532	-18665472
1602298012927569	-2048
1602298012927596	-2048
1602298012928444	-18665472
1602298012928472	-9437184
1602298012928480	18665472
1602298012928481	2048
1602298012928482	2048
1602298012928482	256
1602298012929287	256
1602298012929339	-18665472
1602298012929341	-18665472
1602298012929341	-2048
1602298012929342	-2048
1602298012929343	-256
1602298012929344	-256
1602298012929893	-9437184
1602298012929902	74661888
1602298012929907	4194304
1602298012929930	124009984
1602298012929942	4096
1602298012930008	-74661888
1602298012930010	-4096
1602298012930010	-4194304
1602298012930030	4194304
1602298012930036	8200704
1602298012930049	4096
1602298012932808	-4096
1602298012932810	-8200704
1602298012932817	-18665472
1602298012932855	-2048
1602298012932882	-2048
1602298012933171	-124009984
1602298012933205	-4194304
1602298012934972	-74661888
1602298012935296	-4194304
1602298012935304	74678272
1602298012935305	8192
1602298012935306	8192
1602298012935306	256
1602298012935327	256
1602298012935583	-74661888
1602298012935584	-8192
1602298012935584	-8192
1602298012935586	-256
1602298012935586	-256
1602298012935600	18665472
1602298012935605	4194304
1602298012935628	18665472
1602298012935642	4096
1602298012935759	-18665472
1602298012935761	-4096
1602298012935761	-4194304
1602298012935781	4194304
1602298012935787	8200704
1602298012935800	4096
1602298012939202	-4096
1602298012939204	-8200704
1602298012939211	-74678272
1602298012939251	-8192
1602298012939278	-8192
1602298012940067	-18673664
1602298012940094	-4194304
1602298012940103	18665472
1602298012940104	2048
1602298012940104	2048
1602298012940105	256
1602298012940124	256
1602298012940706	-18665472
1602298012940707	-18665472
1602298012940708	-2048
1602298012940709	-2048
1602298012940710	-256
1602298012940711	-256
1602298012940749	-4194304
1602298012940758	18665472
1602298012940763	9437184
1602298012940784	18673664
1602298012940798	150994944
1602298012943569	-18665472
1602298012943570	-150994944
1602298012943572	-9437184
1602298012943592	9437184
1602298012943597	18665472
1602298012943610	147456000
1602298012943982	-147456000
1602298012943985	-18665472
1602298012943991	-18665472
1602298012945754	-2048
1602298012946081	-2048
1602298012946111	-18665472
1602298012946137	-9437184
1602298012946146	18665472
1602298012946146	2048
1602298012946147	2048
1602298012946147	256
1602298012946364	256
1602298012946536	-18673664
1602298012946537	-18665472
1602298012946538	-2048
1602298012946538	-2048
1602298012946540	-256
1602298012946540	-256
1602298012946578	-9437184
1602298012946587	74661888
1602298012946591	4194304
1602298012946613	74661888
1602298012946626	4096
1602298012949114	-74661888
1602298012949116	-4096
1602298012949117	-4194304
1602298012949137	4194304
1602298012949143	4194304
1602298012949156	4096
1602298012950898	-4096
1602298012950900	-4194304
1602298012950907	-18665472
1602298012950945	-2048
1602298012950972	-2048
1602298012951503	-74661888
1602298012951530	-4194304
1602298012951558	-74661888
1602298012951584	-4194304
1602298012951592	74663936
1602298012951593	10240
1602298012951593	8192
1602298012951594	256
1602298012951612	256
1602298012954224	-74661888
1602298012954225	-8192
1602298012954226	-8192
1602298012954227	-256
1602298012954227	-256
1602298012954241	74661888
1602298012954242	8192
1602298012954242	8192
1602298012954242	256
1602298012954456	256
1602298012954642	-74661888
1602298012954644	-74661888
1602298012954645	-8192
1602298012954645	-8192
1602298012954646	-256
1602298012954646	-256
1602298012954660	149323776
1602298012954665	9437184
1602298012954689	149323776
1602298012955031	-149323776
1602298012955033	-9437184
1602298012955055	9437184
1602298012955061	9437696
1602298012955075	4096
1602298012957386	-4096
1602298012957388	-9437696
1602298012957395	-74663936
1602298012957432	-10240
1602298012957459	-8192
1602298012957469	18665472
1602298012957474	4194304
1602298012957566	18665472
1602298012957579	4096
1602298012957643	-18665472
1602298012957645	-4096
1602298012957646	-4194304
1602298012957665	4194304
1602298012957671	4194304
1602298012957683	4096
1602298012961059	-4096
1602298012961061	-4194304
1602298012961067	-74661888
1602298012961104	-8192
1602298012961906	-8192
1602298012961934	-8388608
1602298012961963	-18665472
1602298012962507	-4194304
1602298012962536	-9437184
1602298012962543	18665472
1602298012962544	2048
1602298012962544	2048
1602298012962545	256
1602298012962563	256
1602298012962616	-18665472
1602298012962617	-18665472
1602298012962618	-2048
1602298012962618	-2048
1602298012962619	-256
1602298012962620	-256
1602298012964988	-4194304
1602298012964998	18665472
1602298012965002	9437184
1602298012965025	18665472
1602298012965038	186654720
1602298012965457	-18665472
1602298012965459	-186654720
1602298012965459	-9437184
1602298012965479	9437184
1602298012965485	17826560
1602298012965497	186654720
1602298012967931	-186654720
1602298012967933	-17826560
1602298012967939	-18665472
1602298012967976	-2048
1602298012968212	-2048
1602298012968242	-18665472
1602298012968373	-9437184
1602298012968384	18665472
1602298012968384	2048
1602298012968385	2048
1602298012968385	256
1602298012968434	256
1602298012968491	-18665472
1602298012968493	-18665472
1602298012968493	-2048
1602298012968494	-2048
1602298012968495	-256
1602298012968496	-256
1602298012968534	-9437184
1602298012968542	261349376
1602298012968547	2097152
1602298012970951	149323776
1602298012971844	-261349376
1602298012971847	-2097152
1602298012971870	2097152
1602298012971876	2097152
1602298012971890	4096
1602298012972738	-4096
1602298012972740	-2097152
1602298012972747	-18665472
1602298012973305	-2048
1602298012973333	-2048
1602298012973362	-149323776
1602298012973387	-2097152
1602298012973414	-149323776
1602298012975785	-2097152
1602298012975794	149327872
1602298012975794	4096
1602298012975795	4096
1602298012975795	256
1602298012975816	256
1602298012976107	-149323776
1602298012976108	-4096
1602298012976109	-4096
1602298012976110	-256
1602298012976111	-256
1602298012976126	37330944
1602298012976132	1048576
1602298012976216	37330944
1602298012976230	3584
1602298012976304	-37330944
1602298012976306	-3584
1602298012976308	-1048576
1602298012976330	1048576
1602298012976336	1049088
1602298012976357	2560
1602298012978737	-2560
1602298012978739	-1049088
1602298012978747	-149327872
1602298012978987	-4096
1602298012979024	-4096
1602298012979059	-37330944
1602298012979168	-1048576
1602298012979177	37330944
1602298012979178	1024
1602298012979178	1024
1602298012979179	256
1602298012979201	256
1602298012979275	-37330944
1602298012979277	-37330944
1602298012979278	-1024
1602298012979283	-1024
1602298012979285	-256
1602298012979285	-256
1602298012979327	-1048576
1602298012979336	37330944
1602298012979341	4194304
1602298012979370	37330944
1602298012979384	263061504
1602298012982669	-37330944
1602298012982671	-263061504
1602298012982673	-4194304
1602298012982695	4194304
1602298012982701	4194304
1602298012982715	256745472
1602298012984118	-256745472
1602298012984121	-4194304
1602298012984128	-37330944
1602298012984171	-1024
1602298012984219	-1024
1602298012984256	-37330944
1602298012988938	-2359296
1602298012988949	37330944
1602298012988950	1024
1602298012988950	1024
1602298012988951	256
1602298012988973	256
1602298012989052	-37330944
1602298012989054	-37330944
1602298012989055	-1024
1602298012989056	-1024
1602298012989057	-256
1602298012989057	-256
1602298012990340	-4194304
1602298012990355	149323776
1602298012990360	1048832
1602298012990385	149323776
1602298012990398	4096
1602298012990953	-149323776
1602298012990955	-4096
1602298012990956	-1048832
1602298012990978	1048832
1602298012990984	1048576
1602298012990997	4096
1602298012991116	-4096
1602298012991118	-1048576
1602298012991126	-37330944
1602298012991163	-1024
1602298012991198	-1024
1602298012991231	-149323776
1602298012991461	-1048576
1602298012991568	-149323776
1602298012993314	-1048832
1602298012993324	149327872
1602298012993324	4096
1602298012993325	4096
1602298012993325	256
1602298012993543	256
1602298012993616	-149323776
1602298012993618	-4096
1602298012993618	-4096
1602298012993620	-256
1602298012993621	-256
1602298012993646	37330944
1602298012993651	1048832
1602298012993678	37330944
1602298012993692	3584
1602298012993763	-37330944
1602298012993765	-3584
1602298012993766	-1048832
1602298012993787	1048832
1602298012993793	1048576
1602298012993806	2560
1602298012993923	-2560
1602298012993925	-1048576
1602298012993932	-149327872
1602298012993970	-4096
1602298012994004	-4096
1602298012996455	-37330944
1602298012996488	-1048576
1602298012996501	37330944
1602298012996502	1024
1602298012996503	1024
1602298012996503	256
1602298012996523	256
1602298012996950	-37330944
1602298012996952	-37330944
1602298012996953	-1024
1602298012996953	-1024
1602298012996955	-256
1602298012996955	-256
1602298012997005	-1048832
1602298012997014	37330944
1602298012997020	4194304
1602298012997044	37330944
1602298012997058	263061504
1602298012997653	-37330944
1602298012997655	-263061504
1602298012997657	-4194304
1602298012997678	4194304
1602298012997684	4194304
1602298012997698	256745472
1602298013000366	-256745472
1602298013000369	-4194304
1602298013000377	-37330944
1602298013000423	-1024
1602298013000508	-1024
1602298013000592	-37330944
1602298013000623	-2359296
1602298013000638	37330944
1602298013000638	1024
1602298013000639	1024
1602298013000639	256
1602298013000660	256
1602298013000786	-37330944
1602298013000787	-37330944
1602298013000788	-1024
1602298013000789	-1024
1602298013000790	-256
1602298013000791	-256
1602298013000992	-4194304
1602298013001002	149323776
1602298013001007	1048576
1602298013001091	149323776
1602298013001105	4096
1602298013003091	-149323776
1602298013003094	-4096
1602298013003094	-1048576
1602298013003117	1048576
1602298013003123	1049088
1602298013003136	4096
1602298013003321	-4096
1602298013003323	-1049088
1602298013003330	-37330944
1602298013003376	-1024
1602298013003408	-1024
1602298013003438	-149323776
1602298013003472	-1048576
1602298013005971	-149323776
1602298013006005	-1048576
1602298013006018	149327872
1602298013006019	4096
1602298013006019	4096
1602298013006020	256
1602298013006041	256
1602298013006477	-149323776
1602298013006478	-4096
1602298013006479	-4096
1602298013006481	-256
1602298013006482	-256
1602298013006497	37330944
1602298013006502	1048576
1602298013006529	37330944
1602298013006549	3584
1602298013006888	-37330944
1602298013006890	-3584
1602298013006891	-1048576
1602298013006913	1048576
1602298013006919	1049088
1602298013006932	2560
1602298013007246	-2560
1602298013007248	-1049088
1602298013007255	-149327872
1602298013007303	-4096
1602298013020427	-256
1602298013026260	-4096
1602298013026320	-37330944
1602298013026357	-1048576
1602298013026372	37330944
1602298013026373	1024
1602298013026374	1024
1602298013026374	256
1602298013026397	256
1602298013026480	-37330944
1602298013026482	-37330944
1602298013026483	-1024
1602298013026484	-1024
1602298013026485	-256
1602298013026486	-256
1602298013026538	-1048576
1602298013026548	37330944
1602298013026554	4194304
1602298013026583	37330944
1602298013026599	263061504
1602298013026712	-37330944
1602298013026714	-263061504
1602298013026716	-4194304
1602298013026738	4194304
1602298013026745	4194304
1602298013026760	256745472
1602298013026891	-256745472
1602298013026893	-4194304
1602298013026901	-37330944
1602298013026941	-1024
1602298013026976	-1024
1602298013027011	-37330944
1602298013027044	-2359296
1602298013027055	37330944
1602298013027056	1024
1602298013027056	1024
1602298013027057	256
1602298013027078	256
1602298013027152	-37330944
1602298013027153	-37330944
1602298013027154	-1024
1602298013027155	-1024
1602298013027157	-256
1602298013027157	-256
1602298013027205	-4194304
1602298013027218	149323776
1602298013027224	1048576
1602298013027248	149323776
1602298013027262	4096
1602298013027335	-149323776
1602298013027337	-4096
1602298013027338	-1048576
1602298013027361	1048576
1602298013027367	1049088
1602298013027380	4096
1602298013027499	-4096
1602298013027501	-1049088
1602298013027508	-37330944
1602298013027546	-1024
1602298013027583	-1024
1602298013027616	-149323776
1602298013027648	-1048576
1602298013027684	-149323776
1602298013027718	-1048576
1602298013027727	149327872
1602298013027727	4096
1602298013027728	4096
1602298013027728	256
1602298013027749	256
1602298013027822	-149323776
1602298013027824	-4096
1602298013027824	-4096
1602298013027826	-256
1602298013027827	-256
1602298013027842	37330944
1602298013027847	1048576
1602298013027879	37330944
1602298013027893	3584
1602298013027962	-37330944
1602298013027965	-3584
1602298013027966	-1048576
1602298013027987	1048576
1602298013027994	1049088
1602298013028007	2560
1602298013028125	-2560
1602298013028128	-1049088
1602298013028135	-149327872
1602298013028173	-4096
1602298013028205	-4096
1602298013028235	-37330944
1602298013028271	-1048576
1602298013028279	47713792
1602298013028280	1024
1602298013028280	1024
1602298013028281	256
1602298013028307	256
1602298013028387	-37330944
1602298013028389	-37330944
1602298013028390	-1024
1602298013028390	-1024
1602298013028392	-256
1602298013028392	-256
1602298013028434	-1048576
1602298013028448	37330944
1602298013028454	2359808
1602298013028479	37330944
1602298013028492	263061504
1602298013028598	-37330944
1602298013028600	-263061504
1602298013028602	-2359808
1602298013028628	2359808
1602298013028634	4194304
1602298013028648	256745472
1602298013028771	-256745472
1602298013028774	-4194304
1602298013028781	-47713792
1602298013028827	-1024
1602298013028860	-1024
1602298013028890	-37330944
1602298013028925	-2359296
1602298013028938	37330944
1602298013028938	1024
1602298013028939	1024
1602298013028939	256
1602298013028960	256
1602298013029030	-37330944
1602298013029032	-37330944
1602298013029033	-1024
1602298013029033	-1024
1602298013029034	-256
1602298013029035	-256
1602298013029081	-2359808
1602298013029091	149323776
1602298013029096	1048576
1602298013029171	149323776
1602298013029186	4096
1602298013029252	-149323776
1602298013029254	-4096
1602298013029255	-1048576
1602298013029278	1048576
1602298013029284	1049088
1602298013029297	4096
1602298013029410	-4096
1602298013029412	-1049088
1602298013029419	-37330944
1602298013029457	-1024
1602298013029491	-1024
1602298013029526	-149323776
1602298013029561	-1048576
1602298013029592	-149323776
1602298013031058	-1048576
1602298013031068	149327872
1602298013031068	4096
1602298013031069	4096
1602298013031070	256
1602298013031157	256
1602298013031514	-149323776
1602298013031515	-4096
1602298013031520	-4096
1602298013031522	-256
1602298013031522	-256
1602298013031538	47713792
1602298013031543	1049088
1602298013031571	37330944
1602298013031585	3584
1602298013031660	-47713792
1602298013031662	-3584
1602298013031663	-1049088
1602298013031685	1049088
1602298013031691	1048576
1602298013031704	2560
1602298013031929	-2560
1602298013031932	-1048576
1602298013031939	-149327872
1602298013031993	-4096
1602298013032028	-4096
1602298013032061	-37330944
1602298013034706	-1048576
1602298013034722	37330944
1602298013034723	1024
1602298013034723	1024
1602298013034724	256
1602298013034746	256
1602298013034823	-37330944
1602298013034824	-37330944
1602298013034825	-1024
1602298013034826	-1024
1602298013034827	-256
1602298013034827	-256
1602298013037899	-1049088
1602298013037909	37330944
1602298013037915	4194304
1602298013037944	47713792
1602298013037959	263061504
1602298013038423	-37330944
1602298013038425	-263061504
1602298013038427	-4194304
1602298013038450	4194304
1602298013038456	4194304
1602298013038471	256745472
1602298013039529	-256745472
1602298013039531	-4194304
1602298013039543	-37330944
1602298013039605	-1024
1602298013039641	-1024
1602298013039675	-37330944
1602298013042443	-2359296
1602298013042458	37330944
1602298013042459	1024
1602298013042459	1024
1602298013042460	256
1602298013042483	256
1602298013042556	-47713792
1602298013042557	-37330944
1602298013042558	-1024
1602298013042559	-1024
1602298013042560	-256
1602298013042561	-256
1602298013042607	-4194304
1602298013042616	149323776
1602298013042621	1049088
1602298013045243	149323776
1602298013045257	4096
1602298013045337	-149323776
1602298013045339	-4096
1602298013045339	-1049088
1602298013045362	1049088
1602298013045368	1048576
1602298013045381	4096
1602298013045647	-4096
1602298013045649	-1048576
1602298013045657	-37330944
1602298013045696	-1024
1602298013045810	-1024
1602298013046066	-149323776
1602298013046175	-1048576
1602298013047909	-149323776
1602298013048148	-1049088
1602298013048160	149323776
1602298013048161	4096
1602298013048162	4096
1602298013048163	256
1602298013048320	256
1602298013048540	-149323776
1602298013048541	-4096
1602298013048542	-4096
1602298013048544	-256
1602298013048544	-256
1602298013048565	149323776
1602298013048566	4096
1602298013048567	4096
1602298013048567	256
1602298013050194	256
1602298013050348	-149323776
1602298013050350	-149323776
1602298013050350	-4096
1602298013050351	-4096
1602298013050352	-256
1602298013050352	-256
1602298013050367	298647552
1602298013050373	2097152
1602298013050607	298647552
1602298013050699	-298647552
1602298013050701	-2097152
1602298013050731	2097152
1602298013050738	2097152
1602298013050753	2560
1602298013050867	-2560
1602298013050869	-2097152
1602298013050876	-149323776
1602298013051010	-4096
1602298013051062	-4096
1602298013051075	50860032
1602298013051080	1048576
1602298013051121	37330944
1602298013051134	4096
1602298013053854	-50860032
1602298013053856	-4096
1602298013053857	-1048576
1602298013053880	1048576
1602298013053886	1048576
1602298013053899	4096
1602298013057058	-4096
1602298013057060	-1048576
1602298013057067	-149323776
1602298013057104	-4096
1602298013057139	-4096
1602298013057505	-2097152
1602298013057544	-37330944
1602298013057959	-1048576
1602298013057994	-2097152
1602298013058002	37330944
1602298013058003	1024
1602298013058003	1024
1602298013058004	256
1602298013058028	256
1602298013058099	-37330944
1602298013058101	-37330944
1602298013058102	-1024
1602298013058102	-1024
1602298013058104	-256
1602298013058104	-256
1602298013058649	-1048576
1602298013058663	50860032
1602298013058669	4194304
1602298013058693	37330944
1602298013058707	263061504
1602298013059681	-50860032
1602298013059683	-263061504
1602298013059684	-4194304
1602298013059711	4194304
1602298013059717	4194304
1602298013059731	256745472
1602298013072915	-256745472
1602298013072918	-4194304
1602298013072926	-37330944
1602298013072975	-1024
1602298013073009	-1024
1602298013073040	-37330944
1602298013073074	-2359296
1602298013073083	50860032
1602298013073084	1024
1602298013073085	1024
1602298013073085	256
1602298013073110	256
1602298013075849	-37330944
1602298013075851	-37330944
1602298013075851	-1024
1602298013075852	-1024
1602298013075854	-256
1602298013075854	-256
1602298013075896	-4194304
1602298013075911	298647552
1602298013075916	524288
1602298013075940	298647552
1602298013078610	-298647552
1602298013078613	-524288
1602298013078637	524288
1602298013078644	524288
1602298013078658	4096
1602298013078846	-4096
1602298013078848	-524288
1602298013078855	-50860032
1602298013078892	-1024
1602298013078940	-1024
1602298013078976	-298647552
1602298013079005	-524288
1602298013079129	-298647552
1602298013079166	-524288
1602298013079176	298649600
1602298013079176	2048
1602298013079177	2048
1602298013079178	256
1602298013079280	256
1602298013079603	-298647552
1602298013079605	-2048
1602298013079605	-2048
1602298013079607	-256
1602298013079608	-256
1602298013079624	74661888
1602298013079629	262144
1602298013079662	74661888
1602298013079676	6912
1602298013081806	-74661888
1602298013081808	-6912
1602298013081810	-262144
1602298013081833	262144
1602298013081839	262144
1602298013081852	2560
1602298013084096	-2560
1602298013084099	-262144
1602298013084106	-298649600
1602298013084150	-2048
1602298013084217	-2048
1602298013084274	-74661888
1602298013084308	-262144
1602298013084318	74661888
1602298013084318	512
1602298013084319	512
1602298013084319	256
1602298013084343	256
1602298013084518	-74661888
1602298013084520	-74661888
1602298013084520	-512
1602298013084521	-512
1602298013084523	-256
1602298013084523	-256
1602298013084564	-262144
1602298013084578	74661888
1602298013084583	1048576
1602298013084608	74661888
1602298013084621	278552576
1602298013084911	-74661888
1602298013084914	-278552576
1602298013084915	-1048576
1602298013084937	1048576
1602298013084943	1049088
1602298013084963	338337792
1602298013088293	-338337792
1602298013088295	-1049088
1602298013088302	-74661888
1602298013088343	-512
1602298013088387	-512
1602298013089152	-74661888
1602298013089187	-589824
1602298013089195	74661888
1602298013089196	512
1602298013089197	512
1602298013089197	256
1602298013090024	256
1602298013090098	-74661888
1602298013090100	-74661888
1602298013090101	-512
1602298013090106	-512
1602298013090108	-256
1602298013090108	-256
1602298013090151	-1048576
1602298013090165	298647552
1602298013090170	262400
1602298013090194	298647552
1602298013090208	6912
1602298013091258	-298647552
1602298013091260	-6912
1602298013091262	-262400
1602298013091284	262400
1602298013091290	262144
1602298013091304	4096
1602298013096507	-4096
1602298013096509	-262144
1602298013096517	-74661888
1602298013096556	-512
1602298013096590	-512
1602298013096624	-298647552
1602298013096764	-262144
1602298013096800	-298647552
1602298013096833	-262400
1602298013096841	298649600
1602298013096842	2048
1602298013096843	2048
1602298013096843	256
1602298013097103	256
1602298013097180	-298647552
1602298013097181	-2048
1602298013097182	-2048
1602298013097184	-256
1602298013097184	-256
1602298013097200	74661888
1602298013097205	262400
1602298013097237	74661888
1602298013097251	6912
1602298013099281	-74661888
1602298013099283	-6912
1602298013099285	-262400
1602298013099306	262400
1602298013099313	262144
1602298013099326	2560
1602298013102226	-2560
1602298013102229	-262144
1602298013102236	-298649600
1602298013102275	-2048
1602298013102307	-2048
1602298013102338	-74661888
1602298013102501	-262144
1602298013102515	74661888
1602298013102516	512
1602298013102516	512
1602298013102517	256
1602298013102537	256
1602298013102608	-74661888
1602298013102610	-74661888
1602298013102611	-512
1602298013102611	-512
1602298013102613	-256
1602298013102613	-256
1602298013102850	-262400
1602298013102860	74661888
1602298013102865	589824
1602298013102891	74661888
1602298013102905	278552576
1602298013103017	-74661888
1602298013103019	-278552576
1602298013103021	-589824
1602298013103048	589824
1602298013103054	1048576
1602298013103069	338337792
1602298013105816	-338337792
1602298013105819	-1048576
1602298013105827	-74661888
1602298013108393	-512
1602298013108425	-512
1602298013108461	-74661888
1602298013108494	-589824
1602298013108502	74661888
1602298013108503	512
1602298013108503	512
1602298013108504	256
1602298013109256	256
1602298013109330	-74661888
1602298013109332	-74661888
1602298013109333	-512
1602298013109333	-512
1602298013109335	-256
1602298013109335	-256
1602298013110125	-589824
1602298013110139	298647552
1602298013110144	262400
1602298013110170	298647552
1602298013110184	6912
1602298013111314	-298647552
1602298013111316	-6912
1602298013111317	-262400
1602298013111339	262400
1602298013111345	262144
1602298013111358	4096
1602298013114003	-4096
1602298013114005	-262144
1602298013114013	-74661888
1602298013114051	-512
1602298013116610	-512
1602298013116648	-298647552
1602298013116677	-262144
1602298013116712	-298647552
1602298013116868	-262400
1602298013116877	298651648
1602298013116878	2048
1602298013116879	2048
1602298013116879	256
1602298013116900	256
1602298013116972	-298647552
1602298013116973	-2048
1602298013116974	-2048
1602298013116976	-256
1602298013116976	-256
1602298013116997	74661888
1602298013117003	262400
1602298013117207	74661888
1602298013117220	6912
1602298013117628	-74661888
1602298013117630	-6912
1602298013117631	-262400
1602298013117653	262400
1602298013117659	262144
1602298013117672	2560
1602298013120726	-2560
1602298013120729	-262144
1602298013120736	-298651648
1602298013122117	-2048
1602298013122297	-2048
1602298013122340	-74663936
1602298013122371	-262144
1602298013122384	74661888
1602298013122385	512
1602298013122386	512
1602298013122386	256
1602298013122408	256
1602298013122624	-74661888
1602298013122626	-74661888
1602298013122627	-512
1602298013122628	-512
1602298013122629	-256
1602298013122629	-256
1602298013122676	-262400
1602298013122686	74661888
1602298013122691	589824
1602298013122714	74663936
1602298013122727	278552576
1602298013122984	-74661888
1602298013122987	-278552576
1602298013122988	-589824
1602298013123016	589824
1602298013123022	589824
1602298013123036	338337792
1602298013125864	-338337792
1602298013125867	-589824
1602298013125874	-74661888
1602298013125921	-512
1602298013125949	-512
1602298013128476	-74661888
1602298013128514	-589824
1602298013128523	74661888
1602298013128524	512
1602298013128524	512
1602298013128525	256
1602298013128550	256
1602298013128621	-74663936
1602298013128622	-74661888
1602298013128623	-512
1602298013128623	-512
1602298013128624	-256
1602298013128625	-256
1602298013129362	-589824
1602298013129371	298647552
1602298013129377	262400
1602298013129402	298647552
1602298013129415	6912
1602298013130258	-298647552
1602298013130260	-6912
1602298013130262	-262400
1602298013130283	262400
1602298013130289	262144
1602298013130303	4096
1602298013134058	-4096
1602298013134060	-262144
1602298013134067	-74661888
1602298013134107	-512
1602298013134142	-512
1602298013134176	-298647552
1602298013136713	-262144
1602298013136744	-298647552
1602298013136779	-262400
1602298013136787	298648576
1602298013136788	2048
1602298013136789	2048
1602298013136789	256
1602298013136816	256
1602298013137017	-298647552
1602298013137018	-2048
1602298013137019	-2048
1602298013137020	-256
1602298013137021	-256
1602298013137035	298647552
1602298013137036	2048
1602298013137037	2048
1602298013137037	256
1602298013137061	256
1602298013137127	-298647552
1602298013137129	-298647552
1602298013137130	-2048
1602298013137136	-2048
1602298013137137	-256
1602298013137138	-256
1602298013137154	597295104
1602298013137159	589824
1602298013137301	597295104
1602298013137404	-597295104
1602298013137407	-589824
1602298013137430	589824
1602298013137436	589824
1602298013137450	2560
1602298013140278	-2560
1602298013140281	-589824
1602298013140288	-298648576
1602298013140838	-2048
1602298013142231	-2048
1602298013142240	74661888
1602298013142246	262400
1602298013142417	74661888
1602298013142431	6912
1602298013142501	-74661888
1602298013142503	-6912
1602298013142504	-262400
1602298013142526	262400
1602298013142532	262144
1602298013142545	2560
1602298013143065	-2560
1602298013143067	-262144
1602298013143074	-298647552
1602298013143112	-2048
1602298013143146	-2048
1602298013143176	-524288
1602298013147401	-74661888
1602298013147457	-262144
1602298013147493	-589824
1602298013147502	78987008
1602298013147503	512
1602298013147503	512
1602298013147504	256
1602298013147525	256
1602298013148683	-74661888
1602298013148685	-74661888
1602298013148686	-512
1602298013148686	-512
1602298013148688	-256
1602298013148688	-256
1602298013148740	-262400
1602298013148749	74661888
1602298013148755	589824
1602298013148785	74661888
1602298013148800	278552576
1602298013149550	-74661888
1602298013149552	-278552576
1602298013149554	-589824
1602298013149577	589824
1602298013149585	589824
1602298013149599	447979520
1602298013150391	-447979520
1602298013150393	-589824
1602298013150400	-78987008
1602298013151543	-512
1602298013151577	-512
1602298013151610	-74661888
1602298013154175	-589824
1602298013154189	74661888
1602298013154190	512
1602298013154191	512
1602298013154191	256
1602298013154214	256
1602298013154287	-74661888
1602298013154289	-111983616
1602298013154289	-512
1602298013154290	-768
1602298013154291	-256
1602298013154291	-256
1602298013154338	-589824
1602298013154348	597295104
1602298013154353	131072
1602298013156820	597295104
1602298013156934	-597295104
1602298013156937	-131072
1602298013156962	131072
1602298013156968	131328
1602298013156982	4096
1602298013157413	-4096
1602298013157415	-131328
1602298013157422	-74661888
1602298013157462	-512
1602298013157496	-512
1602298013157841	-597295104
1602298013157875	-131072
1602298013159585	-597295104
1602298013159886	-131072
1602298013159896	597295104
1602298013159896	1024
1602298013159897	1024
1602298013159897	256
1602298013160393	256
1602298013160996	-597295104
1602298013160998	-1024
1602298013160998	-1024
1602298013161000	-256
1602298013161001	-256
1602298013161017	149323776
1602298013161023	65536
1602298013162332	149323776
1602298013162346	21248
1602298013162571	-149323776
1602298013162573	-21248
1602298013162574	-65536
1602298013162596	65536
1602298013162603	65536
1602298013162615	4096
1602298013163137	-4096
1602298013163139	-65536
1602298013163146	-597295104
1602298013163185	-1024
1602298013163221	-1024
1602298013163251	-149323776
1602298013163289	-65536
1602298013163301	149323776
1602298013163302	256
1602298013163302	256
1602298013163303	256
1602298013166072	256
1602298013166145	-149323776
1602298013166147	-149323776
1602298013166148	-256
1602298013166149	-256
1602298013166150	-256
1602298013166151	-256
1602298013166200	-65536
1602298013166210	149323776
1602298013166215	262400
1602298013166239	149323776
1602298013166252	225099776
1602298013168917	-149323776
1602298013168920	-225099776
1602298013168921	-262400
1602298013168950	262400
1602298013168957	147456
1602298013168971	953843712
1602298013170468	-953843712
1602298013170470	-147456
1602298013170478	-149323776
1602298013170517	-256
1602298013171631	-256
1602298013171668	-149323776
1602298013171701	-147456
1602298013171711	149323776
1602298013171711	256
1602298013171712	256
1602298013171712	256
1602298013174259	256
1602298013174336	-149323776
1602298013174338	-149323776
1602298013174339	-256
1602298013174345	-256
1602298013174346	-256
1602298013174346	-256
1602298013174390	-262400
1602298013174404	597295104
1602298013174409	65536
1602298013174433	597295104
1602298013174447	21248
1602298013176952	-597295104
1602298013176954	-21248
1602298013176956	-65536
1602298013176978	65536
1602298013176985	65536
1602298013176998	4096
1602298013177506	-4096
1602298013177508	-65536
1602298013177516	-149323776
1602298013177554	-256
1602298013177588	-256
1602298013177950	-597295104
1602298013177981	-65536
1602298013179691	-597295104
1602298013179994	-65536
1602298013180003	597295104
1602298013180003	1024
1602298013180004	1024
1602298013180005	256
1602298013180500	256
1602298013181118	-597295104
1602298013181120	-1024
1602298013181121	-1024
1602298013181122	-256
1602298013181123	-256
1602298013181139	149323776
1602298013181144	65536
1602298013182457	149323776
1602298013182470	21248
1602298013182693	-149323776
1602298013182695	-21248
1602298013182696	-65536
1602298013182717	65536
1602298013182724	65536
1602298013182736	4096
1602298013183263	-4096
1602298013183265	-65536
1602298013183272	-597295104
1602298013183311	-1024
1602298013183347	-1024
1602298013183378	-149323776
1602298013183414	-65536
1602298013183422	149323776
1602298013183423	256
1602298013183424	256
1602298013183432	256
1602298013186191	256
1602298013186264	-149323776
1602298013186266	-149323776
1602298013186267	-256
1602298013186268	-256
1602298013186269	-256
1602298013186270	-256
1602298013186310	-65536
1602298013186325	149323776
1602298013186331	147456
1602298013186355	149323776
1602298013186368	225099776
1602298013189044	-149323776
1602298013189046	-225099776
1602298013189048	-147456
1602298013189070	147456
1602298013189077	147456
1602298013189098	953843712
1602298013190590	-953843712
1602298013190593	-147456
1602298013190600	-149323776
1602298013190639	-256
1602298013191754	-256
1602298013191790	-149323776
1602298013192934	-147456
1602298013192949	149323776
1602298013192949	256
1602298013192950	256
1602298013192950	256
1602298013193450	256
1602298013200718	-149323776
1602298013200720	-149323776
1602298013200720	-256
1602298013200721	-256
1602298013200722	-256
1602298013200723	-256
1602298013200773	-147456
1602298013200782	597295104
1602298013200788	65536
1602298013200817	597295104
1602298013200831	21248
1602298013206272	-597295104
1602298013206275	-21248
1602298013206276	-65536
1602298013206298	65536
1602298013206305	65536
1602298013206319	3072
1602298013206430	-3072
1602298013206433	-65536
1602298013206440	-149323776
1602298013208949	-256
1602298013208985	-256
1602298013209017	-597295104
1602298013209050	-65536
1602298013211596	-597295104
1602298013211625	-65536
1602298013211638	597295104
1602298013211639	1024
1602298013211639	1280
1602298013211640	256
1602298013211660	256
1602298013211732	-597295104
1602298013211733	-1024
1602298013211734	-1024
1602298013211736	-256
1602298013211736	-256
1602298013211755	597295104
1602298013211755	1024
1602298013211756	1024
1602298013211757	256
1602298013211781	256
1602298013211922	-597295104
1602298013211924	-597295104
1602298013211925	-1024
1602298013211925	-1024
1602298013211927	-256
1602298013211927	-256
1602298013211945	149323776
1602298013211950	65792
1602298013211978	149323776
1602298013211992	21248
1602298013212251	-149323776
1602298013212253	-21248
1602298013212254	-65792
1602298013212275	65792
1602298013212282	65536
1602298013212295	3072
1602298013214428	-3072
1602298013214431	-65536
1602298013214438	-597295104
1602298013214737	-1024
1602298013215262	-1280
1602298013215271	149323776
1602298013215277	65536
1602298013215793	149323776
1602298013215806	21248
1602298013217406	-149323776
1602298013217408	-21248
1602298013217409	-65536
1602298013217431	65536
1602298013217437	65536
1602298013217450	3072
1602298013217687	-3072
1602298013217689	-65536
1602298013217696	-597295104
1602298013218004	-1024
1602298013218034	-1024
1602298013218070	-65536
1602298013218574	-149323776
1602298013221038	-65536
1602298013221073	-65792
1602298013221086	149323776
1602298013221087	256
1602298013221087	256
1602298013221088	256
1602298013221109	256
1602298013221180	-149323776
1602298013221182	-149323776
1602298013221183	-256
1602298013221184	-256
1602298013221185	-256
1602298013221185	-256
1602298013222579	-65536
1602298013222594	149323776
1602298013222599	147456
1602298013222624	149323776
1602298013222637	225099776
1602298013222892	-149323776
1602298013222894	-225099776
1602298013222896	-147456
1602298013222924	147456
1602298013222931	147456
1602298013222945	953843712
1602298013228225	-953843712
1602298013228228	-147456
1602298013228235	-149323776
1602298013228275	-256
1602298013228309	-256
1602298013230907	-149323776
1602298013230941	-147456
1602298013230956	149323776
1602298013230957	256
1602298013230957	256
1602298013230958	256
1602298013230979	256
1602298013231051	-149323776
1602298013231053	-149323776
1602298013231054	-256
1602298013231055	-256
1602298013231056	-256
1602298013231056	-256
1602298013233655	-147456
1602298013233666	149323776
1602298013233671	16384
1602298013233701	149323776
1602298013233715	21248
1602298013234112	-149323776
1602298013234114	-21248
1602298013234115	-16384
1602298013234138	16384
1602298013234144	16384
1602298013234158	3072
1602298013234751	-3072
1602298013234753	-16384
1602298013234760	-149323776
1602298013234986	-256
1602298013237327	-256
1602298013237836	-149323776
1602298013238338	-16384
1602298013238351	597295104
1602298013240278	-149323776
1602298013240279	-149323776
1602298013240317	-16384
1602298013240359	-597295104
1602298013240368	597295104
1602298013240369	256
1602298013240370	256
1602298013240370	256
1602298013240392	256
1602298013240772	-597295104
1602298013240774	-597295104
1602298013240775	-256
1602298013240775	-256
1602298013240777	-256
1602298013240777	-256
1602298013240792	37632
1602298013240798	37632
1602298013240812	35840
1602298013241384	-35840
1602298013241387	-37632
1602298013241394	-118072832
1602298013241395	-597295104
1602298013241439	-256
1602298013244586	-256
1602298013244623	-37632
1602298013244657	-256
1602298013244658	-37632
