1599710277512876	0.000244140625
1599710277512948	0.000244140625
1599710277513075	0.000244140625
1599710277513115	0.000244140625
1599710277513153	0.000244140625
1599710277513226	-0.000244140625
1599710277513327	0.000244140625
1599710277513346	-0.000244140625
1599710277513423	0.000244140625
1599710277513526	0.000244140625
1599710277513572	-0.000244140625
1599710277513674	0.000244140625
1599710277513718	-0.000244140625
1599710277513750	0.000244140625
1599710277513836	-0.000244140625
1599710277513836	-0.000244140625
1599710277513836	-0.000244140625
1599710277513836	-0.000244140625
1599710277513836	-0.000244140625
1599710277513884	0.000244140625
1599710277513899	-0.000244140625
1599710277513899	-0.000244140625
1599710277514451	0.000244140625
1599710277514611	-0.000244140625
1599710277516268	0.000244140625
1599710277517223	0.000244140625
1599710277517223	0.0087890625
1599710277517291	-0.0087890625
1599710277517340	2.25
1599710277517422	0.000244140625
1599710277517422	0.0087890625
1599710277517468	-0.0087890625
1599710277517500	9.0
1599710277517570	0.000244140625
1599710277517570	0.0087890625
1599710277517612	-0.0087890625
1599710277517645	2.25
1599710277517698	0.000244140625
1599710277517698	0.000244140625
1599710277517742	-0.000244140625
1599710277517769	1.0
1599710277517821	0.000244140625
1599710277517821	0.000244140625
1599710277517860	-0.000244140625
1599710277517889	1.0
1599710277517954	0.000244140625
1599710277517954	0.0087890625
1599710277517997	-0.0087890625
1599710277518029	8.0
1599710277518116	0.000244140625
1599710277518116	0.0087890625
1599710277518161	-0.0087890625
1599710277518197	9.0
1599710277518250	0.000244140625
1599710277518250	0.000244140625
1599710277518290	-0.000244140625
1599710277518317	1.0
1599710277518366	0.000244140625
1599710277518366	0.000244140625
1599710277518405	-0.000244140625
1599710277518432	0.0625
1599710277518480	0.000244140625
1599710277518480	0.000244140625
1599710277518529	-0.000244140625
1599710277518554	0.0625
1599710277518613	0.000244140625
1599710277518613	0.0087890625
1599710277518655	-0.0087890625
1599710277518680	7.8203125
1599710277518731	0.000244140625
1599710277518731	0.000244140625
1599710277518768	-0.000244140625
1599710277518796	0.5625
1599710277518859	0.000244140625
1599710277518859	0.0087890625
1599710277518901	-0.0087890625
1599710277518926	9.0
1599710277518977	0.000244140625
1599710277518977	0.000244140625
1599710277519013	-0.000244140625
1599710277519040	0.25
1599710277519103	0.000244140625
1599710277519103	0.0087890625
1599710277519142	-0.0087890625
1599710277519171	2.0
1599710277519236	0.000244140625
1599710277519236	0.0087890625
1599710277519274	-0.0087890625
1599710277519300	4.0
1599710277519347	0.000244140625
1599710277519347	0.000244140625
1599710277519385	-0.000244140625
1599710277519412	1.0
1599710277519457	0.000244140625
1599710277519457	0.000244140625
1599710277519494	-0.000244140625
1599710277519521	0.0625
1599710277519564	0.000244140625
1599710277519564	0.000244140625
1599710277519600	-0.000244140625
1599710277519629	0.0625
1599710277519671	0.000244140625
1599710277519671	0.000244140625
1599710277519707	-0.000244140625
1599710277519733	0.0625
1599710277519775	0.000244140625
1599710277519775	0.000244140625
1599710277519811	-0.000244140625
1599710277519835	1.0
1599710277519905	36.75
1599710277520310	0.000244140625
1599710277520310	0.000244140625
1599710277520321	-0.000244140625
1599710277520322	0.035888671875
1599710277520329	0.000244140625
1599710277520340	0.015625
1599710277520346	0.000244140625
1599710277520346	0.000244140625
1599710277520358	-0.000244140625
1599710277520359	0.140625
1599710277520365	0.000244140625
1599710277520365	0.000244140625
1599710277520378	-0.000244140625
1599710277520379	0.25
1599710277520385	0.000244140625
1599710277520385	0.000244140625
1599710277520421	-0.000244140625
1599710277520446	0.5625
1599710277520510	0.000244140625
1599710277520510	0.0087890625
1599710277520548	-0.0087890625
1599710277520587	2.25
1599710277520636	0.000244140625
1599710277520636	0.000244140625
1599710277520672	-0.000244140625
1599710277520698	0.25
1599710277520760	0.000244140625
1599710277520760	0.0087890625
1599710277520797	-0.0087890625
1599710277520829	2.25
1599710277520875	0.000244140625
1599710277520875	0.000244140625
1599710277520912	-0.000244140625
1599710277520937	0.25
1599710277520983	0.000244140625
1599710277520983	0.000244140625
1599710277521020	-0.000244140625
1599710277521045	0.5
1599710277521091	0.000244140625
1599710277521091	0.000244140625
1599710277521129	-0.000244140625
1599710277521155	1.0
1599710277521200	0.000244140625
1599710277521200	0.000244140625
1599710277521237	-0.000244140625
1599710277521262	0.5
1599710277521309	0.000244140625
1599710277521309	0.000244140625
1599710277521346	-0.000244140625
1599710277521374	0.5625
1599710277521420	0.000244140625
1599710277521420	0.000244140625
1599710277521456	-0.000244140625
1599710277521480	0.140625
1599710277521539	0.000244140625
1599710277521539	0.000244140625
1599710277521584	-0.000244140625
1599710277521612	0.5625
1599710277521675	0.000244140625
1599710277521675	0.0087890625
1599710277521714	-0.0087890625
1599710277521740	4.0
1599710277521787	0.000244140625
1599710277521787	0.000244140625
1599710277521827	-0.000244140625
1599710277521853	1.0
1599710277521898	0.000244140625
1599710277521940	0.00390625
1599710277521981	0.000244140625
1599710277521981	0.000244140625
1599710277522018	-0.000244140625
1599710277522042	0.125
1599710277522087	0.000244140625
1599710277522087	0.000244140625
1599710277522134	-0.000244140625
1599710277522163	0.25
1599710277522207	0.000244140625
1599710277522207	0.000244140625
1599710277522244	-0.000244140625
1599710277522268	0.25
1599710277522311	0.000244140625
1599710277522311	0.000244140625
1599710277522348	-0.000244140625
1599710277522373	0.25
1599710277522417	0.000244140625
1599710277522417	0.000244140625
1599710277522453	-0.000244140625
1599710277522477	0.0625
1599710277522516	0.000244140625
1599710277522516	0.000244140625
1599710277522552	-0.000244140625
1599710277522577	1.0
1599710277522640	0.000244140625
1599710277522640	0.0087890625
1599710277522678	-0.0087890625
1599710277522708	4.0
1599710277522771	0.000244140625
1599710277522771	0.0087890625
1599710277522809	-0.0087890625
1599710277522838	2.25
1599710277522881	0.000244140625
1599710277522881	0.000244140625
1599710277522918	-0.000244140625
1599710277522944	1.0
1599710277523006	0.000244140625
1599710277523006	0.0087890625
1599710277523045	-0.0087890625
1599710277523073	4.0
1599710277523117	0.000244140625
1599710277523117	0.000244140625
1599710277523154	-0.000244140625
1599710277523179	1.0
1599710277523238	0.000244140625
1599710277523238	0.0087890625
1599710277523277	-0.0087890625
1599710277523307	2.25
1599710277523350	0.000244140625
1599710277523350	0.000244140625
1599710277523387	-0.000244140625
1599710277523415	0.140625
1599710277523477	0.000244140625
1599710277523477	0.0087890625
1599710277523516	-0.0087890625
1599710277523546	2.0
1599710277523590	0.000244140625
1599710277523590	0.000244140625
1599710277523626	-0.000244140625
1599710277523650	1.0
1599710277523708	0.000244140625
1599710277523708	0.0087890625
1599710277523746	-0.0087890625
1599710277523772	4.0
1599710277523847	38.7451171875
1599710277524066	-36.75
1599710277524130	-0.000244140625
1599710277524130	-0.000244140625
1599710277524130	-0.000244140625
1599710277524130	-0.000244140625
1599710277524130	-0.000244140625
1599710277524130	-0.000244140625
1599710277524130	-0.000244140625
1599710277524130	-0.000244140625
1599710277524130	-0.000244140625
1599710277524130	-0.000244140625
1599710277524130	-0.000244140625
1599710277524130	-0.000244140625
1599710277524130	-0.000244140625
1599710277524130	-0.000244140625
1599710277524130	-0.000244140625
1599710277524130	-0.000244140625
1599710277524130	-0.000244140625
1599710277524130	-0.000244140625
1599710277524130	-0.000244140625
1599710277524130	-0.000244140625
1599710277524130	-0.000244140625
1599710277524130	-0.000244140625
1599710277524130	-0.000244140625
1599710277524130	-0.000244140625
1599710277524130	-0.000244140625
1599710277524130	-0.000244140625
1599710277524130	-0.000244140625
1599710277524130	-0.000244140625
1599710277524130	-0.000244140625
1599710277524130	-0.000244140625
1599710277524130	-0.000244140625
1599710277524130	-0.000244140625
1599710277524130	-0.000244140625
1599710277524130	-0.000244140625
1599710277524130	-0.000244140625
1599710277524130	-0.000244140625
1599710277524130	-0.000244140625
1599710277524130	-0.000244140625
1599710277524130	-0.000244140625
1599710277524130	-0.000244140625
1599710277524130	-0.000244140625
1599710277524130	-0.000244140625
1599710277524130	-0.000244140625
1599710277524130	-0.000244140625
1599710277524130	-0.000244140625
1599710277524130	-0.000244140625
1599710277524130	-0.000244140625
1599710277524130	-0.000244140625
1599710277524130	-0.000244140625
1599710277524130	-0.000244140625
1599710277524130	-0.000244140625
1599710277524130	-0.000244140625
1599710277524130	-0.000244140625
1599710277524130	-0.000244140625
1599710277524246	196.0
1599710277524246	0.035888671875
1599710277524246	0.072021484375
1599710277526517	-0.035888671875
1599710277526517	-0.072021484375
1599710277526543	196.0
1599710277526543	0.000244140625
1599710277526543	0.000244140625
1599710277526543	0.000244140625
1599710277526543	0.000244140625
1599710277528545	-0.000244140625
1599710277528557	-0.000244140625
1599710277528558	49.0
1599710277529486	49.0
1599710277529486	0.015625
1599710277529486	0.01806640625
1599710277529799	-0.015625
1599710277529799	-0.01806640625
1599710277529800	196.0
1599710277529800	0.0625
1599710277529800	0.01806640625
1599710277530889	-0.0625
1599710277530889	-0.01806640625
1599710277530929	0.000244140625
1599710277530929	0.000244140625
1599710277530929	0.000244140625
1599710277530929	0.000244140625
1599710277530929	49.0
1599710277531236	0.0009765625
1599710277531236	0.0009765625
1599710277531236	0.0009765625
1599710277531236	0.0009765625
1599710277531236	196.0
1599710277532514	-0.000244140625
1599710277532523	-0.000244140625
1599710277532534	-0.0009765625
1599710277532544	-0.0009765625
1599710277532547	49.0
1599710277532547	0.140625
1599710277532547	85.046875
1599710277533850	-0.140625
1599710277533850	-85.046875
1599710277533913	0.000244140625
1599710277533913	49.0
1599710277533913	0.000244140625
1599710277533913	0.000244140625
1599710277533913	0.000244140625
1599710277534473	-0.000244140625
1599710277534483	-0.000244140625
1599710277534486	196.0
1599710277534486	0.0625
1599710277534486	0.01806640625
1599710277535569	-0.0625
1599710277535569	-0.01806640625
1599710277535605	0.0009765625
1599710277535605	0.0009765625
1599710277535605	196.0
1599710277535605	0.0009765625
1599710277535605	0.0009765625
1599710277537836	-196.0
1599710277537847	-0.0009765625
1599710277537858	-0.0009765625
1599710277538688	49.0
1599710277538688	0.0625
1599710277538688	0.01806640625
1599710277539628	-0.0625
1599710277539628	-0.01806640625
1599710277539666	0.000244140625
1599710277539666	49.0
1599710277539666	0.000244140625
1599710277539666	0.000244140625
1599710277539666	0.000244140625
1599710277540183	-0.000244140625
1599710277540196	49.0
1599710277540196	0.140625
1599710277540196	85.046875
1599710277541470	-0.140625
1599710277541470	-85.046875
1599710277541514	0.000244140625
1599710277541514	0.000244140625
1599710277541514	0.000244140625
1599710277541514	49.0
1599710277541514	0.000244140625
1599710277541845	-0.000244140625
1599710277542077	196.0
1599710277542077	0.0625
1599710277542077	0.01806640625
1599710277543157	-0.0625
1599710277543157	-0.01806640625
1599710277543181	-0.000244140625
1599710277543200	0.0009765625
1599710277543200	0.0009765625
1599710277543200	0.0009765625
1599710277543200	0.0009765625
1599710277543200	196.0
1599710277544289	-0.000244140625
1599710277545459	-196.0
1599710277545468	-0.0009765625
1599710277546308	49.0
1599710277546308	0.0625
1599710277546308	0.01806640625
1599710277547237	-0.0625
1599710277547237	-0.01806640625
1599710277547257	-0.0009765625
1599710277547281	0.000244140625
1599710277547281	49.0
1599710277547281	0.000244140625
1599710277547281	0.000244140625
1599710277547281	0.000244140625
1599710277547795	-0.000244140625
1599710277547808	49.0
1599710277547808	0.140625
1599710277547808	85.046875
1599710277549068	-0.140625
1599710277549068	-85.046875
1599710277549111	49.0
1599710277549111	0.000244140625
1599710277549111	0.000244140625
1599710277549111	0.000244140625
1599710277549111	0.000244140625
1599710277549424	-0.000244140625
1599710277549639	-0.000244140625
1599710277549648	-0.000244140625
1599710277549651	196.0
1599710277549651	0.0625
1599710277549651	0.01806640625
1599710277550734	-0.0625
1599710277550734	-0.01806640625
1599710277550763	0.0009765625
1599710277550763	0.0009765625
1599710277550763	0.0009765625
1599710277550763	196.0
1599710277550763	0.0009765625
1599710277553843	36.740234375
1599710277553843	0.125
1599710277553843	0.004638671875
1599710277554361	-0.125
1599710277554361	-0.004638671875
1599710277554362	98.0
1599710277554362	0.5
1599710277554362	0.004638671875
1599710277556109	-0.5
1599710277556109	-0.004638671875
1599710277556118	-0.0009765625
1599710277556127	-0.0009765625
1599710277556140	0.00048828125
1599710277556140	0.00048828125
1599710277556140	0.00048828125
1599710277556140	24.5
1599710277556140	0.00048828125
1599710277556303	0.001953125
1599710277556303	0.001953125
1599710277556303	98.0
1599710277556303	0.001953125
1599710277556303	0.001953125
1599710277556992	-0.00048828125
1599710277557013	24.5
1599710277557013	0.5625
1599710277557013	112.5
1599710277557984	-0.5625
1599710277557984	-112.5
1599710277558036	0.00048828125
1599710277558036	0.00048828125
1599710277558036	0.00048828125
1599710277558036	0.00048828125
1599710277558036	24.5
1599710277558200	-0.00048828125
1599710277558219	-0.001953125
1599710277558227	-0.001953125
1599710277558353	-0.00048828125
1599710277558356	98.0
1599710277558356	0.25
1599710277558356	0.004638671875
1599710277559313	-0.25
1599710277559313	-0.004638671875
1599710277559344	0.001953125
1599710277559344	0.001953125
1599710277559344	0.001953125
1599710277559344	0.001953125
1599710277559344	98.0
1599710277559923	-0.00048828125
1599710277560505	-98.0
1599710277560514	-0.001953125
1599710277560948	24.5
1599710277560948	0.25
1599710277560948	0.004638671875
1599710277561885	-0.25
1599710277561885	-0.004638671875
1599710277561904	-0.001953125
1599710277561924	0.00048828125
1599710277561924	0.00048828125
1599710277561924	0.00048828125
1599710277561924	0.00048828125
1599710277561924	24.5
1599710277562190	-0.00048828125
1599710277562201	24.5
1599710277562201	0.5625
1599710277562201	112.5
1599710277563144	-0.5625
1599710277563144	-112.5
1599710277563182	0.00048828125
1599710277563182	0.00048828125
1599710277563182	0.00048828125
1599710277563182	24.5
1599710277563182	0.00048828125
1599710277563353	-0.00048828125
1599710277563481	98.0
1599710277563481	0.25
1599710277563481	0.004638671875
1599710277564437	-0.25
1599710277564437	-0.004638671875
1599710277564472	0.001953125
1599710277564472	0.001953125
1599710277564472	98.0
1599710277564472	0.001953125
1599710277564472	0.001953125
1599710277565022	-0.00048828125
1599710277565032	-0.00048828125
1599710277565618	-0.001953125
1599710277565627	-0.001953125
1599710277566050	24.5
1599710277566050	0.25
1599710277566050	0.004638671875
1599710277566983	-0.25
1599710277566983	-0.004638671875
1599710277567022	0.00048828125
1599710277567022	0.00048828125
1599710277567022	0.00048828125
1599710277567022	24.5
1599710277567022	0.00048828125
1599710277567288	-0.00048828125
1599710277567300	24.5
1599710277567300	0.5625
1599710277567300	112.5
1599710277568251	-0.5625
1599710277568251	-112.5
1599710277568280	0.00048828125
1599710277568280	0.00048828125
1599710277568280	24.5
1599710277568280	0.00048828125
1599710277568280	0.00048828125
1599710277568449	-0.00048828125
1599710277568564	-0.00048828125
1599710277568574	-0.00048828125
1599710277568577	98.0
1599710277568577	0.25
1599710277568577	0.004638671875
1599710277569534	-0.25
1599710277569534	-0.004638671875
1599710277569570	0.001953125
1599710277569570	0.001953125
1599710277569570	0.001953125
1599710277569570	0.001953125
1599710277569570	98.0
1599710277570719	-98.0
1599710277570729	-0.001953125
1599710277570738	-0.001953125
1599710277571163	24.5
1599710277571163	0.25
1599710277571163	0.004638671875
1599710277572101	-0.25
1599710277572101	-0.004638671875
1599710277572129	0.00048828125
1599710277572129	24.5
1599710277572129	0.00048828125
1599710277572129	0.00048828125
1599710277572129	0.00048828125
1599710277572408	24.5
1599710277572408	0.5625
1599710277572408	112.5
1599710277573350	-0.5625
1599710277573350	-112.5
1599710277573387	0.00048828125
1599710277573387	24.5
1599710277573387	0.00048828125
1599710277573387	0.00048828125
1599710277573387	0.00048828125
1599710277573547	-0.00048828125
1599710277573557	-0.00048828125
1599710277573683	-0.00048828125
1599710277573686	98.0
1599710277573686	0.25
1599710277573686	0.004638671875
1599710277574645	-0.25
1599710277574645	-0.004638671875
1599710277574683	0.001953125
1599710277574683	98.0
1599710277574683	0.001953125
1599710277574683	0.001953125
1599710277574683	0.001953125
1599710277575259	-0.00048828125
1599710277575840	-98.0
1599710277576263	49.0
1599710277576263	2.0
1599710277576263	0.001220703125
1599710277577931	-2.0
1599710277577931	-0.001220703125
1599710277577933	12.25
1599710277577933	0.5
1599710277577933	0.001220703125
1599710277578417	-0.5
1599710277578417	-0.001220703125
1599710277578423	-0.001953125
1599710277578428	-0.001953125
1599710277578434	49.0
1599710277578434	0.00390625
1599710277578434	0.00390625
1599710277578434	0.00390625
1599710277578434	0.00390625
1599710277578703	0.0009765625
1599710277578703	0.0009765625
1599710277578703	12.25
1599710277578703	0.0009765625
1599710277578703	0.0009765625
1599710277578790	-0.00390625
1599710277578848	-0.0009765625
1599710277578868	12.25
1599710277578868	2.25
1599710277578868	81.0
1599710277579774	-2.25
1599710277579774	-81.0
1599710277579792	-0.00390625
1599710277579806	0.0009765625
1599710277579806	12.25
1599710277579806	0.0009765625
1599710277579806	0.0009765625
1599710277579806	0.0009765625
1599710277579895	-0.0009765625
1599710277579953	-0.0009765625
1599710277579961	49.0
1599710277579961	1.0
1599710277579961	0.001220703125
1599710277580849	-1.0
1599710277580849	-0.001220703125
1599710277580866	0.005859375
1599710277580866	0.00390625
1599710277580866	49.0
1599710277580866	0.00390625
1599710277580866	0.00390625
1599710277581128	-0.0009765625
1599710277581415	-49.0
1599710277581642	12.25
1599710277581642	1.0
1599710277581642	0.001953125
1599710277582558	-1.0
1599710277582558	-0.001953125
1599710277582564	-0.005859375
1599710277582570	-0.00390625
1599710277582577	0.0009765625
1599710277582577	0.0009765625
1599710277582577	12.25
1599710277582577	0.0009765625
1599710277582577	0.0009765625
1599710277582721	12.25
1599710277582721	2.25
1599710277582721	81.0
1599710277583627	-2.25
1599710277583627	-81.0
1599710277583642	12.25390625
1599710277583642	0.0009765625
1599710277583642	0.0009765625
1599710277583642	0.0009765625
1599710277583642	0.0009765625
1599710277583725	-0.0009765625
1599710277583730	-0.0009765625
1599710277583789	-0.0009765625
1599710277583796	49.0
1599710277583796	1.0
1599710277583796	0.001953125
1599710277584680	-1.0
1599710277584680	-0.001953125
1599710277584697	0.00390625
1599710277584697	0.00390625
1599710277584697	0.00390625
1599710277584697	49.0
1599710277584697	0.00390625
1599710277584976	-0.0009765625
1599710277585263	-49.0
1599710277585270	-0.00390625
1599710277585275	-0.00390625
1599710277585489	12.25
1599710277585489	1.0
1599710277585489	0.001953125
1599710277586403	-1.0
1599710277586403	-0.001953125
1599710277586419	0.0009765625
1599710277586419	0.0009765625
1599710277586419	0.0009765625
1599710277586419	12.25
1599710277586419	0.0009765625
1599710277586560	-0.0009765625
1599710277586562	12.25
1599710277586562	2.25
1599710277586562	81.0
1599710277587468	-2.25
1599710277587468	-81.0
1599710277587493	0.0009765625
1599710277587493	12.25
1599710277587493	0.0009765625
1599710277587493	0.0009765625
1599710277587493	0.0009765625
1599710277587576	-0.0009765625
1599710277587648	49.0
1599710277587648	1.0
1599710277587648	0.001220703125
1599710277588535	-1.0
1599710277588535	-0.001220703125
1599710277588553	0.005859375
1599710277588553	0.00390625
1599710277588553	49.0
1599710277588553	0.00390625
1599710277588553	0.00390625
1599710277588822	-0.0009765625
1599710277588828	-0.0009765625
1599710277589115	-49.0
1599710277589127	-0.00390625
1599710277589341	12.25
1599710277589341	1.0
1599710277589341	0.001953125
1599710277590262	-1.0
1599710277590262	-0.001953125
1599710277590268	-0.005859375
1599710277590280	0.0009765625
1599710277590280	0.0009765625
1599710277590280	12.25
1599710277590280	0.0009765625
1599710277590280	0.0009765625
1599710277590415	-0.0009765625
1599710277590421	-0.0009765625
1599710277590422	12.25
1599710277590422	2.25
1599710277590422	81.0
1599710277591327	-2.25
1599710277591327	-81.0
1599710277591351	12.25
1599710277591351	0.0009765625
1599710277591351	0.0009765625
1599710277591351	0.0009765625
1599710277591351	0.0009765625
1599710277591503	-0.0009765625
1599710277591505	49.0
1599710277591505	1.0
1599710277591505	0.001220703125
1599710277592393	-1.0
1599710277592393	-0.001220703125
1599710277592413	0.00390625
1599710277592413	49.0
1599710277592413	0.005859375
1599710277592413	0.00390625
1599710277592413	0.00390625
1599710277592677	-0.0009765625
1599710277592969	-49.0
1599710277592981	-0.00390625
1599710277593197	12.25
1599710277593197	1.0
1599710277593197	0.001953125
1599710277594109	-1.0
1599710277594109	-0.001953125
1599710277594117	-0.005859375
1599710277594133	12.25
1599710277594133	0.0009765625
1599710277594133	0.0009765625
1599710277594133	0.0009765625
1599710277594133	0.0009765625
1599710277594274	12.25
1599710277594274	2.25
1599710277594274	81.0
1599710277595181	-2.25
1599710277595181	-81.0
1599710277595201	0.0009765625
1599710277595201	0.0009765625
1599710277595201	0.0009765625
1599710277595201	0.0009765625
1599710277595201	12.25
1599710277595283	-0.0009765625
1599710277595289	-0.0009765625
1599710277595355	49.0
1599710277595355	1.0
1599710277595355	0.001220703125
1599710277596245	-1.0
1599710277596245	-0.001220703125
1599710277596261	0.00390625
1599710277596261	0.005859375
1599710277596261	0.00390625
1599710277596261	49.0
1599710277596261	0.00390625
1599710277596524	-0.0009765625
1599710277596530	-0.0009765625
1599710277597043	12.25
1599710277597043	1.0
1599710277597043	0.001953125
1599710277597958	-1.0
1599710277597958	-0.001953125
1599710277597965	-0.005859375
1599710277597970	-0.00390625
1599710277597978	0.0009765625
1599710277597978	0.0009765625
1599710277597978	0.0009765625
1599710277597978	0.0009765625
1599710277597978	12.25
1599710277598112	-0.0009765625
1599710277598119	12.25
1599710277598119	2.25
1599710277598119	81.0
1599710277599040	-2.25
1599710277599040	-81.0
1599710277599065	0.0009765625
1599710277599065	0.0009765625
1599710277599065	0.0009765625
1599710277599065	12.25
1599710277599065	0.0009765625
1599710277599164	-0.0009765625
1599710277599241	-0.0009765625
1599710277599243	49.0
1599710277599243	1.0
1599710277599243	0.001220703125
1599710277600139	-1.0
1599710277600139	-0.001220703125
1599710277600168	0.00390625
1599710277600168	0.005859375
1599710277600168	0.00390625
1599710277600168	0.00390625
1599710277600168	49.0
1599710277600435	-0.0009765625
1599710277600755	-0.00390625
1599710277600982	6.125
1599710277600982	2.0
1599710277600982	0.00048828125
1599710277601481	-2.0
1599710277601481	-0.00048828125
1599710277601484	24.5
1599710277601484	8.0
1599710277601484	0.00048828125
1599710277603386	-8.0
1599710277603386	-0.00048828125
1599710277603396	-0.005859375
1599710277603416	6.125
1599710277603416	0.001953125
1599710277603416	0.001953125
1599710277603416	0.001953125
1599710277603416	0.001953125
1599710277603477	0.0078125
1599710277603477	0.0078125
1599710277603477	0.0078125
1599710277603477	0.0078125
1599710277603477	24.5
1599710277603684	-0.001953125
1599710277603704	-0.0078125
1599710277603713	-0.0078125
1599710277603717	6.125
1599710277603717	9.0
1599710277603717	72.0
1599710277604783	-9.0
1599710277604783	-72.0
1599710277604830	0.001953125
1599710277604830	0.001953125
1599710277604830	6.125
1599710277604830	0.001953125
1599710277604830	0.001953125
1599710277604904	-0.001953125
1599710277604964	-0.001953125
1599710277604974	-0.001953125
1599710277604976	24.5
1599710277604976	4.0
1599710277604976	0.00048828125
1599710277605968	-4.0
1599710277605968	-0.00048828125
1599710277605996	24.5
1599710277605996	0.0078125
1599710277605996	0.0078125
1599710277605996	0.0078125
1599710277605996	0.0078125
1599710277606323	-24.5
1599710277606334	-0.0078125
1599710277606344	-0.0078125
1599710277606474	6.125
1599710277606474	4.0
1599710277606474	0.00048828125
1599710277607422	-4.0
1599710277607422	-0.00048828125
1599710277607450	0.001953125
1599710277607450	0.001953125
1599710277607450	0.001953125
1599710277607450	0.001953125
1599710277607450	6.125
1599710277607551	-0.001953125
1599710277607553	6.125
1599710277607553	9.0
1599710277607553	72.0
1599710277608632	-9.0
1599710277608632	-72.0
1599710277608658	6.125
1599710277608658	0.001953125
1599710277608658	0.001953125
1599710277608658	0.001953125
1599710277608658	0.001953125
1599710277608720	-0.001953125
1599710277608770	-0.001953125
1599710277608782	24.5
1599710277608782	4.0
1599710277608782	0.00048828125
1599710277609780	-4.0
1599710277609780	-0.00048828125
1599710277609808	0.0078125
1599710277609808	0.0078125
1599710277609808	0.0078125
1599710277609808	24.5
1599710277609808	0.0078125
1599710277609991	-0.001953125
1599710277610162	-0.0078125
1599710277610294	6.125
1599710277610294	4.0
1599710277610294	0.00048828125
1599710277611245	-4.0
1599710277611245	-0.00048828125
1599710277611255	-0.0078125
1599710277611275	0.001953125
1599710277611275	0.001953125
1599710277611275	6.125
1599710277611275	0.001953125
1599710277611275	0.001953125
1599710277611369	-0.001953125
1599710277611379	-0.001953125
1599710277611382	6.125
1599710277611382	9.0
1599710277611382	72.0
1599710277612449	-9.0
1599710277612449	-72.0
1599710277612478	6.125
1599710277612478	0.001953125
1599710277612478	0.001953125
1599710277612478	0.001953125
1599710277612478	0.001953125
1599710277612600	-0.001953125
1599710277612603	24.5
1599710277612603	4.0
1599710277612603	0.00048828125
1599710277613602	-4.0
1599710277613602	-0.00048828125
1599710277613629	0.0078125
1599710277613629	0.0078125
1599710277613629	24.5
1599710277613629	0.0078125
1599710277613629	0.0078125
1599710277613801	-0.001953125
1599710277613819	-0.0078125
1599710277614129	-0.0078125
1599710277614131	0.5
1599710277614264	0.244384765625
1599710277614375	0.000244140625
1599710277614375	0.000244140625
1599710277614581	-0.000244140625
1599710277614581	-0.000244140625
1599710277614596	0.000244140625
1599710277614603	-0.000244140625
1599710277614609	0.00390625
1599710277614629	0.5
1599710277614702	7.8203125
1599710277614768	-0.5
1599710277614768	-0.244384765625
1599710277614787	-0.00390625
1599710277614844	-7.8203125
1599710277614854	-0.000244140625
1599710277614864	-0.00390625
1599710277614867	24.5
1599710277615181	-0.5
1599710277615238	-7.8203125
1599710277615496	-24.5
1599710277615500	0.0078125
1599710277615500	24.5078125
1599710277615500	0.000244140625
1599710277615500	0.0078125
1599710277615500	0.000244140625
1599710277615730	-0.0078125
1599710277615730	-0.000244140625
1599710277615730	-24.5
1599710277615730	-0.000244140625
1599710277615730	-0.0078125
1599710277615734	6.125
1599710277615734	7.8125
1599710277615734	4.0
1599710277615734	0.00390625
1599710277615741	-0.000244140625
1599710277616745	-7.8125
1599710277616745	-4.0
1599710277616745	-0.00390625
1599710277616750	7.8125
1599710277616750	4.0
1599710277616750	0.00390625
1599710277617914	-24.5078125
1599710277617914	-4.0
1599710277617914	-0.00390625
1599710277617924	-0.0078125
1599710277617933	-0.0078125
1599710277617979	-6.125
1599710277618013	-4.0
1599710277618014	0.001953125
1599710277618014	0.001953125
1599710277618014	6.125
1599710277618014	0.000244140625
1599710277618014	0.000244140625
1599710277618100	-6.125
1599710277618100	-0.000244140625
1599710277618100	-6.125
1599710277618100	-0.000244140625
1599710277618100	-0.001953125
1599710277618100	-0.001953125
1599710277618132	-7.8125
1599710277618134	7.8203125
1599710277618134	6.125
1599710277618134	9.0
1599710277618134	72.0
1599710277619170	-6.125
1599710277619170	-9.0
1599710277619170	-72.0
1599710277619171	9.0
1599710277619171	9.0
1599710277619171	72.0
1599710277620333	-6.125
1599710277620333	-9.0
1599710277620333	-72.0
1599710277620343	-0.001953125
1599710277620353	-0.001953125
1599710277620398	-6.125
1599710277620458	-9.0
1599710277620461	0.000244140625
1599710277620461	0.001953125
1599710277620461	0.001953125
1599710277620461	0.000244140625
1599710277620461	9.0
1599710277620542	-0.000244140625
1599710277620542	-7.8203125
1599710277620542	-0.001953125
1599710277620542	-0.000244140625
1599710277620542	-6.125
1599710277620542	-0.001953125
1599710277620606	-9.0
1599710277620609	24.5
1599710277620609	4.00048828125
1599710277620609	24.5
1599710277620609	0.00390625
1599710277621710	-4.00048828125
1599710277621710	-24.5
1599710277621710	-0.00390625
1599710277621717	4.00048828125
1599710277621717	7.8203125
1599710277621717	0.00390625
1599710277622887	-9.0
1599710277622887	-7.8203125
1599710277622887	-0.00390625
1599710277622897	-0.001953125
1599710277622906	-0.001953125
1599710277623057	-24.5
1599710277623090	-4.0
1599710277623240	-24.5
1599710277623273	-4.00048828125
1599710277623276	0.0078125
1599710277623276	0.000244140625
1599710277623276	24.5078125
1599710277623276	0.0078125
1599710277623276	0.000244140625
1599710277623503	-0.0078125
1599710277623503	-0.000244140625
1599710277623503	-0.0078125
1599710277623503	-0.000244140625
1599710277623503	-24.5
1599710277623506	9.0
1599710277623506	7.8203125
1599710277623506	4.00048828125
1599710277623506	0.00390625
1599710277624510	-7.8203125
1599710277624510	-4.00048828125
1599710277624510	-0.00390625
1599710277624518	4.00048828125
1599710277624518	7.8203125
1599710277624518	0.00390625
1599710277625649	-24.5078125
1599710277625649	-7.8203125
1599710277625649	-0.00390625
1599710277625660	-0.0078125
1599710277625670	-0.0078125
1599710277625716	-6.125
1599710277625749	-4.0
1599710277625750	0.000244140625
1599710277625750	0.001953125
1599710277625750	6.125
1599710277625750	0.001953125
1599710277625750	0.000244140625
1599710277625834	-0.000244140625
1599710277625834	-9.0
1599710277625834	-0.001953125
1599710277625834	-6.125
1599710277625834	-0.001953125
1599710277625834	-0.000244140625
1599710277625869	-4.00048828125
1599710277625871	7.8203125
1599710277625871	6.125
1599710277625871	9.0
1599710277625871	131.611572265625
1599710277626898	-6.125
1599710277626898	-9.0
1599710277626898	-131.611572265625
1599710277626900	9.0
1599710277626900	9.0
1599710277626900	122.611572265625
1599710277628049	-6.125
1599710277628049	-9.0
1599710277628049	-122.611572265625
1599710277628059	-0.001953125
1599710277628070	-0.001953125
1599710277628113	-6.125
1599710277628175	-9.0
1599710277628176	0.001953125
1599710277628176	0.001953125
1599710277628176	9.000244140625
1599710277628176	0.000244140625
1599710277628176	0.000244140625
1599710277628261	-0.001953125
1599710277628261	-6.125
1599710277628261	-0.001953125
1599710277628261	-7.8203125
1599710277628261	-0.000244140625
1599710277628261	-0.000244140625
1599710277628324	-9.0
1599710277628327	24.5
1599710277628327	4.000244140625
1599710277628327	24.5
1599710277628327	0.00390625
1599710277629418	-4.000244140625
1599710277629418	-24.5
1599710277629418	-0.00390625
1599710277629429	4.000244140625
1599710277629429	4.00048828125
1599710277629429	0.00390625
1599710277630636	-9.000244140625
1599710277630636	-4.00048828125
1599710277630636	-0.00390625
1599710277630646	-0.001953125
1599710277630656	-0.001953125
1599710277630809	-24.5
1599710277630842	-4.0
1599710277630994	-24.5
1599710277631029	-4.000244140625
1599710277631030	0.0078125
1599710277631030	0.000244140625
1599710277631030	0.000244140625
1599710277631030	24.5
1599710277631030	0.0078125
1599710277631257	-0.0078125
1599710277631257	-0.000244140625
1599710277631257	-0.000244140625
1599710277631257	-0.0078125
1599710277631257	-24.5
1599710277631258	0.000244140625
1599710277631258	0.0078125
1599710277631258	0.000244140625
1599710277631258	0.0078125
1599710277631258	24.5
1599710277631488	-24.5
1599710277631488	-0.0078125
1599710277631488	-0.000244140625
1599710277631488	-0.000244140625
1599710277631488	-0.0078125
1599710277631488	-24.5
1599710277631491	49.0
1599710277631491	9.0
1599710277631491	49.0
1599710277634035	-9.0
1599710277634035	-49.0
1599710277634042	9.0
1599710277634042	9.000244140625
1599710277634042	0.00390625
1599710277636613	-24.5
1599710277636613	-9.000244140625
1599710277636613	-0.00390625
1599710277636625	-0.0078125
1599710277636638	-0.0078125
1599710277636640	9.000244140625
1599710277636640	7.8203125
1599710277636640	4.00048828125
1599710277636640	0.00390625
1599710277637646	-7.8203125
1599710277637646	-4.00048828125
1599710277637646	-0.00390625
1599710277637652	4.00048828125
1599710277637652	4.00048828125
1599710277637652	0.00390625
1599710277638810	-24.5
1599710277638810	-4.00048828125
1599710277638810	-0.00390625
1599710277638823	-0.0078125
1599710277638832	-0.0078125
1599710277638889	-8.0
1599710277638935	-6.125
1599710277638971	-4.0
1599710277639031	-9.0
1599710277639035	0.001953125
1599710277639035	0.001953125
1599710277639035	0.000244140625
1599710277639035	6.125
1599710277639035	0.000244140625
1599710277639122	-0.001953125
1599710277639122	-9.000244140625
1599710277639122	-0.000244140625
1599710277639122	-0.000244140625
1599710277639122	-6.125
1599710277639122	-0.001953125
1599710277639157	-4.00048828125
1599710277639159	8.0
1599710277639159	7.8203125
1599710277639159	9.0
1599710277639159	98.00390625
1599710277640181	-7.8203125
1599710277640181	-9.0
1599710277640181	-98.00390625
1599710277640183	9.0
1599710277640183	9.000244140625
1599710277640183	98.00390625
1599710277641343	-6.125
1599710277641343	-9.000244140625
1599710277641343	-98.00390625
1599710277641354	-0.001953125
1599710277641364	-0.001953125
1599710277641409	-6.125
1599710277641476	-9.0
1599710277641480	7.8203125
1599710277641480	0.001953125
1599710277641480	0.001953125
1599710277641480	0.000244140625
1599710277641480	0.000244140625
1599710277641567	-0.001953125
1599710277641567	-0.001953125
1599710277641567	-6.125
1599710277641567	-0.000244140625
1599710277641567	-0.000244140625
1599710277641567	-8.0
1599710277641631	-9.0
1599710277641633	49.0
1599710277641633	2.0
1599710277641633	49.0
1599710277642384	-2.0
1599710277642384	-49.0
1599710277642389	2.0
1599710277642389	2.000244140625
1599710277642389	0.00439453125
1599710277643077	-7.8203125
1599710277643077	-2.000244140625
1599710277643077	-0.00439453125
1599710277643086	-0.001953125
1599710277643097	-0.001953125
1599710277643390	-49.0
1599710277643414	-2.0
1599710277643710	-49.0
1599710277643735	-2.0
1599710277643736	49.00390625
1599710277643736	0.00439453125
1599710277643736	0.000244140625
1599710277643736	0.005859375
1599710277643736	0.000244140625
1599710277644159	-0.00390625
1599710277644159	-49.0
1599710277644159	-0.000244140625
1599710277644159	-0.00390625
1599710277644159	-0.000244140625
1599710277644166	12.25
1599710277644166	1.0
1599710277644166	12.25
1599710277644166	0.00341796875
1599710277645173	-1.0
1599710277645173	-12.25
1599710277645173	-0.00341796875
1599710277645179	1.0
1599710277645179	1.00048828125
1599710277645179	0.00244140625
1599710277646180	-49.00390625
1599710277646180	-1.00048828125
1599710277646180	-0.00244140625
1599710277646191	-0.00439453125
1599710277646201	-0.005859375
1599710277646284	-12.25
1599710277646306	-1.0
1599710277646308	12.25
1599710277646308	0.0009765625
1599710277646308	0.0009765625
1599710277646308	0.000244140625
1599710277646308	0.000244140625
1599710277646445	-12.25
1599710277646445	-0.0009765625
1599710277646445	-12.25
1599710277646445	-0.0009765625
1599710277646445	-0.000244140625
1599710277646445	-0.000244140625
1599710277646479	-1.0
1599710277646481	12.25
1599710277646481	4.000244140625
1599710277646481	12.25
1599710277646481	257.296875
1599710277647404	-4.000244140625
1599710277647404	-12.25
1599710277647404	-257.296875
1599710277647407	4.000244140625
1599710277647407	4.000244140625
1599710277647407	81.0
1599710277648452	-12.25
1599710277648452	-4.000244140625
1599710277648452	-81.0
1599710277648461	-0.0009765625
1599710277648472	-0.0009765625
1599710277648553	-12.25
1599710277648580	-2.25
1599710277648582	0.000244140625
1599710277648582	0.000244140625
1599710277648582	12.25
1599710277648582	0.0009765625
1599710277648582	0.0009765625
1599710277648720	-0.000244140625
1599710277648720	-0.000244140625
1599710277648720	-12.25
1599710277648720	-0.0009765625
1599710277648720	-0.0009765625
1599710277648720	-12.25
1599710277648750	-4.000244140625
1599710277648752	49.0
1599710277648752	1.0
1599710277648752	49.0
1599710277648752	0.00390625
1599710277649790	-1.0
1599710277649790	-49.0
1599710277649790	-0.00390625
1599710277649795	1.0
1599710277649795	1.00048828125
1599710277649795	0.00390625
1599710277650793	-12.25
1599710277650793	-1.00048828125
1599710277650793	-0.00390625
1599710277650803	-0.0009765625
1599710277650813	-0.0009765625
1599710277651104	-49.0
1599710277651121	-1.0
1599710277651415	-49.0
1599710277651432	-1.0
1599710277651434	0.00439453125
1599710277651434	0.000244140625
1599710277651434	0.000244140625
1599710277651434	0.005859375
1599710277651434	49.00390625
1599710277651852	-0.000244140625
1599710277651852	-0.000244140625
1599710277651852	-0.00390625
1599710277651852	-49.0
1599710277651852	-0.00390625
1599710277651860	12.25
1599710277651860	1.0
1599710277651860	12.25
1599710277651860	0.00341796875
1599710277652856	-1.0
1599710277652856	-12.25
1599710277652856	-0.00341796875
1599710277652861	1.0
1599710277652861	1.0
1599710277652861	0.00244140625
1599710277653871	-49.00390625
1599710277653871	-1.0
1599710277653871	-0.00244140625
1599710277653879	-0.00439453125
1599710277653889	-0.005859375
1599710277653972	-12.25
1599710277653989	-1.0
1599710277653991	0.0009765625
1599710277653991	12.25
1599710277653991	0.000244140625
1599710277653991	0.0009765625
1599710277653991	0.000244140625
1599710277654135	-12.25
1599710277654135	-0.000244140625
1599710277654135	-0.0009765625
1599710277654135	-0.0009765625
1599710277654135	-12.25
1599710277654135	-0.000244140625
1599710277654158	-1.0
1599710277654159	12.25
1599710277654159	2.25048828125
1599710277654159	12.25
1599710277654159	182.25
1599710277655060	-2.25048828125
1599710277655060	-12.25
1599710277655060	-182.25
1599710277655064	2.25048828125
1599710277655064	4.000244140625
1599710277655064	81.0
1599710277656104	-12.25
1599710277656104	-4.000244140625
1599710277656104	-81.0
1599710277656114	-0.0009765625
1599710277656124	-0.0009765625
1599710277656207	-12.25
1599710277656234	-2.25
1599710277656236	0.000244140625
1599710277656236	0.0009765625
1599710277656236	0.000244140625
1599710277656236	0.0009765625
1599710277656236	12.25
1599710277656372	-12.25
1599710277656372	-0.0009765625
1599710277656372	-0.000244140625
1599710277656372	-0.000244140625
1599710277656372	-0.0009765625
1599710277656372	-12.25
1599710277656403	-2.25048828125
1599710277656405	49.0
1599710277656405	1.0
1599710277656405	49.0
1599710277656405	0.00390625
1599710277657442	-1.0
1599710277657442	-49.0
1599710277657442	-0.00390625
1599710277657447	1.0
1599710277657447	1.0
1599710277657447	0.00390625
1599710277658449	-12.25
1599710277658449	-1.0
1599710277658449	-0.00390625
1599710277658456	-0.0009765625
1599710277658467	-0.0009765625
1599710277658759	-49.0
1599710277658778	-1.0
1599710277659074	-49.0
1599710277659092	-1.0
1599710277659094	49.00390625
1599710277659094	0.000244140625
1599710277659094	0.00439453125
1599710277659094	0.005859375
1599710277659094	0.000244140625
1599710277659506	-0.00390625
1599710277659506	-0.000244140625
1599710277659506	-49.0
1599710277659506	-0.00390625
1599710277659506	-0.000244140625
1599710277659513	12.25
1599710277659513	1.0
1599710277659513	12.25
1599710277659513	0.00341796875
1599710277660505	-1.0
1599710277660505	-12.25
1599710277660505	-0.00341796875
1599710277660512	1.0
1599710277660512	1.0
1599710277660512	0.00244140625
1599710277661510	-49.00390625
1599710277661510	-1.0
1599710277661510	-0.00244140625
1599710277661518	-0.00439453125
1599710277661528	-0.005859375
1599710277661614	-12.25
1599710277661631	-1.0
1599710277661633	0.0009765625
1599710277661633	0.000244140625
1599710277661633	0.0009765625
1599710277661633	12.25
1599710277661633	0.000244140625
1599710277661771	-12.25
1599710277661771	-0.000244140625
1599710277661771	-12.25
1599710277661771	-0.0009765625
1599710277661771	-0.000244140625
1599710277661771	-0.0009765625
1599710277661794	-1.0
1599710277661798	12.25
1599710277661798	2.25
1599710277661798	12.25
1599710277661798	182.25
1599710277662700	-2.25
1599710277662700	-12.25
1599710277662700	-182.25
1599710277662703	2.25
1599710277662703	2.25048828125
1599710277662703	81.0
1599710277663740	-12.25
1599710277663740	-2.25048828125
1599710277663740	-81.0
1599710277663751	-0.0009765625
1599710277663761	-0.0009765625
1599710277663843	-12.25
1599710277663869	-2.25
1599710277663871	0.0009765625
1599710277663871	0.000244140625
1599710277663871	12.25
1599710277663871	0.000244140625
1599710277663871	0.0009765625
1599710277664007	-0.0009765625
1599710277664007	-12.25
1599710277664007	-0.000244140625
1599710277664007	-0.0009765625
1599710277664007	-0.000244140625
1599710277664007	-12.25
1599710277664040	-2.25
1599710277664042	49.0
1599710277664042	1.0
1599710277664042	49.0
1599710277664042	0.00390625
1599710277665075	-1.0
1599710277665075	-49.0
1599710277665075	-0.00390625
1599710277665084	1.0
1599710277665084	1.0
1599710277665084	0.00390625
1599710277666076	-12.25
1599710277666076	-1.0
1599710277666076	-0.00390625
1599710277666084	-0.0009765625
1599710277666094	-0.0009765625
1599710277666388	-49.0
1599710277666406	-1.0
1599710277666721	-1.0
1599710277666724	0.005859375
1599710277666724	0.000244140625
1599710277666724	0.000244140625
1599710277666724	49.00390625
1599710277666724	0.00439453125
1599710277667139	-0.000244140625
1599710277667139	-0.000244140625
1599710277667139	-49.0
1599710277667139	-0.00390625
1599710277667139	-0.00390625
1599710277667146	12.25
1599710277667146	1.0
1599710277667146	12.25
1599710277667146	0.00341796875
1599710277668143	-1.0
1599710277668143	-12.25
1599710277668143	-0.00341796875
1599710277668148	1.0
1599710277668148	1.0
1599710277668148	0.00244140625
1599710277669161	-49.00390625
1599710277669161	-1.0
1599710277669161	-0.00244140625
1599710277669171	-0.00439453125
1599710277669181	-0.005859375
1599710277669266	-12.25
1599710277669284	-1.0
1599710277669286	0.000244140625
1599710277669286	0.000244140625
1599710277669286	0.0009765625
1599710277669286	12.25
1599710277669286	0.0009765625
1599710277669427	-0.000244140625
1599710277669427	-12.25
1599710277669427	-12.25
1599710277669427	-0.000244140625
1599710277669427	-0.0009765625
1599710277669427	-0.0009765625
1599710277669448	-1.0
1599710277669449	12.25
1599710277669449	2.25
1599710277669449	12.25
1599710277669449	182.25
1599710277670349	-2.25
1599710277670349	-12.25
1599710277670349	-182.25
1599710277670352	2.25
1599710277670352	4.000244140625
1599710277670352	81.0
1599710277671401	-12.25
1599710277671401	-4.000244140625
1599710277671401	-81.0
1599710277671411	-0.0009765625
1599710277671421	-0.0009765625
1599710277671503	-12.25
1599710277671530	-2.25
1599710277671531	0.0009765625
1599710277671531	0.000244140625
1599710277671531	15.501953125
1599710277671531	0.0009765625
1599710277671531	0.000244140625
1599710277671673	-12.25
1599710277671673	-0.0009765625
1599710277671673	-0.000244140625
1599710277671673	-0.0009765625
1599710277671673	-12.25
1599710277671673	-0.000244140625
1599710277671703	-2.25
1599710277671705	49.0
1599710277671705	1.0
1599710277671705	49.0
1599710277671705	0.00439453125
1599710277672742	-1.0
1599710277672742	-49.0
1599710277672742	-0.00439453125
1599710277672747	1.0
1599710277672747	1.0
1599710277672747	0.00439453125
1599710277673741	-15.501953125
1599710277673741	-1.0
1599710277673741	-0.00439453125
1599710277673750	-0.0009765625
1599710277673761	-0.0009765625
1599710277674053	-49.0
1599710277674074	-1.0
1599710277674388	-1.0
1599710277674392	0.00390625
1599710277674392	49.0078125
1599710277674392	0.00390625
1599710277674392	0.000244140625
1599710277674392	0.000244140625
1599710277674801	-0.00390625
1599710277674801	-0.00390625
1599710277674801	-49.0
1599710277674801	-0.000244140625
1599710277674801	-0.000244140625
1599710277674808	12.25
1599710277674808	15.501953125
1599710277674808	1.0
1599710277674808	0.00341796875
1599710277675802	-15.501953125
1599710277675802	-1.0
1599710277675802	-0.00341796875
1599710277675808	1.0
1599710277675808	1.0
1599710277675808	0.00244140625
1599710277676812	-49.0078125
1599710277676812	-1.0
1599710277676812	-0.00244140625
1599710277676823	-0.00390625
1599710277676833	-0.00390625
1599710277676918	-12.25390625
1599710277676935	-1.0
1599710277676938	12.25390625
1599710277676938	0.000244140625
1599710277676938	0.000244140625
1599710277676938	0.0009765625
1599710277676938	0.0009765625
1599710277677075	-12.25
1599710277677075	-0.0009765625
1599710277677075	-0.000244140625
1599710277677075	-0.000244140625
1599710277677075	-0.0009765625
1599710277677075	-12.25
1599710277677100	-1.0
1599710277677101	15.501953125
1599710277677101	12.25
1599710277677101	2.25
1599710277677101	182.25
1599710277678007	-12.25
1599710277678007	-2.25
1599710277678007	-182.25
1599710277678011	2.25
1599710277678011	4.000244140625
1599710277678011	81.0
1599710277679056	-12.25390625
1599710277679056	-4.000244140625
1599710277679056	-81.0
1599710277679066	-0.0009765625
1599710277679077	-0.0009765625
1599710277679162	-12.25
1599710277679187	-2.25
1599710277679190	0.0009765625
1599710277679190	0.000244140625
1599710277679190	0.000244140625
1599710277679190	0.0009765625
1599710277679190	12.25
1599710277679329	-0.0009765625
1599710277679329	-12.25
1599710277679329	-0.000244140625
1599710277679329	-15.501953125
1599710277679329	-0.000244140625
1599710277679329	-0.0009765625
1599710277679359	-2.25
1599710277679363	49.0
1599710277679363	1.0
1599710277679363	49.0
1599710277679363	0.0048828125
1599710277680404	-1.0
1599710277680404	-49.0
1599710277680404	-0.0048828125
1599710277680409	1.0
1599710277680409	1.0
1599710277680409	0.00244140625
1599710277681404	-12.25
1599710277681404	-1.0
1599710277681404	-0.00244140625
1599710277681416	-0.0009765625
1599710277681426	-0.0009765625
1599710277681741	-1.0
1599710277682036	-49.0
1599710277682055	-1.0
1599710277682057	0.00390625
1599710277682057	0.000244140625
1599710277682057	49.0
1599710277682057	0.000244140625
1599710277682057	0.005859375
1599710277682475	-0.000244140625
1599710277682475	-49.0
1599710277682475	-0.000244140625
1599710277682475	-0.00390625
1599710277682475	-0.00390625
1599710277682478	49.0
1599710277682478	0.000244140625
1599710277682478	0.000244140625
1599710277682478	0.00390625
1599710277682478	0.00390625
1599710277682891	-0.000244140625
1599710277682891	-0.00390625
1599710277682891	-0.000244140625
1599710277682891	-49.0
1599710277682891	-0.00390625
1599710277682891	-49.0
1599710277682900	98.0
1599710277682900	2.25
1599710277682900	98.0
1599710277685862	-2.25
1599710277685862	-98.0
1599710277685868	2.25
1599710277685868	2.25048828125
1599710277685868	0.00244140625
1599710277687827	-49.0
1599710277687827	-2.25048828125
1599710277687827	-0.00244140625
1599710277687838	-0.005859375
1599710277687847	-0.00390625
1599710277687851	12.25
1599710277687851	15.501953125
1599710277687851	1.0
1599710277687851	0.005859375
1599710277688849	-15.501953125
1599710277688849	-1.0
1599710277688849	-0.005859375
1599710277688853	1.0
1599710277688853	1.0
1599710277688853	0.00244140625
1599710277689861	-49.0
1599710277689861	-1.0
1599710277689861	-0.00244140625
1599710277689872	-0.00390625
1599710277689882	-0.00390625
1599710277689908	-2.0
1599710277689995	-12.25
1599710277690013	-1.0
1599710277690037	-2.25
1599710277690039	0.000244140625
1599710277690039	0.000244140625
1599710277690039	15.501953125
1599710277690039	0.0009765625
1599710277690039	0.0009765625
1599710277690181	-0.000244140625
1599710277690181	-0.000244140625
1599710277690181	-0.0009765625
1599710277690181	-12.25
1599710277690181	-12.25
1599710277690181	-0.0009765625
1599710277690203	-1.0
1599710277690204	12.25
1599710277690204	2.25
1599710277690204	12.25
1599710277690204	182.25
1599710277691115	-2.25
1599710277691115	-12.25
1599710277691115	-182.25
1599710277691118	2.25
1599710277691118	2.25048828125
1599710277691118	122.5
1599710277692169	-15.501953125
1599710277692169	-2.25048828125
1599710277692169	-122.5
1599710277692178	-0.0009765625
1599710277692189	-0.0009765625
1599710277692275	-12.25
1599710277692303	-2.25
1599710277692306	12.25
1599710277692306	0.000244140625
1599710277692306	0.0009765625
1599710277692306	0.0009765625
1599710277692306	0.000244140625
1599710277692444	-0.0009765625
1599710277692444	-12.25
1599710277692444	-0.000244140625
1599710277692444	-0.0009765625
1599710277692444	-12.25
1599710277692444	-0.000244140625
1599710277692478	-2.25
1599710277692481	134.765625
1599710277692481	98.0
1599710277692481	0.5
1599710277693700	-98.0
1599710277693700	-0.5
1599710277693703	0.5
1599710277693703	0.5
1599710277693703	0.00244140625
1599710277694314	-12.25
1599710277694314	-0.5
1599710277694314	-0.00244140625
1599710277694323	-0.0009765625
1599710277694334	-0.0009765625
1599710277694909	-134.765625
1599710277694925	-0.5
1599710277695525	-0.5
1599710277695527	0.001953125
1599710277695527	98.001953125
1599710277695527	0.000244140625
1599710277695527	0.001953125
1599710277695527	0.000244140625
1599710277696311	-98.0
1599710277696311	-0.001953125
1599710277696311	-0.000244140625
1599710277696311	-0.001953125
1599710277696311	-0.000244140625
1599710277696318	24.5
1599710277696318	0.25
1599710277696318	24.5
1599710277696318	0.006591796875
1599710277697245	-0.25
1599710277697245	-24.5
1599710277697245	-0.006591796875
1599710277697247	0.25
1599710277697247	0.25
1599710277697247	0.00244140625
1599710277698251	-98.001953125
1599710277698251	-0.25
1599710277698251	-0.00244140625
1599710277698261	-0.001953125
1599710277698274	-0.001953125
1599710277698425	-24.5
1599710277698441	-0.25
1599710277698443	0.000244140625
1599710277698443	24.5
1599710277698443	0.000244140625
1599710277698443	0.00048828125
1599710277698443	0.00048828125
1599710277698665	-24.5
1599710277698665	-0.000244140625
1599710277698665	-24.5
1599710277698665	-0.00048828125
1599710277698665	-0.00048828125
1599710277698665	-0.000244140625
1599710277698684	-0.25
1599710277698685	24.5
1599710277698685	1.0
1599710277698685	24.5
1599710277698685	112.5
1599710277699643	-1.0
1599710277699643	-24.5
1599710277699643	-112.5
1599710277699646	1.0
1599710277699646	1.0
1599710277699646	112.5
1599710277700743	-24.5
1599710277700743	-1.0
1599710277700743	-112.5
1599710277700754	-0.00048828125
1599710277700764	-0.00048828125
1599710277700919	-24.5
1599710277700935	-0.5625
1599710277700937	24.5
1599710277700937	0.000244140625
1599710277700937	0.00048828125
1599710277700937	0.000244140625
1599710277700937	0.00048828125
1599710277701157	-0.00048828125
1599710277701157	-24.5
1599710277701157	-0.000244140625
1599710277701157	-0.000244140625
1599710277701157	-0.00048828125
1599710277701157	-24.5
1599710277701175	-1.0
1599710277701177	98.0
1599710277701177	0.25
1599710277701177	98.0
1599710277701177	0.006591796875
1599710277702306	-0.25
1599710277702306	-98.0
1599710277702306	-0.006591796875
1599710277702308	0.25
1599710277702308	0.25
1599710277702308	0.00244140625
1599710277703296	-24.5
1599710277703296	-0.25
1599710277703296	-0.00244140625
1599710277703307	-0.00048828125
1599710277703317	-0.00048828125
1599710277703891	-98.0
1599710277703905	-0.25
1599710277704489	-98.0
1599710277704503	-0.25
1599710277704504	98.001953125
1599710277704504	0.000244140625
1599710277704504	0.000244140625
1599710277704504	0.001953125
1599710277704504	0.001953125
1599710277705278	-0.000244140625
1599710277705278	-0.000244140625
1599710277705278	-0.001953125
1599710277705278	-0.001953125
1599710277705278	-98.0
1599710277705285	24.5
1599710277705285	0.25
1599710277705285	24.5
1599710277705285	0.006591796875
1599710277706206	-0.25
1599710277706206	-24.5
1599710277706206	-0.006591796875
1599710277706208	0.25
1599710277706208	0.25
1599710277706208	0.00244140625
1599710277707207	-98.001953125
1599710277707207	-0.25
1599710277707207	-0.00244140625
1599710277707218	-0.001953125
1599710277707228	-0.001953125
1599710277707381	-24.5
1599710277707399	-0.25
1599710277707401	24.5
1599710277707401	0.000244140625
1599710277707401	0.00048828125
1599710277707401	0.000244140625
1599710277707401	0.00048828125
1599710277707627	-0.000244140625
1599710277707627	-0.00048828125
1599710277707627	-24.5
1599710277707627	-24.5
1599710277707627	-0.00048828125
1599710277707627	-0.000244140625
1599710277707646	-0.25
1599710277707648	24.5
1599710277707648	1.0
1599710277707648	24.5
1599710277707648	112.5
1599710277708592	-1.0
1599710277708592	-24.5
1599710277708592	-112.5
1599710277708595	1.0
1599710277708595	1.0
1599710277708595	112.5
1599710277709681	-24.5
1599710277709681	-1.0
1599710277709681	-112.5
1599710277709691	-0.00048828125
1599710277709701	-0.00048828125
1599710277709853	-24.5
1599710277709868	-0.5625
1599710277709869	24.5
1599710277709869	0.000244140625
1599710277709869	0.00048828125
1599710277709869	0.00048828125
1599710277709869	0.000244140625
1599710277710096	-0.00048828125
1599710277710096	-0.000244140625
1599710277710096	-24.5
1599710277710096	-24.5
1599710277710096	-0.00048828125
1599710277710096	-0.000244140625
1599710277710116	-1.0
1599710277710117	98.0
1599710277710117	0.25048828125
1599710277710117	98.0
1599710277710117	0.006591796875
1599710277711259	-0.25048828125
1599710277711259	-98.0
1599710277711259	-0.006591796875
1599710277711260	0.25048828125
1599710277711260	0.25
1599710277711260	0.00244140625
1599710277712235	-24.5
1599710277712235	-0.25
1599710277712235	-0.00244140625
1599710277712244	-0.00048828125
1599710277712254	-0.00048828125
1599710277712828	-98.0
1599710277712843	-0.25
1599710277713437	-0.25048828125
1599710277713439	0.001953125
1599710277713439	98.001953125
1599710277713439	0.000244140625
1599710277713439	0.001953125
1599710277713439	0.000244140625
1599710277714219	-0.001953125
1599710277714219	-0.001953125
1599710277714219	-0.000244140625
1599710277714219	-0.000244140625
1599710277714219	-98.0
1599710277714226	24.5
1599710277714226	0.498779296875
1599710277714226	24.5
1599710277714226	0.006591796875
1599710277715151	-0.498779296875
1599710277715151	-24.5
1599710277715151	-0.006591796875
1599710277715153	0.498779296875
1599710277715153	0.25
1599710277715153	0.00244140625
1599710277716164	-98.001953125
1599710277716164	-0.25
1599710277716164	-0.00244140625
1599710277716173	-0.001953125
1599710277716184	-0.001953125
1599710277716334	-24.5
1599710277716347	-0.25
1599710277716354	0.000244140625
1599710277716354	0.00048828125
1599710277716354	0.00048828125
1599710277716354	24.5
1599710277716354	0.000244140625
1599710277716576	-0.000244140625
1599710277716576	-0.00048828125
1599710277716576	-24.5
1599710277716576	-24.5
1599710277716576	-0.000244140625
1599710277716576	-0.00048828125
1599710277716594	-0.498779296875
1599710277716596	24.5
1599710277716596	1.0
1599710277716596	24.5
1599710277716596	112.5
1599710277717544	-1.0
1599710277717544	-24.5
1599710277717544	-112.5
1599710277717548	1.0
1599710277717548	1.0
1599710277717548	112.5
1599710277718632	-24.5
1599710277718632	-1.0
1599710277718632	-112.5
1599710277718642	-0.00048828125
1599710277718653	-0.00048828125
1599710277718804	-24.5
1599710277718820	-0.5625
1599710277718821	0.00048828125
1599710277718821	24.5
1599710277718821	0.00048828125
1599710277718821	0.000244140625
1599710277718821	0.000244140625
1599710277719047	-0.00048828125
1599710277719047	-0.00048828125
1599710277719047	-0.000244140625
1599710277719047	-24.5
1599710277719047	-24.5
1599710277719047	-0.000244140625
1599710277719067	-1.0
1599710277719068	98.0
1599710277719068	0.25
1599710277719068	98.0
1599710277719068	0.006591796875
1599710277720210	-0.25
1599710277720210	-98.0
1599710277720210	-0.006591796875
1599710277720211	0.25
1599710277720211	0.250732421875
1599710277720211	0.0029296875
1599710277721188	-24.5
1599710277721188	-0.250732421875
1599710277721188	-0.0029296875
1599710277721198	-0.00048828125
1599710277721209	-0.00048828125
1599710277721785	-98.0
1599710277721801	-0.25
1599710277722384	-98.0
1599710277722399	-0.25
1599710277722400	98.0
1599710277722400	0.000244140625
1599710277722400	0.000244140625
1599710277722400	0.001953125
1599710277722400	0.001953125
1599710277723183	-0.000244140625
1599710277723183	-0.001953125
1599710277723183	-98.0
1599710277723183	-0.001953125
1599710277723183	-0.000244140625
1599710277723189	98.0
1599710277723189	0.000244140625
1599710277723189	0.001953125
1599710277723189	0.001953125
1599710277723189	0.000244140625
1599710277723980	-0.000244140625
1599710277723980	-0.001953125
1599710277723980	-98.0
1599710277723980	-0.000244140625
1599710277723980	-98.0
1599710277723980	-0.001953125
1599710277723986	196.0
1599710277723986	0.56298828125
1599710277723986	196.0
1599710277726615	-0.56298828125
1599710277726615	-196.0
1599710277726617	0.56298828125
1599710277726617	0.5
1599710277726617	0.00244140625
1599710277728645	-98.0
1599710277728645	-0.5
1599710277728645	-0.00244140625
1599710277728655	-0.001953125
1599710277728666	-0.001953125
1599710277728668	24.5
1599710277728668	0.492919921875
1599710277728668	24.5
1599710277728668	0.006591796875
1599710277729586	-0.492919921875
1599710277729586	-24.5
1599710277729586	-0.006591796875
1599710277729589	0.492919921875
1599710277729589	0.25
1599710277729589	0.00390625
1599710277730602	-98.0
1599710277730602	-0.25
1599710277730602	-0.00390625
1599710277730612	-0.001953125
1599710277730622	-0.001953125
1599710277730638	-0.5
1599710277730790	-24.5
1599710277730803	-0.25
1599710277730817	-0.56298828125
1599710277730819	0.000244140625
1599710277730819	0.00048828125
1599710277730819	24.5
1599710277730819	0.000244140625
1599710277730819	0.00048828125
1599710277731046	-0.000244140625
1599710277731046	-0.00048828125
1599710277731046	-24.5
1599710277731046	-0.00048828125
1599710277731046	-24.5
1599710277731046	-0.000244140625
1599710277731064	-0.492919921875
1599710277731065	24.5
1599710277731065	0.75
1599710277731065	24.5
1599710277731065	112.5
1599710277732016	-0.75
1599710277732016	-24.5
1599710277732016	-112.5
1599710277732018	0.75
1599710277732018	1.0
1599710277732018	112.5
1599710277733112	-24.5
1599710277733112	-1.0
1599710277733112	-112.5
1599710277733123	-0.00048828125
1599710277733134	-0.00048828125
1599710277733289	-24.5
1599710277733305	-0.5625
1599710277733306	0.00048828125
1599710277733306	0.00048828125
1599710277733306	24.5
1599710277733306	0.000244140625
1599710277733306	0.000244140625
1599710277733530	-0.00048828125
1599710277733530	-0.000244140625
1599710277733530	-0.000244140625
1599710277733530	-36.740234375
1599710277733530	-0.00048828125
1599710277733530	-24.5
1599710277733550	-0.75
1599710277733551	196.0
1599710277733551	0.125
1599710277733551	196.0
1599710277735055	-0.125
1599710277735055	-196.0
1599710277735059	0.125
1599710277735059	0.125
1599710277735059	0.00244140625
1599710277735760	-24.5
1599710277735760	-0.125
1599710277735760	-0.00244140625
1599710277735769	-0.00048828125
1599710277735780	-0.00048828125
1599710277736927	-196.0
1599710277736940	-0.125
1599710277738110	-196.0
1599710277738124	-0.125
1599710277738126	0.0009765625
1599710277738126	0.000244140625
1599710277738126	0.000244140625
1599710277738126	196.0
1599710277738126	0.0009765625
1599710277739692	-0.000244140625
1599710277739692	-0.000244140625
1599710277739692	-0.0009765625
1599710277739692	-0.0009765625
1599710277739692	-196.0
1599710277739698	49.0
1599710277739698	0.0625
1599710277739698	49.0
1599710277739698	0.020263671875
1599710277740664	-0.0625
1599710277740664	-49.0
1599710277740664	-0.020263671875
1599710277740668	0.0625
1599710277740668	0.0625
1599710277740668	0.0029296875
1599710277742483	-196.0
1599710277742483	-0.0625
1599710277742483	-0.0029296875
1599710277742492	-0.0009765625
1599710277742502	-0.0009765625
1599710277742791	-49.0
1599710277742802	-0.0625
1599710277742804	0.000244140625
1599710277742804	0.000244140625
1599710277742804	49.0
1599710277742804	0.000244140625
1599710277742804	0.000244140625
1599710277743226	-0.000244140625
1599710277743226	-0.000244140625
1599710277743226	-49.0
1599710277743226	-0.000244140625
1599710277743226	-49.0
1599710277743226	-0.000244140625
1599710277743242	-0.0625
1599710277743243	49.0
1599710277743243	0.140625
1599710277743243	49.0
1599710277743243	85.046875
1599710277744571	-0.140625
1599710277744571	-49.0
1599710277744571	-85.046875
1599710277744575	0.140625
1599710277744575	0.140625
1599710277744575	0.00537109375
1599710277747316	-49.0
1599710277747316	-0.140625
1599710277747316	-0.00537109375
1599710277747325	-0.000244140625
1599710277747337	-0.000244140625
1599710277747626	-49.0
1599710277747641	-0.140625
1599710277747643	0.000244140625
1599710277747643	0.000244140625
1599710277747643	0.000244140625
1599710277747643	0.000244140625
1599710277747643	49.0
1599710277748072	-0.000244140625
1599710277748072	-49.0
1599710277748072	-0.000244140625
1599710277748072	-49.0
1599710277748072	-0.000244140625
1599710277748072	-0.000244140625
1599710277748090	-0.140625
1599710277748092	196.0
1599710277748092	0.0625
1599710277748092	196.0
1599710277748092	0.020263671875
1599710277749519	-0.0625
1599710277749519	-196.0
1599710277749519	-0.020263671875
1599710277749523	0.0625
1599710277749523	0.0625
1599710277749523	0.0029296875
1599710277751015	-49.0
1599710277751015	-0.0625
1599710277751015	-0.0029296875
1599710277751025	-0.000244140625
1599710277751036	-0.000244140625
1599710277752188	-196.0
1599710277752199	-0.0625
1599710277753386	-0.0625
1599710277753389	0.0009765625
1599710277753389	0.000244140625
1599710277753389	0.0009765625
1599710277753389	196.0
1599710277753389	0.000244140625
1599710277754967	-0.000244140625
1599710277754967	-0.0009765625
1599710277754967	-0.000244140625
1599710277754967	-196.0
1599710277754967	-0.0009765625
1599710277754969	49.0
1599710277754969	0.0625
1599710277754969	49.0
1599710277754969	0.020263671875
1599710277755938	-0.0625
1599710277755938	-49.0
1599710277755938	-0.020263671875
1599710277755942	0.0625
1599710277755942	0.0625
1599710277755942	0.0029296875
1599710277757767	-196.0
1599710277757767	-0.0625
1599710277757767	-0.0029296875
1599710277757778	-0.0009765625
1599710277757789	-0.0009765625
1599710277758079	-49.0
1599710277758090	-0.0625
1599710277758093	0.000244140625
1599710277758093	0.000244140625
1599710277758093	0.000244140625
1599710277758093	49.0
1599710277758093	0.000244140625
1599710277758515	-0.000244140625
1599710277758515	-0.000244140625
1599710277758515	-0.000244140625
1599710277758515	-49.0
1599710277758515	-0.000244140625
1599710277758515	-49.0
1599710277758535	-0.0625
1599710277758536	49.0
1599710277758536	0.140625
1599710277758536	49.0
1599710277758536	85.046875
1599710277759802	-0.140625
1599710277759802	-49.0
1599710277759802	-85.046875
1599710277759805	0.140625
1599710277759805	0.140625
1599710277759805	0.00537109375
1599710277762461	-49.0
1599710277762461	-0.140625
1599710277762461	-0.00537109375
1599710277762472	-0.000244140625
1599710277762482	-0.000244140625
1599710277762770	-49.0
1599710277762786	-0.140625
1599710277762788	0.000244140625
1599710277762788	49.0
1599710277762788	0.000244140625
1599710277762788	0.000244140625
1599710277762788	0.000244140625
1599710277763217	-49.0
1599710277763217	-49.0
1599710277763217	-0.000244140625
1599710277763217	-0.000244140625
1599710277763217	-0.000244140625
1599710277763217	-0.000244140625
1599710277763237	-0.140625
1599710277763240	196.0
1599710277763240	0.0625
1599710277763240	196.0
1599710277763240	0.020263671875
1599710277764666	-0.0625
1599710277764666	-196.0
1599710277764666	-0.020263671875
1599710277764668	0.0625
1599710277764668	0.0625
1599710277764668	0.0029296875
1599710277766143	-49.0
1599710277766143	-0.0625
1599710277766143	-0.0029296875
1599710277766154	-0.000244140625
1599710277766164	-0.000244140625
1599710277767313	-196.0
1599710277767326	-0.0625
1599710277768500	-196.0
1599710277768512	-0.0625
1599710277768515	196.0
1599710277768515	0.000244140625
1599710277768515	0.0009765625
1599710277768515	0.000244140625
1599710277768515	0.0009765625
1599710277770086	-0.0009765625
1599710277770086	-0.000244140625
1599710277770086	-196.0
1599710277770086	-0.0009765625
1599710277770086	-0.000244140625
1599710277770088	0.0009765625
1599710277770088	196.0
1599710277770088	0.000244140625
1599710277770088	0.0009765625
1599710277770088	0.000244140625
1599710277771685	-0.0009765625
1599710277771685	-0.0009765625
1599710277771685	-0.000244140625
1599710277771685	-196.0
1599710277771685	-196.0
1599710277771685	-0.000244140625
1599710277771687	49.0
1599710277771687	0.0625
1599710277771687	49.0
1599710277771687	0.020263671875
1599710277772655	-0.0625
1599710277772655	-49.0
1599710277772655	-0.020263671875
1599710277772659	0.0625
1599710277772659	0.0625
1599710277772659	0.0029296875
1599710277774482	-196.0
1599710277774482	-0.0625
1599710277774482	-0.0029296875
1599710277774493	-0.0009765625
1599710277774504	-0.0009765625
1599710277774508	49.0
1599710277774508	0.0625
1599710277774508	49.0
1599710277774508	0.020263671875
1599710277775465	-0.0625
1599710277775465	-49.0
1599710277775465	-0.020263671875
1599710277775468	0.0625
1599710277775468	0.0625
1599710277775468	0.0029296875
1599710277777285	-196.0
1599710277777285	-0.0625
1599710277777285	-0.0029296875
1599710277777297	-0.0009765625
1599710277777308	-0.0009765625
1599710277777318	-0.0625
1599710277777609	-49.0
1599710277777622	-0.0625
1599710277777635	-0.0625
1599710277777637	0.000244140625
1599710277777637	0.000244140625
1599710277777637	0.000244140625
1599710277777637	0.000244140625
1599710277777637	62.6357421875
1599710277778068	-0.000244140625
1599710277778068	-49.0
1599710277778068	-49.0
1599710277778068	-0.000244140625
1599710277778068	-0.000244140625
1599710277778068	-0.000244140625
1599710277778080	-0.0625
1599710277778084	49.0
1599710277778084	0.140625
1599710277778084	49.0
1599710277778084	98.0
1599710277779350	-0.140625
1599710277779350	-49.0
1599710277779350	-98.0
1599710277779352	0.140625
1599710277779352	0.140625
1599710277779352	0.00537109375
1599710277782008	-62.6357421875
1599710277782008	-0.140625
1599710277782008	-0.00537109375
1599710277782017	-0.000244140625
1599710277782027	-0.000244140625
1599710277782316	-49.0
1599710277782326	-0.140625
1599710277782329	0.000244140625
1599710277782329	0.000244140625
1599710277782329	0.000244140625
1599710277782329	49.0
1599710277782329	0.000244140625
1599710277782750	-49.0
1599710277782750	-0.000244140625
1599710277782750	-0.000244140625
1599710277782750	-0.000244140625
1599710277782750	-0.000244140625
1599710277782750	-49.0
1599710277782763	-0.140625
1599710277782766	82.69970703125
1599710277782766	49.0
1599710277782766	0.015625
1599710277782766	0.020263671875
1599710277783091	-49.0
1599710277783091	-0.015625
1599710277783091	-0.020263671875
1599710277783094	0.015625
1599710277783094	0.015625
1599710277783094	0.0029296875
1599710277784014	-49.0
1599710277784014	-0.015625
1599710277784014	-0.0029296875
1599710277784023	-0.000244140625
1599710277784033	-0.000244140625
1599710277784317	-82.69970703125
1599710277784328	-0.015625
1599710277784330	196.0
1599710277786444	-49.0
1599710277786444	-49.0
1599710277786453	-0.015625
1599710277787625	-196.0
1599710277787628	0.000244140625
1599710277787628	0.000244140625
1599710277787628	0.000244140625
1599710277787628	245.0
1599710277787628	0.000244140625
1599710277789483	-0.000244140625
1599710277789483	-196.0
1599710277789483	-0.000244140625
1599710277789483	-196.0
1599710277789483	-0.000244140625
1599710277789483	-0.000244140625
1599710277789485	0.035888671875
1599710277789485	0.035888671875
1599710277789485	0.0341796875
1599710277792742	-38.7451171875
1599710277792742	-245.0
1599710277792742	-0.035888671875
1599710277792742	-0.0341796875
1599710277792748	-0.000244140625
1599710277792754	-0.000244140625
1599710277792760	-0.035888671875
1599710277792767	-0.035888671875
