1598953264912502	256
1598953264912649	256
1598953264912687	256
1598953264912744	-256
1598953264912886	256
1598953264912934	256
1598953264913024	256
1598953264913108	-256
1598953264913119	256
1598953264913173	-256
1598953264913295	256
1598953264913331	256
1598953264913410	256
1598953264913466	-256
1598953264913479	256
1598953264913608	-256
1598953264913609	-256
1598953264913610	-256
1598953264913611	-256
1598953264913627	256
1598953264913723	-256
1598953264913776	-256
1598953264913840	-256
1598953264915324	256
1598953264916070	256
1598953264916075	256
1598953264916153	-256
1598953264916181	262144
1598953264916244	256
1598953264916268	9216
1598953264916336	-9216
1598953264916359	2359296
1598953264916410	256
1598953264916424	9216
1598953264916481	-9216
1598953264916502	2359296
1598953264916550	256
1598953264916552	256
1598953264916601	-256
1598953264916619	262144
1598953264916667	256
1598953264916670	256
1598953264916718	-256
1598953264916736	131072
1598953264916783	256
1598953264916784	256
1598953264916839	-256
1598953264916858	262144
1598953264916905	256
1598953264916906	256
1598953264916954	-256
1598953264916972	589824
1598953264917018	256
1598953264917020	256
1598953264917067	-256
1598953264917085	262144
1598953264917131	256
1598953264917133	256
1598953264917180	-256
1598953264917197	589824
1598953264917243	256
1598953264917245	256
1598953264917292	-256
1598953264917310	262144
1598953264917356	256
1598953264917358	256
1598953264917404	-256
1598953264917422	262144
1598953264917468	256
1598953264917470	256
1598953264917518	-256
1598953264917536	589824
1598953264917582	256
1598953264917584	256
1598953264917632	-256
1598953264917650	524288
1598953264917696	256
1598953264917698	256
1598953264917747	-256
1598953264917766	589824
1598953264917815	256
1598953264917817	256
1598953264917866	-256
1598953264917884	262144
1598953264917933	256
1598953264917935	256
1598953264917994	-256
1598953264918013	1048576
1598953264918061	256
1598953264918075	9216
1598953264918157	-9216
1598953264918181	2097152
1598953264918231	256
1598953264918233	256
1598953264918283	-256
1598953264918302	1048576
1598953264918350	256
1598953264918352	256
1598953264918400	-256
1598953264918419	1048576
1598953264918466	256
1598953264918469	256
1598953264918524	-256
1598953264918543	1048576
1598953264918593	256
1598953264918595	256
1598953264918644	-256
1598953264918664	1048576
1598953264918711	256
1598953264918714	256
1598953264918762	-256
1598953264918781	1048576
1598953264918829	256
1598953264918832	256
1598953264918880	-256
1598953264918898	1048576
1598953264918946	256
1598953264918948	256
1598953264918996	-256
1598953264919015	1048576
1598953264919061	256
1598953264919064	256
1598953264919111	-256
1598953264919130	1048576
1598953264919177	256
1598953264919180	256
1598953264919228	-256
1598953264919247	1048576
1598953264919293	256
1598953264919307	9216
1598953264919373	-9216
1598953264919394	2359296
1598953264919441	256
1598953264919444	256
1598953264919492	-256
1598953264919511	1048576
1598953264919559	256
1598953264919572	9216
1598953264919630	-9216
1598953264919651	9437184
1598953264919701	256
1598953264919713	9216
1598953264919769	-9216
1598953264919790	9437184
1598953264919839	256
1598953264919851	9216
1598953264919909	-9216
1598953264919930	2359296
1598953264919983	38535168
1598953264920052	256
1598953264920099	4096
1598953264920144	256
1598953264920146	256
1598953264920193	-256
1598953264920212	524288
1598953264920261	256
1598953264920263	256
1598953264920311	-256
1598953264920331	147456
1598953264920379	256
1598953264920381	256
1598953264920429	-256
1598953264920448	147456
1598953264920496	256
1598953264920498	256
1598953264920545	-256
1598953264920564	65536
1598953264920607	256
1598953264920620	9216
1598953264920676	-9216
1598953264920695	4194304
1598953264920745	256
1598953264920747	256
1598953264920801	-256
1598953264920820	65536
1598953264920865	256
1598953264920866	256
1598953264920913	-256
1598953264920931	65536
1598953264920975	256
1598953264920977	256
1598953264921024	-256
1598953264921042	37632
1598953264921085	256
1598953264921087	256
1598953264921135	-256
1598953264921153	65536
1598953264921197	256
1598953264921199	256
1598953264921246	-256
1598953264921264	65536
1598953264921306	256
1598953264921308	256
1598953264921354	-256
1598953264921371	65536
1598953264921413	256
1598953264921426	9216
1598953264921483	-9216
1598953264921503	8200192
1598953264921552	256
1598953264921554	256
1598953264921602	-256
1598953264921622	147456
1598953264921670	256
1598953264921683	9216
1598953264921740	-9216
1598953264921760	2097152
1598953264921809	256
1598953264921821	9216
1598953264921878	-9216
1598953264921900	4194304
1598953264921948	256
1598953264921960	9216
1598953264922016	-9216
1598953264922037	2359296
1598953264922084	256
1598953264922142	16384
1598953264922188	256
1598953264922200	9216
1598953264922257	-9216
1598953264922277	9437184
1598953264922339	256
1598953264922351	9216
1598953264922408	-9216
1598953264922428	2359296
1598953264922475	256
1598953264922487	9216
1598953264922543	-9216
1598953264922564	8388608
1598953264922613	256
1598953264922625	9216
1598953264922682	-9216
1598953264922702	4194304
1598953264922750	256
1598953264922762	9216
1598953264922817	-9216
1598953264922837	4194304
1598953264922886	256
1598953264922898	9216
1598953264922955	-9216
1598953264922976	4194304
1598953264923036	40627200
1598953264923087	-38535168
1598953264923290	-256
1598953264923291	-256
1598953264923292	-256
1598953264923293	-256
1598953264923294	-256
1598953264923295	-256
1598953264923296	-256
1598953264923297	-256
1598953264923298	-256
1598953264923299	-256
1598953264923300	-256
1598953264923301	-256
1598953264923301	-256
1598953264923302	-256
1598953264923303	-256
1598953264923304	-256
1598953264923305	-256
1598953264923306	-256
1598953264923306	-256
1598953264923307	-256
1598953264923308	-256
1598953264923309	-256
1598953264923310	-256
1598953264923311	-256
1598953264923312	-256
1598953264923313	-256
1598953264923314	-256
1598953264923315	-256
1598953264923316	-256
1598953264923317	-256
1598953264923318	-256
1598953264923319	-256
1598953264923320	-256
1598953264923321	-256
1598953264923322	-256
1598953264923323	-256
1598953264923324	-256
1598953264923324	-256
1598953264923325	-256
1598953264923326	-256
1598953264923327	-256
1598953264923328	-256
1598953264923329	-256
1598953264923330	-256
1598953264923331	-256
1598953264923332	-256
1598953264923333	-256
1598953264923333	-256
1598953264923335	-256
1598953264923335	-256
1598953264923337	-256
1598953264923338	-256
1598953264923339	-256
1598953264923340	-256
1598953264923372	205520896
1598953264923385	37632
1598953264923473	75520
1598953264923581	-75520
1598953264923586	-37632
1598953264923702	205520896
1598953264923703	256
1598953264923704	256
1598953264923705	256
1598953264923706	256
1598953264924037	51380224
1598953264924228	51380224
1598953264924236	16384
1598953264924292	18944
1598953264924371	-18944
1598953264924375	-16384
1598953264924412	205520896
1598953264924419	65536
1598953264924475	18944
1598953264924551	-18944
1598953264924554	-65536
1598953264924683	-256
1598953264924726	-256
1598953264924743	51380224
1598953264924744	256
1598953264924745	256
1598953264924746	256
1598953264924747	256
1598953264924890	205520896
1598953264924892	1024
1598953264924894	1024
1598953264924895	1024
1598953264924896	1024
1598953264925249	51380224
1598953264925256	147456
1598953264925312	89178112
1598953264928782	-89178112
1598953264928787	-147456
1598953264929067	51380224
1598953264929068	256
1598953264929070	256
1598953264929070	256
1598953264929072	256
1598953264929256	-256
1598953264929318	-256
1598953264929358	-1024
1598953264929396	-1024
1598953264929541	205520896
1598953264929549	65536
1598953264929606	18944
1598953264929686	-18944
1598953264929690	-65536
1598953264929844	205520896
1598953264929846	1024
1598953264929847	1024
1598953264929849	1024
1598953264929850	1024
1598953264930017	-256
1598953264930060	-256
1598953264930133	-205520896
1598953264930361	51380224
1598953264930369	65536
1598953264930424	18944
1598953264930507	-18944
1598953264930511	-65536
1598953264930605	-1024
1598953264930645	-1024
1598953264930661	51380224
1598953264930662	256
1598953264930663	256
1598953264930664	256
1598953264930665	256
1598953264930934	51380224
1598953264930941	147456
1598953264930993	89178112
1598953264931338	-89178112
1598953264931342	-147456
1598953264931502	51380224
1598953264931504	256
1598953264931505	256
1598953264931506	256
1598953264931507	256
1598953264931672	-256
1598953264931714	-256
1598953264931859	205520896
1598953264931865	65536
1598953264931918	18944
1598953264931992	-18944
1598953264931996	-65536
1598953264932148	205520896
1598953264932149	1024
1598953264932150	1024
1598953264932152	1024
1598953264932153	1024
1598953264932319	-256
1598953264932360	-256
1598953264932624	51380224
1598953264932632	65536
1598953264932684	18944
1598953264932759	-18944
1598953264932762	-65536
1598953264932853	-1024
1598953264932892	-1024
1598953264932908	51380224
1598953264932910	256
1598953264932910	256
1598953264932911	256
1598953264932912	256
1598953264933175	51380224
1598953264933182	147456
1598953264933233	89178112
1598953264933573	-89178112
1598953264933577	-147456
1598953264933734	51380224
1598953264933735	256
1598953264933736	256
1598953264933737	256
1598953264933738	256
1598953264933899	-256
1598953264933941	-256
1598953264934082	205520896
1598953264934089	65536
1598953264934168	18944
1598953264934244	-18944
1598953264934247	-65536
1598953264934402	205520896
1598953264934403	1024
1598953264934405	1024
1598953264934406	1024
1598953264934408	1024
1598953264934569	-256
1598953264934610	-256
1598953264934886	102760448
1598953264934893	524288
1598953264934947	4864
1598953264935020	-4864
1598953264935024	-524288
1598953264935093	38525184
1598953264935100	131072
1598953264935154	4864
1598953264935222	-4864
1598953264935225	-131072
1598953264935291	-1024
1598953264935331	-1024
1598953264935346	102760448
1598953264935347	2048
1598953264935348	2048
1598953264935350	2048
1598953264935351	2048
1598953264935479	25690112
1598953264935480	512
1598953264935482	512
1598953264935483	512
1598953264935484	512
1598953264935896	25690112
1598953264935903	589824
1598953264935957	117964800
1598953264936095	-117964800
1598953264936098	-589824
1598953264936276	-2048
1598953264936316	-2048
1598953264936332	25690112
1598953264936333	512
1598953264936334	512
1598953264936335	512
1598953264936336	512
1598953264936499	-512
1598953264936538	-512
1598953264936677	102760448
1598953264936685	262144
1598953264936736	4864
1598953264936811	-4864
1598953264936814	-262144
1598953264936962	102760448
1598953264936962	2048
1598953264936964	2048
1598953264936965	2048
1598953264936966	2048
1598953264937120	-512
1598953264937161	-512
1598953264937207	-102760448
1598953264937429	25690112
1598953264937437	262144
1598953264937490	4864
1598953264937563	-4864
1598953264937566	-262144
1598953264937657	-2048
1598953264937695	-2048
1598953264937711	25690112
1598953264937712	512
1598953264937713	512
1598953264937715	512
1598953264937715	512
1598953264937973	25690112
1598953264937980	589824
1598953264938032	117964800
1598953264938159	-117964800
1598953264938162	-589824
1598953264938313	25692160
1598953264938315	512
1598953264938317	512
1598953264938318	512
1598953264938319	512
1598953264938481	-512
1598953264938521	-512
1598953264938661	102760448
1598953264938668	262144
1598953264938720	4864
1598953264938793	-4864
1598953264938796	-262144
1598953264938945	102760448
1598953264938947	2048
1598953264938948	2048
1598953264938949	2048
1598953264938951	2048
1598953264939110	-512
1598953264939151	-512
1598953264939415	25690112
1598953264939421	262144
1598953264939473	4864
1598953264939545	-4864
1598953264939549	-262144
1598953264939639	-2048
1598953264939678	-2048
1598953264939695	25690112
1598953264939696	512
1598953264939697	512
1598953264939698	512
1598953264939699	512
1598953264939957	25690112
1598953264939964	589824
1598953264940016	117964800
1598953264940129	-117964800
1598953264940133	-589824
1598953264940283	25690112
1598953264940284	512
1598953264940285	512
1598953264940286	512
1598953264940288	512
1598953264940448	-512
1598953264940487	-512
1598953264940627	102760448
1598953264940634	262144
1598953264940684	4864
1598953264940757	-4864
1598953264940760	-262144
1598953264940907	102760448
1598953264940908	2048
1598953264940909	2048
1598953264940911	2048
1598953264940912	2048
1598953264941070	-512
1598953264941111	-512
1598953264941375	25690112
1598953264941382	262144
1598953264941434	4864
1598953264941505	-4864
1598953264941508	-262144
1598953264941599	-2048
1598953264941639	-2048
1598953264941654	25690112
1598953264941655	512
1598953264941656	512
1598953264941657	512
1598953264941658	512
1598953264941966	25690112
1598953264941973	589824
1598953264942024	117964800
1598953264942148	-117964800
1598953264942152	-589824
1598953264942311	25690112
1598953264942312	512
1598953264942313	512
1598953264942315	512
1598953264942316	512
1598953264942476	-512
1598953264942515	-512
1598953264942654	102760448
1598953264942661	262144
1598953264942712	4864
1598953264942784	-4864
1598953264942788	-262144
1598953264942934	102760448
1598953264942935	2048
1598953264942936	2048
1598953264942937	2048
1598953264942939	2048
1598953264943094	-512
1598953264943133	-512
1598953264943391	51380224
1598953264943398	2097152
1598953264943449	1280
1598953264943521	-1280
1598953264943524	-2097152
1598953264943595	12845056
1598953264943602	524288
1598953264943656	1280
1598953264943724	-1280
1598953264943727	-524288
1598953264943802	-2048
1598953264943842	-2048
1598953264943858	51380224
1598953264943859	4096
1598953264943860	4096
1598953264943861	4096
1598953264943863	4096
1598953264943971	12845056
1598953264943972	1024
1598953264943973	1024
1598953264943974	1024
1598953264943975	1024
1598953264944388	12845056
1598953264944395	2359296
1598953264944447	84934656
1598953264944560	-84934656
1598953264944563	-2359296
1598953264944736	-4096
1598953264944773	-4096
1598953264944789	12845056
1598953264944791	1024
1598953264944792	1024
1598953264944793	1024
1598953264944794	1024
1598953264944933	-1024
1598953264944972	-1024
1598953264945105	51380224
1598953264945112	1048576
1598953264945162	1280
1598953264945234	-1280
1598953264945237	-1048576
1598953264945386	51380224
1598953264945387	6144
1598953264945388	4096
1598953264945390	4096
1598953264945391	4096
1598953264945527	-1024
1598953264945566	-1024
1598953264945612	-51380224
1598953264945833	12845056
1598953264945839	1048576
1598953264945890	2048
1598953264945960	-2048
1598953264945962	-1048576
1598953264946052	-6144
1598953264946089	-4096
1598953264946134	12845056
1598953264946135	1024
1598953264946136	1024
1598953264946137	1024
1598953264946138	1024
1598953264946362	12845056
1598953264946368	2359296
1598953264946416	84934656
1598953264946523	-84934656
1598953264946526	-2359296
1598953264946664	12849152
1598953264946666	1024
1598953264946666	1024
1598953264946667	1024
1598953264946668	1024
1598953264946801	-1024
1598953264946838	-1024
1598953264946970	51380224
1598953264946976	1048576
1598953264947024	2048
1598953264947091	-2048
1598953264947094	-1048576
1598953264947233	51380224
1598953264947235	4096
1598953264947236	4096
1598953264947238	4096
1598953264947239	4096
1598953264947369	-1024
1598953264947407	-1024
1598953264947649	12845056
1598953264947655	1048576
1598953264947702	2048
1598953264947769	-2048
1598953264947771	-1048576
1598953264947858	-4096
1598953264947894	-4096
1598953264947909	12845056
1598953264947910	1024
1598953264947911	1024
1598953264947912	1024
1598953264947913	1024
1598953264948136	12845056
1598953264948142	2359296
1598953264948189	84934656
1598953264948296	-84934656
1598953264948299	-2359296
1598953264948438	12845056
1598953264948439	1024
1598953264948439	1024
1598953264948440	1024
1598953264948442	1024
1598953264948572	-1024
1598953264948609	-1024
1598953264948737	51380224
1598953264948744	1048576
1598953264948791	1280
1598953264948857	-1280
1598953264948860	-1048576
1598953264948998	51380224
1598953264948999	6144
1598953264949000	4096
1598953264949001	4096
1598953264949003	4096
1598953264949131	-1024
1598953264949170	-1024
1598953264949417	12845056
1598953264949424	1048576
1598953264949469	2048
1598953264949537	-2048
1598953264949539	-1048576
1598953264949624	-6144
1598953264949661	-4096
1598953264949676	12845056
1598953264949677	1024
1598953264949678	1024
1598953264949679	1024
1598953264949680	1024
1598953264949903	12845056
1598953264949910	2359296
1598953264949958	84934656
1598953264950063	-84934656
1598953264950066	-2359296
1598953264950218	12845056
1598953264950220	1024
1598953264950221	1024
1598953264950222	1024
1598953264950223	1024
1598953264950355	-1024
1598953264950392	-1024
1598953264950525	51380224
1598953264950531	1048576
1598953264950579	1280
1598953264950646	-1280
1598953264950650	-1048576
1598953264950787	51380224
1598953264950788	6144
1598953264950790	4096
1598953264950791	4096
1598953264950792	4096
1598953264950923	-1024
1598953264950960	-1024
1598953264951202	12845056
1598953264951208	1048576
1598953264951255	2048
1598953264951321	-2048
1598953264951323	-1048576
1598953264951409	-6144
1598953264951446	-4096
1598953264951459	12845056
1598953264951460	1024
1598953264951462	1024
1598953264951463	1024
1598953264951464	1024
1598953264951683	12845056
1598953264951690	2359296
1598953264951737	84934656
1598953264951842	-84934656
1598953264951845	-2359296
1598953264952000	12845056
1598953264952001	1024
1598953264952002	1024
1598953264952003	1024
1598953264952004	1024
1598953264952134	-1024
1598953264952171	-1024
1598953264952313	51380224
1598953264952319	1048576
1598953264952365	1280
1598953264952431	-1280
1598953264952434	-1048576
1598953264952571	51380224
1598953264952572	6144
1598953264952574	4096
1598953264952575	4096
1598953264952576	4096
1598953264952704	-1024
1598953264952741	-1024
1598953264952982	12845056
1598953264952988	1048576
1598953264953036	2048
1598953264953102	-2048
1598953264953105	-1048576
1598953264953188	-6144
1598953264953224	-4096
1598953264953238	12845056
1598953264953239	1024
1598953264953240	1024
1598953264953241	1024
1598953264953242	1024
1598953264953460	12845056
1598953264953466	2359296
1598953264953512	84934656
1598953264953616	-84934656
1598953264953619	-2359296
1598953264953755	12845056
1598953264953757	1024
1598953264953758	1024
1598953264953759	1024
1598953264953760	1024
1598953264953888	-1024
1598953264953924	-1024
1598953264954051	51380224
1598953264954057	1048576
1598953264954875	1280
1598953264954943	-1280
1598953264954947	-1048576
1598953264955432	51380224
1598953264955433	6144
1598953264955434	4096
1598953264955435	4096
1598953264955437	4096
1598953264956208	-1024
1598953264956246	-1024
1598953264956526	6422528
1598953264956532	2097152
1598953264956581	512
1598953264957080	-512
1598953264957083	-2097152
1598953264957127	25690112
1598953264957133	8388608
1598953264957321	512
1598953264957386	-512
1598953264957389	-8388608
1598953264957450	-6144
1598953264957510	-4096
1598953264957523	6422528
1598953264957524	2048
1598953264957525	2048
1598953264957526	2048
1598953264957527	2048
1598953264957631	25690112
1598953264957632	8192
1598953264957634	8192
1598953264957635	8192
1598953264957636	8192
1598953264957925	6422528
1598953264957931	9437184
1598953264958637	75497472
1598953264959278	-75497472
1598953264959282	-9437184
1598953264960283	6422528
1598953264960285	2048
1598953264960286	2048
1598953264960287	2048
1598953264960288	2048
1598953264960415	-2048
1598953264960451	-2048
1598953264960483	-8192
1598953264961224	-8192
1598953264961540	25690112
1598953264961546	4194304
1598953264961591	512
1598953264961655	-512
1598953264961658	-4194304
1598953264961821	25690112
1598953264961822	8192
1598953264961823	8192
1598953264961824	8192
1598953264961825	8192
1598953264962494	-2048
1598953264962530	-2048
1598953264962686	-25690112
1598953264962906	6422528
1598953264962912	4194304
1598953264962956	512
1598953264963799	-512
1598953264963802	-4194304
1598953264963881	-8192
1598953264964392	-8192
1598953264964406	6422528
1598953264964407	2048
1598953264964408	2048
1598953264964409	2048
1598953264964410	2048
1598953264965044	6422528
1598953264965050	9437184
1598953264965095	75497472
1598953264965480	-75497472
1598953264965483	-9437184
1598953264966398	6422528
1598953264966400	2048
1598953264966401	2048
1598953264966402	2048
1598953264966403	2048
1598953264966552	-2048
1598953264966667	-2048
1598953264966788	25690112
1598953264966793	4194304
1598953264966915	512
1598953264967418	-512
1598953264967422	-4194304
1598953264967680	25690112
1598953264967681	8192
1598953264967682	8192
1598953264967683	8192
1598953264967685	8192
1598953264967859	-2048
1598953264967893	-2048
1598953264968927	6422528
1598953264968932	4194304
1598953264968976	512
1598953264969530	-512
1598953264969533	-4194304
1598953264970101	-8192
1598953264970138	-8192
1598953264970151	6422528
1598953264970152	2048
1598953264970153	2048
1598953264970154	2048
1598953264970156	2048
1598953264970579	6422528
1598953264970585	9437184
1598953264970630	75497472
1598953264971510	-75497472
1598953264971514	-9437184
1598953264971817	6422528
1598953264971819	2048
1598953264971820	2048
1598953264971821	2048
1598953264971822	2048
1598953264971943	-2048
1598953264971977	-2048
1598953264972554	25690112
1598953264972561	4194304
1598953264972762	512
1598953264972927	-512
1598953264972929	-4194304
1598953264973061	25690112
1598953264973062	8192
1598953264973063	8192
1598953264973064	8192
1598953264973066	8192
1598953264973186	-2048
1598953264973221	-2048
1598953264975214	-8192
1598953264975246	-8192
1598953264975262	524288
1598953264975333	256256
1598953264975692	256
1598953264975694	256
1598953264977817	-256
1598953264977826	-256
1598953264977897	256
1598953264978083	-256
1598953264978103	4096
1598953264978180	524288
1598953264978237	8200192
1598953264978274	-524288
1598953264978275	-256256
1598953264978367	-4096
1598953264978416	-8200192
1598953264978457	-256
1598953264978504	-4096
1598953264978516	25690112
1598953264978552	-524288
1598953264978596	-8200192
1598953264979051	-25690112
1598953264979076	25698304
1598953264979077	8192
1598953264979078	8192
1598953264979079	256
1598953264979159	256
1598953264979247	-25690112
1598953264979248	-8192
1598953264979249	-8192
1598953264979252	-256
1598953264979253	-256
1598953264979359	8192512
1598953264979371	4194304
1598953264979407	6422528
1598953264979432	4096
1598953264979526	-8192512
1598953264979530	-4096
1598953264979531	-4194304
1598953264979565	8192512
1598953264979575	4194304
1598953264979600	4096
1598953264979752	-4096
1598953264979754	-4194304
1598953264979765	-25698304
1598953264979817	-8192
1598953264980229	-8192
1598953264980267	-6422528
1598953264980303	-4194304
1598953264980317	6422528
1598953264980318	2048
1598953264980319	2048
1598953264980320	256
1598953264980499	256
1598953264980568	-6422528
1598953264980570	-6422528
1598953264980571	-2048
1598953264980572	-2048
1598953264980575	-256
1598953264980576	-256
1598953264980804	-8192512
1598953264980817	6422528
1598953264980825	9437184
1598953264980853	8200704
1598953264980873	75497472
1598953264981051	-6422528
1598953264981054	-75497472
1598953264981056	-9437184
1598953264981086	9437184
1598953264981094	9437184
1598953264981114	75497472
1598953264982013	-75497472
1598953264982016	-9437184
1598953264982025	-6422528
1598953264982075	-2048
1598953264982122	-2048
1598953264982159	-6422528
1598953264982193	-9437184
1598953264982206	9437696
1598953264982207	2048
1598953264982208	2048
1598953264982209	256
1598953264982232	256
1598953264982881	-8200704
1598953264982882	-6422528
1598953264982883	-2048
1598953264982884	-2048
1598953264982886	-256
1598953264982887	-256
1598953264982987	-9437184
1598953264983000	25690112
1598953264983006	4194816
1598953264983034	25690112
1598953264983053	4096
1598953264983134	-25690112
1598953264983136	-4096
1598953264983137	-4194816
1598953264983165	4194816
1598953264983173	8200704
1598953264983190	4096
1598953264983320	-4096
1598953264983323	-8200704
1598953264983332	-9437696
1598953264983380	-2048
1598953264984049	-2048
1598953264984087	-25690112
1598953264984123	-4194304
1598953264984331	-25690112
1598953264984368	-4194816
1598953264984379	25698304
1598953264984380	8192
1598953264984381	8192
1598953264984382	256
1598953264984405	256
1598953264984675	-25690112
1598953264984676	-8192
1598953264984678	-8192
1598953264984680	-256
1598953264984681	-256
1598953264984701	8200704
1598953264984708	4194816
1598953264984737	9437696
1598953264984754	4096
1598953264984882	-8200704
1598953264984885	-4096
1598953264984886	-4194816
1598953264984914	4194816
1598953264984922	8200704
1598953264984939	4096
1598953264985803	-4096
1598953264985805	-8200704
1598953264985814	-25698304
1598953264985869	-8192
1598953264985920	-8192
1598953264985958	-6422528
1598953264985994	-4194304
1598953264986008	6422528
1598953264986008	2048
1598953264986009	2048
1598953264986010	256
1598953264986032	256
1598953264986131	-9437696
1598953264986132	-6422528
1598953264986133	-2048
1598953264986136	-2048
1598953264986138	-256
1598953264986139	-256
1598953264986725	-4194816
1598953264986739	6422528
1598953264986745	9437696
1598953264986838	8200704
1598953264986855	138004736
1598953264986952	-6422528
1598953264986955	-138004736
1598953264986956	-9437696
1598953264986985	9437696
1598953264986994	9437184
1598953264987012	128567552
1598953264987121	-128567552
1598953264987123	-9437184
1598953264987133	-6422528
1598953264987181	-2048
1598953264987902	-2048
1598953264987939	-6422528
1598953264988164	-9437184
1598953264988178	9437696
1598953264988179	2048
1598953264988180	2048
1598953264988181	256
1598953264988203	256
1598953264988472	-8200704
1598953264988473	-6422528
1598953264988474	-2048
1598953264988475	-2048
1598953264988477	-256
1598953264988478	-256
1598953264988527	-9437696
1598953264988539	25690112
1598953264988545	4194560
1598953264988571	25690112
1598953264988588	4096
1598953264988713	-25690112
1598953264988716	-4096
1598953264988717	-4194560
1598953264988743	4194560
1598953264988751	4194816
1598953264988768	4096
1598953264989633	-4096
1598953264989635	-4194816
1598953264989644	-9437696
1598953264989696	-2048
1598953264989747	-2048
1598953264989780	-25690112
1598953264989812	-4194304
1598953264989846	-25690112
1598953264989899	-4194560
1598953264989909	25690112
1598953264989911	8192
1598953264989911	8192
1598953264989912	256
1598953264989934	256
1598953264990672	-25690112
1598953264990674	-8192
1598953264990675	-8192
1598953264990677	-256
1598953264990678	-256
1598953264990696	25690112
1598953264990698	8192
1598953264990699	8192
1598953264990699	256
1598953264990725	256
1598953264990781	-25690112
1598953264990783	-25690112
1598953264990784	-8192
1598953264990785	-8192
1598953264990786	-256
1598953264990787	-256
1598953264990806	51380224
1598953264990813	9437696
1598953264990842	51380224
1598953264990981	-51380224
1598953264990984	-9437696
1598953264991013	9437696
1598953264991021	9437696
1598953264991040	4096
1598953264991713	-4096
1598953264991716	-9437696
1598953264991725	-25690112
1598953264991775	-8192
1598953264991806	-8192
1598953264991818	8200704
1598953264991825	4194816
1598953264992006	9437696
1598953264992024	4096
1598953264992298	-8200704
1598953264992301	-4096
1598953264992302	-4194816
1598953264992329	4194816
1598953264992337	4194816
1598953264992353	4096
1598953264992542	-4096
1598953264992545	-4194816
1598953264992554	-25690112
1598953264992607	-8192
1598953264992706	-8192
1598953264993438	-8388608
1598953264993477	-6422528
1598953264993515	-4194304
1598953264993554	-9437696
1598953264993566	6422528
1598953264993567	2048
1598953264993567	2048
1598953264993568	256
1598953264993590	256
1598953264993663	-9437696
1598953264993664	-6422528
1598953264993666	-2048
1598953264993667	-2048
1598953264993669	-256
1598953264993669	-256
1598953264993721	-4194816
1598953264993732	8200704
1598953264993739	9437696
1598953264993765	9437696
1598953264993788	102764544
1598953264994527	-8200704
1598953264994530	-102764544
1598953264994531	-9437696
1598953264994560	9437696
1598953264994569	9437184
1598953264994587	102764544
1598953264994703	-102764544
1598953264994705	-9437184
1598953264994715	-6422528
1598953264994770	-2048
1598953264994802	-2048
1598953264994841	-6422528
1598953264994880	-9437184
1598953264994892	8200704
1598953264994893	2048
1598953264994893	2048
1598953264994894	256
1598953264995618	256
1598953264995846	-9437696
1598953264995847	-6422528
1598953264995849	-2048
1598953264995850	-2048
1598953264995852	-256
1598953264995853	-256
1598953264995899	-9437696
1598953264995910	51380224
1598953264995917	2097152
1598953264995943	51380224
1598953264996198	-51380224
1598953264996200	-2097152
1598953264996231	2097152
1598953264996240	2097664
1598953264996258	4352
1598953264996404	-4352
1598953264996406	-2097664
1598953264996416	-8200704
1598953264996463	-2048
1598953264996494	-2048
1598953264997289	-51380224
1598953264997321	-2097152
1598953264997378	-51380224
1598953264997431	-2097152
1598953264997442	51384320
1598953264997443	4352
1598953264997443	6144
1598953264997444	256
1598953264997466	256
1598953264997552	-51380224
1598953264997553	-4096
1598953264997554	-4096
1598953264997556	-256
1598953264997557	-256
1598953264997576	18875136
1598953264997583	1048576
1598953264997614	20972544
1598953264997632	3584
1598953264998239	-18875136
1598953264998241	-3584
1598953264998243	-1048576
1598953264998270	1048576
1598953264998278	1048576
1598953264998296	2560
1598953264998470	-2560
1598953264998473	-1048576
1598953264998483	-51384320
1598953264998529	-4352
1598953264998567	-6144
1598953264998600	-12845056
1598953264998638	-1048576
1598953264998649	18875136
1598953264998650	1024
1598953264998651	1024
1598953264998652	256
1598953264998678	256
1598953264998761	-20972544
1598953264998762	-12845056
1598953264998763	-1024
1598953264998764	-1024
1598953264998766	-256
1598953264998766	-256
1598953264999455	-1048576
1598953264999474	20972544
1598953264999481	4194816
1598953264999509	12845056
1598953264999527	295485440
1598953264999771	-20972544
1598953264999773	-295485440
1598953264999774	-4194816
1598953264999802	4194816
1598953264999810	2359296
1598953264999827	84934656
1598953265000290	-84934656
1598953265000293	-2359296
1598953265000304	-18875136
1598953265000355	-1024
1598953265000392	-1024
1598953265000429	-12845056
1598953265000460	-2359296
1598953265000477	12845056
1598953265000478	1024
1598953265000479	1024
1598953265000480	256
1598953265000819	256
1598953265000987	-12845056
1598953265000989	-12845056
1598953265000989	-1024
1598953265000990	-1024
1598953265000992	-256
1598953265000993	-256
1598953265001049	-4194816
1598953265001061	51380224
1598953265001067	1049088
1598953265002734	51380224
1598953265002758	4352
1598953265002982	-51380224
1598953265002985	-4352
1598953265002986	-1049088
1598953265003013	1049088
1598953265003021	1048576
1598953265003039	3072
1598953265003184	-3072
1598953265003187	-1048576
1598953265003197	-12845056
1598953265003249	-1024
1598953265003283	-1024
1598953265003322	-51380224
1598953265003400	-1048576
1598953265004061	-51380224
1598953265004149	-1049088
1598953265004160	51384320
1598953265004161	4352
1598953265004161	6144
1598953265004162	256
1598953265004183	256
1598953265004269	-51380224
1598953265004270	-4096
1598953265004271	-4096
1598953265004274	-256
1598953265004274	-256
1598953265004301	20972544
1598953265004308	1048832
1598953265004339	21235456
1598953265004356	3584
1598953265004434	-20972544
1598953265004436	-3584
1598953265004438	-1048832
1598953265004465	1048832
1598953265004473	1049088
1598953265004489	2560
1598953265004618	-2560
1598953265004621	-1049088
1598953265004630	-51384320
1598953265004676	-4352
1598953265004713	-6144
1598953265004747	-12845056
1598953265005353	-1048576
1598953265005365	20972544
1598953265005365	1024
1598953265005367	1024
1598953265005367	256
1598953265005395	256
1598953265005587	-21235456
1598953265005589	-12845056
1598953265005590	-1024
1598953265005591	-1024
1598953265005592	-256
1598953265005593	-256
1598953265005644	-1048832
1598953265005661	21235456
1598953265005668	4194816
1598953265005694	12845056
1598953265005711	191102976
1598953265005813	-21235456
1598953265005815	-191102976
1598953265005817	-4194816
1598953265005845	4194816
1598953265005853	2359296
1598953265005871	84934656
1598953265005986	-84934656
1598953265005989	-2359296
1598953265006003	-20972544
1598953265006813	-1024
1598953265006854	-1024
1598953265006891	-12845056
1598953265006923	-2359296
1598953265006939	12845056
1598953265006939	1024
1598953265006940	1024
1598953265006941	256
1598953265006963	256
1598953265007043	-12845056
1598953265007045	-12845056
1598953265007046	-1024
1598953265007046	-1024
1598953265007048	-256
1598953265007049	-256
1598953265007102	-4194816
1598953265007114	51380224
1598953265007120	1048832
1598953265007145	51380224
1598953265007167	4352
1598953265007890	-51380224
1598953265007893	-4352
1598953265007894	-1048832
1598953265007920	1048832
1598953265007928	1048576
1598953265007945	3072
1598953265008079	-3072
1598953265008081	-1048576
1598953265008091	-12845056
1598953265008143	-1024
1598953265008174	-1024
1598953265008212	-51380224
1598953265008246	-1048576
1598953265008279	-51380224
1598953265008316	-1048832
1598953265008326	51384320
1598953265008327	4352
1598953265008327	6144
1598953265008328	256
1598953265009134	256
1598953265009218	-51380224
1598953265009219	-4096
1598953265009220	-4096
1598953265009222	-256
1598953265009223	-256
1598953265009247	21235456
1598953265009253	1048832
1598953265009284	12845056
1598953265009301	3584
1598953265009381	-21235456
1598953265009384	-3584
1598953265009385	-1048832
1598953265009411	1048832
1598953265009419	1049088
1598953265009435	2560
1598953265009651	-2560
1598953265009654	-1049088
1598953265009662	-51384320
1598953265009706	-4352
1598953265009743	-6144
1598953265009775	-12845056
1598953265010616	-1048576
1598953265010628	19924480
1598953265010629	1024
1598953265010630	1024
1598953265010631	256
1598953265010658	256
1598953265010739	-12845056
1598953265010740	-12845056
1598953265010742	-1024
1598953265010743	-1024
1598953265010744	-256
1598953265010745	-256
1598953265010793	-1048832
1598953265010809	12845056
1598953265010816	4194816
1598953265010841	21235456
1598953265010857	191102976
1598953265010954	-12845056
1598953265010956	-191102976
1598953265010958	-4194816
1598953265010985	4194816
1598953265010992	4195584
1598953265011010	84934656
1598953265011866	-84934656
1598953265011869	-4195584
1598953265011882	-19924480
1598953265011928	-1024
1598953265011964	-1024
1598953265012002	-12845056
1598953265012036	-2359296
1598953265012052	12845056
1598953265012053	1024
1598953265012054	1024
1598953265012054	256
1598953265012075	256
1598953265012156	-21235456
1598953265012157	-12845056
1598953265012158	-1024
1598953265012159	-1024
1598953265012161	-256
1598953265012161	-256
1598953265012214	-4194816
1598953265012226	51380224
1598953265012232	1048832
1598953265012255	51380224
1598953265012277	4352
1598953265013041	-51380224
1598953265013043	-4352
1598953265013044	-1048832
1598953265013069	1048832
1598953265013078	1048576
1598953265013094	3072
1598953265013266	-3072
1598953265013268	-1048576
1598953265013278	-12845056
1598953265013394	-1024
1598953265013427	-1024
1598953265013465	-51380224
1598953265013527	-1048576
1598953265013562	-51380224
1598953265013599	-1048832
1598953265013610	51384320
1598953265013611	4352
1598953265013611	6144
1598953265013612	256
1598953265013679	256
1598953265013840	-51380224
1598953265013841	-4096
1598953265013842	-4096
1598953265013845	-256
1598953265013845	-256
1598953265013871	21235456
1598953265013877	1048832
1598953265013912	12845056
1598953265013928	3584
1598953265014005	-21235456
1598953265014008	-3584
1598953265014009	-1048832
1598953265014036	1048832
1598953265014043	1049088
1598953265014060	2560
1598953265014200	-2560
1598953265014203	-1049088
1598953265014212	-51384320
1598953265014257	-4352
1598953265014293	-6144
1598953265014326	-12845056
1598953265014364	-1048576
1598953265014375	19924480
1598953265014376	1024
1598953265014377	1024
1598953265014378	256
1598953265014404	256
1598953265014489	-12845056
1598953265014490	-12845056
1598953265014491	-1024
1598953265014492	-1024
1598953265014494	-256
1598953265014495	-256
1598953265014542	-1048832
1598953265014561	12845056
1598953265014568	4194816
1598953265014593	22284288
1598953265014609	191102976
1598953265014705	-12845056
1598953265014707	-191102976
1598953265014709	-4194816
1598953265014735	4194816
1598953265014742	4195584
1598953265014759	84934656
1598953265014978	-84934656
1598953265014981	-4195584
1598953265014995	-19924480
1598953265015189	-1024
1598953265015244	-1024
1598953265015284	-12845056
1598953265015301	-256
1598953265015316	-2359296
1598953265015331	12845056
1598953265015332	1024
1598953265015333	1024
1598953265015334	256
1598953265016208	256
1598953265016302	-22284288
1598953265016304	-12845056
1598953265016304	-1024
1598953265016305	-1024
1598953265016307	-256
1598953265016308	-256
1598953265016363	-4194816
1598953265016375	51380224
1598953265016381	1048832
1598953265016405	51380224
1598953265016425	4352
1598953265017402	-51380224
1598953265017405	-4352
1598953265017406	-1048832
1598953265017432	1048832
1598953265017439	1049088
1598953265017455	4352
1598953265017577	-4352
1598953265017579	-1049088
1598953265017588	-12845056
1598953265017632	-1024
1598953265017669	-1024
1598953265017744	-51380224
1598953265017844	-1048576
1598953265017954	-51380224
1598953265018624	-1048832
1598953265018636	51388416
1598953265018637	4352
1598953265018638	4096
1598953265018639	256
1598953265018711	256
1598953265018849	-51380224
1598953265018850	-4096
1598953265018851	-4096
1598953265018854	-256
1598953265018854	-256
1598953265018880	12845056
1598953265018886	1048576
1598953265018916	15994112
1598953265018932	3584
1598953265019887	-12845056
1598953265019890	-3584
1598953265019891	-1048576
1598953265019917	1048576
1598953265019924	1049344
1598953265019940	2560
1598953265020065	-2560
1598953265020067	-1049344
1598953265020076	-51388416
1598953265020120	-4352
1598953265020156	-4096
1598953265020189	-12849152
1598953265020225	-1048576
1598953265020237	12849152
1598953265020238	1024
1598953265020239	1024
1598953265020240	256
1598953265020264	256
1598953265020342	-15994112
1598953265020344	-12845056
1598953265020344	-1024
1598953265020345	-1024
1598953265020347	-256
1598953265020348	-256
1598953265020394	-1048576
1598953265020409	12845056
1598953265020416	4194816
1598953265021302	12845056
1598953265021318	191102976
1598953265022473	-12845056
1598953265022475	-191102976
1598953265022477	-4194816
1598953265022505	4194816
1598953265022513	2359296
1598953265022528	84934656
1598953265022733	-84934656
1598953265022736	-2359296
1598953265022745	-12849152
1598953265022896	-1024
1598953265022932	-1024
1598953265022966	-12845056
1598953265022999	-2359296
1598953265023013	19140608
1598953265023013	1024
1598953265023014	1024
1598953265023015	256
1598953265023162	256
1598953265023279	-12845056
1598953265023280	-12845056
1598953265023281	-1024
1598953265023282	-1024
1598953265023283	-256
1598953265023284	-256
1598953265023335	-4194816
1598953265023346	51384320
1598953265023352	1048832
1598953265023376	51380224
1598953265023398	6144
1598953265024229	-51384320
1598953265024231	-6144
1598953265024232	-1048832
1598953265024257	1048832
1598953265024265	1048576
1598953265024281	3328
1598953265025386	-3328
1598953265025389	-1048576
1598953265025399	-19140608
1598953265025442	-1024
1598953265025478	-1024
1598953265025514	-51380224
1598953265025543	-1048576
1598953265025579	-51380224
1598953265025613	-1048832
1598953265025622	51380224
1598953265025623	4352
1598953265025623	6144
1598953265025624	256
1598953265025702	256
1598953265025862	-51380224
1598953265025864	-4096
1598953265025864	-4096
1598953265025867	-256
1598953265025868	-256
1598953265025886	51380224
1598953265025887	4096
1598953265025887	4096
1598953265025888	256
1598953265025913	256
1598953265026584	-51380224
1598953265026587	-51380224
1598953265026588	-4096
1598953265026588	-4096
1598953265026590	-256
1598953265026591	-256
1598953265026614	102760448
1598953265026621	2359296
1598953265026651	102760448
1598953265026935	-102760448
1598953265026943	-2359296
1598953265027011	2359296
1598953265027036	2097152
1598953265027076	2560
1598953265027844	-2560
1598953265027850	-2097152
1598953265027866	-51380224
1598953265027949	-4352
1598953265028015	-6144
1598953265028034	12845056
1598953265028046	1048832
1598953265028091	19924480
1598953265028121	4352
1598953265028263	-12845056
1598953265028268	-4352
1598953265028270	-1048832
1598953265028311	1048832
1598953265028324	1048576
1598953265028352	4352
1598953265029187	-4352
1598953265029191	-1048576
1598953265029208	-51380224
1598953265029286	-4096
1598953265029355	-4096
1598953265029422	-2097152
1598953265030373	-12845056
1598953265030440	-1048576
1598953265030518	-2359296
1598953265030536	12845056
1598953265030538	1024
1598953265030540	1024
1598953265030542	256
1598953265030583	256
1598953265030732	-19924480
1598953265030735	-12845056
1598953265030737	-1024
1598953265030746	-1024
1598953265030750	-256
1598953265030751	-256
1598953265030839	-1048832
1598953265030858	19924480
1598953265030868	2359296
1598953265030926	12845056
1598953265030957	191102976
1598953265031129	-19924480
1598953265031133	-191102976
1598953265031135	-2359296
1598953265031180	2359296
1598953265031193	4194816
1598953265031223	128450560
1598953265031418	-128450560
1598953265031422	-4194816
1598953265031437	-12845056
1598953265031528	-1024
1598953265033849	-1024
1598953265033914	-12845056
1598953265033987	-2359296
1598953265034006	21238016
1598953265034008	1024
1598953265034009	1024
1598953265034011	256
1598953265036302	256
1598953265036511	-12845056
1598953265036513	-12845056
1598953265036516	-1024
1598953265036518	-1024
1598953265036522	-256
1598953265036522	-256
1598953265036611	-2359296
1598953265036639	102760448
1598953265036651	524288
1598953265036699	154157056
1598953265036880	-102760448
1598953265036884	-524288
1598953265036934	524288
1598953265036947	524544
1598953265036978	4352
1598953265037545	-4352
1598953265037549	-524544
1598953265037565	-21238016
1598953265038558	-1024
1598953265038631	-1024
1598953265038695	-154157056
1598953265038760	-524288
1598953265038825	-102760448
1598953265038888	-524288
1598953265038906	102762496
1598953265038908	2048
1598953265038909	2048
1598953265038911	256
1598953265038957	256
1598953265039102	-102760448
1598953265039104	-2048
1598953265039106	-2048
1598953265039111	-256
1598953265039112	-256
1598953265039143	32769536
1598953265039155	262144
1598953265039209	34083072
1598953265039239	6912
1598953265039373	-32769536
1598953265039378	-6912
1598953265039380	-262144
1598953265039424	262144
1598953265039436	262144
1598953265039467	2560
1598953265040051	-2560
1598953265040056	-262144
1598953265040072	-102762496
1598953265040152	-2048
1598953265040221	-2048
1598953265040792	-25690112
1598953265040896	-262144
1598953265040919	32769536
1598953265040922	512
1598953265040923	512
1598953265040924	256
1598953265041187	256
1598953265041327	-34083072
1598953265041329	-25690112
1598953265041332	-512
1598953265041333	-512
1598953265041337	-256
1598953265041338	-256
1598953265041423	-262144
1598953265041449	34083072
1598953265041460	1048832
1598953265041509	25690112
1598953265041538	117964800
1598953265041699	-34083072
1598953265041703	-117964800
1598953265041706	-1048832
1598953265041750	1048832
1598953265041764	589824
1598953265041803	117964800
1598953265042281	-117964800
1598953265042286	-589824
1598953265042301	-32769536
1598953265042375	-512
1598953265042439	-512
1598953265042934	-25690112
1598953265042992	-589824
1598953265043014	25690112
1598953265043016	512
1598953265043018	512
1598953265043019	256
1598953265043058	256
1598953265043188	-25690112
1598953265043192	-25690112
1598953265043193	-512
1598953265043195	-512
1598953265043197	-256
1598953265043198	-256
1598953265043288	-1048832
1598953265043308	102760448
1598953265043318	262144
1598953265043370	102760448
1598953265043399	6912
1598953265043664	-102760448
1598953265043669	-6912
1598953265043671	-262144
1598953265043713	262144
1598953265043726	262144
1598953265043755	4352
1598953265045058	-4352
1598953265045063	-262144
1598953265045079	-25690112
1598953265045165	-512
1598953265045223	-512
1598953265046033	-102760448
1598953265046107	-262144
1598953265046169	-102760448
1598953265046236	-262144
1598953265046253	102762496
1598953265046254	2048
1598953265046256	2048
1598953265046257	256
1598953265046299	256
1598953265046433	-102760448
1598953265046435	-2048
1598953265046438	-2048
1598953265046442	-256
1598953265046442	-256
1598953265046472	32769536
1598953265046482	262144
1598953265046532	34083072
1598953265046561	6912
1598953265046686	-32769536
1598953265046690	-6912
1598953265046692	-262144
1598953265046733	262144
1598953265046746	262144
1598953265046775	2560
1598953265047495	-2560
1598953265047500	-262144
1598953265047515	-102762496
1598953265048265	-2048
1598953265048332	-2048
1598953265048392	-25690112
1598953265048460	-262144
1598953265048482	32769536
1598953265048484	512
1598953265048485	512
1598953265048487	256
1598953265048525	256
1598953265048657	-34083072
1598953265048659	-25690112
1598953265048661	-512
1598953265048663	-512
1598953265048666	-256
1598953265048667	-256
1598953265048747	-262144
1598953265048771	34083072
1598953265048782	589824
1598953265048830	25690112
1598953265048858	117964800
1598953265049007	-34083072
1598953265049011	-117964800
1598953265049013	-589824
1598953265049056	589824
1598953265049069	589824
1598953265049105	117964800
1598953265049770	-117964800
1598953265049775	-589824
1598953265049790	-32769536
1598953265050676	-512
1598953265050745	-512
1598953265050810	-25690112
1598953265050871	-589824
1598953265050892	25690112
1598953265050894	512
1598953265050895	512
1598953265050896	256
1598953265051002	256
1598953265051135	-25690112
1598953265051138	-25690112
1598953265051140	-512
1598953265051141	-512
1598953265051144	-256
1598953265051145	-256
1598953265051328	-589824
1598953265051348	102760448
1598953265051358	262144
1598953265051410	102760448
1598953265051439	6912
1598953265051795	-102760448
1598953265051799	-6912
1598953265051801	-262144
1598953265051842	262144
1598953265051854	262144
1598953265051883	3072
1598953265052840	-3072
1598953265052844	-262144
1598953265052859	-25690112
1598953265052946	-512
1598953265053777	-512
1598953265053845	-102760448
1598953265053906	-262144
1598953265053963	-102760448
1598953265054028	-262144
1598953265054045	102764544
1598953265054047	2048
1598953265054048	2304
1598953265054049	256
1598953265054091	256
1598953265054255	-102760448
1598953265054258	-2048
1598953265054260	-2048
1598953265054264	-256
1598953265054265	-256
1598953265054294	32769536
1598953265054303	262144
1598953265054354	34083072
1598953265054381	6912
1598953265054501	-32769536
1598953265054505	-6912
1598953265054507	-262144
1598953265054545	262144
1598953265054557	262144
1598953265054584	2560
1598953265055964	-2560
1598953265055969	-262144
1598953265055983	-102764544
1598953265056057	-2048
1598953265056118	-2304
1598953265056174	-25692160
1598953265056234	-262144
1598953265056254	25692160
1598953265056256	512
1598953265056256	512
1598953265056258	256
1598953265056294	256
1598953265056422	-34083072
1598953265056424	-25690112
1598953265056425	-512
1598953265056427	-512
1598953265056430	-256
1598953265056431	-256
1598953265056511	-262144
1598953265056532	25690112
1598953265056542	589824
1598953265056585	32769536
1598953265056613	117964800
1598953265056754	-25690112
1598953265056757	-117964800
1598953265056760	-589824
1598953265056801	589824
1598953265056820	589824
1598953265056848	117964800
1598953265058377	-117964800
1598953265058382	-589824
1598953265058396	-25692160
1598953265058470	-512
1598953265058533	-512
1598953265058682	-25690112
1598953265058740	-589824
1598953265058763	34083072
1598953265058764	512
1598953265058765	512
1598953265058767	256
1598953265058985	256
1598953265059113	-32769536
1598953265059115	-25690112
1598953265059117	-512
1598953265059119	-512
1598953265059122	-256
1598953265059122	-256
1598953265059212	-589824
1598953265059230	102762496
1598953265059240	262144
1598953265059292	102760448
1598953265059319	6912
1598953265059523	-102762496
1598953265059527	-6912
1598953265059529	-262144
1598953265059570	262144
1598953265059581	262144
1598953265059609	4352
1598953265061430	-4352
1598953265061434	-262144
1598953265061447	-34083072
1598953265061529	-512
1598953265061583	-512
1598953265061650	-102760448
1598953265061708	-262144
1598953265061765	-102760448
1598953265061827	-262144
1598953265061847	102762496
1598953265061849	2048
1598953265061850	2304
1598953265061851	256
1598953265061888	256
1598953265062015	-102760448
1598953265062017	-2048
1598953265062019	-2048
1598953265062023	-256
1598953265062023	-256
1598953265062050	102760448
1598953265062051	2048
1598953265062052	2048
1598953265062053	256
1598953265062108	256
1598953265062234	-102760448
1598953265062238	-102760448
1598953265062240	-2048
1598953265062242	-2048
1598953265062245	-256
1598953265062246	-256
1598953265062283	205520896
1598953265062292	524288
1598953265062528	205520896
1598953265062771	-205520896
1598953265062775	-524288
1598953265062817	524288
1598953265062829	589824
1598953265062858	2560
1598953265063733	-2560
1598953265063739	-589824
1598953265063753	-102762496
1598953265063829	-2048
1598953265063894	-2304
1598953265063912	32769536
1598953265063922	262144
1598953265063964	34083072
1598953265063998	6912
1598953265064119	-32769536
1598953265064123	-6912
1598953265064125	-262144
1598953265064165	262144
1598953265064177	262144
1598953265064203	4352
1598953265065061	-4352
1598953265065065	-262144
1598953265065079	-102760448
1598953265065161	-2048
1598953265065219	-2048
1598953265066022	-524288
1598953265066088	-25690112
1598953265066175	-262144
1598953265066238	-524288
1598953265066253	32769536
1598953265066255	512
1598953265066256	512
1598953265066257	256
1598953265066351	256
1598953265066477	-34083072
1598953265066479	-25690112
1598953265066482	-512
1598953265066484	-512
1598953265066487	-256
1598953265066488	-256
1598953265066671	-262144
1598953265066695	34084096
1598953265066706	589824
1598953265066763	25690112
1598953265066790	179836928
1598953265067161	-34084096
1598953265067165	-179836928
1598953265067166	-589824
1598953265067208	589824
1598953265067219	589824
1598953265067246	179836928
1598953265069088	-179836928
1598953265069092	-589824
1598953265069111	-32769536
1598953265069186	-512
1598953265069244	-512
1598953265069308	-25690112
1598953265069366	-589824
1598953265069386	32769536
1598953265069388	512
1598953265069389	512
1598953265069390	256
1598953265069427	256
1598953265069551	-25690112
1598953265069555	-38525184
1598953265069556	-512
1598953265069558	-512
1598953265069562	-256
1598953265069562	-256
1598953265069640	-589824
1598953265069661	205520896
1598953265069671	261120
1598953265069715	282599424
1598953265069875	-205520896
1598953265069879	-261120
1598953265069920	261120
1598953265069933	131072
1598953265069960	2560
1598953265071205	-2560
1598953265071210	-131072
1598953265071224	-32769536
1598953265071299	-512
1598953265071363	-512
1598953265071422	-282599424
1598953265071476	-131072
1598953265071535	-205520896
1598953265071595	-261120
1598953265071612	205520896
1598953265071613	1024
1598953265071614	1024
1598953265071615	256
1598953265071652	256
1598953265071778	-205520896
1598953265071780	-1024
1598953265071782	-1024
1598953265071786	-256
1598953265071787	-256
1598953265071815	51380224
1598953265071825	129024
1598953265071875	51380224
1598953265071903	21248
1598953265072029	-51380224
1598953265072033	-21248
1598953265072035	-129024
1598953265072074	129024
1598953265072086	65536
1598953265072113	3072
1598953265073607	-3072
1598953265073612	-65536
1598953265073626	-205520896
1598953265073699	-1024
1598953265073760	-1024
1598953265073822	-51380224
1598953265073955	-65536
1598953265073979	51380224
1598953265073980	256
1598953265073981	256
1598953265073982	256
1598953265074020	256
1598953265074363	-51380224
1598953265074367	-51380224
1598953265074368	-256
1598953265074371	-256
1598953265074374	-256
1598953265074375	-256
1598953265074460	-129024
1598953265074478	51380224
1598953265074487	262144
1598953265074529	51380224
1598953265074554	89178112
1598953265075027	-51380224
1598953265075031	-89178112
1598953265075033	-262144
1598953265075081	262144
1598953265075093	262144
1598953265075121	5632
1598953265075750	-5632
1598953265075755	-262144
1598953265075769	-51380224
1598953265075849	-256
1598953265076694	-256
1598953265076756	-51380224
1598953265076814	-147456
1598953265076831	51380224
1598953265076832	256
1598953265076833	256
1598953265076834	256
1598953265076871	256
1598953265076992	-51380224
1598953265076996	-51380224
1598953265076997	-256
1598953265077000	-256
1598953265077004	-256
1598953265077004	-256
1598953265077089	-262144
1598953265077106	205520896
1598953265077124	65536
1598953265077168	205520896
1598953265077193	21248
1598953265077309	-205520896
1598953265077312	-21248
1598953265077315	-65536
1598953265077353	65536
1598953265077364	65536
1598953265077391	3072
1598953265078140	-3072
1598953265078145	-65536
1598953265078159	-51380224
1598953265078901	-256
1598953265078960	-256
1598953265079013	-205520896
1598953265079069	-65536
1598953265079122	-205520896
1598953265079178	-65536
1598953265079193	205520896
1598953265079194	1024
1598953265079195	1024
1598953265079196	256
1598953265079236	256
1598953265079359	-205520896
1598953265079361	-1024
1598953265079363	-1024
1598953265079367	-256
1598953265079367	-256
1598953265079394	51380224
1598953265079403	65536
1598953265079449	51380224
1598953265079473	21248
1598953265079590	-51380224
1598953265079594	-21248
1598953265079596	-65536
1598953265079634	65536
1598953265079644	65536
1598953265079669	3072
1598953265080409	-3072
1598953265080414	-65536
1598953265080426	-205520896
1598953265081315	-1024
1598953265081374	-1024
1598953265081432	-51380224
1598953265081484	-65536
1598953265081505	51380224
1598953265081506	256
1598953265081507	256
1598953265081508	256
1598953265081649	256
1598953265081767	-51380224
1598953265081770	-51380224
1598953265081771	-256
1598953265081773	-256
1598953265081776	-256
1598953265081777	-256
1598953265081981	-65536
1598953265081997	51380224
1598953265082006	262144
1598953265082049	51380224
1598953265082073	89178112
1598953265082468	-51380224
1598953265082472	-89178112
1598953265082474	-262144
1598953265082520	262144
1598953265082531	262144
1598953265082558	5632
1598953265083073	-5632
1598953265083078	-262144
1598953265083090	-51380224
1598953265085805	-256
1598953265085866	-256
1598953265085922	-51380224
1598953265087720	-147456
1598953265087744	51380224
1598953265087745	256
1598953265087746	256
1598953265087747	256
1598953265087783	256
1598953265087900	-51380224
1598953265087904	-51380224
1598953265087905	-256
1598953265087907	-256
1598953265087910	-256
1598953265087911	-256
1598953265087992	-262144
1598953265088009	205520896
1598953265088018	65536
1598953265088066	205520896
1598953265088090	21248
1598953265088791	-205520896
1598953265088795	-21248
1598953265088797	-65536
1598953265088832	65536
1598953265088843	65536
1598953265088868	3072
1598953265089823	-3072
1598953265089827	-65536
1598953265089839	-51380224
1598953265089916	-256
1598953265089966	-256
1598953265090020	-205520896
1598953265090072	-65536
1598953265090137	-205520896
1598953265090194	-65536
1598953265090208	205520896
1598953265090209	1024
1598953265090214	1024
1598953265090216	256
1598953265090248	256
1598953265090384	-205520896
1598953265090386	-1024
1598953265090389	-1024
1598953265090391	-256
1598953265090392	-256
1598953265090415	205520896
1598953265090416	1024
1598953265090417	1024
1598953265090418	256
1598953265090457	256
1598953265090561	-205520896
1598953265090564	-205520896
1598953265090566	-1024
1598953265090568	-1024
1598953265090570	-256
1598953265090571	-256
1598953265090601	83471872
1598953265090609	126976
1598953265090652	51380224
1598953265090676	21248
1598953265091200	-83471872
1598953265091204	-21248
1598953265091205	-126976
1598953265091240	126976
1598953265091250	65536
1598953265091273	3072
1598953265092161	-3072
1598953265092165	-65536
1598953265092177	-205520896
1598953265092241	-1024
1598953265092295	-1024
1598953265092309	83471872
1598953265092318	65536
1598953265092359	51380224
1598953265092382	21248
1598953265092482	-83471872
1598953265092485	-21248
1598953265092487	-65536
1598953265092520	65536
1598953265092530	65536
1598953265092554	3072
1598953265093704	-3072
1598953265093708	-65536
1598953265093719	-205520896
1598953265093790	-1024
1598953265094251	-1024
1598953265094308	-65536
1598953265094361	-51380224
1598953265094406	-65536
1598953265094869	-126976
1598953265094883	51380224
1598953265094884	256
1598953265094885	256
1598953265094887	256
1598953265094924	256
1598953265095552	-51380224
1598953265095555	-51380224
1598953265095556	-256
1598953265095558	-256
1598953265095560	-256
1598953265095561	-256
1598953265095629	-65536
1598953265095649	85176832
1598953265095658	262144
1598953265095696	51380224
1598953265095718	154140672
1598953265096568	-85176832
1598953265096572	-154140672
1598953265096573	-262144
1598953265096608	262144
1598953265096619	147456
1598953265096644	5632
1598953265097249	-5632
1598953265097254	-147456
1598953265097266	-51380224
1598953265097331	-256
1598953265097385	-256
1598953265098227	-51380224
1598953265098280	-147456
1598953265098298	85176832
1598953265098299	256
1598953265098301	256
1598953265098302	256
1598953265098335	256
1598953265098443	-51380224
1598953265098446	-51380224
1598953265098447	-256
1598953265098448	-256
1598953265098450	-256
1598953265098451	-256
1598953265098518	-262144
1598953265098542	51380224
1598953265098551	16384
1598953265098588	51380224
1598953265098611	21248
1598953265098713	-51380224
1598953265098717	-21248
1598953265098719	-16384
1598953265098753	16384
1598953265098763	16384
1598953265098786	3072
1598953265099646	-3072
1598953265099651	-16384
1598953265099662	-85176832
1598953265099856	-256
1598953265100044	-256
1598953265100714	-51380224
1598953265100763	-16384
1598953265100777	205520896
1598953265100875	-51380224
1598953265100877	-51380224
1598953265100947	-16384
1598953265100997	-205520896
1598953265101011	256901120
1598953265101012	256
1598953265101013	256
1598953265101014	256
1598953265101050	256
1598953265101160	-205520896
1598953265101162	-205520896
1598953265101163	-256
1598953265101165	-256
1598953265101168	-256
1598953265101168	-256
1598953265101193	37632
1598953265101204	37632
1598953265101228	35840
1598953265101386	-35840
1598953265101390	-37632
1598953265101402	-40627200
1598953265101404	-256901120
1598953265102352	-256
1598953265102406	-256
1598953265102459	-37632
1598953265102510	-256
1598953265102512	-37632
