1598953264114054	256
1598953264114263	256
1598953264114439	256
1598953264114587	-256
1598953264114600	256
1598953264114810	256
1598953264114869	256
1598953264114913	256
1598953264114989	-256
1598953264115085	256
1598953264115162	-256
1598953264115258	256
1598953264115308	256
1598953264115402	-256
1598953264115419	256
1598953264115583	-256
1598953264115584	-256
1598953264115593	-256
1598953264115594	-256
1598953264115616	256
1598953264115791	-256
1598953264115820	-256
1598953264115874	-256
1598953264116764	256
1598953264117464	256
1598953264117469	256
1598953264117540	-256
1598953264117566	262144
1598953264117626	256
1598953264117649	9216
1598953264117712	-9216
1598953264117734	2359296
1598953264117783	256
1598953264117795	9216
1598953264117850	-9216
1598953264117870	2359296
1598953264117934	256
1598953264117936	256
1598953264117982	-256
1598953264118001	262144
1598953264118047	256
1598953264118049	256
1598953264118110	-256
1598953264118131	131072
1598953264118182	256
1598953264118184	256
1598953264118237	-256
1598953264118256	262144
1598953264118303	256
1598953264118305	256
1598953264118351	-256
1598953264118370	589824
1598953264118416	256
1598953264118418	256
1598953264118463	-256
1598953264118481	262144
1598953264118526	256
1598953264118528	256
1598953264118573	-256
1598953264118591	589824
1598953264118636	256
1598953264118638	256
1598953264118683	-256
1598953264118700	262144
1598953264118745	256
1598953264118746	256
1598953264118791	-256
1598953264118809	262144
1598953264118854	256
1598953264118856	256
1598953264118902	-256
1598953264118920	589824
1598953264118966	256
1598953264118968	256
1598953264119012	-256
1598953264119030	524288
1598953264119075	256
1598953264119077	256
1598953264119122	-256
1598953264119140	589824
1598953264119186	256
1598953264119188	256
1598953264119232	-256
1598953264119250	262144
1598953264119294	256
1598953264119296	256
1598953264119341	-256
1598953264119359	1048576
1598953264119405	256
1598953264119418	9216
1598953264119475	-9216
1598953264119496	2097152
1598953264119542	256
1598953264119544	256
1598953264119590	-256
1598953264119608	1048576
1598953264119653	256
1598953264119655	256
1598953264119700	-256
1598953264119718	1048576
1598953264119762	256
1598953264119764	256
1598953264119809	-256
1598953264119827	1048576
1598953264119871	256
1598953264119873	256
1598953264119918	-256
1598953264119936	1048576
1598953264119981	256
1598953264119983	256
1598953264120027	-256
1598953264120045	1048576
1598953264120089	256
1598953264120091	256
1598953264120135	-256
1598953264120153	1048576
1598953264120198	256
1598953264120200	256
1598953264120245	-256
1598953264120263	1048576
1598953264120308	256
1598953264120310	256
1598953264120355	-256
1598953264120372	1048576
1598953264120418	256
1598953264120420	256
1598953264120465	-256
1598953264120484	1048576
1598953264120528	256
1598953264120541	9216
1598953264120604	-9216
1598953264120624	2359296
1598953264120668	256
1598953264120670	256
1598953264120716	-256
1598953264120736	1048576
1598953264120780	256
1598953264120792	9216
1598953264120846	-9216
1598953264120866	9437184
1598953264120913	256
1598953264120924	9216
1598953264120978	-9216
1598953264120998	9437184
1598953264121043	256
1598953264121055	9216
1598953264121108	-9216
1598953264121127	2359296
1598953264121177	38535168
1598953264121243	256
1598953264121287	4096
1598953264121328	256
1598953264121330	256
1598953264121374	-256
1598953264121392	524288
1598953264121438	256
1598953264121440	256
1598953264121483	-256
1598953264121500	147456
1598953264121544	256
1598953264121545	256
1598953264121590	-256
1598953264121608	147456
1598953264121654	256
1598953264121656	256
1598953264121701	-256
1598953264121719	65536
1598953264121760	256
1598953264121772	9216
1598953264121826	-9216
1598953264121845	4194304
1598953264121890	256
1598953264121892	256
1598953264121941	-256
1598953264121959	65536
1598953264122001	256
1598953264122003	256
1598953264122046	-256
1598953264122063	65536
1598953264122114	256
1598953264122116	256
1598953264122162	-256
1598953264122180	37632
1598953264122222	256
1598953264122223	256
1598953264122267	-256
1598953264122285	65536
1598953264122325	256
1598953264122327	256
1598953264122369	-256
1598953264122386	65536
1598953264122425	256
1598953264122427	256
1598953264122469	-256
1598953264122485	65536
1598953264122525	256
1598953264122538	9216
1598953264122590	-9216
1598953264122609	8200192
1598953264122654	256
1598953264122655	256
1598953264122701	-256
1598953264122720	147456
1598953264122765	256
1598953264122777	9216
1598953264122830	-9216
1598953264122849	2097152
1598953264122895	256
1598953264122906	9216
1598953264122959	-9216
1598953264122978	4194304
1598953264123023	256
1598953264123034	9216
1598953264123087	-9216
1598953264123105	2359296
1598953264123150	256
1598953264123192	16384
1598953264123233	256
1598953264123245	9216
1598953264123297	-9216
1598953264123316	9437184
1598953264123361	256
1598953264123373	9216
1598953264123425	-9216
1598953264123445	2359296
1598953264123490	256
1598953264123501	9216
1598953264123554	-9216
1598953264123572	8388608
1598953264123618	256
1598953264123630	9216
1598953264123683	-9216
1598953264123701	4194304
1598953264123746	256
1598953264123758	9216
1598953264123811	-9216
1598953264123830	4194304
1598953264123875	256
1598953264123886	9216
1598953264123939	-9216
1598953264123958	4194304
1598953264124016	40627200
1598953264124062	-38535168
1598953264124248	-256
1598953264124249	-256
1598953264124250	-256
1598953264124251	-256
1598953264124252	-256
1598953264124253	-256
1598953264124254	-256
1598953264124255	-256
1598953264124256	-256
1598953264124257	-256
1598953264124257	-256
1598953264124258	-256
1598953264124259	-256
1598953264124260	-256
1598953264124261	-256
1598953264124262	-256
1598953264124262	-256
1598953264124263	-256
1598953264124264	-256
1598953264124265	-256
1598953264124266	-256
1598953264124267	-256
1598953264124268	-256
1598953264124268	-256
1598953264124269	-256
1598953264124270	-256
1598953264124271	-256
1598953264124272	-256
1598953264124273	-256
1598953264124274	-256
1598953264124275	-256
1598953264124275	-256
1598953264124276	-256
1598953264124277	-256
1598953264124278	-256
1598953264124279	-256
1598953264124279	-256
1598953264124280	-256
1598953264124281	-256
1598953264124282	-256
1598953264124283	-256
1598953264124284	-256
1598953264124284	-256
1598953264124285	-256
1598953264124286	-256
1598953264124287	-256
1598953264124288	-256
1598953264124288	-256
1598953264124290	-256
1598953264124290	-256
1598953264124292	-256
1598953264124293	-256
1598953264124294	-256
1598953264124295	-256
1598953264124324	205520896
1598953264124336	37632
1598953264124415	75520
1598953264124515	-75520
1598953264124519	-37632
1598953264124625	205520896
1598953264124626	256
1598953264124627	256
1598953264124628	256
1598953264124629	256
1598953264124938	51380224
1598953264125114	51380224
1598953264125122	16384
1598953264125175	18944
1598953264125248	-18944
1598953264125252	-16384
1598953264125286	205520896
1598953264125292	65536
1598953264125344	18944
1598953264125414	-18944
1598953264125417	-65536
1598953264125533	-256
1598953264125573	-256
1598953264125588	51380224
1598953264125590	256
1598953264125591	256
1598953264125591	256
1598953264125592	256
1598953264125724	205520896
1598953264125725	1024
1598953264125726	1024
1598953264125728	1024
1598953264125729	1024
1598953264126063	51380224
1598953264126069	147456
1598953264126135	89178112
1598953264126514	-89178112
1598953264126518	-147456
1598953264126752	51380224
1598953264126753	256
1598953264126754	256
1598953264126755	256
1598953264126756	256
1598953264126920	-256
1598953264126978	-256
1598953264127017	-1024
1598953264127054	-1024
1598953264127194	205520896
1598953264127201	65536
1598953264127252	18944
1598953264127326	-18944
1598953264127329	-65536
1598953264127478	205520896
1598953264127480	1024
1598953264127481	1024
1598953264127482	1024
1598953264127483	1024
1598953264127648	-256
1598953264127689	-256
1598953264127737	-205520896
1598953264127951	51380224
1598953264127958	65536
1598953264128010	18944
1598953264128089	-18944
1598953264128093	-65536
1598953264128205	-1024
1598953264128245	-1024
1598953264128261	51380224
1598953264128262	256
1598953264128263	256
1598953264128264	256
1598953264128265	256
1598953264128523	51380224
1598953264128530	147456
1598953264128581	89178112
1598953264128926	-89178112
1598953264128930	-147456
1598953264129087	51380224
1598953264129089	256
1598953264129090	256
1598953264129090	256
1598953264129091	256
1598953264129253	-256
1598953264129294	-256
1598953264129434	205520896
1598953264129441	65536
1598953264129494	18944
1598953264129568	-18944
1598953264129571	-65536
1598953264129721	205520896
1598953264129723	1024
1598953264129724	1024
1598953264129725	1024
1598953264129727	1024
1598953264129888	-256
1598953264129928	-256
1598953264130204	51380224
1598953264130212	65536
1598953264130281	18944
1598953264130351	-18944
1598953264130354	-65536
1598953264130442	-1024
1598953264130479	-1024
1598953264130495	51380224
1598953264130496	256
1598953264130497	256
1598953264130498	256
1598953264130499	256
1598953264130743	51380224
1598953264130750	147456
1598953264130799	89178112
1598953264131126	-89178112
1598953264131129	-147456
1598953264131277	51380224
1598953264131278	256
1598953264131279	256
1598953264131280	256
1598953264131281	256
1598953264131435	-256
1598953264131474	-256
1598953264131607	205520896
1598953264131613	65536
1598953264131662	18944
1598953264131730	-18944
1598953264131733	-65536
1598953264131876	205520896
1598953264131878	1024
1598953264131879	1024
1598953264131880	1024
1598953264131881	1024
1598953264132034	-256
1598953264132074	-256
1598953264132334	102760448
1598953264132341	524288
1598953264132391	4864
1598953264132460	-4864
1598953264132463	-524288
1598953264132529	38525184
1598953264132536	131072
1598953264132586	4864
1598953264132651	-4864
1598953264132654	-131072
1598953264132716	-1024
1598953264132753	-1024
1598953264132767	102760448
1598953264132768	2048
1598953264132770	2048
1598953264132771	2048
1598953264132772	2048
1598953264132890	25690112
1598953264132891	512
1598953264132893	512
1598953264132894	512
1598953264132895	512
1598953264133278	25690112
1598953264133284	589824
1598953264133334	117964800
1598953264133461	-117964800
1598953264133464	-589824
1598953264133629	-2048
1598953264133666	-2048
1598953264133680	25690112
1598953264133682	512
1598953264133683	512
1598953264133684	512
1598953264133685	512
1598953264133839	-512
1598953264133875	-512
1598953264134006	102760448
1598953264134013	262144
1598953264134062	4864
1598953264134144	-4864
1598953264134146	-262144
1598953264134292	102760448
1598953264134293	2048
1598953264134294	2048
1598953264134295	2048
1598953264134297	2048
1598953264134454	-512
1598953264134493	-512
1598953264134535	-102760448
1598953264134745	25690112
1598953264134752	262144
1598953264134802	4864
1598953264134870	-4864
1598953264134873	-262144
1598953264134959	-2048
1598953264134996	-2048
1598953264135011	25690112
1598953264135013	512
1598953264135014	512
1598953264135015	512
1598953264135016	512
1598953264135262	25690112
1598953264135269	589824
1598953264135318	117964800
1598953264135426	-117964800
1598953264135430	-589824
1598953264135570	25692160
1598953264135571	512
1598953264135573	512
1598953264135574	512
1598953264135575	512
1598953264135726	-512
1598953264135763	-512
1598953264135895	102760448
1598953264135901	262144
1598953264135949	4864
1598953264136018	-4864
1598953264136021	-262144
1598953264136160	102760448
1598953264136162	2048
1598953264136163	2048
1598953264136165	2048
1598953264136166	2048
1598953264136315	-512
1598953264136353	-512
1598953264136600	25690112
1598953264136607	262144
1598953264136655	4864
1598953264136722	-4864
1598953264136725	-262144
1598953264136810	-2048
1598953264136847	-2048
1598953264136862	25690112
1598953264136864	512
1598953264136865	512
1598953264136866	512
1598953264136867	512
1598953264137109	25690112
1598953264137116	589824
1598953264137165	117964800
1598953264137272	-117964800
1598953264137275	-589824
1598953264137413	25690112
1598953264137415	512
1598953264137416	512
1598953264137417	512
1598953264137418	512
1598953264137565	-512
1598953264137602	-512
1598953264137734	102760448
1598953264137740	262144
1598953264137788	4864
1598953264137857	-4864
1598953264137860	-262144
1598953264138010	102760448
1598953264138011	2048
1598953264138012	2048
1598953264138013	2048
1598953264138014	2048
1598953264138189	-512
1598953264138228	-512
1598953264138496	25690112
1598953264138503	262144
1598953264138552	4864
1598953264138622	-4864
1598953264138625	-262144
1598953264138713	-2048
1598953264138750	-2048
1598953264138765	25690112
1598953264138766	512
1598953264138767	512
1598953264138768	512
1598953264138769	512
1598953264139047	25690112
1598953264139054	589824
1598953264139103	117964800
1598953264139211	-117964800
1598953264139214	-589824
1598953264139359	25690112
1598953264139360	512
1598953264139362	512
1598953264139363	512
1598953264139364	512
1598953264139517	-512
1598953264139556	-512
1598953264139690	102760448
1598953264139697	262144
1598953264139745	4864
1598953264139816	-4864
1598953264139819	-262144
1598953264139961	102760448
1598953264139962	2048
1598953264139963	2048
1598953264139964	2048
1598953264139965	2048
1598953264140117	-512
1598953264140155	-512
1598953264140404	51380224
1598953264140411	2097152
1598953264140461	1280
1598953264140529	-1280
1598953264140532	-2097152
1598953264140599	12845056
1598953264140606	524288
1598953264140657	1280
1598953264140722	-1280
1598953264140725	-524288
1598953264140800	-2048
1598953264140838	-2048
1598953264140851	51380224
1598953264140853	4096
1598953264140854	4096
1598953264140856	4096
1598953264140857	4096
1598953264140964	12845056
1598953264140965	1024
1598953264140965	1024
1598953264140966	1024
1598953264140967	1024
1598953264141343	12845056
1598953264141349	2359296
1598953264141398	84934656
1598953264141505	-84934656
1598953264141508	-2359296
1598953264141671	-4096
1598953264141709	-4096
1598953264141723	12845056
1598953264141725	1024
1598953264141725	1024
1598953264141727	1024
1598953264141727	1024
1598953264141862	-1024
1598953264141899	-1024
1598953264142030	51380224
1598953264142036	1048576
1598953264142084	1280
1598953264142171	-1280
1598953264142175	-1048576
1598953264142328	51380224
1598953264142329	6144
1598953264142330	4096
1598953264142332	4096
1598953264142333	4096
1598953264142463	-1024
1598953264142500	-1024
1598953264142541	-51380224
1598953264142747	12845056
1598953264142754	1048576
1598953264142800	2048
1598953264142866	-2048
1598953264142868	-1048576
1598953264142952	-6144
1598953264142986	-4096
1598953264143001	12845056
1598953264143002	1024
1598953264143003	1024
1598953264143003	1024
1598953264143004	1024
1598953264143221	12845056
1598953264143227	2359296
1598953264143274	84934656
1598953264143377	-84934656
1598953264143380	-2359296
1598953264143513	12849152
1598953264143515	1024
1598953264143516	1024
1598953264143517	1024
1598953264143519	1024
1598953264143646	-1024
1598953264143683	-1024
1598953264143804	51380224
1598953264143811	1048576
1598953264143856	2048
1598953264143921	-2048
1598953264143923	-1048576
1598953264144056	51380224
1598953264144058	4096
1598953264144059	4096
1598953264144060	4096
1598953264144061	4096
1598953264144190	-1024
1598953264144227	-1024
1598953264144461	12845056
1598953264144468	1048576
1598953264144513	2048
1598953264144578	-2048
1598953264144581	-1048576
1598953264144663	-4096
1598953264144698	-4096
1598953264144713	12845056
1598953264144714	1024
1598953264144714	1024
1598953264144715	1024
1598953264144716	1024
1598953264144930	12845056
1598953264144936	2359296
1598953264144982	84934656
1598953264145084	-84934656
1598953264145088	-2359296
1598953264145222	12845056
1598953264145223	1024
1598953264145224	1024
1598953264145225	1024
1598953264145226	1024
1598953264145356	-1024
1598953264145393	-1024
1598953264145518	51380224
1598953264145524	1048576
1598953264145570	1280
1598953264145635	-1280
1598953264145638	-1048576
1598953264145772	51380224
1598953264145773	6144
1598953264145775	4096
1598953264145776	4096
1598953264145777	4096
1598953264145903	-1024
1598953264145940	-1024
1598953264146187	12845056
1598953264146193	1048576
1598953264146238	2048
1598953264146304	-2048
1598953264146307	-1048576
1598953264146391	-6144
1598953264146426	-4096
1598953264146440	12845056
1598953264146440	1024
1598953264146441	1024
1598953264146442	1024
1598953264146443	1024
1598953264146661	12845056
1598953264146667	2359296
1598953264146713	84934656
1598953264146814	-84934656
1598953264146817	-2359296
1598953264146953	12845056
1598953264146955	1024
1598953264146956	1024
1598953264146957	1024
1598953264146958	1024
1598953264147084	-1024
1598953264147119	-1024
1598953264147247	51380224
1598953264147253	1048576
1598953264147298	1280
1598953264147362	-1280
1598953264147366	-1048576
1598953264147500	51380224
1598953264147501	6144
1598953264147502	4096
1598953264147503	4096
1598953264147504	4096
1598953264147631	-1024
1598953264147668	-1024
1598953264147914	12845056
1598953264147920	1048576
1598953264147966	2048
1598953264148030	-2048
1598953264148032	-1048576
1598953264148116	-6144
1598953264148169	-4096
1598953264148182	12845056
1598953264148183	1024
1598953264148184	1024
1598953264148185	1024
1598953264148186	1024
1598953264148409	12845056
1598953264148415	2359296
1598953264148463	84934656
1598953264148567	-84934656
1598953264148570	-2359296
1598953264148707	12845056
1598953264148709	1024
1598953264148710	1024
1598953264148711	1024
1598953264148712	1024
1598953264148843	-1024
1598953264148880	-1024
1598953264149008	51380224
1598953264149014	1048576
1598953264149061	1280
1598953264149126	-1280
1598953264149129	-1048576
1598953264149265	51380224
1598953264149266	6144
1598953264149267	4096
1598953264149269	4096
1598953264149269	4096
1598953264149401	-1024
1598953264149438	-1024
1598953264149676	12845056
1598953264149682	1048576
1598953264149727	2048
1598953264149793	-2048
1598953264149796	-1048576
1598953264149883	-6144
1598953264149918	-4096
1598953264149934	12845056
1598953264149935	1024
1598953264149935	1024
1598953264149936	1024
1598953264149937	1024
1598953264150172	12845056
1598953264150179	2359296
1598953264150988	84934656
1598953264153223	-84934656
1598953264153227	-2359296
1598953264153369	12845056
1598953264153370	1024
1598953264153371	1024
1598953264153372	1024
1598953264153373	1024
1598953264154070	-1024
1598953264154126	-1024
1598953264154260	51380224
1598953264154267	1048576
1598953264155858	1280
1598953264155926	-1280
1598953264155929	-1048576
1598953264156422	51380224
1598953264156423	6144
1598953264156424	4096
1598953264156425	4096
1598953264156427	4096
1598953264157179	-1024
1598953264157215	-1024
1598953264157484	6422528
1598953264157490	2097152
1598953264157550	512
1598953264158061	-512
1598953264158065	-2097152
1598953264158115	25690112
1598953264158121	8388608
1598953264158306	512
1598953264158369	-512
1598953264158372	-8388608
1598953264158433	-6144
1598953264158506	-4096
1598953264158521	6422528
1598953264158522	2048
1598953264158523	2048
1598953264158524	2048
1598953264158525	2048
1598953264158628	25690112
1598953264158630	8192
1598953264158631	8192
1598953264158632	8192
1598953264158634	8192
1598953264158913	6422528
1598953264158918	9437184
1598953264159634	75497472
1598953264160272	-75497472
1598953264160276	-9437184
1598953264161285	6422528
1598953264161287	2048
1598953264161288	2048
1598953264161289	2048
1598953264161290	2048
1598953264161420	-2048
1598953264161455	-2048
1598953264161490	-8192
1598953264162238	-8192
1598953264162560	25690112
1598953264162566	4194304
1598953264162613	512
1598953264162678	-512
1598953264162681	-4194304
1598953264162860	25690112
1598953264162861	8192
1598953264162862	8192
1598953264162863	8192
1598953264162864	8192
1598953264163519	-2048
1598953264163556	-2048
1598953264163708	-25690112
1598953264163941	6422528
1598953264163947	4194304
1598953264163993	512
1598953264164811	-512
1598953264164814	-4194304
1598953264164898	-8192
1598953264165408	-8192
1598953264165423	6422528
1598953264165424	2048
1598953264165425	2048
1598953264165425	2048
1598953264165426	2048
1598953264166066	6422528
1598953264166072	9437184
1598953264166131	75497472
1598953264166500	-75497472
1598953264166503	-9437184
1598953264167417	6422528
1598953264167418	2048
1598953264167420	2048
1598953264167421	2048
1598953264167422	2048
1598953264167588	-2048
1598953264167702	-2048
1598953264167823	25690112
1598953264167829	4194304
1598953264167954	512
1598953264168461	-512
1598953264168464	-4194304
1598953264168724	25690112
1598953264168725	8192
1598953264168726	8192
1598953264168727	8192
1598953264168728	8192
1598953264168917	-2048
1598953264168952	-2048
1598953264170003	6422528
1598953264170009	4194304
1598953264170052	512
1598953264170608	-512
1598953264170611	-4194304
1598953264171171	-8192
1598953264171206	-8192
1598953264171220	6422528
1598953264171221	2048
1598953264171222	2048
1598953264171223	2048
1598953264171224	2048
1598953264171661	6422528
1598953264171666	9437184
1598953264171709	75497472
1598953264172590	-75497472
1598953264172593	-9437184
1598953264172905	6422528
1598953264172907	2048
1598953264172908	2048
1598953264172909	2048
1598953264172910	2048
1598953264173031	-2048
1598953264173064	-2048
1598953264173647	25690112
1598953264173653	4194304
1598953264173858	512
1598953264174031	-512
1598953264174034	-4194304
1598953264174174	25690112
1598953264174174	8192
1598953264174176	8192
1598953264174177	8192
1598953264174178	8192
1598953264174300	-2048
1598953264174334	-2048
1598953264176295	-8192
1598953264176329	-8192
1598953264176344	524288
1598953264176427	256256
1598953264176772	256
1598953264176774	256
1598953264178886	-256
1598953264178896	-256
1598953264178968	256
1598953264179169	-256
1598953264179182	4096
1598953264179260	524288
1598953264179314	8200192
1598953264179353	-524288
1598953264179354	-256256
1598953264179446	-4096
1598953264179496	-8200192
1598953264179536	-256
1598953264179581	-4096
1598953264179594	25690112
1598953264179631	-524288
1598953264179675	-8200192
1598953264180128	-25690112
1598953264180153	25698304
1598953264180154	8192
1598953264180156	8192
1598953264180156	256
1598953264180239	256
1598953264180324	-25690112
1598953264180325	-8192
1598953264180326	-8192
1598953264180328	-256
1598953264180329	-256
1598953264180431	8192512
1598953264180441	4194304
1598953264180476	6422528
1598953264180499	4096
1598953264180593	-8192512
1598953264180596	-4096
1598953264180597	-4194304
1598953264180629	8192512
1598953264180638	4194304
1598953264180664	4096
1598953264180805	-4096
1598953264180807	-4194304
1598953264180818	-25698304
1598953264180868	-8192
1598953264181314	-8192
1598953264181352	-6422528
1598953264181388	-4194304
1598953264181402	6422528
1598953264181402	2048
1598953264181404	2048
1598953264181405	256
1598953264181593	256
1598953264181664	-6422528
1598953264181666	-6422528
1598953264181667	-2048
1598953264181669	-2048
1598953264181671	-256
1598953264181672	-256
1598953264181898	-8192512
1598953264181912	6422528
1598953264181919	9437184
1598953264181948	8200704
1598953264181968	75497472
1598953264182160	-6422528
1598953264182163	-75497472
1598953264182164	-9437184
1598953264182196	9437184
1598953264182205	9437184
1598953264182224	75497472
1598953264183110	-75497472
1598953264183113	-9437184
1598953264183122	-6422528
1598953264183174	-2048
1598953264183210	-2048
1598953264183245	-6422528
1598953264183282	-9437184
1598953264183295	9437696
1598953264183295	2048
1598953264183296	2048
1598953264183297	256
1598953264183319	256
1598953264183985	-8200704
1598953264183986	-6422528
1598953264183987	-2048
1598953264183988	-2048
1598953264183992	-256
1598953264183993	-256
1598953264184090	-9437184
1598953264184104	25690112
1598953264184111	4194816
1598953264184139	25690112
1598953264184157	4096
1598953264184236	-25690112
1598953264184238	-4096
1598953264184240	-4194816
1598953264184267	4194816
1598953264184274	8200704
1598953264184292	4096
1598953264184420	-4096
1598953264184423	-8200704
1598953264184432	-9437696
1598953264184479	-2048
1598953264185146	-2048
1598953264185184	-25690112
1598953264185219	-4194304
1598953264185432	-25690112
1598953264185469	-4194816
1598953264185481	25698304
1598953264185482	8192
1598953264185483	8192
1598953264185484	256
1598953264185506	256
1598953264185777	-25690112
1598953264185778	-8192
1598953264185779	-8192
1598953264185781	-256
1598953264185782	-256
1598953264185802	8200704
1598953264185808	4194816
1598953264185838	9437696
1598953264185855	4096
1598953264185983	-8200704
1598953264185985	-4096
1598953264185986	-4194816
1598953264186015	4194816
1598953264186023	8200704
1598953264186040	4096
1598953264186906	-4096
1598953264186909	-8200704
1598953264186918	-25698304
1598953264186970	-8192
1598953264187018	-8192
1598953264187057	-6422528
1598953264187094	-4194304
1598953264187107	6422528
1598953264187108	2048
1598953264187109	2048
1598953264187110	256
1598953264187133	256
1598953264187215	-9437696
1598953264187217	-6422528
1598953264187218	-2048
1598953264187219	-2048
1598953264187221	-256
1598953264187222	-256
1598953264187823	-4194816
1598953264187836	6422528
1598953264187843	9437696
1598953264187935	8200704
1598953264187953	138004736
1598953264188050	-6422528
1598953264188053	-138004736
1598953264188054	-9437696
1598953264188084	9437696
1598953264188092	9437184
1598953264188110	128567552
1598953264188222	-128567552
1598953264188223	-9437184
1598953264188233	-6422528
1598953264188284	-2048
1598953264188999	-2048
1598953264189036	-6422528
1598953264189260	-9437184
1598953264189273	9437696
1598953264189274	2048
1598953264189275	2048
1598953264189276	256
1598953264189300	256
1598953264189568	-8200704
1598953264189569	-6422528
1598953264189570	-2048
1598953264189571	-2048
1598953264189573	-256
1598953264189574	-256
1598953264189626	-9437696
1598953264189638	25690112
1598953264189645	4194560
1598953264189672	25690112
1598953264189689	4096
1598953264189814	-25690112
1598953264189817	-4096
1598953264189818	-4194560
1598953264189845	4194560
1598953264189853	4194816
1598953264189869	4096
1598953264190734	-4096
1598953264190737	-4194816
1598953264190746	-9437696
1598953264190799	-2048
1598953264190849	-2048
1598953264190882	-25690112
1598953264190913	-4194304
1598953264190947	-25690112
1598953264191002	-4194560
1598953264191012	25690112
1598953264191014	8192
1598953264191015	8192
1598953264191016	256
1598953264191037	256
1598953264191777	-25690112
1598953264191778	-8192
1598953264191779	-8192
1598953264191781	-256
1598953264191782	-256
1598953264191801	25690112
1598953264191802	8192
1598953264191803	8192
1598953264191803	256
1598953264191828	256
1598953264191883	-25690112
1598953264191885	-25690112
1598953264191886	-8192
1598953264191887	-8192
1598953264191888	-256
1598953264191889	-256
1598953264191909	51380224
1598953264191915	9437696
1598953264191943	51380224
1598953264192234	-51380224
1598953264192240	-9437696
1598953264192326	9437696
1598953264192341	9437696
1598953264192383	4096
1598953264192830	-4096
1598953264192834	-9437696
1598953264192851	-25690112
1598953264192950	-8192
1598953264193019	-8192
1598953264193042	8200704
1598953264193055	4194816
1598953264193117	9437696
1598953264193151	4096
1598953264193416	-8200704
1598953264193421	-4096
1598953264193422	-4194816
1598953264193468	4194816
1598953264193481	4194816
1598953264193513	4096
1598953264193720	-4096
1598953264193724	-4194816
1598953264193740	-25690112
1598953264193823	-8192
1598953264194048	-8192
1598953264194552	-8388608
1598953264194630	-6422528
1598953264194694	-4194304
1598953264194763	-9437696
1598953264194782	6422528
1598953264194784	2048
1598953264194785	2048
1598953264194787	256
1598953264194829	256
1598953264194968	-9437696
1598953264194971	-6422528
1598953264194974	-2048
1598953264194976	-2048
1598953264194980	-256
1598953264194981	-256
1598953264195069	-4194816
1598953264195097	8200704
1598953264195109	9437696
1598953264195160	9437696
1598953264195192	102764544
1598953264195625	-8200704
1598953264195630	-102764544
1598953264195631	-9437696
1598953264195679	9437696
1598953264195694	9437184
1598953264195727	102764544
1598953264195928	-102764544
1598953264195932	-9437184
1598953264195955	-6422528
1598953264196042	-2048
1598953264196114	-2048
1598953264196183	-6422528
1598953264196250	-9437184
1598953264196278	8200704
1598953264196280	2048
1598953264196281	2048
1598953264196282	256
1598953264196715	256
1598953264196932	-9437696
1598953264196934	-6422528
1598953264196936	-2048
1598953264196938	-2048
1598953264196942	-256
1598953264196943	-256
1598953264197027	-9437696
1598953264197049	51380224
1598953264197060	2097152
1598953264197109	51380224
1598953264197310	-51380224
1598953264197314	-2097152
1598953264197365	2097152
1598953264197378	2097664
1598953264197411	4352
1598953264197624	-4352
1598953264197629	-2097664
1598953264197644	-8200704
1598953264197726	-2048
1598953264197788	-2048
1598953264198385	-51380224
1598953264198450	-2097152
1598953264198515	-51380224
1598953264198578	-2097152
1598953264198597	51384320
1598953264198598	4352
1598953264198599	6144
1598953264198600	256
1598953264198642	256
1598953264198785	-51380224
1598953264198788	-4096
1598953264198789	-4096
1598953264198793	-256
1598953264198794	-256
1598953264198828	18875136
1598953264198839	1048576
1598953264198893	20972544
1598953264198925	3584
1598953264199308	-18875136
1598953264199312	-3584
1598953264199315	-1048576
1598953264199361	1048576
1598953264199374	1048576
1598953264199406	2560
1598953264199629	-2560
1598953264199634	-1048576
1598953264199650	-51384320
1598953264199736	-4352
1598953264199811	-6144
1598953264199881	-12845056
1598953264199948	-1048576
1598953264199975	18875136
1598953264199976	1024
1598953264199978	1024
1598953264199979	256
1598953264200020	256
1598953264200163	-20972544
1598953264200165	-12845056
1598953264200167	-1024
1598953264200169	-1024
1598953264200172	-256
1598953264200173	-256
1598953264200549	-1048576
1598953264200572	20972544
1598953264200582	4194816
1598953264200633	12845056
1598953264200664	295485440
1598953264200869	-20972544
1598953264200873	-295485440
1598953264200874	-4194816
1598953264200930	4194816
1598953264200944	2359296
1598953264200977	84934656
1598953264201371	-84934656
1598953264201377	-2359296
1598953264201392	-18875136
1598953264201488	-1024
1598953264201552	-1024
1598953264201622	-12845056
1598953264201690	-2359296
1598953264201712	12845056
1598953264201713	1024
1598953264201715	1024
1598953264201717	256
1598953264201906	256
1598953264202128	-12845056
1598953264202132	-12845056
1598953264202133	-1024
1598953264202141	-1024
1598953264202145	-256
1598953264202146	-256
1598953264202242	-4194816
1598953264202272	51380224
1598953264202284	1049088
1598953264203827	51380224
1598953264203856	4352
1598953264204065	-51380224
1598953264204069	-4352
1598953264204071	-1049088
1598953264204115	1049088
1598953264204128	1048576
1598953264204158	3072
1598953264204368	-3072
1598953264204373	-1048576
1598953264204389	-12845056
1598953264204469	-1024
1598953264204536	-1024
1598953264204599	-51380224
1598953264204665	-1048576
1598953264205109	-51380224
1598953264205191	-1049088
1598953264205214	51384320
1598953264205216	4352
1598953264205216	6144
1598953264205217	256
1598953264205258	256
1598953264205395	-51380224
1598953264205397	-4096
1598953264205398	-4096
1598953264205403	-256
1598953264205404	-256
1598953264205436	20972544
1598953264205446	1048832
1598953264205500	21235456
1598953264205530	3584
1598953264205666	-20972544
1598953264205670	-3584
1598953264205672	-1048832
1598953264205715	1048832
1598953264205726	1049088
1598953264205757	2560
1598953264205960	-2560
1598953264205965	-1049088
1598953264205980	-51384320
1598953264206058	-4352
1598953264206139	-6144
1598953264206210	-12845056
1598953264206395	-1048576
1598953264206422	20972544
1598953264206423	1024
1598953264206425	1024
1598953264206426	256
1598953264206467	256
1598953264206665	-21235456
1598953264206667	-12845056
1598953264206669	-1024
1598953264206671	-1024
1598953264206674	-256
1598953264206675	-256
1598953264206768	-1048832
1598953264206787	21235456
1598953264206797	4194816
1598953264206845	12845056
1598953264206874	191102976
1598953264207040	-21235456
1598953264207044	-191102976
1598953264207046	-4194816
1598953264207099	4194816
1598953264207112	2359296
1598953264207142	84934656
1598953264207328	-84934656
1598953264207333	-2359296
1598953264207348	-20972544
1598953264207863	-1024
1598953264207926	-1024
1598953264207993	-12845056
1598953264208061	-2359296
1598953264208081	12845056
1598953264208082	1024
1598953264208084	1024
1598953264208085	256
1598953264208125	256
1598953264208258	-12845056
1598953264208261	-12845056
1598953264208263	-1024
1598953264208270	-1024
1598953264208273	-256
1598953264208274	-256
1598953264208360	-4194816
1598953264208386	51380224
1598953264208396	1048832
1598953264208446	51380224
1598953264208474	4352
1598953264208956	-51380224
1598953264208961	-4352
1598953264208962	-1048832
1598953264209004	1048832
1598953264209017	1048576
1598953264209046	3072
1598953264209260	-3072
1598953264209264	-1048576
1598953264209281	-12845056
1598953264209359	-1024
1598953264209427	-1024
1598953264209489	-51380224
1598953264209554	-1048576
1598953264209623	-51380224
1598953264209684	-1048832
1598953264209706	51384320
1598953264209708	4352
1598953264209708	6144
1598953264209710	256
1598953264210223	256
1598953264210362	-51380224
1598953264210364	-4096
1598953264210365	-4096
1598953264210370	-256
1598953264210371	-256
1598953264210403	21235456
1598953264210413	1048832
1598953264210469	12845056
1598953264210498	3584
1598953264210633	-21235456
1598953264210638	-3584
1598953264210640	-1048832
1598953264210682	1048832
1598953264210694	1049088
1598953264210724	2560
1598953264210929	-2560
1598953264210935	-1049088
1598953264210949	-51384320
1598953264211028	-4352
1598953264211098	-6144
1598953264211165	-12845056
1598953264211707	-1048576
1598953264211733	19924480
1598953264211734	1024
1598953264211736	1024
1598953264211737	256
1598953264211778	256
1598953264211914	-12845056
1598953264211916	-12845056
1598953264211918	-1024
1598953264211920	-1024
1598953264211923	-256
1598953264211924	-256
1598953264212021	-1048832
1598953264212040	12845056
1598953264212050	4194816
1598953264212095	21235456
1598953264212125	191102976
1598953264212289	-12845056
1598953264212293	-191102976
1598953264212295	-4194816
1598953264212347	4194816
1598953264212360	4195584
1598953264212390	84934656
1598953264212923	-84934656
1598953264212929	-4195584
1598953264212943	-19924480
1598953264213032	-1024
1598953264213092	-1024
1598953264213160	-12845056
1598953264213225	-2359296
1598953264213246	12845056
1598953264213247	1024
1598953264213248	1024
1598953264213249	256
1598953264213288	256
1598953264213418	-21235456
1598953264213420	-12845056
1598953264213423	-1024
1598953264213430	-1024
1598953264213433	-256
1598953264213434	-256
1598953264213517	-4194816
1598953264213543	51380224
1598953264213553	1048832
1598953264213600	51380224
1598953264213629	4352
1598953264214123	-51380224
1598953264214127	-4352
1598953264214128	-1048832
1598953264214172	1048832
1598953264214185	1048576
1598953264214215	3072
1598953264214428	-3072
1598953264214433	-1048576
1598953264214448	-12845056
1598953264214528	-1024
1598953264214599	-1024
1598953264214660	-51380224
1598953264214724	-1048576
1598953264214790	-51380224
1598953264214851	-1048832
1598953264214875	51384320
1598953264214876	4352
1598953264214877	6144
1598953264214878	256
1598953264214917	256
1598953264215051	-51380224
1598953264215053	-4096
1598953264215054	-4096
1598953264215058	-256
1598953264215059	-256
1598953264215090	21235456
1598953264215100	1048832
1598953264215153	12845056
1598953264215183	3584
1598953264215317	-21235456
1598953264215321	-3584
1598953264215323	-1048832
1598953264215365	1048832
1598953264215377	1049088
1598953264215407	2560
1598953264215622	-2560
1598953264215627	-1049088
1598953264215641	-51384320
1598953264215721	-4352
1598953264215789	-6144
1598953264215854	-12845056
1598953264215914	-1048576
1598953264215940	19924480
1598953264215941	1024
1598953264215942	1024
1598953264215944	256
1598953264215983	256
1598953264216118	-12845056
1598953264216120	-12845056
1598953264216122	-1024
1598953264216124	-1024
1598953264216127	-256
1598953264216128	-256
1598953264216218	-1048832
1598953264216239	12845056
1598953264216249	4194816
1598953264216276	-256
1598953264216295	22284288
1598953264216324	191102976
1598953264216486	-12845056
1598953264216490	-191102976
1598953264216493	-4194816
1598953264216545	4194816
1598953264216557	4195584
1598953264216586	84934656
1598953264216767	-84934656
1598953264216772	-4195584
1598953264216787	-19924480
1598953264216871	-1024
1598953264216932	-1024
1598953264216998	-12845056
1598953264217061	-2359296
1598953264217081	12845056
1598953264217082	1024
1598953264217083	1024
1598953264217085	256
1598953264217243	256
1598953264217376	-22284288
1598953264217380	-12845056
1598953264217381	-1024
1598953264217383	-1024
1598953264217386	-256
1598953264217387	-256
1598953264217476	-4194816
1598953264217496	51380224
1598953264217511	1048832
1598953264217557	51380224
1598953264217585	4352
1598953264218463	-51380224
1598953264218467	-4352
1598953264218468	-1048832
1598953264218510	1048832
1598953264218522	1049088
1598953264218549	4352
1598953264218744	-4352
1598953264218748	-1049088
1598953264218762	-12845056
1598953264218836	-1024
1598953264218895	-1024
1598953264218952	-51380224
1598953264219012	-1048576
1598953264219077	-51380224
1598953264219609	-1048832
1598953264219626	51388416
1598953264219627	4352
1598953264219628	4096
1598953264219629	256
1598953264219698	256
1598953264219872	-51380224
1598953264219875	-4096
1598953264219876	-4096
1598953264219880	-256
1598953264219881	-256
1598953264219911	12845056
1598953264219921	1048576
1598953264219970	15994112
1598953264219997	3584
1598953264220876	-12845056
1598953264220880	-3584
1598953264220882	-1048576
1598953264220925	1048576
1598953264220937	1049344
1598953264220966	2560
1598953264221157	-2560
1598953264221162	-1049344
1598953264221175	-51388416
1598953264221251	-4352
1598953264221315	-4096
1598953264221377	-12849152
1598953264221433	-1048576
1598953264221456	12849152
1598953264221457	1024
1598953264221459	1024
1598953264221460	256
1598953264221498	256
1598953264221621	-15994112
1598953264221624	-12845056
1598953264221626	-1024
1598953264221627	-1024
1598953264221631	-256
1598953264221631	-256
1598953264221716	-1048576
1598953264221736	12845056
1598953264221746	4194816
1598953264222293	12845056
1598953264222320	191102976
1598953264223405	-12845056
1598953264223409	-191102976
1598953264223411	-4194816
1598953264223461	4194816
1598953264223474	2359296
1598953264223503	84934656
1598953264223676	-84934656
1598953264223681	-2359296
1598953264223695	-12849152
1598953264223840	-1024
1598953264223900	-1024
1598953264223964	-12845056
1598953264224026	-2359296
1598953264224044	19140608
1598953264224046	1024
1598953264224047	1024
1598953264224049	256
1598953264224101	256
1598953264224247	-12845056
1598953264224250	-12845056
1598953264224252	-1024
1598953264224254	-1024
1598953264224257	-256
1598953264224258	-256
1598953264224345	-4194816
1598953264224364	51384320
1598953264224379	1048832
1598953264224423	51380224
1598953264224450	6144
1598953264225193	-51384320
1598953264225197	-6144
1598953264225198	-1048832
1598953264225240	1048832
1598953264225252	1048576
1598953264225280	3328
1598953264226364	-3328
1598953264226368	-1048576
1598953264226384	-19140608
1598953264226460	-1024
1598953264226521	-1024
1598953264226580	-51380224
1598953264226641	-1048576
1598953264226702	-51380224
1598953264226760	-1048832
1598953264226780	51380224
1598953264226781	4352
1598953264226782	6144
1598953264226783	256
1598953264226819	256
1598953264226946	-51380224
1598953264226948	-4096
1598953264226949	-4096
1598953264226953	-256
1598953264226954	-256
1598953264226981	51380224
1598953264226983	4096
1598953264226984	4096
1598953264226985	256
1598953264227037	256
1598953264227557	-51380224
1598953264227561	-51380224
1598953264227563	-4096
1598953264227565	-4096
1598953264227568	-256
1598953264227568	-256
1598953264227600	102760448
1598953264227610	2359296
1598953264227660	102760448
1598953264227826	-102760448
1598953264227830	-2359296
1598953264227874	2359296
1598953264227887	2097152
1598953264227925	2560
1598953264228772	-2560
1598953264228777	-2097152
1598953264228792	-51380224
1598953264228868	-4352
1598953264228933	-6144
1598953264228953	12845056
1598953264228962	1048832
1598953264229011	19924480
1598953264229037	4352
1598953264229153	-12845056
1598953264229157	-4352
1598953264229158	-1048832
1598953264229198	1048832
1598953264229210	1048576
1598953264229237	4352
1598953264230126	-4352
1598953264230132	-1048576
1598953264230148	-51380224
1598953264230234	-4096
1598953264230292	-4096
1598953264230357	-2097152
1598953264231290	-12845056
1598953264231346	-1048576
1598953264231410	-2359296
1598953264231432	12845056
1598953264231433	1024
1598953264231435	1024
1598953264231436	256
1598953264231478	256
1598953264231612	-19924480
1598953264231615	-12845056
1598953264231617	-1024
1598953264231619	-1024
1598953264231623	-256
1598953264231623	-256
1598953264231705	-1048832
1598953264231730	19924480
1598953264231740	2359296
1598953264231786	12845056
1598953264231813	191102976
1598953264231966	-19924480
1598953264231970	-191102976
1598953264231972	-2359296
1598953264232017	2359296
1598953264232029	4194816
1598953264232063	128450560
1598953264232319	-128450560
1598953264232324	-4194816
1598953264232337	-12845056
1598953264232436	-1024
1598953264234832	-1024
1598953264234898	-12845056
1598953264234956	-2359296
1598953264234980	21238016
1598953264234981	1024
1598953264234982	1024
1598953264234983	256
1598953264237284	256
1598953264237482	-12845056
1598953264237484	-12845056
1598953264237487	-1024
1598953264237489	-1024
1598953264237493	-256
1598953264237494	-256
1598953264237579	-2359296
1598953264237600	102760448
1598953264237610	524288
1598953264237652	154157056
1598953264237810	-102760448
1598953264237814	-524288
1598953264237858	524288
1598953264237871	524544
1598953264237907	4352
1598953264238518	-4352
1598953264238522	-524544
1598953264238536	-21238016
1598953264239550	-1024
1598953264239617	-1024
1598953264239678	-154157056
1598953264239732	-524288
1598953264239793	-102760448
1598953264239853	-524288
1598953264239871	102762496
1598953264239872	2048
1598953264239873	2048
1598953264239874	256
1598953264239927	256
1598953264240054	-102760448
1598953264240056	-2048
1598953264240058	-2048
1598953264240062	-256
1598953264240063	-256
1598953264240092	32769536
1598953264240102	262144
1598953264240150	34083072
1598953264240184	6912
1598953264240298	-32769536
1598953264240303	-6912
1598953264240304	-262144
1598953264240345	262144
1598953264240356	262144
1598953264240382	2560
1598953264240990	-2560
1598953264240995	-262144
1598953264241007	-102762496
1598953264241080	-2048
1598953264241143	-2048
1598953264241764	-25690112
1598953264241874	-262144
1598953264241892	32769536
1598953264241894	512
1598953264241895	512
1598953264241896	256
1598953264242173	256
1598953264242296	-34083072
1598953264242298	-25690112
1598953264242300	-512
1598953264242302	-512
1598953264242305	-256
1598953264242306	-256
1598953264242388	-262144
1598953264242408	34083072
1598953264242417	1048832
1598953264242458	25690112
1598953264242490	117964800
1598953264242625	-34083072
1598953264242628	-117964800
1598953264242630	-1048832
1598953264242670	1048832
1598953264242682	589824
1598953264242709	117964800
1598953264243260	-117964800
1598953264243265	-589824
1598953264243278	-32769536
1598953264243358	-512
1598953264243409	-512
1598953264243927	-25690112
1598953264243987	-589824
1598953264244004	25690112
1598953264244006	512
1598953264244007	512
1598953264244008	256
1598953264244047	256
1598953264244165	-25690112
1598953264244168	-25690112
1598953264244170	-512
1598953264244171	-512
1598953264244174	-256
1598953264244175	-256
1598953264244285	-1048832
1598953264244310	102760448
1598953264244319	262144
1598953264244362	102760448
1598953264244388	6912
1598953264244660	-102760448
1598953264244664	-6912
1598953264244666	-262144
1598953264244706	262144
1598953264244717	262144
1598953264244744	4352
1598953264246068	-4352
1598953264246072	-262144
1598953264246087	-25690112
1598953264246176	-512
1598953264246238	-512
1598953264247050	-102760448
1598953264247109	-262144
1598953264247169	-102760448
1598953264247223	-262144
1598953264247243	102762496
1598953264247244	2048
1598953264247246	2048
1598953264247247	256
1598953264247281	256
1598953264247399	-102760448
1598953264247401	-2048
1598953264247402	-2048
1598953264247406	-256
1598953264247407	-256
1598953264247434	32769536
1598953264247443	262144
1598953264247489	34083072
1598953264247521	6912
1598953264247630	-32769536
1598953264247633	-6912
1598953264247635	-262144
1598953264247673	262144
1598953264247684	262144
1598953264247709	2560
1598953264248521	-2560
1598953264248526	-262144
1598953264248539	-102762496
1598953264249296	-2048
1598953264249352	-2048
1598953264249413	-25690112
1598953264249468	-262144
1598953264249485	32769536
1598953264249487	512
1598953264249488	512
1598953264249489	256
1598953264249522	256
1598953264249636	-34083072
1598953264249638	-25690112
1598953264249640	-512
1598953264249641	-512
1598953264249644	-256
1598953264249645	-256
1598953264249727	-262144
1598953264249745	34083072
1598953264249754	589824
1598953264249793	25690112
1598953264249824	117964800
1598953264249953	-34083072
1598953264249957	-117964800
1598953264249959	-589824
1598953264249998	589824
1598953264250009	589824
1598953264250035	117964800
1598953264250799	-117964800
1598953264250804	-589824
1598953264250817	-32769536
1598953264251717	-512
1598953264251773	-512
1598953264251831	-25690112
1598953264251888	-589824
1598953264251905	25690112
1598953264251906	512
1598953264251907	512
1598953264251908	256
1598953264252055	256
1598953264252171	-25690112
1598953264252175	-25690112
1598953264252176	-512
1598953264252178	-512
1598953264252181	-256
1598953264252182	-256
1598953264252375	-589824
1598953264252399	102760448
1598953264252407	262144
1598953264252449	102760448
1598953264252474	6912
1598953264252835	-102760448
1598953264252838	-6912
1598953264252841	-262144
1598953264252880	262144
1598953264252890	262144
1598953264252916	3072
1598953264253877	-3072
1598953264253881	-262144
1598953264253894	-25690112
1598953264253965	-512
1598953264254827	-512
1598953264254887	-102760448
1598953264254940	-262144
1598953264254996	-102760448
1598953264255049	-262144
1598953264255070	102764544
1598953264255072	2048
1598953264255073	2304
1598953264255074	256
1598953264255108	256
1598953264255226	-102760448
1598953264255228	-2048
1598953264255229	-2048
1598953264255233	-256
1598953264255233	-256
1598953264255261	32769536
1598953264255270	262144
1598953264255324	34083072
1598953264255349	6912
1598953264255459	-32769536
1598953264255463	-6912
1598953264255465	-262144
1598953264255502	262144
1598953264255512	262144
1598953264255538	2560
1598953264257035	-2560
1598953264257039	-262144
1598953264257052	-102764544
1598953264257129	-2048
1598953264257183	-2304
1598953264257245	-25692160
1598953264257299	-262144
1598953264257316	25692160
1598953264257318	512
1598953264257319	512
1598953264257320	256
1598953264257353	256
1598953264257467	-34083072
1598953264257469	-25690112
1598953264257470	-512
1598953264257471	-512
1598953264257474	-256
1598953264257475	-256
1598953264257554	-262144
1598953264257571	25690112
1598953264257580	589824
1598953264257624	32769536
1598953264257650	117964800
1598953264257779	-25690112
1598953264257782	-117964800
1598953264257784	-589824
1598953264258033	589824
1598953264258046	589824
1598953264258075	117964800
1598953264259456	-117964800
1598953264259461	-589824
1598953264259475	-25692160
1598953264259555	-512
1598953264259612	-512
1598953264259771	-25690112
1598953264259832	-589824
1598953264259848	34083072
1598953264259850	512
1598953264259851	512
1598953264259852	256
1598953264260095	256
1598953264260210	-32769536
1598953264260212	-25690112
1598953264260214	-512
1598953264260215	-512
1598953264260218	-256
1598953264260218	-256
1598953264260288	-589824
1598953264260311	102762496
1598953264260319	262144
1598953264260358	102760448
1598953264260382	6912
1598953264260615	-102762496
1598953264260619	-6912
1598953264260621	-262144
1598953264260658	262144
1598953264260667	262144
1598953264260692	4352
1598953264262528	-4352
1598953264262532	-262144
1598953264262545	-34083072
1598953264262612	-512
1598953264262669	-512
1598953264262724	-102760448
1598953264262773	-262144
1598953264262829	-102760448
1598953264262882	-262144
1598953264262897	102762496
1598953264262898	2048
1598953264262899	2304
1598953264262900	256
1598953264262932	256
1598953264263043	-102760448
1598953264263045	-2048
1598953264263046	-2048
1598953264263049	-256
1598953264263050	-256
1598953264263081	102760448
1598953264263082	2048
1598953264263083	2048
1598953264263084	256
1598953264263123	256
1598953264263225	-102760448
1598953264263229	-102760448
1598953264263230	-2048
1598953264263231	-2048
1598953264263234	-256
1598953264263235	-256
1598953264263265	205520896
1598953264263273	524288
1598953264263621	205520896
1598953264263861	-205520896
1598953264263864	-524288
1598953264263909	524288
1598953264263920	589824
1598953264263945	2560
1598953264264820	-2560
1598953264264825	-589824
1598953264264838	-102762496
1598953264264908	-2048
1598953264264957	-2304
1598953264264975	32769536
1598953264264984	262144
1598953264265020	34083072
1598953264265044	6912
1598953264265145	-32769536
1598953264265148	-6912
1598953264265150	-262144
1598953264265184	262144
1598953264265194	262144
1598953264265216	4352
1598953264266170	-4352
1598953264266173	-262144
1598953264266185	-102760448
1598953264266249	-2048
1598953264266304	-2048
1598953264267126	-524288
1598953264267183	-25690112
1598953264267234	-262144
1598953264267280	-524288
1598953264267297	32769536
1598953264267298	512
1598953264267299	512
1598953264267300	256
1598953264267460	256
1598953264267571	-34083072
1598953264267573	-25690112
1598953264267575	-512
1598953264267576	-512
1598953264267579	-256
1598953264267580	-256
1598953264267781	-262144
1598953264267797	34084096
1598953264267806	589824
1598953264267843	25690112
1598953264267867	179836928
1598953264268250	-34084096
1598953264268254	-179836928
1598953264268255	-589824
1598953264268298	589824
1598953264268309	589824
1598953264268333	179836928
1598953264270185	-179836928
1598953264270189	-589824
1598953264270201	-32769536
1598953264270274	-512
1598953264270322	-512
1598953264270376	-25690112
1598953264270430	-589824
1598953264270444	32769536
1598953264270446	512
1598953264270447	512
1598953264270448	256
1598953264270479	256
1598953264270589	-25690112
1598953264270592	-38525184
1598953264270593	-512
1598953264270600	-512
1598953264270603	-256
1598953264270603	-256
1598953264270682	-589824
1598953264270697	205520896
1598953264270704	261120
1598953264270747	282599424
1598953264270877	-205520896
1598953264270880	-261120
1598953264270922	261120
1598953264270933	131072
1598953264270956	2560
1598953264272272	-2560
1598953264272276	-131072
1598953264272288	-32769536
1598953264272357	-512
1598953264272403	-512
1598953264272452	-282599424
1598953264272500	-131072
1598953264272546	-205520896
1598953264272597	-261120
1598953264272611	205520896
1598953264272612	1024
1598953264272613	1024
1598953264272614	256
1598953264272643	256
1598953264272747	-205520896
1598953264272749	-1024
1598953264272750	-1024
1598953264272754	-256
1598953264272754	-256
1598953264272784	51380224
1598953264272792	129024
1598953264272835	51380224
1598953264272856	21248
1598953264272953	-51380224
1598953264272957	-21248
1598953264272959	-129024
1598953264272991	129024
1598953264273001	65536
1598953264273023	3072
1598953264274672	-3072
1598953264274676	-65536
1598953264274688	-205520896
1598953264274750	-1024
1598953264274798	-1024
1598953264274845	-51380224
1598953264275015	-65536
1598953264275032	51380224
1598953264275032	256
1598953264275033	256
1598953264275034	256
1598953264275070	256
1598953264275401	-51380224
1598953264275404	-51380224
1598953264275405	-256
1598953264275407	-256
1598953264275410	-256
1598953264275410	-256
1598953264275475	-129024
1598953264275489	51380224
1598953264275498	262144
1598953264275540	51380224
1598953264275562	89178112
1598953264276054	-51380224
1598953264276057	-89178112
1598953264276059	-262144
1598953264276094	262144
1598953264276104	262144
1598953264276127	5632
1598953264276804	-5632
1598953264276808	-262144
1598953264276819	-51380224
1598953264276888	-256
1598953264277749	-256
1598953264277798	-51380224
1598953264277849	-147456
1598953264277864	51380224
1598953264277865	256
1598953264277866	256
1598953264277867	256
1598953264277903	256
1598953264278007	-51380224
1598953264278010	-51380224
1598953264278011	-256
1598953264278013	-256
1598953264278017	-256
1598953264278017	-256
1598953264278082	-262144
1598953264278108	205520896
1598953264278117	65536
1598953264278155	205520896
1598953264278176	21248
1598953264278278	-205520896
1598953264278281	-21248
1598953264278283	-65536
1598953264278316	65536
1598953264278325	65536
1598953264278348	3072
1598953264279187	-3072
1598953264279191	-65536
1598953264279203	-51380224
1598953264279847	-256
1598953264279900	-256
1598953264279948	-205520896
1598953264279994	-65536
1598953264280044	-205520896
1598953264280094	-65536
1598953264280108	205520896
1598953264280109	1024
1598953264280110	1024
1598953264280111	256
1598953264280142	256
1598953264280247	-205520896
1598953264280249	-1024
1598953264280250	-1024
1598953264280254	-256
1598953264280255	-256
1598953264280278	51380224
1598953264280286	65536
1598953264280334	51380224
1598953264280356	21248
1598953264280452	-51380224
1598953264280456	-21248
1598953264280458	-65536
1598953264280491	65536
1598953264280500	65536
1598953264280522	3072
1598953264281337	-3072
1598953264281341	-65536
1598953264281352	-205520896
1598953264282261	-1024
1598953264282309	-1024
1598953264282360	-51380224
1598953264282408	-65536
1598953264282422	51380224
1598953264282423	256
1598953264282423	256
1598953264282424	256
1598953264282591	256
1598953264282693	-51380224
1598953264282696	-51380224
1598953264282698	-256
1598953264282704	-256
1598953264282707	-256
1598953264282707	-256
1598953264282919	-65536
1598953264282934	51380224
1598953264282941	262144
1598953264282981	51380224
1598953264283003	89178112
1598953264283328	-51380224
1598953264283331	-89178112
1598953264283333	-262144
1598953264283366	262144
1598953264283376	262144
1598953264283398	5632
1598953264284006	-5632
1598953264284010	-262144
1598953264284021	-51380224
1598953264286717	-256
1598953264286766	-256
1598953264286811	-51380224
1598953264288630	-147456
1598953264288644	51380224
1598953264288645	256
1598953264288646	256
1598953264288646	256
1598953264288679	256
1598953264288778	-51380224
1598953264288781	-51380224
1598953264288783	-256
1598953264288784	-256
1598953264288787	-256
1598953264288788	-256
1598953264288849	-262144
1598953264288867	205520896
1598953264288875	65536
1598953264288909	205520896
1598953264288929	21248
1598953264289687	-205520896
1598953264289690	-21248
1598953264289692	-65536
1598953264289723	65536
1598953264289732	65536
1598953264289754	3072
1598953264290712	-3072
1598953264290716	-65536
1598953264290727	-51380224
1598953264290788	-256
1598953264290837	-256
1598953264290878	-205520896
1598953264290924	-65536
1598953264290972	-205520896
1598953264291013	-65536
1598953264291030	205520896
1598953264291032	1024
1598953264291032	1024
1598953264291033	256
1598953264291062	256
1598953264291162	-205520896
1598953264291163	-1024
1598953264291166	-1024
1598953264291168	-256
1598953264291168	-256
1598953264291194	205520896
1598953264291196	1024
1598953264291197	1024
1598953264291197	256
1598953264291231	256
1598953264291324	-205520896
1598953264291327	-205520896
1598953264291328	-1024
1598953264291330	-1024
1598953264291332	-256
1598953264291332	-256
1598953264291354	83471872
1598953264291361	126976
1598953264291405	51380224
1598953264291426	21248
1598953264292092	-83471872
1598953264292095	-21248
1598953264292097	-126976
1598953264292128	126976
1598953264292137	65536
1598953264292158	3072
1598953264293055	-3072
1598953264293059	-65536
1598953264293069	-205520896
1598953264293132	-1024
1598953264293175	-1024
1598953264293191	83471872
1598953264293199	65536
1598953264293232	51380224
1598953264293252	21248
1598953264293349	-83471872
1598953264293352	-21248
1598953264293354	-65536
1598953264293384	65536
1598953264293392	65536
1598953264293413	3072
1598953264294648	-3072
1598953264294652	-65536
1598953264294662	-205520896
1598953264294716	-1024
1598953264295188	-1024
1598953264295231	-65536
1598953264295278	-51380224
1598953264295321	-65536
1598953264295803	-126976
1598953264295819	51380224
1598953264295819	256
1598953264295820	256
1598953264295821	256
1598953264295850	256
1598953264296479	-51380224
1598953264296482	-51380224
1598953264296483	-256
1598953264296484	-256
1598953264296486	-256
1598953264296487	-256
1598953264296552	-65536
1598953264296565	85176832
1598953264296572	262144
1598953264296605	51380224
1598953264296625	154140672
1598953264297446	-85176832
1598953264297449	-154140672
1598953264297450	-262144
1598953264297486	262144
1598953264297495	147456
1598953264297517	5632
1598953264298163	-5632
1598953264298167	-147456
1598953264298178	-51380224
1598953264298240	-256
1598953264298284	-256
1598953264299140	-51380224
1598953264299188	-147456
1598953264299201	85176832
1598953264299202	256
1598953264299203	256
1598953264299204	256
1598953264299232	256
1598953264299326	-51380224
1598953264299329	-51380224
1598953264299330	-256
1598953264299330	-256
1598953264299332	-256
1598953264299333	-256
1598953264299400	-262144
1598953264299413	51380224
1598953264299420	16384
1598953264299452	51380224
1598953264299477	21248
1598953264299586	-51380224
1598953264299589	-21248
1598953264299590	-16384
1598953264299620	16384
1598953264299629	16384
1598953264299650	3072
1598953264300552	-3072
1598953264300556	-16384
1598953264300565	-85176832
1598953264300766	-256
1598953264300951	-256
1598953264301615	-51380224
1598953264301658	-16384
1598953264301672	205520896
1598953264301749	-51380224
1598953264301751	-51380224
1598953264301811	-16384
1598953264301853	-205520896
1598953264301869	256901120
1598953264301870	256
1598953264301871	256
1598953264301872	256
1598953264301900	256
1598953264301994	-205520896
1598953264301996	-205520896
1598953264301997	-256
1598953264301999	-256
1598953264302001	-256
1598953264302001	-256
1598953264302023	37632
1598953264302033	37632
1598953264302054	35840
1598953264302208	-35840
1598953264302212	-37632
1598953264302222	-40627200
1598953264302224	-256901120
1598953264303249	-256
1598953264303297	-256
1598953264303338	-37632
1598953264303383	-256
1598953264303385	-37632
