0.000244140625
0.0625
0.000244140625
0.000244140625
0.0009765625
0.000244140625
0.0078125
0.000244140625
0.000244140625
0.0009765625
0.125
0.5625
0.00048828125
0.001953125
0.0009765625
0.000244140625
0.001953125
0.000244140625
0.140625
0.001953125
0.0009765625
1.0
0.0009765625
0.0009765625
0.000244140625
0.0625
0.0625
0.000244140625
0.0009765625
0.001953125
0.000244140625
0.001953125
0.000244140625
0.000244140625
0.0078125
0.000244140625
0.001953125
0.0009765625
9.0
0.0009765625
0.000244140625
0.000244140625
0.0009765625
0.0009765625
0.001953125
0.000244140625
0.001953125
0.140625
0.0078125
0.0009765625
0.000244140625
106.8046875
0.035888671875
0.0009765625
0.015625
0.000244140625
0.0009765625
4.0
0.000244140625
0.0009765625
0.00390625
0.001953125
0.000244140625
0.000244140625
0.001953125
0.00048828125
0.000244140625
0.0078125
0.000244140625
0.140625
0.0625
0.001953125
0.00048828125
0.000244140625
4.0
0.000244140625
0.5625
0.001953125
0.00048828125
0.0625
0.0078125
0.000244140625
0.0009765625
0.00048828125
0.00048828125
0.001953125
0.001953125
0.00048828125
0.001953125
0.5625
0.25
0.0009765625
0.0625
0.000244140625
0.5
0.001953125
0.00048828125
0.001953125
0.00048828125
0.001953125
0.00048828125
0.001953125
0.00048828125
0.001953125
0.000244140625
0.000244140625
0.000244140625
0.000244140625
0.0009765625
0.00048828125
0.00048828125
0.001953125
0.5625
0.001953125
0.00048828125
0.001953125
0.00048828125
2.0
0.000244140625
0.0009765625
0.00390625
7.8203125
0.0009765625
0.001953125
0.25
0.001953125
0.00048828125
0.25
0.00048828125
0.25
0.00048828125
0.001953125
0.000244140625
0.00390625
0.0009765625
0.0009765625
1.0
0.00390625
0.00048828125
0.25
0.00048828125
0.00048828125
0.25
0.00048828125
0.00048828125
0.00390625
0.00390625
2.25
0.00390625
0.0009765625
1.0
0.0009765625
0.00390625
0.0009765625
0.00390625
0.00048828125
0.00048828125
0.00048828125
0.00390625
0.00048828125
0.001953125
0.000244140625
0.000244140625
0.0009765625
0.00390625
2.25
0.00390625
0.0009765625
0.00390625
0.00390625
0.0009765625
0.00048828125
0.00048828125
0.00048828125
0.0078125
0.00048828125
4.0
0.001953125
0.000244140625
0.5
0.0009765625
0.00390625
0.0009765625
0.0009765625
2.25
0.00390625
2.25
0.000244140625
0.0009765625
0.00390625
0.00048828125
0.25
2.0
0.001953125
0.001953125
0.001953125
0.000244140625
0.00390625
0.0009765625
0.0009765625
1.0
0.0009765625
0.00390625
0.0009765625
1.0
0.0009765625
0.00390625
2.25
0.00390625
0.0009765625
0.00390625
0.001953125
0.001953125
0.001953125
0.001953125
0.000732421875
0.000244140625
0.0009765625
0.0009765625
0.0009765625
0.0009765625
0.0009765625
0.0009765625
0.0009765625
0.00390625
0.0009765625
0.00390625
2.25
0.00390625
0.001953125
0.001953125
0.001953125
4.0
0.00390625
0.0009765625
0.0009765625
0.0009765625
1.0
0.0009765625
0.00390625
0.0009765625
0.00390625
0.001953125
4.0
0.001953125
0.0078125
0.00390625
0.0009765625
0.0009765625
0.0009765625
0.0009765625
0.0009765625
1.0
0.0009765625
8.0
0.001953125
0.0078125
9.0
0.0078125
1.0
0.000244140625
0.0009765625
0.0009765625
0.0009765625
0.0009765625
0.0078125
9.0
0.0078125
0.001953125
0.0078125
1.0
1.0
0.0009765625
0.0009765625
0.0078125
0.001953125
0.0078125
0.001953125
0.000244140625
0.0009765625
1.0
0.0078125
0.0078125
0.000244140625
0.000244140625
