tower_0/v/gradients/tower_0/v/cg/resnet_v18/conv28/batchnorm28/FusedBatchNormV3_grad/FusedBatchNormGradV3:1
tower_0/v/gradients/tower_0/v/cg/resnet_v111/conv37/conv2d/Conv2D_grad/Conv2DBackpropInput:0
tower_0/v/gradients/tower_0/v/cg/resnet_v19/conv32/conv2d/Conv2D_grad/Conv2DBackpropInput:0
tower_0/v/cg/resnet_v10/conv2/batchnorm2/FusedBatchNormV3:4
tower_0/v/cg/resnet_v110/conv36/conv2d/Conv2D:0
tower_0/v/cg/resnet_v14/conv17/conv2d/Conv2D:0
tower_0/v/gradients/tower_0/v/cg/resnet_v16/conv23/batchnorm23/FusedBatchNormV3_grad/FusedBatchNormGradV3:0
tower_0/v/gradients/tower_0/v/l2_loss/L2Loss_54_grad/mul:0
tower_0/v/gradients/tower_0/v/cg/resnet_v15/conv19/batchnorm19/FusedBatchNormV3_grad/FusedBatchNormGradV3:3
tower_0/v/cg/resnet_v15/conv19/batchnorm19/FusedBatchNormV3:0
tower_0/v/l2_loss/L2Loss_39:0
tower_0/v/cg/resnet_v111/conv39/batchnorm39/FusedBatchNormV3:3
tower_0/v/gradients/tower_0/v/cg/resnet_v15/conv18/batchnorm18/FusedBatchNormV3_grad/FusedBatchNormGradV3:1
tower_0/v/gradients/tower_0/v/l2_loss/L2Loss_25_grad/mul:0
tower_0/v/cg/resnet_v10/conv2/batchnorm2/FusedBatchNormV3:2
tower_0/v/gradients/tower_0/v/cg/resnet_v114/conv49/batchnorm49/FusedBatchNormV3_grad/FusedBatchNormGradV3:3
tower_0/v/gradients/tower_0/v/cg/resnet_v13/conv11/batchnorm11/FusedBatchNormV3_grad/FusedBatchNormGradV3:3
tower_0/v/l2_loss/L2Loss_1:0
tower_0/v/gradients/tower_0/v/cg/resnet_v15/conv19/batchnorm19/FusedBatchNormV3_grad/FusedBatchNormGradV3:0
tower_0/v/cg/resnet_v10/conv2/batchnorm2/FusedBatchNormV3:1
tower_0/v/cg/resnet_v10/conv1/batchnorm1/FusedBatchNormV3:4
tower_0/v/cg/resnet_v113/conv44/batchnorm44/FusedBatchNormV3:0
tower_0/v/gradients/tower_0/v/cg/resnet_v16/conv22/batchnorm22/FusedBatchNormV3_grad/FusedBatchNormGradV3:3
tower_0/v/gradients/tower_0/v/cg/resnet_v115/conv52/batchnorm52/FusedBatchNormV3_grad/FusedBatchNormGradV3:0
tower_0/v/gradients/tower_0/v/cg/resnet_v19/conv32/batchnorm32/FusedBatchNormV3_grad/FusedBatchNormGradV3:4
tower_0/v/gradients/tower_0/v/cg/resnet_v113/conv43/batchnorm43/FusedBatchNormV3_grad/FusedBatchNormGradV3:4
tower_0/v/cg/resnet_v112/conv40/batchnorm40/FusedBatchNormV3:4
tower_0/v/gradients/tower_0/v/cg/resnet_v13/conv14/batchnorm14/FusedBatchNormV3_grad/FusedBatchNormGradV3:2
tower_0/v/cg/resnet_v12/conv8/conv2d/Conv2D:0
tower_0/v/gradients/tower_0/v/cg/resnet_v18/conv29/batchnorm29/FusedBatchNormV3_grad/FusedBatchNormGradV3:4
tower_0/v/gradients/tower_0/v/cg/resnet_v115/conv50/batchnorm50/FusedBatchNormV3_grad/FusedBatchNormGradV3:2
tower_0/v/cg/resnet_v114/conv48/batchnorm48/FusedBatchNormV3:4
tower_0/v/cg/resnet_v14/conv16/conv2d/Conv2D:0
tower_0/v/l2_loss/L2Loss_8:0
tower_0/v/cg/resnet_v112/conv40/batchnorm40/FusedBatchNormV3:2
tower_0/v/cg/resnet_v11/conv5/batchnorm5/FusedBatchNormV3:1
tower_0/v/l2_loss/L2Loss_23:0
tower_0/v/gradients/tower_0/v/cg/resnet_v110/conv35/batchnorm35/FusedBatchNormV3_grad/FusedBatchNormGradV3:0
tower_0/v/gradients/tower_0/v/cg/resnet_v110/conv36/batchnorm36/FusedBatchNormV3_grad/FusedBatchNormGradV3:0
tower_0/v/gradients/tower_0/v/cg/resnet_v16/conv21/batchnorm21/FusedBatchNormV3_grad/FusedBatchNormGradV3:0
tower_0/v/gradients/tower_0/v/l2_loss/L2Loss_24_grad/mul:0
tower_0/v/gradients/tower_0/v/cg/resnet_v16/conv22/conv2d/Conv2D_grad/Conv2DBackpropFilter:0
tower_0/v/cg/resnet_v114/conv48/conv2d/Conv2D:0
tower_0/v/gradients/tower_0/v/cg/resnet_v14/conv17/batchnorm17/FusedBatchNormV3_grad/FusedBatchNormGradV3:1
tower_0/v/gradients/tower_0/v/cg/resnet_v115/conv52/batchnorm52/FusedBatchNormV3_grad/FusedBatchNormGradV3:4
tower_0/v/gradients/tower_0/v/cg/resnet_v11/conv7/batchnorm7/FusedBatchNormV3_grad/FusedBatchNormGradV3:2
tower_0/v/gradients/tower_0/v/cg/resnet_v19/conv32/batchnorm32/FusedBatchNormV3_grad/FusedBatchNormGradV3:1
tower_0/v/cg/resnet_v17/conv26/batchnorm26/FusedBatchNormV3:1
tower_0/v/cg/resnet_v19/conv33/conv2d/Conv2D:0
tower_0/v/gradients/tower_0/v/cg/resnet_v10/conv1/conv2d/Conv2D_grad/Conv2DBackpropFilter:0
tower_0/v/gradients/tower_0/v/cg/resnet_v18/conv28/batchnorm28/FusedBatchNormV3_grad/FusedBatchNormGradV3:3
tower_0/v/gradients/tower_0/v/l2_loss/L2Loss_2_grad/mul:0
tower_0/v/gradients/tower_0/v/cg/resnet_v110/conv34/conv2d/Conv2D_grad/Conv2DBackpropInput:0
tower_0/v/gradients/tower_0/v/l2_loss/L2Loss_40_grad/mul:0
tower_0/v/cg/resnet_v13/conv11/batchnorm11/FusedBatchNormV3:4
tower_0/v/gradients/tower_0/v/cg/resnet_v110/conv35/conv2d/Conv2D_grad/Conv2DBackpropFilter:0
tower_0/v/gradients/tower_0/v/l2_loss/L2Loss_14_grad/mul:0
tower_0/v/l2_loss/L2Loss_22:0
tower_0/v/gradients/tower_0/v/cg/resnet_v111/conv38/batchnorm38/FusedBatchNormV3_grad/FusedBatchNormGradV3:1
tower_0/v/gradients/tower_0/v/l2_loss/L2Loss_6_grad/mul:0
tower_0/v/l2_loss/L2Loss_41:0
tower_0/v/cg/resnet_v14/conv15/batchnorm15/FusedBatchNormV3:3
tower_0/v/gradients/tower_0/v/cg/resnet_v114/conv48/batchnorm48/FusedBatchNormV3_grad/FusedBatchNormGradV3:0
tower_0/v/cg/resnet_v16/conv21/batchnorm21/FusedBatchNormV3:4
tower_0/v/gradients/tower_0/v/cg/resnet_v113/conv43/conv2d/Conv2D_grad/Conv2DBackpropFilter:0
tower_0/v/cg/resnet_v16/conv22/batchnorm22/FusedBatchNormV3:3
tower_0/v/cg/resnet_v12/conv10/conv2d/Conv2D:0
tower_0/v/gradients/tower_0/v/cg/resnet_v110/conv35/batchnorm35/FusedBatchNormV3_grad/FusedBatchNormGradV3:2
tower_0/v/gradients/tower_0/v/cg/resnet_v11/conv5/batchnorm5/FusedBatchNormV3_grad/FusedBatchNormGradV3:4
tower_0/v/gradients/tower_0/v/cg/resnet_v17/conv25/batchnorm25/FusedBatchNormV3_grad/FusedBatchNormGradV3:0
tower_0/v/gradients/tower_0/v/l2_loss/L2Loss_53_grad/mul:0
tower_0/v/cg/resnet_v10/conv3/conv2d/Conv2D:0
tower_0/v/cg/resnet_v115/conv50/batchnorm50/FusedBatchNormV3:0
tower_0/v/cg/resnet_v12/conv9/batchnorm9/FusedBatchNormV3:3
tower_0/v/cg/resnet_v110/conv34/batchnorm34/FusedBatchNormV3:1
tower_0/v/cg/resnet_v18/conv28/batchnorm28/FusedBatchNormV3:3
tower_0/v/gradients/tower_0/v/cg/resnet_v12/conv9/batchnorm9/FusedBatchNormV3_grad/FusedBatchNormGradV3:2
tower_0/v/gradients/tower_0/v/cg/resnet_v17/conv24/batchnorm24/FusedBatchNormV3_grad/FusedBatchNormGradV3:0
tower_0/v/cg/resnet_v110/conv34/batchnorm34/FusedBatchNormV3:0
tower_0/v/cg/resnet_v10/conv2/batchnorm2/FusedBatchNormV3:0
tower_0/v/cg/resnet_v112/conv42/conv2d/Conv2D:0
tower_0/v/cg/resnet_v17/conv24/batchnorm24/FusedBatchNormV3:2
tower_0/v/gradients/tower_0/v/cg/resnet_v112/conv42/batchnorm42/FusedBatchNormV3_grad/FusedBatchNormGradV3:2
tower_0/v/cg/resnet_v113/conv46/batchnorm46/FusedBatchNormV3:4
tower_0/v/gradients/tower_0/v/cg/resnet_v115/conv50/batchnorm50/FusedBatchNormV3_grad/FusedBatchNormGradV3:0
tower_0/v/cg/resnet_v17/conv24/conv2d/Conv2D:0
tower_0/v/cg/resnet_v17/conv27/batchnorm27/FusedBatchNormV3:4
tower_0/v/gradients/tower_0/v/cg/resnet_v15/conv18/batchnorm18/FusedBatchNormV3_grad/FusedBatchNormGradV3:3
learning_rate/Less:0
tower_0/v/cg/resnet_v17/conv25/conv2d/Conv2D:0
tower_0/v/gradients/tower_0/v/cg/resnet_v11/conv6/batchnorm6/FusedBatchNormV3_grad/FusedBatchNormGradV3:0
tower_0/v/cg/resnet_v18/conv30/batchnorm30/FusedBatchNormV3:1
tower_0/v/cg/resnet_v10/conv4/batchnorm4/FusedBatchNormV3:3
tower_0/v/cg/resnet_v15/conv19/conv2d/Conv2D:0
tower_0/v/cg/resnet_v114/conv47/batchnorm47/FusedBatchNormV3:4
tower_0/v/l2_loss/L2Loss_20:0
tower_0/v/gradients/tower_0/v/cg/resnet_v12/conv10/batchnorm10/FusedBatchNormV3_grad/FusedBatchNormGradV3:3
tower_0/v/cg/resnet_v15/conv18/batchnorm18/FusedBatchNormV3:2
tower_0/v/cg/resnet_v19/conv31/batchnorm31/FusedBatchNormV3:1
tower_0/v/cg/resnet_v114/conv48/batchnorm48/FusedBatchNormV3:1
tower_0/v/gradients/tower_0/v/cg/resnet_v115/conv51/batchnorm51/FusedBatchNormV3_grad/FusedBatchNormGradV3:4
tower_0/v/gradients/tower_0/v/cg/resnet_v114/conv47/batchnorm47/FusedBatchNormV3_grad/FusedBatchNormGradV3:3
tower_0/v/gradients/tower_0/v/cg/resnet_v112/conv40/batchnorm40/FusedBatchNormV3_grad/FusedBatchNormGradV3:0
tower_0/v/cg/resnet_v114/conv47/batchnorm47/FusedBatchNormV3:3
tower_0/v/gradients/tower_0/v/cg/resnet_v14/conv16/batchnorm16/FusedBatchNormV3_grad/FusedBatchNormGradV3:0
tower_0/v/gradients/tower_0/v/cg/resnet_v12/conv9/batchnorm9/FusedBatchNormV3_grad/FusedBatchNormGradV3:0
tower_0/v/gradients/tower_0/v/cg/resnet_v16/conv23/batchnorm23/FusedBatchNormV3_grad/FusedBatchNormGradV3:4
tower_0/v/cg/resnet_v112/conv41/batchnorm41/FusedBatchNormV3:1
tower_0/v/gradients/tower_0/v/cg/resnet_v113/conv46/conv2d/Conv2D_grad/Conv2DBackpropFilter:0
tower_0/v/cg/resnet_v112/conv41/batchnorm41/FusedBatchNormV3:2
tower_0/v/cg/resnet_v17/conv27/batchnorm27/FusedBatchNormV3:2
tower_0/v/cg/resnet_v18/conv28/batchnorm28/FusedBatchNormV3:4
tower_0/v/gradients/tower_0/v/cg/resnet_v19/conv31/batchnorm31/FusedBatchNormV3_grad/FusedBatchNormGradV3:4
tower_0/v/gradients/tower_0/v/cg/resnet_v18/conv29/batchnorm29/FusedBatchNormV3_grad/FusedBatchNormGradV3:1
tower_0/v/cg/resnet_v13/conv11/batchnorm11/FusedBatchNormV3:2
learning_rate/PiecewiseConstant/case/preds_c:0
tower_0/v/gradients/tower_0/v/cg/resnet_v114/conv47/batchnorm47/FusedBatchNormV3_grad/FusedBatchNormGradV3:2
tower_0/v/gradients/tower_0/v/cg/resnet_v14/conv15/conv2d/Conv2D_grad/Conv2DBackpropInput:0
tower_0/v/gradients/tower_0/v/cg/resnet_v115/conv50/conv2d/Conv2D_grad/Conv2DBackpropFilter:0
tower_0/v/cg/resnet_v112/conv42/batchnorm42/FusedBatchNormV3:1
tower_0/v/gradients/tower_0/v/l2_loss/L2Loss_12_grad/mul:0
tower_0/v/cg/resnet_v13/conv14/batchnorm14/FusedBatchNormV3:2
tower_0/v/gradients/tower_0/v/cg/resnet_v112/conv40/batchnorm40/FusedBatchNormV3_grad/FusedBatchNormGradV3:1
tower_0/v/gradients/tower_0/v/l2_loss/L2Loss_9_grad/mul:0
tower_0/v/cg/resnet_v12/conv9/batchnorm9/FusedBatchNormV3:4
tower_0/v/gradients/tower_0/v/cg/resnet_v17/conv27/conv2d/Conv2D_grad/Conv2DBackpropFilter:0
tower_0/v/gradients/tower_0/v/l2_loss/L2Loss_grad/mul:0
tower_0/v/gradients/tower_0/v/cg/resnet_v10/conv4/conv2d/Conv2D_grad/Conv2DBackpropFilter:0
tower_0/v/gradients/tower_0/v/cg/resnet_v112/conv40/batchnorm40/FusedBatchNormV3_grad/FusedBatchNormGradV3:4
tower_0/v/gradients/tower_0/v/cg/resnet_v14/conv16/conv2d/Conv2D_grad/Conv2DBackpropFilter:0
tower_0/v/cg/resnet_v113/conv46/batchnorm46/FusedBatchNormV3:0
tower_0/v/gradients/tower_0/v/cg/resnet_v15/conv20/batchnorm20/FusedBatchNormV3_grad/FusedBatchNormGradV3:1
tower_0/v/cg/resnet_v110/conv34/conv2d/Conv2D:0
tower_0/v/cg/resnet_v10/conv1/batchnorm1/FusedBatchNormV3:1
tower_0/v/l2_loss/L2Loss_19:0
tower_0/v/gradients/tower_0/v/cg/resnet_v110/conv34/batchnorm34/FusedBatchNormV3_grad/FusedBatchNormGradV3:3
tower_0/v/cg/resnet_v17/conv26/batchnorm26/FusedBatchNormV3:2
tower_0/v/cg/resnet_v110/conv36/batchnorm36/FusedBatchNormV3:4
tower_0/v/gradients/tower_0/v/cg/resnet_v13/conv11/conv2d/Conv2D_grad/Conv2DBackpropFilter:0
tower_0/v/cg/resnet_v112/conv40/batchnorm40/FusedBatchNormV3:0
tower_0/v/gradients/tower_0/v/l2_loss/L2Loss_31_grad/mul:0
tower_0/v/cg/resnet_v17/conv25/batchnorm25/FusedBatchNormV3:2
tower_0/v/gradients/tower_0/v/l2_loss/L2Loss_51_grad/mul:0
tower_0/v/gradients/tower_0/v/cg/resnet_v10/conv3/conv2d/Conv2D_grad/Conv2DBackpropInput:0
tower_0/v/cg/resnet_v13/conv14/batchnorm14/FusedBatchNormV3:4
tower_0/v/cg/resnet_v13/conv14/batchnorm14/FusedBatchNormV3:1
tower_0/v/cg/resnet_v115/conv51/batchnorm51/FusedBatchNormV3:4
tower_0/v/cg/resnet_v12/conv8/batchnorm8/FusedBatchNormV3:1
tower_0/v/gradients/tower_0/v/cg/resnet_v112/conv41/batchnorm41/FusedBatchNormV3_grad/FusedBatchNormGradV3:3
tower_0/v/gradients/tower_0/v/cg/resnet_v111/conv37/batchnorm37/FusedBatchNormV3_grad/FusedBatchNormGradV3:2
tower_0/v/gradients/tower_0/v/l2_loss/L2Loss_27_grad/mul:0
tower_0/v/cg/resnet_v115/conv50/conv2d/Conv2D:0
tower_0/v/gradients/tower_0/v/cg/resnet_v17/conv26/batchnorm26/FusedBatchNormV3_grad/FusedBatchNormGradV3:0
tower_0/v/gradients/tower_0/v/cg/resnet_v17/conv24/conv2d/Conv2D_grad/Conv2DBackpropFilter:0
tower_0/v/cg/resnet_v113/conv45/conv2d/Conv2D:0
tower_0/v/gradients/tower_0/v/cg/resnet_v113/conv45/batchnorm45/FusedBatchNormV3_grad/FusedBatchNormGradV3:4
tower_0/v/cg/resnet_v111/conv37/batchnorm37/FusedBatchNormV3:1
tower_0/v/gradients/tower_0/v/cg/resnet_v10/conv1/batchnorm1/FusedBatchNormV3_grad/FusedBatchNormGradV3:0
tower_0/v/gradients/tower_0/v/cg/resnet_v114/conv48/batchnorm48/FusedBatchNormV3_grad/FusedBatchNormGradV3:3
tower_0/v/gradients/tower_0/v/cg/resnet_v14/conv16/batchnorm16/FusedBatchNormV3_grad/FusedBatchNormGradV3:3
tower_0/v/gradients/tower_0/v/cg/resnet_v16/conv21/batchnorm21/FusedBatchNormV3_grad/FusedBatchNormGradV3:4
tower_0/v/l2_loss/L2Loss_54:0
tower_0/v/gradients/tower_0/v/cg/resnet_v113/conv43/batchnorm43/FusedBatchNormV3_grad/FusedBatchNormGradV3:3
tower_0/v/gradients/tower_0/v/cg/resnet_v13/conv13/conv2d/Conv2D_grad/Conv2DBackpropFilter:0
tower_0/v/gradients/tower_0/v/cg/resnet_v18/conv29/batchnorm29/FusedBatchNormV3_grad/FusedBatchNormGradV3:2
learning_rate/PiecewiseConstant/Greater_2:0
tower_0/v/cg/resnet_v113/conv43/batchnorm43/FusedBatchNormV3:1
tower_0/v/gradients/tower_0/v/cg/resnet_v15/conv18/batchnorm18/FusedBatchNormV3_grad/FusedBatchNormGradV3:2
tower_0/v/l2_loss/L2Loss_45:0
tower_0/v/gradients/tower_0/v/cg/resnet_v17/conv27/batchnorm27/FusedBatchNormV3_grad/FusedBatchNormGradV3:3
tower_0/v/cg/resnet_v110/conv35/batchnorm35/FusedBatchNormV3:1
tower_0/v/cg/resnet_v112/conv42/batchnorm42/FusedBatchNormV3:2
tower_0/v/cg/resnet_v19/conv31/batchnorm31/FusedBatchNormV3:2
tower_0/v/gradients/tower_0/v/l2_loss/L2Loss_4_grad/mul:0
tower_0/v/gradients/tower_0/v/cg/resnet_v19/conv33/batchnorm33/FusedBatchNormV3_grad/FusedBatchNormGradV3:1
tower_0/v/gradients/tower_0/v/cg/resnet_v10/conv1/batchnorm1/FusedBatchNormV3_grad/FusedBatchNormGradV3:3
tower_0/v/cg/resnet_v13/conv13/batchnorm13/FusedBatchNormV3:1
tower_0/v/gradients/tower_0/v/cg/resnet_v113/conv45/conv2d/Conv2D_grad/Conv2DBackpropFilter:0
tower_0/v/gradients/tower_0/v/cg/resnet_v114/conv49/batchnorm49/FusedBatchNormV3_grad/FusedBatchNormGradV3:4
tower_0/v/cg/resnet_v16/conv21/batchnorm21/FusedBatchNormV3:0
tower_0/v/cg/resnet_v17/conv27/batchnorm27/FusedBatchNormV3:0
tower_0/v/gradients/tower_0/v/cg/resnet_v17/conv26/conv2d/Conv2D_grad/Conv2DBackpropFilter:0
tower_0/v/gradients/tower_0/v/l2_loss/L2Loss_43_grad/mul:0
tower_0/v/gradients/tower_0/v/l2_loss/L2Loss_15_grad/mul:0
tower_0/v/gradients/tower_0/v/cg/resnet_v110/conv34/batchnorm34/FusedBatchNormV3_grad/FusedBatchNormGradV3:1
tower_0/v/gradients/tower_0/v/cg/resnet_v17/conv25/batchnorm25/FusedBatchNormV3_grad/FusedBatchNormGradV3:3
tower_0/v/gradients/tower_0/v/cg/resnet_v19/conv31/batchnorm31/FusedBatchNormV3_grad/FusedBatchNormGradV3:2
tower_0/v/gradients/tower_0/v/l2_loss/L2Loss_16_grad/mul:0
tower_0/v/cg/resnet_v17/conv25/batchnorm25/FusedBatchNormV3:0
tower_0/v/gradients/tower_0/v/l2_loss/L2Loss_38_grad/mul:0
tower_0/v/cg/resnet_v18/conv29/conv2d/Conv2D:0
tower_0/v/gradients/tower_0/v/cg/resnet_v110/conv35/batchnorm35/FusedBatchNormV3_grad/FusedBatchNormGradV3:1
tower_0/v/cg/conv0/batchnorm0/FusedBatchNormV3:2
tower_0/v/cg/resnet_v16/conv22/conv2d/Conv2D:0
tower_0/v/gradients/tower_0/v/cg/resnet_v14/conv17/batchnorm17/FusedBatchNormV3_grad/FusedBatchNormGradV3:3
tower_0/v/gradients/tower_0/v/l2_loss/L2Loss_3_grad/mul:0
tower_0/v/gradients/tower_0/v/cg/resnet_v111/conv39/batchnorm39/FusedBatchNormV3_grad/FusedBatchNormGradV3:4
tower_0/v/l2_loss/L2Loss_43:0
tower_0/v/cg/resnet_v18/conv28/batchnorm28/FusedBatchNormV3:2
tower_0/v/gradients/tower_0/v/l2_loss/L2Loss_10_grad/mul:0
tower_0/v/gradients/tower_0/v/l2_loss/L2Loss_18_grad/mul:0
tower_0/v/cg/resnet_v114/conv48/batchnorm48/FusedBatchNormV3:0
tower_0/v/gradients/tower_0/v/cg/resnet_v13/conv14/batchnorm14/FusedBatchNormV3_grad/FusedBatchNormGradV3:4
tower_0/v/gradients/tower_0/v/l2_loss/L2Loss_50_grad/mul:0
tower_0/v/cg/resnet_v110/conv36/batchnorm36/FusedBatchNormV3:3
tower_0/v/l2_loss/L2Loss_42:0
tower_0/v/cg/resnet_v110/conv36/batchnorm36/FusedBatchNormV3:2
tower_0/v/gradients/tower_0/v/cg/resnet_v114/conv47/batchnorm47/FusedBatchNormV3_grad/FusedBatchNormGradV3:0
tower_0/v/cg/resnet_v113/conv43/batchnorm43/FusedBatchNormV3:3
tower_0/v/gradients/tower_0/v/cg/resnet_v16/conv22/batchnorm22/FusedBatchNormV3_grad/FusedBatchNormGradV3:2
tower_0/v/cg/resnet_v15/conv19/batchnorm19/FusedBatchNormV3:4
tower_0/v/gradients/tower_0/v/cg/resnet_v19/conv31/batchnorm31/FusedBatchNormV3_grad/FusedBatchNormGradV3:1
tower_0/v/gradients/tower_0/v/cg/resnet_v13/conv11/conv2d/Conv2D_grad/Conv2DBackpropInput:0
tower_0/v/l2_loss/L2Loss_25:0
tower_0/v/gradients/tower_0/v/cg/resnet_v115/conv52/batchnorm52/FusedBatchNormV3_grad/FusedBatchNormGradV3:2
tower_0/v/cg/resnet_v11/conv6/batchnorm6/FusedBatchNormV3:3
tower_0/v/gradients/tower_0/v/cg/resnet_v110/conv36/batchnorm36/FusedBatchNormV3_grad/FusedBatchNormGradV3:2
tower_0/v/cg/resnet_v11/conv5/batchnorm5/FusedBatchNormV3:0
tower_0/v/cg/resnet_v115/conv52/batchnorm52/FusedBatchNormV3:4
tower_0/v/gradients/tower_0/v/l2_loss/L2Loss_35_grad/mul:0
tower_0/v/cg/resnet_v113/conv45/batchnorm45/FusedBatchNormV3:2
tower_0/v/gradients/tower_0/v/cg/resnet_v15/conv18/batchnorm18/FusedBatchNormV3_grad/FusedBatchNormGradV3:4
tower_0/v/cg/resnet_v17/conv27/batchnorm27/FusedBatchNormV3:3
tower_0/v/cg/resnet_v112/conv41/conv2d/Conv2D:0
tower_0/v/gradients/tower_0/v/cg/resnet_v112/conv41/batchnorm41/FusedBatchNormV3_grad/FusedBatchNormGradV3:0
tower_0/v/cg/resnet_v12/conv10/batchnorm10/FusedBatchNormV3:3
tower_0/v/cg/resnet_v114/conv48/batchnorm48/FusedBatchNormV3:2
tower_0/v/cg/resnet_v11/conv7/batchnorm7/FusedBatchNormV3:3
tower_0/v/l2_loss/L2Loss_6:0
tower_0/v/l2_loss/L2Loss:0
tower_0/v/gradients/tower_0/v/cg/resnet_v12/conv8/batchnorm8/FusedBatchNormV3_grad/FusedBatchNormGradV3:0
tower_0/v/gradients/tower_0/v/cg/resnet_v18/conv30/batchnorm30/FusedBatchNormV3_grad/FusedBatchNormGradV3:4
tower_0/v/gradients/tower_0/v/cg/resnet_v112/conv41/batchnorm41/FusedBatchNormV3_grad/FusedBatchNormGradV3:4
tower_0/v/gradients/tower_0/v/cg/resnet_v11/conv6/conv2d/Conv2D_grad/Conv2DBackpropFilter:0
tower_0/v/gradients/tower_0/v/l2_loss/L2Loss_28_grad/mul:0
tower_0/v/cg/conv0/batchnorm0/FusedBatchNormV3:1
tower_0/v/cg/resnet_v11/conv5/batchnorm5/FusedBatchNormV3:4
tower_0/v/l2_loss/L2Loss_48:0
tower_0/v/cg/resnet_v13/conv11/conv2d/Conv2D:0
tower_0/v/xentropy/sparse_softmax_cross_entropy_loss/Sum:0
tower_0/v/cg/resnet_v111/conv38/batchnorm38/FusedBatchNormV3:4
tower_0/v/cg/resnet_v114/conv47/batchnorm47/FusedBatchNormV3:0
tower_0/v/cg/resnet_v10/conv1/conv2d/Conv2D:0
tower_0/v/gradients/tower_0/v/cg/resnet_v114/conv49/batchnorm49/FusedBatchNormV3_grad/FusedBatchNormGradV3:1
tower_0/v/gradients/tower_0/v/cg/mpool0/MaxPool_grad/MaxPoolGrad:0
tower_0/v/gradients/tower_0/v/cg/resnet_v115/conv50/batchnorm50/FusedBatchNormV3_grad/FusedBatchNormGradV3:4
tower_0/v/gradients/tower_0/v/cg/resnet_v14/conv16/batchnorm16/FusedBatchNormV3_grad/FusedBatchNormGradV3:1
tower_0/v/cg/resnet_v17/conv24/batchnorm24/FusedBatchNormV3:4
tower_0/v/gradients/tower_0/v/cg/resnet_v12/conv9/batchnorm9/FusedBatchNormV3_grad/FusedBatchNormGradV3:3
tower_0/v/cg/resnet_v19/conv31/batchnorm31/FusedBatchNormV3:4
tower_0/v/cg/resnet_v12/conv8/batchnorm8/FusedBatchNormV3:2
tower_0/v/gradients/tower_0/v/cg/resnet_v114/conv49/batchnorm49/FusedBatchNormV3_grad/FusedBatchNormGradV3:2
tower_0/v/cg/resnet_v113/conv43/batchnorm43/FusedBatchNormV3:4
tower_0/v/gradients/tower_0/v/cg/resnet_v112/conv40/batchnorm40/FusedBatchNormV3_grad/FusedBatchNormGradV3:3
tower_0/v/gradients/tower_0/v/cg/resnet_v115/conv50/conv2d/Conv2D_grad/Conv2DBackpropInput:0
tower_0/v/cg/resnet_v15/conv19/batchnorm19/FusedBatchNormV3:2
tower_0/v/gradients/tower_0/v/cg/resnet_v111/conv39/batchnorm39/FusedBatchNormV3_grad/FusedBatchNormGradV3:3
tower_0/v/gradients/tower_0/v/l2_loss/L2Loss_26_grad/mul:0
tower_0/v/cg/resnet_v18/conv28/batchnorm28/FusedBatchNormV3:1
tower_0/v/cg/resnet_v115/conv52/batchnorm52/FusedBatchNormV3:0
tower_0/v/gradients/tower_0/v/cg/conv0/batchnorm0/FusedBatchNormV3_grad/FusedBatchNormGradV3:2
tower_0/v/gradients/tower_0/v/cg/resnet_v19/conv32/batchnorm32/FusedBatchNormV3_grad/FusedBatchNormGradV3:2
tower_0/v/gradients/tower_0/v/cg/resnet_v13/conv14/conv2d/Conv2D_grad/Conv2DBackpropFilter:0
tower_0/v/gradients/tower_0/v/cg/resnet_v17/conv24/batchnorm24/FusedBatchNormV3_grad/FusedBatchNormGradV3:1
tower_0/v/gradients/tower_0/v/cg/resnet_v12/conv8/batchnorm8/FusedBatchNormV3_grad/FusedBatchNormGradV3:3
tower_0/v/cg/resnet_v12/conv10/batchnorm10/FusedBatchNormV3:0
tower_0/v/gradients/tower_0/v/cg/resnet_v11/conv5/batchnorm5/FusedBatchNormV3_grad/FusedBatchNormGradV3:3
tower_0/v/gradients/tower_0/v/cg/resnet_v113/conv45/batchnorm45/FusedBatchNormV3_grad/FusedBatchNormGradV3:1
tower_0/v/cg/resnet_v19/conv32/batchnorm32/FusedBatchNormV3:1
tower_0/v/gradients/tower_0/v/cg/resnet_v19/conv33/batchnorm33/FusedBatchNormV3_grad/FusedBatchNormGradV3:3
tower_0/v/gradients/tower_0/v/cg/resnet_v19/conv33/batchnorm33/FusedBatchNormV3_grad/FusedBatchNormGradV3:2
tower_0/v/gradients/tower_0/v/cg/resnet_v19/conv32/conv2d/Conv2D_grad/Conv2DBackpropFilter:0
tower_0/v/cg/resnet_v18/conv29/batchnorm29/FusedBatchNormV3:0
tower_0/v/gradients/tower_0/v/cg/resnet_v11/conv7/batchnorm7/FusedBatchNormV3_grad/FusedBatchNormGradV3:1
tower_0/v/gradients/tower_0/v/cg/resnet_v14/conv17/conv2d/Conv2D_grad/Conv2DBackpropFilter:0
tower_0/v/cg/resnet_v112/conv40/batchnorm40/FusedBatchNormV3:1
tower_0/v/gradients/tower_0/v/l2_loss/L2Loss_22_grad/mul:0
tower_0/v/gradients/tower_0/v/cg/resnet_v115/conv51/batchnorm51/FusedBatchNormV3_grad/FusedBatchNormGradV3:1
tower_0/v/gradients/tower_0/v/l2_loss/L2Loss_21_grad/mul:0
tower_0/v/gradients/tower_0/v/l2_loss/L2Loss_23_grad/mul:0
tower_0/v/cg/resnet_v113/conv46/batchnorm46/FusedBatchNormV3:2
tower_0/v/gradients/tower_0/v/cg/resnet_v17/conv26/batchnorm26/FusedBatchNormV3_grad/FusedBatchNormGradV3:2
tower_0/v/cg/resnet_v18/conv28/conv2d/Conv2D:0
tower_0/v/gradients/tower_0/v/l2_loss/L2Loss_13_grad/mul:0
tower_0/v/cg/resnet_v19/conv33/batchnorm33/FusedBatchNormV3:1
tower_0/v/gradients/tower_0/v/cg/resnet_v10/conv4/batchnorm4/FusedBatchNormV3_grad/FusedBatchNormGradV3:1
tower_0/v/gradients/tower_0/v/cg/resnet_v17/conv27/batchnorm27/FusedBatchNormV3_grad/FusedBatchNormGradV3:1
tower_0/v/gradients/tower_0/v/cg/resnet_v10/conv3/batchnorm3/FusedBatchNormV3_grad/FusedBatchNormGradV3:4
tower_0/v/gradients/tower_0/v/cg/resnet_v11/conv6/batchnorm6/FusedBatchNormV3_grad/FusedBatchNormGradV3:3
tower_0/v/cg/resnet_v13/conv11/batchnorm11/FusedBatchNormV3:1
tower_0/v/gradients/tower_0/v/cg/resnet_v113/conv43/batchnorm43/FusedBatchNormV3_grad/FusedBatchNormGradV3:0
tower_0/v/gradients/tower_0/v/cg/resnet_v10/conv3/batchnorm3/FusedBatchNormV3_grad/FusedBatchNormGradV3:0
tower_0/v/gradients/tower_0/v/cg/resnet_v15/conv20/batchnorm20/FusedBatchNormV3_grad/FusedBatchNormGradV3:2
tower_0/v/l2_loss/L2Loss_53:0
tower_0/v/l2_loss/L2Loss_15:0
tower_0/v/cg/conv0/batchnorm0/FusedBatchNormV3:3
tower_0/v/cg/resnet_v111/conv38/batchnorm38/FusedBatchNormV3:2
tower_0/v/gradients/tower_0/v/cg/resnet_v12/conv8/batchnorm8/FusedBatchNormV3_grad/FusedBatchNormGradV3:4
tower_0/v/cg/resnet_v111/conv38/conv2d/Conv2D:0
tower_0/v/gradients/tower_0/v/cg/resnet_v110/conv36/batchnorm36/FusedBatchNormV3_grad/FusedBatchNormGradV3:3
tower_0/v/cg/resnet_v10/conv4/conv2d/Conv2D:0
tower_0/v/l2_loss/L2Loss_11:0
tower_0/v/transpose:0
tower_0/v/gradients/tower_0/v/cg/resnet_v15/conv20/batchnorm20/FusedBatchNormV3_grad/FusedBatchNormGradV3:0
tower_0/v/gradients/tower_0/v/l2_loss/L2Loss_30_grad/mul:0
tower_0/v/gradients/tower_0/v/cg/resnet_v10/conv1/batchnorm1/FusedBatchNormV3_grad/FusedBatchNormGradV3:1
tower_0/v/cg/resnet_v17/conv25/batchnorm25/FusedBatchNormV3:1
tower_0/v/gradients/tower_0/v/cg/resnet_v10/conv4/batchnorm4/FusedBatchNormV3_grad/FusedBatchNormGradV3:0
tower_0/v/cg/resnet_v110/conv35/batchnorm35/FusedBatchNormV3:0
tower_0/v/gradients/tower_0/v/cg/resnet_v112/conv40/batchnorm40/FusedBatchNormV3_grad/FusedBatchNormGradV3:2
tower_0/v/gradients/tower_0/v/l2_loss/L2Loss_47_grad/mul:0
tower_0/v/gradients/tower_0/v/cg/resnet_v113/conv44/conv2d/Conv2D_grad/Conv2DBackpropFilter:0
tower_0/v/gradients/tower_0/v/cg/resnet_v112/conv42/batchnorm42/FusedBatchNormV3_grad/FusedBatchNormGradV3:3
tower_0/v/cg/resnet_v115/conv52/batchnorm52/FusedBatchNormV3:1
tower_0/v/gradients/tower_0/v/cg/resnet_v114/conv49/conv2d/Conv2D_grad/Conv2DBackpropFilter:0
tower_0/v/cg/resnet_v114/conv48/batchnorm48/FusedBatchNormV3:3
tower_0/v/cg/resnet_v111/conv39/batchnorm39/FusedBatchNormV3:4
tower_0/v/cg/resnet_v11/conv7/conv2d/Conv2D:0
tower_0/v/gradients/tower_0/v/cg/resnet_v11/conv7/batchnorm7/FusedBatchNormV3_grad/FusedBatchNormGradV3:3
tower_0/v/cg/resnet_v111/conv37/batchnorm37/FusedBatchNormV3:4
tower_0/v/gradients/tower_0/v/cg/resnet_v113/conv44/batchnorm44/FusedBatchNormV3_grad/FusedBatchNormGradV3:4
tower_0/v/gradients/tower_0/v/cg/resnet_v14/conv15/batchnorm15/FusedBatchNormV3_grad/FusedBatchNormGradV3:4
tower_0/v/gradients/tower_0/v/cg/resnet_v112/conv41/batchnorm41/FusedBatchNormV3_grad/FusedBatchNormGradV3:1
tower_0/v/gradients/tower_0/v/cg/resnet_v18/conv28/batchnorm28/FusedBatchNormV3_grad/FusedBatchNormGradV3:4
tower_0/v/l2_loss/L2Loss_35:0
tower_0/v/cg/resnet_v19/conv31/conv2d/Conv2D:0
tower_0/v/gradients/tower_0/v/cg/resnet_v11/conv6/batchnorm6/FusedBatchNormV3_grad/FusedBatchNormGradV3:2
tower_0/v/gradients/tower_0/v/cg/resnet_v10/conv2/conv2d/Conv2D_grad/Conv2DBackpropFilter:0
tower_0/v/gradients/tower_0/v/cg/resnet_v16/conv21/conv2d/Conv2D_grad/Conv2DBackpropFilter:0
tower_0/v/cg/resnet_v17/conv26/conv2d/Conv2D:0
tower_0/v/cg/resnet_v10/conv3/batchnorm3/FusedBatchNormV3:4
tower_0/v/cg/resnet_v115/conv50/batchnorm50/FusedBatchNormV3:3
tower_0/v/gradients/tower_0/v/cg/resnet_v18/conv30/batchnorm30/FusedBatchNormV3_grad/FusedBatchNormGradV3:1
tower_0/v/gradients/tower_0/v/l2_loss/L2Loss_19_grad/mul:0
tower_0/v/cg/resnet_v112/conv40/batchnorm40/FusedBatchNormV3:3
tower_0/v/gradients/tower_0/v/cg/resnet_v11/conv5/batchnorm5/FusedBatchNormV3_grad/FusedBatchNormGradV3:1
tower_0/v/l2_loss/L2Loss_12:0
tower_0/v/cg/resnet_v16/conv23/batchnorm23/FusedBatchNormV3:0
tower_0/v/l2_loss/L2Loss_37:0
tower_0/v/cg/resnet_v15/conv20/batchnorm20/FusedBatchNormV3:0
tower_0/v/gradients/tower_0/v/cg/resnet_v18/conv30/batchnorm30/FusedBatchNormV3_grad/FusedBatchNormGradV3:0
tower_0/v/cg/resnet_v13/conv13/conv2d/Conv2D:0
tower_0/v/cg/resnet_v11/conv5/batchnorm5/FusedBatchNormV3:3
tower_0/v/cg/resnet_v16/conv21/conv2d/Conv2D:0
tower_0/v/gradients/tower_0/v/cg/resnet_v19/conv31/batchnorm31/FusedBatchNormV3_grad/FusedBatchNormGradV3:3
tower_0/v/gradients/tower_0/v/cg/resnet_v13/conv12/conv2d/Conv2D_grad/Conv2DBackpropFilter:0
tower_0/v/gradients/tower_0/v/cg/conv0/batchnorm0/FusedBatchNormV3_grad/FusedBatchNormGradV3:1
tower_0/v/gradients/tower_0/v/cg/resnet_v16/conv23/batchnorm23/FusedBatchNormV3_grad/FusedBatchNormGradV3:3
tower_0/v/cg/resnet_v111/conv37/conv2d/Conv2D:0
tower_0/v/cg/resnet_v111/conv37/batchnorm37/FusedBatchNormV3:2
tower_0/v/gradients/tower_0/v/cg/resnet_v17/conv26/batchnorm26/FusedBatchNormV3_grad/FusedBatchNormGradV3:3
tower_0/v/gradients/tower_0/v/cg/resnet_v10/conv2/batchnorm2/FusedBatchNormV3_grad/FusedBatchNormGradV3:3
tower_0/v/cg/resnet_v19/conv32/batchnorm32/FusedBatchNormV3:0
tower_0/v/gradients/tower_0/v/l2_loss/L2Loss_7_grad/mul:0
tower_0/v/gradients/tower_0/v/cg/resnet_v10/conv2/batchnorm2/FusedBatchNormV3_grad/FusedBatchNormGradV3:0
tower_0/v/cg/resnet_v19/conv32/batchnorm32/FusedBatchNormV3:4
tower_0/v/gradients/tower_0/v/cg/resnet_v112/conv42/batchnorm42/FusedBatchNormV3_grad/FusedBatchNormGradV3:1
tower_0/v/cg/resnet_v18/conv30/batchnorm30/FusedBatchNormV3:2
tower_0/v/cg/resnet_v12/conv9/conv2d/Conv2D:0
tower_0/v/l2_loss/L2Loss_47:0
tower_0/v/gradients/tower_0/v/cg/resnet_v10/conv3/batchnorm3/FusedBatchNormV3_grad/FusedBatchNormGradV3:3
tower_0/v/resnet50_synthetic_labels:0
tower_0/v/l2_loss/L2Loss_13:0
tower_0/v/gradients/tower_0/v/cg/resnet_v10/conv2/batchnorm2/FusedBatchNormV3_grad/FusedBatchNormGradV3:1
learning_rate/PiecewiseConstant/Greater:0
tower_0/v/cg/resnet_v18/conv30/conv2d/Conv2D:0
tower_0/v/cg/resnet_v16/conv23/batchnorm23/FusedBatchNormV3:4
tower_0/v/gradients/tower_0/v/cg/resnet_v13/conv14/batchnorm14/FusedBatchNormV3_grad/FusedBatchNormGradV3:0
tower_0/v/gradients/tower_0/v/cg/resnet_v16/conv23/conv2d/Conv2D_grad/Conv2DBackpropFilter:0
tower_0/v/gradients/tower_0/v/l2_loss/L2Loss_17_grad/mul:0
tower_0/v/gradients/tower_0/v/cg/resnet_v19/conv31/conv2d/Conv2D_grad/Conv2DBackpropInput:0
tower_0/v/cg/resnet_v15/conv20/batchnorm20/FusedBatchNormV3:4
tower_0/v/cg/resnet_v14/conv15/conv2d/Conv2D:0
tower_0/v/gradients/tower_0/v/cg/resnet_v12/conv10/batchnorm10/FusedBatchNormV3_grad/FusedBatchNormGradV3:2
tower_0/v/gradients/tower_0/v/cg/resnet_v15/conv19/batchnorm19/FusedBatchNormV3_grad/FusedBatchNormGradV3:4
tower_0/v/gradients/tower_0/v/cg/resnet_v10/conv4/batchnorm4/FusedBatchNormV3_grad/FusedBatchNormGradV3:2
tower_0/v/cg/resnet_v14/conv17/batchnorm17/FusedBatchNormV3:1
tower_0/v/cg/resnet_v16/conv23/batchnorm23/FusedBatchNormV3:2
tower_0/v/gradients/tower_0/v/cg/resnet_v114/conv47/batchnorm47/FusedBatchNormV3_grad/FusedBatchNormGradV3:4
tower_0/v/gradients/tower_0/v/cg/resnet_v17/conv27/batchnorm27/FusedBatchNormV3_grad/FusedBatchNormGradV3:2
tower_0/v/gradients/tower_0/v/cg/resnet_v113/conv43/batchnorm43/FusedBatchNormV3_grad/FusedBatchNormGradV3:1
tower_0/v/gradients/tower_0/v/cg/resnet_v111/conv39/batchnorm39/FusedBatchNormV3_grad/FusedBatchNormGradV3:1
tower_0/v/cg/resnet_v114/conv49/batchnorm49/FusedBatchNormV3:4
tower_0/v/cg/resnet_v11/conv6/batchnorm6/FusedBatchNormV3:2
tower_0/v/cg/resnet_v13/conv11/batchnorm11/FusedBatchNormV3:3
tower_0/v/gradients/tower_0/v/cg/resnet_v17/conv24/conv2d/Conv2D_grad/Conv2DBackpropInput:0
tower_0/v/gradients/tower_0/v/cg/resnet_v13/conv14/batchnorm14/FusedBatchNormV3_grad/FusedBatchNormGradV3:3
tower_0/v/cg/resnet_v15/conv20/batchnorm20/FusedBatchNormV3:3
tower_0/v/gradients/tower_0/v/l2_loss/L2Loss_36_grad/mul:0
tower_0/v/l2_loss/L2Loss_40:0
learning_rate/PiecewiseConstant/LessEqual:0
tower_0/v/cg/resnet_v14/conv17/batchnorm17/FusedBatchNormV3:3
tower_0/v/gradients/tower_0/v/cg/resnet_v114/conv47/conv2d/Conv2D_grad/Conv2DBackpropInput:0
tower_0/v/cg/resnet_v12/conv9/batchnorm9/FusedBatchNormV3:0
tower_0/v/cg/resnet_v113/conv45/batchnorm45/FusedBatchNormV3:4
tower_0/v/cg/resnet_v16/conv22/batchnorm22/FusedBatchNormV3:4
tower_0/v/cg/resnet_v10/conv1/batchnorm1/FusedBatchNormV3:2
tower_0/v/cg/resnet_v18/conv29/batchnorm29/FusedBatchNormV3:1
tower_0/v/cg/resnet_v16/conv22/batchnorm22/FusedBatchNormV3:0
tower_0/v/gradients/tower_0/v/cg/resnet_v111/conv37/batchnorm37/FusedBatchNormV3_grad/FusedBatchNormGradV3:3
tower_0/v/cg/resnet_v115/conv51/batchnorm51/FusedBatchNormV3:2
tower_0/v/cg/resnet_v11/conv6/conv2d/Conv2D:0
tower_0/v/l2_loss/L2Loss_3:0
tower_0/v/gradients/tower_0/v/l2_loss/L2Loss_20_grad/mul:0
tower_0/v/cg/resnet_v111/conv37/batchnorm37/FusedBatchNormV3:3
tower_0/v/gradients/tower_0/v/cg/resnet_v110/conv34/conv2d/Conv2D_grad/Conv2DBackpropFilter:0
tower_0/v/l2_loss/L2Loss_7:0
tower_0/v/gradients/tower_0/v/l2_loss/L2Loss_37_grad/mul:0
tower_0/v/gradients/tower_0/v/cg/resnet_v114/conv47/batchnorm47/FusedBatchNormV3_grad/FusedBatchNormGradV3:1
tower_0/v/cg/resnet_v12/conv9/batchnorm9/FusedBatchNormV3:2
tower_0/v/gradients/tower_0/v/cg/resnet_v17/conv25/batchnorm25/FusedBatchNormV3_grad/FusedBatchNormGradV3:1
tower_0/v/cg/resnet_v113/conv43/conv2d/Conv2D:0
tower_0/v/cg/resnet_v14/conv16/batchnorm16/FusedBatchNormV3:3
tower_0/v/gradients/tower_0/v/l2_loss/L2Loss_5_grad/mul:0
tower_0/v/gradients/tower_0/v/cg/resnet_v115/conv51/batchnorm51/FusedBatchNormV3_grad/FusedBatchNormGradV3:0
tower_0/v/gradients/tower_0/v/cg/resnet_v13/conv12/batchnorm12/FusedBatchNormV3_grad/FusedBatchNormGradV3:0
tower_0/v/gradients/tower_0/v/cg/resnet_v113/conv45/batchnorm45/FusedBatchNormV3_grad/FusedBatchNormGradV3:0
tower_0/v/cg/resnet_v14/conv17/batchnorm17/FusedBatchNormV3:4
tower_0/v/cg/resnet_v15/conv18/conv2d/Conv2D:0
tower_0/v/cg/resnet_v18/conv30/batchnorm30/FusedBatchNormV3:0
tower_0/v/cg/spatial_mean0:0
tower_0/v/l2_loss/L2Loss_46:0
tower_0/v/gradients/tower_0/v/cg/resnet_v111/conv39/batchnorm39/FusedBatchNormV3_grad/FusedBatchNormGradV3:2
tower_0/v/gradients/tower_0/v/cg/conv0/batchnorm0/FusedBatchNormV3_grad/FusedBatchNormGradV3:4
tower_0/v/cg/resnet_v17/conv25/batchnorm25/FusedBatchNormV3:3
tower_0/v/gradients/tower_0/v/cg/resnet_v18/conv30/conv2d/Conv2D_grad/Conv2DBackpropFilter:0
tower_0/v/gradients/tower_0/v/cg/resnet_v10/conv1/batchnorm1/FusedBatchNormV3_grad/FusedBatchNormGradV3:4
tower_0/v/cg/resnet_v10/conv3/batchnorm3/FusedBatchNormV3:2
tower_0/v/gradients/tower_0/v/cg/resnet_v111/conv38/conv2d/Conv2D_grad/Conv2DBackpropFilter:0
tower_0/v/l2_loss/L2Loss_24:0
tower_0/v/gradients/tower_0/v/cg/resnet_v18/conv28/conv2d/Conv2D_grad/Conv2DBackpropFilter:0
tower_0/v/gradients/tower_0/v/cg/resnet_v112/conv41/conv2d/Conv2D_grad/Conv2DBackpropFilter:0
tower_0/v/cg/resnet_v10/conv1/batchnorm1/FusedBatchNormV3:3
tower_0/v/gradients/tower_0/v/cg/resnet_v15/conv18/batchnorm18/FusedBatchNormV3_grad/FusedBatchNormGradV3:0
tower_0/v/cg/resnet_v13/conv12/batchnorm12/FusedBatchNormV3:3
tower_0/v/cg/resnet_v114/conv47/conv2d/Conv2D:0
tower_0/v/gradients/tower_0/v/cg/resnet_v114/conv49/batchnorm49/FusedBatchNormV3_grad/FusedBatchNormGradV3:0
tower_0/v/cg/resnet_v19/conv33/batchnorm33/FusedBatchNormV3:0
tower_0/v/gradients/tower_0/v/cg/resnet_v12/conv8/conv2d/Conv2D_grad/Conv2DBackpropInput:0
tower_0/v/gradients/tower_0/v/cg/resnet_v19/conv31/conv2d/Conv2D_grad/Conv2DBackpropFilter:0
tower_0/v/cg/resnet_v16/conv23/batchnorm23/FusedBatchNormV3:1
tower_0/v/gradients/tower_0/v/cg/resnet_v115/conv50/batchnorm50/FusedBatchNormV3_grad/FusedBatchNormGradV3:3
tower_0/v/gradients/tower_0/v/cg/resnet_v13/conv12/batchnorm12/FusedBatchNormV3_grad/FusedBatchNormGradV3:4
tower_0/v/cg/resnet_v114/conv47/batchnorm47/FusedBatchNormV3:1
tower_0/v/gradients/tower_0/v/cg/resnet_v115/conv51/batchnorm51/FusedBatchNormV3_grad/FusedBatchNormGradV3:2
tower_0/v/gradients/tower_0/v/cg/resnet_v15/conv19/batchnorm19/FusedBatchNormV3_grad/FusedBatchNormGradV3:1
tower_0/v/cg/resnet_v115/conv52/conv2d/Conv2D:0
tower_0/v/gradients/tower_0/v/l2_loss/L2Loss_29_grad/mul:0
tower_0/v/cg/resnet_v111/conv39/batchnorm39/FusedBatchNormV3:2
tower_0/v/cg/resnet_v14/conv15/batchnorm15/FusedBatchNormV3:2
tower_0/v/l2_loss/L2Loss_16:0
tower_0/v/gradients/tower_0/v/cg/resnet_v15/conv18/conv2d/Conv2D_grad/Conv2DBackpropFilter:0
tower_0/v/cg/resnet_v11/conv6/batchnorm6/FusedBatchNormV3:4
tower_0/v/gradients/tower_0/v/cg/resnet_v17/conv25/batchnorm25/FusedBatchNormV3_grad/FusedBatchNormGradV3:4
tower_0/v/gradients/tower_0/v/cg/resnet_v12/conv10/conv2d/Conv2D_grad/Conv2DBackpropFilter:0
tower_0/v/cg/resnet_v19/conv32/conv2d/Conv2D:0
tower_0/v/gradients/tower_0/v/cg/resnet_v18/conv28/batchnorm28/FusedBatchNormV3_grad/FusedBatchNormGradV3:0
tower_0/v/cg/resnet_v13/conv12/batchnorm12/FusedBatchNormV3:0
tower_0/v/cg/resnet_v110/conv35/batchnorm35/FusedBatchNormV3:3
tower_0/v/cg/resnet_v112/conv42/batchnorm42/FusedBatchNormV3:3
tower_0/v/gradients/tower_0/v/cg/resnet_v113/conv44/batchnorm44/FusedBatchNormV3_grad/FusedBatchNormGradV3:3
tower_0/v/cg/resnet_v115/conv51/conv2d/Conv2D:0
tower_0/v/cg/resnet_v14/conv16/batchnorm16/FusedBatchNormV3:2
tower_0/v/cg/resnet_v110/conv34/batchnorm34/FusedBatchNormV3:4
tower_0/v/gradients/tower_0/v/cg/resnet_v16/conv21/batchnorm21/FusedBatchNormV3_grad/FusedBatchNormGradV3:2
tower_0/v/l2_loss/L2Loss_51:0
tower_0/v/gradients/tower_0/v/cg/resnet_v18/conv30/batchnorm30/FusedBatchNormV3_grad/FusedBatchNormGradV3:3
tower_0/v/gradients/tower_0/v/l2_loss/L2Loss_33_grad/mul:0
tower_0/v/cg/resnet_v10/conv2/conv2d/Conv2D:0
tower_0/v/cg/resnet_v111/conv38/batchnorm38/FusedBatchNormV3:3
tower_0/v/cg/conv0/batchnorm0/FusedBatchNormV3:4
tower_0/v/cg/resnet_v12/conv8/batchnorm8/FusedBatchNormV3:0
tower_0/v/gradients/tower_0/v/l2_loss/L2Loss_45_grad/mul:0
tower_0/v/cg/resnet_v113/conv46/conv2d/Conv2D:0
tower_0/v/l2_loss/L2Loss_34:0
tower_0/v/cg/resnet_v114/conv49/batchnorm49/FusedBatchNormV3:1
tower_0/v/gradients/tower_0/v/cg/conv0/batchnorm0/FusedBatchNormV3_grad/FusedBatchNormGradV3:0
learning_rate/PiecewiseConstant/Greater_1:0
tower_0/v/cg/resnet_v113/conv46/batchnorm46/FusedBatchNormV3:3
tower_0/v/gradients/tower_0/v/cg/resnet_v11/conv7/batchnorm7/FusedBatchNormV3_grad/FusedBatchNormGradV3:4
tower_0/v/l2_loss/L2Loss_33:0
tower_0/v/gradients/tower_0/v/l2_loss/L2Loss_42_grad/mul:0
tower_0/v/gradients/tower_0/v/cg/resnet_v113/conv44/batchnorm44/FusedBatchNormV3_grad/FusedBatchNormGradV3:1
tower_0/v/cg/resnet_v113/conv45/batchnorm45/FusedBatchNormV3:3
tower_0/v/cg/resnet_v10/conv4/batchnorm4/FusedBatchNormV3:4
tower_0/v/gradients/tower_0/v/cg/resnet_v113/conv46/batchnorm46/FusedBatchNormV3_grad/FusedBatchNormGradV3:2
tower_0/v/l2_loss/L2Loss_52:0
tower_0/v/cg/resnet_v115/conv51/batchnorm51/FusedBatchNormV3:1
tower_0/v/gradients/tower_0/v/cg/resnet_v113/conv43/conv2d/Conv2D_grad/Conv2DBackpropInput:0
tower_0/v/cg/resnet_v113/conv43/batchnorm43/FusedBatchNormV3:2
tower_0/v/cg/resnet_v17/conv27/batchnorm27/FusedBatchNormV3:1
tower_0/v/cg/resnet_v12/conv8/batchnorm8/FusedBatchNormV3:4
tower_0/v/gradients/tower_0/v/cg/resnet_v113/conv44/batchnorm44/FusedBatchNormV3_grad/FusedBatchNormGradV3:2
tower_0/v/gradients/tower_0/v/cg/resnet_v18/conv29/batchnorm29/FusedBatchNormV3_grad/FusedBatchNormGradV3:3
tower_0/v/gradients/tower_0/v/cg/resnet_v10/conv4/batchnorm4/FusedBatchNormV3_grad/FusedBatchNormGradV3:3
tower_0/v/gradients/tower_0/v/cg/resnet_v14/conv17/batchnorm17/FusedBatchNormV3_grad/FusedBatchNormGradV3:4
tower_0/v/cg/resnet_v113/conv44/batchnorm44/FusedBatchNormV3:2
tower_0/v/gradients/tower_0/v/cg/conv0/batchnorm0/FusedBatchNormV3_grad/FusedBatchNormGradV3:3
tower_0/v/gradients/tower_0/v/l2_loss/L2Loss_44_grad/mul:0
tower_0/v/gradients/tower_0/v/cg/resnet_v12/conv8/conv2d/Conv2D_grad/Conv2DBackpropFilter:0
tower_0/v/gradients/tower_0/v/cg/resnet_v115/conv51/batchnorm51/FusedBatchNormV3_grad/FusedBatchNormGradV3:3
tower_0/v/gradients/tower_0/v/cg/resnet_v10/conv4/batchnorm4/FusedBatchNormV3_grad/FusedBatchNormGradV3:4
tower_0/v/gradients/tower_0/v/cg/resnet_v112/conv41/batchnorm41/FusedBatchNormV3_grad/FusedBatchNormGradV3:2
tower_0/v/gradients/tower_0/v/l2_loss/L2Loss_32_grad/mul:0
tower_0/v/cg/resnet_v19/conv33/batchnorm33/FusedBatchNormV3:4
tower_0/v/gradients/tower_0/v/cg/resnet_v16/conv21/conv2d/Conv2D_grad/Conv2DBackpropInput:0
tower_0/v/cg/resnet_v17/conv24/batchnorm24/FusedBatchNormV3:0
tower_0/v/cg/resnet_v12/conv10/batchnorm10/FusedBatchNormV3:1
tower_0/v/cg/resnet_v111/conv39/conv2d/Conv2D:0
tower_0/v/cg/resnet_v113/conv45/batchnorm45/FusedBatchNormV3:1
tower_0/v/cg/resnet_v11/conv7/batchnorm7/FusedBatchNormV3:4
tower_0/v/gradients/tower_0/v/cg/resnet_v18/conv29/batchnorm29/FusedBatchNormV3_grad/FusedBatchNormGradV3:0
tower_0/v/cg/resnet_v11/conv6/batchnorm6/FusedBatchNormV3:0
tower_0/v/cg/resnet_v114/conv49/batchnorm49/FusedBatchNormV3:2
tower_0/v/l2_loss/L2Loss_10:0
tower_0/v/cg/resnet_v13/conv12/conv2d/Conv2D:0
tower_0/v/gradients/tower_0/v/cg/resnet_v10/conv3/conv2d/Conv2D_grad/Conv2DBackpropFilter:0
tower_0/v/cg/resnet_v19/conv31/batchnorm31/FusedBatchNormV3:0
tower_0/v/cg/resnet_v115/conv52/batchnorm52/FusedBatchNormV3:3
tower_0/v/cg/resnet_v10/conv4/batchnorm4/FusedBatchNormV3:1
tower_0/v/cg/resnet_v14/conv17/batchnorm17/FusedBatchNormV3:2
tower_0/v/gradients/tower_0/v/cg/resnet_v111/conv39/conv2d/Conv2D_grad/Conv2DBackpropFilter:0
tower_0/v/gradients/tower_0/v/cg/resnet_v110/conv34/batchnorm34/FusedBatchNormV3_grad/FusedBatchNormGradV3:0
tower_0/v/cg/resnet_v14/conv15/batchnorm15/FusedBatchNormV3:1
tower_0/v/cg/resnet_v10/conv3/batchnorm3/FusedBatchNormV3:3
tower_0/v/cg/resnet_v10/conv3/batchnorm3/FusedBatchNormV3:0
tower_0/v/gradients/tower_0/v/cg/resnet_v113/conv46/batchnorm46/FusedBatchNormV3_grad/FusedBatchNormGradV3:4
tower_0/v/gradients/tower_0/v/cg/resnet_v12/conv10/batchnorm10/FusedBatchNormV3_grad/FusedBatchNormGradV3:4
tower_0/v/gradients/tower_0/v/cg/resnet_v10/conv3/batchnorm3/FusedBatchNormV3_grad/FusedBatchNormGradV3:1
tower_0/v/cg/resnet_v115/conv50/batchnorm50/FusedBatchNormV3:1
tower_0/v/gradients/tower_0/v/cg/resnet_v112/conv42/conv2d/Conv2D_grad/Conv2DBackpropFilter:0
tower_0/v/gradients/tower_0/v/cg/resnet_v111/conv37/batchnorm37/FusedBatchNormV3_grad/FusedBatchNormGradV3:0
tower_0/v/gradients/tower_0/v/cg/resnet_v115/conv50/batchnorm50/FusedBatchNormV3_grad/FusedBatchNormGradV3:1
tower_0/v/gradients/tower_0/v/cg/affine0/xw_plus_b_grad/BiasAddGrad:0
tower_0/v/gradients/tower_0/v/cg/resnet_v113/conv45/batchnorm45/FusedBatchNormV3_grad/FusedBatchNormGradV3:3
tower_0/v/gradients/tower_0/v/cg/resnet_v113/conv43/batchnorm43/FusedBatchNormV3_grad/FusedBatchNormGradV3:2
tower_0/v/gradients/tower_0/v/cg/resnet_v14/conv15/conv2d/Conv2D_grad/Conv2DBackpropFilter:0
tower_0/v/cg/mpool0/MaxPool:0
tower_0/v/gradients/tower_0/v/cg/resnet_v110/conv36/batchnorm36/FusedBatchNormV3_grad/FusedBatchNormGradV3:1
learning_rate/PiecewiseConstant/LessEqual_2:0
tower_0/v/l2_loss/L2Loss_44:0
tower_0/v/cg/resnet_v10/conv3/batchnorm3/FusedBatchNormV3:1
tower_0/v/gradients/tower_0/v/cg/resnet_v12/conv10/conv2d/Conv2D_grad/Conv2DBackpropInput:0
tower_0/v/gradients/tower_0/v/cg/resnet_v14/conv17/batchnorm17/FusedBatchNormV3_grad/FusedBatchNormGradV3:2
tower_0/v/l2_loss/L2Loss_4:0
tower_0/v/cg/resnet_v15/conv20/conv2d/Conv2D:0
tower_0/v/gradients/tower_0/v/cg/resnet_v15/conv20/batchnorm20/FusedBatchNormV3_grad/FusedBatchNormGradV3:3
tower_0/v/gradients/tower_0/v/cg/resnet_v16/conv21/batchnorm21/FusedBatchNormV3_grad/FusedBatchNormGradV3:1
tower_0/v/gradients/tower_0/v/cg/resnet_v13/conv11/batchnorm11/FusedBatchNormV3_grad/FusedBatchNormGradV3:2
tower_0/v/gradients/tower_0/v/cg/resnet_v18/conv29/conv2d/Conv2D_grad/Conv2DBackpropFilter:0
tower_0/v/gradients/tower_0/v/cg/resnet_v13/conv12/batchnorm12/FusedBatchNormV3_grad/FusedBatchNormGradV3:3
tower_0/v/gradients/tower_0/v/cg/resnet_v111/conv38/batchnorm38/FusedBatchNormV3_grad/FusedBatchNormGradV3:4
tower_0/v/gradients/tower_0/v/cg/resnet_v14/conv15/batchnorm15/FusedBatchNormV3_grad/FusedBatchNormGradV3:2
tower_0/v/cg/resnet_v113/conv44/conv2d/Conv2D:0
tower_0/v/gradients/tower_0/v/l2_loss/L2Loss_34_grad/mul:0
tower_0/v/l2_loss/L2Loss_31:0
tower_0/v/gradients/tower_0/v/cg/resnet_v13/conv13/batchnorm13/FusedBatchNormV3_grad/FusedBatchNormGradV3:4
tower_0/v/cg/resnet_v113/conv43/batchnorm43/FusedBatchNormV3:0
tower_0/v/cg/resnet_v13/conv12/batchnorm12/FusedBatchNormV3:1
tower_0/v/cg/resnet_v110/conv36/batchnorm36/FusedBatchNormV3:1
tower_0/v/gradients/tower_0/v/cg/resnet_v115/conv52/batchnorm52/FusedBatchNormV3_grad/FusedBatchNormGradV3:3
tower_0/v/gradients/tower_0/v/cg/resnet_v12/conv9/batchnorm9/FusedBatchNormV3_grad/FusedBatchNormGradV3:4
tower_0/v/cg/resnet_v19/conv31/batchnorm31/FusedBatchNormV3:3
tower_0/v/cg/resnet_v13/conv13/batchnorm13/FusedBatchNormV3:2
tower_0/v/cg/resnet_v17/conv24/batchnorm24/FusedBatchNormV3:1
tower_0/v/cg/resnet_v19/conv33/batchnorm33/FusedBatchNormV3:3
tower_0/v/cg/affine0/xw_plus_b/MatMul:0
tower_0/v/gradients/tower_0/v/cg/resnet_v114/conv48/batchnorm48/FusedBatchNormV3_grad/FusedBatchNormGradV3:4
tower_0/v/cg/resnet_v13/conv13/batchnorm13/FusedBatchNormV3:0
tower_0/v/cg/resnet_v18/conv30/batchnorm30/FusedBatchNormV3:4
tower_0/v/cg/resnet_v11/conv5/conv2d/Conv2D:0
tower_0/v/cg/resnet_v16/conv23/batchnorm23/FusedBatchNormV3:3
tower_0/v/l2_loss/L2Loss_49:0
tower_0/v/cg/resnet_v14/conv15/batchnorm15/FusedBatchNormV3:0
tower_0/v/cg/resnet_v18/conv29/batchnorm29/FusedBatchNormV3:2
tower_0/v/cg/resnet_v13/conv14/batchnorm14/FusedBatchNormV3:0
tower_0/v/cg/resnet_v11/conv7/batchnorm7/FusedBatchNormV3:0
tower_0/v/l2_loss/L2Loss_28:0
tower_0/v/cg/resnet_v13/conv13/batchnorm13/FusedBatchNormV3:3
learning_rate/PiecewiseConstant/case/Cast:0
tower_0/v/cg/resnet_v13/conv14/conv2d/Conv2D:0
tower_0/v/cg/resnet_v18/conv28/batchnorm28/FusedBatchNormV3:0
tower_0/v/gradients/tower_0/v/cg/resnet_v19/conv33/conv2d/Conv2D_grad/Conv2DBackpropFilter:0
tower_0/v/gradients/tower_0/v/cg/resnet_v11/conv5/batchnorm5/FusedBatchNormV3_grad/FusedBatchNormGradV3:2
tower_0/v/cg/resnet_v115/conv51/batchnorm51/FusedBatchNormV3:3
tower_0/v/cg/resnet_v113/conv44/batchnorm44/FusedBatchNormV3:1
tower_0/v/cg/resnet_v16/conv22/batchnorm22/FusedBatchNormV3:2
tower_0/v/gradients/tower_0/v/cg/resnet_v16/conv23/batchnorm23/FusedBatchNormV3_grad/FusedBatchNormGradV3:1
learning_rate/PiecewiseConstant/LessEqual_3:0
tower_0/v/xentropy/sparse_softmax_cross_entropy_loss/xentropy/xentropy:0
tower_0/v/cg/resnet_v15/conv18/batchnorm18/FusedBatchNormV3:3
tower_0/v/cg/resnet_v10/conv4/batchnorm4/FusedBatchNormV3:2
tower_0/v/cg/resnet_v15/conv20/batchnorm20/FusedBatchNormV3:1
tower_0/v/cg/resnet_v10/conv2/batchnorm2/FusedBatchNormV3:3
tower_0/v/cg/resnet_v113/conv44/batchnorm44/FusedBatchNormV3:4
tower_0/v/gradients/tower_0/v/cg/affine0/xw_plus_b/MatMul_grad/MatMul_1:0
tower_0/v/gradients/tower_0/v/cg/resnet_v16/conv22/batchnorm22/FusedBatchNormV3_grad/FusedBatchNormGradV3:1
tower_0/v/cg/resnet_v17/conv25/batchnorm25/FusedBatchNormV3:4
tower_0/v/gradients/tower_0/v/cg/resnet_v17/conv24/batchnorm24/FusedBatchNormV3_grad/FusedBatchNormGradV3:2
tower_0/v/gradients/tower_0/v/cg/resnet_v110/conv34/batchnorm34/FusedBatchNormV3_grad/FusedBatchNormGradV3:4
tower_0/v/cg/resnet_v112/conv42/batchnorm42/FusedBatchNormV3:0
tower_0/v/l2_loss/L2Loss_18:0
tower_0/v/gradients/tower_0/v/cg/resnet_v14/conv15/batchnorm15/FusedBatchNormV3_grad/FusedBatchNormGradV3:1
tower_0/v/cg/resnet_v16/conv21/batchnorm21/FusedBatchNormV3:3
tower_0/v/cg/resnet_v111/conv39/batchnorm39/FusedBatchNormV3:1
tower_0/v/cg/resnet_v17/conv26/batchnorm26/FusedBatchNormV3:3
learning_rate/PiecewiseConstant/Greater_3:0
tower_0/v/gradients/tower_0/v/cg/resnet_v14/conv16/batchnorm16/FusedBatchNormV3_grad/FusedBatchNormGradV3:2
tower_0/v/cg/resnet_v13/conv13/batchnorm13/FusedBatchNormV3:4
tower_0/v/cg/resnet_v115/conv50/batchnorm50/FusedBatchNormV3:2
tower_0/v/gradients/tower_0/v/cg/resnet_v12/conv9/conv2d/Conv2D_grad/Conv2DBackpropInput:0
tower_0/v/cg/resnet_v110/conv35/conv2d/Conv2D:0
tower_0/v/gradients/tower_0/v/l2_loss/L2Loss_1_grad/mul:0
tower_0/v/gradients/tower_0/v/l2_loss/L2Loss_41_grad/mul:0
tower_0/v/cg/resnet_v18/conv30/batchnorm30/FusedBatchNormV3:3
tower_0/v/cg/resnet_v113/conv45/batchnorm45/FusedBatchNormV3:0
tower_0/v/cg/resnet_v10/conv4/batchnorm4/FusedBatchNormV3:0
tower_0/v/gradients/tower_0/v/cg/resnet_v115/conv52/batchnorm52/FusedBatchNormV3_grad/FusedBatchNormGradV3:1
tower_0/v/gradients/tower_0/v/cg/resnet_v13/conv13/batchnorm13/FusedBatchNormV3_grad/FusedBatchNormGradV3:0
tower_0/v/gradients/tower_0/v/cg/resnet_v11/conv7/batchnorm7/FusedBatchNormV3_grad/FusedBatchNormGradV3:0
tower_0/v/gradients/tower_0/v/cg/resnet_v10/conv2/batchnorm2/FusedBatchNormV3_grad/FusedBatchNormGradV3:4
tower_0/v/cg/resnet_v10/conv1/batchnorm1/FusedBatchNormV3:0
tower_0/v/gradients/tower_0/v/cg/resnet_v15/conv19/conv2d/Conv2D_grad/Conv2DBackpropFilter:0
tower_0/v/gradients/tower_0/v/cg/resnet_v11/conv7/conv2d/Conv2D_grad/Conv2DBackpropInput:0
tower_0/v/cg/resnet_v16/conv22/batchnorm22/FusedBatchNormV3:1
tower_0/v/gradients/tower_0/v/cg/resnet_v19/conv32/batchnorm32/FusedBatchNormV3_grad/FusedBatchNormGradV3:0
tower_0/v/gradients/tower_0/v/cg/resnet_v15/conv18/conv2d/Conv2D_grad/Conv2DBackpropInput:0
tower_0/v/cg/resnet_v114/conv49/conv2d/Conv2D:0
tower_0/v/cg/resnet_v16/conv21/batchnorm21/FusedBatchNormV3:2
tower_0/v/cg/resnet_v12/conv8/batchnorm8/FusedBatchNormV3:3
tower_0/v/cg/conv0/conv2d/Conv2D:0
tower_0/v/cg/resnet_v110/conv34/batchnorm34/FusedBatchNormV3:2
tower_0/v/cg/resnet_v111/conv37/batchnorm37/FusedBatchNormV3:0
tower_0/v/gradients/tower_0/v/cg/resnet_v114/conv48/batchnorm48/FusedBatchNormV3_grad/FusedBatchNormGradV3:2
tower_0/v/gradients/tower_0/v/cg/resnet_v110/conv35/batchnorm35/FusedBatchNormV3_grad/FusedBatchNormGradV3:3
tower_0/v/cg/resnet_v11/conv5/batchnorm5/FusedBatchNormV3:2
tower_0/v/cg/resnet_v17/conv24/batchnorm24/FusedBatchNormV3:3
tower_0/v/gradients/tower_0/v/cg/resnet_v17/conv24/batchnorm24/FusedBatchNormV3_grad/FusedBatchNormGradV3:3
tower_0/v/cg/resnet_v111/conv38/batchnorm38/FusedBatchNormV3:0
tower_0/v/gradients/tower_0/v/cg/spatial_mean0_grad/Tile:0
tower_0/v/gradients/tower_0/v/cg/resnet_v13/conv13/batchnorm13/FusedBatchNormV3_grad/FusedBatchNormGradV3:2
tower_0/v/gradients/tower_0/v/l2_loss/L2Loss_39_grad/mul:0
tower_0/v/cg/resnet_v13/conv11/batchnorm11/FusedBatchNormV3:0
tower_0/v/gradients/tower_0/v/cg/resnet_v110/conv34/batchnorm34/FusedBatchNormV3_grad/FusedBatchNormGradV3:2
tower_0/v/gradients/tower_0/v/cg/resnet_v19/conv33/batchnorm33/FusedBatchNormV3_grad/FusedBatchNormGradV3:4
tower_0/v/cg/resnet_v17/conv26/batchnorm26/FusedBatchNormV3:4
tower_0/v/cg/conv0/Pad:0
tower_0/v/cg/resnet_v115/conv50/batchnorm50/FusedBatchNormV3:4
tower_0/v/gradients/tower_0/v/cg/resnet_v12/conv8/batchnorm8/FusedBatchNormV3_grad/FusedBatchNormGradV3:2
tower_0/v/gradients/tower_0/v/cg/resnet_v111/conv39/batchnorm39/FusedBatchNormV3_grad/FusedBatchNormGradV3:0
tower_0/v/cg/resnet_v112/conv40/conv2d/Conv2D:0
tower_0/v/l2_loss/L2Loss_5:0
tower_0/v/gradients/tower_0/v/cg/resnet_v11/conv5/batchnorm5/FusedBatchNormV3_grad/FusedBatchNormGradV3:0
tower_0/v/gradients/tower_0/v/cg/resnet_v17/conv25/batchnorm25/FusedBatchNormV3_grad/FusedBatchNormGradV3:2
tower_0/v/gradients/tower_0/v/cg/resnet_v113/conv46/batchnorm46/FusedBatchNormV3_grad/FusedBatchNormGradV3:3
tower_0/v/gradients/tower_0/v/cg/resnet_v12/conv9/conv2d/Conv2D_grad/Conv2DBackpropFilter:0
tower_0/v/cg/resnet_v13/conv12/batchnorm12/FusedBatchNormV3:4
tower_0/v/cg/resnet_v13/conv14/batchnorm14/FusedBatchNormV3:3
tower_0/v/cg/resnet_v11/conv6/batchnorm6/FusedBatchNormV3:1
tower_0/v/gradients/tower_0/v/l2_loss/L2Loss_48_grad/mul:0
tower_0/v/gradients/tower_0/v/cg/resnet_v111/conv38/batchnorm38/FusedBatchNormV3_grad/FusedBatchNormGradV3:2
tower_0/v/gradients/tower_0/v/cg/resnet_v11/conv6/batchnorm6/FusedBatchNormV3_grad/FusedBatchNormGradV3:4
tower_0/v/cg/resnet_v19/conv32/batchnorm32/FusedBatchNormV3:2
tower_0/v/cg/resnet_v113/conv44/batchnorm44/FusedBatchNormV3:3
tower_0/v/gradients/tower_0/v/cg/resnet_v10/conv1/batchnorm1/FusedBatchNormV3_grad/FusedBatchNormGradV3:2
tower_0/v/gradients/tower_0/v/cg/resnet_v16/conv22/batchnorm22/FusedBatchNormV3_grad/FusedBatchNormGradV3:0
tower_0/v/gradients/tower_0/v/cg/resnet_v12/conv10/batchnorm10/FusedBatchNormV3_grad/FusedBatchNormGradV3:0
tower_0/v/gradients/tower_0/v/cg/resnet_v13/conv13/batchnorm13/FusedBatchNormV3_grad/FusedBatchNormGradV3:3
tower_0/v/cg/resnet_v115/conv51/batchnorm51/FusedBatchNormV3:0
tower_0/v/cg/resnet_v18/conv29/batchnorm29/FusedBatchNormV3:3
tower_0/v/cg/resnet_v14/conv17/batchnorm17/FusedBatchNormV3:0
tower_0/v/gradients/tower_0/v/cg/resnet_v19/conv33/batchnorm33/FusedBatchNormV3_grad/FusedBatchNormGradV3:0
tower_0/v/gradients/tower_0/v/cg/resnet_v110/conv35/batchnorm35/FusedBatchNormV3_grad/FusedBatchNormGradV3:4
tower_0/v/gradients/tower_0/v/cg/resnet_v115/conv52/conv2d/Conv2D_grad/Conv2DBackpropFilter:0
tower_0/v/gradients/tower_0/v/cg/resnet_v13/conv14/batchnorm14/FusedBatchNormV3_grad/FusedBatchNormGradV3:1
tower_0/v/gradients/tower_0/v/cg/resnet_v113/conv46/batchnorm46/FusedBatchNormV3_grad/FusedBatchNormGradV3:0
tower_0/v/gradients/tower_0/v/l2_loss/L2Loss_11_grad/mul:0
tower_0/v/cg/resnet_v110/conv35/batchnorm35/FusedBatchNormV3:2
tower_0/v/cg/resnet_v18/conv29/batchnorm29/FusedBatchNormV3:4
tower_0/v/l2_loss/L2Loss_2:0
tower_0/v/l2_loss/L2Loss_30:0
tower_0/v/cg/resnet_v111/conv38/batchnorm38/FusedBatchNormV3:1
tower_0/v/cg/resnet_v12/conv10/batchnorm10/FusedBatchNormV3:2
tower_0/v/gradients/tower_0/v/cg/resnet_v17/conv26/batchnorm26/FusedBatchNormV3_grad/FusedBatchNormGradV3:1
tower_0/v/gradients/tower_0/v/cg/resnet_v18/conv28/batchnorm28/FusedBatchNormV3_grad/FusedBatchNormGradV3:2
tower_0/v/gradients/tower_0/v/cg/resnet_v12/conv10/batchnorm10/FusedBatchNormV3_grad/FusedBatchNormGradV3:1
tower_0/v/cg/resnet_v12/conv9/batchnorm9/FusedBatchNormV3:1
tower_0/v/gradients/tower_0/v/cg/resnet_v16/conv22/batchnorm22/FusedBatchNormV3_grad/FusedBatchNormGradV3:4
tower_0/v/gradients/tower_0/v/cg/resnet_v110/conv36/conv2d/Conv2D_grad/Conv2DBackpropFilter:0
tower_0/v/l2_loss/L2Loss_36:0
tower_0/v/cg/resnet_v19/conv33/batchnorm33/FusedBatchNormV3:2
tower_0/v/cg/resnet_v112/conv41/batchnorm41/FusedBatchNormV3:0
tower_0/v/gradients/tower_0/v/cg/resnet_v15/conv20/batchnorm20/FusedBatchNormV3_grad/FusedBatchNormGradV3:4
tower_0/v/gradients/tower_0/v/cg/resnet_v11/conv7/conv2d/Conv2D_grad/Conv2DBackpropFilter:0
tower_0/v/gradients/tower_0/v/cg/resnet_v111/conv37/batchnorm37/FusedBatchNormV3_grad/FusedBatchNormGradV3:4
tower_0/v/gradients/tower_0/v/cg/resnet_v114/conv47/conv2d/Conv2D_grad/Conv2DBackpropFilter:0
tower_0/v/cg/resnet_v19/conv32/batchnorm32/FusedBatchNormV3:3
tower_0/v/cg/resnet_v110/conv36/batchnorm36/FusedBatchNormV3:0
learning_rate/PiecewiseConstant/LessEqual_1:0
tower_0/v/gradients/tower_0/v/cg/resnet_v16/conv23/batchnorm23/FusedBatchNormV3_grad/FusedBatchNormGradV3:2
tower_0/v/cg/resnet_v15/conv19/batchnorm19/FusedBatchNormV3:1
tower_0/v/l2_loss/L2Loss_14:0
tower_0/v/gradients/tower_0/v/l2_loss/L2Loss_46_grad/mul:0
tower_0/v/gradients/tower_0/v/cg/resnet_v17/conv24/batchnorm24/FusedBatchNormV3_grad/FusedBatchNormGradV3:4
tower_0/v/cg/resnet_v12/conv10/batchnorm10/FusedBatchNormV3:4
tower_0/v/gradients/tower_0/v/cg/resnet_v114/conv48/batchnorm48/FusedBatchNormV3_grad/FusedBatchNormGradV3:1
tower_0/v/l2_loss/L2Loss_26:0
tower_0/v/gradients/tower_0/v/cg/resnet_v18/conv30/batchnorm30/FusedBatchNormV3_grad/FusedBatchNormGradV3:2
tower_0/v/gradients/tower_0/v/cg/resnet_v17/conv27/batchnorm27/FusedBatchNormV3_grad/FusedBatchNormGradV3:0
tower_0/v/gradients/tower_0/v/cg/resnet_v113/conv45/batchnorm45/FusedBatchNormV3_grad/FusedBatchNormGradV3:2
tower_0/v/cg/resnet_v14/conv16/batchnorm16/FusedBatchNormV3:0
tower_0/v/cg/resnet_v112/conv41/batchnorm41/FusedBatchNormV3:3
tower_0/v/l2_loss/L2Loss_17:0
tower_0/v/cg/resnet_v15/conv18/batchnorm18/FusedBatchNormV3:1
tower_0/v/cg/resnet_v115/conv52/batchnorm52/FusedBatchNormV3:2
tower_0/v/gradients/tower_0/v/cg/resnet_v12/conv8/batchnorm8/FusedBatchNormV3_grad/FusedBatchNormGradV3:1
tower_0/v/cg/resnet_v17/conv27/conv2d/Conv2D:0
tower_0/v/cg/resnet_v15/conv20/batchnorm20/FusedBatchNormV3:2
tower_0/v/gradients/tower_0/v/cg/resnet_v10/conv2/batchnorm2/FusedBatchNormV3_grad/FusedBatchNormGradV3:2
tower_0/v/gradients/tower_0/v/cg/resnet_v12/conv9/batchnorm9/FusedBatchNormV3_grad/FusedBatchNormGradV3:1
tower_0/v/gradients/tower_0/v/cg/resnet_v15/conv20/conv2d/Conv2D_grad/Conv2DBackpropFilter:0
tower_0/v/gradients/tower_0/v/cg/resnet_v112/conv40/conv2d/Conv2D_grad/Conv2DBackpropFilter:0
tower_0/v/gradients/tower_0/v/cg/resnet_v11/conv5/conv2d/Conv2D_grad/Conv2DBackpropFilter:0
tower_0/v/cg/resnet_v15/conv19/batchnorm19/FusedBatchNormV3:3
tower_0/v/cg/resnet_v112/conv41/batchnorm41/FusedBatchNormV3:4
tower_0/v/gradients/tower_0/v/cg/resnet_v14/conv17/batchnorm17/FusedBatchNormV3_grad/FusedBatchNormGradV3:0
tower_0/v/cg/resnet_v13/conv12/batchnorm12/FusedBatchNormV3:2
tower_0/v/gradients/tower_0/v/cg/resnet_v112/conv42/batchnorm42/FusedBatchNormV3_grad/FusedBatchNormGradV3:0
tower_0/v/gradients/tower_0/v/cg/resnet_v115/conv51/conv2d/Conv2D_grad/Conv2DBackpropFilter:0
tower_0/v/gradients/tower_0/v/cg/conv0/conv2d/Conv2D_grad/Conv2DBackpropFilter:0
tower_0/v/gradients/tower_0/v/cg/resnet_v19/conv31/batchnorm31/FusedBatchNormV3_grad/FusedBatchNormGradV3:0
tower_0/v/gradients/tower_0/v/cg/resnet_v17/conv26/batchnorm26/FusedBatchNormV3_grad/FusedBatchNormGradV3:4
tower_0/v/gradients/tower_0/v/cg/resnet_v13/conv12/batchnorm12/FusedBatchNormV3_grad/FusedBatchNormGradV3:1
tower_0/v/gradients/tower_0/v/cg/resnet_v111/conv38/batchnorm38/FusedBatchNormV3_grad/FusedBatchNormGradV3:3
tower_0/v/l2_loss/L2Loss_50:0
tower_0/v/gradients/tower_0/v/cg/resnet_v13/conv11/batchnorm11/FusedBatchNormV3_grad/FusedBatchNormGradV3:4
tower_0/v/gradients/tower_0/v/cg/resnet_v111/conv38/batchnorm38/FusedBatchNormV3_grad/FusedBatchNormGradV3:0
tower_0/v/gradients/tower_0/v/cg/resnet_v111/conv37/conv2d/Conv2D_grad/Conv2DBackpropFilter:0
tower_0/v/cg/conv0/batchnorm0/FusedBatchNormV3:0
tower_0/v/cg/resnet_v114/conv49/batchnorm49/FusedBatchNormV3:0
tower_0/v/gradients/tower_0/v/cg/resnet_v11/conv6/batchnorm6/FusedBatchNormV3_grad/FusedBatchNormGradV3:1
tower_0/v/l2_loss/L2Loss_32:0
tower_0/v/gradients/tower_0/v/cg/resnet_v19/conv32/batchnorm32/FusedBatchNormV3_grad/FusedBatchNormGradV3:3
tower_0/v/gradients/tower_0/v/cg/resnet_v14/conv15/batchnorm15/FusedBatchNormV3_grad/FusedBatchNormGradV3:3
tower_0/v/l2_loss/L2Loss_38:0
tower_0/v/gradients/tower_0/v/cg/resnet_v17/conv25/conv2d/Conv2D_grad/Conv2DBackpropFilter:0
tower_0/v/gradients/tower_0/v/cg/resnet_v113/conv46/batchnorm46/FusedBatchNormV3_grad/FusedBatchNormGradV3:1
tower_0/v/gradients/tower_0/v/cg/resnet_v16/conv21/batchnorm21/FusedBatchNormV3_grad/FusedBatchNormGradV3:3
tower_0/v/cg/resnet_v114/conv47/batchnorm47/FusedBatchNormV3:2
tower_0/v/cg/resnet_v14/conv15/batchnorm15/FusedBatchNormV3:4
tower_0/v/gradients/tower_0/v/cg/resnet_v14/conv15/batchnorm15/FusedBatchNormV3_grad/FusedBatchNormGradV3:0
learning_rate/Cast_4:0
tower_0/v/cg/resnet_v110/conv35/batchnorm35/FusedBatchNormV3:4
tower_0/v/gradients/tower_0/v/cg/resnet_v13/conv13/batchnorm13/FusedBatchNormV3_grad/FusedBatchNormGradV3:1
tower_0/v/gradients/tower_0/v/cg/resnet_v15/conv19/batchnorm19/FusedBatchNormV3_grad/FusedBatchNormGradV3:2
tower_0/v/cg/resnet_v14/conv16/batchnorm16/FusedBatchNormV3:1
tower_0/v/cg/resnet_v15/conv18/batchnorm18/FusedBatchNormV3:0
tower_0/v/gradients/tower_0/v/cg/resnet_v11/conv5/conv2d/Conv2D_grad/Conv2DBackpropInput:0
tower_0/v/l2_loss/L2Loss_27:0
tower_0/v/cg/resnet_v113/conv46/batchnorm46/FusedBatchNormV3:1
tower_0/v/cg/resnet_v15/conv18/batchnorm18/FusedBatchNormV3:4
tower_0/v/gradients/tower_0/v/cg/resnet_v13/conv12/batchnorm12/FusedBatchNormV3_grad/FusedBatchNormGradV3:2
tower_0/v/cg/resnet_v114/conv49/batchnorm49/FusedBatchNormV3:3
tower_0/v/gradients/tower_0/v/cg/resnet_v112/conv42/batchnorm42/FusedBatchNormV3_grad/FusedBatchNormGradV3:4
tower_0/v/gradients/tower_0/v/cg/resnet_v112/conv40/conv2d/Conv2D_grad/Conv2DBackpropInput:0
tower_0/v/gradients/tower_0/v/cg/resnet_v13/conv11/batchnorm11/FusedBatchNormV3_grad/FusedBatchNormGradV3:1
tower_0/v/gradients/tower_0/v/cg/resnet_v114/conv48/conv2d/Conv2D_grad/Conv2DBackpropFilter:0
tower_0/v/gradients/tower_0/v/cg/resnet_v14/conv16/batchnorm16/FusedBatchNormV3_grad/FusedBatchNormGradV3:4
tower_0/v/gradients/tower_0/v/cg/resnet_v13/conv13/conv2d/Conv2D_grad/Conv2DBackpropInput:0
tower_0/v/gradients/tower_0/v/cg/resnet_v17/conv27/batchnorm27/FusedBatchNormV3_grad/FusedBatchNormGradV3:4
tower_0/v/gradients/tower_0/v/l2_loss/L2Loss_49_grad/mul:0
tower_0/v/cg/resnet_v110/conv34/batchnorm34/FusedBatchNormV3:3
tower_0/v/gradients/tower_0/v/cg/resnet_v10/conv3/batchnorm3/FusedBatchNormV3_grad/FusedBatchNormGradV3:2
tower_0/v/gradients/tower_0/v/cg/resnet_v113/conv44/conv2d/Conv2D_grad/Conv2DBackpropInput:0
tower_0/v/gradients/tower_0/v/cg/resnet_v13/conv11/batchnorm11/FusedBatchNormV3_grad/FusedBatchNormGradV3:0
tower_0/v/cg/resnet_v14/conv16/batchnorm16/FusedBatchNormV3:4
tower_0/v/l2_loss/L2Loss_29:0
tower_0/v/gradients/tower_0/v/cg/affine0/xw_plus_b/MatMul_grad/MatMul:0
tower_0/v/cg/resnet_v11/conv7/batchnorm7/FusedBatchNormV3:1
tower_0/v/l2_loss/L2Loss_9:0
tower_0/v/cg/resnet_v111/conv39/batchnorm39/FusedBatchNormV3:0
tower_0/v/cg/resnet_v16/conv23/conv2d/Conv2D:0
tower_0/v/gradients/tower_0/v/cg/resnet_v113/conv44/batchnorm44/FusedBatchNormV3_grad/FusedBatchNormGradV3:0
tower_0/v/cg/resnet_v112/conv42/batchnorm42/FusedBatchNormV3:4
tower_0/v/gradients/tower_0/v/l2_loss/L2Loss_52_grad/mul:0
tower_0/v/cg/resnet_v11/conv7/batchnorm7/FusedBatchNormV3:2
tower_0/v/l2_loss/L2Loss_21:0
tower_0/v/cg/resnet_v17/conv26/batchnorm26/FusedBatchNormV3:0
tower_0/v/gradients/tower_0/v/cg/resnet_v111/conv37/batchnorm37/FusedBatchNormV3_grad/FusedBatchNormGradV3:1
tower_0/v/gradients/tower_0/v/l2_loss/L2Loss_8_grad/mul:0
tower_0/v/gradients/tower_0/v/cg/resnet_v110/conv36/batchnorm36/FusedBatchNormV3_grad/FusedBatchNormGradV3:4
tower_0/v/cg/resnet_v16/conv21/batchnorm21/FusedBatchNormV3:1
