0.000244140625
0.0087890625
0.0087890625
0.000244140625
0.000244140625
0.000244140625
0.000244140625
0.000244140625
0.000244140625
0.000244140625
0.000244140625
0.000244140625
0.000244140625
0.000244140625
0.000244140625
0.000244140625
0.0087890625
0.000244140625
0.000244140625
0.000244140625
0.000244140625
0.000244140625
0.000244140625
0.000244140625
0.000244140625
0.000244140625
0.0087890625
0.000244140625
0.0087890625
0.0087890625
0.0087890625
0.000244140625
0.000244140625
0.000244140625
0.000244140625
0.0087890625
0.000244140625
0.000244140625
0.000244140625
0.000244140625
0.000244140625
0.000244140625
0.0087890625
0.000244140625
0.0087890625
0.0087890625
0.0087890625
0.0087890625
0.0087890625
0.0087890625
0.0087890625
0.0087890625
0.0087890625
0.10791015625
0.03369140625
0.08056640625
85.1875
0.08056640625
0.08056640625
85.1875
0.08056640625
0.08056640625
85.1875
0.08056640625
0.504638671875
0.129638671875
113.0625
0.254638671875
0.254638671875
113.0625
0.254638671875
0.254638671875
113.0625
0.254638671875
0.254638671875
113.0625
0.254638671875
2.001220703125
0.501220703125
83.25
1.001220703125
1.001953125
83.25
1.001953125
1.001953125
83.25
1.001220703125
1.001953125
83.25
1.001220703125
1.001953125
83.25
1.001220703125
1.001953125
83.25
1.001220703125
2.00048828125
8.00048828125
81.0
4.00048828125
4.00048828125
81.0
4.00048828125
4.00048828125
81.0
4.00048828125
0.000244140625
10.12890625
4.00390625
88.82080078125
81.0
28.50439453125
7.82470703125
13.0048828125
7.82470703125
148.432861328125
131.611572265625
28.504150390625
4.00439453125
58.00048828125
9.00439453125
13.0048828125
4.00439453125
116.0048828125
107.00390625
51.0
2.004638671875
21.00439453125
1.00244140625
298.04736328125
83.25
50.004638671875
1.0029296875
21.25537109375
1.0029296875
198.50048828125
83.25
50.00439453125
1.0029296875
13.253662109375
1.0029296875
206.502197265625
85.001220703125
50.00439453125
1.0029296875
13.253662109375
1.0029296875
207.50244140625
85.001220703125
50.00439453125
1.004638671875
16.256591796875
1.003173828125
198.50048828125
83.25
50.006103515625
1.003173828125
100.25
2.00244140625
20.005859375
1.004150390625
196.75
126.50048828125
147.515625
0.50439453125
32.7607421875
0.25244140625
138.000244140625
113.0625
98.256591796875
0.254150390625
32.7607421875
0.25244140625
137.5625
113.0625
98.256591796875
0.2529296875
32.7607421875
0.25244140625
144.31396484375
113.0625
98.256591796875
0.254150390625
196.5
0.56494140625
32.7607421875
0.254150390625
196.568359375
172.068359375
269.7568359375
0.12744140625
49.143310546875
0.0654296875
134.296875
0.25537109375
196.082763671875
0.0654296875
49.082763671875
0.0654296875
134.296875
0.25537109375
196.082763671875
0.0654296875
49.141357421875
0.0654296875
49.082763671875
0.0654296875
196.25
0.14599609375
49.035888671875
0.0185546875
0.070068359375
