1602298011492912	256
1602298011493049	256
1602298011493267	-256
1602298011493297	256
1602298011493524	256
1602298011493589	256
1602298011493680	-256
1602298011493808	256
1602298011493879	256
1602298011494036	256
1602298011494140	-256
1602298011494236	768
1602298011494251	256
1602298011494482	256
1602298011494578	-256
1602298011494601	256
1602298011494775	-256
1602298011494777	-256
1602298011494778	-256
1602298011494779	-256
1602298011494801	256
1602298011495002	-256
1602298011495024	-256
1602298011495082	-256
1602298011496579	256
1602298011496584	256
1602298011496671	-256
1602298011496699	65536
1602298011496757	256
1602298011496760	256
1602298011496815	-256
1602298011496835	131072
1602298011496902	256
1602298011496904	256
1602298011496960	-256
1602298011496979	589824
1602298011497031	256
1602298011497032	256
1602298011497087	-256
1602298011497106	147456
1602298011497156	256
1602298011497158	256
1602298011497213	-256
1602298011497235	1048576
1602298011497288	256
1602298011497290	256
1602298011497347	-256
1602298011497369	65536
1602298011497417	256
1602298011497419	256
1602298011497472	-256
1602298011497490	65536
1602298011497540	256
1602298011497563	9216
1602298011497634	-9216
1602298011497656	9437184
1602298011497712	256
1602298011497714	256
1602298011497768	-256
1602298011497788	147456
1602298011497847	111992832
1602298011497919	256
1602298011497922	256
1602298011497975	-256
1602298011497996	37632
1602298011498047	256
1602298011498102	16384
1602298011498147	256
1602298011498161	9216
1602298011498225	-9216
1602298011498247	4194304
1602298011498301	256
1602298011498349	4096
1602298011498394	256
1602298011498396	256
1602298011498449	-256
1602298011498469	147456
1602298011498523	256
1602298011498525	256
1602298011498580	-256
1602298011498600	65536
1602298011498646	256
1602298011498660	9216
1602298011498723	-9216
1602298011498742	4194304
1602298011498792	256
1602298011498795	256
1602298011498851	-256
1602298011498871	589824
1602298011498926	256
1602298011498928	256
1602298011498983	-256
1602298011498999	65536
1602298011499047	256
1602298011499049	256
1602298011499101	-256
1602298011499119	589824
1602298011499166	256
1602298011499168	256
1602298011499221	-256
1602298011499238	262144
1602298011499288	256
1602298011499290	256
1602298011499343	-256
1602298011499364	65536
1602298011499410	256
1602298011499412	256
1602298011499464	-256
1602298011499482	524288
1602298011499532	256
1602298011499534	256
1602298011499586	-256
1602298011499603	589824
1602298011499652	256
1602298011499666	9216
1602298011499730	-9216
1602298011499751	2097152
1602298011499801	256
1602298011499815	9216
1602298011499877	-9216
1602298011499896	8200192
1602298011499947	256
1602298011499949	256
1602298011500002	-256
1602298011500023	262144
1602298011500073	256
1602298011500075	256
1602298011500128	-256
1602298011500148	262144
1602298011500201	256
1602298011500203	256
1602298011500258	-256
1602298011500279	262144
1602298011500328	256
1602298011500330	256
1602298011500395	-256
1602298011500417	1048576
1602298011500466	256
1602298011500469	256
1602298011500521	-256
1602298011500541	262144
1602298011500592	256
1602298011500594	256
1602298011500647	-256
1602298011500668	262144
1602298011500719	256
1602298011500732	9216
1602298011500798	-9216
1602298011500819	2359296
1602298011500871	256
1602298011500873	256
1602298011500928	-256
1602298011500948	1048576
1602298011501002	256
1602298011501015	9216
1602298011501080	-9216
1602298011501101	2359296
1602298011501151	256
1602298011501164	9216
1602298011501225	-9216
1602298011501244	4194304
1602298011501292	256
1602298011501295	256
1602298011501358	-256
1602298011501380	524288
1602298011501432	256
1602298011501446	9216
1602298011501509	-9216
1602298011501527	2359296
1602298011501573	256
1602298011501586	9216
1602298011501646	-9216
1602298011501664	2359296
1602298011501718	256
1602298011501720	256
1602298011501773	-256
1602298011501789	262144
1602298011501838	256
1602298011501851	9216
1602298011501912	-9216
1602298011501931	2097152
1602298011501980	256
1602298011501982	256
1602298011502036	-256
1602298011502056	1048576
1602298011502104	256
1602298011502106	256
1602298011502158	-256
1602298011502174	1048576
1602298011502220	256
1602298011502233	9216
1602298011502295	-9216
1602298011502312	2359296
1602298011502358	256
1602298011502370	9216
1602298011502431	-9216
1602298011502452	2359296
1602298011502520	256
1602298011502533	9216
1602298011502595	-9216
1602298011502614	4194304
1602298011502662	256
1602298011502664	256
1602298011502716	-256
1602298011502733	1048576
1602298011502780	256
1602298011502793	9216
1602298011502855	-9216
1602298011502872	4194304
1602298011502918	256
1602298011502920	256
1602298011502972	-256
1602298011502992	1048576
1602298011503041	256
1602298011503053	9216
1602298011503114	-9216
1602298011503132	8388608
1602298011503179	256
1602298011503191	9216
1602298011503251	-9216
1602298011503269	9437184
1602298011503315	256
1602298011503317	256
1602298011503369	-256
1602298011503387	1048576
1602298011503435	256
1602298011503448	9216
1602298011503510	-9216
1602298011503527	9437184
1602298011503577	256
1602298011503579	256
1602298011503634	-256
1602298011503654	1048576
1602298011503702	256
1602298011503704	256
1602298011503757	-256
1602298011503774	1048576
1602298011503820	256
1602298011503822	256
1602298011503874	-256
1602298011503891	1048576
1602298011503951	118072832
1602298011503999	-111992832
1602298011504208	-256
1602298011504210	-256
1602298011504211	-256
1602298011504212	-256
1602298011504214	-256
1602298011504215	-256
1602298011504216	-256
1602298011504217	-256
1602298011504217	-256
1602298011504218	-256
1602298011504219	-256
1602298011504220	-256
1602298011504221	-256
1602298011504222	-256
1602298011504223	-256
1602298011504223	-256
1602298011504224	-256
1602298011504225	-256
1602298011504226	-256
1602298011504227	-256
1602298011504228	-256
1602298011504228	-256
1602298011504229	-256
1602298011504231	-256
1602298011504232	-256
1602298011504233	-256
1602298011504234	-256
1602298011504234	-256
1602298011504235	-256
1602298011504236	-256
1602298011504237	-256
1602298011504238	-256
1602298011504238	-256
1602298011504239	-256
1602298011504240	-256
1602298011504241	-256
1602298011504242	-256
1602298011504242	-256
1602298011504243	-256
1602298011504244	-256
1602298011504245	-256
1602298011504246	-256
1602298011504247	-256
1602298011504248	-256
1602298011504248	-256
1602298011504249	-256
1602298011504250	-256
1602298011504251	-256
1602298011504252	-256
1602298011504253	-256
1602298011504254	-256
1602298011504254	-256
1602298011504255	-256
1602298011504256	-256
1602298011504290	597295104
1602298011504304	37632
1602298011504421	75520
1602298011504542	-75520
1602298011504548	-37632
1602298011504655	597295104
1602298011504656	256
1602298011504657	256
1602298011504658	256
1602298011504659	256
1602298011504946	149323776
1602298011505124	597295104
1602298011505131	65536
1602298011505185	18944
1602298011505270	-18944
1602298011505274	-65536
1602298011505350	149323776
1602298011505356	16384
1602298011505411	18944
1602298011505488	-18944
1602298011505491	-16384
1602298011505558	-256
1602298011505601	-256
1602298011505618	597295104
1602298011505620	1024
1602298011505621	1024
1602298011505622	1024
1602298011505623	1024
1602298011505767	149323776
1602298011505768	256
1602298011505769	256
1602298011505770	256
1602298011505771	256
1602298011506190	149323776
1602298011506196	147456
1602298011506252	225099776
1602298011506722	-225099776
1602298011506726	-147456
1602298011506917	-1024
1602298011506958	-1024
1602298011506972	149323776
1602298011506974	256
1602298011506975	256
1602298011506976	256
1602298011506977	256
1602298011507138	-256
1602298011507181	-256
1602298011507321	597295104
1602298011507328	65536
1602298011507382	18944
1602298011507462	-18944
1602298011507466	-65536
1602298011507615	597295104
1602298011507617	1024
1602298011507617	1024
1602298011507618	1024
1602298011507620	1024
1602298011507783	-256
1602298011507826	-256
1602298011507873	-597295104
1602298011508098	149323776
1602298011508105	65536
1602298011508159	18944
1602298011508243	-18944
1602298011508247	-65536
1602298011508329	-1024
1602298011508381	-1024
1602298011508397	149323776
1602298011508399	256
1602298011508399	256
1602298011508400	256
1602298011508401	256
1602298011508663	149323776
1602298011508669	147456
1602298011508723	225099776
1602298011509118	-225099776
1602298011509122	-147456
1602298011509280	149323776
1602298011509281	256
1602298011509282	256
1602298011509282	256
1602298011509283	256
1602298011509441	-256
1602298011509483	-256
1602298011509642	597295104
1602298011509648	65536
1602298011509702	18944
1602298011509782	-18944
1602298011509786	-65536
1602298011509933	597295104
1602298011509934	1024
1602298011509935	1024
1602298011509936	1024
1602298011509938	1024
1602298011510097	-256
1602298011510140	-256
1602298011510402	149323776
1602298011510408	65536
1602298011510462	18944
1602298011510547	-18944
1602298011510550	-65536
1602298011510641	-1024
1602298011510685	-1024
1602298011510699	149323776
1602298011510700	256
1602298011510701	256
1602298011510702	256
1602298011510703	256
1602298011510992	149323776
1602298011510998	147456
1602298011511050	225099776
1602298011511448	-225099776
1602298011511452	-147456
1602298011511613	149323776
1602298011511614	256
1602298011511618	256
1602298011511619	256
1602298011511620	256
1602298011511789	-256
1602298011511837	-256
1602298011511989	597295104
1602298011511995	65536
1602298011512052	18944
1602298011512136	-18944
1602298011512139	-65536
1602298011512292	597295104
1602298011512293	1024
1602298011512294	1024
1602298011512295	1024
1602298011512297	1024
1602298011512475	-256
1602298011512525	-256
1602298011512837	298647552
1602298011512843	524288
1602298011512899	4864
1602298011512981	-4864
1602298011512985	-524288
1602298011513061	111982592
1602298011513067	131072
1602298011513123	4864
1602298011513204	-4864
1602298011513207	-131072
1602298011513270	-1024
1602298011513317	-1024
1602298011513332	298647552
1602298011513333	2048
1602298011513334	2048
1602298011513335	2048
1602298011513336	2048
1602298011513462	74661888
1602298011513463	512
1602298011513464	768
1602298011513465	512
1602298011513470	512
1602298011513908	74661888
1602298011513917	589824
1602298011513973	278552576
1602298011514147	-278552576
1602298011514151	-589824
1602298011514342	-2048
1602298011514384	-2048
1602298011514401	74661888
1602298011514402	512
1602298011514404	512
1602298011514405	512
1602298011514405	512
1602298011514570	-512
1602298011514618	-768
1602298011514764	298647552
1602298011514771	262144
1602298011514828	4864
1602298011514911	-4864
1602298011514915	-262144
1602298011515069	298647552
1602298011515071	2048
1602298011515072	2048
1602298011515073	2048
1602298011515074	2048
1602298011515242	-512
1602298011515292	-512
1602298011515338	-298647552
1602298011515575	74661888
1602298011515582	262144
1602298011515636	4864
1602298011515721	-4864
1602298011515724	-262144
1602298011515814	-2048
1602298011515863	-2048
1602298011515876	74661888
1602298011515877	512
1602298011515878	768
1602298011515879	512
1602298011515880	512
1602298011516143	74661888
1602298011516149	589824
1602298011516203	278552576
1602298011516393	-278552576
1602298011516397	-589824
1602298011516561	74663936
1602298011516563	512
1602298011516567	512
1602298011516568	512
1602298011516569	512
1602298011516725	-512
1602298011516775	-768
1602298011516919	298647552
1602298011516925	262144
1602298011516978	4864
1602298011517057	-4864
1602298011517061	-262144
1602298011517205	298647552
1602298011517206	2048
1602298011517208	2048
1602298011517209	2048
1602298011517210	2048
1602298011517362	-512
1602298011517409	-512
1602298011517682	74661888
1602298011517687	262144
1602298011517739	4864
1602298011517815	-4864
1602298011517819	-262144
1602298011517903	-2048
1602298011517946	-2048
1602298011517959	74661888
1602298011517960	512
1602298011517960	768
1602298011517962	512
1602298011517963	512
1602298011518218	74661888
1602298011518224	589824
1602298011518277	278552576
1602298011518439	-278552576
1602298011518443	-589824
1602298011518599	74661888
1602298011518600	512
1602298011518601	512
1602298011518602	512
1602298011518603	512
1602298011518755	-512
1602298011518800	-768
1602298011518951	298647552
1602298011518957	262144
1602298011519009	4864
1602298011519087	-4864
1602298011519091	-262144
1602298011519236	298647552
1602298011519237	2048
1602298011519238	2048
1602298011519239	2048
1602298011519240	2048
1602298011519397	-512
1602298011519438	-512
1602298011519707	74661888
1602298011519713	262144
1602298011519767	4864
1602298011519845	-4864
1602298011519849	-262144
1602298011519930	-2048
1602298011519975	-2048
1602298011519989	74661888
1602298011519990	512
1602298011519991	768
1602298011519992	512
1602298011519993	512
1602298011520246	74661888
1602298011520252	589824
1602298011520307	278552576
1602298011520485	-278552576
1602298011520489	-589824
1602298011520637	74661888
1602298011520639	512
1602298011520640	512
1602298011520640	512
1602298011520641	512
1602298011520800	-512
1602298011520843	-768
1602298011521001	298647552
1602298011521007	262144
1602298011521058	4864
1602298011521139	-4864
1602298011521142	-262144
1602298011521286	298647552
1602298011521287	2048
1602298011521288	2048
1602298011521292	2048
1602298011521293	2048
1602298011521449	-512
1602298011521494	-512
1602298011521784	37330944
1602298011521790	524288
1602298011521841	1280
1602298011521919	-1280
1602298011521922	-524288
1602298011521983	149323776
1602298011521989	2097152
1602298011522043	1280
1602298011522117	-1280
1602298011522120	-2097152
1602298011522181	-2048
1602298011522221	-2048
1602298011522237	37330944
1602298011522238	1024
1602298011522239	1024
1602298011522240	1024
1602298011522241	1024
1602298011522361	149323776
1602298011522362	4096
1602298011522364	4096
1602298011522365	4096
1602298011522365	4096
1602298011522746	37330944
1602298011522752	2359296
1602298011522808	235929600
1602298011522946	-235929600
1602298011522950	-2359296
1602298011523184	37330944
1602298011523186	1024
1602298011523187	1024
1602298011523188	1024
1602298011523190	1024
1602298011523341	-1024
1602298011523380	-1024
1602298011523419	-4096
1602298011523455	-4096
1602298011523579	149323776
1602298011523584	1048576
1602298011523640	1280
1602298011523730	-1280
1602298011523734	-1048576
1602298011523908	149323776
1602298011523910	4096
1602298011523911	4096
1602298011523912	4096
1602298011523913	4096
1602298011524074	-1024
1602298011524125	-1024
1602298011524175	-149323776
1602298011524445	37330944
1602298011524451	1048576
1602298011524514	1280
1602298011524595	-1280
1602298011524599	-1048576
1602298011524687	-4096
1602298011524727	-4096
1602298011524749	37330944
1602298011524751	1024
1602298011524751	1024
1602298011524752	1024
1602298011524753	1024
1602298011525021	37330944
1602298011525026	2359296
1602298011525081	235929600
1602298011525204	-235929600
1602298011525208	-2359296
1602298011525361	37330944
1602298011525363	1024
1602298011525363	1024
1602298011525364	1024
1602298011525365	1024
1602298011525522	-1024
1602298011525575	-1024
1602298011525770	149323776
1602298011525776	1048576
1602298011525829	1280
1602298011525910	-1280
1602298011525913	-1048576
1602298011526068	149323776
1602298011526069	4096
1602298011526070	4096
1602298011526071	4096
1602298011526072	4096
1602298011526239	-1024
1602298011526280	-1024
1602298011526574	37330944
1602298011526580	1048576
1602298011526633	2048
1602298011526716	-2048
1602298011526719	-1048576
1602298011526813	-4096
1602298011526862	-4096
1602298011526879	37330944
1602298011526880	1024
1602298011526881	1024
1602298011526882	1024
1602298011526882	1024
1602298011527153	37330944
1602298011527159	2359296
1602298011527219	235929600
1602298011527341	-235929600
1602298011527345	-2359296
1602298011527496	37330944
1602298011527497	1024
1602298011527498	1024
1602298011527499	1024
1602298011527499	1024
1602298011527669	-1024
1602298011527710	-1024
1602298011527872	149323776
1602298011527878	1048576
1602298011527930	1280
1602298011528012	-1280
1602298011528016	-1048576
1602298011528174	149323776
1602298011528175	4096
1602298011528176	4096
1602298011528177	4096
1602298011528178	4096
1602298011528342	-1024
1602298011528405	-1024
1602298011528695	37330944
1602298011528700	1048576
1602298011528757	2048
1602298011528843	-2048
1602298011528846	-1048576
1602298011528933	-4096
1602298011528975	-4096
1602298011528987	37330944
1602298011528988	1024
1602298011528989	1024
1602298011528990	1024
1602298011528991	1024
1602298011529251	37330944
1602298011529256	2359296
1602298011529315	235929600
1602298011529430	-235929600
1602298011529433	-2359296
1602298011529580	37330944
1602298011529581	1024
1602298011529582	1024
1602298011529583	1024
1602298011529584	1024
1602298011529740	-1024
1602298011529785	-1024
1602298011529934	149323776
1602298011529940	1048576
1602298011529995	1280
1602298011530073	-1280
1602298011530076	-1048576
1602298011530223	149323776
1602298011530224	4096
1602298011530225	4096
1602298011530226	4096
1602298011530226	4096
1602298011530377	-1024
1602298011530423	-1024
1602298011532181	37330944
1602298011532186	1048576
1602298011532237	2048
1602298011532983	-2048
1602298011532986	-1048576
1602298011533544	-4096
1602298011533590	-4096
1602298011533603	37330944
1602298011533604	1024
1602298011533604	1024
1602298011533606	1024
1602298011533606	1024
1602298011533873	37330944
1602298011533879	2359296
1602298011536629	235929600
1602298011539911	-235929600
1602298011539915	-2359296
1602298011543334	37330944
1602298011543335	1024
1602298011543336	1024
1602298011543337	1024
1602298011543337	1024
1602298011543489	-1024
1602298011545628	-1024
1602298011545781	149323776
1602298011545787	1048576
1602298011545836	1280
1602298011548256	-1280
1602298011548260	-1048576
1602298011549701	149323776
1602298011549701	4096
1602298011549702	4096
1602298011549703	4096
1602298011549704	4096
1602298011549867	-1024
1602298011549908	-1024
1602298011554322	37330944
1602298011554327	1048576
1602298011554874	2048
1602298011554950	-2048
1602298011554952	-1048576
1602298011555036	-4096
1602298011555079	-4096
1602298011555093	37330944
1602298011555094	1024
1602298011555095	1024
1602298011555096	1024
1602298011555096	1024
1602298011558010	37330944
1602298011558016	2359296
1602298011561227	235929600
1602298011564629	-235929600
1602298011564633	-2359296
1602298011566996	37330944
1602298011566997	1024
1602298011566997	1024
1602298011566998	1024
1602298011566999	1024
1602298011567155	-1024
1602298011567193	-1024
1602298011569572	149323776
1602298011569577	1048576
1602298011569625	1280
1602298011571002	-1280
1602298011571005	-1048576
1602298011571148	149323776
1602298011571149	4096
1602298011571150	4096
1602298011571151	4096
1602298011571151	4096
1602298011571302	-1024
1602298011574677	-1024
1602298011576208	74661888
1602298011576214	8388608
1602298011576265	512
1602298011576336	-512
1602298011576339	-8388608
1602298011576384	18665472
1602298011576389	2097152
1602298011579241	512
1602298011582454	-512
1602298011582457	-2097152
1602298011582546	-4096
1602298011585824	-4096
1602298011585843	74661888
1602298011585844	8192
1602298011585845	8192
1602298011585845	8192
1602298011585846	8192
1602298011585948	18665472
1602298011585949	2048
1602298011585950	2048
1602298011585951	2048
1602298011585951	2048
1602298011593176	18665472
1602298011593183	9437184
1602298011593234	150994944
1602298011596516	-150994944
1602298011596519	-9437184
1602298011596847	-8192
1602298011596891	-8192
1602298011596901	18665472
1602298011596902	2048
1602298011596903	2048
1602298011596903	2048
1602298011596904	2048
1602298011597039	-2048
1602298011597076	-2048
1602298011599439	74661888
1602298011599444	4194304
1602298011599485	512
1602298011599550	-512
1602298011599552	-4194304
1602298011599943	74661888
1602298011599943	10240
1602298011599944	8192
1602298011599945	8192
1602298011599946	8192
1602298011600252	-2048
1602298011600287	-2048
1602298011600328	-74661888
1602298011604523	18665472
1602298011604527	4194304
1602298011604569	512
1602298011606218	-512
1602298011606221	-4194304
1602298011606292	-10240
1602298011607381	-8192
1602298011607393	18665472
1602298011607394	2048
1602298011607394	2048
1602298011607395	2048
1602298011607395	2048
1602298011607589	18665472
1602298011607593	18673664
1602298011609908	150994944
1602298011610665	-150994944
1602298011610668	-18673664
1602298011610804	18673664
1602298011610805	2048
1602298011610806	2048
1602298011610807	2048
1602298011610807	2048
1602298011613202	-2048
1602298011613239	-2048
1602298011613962	74661888
1602298011613966	4194304
1602298011614015	512
1602298011614076	-512
1602298011614078	-4194304
1602298011616648	74661888
1602298011616649	8192
1602298011616649	8192
1602298011616650	8192
1602298011616650	8192
1602298011616761	-2048
1602298011618274	-2048
1602298011621205	18665472
1602298011621209	4194304
1602298011621249	512
1602298011621309	-512
1602298011621311	-4194304
1602298011623680	-8192
1602298011623717	-8192
1602298011623729	18665472
1602298011623730	2048
1602298011623731	2048
1602298011623731	2048
1602298011623732	2048
1602298011624510	18665472
1602298011624514	9437184
1602298011624554	150994944
1602298011627430	-150994944
1602298011627433	-9437184
1602298011627747	18665472
1602298011627748	2048
1602298011627749	2048
1602298011627749	2048
1602298011627750	2048
1602298011627853	-2048
1602298011627887	-2048
1602298011630448	74661888
1602298011630451	4194304
1602298011630488	512
1602298011632022	-512
1602298011632024	-4194304
1602298011633728	74661888
1602298011633729	10240
1602298011633730	8192
1602298011633730	8192
1602298011633731	8192
1602298011633840	-2048
1602298011634884	-2048
1602298011638034	-10240
1602298011638066	-8192
1602298011638079	1523712
1602298011638154	744960
1602298011638304	768
1602298011638306	1024
1602298011641393	-768
1602298011641400	-768
1602298011641461	256
1602298011644052	-1024
1602298011644066	4096
1602298011644115	1523712
1602298011644198	8200192
1602298011645639	-1523712
1602298011645641	-744960
1602298011645725	-4096
1602298011647341	-8200192
1602298011647374	-256
1602298011647415	-4096
1602298011647427	74661888
1602298011648532	-1523712
1602298011648573	-8200192
1602298011648664	-74661888
1602298011648686	74670080
1602298011648686	10240
1602298011648687	8192
1602298011648687	256
1602298011648729	256
1602298011649908	-74661888
1602298011649909	-8192
1602298011649910	-8192
1602298011649911	-256
1602298011649912	-256
1602298011649991	18665472
1602298011650001	8192512
1602298011650029	18665472
1602298011650051	4096
1602298011656000	-18665472
1602298011656003	-4096
1602298011656003	-8192512
1602298011656028	8192512
1602298011656037	4194304
1602298011656057	4096
1602298011656190	-4096
1602298011656192	-4194304
1602298011656200	-74670080
1602298011656240	-10240
1602298011656424	-8192
1602298011656462	-18665472
1602298011658231	-4194304
1602298011658248	18665472
1602298011658249	2048
1602298011658249	2048
1602298011658250	256
1602298011658558	256
1602298011658620	-18665472
1602298011658622	-18665472
1602298011658622	-2048
1602298011658623	-2048
1602298011658625	-256
1602298011658625	-256
1602298011658671	-8192512
1602298011658682	18665472
1602298011658688	9437184
1602298011658833	18665472
1602298011658850	150994944
1602298011659013	-18665472
1602298011659015	-150994944
1602298011659017	-9437184
1602298011659040	9437184
1602298011659047	18665472
1602298011659062	147456000
1602298011661587	-147456000
1602298011661589	-18665472
1602298011661597	-18665472
1602298011661644	-2048
1602298011661679	-2048
1602298011662511	-18665472
1602298011662543	-9437184
1602298011662556	18665472
1602298011662557	2048
1602298011662557	2048
1602298011662558	256
1602298011663349	256
1602298011663410	-18665472
1602298011663411	-18665472
1602298011663412	-2048
1602298011663412	-2048
1602298011663414	-256
1602298011663414	-256
1602298011663962	-9437184
1602298011663974	74661888
1602298011663979	4194304
1602298011664003	124009984
1602298011664017	4096
1602298011664093	-74661888
1602298011664095	-4096
1602298011664096	-4194304
1602298011664119	4194304
1602298011664126	8200704
1602298011664139	4096
1602298011667115	-4096
1602298011667117	-8200704
1602298011667125	-18665472
1602298011667172	-2048
1602298011667205	-2048
1602298011667485	-124009984
1602298011667523	-4194304
1602298011669289	-74661888
1602298011669617	-4194304
1602298011669627	74678272
1602298011669628	8192
1602298011669628	8192
1602298011669629	256
1602298011669650	256
1602298011669905	-74661888
1602298011669906	-8192
1602298011669911	-8192
1602298011669912	-256
1602298011669913	-256
1602298011669929	18665472
1602298011669934	4194304
1602298011669960	18665472
1602298011669973	4096
1602298011670086	-18665472
1602298011670089	-4096
1602298011670089	-4194304
1602298011670110	4194304
1602298011670116	8200704
1602298011670129	4096
1602298011673517	-4096
1602298011673520	-8200704
1602298011673527	-74678272
1602298011673567	-8192
1602298011673601	-8192
1602298011674387	-18673664
1602298011674417	-4194304
1602298011674433	18665472
1602298011674433	2048
1602298011674434	2048
1602298011674434	256
1602298011674455	256
1602298011675025	-18665472
1602298011675026	-18665472
1602298011675027	-2048
1602298011675028	-2048
1602298011675029	-256
1602298011675030	-256
1602298011675076	-4194304
1602298011675086	18665472
1602298011675091	9437184
1602298011675114	18673664
1602298011675128	150994944
1602298011677869	-18665472
1602298011677871	-150994944
1602298011677873	-9437184
1602298011677900	9437184
1602298011677907	18665472
1602298011677921	147456000
1602298011678282	-147456000
1602298011678284	-18665472
1602298011678291	-18665472
1602298011680033	-2048
1602298011680363	-2048
1602298011680401	-18665472
1602298011680435	-9437184
1602298011680445	18665472
1602298011680446	2048
1602298011680446	2048
1602298011680446	256
1602298011680633	256
1602298011680800	-18673664
1602298011680801	-18665472
1602298011680802	-2048
1602298011680802	-2048
1602298011680803	-256
1602298011680804	-256
1602298011680851	-9437184
1602298011680861	74661888
1602298011680866	4194304
1602298011680890	74661888
1602298011680903	4096
1602298011683369	-74661888
1602298011683372	-4096
1602298011683372	-4194304
1602298011683394	4194304
1602298011683400	4194304
1602298011683413	4096
1602298011685136	-4096
1602298011685139	-4194304
1602298011685146	-18665472
1602298011685197	-2048
1602298011685233	-2048
1602298011685740	-74661888
1602298011685774	-4194304
1602298011687931	-74661888
1602298011687985	-4194304
1602298011687996	74663936
1602298011687997	10240
1602298011687998	8192
1602298011687999	256
1602298011688021	256
1602298011688270	-74661888
1602298011688272	-8192
1602298011688272	-8192
1602298011688274	-256
1602298011688275	-256
1602298011688292	74661888
1602298011688293	8192
1602298011688293	8192
1602298011688294	256
1602298011688487	256
1602298011688685	-74661888
1602298011688688	-74661888
1602298011688688	-8192
1602298011688689	-8192
1602298011688690	-256
1602298011688690	-256
1602298011688711	149323776
1602298011688717	9437184
1602298011688745	149323776
1602298011689083	-149323776
1602298011689086	-9437184
1602298011689111	9437184
1602298011689118	9437696
1602298011689133	4096
1602298011691385	-4096
1602298011691387	-9437696
1602298011691394	-74663936
1602298011691435	-10240
1602298011691470	-8192
1602298011691482	18665472
1602298011691487	4194304
1602298011691570	18665472
1602298011691584	4096
1602298011691655	-18665472
1602298011691657	-4096
1602298011691658	-4194304
1602298011691679	4194304
1602298011691685	4194304
1602298011691697	4096
1602298011695026	-4096
1602298011695028	-4194304
1602298011695035	-74661888
1602298011695081	-8192
1602298011695878	-8192
1602298011695910	-8388608
1602298011695947	-18665472
1602298011696484	-4194304
1602298011696517	-9437184
1602298011696531	18665472
1602298011696532	2048
1602298011696532	2048
1602298011696533	256
1602298011696554	256
1602298011696615	-18665472
1602298011696616	-18665472
1602298011696617	-2048
1602298011696617	-2048
1602298011696619	-256
1602298011696619	-256
1602298011699178	-4194304
1602298011699189	18665472
1602298011699194	9437184
1602298011699217	18665472
1602298011699231	186654720
1602298011699609	-18665472
1602298011699612	-186654720
1602298011699612	-9437184
1602298011699639	9437184
1602298011699645	17826560
1602298011699658	186654720
1602298011702083	-186654720
1602298011702085	-17826560
1602298011702092	-18665472
1602298011702139	-2048
1602298011702359	-2048
1602298011702390	-18665472
1602298011702512	-9437184
1602298011702522	18665472
1602298011702522	2048
1602298011702523	2048
1602298011702523	256
1602298011702586	256
1602298011702642	-18665472
1602298011702644	-18665472
1602298011702644	-2048
1602298011702645	-2048
1602298011702646	-256
1602298011702647	-256
1602298011702685	-9437184
1602298011702693	261349376
1602298011702698	2097152
1602298011705096	149323776
1602298011705995	-261349376
1602298011705998	-2097152
1602298011706022	2097152
1602298011706029	2097152
1602298011706042	4096
1602298011706884	-4096
1602298011706886	-2097152
1602298011706893	-18665472
1602298011707458	-2048
1602298011707490	-2048
1602298011707519	-149323776
1602298011707547	-2097152
1602298011707575	-149323776
1602298011710159	-2097152
1602298011710169	149327872
1602298011710169	4096
1602298011710170	4096
1602298011710170	256
1602298011710192	256
1602298011710459	-149323776
1602298011710461	-4096
1602298011710461	-4096
1602298011710463	-256
1602298011710464	-256
1602298011710481	37330944
1602298011710487	1048576
1602298011710570	37330944
1602298011710584	3584
1602298011710651	-37330944
1602298011710654	-3584
1602298011710655	-1048576
1602298011710675	1048576
1602298011710681	1049088
1602298011710694	2560
1602298011713087	-2560
1602298011713089	-1049088
1602298011713096	-149327872
1602298011713336	-4096
1602298011713369	-4096
1602298011713405	-37330944
1602298011713514	-1048576
1602298011713523	37330944
1602298011713524	1024
1602298011713525	1024
1602298011713525	256
1602298011713550	256
1602298011713625	-37330944
1602298011713627	-37330944
1602298011713627	-1024
1602298011713628	-1024
1602298011713630	-256
1602298011713630	-256
1602298011713673	-1048576
1602298011713687	37330944
1602298011713692	4194304
1602298011713716	37330944
1602298011713731	263061504
1602298011717010	-37330944
1602298011717012	-263061504
1602298011717013	-4194304
1602298011717036	4194304
1602298011717042	4194304
1602298011717062	256745472
1602298011718454	-256745472
1602298011718457	-4194304
1602298011718464	-37330944
1602298011718510	-1024
1602298011718557	-1024
1602298011718593	-37330944
1602298011723490	-2359296
1602298011723502	37330944
1602298011723503	1024
1602298011723504	1024
1602298011723504	256
1602298011723532	256
1602298011723603	-37330944
1602298011723605	-37330944
1602298011723606	-1024
1602298011723606	-1024
1602298011723607	-256
1602298011723608	-256
1602298011724889	-4194304
1602298011724900	149323776
1602298011724906	1048832
1602298011724932	149323776
1602298011724946	4096
1602298011725501	-149323776
1602298011725503	-4096
1602298011725504	-1048832
1602298011725526	1048832
1602298011725533	1048576
1602298011725547	4096
1602298011725660	-4096
1602298011725662	-1048576
1602298011725670	-37330944
1602298011725707	-1024
1602298011725743	-1024
1602298011725777	-149323776
1602298011726008	-1048576
1602298011726111	-149323776
1602298011727857	-1048832
1602298011727868	149327872
1602298011727868	4096
1602298011727869	4096
1602298011727869	256
1602298011728090	256
1602298011728166	-149323776
1602298011728168	-4096
1602298011728168	-4096
1602298011728170	-256
1602298011728171	-256
1602298011728188	37330944
1602298011728194	1048832
1602298011728221	37330944
1602298011728234	3584
1602298011728308	-37330944
1602298011728310	-3584
1602298011728311	-1048832
1602298011728332	1048832
1602298011728338	1048576
1602298011728358	2560
1602298011728477	-2560
1602298011728479	-1048576
1602298011728487	-149327872
1602298011728523	-4096
1602298011728557	-4096
1602298011731011	-37330944
1602298011731041	-1048576
1602298011731055	37330944
1602298011731055	1024
1602298011731056	1024
1602298011731057	256
1602298011731077	256
1602298011731520	-37330944
1602298011731522	-37330944
1602298011731523	-1024
1602298011731523	-1024
1602298011731525	-256
1602298011731525	-256
1602298011731573	-1048832
1602298011731582	37330944
1602298011731587	4194304
1602298011731611	37330944
1602298011731630	263061504
1602298011732221	-37330944
1602298011732223	-263061504
1602298011732224	-4194304
1602298011732246	4194304
1602298011732252	4194304
1602298011732266	256745472
1602298011734931	-256745472
1602298011734934	-4194304
1602298011734942	-37330944
1602298011734982	-1024
1602298011735077	-1024
1602298011735155	-37330944
1602298011735186	-2359296
1602298011735199	37330944
1602298011735200	1024
1602298011735200	1024
1602298011735201	256
1602298011735221	256
1602298011735353	-37330944
1602298011735355	-37330944
1602298011735356	-1024
1602298011735356	-1024
1602298011735358	-256
1602298011735358	-256
1602298011735561	-4194304
1602298011735571	149323776
1602298011735576	1048576
1602298011735665	149323776
1602298011735678	4096
1602298011737661	-149323776
1602298011737664	-4096
1602298011737664	-1048576
1602298011737687	1048576
1602298011737693	1049088
1602298011737707	4096
1602298011737892	-4096
1602298011737894	-1049088
1602298011737901	-37330944
1602298011737939	-1024
1602298011737974	-1024
1602298011738004	-149323776
1602298011738038	-1048576
1602298011740554	-149323776
1602298011740587	-1048576
1602298011740602	149327872
1602298011740602	4096
1602298011740603	4096
1602298011740603	256
1602298011740625	256
1602298011741062	-149323776
1602298011741063	-4096
1602298011741063	-4096
1602298011741065	-256
1602298011741066	-256
1602298011741083	37330944
1602298011741089	1048576
1602298011741122	37330944
1602298011741136	3584
1602298011741466	-37330944
1602298011741468	-3584
1602298011741469	-1048576
1602298011741491	1048576
1602298011741497	1049088
1602298011741511	2560
1602298011741828	-2560
1602298011741831	-1049088
1602298011741837	-149327872
1602298011741885	-4096
1602298011744469	-4096
1602298011744502	-37330944
1602298011744538	-1048576
1602298011744547	37330944
1602298011744548	1024
1602298011744548	1024
1602298011744549	256
1602298011744626	256
1602298011744763	-37330944
1602298011744766	-37330944
1602298011744766	-1024
1602298011744767	-1024
1602298011744768	-256
1602298011744769	-256
1602298011744812	-1048576
1602298011744825	37330944
1602298011744830	4194304
1602298011744854	37330944
1602298011744868	263061504
1602298011746957	-37330944
1602298011746959	-263061504
1602298011746961	-4194304
1602298011746987	4194304
1602298011746994	4194304
1602298011747008	256745472
1602298011747369	-256745472
1602298011747371	-4194304
1602298011747379	-37330944
1602298011747426	-1024
1602298011747459	-1024
1602298011747490	-37330944
1602298011747525	-2359296
1602298011747535	37330944
1602298011747535	1024
1602298011747536	1024
1602298011747536	256
1602298011747561	256
1602298011747634	-37330944
1602298011747635	-37330944
1602298011747636	-1024
1602298011747637	-1024
1602298011747638	-256
1602298011747638	-256
1602298011750105	-4194304
1602298011750116	149323776
1602298011750121	1048576
1602298011750145	149323776
1602298011750159	4096
1602298011750582	-149323776
1602298011750584	-4096
1602298011750585	-1048576
1602298011750608	1048576
1602298011750615	1049088
1602298011750628	4096
1602298011751032	-4096
1602298011751034	-1049088
1602298011751041	-37330944
1602298011751084	-1024
1602298011751331	-1024
1602298011751367	-149323776
1602298011751400	-1048576
1602298011751714	-149323776
1602298011751973	-1048576
1602298011751982	149327872
1602298011751982	4096
1602298011751983	4096
1602298011751983	256
1602298011752007	256
1602298011752079	-149323776
1602298011752080	-4096
1602298011752080	-4096
1602298011752082	-256
1602298011752083	-256
1602298011752099	37330944
1602298011752104	1048576
1602298011752133	37330944
1602298011752146	3584
1602298011752221	-37330944
1602298011752223	-3584
1602298011752224	-1048576
1602298011752247	1048576
1602298011752253	1049088
1602298011752266	2560
1602298011752382	-2560
1602298011752385	-1049088
1602298011752392	-149327872
1602298011752429	-4096
1602298011752512	-4096
1602298011752548	-37330944
1602298011752577	-1048576
1602298011752590	47713792
1602298011752590	1024
1602298011752591	1024
1602298011752591	256
1602298011752612	256
1602298011752683	-37330944
1602298011752685	-37330944
1602298011752685	-1024
1602298011752686	-1024
1602298011752687	-256
1602298011752688	-256
1602298011752735	-1048576
1602298011752744	37330944
1602298011752750	2359808
1602298011753503	37330944
1602298011753517	263061504
1602298011754292	-37330944
1602298011754294	-263061504
1602298011754296	-2359808
1602298011754317	2359808
1602298011754323	4194304
1602298011754337	256745472
1602298011754988	-256
1602298011755016	-256745472
1602298011755019	-4194304
1602298011755026	-47713792
1602298011757840	-1024
1602298011757877	-1024
1602298011757912	-37330944
1602298011757940	-2359296
1602298011757953	37330944
1602298011757954	1024
1602298011757954	1024
1602298011757955	256
1602298011760651	256
1602298011760762	-37330944
1602298011760764	-37330944
1602298011760764	-1024
1602298011760765	-1024
1602298011760766	-256
1602298011760767	-256
1602298011760814	-2359808
1602298011760824	149323776
1602298011760830	1048576
1602298011760902	149323776
1602298011760916	4096
1602298011760981	-149323776
1602298011760983	-4096
1602298011760984	-1048576
1602298011761006	1048576
1602298011761012	1049088
1602298011761025	4096
1602298011761466	-4096
1602298011761469	-1049088
1602298011761476	-37330944
1602298011761578	-1024
1602298011763328	-1024
1602298011763565	-149323776
1602298011763749	-1048576
1602298011763913	-149323776
1602298011765624	-1048576
1602298011765638	149327872
1602298011765638	4096
1602298011765639	4096
1602298011765639	256
1602298011765721	256
1602298011766080	-149323776
1602298011766081	-4096
1602298011766082	-4096
1602298011766084	-256
1602298011766084	-256
1602298011766099	47713792
1602298011766104	1049088
1602298011766133	37330944
1602298011766148	3584
1602298011766226	-47713792
1602298011766228	-3584
1602298011766230	-1049088
1602298011766253	1049088
1602298011766260	1048576
1602298011766273	2560
1602298011766485	-2560
1602298011766487	-1048576
1602298011766494	-149327872
1602298011766559	-4096
1602298011766588	-4096
1602298011766624	-37330944
1602298011769272	-1048576
1602298011769282	37330944
1602298011769283	1024
1602298011769283	1024
1602298011769284	256
1602298011769309	256
1602298011769379	-37330944
1602298011769381	-37330944
1602298011769382	-1024
1602298011769383	-1024
1602298011769384	-256
1602298011769384	-256
1602298011772207	-1049088
1602298011772216	37330944
1602298011772221	4194304
1602298011772254	47713792
1602298011772268	263061504
1602298011772730	-37330944
1602298011772732	-263061504
1602298011772734	-4194304
1602298011772758	4194304
1602298011772764	4194304
1602298011772778	256745472
1602298011773827	-256745472
1602298011773829	-4194304
1602298011773836	-37330944
1602298011773893	-1024
1602298011773925	-1024
1602298011773961	-37330944
1602298011776740	-2359296
1602298011776750	37330944
1602298011776751	1024
1602298011776751	1024
1602298011776752	256
1602298011776778	256
1602298011776849	-47713792
1602298011776850	-37330944
1602298011776851	-1024
1602298011776851	-1024
1602298011776853	-256
1602298011776853	-256
1602298011776895	-4194304
1602298011776909	149323776
1602298011776914	1049088
1602298011779539	149323776
1602298011779553	4096
1602298011779639	-149323776
1602298011779641	-4096
1602298011779641	-1049088
1602298011779664	1049088
1602298011779670	1048576
1602298011779683	4096
1602298011779941	-4096
1602298011779943	-1048576
1602298011779951	-37330944
1602298011779990	-1024
1602298011780104	-1024
1602298011780365	-149323776
1602298011780471	-1048576
1602298011782204	-149323776
1602298011782442	-1049088
1602298011782451	149323776
1602298011782451	4096
1602298011782452	4096
1602298011782453	256
1602298011782617	256
1602298011782832	-149323776
1602298011782833	-4096
1602298011782834	-4096
1602298011782835	-256
1602298011782836	-256
1602298011782852	149323776
1602298011782853	4096
1602298011782853	4096
1602298011782854	256
1602298011784487	256
1602298011784636	-149323776
1602298011784638	-149323776
1602298011784639	-4096
1602298011784639	-4096
1602298011784641	-256
1602298011784641	-256
1602298011784661	298647552
1602298011784667	2097152
1602298011784893	298647552
1602298011784991	-298647552
1602298011784993	-2097152
1602298011785017	2097152
1602298011785024	2097152
1602298011785038	2560
1602298011785155	-2560
1602298011785158	-2097152
1602298011785165	-149323776
1602298011785282	-4096
1602298011785345	-4096
1602298011785354	50860032
1602298011785359	1048576
1602298011785411	37330944
1602298011785424	4096
1602298011788132	-50860032
1602298011788134	-4096
1602298011788135	-1048576
1602298011788157	1048576
1602298011788163	1048576
1602298011788176	4096
1602298011791402	-4096
1602298011791404	-1048576
1602298011791412	-149323776
1602298011791457	-4096
1602298011791490	-4096
1602298011791846	-2097152
1602298011791883	-37330944
1602298011792308	-1048576
1602298011792338	-2097152
1602298011792357	37331968
1602298011792358	1024
1602298011792358	1024
1602298011792359	256
1602298011792381	256
1602298011792454	-37330944
1602298011792456	-37330944
1602298011792457	-1024
1602298011792458	-1024
1602298011792459	-256
1602298011792459	-256
1602298011792996	-1048576
1602298011793006	50860032
1602298011793011	4194304
1602298011793034	37330944
1602298011793056	263061504
1602298011794002	-50860032
1602298011794004	-263061504
1602298011794005	-4194304
1602298011794027	4194304
1602298011794033	4194304
1602298011794046	256745472
1602298011807092	-256745472
1602298011807095	-4194304
1602298011807107	-37331968
1602298011807149	-1024
1602298011807183	-1024
1602298011807217	-37330944
1602298011807246	-2359296
1602298011807263	50860032
1602298011807264	1024
1602298011807264	1024
1602298011807265	256
1602298011807286	256
1602298011810072	-37330944
1602298011810074	-37330944
1602298011810075	-1024
1602298011810075	-1024
1602298011810076	-256
1602298011810077	-256
1602298011810124	-4194304
1602298011810134	298647552
1602298011810139	524288
1602298011810162	298647552
1602298011812833	-298647552
1602298011812835	-524288
1602298011812867	524288
1602298011812874	524544
1602298011812888	4096
1602298011813069	-4096
1602298011813071	-524544
1602298011813079	-50860032
1602298011813124	-1024
1602298011813167	-1024
1602298011813204	-298647552
1602298011813239	-524288
1602298011813359	-298647552
1602298011813395	-524288
1602298011813405	298649600
1602298011813406	2048
1602298011813406	2048
1602298011813407	256
1602298011813510	256
1602298011813824	-298647552
1602298011813825	-2048
1602298011813830	-2048
1602298011813832	-256
1602298011813833	-256
1602298011813848	74661888
1602298011813853	262144
1602298011813883	74661888
1602298011813896	6912
1602298011816031	-74661888
1602298011816033	-6912
1602298011816035	-262144
1602298011816057	262144
1602298011816063	262144
1602298011816076	2560
1602298011818320	-2560
1602298011818323	-262144
1602298011818330	-298649600
1602298011818368	-2048
1602298011818441	-2048
1602298011818505	-74661888
1602298011818536	-262144
1602298011818549	74661888
1602298011818550	768
1602298011818550	512
1602298011818551	256
1602298011818571	256
1602298011818742	-74661888
1602298011818743	-74661888
1602298011818744	-512
1602298011818745	-512
1602298011818746	-256
1602298011818746	-256
1602298011818794	-262144
1602298011818805	74661888
1602298011818810	1048832
1602298011818833	74661888
1602298011818847	278552576
1602298011819123	-74661888
1602298011819126	-278552576
1602298011819127	-1048832
1602298011819156	1048832
1602298011819162	1049088
1602298011819177	338337792
1602298011822517	-338337792
1602298011822520	-1049088
1602298011822527	-74661888
1602298011822574	-768
1602298011822610	-512
1602298011823379	-74661888
1602298011823415	-589824
1602298011823424	74661888
1602298011823424	768
1602298011823425	512
1602298011823425	256
1602298011824247	256
1602298011824324	-74661888
1602298011824326	-74661888
1602298011824327	-512
1602298011824327	-512
1602298011824329	-256
1602298011824329	-256
1602298011824386	-1048832
1602298011824396	298647552
1602298011824402	262400
1602298011824426	298647552
1602298011824439	6912
1602298011825498	-298647552
1602298011825501	-6912
1602298011825502	-262400
1602298011825524	262400
1602298011825530	262144
1602298011825544	4096
1602298011830747	-4096
1602298011830749	-262144
1602298011830756	-74661888
1602298011830794	-768
1602298011830830	-512
1602298011830866	-298647552
1602298011831006	-262144
1602298011831037	-298647552
1602298011831070	-262400
1602298011831081	298649600
1602298011831081	2048
1602298011831082	2048
1602298011831082	256
1602298011831336	256
1602298011831410	-298647552
1602298011831411	-2048
1602298011831412	-2048
1602298011831414	-256
1602298011831414	-256
1602298011831430	74661888
1602298011831436	262400
1602298011831463	74661888
1602298011831476	6912
1602298011833522	-74661888
1602298011833525	-6912
1602298011833526	-262400
1602298011833551	262400
1602298011833557	262144
1602298011833570	2560
1602298011836474	-2560
1602298011836477	-262144
1602298011836484	-298649600
1602298011836524	-2048
1602298011836560	-2048
1602298011836594	-74661888
1602298011836746	-262144
1602298011836760	74661888
1602298011836761	768
1602298011836761	512
1602298011836762	256
1602298011836783	256
1602298011836854	-74661888
1602298011836856	-74661888
1602298011836857	-512
1602298011836857	-512
1602298011836859	-256
1602298011836859	-256
1602298011837093	-262400
1602298011837102	74661888
1602298011837107	589824
1602298011837131	74661888
1602298011837149	278552576
1602298011837260	-74661888
1602298011837262	-278552576
1602298011837264	-589824
1602298011837286	589824
1602298011837292	1048832
1602298011837305	338337792
1602298011840073	-338337792
1602298011840075	-1048832
1602298011840082	-74661888
1602298011842653	-768
1602298011842689	-512
1602298011842720	-74661888
1602298011842754	-589824
1602298011842764	74661888
1602298011842765	768
1602298011842769	512
1602298011842770	256
1602298011843521	256
1602298011843595	-74661888
1602298011843597	-74661888
1602298011843597	-512
1602298011843598	-512
1602298011843599	-256
1602298011843599	-256
1602298011844399	-589824
1602298011844409	298647552
1602298011844415	262400
1602298011844439	298647552
1602298011844460	6912
1602298011845576	-298647552
1602298011845578	-6912
1602298011845580	-262400
1602298011845601	262400
1602298011845608	262144
1602298011845621	4096
1602298011848242	-4096
1602298011848244	-262144
1602298011848251	-74661888
1602298011848295	-768
1602298011850847	-512
1602298011850887	-298647552
1602298011850920	-262144
1602298011850951	-298647552
1602298011851105	-262400
1602298011851113	298651648
1602298011851114	2048
1602298011851114	2048
1602298011851115	256
1602298011851140	256
1602298011851211	-298647552
1602298011851213	-2048
1602298011851213	-2048
1602298011851215	-256
1602298011851216	-256
1602298011851231	74661888
1602298011851236	262400
1602298011851445	74661888
1602298011851458	6912
1602298011851870	-74661888
1602298011851872	-6912
1602298011851874	-262400
1602298011851896	262400
1602298011851902	262144
1602298011851915	2560
1602298011854975	-2560
1602298011854978	-262144
1602298011854985	-298651648
1602298011856368	-2048
1602298011856552	-2048
1602298011856588	-74663936
1602298011856621	-262144
1602298011856631	74661888
1602298011856632	768
1602298011856632	512
1602298011856633	256
1602298011856653	256
1602298011856869	-74661888
1602298011856871	-74661888
1602298011856871	-512
1602298011856877	-512
1602298011856878	-256
1602298011856878	-256
1602298011856920	-262400
1602298011856929	74661888
1602298011856934	589824
1602298011856962	74663936
1602298011856975	278552576
1602298011857228	-74661888
1602298011857231	-278552576
1602298011857232	-589824
1602298011857255	589824
1602298011857261	589824
1602298011857275	338337792
1602298011860107	-338337792
1602298011860110	-589824
1602298011860117	-74661888
1602298011860164	-768
1602298011860197	-512
1602298011862726	-74661888
1602298011862760	-589824
1602298011862772	74661888
1602298011862772	768
1602298011862773	512
1602298011862773	256
1602298011862794	256
1602298011862865	-74663936
1602298011862867	-74661888
1602298011862867	-512
1602298011862868	-512
1602298011862869	-256
1602298011862870	-256
1602298011863600	-589824
1602298011863609	298647552
1602298011863614	262400
1602298011863645	298647552
1602298011863659	6912
1602298011864509	-298647552
1602298011864512	-6912
1602298011864513	-262400
1602298011864535	262400
1602298011864542	262144
1602298011864555	4096
1602298011868275	-4096
1602298011868277	-262144
1602298011868284	-74661888
1602298011868333	-768
1602298011868380	-512
1602298011868413	-298647552
1602298011870923	-262144
1602298011870958	-298647552
1602298011870988	-262400
1602298011871000	298649600
1602298011871001	2048
1602298011871002	2048
1602298011871002	256
1602298011871023	256
1602298011871234	-298647552
1602298011871235	-2048
1602298011871235	-2048
1602298011871237	-256
1602298011871237	-256
1602298011871256	298647552
1602298011871257	2048
1602298011871258	2048
1602298011871258	256
1602298011871283	256
1602298011871348	-298647552
1602298011871350	-298647552
1602298011871350	-2048
1602298011871351	-2048
1602298011871352	-256
1602298011871353	-256
1602298011871369	597295104
1602298011871375	589824
1602298011871512	597295104
1602298011871610	-597295104
1602298011871613	-589824
1602298011871644	589824
1602298011871650	589824
1602298011871664	2560
1602298011874492	-2560
1602298011874495	-589824
1602298011874502	-298649600
1602298011875064	-2048
1602298011876455	-2048
1602298011876471	74661888
1602298011876477	262400
1602298011876637	74661888
1602298011876650	6912
1602298011876725	-74661888
1602298011876727	-6912
1602298011876728	-262400
1602298011876750	262400
1602298011876756	262144
1602298011876769	4096
1602298011877270	-4096
1602298011877272	-262144
1602298011877280	-298647552
1602298011877317	-2048
1602298011877352	-2048
1602298011877388	-524288
1602298011880196	-74661888
1602298011880230	-262144
1602298011880263	-589824
1602298011880273	78987008
1602298011880273	768
1602298011880274	512
1602298011880275	256
1602298011880301	256
1602298011882877	-74661888
1602298011882879	-74661888
1602298011882880	-512
1602298011882881	-512
1602298011882882	-256
1602298011882882	-256
1602298011882924	-262400
1602298011882938	74661888
1602298011882944	589824
1602298011882969	74661888
1602298011882982	278552576
1602298011883757	-74661888
1602298011883759	-278552576
1602298011883761	-589824
1602298011883783	589824
1602298011883789	589824
1602298011883809	447977472
1602298011884617	-447977472
1602298011884619	-589824
1602298011884627	-78987008
1602298011885785	-768
1602298011885821	-512
1602298011885857	-74661888
1602298011888425	-589824
1602298011888434	74661888
1602298011888435	768
1602298011888436	512
1602298011888436	256
1602298011888458	256
1602298011888529	-74661888
1602298011888531	-111982592
1602298011888532	-512
1602298011888532	-512
1602298011888533	-256
1602298011888534	-256
1602298011888581	-589824
1602298011888592	597295104
1602298011888597	131072
1602298011891067	597295104
1602298011891155	-597295104
1602298011891157	-131072
1602298011891187	131072
1602298011891194	131328
1602298011891207	4096
1602298011891651	-4096
1602298011891653	-131328
1602298011891660	-74661888
1602298011891706	-768
1602298011891739	-512
1602298011892077	-597295104
1602298011892111	-131072
1602298011893816	-597295104
1602298011894114	-131072
1602298011894125	597295104
1602298011894126	1280
1602298011894126	1024
1602298011894127	256
1602298011894625	256
1602298011895227	-597295104
1602298011895229	-1024
1602298011895229	-1024
1602298011895231	-256
1602298011895232	-256
1602298011895247	149323776
1602298011895253	65536
1602298011896561	149323776
1602298011896575	21248
1602298011896801	-149323776
1602298011896803	-21248
1602298011896804	-65536
1602298011896827	65536
1602298011896833	65536
1602298011896846	4096
1602298011897354	-4096
1602298011897356	-65536
1602298011897363	-597295104
1602298011897402	-1280
1602298011897439	-1024
1602298011897474	-149323776
1602298011897503	-65536
1602298011897516	149323776
1602298011897516	256
1602298011897517	256
1602298011897517	256
1602298011900308	256
1602298011900389	-149323776
1602298011900391	-149323776
1602298011900391	-256
1602298011900392	-256
1602298011900394	-256
1602298011900394	-256
1602298011900442	-65536
1602298011900453	149323776
1602298011900458	262400
1602298011900486	149323776
1602298011900500	225099776
1602298011903156	-149323776
1602298011903158	-225099776
1602298011903160	-262400
1602298011903182	262400
1602298011903188	147456
1602298011903202	953843712
1602298011904708	-953843712
1602298011904711	-147456
1602298011904719	-149323776
1602298011904767	-256
1602298011905857	-256
1602298011905889	-149323776
1602298011905925	-147456
1602298011905934	149323776
1602298011905934	256
1602298011905935	256
1602298011905935	256
1602298011908471	256
1602298011908552	-149323776
1602298011908554	-149323776
1602298011908555	-256
1602298011908556	-256
1602298011908557	-256
1602298011908557	-256
1602298011908608	-262400
1602298011908617	597295104
1602298011908623	65536
1602298011908648	597295104
1602298011908661	21248
1602298011911162	-597295104
1602298011911165	-21248
1602298011911166	-65536
1602298011911188	65536
1602298011911194	65536
1602298011911208	4096
1602298011911713	-4096
1602298011911715	-65536
1602298011911722	-149323776
1602298011911761	-256
1602298011911796	-256
1602298011912141	-597295104
1602298011912176	-65536
1602298011913888	-597295104
1602298011914186	-65536
1602298011914195	597295104
1602298011914196	1280
1602298011914197	1024
1602298011914197	256
1602298011914697	256
1602298011915307	-597295104
1602298011915308	-1024
1602298011915309	-1024
1602298011915311	-256
1602298011915311	-256
1602298011915327	149323776
1602298011915332	65536
1602298011916646	149323776
1602298011916660	21248
1602298011916883	-149323776
1602298011916885	-21248
1602298011916887	-65536
1602298011916910	65536
1602298011916916	65536
1602298011916930	4096
1602298011917452	-4096
1602298011917454	-65536
1602298011917461	-597295104
1602298011917499	-1280
1602298011917534	-1024
1602298011917568	-149323776
1602298011917597	-65536
1602298011917610	149323776
1602298011917610	256
1602298011917611	256
1602298011917612	256
1602298011920388	256
1602298011920461	-149323776
1602298011920463	-149323776
1602298011920464	-256
1602298011920465	-256
1602298011920466	-256
1602298011920466	-256
1602298011920515	-65536
1602298011920525	149323776
1602298011920530	147456
1602298011920553	149323776
1602298011920571	225099776
1602298011923239	-149323776
1602298011923241	-225099776
1602298011923243	-147456
1602298011923265	147456
1602298011923271	147456
1602298011923285	953843712
1602298011924784	-953843712
1602298011924787	-147456
1602298011924794	-149323776
1602298011924840	-256
1602298011925953	-256
1602298011925990	-149323776
1602298011927138	-147456
1602298011927147	149323776
1602298011927148	256
1602298011927148	256
1602298011927149	256
1602298011927657	256
1602298011935038	-149323776
1602298011935040	-149323776
1602298011935041	-256
1602298011935042	-256
1602298011935043	-256
1602298011935043	-256
1602298011935086	-147456
1602298011935102	597295104
1602298011935108	65536
1602298011935132	597295104
1602298011935145	21248
1602298011940547	-597295104
1602298011940550	-21248
1602298011940551	-65536
1602298011940575	65536
1602298011940582	65536
1602298011940595	3072
1602298011940703	-3072
1602298011940705	-65536
1602298011940712	-149323776
1602298011943219	-256
1602298011943255	-256
1602298011943289	-597295104
1602298011943318	-65536
1602298011945863	-597295104
1602298011945899	-65536
1602298011945908	597295104
1602298011945908	1280
1602298011945909	1024
1602298011945910	256
1602298011945935	256
1602298011946006	-597295104
1602298011946007	-1024
1602298011946008	-1024
1602298011946009	-256
1602298011946010	-256
1602298011946024	597295104
1602298011946024	1024
1602298011946025	1024
1602298011946026	256
1602298011946050	256
1602298011946187	-597295104
1602298011946189	-597295104
1602298011946189	-1024
1602298011946190	-1024
1602298011946191	-256
1602298011946191	-256
1602298011946211	149323776
1602298011946217	65792
1602298011946244	149323776
1602298011946258	21248
1602298011946514	-149323776
1602298011946516	-21248
1602298011946517	-65792
1602298011946538	65792
1602298011946544	65536
1602298011946557	3072
1602298011948677	-3072
1602298011948680	-65536
1602298011948687	-597295104
1602298011948985	-1280
1602298011949509	-1024
1602298011949521	149323776
1602298011949527	65536
1602298011950051	149323776
1602298011950064	21248
1602298011951663	-149323776
1602298011951665	-21248
1602298011951667	-65536
1602298011951688	65536
1602298011951694	65536
1602298011951706	3072
1602298011951948	-3072
1602298011951951	-65536
1602298011951957	-597295104
1602298011952259	-1024
1602298011952295	-1024
1602298011952325	-65536
1602298011952831	-149323776
1602298011955357	-65536
1602298011955387	-65792
1602298011955401	149323776
1602298011955401	256
1602298011955402	256
1602298011955402	256
1602298011955423	256
1602298011955494	-149323776
1602298011955496	-149323776
1602298011955497	-256
1602298011955497	-256
1602298011955499	-256
1602298011955499	-256
1602298011956895	-65536
1602298011956907	149323776
1602298011956913	147456
1602298011956936	149323776
1602298011956955	225099776
1602298011957207	-149323776
1602298011957209	-225099776
1602298011957211	-147456
1602298011957233	147456
1602298011957240	147456
1602298011957253	953843712
1602298011962557	-953843712
1602298011962560	-147456
1602298011962567	-149323776
1602298011962613	-256
1602298011962643	-256
1602298011965219	-149323776
1602298011965257	-147456
1602298011965267	149323776
1602298011965268	256
1602298011965269	256
1602298011965269	256
1602298011965294	256
1602298011965365	-149323776
1602298011965367	-149323776
1602298011965368	-256
1602298011965368	-256
1602298011965370	-256
1602298011965370	-256
1602298011967991	-147456
1602298011968008	149323776
1602298011968014	16384
1602298011968039	149323776
1602298011968053	21248
1602298011968448	-149323776
1602298011968451	-21248
1602298011968452	-16384
1602298011968474	16384
1602298011968480	16384
1602298011968494	3072
1602298011969086	-3072
1602298011969088	-16384
1602298011969095	-149323776
1602298011969320	-256
1602298011971657	-256
1602298011972169	-149323776
1602298011972668	-16384
1602298011972679	597295104
1602298011974596	-149323776
1602298011974597	-149323776
1602298011974641	-16384
1602298011974672	-597295104
1602298011974680	597295104
1602298011974681	256
1602298011974681	256
1602298011974686	256
1602298011974706	256
1602298011975095	-597295104
1602298011975096	-597295104
1602298011975097	-256
1602298011975097	-256
1602298011975099	-256
1602298011975099	-256
1602298011975113	37632
1602298011975120	37632
1602298011975133	35840
1602298011975702	-35840
1602298011975704	-37632
1602298011975711	-118072832
1602298011975712	-597295104
1602298011975750	-256
1602298011978907	-256
1602298011978938	-37632
1602298011978972	-256
1602298011978973	-37632
