1601349474030357	256
1601349474030421	512
1601349474030696	256
1601349474030765	256
1601349474030845	256
1601349474031458	256
1601349474031575	-256
1601349474031723	256
1601349474031839	-256
1601349474031984	256
1601349474032132	-256
1601349474032262	256
1601349474032337	256
1601349474032478	256
1601349474032481	256
1601349474032538	-256
1601349474032541	-256
1601349474032542	-256
1601349474032545	-256
1601349474032569	-256
1601349474032580	256
1601349474032594	37632
1601349474032641	256
1601349474032707	16384
1601349474032735	256
1601349474032749	9216
1601349474032867	-9216
1601349474032882	4194304
1601349474032944	256
1601349474032951	9216
1601349474032993	-256
1601349474033012	-9216
1601349474033026	9437184
1601349474033087	-256
1601349474033091	256
1601349474033092	256
1601349474033134	-256
1601349474033146	65536
1601349474033196	-256
1601349474033216	51781632
1601349474033260	256
1601349474033261	256
1601349474033291	-256
1601349474033303	147456
1601349474033332	256
1601349474033333	256
1601349474033374	-256
1601349474033387	65536
1601349474033418	256
1601349474033425	9216
1601349474033460	-9216
1601349474033472	4194304
1601349474033512	256
1601349474033513	256
1601349474033544	-256
1601349474033555	65536
1601349474033583	256
1601349474033584	256
1601349474033611	256
1601349474033614	-256
1601349474033626	65536
1601349474033675	256
1601349474033676	256
1601349474033734	-256
1601349474033747	147456
1601349474033809	256
1601349474033815	256
1601349474033817	256
1601349474033888	-256
1601349474033901	1048576
1601349474033940	256
1601349474033963	9216
1601349474034004	-256
1601349474034021	-9216
1601349474034035	8200192
1601349474034145	256
1601349474034152	256
1601349474034247	-256
1601349474034285	65536
1601349474034340	256
1601349474034342	256
1601349474034392	-256
1601349474034411	524288
1601349474034463	256
1601349474034481	9216
1601349474034545	-9216
1601349474034566	4194304
1601349474034614	256
1601349474034616	256
1601349474034682	-256
1601349474034701	147456
1601349474034748	256
1601349474034788	4096
1601349474034828	256
1601349474034830	256
1601349474034876	-256
1601349474034892	65536
1601349474034935	256
1601349474034937	256
1601349474034983	-256
1601349474035000	1048576
1601349474035045	256
1601349474035058	9216
1601349474035116	-9216
1601349474035134	9437184
1601349474035180	256
1601349474035192	9216
1601349474035249	-9216
1601349474035268	9437184
1601349474035315	256
1601349474035317	256
1601349474035365	-256
1601349474035382	131072
1601349474035427	256
1601349474035429	256
1601349474035477	-256
1601349474035494	262144
1601349474035538	256
1601349474035540	256
1601349474035586	-256
1601349474035603	262144
1601349474035648	256
1601349474035649	256
1601349474035696	-256
1601349474035712	589824
1601349474035758	256
1601349474035759	256
1601349474035807	-256
1601349474035824	589824
1601349474035869	256
1601349474035871	256
1601349474035919	-256
1601349474035935	589824
1601349474035979	256
1601349474035981	256
1601349474036028	-256
1601349474036045	262144
1601349474036089	256
1601349474036091	256
1601349474036138	-256
1601349474036156	262144
1601349474036200	256
1601349474036201	256
1601349474036248	-256
1601349474036264	589824
1601349474036308	256
1601349474036310	256
1601349474036357	-256
1601349474036374	262144
1601349474036419	256
1601349474036421	256
1601349474036468	-256
1601349474036485	1048576
1601349474036529	256
1601349474036531	256
1601349474036579	-256
1601349474036595	262144
1601349474036640	256
1601349474036642	256
1601349474036689	-256
1601349474036706	262144
1601349474036750	256
1601349474036763	9216
1601349474036831	-9216
1601349474036850	2097152
1601349474036894	256
1601349474036906	9216
1601349474036963	-9216
1601349474036980	2359296
1601349474037024	256
1601349474037026	256
1601349474037074	-256
1601349474037091	1048576
1601349474037139	256
1601349474037141	256
1601349474037188	-256
1601349474037204	1048576
1601349474037248	256
1601349474037250	256
1601349474037298	-256
1601349474037332	1048576
1601349474037376	256
1601349474037378	256
1601349474037426	-256
1601349474037443	1048576
1601349474037486	256
1601349474037499	9216
1601349474037556	-9216
1601349474037573	2359296
1601349474037618	256
1601349474037630	9216
1601349474037687	-9216
1601349474037705	2359296
1601349474037750	256
1601349474037751	256
1601349474037798	-256
1601349474037815	524288
1601349474037860	256
1601349474037872	9216
1601349474037928	-9216
1601349474037947	2359296
1601349474037992	256
1601349474037994	256
1601349474038042	-256
1601349474038059	1048576
1601349474038129	256
1601349474038142	9216
1601349474038202	-9216
1601349474038221	2359296
1601349474038264	256
1601349474038276	9216
1601349474038333	-9216
1601349474038352	2359296
1601349474038395	256
1601349474038407	9216
1601349474038463	-9216
1601349474038480	2097152
1601349474038525	256
1601349474038537	9216
1601349474038593	-9216
1601349474038611	4194304
1601349474038655	256
1601349474038657	256
1601349474038705	-256
1601349474038721	1048576
1601349474038765	256
1601349474038766	256
1601349474038813	-256
1601349474038829	1048576
1601349474038872	256
1601349474038874	256
1601349474038921	-256
1601349474038937	1048576
1601349474038979	256
1601349474038991	9216
1601349474039047	-9216
1601349474039065	8388608
1601349474039109	256
1601349474039121	9216
1601349474039179	-9216
1601349474039197	4194304
1601349474039253	54593024
1601349474039299	-51781632
1601349474039494	-256
1601349474039496	-256
1601349474039497	-256
1601349474039498	-256
1601349474039499	-256
1601349474039500	-256
1601349474039500	-256
1601349474039501	-256
1601349474039502	-256
1601349474039503	-256
1601349474039503	-256
1601349474039504	-256
1601349474039507	-256
1601349474039508	-256
1601349474039509	-256
1601349474039510	-256
1601349474039510	-256
1601349474039511	-256
1601349474039512	-256
1601349474039513	-256
1601349474039514	-256
1601349474039514	-256
1601349474039516	-256
1601349474039517	-256
1601349474039517	-256
1601349474039518	-256
1601349474039519	-256
1601349474039520	-256
1601349474039521	-256
1601349474039522	-256
1601349474039523	-256
1601349474039524	-256
1601349474039525	-256
1601349474039526	-256
1601349474039527	-256
1601349474039528	-256
1601349474039529	-256
1601349474039530	-256
1601349474039530	-256
1601349474039531	-256
1601349474039532	-256
1601349474039533	-256
1601349474039534	-256
1601349474039535	-256
1601349474039536	-256
1601349474039537	-256
1601349474039539	-256
1601349474039541	-256
1601349474039542	-256
1601349474039543	-256
1601349474039544	-256
1601349474039546	-256
1601349474039547	-256
1601349474039549	-256
1601349474039573	276168704
1601349474039581	37632
1601349474039646	75520
1601349474039750	-75520
1601349474039754	-37632
1601349474039854	276168704
1601349474039855	256
1601349474039856	256
1601349474039857	256
1601349474039858	256
1601349474040152	69042176
1601349474040362	276168704
1601349474040368	65536
1601349474040421	18944
1601349474040505	-18944
1601349474040509	-65536
1601349474040553	69042176
1601349474040559	16384
1601349474040613	18944
1601349474040687	-18944
1601349474040690	-16384
1601349474040755	-256
1601349474040794	-256
1601349474040808	276168704
1601349474040809	1280
1601349474040810	1024
1601349474040812	1024
1601349474040812	1024
1601349474040940	69042176
1601349474040942	256
1601349474040943	256
1601349474040944	256
1601349474040945	256
1601349474041349	69042176
1601349474041356	147456
1601349474041408	113688576
1601349474041818	-113688576
1601349474041823	-147456
1601349474042002	-1280
1601349474042040	-1024
1601349474042053	69042176
1601349474042055	256
1601349474042056	256
1601349474042057	256
1601349474042057	256
1601349474042238	-256
1601349474042279	-256
1601349474042413	276168704
1601349474042419	65536
1601349474042474	18944
1601349474042551	-18944
1601349474042555	-65536
1601349474042694	276168704
1601349474042696	1024
1601349474042697	1280
1601349474042698	1024
1601349474042699	1024
1601349474042854	-256
1601349474042895	-256
1601349474042939	-276168704
1601349474043150	69042176
1601349474043157	65536
1601349474043208	18944
1601349474043287	-18944
1601349474043291	-65536
1601349474043375	-1024
1601349474043413	-1280
1601349474043426	69042176
1601349474043428	256
1601349474043429	256
1601349474043430	256
1601349474043431	256
1601349474043687	69042176
1601349474043693	147456
1601349474043746	113688576
1601349474044112	-113688576
1601349474044115	-147456
1601349474044263	69042176
1601349474044265	256
1601349474044266	256
1601349474044267	256
1601349474044267	256
1601349474044426	-256
1601349474044465	-256
1601349474044620	276168704
1601349474044626	65536
1601349474044680	18944
1601349474044758	-18944
1601349474044761	-65536
1601349474044900	276168704
1601349474044902	1024
1601349474044902	1280
1601349474044904	1024
1601349474044905	1024
1601349474045060	-256
1601349474045101	-256
1601349474045351	69042176
1601349474045358	65536
1601349474045410	18944
1601349474045485	-18944
1601349474045488	-65536
1601349474045571	-1024
1601349474045610	-1280
1601349474045624	69042176
1601349474045626	256
1601349474045627	256
1601349474045628	256
1601349474045629	256
1601349474045875	69042176
1601349474045882	147456
1601349474045934	113688576
1601349474046309	-113688576
1601349474046313	-147456
1601349474046461	69042176
1601349474046463	256
1601349474046464	256
1601349474046465	256
1601349474046466	256
1601349474046622	-256
1601349474046662	-256
1601349474046796	276168704
1601349474046802	65536
1601349474046855	18944
1601349474046932	-18944
1601349474046936	-65536
1601349474047074	276168704
1601349474047076	1024
1601349474047077	1280
1601349474047078	1024
1601349474047079	1024
1601349474047257	-256
1601349474047298	-256
1601349474047562	138084352
1601349474047568	524288
1601349474047621	4864
1601349474047697	-4864
1601349474047701	-524288
1601349474047732	51772416
1601349474047738	131072
1601349474047791	4864
1601349474047864	-4864
1601349474047867	-131072
1601349474047961	-1024
1601349474048001	-1280
1601349474048014	138084352
1601349474048016	2048
1601349474048017	2048
1601349474048018	2048
1601349474048019	2048
1601349474048140	34521088
1601349474048142	512
1601349474048143	512
1601349474048144	512
1601349474048145	512
1601349474048540	34521088
1601349474048547	589824
1601349474048599	175767552
1601349474048729	-175767552
1601349474048733	-589824
1601349474048902	-2048
1601349474048941	-2048
1601349474048955	34521088
1601349474048956	512
1601349474048957	512
1601349474048959	768
1601349474048959	512
1601349474049115	-512
1601349474049155	-512
1601349474049286	138084352
1601349474049293	262144
1601349474049345	4864
1601349474049423	-4864
1601349474049426	-262144
1601349474049570	138084352
1601349474049572	3584
1601349474049573	2048
1601349474049574	2048
1601349474049575	2048
1601349474049730	-512
1601349474049771	-512
1601349474049814	-138084352
1601349474050026	34521088
1601349474050032	262144
1601349474050086	4864
1601349474050185	-4864
1601349474050189	-262144
1601349474050276	-3584
1601349474050315	-2048
1601349474050331	34521088
1601349474050332	512
1601349474050333	512
1601349474050334	512
1601349474050335	512
1601349474050596	34521088
1601349474050602	589824
1601349474050651	175767552
1601349474050760	-175767552
1601349474050764	-589824
1601349474050897	34523136
1601349474050899	512
1601349474050900	512
1601349474050901	512
1601349474050902	512
1601349474051048	-512
1601349474051086	-512
1601349474051213	138084352
1601349474051219	262144
1601349474051268	4864
1601349474051339	-4864
1601349474051343	-262144
1601349474051473	138084352
1601349474051474	2048
1601349474051475	2048
1601349474051476	2048
1601349474051477	2048
1601349474051623	-512
1601349474051661	-512
1601349474051901	34521088
1601349474051907	262144
1601349474051956	4864
1601349474052027	-4864
1601349474052030	-262144
1601349474052110	-2048
1601349474052147	-2048
1601349474052161	34521088
1601349474052162	512
1601349474052163	512
1601349474052164	512
1601349474052165	512
1601349474052400	34521088
1601349474052406	589824
1601349474052454	175767552
1601349474052563	-175767552
1601349474052567	-589824
1601349474052699	34521088
1601349474052701	512
1601349474052702	512
1601349474052703	512
1601349474052704	512
1601349474052852	-512
1601349474052890	-512
1601349474053016	138084352
1601349474053021	262144
1601349474053070	4864
1601349474053142	-4864
1601349474053145	-262144
1601349474053277	138084352
1601349474053278	3584
1601349474053279	2048
1601349474053280	2048
1601349474053281	2048
1601349474053429	-512
1601349474053468	-512
1601349474053706	34521088
1601349474053712	262144
1601349474053760	4864
1601349474053830	-4864
1601349474053834	-262144
1601349474053915	-3584
1601349474053951	-2048
1601349474053963	34521088
1601349474053964	512
1601349474053965	512
1601349474053966	512
1601349474053967	512
1601349474054216	34521088
1601349474054222	589824
1601349474054272	175767552
1601349474054380	-175767552
1601349474054384	-589824
1601349474054513	34521088
1601349474054514	512
1601349474054515	512
1601349474054516	512
1601349474054517	512
1601349474054662	-512
1601349474054698	-512
1601349474054824	138084352
1601349474054830	262144
1601349474054878	4864
1601349474054949	-4864
1601349474054953	-262144
1601349474055092	138084352
1601349474055093	3584
1601349474055094	2048
1601349474055095	2048
1601349474055096	2048
1601349474055241	-512
1601349474055278	-512
1601349474055517	69042176
1601349474055523	2097152
1601349474055572	1280
1601349474055643	-1280
1601349474055647	-2097152
1601349474055712	17260544
1601349474055718	524288
1601349474055768	1280
1601349474055837	-1280
1601349474055840	-524288
1601349474055899	-3584
1601349474055937	-2048
1601349474055949	69042176
1601349474055950	4096
1601349474055951	4096
1601349474055952	4096
1601349474055953	4096
1601349474056052	17260544
1601349474056053	1024
1601349474056054	1024
1601349474056055	1024
1601349474056056	1024
1601349474056422	17260544
1601349474056428	2359296
1601349474056478	122683392
1601349474056588	-122683392
1601349474056591	-2359296
1601349474056747	-4096
1601349474056784	-4096
1601349474056797	17260544
1601349474056798	1024
1601349474056799	1536
1601349474056800	1024
1601349474056801	1024
1601349474056930	-1024
1601349474056968	-1024
1601349474057091	69042176
1601349474057097	1048576
1601349474057146	1280
1601349474057217	-1280
1601349474057221	-1048576
1601349474057351	69042176
1601349474057352	6144
1601349474057353	4096
1601349474057354	4096
1601349474057355	4096
1601349474057502	-1024
1601349474057539	-1536
1601349474057581	-69042176
1601349474057792	17260544
1601349474057798	1048576
1601349474057847	1280
1601349474057919	-1280
1601349474057923	-1048576
1601349474058001	-6144
1601349474058037	-4096
1601349474058050	17260544
1601349474058052	1024
1601349474058052	1024
1601349474058053	1024
1601349474058054	1536
1601349474058289	17260544
1601349474058295	2359296
1601349474058344	122683392
1601349474058453	-122683392
1601349474058456	-2359296
1601349474058587	17264640
1601349474058589	1024
1601349474058590	1024
1601349474058590	1024
1601349474058591	1024
1601349474058721	-1024
1601349474058761	-1024
1601349474058924	69042176
1601349474058930	1048576
1601349474058979	2048
1601349474059050	-2048
1601349474059053	-1048576
1601349474059185	69042176
1601349474059186	4096
1601349474059187	4096
1601349474059188	4096
1601349474059189	4096
1601349474059320	-1024
1601349474059358	-1024
1601349474059594	17260544
1601349474059600	1048576
1601349474059648	2048
1601349474059718	-2048
1601349474059721	-1048576
1601349474059801	-4096
1601349474059837	-4096
1601349474059849	17260544
1601349474059850	1024
1601349474059851	1024
1601349474059852	1024
1601349474059853	1024
1601349474060069	17260544
1601349474060075	2359296
1601349474060123	122683392
1601349474060232	-122683392
1601349474060236	-2359296
1601349474060366	17260544
1601349474060368	1024
1601349474060369	1024
1601349474060370	1024
1601349474060371	1024
1601349474060499	-1024
1601349474060537	-1024
1601349474060661	69042176
1601349474060667	1048576
1601349474060716	1280
1601349474060786	-1280
1601349474060790	-1048576
1601349474060921	69042176
1601349474060922	6144
1601349474060923	4096
1601349474060924	4096
1601349474060925	4096
1601349474061053	-1024
1601349474061090	-1024
1601349474061331	17260544
1601349474061337	1048576
1601349474061387	2048
1601349474061457	-2048
1601349474061460	-1048576
1601349474061537	-6144
1601349474061572	-4096
1601349474061583	17260544
1601349474061585	1024
1601349474061586	1024
1601349474061587	1024
1601349474061587	1024
1601349474061805	17260544
1601349474061811	2359296
1601349474061859	122683392
1601349474061969	-122683392
1601349474061972	-2359296
1601349474062117	17260544
1601349474062118	1024
1601349474062119	1024
1601349474062120	1024
1601349474062121	1024
1601349474062256	-1024
1601349474062294	-1024
1601349474062419	69042176
1601349474062425	1048576
1601349474062474	1280
1601349474062554	-1280
1601349474062558	-1048576
1601349474062680	69042176
1601349474062681	6144
1601349474062682	4096
1601349474062683	4096
1601349474062684	4096
1601349474062805	-1024
1601349474062840	-1024
1601349474063066	17260544
1601349474063071	1048576
1601349474063117	2048
1601349474063186	-2048
1601349474063188	-1048576
1601349474063265	-6144
1601349474063299	-4096
1601349474063311	17260544
1601349474063312	1024
1601349474063312	1024
1601349474063313	1024
1601349474063314	1024
1601349474063517	17260544
1601349474063523	2359296
1601349474063752	122683392
1601349474063856	-122683392
1601349474063859	-2359296
1601349474065247	17260544
1601349474065249	1024
1601349474065250	1024
1601349474065250	1024
1601349474065251	1024
1601349474066643	-1024
1601349474066682	-1024
1601349474068285	69042176
1601349474068290	1048576
1601349474069320	1280
1601349474069390	-1280
1601349474069394	-1048576
1601349474069514	69042176
1601349474069515	6144
1601349474069515	4096
1601349474069516	4096
1601349474069517	4096
1601349474070568	-1024
1601349474070606	-1024
1601349474073096	17260544
1601349474073102	1048576
1601349474073150	2048
1601349474073539	-2048
1601349474073542	-1048576
1601349474073794	-6144
1601349474073830	-4096
1601349474073842	17260544
1601349474073843	1024
1601349474073844	1024
1601349474073845	1024
1601349474073846	1024
1601349474074051	17260544
1601349474074057	2359296
1601349474075284	122683392
1601349474078251	-122683392
1601349474078255	-2359296
1601349474078376	17260544
1601349474078377	1024
1601349474078378	1024
1601349474078379	1024
1601349474078380	1024
1601349474079368	-1024
1601349474079401	-1024
1601349474079516	69042176
1601349474079521	1048576
1601349474081744	1280
1601349474081810	-1280
1601349474081813	-1048576
1601349474082427	69042176
1601349474082428	6144
1601349474082429	4096
1601349474082429	4096
1601349474082430	4096
1601349474083389	-1024
1601349474083422	-1024
1601349474083678	34521088
1601349474083683	8388608
1601349474083855	512
1601349474084597	-512
1601349474084600	-8388608
1601349474084651	8630272
1601349474084656	2097152
1601349474084895	512
1601349474084957	-512
1601349474084960	-2097152
1601349474085022	-6144
1601349474085147	-4096
1601349474085157	34521088
1601349474085159	8192
1601349474085160	8192
1601349474085160	8192
1601349474085161	8192
1601349474085267	8630272
1601349474085268	2048
1601349474085269	2048
1601349474085270	2048
1601349474085271	2048
1601349474086623	8630272
1601349474086628	9437184
1601349474087365	94371840
1601349474088168	-94371840
1601349474088171	-9437184
1601349474088741	-8192
1601349474088771	-8192
1601349474088781	8630272
1601349474088782	2048
1601349474088783	2048
1601349474088784	2048
1601349474088785	2048
1601349474088898	-2048
1601349474089887	-2048
1601349474090283	34521088
1601349474090288	4194304
1601349474090330	512
1601349474090392	-512
1601349474090394	-4194304
1601349474090624	34521088
1601349474090625	12288
1601349474090626	8192
1601349474090627	8192
1601349474090628	8192
1601349474091600	-2048
1601349474091636	-2048
1601349474091840	-34521088
1601349474092088	8630272
1601349474092094	4194304
1601349474092138	512
1601349474093280	-512
1601349474093282	-4194304
1601349474093354	-12288
1601349474094041	-8192
1601349474094053	8630272
1601349474094054	2048
1601349474094055	2048
1601349474094056	2048
1601349474094056	2048
1601349474094887	8630272
1601349474094893	9437184
1601349474094939	94371840
1601349474095463	-94371840
1601349474095467	-9437184
1601349474096597	8638464
1601349474096598	2048
1601349474096599	2048
1601349474096600	2048
1601349474096601	2048
1601349474096832	-2048
1601349474096981	-2048
1601349474097093	34521088
1601349474097098	4194304
1601349474097302	512
1601349474098033	-512
1601349474098036	-4194304
1601349474098365	34521088
1601349474098366	8192
1601349474098367	8192
1601349474098368	8192
1601349474098368	8192
1601349474098598	-2048
1601349474098630	-2048
1601349474099987	8630272
1601349474099992	4194304
1601349474100034	512
1601349474100766	-512
1601349474100768	-4194304
1601349474101529	-8192
1601349474101561	-8192
1601349474101572	8630272
1601349474101573	2048
1601349474101573	2048
1601349474101574	2048
1601349474101575	2048
1601349474102152	8630272
1601349474102157	9437184
1601349474102200	94371840
1601349474103301	-94371840
1601349474103304	-9437184
1601349474103681	8630272
1601349474103682	2048
1601349474103683	2048
1601349474103683	2048
1601349474103684	2048
1601349474103797	-2048
1601349474103828	-2048
1601349474104712	34521088
1601349474104717	4194304
1601349474104998	512
1601349474105231	-512
1601349474105233	-4194304
1601349474105391	34521088
1601349474105392	12288
1601349474105392	8192
1601349474105393	8192
1601349474105394	8192
1601349474105505	-2048
1601349474105536	-2048
1601349474108212	-12288
1601349474108245	-8192
1601349474108257	704512
1601349474108318	344576
1601349474108814	512
1601349474108816	512
1601349474111855	-512
1601349474111863	-512
1601349474111922	256
1601349474112208	-512
1601349474112218	4096
1601349474112321	704512
1601349474112390	8200192
1601349474112423	-704512
1601349474112424	-344576
1601349474112496	-4096
1601349474112535	-8200192
1601349474112566	-256
1601349474112601	-4096
1601349474112611	34521088
1601349474112642	-704512
1601349474112681	-8200192
1601349474113540	-34521088
1601349474113559	34529280
1601349474113560	12288
1601349474113561	8192
1601349474113562	256
1601349474113706	256
1601349474113792	-34521088
1601349474113793	-8192
1601349474113794	-8192
1601349474113797	-256
1601349474113797	-256
1601349474113895	9970176
1601349474113903	8192000
1601349474113938	8630272
1601349474113958	4096
1601349474114051	-9970176
1601349474114054	-4096
1601349474114055	-8192000
1601349474114083	8192000
1601349474114100	4194304
1601349474114119	4096
1601349474114272	-4096
1601349474114274	-4194304
1601349474114285	-34529280
1601349474114334	-12288
1601349474115173	-8192
1601349474115208	-8630272
1601349474115241	-4194304
1601349474115251	8630272
1601349474115252	2048
1601349474115253	2048
1601349474115254	256
1601349474115534	256
1601349474115605	-8630272
1601349474115607	-8630272
1601349474115607	-2048
1601349474115608	-2048
1601349474115610	-256
1601349474115611	-256
1601349474115939	-8192000
1601349474115950	8630272
1601349474115957	9437184
1601349474115986	8630272
1601349474116004	94371840
1601349474116259	-8630272
1601349474116261	-94371840
1601349474116263	-9437184
1601349474116291	9437184
1601349474116299	9437184
1601349474116317	88473600
1601349474117680	-88473600
1601349474117683	-9437184
1601349474117692	-8630272
1601349474117754	-2048
1601349474117788	-2048
1601349474117821	-8630272
1601349474117855	-9437184
1601349474117864	9437184
1601349474117865	2048
1601349474117865	2048
1601349474117866	256
1601349474117951	256
1601349474118897	-8630272
1601349474118898	-8630272
1601349474118899	-2048
1601349474118900	-2048
1601349474118902	-256
1601349474118903	-256
1601349474119054	-9437184
1601349474119065	34521088
1601349474119071	4194816
1601349474119101	34521088
1601349474119118	4096
1601349474119200	-34521088
1601349474119202	-4096
1601349474119203	-4194816
1601349474119227	4194816
1601349474119235	8200192
1601349474119251	4096
1601349474119387	-4096
1601349474119390	-8200192
1601349474119398	-9437184
1601349474119445	-2048
1601349474120498	-2048
1601349474120535	-34521088
1601349474120569	-4194304
1601349474120862	-34521088
1601349474120897	-4194816
1601349474120906	34537472
1601349474120908	8192
1601349474120908	8192
1601349474120909	256
1601349474120935	256
1601349474121304	-34521088
1601349474121305	-8192
1601349474121306	-8192
1601349474121308	-256
1601349474121309	-256
1601349474121327	13631488
1601349474121334	8200192
1601349474121367	8630272
1601349474121383	4096
1601349474121584	-13631488
1601349474121586	-4096
1601349474121587	-8200192
1601349474121612	8200192
1601349474121620	4194304
1601349474121637	4096
1601349474122736	-4096
1601349474122739	-4194304
1601349474122748	-34537472
1601349474122814	-8192
1601349474122882	-8192
1601349474122918	-8638464
1601349474122948	-4194304
1601349474122959	8638464
1601349474122959	2048
1601349474122960	2048
1601349474122961	256
1601349474122984	256
1601349474123131	-8630272
1601349474123133	-8630272
1601349474123134	-2048
1601349474123135	-2048
1601349474123137	-256
1601349474123138	-256
1601349474124019	-8200192
1601349474124029	8630272
1601349474124038	13631488
1601349474124184	8630272
1601349474124200	173986304
1601349474124326	-8630272
1601349474124328	-173986304
1601349474124329	-13631488
1601349474124354	13631488
1601349474124362	9437184
1601349474124378	164549120
1601349474124493	-164549120
1601349474124496	-9437184
1601349474124505	-8638464
1601349474124551	-2048
1601349474125637	-2048
1601349474125672	-8630272
1601349474125975	-9437184
1601349474125987	9437184
1601349474125988	2048
1601349474125988	2048
1601349474125989	256
1601349474126014	256
1601349474126381	-8630272
1601349474126382	-8630272
1601349474126383	-2048
1601349474126384	-2048
1601349474126386	-256
1601349474126387	-256
1601349474126437	-13631488
1601349474126447	34529280
1601349474126454	4194560
1601349474126483	34521088
1601349474126499	4096
1601349474126694	-34529280
1601349474126696	-4096
1601349474126697	-4194560
1601349474126721	4194560
1601349474126728	4194816
1601349474126743	4096
1601349474128045	-4096
1601349474128048	-4194816
1601349474128056	-9437184
1601349474128136	-2048
1601349474128205	-2048
1601349474128238	-34521088
1601349474128268	-4194304
1601349474128301	-34521088
1601349474128413	-4194560
1601349474128422	34521088
1601349474128422	12288
1601349474128423	8192
1601349474128424	256
1601349474128448	256
1601349474129519	-34521088
1601349474129520	-8192
1601349474129521	-8192
1601349474129523	-256
1601349474129523	-256
1601349474129540	34521088
1601349474129541	8192
1601349474129541	8192
1601349474129542	256
1601349474129568	256
1601349474129648	-34521088
1601349474129650	-34521088
1601349474129650	-8192
1601349474129651	-8192
1601349474129653	-256
1601349474129653	-256
1601349474129670	69042176
1601349474129676	9437184
1601349474129707	69042176
1601349474129830	-69042176
1601349474129833	-9437184
1601349474129860	9437184
1601349474129868	13631488
1601349474129885	4096
1601349474130974	-4096
1601349474130978	-13631488
1601349474130988	-34521088
1601349474131041	-12288
1601349474131075	-8192
1601349474131086	13631488
1601349474131093	4194560
1601349474131334	8630272
1601349474131351	4096
1601349474131729	-13631488
1601349474131731	-4096
1601349474131732	-4194560
1601349474131756	4194560
1601349474131766	4194816
1601349474131781	4096
1601349474132045	-4096
1601349474132047	-4194816
1601349474132055	-34521088
1601349474132101	-8192
1601349474132135	-8192
1601349474133360	-8388608
1601349474133397	-8630272
1601349474133426	-4194304
1601349474133497	-9437184
1601349474133506	9437184
1601349474133507	2048
1601349474133507	2048
1601349474133508	256
1601349474133564	256
1601349474133631	-8630272
1601349474133633	-8630272
1601349474133633	-2048
1601349474133634	-2048
1601349474133636	-256
1601349474133637	-256
1601349474133682	-4194560
1601349474133692	12583424
1601349474133698	13631488
1601349474133772	8630272
1601349474133789	94371840
1601349474134887	-12583424
1601349474134889	-94371840
1601349474134891	-13631488
1601349474134916	12583424
1601349474134923	13631488
1601349474134939	88473600
1601349474135078	-88473600
1601349474135081	-13631488
1601349474135088	-9437184
1601349474135130	-2048
1601349474135161	-2048
1601349474135191	-8630272
1601349474135224	-9437184
1601349474135232	9437184
1601349474135233	2048
1601349474135234	2048
1601349474135234	256
1601349474136357	256
1601349474136697	-8630272
1601349474136699	-8630272
1601349474136700	-2048
1601349474136703	-2048
1601349474136706	-256
1601349474136706	-256
1601349474136754	-12583424
1601349474136765	69042176
1601349474136771	2097152
1601349474136798	103596032
1601349474137141	-69042176
1601349474137144	-2097152
1601349474137171	2097152
1601349474137178	2097152
1601349474137194	4096
1601349474137420	-4096
1601349474137422	-2097152
1601349474137430	-9437184
1601349474137474	-2048
1601349474137506	-2048
1601349474138745	-103596032
1601349474138779	-2097152
1601349474138847	-69042176
1601349474138917	-2097152
1601349474138927	69046272
1601349474138928	4096
1601349474138928	6144
1601349474138929	256
1601349474138952	256
1601349474139041	-69042176
1601349474139042	-4096
1601349474139043	-4096
1601349474139045	-256
1601349474139046	-256
1601349474139063	17260544
1601349474139070	1048576
1601349474139102	17260544
1601349474139118	3584
1601349474140064	-17260544
1601349474140066	-3584
1601349474140068	-1048576
1601349474140092	1048576
1601349474140099	1048576
1601349474140115	2560
1601349474140388	-2560
1601349474140391	-1048576
1601349474140400	-69046272
1601349474140452	-4096
1601349474140485	-6144
1601349474140521	-17260544
1601349474140559	-1048576
1601349474140568	17260544
1601349474140571	1024
1601349474140572	1024
1601349474140573	256
1601349474140600	256
1601349474140682	-17260544
1601349474140685	-17260544
1601349474140685	-1024
1601349474140686	-1024
1601349474140688	-256
1601349474140689	-256
1601349474141730	-1048576
1601349474141746	17260544
1601349474141752	4194304
1601349474141782	17260544
1601349474141799	122683392
1601349474142151	-17260544
1601349474142153	-122683392
1601349474142154	-4194304
1601349474142179	4194304
1601349474142187	4194816
1601349474142204	110886912
1601349474142830	-110886912
1601349474142834	-4194816
1601349474142842	-17260544
1601349474142886	-1024
1601349474142926	-1024
1601349474142962	-17260544
1601349474145176	-2359296
1601349474145187	17260544
1601349474145188	1024
1601349474145189	1024
1601349474145189	256
1601349474145212	256
1601349474145293	-17260544
1601349474145295	-17260544
1601349474145298	-1024
1601349474145299	-1024
1601349474145300	-256
1601349474145301	-256
1601349474145913	-4194304
1601349474145923	69042176
1601349474145934	1048576
1601349474145961	69042176
1601349474145977	4096
1601349474146217	-69042176
1601349474146220	-4096
1601349474146221	-1048576
1601349474146245	1048576
1601349474146253	1048576
1601349474146269	4096
1601349474146400	-4096
1601349474146402	-1048576
1601349474146411	-17260544
1601349474146454	-1024
1601349474146490	-1024
1601349474146523	-69042176
1601349474146558	-1048576
1601349474146658	-69042176
1601349474147551	-1048576
1601349474147560	69046272
1601349474147561	4096
1601349474147561	6144
1601349474147562	256
1601349474147661	256
1601349474147745	-69042176
1601349474147747	-4096
1601349474147747	-4096
1601349474147750	-256
1601349474147750	-256
1601349474147766	17260544
1601349474147772	1048576
1601349474147810	17260544
1601349474147826	3584
1601349474147902	-17260544
1601349474147905	-3584
1601349474147906	-1048576
1601349474147928	1048576
1601349474147935	1048576
1601349474147950	2560
1601349474148073	-2560
1601349474148076	-1048576
1601349474148083	-69046272
1601349474148124	-4096
1601349474148161	-6144
1601349474149096	-17260544
1601349474149133	-1048576
1601349474149143	17260544
1601349474149144	1024
1601349474149144	1024
1601349474149145	256
1601349474149301	256
1601349474149378	-17260544
1601349474149380	-17260544
1601349474149381	-1024
1601349474149382	-1024
1601349474149384	-256
1601349474149384	-256
1601349474149428	-1048576
1601349474149442	17260544
1601349474149448	4194304
1601349474149520	17260544
1601349474149536	122683392
1601349474149694	-17260544
1601349474149696	-122683392
1601349474149698	-4194304
1601349474149721	4194304
1601349474149727	4194816
1601349474149748	110886912
1601349474151115	-110886912
1601349474151118	-4194816
1601349474151126	-17260544
1601349474151169	-1024
1601349474151205	-1024
1601349474151241	-17260544
1601349474151281	-2359296
1601349474151292	17260544
1601349474151293	1024
1601349474151293	1024
1601349474151294	256
1601349474151316	256
1601349474151427	-17260544
1601349474151429	-17260544
1601349474151432	-1024
1601349474151438	-1024
1601349474151439	-256
1601349474151440	-256
1601349474151510	-4194304
1601349474151524	69042176
1601349474151530	1048576
1601349474151612	69042176
1601349474151628	4096
1601349474152636	-69042176
1601349474152639	-4096
1601349474152639	-1048576
1601349474152662	1048576
1601349474152669	1049088
1601349474152684	4096
1601349474152811	-4096
1601349474152813	-1049088
1601349474152820	-17260544
1601349474152861	-1024
1601349474152896	-1024
1601349474152931	-69042176
1601349474152962	-1048576
1601349474154017	-69042176
1601349474154054	-1048576
1601349474154062	69046272
1601349474154063	4096
1601349474154064	6144
1601349474154064	256
1601349474154087	256
1601349474154303	-69042176
1601349474154304	-4096
1601349474154305	-4096
1601349474154308	-256
1601349474154308	-256
1601349474154326	17260544
1601349474154332	1048576
1601349474154368	17260544
1601349474154383	3584
1601349474154476	-17260544
1601349474154479	-3584
1601349474154480	-1048576
1601349474154503	1048576
1601349474154509	1049088
1601349474154524	2560
1601349474154689	-2560
1601349474154692	-1049088
1601349474154699	-69046272
1601349474154741	-4096
1601349474156041	-6144
1601349474156078	-17260544
1601349474156117	-1048576
1601349474156131	17260544
1601349474156131	1024
1601349474156132	1024
1601349474156133	256
1601349474156154	256
1601349474156238	-17260544
1601349474156240	-17260544
1601349474156241	-1024
1601349474156241	-1024
1601349474156243	-256
1601349474156244	-256
1601349474156295	-1048576
1601349474156304	17260544
1601349474156310	4194304
1601349474156337	17260544
1601349474156353	122683392
1601349474157417	-17260544
1601349474157419	-122683392
1601349474157421	-4194304
1601349474157450	4194304
1601349474157457	4194816
1601349474157471	110886912
1601349474157650	-110886912
1601349474157653	-4194816
1601349474157661	-17260544
1601349474157707	-1024
1601349474157738	-1024
1601349474157773	-17260544
1601349474157808	-2359296
1601349474157818	17260544
1601349474157819	1024
1601349474157819	1024
1601349474157820	256
1601349474157845	256
1601349474158982	-17260544
1601349474158984	-17260544
1601349474158986	-1024
1601349474158987	-1024
1601349474158988	-256
1601349474158989	-256
1601349474159035	-4194304
1601349474159049	69042176
1601349474159055	1048576
1601349474159080	69042176
1601349474159095	4096
1601349474159192	-69042176
1601349474159194	-4096
1601349474159195	-1048576
1601349474159217	1048576
1601349474159223	1048576
1601349474159237	4096
1601349474159411	-4096
1601349474159413	-1048576
1601349474159421	-17260544
1601349474159535	-1024
1601349474159573	-1024
1601349474159605	-69042176
1601349474159727	-1048576
1601349474159831	-69042176
1601349474159867	-1048576
1601349474159875	69046272
1601349474159876	4096
1601349474159876	6144
1601349474159877	256
1601349474159897	256
1601349474159974	-69042176
1601349474159975	-4096
1601349474159976	-4096
1601349474159978	-256
1601349474159979	-256
1601349474160001	17260544
1601349474160006	1048576
1601349474160037	17260544
1601349474160052	3584
1601349474160123	-17260544
1601349474160125	-3584
1601349474160127	-1048576
1601349474160148	1048576
1601349474160154	1048576
1601349474160168	2560
1601349474160289	-2560
1601349474160292	-1048576
1601349474160299	-69046272
1601349474160338	-4096
1601349474160372	-6144
1601349474160405	-17260544
1601349474160434	-1048576
1601349474160446	17260544
1601349474160447	1024
1601349474160448	1024
1601349474160448	256
1601349474160469	256
1601349474160542	-17260544
1601349474160544	-17260544
1601349474160544	-1024
1601349474160545	-1024
1601349474160547	-256
1601349474160547	-256
1601349474160595	-1048576
1601349474160604	17260544
1601349474160610	2359808
1601349474160757	17260544
1601349474160771	122683392
1601349474161169	-17260544
1601349474161171	-122683392
1601349474161173	-2359808
1601349474161199	2359808
1601349474161206	4194304
1601349474161221	110886912
1601349474161513	-256
1601349474161533	-110886912
1601349474161536	-4194304
1601349474161544	-17260544
1601349474162932	-1024
1601349474162965	-1024
1601349474163000	-17260544
1601349474163034	-2359296
1601349474163043	17260544
1601349474163044	1024
1601349474163044	1024
1601349474163045	256
1601349474164375	256
1601349474164487	-17260544
1601349474164489	-17260544
1601349474164490	-1024
1601349474164490	-1024
1601349474164492	-256
1601349474164493	-256
1601349474164537	-2359808
1601349474164551	69042176
1601349474164557	1048576
1601349474164642	69042176
1601349474164657	4096
1601349474164724	-69042176
1601349474164726	-4096
1601349474164727	-1048576
1601349474164749	1048576
1601349474164756	1049088
1601349474164769	4096
1601349474164930	-4096
1601349474164932	-1049088
1601349474164939	-17260544
1601349474165038	-1024
1601349474165925	-1024
1601349474166057	-69042176
1601349474166152	-1048576
1601349474166231	-69042176
1601349474167016	-1048576
1601349474167024	69050368
1601349474167025	4096
1601349474167026	4096
1601349474167027	256
1601349474167116	256
1601349474167475	-69042176
1601349474167476	-4096
1601349474167476	-4096
1601349474167479	-256
1601349474167480	-256
1601349474167496	26740992
1601349474167501	1049088
1601349474167537	17260544
1601349474167552	3584
1601349474167622	-26740992
1601349474167624	-3584
1601349474167626	-1049088
1601349474167647	1049088
1601349474167654	1048576
1601349474167668	2560
1601349474167786	-2560
1601349474167789	-1048576
1601349474167796	-69050368
1601349474167834	-4096
1601349474167869	-4096
1601349474167898	-17264640
1601349474169097	-1048576
1601349474169110	17264640
1601349474169111	1024
1601349474169111	1024
1601349474169112	256
1601349474169132	256
1601349474169203	-17260544
1601349474169204	-17260544
1601349474169205	-1024
1601349474169206	-1024
1601349474169208	-256
1601349474169208	-256
1601349474170616	-1049088
1601349474170631	17260544
1601349474170636	4194304
1601349474170662	26740992
1601349474170676	122683392
1601349474170913	-17260544
1601349474170915	-122683392
1601349474170916	-4194304
1601349474170941	4194304
1601349474170948	4194816
1601349474170961	110886912
1601349474171437	-110886912
1601349474171440	-4194816
1601349474171446	-17264640
1601349474171500	-1024
1601349474171528	-1024
1601349474171559	-17260544
1601349474172908	-2359296
1601349474172917	17260544
1601349474172918	1024
1601349474172918	1024
1601349474172919	256
1601349474172939	256
1601349474173013	-26740992
1601349474173016	-17260544
1601349474173017	-1024
1601349474173018	-1536
1601349474173019	-256
1601349474173020	-256
1601349474173061	-4194304
1601349474173074	69042176
1601349474173079	1048576
1601349474174350	69042176
1601349474174364	4096
1601349474174436	-69042176
1601349474174438	-4096
1601349474174439	-1048576
1601349474174459	1048576
1601349474174466	1048576
1601349474174479	2560
1601349474174604	-2560
1601349474174606	-1048576
1601349474174613	-17260544
1601349474174650	-1024
1601349474174769	-1024
1601349474174906	-69042176
1601349474175014	-1048576
1601349474175896	-69042176
1601349474176018	-1048576
1601349474176025	69042176
1601349474176026	4096
1601349474176027	6144
1601349474176027	256
1601349474176106	256
1601349474176238	-69042176
1601349474176239	-4096
1601349474176240	-4096
1601349474176242	-256
1601349474176242	-256
1601349474176255	69042176
1601349474176256	4096
1601349474176256	4096
1601349474176257	256
1601349474176972	256
1601349474177126	-69042176
1601349474177128	-69042176
1601349474177128	-4096
1601349474177129	-4096
1601349474177130	-256
1601349474177131	-256
1601349474177149	138084352
1601349474177155	2097152
1601349474177380	138084352
1601349474177474	-138084352
1601349474177477	-2097152
1601349474177500	2097152
1601349474177507	2097152
1601349474177520	2560
1601349474177632	-2560
1601349474177634	-2097152
1601349474177641	-69042176
1601349474177675	-4096
1601349474177707	-6144
1601349474177715	30149376
1601349474177720	1048576
1601349474177760	17260544
1601349474177774	4096
1601349474179095	-30149376
1601349474179097	-4096
1601349474179098	-1048576
1601349474179119	1048576
1601349474179125	1048576
1601349474179138	2560
1601349474180588	-2560
1601349474180590	-1048576
1601349474180597	-69042176
1601349474180637	-4096
1601349474180663	-4096
1601349474180810	-2097152
1601349474180843	-17260544
1601349474181044	-1048576
1601349474181075	-2097152
1601349474181086	30149376
1601349474181087	1024
1601349474181088	1024
1601349474181088	256
1601349474181107	256
1601349474181176	-17260544
1601349474181178	-17260544
1601349474181179	-1024
1601349474181180	-1024
1601349474181181	-256
1601349474181182	-256
1601349474181372	-1048576
1601349474181380	17260544
1601349474181385	4194304
1601349474181408	17260544
1601349474181422	172605440
1601349474181878	-17260544
1601349474181880	-172605440
1601349474181880	-4194304
1601349474181904	4194304
1601349474181911	4194816
1601349474181923	172605440
1601349474188287	-172605440
1601349474188289	-4194816
1601349474188295	-30149376
1601349474188341	-1024
1601349474188371	-1024
1601349474188398	-17260544
1601349474188430	-2359296
1601349474188438	17260544
1601349474188439	1024
1601349474188439	1024
1601349474188440	256
1601349474188461	256
1601349474189833	-17260544
1601349474189835	-17260544
1601349474189836	-1024
1601349474189836	-1024
1601349474189838	-256
1601349474189838	-256
1601349474189875	-4194304
1601349474189887	138084352
1601349474189892	524288
1601349474189915	189882368
1601349474191217	-138084352
1601349474191219	-524288
1601349474191241	524288
1601349474191247	524288
1601349474191261	3584
1601349474191401	-3584
1601349474191402	-524288
1601349474191409	-17260544
1601349474191444	-1024
1601349474191495	-1024
1601349474191522	-189882368
1601349474191550	-524288
1601349474191597	-138084352
1601349474191632	-524288
1601349474191640	138086400
1601349474191641	3584
1601349474191641	2048
1601349474191642	256
1601349474191744	256
1601349474191937	-138084352
1601349474191939	-2048
1601349474191939	-2048
1601349474191941	-256
1601349474191942	-256
1601349474191955	44045312
1601349474191961	262144
1601349474191992	34521088
1601349474192011	6912
1601349474193077	-44045312
1601349474193079	-6912
1601349474193080	-262144
1601349474193100	262144
1601349474193106	262144
1601349474193119	2560
1601349474194369	-2560
1601349474194371	-262144
1601349474194378	-138086400
1601349474194419	-3584
1601349474194445	-2048
1601349474194487	-34521088
1601349474194517	-262144
1601349474194523	34521088
1601349474194524	512
1601349474194525	512
1601349474194525	256
1601349474194547	256
1601349474194634	-34521088
1601349474194637	-34521088
1601349474194638	-512
1601349474194638	-512
1601349474194640	-256
1601349474194641	-256
1601349474194678	-262144
1601349474194691	34521088
1601349474194696	1048576
1601349474194718	44045312
1601349474194733	175767552
1601349474195670	-34521088
1601349474195671	-175767552
1601349474195673	-1048576
1601349474195692	1048576
1601349474195698	1049088
1601349474195711	157704192
1601349474196551	-157704192
1601349474196553	-1049088
1601349474196564	-34521088
1601349474196936	-512
1601349474196965	-512
1601349474197352	-34521088
1601349474197378	-589824
1601349474197390	34521088
1601349474197391	512
1601349474197392	512
1601349474197392	256
1601349474197411	256
1601349474197968	-44045312
1601349474197969	-34521088
1601349474197971	-512
1601349474197972	-512
1601349474197974	-256
1601349474197974	-256
1601349474198018	-1048576
1601349474198025	138084352
1601349474198030	262144
1601349474198056	138084352
1601349474198069	6912
1601349474199197	-138084352
1601349474199199	-6912
1601349474199201	-262144
1601349474199220	262144
1601349474199226	262144
1601349474199239	3584
1601349474200506	-3584
1601349474200508	-262144
1601349474200515	-34521088
1601349474200594	-512
1601349474200625	-512
1601349474200652	-138084352
1601349474200682	-262144
1601349474200804	-138084352
1601349474200836	-262144
1601349474200847	138086400
1601349474200848	3584
1601349474200849	2048
1601349474200849	256
1601349474201006	256
1601349474201092	-138084352
1601349474201094	-2048
1601349474201094	-2048
1601349474201096	-256
1601349474201097	-256
1601349474201110	44045312
1601349474201115	262144
1601349474201945	34521088
1601349474201959	6912
1601349474202426	-44045312
1601349474202428	-6912
1601349474202429	-262144
1601349474202449	262144
1601349474202455	262144
1601349474202468	2560
1601349474203525	-2560
1601349474203528	-262144
1601349474203534	-138086400
1601349474203616	-3584
1601349474203646	-2048
1601349474203675	-34521088
1601349474203705	-262144
1601349474203713	34521088
1601349474203714	512
1601349474203714	512
1601349474203715	256
1601349474203830	256
1601349474203904	-34521088
1601349474203906	-34521088
1601349474203906	-512
1601349474203907	-512
1601349474203909	-256
1601349474203909	-256
1601349474203947	-262144
1601349474203959	34521088
1601349474203964	590080
1601349474203986	44307712
1601349474204001	175767552
1601349474205259	-34521088
1601349474205261	-175767552
1601349474205262	-590080
1601349474205282	590080
1601349474205288	1048576
1601349474205301	157704192
1601349474206910	-157704192
1601349474206913	-1048576
1601349474206919	-34521088
1601349474206955	-512
1601349474207322	-512
1601349474207354	-34521088
1601349474207383	-589824
1601349474207391	34521088
1601349474207392	512
1601349474207392	512
1601349474207393	256
1601349474207869	256
1601349474207940	-44307712
1601349474207941	-34521088
1601349474207941	-512
1601349474207942	-512
1601349474207944	-256
1601349474207944	-256
1601349474207988	-590080
1601349474208002	138084352
1601349474208007	262144
1601349474208030	138084352
1601349474208043	6912
1601349474209161	-138084352
1601349474209163	-6912
1601349474209165	-262144
1601349474209183	262144
1601349474209189	262144
1601349474209201	4096
1601349474211950	-4096
1601349474211953	-262144
1601349474211963	-34521088
1601349474212005	-512
1601349474212036	-512
1601349474212065	-138084352
1601349474212096	-262144
1601349474212128	-138084352
1601349474212156	-262144
1601349474212170	138088448
1601349474212171	2048
1601349474212171	2048
1601349474212172	256
1601349474212191	256
1601349474212265	-138084352
1601349474212266	-2048
1601349474212266	-2048
1601349474212269	-256
1601349474212269	-256
1601349474212284	45881344
1601349474212290	262144
1601349474212321	34521088
1601349474212336	6912
1601349474212402	-45881344
1601349474212404	-6912
1601349474212405	-262144
1601349474212425	262144
1601349474212432	262144
1601349474212445	2560
1601349474213342	-2560
1601349474213345	-262144
1601349474213351	-138088448
1601349474213443	-2048
1601349474213468	-2048
1601349474213500	-34523136
1601349474213630	-262144
1601349474213638	34523136
1601349474213639	512
1601349474213639	512
1601349474213640	256
1601349474213663	256
1601349474213732	-34521088
1601349474213734	-34521088
1601349474213734	-512
1601349474213734	-512
1601349474213736	-256
1601349474213737	-256
1601349474213774	-262144
1601349474213787	34521088
1601349474213792	1048576
1601349474213814	45881344
1601349474213828	175767552
1601349474216303	-34521088
1601349474216305	-175767552
1601349474216306	-1048576
1601349474216328	1048576
1601349474216334	589824
1601349474216348	157704192
1601349474216751	-157704192
1601349474216753	-589824
1601349474216760	-34523136
1601349474217141	-512
1601349474217173	-512
1601349474217205	-34521088
1601349474217231	-589824
1601349474217243	34521088
1601349474217244	512
1601349474217244	512
1601349474217245	256
1601349474217717	256
1601349474217783	-45881344
1601349474217785	-34521088
1601349474217785	-512
1601349474217786	-512
1601349474217787	-256
1601349474217788	-256
1601349474217832	-1048576
1601349474217844	138084352
1601349474217849	262144
1601349474218933	138084352
1601349474218947	6912
1601349474219012	-138084352
1601349474219014	-6912
1601349474219015	-262144
1601349474219035	262144
1601349474219041	262144
1601349474219054	3584
1601349474220356	-3584
1601349474220358	-262144
1601349474220364	-34521088
1601349474220401	-512
1601349474220435	-512
1601349474220550	-138084352
1601349474220582	-262144
1601349474220614	-138084352
1601349474220775	-262144
1601349474220782	138084352
1601349474220783	3584
1601349474220784	2048
1601349474220784	256
1601349474220805	256
1601349474221754	-138084352
1601349474221755	-2048
1601349474221760	-2048
1601349474221762	-256
1601349474221762	-256
1601349474221776	138084352
1601349474221777	2048
1601349474221777	2048
1601349474221778	256
1601349474221877	256
1601349474222077	-138084352
1601349474222081	-138084352
1601349474222081	-2048
1601349474222082	-2048
1601349474222083	-256
1601349474222084	-256
1601349474222111	276168704
1601349474222117	524288
1601349474222180	276168704
1601349474223087	-276168704
1601349474223089	-524288
1601349474223118	524288
1601349474223125	524288
1601349474223139	2560
1601349474223261	-2560
1601349474223263	-524288
1601349474223270	-138084352
1601349474223305	-3584
1601349474223434	-2048
1601349474223441	46733568
1601349474223446	262144
1601349474223469	34521088
1601349474223482	6912
1601349474223552	-46733568
1601349474223553	-6912
1601349474223555	-262144
1601349474223574	262144
1601349474223580	262144
1601349474223592	3584
1601349474226130	-3584
1601349474226132	-262144
1601349474226139	-138084352
1601349474226180	-2048
1601349474226207	-2048
1601349474226239	-524288
1601349474226563	-34521088
1601349474226590	-262144
1601349474226968	-524288
1601349474226979	46733568
1601349474226980	512
1601349474226980	512
1601349474226981	256
1601349474227000	256
1601349474227069	-34521088
1601349474227071	-34521088
1601349474227072	-768
1601349474227073	-512
1601349474227074	-256
1601349474227075	-256
1601349474227523	-262144
1601349474227536	34521088
1601349474227542	1048576
1601349474227566	34521088
1601349474227579	207134720
1601349474228778	-34521088
1601349474228780	-207134720
1601349474228780	-1048576
1601349474228805	1048576
1601349474228811	589824
1601349474228824	207134720
1601349474230083	-207134720
1601349474230085	-589824
1601349474230101	-46733568
1601349474230180	-512
1601349474230208	-512
1601349474230238	-34521088
1601349474230268	-589824
1601349474230275	34521088
1601349474230276	512
1601349474230276	512
1601349474230277	256
1601349474230382	256
1601349474230467	-34521088
1601349474230469	-51772416
1601349474230469	-512
1601349474230470	-512
1601349474230472	-256
1601349474230472	-256
1601349474230591	-1048576
1601349474230598	276168704
1601349474230609	131072
1601349474230632	345219072
1601349474231702	-276168704
1601349474231704	-131072
1601349474231727	131072
1601349474231733	131072
1601349474231746	2560
1601349474232938	-2560
1601349474232940	-131072
1601349474232946	-34521088
1601349474232982	-512
1601349474233012	-512
1601349474233064	-345219072
1601349474233095	-131072
1601349474233126	-276168704
1601349474233153	-131072
1601349474233164	276168704
1601349474233165	1024
1601349474233166	1024
1601349474233166	256
1601349474233283	256
1601349474233362	-276168704
1601349474233363	-1024
1601349474233364	-1024
1601349474233366	-256
1601349474233366	-256
1601349474233382	69042176
1601349474233387	65536
1601349474233414	69042176
1601349474233428	21248
1601349474234692	-69042176
1601349474234694	-21248
1601349474234695	-65536
1601349474234717	65536
1601349474234723	65536
1601349474234736	4096
1601349474235986	-4096
1601349474235988	-65536
1601349474235995	-276168704
1601349474236036	-1024
1601349474236377	-1024
1601349474236412	-69042176
1601349474236793	-65536
1601349474236801	69042176
1601349474236802	256
1601349474236803	256
1601349474236803	256
1601349474236827	256
1601349474236893	-69042176
1601349474236897	-69042176
1601349474236897	-256
1601349474236899	-256
1601349474236900	-256
1601349474236900	-256
1601349474237347	-65536
1601349474237355	69042176
1601349474237360	262144
1601349474237389	69042176
1601349474237401	524288
1601349474237474	-69042176
1601349474237476	-524288
1601349474237476	-262144
1601349474237502	262144
1601349474237508	262144
1601349474237521	5632
1601349474239870	-5632
1601349474239873	-262144
1601349474239880	-69042176
1601349474239923	-256
1601349474239948	-256
1601349474239981	-69042176
1601349474240015	-147456
1601349474240023	69042176
1601349474240024	256
1601349474240025	256
1601349474240025	256
1601349474240048	256
1601349474240116	-69042176
1601349474240119	-69042176
1601349474240120	-256
1601349474240121	-256
1601349474240123	-256
1601349474240123	-256
1601349474240204	-262144
1601349474240217	276168704
1601349474240223	65536
1601349474240247	276168704
1601349474240261	21248
1601349474240463	-276168704
1601349474240465	-21248
1601349474240466	-65536
1601349474240486	65536
1601349474240492	65536
1601349474240505	4096
1601349474242700	-4096
1601349474242702	-65536
1601349474242709	-69042176
1601349474242746	-256
1601349474242778	-256
1601349474242809	-276168704
1601349474242833	-65536
1601349474242895	-276168704
1601349474242927	-65536
1601349474242935	276168704
1601349474242935	1024
1601349474242936	1024
1601349474242937	256
1601349474242954	256
1601349474243132	-276168704
1601349474243133	-1024
1601349474243138	-1024
1601349474243140	-256
1601349474243140	-256
1601349474243156	69042176
1601349474243161	65536
1601349474243189	69042176
1601349474243202	21248
1601349474243266	-69042176
1601349474243268	-21248
1601349474243269	-65536
1601349474243288	65536
1601349474243294	65536
1601349474243306	4096
1601349474245776	-4096
1601349474245777	-65536
1601349474245784	-276168704
1601349474245819	-1024
1601349474245849	-1024
1601349474246190	-69042176
1601349474246221	-65536
1601349474246233	69042176
1601349474246234	256
1601349474246234	256
1601349474246235	256
1601349474246587	256
1601349474246661	-69042176
1601349474246664	-69042176
1601349474246665	-256
1601349474246666	-256
1601349474246668	-256
1601349474246668	-256
1601349474246711	-65536
1601349474246719	69042176
1601349474246724	147456
1601349474246747	69042176
1601349474246759	524288
1601349474247187	-69042176
1601349474247189	-524288
1601349474247190	-147456
1601349474247209	147456
1601349474247215	147456
1601349474247228	5632
1601349474251571	-5632
1601349474251574	-147456
1601349474251580	-69042176
1601349474251615	-256
1601349474254176	-256
1601349474254210	-69042176
1601349474254237	-147456
1601349474254249	69042176
1601349474254250	256
1601349474254250	256
1601349474254251	256
1601349474254270	256
1601349474254337	-69042176
1601349474254340	-69042176
1601349474254341	-256
1601349474254342	-256
1601349474254344	-256
1601349474254344	-256
1601349474254387	-147456
1601349474254395	276168704
1601349474254400	65536
1601349474254428	276168704
1601349474254441	21248
1601349474255505	-276168704
1601349474255507	-21248
1601349474255508	-65536
1601349474255527	65536
1601349474255533	65536
1601349474255546	3072
1601349474256808	-3072
1601349474256811	-65536
1601349474256817	-69042176
1601349474256851	-256
1601349474256919	-256
1601349474256946	-276168704
1601349474256975	-65536
1601349474257007	-276168704
1601349474257124	-65536
1601349474257135	276168704
1601349474257135	1024
1601349474257136	1024
1601349474257137	256
1601349474257156	256
1601349474257229	-276168704
1601349474257230	-1024
1601349474257231	-1024
1601349474257233	-256
1601349474257233	-256
1601349474257250	276168704
1601349474257251	1536
1601349474257251	1024
1601349474257252	256
1601349474257354	256
1601349474257433	-276168704
1601349474257436	-276168704
1601349474257437	-1024
1601349474257437	-1024
1601349474257439	-256
1601349474257439	-256
1601349474257457	69042176
1601349474257463	65536
1601349474258292	69042176
1601349474258306	21248
1601349474258763	-69042176
1601349474258765	-21248
1601349474258766	-65536
1601349474258786	65536
1601349474258792	65536
1601349474258805	3072
1601349474259730	-3072
1601349474259733	-65536
1601349474259739	-276168704
1601349474259819	-1024
1601349474259849	-1024
1601349474259856	69042176
1601349474259861	65536
1601349474259885	69042176
1601349474259897	21248
1601349474260061	-69042176
1601349474260063	-21248
1601349474260064	-65536
1601349474260084	65536
1601349474260089	81920
1601349474260102	3072
1601349474261668	-3072
1601349474261670	-81920
1601349474261676	-276168704
1601349474262374	-1536
1601349474262403	-1024
1601349474262434	-65536
1601349474262465	-69042176
1601349474263170	-65536
1601349474263200	-65536
1601349474263210	69952512
1601349474263211	256
1601349474263212	256
1601349474263212	256
1601349474263965	256
1601349474264031	-69042176
1601349474264034	-69042176
1601349474264035	-256
1601349474264036	-256
1601349474264037	-256
1601349474264038	-256
1601349474264076	-65536
1601349474264088	69416192
1601349474264093	147456
1601349474265038	69042176
1601349474265050	524288
1601349474265120	-69416192
1601349474265121	-524288
1601349474265122	-147456
1601349474265142	147456
1601349474265148	147456
1601349474265161	5632
1601349474266397	-5632
1601349474266400	-147456
1601349474266406	-69952512
1601349474267647	-256
1601349474267679	-256
1601349474267710	-69042176
1601349474267738	-147456
1601349474267750	69416192
1601349474267751	256
1601349474267752	256
1601349474267752	256
1601349474267870	256
1601349474267939	-69042176
1601349474267942	-69042176
1601349474267943	-256
1601349474267944	-256
1601349474267945	-256
1601349474267946	-256
1601349474267988	-147456
1601349474267997	69952512
1601349474268002	16384
1601349474268171	69042176
1601349474268185	21248
1601349474268483	-69952512
1601349474268485	-21248
1601349474268486	-16384
1601349474268505	16384
1601349474268512	16384
1601349474268524	3072
1601349474269988	-3072
1601349474269990	-16384
1601349474269996	-69416192
1601349474270883	-256
1601349474270915	-256
1601349474270946	-69042176
1601349474270975	-16384
1601349474270983	276168704
1601349474271144	-69042176
1601349474271145	-69042176
1601349474271187	-16384
1601349474271215	-276168704
1601349474271230	345210880
1601349474271231	256
1601349474271232	256
1601349474271232	256
1601349474271437	256
1601349474271505	-276168704
1601349474271508	-276168704
1601349474271508	-256
1601349474271509	-256
1601349474271511	-256
1601349474271511	-256
1601349474271526	37632
1601349474271532	37632
1601349474271551	35840
1601349474272983	-35840
1601349474272986	-37632
1601349474272992	-54593024
1601349474272993	-345210880
1601349474273033	-256
1601349474273063	-256
1601349474274231	-37632
1601349474274259	-256
1601349474274261	-37632
