1601349476213908	256
1601349476213970	512
1601349476214293	256
1601349476214375	256
1601349476214440	256
1601349476214494	256
1601349476214580	-256
1601349476214755	256
1601349476214917	-256
1601349476215062	256
1601349476215191	-256
1601349476215317	256
1601349476215384	256
1601349476215586	-256
1601349476215588	-256
1601349476215589	-256
1601349476215596	-256
1601349476215626	256
1601349476215928	-256
1601349476215965	-256
1601349476216032	-256
1601349476216384	256
1601349476216445	256
1601349476216449	256
1601349476216548	256
1601349476216636	-256
1601349476216668	37632
1601349476216730	256
1601349476216806	16384
1601349476216859	256
1601349476216882	9216
1601349476216928	-256
1601349476216947	-9216
1601349476216967	4194304
1601349476217044	256
1601349476217060	9216
1601349476217127	-9216
1601349476217149	9437184
1601349476217197	256
1601349476217199	256
1601349476217247	-256
1601349476217265	65536
1601349476217309	51781632
1601349476217367	256
1601349476217369	256
1601349476217419	-256
1601349476217438	147456
1601349476217482	256
1601349476217484	256
1601349476217529	-256
1601349476217546	65536
1601349476217585	256
1601349476217598	9216
1601349476217652	-9216
1601349476217670	4194304
1601349476217713	256
1601349476217715	256
1601349476217760	-256
1601349476217776	65536
1601349476217815	256
1601349476217817	256
1601349476217860	-256
1601349476217878	65536
1601349476217919	256
1601349476217921	256
1601349476217969	-256
1601349476217985	147456
1601349476218028	256
1601349476218030	256
1601349476218075	-256
1601349476218091	1048576
1601349476218152	256
1601349476218165	9216
1601349476218219	-9216
1601349476218238	8200192
1601349476218282	256
1601349476218283	256
1601349476218328	-256
1601349476218345	65536
1601349476218383	256
1601349476218385	256
1601349476218427	-256
1601349476218443	524288
1601349476218486	256
1601349476218499	9216
1601349476218553	-9216
1601349476218571	4194304
1601349476218615	256
1601349476218616	256
1601349476218662	-256
1601349476218679	147456
1601349476218721	256
1601349476218760	4096
1601349476218799	256
1601349476218801	256
1601349476218844	-256
1601349476218860	65536
1601349476218899	256
1601349476218919	256
1601349476218962	-256
1601349476218978	1048576
1601349476219021	256
1601349476219033	9216
1601349476219088	-9216
1601349476219105	9437184
1601349476219149	256
1601349476219161	9216
1601349476219215	-9216
1601349476219232	9437184
1601349476219275	256
1601349476219277	256
1601349476219322	-256
1601349476219338	131072
1601349476219380	256
1601349476219382	256
1601349476219426	-256
1601349476219443	262144
1601349476219485	256
1601349476219487	256
1601349476219531	-256
1601349476219547	262144
1601349476219590	256
1601349476219592	256
1601349476219636	-256
1601349476219653	589824
1601349476219695	256
1601349476219697	256
1601349476219741	-256
1601349476219757	589824
1601349476219800	256
1601349476219801	256
1601349476219847	-256
1601349476219863	589824
1601349476219905	256
1601349476219907	256
1601349476219950	-256
1601349476219968	262144
1601349476220011	256
1601349476220013	256
1601349476220058	-256
1601349476220077	262144
1601349476220121	256
1601349476220123	256
1601349476220168	-256
1601349476220187	589824
1601349476220229	256
1601349476220231	256
1601349476220275	-256
1601349476220292	262144
1601349476220334	256
1601349476220336	256
1601349476220381	-256
1601349476220398	1048576
1601349476220443	256
1601349476220445	256
1601349476220490	-256
1601349476220507	262144
1601349476220551	256
1601349476220553	256
1601349476220598	-256
1601349476220614	262144
1601349476220658	256
1601349476220670	9216
1601349476220735	-9216
1601349476220754	2097152
1601349476220798	256
1601349476220810	9216
1601349476220864	-9216
1601349476220882	2359296
1601349476220927	256
1601349476220929	256
1601349476220974	-256
1601349476220990	1048576
1601349476221038	256
1601349476221040	256
1601349476221085	-256
1601349476221103	1048576
1601349476221145	256
1601349476221147	256
1601349476221192	-256
1601349476221209	1048576
1601349476221251	256
1601349476221253	256
1601349476221298	-256
1601349476221315	1048576
1601349476221357	256
1601349476221369	9216
1601349476221424	-9216
1601349476221442	2359296
1601349476221485	256
1601349476221498	9216
1601349476221552	-9216
1601349476221570	2359296
1601349476221612	256
1601349476221614	256
1601349476221658	-256
1601349476221674	524288
1601349476221715	256
1601349476221727	9216
1601349476221780	-9216
1601349476221798	2359296
1601349476221841	256
1601349476221842	256
1601349476221888	-256
1601349476221904	1048576
1601349476221945	256
1601349476221957	9216
1601349476222011	-9216
1601349476222031	2359296
1601349476222073	256
1601349476222085	9216
1601349476222153	-9216
1601349476222172	2359296
1601349476222227	256
1601349476222238	9216
1601349476222287	-9216
1601349476222304	2097152
1601349476222344	256
1601349476222355	9216
1601349476222405	-9216
1601349476222424	4194304
1601349476222463	256
1601349476222465	256
1601349476222508	-256
1601349476222523	1048576
1601349476222562	256
1601349476222564	256
1601349476222606	-256
1601349476222621	1048576
1601349476222659	256
1601349476222661	256
1601349476222703	-256
1601349476222718	1048576
1601349476222757	256
1601349476222768	9216
1601349476222818	-9216
1601349476222834	8388608
1601349476222875	256
1601349476222886	9216
1601349476222937	-9216
1601349476222954	4194304
1601349476223005	54593024
1601349476223048	-51781632
1601349476223223	-256
1601349476223224	-256
1601349476223225	-256
1601349476223226	-256
1601349476223227	-256
1601349476223227	-256
1601349476223228	-256
1601349476223229	-256
1601349476223229	-256
1601349476223230	-256
1601349476223231	-256
1601349476223232	-256
1601349476223233	-256
1601349476223233	-256
1601349476223234	-256
1601349476223235	-256
1601349476223236	-256
1601349476223237	-256
1601349476223238	-256
1601349476223239	-256
1601349476223239	-256
1601349476223240	-256
1601349476223241	-256
1601349476223242	-256
1601349476223242	-256
1601349476223243	-256
1601349476223244	-256
1601349476223245	-256
1601349476223246	-256
1601349476223246	-256
1601349476223247	-256
1601349476223248	-256
1601349476223249	-256
1601349476223250	-256
1601349476223250	-256
1601349476223251	-256
1601349476223252	-256
1601349476223253	-256
1601349476223254	-256
1601349476223255	-256
1601349476223255	-256
1601349476223256	-256
1601349476223257	-256
1601349476223258	-256
1601349476223259	-256
1601349476223260	-256
1601349476223260	-256
1601349476223263	-256
1601349476223263	-256
1601349476223264	-256
1601349476223265	-256
1601349476223266	-256
1601349476223267	-256
1601349476223268	-256
1601349476223293	276168704
1601349476223302	37632
1601349476223374	75520
1601349476223481	-75520
1601349476223485	-37632
1601349476223581	276168704
1601349476223582	256
1601349476223583	256
1601349476223584	256
1601349476223585	256
1601349476223869	69042176
1601349476224069	276168704
1601349476224076	65536
1601349476224127	18944
1601349476224204	-18944
1601349476224207	-65536
1601349476224249	69042176
1601349476224254	16384
1601349476224304	18944
1601349476224369	-18944
1601349476224372	-16384
1601349476224433	-256
1601349476224470	-256
1601349476224483	276168704
1601349476224484	1024
1601349476224485	1024
1601349476224486	1024
1601349476224488	1024
1601349476224610	69042176
1601349476224611	256
1601349476224612	256
1601349476224613	256
1601349476224614	256
1601349476224981	69042176
1601349476224988	147456
1601349476225041	113688576
1601349476225441	-113688576
1601349476225445	-147456
1601349476225608	-1024
1601349476225643	-1024
1601349476225656	69042176
1601349476225657	256
1601349476225659	256
1601349476225659	256
1601349476225660	256
1601349476225809	-256
1601349476225846	-256
1601349476225976	276168704
1601349476225983	65536
1601349476226034	18944
1601349476226120	-18944
1601349476226124	-65536
1601349476226261	276168704
1601349476226262	1024
1601349476226263	1024
1601349476226264	1024
1601349476226265	1024
1601349476226415	-256
1601349476226452	-256
1601349476226493	-276168704
1601349476226684	69042176
1601349476226691	65536
1601349476226740	18944
1601349476226813	-18944
1601349476226817	-65536
1601349476226896	-1024
1601349476226931	-1024
1601349476226948	69042176
1601349476226950	256
1601349476226950	256
1601349476226951	256
1601349476226952	256
1601349476227188	69042176
1601349476227195	147456
1601349476227246	113688576
1601349476227577	-113688576
1601349476227581	-147456
1601349476227717	69042176
1601349476227719	256
1601349476227720	256
1601349476227720	256
1601349476227721	256
1601349476227870	-256
1601349476227907	-256
1601349476228056	276168704
1601349476228062	65536
1601349476228113	18944
1601349476228183	-18944
1601349476228186	-65536
1601349476228318	276168704
1601349476228320	1024
1601349476228321	1024
1601349476228322	1024
1601349476228323	1024
1601349476228470	-256
1601349476228508	-256
1601349476228763	69042176
1601349476228770	65536
1601349476228819	18944
1601349476228887	-18944
1601349476228891	-65536
1601349476228972	-1024
1601349476229007	-1024
1601349476229024	69042176
1601349476229025	256
1601349476229026	256
1601349476229027	256
1601349476229028	256
1601349476229265	69042176
1601349476229271	147456
1601349476229323	113688576
1601349476229647	-113688576
1601349476229650	-147456
1601349476229786	69042176
1601349476229787	256
1601349476229789	256
1601349476229789	256
1601349476229790	256
1601349476229937	-256
1601349476229974	-256
1601349476230116	276168704
1601349476230123	65536
1601349476230188	18944
1601349476230254	-18944
1601349476230258	-65536
1601349476230384	276168704
1601349476230386	1024
1601349476230387	1024
1601349476230388	1024
1601349476230389	1024
1601349476230528	-256
1601349476230563	-256
1601349476230796	138084352
1601349476230802	524288
1601349476230849	4864
1601349476230915	-4864
1601349476230918	-524288
1601349476230947	51771648
1601349476230952	131072
1601349476230997	4864
1601349476231057	-4864
1601349476231060	-131072
1601349476231140	-1024
1601349476231174	-1024
1601349476231189	138084352
1601349476231191	2048
1601349476231192	2048
1601349476231193	2048
1601349476231194	2048
1601349476231305	34521088
1601349476231306	512
1601349476231307	512
1601349476231308	512
1601349476231309	512
1601349476231653	34521088
1601349476231659	589824
1601349476231707	175767552
1601349476231820	-175767552
1601349476231823	-589824
1601349476231970	-2048
1601349476232003	-2048
1601349476232017	34521088
1601349476232019	512
1601349476232020	512
1601349476232021	512
1601349476232022	512
1601349476232157	-512
1601349476232192	-512
1601349476232306	138084352
1601349476232312	262144
1601349476232356	4864
1601349476232420	-4864
1601349476232423	-262144
1601349476232549	138084352
1601349476232550	2048
1601349476232551	2048
1601349476232552	2048
1601349476232554	2048
1601349476232689	-512
1601349476232724	-512
1601349476232763	-138084352
1601349476232946	34521088
1601349476232953	262144
1601349476232998	4864
1601349476233064	-4864
1601349476233067	-262144
1601349476233141	-2048
1601349476233173	-2048
1601349476233188	34521088
1601349476233190	512
1601349476233191	512
1601349476233191	512
1601349476233192	512
1601349476233411	34521088
1601349476233416	589824
1601349476233463	175767552
1601349476233562	-175767552
1601349476233566	-589824
1601349476233686	34523136
1601349476233687	512
1601349476233688	512
1601349476233689	512
1601349476233690	512
1601349476233824	-512
1601349476233858	-512
1601349476233973	138084352
1601349476233979	262144
1601349476234024	4864
1601349476234089	-4864
1601349476234103	-262144
1601349476234229	138084352
1601349476234230	2048
1601349476234231	2048
1601349476234232	2048
1601349476234234	2048
1601349476234372	-512
1601349476234407	-512
1601349476236846	34521088
1601349476236854	262144
1601349476236907	4864
1601349476236979	-4864
1601349476236984	-262144
1601349476237065	-2048
1601349476237100	-2048
1601349476237117	34521088
1601349476237119	512
1601349476237119	512
1601349476237120	512
1601349476237121	512
1601349476237357	34521088
1601349476237363	589824
1601349476237413	175767552
1601349476237514	-175767552
1601349476237517	-589824
1601349476237645	34521088
1601349476237647	512
1601349476237648	512
1601349476237649	512
1601349476237650	512
1601349476237791	-512
1601349476237827	-512
1601349476237944	138084352
1601349476237950	262144
1601349476237996	4864
1601349476238061	-4864
1601349476238064	-262144
1601349476238205	138084352
1601349476238206	2048
1601349476238207	2048
1601349476238208	2048
1601349476238209	2048
1601349476238349	-512
1601349476238385	-512
1601349476238612	34521088
1601349476238618	262144
1601349476238666	4864
1601349476238731	-4864
1601349476238734	-262144
1601349476238808	-2048
1601349476238842	-2048
1601349476238857	34521088
1601349476238858	512
1601349476238859	512
1601349476238860	512
1601349476238861	512
1601349476239104	34521088
1601349476239110	589824
1601349476239160	175767552
1601349476239259	-175767552
1601349476239263	-589824
1601349476239386	34521088
1601349476239388	512
1601349476239388	512
1601349476239389	512
1601349476239390	512
1601349476239530	-512
1601349476239564	-512
1601349476239682	138084352
1601349476239688	262144
1601349476239733	4864
1601349476239797	-4864
1601349476239800	-262144
1601349476239927	138084352
1601349476239928	2048
1601349476239929	2048
1601349476239930	2048
1601349476239932	2048
1601349476240072	-512
1601349476240108	-512
1601349476240333	69042176
1601349476240339	2097152
1601349476240385	1280
1601349476240451	-1280
1601349476240455	-2097152
1601349476240520	17260544
1601349476240526	524288
1601349476240572	1280
1601349476240635	-1280
1601349476240637	-524288
1601349476240693	-2048
1601349476240726	-2048
1601349476240741	69042176
1601349476240742	4096
1601349476240743	4096
1601349476240745	4096
1601349476240746	4096
1601349476240844	17260544
1601349476240845	1024
1601349476240846	1024
1601349476240847	1024
1601349476240848	1024
1601349476241193	17260544
1601349476241198	2359296
1601349476241247	122683392
1601349476241347	-122683392
1601349476241350	-2359296
1601349476241498	-4096
1601349476241531	-4096
1601349476241543	17260544
1601349476241545	1024
1601349476241546	1024
1601349476241547	1024
1601349476241548	1024
1601349476241669	-1024
1601349476241703	-1024
1601349476241821	69042176
1601349476241826	1048576
1601349476241872	1280
1601349476241937	-1280
1601349476241941	-1048576
1601349476242066	69042176
1601349476242067	5120
1601349476242068	4096
1601349476242069	4096
1601349476242070	4096
1601349476242216	-1024
1601349476242251	-1024
1601349476242288	-69042176
1601349476242483	17260544
1601349476242488	1048576
1601349476242532	1280
1601349476242593	-1280
1601349476242596	-1048576
1601349476242668	-5120
1601349476242699	-4096
1601349476242711	17260544
1601349476242713	1024
1601349476242713	1024
1601349476242714	1024
1601349476242715	1024
1601349476242907	17260544
1601349476242912	2359296
1601349476242957	122683392
1601349476243050	-122683392
1601349476243053	-2359296
1601349476243167	17264640
1601349476243169	1024
1601349476243170	1024
1601349476243170	1024
1601349476243171	1024
1601349476243285	-1024
1601349476243317	-1024
1601349476243467	69042176
1601349476243473	1048576
1601349476243518	1280
1601349476243579	-1280
1601349476243582	-1048576
1601349476243698	69042176
1601349476243699	4096
1601349476243700	4096
1601349476243701	4096
1601349476243702	4096
1601349476243818	-1024
1601349476243851	-1024
1601349476244060	17260544
1601349476244066	1048576
1601349476244109	2048
1601349476244169	-2048
1601349476244171	-1048576
1601349476244241	-4096
1601349476244272	-4096
1601349476244286	17260544
1601349476244287	1024
1601349476244288	1024
1601349476244288	1024
1601349476244289	1024
1601349476244481	17260544
1601349476244486	2359296
1601349476244531	122683392
1601349476244623	-122683392
1601349476244627	-2359296
1601349476244744	17260544
1601349476244745	1024
1601349476244746	1024
1601349476244747	1024
1601349476244748	1024
1601349476244861	-1024
1601349476244892	-1024
1601349476245001	69042176
1601349476245007	1048576
1601349476245050	1280
1601349476245112	-1280
1601349476245115	-1048576
1601349476245228	69042176
1601349476245229	5120
1601349476245230	4096
1601349476245231	4096
1601349476245232	4096
1601349476245344	-1024
1601349476245376	-1024
1601349476245587	17260544
1601349476245593	1048576
1601349476245636	1280
1601349476245706	-1280
1601349476245709	-1048576
1601349476245781	-5120
1601349476245814	-4096
1601349476245825	17260544
1601349476245827	1024
1601349476245828	1024
1601349476245828	1024
1601349476245829	1024
1601349476246019	17260544
1601349476246024	2359296
1601349476246069	122683392
1601349476246175	-122683392
1601349476246178	-2359296
1601349476246302	17260544
1601349476246304	1024
1601349476246305	1024
1601349476246305	1024
1601349476246306	1024
1601349476246422	-1024
1601349476246454	-1024
1601349476246565	69042176
1601349476246570	1048576
1601349476246613	1280
1601349476246674	-1280
1601349476246677	-1048576
1601349476246795	69042176
1601349476246796	5120
1601349476246797	4096
1601349476246798	4096
1601349476246799	4096
1601349476246914	-1024
1601349476246946	-1024
1601349476247153	17260544
1601349476247158	1048576
1601349476247201	2048
1601349476247260	-2048
1601349476247263	-1048576
1601349476247332	-5120
1601349476247364	-4096
1601349476247375	17260544
1601349476247376	1024
1601349476247377	1024
1601349476247378	1024
1601349476247378	1024
1601349476247569	17260544
1601349476247574	2359296
1601349476247621	122683392
1601349476247712	-122683392
1601349476247716	-2359296
1601349476249017	17260544
1601349476249019	1024
1601349476249020	1024
1601349476249021	1024
1601349476249022	1024
1601349476250409	-1024
1601349476250445	-1024
1601349476252047	69042176
1601349476252052	1048576
1601349476253081	1280
1601349476253143	-1280
1601349476253147	-1048576
1601349476253267	69042176
1601349476253268	5120
1601349476253269	4096
1601349476253271	4096
1601349476253272	4096
1601349476254356	-1024
1601349476254389	-1024
1601349476256894	17260544
1601349476256899	1048576
1601349476256942	2048
1601349476257341	-2048
1601349476257344	-1048576
1601349476257600	-5120
1601349476257631	-4096
1601349476257644	17260544
1601349476257645	1024
1601349476257645	1024
1601349476257646	1024
1601349476257647	1024
1601349476257833	17260544
1601349476257838	2359296
1601349476259093	122683392
1601349476262083	-122683392
1601349476262086	-2359296
1601349476262216	17260544
1601349476262217	1024
1601349476262218	1024
1601349476262219	1024
1601349476262220	1024
1601349476263198	-1024
1601349476263230	-1024
1601349476263335	69042176
1601349476263341	1048576
1601349476265561	1280
1601349476265620	-1280
1601349476265623	-1048576
1601349476266242	69042176
1601349476266243	5120
1601349476266244	4096
1601349476266245	4096
1601349476266246	4096
1601349476267198	-1024
1601349476267229	-1024
1601349476267479	34521088
1601349476267485	8388608
1601349476267663	512
1601349476268401	-512
1601349476268404	-8388608
1601349476268452	8630272
1601349476268457	2097152
1601349476268701	512
1601349476268756	-512
1601349476268758	-2097152
1601349476268817	-5120
1601349476268942	-4096
1601349476268956	34521088
1601349476268958	8192
1601349476268959	8192
1601349476268959	8192
1601349476268961	8192
1601349476269075	8630272
1601349476269076	2048
1601349476269077	2048
1601349476269078	2048
1601349476269079	2048
1601349476270414	8630272
1601349476270420	9437184
1601349476271146	94371840
1601349476271945	-94371840
1601349476271949	-9437184
1601349476272521	-8192
1601349476272550	-8192
1601349476272561	8630272
1601349476272562	3072
1601349476272564	2048
1601349476272564	2048
1601349476272566	2048
1601349476272677	-2048
1601349476273671	-2048
1601349476274078	34521088
1601349476274084	4194304
1601349476276954	512
1601349476277113	-512
1601349476277122	-4194304
1601349476277294	34521088
1601349476277295	10240
1601349476277303	8192
1601349476277305	8192
1601349476277306	8192
1601349476277467	-3072
1601349476277511	-2048
1601349476277552	-34521088
1601349476277750	8630272
1601349476277758	4194304
1601349476277803	512
1601349476277866	-512
1601349476277869	-4194304
1601349476277957	-10240
1601349476277992	-8192
1601349476278005	8630272
1601349476278006	2048
1601349476278007	2048
1601349476278007	2048
1601349476278008	3072
1601349476278693	8630272
1601349476278699	9437184
1601349476278746	94371840
1601349476279351	-94371840
1601349476279354	-9437184
1601349476280387	8638464
1601349476280389	2048
1601349476280389	2048
1601349476280390	2048
1601349476280391	2048
1601349476280619	-2048
1601349476280770	-2048
1601349476280895	34521088
1601349476280900	4194304
1601349476281087	512
1601349476281818	-512
1601349476281821	-4194304
1601349476282170	34521088
1601349476282171	8192
1601349476282172	8192
1601349476282173	8192
1601349476282173	8192
1601349476282402	-2048
1601349476282448	-2048
1601349476283796	8630272
1601349476283801	4194304
1601349476283845	512
1601349476284575	-512
1601349476284577	-4194304
1601349476285340	-8192
1601349476285382	-8192
1601349476285395	8630272
1601349476285397	2048
1601349476285397	2048
1601349476285398	2048
1601349476285399	2048
1601349476285956	8630272
1601349476285962	9437184
1601349476286010	94371840
1601349476287110	-94371840
1601349476287113	-9437184
1601349476287505	8630272
1601349476287506	2048
1601349476287507	2048
1601349476287507	2048
1601349476287508	2048
1601349476287630	-2048
1601349476287663	-2048
1601349476288538	34521088
1601349476288543	4194304
1601349476288829	512
1601349476289058	-512
1601349476289061	-4194304
1601349476289218	34521088
1601349476289219	10240
1601349476289220	8192
1601349476289221	8192
1601349476289222	8192
1601349476289349	-2048
1601349476289385	-2048
1601349476292047	-10240
1601349476292081	-8192
1601349476292099	704512
1601349476292178	344576
1601349476292657	512
1601349476292659	512
1601349476295691	-512
1601349476295700	-512
1601349476295770	256
1601349476296044	-512
1601349476296055	4096
1601349476296155	704512
1601349476296206	8200192
1601349476296243	-704512
1601349476296244	-344576
1601349476296327	-4096
1601349476296375	-8200192
1601349476296414	-256
1601349476296456	-4096
1601349476296470	34521088
1601349476296504	-704512
1601349476296559	-8200192
1601349476297375	-34521088
1601349476297400	34529280
1601349476297400	10240
1601349476297401	8192
1601349476297402	256
1601349476297538	256
1601349476297630	-34521088
1601349476297631	-8192
1601349476297632	-8192
1601349476297634	-256
1601349476297635	-256
1601349476297753	9970176
1601349476297764	8192000
1601349476297798	8630272
1601349476297827	4352
1601349476297943	-9970176
1601349476297945	-4352
1601349476297946	-8192000
1601349476297976	8192000
1601349476297986	4194304
1601349476298009	4352
1601349476298213	-4352
1601349476298216	-4194304
1601349476298230	-34529280
1601349476298279	-10240
1601349476299008	-8192
1601349476299048	-8630272
1601349476299082	-4194304
1601349476299093	8630272
1601349476299094	2048
1601349476299095	2048
1601349476299096	256
1601349476299375	256
1601349476299441	-8630272
1601349476299443	-8630272
1601349476299444	-2048
1601349476299445	-2048
1601349476299447	-256
1601349476299448	-256
1601349476299779	-8192000
1601349476299792	8630272
1601349476299801	9437184
1601349476299828	8630272
1601349476299853	94371840
1601349476300119	-8630272
1601349476300122	-94371840
1601349476300123	-9437184
1601349476300151	9437184
1601349476300159	9437184
1601349476300177	88473600
1601349476301306	-88473600
1601349476301310	-9437184
1601349476301318	-8630272
1601349476301380	-2048
1601349476301427	-2048
1601349476301460	-8630272
1601349476301499	-9437184
1601349476301514	9437440
1601349476301515	2048
1601349476301516	2048
1601349476301517	256
1601349476301577	256
1601349476302521	-8630272
1601349476302523	-8630272
1601349476302524	-2048
1601349476302525	-2048
1601349476302526	-256
1601349476302527	-256
1601349476302679	-9437184
1601349476302691	34521088
1601349476302697	4194304
1601349476302727	34521088
1601349476302743	4096
1601349476302822	-34521088
1601349476302825	-4096
1601349476302826	-4194304
1601349476302850	4194304
1601349476302858	8200192
1601349476302875	4096
1601349476302992	-4096
1601349476302994	-8200192
1601349476303002	-9437440
1601349476303046	-2048
1601349476304142	-2048
1601349476304178	-34521088
1601349476304214	-4194304
1601349476304511	-34521088
1601349476304548	-4194304
1601349476304560	34537472
1601349476304562	8192
1601349476304562	8192
1601349476304563	256
1601349476304588	256
1601349476304945	-34521088
1601349476304947	-8192
1601349476304947	-8192
1601349476304949	-256
1601349476304950	-256
1601349476304968	13631744
1601349476304974	8200192
1601349476305007	8630272
1601349476305023	4096
1601349476305225	-13631744
1601349476305228	-4096
1601349476305229	-8200192
1601349476305252	8200192
1601349476305260	4194304
1601349476305276	4096
1601349476306372	-4096
1601349476306375	-4194304
1601349476306384	-34537472
1601349476306459	-8192
1601349476306527	-8192
1601349476306558	-8638464
1601349476306596	-4194304
1601349476306609	8638464
1601349476306610	2048
1601349476306610	2048
1601349476306612	256
1601349476306636	256
1601349476306774	-8630272
1601349476306776	-8630272
1601349476306776	-2048
1601349476306777	-2048
1601349476306779	-256
1601349476306779	-256
1601349476307663	-8200192
1601349476307677	8630272
1601349476307683	13631744
1601349476307826	8630272
1601349476307844	173986304
1601349476307971	-8630272
1601349476307973	-173986304
1601349476307974	-13631744
1601349476308001	13631744
1601349476308008	9437184
1601349476308024	164549120
1601349476308123	-164549120
1601349476308126	-9437184
1601349476308134	-8638464
1601349476308180	-2048
1601349476309301	-2048
1601349476309337	-8630272
1601349476309648	-9437184
1601349476309664	9437440
1601349476309665	2048
1601349476309668	2048
1601349476309668	256
1601349476309695	256
1601349476310053	-8630272
1601349476310055	-8630272
1601349476310055	-2048
1601349476310056	-3072
1601349476310057	-256
1601349476310058	-256
1601349476310119	-13631744
1601349476310131	34529280
1601349476310139	4194304
1601349476310164	34521088
1601349476310182	3072
1601349476310364	-34529280
1601349476310366	-3072
1601349476310367	-4194304
1601349476310392	4194304
1601349476310399	4194560
1601349476310416	3072
1601349476311727	-3072
1601349476311730	-4194560
1601349476311738	-9437440
1601349476311816	-2048
1601349476311885	-2048
1601349476311918	-34521088
1601349476311951	-4194304
1601349476311985	-34521088
1601349476312112	-4194304
1601349476312122	34523136
1601349476312122	10240
1601349476312123	8192
1601349476312124	256
1601349476312149	256
1601349476313195	-34521088
1601349476313196	-8192
1601349476313197	-8192
1601349476313199	-256
1601349476313199	-256
1601349476313215	34521088
1601349476313216	8192
1601349476313216	8192
1601349476313217	256
1601349476313240	256
1601349476313316	-34521088
1601349476313318	-34521088
1601349476313318	-8192
1601349476313319	-8192
1601349476313321	-256
1601349476313321	-256
1601349476313340	69042176
1601349476313347	9437440
1601349476313377	69042176
1601349476313554	-69042176
1601349476313557	-9437440
1601349476313583	9437440
1601349476313592	13631744
1601349476313608	3072
1601349476314641	-3072
1601349476314643	-13631744
1601349476314652	-34523136
1601349476314708	-10240
1601349476314736	-8192
1601349476314747	13631744
1601349476314753	4194304
1601349476315011	8630272
1601349476315029	3072
1601349476315409	-13631744
1601349476315412	-3072
1601349476315413	-4194304
1601349476315440	4194304
1601349476315447	4194560
1601349476315463	3072
1601349476315716	-3072
1601349476315718	-4194560
1601349476315725	-34521088
1601349476315772	-8192
1601349476315802	-8192
1601349476316835	-8388608
1601349476316869	-8630272
1601349476316899	-4194304
1601349476316963	-9437440
1601349476316973	9437440
1601349476316974	2048
1601349476316974	2048
1601349476316975	256
1601349476317029	256
1601349476317087	-8630272
1601349476317089	-8630272
1601349476317089	-2048
1601349476317090	-2048
1601349476317092	-256
1601349476317092	-256
1601349476317132	-4194304
1601349476317142	12583424
1601349476317147	13631744
1601349476317238	8630272
1601349476317253	94371840
1601349476318353	-12583424
1601349476318355	-94371840
1601349476318356	-13631744
1601349476318380	12583424
1601349476318387	13631744
1601349476318401	88473600
1601349476318548	-88473600
1601349476318551	-13631744
1601349476318558	-9437440
1601349476318597	-2048
1601349476318626	-2048
1601349476318670	-8630272
1601349476318709	-9437184
1601349476318724	9437184
1601349476318725	2048
1601349476318725	2048
1601349476318726	256
1601349476319854	256
1601349476320157	-8630272
1601349476320159	-8630272
1601349476320160	-2048
1601349476320161	-2048
1601349476320163	-256
1601349476320164	-256
1601349476320205	-12583424
1601349476320216	69042176
1601349476320222	2097152
1601349476320245	103596032
1601349476320599	-69042176
1601349476320601	-2097152
1601349476320627	2097152
1601349476320635	2097152
1601349476320650	4352
1601349476320871	-4352
1601349476320873	-2097152
1601349476320881	-9437184
1601349476320921	-2048
1601349476320949	-2048
1601349476322207	-103596032
1601349476322240	-2097152
1601349476322318	-69042176
1601349476322388	-2097152
1601349476322399	69046272
1601349476322399	4352
1601349476322400	5120
1601349476322401	256
1601349476322421	256
1601349476322508	-69042176
1601349476322511	-4096
1601349476322512	-4096
1601349476322513	-256
1601349476322514	-256
1601349476322532	17260544
1601349476322539	1048576
1601349476322580	17260544
1601349476322598	3584
1601349476323536	-17260544
1601349476323538	-3584
1601349476323540	-1048576
1601349476323564	1048576
1601349476323571	1048576
1601349476323589	2560
1601349476323871	-2560
1601349476323874	-1048576
1601349476323881	-69046272
1601349476323922	-4352
1601349476323958	-5120
1601349476323989	-17260544
1601349476324027	-1048576
1601349476324042	17260544
1601349476324044	1024
1601349476324045	1024
1601349476324045	256
1601349476324065	256
1601349476324144	-17260544
1601349476324147	-17260544
1601349476324148	-1024
1601349476324149	-1024
1601349476324150	-256
1601349476324151	-256
1601349476325242	-1048576
1601349476325254	17260544
1601349476325260	4194304
1601349476325287	17260544
1601349476325306	122683392
1601349476325631	-17260544
1601349476325634	-122683392
1601349476325635	-4194304
1601349476325667	4194304
1601349476325677	4194304
1601349476325694	110886912
1601349476326318	-110886912
1601349476326321	-4194304
1601349476326329	-17260544
1601349476326376	-1024
1601349476326418	-1024
1601349476326454	-17260544
1601349476328690	-2359296
1601349476328701	17260544
1601349476328702	1024
1601349476328703	1024
1601349476328703	256
1601349476328731	256
1601349476328806	-17260544
1601349476328809	-17260544
1601349476328810	-1024
1601349476328811	-1024
1601349476328812	-256
1601349476328812	-256
1601349476329420	-4194304
1601349476329436	69042176
1601349476329443	1048832
1601349476329467	69042176
1601349476329485	4096
1601349476329728	-69042176
1601349476329730	-4096
1601349476329731	-1048832
1601349476329754	1048832
1601349476329761	1048576
1601349476329777	4096
1601349476329889	-4096
1601349476329891	-1048576
1601349476329899	-17260544
1601349476329937	-1024
1601349476329973	-1024
1601349476330006	-69042176
1601349476330062	-1048576
1601349476330169	-69042176
1601349476331052	-1048832
1601349476331062	69046272
1601349476331063	4352
1601349476331063	5120
1601349476331064	256
1601349476331169	256
1601349476331245	-69042176
1601349476331247	-4096
1601349476331252	-4096
1601349476331255	-256
1601349476331256	-256
1601349476331274	17260544
1601349476331281	1048832
1601349476331307	17260544
1601349476331324	3584
1601349476331397	-17260544
1601349476331399	-3584
1601349476331400	-1048832
1601349476331421	1048832
1601349476331430	1048576
1601349476331445	2560
1601349476331556	-2560
1601349476331558	-1048576
1601349476331565	-69046272
1601349476331603	-4352
1601349476331638	-5120
1601349476332585	-17260544
1601349476332617	-1048576
1601349476332633	17260544
1601349476332634	1024
1601349476332635	1024
1601349476332635	256
1601349476332787	256
1601349476332861	-17260544
1601349476332865	-17260544
1601349476332866	-1024
1601349476332867	-1024
1601349476332868	-256
1601349476332869	-256
1601349476332917	-1048832
1601349476332927	17260544
1601349476332935	4194304
1601349476333005	17260544
1601349476333021	122683392
1601349476333180	-17260544
1601349476333181	-122683392
1601349476333183	-4194304
1601349476333213	4194304
1601349476333222	4194304
1601349476333239	110886912
1601349476334600	-110886912
1601349476334603	-4194304
1601349476334610	-17260544
1601349476334658	-1024
1601349476334689	-1024
1601349476334720	-17260544
1601349476334767	-2359296
1601349476334779	17260544
1601349476334779	1024
1601349476334780	1024
1601349476334780	256
1601349476334807	256
1601349476334920	-17260544
1601349476334923	-17260544
1601349476334924	-1024
1601349476334924	-1024
1601349476334926	-256
1601349476334926	-256
1601349476335001	-4194304
1601349476335011	69042176
1601349476335017	1048832
1601349476335097	69042176
1601349476335113	4096
1601349476336120	-69042176
1601349476336122	-4096
1601349476336123	-1048832
1601349476336145	1048832
1601349476336154	1049088
1601349476336169	4096
1601349476336276	-4096
1601349476336278	-1049088
1601349476336285	-17260544
1601349476336339	-1024
1601349476336375	-1024
1601349476336409	-69042176
1601349476336443	-1048576
1601349476337503	-69042176
1601349476337540	-1048832
1601349476337549	69046272
1601349476337550	4352
1601349476337550	5120
1601349476337551	256
1601349476337573	256
1601349476337785	-69042176
1601349476337787	-4096
1601349476337788	-4096
1601349476337790	-256
1601349476337790	-256
1601349476337808	17260544
1601349476337815	1048576
1601349476337841	17260544
1601349476337859	3584
1601349476337961	-17260544
1601349476337963	-3584
1601349476337964	-1048576
1601349476337986	1048576
1601349476338011	1048832
1601349476338026	2560
1601349476338172	-2560
1601349476338174	-1048832
1601349476338182	-69046272
1601349476338231	-4352
1601349476339510	-5120
1601349476339542	-17260544
1601349476339570	-1048576
1601349476339585	17260544
1601349476339586	1024
1601349476339586	1024
1601349476339587	256
1601349476339605	256
1601349476339691	-17260544
1601349476339693	-17260544
1601349476339695	-1024
1601349476339695	-1024
1601349476339697	-256
1601349476339697	-256
1601349476339745	-1048576
1601349476339754	17260544
1601349476339761	4194304
1601349476339786	17260544
1601349476339805	122683392
1601349476340905	-17260544
1601349476340907	-122683392
1601349476340909	-4194304
1601349476340930	4194304
1601349476340936	4194304
1601349476340951	110886912
1601349476341123	-110886912
1601349476341126	-4194304
1601349476341132	-17260544
1601349476341176	-1024
1601349476341206	-1024
1601349476341232	-17260544
1601349476341266	-2359296
1601349476341282	17260544
1601349476341283	1024
1601349476341284	1024
1601349476341284	256
1601349476341303	256
1601349476342462	-17260544
1601349476342464	-17260544
1601349476342465	-1024
1601349476342467	-1024
1601349476342468	-256
1601349476342469	-256
1601349476342516	-4194304
1601349476342526	69042176
1601349476342533	1048576
1601349476342558	69042176
1601349476342580	4096
1601349476342665	-69042176
1601349476342667	-4096
1601349476342667	-1048576
1601349476342689	1048576
1601349476342696	1048832
1601349476342709	4096
1601349476342893	-4096
1601349476342895	-1048832
1601349476342902	-17260544
1601349476343024	-1024
1601349476343053	-1024
1601349476343086	-69042176
1601349476343217	-1048576
1601349476343314	-69042176
1601349476343350	-1048576
1601349476343358	69046272
1601349476343359	4352
1601349476343360	5120
1601349476343360	256
1601349476343382	256
1601349476343454	-69042176
1601349476343456	-4096
1601349476343456	-4096
1601349476343458	-256
1601349476343459	-256
1601349476343475	17260544
1601349476343482	1048576
1601349476343511	17260544
1601349476343527	3584
1601349476343594	-17260544
1601349476343596	-3584
1601349476343598	-1048576
1601349476343619	1048576
1601349476343625	1048832
1601349476343638	2560
1601349476343738	-2560
1601349476343741	-1048832
1601349476343748	-69046272
1601349476343787	-4352
1601349476343821	-5120
1601349476343857	-17260544
1601349476343893	-1048576
1601349476343904	17260544
1601349476343905	1024
1601349476343905	1024
1601349476343906	256
1601349476343925	256
1601349476343992	-17260544
1601349476343993	-17260544
1601349476344005	-1024
1601349476344010	-1024
1601349476344011	-256
1601349476344012	-256
1601349476344055	-1048576
1601349476344064	17260544
1601349476344071	2359808
1601349476344238	17260544
1601349476344254	122683392
1601349476344650	-17260544
1601349476344652	-122683392
1601349476344654	-2359808
1601349476344675	2359808
1601349476344683	4194304
1601349476344697	110886912
1601349476345006	-110886912
1601349476345009	-4194304
1601349476345016	-17260544
1601349476345042	-256
1601349476346407	-1024
1601349476346444	-1024
1601349476346474	-17260544
1601349476346510	-2359296
1601349476346526	17260544
1601349476346527	1024
1601349476346527	1024
1601349476346528	256
1601349476347833	256
1601349476347948	-17260544
1601349476347951	-17260544
1601349476347952	-1024
1601349476347953	-1024
1601349476347954	-256
1601349476347955	-256
1601349476348001	-2359808
1601349476348011	69042176
1601349476348018	1048576
1601349476348231	69042176
1601349476348248	4352
1601349476348309	-69042176
1601349476348311	-4352
1601349476348312	-1048576
1601349476348335	1048576
1601349476348343	1048832
1601349476348357	4352
1601349476348466	-4352
1601349476348468	-1048832
1601349476348475	-17260544
1601349476348513	-1024
1601349476349384	-1024
1601349476349510	-69042176
1601349476349611	-1048576
1601349476349688	-69042176
1601349476350504	-1048576
1601349476350513	69050368
1601349476350514	4352
1601349476350515	4096
1601349476350516	256
1601349476350607	256
1601349476350960	-69042176
1601349476350962	-4096
1601349476350963	-4096
1601349476350964	-256
1601349476350965	-256
1601349476350982	26740992
1601349476350988	1048832
1601349476351013	17260544
1601349476351029	3584
1601349476351090	-26740992
1601349476351092	-3584
1601349476351093	-1048832
1601349476351114	1048832
1601349476351121	1049088
1601349476351141	2560
1601349476351245	-2560
1601349476351248	-1049088
1601349476351254	-69050368
1601349476351289	-4352
1601349476351320	-4096
1601349476351350	-17264640
1601349476352597	-1048576
1601349476352612	17264640
1601349476352613	1024
1601349476352613	1024
1601349476352614	256
1601349476352632	256
1601349476352698	-17260544
1601349476352701	-17260544
1601349476352701	-1024
1601349476352702	-1024
1601349476352704	-256
1601349476352704	-256
1601349476354044	-1048832
1601349476354053	17260544
1601349476354060	4194304
1601349476354091	26740992
1601349476354121	122683392
1601349476354345	-17260544
1601349476354348	-122683392
1601349476354349	-4194304
1601349476354376	4194304
1601349476354385	4194304
1601349476354400	110886912
1601349476354865	-110886912
1601349476354868	-4194304
1601349476354874	-17264640
1601349476354922	-1024
1601349476354952	-1024
1601349476354977	-17260544
1601349476356332	-2359296
1601349476356342	17260544
1601349476356343	1024
1601349476356343	1024
1601349476356347	256
1601349476356366	256
1601349476356433	-26740992
1601349476356435	-17260544
1601349476356436	-1024
1601349476356437	-1024
1601349476356439	-256
1601349476356439	-256
1601349476356481	-4194304
1601349476356490	69042176
1601349476356497	1048576
1601349476357739	69042176
1601349476357756	4352
1601349476357830	-69042176
1601349476357832	-4352
1601349476357832	-1048576
1601349476357853	1048576
1601349476357861	1048832
1601349476357874	4352
1601349476357999	-4352
1601349476358001	-1048832
1601349476358008	-17260544
1601349476358051	-1024
1601349476358166	-1024
1601349476358301	-69042176
1601349476358406	-1048576
1601349476359282	-69042176
1601349476359402	-1048576
1601349476359414	69043200
1601349476359414	4352
1601349476359415	5120
1601349476359415	256
1601349476359488	256
1601349476359622	-69042176
1601349476359623	-4096
1601349476359624	-4096
1601349476359626	-256
1601349476359626	-256
1601349476359642	69042176
1601349476359642	4096
1601349476359643	4096
1601349476359643	256
1601349476360385	256
1601349476360533	-69042176
1601349476360537	-69042176
1601349476360539	-4096
1601349476360539	-4096
1601349476360540	-256
1601349476360541	-256
1601349476360557	138084352
1601349476360563	2097152
1601349476360790	138084352
1601349476360885	-138084352
1601349476360887	-2097152
1601349476360911	2097152
1601349476360917	2097152
1601349476360944	2560
1601349476361044	-2560
1601349476361047	-2097152
1601349476361053	-69043200
1601349476361088	-4352
1601349476361124	-5120
1601349476361137	30149376
1601349476361144	1048576
1601349476361167	17260544
1601349476361182	4352
1601349476362481	-30149376
1601349476362483	-4352
1601349476362483	-1048576
1601349476362504	1048576
1601349476362512	1048832
1601349476362526	4352
1601349476363988	-4352
1601349476363990	-1048832
1601349476363996	-69042176
1601349476364034	-4096
1601349476364065	-4096
1601349476364206	-2097152
1601349476364239	-17260544
1601349476364436	-1048576
1601349476364472	-2097152
1601349476364481	30149376
1601349476364482	1024
1601349476364483	1024
1601349476364483	256
1601349476364501	256
1601349476364567	-17260544
1601349476364569	-17260544
1601349476364571	-1024
1601349476364573	-1024
1601349476364574	-256
1601349476364575	-256
1601349476364760	-1048576
1601349476364769	17260544
1601349476364776	4194304
1601349476364801	17260544
1601349476364816	172605440
1601349476365271	-17260544
1601349476365273	-172605440
1601349476365273	-4194304
1601349476365294	4194304
1601349476365301	4194304
1601349476365314	172605440
1601349476371633	-172605440
1601349476371635	-4194304
1601349476371641	-30149376
1601349476371684	-1024
1601349476371716	-1024
1601349476371746	-17260544
1601349476371774	-2359296
1601349476371787	17260544
1601349476371787	1024
1601349476371788	1024
1601349476371788	256
1601349476371805	256
1601349476373176	-17260544
1601349476373178	-17260544
1601349476373179	-1024
1601349476373180	-1024
1601349476373181	-256
1601349476373182	-256
1601349476373223	-4194304
1601349476373233	138084352
1601349476373239	524288
1601349476373260	189882368
1601349476374542	-138084352
1601349476374544	-524288
1601349476374568	524288
1601349476374574	524288
1601349476374592	4352
1601349476374723	-4352
1601349476374724	-524288
1601349476374731	-17260544
1601349476374765	-1024
1601349476374816	-1024
1601349476374848	-189882368
1601349476374878	-524288
1601349476374915	-138084352
1601349476374949	-524288
1601349476374957	138086400
1601349476374957	2048
1601349476374958	2048
1601349476374959	256
1601349476375062	256
1601349476375253	-138084352
1601349476375255	-2048
1601349476375255	-2048
1601349476375257	-256
1601349476375258	-256
1601349476375275	44045312
1601349476375281	262144
1601349476375312	34521088
1601349476375328	6912
1601349476376396	-44045312
1601349476376398	-6912
1601349476376400	-262144
1601349476376422	262144
1601349476376430	262144
1601349476376444	2560
1601349476377717	-2560
1601349476377720	-262144
1601349476377726	-138086400
1601349476377760	-2048
1601349476377793	-2048
1601349476377838	-34521088
1601349476377871	-262144
1601349476377885	34521088
1601349476377885	512
1601349476377886	512
1601349476377887	256
1601349476377904	256
1601349476377989	-34521088
1601349476377991	-34521088
1601349476377993	-512
1601349476377994	-512
1601349476377995	-256
1601349476377996	-256
1601349476378039	-262144
1601349476378050	34521088
1601349476378055	1048576
1601349476378076	44045312
1601349476378101	175767552
1601349476379013	-34521088
1601349476379015	-175767552
1601349476379017	-1048576
1601349476379045	1048576
1601349476379053	1048832
1601349476379066	157704192
1601349476379899	-157704192
1601349476379901	-1048832
1601349476379908	-34521088
1601349476380285	-512
1601349476380313	-512
1601349476380694	-34521088
1601349476380725	-589824
1601349476380734	34521088
1601349476380735	512
1601349476380736	512
1601349476380736	256
1601349476380758	256
1601349476381312	-44045312
1601349476381320	-34521088
1601349476381321	-512
1601349476381322	-512
1601349476381324	-256
1601349476381324	-256
1601349476381365	-1048576
1601349476381379	138084352
1601349476381386	262144
1601349476381407	138084352
1601349476381422	6912
1601349476382892	-138084352
1601349476382894	-6912
1601349476382896	-262144
1601349476382921	262144
1601349476382929	262144
1601349476382944	4352
1601349476383835	-4352
1601349476383837	-262144
1601349476383844	-34521088
1601349476383929	-512
1601349476383962	-512
1601349476383993	-138084352
1601349476384019	-262144
1601349476384138	-138084352
1601349476384173	-262144
1601349476384182	138086400
1601349476384183	2048
1601349476384183	2048
1601349476384184	256
1601349476384342	256
1601349476384430	-138084352
1601349476384432	-2048
1601349476384446	-2048
1601349476384448	-256
1601349476384448	-256
1601349476384464	44045312
1601349476384471	262144
1601349476385281	34521088
1601349476385297	6912
1601349476385761	-44045312
1601349476385763	-6912
1601349476385764	-262144
1601349476385785	262144
1601349476385791	262144
1601349476385805	2560
1601349476386718	-2560
1601349476386720	-262144
1601349476386727	-138086400
1601349476386814	-2048
1601349476386847	-2048
1601349476386877	-34521088
1601349476386904	-262144
1601349476386918	34521088
1601349476386918	512
1601349476386919	512
1601349476386920	256
1601349476387031	256
1601349476387112	-34521088
1601349476387113	-34521088
1601349476387115	-512
1601349476387116	-512
1601349476387117	-256
1601349476387118	-256
1601349476387160	-262144
1601349476387169	34521088
1601349476387175	852736
1601349476387196	44307712
1601349476387214	175767552
1601349476388465	-34521088
1601349476388467	-175767552
1601349476388469	-852736
1601349476388494	852736
1601349476388502	1048576
1601349476388518	157704192
1601349476390120	-157704192
1601349476390122	-1048576
1601349476390129	-34521088
1601349476390171	-512
1601349476390530	-512
1601349476390562	-34521088
1601349476390597	-589824
1601349476390606	34521088
1601349476390607	512
1601349476390608	512
1601349476390608	256
1601349476391081	256
1601349476391158	-44307712
1601349476391159	-34521088
1601349476391160	-512
1601349476391160	-512
1601349476391162	-256
1601349476391162	-256
1601349476391205	-852736
1601349476391217	138084352
1601349476391224	262144
1601349476391246	138084352
1601349476391260	6912
1601349476392370	-138084352
1601349476392372	-6912
1601349476392373	-262144
1601349476392393	262144
1601349476392401	262144
1601349476392414	4096
1601349476393666	-4096
1601349476393668	-262144
1601349476393675	-34521088
1601349476393763	-512
1601349476393796	-512
1601349476393825	-138084352
1601349476393952	-262144
1601349476393981	-138084352
1601349476394012	-262144
1601349476394021	138088448
1601349476394022	2048
1601349476394022	2304
1601349476394023	256
1601349476394177	256
1601349476394261	-138084352
1601349476394262	-2048
1601349476394268	-2048
1601349476394270	-256
1601349476394270	-256
1601349476394286	45881344
1601349476394292	262144
1601349476395116	34521088
1601349476395131	6912
1601349476395590	-45881344
1601349476395592	-6912
1601349476395593	-262144
1601349476395614	262144
1601349476395620	262144
1601349476395634	2560
1601349476396552	-2560
1601349476396554	-262144
1601349476396560	-138088448
1601349476396649	-2048
1601349476396681	-2304
1601349476396711	-34523136
1601349476396842	-262144
1601349476396856	34523136
1601349476396857	512
1601349476396857	512
1601349476396858	256
1601349476396875	256
1601349476396944	-34521088
1601349476396947	-34521088
1601349476396949	-512
1601349476396949	-512
1601349476396951	-256
1601349476396952	-256
1601349476396995	-262144
1601349476397004	34521088
1601349476397011	1048576
1601349476397031	45881344
1601349476397052	175767552
1601349476399521	-34521088
1601349476399522	-175767552
1601349476399524	-1048576
1601349476399550	1048576
1601349476399557	1048832
1601349476399573	157704192
1601349476399966	-157704192
1601349476399969	-1048832
1601349476399975	-34523136
1601349476400363	-512
1601349476400393	-512
1601349476400420	-34521088
1601349476400451	-589824
1601349476400459	34521088
1601349476400460	512
1601349476400461	512
1601349476400461	256
1601349476400940	256
1601349476401007	-45881344
1601349476401008	-34521088
1601349476401009	-512
1601349476401010	-512
1601349476401012	-256
1601349476401012	-256
1601349476401054	-1048576
1601349476401063	138084352
1601349476401069	262656
1601349476402153	138084352
1601349476402168	6912
1601349476402233	-138084352
1601349476402235	-6912
1601349476402236	-262656
1601349476402257	262656
1601349476402263	262144
1601349476402277	4352
1601349476403579	-4352
1601349476403581	-262144
1601349476403588	-34521088
1601349476403624	-512
1601349476403654	-512
1601349476403772	-138084352
1601349476403803	-262144
1601349476403830	-138084352
1601349476403995	-262656
1601349476404007	138086400
1601349476404008	2048
1601349476404009	2304
1601349476404009	256
1601349476404028	256
1601349476404981	-138084352
1601349476404982	-2048
1601349476404983	-2048
1601349476404985	-256
1601349476404985	-256
1601349476404999	138084352
1601349476405000	2048
1601349476405001	2048
1601349476405001	256
1601349476405102	256
1601349476405303	-138084352
1601349476405305	-138084352
1601349476405307	-2048
1601349476405307	-2048
1601349476405309	-256
1601349476405309	-256
1601349476405326	276168704
1601349476405333	524288
1601349476405411	276168704
1601349476406326	-276168704
1601349476406328	-524288
1601349476406352	524288
1601349476406361	524288
1601349476406374	2560
1601349476406490	-2560
1601349476406493	-524288
1601349476406499	-138086400
1601349476406534	-2048
1601349476406666	-2304
1601349476406674	48176384
1601349476406679	262656
1601349476406705	34521088
1601349476406721	6912
1601349476406780	-48176384
1601349476406781	-6912
1601349476406783	-262656
1601349476406802	262656
1601349476406808	262144
1601349476406820	4352
1601349476409343	-4352
1601349476409344	-262144
1601349476409352	-138084352
1601349476409384	-2048
1601349476409414	-2048
1601349476409442	-524288
1601349476409776	-34521088
1601349476409807	-262144
1601349476410190	-524288
1601349476410201	48176384
1601349476410201	512
1601349476410202	512
1601349476410203	256
1601349476410221	256
1601349476410290	-34521088
1601349476410292	-34521088
1601349476410294	-512
1601349476410295	-512
1601349476410297	-256
1601349476410297	-256
1601349476410743	-262656
1601349476410753	34521088
1601349476410759	1048576
1601349476410788	34521088
1601349476410802	207132672
1601349476412003	-34521088
1601349476412005	-207132672
1601349476412005	-1048576
1601349476412026	1048576
1601349476412033	1048832
1601349476412047	207132672
1601349476413298	-207132672
1601349476413300	-1048832
1601349476413306	-48176384
1601349476413397	-512
1601349476413426	-512
1601349476413453	-34521088
1601349476413486	-589824
1601349476413498	34521088
1601349476413499	512
1601349476413499	768
1601349476413500	256
1601349476413601	256
1601349476413692	-34521088
1601349476413694	-51771648
1601349476413696	-512
1601349476413697	-512
1601349476413699	-256
1601349476413699	-256
1601349476413816	-1048576
1601349476413826	276168704
1601349476413832	131072
1601349476413853	345218560
1601349476414916	-276168704
1601349476414918	-131072
1601349476414941	131072
1601349476414947	131072
1601349476414960	4352
1601349476416139	-4352
1601349476416141	-131072
1601349476416148	-34521088
1601349476416182	-512
1601349476416213	-768
1601349476416264	-345218560
1601349476416291	-131072
1601349476416323	-276168704
1601349476416353	-131072
1601349476416362	276168704
1601349476416362	1280
1601349476416363	1024
1601349476416364	256
1601349476416486	256
1601349476416563	-276168704
1601349476416564	-1024
1601349476416565	-1024
1601349476416567	-256
1601349476416567	-256
1601349476416583	69042176
1601349476416589	65536
1601349476416619	69042176
1601349476416634	21248
1601349476417895	-69042176
1601349476417897	-21248
1601349476417898	-65536
1601349476417919	65536
1601349476417927	65536
1601349476417941	4352
1601349476419175	-4352
1601349476419177	-65536
1601349476419184	-276168704
1601349476419219	-1280
1601349476419567	-1024
1601349476419593	-69042176
1601349476419973	-65536
1601349476419982	69042176
1601349476419983	256
1601349476419984	256
1601349476419984	256
1601349476420006	256
1601349476420071	-69042176
1601349476420073	-69042176
1601349476420074	-256
1601349476420075	-256
1601349476420077	-256
1601349476420077	-256
1601349476420525	-65536
1601349476420543	69042176
1601349476420550	147456
1601349476420572	69416192
1601349476420587	409856
1601349476420745	-69042176
1601349476420746	-409856
1601349476420748	-147456
1601349476420770	147456
1601349476420778	147456
1601349476420792	5632
1601349476423060	-5632
1601349476423063	-147456
1601349476423070	-69042176
1601349476423115	-256
1601349476423143	-256
1601349476423169	-69042176
1601349476423206	-147456
1601349476423218	69042176
1601349476423219	256
1601349476423220	256
1601349476423220	256
1601349476423238	256
1601349476423306	-69416192
1601349476423308	-69042176
1601349476423308	-256
1601349476423309	-256
1601349476423311	-256
1601349476423312	-256
1601349476423396	-147456
1601349476423406	276168704
1601349476423413	65536
1601349476423436	276168704
1601349476423455	21248
1601349476423648	-276168704
1601349476423650	-21248
1601349476423651	-65536
1601349476423671	65536
1601349476423679	81920
1601349476423693	3072
1601349476425883	-3072
1601349476425885	-81920
1601349476425892	-69042176
1601349476425940	-256
1601349476425966	-256
1601349476425998	-276168704
1601349476426027	-65536
1601349476426077	-276168704
1601349476426120	-65536
1601349476426130	276168704
1601349476426130	1280
1601349476426131	1024
1601349476426132	256
1601349476426154	256
1601349476426322	-276168704
1601349476426323	-1024
1601349476426324	-1024
1601349476426326	-256
1601349476426326	-256
1601349476426342	69416192
1601349476426348	65536
1601349476426372	69042176
1601349476426387	21248
1601349476426450	-69416192
1601349476426452	-21248
1601349476426453	-65536
1601349476426473	65536
1601349476426480	65536
1601349476426493	3072
1601349476428951	-3072
1601349476428953	-65536
1601349476428960	-276168704
1601349476428995	-1280
1601349476429026	-1024
1601349476429362	-69042176
1601349476429393	-65536
1601349476429402	69042176
1601349476429402	256
1601349476429403	256
1601349476429404	256
1601349476429769	256
1601349476429836	-69042176
1601349476429838	-69042176
1601349476429840	-256
1601349476429845	-256
1601349476429847	-256
1601349476429847	-256
1601349476429885	-65536
1601349476429894	69042176
1601349476429899	147456
1601349476429925	74283264
1601349476429937	409856
1601349476430355	-69042176
1601349476430357	-409856
1601349476430358	-147456
1601349476430385	147456
1601349476430393	147456
1601349476430409	5632
1601349476434916	-5632
1601349476434919	-147456
1601349476434926	-69042176
1601349476434966	-256
1601349476437507	-256
1601349476437541	-69042176
1601349476437574	-147456
1601349476437583	69042176
1601349476437583	256
1601349476437584	256
1601349476437584	256
1601349476437605	256
1601349476437675	-74283264
1601349476437676	-69042176
1601349476437678	-256
1601349476437679	-256
1601349476437680	-256
1601349476437681	-256
1601349476437720	-147456
1601349476437736	276168704
1601349476437742	65536
1601349476437764	276168704
1601349476437778	21248
1601349476438838	-276168704
1601349476438840	-21248
1601349476438842	-65536
1601349476438863	65536
1601349476438869	65792
1601349476438882	3072
1601349476440128	-3072
1601349476440130	-65792
1601349476440137	-69042176
1601349476440170	-256
1601349476440244	-256
1601349476440276	-276168704
1601349476440301	-65536
1601349476440330	-276168704
1601349476440458	-65536
1601349476440466	276168704
1601349476440466	1280
1601349476440467	1024
1601349476440468	256
1601349476440492	256
1601349476440566	-276168704
1601349476440567	-1024
1601349476440568	-1024
1601349476440569	-256
1601349476440570	-256
1601349476440585	276168704
1601349476440586	1024
1601349476440586	1024
1601349476440587	256
1601349476440687	256
1601349476440765	-276168704
1601349476440768	-276168704
1601349476440770	-1024
1601349476440771	-1024
1601349476440772	-256
1601349476440773	-256
1601349476440793	74348800
1601349476440798	65536
1601349476441623	69042176
1601349476441639	21248
1601349476442106	-74348800
1601349476442108	-21248
1601349476442109	-65536
1601349476442130	65536
1601349476442138	65792
1601349476442151	3072
1601349476443055	-3072
1601349476443057	-65792
1601349476443063	-276168704
1601349476443152	-1280
1601349476443184	-1024
1601349476443193	74348800
1601349476443199	65792
1601349476443223	69042176
1601349476443235	21248
1601349476443390	-74348800
1601349476443392	-21248
1601349476443393	-65792
1601349476443412	65792
1601349476443418	65536
1601349476443432	3072
1601349476444989	-3072
1601349476444991	-65536
1601349476444997	-276168704
1601349476445689	-1024
1601349476445718	-1024
1601349476445745	-65536
1601349476445776	-69042176
1601349476446499	-65536
1601349476446527	-65536
1601349476446539	69042176
1601349476446540	256
1601349476446541	256
1601349476446541	256
1601349476447292	256
1601349476447357	-69042176
1601349476447360	-69042176
1601349476447362	-256
1601349476447363	-256
1601349476447364	-256
1601349476447365	-256
1601349476447408	-65792
1601349476447417	69042176
1601349476447422	147456
1601349476448352	83598336
1601349476448371	409856
1601349476448434	-69042176
1601349476448436	-409856
1601349476448437	-147456
1601349476448457	147456
1601349476448464	147456
1601349476448484	5632
1601349476449704	-5632
1601349476449706	-147456
1601349476449712	-69042176
1601349476450945	-256
1601349476450977	-256
1601349476451008	-69042176
1601349476451039	-147456
1601349476451049	69042176
1601349476451050	256
1601349476451050	256
1601349476451051	256
1601349476451166	256
1601349476451234	-83598336
1601349476451235	-69042176
1601349476451237	-256
1601349476451243	-256
1601349476451245	-256
1601349476451245	-256
1601349476451284	-147456
1601349476451293	88071936
1601349476451298	16384
1601349476451469	69042176
1601349476451484	21248
1601349476451767	-88071936
1601349476451769	-21248
1601349476451770	-16384
1601349476451792	16384
1601349476451798	16384
1601349476451812	3072
1601349476453279	-3072
1601349476453282	-16384
1601349476453288	-69042176
1601349476454179	-256
1601349476454217	-256
1601349476454247	-69042176
1601349476454279	-16384
1601349476454289	276168704
1601349476454426	-69042176
1601349476454427	-69042176
1601349476454468	-16384
1601349476454496	-276168704
1601349476454506	345210880
1601349476454507	256
1601349476454507	256
1601349476454508	256
1601349476454721	256
1601349476454789	-276168704
1601349476454792	-276168704
1601349476454793	-256
1601349476454794	-256
1601349476454795	-256
1601349476454795	-256
1601349476454811	37632
1601349476454819	37632
1601349476454833	35840
1601349476456266	-35840
1601349476456268	-37632
1601349476456274	-54593024
1601349476456276	-345210880
1601349476456316	-256
1601349476456341	-256
1601349476457504	-37632
1601349476457534	-256
1601349476457535	-37632
