0.000244140625
0.0087890625
0.0087890625
0.000244140625
0.000244140625
0.000244140625
0.0087890625
0.000244140625
0.000244140625
0.000244140625
0.000244140625
0.0087890625
0.000244140625
0.000244140625
0.0087890625
0.000244140625
0.000244140625
0.000244140625
0.0087890625
0.0087890625
0.000244140625
0.000244140625
0.000244140625
0.000244140625
0.000244140625
0.000244140625
0.000244140625
0.000244140625
0.000244140625
0.000244140625
0.000244140625
0.000244140625
0.000244140625
0.0087890625
0.0087890625
0.000244140625
0.000244140625
0.000244140625
0.000244140625
0.0087890625
0.0087890625
0.000244140625
0.0087890625
0.000244140625
0.0087890625
0.0087890625
0.0087890625
0.0087890625
0.000244140625
0.000244140625
0.000244140625
0.0087890625
0.0087890625
0.10791015625
0.08056640625
0.03369140625
108.5625
0.08056640625
0.08056640625
108.5625
0.08056640625
0.08056640625
108.5625
0.08056640625
0.504638671875
0.129638671875
168.1875
0.254638671875
0.254638671875
168.1875
0.254638671875
0.254638671875
168.1875
0.254638671875
0.254638671875
168.1875
0.254638671875
2.001220703125
0.501220703125
119.25
1.001220703125
1.001220703125
119.25
1.001220703125
1.001953125
119.25
1.001220703125
1.001220703125
119.25
1.001220703125
1.001953125
119.25
1.001220703125
1.001953125
119.25
1.001220703125
8.00048828125
2.00048828125
99.0
4.00048828125
4.00048828125
99.0
4.00048828125
4.00048828125
99.0
4.00048828125
0.00048828125
16.047119140625
4.004150390625
107.23046875
93.375
36.92578125
7.82421875
16.0546875
4.00390625
187.156982421875
165.92626953125
36.9248046875
4.003173828125
74.843994140625
13.003173828125
12.2333984375
4.003173828125
111.230712890625
97.375244140625
100.796875
2.004150390625
17.46435546875
1.00244140625
137.4609375
109.75
66.847900390625
1.00390625
17.464599609375
1.00244140625
137.4609375
109.75
66.847900390625
1.00439453125
17.46435546875
1.002685546875
137.4609375
109.75
66.84765625
1.004150390625
17.46435546875
1.002685546875
135.71142578125
109.75
66.847900390625
1.00439453125
17.464599609375
1.0029296875
146.502197265625
109.75
66.847900390625
1.00439453125
133.6875
2.00244140625
17.465087890625
1.00439453125
185.0703125
168.609375
181.5859375
0.504150390625
33.178466796875
0.25244140625
210.6298828125
151.398681640625
131.944091796875
0.254150390625
33.178466796875
0.25244140625
210.693359375
151.3984375
131.944091796875
0.25390625
33.178466796875
0.25244140625
212.380859375
151.398681640625
131.944580078125
0.254150390625
263.875
0.50244140625
33.178955078125
0.254150390625
231.458984375
198.537353515625
329.35107421875
0.129150390625
65.926513671875
0.066650390625
66.73193359375
0.14599609375
263.457763671875
0.0810546875
65.926513671875
0.0654296875
71.37353515625
0.14599609375
263.457763671875
0.065673828125
65.926513671875
0.065673828125
65.9267578125
0.0654296875
80.257080078125
0.14599609375
65.879638671875
0.0185546875
0.070068359375
