1602298014586373	256
1602298014586518	256
1602298014586736	256
1602298014586745	-256
1602298014586931	256
1602298014586990	256
1602298014587040	256
1602298014587149	-256
1602298014587270	256
1602298014587389	768
1602298014587417	256
1602298014587560	-256
1602298014587676	256
1602298014587827	256
1602298014587917	-256
1602298014587944	256
1602298014588122	-256
1602298014588124	-256
1602298014588125	-256
1602298014588127	-256
1602298014588156	256
1602298014588400	-256
1602298014588437	-256
1602298014588500	-256
1602298014589365	256
1602298014589370	256
1602298014589468	-256
1602298014589492	65536
1602298014589542	256
1602298014589544	256
1602298014589596	-256
1602298014589614	131072
1602298014589668	256
1602298014589670	256
1602298014589722	-256
1602298014589740	589824
1602298014589788	256
1602298014589790	256
1602298014589840	-256
1602298014589856	147456
1602298014589901	256
1602298014589903	256
1602298014589953	-256
1602298014589970	1048576
1602298014590016	256
1602298014590018	256
1602298014590070	-256
1602298014590087	65536
1602298014590130	256
1602298014590132	256
1602298014590181	-256
1602298014590196	65536
1602298014590238	256
1602298014590261	9216
1602298014590330	-9216
1602298014590353	9437184
1602298014590419	256
1602298014590421	256
1602298014590472	-256
1602298014590488	147456
1602298014590541	111992832
1602298014590606	256
1602298014590608	256
1602298014590659	-256
1602298014590677	37632
1602298014590720	256
1602298014590765	16384
1602298014590807	256
1602298014590821	9216
1602298014590882	-9216
1602298014590900	4194304
1602298014590946	256
1602298014590988	4096
1602298014591029	256
1602298014591031	256
1602298014591081	-256
1602298014591098	147456
1602298014591144	256
1602298014591146	256
1602298014591197	-256
1602298014591214	65536
1602298014591255	256
1602298014591268	9216
1602298014591326	-9216
1602298014591343	4194304
1602298014591388	256
1602298014591390	256
1602298014591442	-256
1602298014591460	589824
1602298014591506	256
1602298014591508	256
1602298014591558	-256
1602298014591574	65536
1602298014591615	256
1602298014591617	256
1602298014591666	-256
1602298014591681	589824
1602298014591725	256
1602298014591727	256
1602298014591778	-256
1602298014591794	262144
1602298014591840	256
1602298014591842	256
1602298014591892	-256
1602298014591909	65536
1602298014591951	256
1602298014591953	256
1602298014592002	-256
1602298014592018	524288
1602298014592063	256
1602298014592065	256
1602298014592115	-256
1602298014592131	589824
1602298014592176	256
1602298014592189	9216
1602298014592249	-9216
1602298014592267	2097152
1602298014592312	256
1602298014592323	9216
1602298014592398	-9216
1602298014592420	8200192
1602298014592470	256
1602298014592472	256
1602298014592522	-256
1602298014592539	262144
1602298014592584	256
1602298014592586	256
1602298014592637	-256
1602298014592653	262144
1602298014592698	256
1602298014592700	256
1602298014592750	-256
1602298014592766	262144
1602298014592813	256
1602298014592815	256
1602298014592866	-256
1602298014592881	1048576
1602298014592927	256
1602298014592929	256
1602298014592979	-256
1602298014592994	262144
1602298014593038	256
1602298014593040	256
1602298014593090	-256
1602298014593109	262144
1602298014593156	256
1602298014593170	9216
1602298014593231	-9216
1602298014593248	2359296
1602298014593292	256
1602298014593294	256
1602298014593344	-256
1602298014593360	1048576
1602298014593405	256
1602298014593417	9216
1602298014593475	-9216
1602298014593492	2359296
1602298014593536	256
1602298014593548	9216
1602298014593606	-9216
1602298014593622	4194304
1602298014593667	256
1602298014593669	256
1602298014593728	-256
1602298014593745	524288
1602298014593790	256
1602298014593802	9216
1602298014593860	-9216
1602298014593876	2359296
1602298014593920	256
1602298014593932	9216
1602298014593989	-9216
1602298014594008	2359296
1602298014594060	256
1602298014594062	256
1602298014594114	-256
1602298014594138	262144
1602298014594184	256
1602298014594196	9216
1602298014594255	-9216
1602298014594272	2097152
1602298014594317	256
1602298014594319	256
1602298014594369	-256
1602298014594385	1048576
1602298014594429	256
1602298014594431	256
1602298014594480	-256
1602298014594496	1048576
1602298014594540	256
1602298014594553	9216
1602298014594610	-9216
1602298014594626	2359296
1602298014594671	256
1602298014594683	9216
1602298014594741	-9216
1602298014594758	2359296
1602298014594803	256
1602298014594814	9216
1602298014594872	-9216
1602298014594889	4194304
1602298014594934	256
1602298014594936	256
1602298014594986	-256
1602298014595002	1048576
1602298014595046	256
1602298014595058	9216
1602298014595115	-9216
1602298014595132	4194304
1602298014595176	256
1602298014595178	256
1602298014595229	-256
1602298014595245	1048576
1602298014595290	256
1602298014595302	9216
1602298014595359	-9216
1602298014595376	8388608
1602298014595421	256
1602298014595433	9216
1602298014595490	-9216
1602298014595508	9437184
1602298014595553	256
1602298014595555	256
1602298014595605	-256
1602298014595621	1048576
1602298014595665	256
1602298014595677	9216
1602298014595735	-9216
1602298014595752	9437184
1602298014595797	256
1602298014595799	256
1602298014595849	-256
1602298014595870	1048576
1602298014595916	256
1602298014595919	256
1602298014595968	-256
1602298014595984	1048576
1602298014596028	256
1602298014596030	256
1602298014596080	-256
1602298014596096	1048576
1602298014596154	118072832
1602298014596209	-111992832
1602298014596436	-256
1602298014596437	-256
1602298014596438	-256
1602298014596439	-256
1602298014596441	-256
1602298014596442	-256
1602298014596443	-256
1602298014596444	-256
1602298014596444	-256
1602298014596445	-256
1602298014596446	-256
1602298014596447	-256
1602298014596448	-256
1602298014596449	-256
1602298014596449	-256
1602298014596450	-256
1602298014596451	-256
1602298014596452	-256
1602298014596453	-256
1602298014596453	-256
1602298014596454	-256
1602298014596455	-256
1602298014596456	-256
1602298014596457	-256
1602298014596458	-256
1602298014596459	-256
1602298014596460	-256
1602298014596461	-256
1602298014596461	-256
1602298014596462	-256
1602298014596463	-256
1602298014596464	-256
1602298014596465	-256
1602298014596465	-256
1602298014596466	-256
1602298014596467	-256
1602298014596468	-256
1602298014596469	-256
1602298014596469	-256
1602298014596470	-256
1602298014596471	-256
1602298014596472	-256
1602298014596472	-256
1602298014596473	-256
1602298014596474	-256
1602298014596475	-256
1602298014596475	-256
1602298014596476	-256
1602298014596477	-256
1602298014596478	-256
1602298014596479	-256
1602298014596479	-256
1602298014596480	-256
1602298014596481	-256
1602298014596511	597295104
1602298014596522	37632
1602298014596609	75520
1602298014596732	-75520
1602298014596737	-37632
1602298014596838	597295104
1602298014596840	256
1602298014596840	256
1602298014596841	256
1602298014596842	256
1602298014597139	149323776
1602298014597319	597295104
1602298014597325	65536
1602298014597377	18944
1602298014597465	-18944
1602298014597469	-65536
1602298014597539	149323776
1602298014597544	16384
1602298014597597	18944
1602298014597668	-18944
1602298014597671	-16384
1602298014597742	-256
1602298014597782	-256
1602298014597798	597295104
1602298014597799	1024
1602298014597800	1024
1602298014597801	1024
1602298014597803	1024
1602298014597945	149323776
1602298014597946	256
1602298014597947	256
1602298014597948	256
1602298014597949	256
1602298014598343	149323776
1602298014598350	147456
1602298014598404	225099776
1602298014598850	-225099776
1602298014598854	-147456
1602298014599037	-1024
1602298014599076	-1024
1602298014599091	149323776
1602298014599092	256
1602298014599093	256
1602298014599093	256
1602298014599095	256
1602298014599249	-256
1602298014599288	-256
1602298014599419	597295104
1602298014599425	65536
1602298014599478	18944
1602298014599554	-18944
1602298014599557	-65536
1602298014599697	597295104
1602298014599698	1024
1602298014599699	1024
1602298014599700	1024
1602298014599702	1024
1602298014599853	-256
1602298014599894	-256
1602298014599946	-597295104
1602298014600153	149323776
1602298014600159	65536
1602298014600210	18944
1602298014600288	-18944
1602298014600291	-65536
1602298014600453	-1024
1602298014600496	-1024
1602298014600512	149323776
1602298014600513	256
1602298014600514	256
1602298014600515	256
1602298014600516	256
1602298014600789	149323776
1602298014600794	147456
1602298014600848	225099776
1602298014601212	-225099776
1602298014601216	-147456
1602298014601356	149323776
1602298014601357	256
1602298014601358	256
1602298014601358	256
1602298014601359	256
1602298014601507	-256
1602298014601546	-256
1602298014601702	597295104
1602298014601709	65536
1602298014601762	18944
1602298014601837	-18944
1602298014601841	-65536
1602298014601976	597295104
1602298014601977	1024
1602298014601978	1024
1602298014601979	1024
1602298014601980	1024
1602298014602133	-256
1602298014602174	-256
1602298014602427	149323776
1602298014602433	65536
1602298014602485	18944
1602298014602559	-18944
1602298014602562	-65536
1602298014602641	-1024
1602298014602683	-1024
1602298014602699	149323776
1602298014602701	256
1602298014602701	256
1602298014602702	256
1602298014602703	256
1602298014602949	149323776
1602298014602954	147456
1602298014603007	225099776
1602298014603372	-225099776
1602298014603376	-147456
1602298014603518	149323776
1602298014603519	256
1602298014603520	256
1602298014603521	256
1602298014603522	256
1602298014603671	-256
1602298014603711	-256
1602298014603848	597295104
1602298014603854	65536
1602298014603904	18944
1602298014603977	-18944
1602298014603981	-65536
1602298014604115	597295104
1602298014604116	1024
1602298014604117	1024
1602298014604118	1024
1602298014604119	1024
1602298014604268	-256
1602298014604312	-256
1602298014604591	298647552
1602298014604597	524288
1602298014604649	4864
1602298014604722	-4864
1602298014604726	-524288
1602298014604788	111982592
1602298014604794	131072
1602298014604845	4864
1602298014604914	-4864
1602298014604917	-131072
1602298014604980	-1024
1602298014605019	-1024
1602298014605032	298647552
1602298014605033	2048
1602298014605034	2048
1602298014605035	2048
1602298014605036	2048
1602298014605152	74661888
1602298014605153	512
1602298014605154	768
1602298014605155	512
1602298014605156	512
1602298014605536	74661888
1602298014605542	589824
1602298014605592	278552576
1602298014605750	-278552576
1602298014605753	-589824
1602298014605917	-2048
1602298014605954	-2048
1602298014605966	74661888
1602298014605967	512
1602298014605968	512
1602298014605969	512
1602298014605970	512
1602298014606120	-512
1602298014606159	-768
1602298014606285	298647552
1602298014606291	262144
1602298014606341	4864
1602298014606415	-4864
1602298014606418	-262144
1602298014606556	298647552
1602298014606557	2048
1602298014606558	2048
1602298014606559	2048
1602298014606560	2048
1602298014606726	-512
1602298014606769	-512
1602298014606813	-298647552
1602298014607012	74661888
1602298014607018	262144
1602298014607069	4864
1602298014607148	-4864
1602298014607151	-262144
1602298014607230	-2048
1602298014607268	-2048
1602298014607282	74661888
1602298014607283	512
1602298014607284	768
1602298014607285	512
1602298014607285	512
1602298014607521	74661888
1602298014607527	589824
1602298014607576	278552576
1602298014607734	-278552576
1602298014607737	-589824
1602298014607873	74663936
1602298014607874	512
1602298014607875	512
1602298014607876	512
1602298014607877	512
1602298014608025	-512
1602298014608063	-768
1602298014608196	298647552
1602298014608202	262144
1602298014608251	4864
1602298014608324	-4864
1602298014608328	-262144
1602298014608475	298647552
1602298014608476	2048
1602298014608477	2048
1602298014608478	2048
1602298014608480	2048
1602298014608627	-512
1602298014608672	-512
1602298014608916	74661888
1602298014608922	262144
1602298014608973	4864
1602298014609046	-4864
1602298014609049	-262144
1602298014609128	-2048
1602298014609165	-2048
1602298014609178	74661888
1602298014609179	512
1602298014609180	768
1602298014609181	512
1602298014609182	512
1602298014609420	74661888
1602298014609426	589824
1602298014609476	278552576
1602298014609631	-278552576
1602298014609635	-589824
1602298014609773	74661888
1602298014609775	512
1602298014609776	512
1602298014609777	512
1602298014609777	512
1602298014609923	-512
1602298014609962	-768
1602298014610090	298647552
1602298014610096	262144
1602298014610145	4864
1602298014610218	-4864
1602298014610222	-262144
1602298014610377	298647552
1602298014610379	2048
1602298014610380	2048
1602298014610381	2048
1602298014610382	2048
1602298014610530	-512
1602298014610569	-512
1602298014610808	74661888
1602298014610814	262144
1602298014610864	4864
1602298014610938	-4864
1602298014610942	-262144
1602298014611025	-2048
1602298014611063	-2048
1602298014611075	74661888
1602298014611076	512
1602298014611077	768
1602298014611078	512
1602298014611078	512
1602298014611321	74661888
1602298014611328	589824
1602298014611377	278552576
1602298014611533	-278552576
1602298014611536	-589824
1602298014611679	74661888
1602298014611680	512
1602298014611681	512
1602298014611682	512
1602298014611683	512
1602298014611831	-512
1602298014611870	-768
1602298014611999	298647552
1602298014612005	262144
1602298014612054	4864
1602298014612128	-4864
1602298014612131	-262144
1602298014612260	298647552
1602298014612261	2048
1602298014612262	2048
1602298014612263	2048
1602298014612264	2048
1602298014612428	-512
1602298014612469	-512
1602298014612726	37330944
1602298014612732	524288
1602298014612783	1280
1602298014612857	-1280
1602298014612860	-524288
1602298014612914	149323776
1602298014612919	2097152
1602298014612970	1280
1602298014613040	-1280
1602298014613043	-2097152
1602298014613102	-2048
1602298014613139	-2048
1602298014613152	37330944
1602298014613153	1024
1602298014613155	1024
1602298014613155	1024
1602298014613156	1024
1602298014613273	149323776
1602298014613274	4096
1602298014613275	4096
1602298014613276	4096
1602298014613277	4096
1602298014613585	37330944
1602298014613591	2359296
1602298014613642	235929600
1602298014613806	-235929600
1602298014613810	-2359296
1602298014614015	37330944
1602298014614016	1024
1602298014614017	1024
1602298014614018	1024
1602298014614019	1024
1602298014614172	-1024
1602298014614212	-1024
1602298014614252	-4096
1602298014614288	-4096
1602298014614415	149323776
1602298014614421	1048576
1602298014614471	1280
1602298014614544	-1280
1602298014614548	-1048576
1602298014614682	149323776
1602298014614683	4096
1602298014614684	4096
1602298014614685	4096
1602298014614686	4096
1602298014614836	-1024
1602298014614876	-1024
1602298014614918	-149323776
1602298014615129	37330944
1602298014615135	1048576
1602298014615186	1280
1602298014615258	-1280
1602298014615262	-1048576
1602298014615340	-4096
1602298014615378	-4096
1602298014615392	37330944
1602298014615393	1024
1602298014615394	1024
1602298014615395	1024
1602298014615395	1024
1602298014615641	37330944
1602298014615648	2359296
1602298014615698	235929600
1602298014615812	-235929600
1602298014615816	-2359296
1602298014615950	37330944
1602298014615952	1024
1602298014615953	1024
1602298014615954	1024
1602298014615954	1024
1602298014616101	-1024
1602298014616140	-1024
1602298014616310	149323776
1602298014616317	1048576
1602298014616381	1280
1602298014616459	-1280
1602298014616463	-1048576
1602298014616595	149323776
1602298014616596	4096
1602298014616597	4096
1602298014616598	4096
1602298014616599	4096
1602298014616748	-1024
1602298014616787	-1024
1602298014617027	37330944
1602298014617033	1048576
1602298014617084	2048
1602298014617158	-2048
1602298014617160	-1048576
1602298014617240	-4096
1602298014617278	-4096
1602298014617290	37330944
1602298014617291	1024
1602298014617292	1024
1602298014617293	1024
1602298014617294	1024
1602298014617532	37330944
1602298014617539	2359296
1602298014617589	235929600
1602298014617703	-235929600
1602298014617707	-2359296
1602298014617837	37330944
1602298014617838	1024
1602298014617839	1024
1602298014617840	1024
1602298014617841	1024
1602298014617988	-1024
1602298014618028	-1024
1602298014618162	149323776
1602298014618168	1048576
1602298014618218	1280
1602298014618291	-1280
1602298014618295	-1048576
1602298014618432	149323776
1602298014618433	4096
1602298014618434	4096
1602298014618435	4096
1602298014618436	4096
1602298014618585	-1024
1602298014618628	-1024
1602298014618874	37330944
1602298014618881	1048576
1602298014618931	2048
1602298014619004	-2048
1602298014619007	-1048576
1602298014619087	-4096
1602298014619125	-4096
1602298014619138	37330944
1602298014619139	1024
1602298014619140	1024
1602298014619140	1024
1602298014619141	1024
1602298014619383	37330944
1602298014619389	2359296
1602298014619438	235929600
1602298014619551	-235929600
1602298014619555	-2359296
1602298014619685	37330944
1602298014619686	1024
1602298014619687	1024
1602298014619688	1024
1602298014619689	1024
1602298014619835	-1024
1602298014619873	-1024
1602298014620004	149323776
1602298014620009	1048576
1602298014620060	1280
1602298014620133	-1280
1602298014620137	-1048576
1602298014620585	149323776
1602298014620586	4096
1602298014620587	4096
1602298014620588	4096
1602298014620589	4096
1602298014620736	-1024
1602298014620774	-1024
1602298014624416	37330944
1602298014624422	1048576
1602298014624472	2048
1602298014625235	-2048
1602298014625238	-1048576
1602298014625799	-4096
1602298014625839	-4096
1602298014625851	37330944
1602298014625852	1024
1602298014625853	1024
1602298014625854	1024
1602298014625855	1024
1602298014626086	37330944
1602298014626092	2359296
1602298014628877	235929600
1602298014632203	-235929600
1602298014632207	-2359296
1602298014635599	37330944
1602298014635600	1024
1602298014635601	1024
1602298014635602	1024
1602298014635603	1024
1602298014635749	-1024
1602298014637901	-1024
1602298014638027	149323776
1602298014638033	1048576
1602298014638080	1280
1602298014640524	-1280
1602298014640527	-1048576
1602298014641955	149323776
1602298014641956	4096
1602298014641957	4096
1602298014641957	4096
1602298014641958	4096
1602298014642104	-1024
1602298014642140	-1024
1602298014646591	37330944
1602298014646596	1048576
1602298014647154	2048
1602298014647223	-2048
1602298014647225	-1048576
1602298014647299	-4096
1602298014647334	-4096
1602298014647346	37330944
1602298014647347	1024
1602298014647347	1024
1602298014647348	1024
1602298014647349	1024
1602298014650271	37330944
1602298014650277	2359296
1602298014653506	235929600
1602298014656913	-235929600
1602298014656917	-2359296
1602298014659281	37330944
1602298014659282	1024
1602298014659282	1024
1602298014659283	1024
1602298014659284	1024
1602298014659425	-1024
1602298014659460	-1024
1602298014661857	149323776
1602298014661863	1048576
1602298014661908	1280
1602298014663299	-1280
1602298014663302	-1048576
1602298014663417	149323776
1602298014663418	4096
1602298014663419	4096
1602298014663420	4096
1602298014663421	4096
1602298014663552	-1024
1602298014666981	-1024
1602298014668827	74661888
1602298014668833	8388608
1602298014668891	512
1602298014668955	-512
1602298014668957	-8388608
1602298014668992	18665472
1602298014668997	2097152
1602298014671542	512
1602298014674794	-512
1602298014674797	-2097152
1602298014674875	-4096
1602298014678157	-4096
1602298014678170	74661888
1602298014678171	8192
1602298014678172	8192
1602298014678173	8192
1602298014678174	8192
1602298014678273	18665472
1602298014678276	2048
1602298014678276	2048
1602298014678277	2048
1602298014678278	2048
1602298014685508	18665472
1602298014685515	9437184
1602298014685560	150994944
1602298014688883	-150994944
1602298014688886	-9437184
1602298014689207	-8192
1602298014689238	-8192
1602298014689248	18665472
1602298014689248	2048
1602298014689249	2048
1602298014689250	2048
1602298014689251	2048
1602298014689357	-2048
1602298014689387	-2048
1602298014691806	74661888
1602298014691811	4194304
1602298014691851	512
1602298014691909	-512
1602298014691911	-4194304
1602298014692306	74661888
1602298014692307	10240
1602298014692308	8192
1602298014692309	8192
1602298014692309	8192
1602298014692617	-2048
1602298014692660	-2048
1602298014692692	-74661888
1602298014696856	18665472
1602298014696861	4194304
1602298014696899	512
1602298014698552	-512
1602298014698554	-4194304
1602298014698615	-10240
1602298014699717	-8192
1602298014699728	18665472
1602298014699729	2048
1602298014699729	2048
1602298014699730	2048
1602298014699730	2048
1602298014699900	18665472
1602298014699904	18673664
1602298014702155	150994944
1602298014702925	-150994944
1602298014702927	-18673664
1602298014703031	18673664
1602298014703032	2048
1602298014703032	2048
1602298014703033	2048
1602298014703034	2048
1602298014705486	-2048
1602298014705518	-2048
1602298014706266	74661888
1602298014706270	4194304
1602298014706308	512
1602298014706361	-512
1602298014706363	-4194304
1602298014708931	74661888
1602298014708932	8192
1602298014708933	8192
1602298014708934	8192
1602298014708935	8192
1602298014709034	-2048
1602298014710502	-2048
1602298014713425	18665472
1602298014713429	4194304
1602298014713466	512
1602298014713519	-512
1602298014713521	-4194304
1602298014715912	-8192
1602298014715941	-8192
1602298014715953	18665472
1602298014715954	2048
1602298014715954	2048
1602298014715955	2048
1602298014715956	2048
1602298014716722	18665472
1602298014716726	9437184
1602298014716763	150994944
1602298014719655	-150994944
1602298014719657	-9437184
1602298014719972	18665472
1602298014719973	2048
1602298014719974	2048
1602298014719974	2048
1602298014719975	2048
1602298014720069	-2048
1602298014720096	-2048
1602298014722651	74661888
1602298014722655	4194304
1602298014722692	512
1602298014724231	-512
1602298014724232	-4194304
1602298014725930	74661888
1602298014725931	10240
1602298014725932	8192
1602298014725933	8192
1602298014725933	8192
1602298014726027	-2048
1602298014727096	-2048
1602298014730363	-10240
1602298014730389	-8192
1602298014730398	1523712
1602298014730460	744960
1602298014730634	768
1602298014730638	1024
1602298014733736	-768
1602298014733743	-768
1602298014733796	256
1602298014736362	-1024
1602298014736372	4096
1602298014736416	1523712
1602298014736495	8200192
1602298014737946	-1523712
1602298014737947	-744960
1602298014738020	-4096
1602298014739647	-8200192
1602298014739680	-256
1602298014739713	-4096
1602298014739723	74661888
1602298014740842	-1523712
1602298014740877	-8200192
1602298014740952	-74661888
1602298014740969	74670080
1602298014740969	10240
1602298014740970	8192
1602298014740971	256
1602298014740992	256
1602298014742313	-74661888
1602298014742314	-8192
1602298014742315	-8192
1602298014742317	-256
1602298014742317	-256
1602298014742388	18665472
1602298014742397	8192512
1602298014742424	18665472
1602298014742445	4096
1602298014748427	-18665472
1602298014748429	-4096
1602298014748430	-8192512
1602298014748454	8192512
1602298014748462	4194304
1602298014748484	4096
1602298014748615	-4096
1602298014748617	-4194304
1602298014748624	-74670080
1602298014748664	-10240
1602298014748843	-8192
1602298014748879	-18665472
1602298014750654	-4194304
1602298014750662	18665472
1602298014750663	2048
1602298014750663	2048
1602298014750664	256
1602298014750984	256
1602298014751039	-18665472
1602298014751041	-18665472
1602298014751041	-2048
1602298014751042	-2048
1602298014751043	-256
1602298014751044	-256
1602298014751082	-8192512
1602298014751091	18665472
1602298014751097	9437184
1602298014751271	18665472
1602298014751287	150994944
1602298014751449	-18665472
1602298014751452	-150994944
1602298014751453	-9437184
1602298014751475	9437184
1602298014751481	18665472
1602298014751495	147456000
1602298014754036	-147456000
1602298014754038	-18665472
1602298014754045	-18665472
1602298014754085	-2048
1602298014754113	-2048
1602298014754974	-18665472
1602298014755002	-9437184
1602298014755010	18665472
1602298014755011	2048
1602298014755011	2048
1602298014755012	256
1602298014755816	256
1602298014755872	-18665472
1602298014755873	-18665472
1602298014755873	-2048
1602298014755874	-2048
1602298014755875	-256
1602298014755876	-256
1602298014756422	-9437184
1602298014756432	74661888
1602298014756437	4194304
1602298014756460	124009984
1602298014756474	4096
1602298014756539	-74661888
1602298014756541	-4096
1602298014756542	-4194304
1602298014756563	4194304
1602298014756569	8200704
1602298014756582	4096
1602298014759345	-4096
1602298014759347	-8200704
1602298014759353	-18665472
1602298014759391	-2048
1602298014759418	-2048
1602298014759712	-124009984
1602298014759746	-4194304
1602298014761520	-74661888
1602298014761846	-4194304
1602298014761855	74678272
1602298014761856	8192
1602298014761856	8192
1602298014761857	256
1602298014761877	256
1602298014762149	-74661888
1602298014762150	-8192
1602298014762150	-8192
1602298014762152	-256
1602298014762152	-256
1602298014762166	18665472
1602298014762171	4194304
1602298014762196	18665472
1602298014762209	4096
1602298014762328	-18665472
1602298014762330	-4096
1602298014762331	-4194304
1602298014762350	4194304
1602298014762356	8200704
1602298014762369	4096
1602298014765775	-4096
1602298014765777	-8200704
1602298014765784	-74678272
1602298014765824	-8192
1602298014765851	-8192
1602298014766646	-18673664
1602298014766674	-4194304
1602298014766684	18665472
1602298014766685	2048
1602298014766685	2048
1602298014766685	256
1602298014766704	256
1602298014767282	-18665472
1602298014767283	-18665472
1602298014767284	-2048
1602298014767285	-2048
1602298014767286	-256
1602298014767287	-256
1602298014767322	-4194304
1602298014767332	18665472
1602298014767337	9437184
1602298014767358	18673664
1602298014767371	150994944
1602298014770133	-18665472
1602298014770135	-150994944
1602298014770136	-9437184
1602298014770156	9437184
1602298014770162	18665472
1602298014770176	147456000
1602298014770548	-147456000
1602298014770550	-18665472
1602298014770556	-18665472
1602298014772319	-2048
1602298014772648	-2048
1602298014772679	-18665472
1602298014772706	-9437184
1602298014772715	18665472
1602298014772715	2048
1602298014772716	2048
1602298014772716	256
1602298014772943	256
1602298014773112	-18673664
1602298014773113	-18665472
1602298014773114	-2048
1602298014773115	-2048
1602298014773116	-256
1602298014773116	-256
1602298014773155	-9437184
1602298014773163	74661888
1602298014773168	4194304
1602298014773190	74661888
1602298014773203	4096
1602298014775686	-74661888
1602298014775688	-4096
1602298014775688	-4194304
1602298014775709	4194304
1602298014775714	4194304
1602298014775727	4096
1602298014778146	-4096
1602298014778149	-4194304
1602298014778159	-18665472
1602298014778207	-2048
1602298014778238	-2048
1602298014778267	-74661888
1602298014778295	-4194304
1602298014778324	-74661888
1602298014778353	-4194304
1602298014778362	74663936
1602298014778362	10240
1602298014778363	8192
1602298014778364	256
1602298014778385	256
1602298014780553	-74661888
1602298014780554	-8192
1602298014780555	-8192
1602298014780557	-256
1602298014780557	-256
1602298014780572	74661888
1602298014780573	8192
1602298014780573	8192
1602298014780573	256
1602298014780769	256
1602298014780957	-74661888
1602298014780960	-74661888
1602298014780960	-8192
1602298014780961	-8192
1602298014780962	-256
1602298014780962	-256
1602298014780977	149323776
1602298014780982	9437184
1602298014781007	149323776
1602298014781352	-149323776
1602298014781354	-9437184
1602298014781377	9437184
1602298014781387	9437696
1602298014781404	4096
1602298014783699	-4096
1602298014783702	-9437696
1602298014783708	-74663936
1602298014783751	-10240
1602298014783781	-8192
1602298014783791	18665472
1602298014783796	4194304
1602298014783880	18665472
1602298014783894	4096
1602298014783959	-18665472
1602298014783961	-4096
1602298014783962	-4194304
1602298014783981	4194304
1602298014783987	4194304
1602298014783999	4096
1602298014787374	-4096
1602298014787376	-4194304
1602298014787383	-74661888
1602298014787423	-8192
1602298014788220	-8192
1602298014788251	-8388608
1602298014788282	-18665472
1602298014788824	-4194304
1602298014788857	-9437184
1602298014788866	18665472
1602298014788866	2048
1602298014788867	2048
1602298014788867	256
1602298014788888	256
1602298014788945	-18665472
1602298014788947	-18665472
1602298014788947	-2048
1602298014788948	-2048
1602298014788949	-256
1602298014788949	-256
1602298014791307	-4194304
1602298014791316	18665472
1602298014791321	9437184
1602298014791348	18665472
1602298014791362	186654720
1602298014791766	-18665472
1602298014791769	-186654720
1602298014791769	-9437184
1602298014791791	9437184
1602298014791797	17826560
1602298014791811	186654720
1602298014794239	-186654720
1602298014794241	-17826560
1602298014794248	-18665472
1602298014794287	-2048
1602298014794518	-2048
1602298014794550	-18665472
1602298014794677	-9437184
1602298014794687	18665472
1602298014794687	2048
1602298014794688	2048
1602298014794688	256
1602298014794739	256
1602298014794795	-18665472
1602298014794797	-18665472
1602298014794797	-2048
1602298014794798	-2048
1602298014794799	-256
1602298014794800	-256
1602298014794841	-9437184
1602298014794849	261349376
1602298014794855	2097152
1602298014797274	149323776
1602298014798174	-261349376
1602298014798176	-2097152
1602298014798200	2097152
1602298014798207	2097152
1602298014798220	4096
1602298014799062	-4096
1602298014799064	-2097152
1602298014799071	-18665472
1602298014799633	-2048
1602298014799667	-2048
1602298014799697	-149323776
1602298014799723	-2097152
1602298014799753	-149323776
1602298014802112	-2097152
1602298014802122	149327872
1602298014802123	4096
1602298014802123	4096
1602298014802124	256
1602298014802145	256
1602298014802428	-149323776
1602298014802429	-4096
1602298014802430	-4096
1602298014802431	-256
1602298014802432	-256
1602298014802448	37330944
1602298014802453	1048576
1602298014802536	37330944
1602298014802550	3584
1602298014802627	-37330944
1602298014802630	-3584
1602298014802631	-1048576
1602298014802654	1048576
1602298014802660	1049088
1602298014802673	2560
1602298014805061	-2560
1602298014805064	-1049088
1602298014805072	-149327872
1602298014805307	-4096
1602298014805349	-4096
1602298014805387	-37330944
1602298014805488	-1048576
1602298014805498	37330944
1602298014805499	1024
1602298014805500	1024
1602298014805501	256
1602298014805522	256
1602298014805598	-37330944
1602298014805600	-37330944
1602298014805601	-1024
1602298014805603	-1024
1602298014805605	-256
1602298014805605	-256
1602298014805653	-1048576
1602298014805662	37330944
1602298014805668	4194304
1602298014805697	37330944
1602298014805712	263061504
1602298014809008	-37330944
1602298014809011	-263061504
1602298014809012	-4194304
1602298014809035	4194304
1602298014809041	4194304
1602298014809056	256745472
1602298014810456	-256745472
1602298014810459	-4194304
1602298014810466	-37330944
1602298014810505	-1024
1602298014810557	-1024
1602298014810594	-37330944
1602298014815489	-2359296
1602298014815500	37330944
1602298014815501	1024
1602298014815501	1024
1602298014815502	256
1602298014815525	256
1602298014815600	-37330944
1602298014815602	-37330944
1602298014815605	-1024
1602298014815609	-1024
1602298014815611	-256
1602298014815611	-256
1602298014816892	-4194304
1602298014816912	149323776
1602298014816917	1048832
1602298014816945	149323776
1602298014816959	4096
1602298014817513	-149323776
1602298014817516	-4096
1602298014817517	-1048832
1602298014817538	1048832
1602298014817545	1048576
1602298014817559	4096
1602298014817678	-4096
1602298014817680	-1048576
1602298014817687	-37330944
1602298014817725	-1024
1602298014817760	-1024
1602298014817793	-149323776
1602298014818025	-1048576
1602298014818134	-149323776
1602298014819879	-1048832
1602298014819887	149327872
1602298014819888	4096
1602298014819888	4096
1602298014819889	256
1602298014820111	256
1602298014820186	-149323776
1602298014820187	-4096
1602298014820187	-4096
1602298014820189	-256
1602298014820190	-256
1602298014820212	37330944
1602298014820217	1048832
1602298014820244	37330944
1602298014820258	3584
1602298014820328	-37330944
1602298014820330	-3584
1602298014820331	-1048832
1602298014820360	1048832
1602298014820366	1048576
1602298014820380	2560
1602298014820498	-2560
1602298014820501	-1048576
1602298014820508	-149327872
1602298014820545	-4096
1602298014820579	-4096
1602298014823038	-37330944
1602298014823073	-1048576
1602298014823086	37330944
1602298014823087	1024
1602298014823087	1024
1602298014823088	256
1602298014823108	256
1602298014823540	-37330944
1602298014823544	-37330944
1602298014823544	-1024
1602298014823545	-1024
1602298014823546	-256
1602298014823547	-256
1602298014823594	-1048832
1602298014823604	37330944
1602298014823610	4194304
1602298014823633	37330944
1602298014823646	263061504
1602298014824244	-37330944
1602298014824248	-263061504
1602298014824250	-4194304
1602298014824271	4194304
1602298014824277	4194304
1602298014824291	256745472
1602298014826947	-256745472
1602298014826950	-4194304
1602298014826957	-37330944
1602298014827005	-1024
1602298014827095	-1024
1602298014827179	-37330944
1602298014827210	-2359296
1602298014827223	37330944
1602298014827224	1024
1602298014827224	1024
1602298014827225	256
1602298014827246	256
1602298014827373	-37330944
1602298014827374	-37330944
1602298014827376	-1024
1602298014827377	-1024
1602298014827378	-256
1602298014827379	-256
1602298014827578	-4194304
1602298014827588	149323776
1602298014827593	1048576
1602298014827680	149323776
1602298014827695	4096
1602298014829676	-149323776
1602298014829678	-4096
1602298014829679	-1048576
1602298014829703	1048576
1602298014829709	1049088
1602298014829723	4096
1602298014829908	-4096
1602298014829910	-1049088
1602298014829917	-37330944
1602298014829963	-1024
1602298014829996	-1024
1602298014830026	-149323776
1602298014830059	-1048576
1602298014832552	-149323776
1602298014832588	-1048576
1602298014832602	149327872
1602298014832603	4096
1602298014832603	4096
1602298014832604	256
1602298014832625	256
1602298014833050	-149323776
1602298014833051	-4096
1602298014833052	-4096
1602298014833054	-256
1602298014833055	-256
1602298014833071	37330944
1602298014833076	1048576
1602298014833105	37330944
1602298014833125	3584
1602298014833455	-37330944
1602298014833457	-3584
1602298014833458	-1048576
1602298014833480	1048576
1602298014833486	1049088
1602298014833500	2560
1602298014833824	-2560
1602298014833827	-1049088
1602298014833833	-149327872
1602298014833879	-4096
1602298014836458	-4096
1602298014836498	-37330944
1602298014836532	-1048576
1602298014836541	37330944
1602298014836542	1024
1602298014836542	1024
1602298014836543	256
1602298014836622	256
1602298014836749	-37330944
1602298014836752	-37330944
1602298014836753	-1024
1602298014836753	-1024
1602298014836755	-256
1602298014836755	-256
1602298014836797	-1048576
1602298014836805	37330944
1602298014836811	4194304
1602298014836839	37330944
1602298014836853	263061504
1602298014838941	-37330944
1602298014838943	-263061504
1602298014838944	-4194304
1602298014838965	4194304
1602298014838972	4194304
1602298014838992	256745472
1602298014839356	-256745472
1602298014839359	-4194304
1602298014839366	-37330944
1602298014839410	-1024
1602298014839440	-1024
1602298014839475	-37330944
1602298014839508	-2359296
1602298014839518	37330944
1602298014839518	1024
1602298014839519	1024
1602298014839519	256
1602298014839543	256
1602298014839614	-37330944
1602298014839615	-37330944
1602298014839618	-1024
1602298014839618	-1024
1602298014839620	-256
1602298014839620	-256
1602298014842090	-4194304
1602298014842106	149323776
1602298014842112	1048576
1602298014842137	149323776
1602298014842151	4096
1602298014842558	-149323776
1602298014842561	-4096
1602298014842561	-1048576
1602298014842583	1048576
1602298014842590	1049088
1602298014842603	4096
1602298014843008	-4096
1602298014843010	-1049088
1602298014843017	-37330944
1602298014843055	-1024
1602298014843307	-1024
1602298014843342	-149323776
1602298014843370	-1048576
1602298014843692	-149323776
1602298014843951	-1048576
1602298014843960	149327872
1602298014843960	4096
1602298014843961	4096
1602298014843961	256
1602298014843984	256
1602298014844056	-149323776
1602298014844057	-4096
1602298014844062	-4096
1602298014844064	-256
1602298014844064	-256
1602298014844080	37330944
1602298014844086	1048576
1602298014844116	37330944
1602298014844130	3584
1602298014844200	-37330944
1602298014844202	-3584
1602298014844203	-1048576
1602298014844224	1048576
1602298014844230	1049088
1602298014844243	2560
1602298014844367	-2560
1602298014844370	-1049088
1602298014844377	-149327872
1602298014844415	-4096
1602298014844496	-4096
1602298014844533	-37330944
1602298014844564	-1048576
1602298014844577	47713792
1602298014844577	1024
1602298014844578	1024
1602298014844578	256
1602298014844600	256
1602298014844671	-37330944
1602298014844673	-37330944
1602298014844674	-1024
1602298014844674	-1024
1602298014844676	-256
1602298014844676	-256
1602298014844722	-1048576
1602298014844732	37330944
1602298014844737	2359808
1602298014845477	37330944
1602298014845490	263061504
1602298014846278	-37330944
1602298014846281	-263061504
1602298014846282	-2359808
1602298014846303	2359808
1602298014846310	4194304
1602298014846323	256745472
1602298014846992	-256
1602298014847005	-256745472
1602298014847008	-4194304
1602298014847015	-47713792
1602298014849798	-1024
1602298014849836	-1024
1602298014849870	-37330944
1602298014849902	-2359296
1602298014849915	37330944
1602298014849916	1024
1602298014849916	1024
1602298014849917	256
1602298014852622	256
1602298014852729	-37330944
1602298014852731	-37330944
1602298014852732	-1024
1602298014852732	-1024
1602298014852733	-256
1602298014852734	-256
1602298014852782	-2359808
1602298014852792	149323776
1602298014852798	1048576
1602298014852884	149323776
1602298014852899	4096
1602298014852965	-149323776
1602298014852967	-4096
1602298014852968	-1048576
1602298014852990	1048576
1602298014852996	1049088
1602298014853010	4096
1602298014853440	-4096
1602298014853442	-1049088
1602298014853449	-37330944
1602298014853553	-1024
1602298014855289	-1024
1602298014855535	-149323776
1602298014855720	-1048576
1602298014855881	-149323776
1602298014857592	-1048576
1602298014857601	149327872
1602298014857602	4096
1602298014857603	4096
1602298014857603	256
1602298014857692	256
1602298014858053	-149323776
1602298014858054	-4096
1602298014858054	-4096
1602298014858056	-256
1602298014858057	-256
1602298014858072	47713792
1602298014858077	1049088
1602298014858106	37330944
1602298014858120	3584
1602298014858195	-47713792
1602298014858197	-3584
1602298014858198	-1049088
1602298014858219	1049088
1602298014858226	1048576
1602298014858239	2560
1602298014858459	-2560
1602298014858461	-1048576
1602298014858468	-149327872
1602298014858526	-4096
1602298014858563	-4096
1602298014858598	-37330944
1602298014861253	-1048576
1602298014861263	37330944
1602298014861264	1024
1602298014861264	1024
1602298014861265	256
1602298014861286	256
1602298014861357	-37330944
1602298014861361	-37330944
1602298014861361	-1024
1602298014861362	-1024
1602298014861363	-256
1602298014861364	-256
1602298014864196	-1049088
1602298014864205	37330944
1602298014864210	4194304
1602298014864241	47713792
1602298014864256	263061504
1602298014864723	-37330944
1602298014864726	-263061504
1602298014864727	-4194304
1602298014864749	4194304
1602298014864755	4194304
1602298014864769	256745472
1602298014865829	-256745472
1602298014865831	-4194304
1602298014865838	-37330944
1602298014865890	-1024
1602298014865925	-1024
1602298014865960	-37330944
1602298014868752	-2359296
1602298014868763	37330944
1602298014868764	1024
1602298014868764	1024
1602298014868765	256
1602298014868788	256
1602298014868859	-47713792
1602298014868862	-37330944
1602298014868863	-1024
1602298014868870	-1024
1602298014868871	-256
1602298014868871	-256
1602298014868914	-4194304
1602298014868927	149323776
1602298014868933	1049088
1602298014871542	149323776
1602298014871555	4096
1602298014871639	-149323776
1602298014871641	-4096
1602298014871641	-1049088
1602298014871663	1049088
1602298014871669	1048576
1602298014871682	4096
1602298014871945	-4096
1602298014871947	-1048576
1602298014871954	-37330944
1602298014871993	-1024
1602298014872104	-1024
1602298014872371	-149323776
1602298014872467	-1048576
1602298014874203	-149323776
1602298014874439	-1049088
1602298014874447	149323776
1602298014874448	4096
1602298014874448	4096
1602298014874449	256
1602298014874614	256
1602298014874826	-149323776
1602298014874827	-4096
1602298014874828	-4096
1602298014874830	-256
1602298014874830	-256
1602298014874844	149323776
1602298014874845	4096
1602298014874846	4096
1602298014874846	256
1602298014876480	256
1602298014876635	-149323776
1602298014876637	-149323776
1602298014876638	-4096
1602298014876638	-4096
1602298014876639	-256
1602298014876640	-256
1602298014876659	298647552
1602298014876665	2097152
1602298014876889	298647552
1602298014876989	-298647552
1602298014876991	-2097152
1602298014877015	2097152
1602298014877022	2097152
1602298014877035	2560
1602298014877153	-2560
1602298014877156	-2097152
1602298014877163	-149323776
1602298014877287	-4096
1602298014877353	-4096
1602298014877361	50860032
1602298014877367	1048576
1602298014877411	37330944
1602298014877428	4096
1602298014880129	-50860032
1602298014880131	-4096
1602298014880132	-1048576
1602298014880154	1048576
1602298014880160	1048576
1602298014880172	4096
1602298014883255	-4096
1602298014883257	-1048576
1602298014883264	-149323776
1602298014883306	-4096
1602298014883337	-4096
1602298014883703	-2097152
1602298014883739	-37330944
1602298014884160	-1048576
1602298014884195	-2097152
1602298014884207	37331968
1602298014884208	1024
1602298014884208	1024
1602298014884209	256
1602298014884230	256
1602298014884304	-37330944
1602298014884306	-37330944
1602298014884307	-1024
1602298014884308	-1024
1602298014884309	-256
1602298014884310	-256
1602298014885082	-1048576
1602298014885094	50860032
1602298014885099	4194304
1602298014885125	37330944
1602298014885140	263061504
1602298014885893	-50860032
1602298014885895	-263061504
1602298014885896	-4194304
1602298014885919	4194304
1602298014885928	4194304
1602298014885943	256745472
1602298014899119	-256745472
1602298014899122	-4194304
1602298014899130	-37331968
1602298014899177	-1024
1602298014899213	-1024
1602298014899248	-37330944
1602298014899279	-2359296
1602298014899293	50860032
1602298014899294	1024
1602298014899294	1024
1602298014899295	256
1602298014899316	256
1602298014902104	-37330944
1602298014902106	-37330944
1602298014902107	-1024
1602298014902108	-1024
1602298014902109	-256
1602298014902110	-256
1602298014902157	-4194304
1602298014902169	298647552
1602298014902176	524288
1602298014902200	298647552
1602298014904862	-298647552
1602298014904864	-524288
1602298014904889	524288
1602298014904896	524544
1602298014904916	4096
1602298014905104	-4096
1602298014905106	-524544
1602298014905113	-50860032
1602298014905150	-1024
1602298014905200	-1024
1602298014905237	-298647552
1602298014905270	-524288
1602298014905397	-298647552
1602298014905433	-524288
1602298014905442	298649600
1602298014905443	2048
1602298014905444	2048
1602298014905444	256
1602298014905540	256
1602298014905865	-298647552
1602298014905866	-2048
1602298014905867	-2048
1602298014905869	-256
1602298014905870	-256
1602298014905891	74661888
1602298014905897	262144
1602298014905926	74661888
1602298014905940	6912
1602298014908068	-74661888
1602298014908070	-6912
1602298014908071	-262144
1602298014908093	262144
1602298014908100	262144
1602298014908113	2560
1602298014910364	-2560
1602298014910367	-262144
1602298014910374	-298649600
1602298014910413	-2048
1602298014910480	-2048
1602298014910544	-74661888
1602298014910580	-262144
1602298014910593	74661888
1602298014910594	768
1602298014910594	512
1602298014910595	256
1602298014910616	256
1602298014910785	-74661888
1602298014910788	-74661888
1602298014910789	-512
1602298014910789	-512
1602298014910791	-256
1602298014910791	-256
1602298014910838	-262144
1602298014910849	74661888
1602298014910854	1048832
1602298014910878	74661888
1602298014910892	278552576
1602298014911173	-74661888
1602298014911175	-278552576
1602298014911177	-1048832
1602298014911204	1048832
1602298014911211	1049088
1602298014911227	338337792
1602298014914559	-338337792
1602298014914562	-1049088
1602298014914569	-74661888
1602298014914615	-768
1602298014914644	-512
1602298014915420	-74661888
1602298014915456	-589824
1602298014915464	74661888
1602298014915465	768
1602298014915465	512
1602298014915466	256
1602298014916289	256
1602298014916374	-74661888
1602298014916376	-74661888
1602298014916376	-512
1602298014916377	-512
1602298014916378	-256
1602298014916378	-256
1602298014916426	-1048832
1602298014916436	298647552
1602298014916442	262400
1602298014916467	298647552
1602298014916481	6912
1602298014917563	-298647552
1602298014917566	-6912
1602298014917567	-262400
1602298014917590	262400
1602298014917596	262144
1602298014917610	4096
1602298014922818	-4096
1602298014922820	-262144
1602298014922828	-74661888
1602298014922867	-768
1602298014922902	-512
1602298014922937	-298647552
1602298014923075	-262144
1602298014923112	-298647552
1602298014923150	-262400
1602298014923158	298649600
1602298014923159	2048
1602298014923160	2048
1602298014923160	256
1602298014923410	256
1602298014923485	-298647552
1602298014923486	-2048
1602298014923491	-2048
1602298014923493	-256
1602298014923494	-256
1602298014923510	74661888
1602298014923515	262400
1602298014923544	74661888
1602298014923557	6912
1602298014925599	-74661888
1602298014925601	-6912
1602298014925603	-262400
1602298014925624	262400
1602298014925631	262144
1602298014925644	2560
1602298014928538	-2560
1602298014928541	-262144
1602298014928548	-298649600
1602298014928587	-2048
1602298014928622	-2048
1602298014928658	-74661888
1602298014928810	-262144
1602298014928824	74661888
1602298014928824	768
1602298014928825	512
1602298014928826	256
1602298014928847	256
1602298014928919	-74661888
1602298014928922	-74661888
1602298014928923	-512
1602298014928923	-512
1602298014928925	-256
1602298014928925	-256
1602298014929158	-262400
1602298014929167	74661888
1602298014929173	589824
1602298014929198	74661888
1602298014929212	278552576
1602298014929328	-74661888
1602298014929330	-278552576
1602298014929332	-589824
1602298014929359	589824
1602298014929366	1048832
1602298014929381	338337792
1602298014932119	-338337792
1602298014932122	-1048832
1602298014932129	-74661888
1602298014934699	-768
1602298014934735	-512
1602298014934768	-74661888
1602298014934802	-589824
1602298014934811	74661888
1602298014934811	768
1602298014934812	512
1602298014934812	256
1602298014935573	256
1602298014935645	-74661888
1602298014935647	-74661888
1602298014935648	-512
1602298014935649	-512
1602298014935650	-256
1602298014935650	-256
1602298014936450	-589824
1602298014936461	298647552
1602298014936467	262400
1602298014936492	298647552
1602298014936505	6912
1602298014937632	-298647552
1602298014937634	-6912
1602298014937636	-262400
1602298014937657	262400
1602298014937664	262144
1602298014937677	4096
1602298014940336	-4096
1602298014940338	-262144
1602298014940345	-74661888
1602298014940391	-768
1602298014942939	-512
1602298014942975	-298647552
1602298014943006	-262144
1602298014943038	-298647552
1602298014943197	-262400
1602298014943206	298651648
1602298014943207	2048
1602298014943207	2048
1602298014943208	256
1602298014943233	256
1602298014943306	-298647552
1602298014943307	-2048
1602298014943308	-2048
1602298014943310	-256
1602298014943310	-256
1602298014943326	74661888
1602298014943332	262400
1602298014943538	74661888
1602298014943551	6912
1602298014943964	-74661888
1602298014943966	-6912
1602298014943967	-262400
1602298014943988	262400
1602298014943994	262144
1602298014944007	2560
1602298014947083	-2560
1602298014947086	-262144
1602298014947093	-298651648
1602298014948481	-2048
1602298014948664	-2048
1602298014948706	-74663936
1602298014948736	-262144
1602298014948749	74661888
1602298014948750	768
1602298014948751	512
1602298014948751	256
1602298014948772	256
1602298014948989	-74661888
1602298014948992	-74661888
1602298014948993	-512
1602298014948994	-512
1602298014948995	-256
1602298014948995	-256
1602298014949043	-262400
1602298014949052	74661888
1602298014949057	589824
1602298014949080	74663936
1602298014949098	278552576
1602298014949353	-74661888
1602298014949355	-278552576
1602298014949356	-589824
1602298014949378	589824
1602298014949384	589824
1602298014949398	338337792
1602298014952222	-338337792
1602298014952225	-589824
1602298014952232	-74661888
1602298014952277	-768
1602298014952310	-512
1602298014954833	-74661888
1602298014954872	-589824
1602298014954885	74661888
1602298014954886	768
1602298014954887	512
1602298014954887	256
1602298014954908	256
1602298014954977	-74663936
1602298014954980	-74661888
1602298014954980	-512
1602298014954981	-512
1602298014954982	-256
1602298014954983	-256
1602298014955708	-589824
1602298014955717	298647552
1602298014955723	262400
1602298014955747	298647552
1602298014955765	6912
1602298014956613	-298647552
1602298014956616	-6912
1602298014956617	-262400
1602298014956640	262400
1602298014956646	262144
1602298014956660	4096
1602298014960396	-4096
1602298014960398	-262144
1602298014960406	-74661888
1602298014960452	-768
1602298014960481	-512
1602298014960516	-298647552
1602298014963048	-262144
1602298014963080	-298647552
1602298014963115	-262400
1602298014963126	298649600
1602298014963127	2048
1602298014963128	2048
1602298014963128	256
1602298014963150	256
1602298014963357	-298647552
1602298014963358	-2048
1602298014963359	-2048
1602298014963360	-256
1602298014963361	-256
1602298014963375	298647552
1602298014963376	2048
1602298014963377	2048
1602298014963377	256
1602298014963407	256
1602298014965409	-298647552
1602298014965414	-298647552
1602298014965415	-2048
1602298014965420	-2048
1602298014965421	-256
1602298014965422	-256
1602298014965444	597295104
1602298014965451	589824
1602298014965487	597295104
1602298014965599	-597295104
1602298014965601	-589824
1602298014965626	589824
1602298014965633	589824
1602298014965648	2560
1602298014966611	-2560
1602298014966614	-589824
1602298014966621	-298649600
1602298014967171	-2048
1602298014968562	-2048
1602298014968575	74661888
1602298014968581	262400
1602298014968745	74661888
1602298014968759	6912
1602298014968831	-74661888
1602298014968833	-6912
1602298014968835	-262400
1602298014968857	262400
1602298014968863	262144
1602298014968876	4096
1602298014969402	-4096
1602298014969404	-262144
1602298014969411	-298647552
1602298014969450	-2048
1602298014969484	-2048
1602298014969515	-524288
1602298014972324	-74661888
1602298014972368	-262144
1602298014972406	-589824
1602298014972415	78987008
1602298014972416	768
1602298014972417	512
1602298014972418	256
1602298014972439	256
1602298014975005	-74661888
1602298014975008	-74661888
1602298014975009	-512
1602298014975010	-512
1602298014975011	-256
1602298014975012	-256
1602298014975059	-262400
1602298014975069	74661888
1602298014975075	589824
1602298014975104	74661888
1602298014975118	278552576
1602298014975884	-74661888
1602298014975887	-278552576
1602298014975888	-589824
1602298014975910	589824
1602298014975917	589824
1602298014975930	447977472
1602298014976736	-447977472
1602298014976738	-589824
1602298014976745	-78987008
1602298014977871	-768
1602298014977905	-512
1602298014977944	-74661888
1602298014980503	-589824
1602298014980517	74661888
1602298014980517	768
1602298014980518	512
1602298014980519	256
1602298014980541	256
1602298014980613	-74661888
1602298014980615	-111982592
1602298014980615	-512
1602298014980616	-512
1602298014980618	-256
1602298014980618	-256
1602298014980664	-589824
1602298014980674	597295104
1602298014980679	131072
1602298014983148	597295104
1602298014983245	-597295104
1602298014983248	-131072
1602298014983272	131072
1602298014983278	131328
1602298014983293	4096
1602298014983741	-4096
1602298014983743	-131328
1602298014983750	-74661888
1602298014983790	-768
1602298014983825	-512
1602298014984166	-597295104
1602298014984200	-131072
1602298014985903	-597295104
1602298014986201	-131072
1602298014986211	597295104
1602298014986211	1280
1602298014986212	1024
1602298014986212	256
1602298014986702	256
1602298014987317	-597295104
1602298014987318	-1024
1602298014987319	-1024
1602298014987321	-256
1602298014987321	-256
1602298014987340	149323776
1602298014987346	65536
1602298014988650	149323776
1602298014988665	21248
1602298014988888	-149323776
1602298014988891	-21248
1602298014988892	-65536
1602298014988915	65536
1602298014988921	65536
1602298014988935	4096
1602298014989448	-4096
1602298014989450	-65536
1602298014989458	-597295104
1602298014989496	-1280
1602298014989531	-1024
1602298014989562	-149323776
1602298014989597	-65536
1602298014989609	149323776
1602298014989610	256
1602298014989610	256
1602298014989611	256
1602298014993244	256
1602298014993334	-149323776
1602298014993337	-149323776
1602298014993338	-256
1602298014993339	-256
1602298014993342	-256
1602298014993342	-256
1602298014993397	-65536
1602298014993408	149323776
1602298014993415	262400
1602298014993440	149323776
1602298014993457	225099776
1602298014995243	-149323776
1602298014995245	-225099776
1602298014995247	-262400
1602298014995269	262400
1602298014995282	147456
1602298014995298	953843712
1602298014996799	-953843712
1602298014996802	-147456
1602298014996809	-149323776
1602298014996848	-256
1602298014997944	-256
1602298014997981	-149323776
1602298014998014	-147456
1602298014998023	149323776
1602298014998024	256
1602298014998024	256
1602298014998025	256
1602298015000566	256
1602298015000645	-149323776
1602298015000647	-149323776
1602298015000648	-256
1602298015000649	-256
1602298015000650	-256
1602298015000651	-256
1602298015000698	-262400
1602298015000712	597295104
1602298015000718	65536
1602298015000745	597295104
1602298015000759	21248
1602298015003258	-597295104
1602298015003261	-21248
1602298015003262	-65536
1602298015003284	65536
1602298015003290	65536
1602298015003304	4096
1602298015003811	-4096
1602298015003812	-65536
1602298015003820	-149323776
1602298015003858	-256
1602298015003893	-256
1602298015004250	-597295104
1602298015004280	-65536
1602298015005993	-597295104
1602298015006296	-65536
1602298015006305	597295104
1602298015006306	1280
1602298015006306	1024
1602298015006307	256
1602298015006801	256
1602298015007406	-597295104
1602298015007407	-1024
1602298015007408	-1024
1602298015007410	-256
1602298015007410	-256
1602298015007428	149323776
1602298015007433	65536
1602298015008744	149323776
1602298015008758	21248
1602298015008980	-149323776
1602298015008982	-21248
1602298015008983	-65536
1602298015009005	65536
1602298015009011	65536
1602298015009025	4096
1602298015009551	-4096
1602298015009553	-65536
1602298015009561	-597295104
1602298015009600	-1280
1602298015009633	-1024
1602298015009664	-149323776
1602298015009698	-65536
1602298015009706	149323776
1602298015009707	256
1602298015009708	256
1602298015009708	256
1602298015012486	256
1602298015012559	-149323776
1602298015012562	-149323776
1602298015012562	-256
1602298015012563	-256
1602298015012565	-256
1602298015012565	-256
1602298015012607	-65536
1602298015012620	149323776
1602298015012625	147456
1602298015012649	149323776
1602298015012664	225099776
1602298015015333	-149323776
1602298015015335	-225099776
1602298015015337	-147456
1602298015015359	147456
1602298015015366	147456
1602298015015387	953843712
1602298015016884	-953843712
1602298015016887	-147456
1602298015016899	-149323776
1602298015016940	-256
1602298015018058	-256
1602298015018092	-149323776
1602298015019245	-147456
1602298015019258	149323776
1602298015019259	256
1602298015019259	256
1602298015019260	256
1602298015019765	256
1602298015027141	-149323776
1602298015027143	-149323776
1602298015027143	-256
1602298015027144	-256
1602298015027145	-256
1602298015027145	-256
1602298015027200	-147456
1602298015027209	597295104
1602298015027215	65536
1602298015027245	597295104
1602298015027259	21248
1602298015032719	-597295104
1602298015032721	-21248
1602298015032723	-65536
1602298015032745	65536
1602298015032751	65536
1602298015032765	3072
1602298015032874	-3072
1602298015032876	-65536
1602298015032883	-149323776
1602298015035421	-256
1602298015035455	-256
1602298015035486	-597295104
1602298015035519	-65536
1602298015038069	-597295104
1602298015038099	-65536
1602298015038112	597295104
1602298015038112	1280
1602298015038113	1024
1602298015038114	256
1602298015038135	256
1602298015038205	-597295104
1602298015038207	-1024
1602298015038208	-1024
1602298015038209	-256
1602298015038209	-256
1602298015038229	597295104
1602298015038229	1024
1602298015038230	1024
1602298015038231	256
1602298015038255	256
1602298015038388	-597295104
1602298015038390	-597295104
1602298015038391	-1024
1602298015038392	-1024
1602298015038393	-256
1602298015038393	-256
1602298015038410	149323776
1602298015038416	65792
1602298015038450	149323776
1602298015038464	21248
1602298015038719	-149323776
1602298015038721	-21248
1602298015038722	-65792
1602298015038743	65792
1602298015038750	65536
1602298015038763	3072
1602298015040894	-3072
1602298015040897	-65536
1602298015040904	-597295104
1602298015041203	-1280
1602298015041729	-1024
1602298015041738	149323776
1602298015041744	65536
1602298015042255	149323776
1602298015042269	21248
1602298015043862	-149323776
1602298015043864	-21248
1602298015043865	-65536
1602298015043886	65536
1602298015043893	65536
1602298015043905	3072
1602298015044141	-3072
1602298015044143	-65536
1602298015044150	-597295104
1602298015044454	-1024
1602298015044492	-1024
1602298015044527	-65536
1602298015045025	-149323776
1602298015047506	-65536
1602298015047542	-65792
1602298015047550	149323776
1602298015047551	256
1602298015047552	256
1602298015047552	256
1602298015047577	256
1602298015047648	-149323776
1602298015047650	-149323776
1602298015047650	-256
1602298015047651	-256
1602298015047653	-256
1602298015047653	-256
1602298015049014	-65536
1602298015049029	149323776
1602298015049035	147456
1602298015049059	149323776
1602298015049075	225099776
1602298015049330	-149323776
1602298015049332	-225099776
1602298015049334	-147456
1602298015049356	147456
1602298015049362	147456
1602298015049382	953843712
1602298015054685	-953843712
1602298015054688	-147456
1602298015054700	-149323776
1602298015054741	-256
1602298015054775	-256
1602298015057343	-149323776
1602298015057376	-147456
1602298015057391	149323776
1602298015057392	256
1602298015057393	256
1602298015057393	256
1602298015057414	256
1602298015057485	-149323776
1602298015057487	-149323776
1602298015057488	-256
1602298015057489	-256
1602298015057490	-256
1602298015057491	-256
1602298015060107	-147456
1602298015060119	149323776
1602298015060124	16384
1602298015060150	149323776
1602298015060168	21248
1602298015060565	-149323776
1602298015060568	-21248
1602298015060569	-16384
1602298015060591	16384
1602298015060597	16384
1602298015060611	3072
1602298015061185	-3072
1602298015061187	-16384
1602298015061194	-149323776
1602298015061426	-256
1602298015063776	-256
1602298015064287	-149323776
1602298015064796	-16384
1602298015064808	597295104
1602298015066737	-149323776
1602298015066738	-149323776
1602298015066775	-16384
1602298015066812	-597295104
1602298015066820	597295104
1602298015066821	256
1602298015066822	256
1602298015066822	256
1602298015066841	256
1602298015067229	-597295104
1602298015067230	-597295104
1602298015067231	-256
1602298015067232	-256
1602298015067233	-256
1602298015067234	-256
1602298015067253	37632
1602298015067260	37632
1602298015067274	35840
1602298015067836	-35840
1602298015067839	-37632
1602298015067846	-118072832
1602298015067847	-597295104
1602298015067885	-256
1602298015071039	-256
1602298015071080	-37632
1602298015071112	-256
1602298015071115	-37632
