1602298020274048	256
1602298020274190	256
1602298020274408	256
1602298020274454	-256
1602298020274618	256
1602298020274698	256
1602298020274763	256
1602298020274907	256
1602298020275018	-256
1602298020275099	768
1602298020275127	256
1602298020275278	-256
1602298020275389	256
1602298020275583	256
1602298020275673	-256
1602298020275701	256
1602298020275880	-256
1602298020275882	-256
1602298020275883	-256
1602298020275891	-256
1602298020275942	256
1602298020276162	-256
1602298020276184	-256
1602298020276239	-256
1602298020277149	256
1602298020277154	256
1602298020277255	-256
1602298020277279	65536
1602298020277330	256
1602298020277332	256
1602298020277385	-256
1602298020277403	131072
1602298020277457	256
1602298020277459	256
1602298020277512	-256
1602298020277529	589824
1602298020277575	256
1602298020277578	256
1602298020277628	-256
1602298020277645	147456
1602298020277691	256
1602298020277693	256
1602298020277743	-256
1602298020277759	1048576
1602298020277804	256
1602298020277806	256
1602298020277859	-256
1602298020277876	65536
1602298020277918	256
1602298020277920	256
1602298020277969	-256
1602298020277985	65536
1602298020278026	256
1602298020278048	9216
1602298020278118	-9216
1602298020278138	9437184
1602298020278187	256
1602298020278189	256
1602298020278240	-256
1602298020278256	147456
1602298020278308	111992832
1602298020278376	256
1602298020278378	256
1602298020278430	-256
1602298020278447	37632
1602298020278491	256
1602298020278537	16384
1602298020278578	256
1602298020278592	9216
1602298020278654	-9216
1602298020278671	4194304
1602298020278716	256
1602298020278756	4096
1602298020278797	256
1602298020278799	256
1602298020278849	-256
1602298020278864	147456
1602298020278910	256
1602298020278912	256
1602298020278962	-256
1602298020278978	65536
1602298020279020	256
1602298020279033	9216
1602298020279092	-9216
1602298020279108	4194304
1602298020279153	256
1602298020279155	256
1602298020279214	-256
1602298020279232	589824
1602298020279279	256
1602298020279281	256
1602298020279331	-256
1602298020279347	65536
1602298020279389	256
1602298020279392	256
1602298020279441	-256
1602298020279457	589824
1602298020279501	256
1602298020279503	256
1602298020279553	-256
1602298020279569	262144
1602298020279614	256
1602298020279616	256
1602298020279666	-256
1602298020279681	65536
1602298020279722	256
1602298020279724	256
1602298020279773	-256
1602298020279788	524288
1602298020279831	256
1602298020279833	256
1602298020279883	-256
1602298020279898	589824
1602298020279943	256
1602298020279956	9216
1602298020280016	-9216
1602298020280033	2097152
1602298020280077	256
1602298020280089	9216
1602298020280148	-9216
1602298020280166	8200192
1602298020280211	256
1602298020280214	256
1602298020280263	-256
1602298020280280	262144
1602298020280326	256
1602298020280328	256
1602298020280396	-256
1602298020280414	262144
1602298020280462	256
1602298020280464	256
1602298020280521	-256
1602298020280537	262144
1602298020280583	256
1602298020280585	256
1602298020280637	-256
1602298020280654	1048576
1602298020280699	256
1602298020280701	256
1602298020280751	-256
1602298020280767	262144
1602298020280812	256
1602298020280814	256
1602298020280864	-256
1602298020280884	262144
1602298020280931	256
1602298020280944	9216
1602298020281004	-9216
1602298020281021	2359296
1602298020281066	256
1602298020281068	256
1602298020281119	-256
1602298020281134	1048576
1602298020281179	256
1602298020281191	9216
1602298020281249	-9216
1602298020281266	2359296
1602298020281312	256
1602298020281323	9216
1602298020281382	-9216
1602298020281399	4194304
1602298020281444	256
1602298020281447	256
1602298020281507	-256
1602298020281523	524288
1602298020281569	256
1602298020281581	9216
1602298020281640	-9216
1602298020281657	2359296
1602298020281702	256
1602298020281714	9216
1602298020281772	-9216
1602298020281791	2359296
1602298020281843	256
1602298020281845	256
1602298020281896	-256
1602298020281912	262144
1602298020281958	256
1602298020281970	9216
1602298020282029	-9216
1602298020282045	2097152
1602298020282090	256
1602298020282092	256
1602298020282143	-256
1602298020282158	1048576
1602298020282203	256
1602298020282205	256
1602298020282255	-256
1602298020282271	1048576
1602298020282315	256
1602298020282327	9216
1602298020282386	-9216
1602298020282402	2359296
1602298020282448	256
1602298020282459	9216
1602298020282516	-9216
1602298020282534	2359296
1602298020282580	256
1602298020282592	9216
1602298020282651	-9216
1602298020282668	4194304
1602298020282713	256
1602298020282715	256
1602298020282764	-256
1602298020282780	1048576
1602298020282824	256
1602298020282835	9216
1602298020282893	-9216
1602298020282909	4194304
1602298020282955	256
1602298020282957	256
1602298020283007	-256
1602298020283022	1048576
1602298020283067	256
1602298020283079	9216
1602298020283137	-9216
1602298020283154	8388608
1602298020283200	256
1602298020283211	9216
1602298020283286	-9216
1602298020283303	9437184
1602298020283348	256
1602298020283351	256
1602298020283401	-256
1602298020283417	1048576
1602298020283461	256
1602298020283473	9216
1602298020283531	-9216
1602298020283548	9437184
1602298020283592	256
1602298020283594	256
1602298020283644	-256
1602298020283663	1048576
1602298020283709	256
1602298020283711	256
1602298020283761	-256
1602298020283777	1048576
1602298020283822	256
1602298020283824	256
1602298020283876	-256
1602298020283894	1048576
1602298020283952	118072832
1602298020284009	-111992832
1602298020284223	-256
1602298020284225	-256
1602298020284226	-256
1602298020284226	-256
1602298020284228	-256
1602298020284229	-256
1602298020284230	-256
1602298020284231	-256
1602298020284232	-256
1602298020284233	-256
1602298020284234	-256
1602298020284235	-256
1602298020284235	-256
1602298020284236	-256
1602298020284237	-256
1602298020284238	-256
1602298020284239	-256
1602298020284240	-256
1602298020284241	-256
1602298020284242	-256
1602298020284243	-256
1602298020284244	-256
1602298020284244	-256
1602298020284246	-256
1602298020284247	-256
1602298020284248	-256
1602298020284249	-256
1602298020284250	-256
1602298020284251	-256
1602298020284251	-256
1602298020284252	-256
1602298020284253	-256
1602298020284254	-256
1602298020284255	-256
1602298020284256	-256
1602298020284257	-256
1602298020284258	-256
1602298020284259	-256
1602298020284259	-256
1602298020284260	-256
1602298020284261	-256
1602298020284262	-256
1602298020284263	-256
1602298020284264	-256
1602298020284265	-256
1602298020284265	-256
1602298020284266	-256
1602298020284267	-256
1602298020284268	-256
1602298020284269	-256
1602298020284270	-256
1602298020284271	-256
1602298020284272	-256
1602298020284272	-256
1602298020284301	597295104
1602298020284313	37632
1602298020284429	75520
1602298020284557	-75520
1602298020284562	-37632
1602298020284665	597295104
1602298020284667	256
1602298020284668	256
1602298020284668	256
1602298020284669	256
1602298020284982	149323776
1602298020285172	597295104
1602298020285178	65536
1602298020285233	18944
1602298020285326	-18944
1602298020285330	-65536
1602298020285405	149323776
1602298020285411	16384
1602298020285468	18944
1602298020285545	-18944
1602298020285549	-16384
1602298020285624	-256
1602298020285667	-256
1602298020285681	597295104
1602298020285682	1024
1602298020285683	1024
1602298020285684	1024
1602298020285685	1024
1602298020285850	149323776
1602298020285851	256
1602298020285852	256
1602298020285853	256
1602298020285854	256
1602298020286280	149323776
1602298020286287	147456
1602298020286342	225099776
1602298020286782	-225099776
1602298020286786	-147456
1602298020286981	-1024
1602298020287023	-1024
1602298020287038	149323776
1602298020287039	256
1602298020287040	256
1602298020287041	256
1602298020287042	256
1602298020287203	-256
1602298020287245	-256
1602298020287384	597295104
1602298020287391	65536
1602298020287446	18944
1602298020287524	-18944
1602298020287528	-65536
1602298020287677	597295104
1602298020287679	1024
1602298020287679	1024
1602298020287681	1024
1602298020287682	1024
1602298020287845	-256
1602298020287889	-256
1602298020287946	-597295104
1602298020288166	149323776
1602298020288173	65536
1602298020288227	18944
1602298020288311	-18944
1602298020288315	-65536
1602298020288417	-1024
1602298020288458	-1024
1602298020288472	149323776
1602298020288473	256
1602298020288474	256
1602298020288475	256
1602298020288476	256
1602298020288737	149323776
1602298020288743	147456
1602298020288796	225099776
1602298020289174	-225099776
1602298020289178	-147456
1602298020289318	149323776
1602298020289319	256
1602298020289320	256
1602298020289321	256
1602298020289322	256
1602298020289473	-256
1602298020289513	-256
1602298020289671	597295104
1602298020289677	65536
1602298020289731	18944
1602298020289805	-18944
1602298020289808	-65536
1602298020289942	597295104
1602298020289943	1024
1602298020289944	1024
1602298020289945	1024
1602298020289946	1024
1602298020290102	-256
1602298020290143	-256
1602298020290395	149323776
1602298020290402	65536
1602298020290454	18944
1602298020290527	-18944
1602298020290531	-65536
1602298020290610	-1024
1602298020290652	-1024
1602298020290666	149323776
1602298020290667	256
1602298020290668	256
1602298020290669	256
1602298020290670	256
1602298020290915	149323776
1602298020290921	147456
1602298020290971	225099776
1602298020291332	-225099776
1602298020291336	-147456
1602298020291477	149323776
1602298020291478	256
1602298020291479	256
1602298020291480	256
1602298020291480	256
1602298020291631	-256
1602298020291672	-256
1602298020291811	597295104
1602298020291817	65536
1602298020291869	18944
1602298020291943	-18944
1602298020291947	-65536
1602298020292080	597295104
1602298020292081	1024
1602298020292082	1024
1602298020292083	1024
1602298020292084	1024
1602298020292236	-256
1602298020292279	-256
1602298020292554	298647552
1602298020292560	524288
1602298020292613	4864
1602298020292687	-4864
1602298020292690	-524288
1602298020292753	111983616
1602298020292759	131072
1602298020292812	4864
1602298020292882	-4864
1602298020292885	-131072
1602298020292947	-1024
1602298020292986	-1024
1602298020292998	298647552
1602298020293000	2048
1602298020293001	2048
1602298020293002	2048
1602298020293003	2048
1602298020293117	74661888
1602298020293118	512
1602298020293119	512
1602298020293120	512
1602298020293121	512
1602298020293532	74661888
1602298020293538	589824
1602298020293590	278552576
1602298020293749	-278552576
1602298020293753	-589824
1602298020293921	-2048
1602298020293960	-2048
1602298020293973	74661888
1602298020293974	512
1602298020293975	512
1602298020293976	512
1602298020293977	512
1602298020294132	-512
1602298020294171	-512
1602298020294300	298647552
1602298020294306	262144
1602298020294357	4864
1602298020294431	-4864
1602298020294435	-262144
1602298020294579	298647552
1602298020294580	2560
1602298020294581	2048
1602298020294583	2048
1602298020294584	2048
1602298020294735	-512
1602298020294775	-512
1602298020294817	-298647552
1602298020295020	74661888
1602298020295026	262144
1602298020295077	4864
1602298020295153	-4864
1602298020295157	-262144
1602298020295237	-2560
1602298020295276	-2048
1602298020295289	74661888
1602298020295290	512
1602298020295291	512
1602298020295292	512
1602298020295293	512
1602298020295536	74661888
1602298020295542	589824
1602298020295593	278552576
1602298020295749	-278552576
1602298020295753	-589824
1602298020295888	74663936
1602298020295890	512
1602298020295891	512
1602298020295892	512
1602298020295893	512
1602298020296042	-512
1602298020296082	-512
1602298020296220	298647552
1602298020296227	262144
1602298020296278	4864
1602298020296361	-4864
1602298020296365	-262144
1602298020296506	298647552
1602298020296507	2048
1602298020296509	2048
1602298020296510	2048
1602298020296511	2048
1602298020296672	-512
1602298020296717	-512
1602298020296972	74661888
1602298020296978	262144
1602298020297031	4864
1602298020297105	-4864
1602298020297109	-262144
1602298020297188	-2048
1602298020297226	-2048
1602298020297239	74661888
1602298020297240	512
1602298020297241	512
1602298020297242	512
1602298020297243	512
1602298020297488	74661888
1602298020297493	589824
1602298020297544	278552576
1602298020297702	-278552576
1602298020297706	-589824
1602298020297845	74661888
1602298020297847	512
1602298020297848	512
1602298020297849	512
1602298020297850	512
1602298020297998	-512
1602298020298037	-512
1602298020298170	298647552
1602298020298177	262144
1602298020298228	4864
1602298020298302	-4864
1602298020298305	-262144
1602298020298448	298647552
1602298020298449	2560
1602298020298450	2048
1602298020298451	2048
1602298020298452	2048
1602298020298601	-512
1602298020298641	-512
1602298020298886	74661888
1602298020298893	262144
1602298020298944	4864
1602298020299020	-4864
1602298020299023	-262144
1602298020299107	-2560
1602298020299146	-2048
1602298020299162	74661888
1602298020299163	512
1602298020299164	512
1602298020299164	512
1602298020299165	512
1602298020299410	74661888
1602298020299417	589824
1602298020299467	278552576
1602298020299626	-278552576
1602298020299630	-589824
1602298020299772	74661888
1602298020299773	512
1602298020299774	512
1602298020299775	512
1602298020299776	512
1602298020299925	-512
1602298020299964	-512
1602298020300097	298647552
1602298020300103	262144
1602298020300154	4864
1602298020300229	-4864
1602298020300233	-262144
1602298020300383	298647552
1602298020300384	2560
1602298020300385	2048
1602298020300386	2048
1602298020300388	2048
1602298020300542	-512
1602298020300583	-512
1602298020300845	37330944
1602298020300852	524288
1602298020300904	1280
1602298020300979	-1280
1602298020300982	-524288
1602298020301039	149323776
1602298020301044	2097152
1602298020301095	1280
1602298020301166	-1280
1602298020301168	-2097152
1602298020301230	-2560
1602298020301269	-2048
1602298020301282	37330944
1602298020301283	1024
1602298020301284	1024
1602298020301285	1024
1602298020301286	1024
1602298020301400	149323776
1602298020301401	4096
1602298020301402	4096
1602298020301404	4096
1602298020301405	4096
1602298020301731	37330944
1602298020301737	2359296
1602298020301790	235929600
1602298020301959	-235929600
1602298020301963	-2359296
1602298020302175	37330944
1602298020302176	1536
1602298020302177	1024
1602298020302178	1024
1602298020302179	1024
1602298020302331	-1024
1602298020302373	-1024
1602298020302415	-4096
1602298020302453	-4096
1602298020302584	149323776
1602298020302590	1048576
1602298020302639	1280
1602298020302715	-1280
1602298020302718	-1048576
1602298020302857	149323776
1602298020302858	4096
1602298020302858	4096
1602298020302860	4096
1602298020302861	4096
1602298020303011	-1536
1602298020303052	-1024
1602298020303094	-149323776
1602298020303325	37330944
1602298020303332	1048576
1602298020303382	1536
1602298020303458	-1536
1602298020303461	-1048576
1602298020303541	-4096
1602298020303580	-4096
1602298020303594	37330944
1602298020303595	1024
1602298020303596	1024
1602298020303597	1024
1602298020303597	1536
1602298020303848	37330944
1602298020303854	2359296
1602298020303906	235929600
1602298020304020	-235929600
1602298020304024	-2359296
1602298020304160	37330944
1602298020304162	1024
1602298020304163	1024
1602298020304164	1024
1602298020304165	1024
1602298020304313	-1024
1602298020304364	-1024
1602298020304549	149323776
1602298020304556	1048576
1602298020304609	1280
1602298020304685	-1280
1602298020304688	-1048576
1602298020304825	149323776
1602298020304826	4096
1602298020304828	4096
1602298020304829	4096
1602298020304830	4096
1602298020304979	-1024
1602298020305020	-1024
1602298020305273	37330944
1602298020305280	1048576
1602298020305333	2048
1602298020305407	-2048
1602298020305410	-1048576
1602298020305496	-4096
1602298020305534	-4096
1602298020305546	37330944
1602298020305547	1024
1602298020305548	1024
1602298020305549	1024
1602298020305550	1024
1602298020305791	37330944
1602298020305797	2359296
1602298020305848	235929600
1602298020305962	-235929600
1602298020305966	-2359296
1602298020306098	37330944
1602298020306100	1024
1602298020306101	1024
1602298020306102	1024
1602298020306103	1024
1602298020306252	-1024
1602298020306291	-1024
1602298020306426	149323776
1602298020306433	1048576
1602298020306486	1280
1602298020306561	-1280
1602298020306565	-1048576
1602298020306713	149323776
1602298020306714	4096
1602298020306715	4096
1602298020306716	4096
1602298020306717	4096
1602298020306867	-1024
1602298020306911	-1024
1602298020307161	37330944
1602298020307167	1048576
1602298020307218	2048
1602298020307293	-2048
1602298020307296	-1048576
1602298020307378	-4096
1602298020307416	-4096
1602298020307429	37330944
1602298020307430	1024
1602298020307431	1024
1602298020307432	1024
1602298020307433	1024
1602298020307676	37330944
1602298020307682	2359296
1602298020307733	235929600
1602298020307848	-235929600
1602298020307852	-2359296
1602298020307986	37330944
1602298020307987	1024
1602298020307988	1024
1602298020307989	1024
1602298020307990	1024
1602298020308135	-1024
1602298020308175	-1024
1602298020308304	149323776
1602298020308310	1048576
1602298020308371	1280
1602298020308448	-1280
1602298020308452	-1048576
1602298020308594	149323776
1602298020308595	4096
1602298020308596	4096
1602298020308597	4096
1602298020308598	4096
1602298020308748	-1024
1602298020308787	-1024
1602298020312224	37330944
1602298020312230	1048576
1602298020312285	2048
1602298020312993	-2048
1602298020312996	-1048576
1602298020313556	-4096
1602298020313597	-4096
1602298020313609	37330944
1602298020313610	1024
1602298020313611	1024
1602298020313612	1024
1602298020313613	1024
1602298020319997	37330944
1602298020320004	2359296
1602298020320062	235929600
1602298020320181	-235929600
1602298020320186	-2359296
1602298020323343	37330944
1602298020323345	1024
1602298020323346	1024
1602298020323347	1024
1602298020323347	1024
1602298020323512	-1024
1602298020325620	-1024
1602298020325753	149323776
1602298020325759	1048576
1602298020325810	1280
1602298020328248	-1280
1602298020328251	-1048576
1602298020329707	149323776
1602298020329708	4096
1602298020329709	4096
1602298020329710	4096
1602298020329711	4096
1602298020329864	-1024
1602298020329902	-1024
1602298020334353	37330944
1602298020334359	1048576
1602298020334914	2048
1602298020334987	-2048
1602298020334990	-1048576
1602298020335071	-4096
1602298020335109	-4096
1602298020335122	37330944
1602298020335123	1024
1602298020335124	1024
1602298020335125	1024
1602298020335125	1024
1602298020338035	37330944
1602298020338041	2359296
1602298020341216	235929600
1602298020344610	-235929600
1602298020344614	-2359296
1602298020346979	37330944
1602298020346980	1024
1602298020346981	1024
1602298020346982	1024
1602298020346982	1024
1602298020347124	-1024
1602298020347160	-1024
1602298020349556	149323776
1602298020349561	1048576
1602298020349610	1280
1602298020350994	-1280
1602298020350997	-1048576
1602298020351125	149323776
1602298020351126	4096
1602298020351127	4096
1602298020351128	4096
1602298020351129	4096
1602298020351269	-1024
1602298020354654	-1024
1602298020356165	74661888
1602298020356170	8388608
1602298020356215	512
1602298020356279	-512
1602298020356282	-8388608
1602298020356321	18665472
1602298020356326	2097152
1602298020359195	512
1602298020362523	-512
1602298020362526	-2097152
1602298020362608	-4096
1602298020365890	-4096
1602298020365902	74661888
1602298020365903	8192
1602298020365904	8192
1602298020365905	8192
1602298020365906	8192
1602298020366007	18665472
1602298020366008	2048
1602298020366009	2048
1602298020366009	2048
1602298020366011	2048
1602298020373237	18665472
1602298020373242	9437184
1602298020373285	150994944
1602298020376573	-150994944
1602298020376576	-9437184
1602298020376900	-8192
1602298020376932	-8192
1602298020376944	18665472
1602298020376945	2048
1602298020376946	2048
1602298020376947	2048
1602298020376947	2048
1602298020377060	-2048
1602298020377091	-2048
1602298020379484	74661888
1602298020379489	4194304
1602298020379530	512
1602298020379589	-512
1602298020379592	-4194304
1602298020380001	74661888
1602298020380002	10240
1602298020380003	8192
1602298020380004	8192
1602298020380004	8192
1602298020380311	-2048
1602298020380344	-2048
1602298020380387	-74661888
1602298020384607	18665472
1602298020384612	4194304
1602298020384654	512
1602298020386310	-512
1602298020386313	-4194304
1602298020386400	-10240
1602298020387471	-8192
1602298020387482	18665472
1602298020387482	2048
1602298020387483	2048
1602298020387484	2048
1602298020387484	2048
1602298020387662	18665472
1602298020387666	18673664
1602298020390001	150994944
1602298020390752	-150994944
1602298020390755	-18673664
1602298020390858	18673664
1602298020390859	2048
1602298020390860	2048
1602298020390861	2048
1602298020390861	2048
1602298020393289	-2048
1602298020393322	-2048
1602298020394064	74661888
1602298020394069	4194304
1602298020394109	512
1602298020394164	-512
1602298020394167	-4194304
1602298020396728	74661888
1602298020396729	8192
1602298020396730	8192
1602298020396731	8192
1602298020396732	8192
1602298020396837	-2048
1602298020398297	-2048
1602298020401216	18665472
1602298020401220	4194304
1602298020401259	512
1602298020401313	-512
1602298020401315	-4194304
1602298020403697	-8192
1602298020403728	-8192
1602298020403739	18665472
1602298020403740	2048
1602298020403741	2048
1602298020403741	2048
1602298020403742	2048
1602298020404505	18665472
1602298020404510	9437184
1602298020404548	150994944
1602298020407429	-150994944
1602298020407431	-9437184
1602298020407742	18665472
1602298020407743	2048
1602298020407744	2048
1602298020407745	2048
1602298020407745	2048
1602298020407845	-2048
1602298020407873	-2048
1602298020410426	74661888
1602298020410431	4194304
1602298020410468	512
1602298020412046	-512
1602298020412047	-4194304
1602298020413748	74661888
1602298020413749	10240
1602298020413750	8192
1602298020413750	8192
1602298020413751	8192
1602298020413847	-2048
1602298020414911	-2048
1602298020418183	-10240
1602298020418210	-8192
1602298020418221	1523712
1602298020418291	744960
1602298020418456	1024
1602298020418458	1024
1602298020421556	-1024
1602298020421563	-768
1602298020421622	256
1602298020424175	-1024
1602298020424186	4096
1602298020424232	1523712
1602298020424323	8200192
1602298020425791	-1523712
1602298020425792	-744960
1602298020425869	-4096
1602298020427492	-8200192
1602298020427527	-256
1602298020427563	-4096
1602298020427573	74661888
1602298020428687	-1523712
1602298020428723	-8200192
1602298020428807	-74661888
1602298020428825	74670080
1602298020428826	10240
1602298020428827	8192
1602298020428827	256
1602298020428851	256
1602298020430167	-74661888
1602298020430168	-8192
1602298020430169	-8192
1602298020430171	-256
1602298020430171	-256
1602298020430248	18665472
1602298020430258	8192256
1602298020430285	18665472
1602298020430309	4096
1602298020436259	-18665472
1602298020436262	-4096
1602298020436262	-8192256
1602298020436286	8192256
1602298020436295	4194304
1602298020436315	4096
1602298020436452	-4096
1602298020436454	-4194304
1602298020436462	-74670080
1602298020436503	-10240
1602298020436682	-8192
1602298020436714	-18665472
1602298020438490	-4194304
1602298020438499	18665472
1602298020438500	2048
1602298020438500	2048
1602298020438501	256
1602298020438818	256
1602298020438874	-18665472
1602298020438875	-18665472
1602298020438876	-2048
1602298020438877	-2048
1602298020438878	-256
1602298020438879	-256
1602298020438923	-8192256
1602298020438932	18665472
1602298020438938	9437184
1602298020439097	18665472
1602298020439111	150994944
1602298020439274	-18665472
1602298020439276	-150994944
1602298020439277	-9437184
1602298020439298	9437184
1602298020439304	18665472
1602298020439318	147456000
1602298020441856	-147456000
1602298020441859	-18665472
1602298020441865	-18665472
1602298020441906	-2048
1602298020441936	-2048
1602298020442774	-18665472
1602298020442802	-9437184
1602298020442812	18665472
1602298020442813	2048
1602298020442814	2048
1602298020442814	256
1602298020443619	256
1602298020443674	-18665472
1602298020443675	-18665472
1602298020443676	-2048
1602298020443676	-2048
1602298020443678	-256
1602298020443678	-256
1602298020444226	-9437184
1602298020444236	74661888
1602298020444241	4194304
1602298020444264	124009984
1602298020444277	4096
1602298020444342	-74661888
1602298020444344	-4096
1602298020444345	-4194304
1602298020444375	4194304
1602298020444381	8200448
1602298020444394	4096
1602298020447353	-4096
1602298020447355	-8200448
1602298020447362	-18665472
1602298020447402	-2048
1602298020447432	-2048
1602298020447719	-124009984
1602298020447754	-4194304
1602298020449524	-74661888
1602298020449848	-4194304
1602298020449858	74678272
1602298020449859	8192
1602298020449860	8192
1602298020449861	256
1602298020449881	256
1602298020450158	-74661888
1602298020450159	-8192
1602298020450160	-8192
1602298020450161	-256
1602298020450162	-256
1602298020450180	18665472
1602298020450185	4194304
1602298020450209	18665472
1602298020450223	4096
1602298020450334	-18665472
1602298020450336	-4096
1602298020450337	-4194304
1602298020450357	4194304
1602298020450363	8200448
1602298020450375	4096
1602298020453770	-4096
1602298020453772	-8200448
1602298020453779	-74678272
1602298020453820	-8192
1602298020453846	-8192
1602298020454636	-18673664
1602298020454664	-4194304
1602298020454674	18665472
1602298020454675	2048
1602298020454675	2048
1602298020454676	256
1602298020454694	256
1602298020455272	-18665472
1602298020455274	-18665472
1602298020455274	-2048
1602298020455276	-2048
1602298020455277	-256
1602298020455278	-256
1602298020455317	-4194304
1602298020455327	18665472
1602298020455332	9437440
1602298020455354	18673664
1602298020455368	150994944
1602298020458123	-18665472
1602298020458125	-150994944
1602298020458126	-9437440
1602298020458147	9437440
1602298020458153	18665472
1602298020458167	147456000
1602298020458539	-147456000
1602298020458541	-18665472
1602298020458548	-18665472
1602298020460310	-2048
1602298020460640	-2048
1602298020460672	-18665472
1602298020460700	-9437184
1602298020460709	18665472
1602298020460710	2048
1602298020460710	2048
1602298020460711	256
1602298020460932	256
1602298020461102	-18673664
1602298020461103	-18665472
1602298020461103	-2048
1602298020461104	-2048
1602298020461105	-256
1602298020461105	-256
1602298020461143	-9437440
1602298020461153	74661888
1602298020461160	4194304
1602298020461182	74661888
1602298020461196	4096
1602298020463678	-74661888
1602298020463680	-4096
1602298020463681	-4194304
1602298020463702	4194304
1602298020463708	4194304
1602298020463721	4096
1602298020465426	-4096
1602298020465428	-4194304
1602298020465436	-18665472
1602298020465474	-2048
1602298020465502	-2048
1602298020466031	-74661888
1602298020466058	-4194304
1602298020466086	-74661888
1602298020466113	-4194304
1602298020466121	74663936
1602298020466121	10240
1602298020466122	8192
1602298020466123	256
1602298020466142	256
1602298020468544	-74661888
1602298020468545	-8192
1602298020468546	-8192
1602298020468547	-256
1602298020468548	-256
1602298020468561	74661888
1602298020468562	8192
1602298020468563	8192
1602298020468563	256
1602298020468760	256
1602298020468950	-74661888
1602298020468951	-74661888
1602298020468952	-8192
1602298020468952	-8192
1602298020468953	-256
1602298020468954	-256
1602298020468968	149323776
1602298020468973	9437440
1602298020468996	149323776
1602298020469344	-149323776
1602298020469347	-9437440
1602298020469369	9437440
1602298020469376	9437696
1602298020469390	4096
1602298020471699	-4096
1602298020471701	-9437696
1602298020471708	-74663936
1602298020471746	-10240
1602298020471773	-8192
1602298020471783	18665472
1602298020471788	4194304
1602298020471880	18665472
1602298020471893	4096
1602298020471956	-18665472
1602298020471958	-4096
1602298020471959	-4194304
1602298020471978	4194304
1602298020471984	4194304
1602298020471996	4096
1602298020475369	-4096
1602298020475371	-4194304
1602298020475378	-74661888
1602298020475414	-8192
1602298020476217	-8192
1602298020476247	-8388608
1602298020476275	-18665472
1602298020476822	-4194304
1602298020476851	-9437440
1602298020476858	18665472
1602298020476859	2048
1602298020476860	2048
1602298020476860	256
1602298020476880	256
1602298020476933	-18665472
1602298020476934	-18665472
1602298020476935	-2048
1602298020476935	-2048
1602298020476937	-256
1602298020476937	-256
1602298020479312	-4194304
1602298020479321	18665472
1602298020479326	9437440
1602298020479348	18665472
1602298020479361	186654720
1602298020479767	-18665472
1602298020479769	-186654720
1602298020479769	-9437440
1602298020479790	9437440
1602298020479796	17826560
1602298020479808	186654720
1602298020482240	-186654720
1602298020482242	-17826560
1602298020482249	-18665472
1602298020482286	-2048
1602298020482514	-2048
1602298020482544	-18665472
1602298020482665	-9437184
1602298020482679	18665472
1602298020482679	2048
1602298020482680	2048
1602298020482680	256
1602298020482742	256
1602298020482797	-18665472
1602298020482799	-18665472
1602298020482800	-2048
1602298020482801	-2048
1602298020482802	-256
1602298020482803	-256
1602298020482839	-9437440
1602298020482847	261349376
1602298020482852	2097152
1602298020485243	149323776
1602298020486137	-261349376
1602298020486140	-2097152
1602298020486163	2097152
1602298020486170	2097152
1602298020486184	4096
1602298020487025	-4096
1602298020487028	-2097152
1602298020487034	-18665472
1602298020487593	-2048
1602298020487620	-2048
1602298020487649	-149323776
1602298020487674	-2097152
1602298020487701	-149323776
1602298020490075	-2097152
1602298020490085	149327872
1602298020490085	4096
1602298020490086	4096
1602298020490086	256
1602298020490107	256
1602298020490383	-149323776
1602298020490384	-4096
1602298020490385	-4096
1602298020490387	-256
1602298020490387	-256
1602298020490402	37330944
1602298020490408	1048576
1602298020490494	37330944
1602298020490508	3584
1602298020490574	-37330944
1602298020490576	-3584
1602298020490577	-1048576
1602298020490597	1048576
1602298020490604	1049088
1602298020490617	2560
1602298020492994	-2560
1602298020492997	-1049088
1602298020493004	-149327872
1602298020493241	-4096
1602298020493275	-4096
1602298020493306	-37330944
1602298020493418	-1048576
1602298020493428	37330944
1602298020493428	1024
1602298020493429	1024
1602298020493429	256
1602298020493455	256
1602298020493527	-37330944
1602298020493529	-37330944
1602298020493529	-1024
1602298020493530	-1024
1602298020493531	-256
1602298020493532	-256
1602298020493573	-1048576
1602298020493587	37330944
1602298020493593	4194304
1602298020493617	37330944
1602298020493631	263061504
1602298020496923	-37330944
1602298020496925	-263061504
1602298020496927	-4194304
1602298020496954	4194304
1602298020496961	4194304
1602298020496976	256745472
1602298020498368	-256745472
1602298020498371	-4194304
1602298020498378	-37330944
1602298020498426	-1024
1602298020498471	-1024
1602298020498502	-37330944
1602298020503212	-2359296
1602298020503222	37330944
1602298020503223	1024
1602298020503228	1024
1602298020503229	256
1602298020503251	256
1602298020503323	-37330944
1602298020503325	-37330944
1602298020503325	-1024
1602298020503326	-1024
1602298020503327	-256
1602298020503327	-256
1602298020505721	-4194304
1602298020505734	149323776
1602298020505741	1048832
1602298020505769	149323776
1602298020505785	4096
1602298020505877	-149323776
1602298020505880	-4096
1602298020505881	-1048832
1602298020505903	1048832
1602298020505911	1048576
1602298020505925	4096
1602298020506050	-4096
1602298020506052	-1048576
1602298020506060	-37330944
1602298020506112	-1024
1602298020506142	-1024
1602298020506177	-149323776
1602298020506210	-1048576
1602298020506240	-149323776
1602298020507589	-1048832
1602298020507598	149327872
1602298020507598	4096
1602298020507599	4096
1602298020507601	256
1602298020507821	256
1602298020507896	-149323776
1602298020507897	-4096
1602298020507897	-4096
1602298020507899	-256
1602298020507900	-256
1602298020507916	37330944
1602298020507921	1048832
1602298020507948	37330944
1602298020507962	3584
1602298020508036	-37330944
1602298020508038	-3584
1602298020508040	-1048832
1602298020508060	1048832
1602298020508066	1048576
1602298020508080	2560
1602298020508191	-2560
1602298020508193	-1048576
1602298020508200	-149327872
1602298020508236	-4096
1602298020508270	-4096
1602298020510738	-37330944
1602298020510773	-1048576
1602298020510783	37330944
1602298020510783	1024
1602298020510784	1024
1602298020510785	256
1602298020510805	256
1602298020511247	-37330944
1602298020511249	-37330944
1602298020511250	-1024
1602298020511250	-1024
1602298020511252	-256
1602298020511252	-256
1602298020511299	-1048832
1602298020511309	37330944
1602298020511314	4194304
1602298020511343	37330944
1602298020511357	263061504
1602298020511950	-37330944
1602298020511952	-263061504
1602298020511954	-4194304
1602298020511976	4194304
1602298020511982	4194304
1602298020511996	256745472
1602298020514660	-256745472
1602298020514663	-4194304
1602298020514670	-37330944
1602298020514708	-1024
1602298020514803	-1024
1602298020514883	-37330944
1602298020514917	-2359296
1602298020514927	37330944
1602298020514928	1024
1602298020514928	1024
1602298020514929	256
1602298020514950	256
1602298020515075	-37330944
1602298020515077	-37330944
1602298020515078	-1024
1602298020515083	-1024
1602298020515085	-256
1602298020515085	-256
1602298020515290	-4194304
1602298020515305	149323776
1602298020515310	1048576
1602298020515392	149323776
1602298020515406	4096
1602298020517395	-149323776
1602298020517397	-4096
1602298020517398	-1048576
1602298020517421	1048576
1602298020517428	1049088
1602298020517442	4096
1602298020517628	-4096
1602298020517630	-1049088
1602298020517637	-37330944
1602298020517675	-1024
1602298020517710	-1024
1602298020517744	-149323776
1602298020517774	-1048576
1602298020520261	-149323776
1602298020520296	-1048576
1602298020520304	149327872
1602298020520305	4096
1602298020520306	4096
1602298020520306	256
1602298020520326	256
1602298020520777	-149323776
1602298020520778	-4096
1602298020520779	-4096
1602298020520781	-256
1602298020520782	-256
1602298020520804	37330944
1602298020520810	1048576
1602298020520838	37330944
1602298020520851	3584
1602298020521178	-37330944
1602298020521181	-3584
1602298020521182	-1048576
1602298020521203	1048576
1602298020521209	1049088
1602298020521223	2560
1602298020521548	-2560
1602298020521551	-1049088
1602298020521557	-149327872
1602298020521595	-4096
1602298020524190	-4096
1602298020524225	-37330944
1602298020524255	-1048576
1602298020524269	37330944
1602298020524269	1024
1602298020524270	1024
1602298020524270	256
1602298020524344	256
1602298020524480	-37330944
1602298020524482	-37330944
1602298020524483	-1024
1602298020524483	-1024
1602298020524485	-256
1602298020524485	-256
1602298020524535	-1048576
1602298020524545	37330944
1602298020524550	4194304
1602298020524574	37330944
1602298020524587	263061504
1602298020526677	-37330944
1602298020526679	-263061504
1602298020526681	-4194304
1602298020526701	4194304
1602298020526708	4194304
1602298020526721	256745472
1602298020527084	-256745472
1602298020527087	-4194304
1602298020527094	-37330944
1602298020527139	-1024
1602298020527176	-1024
1602298020527210	-37330944
1602298020527241	-2359296
1602298020527254	37330944
1602298020527255	1024
1602298020527256	1024
1602298020527256	256
1602298020527277	256
1602298020527347	-37330944
1602298020527348	-37330944
1602298020527350	-1024
1602298020527350	-1024
1602298020527352	-256
1602298020527352	-256
1602298020529811	-4194304
1602298020529821	149323776
1602298020529826	1048576
1602298020529855	149323776
1602298020529869	4096
1602298020530289	-149323776
1602298020530292	-4096
1602298020530292	-1048576
1602298020530315	1048576
1602298020530321	1049088
1602298020530334	4096
1602298020530742	-4096
1602298020530744	-1049088
1602298020530751	-37330944
1602298020530796	-1024
1602298020531047	-1024
1602298020531078	-149323776
1602298020531112	-1048576
1602298020531429	-149323776
1602298020531685	-1048576
1602298020531698	149327872
1602298020531699	4096
1602298020531699	4096
1602298020531700	256
1602298020531722	256
1602298020531792	-149323776
1602298020531793	-4096
1602298020531794	-4096
1602298020531796	-256
1602298020531796	-256
1602298020531811	37330944
1602298020531817	1048576
1602298020531842	37330944
1602298020531864	3584
1602298020531935	-37330944
1602298020531937	-3584
1602298020531938	-1048576
1602298020531959	1048576
1602298020531965	1049088
1602298020531978	2560
1602298020532094	-2560
1602298020532096	-1049088
1602298020532103	-149327872
1602298020532146	-4096
1602298020532225	-4096
1602298020532260	-37330944
1602298020532293	-1048576
1602298020532301	47713792
1602298020532302	1024
1602298020532302	1024
1602298020532303	256
1602298020532328	256
1602298020532407	-37330944
1602298020532409	-37330944
1602298020532410	-1024
1602298020532411	-1024
1602298020532412	-256
1602298020532413	-256
1602298020532453	-1048576
1602298020532462	37330944
1602298020532468	2359808
1602298020533209	37330944
1602298020533223	263061504
1602298020534007	-37330944
1602298020534009	-263061504
1602298020534010	-2359808
1602298020534031	2359808
1602298020534038	4194304
1602298020534053	256745472
1602298020534745	-256745472
1602298020534748	-4194304
1602298020534755	-47713792
1602298020534758	-256
1602298020537535	-1024
1602298020537569	-1024
1602298020537604	-37330944
1602298020537637	-2359296
1602298020537647	37330944
1602298020537648	1024
1602298020537648	1024
1602298020537649	256
1602298020540361	256
1602298020540464	-37330944
1602298020540465	-37330944
1602298020540466	-1024
1602298020540467	-1024
1602298020540468	-256
1602298020540469	-256
1602298020540512	-2359808
1602298020540526	149323776
1602298020540532	1048576
1602298020540611	149323776
1602298020540626	4096
1602298020540691	-149323776
1602298020540694	-4096
1602298020540694	-1048576
1602298020540717	1048576
1602298020540723	1049088
1602298020540736	4096
1602298020541171	-4096
1602298020541173	-1049088
1602298020541180	-37330944
1602298020541282	-1024
1602298020543023	-1024
1602298020543269	-149323776
1602298020543448	-1048576
1602298020543611	-149323776
1602298020545326	-1048576
1602298020545337	149327872
1602298020545338	4096
1602298020545338	4096
1602298020545339	256
1602298020545423	256
1602298020545782	-149323776
1602298020545783	-4096
1602298020545784	-4096
1602298020545786	-256
1602298020545786	-256
1602298020545801	47713792
1602298020545806	1049088
1602298020545839	37330944
1602298020545853	3584
1602298020545923	-47713792
1602298020545925	-3584
1602298020545926	-1049088
1602298020545947	1049088
1602298020545953	1048576
1602298020545966	2560
1602298020546186	-2560
1602298020546189	-1048576
1602298020546195	-149327872
1602298020546247	-4096
1602298020546283	-4096
1602298020546314	-37330944
1602298020548959	-1048576
1602298020548969	37330944
1602298020548970	1024
1602298020548971	1024
1602298020548971	256
1602298020548998	256
1602298020549068	-37330944
1602298020549069	-37330944
1602298020549070	-1024
1602298020549071	-1024
1602298020549072	-256
1602298020549073	-256
1602298020552151	-1049088
1602298020552165	37330944
1602298020552170	4194304
1602298020552199	47713792
1602298020552213	263061504
1602298020552677	-37330944
1602298020552679	-263061504
1602298020552681	-4194304
1602298020552708	4194304
1602298020552715	4194304
1602298020552729	256745472
1602298020553780	-256745472
1602298020553783	-4194304
1602298020553790	-37330944
1602298020553839	-1024
1602298020553874	-1024
1602298020553905	-37330944
1602298020556689	-2359296
1602298020556699	37330944
1602298020556704	1024
1602298020556705	1024
1602298020556705	256
1602298020556728	256
1602298020556798	-47713792
1602298020556799	-37330944
1602298020556800	-1024
1602298020556800	-1536
1602298020556802	-256
1602298020556802	-256
1602298020556848	-4194304
1602298020556857	149323776
1602298020556863	1049088
1602298020559493	149323776
1602298020559512	4096
1602298020559588	-149323776
1602298020559590	-4096
1602298020559591	-1049088
1602298020559613	1049088
1602298020559619	1048576
1602298020559632	4096
1602298020559891	-4096
1602298020559893	-1048576
1602298020559901	-37330944
1602298020559946	-1024
1602298020560057	-1024
1602298020560317	-149323776
1602298020560422	-1048576
1602298020562156	-149323776
1602298020562392	-1049088
1602298020562404	149323776
1602298020562405	4096
1602298020562406	4096
1602298020562406	256
1602298020562567	256
1602298020562778	-149323776
1602298020562780	-4096
1602298020562781	-4096
1602298020562782	-256
1602298020562783	-256
1602298020562797	149323776
1602298020562798	4096
1602298020562799	4096
1602298020562800	256
1602298020564434	256
1602298020564586	-149323776
1602298020564588	-149323776
1602298020564589	-4096
1602298020564590	-4096
1602298020564591	-256
1602298020564591	-256
1602298020564607	298647552
1602298020564612	2097152
1602298020564837	298647552
1602298020564931	-298647552
1602298020564933	-2097152
1602298020564957	2097152
1602298020564964	2097152
1602298020564985	2560
1602298020565098	-2560
1602298020565100	-2097152
1602298020565108	-149323776
1602298020565244	-4096
1602298020565309	-4096
1602298020565321	50860032
1602298020565326	1048576
1602298020565364	37330944
1602298020565377	4096
1602298020568086	-50860032
1602298020568088	-4096
1602298020568089	-1048576
1602298020568110	1048576
1602298020568116	1048576
1602298020568129	4096
1602298020571203	-4096
1602298020571205	-1048576
1602298020571212	-149323776
1602298020571252	-4096
1602298020571287	-4096
1602298020571656	-2097152
1602298020571687	-37330944
1602298020572105	-1048576
1602298020572143	-2097152
1602298020572152	37331968
1602298020572153	1024
1602298020572153	1024
1602298020572154	256
1602298020572174	256
1602298020572250	-37330944
1602298020572252	-37330944
1602298020572253	-1024
1602298020572254	-1024
1602298020572255	-256
1602298020572256	-256
1602298020572810	-1048576
1602298020572820	50860032
1602298020572825	4194304
1602298020572855	37330944
1602298020572869	263061504
1602298020573832	-50860032
1602298020573834	-263061504
1602298020573835	-4194304
1602298020573857	4194304
1602298020573863	4194304
1602298020573877	256745472
1602298020587054	-256745472
1602298020587057	-4194304
1602298020587064	-37331968
1602298020587109	-1024
1602298020587139	-1024
1602298020587175	-37330944
1602298020587208	-2359296
1602298020587218	50860032
1602298020587219	1024
1602298020587219	1024
1602298020587220	256
1602298020587239	256
1602298020590043	-37330944
1602298020590045	-37330944
1602298020590046	-1024
1602298020590046	-1024
1602298020590048	-256
1602298020590048	-256
1602298020590090	-4194304
1602298020590099	298647552
1602298020590105	524288
1602298020590134	298647552
1602298020592800	-298647552
1602298020592802	-524288
1602298020592835	524288
1602298020592842	524288
1602298020592856	2560
1602298020593037	-2560
1602298020593040	-524288
1602298020593047	-50860032
1602298020593084	-1024
1602298020593137	-1024
1602298020593168	-298647552
1602298020593203	-524288
1602298020593328	-298647552
1602298020593358	-524288
1602298020593372	298649600
1602298020593372	2560
1602298020593373	2048
1602298020593374	256
1602298020593471	256
1602298020593790	-298647552
1602298020593792	-2048
1602298020593792	-2048
1602298020593794	-256
1602298020593795	-256
1602298020593810	74661888
1602298020593816	262144
1602298020593846	74661888
1602298020593861	6912
1602298020596003	-74661888
1602298020596005	-6912
1602298020596006	-262144
1602298020596028	262144
1602298020596034	262144
1602298020596048	2560
1602298020598294	-2560
1602298020598297	-262144
1602298020598304	-298649600
1602298020598348	-2560
1602298020598408	-2048
1602298020598470	-74661888
1602298020598503	-262144
1602298020598512	74661888
1602298020598513	512
1602298020598513	512
1602298020598514	256
1602298020598533	256
1602298020598718	-74661888
1602298020598720	-74661888
1602298020598721	-512
1602298020598722	-512
1602298020598723	-256
1602298020598723	-256
1602298020598764	-262144
1602298020598773	74661888
1602298020598778	1048576
1602298020598807	74661888
1602298020598821	278552576
1602298020599117	-74661888
1602298020599119	-278552576
1602298020599121	-1048576
1602298020599143	1048576
1602298020599149	1049088
1602298020599163	338337792
1602298020602476	-338337792
1602298020602479	-1049088
1602298020602486	-74661888
1602298020602533	-512
1602298020602567	-512
1602298020603343	-74661888
1602298020603374	-589824
1602298020603387	74661888
1602298020603388	512
1602298020603388	512
1602298020603389	256
1602298020604210	256
1602298020604290	-74661888
1602298020604292	-74661888
1602298020604293	-512
1602298020604293	-512
1602298020604294	-256
1602298020604295	-256
1602298020604341	-1048576
1602298020604362	298647552
1602298020604368	262144
1602298020604398	298647552
1602298020604413	6912
1602298020605459	-298647552
1602298020605461	-6912
1602298020605463	-262144
1602298020605484	262144
1602298020605491	262144
1602298020605505	2560
1602298020610702	-2560
1602298020610704	-262144
1602298020610712	-74661888
1602298020610757	-512
1602298020610790	-512
1602298020610820	-298647552
1602298020610959	-262144
1602298020610994	-298647552
1602298020611025	-262144
1602298020611038	298649600
1602298020611039	2560
1602298020611039	2048
1602298020611040	256
1602298020611299	256
1602298020611375	-298647552
1602298020611376	-2048
1602298020611377	-2048
1602298020611379	-256
1602298020611379	-256
1602298020611395	74661888
1602298020611400	262144
1602298020611427	74661888
1602298020611448	6912
1602298020613477	-74661888
1602298020613479	-6912
1602298020613481	-262144
1602298020613503	262144
1602298020613509	262144
1602298020613523	2560
1602298020616434	-2560
1602298020616437	-262144
1602298020616444	-298649600
1602298020616490	-2560
1602298020616520	-2048
1602298020616555	-74661888
1602298020616706	-262144
1602298020616716	74661888
1602298020616717	512
1602298020616717	512
1602298020616718	256
1602298020616742	256
1602298020616814	-74661888
1602298020616816	-74661888
1602298020616816	-512
1602298020616817	-512
1602298020616818	-256
1602298020616819	-256
1602298020617054	-262144
1602298020617073	74661888
1602298020617078	589824
1602298020617103	74661888
1602298020617117	278552576
1602298020617226	-74661888
1602298020617228	-278552576
1602298020617230	-589824
1602298020617251	589824
1602298020617258	1048576
1602298020617271	338337792
1602298020620021	-338337792
1602298020620023	-1048576
1602298020620035	-74661888
1602298020622602	-512
1602298020622639	-512
1602298020622674	-74661888
1602298020622703	-589824
1602298020622716	74661888
1602298020622717	512
1602298020622717	512
1602298020622718	256
1602298020623469	256
1602298020623541	-74661888
1602298020623543	-74661888
1602298020623543	-512
1602298020623544	-512
1602298020623545	-256
1602298020623546	-256
1602298020624338	-589824
1602298020624348	298647552
1602298020624360	262144
1602298020624390	298647552
1602298020624405	6912
1602298020625535	-298647552
1602298020625538	-6912
1602298020625539	-262144
1602298020625560	262144
1602298020625567	262144
1602298020625580	4096
1602298020628230	-4096
1602298020628232	-262144
1602298020628240	-74661888
1602298020628277	-512
1602298020630835	-512
1602298020630868	-298647552
1602298020630903	-262144
1602298020630937	-298647552
1602298020631092	-262144
1602298020631105	298651648
1602298020631106	2048
1602298020631106	2048
1602298020631107	256
1602298020631128	256
1602298020631203	-298647552
1602298020631204	-2048
1602298020631205	-2048
1602298020631207	-256
1602298020631207	-256
1602298020631223	74661888
1602298020631229	262144
1602298020631438	74661888
1602298020631453	6912
1602298020631862	-74661888
1602298020631864	-6912
1602298020631866	-262144
1602298020631886	262144
1602298020631893	262144
1602298020631908	2560
1602298020634957	-2560
1602298020634960	-262144
1602298020634967	-298651648
1602298020636356	-2048
1602298020636536	-2048
1602298020636568	-74663936
1602298020636602	-262144
1602298020636611	74661888
1602298020636612	512
1602298020636612	512
1602298020636613	256
1602298020636637	256
1602298020636852	-74661888
1602298020636854	-74661888
1602298020636854	-512
1602298020636855	-512
1602298020636857	-256
1602298020636857	-256
1602298020636899	-262144
1602298020636913	74661888
1602298020636918	589824
1602298020636944	74663936
1602298020636958	278552576
1602298020637221	-74661888
1602298020637223	-278552576
1602298020637225	-589824
1602298020637247	589824
1602298020637253	589824
1602298020637268	338337792
1602298020640095	-338337792
1602298020640097	-589824
1602298020640104	-74661888
1602298020640144	-512
1602298020640183	-512
1602298020642707	-74661888
1602298020642740	-589824
1602298020642754	74661888
1602298020642755	512
1602298020642756	512
1602298020642756	256
1602298020642777	256
1602298020642847	-74663936
1602298020642849	-74661888
1602298020642852	-512
1602298020642853	-512
1602298020642854	-256
1602298020642855	-256
1602298020643587	-589824
1602298020643603	298647552
1602298020643608	262144
1602298020643634	298647552
1602298020643648	6912
1602298020644491	-298647552
1602298020644494	-6912
1602298020644495	-262144
1602298020644517	262144
1602298020644523	262144
1602298020644536	2560
1602298020648271	-2560
1602298020648273	-262144
1602298020648280	-74661888
1602298020648318	-512
1602298020648359	-512
1602298020648392	-298647552
1602298020650921	-262144
1602298020650957	-298647552
1602298020650991	-262144
1602298020650999	298648064
1602298020651000	2560
1602298020651001	2048
1602298020651001	256
1602298020651022	256
1602298020651222	-298647552
1602298020651223	-2048
1602298020651229	-2048
1602298020651230	-256
1602298020651231	-256
1602298020651246	298647552
1602298020651246	2048
1602298020651247	2048
1602298020651247	256
1602298020651272	256
1602298020651336	-298647552
1602298020651339	-298647552
1602298020651339	-2048
1602298020651340	-2048
1602298020651342	-256
1602298020651342	-256
1602298020651361	597295104
1602298020651366	589824
1602298020651509	597295104
1602298020651619	-597295104
1602298020651622	-589824
1602298020651646	589824
1602298020651652	589824
1602298020651666	2560
1602298020654486	-2560
1602298020654488	-589824
1602298020654496	-298648064
1602298020655046	-2560
1602298020656440	-2048
1602298020656450	74661888
1602298020656456	262144
1602298020656615	74661888
1602298020656629	6912
1602298020656704	-74661888
1602298020656707	-6912
1602298020656708	-262144
1602298020656729	262144
1602298020656735	262144
1602298020656748	2560
1602298020657254	-2560
1602298020657256	-262144
1602298020657264	-298647552
1602298020657307	-2048
1602298020657338	-2048
1602298020657374	-524288
1602298020660178	-74661888
1602298020660208	-262144
1602298020660244	-589824
1602298020660257	76889600
1602298020660257	512
1602298020660258	512
1602298020660258	256
1602298020660279	256
1602298020662859	-74661888
1602298020662861	-74661888
1602298020662862	-512
1602298020662863	-512
1602298020662864	-256
1602298020662865	-256
1602298020662906	-262144
1602298020662925	74661888
1602298020662930	589824
1602298020662954	74661888
1602298020662968	278552576
1602298020663730	-74661888
1602298020663732	-278552576
1602298020663734	-589824
1602298020663757	589824
1602298020663768	589824
1602298020663782	447979520
1602298020664590	-447979520
1602298020664592	-589824
1602298020664599	-76889600
1602298020665732	-512
1602298020665763	-512
1602298020665799	-74661888
1602298020668363	-589824
1602298020668372	74661888
1602298020668373	512
1602298020668373	512
1602298020668374	256
1602298020668396	256
1602298020668473	-74661888
1602298020668475	-111983616
1602298020668476	-512
1602298020668477	-512
1602298020668478	-256
1602298020668478	-256
1602298020668519	-589824
1602298020668528	597295104
1602298020668534	131072
1602298020671005	597295104
1602298020671099	-597295104
1602298020671102	-131072
1602298020671126	131072
1602298020671132	131072
1602298020671146	4096
1602298020671600	-4096
1602298020671601	-131072
1602298020671608	-74661888
1602298020671647	-512
1602298020671681	-512
1602298020672026	-597295104
1602298020672061	-131072
1602298020673768	-597295104
1602298020674063	-131072
1602298020674077	597295104
1602298020674078	1024
1602298020674078	1024
1602298020674079	256
1602298020674564	256
1602298020675178	-597295104
1602298020675179	-1024
1602298020675180	-1024
1602298020675182	-256
1602298020675182	-256
1602298020675198	149323776
1602298020675204	65536
1602298020676523	149323776
1602298020676537	21248
1602298020676765	-149323776
1602298020676767	-21248
1602298020676768	-65536
1602298020676790	65536
1602298020676796	65536
1602298020676810	4096
1602298020677320	-4096
1602298020677322	-65536
1602298020677329	-597295104
1602298020677368	-1024
1602298020677403	-1024
1602298020677438	-149323776
1602298020677471	-65536
1602298020677480	149323776
1602298020677480	256
1602298020677481	256
1602298020677482	256
1602298020680273	256
1602298020680356	-149323776
1602298020680358	-149323776
1602298020680359	-256
1602298020680360	-256
1602298020680361	-256
1602298020680361	-256
1602298020680404	-65536
1602298020680413	149323776
1602298020680419	262144
1602298020680448	149323776
1602298020680462	225099776
1602298020683122	-149323776
1602298020683124	-225099776
1602298020683126	-262144
1602298020683148	262144
1602298020683154	147456
1602298020683168	953843712
1602298020684680	-953843712
1602298020684684	-147456
1602298020684693	-149323776
1602298020684741	-256
1602298020685829	-256
1602298020685863	-149323776
1602298020685900	-147456
1602298020685913	149323776
1602298020685914	256
1602298020685914	256
1602298020685915	256
1602298020688461	256
1602298020688539	-149323776
1602298020688542	-149323776
1602298020688543	-256
1602298020688544	-256
1602298020688545	-256
1602298020688546	-256
1602298020688594	-262144
1602298020688604	597295104
1602298020688611	65536
1602298020688636	597295104
1602298020688655	21248
1602298020691148	-597295104
1602298020691150	-21248
1602298020691152	-65536
1602298020691173	65536
1602298020691180	65536
1602298020691193	4096
1602298020691701	-4096
1602298020691703	-65536
1602298020691710	-149323776
1602298020691755	-256
1602298020691784	-256
1602298020692141	-597295104
1602298020692176	-65536
1602298020693902	-597295104
1602298020694202	-65536
1602298020694210	597295104
1602298020694211	1024
1602298020694212	1024
1602298020694212	256
1602298020694708	256
1602298020695323	-597295104
1602298020695325	-1024
1602298020695326	-1024
1602298020695328	-256
1602298020695328	-256
1602298020695344	149323776
1602298020695350	65536
1602298020696673	149323776
1602298020696687	21248
1602298020696911	-149323776
1602298020696913	-21248
1602298020696914	-65536
1602298020696936	65536
1602298020696942	65536
1602298020696955	4096
1602298020697475	-4096
1602298020697477	-65536
1602298020697484	-597295104
1602298020697523	-1024
1602298020697559	-1024
1602298020697595	-149323776
1602298020697628	-65536
1602298020697637	149323776
1602298020697638	256
1602298020697639	256
1602298020697639	256
1602298020700418	256
1602298020700492	-149323776
1602298020700496	-149323776
1602298020700497	-256
1602298020700498	-256
1602298020700499	-256
1602298020700499	-256
1602298020700547	-65536
1602298020700556	149323776
1602298020700562	147456
1602298020700590	149323776
1602298020700605	225099776
1602298020703264	-149323776
1602298020703267	-225099776
1602298020703268	-147456
1602298020703290	147456
1602298020703296	147456
1602298020703311	953843712
1602298020704821	-953843712
1602298020704824	-147456
1602298020704831	-149323776
1602298020704879	-256
1602298020705980	-256
1602298020706013	-149323776
1602298020707155	-147456
1602298020707164	149323776
1602298020707164	256
1602298020707165	256
1602298020707166	256
1602298020707676	256
1602298020714953	-149323776
1602298020714956	-149323776
1602298020714956	-256
1602298020714957	-256
1602298020714958	-256
1602298020714958	-256
1602298020715007	-147456
1602298020715017	597295104
1602298020715023	65536
1602298020715048	597295104
1602298020715062	21248
1602298020720502	-597295104
1602298020720504	-21248
1602298020720506	-65536
1602298020720528	65536
1602298020720534	82944
1602298020720548	3072
1602298020720652	-3072
1602298020720654	-82944
1602298020720661	-149323776
1602298020723190	-256
1602298020723226	-256
1602298020723261	-597295104
1602298020723293	-65536
1602298020725835	-597295104
1602298020725875	-65536
1602298020725885	597295104
1602298020725885	1024
1602298020725886	1280
1602298020725887	256
1602298020725912	256
1602298020725985	-597295104
1602298020725986	-1024
1602298020725988	-1024
1602298020725989	-256
1602298020725989	-256
1602298020726003	597295104
1602298020726004	1024
1602298020726005	1024
1602298020726006	256
1602298020726029	256
1602298020726153	-597295104
1602298020726157	-597295104
1602298020726157	-1024
1602298020726163	-1024
1602298020726164	-256
1602298020726164	-256
1602298020726181	149323776
1602298020726187	65536
1602298020726215	149323776
1602298020726229	21248
1602298020726486	-149323776
1602298020726489	-21248
1602298020726490	-65536
1602298020726511	65536
1602298020726518	65536
1602298020726531	3072
1602298020728671	-3072
1602298020728673	-65536
1602298020728680	-597295104
1602298020728977	-1024
1602298020729489	-1280
1602298020729500	149323776
1602298020729509	65536
1602298020730036	149323776
1602298020730052	21248
1602298020731654	-149323776
1602298020731656	-21248
1602298020731658	-65536
1602298020731678	65536
1602298020731685	86528
1602298020731697	3072
1602298020731939	-3072
1602298020731941	-86528
1602298020731947	-597295104
1602298020732256	-1024
1602298020732291	-1024
1602298020732322	-65536
1602298020732829	-149323776
1602298020735261	-65536
1602298020735299	-65536
1602298020735307	149323776
1602298020735308	256
1602298020735309	256
1602298020735309	256
1602298020735330	256
1602298020735404	-149323776
1602298020735407	-149323776
1602298020735408	-256
1602298020735411	-256
1602298020735412	-256
1602298020735413	-256
1602298020736780	-65536
1602298020736793	149323776
1602298020736799	147456
1602298020736827	149323776
1602298020736843	225099776
1602298020737095	-149323776
1602298020737097	-225099776
1602298020737099	-147456
1602298020737121	147456
1602298020737128	147456
1602298020737143	953843712
1602298020742418	-953843712
1602298020742421	-147456
1602298020742428	-149323776
1602298020742480	-256
1602298020742511	-256
1602298020745108	-149323776
1602298020745147	-147456
1602298020745158	149323776
1602298020745159	256
1602298020745159	256
1602298020745160	256
1602298020745185	256
1602298020745256	-149323776
1602298020745259	-149323776
1602298020745260	-256
1602298020745261	-256
1602298020745262	-256
1602298020745263	-256
1602298020747853	-147456
1602298020747868	149323776
1602298020747875	16384
1602298020747901	149323776
1602298020747915	21248
1602298020748314	-149323776
1602298020748317	-21248
1602298020748318	-16384
1602298020748341	16384
1602298020748347	16384
1602298020748368	3072
1602298020748943	-3072
1602298020748945	-16384
1602298020748952	-149323776
1602298020749185	-256
1602298020751534	-256
1602298020752046	-149323776
1602298020752545	-16384
1602298020752563	597295104
1602298020754505	-149323776
1602298020754506	-149323776
1602298020754551	-16384
1602298020754582	-597295104
1602298020754594	597295104
1602298020754595	256
1602298020754596	256
1602298020754596	256
1602298020754616	256
1602298020755002	-597295104
1602298020755004	-597295104
1602298020755005	-256
1602298020755006	-256
1602298020755007	-256
1602298020755008	-256
1602298020755022	37632
1602298020755028	37632
1602298020755043	35840
1602298020755601	-35840
1602298020755604	-37632
1602298020755610	-118072832
1602298020755611	-597295104
1602298020755649	-256
1602298020758839	-256
1602298020758873	-37632
1602298020758908	-256
1602298020758910	-37632
