1599710281625086	0.000244140625
1599710281625184	0.000244140625
1599710281625238	0.000244140625
1599710281625284	0.000244140625
1599710281625431	0.000244140625
1599710281625456	-0.000244140625
1599710281625549	0.000244140625
1599710281625607	-0.000244140625
1599710281625689	0.000244140625
1599710281625737	-0.000244140625
1599710281625814	0.000244140625
1599710281625907	0.000244140625
1599710281625971	-0.000244140625
1599710281626040	0.000244140625
1599710281626085	-0.000244140625
1599710281626129	0.000244140625
1599710281626262	-0.000244140625
1599710281626262	-0.000244140625
1599710281626262	-0.000244140625
1599710281626262	-0.000244140625
1599710281626262	-0.000244140625
1599710281626296	0.000244140625
1599710281626312	-0.000244140625
1599710281626312	-0.000244140625
1599710281627943	0.000244140625
1599710281628995	0.000244140625
1599710281628995	0.0087890625
1599710281629068	-0.0087890625
1599710281629113	2.25
1599710281629218	0.000244140625
1599710281629218	0.0087890625
1599710281629264	-0.0087890625
1599710281629297	9.0
1599710281629368	0.000244140625
1599710281629368	0.0087890625
1599710281629408	-0.0087890625
1599710281629439	2.25
1599710281629489	0.000244140625
1599710281629489	0.000244140625
1599710281629531	-0.000244140625
1599710281629559	1.0
1599710281629607	0.000244140625
1599710281629607	0.000244140625
1599710281629646	-0.000244140625
1599710281629674	1.0
1599710281629740	0.000244140625
1599710281629740	0.0087890625
1599710281629783	-0.0087890625
1599710281629818	8.0
1599710281629885	0.000244140625
1599710281629885	0.0087890625
1599710281629927	-0.0087890625
1599710281629955	9.0
1599710281630005	0.000244140625
1599710281630005	0.000244140625
1599710281630044	-0.000244140625
1599710281630072	1.0
1599710281630138	0.000244140625
1599710281630138	0.000244140625
1599710281630179	-0.000244140625
1599710281630209	0.0625
1599710281630255	0.000244140625
1599710281630255	0.000244140625
1599710281630292	-0.000244140625
1599710281630321	0.0625
1599710281630384	0.000244140625
1599710281630384	0.0087890625
1599710281630426	-0.0087890625
1599710281630554	7.8203125
1599710281630675	0.000244140625
1599710281630675	0.000244140625
1599710281630712	-0.000244140625
1599710281630733	0.5625
1599710281630783	0.000244140625
1599710281630783	0.0087890625
1599710281630824	-0.0087890625
1599710281630835	9.0
1599710281630878	0.000244140625
1599710281630878	0.000244140625
1599710281630894	-0.000244140625
1599710281630911	0.25
1599710281630950	0.000244140625
1599710281630950	0.0087890625
1599710281630977	-0.0087890625
1599710281630995	2.0
1599710281631033	0.000244140625
1599710281631033	0.0087890625
1599710281631060	-0.0087890625
1599710281631076	4.0
1599710281631106	0.000244140625
1599710281631106	0.000244140625
1599710281631137	-0.000244140625
1599710281631150	1.0
1599710281631179	0.000244140625
1599710281631179	0.000244140625
1599710281631204	-0.000244140625
1599710281631221	0.0625
1599710281631249	0.000244140625
1599710281631249	0.000244140625
1599710281631274	-0.000244140625
1599710281631290	0.0625
1599710281631316	0.000244140625
1599710281631316	0.000244140625
1599710281631341	-0.000244140625
1599710281631356	0.0625
1599710281631383	0.000244140625
1599710281631383	0.000244140625
1599710281631413	-0.000244140625
1599710281631423	1.0
1599710281631467	36.75
1599710281631861	0.000244140625
1599710281631861	0.000244140625
1599710281631872	-0.000244140625
1599710281631873	0.035888671875
1599710281631880	0.000244140625
1599710281631891	0.015625
1599710281631897	0.000244140625
1599710281631897	0.000244140625
1599710281631909	-0.000244140625
1599710281631910	0.140625
1599710281631916	0.000244140625
1599710281631916	0.000244140625
1599710281631930	-0.000244140625
1599710281631931	0.25
1599710281631937	0.000244140625
1599710281631937	0.000244140625
1599710281631955	-0.000244140625
1599710281631956	0.5625
1599710281631963	0.000244140625
1599710281631963	0.0087890625
1599710281631980	-0.0087890625
1599710281631981	2.25
1599710281631990	0.000244140625
1599710281631990	0.000244140625
1599710281632004	-0.000244140625
1599710281632005	0.25
1599710281632012	0.000244140625
1599710281632012	0.0087890625
1599710281632033	-0.0087890625
1599710281632053	2.25
1599710281632084	0.000244140625
1599710281632084	0.000244140625
1599710281632110	-0.000244140625
1599710281632126	0.25
1599710281632157	0.000244140625
1599710281632157	0.000244140625
1599710281632181	-0.000244140625
1599710281632197	0.5
1599710281632227	0.000244140625
1599710281632227	0.000244140625
1599710281632256	-0.000244140625
1599710281632268	1.0
1599710281632299	0.000244140625
1599710281632299	0.000244140625
1599710281632324	-0.000244140625
1599710281632341	0.5
1599710281632370	0.000244140625
1599710281632370	0.000244140625
1599710281632395	-0.000244140625
1599710281632411	0.5625
1599710281632441	0.000244140625
1599710281632441	0.000244140625
1599710281632467	-0.000244140625
1599710281632482	0.140625
1599710281632512	0.000244140625
1599710281632512	0.000244140625
1599710281632543	-0.000244140625
1599710281632560	0.5625
1599710281632599	0.000244140625
1599710281632599	0.0087890625
1599710281632626	-0.0087890625
1599710281632643	4.0
1599710281632672	0.000244140625
1599710281632672	0.000244140625
1599710281632703	-0.000244140625
1599710281632717	1.0
1599710281632745	0.000244140625
1599710281632772	0.00390625
1599710281632798	0.000244140625
1599710281632798	0.000244140625
1599710281632823	-0.000244140625
1599710281632839	0.125
1599710281632868	0.000244140625
1599710281632868	0.000244140625
1599710281632893	-0.000244140625
1599710281632909	0.25
1599710281632938	0.000244140625
1599710281632938	0.000244140625
1599710281632963	-0.000244140625
1599710281632980	0.25
1599710281633009	0.000244140625
1599710281633009	0.000244140625
1599710281633033	-0.000244140625
1599710281633049	0.25
1599710281633079	0.000244140625
1599710281633079	0.000244140625
1599710281633104	-0.000244140625
1599710281633121	0.0625
1599710281633147	0.000244140625
1599710281633147	0.000244140625
1599710281633176	-0.000244140625
1599710281633189	1.0
1599710281633228	0.000244140625
1599710281633228	0.0087890625
1599710281633255	-0.0087890625
1599710281633272	4.0
1599710281633311	0.000244140625
1599710281633311	0.0087890625
1599710281633337	-0.0087890625
1599710281633355	2.25
1599710281633385	0.000244140625
1599710281633385	0.000244140625
1599710281633415	-0.000244140625
1599710281633431	1.0
1599710281633471	0.000244140625
1599710281633471	0.0087890625
1599710281633497	-0.0087890625
1599710281633516	4.0
1599710281633546	0.000244140625
1599710281633546	0.000244140625
1599710281633577	-0.000244140625
1599710281633587	1.0
1599710281633625	0.000244140625
1599710281633625	0.0087890625
1599710281633650	-0.0087890625
1599710281633667	2.25
1599710281633697	0.000244140625
1599710281633697	0.000244140625
1599710281633721	-0.000244140625
1599710281633737	0.140625
1599710281633775	0.000244140625
1599710281633775	0.0087890625
1599710281633801	-0.0087890625
1599710281633819	2.0
1599710281633850	0.000244140625
1599710281633850	0.000244140625
1599710281633880	-0.000244140625
1599710281633894	1.0
1599710281633934	0.000244140625
1599710281633934	0.0087890625
1599710281633961	-0.0087890625
1599710281633980	4.0
1599710281634023	38.7451171875
1599710281634225	-36.75
1599710281634268	-0.000244140625
1599710281634268	-0.000244140625
1599710281634268	-0.000244140625
1599710281634268	-0.000244140625
1599710281634268	-0.000244140625
1599710281634268	-0.000244140625
1599710281634268	-0.000244140625
1599710281634268	-0.000244140625
1599710281634268	-0.000244140625
1599710281634268	-0.000244140625
1599710281634268	-0.000244140625
1599710281634268	-0.000244140625
1599710281634268	-0.000244140625
1599710281634268	-0.000244140625
1599710281634268	-0.000244140625
1599710281634268	-0.000244140625
1599710281634268	-0.000244140625
1599710281634268	-0.000244140625
1599710281634268	-0.000244140625
1599710281634268	-0.000244140625
1599710281634268	-0.000244140625
1599710281634268	-0.000244140625
1599710281634268	-0.000244140625
1599710281634268	-0.000244140625
1599710281634268	-0.000244140625
1599710281634268	-0.000244140625
1599710281634268	-0.000244140625
1599710281634268	-0.000244140625
1599710281634268	-0.000244140625
1599710281634268	-0.000244140625
1599710281634268	-0.000244140625
1599710281634268	-0.000244140625
1599710281634268	-0.000244140625
1599710281634268	-0.000244140625
1599710281634268	-0.000244140625
1599710281634268	-0.000244140625
1599710281634268	-0.000244140625
1599710281634268	-0.000244140625
1599710281634268	-0.000244140625
1599710281634268	-0.000244140625
1599710281634268	-0.000244140625
1599710281634268	-0.000244140625
1599710281634268	-0.000244140625
1599710281634268	-0.000244140625
1599710281634268	-0.000244140625
1599710281634268	-0.000244140625
1599710281634268	-0.000244140625
1599710281634268	-0.000244140625
1599710281634268	-0.000244140625
1599710281634268	-0.000244140625
1599710281634268	-0.000244140625
1599710281634268	-0.000244140625
1599710281634268	-0.000244140625
1599710281634268	-0.000244140625
1599710281634275	196.0
1599710281634275	0.035888671875
1599710281634275	0.072021484375
1599710281636518	-0.035888671875
1599710281636518	-0.072021484375
1599710281636546	196.0
1599710281636546	0.000244140625
1599710281636546	0.000244140625
1599710281636546	0.000244140625
1599710281636546	0.000244140625
1599710281638528	-0.000244140625
1599710281638540	-0.000244140625
1599710281638542	49.0
1599710281639472	49.0
1599710281639472	0.015625
1599710281639472	0.01806640625
1599710281639786	-0.015625
1599710281639786	-0.01806640625
1599710281639789	196.0
1599710281639789	0.0625
1599710281639789	0.01806640625
1599710281640876	-0.0625
1599710281640876	-0.01806640625
1599710281640912	0.000244140625
1599710281640912	0.000244140625
1599710281640912	0.000244140625
1599710281640912	0.000244140625
1599710281640912	49.0
1599710281641220	0.0009765625
1599710281641220	0.0009765625
1599710281641220	0.001220703125
1599710281641220	0.0009765625
1599710281641220	196.0
1599710281642545	-0.000244140625
1599710281642557	-0.000244140625
1599710281642578	-0.0009765625
1599710281642581	49.0
1599710281642581	0.140625
1599710281642581	85.046875
1599710281643895	-0.140625
1599710281643895	-85.046875
1599710281643959	0.000244140625
1599710281643959	49.0
1599710281643959	0.000244140625
1599710281643959	0.000244140625
1599710281643959	0.000244140625
1599710281644292	-0.001220703125
1599710281644515	-0.000244140625
1599710281644527	-0.000244140625
1599710281644529	196.0
1599710281644529	0.0625
1599710281644529	0.01806640625
1599710281645614	-0.0625
1599710281645614	-0.01806640625
1599710281645647	0.0009765625
1599710281645647	0.0009765625
1599710281645647	196.0
1599710281645647	0.0009765625
1599710281645647	0.001220703125
1599710281647907	-196.0
1599710281647918	-0.0009765625
1599710281648754	49.0
1599710281648754	0.0625
1599710281648754	0.01806640625
1599710281649688	-0.0625
1599710281649688	-0.01806640625
1599710281649710	-0.001220703125
1599710281649721	0.000244140625
1599710281649721	49.0
1599710281649721	0.000244140625
1599710281649721	0.000244140625
1599710281649721	0.000244140625
1599710281650227	-0.000244140625
1599710281650241	49.0
1599710281650241	0.140625
1599710281650241	85.046875
1599710281651500	-0.140625
1599710281651500	-85.046875
1599710281651541	0.000244140625
1599710281651541	0.000244140625
1599710281651541	0.000244140625
1599710281651541	49.0
1599710281651541	0.000244140625
1599710281651862	-0.000244140625
1599710281652090	196.0
1599710281652090	0.0625
1599710281652090	0.01806640625
1599710281653174	-0.0625
1599710281653174	-0.01806640625
1599710281653194	-0.000244140625
1599710281653204	0.0009765625
1599710281653204	0.001220703125
1599710281653204	0.0009765625
1599710281653204	0.0009765625
1599710281653204	196.0
1599710281654302	-0.000244140625
1599710281655464	-196.0
1599710281655475	-0.0009765625
1599710281656311	49.0
1599710281656311	0.0625
1599710281656311	0.01806640625
1599710281657252	-0.0625
1599710281657252	-0.01806640625
1599710281657273	-0.001220703125
1599710281657290	0.000244140625
1599710281657290	49.0
1599710281657290	0.000244140625
1599710281657290	0.000244140625
1599710281657290	0.000244140625
1599710281657807	-0.000244140625
1599710281657820	49.0
1599710281657820	0.140625
1599710281657820	85.046875
1599710281659081	-0.140625
1599710281659081	-85.046875
1599710281659123	49.0
1599710281659123	0.000244140625
1599710281659123	0.000244140625
1599710281659123	0.000244140625
1599710281659123	0.000244140625
1599710281659440	-0.000244140625
1599710281659653	-0.000244140625
1599710281659661	-0.000244140625
1599710281659664	196.0
1599710281659664	0.0625
1599710281659664	0.01806640625
1599710281660746	-0.0625
1599710281660746	-0.01806640625
1599710281660781	0.001220703125
1599710281660781	0.0009765625
1599710281660781	0.0009765625
1599710281660781	196.0
1599710281660781	0.0009765625
1599710281663879	36.7412109375
1599710281663879	0.125
1599710281663879	0.004638671875
1599710281664394	-0.125
1599710281664394	-0.004638671875
1599710281664397	98.0
1599710281664397	0.5
1599710281664397	0.004638671875
1599710281666140	-0.5
1599710281666140	-0.004638671875
1599710281666148	-0.0009765625
1599710281666157	-0.001220703125
1599710281666175	0.000732421875
1599710281666175	0.00048828125
1599710281666175	0.00048828125
1599710281666175	24.5
1599710281666175	0.00048828125
1599710281666339	0.001953125
1599710281666339	0.001953125
1599710281666339	98.0
1599710281666339	0.001953125
1599710281666339	0.001953125
1599710281667026	-0.00048828125
1599710281667048	24.5
1599710281667048	0.5625
1599710281667048	112.5
1599710281668011	-0.5625
1599710281668011	-112.5
1599710281668065	0.00048828125
1599710281668065	0.00048828125
1599710281668065	0.00048828125
1599710281668065	0.00048828125
1599710281668065	24.5
1599710281668226	-0.00048828125
1599710281668244	-0.001953125
1599710281668252	-0.001953125
1599710281668378	-0.00048828125
1599710281668381	98.0
1599710281668381	0.25
1599710281668381	0.004638671875
1599710281669334	-0.25
1599710281669334	-0.004638671875
1599710281669363	0.001953125
1599710281669363	0.001953125
1599710281669363	0.001953125
1599710281669363	0.001953125
1599710281669363	98.0
1599710281669935	-0.00048828125
1599710281670519	-98.0
1599710281670528	-0.001953125
1599710281670961	24.5
1599710281670961	0.25
1599710281670961	0.004638671875
1599710281671896	-0.25
1599710281671896	-0.004638671875
1599710281671914	-0.001953125
1599710281671927	0.00048828125
1599710281671927	0.00048828125
1599710281671927	0.00048828125
1599710281671927	0.00048828125
1599710281671927	24.5
1599710281672191	-0.00048828125
1599710281672203	24.5
1599710281672203	0.5625
1599710281672203	112.5
1599710281673144	-0.5625
1599710281673144	-112.5
1599710281673174	0.00048828125
1599710281673174	0.00048828125
1599710281673174	0.00048828125
1599710281673174	24.5
1599710281673174	0.00048828125
1599710281673345	-0.00048828125
1599710281673472	98.0
1599710281673472	0.25
1599710281673472	0.004638671875
1599710281674427	-0.25
1599710281674427	-0.004638671875
1599710281674463	0.001953125
1599710281674463	0.001953125
1599710281674463	98.0
1599710281674463	0.001953125
1599710281674463	0.001953125
1599710281675030	-0.00048828125
1599710281675040	-0.00048828125
1599710281675627	-0.001953125
1599710281675637	-0.001953125
1599710281676060	24.5
1599710281676060	0.25
1599710281676060	0.004638671875
1599710281676994	-0.25
1599710281676994	-0.004638671875
1599710281677036	0.00048828125
1599710281677036	0.00048828125
1599710281677036	0.00048828125
1599710281677036	24.5
1599710281677036	0.00048828125
1599710281677298	-0.00048828125
1599710281677309	24.5
1599710281677309	0.5625
1599710281677309	112.5
1599710281678247	-0.5625
1599710281678247	-112.5
1599710281678282	0.00048828125
1599710281678282	0.00048828125
1599710281678282	24.5
1599710281678282	0.00048828125
1599710281678282	0.00048828125
1599710281678451	-0.00048828125
1599710281678565	-0.00048828125
1599710281678574	-0.00048828125
1599710281678577	98.0
1599710281678577	0.25
1599710281678577	0.004638671875
1599710281679530	-0.25
1599710281679530	-0.004638671875
1599710281679571	0.001953125
1599710281679571	0.001953125
1599710281679571	0.001953125
1599710281679571	0.001953125
1599710281679571	98.0
1599710281680721	-98.0
1599710281680729	-0.001953125
1599710281680740	-0.001953125
1599710281681164	24.5
1599710281681164	0.25
1599710281681164	0.004638671875
1599710281682099	-0.25
1599710281682099	-0.004638671875
1599710281682127	0.00048828125
1599710281682127	24.5
1599710281682127	0.00048828125
1599710281682127	0.00048828125
1599710281682127	0.00048828125
1599710281682402	24.5
1599710281682402	0.5625
1599710281682402	112.5
1599710281683335	-0.5625
1599710281683335	-112.5
1599710281683362	0.00048828125
1599710281683362	24.5
1599710281683362	0.00048828125
1599710281683362	0.00048828125
1599710281683362	0.00048828125
1599710281683521	-0.00048828125
1599710281683530	-0.00048828125
1599710281683653	-0.00048828125
1599710281683656	98.0
1599710281683656	0.25
1599710281683656	0.004638671875
1599710281684608	-0.25
1599710281684608	-0.004638671875
1599710281684643	0.001953125
1599710281684643	98.0
1599710281684643	0.001953125
1599710281684643	0.001953125
1599710281684643	0.001953125
1599710281685211	-0.00048828125
1599710281685788	-98.0
1599710281686212	49.0
1599710281686212	2.0
1599710281686212	0.001220703125
1599710281687880	-2.0
1599710281687880	-0.001220703125
1599710281687882	12.25
1599710281687882	0.5
1599710281687882	0.001220703125
1599710281688364	-0.5
1599710281688364	-0.001220703125
1599710281688373	-0.001953125
1599710281688379	-0.001953125
1599710281688387	49.0
1599710281688387	0.00390625
1599710281688387	0.00390625
1599710281688387	0.00390625
1599710281688387	0.00390625
1599710281688654	0.0009765625
1599710281688654	0.0009765625
1599710281688654	12.25
1599710281688654	0.0009765625
1599710281688654	0.0009765625
1599710281688741	-0.00390625
1599710281688799	-0.0009765625
1599710281688817	12.25
1599710281688817	2.25
1599710281688817	81.0
1599710281689718	-2.25
1599710281689718	-81.0
1599710281689735	-0.00390625
1599710281689745	0.0009765625
1599710281689745	12.25
1599710281689745	0.0009765625
1599710281689745	0.0009765625
1599710281689745	0.0009765625
1599710281689838	-0.0009765625
1599710281689895	-0.0009765625
1599710281689903	49.0
1599710281689903	1.0
1599710281689903	0.001220703125
1599710281690789	-1.0
1599710281690789	-0.001220703125
1599710281690813	0.005859375
1599710281690813	0.00390625
1599710281690813	49.0
1599710281690813	0.00390625
1599710281690813	0.00390625
1599710281691083	-0.0009765625
1599710281691370	-49.0
1599710281691597	12.25
1599710281691597	1.0
1599710281691597	0.001953125
1599710281692510	-1.0
1599710281692510	-0.001953125
1599710281692515	-0.005859375
1599710281692521	-0.00390625
1599710281692531	0.0009765625
1599710281692531	0.0009765625
1599710281692531	12.25
1599710281692531	0.0009765625
1599710281692531	0.0009765625
1599710281692676	12.25
1599710281692676	2.25
1599710281692676	81.0
1599710281693580	-2.25
1599710281693580	-81.0
1599710281693603	12.25390625
1599710281693603	0.0009765625
1599710281693603	0.0009765625
1599710281693603	0.0009765625
1599710281693603	0.0009765625
1599710281693684	-0.0009765625
1599710281693690	-0.0009765625
1599710281693748	-0.0009765625
1599710281693755	49.0
1599710281693755	1.0
1599710281693755	0.001953125
1599710281694641	-1.0
1599710281694641	-0.001953125
1599710281694661	0.00390625
1599710281694661	0.00390625
1599710281694661	0.00390625
1599710281694661	49.0
1599710281694661	0.00390625
1599710281694929	-0.0009765625
1599710281695218	-49.0
1599710281695224	-0.00390625
1599710281695230	-0.00390625
1599710281695444	12.25
1599710281695444	1.0
1599710281695444	0.001953125
1599710281696356	-1.0
1599710281696356	-0.001953125
1599710281696373	0.0009765625
1599710281696373	0.0009765625
1599710281696373	0.0009765625
1599710281696373	12.25
1599710281696373	0.0009765625
1599710281696515	-0.0009765625
1599710281696517	12.25
1599710281696517	2.25
1599710281696517	81.0
1599710281697418	-2.25
1599710281697418	-81.0
1599710281697435	0.0009765625
1599710281697435	12.25
1599710281697435	0.0009765625
1599710281697435	0.0009765625
1599710281697435	0.0009765625
1599710281697516	-0.0009765625
1599710281697589	49.0
1599710281697589	1.0
1599710281697589	0.001220703125
1599710281698479	-1.0
1599710281698479	-0.001220703125
1599710281698502	0.005859375
1599710281698502	0.00390625
1599710281698502	49.0
1599710281698502	0.00390625
1599710281698502	0.00390625
1599710281698772	-0.0009765625
1599710281698778	-0.0009765625
1599710281699067	-49.0
1599710281699078	-0.00390625
1599710281699292	12.25
1599710281699292	1.0
1599710281699292	0.001953125
1599710281700205	-1.0
1599710281700205	-0.001953125
1599710281700213	-0.005859375
1599710281700226	0.0009765625
1599710281700226	0.0009765625
1599710281700226	12.25
1599710281700226	0.0009765625
1599710281700226	0.0009765625
1599710281700359	-0.0009765625
1599710281700367	-0.0009765625
1599710281700369	12.25
1599710281700369	2.25
1599710281700369	81.0
1599710281701276	-2.25
1599710281701276	-81.0
1599710281701298	12.25
1599710281701298	0.0009765625
1599710281701298	0.0009765625
1599710281701298	0.0009765625
1599710281701298	0.0009765625
1599710281701448	-0.0009765625
1599710281701450	49.0
1599710281701450	1.0
1599710281701450	0.001220703125
1599710281702335	-1.0
1599710281702335	-0.001220703125
1599710281702357	0.00390625
1599710281702357	49.0
1599710281702357	0.005859375
1599710281702357	0.00390625
1599710281702357	0.00390625
1599710281702621	-0.0009765625
1599710281702912	-49.0
1599710281702924	-0.00390625
1599710281703137	12.25
1599710281703137	1.0
1599710281703137	0.001953125
1599710281704049	-1.0
1599710281704049	-0.001953125
1599710281704056	-0.005859375
1599710281704070	12.25
1599710281704070	0.0009765625
1599710281704070	0.0009765625
1599710281704070	0.0009765625
1599710281704070	0.0009765625
1599710281704217	12.25
1599710281704217	2.25
1599710281704217	81.0
1599710281705121	-2.25
1599710281705121	-81.0
1599710281705137	0.0009765625
1599710281705137	0.0009765625
1599710281705137	0.0009765625
1599710281705137	0.0009765625
1599710281705137	12.25
1599710281705219	-0.0009765625
1599710281705225	-0.0009765625
1599710281705290	49.0
1599710281705290	1.0
1599710281705290	0.001220703125
1599710281706177	-1.0
1599710281706177	-0.001220703125
1599710281706194	0.00390625
1599710281706194	0.005859375
1599710281706194	0.00390625
1599710281706194	49.0
1599710281706194	0.00390625
1599710281706457	-0.0009765625
1599710281706462	-0.0009765625
1599710281706973	12.25
1599710281706973	1.0
1599710281706973	0.001953125
1599710281707887	-1.0
1599710281707887	-0.001953125
1599710281707892	-0.005859375
1599710281707898	-0.00390625
1599710281707903	0.0009765625
1599710281707903	0.0009765625
1599710281707903	0.0009765625
1599710281707903	0.0009765625
1599710281707903	12.25
1599710281708043	-0.0009765625
1599710281708050	12.25
1599710281708050	2.25
1599710281708050	81.0
1599710281708954	-2.25
1599710281708954	-81.0
1599710281708973	0.0009765625
1599710281708973	0.0009765625
1599710281708973	0.0009765625
1599710281708973	12.25
1599710281708973	0.0009765625
1599710281709061	-0.0009765625
1599710281709137	-0.0009765625
1599710281709139	49.0
1599710281709139	1.0
1599710281709139	0.001220703125
1599710281710035	-1.0
1599710281710035	-0.001220703125
1599710281710062	0.00390625
1599710281710062	0.005859375
1599710281710062	0.00390625
1599710281710062	0.00390625
1599710281710062	49.0
1599710281710332	-0.0009765625
1599710281710650	-0.00390625
1599710281710877	6.125
1599710281710877	2.0
1599710281710877	0.00048828125
1599710281711374	-2.0
1599710281711374	-0.00048828125
1599710281711377	24.5
1599710281711377	8.0
1599710281711377	0.00048828125
1599710281713284	-8.0
1599710281713284	-0.00048828125
1599710281713294	-0.005859375
1599710281713310	6.125
1599710281713310	0.001953125
1599710281713310	0.001953125
1599710281713310	0.001953125
1599710281713310	0.001953125
1599710281713373	0.0078125
1599710281713373	0.0078125
1599710281713373	0.0078125
1599710281713373	0.0078125
1599710281713373	24.5
1599710281713577	-0.001953125
1599710281713597	-0.0078125
1599710281713606	-0.0078125
1599710281713610	6.125
1599710281713610	9.0
1599710281713610	72.0
1599710281714625	-9.0
1599710281714625	-72.0
1599710281714671	0.001953125
1599710281714671	0.001953125
1599710281714671	6.125
1599710281714671	0.001953125
1599710281714671	0.001953125
1599710281714744	-0.001953125
1599710281714802	-0.001953125
1599710281714811	-0.001953125
1599710281714814	24.5
1599710281714814	4.0
1599710281714814	0.00048828125
1599710281715812	-4.0
1599710281715812	-0.00048828125
1599710281715838	24.5
1599710281715838	0.0078125
1599710281715838	0.0078125
1599710281715838	0.0078125
1599710281715838	0.0078125
1599710281716169	-24.5
1599710281716178	-0.0078125
1599710281716188	-0.0078125
1599710281716317	6.125
1599710281716317	4.0
1599710281716317	0.00048828125
1599710281717266	-4.0
1599710281717266	-0.00048828125
1599710281717293	0.001953125
1599710281717293	0.001953125
1599710281717293	0.001953125
1599710281717293	0.001953125
1599710281717293	6.125
1599710281717396	-0.001953125
1599710281717399	6.125
1599710281717399	9.0
1599710281717399	72.0
1599710281718475	-9.0
1599710281718475	-72.0
1599710281718501	6.125
1599710281718501	0.001953125
1599710281718501	0.001953125
1599710281718501	0.001953125
1599710281718501	0.001953125
1599710281718562	-0.001953125
1599710281718612	-0.001953125
1599710281718623	24.5
1599710281718623	4.0
1599710281718623	0.00048828125
1599710281719623	-4.0
1599710281719623	-0.00048828125
1599710281719649	0.0078125
1599710281719649	0.0078125
1599710281719649	0.0078125
1599710281719649	24.5
1599710281719649	0.0078125
1599710281719830	-0.001953125
1599710281720000	-0.0078125
1599710281720129	6.125
1599710281720129	4.0
1599710281720129	0.00048828125
1599710281721084	-4.0
1599710281721084	-0.00048828125
1599710281721093	-0.0078125
1599710281721112	0.001953125
1599710281721112	0.001953125
1599710281721112	6.125
1599710281721112	0.001953125
1599710281721112	0.001953125
1599710281721207	-0.001953125
1599710281721216	-0.001953125
1599710281721220	6.125
1599710281721220	9.0
1599710281721220	72.0
1599710281722287	-9.0
1599710281722287	-72.0
1599710281722315	6.125
1599710281722315	0.001953125
1599710281722315	0.001953125
1599710281722315	0.001953125
1599710281722315	0.001953125
1599710281722438	-0.001953125
1599710281722441	24.5
1599710281722441	4.0
1599710281722441	0.00048828125
1599710281723444	-4.0
1599710281723444	-0.00048828125
1599710281723469	0.0078125
1599710281723469	0.0078125
1599710281723469	24.5
1599710281723469	0.0078125
1599710281723469	0.0078125
1599710281723639	-0.001953125
1599710281723658	-0.0078125
1599710281723966	-0.0078125
1599710281723969	0.5
1599710281724103	0.244384765625
1599710281724214	0.000244140625
1599710281724214	0.000244140625
1599710281724418	-0.000244140625
1599710281724418	-0.000244140625
1599710281724433	0.000244140625
1599710281724440	-0.000244140625
1599710281724448	0.00390625
1599710281724468	0.5
1599710281724537	7.8203125
1599710281724605	-0.5
1599710281724605	-0.244384765625
1599710281724623	-0.00390625
1599710281724678	-7.8203125
1599710281724687	-0.000244140625
1599710281724697	-0.00390625
1599710281724700	24.5
1599710281725015	-0.5
1599710281725072	-7.8203125
1599710281725329	-24.5
1599710281725332	0.0078125
1599710281725332	24.5078125
1599710281725332	0.000244140625
1599710281725332	0.0078125
1599710281725332	0.000244140625
1599710281725565	-0.0078125
1599710281725565	-0.000244140625
1599710281725565	-24.5
1599710281725565	-0.000244140625
1599710281725565	-0.0078125
1599710281725568	6.125
1599710281725568	7.8125
1599710281725568	4.0
1599710281725568	0.00390625
1599710281725577	-0.000244140625
1599710281726581	-7.8125
1599710281726581	-4.0
1599710281726581	-0.00390625
1599710281726589	7.8125
1599710281726589	4.0
1599710281726589	0.00390625
1599710281727735	-24.5078125
1599710281727735	-4.0
1599710281727735	-0.00390625
1599710281727745	-0.0078125
1599710281727755	-0.0078125
1599710281727800	-6.125
1599710281727837	-4.0
1599710281727839	0.001953125
1599710281727839	0.001953125
1599710281727839	6.125
1599710281727839	0.000244140625
1599710281727839	0.000244140625
1599710281727923	-6.125
1599710281727923	-0.000244140625
1599710281727923	-6.125
1599710281727923	-0.000244140625
1599710281727923	-0.001953125
1599710281727923	-0.001953125
1599710281727959	-7.8125
1599710281727960	7.8203125
1599710281727960	6.125
1599710281727960	9.0
1599710281727960	72.0
1599710281729001	-6.125
1599710281729001	-9.0
1599710281729001	-72.0
1599710281729003	9.0
1599710281729003	9.0
1599710281729003	72.0
1599710281730160	-6.125
1599710281730160	-9.0
1599710281730160	-72.0
1599710281730171	-0.001953125
1599710281730180	-0.001953125
1599710281730222	-6.125
1599710281730287	-9.0
1599710281730288	0.000244140625
1599710281730288	0.001953125
1599710281730288	0.001953125
1599710281730288	0.000244140625
1599710281730288	9.0
1599710281730372	-0.000244140625
1599710281730372	-7.8203125
1599710281730372	-0.001953125
1599710281730372	-0.000244140625
1599710281730372	-6.125
1599710281730372	-0.001953125
1599710281730432	-9.0
1599710281730434	24.5
1599710281730434	4.00048828125
1599710281730434	24.5
1599710281730434	0.00390625
1599710281731536	-4.00048828125
1599710281731536	-24.5
1599710281731536	-0.00390625
1599710281731540	4.00048828125
1599710281731540	7.8203125
1599710281731540	0.00390625
1599710281732768	-9.0
1599710281732768	-7.8203125
1599710281732768	-0.00390625
1599710281732777	-0.001953125
1599710281732786	-0.001953125
1599710281732938	-24.5
1599710281732973	-4.0
1599710281733127	-24.5
1599710281733162	-4.00048828125
1599710281733164	0.0078125
1599710281733164	0.000244140625
1599710281733164	24.5078125
1599710281733164	0.0078125
1599710281733164	0.000244140625
1599710281733390	-0.0078125
1599710281733390	-0.000244140625
1599710281733390	-0.0078125
1599710281733390	-0.000244140625
1599710281733390	-24.5
1599710281733393	9.0
1599710281733393	7.8203125
1599710281733393	4.00048828125
1599710281733393	0.00390625
1599710281734397	-7.8203125
1599710281734397	-4.00048828125
1599710281734397	-0.00390625
1599710281734407	4.00048828125
1599710281734407	7.8203125
1599710281734407	0.00390625
1599710281735543	-24.5078125
1599710281735543	-7.8203125
1599710281735543	-0.00390625
1599710281735553	-0.0078125
1599710281735566	-0.0078125
1599710281735612	-6.125
1599710281735647	-4.0
1599710281735648	0.000244140625
1599710281735648	0.001953125
1599710281735648	6.125
1599710281735648	0.001953125
1599710281735648	0.000244140625
1599710281735733	-0.000244140625
1599710281735733	-9.0
1599710281735733	-0.001953125
1599710281735733	-6.125
1599710281735733	-0.001953125
1599710281735733	-0.000244140625
1599710281735766	-4.00048828125
1599710281735767	7.8203125
1599710281735767	6.125
1599710281735767	9.0
1599710281735767	131.611572265625
1599710281736797	-6.125
1599710281736797	-9.0
1599710281736797	-131.611572265625
1599710281736798	9.0
1599710281736798	9.0
1599710281736798	122.611572265625
1599710281737957	-6.125
1599710281737957	-9.0
1599710281737957	-122.611572265625
1599710281737966	-0.001953125
1599710281737977	-0.001953125
1599710281738020	-6.125
1599710281738082	-9.0
1599710281738084	0.001953125
1599710281738084	0.001953125
1599710281738084	9.0
1599710281738084	0.000244140625
1599710281738084	0.000244140625
1599710281738170	-0.001953125
1599710281738170	-6.125
1599710281738170	-0.001953125
1599710281738170	-7.8203125
1599710281738170	-0.000244140625
1599710281738170	-0.000244140625
1599710281738232	-9.0
1599710281738235	24.5
1599710281738235	4.0
1599710281738235	24.5
1599710281738235	0.00390625
1599710281739329	-4.0
1599710281739329	-24.5
1599710281739329	-0.00390625
1599710281739337	4.0
1599710281739337	4.00048828125
1599710281739337	0.00390625
1599710281740546	-9.0
1599710281740546	-4.00048828125
1599710281740546	-0.00390625
1599710281740554	-0.001953125
1599710281740564	-0.001953125
1599710281740717	-24.5
1599710281740752	-4.0
1599710281740904	-24.5
1599710281740938	-4.0
1599710281740940	0.0078125
1599710281740940	0.000244140625
1599710281740940	0.000244140625
1599710281740940	24.5
1599710281740940	0.0078125
1599710281741167	-0.0078125
1599710281741167	-0.000244140625
1599710281741167	-0.000244140625
1599710281741167	-0.0078125
1599710281741167	-24.5
1599710281741169	0.000244140625
1599710281741169	0.0078125
1599710281741169	0.000244140625
1599710281741169	0.0078125
1599710281741169	24.5
1599710281741397	-24.5
1599710281741397	-0.0078125
1599710281741397	-0.000244140625
1599710281741397	-0.000244140625
1599710281741397	-0.0078125
1599710281741397	-24.5
1599710281741399	49.0
1599710281741399	9.0
1599710281741399	49.0
1599710281743940	-9.0
1599710281743940	-49.0
1599710281743948	9.0
1599710281743948	9.0
1599710281743948	0.00390625
1599710281746489	-24.5
1599710281746489	-9.0
1599710281746489	-0.00390625
1599710281746502	-0.0078125
1599710281746514	-0.0078125
1599710281746515	9.0
1599710281746515	7.8203125
1599710281746515	4.00048828125
1599710281746515	0.00390625
1599710281747522	-7.8203125
1599710281747522	-4.00048828125
1599710281747522	-0.00390625
1599710281747530	4.00048828125
1599710281747530	4.00048828125
1599710281747530	0.00390625
1599710281748665	-24.5
1599710281748665	-4.00048828125
1599710281748665	-0.00390625
1599710281748675	-0.0078125
1599710281748685	-0.0078125
1599710281748742	-8.0
1599710281748790	-6.125
1599710281748823	-4.0
1599710281748879	-9.0
1599710281748881	0.001953125
1599710281748881	0.001953125
1599710281748881	0.000244140625
1599710281748881	6.125
1599710281748881	0.000244140625
1599710281748965	-0.001953125
1599710281748965	-9.0
1599710281748965	-0.000244140625
1599710281748965	-0.000244140625
1599710281748965	-6.125
1599710281748965	-0.001953125
1599710281749000	-4.00048828125
1599710281749001	8.00048828125
1599710281749001	7.8203125
1599710281749001	9.0
1599710281749001	98.00390625
1599710281750018	-7.8203125
1599710281750018	-9.0
1599710281750018	-98.00390625
1599710281750021	9.0
1599710281750021	9.0
1599710281750021	98.00390625
1599710281751180	-6.125
1599710281751180	-9.0
1599710281751180	-98.00390625
1599710281751190	-0.001953125
1599710281751200	-0.001953125
1599710281751245	-6.125
1599710281751308	-9.0
1599710281751309	7.8203125
1599710281751309	0.001953125
1599710281751309	0.001953125
1599710281751309	0.000244140625
1599710281751309	0.000244140625
1599710281751394	-0.001953125
1599710281751394	-0.001953125
1599710281751394	-6.125
1599710281751394	-0.000244140625
1599710281751394	-0.000244140625
1599710281751394	-8.00048828125
1599710281751460	-9.0
1599710281751461	49.0
1599710281751461	2.0
1599710281751461	49.0
1599710281752215	-2.0
1599710281752215	-49.0
1599710281752224	2.0
1599710281752224	2.0
1599710281752224	0.00439453125
1599710281752904	-7.8203125
1599710281752904	-2.0
1599710281752904	-0.00439453125
1599710281752912	-0.001953125
1599710281752922	-0.001953125
1599710281753216	-49.0
1599710281753240	-2.0
1599710281753533	-49.0
1599710281753556	-2.0
1599710281753557	49.00390625
1599710281753557	0.00439453125
1599710281753557	0.000244140625
1599710281753557	0.005859375
1599710281753557	0.000244140625
1599710281753967	-0.00390625
1599710281753967	-49.0
1599710281753967	-0.000244140625
1599710281753967	-0.00390625
1599710281753967	-0.000244140625
1599710281753971	12.25
1599710281753971	17.00048828125
1599710281753971	1.0
1599710281753971	0.00341796875
1599710281754977	-17.00048828125
1599710281754977	-1.0
1599710281754977	-0.00341796875
1599710281754982	1.0
1599710281754982	1.00048828125
1599710281754982	0.00244140625
1599710281755979	-49.00390625
1599710281755979	-1.00048828125
1599710281755979	-0.00244140625
1599710281755989	-0.00439453125
1599710281755999	-0.005859375
1599710281756081	-12.25
1599710281756100	-1.0
1599710281756103	12.25
1599710281756103	0.0009765625
1599710281756103	0.0009765625
1599710281756103	0.000244140625
1599710281756103	0.000244140625
1599710281756243	-12.25
1599710281756243	-0.0009765625
1599710281756243	-12.25
1599710281756243	-0.0009765625
1599710281756243	-0.000244140625
1599710281756243	-0.000244140625
1599710281756265	-1.0
1599710281756266	17.00048828125
1599710281756266	12.25
1599710281756266	4.0
1599710281756266	269.546875
1599710281757176	-12.25
1599710281757176	-4.0
1599710281757176	-269.546875
1599710281757179	4.0
1599710281757179	4.000244140625
1599710281757179	81.0
1599710281758227	-12.25
1599710281758227	-4.000244140625
1599710281758227	-81.0
1599710281758236	-0.0009765625
1599710281758246	-0.0009765625
1599710281758328	-12.25
1599710281758354	-2.25
1599710281758355	0.000244140625
1599710281758355	0.000244140625
1599710281758355	12.25
1599710281758355	0.0009765625
1599710281758355	0.0009765625
1599710281758492	-0.000244140625
1599710281758492	-0.000244140625
1599710281758492	-12.25
1599710281758492	-0.0009765625
1599710281758492	-0.0009765625
1599710281758492	-17.00048828125
1599710281758520	-4.0
1599710281758523	49.0
1599710281758523	1.0
1599710281758523	49.0
1599710281758523	0.00390625
1599710281759559	-1.0
1599710281759559	-49.0
1599710281759559	-0.00390625
1599710281759564	1.0
1599710281759564	1.00048828125
1599710281759564	0.00390625
1599710281760557	-12.25
1599710281760557	-1.00048828125
1599710281760557	-0.00390625
1599710281760565	-0.0009765625
1599710281760575	-0.0009765625
1599710281760867	-49.0
1599710281760882	-1.0
1599710281761174	-49.0
1599710281761189	-1.0
1599710281761191	0.00439453125
1599710281761191	0.000244140625
1599710281761191	0.000244140625
1599710281761191	0.005859375
1599710281761191	49.00390625
1599710281761598	-0.000244140625
1599710281761598	-0.000244140625
1599710281761598	-0.00390625
1599710281761598	-49.0
1599710281761598	-0.00390625
1599710281761604	12.25
1599710281761604	18.00048828125
1599710281761604	1.0
1599710281761604	0.00341796875
1599710281762597	-18.00048828125
1599710281762597	-1.0
1599710281762597	-0.00341796875
1599710281762602	1.0
1599710281762602	1.00048828125
1599710281762602	0.00244140625
1599710281763599	-49.00390625
1599710281763599	-1.00048828125
1599710281763599	-0.00244140625
1599710281763609	-0.00439453125
1599710281763619	-0.005859375
1599710281763699	-12.25
1599710281763718	-1.0
1599710281763721	0.0009765625
1599710281763721	12.25
1599710281763721	0.000244140625
1599710281763721	0.0009765625
1599710281763721	0.000244140625
1599710281763852	-12.25
1599710281763852	-0.000244140625
1599710281763852	-0.0009765625
1599710281763852	-0.0009765625
1599710281763852	-12.25
1599710281763852	-0.000244140625
1599710281763874	-1.0
1599710281763875	18.00048828125
1599710281763875	12.25
1599710281763875	2.25048828125
1599710281763875	182.25
1599710281764777	-12.25
1599710281764777	-2.25048828125
1599710281764777	-182.25
1599710281764780	2.25048828125
1599710281764780	4.0
1599710281764780	81.0
1599710281765718	-12.25
1599710281765718	-4.0
1599710281765718	-81.0
1599710281765726	-0.0009765625
1599710281765734	-0.0009765625
1599710281765817	-12.25
1599710281765840	-2.25
1599710281765841	0.000244140625
1599710281765841	0.0009765625
1599710281765841	0.000244140625
1599710281765841	0.0009765625
1599710281765841	12.25
1599710281765979	-0.0009765625
1599710281765979	-0.000244140625
1599710281765979	-0.000244140625
1599710281765979	-0.0009765625
1599710281765979	-18.00048828125
1599710281765979	-12.25
1599710281766010	-2.25048828125
1599710281766012	49.0
1599710281766012	1.0
1599710281766012	49.0
1599710281766012	0.00390625
1599710281767053	-1.0
1599710281767053	-49.0
1599710281767053	-0.00390625
1599710281767061	1.0
1599710281767061	1.00048828125
1599710281767061	0.00390625
1599710281768053	-12.25
1599710281768053	-1.00048828125
1599710281768053	-0.00390625
1599710281768063	-0.0009765625
1599710281768073	-0.0009765625
1599710281768364	-49.0
1599710281768386	-1.0
1599710281768676	-49.0
1599710281768698	-1.0
1599710281768700	49.00390625
1599710281768700	0.000244140625
1599710281768700	0.00439453125
1599710281768700	0.005859375
1599710281768700	0.000244140625
1599710281769114	-0.00390625
1599710281769114	-0.000244140625
1599710281769114	-49.0
1599710281769114	-0.00390625
1599710281769114	-0.000244140625
1599710281769119	12.25
1599710281769119	18.00048828125
1599710281769119	1.0
1599710281769119	0.00341796875
1599710281770109	-18.00048828125
1599710281770109	-1.0
1599710281770109	-0.00341796875
1599710281770113	1.0
1599710281770113	1.0
1599710281770113	0.00244140625
1599710281771110	-49.00390625
1599710281771110	-1.0
1599710281771110	-0.00244140625
1599710281771119	-0.00439453125
1599710281771128	-0.005859375
1599710281771210	-12.25
1599710281771231	-1.0
1599710281771234	0.0009765625
1599710281771234	0.000244140625
1599710281771234	0.0009765625
1599710281771234	12.25
1599710281771234	0.000244140625
1599710281771368	-12.25
1599710281771368	-0.000244140625
1599710281771368	-12.25
1599710281771368	-0.0009765625
1599710281771368	-0.000244140625
1599710281771368	-0.0009765625
1599710281771389	-1.0
1599710281771391	18.00048828125
1599710281771391	12.25
1599710281771391	2.25048828125
1599710281771391	182.25
1599710281772287	-12.25
1599710281772287	-2.25048828125
1599710281772287	-182.25
1599710281772289	2.25048828125
1599710281772289	4.0
1599710281772289	81.0
1599710281773326	-12.25
1599710281773326	-4.0
1599710281773326	-81.0
1599710281773336	-0.0009765625
1599710281773346	-0.0009765625
1599710281773427	-12.25
1599710281773453	-2.25
1599710281773455	0.0009765625
1599710281773455	0.000244140625
1599710281773455	13.5
1599710281773455	0.000244140625
1599710281773455	0.0009765625
1599710281773594	-0.0009765625
1599710281773594	-18.00048828125
1599710281773594	-0.000244140625
1599710281773594	-0.0009765625
1599710281773594	-0.000244140625
1599710281773594	-12.25
1599710281773624	-2.25048828125
1599710281773626	49.0
1599710281773626	1.0
1599710281773626	49.0
1599710281773626	0.00390625
1599710281774662	-1.0
1599710281774662	-49.0
1599710281774662	-0.00390625
1599710281774670	1.0
1599710281774670	1.0
1599710281774670	0.00390625
1599710281775658	-13.5
1599710281775658	-1.0
1599710281775658	-0.00390625
1599710281775667	-0.0009765625
1599710281775676	-0.0009765625
1599710281775971	-49.0
1599710281775992	-1.0
1599710281776300	-1.0
1599710281776303	0.005859375
1599710281776303	0.000244140625
1599710281776303	0.000244140625
1599710281776303	49.00390625
1599710281776303	0.00439453125
1599710281776715	-0.000244140625
1599710281776715	-0.000244140625
1599710281776715	-49.0
1599710281776715	-0.00390625
1599710281776715	-0.00390625
1599710281776722	20.25048828125
1599710281776722	12.25
1599710281776722	1.0
1599710281776722	0.00341796875
1599710281777716	-12.25
1599710281777716	-1.0
1599710281777716	-0.00341796875
1599710281777724	1.0
1599710281777724	1.0
1599710281777724	0.00244140625
1599710281778723	-49.00390625
1599710281778723	-1.0
1599710281778723	-0.00244140625
1599710281778732	-0.00439453125
1599710281778741	-0.005859375
1599710281778822	-12.25
1599710281778843	-1.0
1599710281778846	0.000244140625
1599710281778846	0.000244140625
1599710281778846	0.0009765625
1599710281778846	12.25
1599710281778846	0.0009765625
1599710281778979	-0.000244140625
1599710281778979	-12.25
1599710281778979	-0.000244140625
1599710281778979	-0.0009765625
1599710281778979	-20.25048828125
1599710281778979	-0.0009765625
1599710281779001	-1.0
1599710281779002	12.25
1599710281779002	20.25048828125
1599710281779002	4.0
1599710281779002	182.25
1599710281779904	-20.25048828125
1599710281779904	-4.0
1599710281779904	-182.25
1599710281779907	4.0
1599710281779907	4.00048828125
1599710281779907	81.0
1599710281780946	-12.25
1599710281780946	-4.00048828125
1599710281780946	-81.0
1599710281780955	-0.0009765625
1599710281780966	-0.0009765625
1599710281781047	-12.25
1599710281781072	-2.25
1599710281781074	0.0009765625
1599710281781074	0.000244140625
1599710281781074	12.25
1599710281781074	0.0009765625
1599710281781074	0.000244140625
1599710281781213	-12.25
1599710281781213	-0.0009765625
1599710281781213	-0.000244140625
1599710281781213	-0.0009765625
1599710281781213	-12.25
1599710281781213	-0.000244140625
1599710281781240	-4.0
1599710281781242	49.0
1599710281781242	1.0
1599710281781242	49.0
1599710281781242	0.00439453125
1599710281782273	-1.0
1599710281782273	-49.0
1599710281782273	-0.00439453125
1599710281782280	1.0
1599710281782280	1.0
1599710281782280	0.00439453125
1599710281783275	-12.25
1599710281783275	-1.0
1599710281783275	-0.00439453125
1599710281783284	-0.0009765625
1599710281783294	-0.0009765625
1599710281783586	-49.0
1599710281783607	-1.0
1599710281783919	-1.0
1599710281783922	0.00390625
1599710281783922	49.0078125
1599710281783922	0.00390625
1599710281783922	0.000244140625
1599710281783922	0.000244140625
1599710281784330	-0.00390625
1599710281784330	-0.00390625
1599710281784330	-49.0
1599710281784330	-0.000244140625
1599710281784330	-0.000244140625
1599710281784335	12.25
1599710281784335	15.501953125
1599710281784335	1.0
1599710281784335	0.00341796875
1599710281785332	-15.501953125
1599710281785332	-1.0
1599710281785332	-0.00341796875
1599710281785337	1.0
1599710281785337	1.0
1599710281785337	0.00244140625
1599710281786336	-49.0078125
1599710281786336	-1.0
1599710281786336	-0.00244140625
1599710281786347	-0.00390625
1599710281786357	-0.00390625
1599710281786439	-12.25390625
1599710281786455	-1.0
1599710281786457	12.25390625
1599710281786457	0.000244140625
1599710281786457	0.000244140625
1599710281786457	0.0009765625
1599710281786457	0.0009765625
1599710281786593	-12.25
1599710281786593	-0.0009765625
1599710281786593	-0.000244140625
1599710281786593	-0.000244140625
1599710281786593	-0.0009765625
1599710281786593	-12.25
1599710281786612	-1.0
1599710281786615	15.501953125
1599710281786615	12.25
1599710281786615	4.0
1599710281786615	182.25
1599710281787514	-12.25
1599710281787514	-4.0
1599710281787514	-182.25
1599710281787518	4.0
1599710281787518	2.25
1599710281787518	81.0
1599710281788560	-12.25390625
1599710281788560	-2.25
1599710281788560	-81.0
1599710281788569	-0.0009765625
1599710281788579	-0.0009765625
1599710281788660	-12.25
1599710281788686	-2.25
1599710281788688	0.0009765625
1599710281788688	0.000244140625
1599710281788688	0.000244140625
1599710281788688	0.0009765625
1599710281788688	12.25
1599710281788830	-0.0009765625
1599710281788830	-12.25
1599710281788830	-0.000244140625
1599710281788830	-15.501953125
1599710281788830	-0.000244140625
1599710281788830	-0.0009765625
1599710281788858	-4.0
1599710281788861	49.0
1599710281788861	49.00390625
1599710281788861	1.0
1599710281788861	0.0048828125
1599710281789892	-49.00390625
1599710281789892	-1.0
1599710281789892	-0.0048828125
1599710281789898	1.0
1599710281789898	1.001220703125
1599710281789898	0.00244140625
1599710281790891	-12.25
1599710281790891	-1.001220703125
1599710281790891	-0.00244140625
1599710281790901	-0.0009765625
1599710281790910	-0.0009765625
1599710281791224	-1.0
1599710281791518	-49.0
1599710281791535	-1.0
1599710281791536	0.00390625
1599710281791536	0.000244140625
1599710281791536	49.0
1599710281791536	0.000244140625
1599710281791536	0.005859375
1599710281791957	-0.000244140625
1599710281791957	-49.0
1599710281791957	-0.000244140625
1599710281791957	-0.00390625
1599710281791957	-0.00390625
1599710281791963	49.0
1599710281791963	0.000244140625
1599710281791963	0.000244140625
1599710281791963	0.00390625
1599710281791963	0.00390625
1599710281792375	-0.000244140625
1599710281792375	-0.00390625
1599710281792375	-0.000244140625
1599710281792375	-49.0
1599710281792375	-0.00390625
1599710281792375	-49.0
1599710281792381	98.0
1599710281792381	2.25048828125
1599710281792381	98.0
1599710281795326	-2.25048828125
1599710281795326	-98.0
1599710281795335	2.25048828125
1599710281795335	2.0
1599710281795335	0.00244140625
1599710281797339	-49.0
1599710281797339	-2.0
1599710281797339	-0.00244140625
1599710281797348	-0.005859375
1599710281797358	-0.00390625
1599710281797362	12.25
1599710281797362	15.501953125
1599710281797362	1.0
1599710281797362	0.005859375
1599710281798360	-15.501953125
1599710281798360	-1.0
1599710281798360	-0.005859375
1599710281798366	1.0
1599710281798366	1.00048828125
1599710281798366	0.00244140625
1599710281799369	-49.0
1599710281799369	-1.00048828125
1599710281799369	-0.00244140625
1599710281799378	-0.00390625
1599710281799388	-0.00390625
1599710281799413	-2.0
1599710281799495	-12.25
1599710281799510	-1.0
1599710281799534	-2.25048828125
1599710281799537	0.000244140625
1599710281799537	0.000244140625
1599710281799537	15.501953125
1599710281799537	0.0009765625
1599710281799537	0.0009765625
1599710281799679	-0.000244140625
1599710281799679	-0.000244140625
1599710281799679	-0.0009765625
1599710281799679	-12.25
1599710281799679	-12.25
1599710281799679	-0.0009765625
1599710281799702	-1.0
1599710281799703	20.25048828125
1599710281799703	12.25
1599710281799703	2.25048828125
1599710281799703	182.25
1599710281800611	-12.25
1599710281800611	-2.25048828125
1599710281800611	-182.25
1599710281800615	2.25048828125
1599710281800615	4.0
1599710281800615	122.5
1599710281801667	-15.501953125
1599710281801667	-4.0
1599710281801667	-122.5
1599710281801677	-0.0009765625
1599710281801688	-0.0009765625
1599710281801768	-12.25
1599710281801794	-2.25
1599710281801797	12.25
1599710281801797	0.000244140625
1599710281801797	0.0009765625
1599710281801797	0.0009765625
1599710281801797	0.000244140625
1599710281801937	-0.0009765625
1599710281801937	-0.000244140625
1599710281801937	-0.0009765625
1599710281801937	-12.25
1599710281801937	-20.25048828125
1599710281801937	-0.000244140625
1599710281801967	-2.25048828125
1599710281801970	147.015625
1599710281801970	98.0
1599710281801970	0.5
1599710281803182	-98.0
1599710281803182	-0.5
1599710281803185	0.5
1599710281803185	0.5
1599710281803185	0.00244140625
1599710281803780	-12.25
1599710281803780	-0.5
1599710281803780	-0.00244140625
1599710281803788	-0.0009765625
1599710281803798	-0.0009765625
1599710281804376	-147.015625
1599710281804392	-0.5
1599710281804986	-0.5
1599710281804988	0.001953125
1599710281804988	98.001953125
1599710281804988	0.000244140625
1599710281804988	0.001953125
1599710281804988	0.000244140625
1599710281805761	-98.0
1599710281805761	-0.001953125
1599710281805761	-0.000244140625
1599710281805761	-0.001953125
1599710281805761	-0.000244140625
1599710281805767	24.5
1599710281805767	32.50048828125
1599710281805767	0.25
1599710281805767	0.006591796875
1599710281806693	-32.50048828125
1599710281806693	-0.25
1599710281806693	-0.006591796875
1599710281806695	0.25
1599710281806695	0.25
1599710281806695	0.00244140625
1599710281807693	-98.001953125
1599710281807693	-0.25
1599710281807693	-0.00244140625
1599710281807701	-0.001953125
1599710281807712	-0.001953125
1599710281807862	-24.5
1599710281807876	-0.25
1599710281807878	0.000244140625
1599710281807878	24.5
1599710281807878	0.000244140625
1599710281807878	0.00048828125
1599710281807878	0.00048828125
1599710281808097	-24.5
1599710281808097	-0.000244140625
1599710281808097	-24.5
1599710281808097	-0.00048828125
1599710281808097	-0.00048828125
1599710281808097	-0.000244140625
1599710281808116	-0.25
1599710281808117	32.50048828125
1599710281808117	24.5
1599710281808117	1.0
1599710281808117	112.5
1599710281809079	-24.5
1599710281809079	-1.0
1599710281809079	-112.5
1599710281809082	1.0
1599710281809082	1.0
1599710281809082	112.5
1599710281810157	-24.5
1599710281810157	-1.0
1599710281810157	-112.5
1599710281810166	-0.00048828125
1599710281810177	-0.00048828125
1599710281810328	-24.5
1599710281810341	-0.5625
1599710281810343	24.5
1599710281810343	0.000244140625
1599710281810343	0.00048828125
1599710281810343	0.000244140625
1599710281810343	0.00048828125
1599710281810570	-0.00048828125
1599710281810570	-24.5
1599710281810570	-0.000244140625
1599710281810570	-0.000244140625
1599710281810570	-0.00048828125
1599710281810570	-32.50048828125
1599710281810590	-1.0
1599710281810591	98.0
1599710281810591	0.25
1599710281810591	98.0
1599710281810591	0.006591796875
1599710281811739	-0.25
1599710281811739	-98.0
1599710281811739	-0.006591796875
1599710281811740	0.25
1599710281811740	0.25
1599710281811740	0.00244140625
1599710281812720	-24.5
1599710281812720	-0.25
1599710281812720	-0.00244140625
1599710281812730	-0.00048828125
1599710281812740	-0.00048828125
1599710281813315	-98.0
1599710281813330	-0.25
1599710281813915	-98.0
1599710281813931	-0.25
1599710281813932	98.001953125
1599710281813932	0.000244140625
1599710281813932	0.000244140625
1599710281813932	0.001953125
1599710281813932	0.001953125
1599710281814697	-0.000244140625
1599710281814697	-0.000244140625
1599710281814697	-0.001953125
1599710281814697	-0.001953125
1599710281814697	-98.0
1599710281814703	24.5
1599710281814703	32.50048828125
1599710281814703	0.25048828125
1599710281814703	0.006591796875
1599710281815627	-32.50048828125
1599710281815627	-0.25048828125
1599710281815627	-0.006591796875
1599710281815629	0.25048828125
1599710281815629	0.25
1599710281815629	0.00244140625
1599710281816635	-98.001953125
1599710281816635	-0.25
1599710281816635	-0.00244140625
1599710281816644	-0.001953125
1599710281816655	-0.001953125
1599710281816804	-24.5
1599710281816819	-0.25
1599710281816821	24.5
1599710281816821	0.000244140625
1599710281816821	0.00048828125
1599710281816821	0.000244140625
1599710281816821	0.00048828125
1599710281817045	-0.000244140625
1599710281817045	-0.00048828125
1599710281817045	-24.5
1599710281817045	-24.5
1599710281817045	-0.00048828125
1599710281817045	-0.000244140625
1599710281817065	-0.25048828125
1599710281817067	32.50048828125
1599710281817067	24.5
1599710281817067	1.0
1599710281817067	112.5
1599710281818010	-24.5
1599710281818010	-1.0
1599710281818010	-112.5
1599710281818013	1.0
1599710281818013	1.0
1599710281818013	112.5
1599710281819104	-24.5
1599710281819104	-1.0
1599710281819104	-112.5
1599710281819114	-0.00048828125
1599710281819125	-0.00048828125
1599710281819274	-24.5
1599710281819289	-0.5625
1599710281819290	24.5
1599710281819290	0.000244140625
1599710281819290	0.00048828125
1599710281819290	0.00048828125
1599710281819290	0.000244140625
1599710281819509	-0.00048828125
1599710281819509	-0.000244140625
1599710281819509	-24.5
1599710281819509	-0.00048828125
1599710281819509	-0.000244140625
1599710281819509	-32.50048828125
1599710281819530	-1.0
1599710281819532	98.0
1599710281819532	0.25
1599710281819532	98.0
1599710281819532	0.006591796875
1599710281820667	-0.25
1599710281820667	-98.0
1599710281820667	-0.006591796875
1599710281820668	0.25
1599710281820668	0.25048828125
1599710281820668	0.00244140625
1599710281821642	-24.5
1599710281821642	-0.25048828125
1599710281821642	-0.00244140625
1599710281821652	-0.00048828125
1599710281821662	-0.00048828125
1599710281822236	-98.0
1599710281822251	-0.25
1599710281822848	-0.25
1599710281822849	0.001953125
1599710281822849	98.001953125
1599710281822849	0.000244140625
1599710281822849	0.001953125
1599710281822849	0.000244140625
1599710281823623	-0.001953125
1599710281823623	-0.001953125
1599710281823623	-0.000244140625
1599710281823623	-0.000244140625
1599710281823623	-98.0
1599710281823630	24.5
1599710281823630	32.50048828125
1599710281823630	0.25
1599710281823630	0.006591796875
1599710281824551	-32.50048828125
1599710281824551	-0.25
1599710281824551	-0.006591796875
1599710281824553	0.25
1599710281824553	0.250732421875
1599710281824553	0.00244140625
1599710281825560	-98.001953125
1599710281825560	-0.250732421875
1599710281825560	-0.00244140625
1599710281825568	-0.001953125
1599710281825580	-0.001953125
1599710281825729	-24.5
1599710281825746	-0.25
1599710281825747	0.000244140625
1599710281825747	0.00048828125
1599710281825747	0.00048828125
1599710281825747	24.5
1599710281825747	0.000244140625
1599710281825972	-0.000244140625
1599710281825972	-0.00048828125
1599710281825972	-24.5
1599710281825972	-24.5
1599710281825972	-0.000244140625
1599710281825972	-0.00048828125
1599710281825991	-0.25
1599710281825993	32.50048828125
1599710281825993	24.5
1599710281825993	1.0
1599710281825993	112.5
1599710281826935	-24.5
1599710281826935	-1.0
1599710281826935	-112.5
1599710281826937	1.0
1599710281826937	1.0
1599710281826937	112.5
1599710281828019	-24.5
1599710281828019	-1.0
1599710281828019	-112.5
1599710281828029	-0.00048828125
1599710281828039	-0.00048828125
1599710281828189	-24.5
1599710281828205	-0.5625
1599710281828206	0.00048828125
1599710281828206	24.5
1599710281828206	0.00048828125
1599710281828206	0.000244140625
1599710281828206	0.000244140625
1599710281828436	-0.00048828125
1599710281828436	-0.00048828125
1599710281828436	-32.50048828125
1599710281828436	-0.000244140625
1599710281828436	-24.5
1599710281828436	-0.000244140625
1599710281828455	-1.0
1599710281828457	98.0
1599710281828457	0.25
1599710281828457	98.0
1599710281828457	0.006591796875
1599710281829593	-0.25
1599710281829593	-98.0
1599710281829593	-0.006591796875
1599710281829594	0.25
1599710281829594	0.25
1599710281829594	0.0029296875
1599710281830571	-24.5
1599710281830571	-0.25
1599710281830571	-0.0029296875
1599710281830581	-0.00048828125
1599710281830591	-0.00048828125
1599710281831165	-98.0
1599710281831178	-0.25
1599710281831758	-98.0
1599710281831773	-0.25
1599710281831774	98.0
1599710281831774	0.000244140625
1599710281831774	0.000244140625
1599710281831774	0.001953125
1599710281831774	0.001953125
1599710281832551	-0.000244140625
1599710281832551	-0.001953125
1599710281832551	-98.0
1599710281832551	-0.001953125
1599710281832551	-0.000244140625
1599710281832557	98.0
1599710281832557	0.000244140625
1599710281832557	0.001953125
1599710281832557	0.001953125
1599710281832557	0.000244140625
1599710281833330	-0.000244140625
1599710281833330	-0.001953125
1599710281833330	-98.0
1599710281833330	-0.000244140625
1599710281833330	-98.0
1599710281833330	-0.001953125
1599710281833336	196.0
1599710281833336	0.500732421875
1599710281833336	196.0
1599710281835985	-0.500732421875
1599710281835985	-196.0
1599710281835987	0.500732421875
1599710281835987	0.56298828125
1599710281835987	0.00244140625
1599710281838018	-98.0
1599710281838018	-0.56298828125
1599710281838018	-0.00244140625
1599710281838028	-0.001953125
1599710281838039	-0.001953125
1599710281838042	24.5
1599710281838042	32.50048828125
1599710281838042	0.25
1599710281838042	0.006591796875
1599710281838956	-32.50048828125
1599710281838956	-0.25
1599710281838956	-0.006591796875
1599710281838958	0.25
1599710281838958	0.31298828125
1599710281838958	0.00390625
1599710281839956	-98.0
1599710281839956	-0.31298828125
1599710281839956	-0.00390625
1599710281839967	-0.001953125
1599710281839977	-0.001953125
1599710281839993	-0.5
1599710281840142	-24.5
1599710281840157	-0.25
1599710281840170	-0.500732421875
1599710281840172	0.000244140625
1599710281840172	0.00048828125
1599710281840172	24.5009765625
1599710281840172	0.000244140625
1599710281840172	0.00048828125
1599710281840390	-0.000244140625
1599710281840390	-0.00048828125
1599710281840390	-24.5
1599710281840390	-0.00048828125
1599710281840390	-24.5
1599710281840390	-0.000244140625
1599710281840402	-0.25
1599710281840405	24.5
1599710281840405	32.50048828125
1599710281840405	0.7509765625
1599710281840405	122.5078125
1599710281841355	-32.50048828125
1599710281841355	-0.7509765625
1599710281841355	-122.5078125
1599710281841358	0.7509765625
1599710281841358	1.0
1599710281841358	122.5078125
1599710281842432	-24.5009765625
1599710281842432	-1.0
1599710281842432	-122.5078125
1599710281842442	-0.00048828125
1599710281842453	-0.00048828125
1599710281842603	-24.5
1599710281842618	-0.5625
1599710281842620	0.00048828125
1599710281842620	0.00048828125
1599710281842620	32.50048828125
1599710281842620	0.000244140625
1599710281842620	0.000244140625
1599710281842842	-0.000732421875
1599710281842842	-0.000244140625
1599710281842842	-0.000244140625
1599710281842842	-36.7412109375
1599710281842842	-0.00048828125
1599710281842842	-24.5
1599710281842860	-0.7509765625
1599710281842862	196.0
1599710281842862	0.2490234375
1599710281842862	196.0
1599710281844368	-0.2490234375
1599710281844368	-196.0
1599710281844371	0.2490234375
1599710281844371	0.125
1599710281844371	0.00244140625
1599710281845065	-32.50048828125
1599710281845065	-0.125
1599710281845065	-0.00244140625
1599710281845074	-0.00048828125
1599710281845085	-0.00048828125
1599710281846233	-196.0
1599710281846247	-0.125
1599710281847423	-196.0
1599710281847438	-0.2490234375
1599710281847440	0.00146484375
1599710281847440	0.000244140625
1599710281847440	0.000244140625
1599710281847440	196.0
1599710281847440	0.0009765625
1599710281849012	-0.000244140625
1599710281849012	-0.000244140625
1599710281849012	-0.0009765625
1599710281849012	-0.0009765625
1599710281849012	-196.0
1599710281849016	49.0
1599710281849016	0.0625
1599710281849016	49.0
1599710281849016	0.020263671875
1599710281849990	-0.0625
1599710281849990	-49.0
1599710281849990	-0.020263671875
1599710281849992	0.0625
1599710281849992	0.0625
1599710281849992	0.0029296875
1599710281851808	-196.0
1599710281851808	-0.0625
1599710281851808	-0.0029296875
1599710281851818	-0.00146484375
1599710281851829	-0.0009765625
1599710281852121	-49.0
1599710281852132	-0.0625
1599710281852135	0.000244140625
1599710281852135	0.000244140625
1599710281852135	49.0
1599710281852135	0.000244140625
1599710281852135	0.000244140625
1599710281852562	-0.000244140625
1599710281852562	-0.000244140625
1599710281852562	-49.0
1599710281852562	-0.000244140625
1599710281852562	-49.0
1599710281852562	-0.000244140625
1599710281852579	-0.0625
1599710281852580	49.0
1599710281852580	0.249755859375
1599710281852580	49.0
1599710281852580	85.046875
1599710281853911	-0.249755859375
1599710281853911	-49.0
1599710281853911	-85.046875
1599710281853916	0.249755859375
1599710281853916	0.140625
1599710281853916	0.00537109375
1599710281856626	-49.0
1599710281856626	-0.140625
1599710281856626	-0.00537109375
1599710281856635	-0.000244140625
1599710281856646	-0.000244140625
1599710281856937	-49.0
1599710281856950	-0.140625
1599710281856952	0.000244140625
1599710281856952	0.000244140625
1599710281856952	0.000244140625
1599710281856952	0.000244140625
1599710281856952	49.0
1599710281857383	-0.000244140625
1599710281857383	-49.0
1599710281857383	-0.000244140625
1599710281857383	-49.0
1599710281857383	-0.000244140625
1599710281857383	-0.000244140625
1599710281857399	-0.249755859375
1599710281857401	196.0
1599710281857401	0.0625
1599710281857401	196.0
1599710281857401	0.020263671875
1599710281858814	-0.0625
1599710281858814	-196.0
1599710281858814	-0.020263671875
1599710281858816	0.0625
1599710281858816	0.0625
1599710281858816	0.0029296875
1599710281860270	-49.0
1599710281860270	-0.0625
1599710281860270	-0.0029296875
1599710281860280	-0.000244140625
1599710281860291	-0.000244140625
1599710281861440	-196.0
1599710281861451	-0.0625
1599710281862637	-0.0625
1599710281862640	0.0009765625
1599710281862640	0.000244140625
1599710281862640	0.00146484375
1599710281862640	196.0
1599710281862640	0.000244140625
1599710281864215	-0.000244140625
1599710281864215	-0.0009765625
1599710281864215	-0.000244140625
1599710281864215	-196.0
1599710281864215	-0.0009765625
1599710281864217	49.0
1599710281864217	0.0625
1599710281864217	49.0
1599710281864217	0.020263671875
1599710281865179	-0.0625
1599710281865179	-49.0
1599710281865179	-0.020263671875
1599710281865181	0.0625
1599710281865181	0.0625
1599710281865181	0.0029296875
1599710281867005	-196.0
1599710281867005	-0.0625
1599710281867005	-0.0029296875
1599710281867015	-0.00146484375
1599710281867025	-0.0009765625
1599710281867317	-49.0
1599710281867329	-0.0625
1599710281867333	0.000244140625
1599710281867333	0.000244140625
1599710281867333	0.000244140625
1599710281867333	49.0
1599710281867333	0.000244140625
1599710281867756	-0.000244140625
1599710281867756	-0.000244140625
1599710281867756	-0.000244140625
1599710281867756	-49.0
1599710281867756	-0.000244140625
1599710281867756	-49.0
1599710281867783	-0.0625
1599710281867785	49.0
1599710281867785	0.25
1599710281867785	49.0
1599710281867785	85.046875
1599710281869051	-0.25
1599710281869051	-49.0
1599710281869051	-85.046875
1599710281869052	0.25
1599710281869052	0.140625
1599710281869052	0.00537109375
1599710281871800	-49.0
1599710281871800	-0.140625
1599710281871800	-0.00537109375
1599710281871808	-0.000244140625
1599710281871818	-0.000244140625
1599710281872111	-49.0
1599710281872126	-0.140625
1599710281872127	0.000244140625
1599710281872127	49.0
1599710281872127	0.000244140625
1599710281872127	0.000244140625
1599710281872127	0.000244140625
1599710281872560	-49.0
1599710281872560	-49.0
1599710281872560	-0.000244140625
1599710281872560	-0.000244140625
1599710281872560	-0.000244140625
1599710281872560	-0.000244140625
1599710281872577	-0.25
1599710281872579	196.0
1599710281872579	0.0625
1599710281872579	196.0
1599710281872579	0.020263671875
1599710281874002	-0.0625
1599710281874002	-196.0
1599710281874002	-0.020263671875
1599710281874004	0.0625
1599710281874004	0.0625
1599710281874004	0.0029296875
1599710281875481	-49.0
1599710281875481	-0.0625
1599710281875481	-0.0029296875
1599710281875490	-0.000244140625
1599710281875501	-0.000244140625
1599710281876653	-196.0
1599710281876670	-0.0625
1599710281877845	-196.0
1599710281877856	-0.0625
1599710281877859	196.0
1599710281877859	0.000244140625
1599710281877859	0.00146484375
1599710281877859	0.000244140625
1599710281877859	0.0009765625
1599710281879446	-0.0009765625
1599710281879446	-0.000244140625
1599710281879446	-196.0
1599710281879446	-0.0009765625
1599710281879446	-0.000244140625
1599710281879448	0.0009765625
1599710281879448	196.0
1599710281879448	0.000244140625
1599710281879448	0.0009765625
1599710281879448	0.000244140625
1599710281881040	-0.0009765625
1599710281881040	-0.0009765625
1599710281881040	-0.000244140625
1599710281881040	-196.0
1599710281881040	-196.0
1599710281881040	-0.000244140625
1599710281881047	49.0
1599710281881047	0.0625
1599710281881047	49.0
1599710281881047	0.020263671875
1599710281882010	-0.0625
1599710281882010	-49.0
1599710281882010	-0.020263671875
1599710281882013	0.0625
1599710281882013	0.0625
1599710281882013	0.0029296875
1599710281883829	-196.0
1599710281883829	-0.0625
1599710281883829	-0.0029296875
1599710281883841	-0.00146484375
1599710281883850	-0.0009765625
1599710281883854	49.0
1599710281883854	0.0625
1599710281883854	49.0
1599710281883854	0.020263671875
1599710281884812	-0.0625
1599710281884812	-49.0
1599710281884812	-0.020263671875
1599710281884815	0.0625
1599710281884815	0.0625
1599710281884815	0.0029296875
1599710281886630	-196.0
1599710281886630	-0.0625
1599710281886630	-0.0029296875
1599710281886640	-0.0009765625
1599710281886652	-0.0009765625
1599710281886661	-0.0625
1599710281886952	-49.0
1599710281886966	-0.0625
1599710281886977	-0.0625
1599710281886979	0.000244140625
1599710281886979	0.000244140625
1599710281886979	0.000244140625
1599710281886979	0.000244140625
1599710281886979	49.0
1599710281887404	-0.000244140625
1599710281887404	-49.0
1599710281887404	-49.0
1599710281887404	-0.000244140625
1599710281887404	-0.000244140625
1599710281887404	-0.000244140625
1599710281887421	-0.0625
1599710281887424	62.572998046875
1599710281887424	49.0
1599710281887424	0.140625
1599710281887424	85.046875
1599710281888697	-49.0
1599710281888697	-0.140625
1599710281888697	-85.046875
1599710281888699	0.140625
1599710281888699	0.140625
1599710281888699	0.00537109375
1599710281891415	-49.0
1599710281891415	-0.140625
1599710281891415	-0.00537109375
1599710281891423	-0.000244140625
1599710281891433	-0.000244140625
1599710281891722	-49.0
1599710281891735	-0.140625
1599710281891738	0.000244140625
1599710281891738	0.000244140625
1599710281891738	0.000244140625
1599710281891738	49.0
1599710281891738	0.000244140625
1599710281892152	-49.0
1599710281892152	-0.000244140625
1599710281892152	-0.000244140625
1599710281892152	-62.572998046875
1599710281892152	-0.000244140625
1599710281892152	-0.000244140625
1599710281892167	-0.140625
1599710281892169	62.698486328125
1599710281892169	49.0
1599710281892169	0.015625
1599710281892169	0.020263671875
1599710281892502	-49.0
1599710281892502	-0.015625
1599710281892502	-0.020263671875
1599710281892503	0.015625
1599710281892503	0.015625
1599710281892503	0.0029296875
1599710281893421	-49.0
1599710281893421	-0.015625
1599710281893421	-0.0029296875
1599710281893429	-0.000244140625
1599710281893439	-0.000244140625
1599710281893724	-62.698486328125
1599710281893734	-0.015625
1599710281893735	196.0
1599710281895846	-49.0
1599710281895846	-49.0
1599710281895854	-0.015625
1599710281897025	-196.0
1599710281897027	0.000244140625
1599710281897027	0.000244140625
1599710281897027	0.000244140625
1599710281897027	245.0
1599710281897027	0.000244140625
1599710281898875	-0.000244140625
1599710281898875	-196.0
1599710281898875	-0.000244140625
1599710281898875	-196.0
1599710281898875	-0.000244140625
1599710281898875	-0.000244140625
1599710281898878	0.035888671875
1599710281898878	0.035888671875
1599710281898878	0.0341796875
1599710281902134	-38.7451171875
1599710281902134	-245.0
1599710281902134	-0.035888671875
1599710281902134	-0.0341796875
1599710281902143	-0.000244140625
1599710281902149	-0.000244140625
1599710281902155	-0.035888671875
1599710281902162	-0.035888671875
