1599188101805869	256
1599188101806033	256
1599188101806136	256
1599188101806304	256
1599188101806409	-256
1599188101806570	256
1599188101806778	256
1599188101806865	256
1599188101807059	-256
1599188101807080	256
1599188101807183	-256
1599188101807424	256
1599188101807536	-256
1599188101807663	256
1599188101807735	256
1599188101807901	-256
1599188101807903	-256
1599188101807904	-256
1599188101807905	-256
1599188101807937	256
1599188101808128	-256
1599188101808161	-256
1599188101808222	-256
1599188101811327	256
1599188101811584	256
1599188101811589	256
1599188101811654	-256
1599188101811707	131072
1599188101811781	256
1599188101811783	256
1599188101811833	-256
1599188101811857	262144
1599188101811911	256
1599188101811913	256
1599188101811960	-256
1599188101811983	262144
1599188101812044	256
1599188101812067	9216
1599188101812132	-9216
1599188101812159	2097152
1599188101812213	256
1599188101812215	256
1599188101812263	-256
1599188101812289	1048576
1599188101812340	256
1599188101812354	9216
1599188101812417	-9216
1599188101812446	2359296
1599188101812500	256
1599188101812502	256
1599188101812548	-256
1599188101812576	262144
1599188101812626	256
1599188101812640	9216
1599188101812696	-9216
1599188101812724	2359296
1599188101812788	256
1599188101812790	256
1599188101812839	-256
1599188101812862	262144
1599188101812914	256
1599188101812916	256
1599188101812962	-256
1599188101812985	262144
1599188101813036	256
1599188101813038	256
1599188101813084	-256
1599188101813102	262144
1599188101813156	256
1599188101813158	256
1599188101813205	-256
1599188101813228	262144
1599188101813275	256
1599188101813276	256
1599188101813322	-256
1599188101813344	589824
1599188101813391	256
1599188101813393	256
1599188101813439	-256
1599188101813461	589824
1599188101813512	256
1599188101813514	256
1599188101813561	-256
1599188101813583	524288
1599188101813636	256
1599188101813638	256
1599188101813684	-256
1599188101813708	1048576
1599188101813754	256
1599188101813756	256
1599188101813804	-256
1599188101813829	589824
1599188101813879	256
1599188101813881	256
1599188101813927	-256
1599188101813947	589824
1599188101813997	256
1599188101813999	256
1599188101814046	-256
1599188101814069	1048576
1599188101814141	256
1599188101814143	256
1599188101814193	-256
1599188101814217	1048576
1599188101814277	256
1599188101814279	256
1599188101814327	-256
1599188101814355	1048576
1599188101814407	256
1599188101814422	9216
1599188101814478	-9216
1599188101814503	8388608
1599188101814559	256
1599188101814562	256
1599188101814609	-256
1599188101814627	1048576
1599188101814677	256
1599188101814679	256
1599188101814726	-256
1599188101814757	1048576
1599188101814811	256
1599188101814824	9216
1599188101814880	-9216
1599188101814904	2359296
1599188101814966	256
1599188101814968	256
1599188101815017	-256
1599188101815047	1048576
1599188101815101	256
1599188101815103	256
1599188101815157	-256
1599188101815180	1048576
1599188101815228	256
1599188101815230	256
1599188101815275	-256
1599188101815305	1048576
1599188101815359	256
1599188101815372	9216
1599188101815428	-9216
1599188101815455	9437184
1599188101815526	256
1599188101815539	9216
1599188101815596	-9216
1599188101815622	9437184
1599188101815676	256
1599188101815678	256
1599188101815725	-256
1599188101815747	1048576
1599188101815794	256
1599188101815807	9216
1599188101815862	-9216
1599188101815887	2359296
1599188101815939	256
1599188101815952	9216
1599188101816007	-9216
1599188101816031	2359296
1599188101816098	256
1599188101816111	9216
1599188101816168	-9216
1599188101816196	2359296
1599188101816250	256
1599188101816263	9216
1599188101816325	-9216
1599188101816349	2097152
1599188101816409	256
1599188101816421	9216
1599188101816476	-9216
1599188101816503	4194304
1599188101816552	256
1599188101816565	9216
1599188101816627	-9216
1599188101816651	4194304
1599188101816707	256
1599188101816720	9216
1599188101816790	-9216
1599188101816817	4194304
1599188101816871	256
1599188101816873	256
1599188101816919	-256
1599188101816951	65536
1599188101817002	256
1599188101817004	256
1599188101817057	-256
1599188101817082	147456
1599188101817137	256
1599188101817139	256
1599188101817186	-256
1599188101817212	65536
1599188101817260	256
1599188101817273	9216
1599188101817334	-9216
1599188101817358	4194304
1599188101817415	256
1599188101817417	256
1599188101817464	-256
1599188101817499	65536
1599188101817549	256
1599188101817600	16384
1599188101817662	38535168
1599188101817737	256
1599188101817739	256
1599188101817793	-256
1599188101817816	65536
1599188101817867	256
1599188101817881	9216
1599188101817937	-9216
1599188101817959	9437184
1599188101818016	256
1599188101818018	256
1599188101818078	-256
1599188101818113	65536
1599188101818169	256
1599188101818171	256
1599188101818217	-256
1599188101818238	37632
1599188101818291	256
1599188101818293	256
1599188101818342	-256
1599188101818364	147456
1599188101818434	256
1599188101818476	4096
1599188101818520	256
1599188101818522	256
1599188101818564	-256
1599188101818590	147456
1599188101818634	256
1599188101818647	9216
1599188101818706	-9216
1599188101818729	4194304
1599188101818782	256
1599188101818794	9216
1599188101818846	-9216
1599188101818871	8200192
1599188101818917	256
1599188101818919	256
1599188101818968	-256
1599188101818990	65536
1599188101819037	256
1599188101819039	256
1599188101819082	-256
1599188101819106	524288
1599188101819168	40627200
1599188101819219	-38535168
1599188101819411	-256
1599188101819413	-256
1599188101819414	-256
1599188101819415	-256
1599188101819415	-256
1599188101819416	-256
1599188101819417	-256
1599188101819419	-256
1599188101819420	-256
1599188101819421	-256
1599188101819421	-256
1599188101819422	-256
1599188101819423	-256
1599188101819424	-256
1599188101819425	-256
1599188101819425	-256
1599188101819426	-256
1599188101819427	-256
1599188101819428	-256
1599188101819428	-256
1599188101819429	-256
1599188101819430	-256
1599188101819431	-256
1599188101819431	-256
1599188101819432	-256
1599188101819433	-256
1599188101819433	-256
1599188101819434	-256
1599188101819435	-256
1599188101819436	-256
1599188101819436	-256
1599188101819437	-256
1599188101819438	-256
1599188101819439	-256
1599188101819439	-256
1599188101819440	-256
1599188101819441	-256
1599188101819441	-256
1599188101819444	-256
1599188101819444	-256
1599188101819445	-256
1599188101819446	-256
1599188101819447	-256
1599188101819448	-256
1599188101819449	-256
1599188101819449	-256
1599188101819450	-256
1599188101819451	-256
1599188101819452	-256
1599188101819452	-256
1599188101819453	-256
1599188101819454	-256
1599188101819455	-256
1599188101819456	-256
1599188101819497	205520896
1599188101819511	37632
1599188101819604	75520
1599188101819744	-75520
1599188101819749	-37632
1599188101819862	205520896
1599188101819864	256
1599188101819865	256
1599188101819865	256
1599188101819866	256
1599188101820194	51380224
1599188101820383	205520896
1599188101820389	65536
1599188101820441	18944
1599188101820536	-18944
1599188101820540	-65536
1599188101820639	51380224
1599188101820645	16384
1599188101820699	18944
1599188101820774	-18944
1599188101820777	-16384
1599188101820848	-256
1599188101820899	-256
1599188101820917	205520896
1599188101820918	1024
1599188101820919	1024
1599188101820921	1024
1599188101820922	1024
1599188101821068	51380224
1599188101821069	256
1599188101821070	256
1599188101821071	256
1599188101821072	256
1599188101821558	51380224
1599188101821565	147456
1599188101821631	89178112
1599188101822044	-89178112
1599188101822048	-147456
1599188101822269	-1024
1599188101822308	-1024
1599188101822336	51380224
1599188101822338	256
1599188101822338	256
1599188101822339	256
1599188101822340	256
1599188101822525	-256
1599188101822572	-256
1599188101822729	205520896
1599188101822736	65536
1599188101822794	18944
1599188101822870	-18944
1599188101822874	-65536
1599188101823038	205520896
1599188101823045	1024
1599188101823045	1024
1599188101823047	1024
1599188101823048	1024
1599188101823228	-256
1599188101823277	-256
1599188101823329	-205520896
1599188101823597	51380224
1599188101823604	65536
1599188101823655	18944
1599188101823747	-18944
1599188101823751	-65536
1599188101823841	-1024
1599188101823883	-1024
1599188101823902	51380224
1599188101823903	256
1599188101823904	256
1599188101823905	256
1599188101823906	256
1599188101824173	51380224
1599188101824185	147456
1599188101824238	89178112
1599188101824591	-89178112
1599188101824595	-147456
1599188101824778	51380224
1599188101824779	256
1599188101824781	256
1599188101824781	256
1599188101824782	256
1599188101824957	-256
1599188101825000	-256
1599188101825183	205520896
1599188101825189	65536
1599188101825240	18944
1599188101825319	-18944
1599188101825323	-65536
1599188101825487	205520896
1599188101825488	1024
1599188101825489	1024
1599188101825490	1024
1599188101825491	1024
1599188101825657	-256
1599188101825717	-256
1599188101826016	51380224
1599188101826024	65536
1599188101826076	18944
1599188101826162	-18944
1599188101826166	-65536
1599188101826279	-1024
1599188101826322	-1024
1599188101826341	51380224
1599188101826342	256
1599188101826343	256
1599188101826344	256
1599188101826345	256
1599188101826628	51380224
1599188101826634	147456
1599188101826692	89178112
1599188101827089	-89178112
1599188101827093	-147456
1599188101827288	51380224
1599188101827289	256
1599188101827290	256
1599188101827291	256
1599188101827291	256
1599188101827458	-256
1599188101827509	-256
1599188101827674	205520896
1599188101827681	65536
1599188101827732	18944
1599188101827808	-18944
1599188101827811	-65536
1599188101827977	205520896
1599188101827978	1024
1599188101827979	1024
1599188101827980	1024
1599188101827981	1024
1599188101828143	-256
1599188101828189	-256
1599188101828483	38525184
1599188101828490	131072
1599188101828546	4864
1599188101828619	-4864
1599188101828623	-131072
1599188101828660	102760448
1599188101828666	524288
1599188101828716	4864
1599188101828785	-4864
1599188101828789	-524288
1599188101828918	-1024
1599188101828966	-1024
1599188101828986	25690112
1599188101828989	512
1599188101828993	512
1599188101828994	512
1599188101828996	512
1599188101829134	102760448
1599188101829135	2048
1599188101829137	2048
1599188101829138	2048
1599188101829139	2048
1599188101829494	25690112
1599188101829500	589824
1599188101829561	117964800
1599188101829694	-117964800
1599188101829697	-589824
1599188101829952	25690112
1599188101829953	512
1599188101829954	512
1599188101829955	512
1599188101829956	512
1599188101830143	-512
1599188101830189	-512
1599188101830234	-2048
1599188101830288	-2048
1599188101830439	102760448
1599188101830445	262144
1599188101830494	4864
1599188101830565	-4864
1599188101830568	-262144
1599188101830723	102760448
1599188101830729	2048
1599188101830729	2048
1599188101830730	2048
1599188101830731	2048
1599188101830888	-512
1599188101830933	-512
1599188101830987	-102760448
1599188101831228	25690112
1599188101831234	262144
1599188101831283	4864
1599188101831352	-4864
1599188101831356	-262144
1599188101831455	-2048
1599188101831503	-2048
1599188101831518	25690112
1599188101831519	512
1599188101831520	512
1599188101831521	512
1599188101831521	512
1599188101831778	25690112
1599188101831784	589824
1599188101831834	117964800
1599188101831939	-117964800
1599188101831943	-589824
1599188101832099	25690112
1599188101832100	512
1599188101832101	512
1599188101832102	512
1599188101832103	512
1599188101832256	-512
1599188101832302	-512
1599188101832449	102760448
1599188101832455	262144
1599188101832508	4864
1599188101832578	-4864
1599188101832581	-262144
1599188101832753	102760448
1599188101832754	2048
1599188101832755	2048
1599188101832756	2048
1599188101832757	2048
1599188101832911	-512
1599188101832958	-512
1599188101833229	25690112
1599188101833235	262144
1599188101833289	4864
1599188101833361	-4864
1599188101833364	-262144
1599188101833449	-2048
1599188101833493	-2048
1599188101833511	25690112
1599188101833512	512
1599188101833513	512
1599188101833513	512
1599188101833514	512
1599188101833776	25690112
1599188101833782	589824
1599188101833832	117964800
1599188101833934	-117964800
1599188101833937	-589824
1599188101834108	25690112
1599188101834109	512
1599188101834110	512
1599188101834111	512
1599188101834111	512
1599188101834267	-512
1599188101834309	-512
1599188101834461	102760448
1599188101834467	262144
1599188101834519	4864
1599188101834589	-4864
1599188101834592	-262144
1599188101834746	102760448
1599188101834748	2048
1599188101834748	2048
1599188101834750	2048
1599188101834751	2048
1599188101834898	-512
1599188101834944	-512
1599188101835226	25690112
1599188101835233	262144
1599188101835284	4864
1599188101835358	-4864
1599188101835362	-262144
1599188101835464	-2048
1599188101835510	-2048
1599188101835523	25690112
1599188101835524	512
1599188101835525	512
1599188101835526	512
1599188101835526	512
1599188101835821	25690112
1599188101835827	589824
1599188101835877	117964800
1599188101835980	-117964800
1599188101835983	-589824
1599188101836149	25690112
1599188101836150	512
1599188101836151	512
1599188101836152	512
1599188101836153	512
1599188101836315	-512
1599188101836368	-512
1599188101836520	102760448
1599188101836526	262144
1599188101836573	4864
1599188101836643	-4864
1599188101836646	-262144
1599188101836808	102760448
1599188101836809	2048
1599188101836810	2048
1599188101836811	2048
1599188101836812	2048
1599188101836968	-512
1599188101837009	-512
1599188101837323	12845056
1599188101837329	524288
1599188101837377	1280
1599188101837447	-1280
1599188101837450	-524288
1599188101837507	51380224
1599188101837513	2097152
1599188101837568	1280
1599188101837634	-1280
1599188101837637	-2097152
1599188101837698	-2048
1599188101837735	-2048
1599188101837757	12845056
1599188101837758	1024
1599188101837759	1024
1599188101837759	1024
1599188101837760	1024
1599188101837871	51380224
1599188101837872	4096
1599188101837873	4096
1599188101837874	4096
1599188101837876	4096
1599188101838245	12845056
1599188101838251	2359296
1599188101838300	84934656
1599188101838395	-84934656
1599188101838398	-2359296
1599188101838617	12845056
1599188101838618	1024
1599188101838619	1024
1599188101838620	1024
1599188101838621	1024
1599188101838757	-1024
1599188101838800	-1024
1599188101838836	-4096
1599188101838878	-4096
1599188101839025	51380224
1599188101839031	1048576
1599188101839084	1280
1599188101839155	-1280
1599188101839159	-1048576
1599188101839331	51380224
1599188101839332	4096
1599188101839332	4096
1599188101839334	4096
1599188101839335	4096
1599188101839472	-1024
1599188101839517	-1024
1599188101839564	-51380224
1599188101839792	12845056
1599188101839798	1048576
1599188101839852	1280
1599188101839922	-1280
1599188101839926	-1048576
1599188101840010	-4096
1599188101840054	-4096
1599188101840072	12845056
1599188101840073	1024
1599188101840074	1024
1599188101840075	1024
1599188101840075	1024
1599188101840310	12845056
1599188101840316	2359296
1599188101840371	84934656
1599188101840473	-84934656
1599188101840476	-2359296
1599188101840625	12845056
1599188101840627	1024
1599188101840628	1024
1599188101840629	1024
1599188101840630	1024
1599188101840772	-1024
1599188101840816	-1024
1599188101840967	51380224
1599188101840973	1048576
1599188101841020	1280
1599188101841089	-1280
1599188101841092	-1048576
1599188101841243	51380224
1599188101841244	4096
1599188101841245	4096
1599188101841246	4096
1599188101841247	4096
1599188101841381	-1024
1599188101841426	-1024
1599188101841722	12845056
1599188101841728	1048576
1599188101841775	2048
1599188101841844	-2048
1599188101841847	-1048576
1599188101841935	-4096
1599188101841970	-4096
1599188101841985	12845056
1599188101841986	1024
1599188101841987	1024
1599188101841988	1024
1599188101841989	1024
1599188101842248	12845056
1599188101842266	2359296
1599188101842317	84934656
1599188101842415	-84934656
1599188101842418	-2359296
1599188101842557	12845056
1599188101842558	1024
1599188101842560	1024
1599188101842561	1024
1599188101842561	1024
1599188101842693	-1024
1599188101842730	-1024
1599188101842885	51380224
1599188101842890	1048576
1599188101842935	1280
1599188101843005	-1280
1599188101843009	-1048576
1599188101843148	51380224
1599188101843149	4096
1599188101843150	4096
1599188101843151	4096
1599188101843152	4096
1599188101843280	-1024
1599188101843321	-1024
1599188101843578	12845056
1599188101843586	1048576
1599188101843636	2048
1599188101843701	-2048
1599188101843704	-1048576
1599188101843784	-4096
1599188101843820	-4096
1599188101843837	12845056
1599188101843838	1024
1599188101843838	1024
1599188101843839	1024
1599188101843840	1024
1599188101844068	12845056
1599188101844073	2359296
1599188101844124	84934656
1599188101844219	-84934656
1599188101844222	-2359296
1599188101844356	12845056
1599188101844357	1024
1599188101844358	1024
1599188101844359	1024
1599188101844360	1024
1599188101844483	-1024
1599188101844526	-1024
1599188101844668	51380224
1599188101844674	1048576
1599188101844718	1280
1599188101844784	-1280
1599188101844787	-1048576
1599188101844925	51380224
1599188101844926	4096
1599188101844927	4096
1599188101844928	4096
1599188101844929	4096
1599188101845055	-1024
1599188101845094	-1024
1599188101845361	12845056
1599188101845367	1048576
1599188101845415	2048
1599188101845480	-2048
1599188101845482	-1048576
1599188101845565	-4096
1599188101845602	-4096
1599188101845616	12845056
1599188101845617	1024
1599188101845618	1024
1599188101845619	1024
1599188101845619	1024
1599188101845850	12845056
1599188101845855	2359296
1599188101845906	84934656
1599188101846001	-84934656
1599188101846004	-2359296
1599188101846164	12845056
1599188101846166	1024
1599188101846167	1024
1599188101846167	1024
1599188101846168	1024
1599188101846294	-1024
1599188101846338	-1024
1599188101846479	51380224
1599188101846484	1048576
1599188101846529	1280
1599188101846595	-1280
1599188101846598	-1048576
1599188101846739	51380224
1599188101846740	4096
1599188101846741	4096
1599188101846742	4096
1599188101846743	4096
1599188101846870	-1024
1599188101846912	-1024
1599188101847185	12845056
1599188101847191	1048576
1599188101847242	2048
1599188101847307	-2048
1599188101847310	-1048576
1599188101847395	-4096
1599188101847430	-4096
1599188101847446	12845056
1599188101847447	1024
1599188101847447	1024
1599188101847448	1024
1599188101847449	1024
1599188101847685	12845056
1599188101847691	2359296
1599188101847742	84934656
1599188101848322	-84934656
1599188101848325	-2359296
1599188101848470	12845056
1599188101848471	1024
1599188101848472	1024
1599188101848473	1024
1599188101848474	1024
1599188101849165	-1024
1599188101849206	-1024
1599188101849352	51380224
1599188101849362	1048576
1599188101849716	1280
1599188101849783	-1280
1599188101849786	-1048576
1599188101851524	51380224
1599188101851525	4096
1599188101851526	4096
1599188101851527	4096
1599188101851528	4096
1599188101852327	-1024
1599188101852372	-1024
1599188101852669	6422528
1599188101852675	2097152
1599188101853136	512
1599188101853369	-512
1599188101853372	-2097152
1599188101853406	25690112
1599188101853411	8388608
1599188101853455	512
1599188101853540	-512
1599188101853542	-8388608
1599188101853633	-4096
1599188101853675	-4096
1599188101853689	6422528
1599188101853690	2048
1599188101853691	2048
1599188101853699	2048
1599188101853700	2048
1599188101853812	25690112
1599188101853813	8192
1599188101853814	8192
1599188101853815	8192
1599188101853816	8192
1599188101854142	6422528
1599188101854147	9437184
1599188101854688	75497472
1599188101855319	-75497472
1599188101855323	-9437184
1599188101856332	6422528
1599188101856332	2048
1599188101856333	2048
1599188101856334	2048
1599188101856335	2048
1599188101856469	-2048
1599188101856505	-2048
1599188101856544	-8192
1599188101857266	-8192
1599188101857586	25690112
1599188101857591	4194304
1599188101857635	512
1599188101857698	-512
1599188101857700	-4194304
1599188101857861	25690112
1599188101857867	8192
1599188101857868	8192
1599188101857868	8192
1599188101857869	8192
1599188101858529	-2048
1599188101858566	-2048
1599188101858717	-25690112
1599188101858954	6422528
1599188101858959	4194304
1599188101859002	512
1599188101859811	-512
1599188101859814	-4194304
1599188101859897	-8192
1599188101860395	-8192
1599188101860411	6422528
1599188101860412	2048
1599188101860413	2048
1599188101860413	2048
1599188101860414	2048
1599188101861041	6422528
1599188101861047	9437184
1599188101861102	75497472
1599188101861465	-75497472
1599188101861468	-9437184
1599188101862391	6422528
1599188101862393	2048
1599188101862394	2048
1599188101862395	2048
1599188101862395	2048
1599188101862549	-2048
1599188101862666	-2048
1599188101862802	25690112
1599188101862807	4194304
1599188101862918	512
1599188101863419	-512
1599188101863422	-4194304
1599188101863693	25690112
1599188101863694	8192
1599188101863695	8192
1599188101863696	8192
1599188101863697	8192
1599188101863869	-2048
1599188101863920	-2048
1599188101864933	6422528
1599188101864938	4194304
1599188101864989	512
1599188101865521	-512
1599188101865523	-4194304
1599188101866078	-8192
1599188101866132	-8192
1599188101866145	6422528
1599188101866145	2048
1599188101866146	2048
1599188101866147	2048
1599188101866148	2048
1599188101866582	6422528
1599188101866587	9437184
1599188101866632	75497472
1599188101867491	-75497472
1599188101867494	-9437184
1599188101867801	6422528
1599188101867802	2048
1599188101867803	2048
1599188101867804	2048
1599188101867805	2048
1599188101867921	-2048
1599188101867960	-2048
1599188101868528	25690112
1599188101868533	4194304
1599188101868739	512
1599188101868909	-512
1599188101868912	-4194304
1599188101869046	25690112
1599188101869047	8192
1599188101869048	8192
1599188101869049	8192
1599188101869049	8192
1599188101869170	-2048
1599188101869208	-2048
1599188101871180	-8192
1599188101871216	-8192
1599188101871229	524288
1599188101871311	256256
1599188101871652	256
1599188101871653	256
1599188101873770	-256
1599188101873778	-256
1599188101873853	256
1599188101873890	-256
1599188101873903	4096
1599188101874151	524288
1599188101874206	8200192
1599188101874246	-524288
1599188101874247	-256256
1599188101874340	-4096
1599188101874396	-8200192
1599188101874435	-256
1599188101874487	-4096
1599188101874499	25690112
1599188101874540	-524288
1599188101875002	-8200192
1599188101875175	-25690112
1599188101875201	25698304
1599188101875201	8192
1599188101875202	8192
1599188101875207	256
1599188101875233	256
1599188101875322	-25690112
1599188101875323	-8192
1599188101875324	-8192
1599188101875327	-256
1599188101875328	-256
1599188101875429	8192512
1599188101875441	4194304
1599188101875478	6422528
1599188101875503	4096
1599188101875602	-8192512
1599188101875605	-4096
1599188101875606	-4194304
1599188101875641	8192512
1599188101875651	4194304
1599188101875673	4096
1599188101875841	-4096
1599188101875844	-4194304
1599188101875854	-25698304
1599188101875913	-8192
1599188101876199	-8192
1599188101876244	-6422528
1599188101876285	-4194304
1599188101876300	6422528
1599188101876301	2048
1599188101876301	2048
1599188101876302	256
1599188101876475	256
1599188101876552	-6422528
1599188101876554	-6422528
1599188101876554	-2048
1599188101876556	-2048
1599188101876558	-256
1599188101876559	-256
1599188101876779	-8192512
1599188101876799	6422528
1599188101876807	9437184
1599188101876835	8200704
1599188101876856	75497472
1599188101877028	-6422528
1599188101877031	-75497472
1599188101877032	-9437184
1599188101877060	9437184
1599188101877068	9437184
1599188101877087	75497472
1599188101877996	-75497472
1599188101877999	-9437184
1599188101878007	-6422528
1599188101878057	-2048
1599188101878110	-2048
1599188101878152	-6422528
1599188101878191	-9437184
1599188101878210	9437696
1599188101878211	2048
1599188101878212	2048
1599188101878213	256
1599188101878239	256
1599188101878860	-8200704
1599188101878862	-6422528
1599188101878863	-2048
1599188101878864	-2048
1599188101878865	-256
1599188101878866	-256
1599188101878973	-9437184
1599188101878988	25690112
1599188101878995	4194816
1599188101879021	25690112
1599188101879038	4096
1599188101879118	-25690112
1599188101879120	-4096
1599188101879121	-4194816
1599188101879147	4194816
1599188101879155	8200704
1599188101879171	4096
1599188101879289	-4096
1599188101879291	-8200704
1599188101879299	-9437696
1599188101879345	-2048
1599188101880024	-2048
1599188101880067	-25690112
1599188101880103	-4194304
1599188101880304	-25690112
1599188101880346	-4194816
1599188101880370	25698304
1599188101880371	8192
1599188101880372	8192
1599188101880373	256
1599188101880396	256
1599188101880654	-25690112
1599188101880656	-8192
1599188101880656	-8192
1599188101880658	-256
1599188101880659	-256
1599188101880680	9437696
1599188101880687	4194304
1599188101880716	8200960
1599188101880736	4096
1599188101880854	-9437696
1599188101880857	-4096
1599188101880858	-4194304
1599188101880887	4194304
1599188101880895	4194304
1599188101880912	4096
1599188101881770	-4096
1599188101881772	-4194304
1599188101881781	-25698304
1599188101881834	-8192
1599188101881885	-8192
1599188101881926	-6422528
1599188101881960	-4194304
1599188101881978	6422528
1599188101881979	2048
1599188101881979	2048
1599188101881980	256
1599188101882001	256
1599188101882081	-8200960
1599188101882082	-6422528
1599188101882083	-2048
1599188101882085	-2048
1599188101882087	-256
1599188101882087	-256
1599188101882667	-4194304
1599188101882692	6422528
1599188101882699	9437696
1599188101882777	12395264
1599188101882801	138004736
1599188101882888	-6422528
1599188101882890	-138004736
1599188101882891	-9437696
1599188101882927	9437696
1599188101882936	9437184
1599188101882952	128567552
1599188101883058	-128567552
1599188101883060	-9437184
1599188101883069	-6422528
1599188101883124	-2048
1599188101883844	-2048
1599188101883891	-6422528
1599188101884104	-9437184
1599188101884119	9437696
1599188101884120	2048
1599188101884120	2048
1599188101884121	256
1599188101884144	256
1599188101884409	-12395264
1599188101884410	-6422528
1599188101884411	-2048
1599188101884417	-2048
1599188101884418	-256
1599188101884419	-256
1599188101884468	-9437696
1599188101884485	25690112
1599188101884492	4194816
1599188101884519	25690112
1599188101884535	4608
1599188101884655	-25690112
1599188101884657	-4608
1599188101884658	-4194816
1599188101884684	4194816
1599188101884691	4194816
1599188101884707	4608
1599188101885573	-4608
1599188101885575	-4194816
1599188101885583	-9437696
1599188101885639	-2048
1599188101885691	-2048
1599188101885736	-25690112
1599188101885777	-4194304
1599188101898079	-25690112
1599188101898164	-4194816
1599188101898186	25690112
1599188101898188	8192
1599188101898189	8192
1599188101898190	256
1599188101898215	256
1599188101898291	-25690112
1599188101898293	-8192
1599188101898295	-8192
1599188101898297	-256
1599188101898297	-256
1599188101898321	25690112
1599188101898322	8192
1599188101898323	8192
1599188101898324	256
1599188101898349	256
1599188101898423	-25690112
1599188101898425	-25690112
1599188101898425	-8192
1599188101898431	-8192
1599188101898433	-256
1599188101898433	-256
1599188101898454	51380224
1599188101898462	9437696
1599188101898490	51380224
1599188101898634	-51380224
1599188101898637	-9437696
1599188101898678	9437696
1599188101898687	9437696
1599188101898705	4608
1599188101898832	-4608
1599188101898834	-9437696
1599188101898843	-25690112
1599188101898892	-8192
1599188101898932	-8192
1599188101898945	9437696
1599188101898952	4194816
1599188101898981	12395264
1599188101898997	4608
1599188101899068	-9437696
1599188101899070	-4608
1599188101899071	-4194816
1599188101899099	4194816
1599188101899106	4194816
1599188101899121	4608
1599188101899234	-4608
1599188101899235	-4194816
1599188101899243	-25690112
1599188101899296	-8192
1599188101899385	-8192
1599188101899423	-8388608
1599188101899460	-6422528
1599188101899498	-4194304
1599188101899537	-9437696
1599188101899550	6424576
1599188101899551	2048
1599188101899551	2048
1599188101899552	256
1599188101899573	256
1599188101899637	-12395264
1599188101899638	-6422528
1599188101899639	-2048
1599188101899640	-2048
1599188101899642	-256
1599188101899643	-256
1599188101899690	-4194816
1599188101899704	8389120
1599188101899709	9437696
1599188101899734	9437696
1599188101899755	102764544
1599188101899839	-8389120
1599188101899841	-102764544
1599188101899842	-9437696
1599188101899868	9437696
1599188101899875	12395264
1599188101899891	102764544
1599188101899994	-102764544
1599188101899996	-12395264
1599188101900004	-6424576
1599188101900055	-2048
1599188101900087	-2048
1599188101900125	-6422528
1599188101900164	-9437184
1599188101900178	8389120
1599188101900179	2048
1599188101900179	2048
1599188101900180	256
1599188101900238	256
1599188101900296	-9437696
1599188101900297	-6422528
1599188101900299	-2048
1599188101900299	-2048
1599188101900301	-256
1599188101900302	-256
1599188101900346	-9437696
1599188101900361	51380224
1599188101900367	2097152
1599188101900390	51380224
1599188101900498	-51380224
1599188101900501	-2097152
1599188101900528	2097152
1599188101900535	2097664
1599188101900552	4096
1599188101900662	-4096
1599188101900664	-2097664
1599188101900672	-8389120
1599188101900718	-2048
1599188101900750	-2048
1599188101900782	-51380224
1599188101900814	-2097152
1599188101900849	-51380224
1599188101900882	-2097152
1599188101900894	51384320
1599188101900894	4096
1599188101900895	4608
1599188101900895	256
1599188101900916	256
1599188101900999	-51380224
1599188101901001	-4096
1599188101901001	-4096
1599188101901003	-256
1599188101901004	-256
1599188101901024	14681344
1599188101901031	1048576
1599188101901060	18875136
1599188101901075	3584
1599188101901139	-14681344
1599188101901141	-3584
1599188101901143	-1048576
1599188101901167	1048576
1599188101901174	1048576
1599188101901189	2560
1599188101901309	-2560
1599188101901312	-1048576
1599188101901320	-51384320
1599188101901365	-4096
1599188101901403	-4608
1599188101901439	-12845056
1599188101901478	-1048576
1599188101901491	14681344
1599188101901492	1024
1599188101901493	1024
1599188101901493	256
1599188101901518	256
1599188101901603	-18875136
1599188101901604	-12845056
1599188101901605	-1024
1599188101901606	-1024
1599188101901608	-256
1599188101901608	-256
1599188101901655	-1048576
1599188101901672	18875136
1599188101901678	4194816
1599188101901704	12845056
1599188101901719	84934656
1599188101901803	-18875136
1599188101901805	-84934656
1599188101901806	-4194816
1599188101901830	4194816
1599188101901838	2359296
1599188101901853	84934656
1599188101901952	-84934656
1599188101901955	-2359296
1599188101901963	-14681344
1599188101902009	-1024
1599188101902047	-1024
1599188101902084	-12845056
1599188101902129	-2359296
1599188101902150	12845056
1599188101902150	1024
1599188101902151	1024
1599188101902152	256
1599188101902173	256
1599188101902251	-12845056
1599188101902253	-12845056
1599188101902254	-1024
1599188101902254	-1024
1599188101902256	-256
1599188101902256	-256
1599188101902310	-4194816
1599188101902322	51380224
1599188101902328	1049088
1599188101902353	51380224
1599188101902375	4096
1599188101902446	-51380224
1599188101902448	-4096
1599188101902449	-1049088
1599188101902475	1049088
1599188101902482	1048576
1599188101902498	4096
1599188101902610	-4096
1599188101902613	-1048576
1599188101902621	-12845056
1599188101902666	-1024
1599188101902704	-1024
1599188101902743	-51380224
1599188101902775	-1048576
1599188101902816	-51380224
1599188101902855	-1049088
1599188101902867	51384320
1599188101902868	4096
1599188101902868	4608
1599188101902869	256
1599188101902889	256
1599188101902967	-51380224
1599188101902968	-4096
1599188101902969	-4096
1599188101902971	-256
1599188101902972	-256
1599188101902997	17040896
1599188101903003	1049088
1599188101903031	18875136
1599188101903047	3584
1599188101903118	-17040896
1599188101903120	-3584
1599188101903121	-1049088
1599188101903145	1049088
1599188101903153	1048576
1599188101903168	2560
1599188101903285	-2560
1599188101903288	-1048576
1599188101903295	-51384320
1599188101903339	-4096
1599188101903375	-4608
1599188101903410	-12845056
1599188101903448	-1048576
1599188101903460	17040896
1599188101903461	1024
1599188101903461	1024
1599188101903462	256
1599188101903487	256
1599188101903564	-18875136
1599188101903566	-12845056
1599188101903567	-1024
1599188101903568	-1024
1599188101903570	-256
1599188101903570	-256
1599188101903617	-1049088
1599188101903633	19923968
1599188101903640	4194816
1599188101903665	12845056
1599188101903681	84934656
1599188101903763	-19923968
1599188101903765	-84934656
1599188101903767	-4194816
1599188101903794	4194816
1599188101903801	2359296
1599188101903817	84934656
1599188101903921	-84934656
1599188101903924	-2359296
1599188101903932	-17040896
1599188101903979	-1024
1599188101904020	-1024
1599188101904057	-12845056
1599188101904091	-2359296
1599188101904108	12845056
1599188101904109	1024
1599188101904109	1024
1599188101904110	256
1599188101904131	256
1599188101904208	-12845056
1599188101904210	-12845056
1599188101904210	-1024
1599188101904211	-1024
1599188101904213	-256
1599188101904213	-256
1599188101904264	-4194816
1599188101904278	51380224
1599188101904283	1049088
1599188101904307	51380224
1599188101904328	4096
1599188101904399	-51380224
1599188101904402	-4096
1599188101904402	-1049088
1599188101904428	1049088
1599188101904435	1048576
1599188101904451	4096
1599188101904562	-4096
1599188101904564	-1048576
1599188101904572	-12845056
1599188101904617	-1024
1599188101904654	-1024
1599188101904689	-51380224
1599188101904726	-1048576
1599188101904840	-51380224
1599188101904879	-1049088
1599188101904902	51384320
1599188101904903	4096
1599188101904903	4608
1599188101904904	256
1599188101904925	256
1599188101905091	-51380224
1599188101905092	-4096
1599188101905093	-4096
1599188101905096	-256
1599188101905096	-256
1599188101905122	19400448
1599188101905128	1049088
1599188101905157	19923968
1599188101905172	3584
1599188101905244	-19400448
1599188101905246	-3584
1599188101905247	-1049088
1599188101905272	1049088
1599188101905279	1048576
1599188101905294	2560
1599188101905413	-2560
1599188101905416	-1048576
1599188101905424	-51384320
1599188101905468	-4096
1599188101906315	-4608
1599188101906353	-12845056
1599188101906392	-1048576
1599188101906405	19400448
1599188101906406	1024
1599188101906406	1024
1599188101906407	256
1599188101906433	256
1599188101906511	-19923968
1599188101906513	-12845056
1599188101906514	-1024
1599188101906515	-1024
1599188101906516	-256
1599188101906517	-256
1599188101906564	-1049088
1599188101906581	20972800
1599188101906587	4194816
1599188101906613	12845056
1599188101906629	84934656
1599188101907441	-20972800
1599188101907443	-84934656
1599188101907444	-4194816
1599188101907472	4194816
1599188101907480	2359296
1599188101907495	84934656
1599188101907630	-84934656
1599188101907633	-2359296
1599188101907642	-19400448
1599188101907690	-1024
1599188101907727	-1024
1599188101907764	-12845056
1599188101907811	-2359296
1599188101907828	12845056
1599188101907829	1024
1599188101907830	1024
1599188101907830	256
1599188101907852	256
1599188101908728	-12845056
1599188101908730	-12845056
1599188101908731	-1024
1599188101908731	-1024
1599188101908733	-256
1599188101908733	-256
1599188101908793	-4194816
1599188101908806	51380224
1599188101908812	1049088
1599188101908837	51380224
1599188101908859	4096
1599188101908931	-51380224
1599188101908933	-4096
1599188101908934	-1049088
1599188101908959	1049088
1599188101908967	1048576
1599188101908982	4096
1599188101909094	-4096
1599188101909096	-1048576
1599188101909105	-12845056
1599188101909171	-1024
1599188101909211	-1024
1599188101909249	-51380224
1599188101909330	-1048576
1599188101909426	-51380224
1599188101909463	-1049088
1599188101909475	51384320
1599188101909476	4096
1599188101909476	4608
1599188101909477	256
1599188101909497	256
1599188101909575	-51380224
1599188101909576	-4096
1599188101909577	-4096
1599188101909579	-256
1599188101909580	-256
1599188101909605	12845056
1599188101909612	1048576
1599188101909641	12845056
1599188101909657	3584
1599188101909731	-12845056
1599188101909733	-3584
1599188101909735	-1048576
1599188101909775	1048576
1599188101909782	1049088
1599188101909799	2560
1599188101909920	-2560
1599188101909923	-1049088
1599188101909931	-51384320
1599188101909972	-4096
1599188101910006	-4608
1599188101910039	-12845056
1599188101910078	-1048576
1599188101910101	14942720
1599188101910102	1024
1599188101910103	1024
1599188101910103	256
1599188101910131	256
1599188101910210	-12845056
1599188101910212	-12845056
1599188101910213	-1024
1599188101910214	-1024
1599188101910215	-256
1599188101910216	-256
1599188101910264	-1048576
1599188101910280	12845056
1599188101910286	4194816
1599188101910311	17042432
1599188101910327	84934656
1599188101910577	-12845056
1599188101910579	-84934656
1599188101910581	-4194816
1599188101910605	4194816
1599188101910613	2359296
1599188101910629	84934656
1599188101910859	-256
1599188101910882	-84934656
1599188101910885	-2359296
1599188101910893	-14942720
1599188101911817	-1024
1599188101911856	-1024
1599188101911893	-12845056
1599188101911924	-2359296
1599188101911941	12845056
1599188101911942	1024
1599188101911942	1024
1599188101911943	256
1599188101912918	256
1599188101913038	-17042432
1599188101913039	-12845056
1599188101913040	-1024
1599188101913041	-1024
1599188101913042	-256
1599188101913043	-256
1599188101913094	-4194816
1599188101913107	51380224
1599188101913113	1048576
1599188101913137	51380224
1599188101913153	4096
1599188101913227	-51380224
1599188101913229	-4096
1599188101913230	-1048576
1599188101913256	1048576
1599188101913264	1048576
1599188101913278	4096
1599188101913429	-4096
1599188101913431	-1048576
1599188101913440	-12845056
1599188101913542	-1024
1599188101914214	-1024
1599188101914308	-51380224
1599188101914385	-1048576
1599188101914448	-51380224
1599188101915069	-1048576
1599188101915081	51384320
1599188101915082	4096
1599188101915083	4608
1599188101915084	256
1599188101915169	256
1599188101915526	-51380224
1599188101915527	-4096
1599188101915528	-4096
1599188101915530	-256
1599188101915530	-256
1599188101915557	12845056
1599188101915563	1048576
1599188101915592	12845056
1599188101915607	3584
1599188101915676	-12845056
1599188101915678	-3584
1599188101915680	-1048576
1599188101915704	1048576
1599188101915711	1048576
1599188101915726	2560
1599188101915839	-2560
1599188101915841	-1048576
1599188101915849	-51384320
1599188101915892	-4096
1599188101915928	-4608
1599188101915960	-12845056
1599188101916867	-1048576
1599188101916879	12845056
1599188101916880	1024
1599188101916880	1024
1599188101916881	256
1599188101916906	256
1599188101916979	-12845056
1599188101916981	-12845056
1599188101916982	-1024
1599188101916982	-1024
1599188101916984	-256
1599188101916985	-256
1599188101917981	-1048576
1599188101917998	12845056
1599188101918004	4194816
1599188101918029	12845056
1599188101918044	84934656
1599188101918235	-12845056
1599188101918237	-84934656
1599188101918239	-4194816
1599188101918268	4194816
1599188101918275	2359296
1599188101918290	84934656
1599188101918649	-84934656
1599188101918652	-2359296
1599188101918660	-12845056
1599188101918710	-1024
1599188101918747	-1024
1599188101918783	-12845056
1599188101919659	-2359296
1599188101919675	12845056
1599188101919676	1024
1599188101919677	1024
1599188101919677	256
1599188101919698	256
1599188101919774	-12845056
1599188101919776	-12845056
1599188101919776	-1024
1599188101919777	-1024
1599188101919778	-256
1599188101919779	-256
1599188101919829	-4194816
1599188101919842	51380224
1599188101919847	1048576
1599188101920762	51380224
1599188101920783	4608
1599188101920859	-51380224
1599188101920861	-4608
1599188101920862	-1048576
1599188101920889	1048576
1599188101920896	1048576
1599188101920911	4608
1599188101921020	-4608
1599188101921022	-1048576
1599188101921030	-12845056
1599188101921075	-1024
1599188101921164	-1024
1599188101921259	-51380224
1599188101921367	-1048576
1599188101922023	-51380224
1599188101922113	-1048576
1599188101922125	51380224
1599188101922126	4608
1599188101922127	4096
1599188101922128	256
1599188101922177	256
1599188101922304	-51380224
1599188101922305	-4096
1599188101922307	-4096
1599188101922308	-256
1599188101922309	-256
1599188101922328	51380224
1599188101922329	4096
1599188101922330	4096
1599188101922330	256
1599188101922861	256
1599188101923019	-51380224
1599188101923021	-51380224
1599188101923022	-4096
1599188101923023	-4096
1599188101923024	-256
1599188101923024	-256
1599188101923049	102760448
1599188101923054	2359296
1599188101923268	102760448
1599188101923365	-102760448
1599188101923367	-2359296
1599188101923393	2359296
1599188101923400	2097152
1599188101923414	2560
1599188101923525	-2560
1599188101923528	-2097152
1599188101923536	-51380224
1599188101923579	-4608
1599188101923612	-4096
1599188101923625	12845056
1599188101923630	1048576
1599188101923653	12845056
1599188101923666	4096
1599188101924666	-12845056
1599188101924668	-4096
1599188101924669	-1048576
1599188101924704	1048576
1599188101924711	1048832
1599188101924726	4096
1599188101925839	-4096
1599188101925842	-1048832
1599188101925849	-51380224
1599188101925890	-4096
1599188101925926	-4096
1599188101926019	-2097152
1599188101926052	-12845056
1599188101926206	-1048576
1599188101926242	-2359296
1599188101926253	12846080
1599188101926254	1024
1599188101926254	1024
1599188101926255	256
1599188101926275	256
1599188101926354	-12845056
1599188101926356	-12845056
1599188101926357	-1024
1599188101926357	-1024
1599188101926359	-256
1599188101926360	-256
1599188101926475	-1048576
1599188101926487	12845056
1599188101926493	2359296
1599188101926521	12845056
1599188101926536	84934656
1599188101926898	-12845056
1599188101926900	-84934656
1599188101926902	-2359296
1599188101926926	2359296
1599188101926932	4194816
1599188101926947	84934656
1599188101931818	-84934656
1599188101931820	-4194816
1599188101931827	-12846080
1599188101931876	-1024
1599188101931911	-1024
1599188101931945	-12845056
1599188101931980	-2359296
1599188101931992	12845056
1599188101931993	1024
1599188101931993	1024
1599188101931994	256
1599188101932017	256
1599188101932906	-12845056
1599188101932908	-12845056
1599188101932909	-1024
1599188101932910	-1024
1599188101932911	-256
1599188101932912	-256
1599188101932955	-2359296
1599188101932972	102760448
1599188101932978	524288
1599188101933001	102760448
1599188101933959	-102760448
1599188101933961	-524288
1599188101933988	524288
1599188101933995	524288
1599188101934010	4608
1599188101934136	-4608
1599188101934138	-524288
1599188101934146	-12845056
1599188101934189	-1024
1599188101934248	-1024
1599188101934282	-102760448
1599188101934321	-524288
1599188101934355	-102760448
1599188101934386	-524288
1599188101934398	102762496
1599188101934398	2048
1599188101934399	2048
1599188101934400	256
1599188101934495	256
1599188101934657	-102760448
1599188101934658	-2048
1599188101934658	-2048
1599188101934661	-256
1599188101934661	-256
1599188101934680	25690112
1599188101934686	262144
1599188101934715	34083584
1599188101934730	6912
1599188101935478	-25690112
1599188101935480	-6912
1599188101935481	-262144
1599188101935507	262144
1599188101935513	262144
1599188101935527	2560
1599188101936580	-2560
1599188101936582	-262144
1599188101936589	-102762496
1599188101936639	-2048
1599188101936674	-2048
1599188101936707	-25690112
1599188101936742	-262144
1599188101936757	25690112
1599188101936758	512
1599188101936758	768
1599188101936759	256
1599188101936778	256
1599188101936848	-34083584
1599188101936849	-25690112
1599188101936850	-512
1599188101936851	-512
1599188101936853	-256
1599188101936853	-256
1599188101936896	-262144
1599188101936912	34083584
1599188101936918	1048576
1599188101936941	25690112
1599188101936955	117964800
1599188101937648	-34083584
1599188101937650	-117964800
1599188101937652	-1048576
1599188101937674	1048576
1599188101937681	1048576
1599188101937700	117964800
1599188101938351	-117964800
1599188101938354	-1048576
1599188101938361	-25690112
1599188101938633	-512
1599188101938667	-768
1599188101938948	-25690112
1599188101938978	-589824
1599188101938994	25690112
1599188101938994	512
1599188101938995	768
1599188101938995	256
1599188101939014	256
1599188101939437	-25690112
1599188101939439	-25690112
1599188101939439	-512
1599188101939440	-512
1599188101939441	-256
1599188101939442	-256
1599188101939491	-1048576
1599188101939503	102760448
1599188101939508	262144
1599188101939537	102760448
1599188101939552	6912
1599188101940414	-102760448
1599188101940416	-6912
1599188101940417	-262144
1599188101940444	262144
1599188101940451	262144
1599188101940465	4608
1599188101941418	-4608
1599188101941420	-262144
1599188101941427	-25690112
1599188101941492	-512
1599188101941523	-768
1599188101941559	-102760448
1599188101941594	-262144
1599188101941667	-102760448
1599188101941708	-262144
1599188101941720	102762496
1599188101941720	2048
1599188101941721	2048
1599188101941722	256
1599188101941824	256
1599188101941913	-102760448
1599188101941914	-2048
1599188101941914	-2048
1599188101941916	-256
1599188101941917	-256
1599188101941946	25690112
1599188101941952	262144
1599188101942483	34083584
1599188101942497	6912
1599188101942830	-25690112
1599188101942832	-6912
1599188101942833	-262144
1599188101942857	262144
1599188101942863	262144
1599188101942877	2560
1599188101943681	-2560
1599188101943683	-262144
1599188101943690	-102762496
1599188101943755	-2048
1599188101943789	-2048
1599188101943824	-25690112
1599188101943854	-262144
1599188101943869	25690112
1599188101943869	512
1599188101943870	768
1599188101943870	256
1599188101943946	256
1599188101944030	-34083584
1599188101944031	-25690112
1599188101944032	-512
1599188101944033	-512
1599188101944035	-256
1599188101944035	-256
1599188101944075	-262144
1599188101944092	34083584
1599188101944098	590080
1599188101944121	25690112
1599188101944135	117964800
1599188101945038	-34083584
1599188101945040	-117964800
1599188101945041	-590080
1599188101945066	590080
1599188101945073	1048576
1599188101945093	117964800
1599188101946298	-117964800
1599188101946301	-1048576
1599188101946308	-25690112
1599188101946349	-512
1599188101946611	-768
1599188101946645	-25690112
1599188101946672	-589824
1599188101946686	25690112
1599188101946687	512
1599188101946687	768
1599188101946688	256
1599188101947045	256
1599188101947129	-25690112
1599188101947130	-25690112
1599188101947131	-512
1599188101947131	-512
1599188101947133	-256
1599188101947133	-256
1599188101947178	-590080
1599188101947191	102760448
1599188101947197	262144
1599188101947223	102760448
1599188101947236	6912
1599188101948090	-102760448
1599188101948092	-6912
1599188101948093	-262144
1599188101948117	262144
1599188101948123	262144
1599188101948137	4608
1599188101949085	-4608
1599188101949087	-262144
1599188101949094	-25690112
1599188101949161	-512
1599188101949190	-768
1599188101949224	-102760448
1599188101949320	-262144
1599188101949347	-102760448
1599188101949383	-262144
1599188101949401	102762496
1599188101949401	2048
1599188101949402	2048
1599188101949403	256
1599188101949496	256
1599188101949576	-102760448
1599188101949577	-2048
1599188101949577	-2048
1599188101949580	-256
1599188101949580	-256
1599188101949598	25690112
1599188101949603	262144
1599188101950149	34083584
1599188101950163	6912
1599188101950490	-25690112
1599188101950492	-6912
1599188101950494	-262144
1599188101950516	262144
1599188101950523	262144
1599188101950536	2560
1599188101951339	-2560
1599188101951341	-262144
1599188101951348	-102762496
1599188101951416	-2048
1599188101951452	-2048
1599188101951486	-25690112
1599188101951580	-262144
1599188101951596	25690112
1599188101951597	512
1599188101951597	768
1599188101951598	256
1599188101951617	256
1599188101951686	-34083584
1599188101951687	-25690112
1599188101951688	-512
1599188101951689	-512
1599188101951690	-256
1599188101951691	-256
1599188101951730	-262144
1599188101951746	34083584
1599188101951751	589824
1599188101951773	25690112
1599188101951787	117964800
1599188101953603	-34083584
1599188101953604	-117964800
1599188101953606	-589824
1599188101953641	589824
1599188101953648	590080
1599188101953662	117964800
1599188101953952	-117964800
1599188101953954	-590080
1599188101953961	-25690112
1599188101954250	-512
1599188101954287	-768
1599188101954320	-25690112
1599188101954349	-589824
1599188101954364	25690112
1599188101954365	512
1599188101954365	768
1599188101954366	256
1599188101954700	256
1599188101954769	-25690112
1599188101954771	-25690112
1599188101954771	-512
1599188101954772	-512
1599188101954773	-256
1599188101954773	-256
1599188101954822	-589824
1599188101954834	102760448
1599188101954839	262144
1599188101955677	102760448
1599188101955691	6912
1599188101955754	-102760448
1599188101955756	-6912
1599188101955757	-262144
1599188101955782	262144
1599188101955788	262144
1599188101955801	4096
1599188101956790	-4096
1599188101956792	-262144
1599188101956799	-25690112
1599188101956842	-512
1599188101956870	-768
1599188101956956	-102760448
1599188101956992	-262144
1599188101957022	-102760448
1599188101957129	-262144
1599188101957144	102760448
1599188101957145	2048
1599188101957145	2560
1599188101957146	256
1599188101957165	256
1599188101957833	-102760448
1599188101957834	-2048
1599188101957835	-2048
1599188101957836	-256
1599188101957837	-256
1599188101957855	102760448
1599188101957856	2048
1599188101957856	2048
1599188101957857	256
1599188101957899	256
1599188101958056	-102760448
1599188101958058	-102760448
1599188101958058	-2048
1599188101958063	-2048
1599188101958065	-256
1599188101958065	-256
1599188101958083	205520896
1599188101958089	524288
1599188101958123	205520896
1599188101958928	-205520896
1599188101958930	-524288
1599188101958954	524288
1599188101958960	589824
1599188101958975	2560
1599188101959070	-2560
1599188101959073	-589824
1599188101959079	-102760448
1599188101959119	-2048
1599188101959214	-2560
1599188101959226	25690112
1599188101959230	262144
1599188101959256	34083584
1599188101959269	6912
1599188101959331	-25690112
1599188101959333	-6912
1599188101959334	-262144
1599188101959357	262144
1599188101959363	262144
1599188101959375	4608
1599188101961247	-4608
1599188101961249	-262144
1599188101961256	-102760448
1599188101961299	-2048
1599188101961326	-2048
1599188101961360	-524288
1599188101961588	-25690112
1599188101961617	-262144
1599188101961893	-524288
1599188101961904	25690112
1599188101961905	512
1599188101961905	512
1599188101961906	256
1599188101961928	256
1599188101961996	-34083584
1599188101961997	-25690112
1599188101961998	-512
1599188101961999	-512
1599188101962001	-256
1599188101962001	-256
1599188101962331	-262144
1599188101962347	34083584
1599188101962353	589824
1599188101962377	25690112
1599188101962391	117964800
1599188101963350	-34083584
1599188101963351	-117964800
1599188101963353	-589824
1599188101963377	589824
1599188101963383	1048576
1599188101963397	117964800
1599188101964355	-117964800
1599188101964357	-1048576
1599188101964368	-25690112
1599188101964432	-512
1599188101964466	-512
1599188101964498	-25690112
1599188101964528	-589824
1599188101964542	25690112
1599188101964543	512
1599188101964544	512
1599188101964544	256
1599188101964610	256
1599188101964701	-25690112
1599188101964702	-38525184
1599188101964703	-512
1599188101964703	-512
1599188101964705	-256
1599188101964705	-256
1599188101964772	-589824
1599188101964784	205520896
1599188101964789	131072
1599188101964812	205520896
1599188101965544	-205520896
1599188101965546	-131072
1599188101965570	131072
1599188101965576	131072
1599188101965590	4608
1599188101966488	-4608
1599188101966490	-131072
1599188101966497	-25690112
1599188101966538	-512
1599188101966572	-512
1599188101966603	-205520896
1599188101966632	-131072
1599188101966665	-205520896
1599188101966697	-131072
1599188101966709	205520896
1599188101966709	1024
1599188101966710	1024
1599188101966711	256
1599188101966781	256
1599188101966859	-205520896
1599188101966860	-1024
1599188101966860	-1024
1599188101966862	-256
1599188101966863	-256
1599188101966880	59773696
1599188101966886	65536
1599188101966911	51380224
1599188101966925	21248
1599188101967845	-59773696
1599188101967847	-21248
1599188101967848	-65536
1599188101967870	65536
1599188101967876	65536
1599188101967890	4608
1599188101968832	-4608
1599188101968833	-65536
1599188101968840	-205520896
1599188101968879	-1024
1599188101969131	-1024
1599188101969165	-51380224
1599188101969445	-65536
1599188101969462	51380224
1599188101969462	256
1599188101969463	256
1599188101969463	256
1599188101969482	256
1599188101969553	-51380224
1599188101969555	-51380224
1599188101969556	-256
1599188101969557	-256
1599188101969558	-256
1599188101969559	-256
1599188101969874	-65536
1599188101969885	51380224
1599188101969890	262144
1599188101969912	63051520
1599188101969928	89178112
1599188101970182	-51380224
1599188101970184	-89178112
1599188101970185	-262144
1599188101970216	262144
1599188101970223	262144
1599188101970238	5632
1599188101971859	-5632
1599188101971862	-262144
1599188101971869	-51380224
1599188101971910	-256
1599188101971940	-256
1599188101971972	-51380224
1599188101972006	-147456
1599188101972017	51380224
1599188101972018	256
1599188101972018	256
1599188101972019	256
1599188101972037	256
1599188101972106	-63051520
1599188101972107	-51380224
1599188101972108	-256
1599188101972109	-256
1599188101972111	-256
1599188101972111	-256
1599188101972158	-262144
1599188101972170	205520896
1599188101972175	65536
1599188101972203	205520896
1599188101972216	21248
1599188101972364	-205520896
1599188101972366	-21248
1599188101972367	-65536
1599188101972388	65536
1599188101972394	86784
1599188101972408	3072
1599188101974062	-3072
1599188101974065	-86784
1599188101974071	-51380224
1599188101974117	-256
1599188101974151	-256
1599188101974181	-205520896
1599188101974213	-65536
1599188101974242	-205520896
1599188101974275	-65536
1599188101974286	205520896
1599188101974287	1024
1599188101974287	1024
1599188101974288	256
1599188101974309	256
1599188101974375	-205520896
1599188101974376	-1024
1599188101974377	-1024
1599188101974379	-256
1599188101974379	-256
1599188101974397	63051520
1599188101974402	65536
1599188101974436	51380224
1599188101974449	21248
1599188101974514	-63051520
1599188101974516	-21248
1599188101974517	-65536
1599188101974542	65536
1599188101974548	86784
1599188101974561	3072
1599188101976445	-3072
1599188101976447	-86784
1599188101976454	-205520896
1599188101976492	-1024
1599188101976524	-1024
1599188101976556	-51380224
1599188101976784	-65536
1599188101976798	51380224
1599188101976799	256
1599188101976799	256
1599188101976800	256
1599188101976818	256
1599188101977148	-51380224
1599188101977150	-51380224
1599188101977150	-256
1599188101977151	-256
1599188101977153	-256
1599188101977153	-256
1599188101977199	-65536
1599188101977210	51380224
1599188101977215	152320
1599188101977236	65018624
1599188101977249	89178112
1599188101977716	-51380224
1599188101977718	-89178112
1599188101977720	-152320
1599188101977748	152320
1599188101977754	262144
1599188101977768	5632
1599188101980892	-5632
1599188101980895	-262144
1599188101980902	-51380224
1599188101980943	-256
1599188101980977	-256
1599188101982810	-51380224
1599188101982843	-147456
1599188101982859	51380224
1599188101982859	256
1599188101982860	256
1599188101982861	256
1599188101982879	256
1599188101982945	-65018624
1599188101982946	-51380224
1599188101982947	-256
1599188101982948	-256
1599188101982950	-256
1599188101982950	-256
1599188101982996	-152320
1599188101983009	205520896
1599188101983015	65536
1599188101983042	205520896
1599188101983055	21248
1599188101983892	-205520896
1599188101983894	-21248
1599188101983896	-65536
1599188101983918	65536
1599188101983925	82432
1599188101983939	3072
1599188101984896	-3072
1599188101984898	-82432
1599188101984904	-51380224
1599188101984948	-256
1599188101984979	-256
1599188101985013	-205520896
1599188101985045	-65536
1599188101985077	-205520896
1599188101985108	-65536
1599188101985118	205520896
1599188101985119	1024
1599188101985123	1024
1599188101985124	256
1599188101985198	256
1599188101985271	-205520896
1599188101985272	-1024
1599188101985272	-1024
1599188101985274	-256
1599188101985274	-256
1599188101985292	205520896
1599188101985293	1024
1599188101985293	1024
1599188101985294	256
1599188101985315	256
1599188101985422	-205520896
1599188101985424	-205520896
1599188101985425	-1024
1599188101985425	-1024
1599188101985426	-256
1599188101985427	-256
1599188101985449	65018624
1599188101985455	65536
1599188101985479	51380224
1599188101985493	21248
1599188101986283	-65018624
1599188101986285	-21248
1599188101986286	-65536
1599188101986310	65536
1599188101986316	82432
1599188101986330	3072
1599188101987228	-3072
1599188101987230	-82432
1599188101987236	-205520896
1599188101987274	-1024
1599188101987316	-1024
1599188101987326	65018624
1599188101987331	82432
1599188101987357	51380224
1599188101987369	21248
1599188101987514	-65018624
1599188101987516	-21248
1599188101987517	-82432
1599188101987537	82432
1599188101987543	65536
1599188101987556	3072
1599188101988788	-3072
1599188101988790	-65536
1599188101988797	-205520896
1599188101988839	-1024
1599188101989348	-1024
1599188101989382	-65536
1599188101989418	-51380224
1599188101989446	-65536
1599188101989959	-65536
1599188101989970	51380224
1599188101989971	256
1599188101989972	256
1599188101989976	256
1599188101989995	256
1599188101990610	-51380224
1599188101990611	-51380224
1599188101990612	-256
1599188101990613	-256
1599188101990614	-256
1599188101990615	-256
1599188101990656	-82432
1599188101990672	51380224
1599188101990678	152320
1599188101990699	72705024
1599188101990714	89178112
1599188101991543	-51380224
1599188101991545	-89178112
1599188101991546	-152320
1599188101991568	152320
1599188101991574	262144
1599188101991589	5632
1599188101992312	-5632
1599188101992314	-262144
1599188101992321	-51380224
1599188101992359	-256
1599188101992392	-256
1599188101993288	-51380224
1599188101993316	-147456
1599188101993331	51380224
1599188101993332	256
1599188101993333	256
1599188101993333	256
1599188101993351	256
1599188101993417	-72705024
1599188101993418	-51380224
1599188101993419	-256
1599188101993420	-256
1599188101993421	-256
1599188101993422	-256
1599188101993478	-152320
1599188101993494	75326976
1599188101993499	16384
1599188101993521	51380224
1599188101993534	21248
1599188101993730	-75326976
1599188101993731	-21248
1599188101993732	-16384
1599188101993756	16384
1599188101993762	16384
1599188101993775	3072
1599188101994680	-3072
1599188101994682	-16384
1599188101994689	-51380224
1599188101994882	-256
1599188101995070	-256
1599188101995738	-51380224
1599188101995768	-16384
1599188101995781	205520896
1599188101995850	-51380224
1599188101995851	-51380224
1599188101995896	-16384
1599188101995948	-205520896
1599188101995958	256901120
1599188101995959	256
1599188101995960	256
1599188101995960	256
1599188101995984	256
1599188101996050	-205520896
1599188101996051	-205520896
1599188101996052	-256
1599188101996052	-256
1599188101996054	-256
1599188101996054	-256
1599188101996071	37632
1599188101996078	37632
1599188101996092	35840
1599188101996257	-35840
1599188101996260	-37632
1599188101996266	-40627200
1599188101996267	-256901120
1599188101997354	-256
1599188101997380	-256
1599188101997414	-37632
1599188101997445	-256
1599188101997446	-37632
