1601349475668366	256
1601349475668482	512
1601349475668675	256
1601349475668701	-256
1601349475668951	256
1601349475669031	256
1601349475669105	256
1601349475669150	256
1601349475669245	-256
1601349475669367	256
1601349475669455	-256
1601349475669554	256
1601349475669639	-256
1601349475669766	256
1601349475669909	256
1601349475669976	256
1601349475670168	-256
1601349475670170	-256
1601349475670170	-256
1601349475670173	-256
1601349475670199	256
1601349475670448	-256
1601349475670481	-256
1601349475670541	-256
1601349475671078	256
1601349475671084	256
1601349475671205	-256
1601349475671231	37632
1601349475671288	256
1601349475671332	16384
1601349475671377	256
1601349475671412	9216
1601349475671494	-9216
1601349475671515	4194304
1601349475671568	256
1601349475671581	9216
1601349475671639	-9216
1601349475671658	9437184
1601349475671704	256
1601349475671706	256
1601349475671753	-256
1601349475671769	65536
1601349475671816	51781632
1601349475671898	256
1601349475671900	256
1601349475671953	-256
1601349475671971	147456
1601349475672017	256
1601349475672018	256
1601349475672065	-256
1601349475672082	65536
1601349475672122	256
1601349475672136	9216
1601349475672191	-9216
1601349475672208	4194304
1601349475672252	256
1601349475672254	256
1601349475672300	-256
1601349475672316	65536
1601349475672357	256
1601349475672358	256
1601349475672403	-256
1601349475672419	65536
1601349475672460	256
1601349475672462	256
1601349475672511	-256
1601349475672527	147456
1601349475672570	256
1601349475672572	256
1601349475672618	-256
1601349475672635	1048576
1601349475672676	256
1601349475672689	9216
1601349475672745	-9216
1601349475672763	8200192
1601349475672807	256
1601349475672809	256
1601349475672855	-256
1601349475672872	65536
1601349475672912	256
1601349475672914	256
1601349475672957	-256
1601349475672973	524288
1601349475673016	256
1601349475673029	9216
1601349475673084	-9216
1601349475673101	4194304
1601349475673145	256
1601349475673147	256
1601349475673194	-256
1601349475673211	147456
1601349475673253	256
1601349475673293	4096
1601349475673332	256
1601349475673333	256
1601349475673377	-256
1601349475673393	65536
1601349475673432	256
1601349475673434	256
1601349475673478	-256
1601349475673494	1048576
1601349475673535	256
1601349475673548	9216
1601349475673602	-9216
1601349475673620	9437184
1601349475673663	256
1601349475673675	9216
1601349475673729	-9216
1601349475673750	9437184
1601349475673795	256
1601349475673797	256
1601349475673842	-256
1601349475673858	131072
1601349475673901	256
1601349475673903	256
1601349475673947	-256
1601349475673964	262144
1601349475674010	256
1601349475674012	256
1601349475674057	-256
1601349475674074	262144
1601349475674138	256
1601349475674141	256
1601349475674188	-256
1601349475674206	589824
1601349475674250	256
1601349475674252	256
1601349475674297	-256
1601349475674315	589824
1601349475674360	256
1601349475674362	256
1601349475674408	-256
1601349475674426	589824
1601349475674469	256
1601349475674471	256
1601349475674518	-256
1601349475674535	262144
1601349475674580	256
1601349475674582	256
1601349475674639	-256
1601349475674656	262144
1601349475674696	256
1601349475674698	256
1601349475674740	-256
1601349475674756	589824
1601349475674796	256
1601349475674798	256
1601349475674841	-256
1601349475674856	262144
1601349475674896	256
1601349475674898	256
1601349475674940	-256
1601349475674956	1048576
1601349475674996	256
1601349475674998	256
1601349475675040	-256
1601349475675056	262144
1601349475675097	256
1601349475675099	256
1601349475675140	-256
1601349475675156	262144
1601349475675194	256
1601349475675207	9216
1601349475675267	-9216
1601349475675287	2097152
1601349475675330	256
1601349475675341	9216
1601349475675392	-9216
1601349475675409	2359296
1601349475675451	256
1601349475675453	256
1601349475675495	-256
1601349475675510	1048576
1601349475675553	256
1601349475675555	256
1601349475675597	-256
1601349475675613	1048576
1601349475675653	256
1601349475675655	256
1601349475675696	-256
1601349475675712	1048576
1601349475675751	256
1601349475675753	256
1601349475675805	-256
1601349475675820	1048576
1601349475675859	256
1601349475675871	9216
1601349475675922	-9216
1601349475675938	2359296
1601349475675977	256
1601349475675988	9216
1601349475676038	-9216
1601349475676055	2359296
1601349475676094	256
1601349475676096	256
1601349475676139	-256
1601349475676156	524288
1601349475676195	256
1601349475676206	9216
1601349475676258	-9216
1601349475676277	2359296
1601349475676319	256
1601349475676320	256
1601349475676363	-256
1601349475676378	1048576
1601349475676418	256
1601349475676429	9216
1601349475676480	-9216
1601349475676496	2359296
1601349475676536	256
1601349475676547	9216
1601349475676599	-9216
1601349475676619	2359296
1601349475676663	256
1601349475676675	9216
1601349475676727	-9216
1601349475676744	2097152
1601349475676785	256
1601349475676797	9216
1601349475676847	-9216
1601349475676864	4194304
1601349475676905	256
1601349475676906	256
1601349475676949	-256
1601349475676966	1048576
1601349475677005	256
1601349475677007	256
1601349475677049	-256
1601349475677064	1048576
1601349475677103	256
1601349475677105	256
1601349475677198	-256
1601349475677214	1048576
1601349475679625	256
1601349475679645	9216
1601349475679719	-9216
1601349475679745	8388608
1601349475679798	256
1601349475679810	9216
1601349475679865	-9216
1601349475679885	4194304
1601349475679941	54593024
1601349475680013	-51781632
1601349475680227	-256
1601349475680228	-256
1601349475680229	-256
1601349475680231	-256
1601349475680232	-256
1601349475680232	-256
1601349475680233	-256
1601349475680234	-256
1601349475680235	-256
1601349475680236	-256
1601349475680236	-256
1601349475680237	-256
1601349475680238	-256
1601349475680239	-256
1601349475680240	-256
1601349475680240	-256
1601349475680241	-256
1601349475680242	-256
1601349475680243	-256
1601349475680244	-256
1601349475680245	-256
1601349475680245	-256
1601349475680246	-256
1601349475680247	-256
1601349475680248	-256
1601349475680249	-256
1601349475680250	-256
1601349475680251	-256
1601349475680251	-256
1601349475680252	-256
1601349475680253	-256
1601349475680254	-256
1601349475680255	-256
1601349475680256	-256
1601349475680256	-256
1601349475680257	-256
1601349475680258	-256
1601349475680259	-256
1601349475680260	-256
1601349475680261	-256
1601349475680261	-256
1601349475680262	-256
1601349475680263	-256
1601349475680264	-256
1601349475680265	-256
1601349475680266	-256
1601349475680266	-256
1601349475680267	-256
1601349475680268	-256
1601349475680269	-256
1601349475680270	-256
1601349475680272	-256
1601349475680273	-256
1601349475680273	-256
1601349475680305	276168704
1601349475680317	37632
1601349475680402	75520
1601349475680510	-75520
1601349475680515	-37632
1601349475680612	276168704
1601349475680613	256
1601349475680614	256
1601349475680615	256
1601349475680616	256
1601349475680929	69042176
1601349475681128	276168704
1601349475681135	65536
1601349475681187	18944
1601349475681284	-18944
1601349475681287	-65536
1601349475681333	69042176
1601349475681339	16384
1601349475681390	18944
1601349475681457	-18944
1601349475681460	-16384
1601349475681537	-256
1601349475681575	-256
1601349475681589	276168704
1601349475681591	1024
1601349475681592	1024
1601349475681594	1024
1601349475681595	1024
1601349475681721	69042176
1601349475681722	256
1601349475681723	256
1601349475681724	256
1601349475681725	256
1601349475682138	69042176
1601349475682144	147456
1601349475682197	113688576
1601349475682581	-113688576
1601349475682585	-147456
1601349475682756	-1024
1601349475682792	-1024
1601349475682805	69042176
1601349475682807	256
1601349475682807	256
1601349475682808	256
1601349475682809	256
1601349475682962	-256
1601349475683000	-256
1601349475683129	276168704
1601349475683135	65536
1601349475683187	18944
1601349475683258	-18944
1601349475683262	-65536
1601349475683406	276168704
1601349475683407	1024
1601349475683408	1024
1601349475683409	1024
1601349475683410	1024
1601349475683566	-256
1601349475683605	-256
1601349475683656	-276168704
1601349475683859	69042176
1601349475683865	65536
1601349475683915	18944
1601349475683988	-18944
1601349475683991	-65536
1601349475684075	-1024
1601349475684114	-1024
1601349475684128	69042176
1601349475684129	256
1601349475684130	256
1601349475684131	256
1601349475684132	256
1601349475684386	69042176
1601349475684392	147456
1601349475684443	113688576
1601349475684770	-113688576
1601349475684773	-147456
1601349475684924	69042176
1601349475684926	256
1601349475684926	256
1601349475684927	256
1601349475684928	256
1601349475685085	-256
1601349475685122	-256
1601349475685281	276168704
1601349475685288	65536
1601349475685340	18944
1601349475685411	-18944
1601349475685414	-65536
1601349475685558	276168704
1601349475685560	1024
1601349475685561	1024
1601349475685562	1024
1601349475685563	1024
1601349475685713	-256
1601349475685754	-256
1601349475686012	69042176
1601349475686018	65536
1601349475686069	18944
1601349475686154	-18944
1601349475686157	-65536
1601349475686245	-1024
1601349475686282	-1024
1601349475686300	69042176
1601349475686301	256
1601349475686302	256
1601349475686303	256
1601349475686304	256
1601349475686602	69042176
1601349475686608	147456
1601349475686668	113688576
1601349475686975	-113688576
1601349475686979	-147456
1601349475687118	69042176
1601349475687120	256
1601349475687121	256
1601349475687121	256
1601349475687123	256
1601349475687262	-256
1601349475687301	-256
1601349475687421	276168704
1601349475687427	65536
1601349475687472	18944
1601349475687539	-18944
1601349475687543	-65536
1601349475687668	276168704
1601349475687670	1024
1601349475687671	1024
1601349475687672	1024
1601349475687673	1024
1601349475687814	-256
1601349475687850	-256
1601349475688096	138084352
1601349475688102	524288
1601349475688148	4864
1601349475688212	-4864
1601349475688216	-524288
1601349475688244	51771648
1601349475688250	131072
1601349475688296	4864
1601349475688357	-4864
1601349475688359	-131072
1601349475688445	-1024
1601349475688479	-1024
1601349475688492	138084352
1601349475688493	2048
1601349475688494	2048
1601349475688495	2048
1601349475688496	2048
1601349475688606	34521088
1601349475688607	512
1601349475688608	512
1601349475688609	512
1601349475688610	512
1601349475688965	34521088
1601349475688971	589824
1601349475689017	175767552
1601349475689147	-175767552
1601349475689150	-589824
1601349475689296	-2048
1601349475689329	-2048
1601349475689344	34521088
1601349475689345	512
1601349475689346	512
1601349475689347	512
1601349475689348	512
1601349475689524	-512
1601349475689562	-512
1601349475689680	138084352
1601349475689686	262144
1601349475689733	4864
1601349475689799	-4864
1601349475689802	-262144
1601349475689931	138084352
1601349475689932	2048
1601349475689933	2048
1601349475689934	2048
1601349475689935	2048
1601349475690073	-512
1601349475690121	-512
1601349475690163	-138084352
1601349475690355	34521088
1601349475690361	262144
1601349475690409	4864
1601349475690475	-4864
1601349475690479	-262144
1601349475690559	-2048
1601349475690592	-2048
1601349475690605	34521088
1601349475690607	512
1601349475690607	512
1601349475690608	512
1601349475690609	512
1601349475690856	34521088
1601349475690862	589824
1601349475690908	175767552
1601349475691008	-175767552
1601349475691012	-589824
1601349475691146	34523136
1601349475691147	512
1601349475691148	512
1601349475691149	512
1601349475691150	512
1601349475691289	-512
1601349475691324	-512
1601349475691451	138084352
1601349475691456	262144
1601349475691503	4864
1601349475691570	-4864
1601349475691573	-262144
1601349475691697	138084352
1601349475691698	2048
1601349475691700	2048
1601349475691701	2048
1601349475691702	2048
1601349475691840	-512
1601349475691874	-512
1601349475692100	34521088
1601349475692105	262144
1601349475692151	4864
1601349475692216	-4864
1601349475692219	-262144
1601349475692301	-2048
1601349475692334	-2048
1601349475692350	34521088
1601349475692351	512
1601349475692352	512
1601349475692353	512
1601349475692353	512
1601349475692580	34521088
1601349475692586	589824
1601349475692631	175767552
1601349475692729	-175767552
1601349475692733	-589824
1601349475692857	34521088
1601349475692859	512
1601349475692859	512
1601349475692860	512
1601349475692862	512
1601349475693003	-512
1601349475693037	-512
1601349475693165	138084352
1601349475693171	262144
1601349475693217	4864
1601349475693282	-4864
1601349475693285	-262144
1601349475693414	138084352
1601349475693415	2048
1601349475693416	2048
1601349475693417	2048
1601349475693418	2048
1601349475693557	-512
1601349475693592	-512
1601349475693824	34521088
1601349475693830	262144
1601349475693875	4864
1601349475693939	-4864
1601349475693942	-262144
1601349475694015	-2048
1601349475694054	-2048
1601349475694066	34521088
1601349475694067	512
1601349475694068	512
1601349475694069	512
1601349475694070	512
1601349475694311	34521088
1601349475694316	589824
1601349475694363	175767552
1601349475694461	-175767552
1601349475694464	-589824
1601349475694593	34521088
1601349475694595	512
1601349475694596	512
1601349475694597	512
1601349475694597	512
1601349475694735	-512
1601349475694774	-512
1601349475694899	138084352
1601349475694905	262144
1601349475694950	4864
1601349475695015	-4864
1601349475695018	-262144
1601349475695143	138084352
1601349475695144	2048
1601349475695145	2048
1601349475695146	2048
1601349475695148	2048
1601349475695284	-512
1601349475695319	-512
1601349475695552	69042176
1601349475695558	2097152
1601349475695604	1280
1601349475695669	-1280
1601349475695672	-2097152
1601349475695747	17260544
1601349475695752	524288
1601349475695799	1280
1601349475695861	-1280
1601349475695864	-524288
1601349475695919	-2048
1601349475695954	-2048
1601349475695969	69042176
1601349475695970	4096
1601349475695971	4096
1601349475695972	4096
1601349475695973	4096
1601349475696070	17260544
1601349475696072	1024
1601349475696073	1024
1601349475696074	1024
1601349475696074	1024
1601349475696427	17260544
1601349475696433	2359296
1601349475696478	122683392
1601349475696577	-122683392
1601349475696580	-2359296
1601349475696734	-4096
1601349475696767	-4096
1601349475696780	17260544
1601349475696782	1024
1601349475696782	1024
1601349475696783	1024
1601349475696784	1024
1601349475696905	-1024
1601349475696939	-1024
1601349475697055	69042176
1601349475697061	1048576
1601349475697105	1280
1601349475697170	-1280
1601349475697173	-1048576
1601349475697305	69042176
1601349475697306	6144
1601349475697307	4096
1601349475697308	4096
1601349475697309	4096
1601349475697431	-1024
1601349475697470	-1024
1601349475697509	-69042176
1601349475697699	17260544
1601349475697705	1048576
1601349475697749	2048
1601349475697813	-2048
1601349475697816	-1048576
1601349475697890	-6144
1601349475697923	-4096
1601349475697936	17260544
1601349475697937	1024
1601349475697938	1024
1601349475697939	1024
1601349475697940	1024
1601349475698163	17260544
1601349475698169	2359296
1601349475698215	122683392
1601349475698312	-122683392
1601349475698315	-2359296
1601349475698448	17264640
1601349475698450	1024
1601349475698451	1024
1601349475698452	1024
1601349475698452	1024
1601349475698577	-1024
1601349475698612	-1024
1601349475698773	69042176
1601349475698778	1048576
1601349475698824	2048
1601349475698890	-2048
1601349475698892	-1048576
1601349475699025	69042176
1601349475699026	4096
1601349475699028	4096
1601349475699029	4096
1601349475699030	4096
1601349475699153	-1024
1601349475699192	-1024
1601349475699425	17260544
1601349475699431	1048576
1601349475699475	2048
1601349475699540	-2048
1601349475699542	-1048576
1601349475699617	-4096
1601349475699650	-4096
1601349475699663	17260544
1601349475699664	1024
1601349475699665	1024
1601349475699666	1024
1601349475699667	1024
1601349475699876	17260544
1601349475699882	2359296
1601349475699926	122683392
1601349475700025	-122683392
1601349475700028	-2359296
1601349475700158	17260544
1601349475700159	1024
1601349475700160	1024
1601349475700160	1024
1601349475700162	1024
1601349475700283	-1024
1601349475700317	-1024
1601349475700441	69042176
1601349475700447	1048576
1601349475700492	1280
1601349475700556	-1280
1601349475700560	-1048576
1601349475700688	69042176
1601349475700689	6144
1601349475700690	4096
1601349475700691	4096
1601349475700692	4096
1601349475700812	-1024
1601349475700847	-1024
1601349475701070	17260544
1601349475701075	1048576
1601349475701119	2048
1601349475701184	-2048
1601349475701187	-1048576
1601349475701261	-6144
1601349475701312	-4096
1601349475701325	17260544
1601349475701326	1024
1601349475701327	1024
1601349475701328	1024
1601349475701329	1024
1601349475701541	17260544
1601349475701547	2359296
1601349475701592	122683392
1601349475701691	-122683392
1601349475701695	-2359296
1601349475701822	17260544
1601349475701824	1024
1601349475701825	1024
1601349475701827	1024
1601349475701827	1024
1601349475701950	-1024
1601349475701985	-1024
1601349475702117	69042176
1601349475702123	1048576
1601349475702170	1280
1601349475702236	-1280
1601349475702239	-1048576
1601349475702370	69042176
1601349475702371	6144
1601349475702372	4096
1601349475702373	4096
1601349475702374	4096
1601349475702496	-1024
1601349475702530	-1024
1601349475702761	17260544
1601349475702767	1048576
1601349475702812	2048
1601349475702877	-2048
1601349475702880	-1048576
1601349475702958	-6144
1601349475702994	-4096
1601349475703006	17260544
1601349475703008	1024
1601349475703008	1024
1601349475703009	1024
1601349475703010	1024
1601349475704346	17260544
1601349475704352	2359296
1601349475704598	122683392
1601349475704699	-122683392
1601349475704702	-2359296
1601349475706108	17260544
1601349475706109	1024
1601349475706110	1024
1601349475706111	1024
1601349475706112	1024
1601349475707478	-1024
1601349475707514	-1024
1601349475709121	69042176
1601349475709126	1048576
1601349475710155	1280
1601349475710219	-1280
1601349475710223	-1048576
1601349475710343	69042176
1601349475710344	6144
1601349475710345	4096
1601349475710346	4096
1601349475710347	4096
1601349475711417	-1024
1601349475711452	-1024
1601349475713950	17260544
1601349475713956	1048576
1601349475714000	2048
1601349475714391	-2048
1601349475714394	-1048576
1601349475714646	-6144
1601349475714681	-4096
1601349475714693	17260544
1601349475714694	1024
1601349475714695	1024
1601349475714696	1024
1601349475714697	1024
1601349475714905	17260544
1601349475714910	2359296
1601349475716137	122683392
1601349475719124	-122683392
1601349475719127	-2359296
1601349475719253	17260544
1601349475719254	1024
1601349475719255	1024
1601349475719256	1024
1601349475719257	1024
1601349475720241	-1024
1601349475720273	-1024
1601349475720386	69042176
1601349475720392	1048576
1601349475722618	1280
1601349475722680	-1280
1601349475722683	-1048576
1601349475723299	69042176
1601349475723300	6144
1601349475723301	4096
1601349475723302	4096
1601349475723303	4096
1601349475724271	-1024
1601349475724303	-1024
1601349475724559	34521088
1601349475724565	8388608
1601349475724736	512
1601349475725474	-512
1601349475725477	-8388608
1601349475725533	8630272
1601349475725538	2097152
1601349475725774	512
1601349475725834	-512
1601349475725836	-2097152
1601349475725898	-6144
1601349475726030	-4096
1601349475726041	34521088
1601349475726042	8192
1601349475726043	8192
1601349475726044	8192
1601349475726045	8192
1601349475726154	8630272
1601349475726155	2048
1601349475726156	2048
1601349475726157	2048
1601349475726158	2048
1601349475727492	8630272
1601349475727497	9437184
1601349475728208	94371840
1601349475729013	-94371840
1601349475729017	-9437184
1601349475729595	-8192
1601349475729626	-8192
1601349475729638	8630272
1601349475729639	2048
1601349475729640	2048
1601349475729641	2048
1601349475729642	2048
1601349475729763	-2048
1601349475730742	-2048
1601349475731121	34521088
1601349475731126	4194304
1601349475731168	512
1601349475731227	-512
1601349475731230	-4194304
1601349475731464	34521088
1601349475731465	12288
1601349475731466	8192
1601349475731467	8192
1601349475731468	8192
1601349475732444	-2048
1601349475732479	-2048
1601349475732679	-34521088
1601349475732920	8630272
1601349475732925	4194304
1601349475732967	512
1601349475734141	-512
1601349475734144	-4194304
1601349475734216	-12288
1601349475734914	-8192
1601349475734927	8630272
1601349475734928	2048
1601349475734928	2048
1601349475734929	2048
1601349475734930	2048
1601349475735752	8630272
1601349475735758	9437184
1601349475735800	94371840
1601349475736322	-94371840
1601349475736325	-9437184
1601349475737466	8638464
1601349475737468	2048
1601349475737469	2048
1601349475737470	2048
1601349475737470	2048
1601349475737680	-2048
1601349475737828	-2048
1601349475737936	34521088
1601349475737942	4194304
1601349475738150	512
1601349475738889	-512
1601349475738892	-4194304
1601349475739218	34521088
1601349475739219	8192
1601349475739221	8192
1601349475739221	8192
1601349475739222	8192
1601349475739463	-2048
1601349475739496	-2048
1601349475740865	8630272
1601349475740871	4194304
1601349475740914	512
1601349475741624	-512
1601349475741628	-4194304
1601349475742386	-8192
1601349475742422	-8192
1601349475742434	8630272
1601349475742435	2048
1601349475742435	2048
1601349475742436	2048
1601349475742437	2048
1601349475742995	8630272
1601349475743000	9437184
1601349475743040	94371840
1601349475744148	-94371840
1601349475744151	-9437184
1601349475744548	8630272
1601349475744549	2048
1601349475744550	2048
1601349475744550	2048
1601349475744551	2048
1601349475744659	-2048
1601349475744689	-2048
1601349475745579	34521088
1601349475745584	4194304
1601349475745865	512
1601349475746109	-512
1601349475746112	-4194304
1601349475746257	34521088
1601349475746258	12288
1601349475746259	8192
1601349475746260	8192
1601349475746261	8192
1601349475746375	-2048
1601349475746405	-2048
1601349475749110	-12288
1601349475749140	-8192
1601349475749155	704512
1601349475749237	344576
1601349475749719	512
1601349475749721	512
1601349475752758	-512
1601349475752767	-512
1601349475752840	256
1601349475753117	-512
1601349475753129	4096
1601349475753226	704512
1601349475753289	8200192
1601349475753330	-704512
1601349475753331	-344576
1601349475753424	-4096
1601349475753469	-8200192
1601349475753503	-256
1601349475753549	-4096
1601349475753561	34521088
1601349475753609	-704512
1601349475753651	-8200192
1601349475754449	-34521088
1601349475754471	34529280
1601349475754472	12288
1601349475754473	8192
1601349475754473	256
1601349475754610	256
1601349475754689	-34521088
1601349475754691	-8192
1601349475754692	-8192
1601349475754694	-256
1601349475754695	-256
1601349475754787	9970176
1601349475754799	8192000
1601349475754833	8630272
1601349475754857	4096
1601349475754945	-9970176
1601349475754948	-4096
1601349475754949	-8192000
1601349475754977	8192000
1601349475754987	4194304
1601349475755009	4096
1601349475755147	-4096
1601349475755150	-4194304
1601349475755159	-34529280
1601349475755207	-12288
1601349475756073	-8192
1601349475756107	-8630272
1601349475756138	-4194304
1601349475756148	8630272
1601349475756149	2048
1601349475756150	2048
1601349475756151	256
1601349475756439	256
1601349475756503	-8630272
1601349475756505	-8630272
1601349475756505	-2048
1601349475756506	-2048
1601349475756508	-256
1601349475756509	-256
1601349475756846	-8192000
1601349475756858	8630272
1601349475756866	9437184
1601349475756894	8630272
1601349475756912	94371840
1601349475757162	-8630272
1601349475757165	-94371840
1601349475757166	-9437184
1601349475757193	9437184
1601349475757202	9437184
1601349475757220	88473600
1601349475758379	-88473600
1601349475758383	-9437184
1601349475758391	-8630272
1601349475758453	-2048
1601349475758486	-2048
1601349475758518	-8630272
1601349475758549	-9437184
1601349475758560	9437184
1601349475758560	2048
1601349475758561	2048
1601349475758562	256
1601349475758651	256
1601349475759593	-8630272
1601349475759595	-8630272
1601349475759596	-2048
1601349475759597	-2048
1601349475759599	-256
1601349475759599	-256
1601349475759756	-9437184
1601349475759767	34521088
1601349475759773	4194304
1601349475759800	34521088
1601349475759816	4096
1601349475759892	-34521088
1601349475759895	-4096
1601349475759896	-4194304
1601349475759921	4194304
1601349475759928	8200192
1601349475759944	4096
1601349475760065	-4096
1601349475760068	-8200192
1601349475760075	-9437184
1601349475760119	-2048
1601349475761207	-2048
1601349475761240	-34521088
1601349475761271	-4194304
1601349475761582	-34521088
1601349475761617	-4194304
1601349475761628	34537472
1601349475761629	8192
1601349475761630	8192
1601349475761631	256
1601349475761653	256
1601349475762021	-34521088
1601349475762022	-8192
1601349475762023	-8192
1601349475762025	-256
1601349475762025	-256
1601349475762046	9437184
1601349475762052	4194560
1601349475762082	8630272
1601349475765249	4096
1601349475765336	-9437184
1601349475765338	-4096
1601349475765339	-4194560
1601349475765374	4194560
1601349475765382	8200192
1601349475765398	4096
1601349475765528	-4096
1601349475765531	-8200192
1601349475765539	-34537472
1601349475765590	-8192
1601349475765623	-8192
1601349475765658	-8638464
1601349475765688	-4194304
1601349475765700	8638464
1601349475765700	2048
1601349475765701	2048
1601349475765702	256
1601349475765723	256
1601349475765795	-8630272
1601349475765797	-8630272
1601349475765797	-2048
1601349475765799	-2048
1601349475765800	-256
1601349475765801	-256
1601349475765846	-4194560
1601349475765858	8630272
1601349475765865	9437184
1601349475765890	8630272
1601349475765907	173986304
1601349475766005	-8630272
1601349475766007	-173986304
1601349475766008	-9437184
1601349475766037	9437184
1601349475766045	9437184
1601349475766061	164549120
1601349475766194	-164549120
1601349475766196	-9437184
1601349475766206	-8638464
1601349475766254	-2048
1601349475766375	-2048
1601349475766406	-8630272
1601349475766722	-9437184
1601349475766742	9437696
1601349475766743	2048
1601349475766744	2048
1601349475766744	256
1601349475766767	256
1601349475767128	-8630272
1601349475767130	-8630272
1601349475767130	-2048
1601349475767131	-2048
1601349475767133	-256
1601349475767133	-256
1601349475767180	-9437184
1601349475767192	34529280
1601349475767198	4194304
1601349475767225	34521088
1601349475767240	4096
1601349475767435	-34529280
1601349475767437	-4096
1601349475767438	-4194304
1601349475767464	4194304
1601349475767471	4194560
1601349475767486	4096
1601349475768793	-4096
1601349475768796	-4194560
1601349475768803	-9437696
1601349475768890	-2048
1601349475768958	-2048
1601349475768989	-34521088
1601349475769019	-4194304
1601349475769051	-34521088
1601349475769164	-4194304
1601349475769174	34521088
1601349475769175	12288
1601349475769176	8192
1601349475769177	256
1601349475769198	256
1601349475770271	-34521088
1601349475770273	-8192
1601349475770274	-8192
1601349475770276	-256
1601349475770276	-256
1601349475770293	34521088
1601349475770294	8192
1601349475770295	8192
1601349475770295	256
1601349475770319	256
1601349475770390	-34521088
1601349475770391	-34521088
1601349475770392	-8192
1601349475770393	-8192
1601349475770397	-256
1601349475770397	-256
1601349475770415	69042176
1601349475770421	9437184
1601349475770450	69042176
1601349475770596	-69042176
1601349475770599	-9437184
1601349475770629	9437184
1601349475770636	9437696
1601349475770653	4096
1601349475771706	-4096
1601349475771709	-9437696
1601349475771717	-34521088
1601349475771761	-12288
1601349475771790	-8192
1601349475771801	9437696
1601349475771807	4194304
1601349475772079	8630272
1601349475772094	4096
1601349475772478	-9437696
1601349475772480	-4096
1601349475772481	-4194304
1601349475772504	4194304
1601349475772511	4194560
1601349475772524	4096
1601349475772787	-4096
1601349475772789	-4194560
1601349475772797	-34521088
1601349475772838	-8192
1601349475772868	-8192
1601349475773902	-8388608
1601349475773937	-8630272
1601349475773968	-4194304
1601349475774026	-9437184
1601349475774035	9437184
1601349475774035	2048
1601349475774036	2048
1601349475774037	256
1601349475774100	256
1601349475774162	-8630272
1601349475774164	-8630272
1601349475774165	-2048
1601349475774166	-2048
1601349475774168	-256
1601349475774168	-256
1601349475774209	-4194304
1601349475774219	9437696
1601349475774225	12583424
1601349475774298	8630272
1601349475774314	94371840
1601349475775414	-9437696
1601349475775416	-94371840
1601349475775417	-12583424
1601349475775442	9437696
1601349475775449	12583424
1601349475775464	88473600
1601349475775598	-88473600
1601349475775601	-12583424
1601349475775609	-9437184
1601349475775651	-2048
1601349475775684	-2048
1601349475775732	-8630272
1601349475775770	-9437184
1601349475775781	9437184
1601349475775782	2048
1601349475775782	2048
1601349475775783	256
1601349475776896	256
1601349475777213	-8630272
1601349475777215	-8630272
1601349475777216	-2048
1601349475777216	-2048
1601349475777219	-256
1601349475777219	-256
1601349475777265	-9437696
1601349475777276	69042176
1601349475777282	2097152
1601349475777306	103596032
1601349475777660	-69042176
1601349475777662	-2097152
1601349475777688	2097152
1601349475777695	2097152
1601349475777711	4352
1601349475777934	-4352
1601349475777936	-2097152
1601349475777944	-9437184
1601349475777985	-2048
1601349475778015	-2048
1601349475779054	-103596032
1601349475779086	-2097152
1601349475779153	-69042176
1601349475779224	-2097152
1601349475779233	69046272
1601349475779234	4352
1601349475779235	6144
1601349475779235	256
1601349475779256	256
1601349475779344	-69042176
1601349475779345	-4096
1601349475779346	-4096
1601349475779348	-256
1601349475779348	-256
1601349475779365	18875136
1601349475779372	1048576
1601349475779400	17260544
1601349475779415	3584
1601349475780368	-18875136
1601349475780371	-3584
1601349475780372	-1048576
1601349475780396	1048576
1601349475780403	1048576
1601349475780419	2560
1601349475780696	-2560
1601349475780699	-1048576
1601349475780707	-69046272
1601349475780753	-4352
1601349475780783	-6144
1601349475780817	-17260544
1601349475780850	-1048576
1601349475780860	17260544
1601349475780861	1024
1601349475780861	1024
1601349475780862	256
1601349475780886	256
1601349475780961	-17260544
1601349475780963	-17260544
1601349475780964	-1024
1601349475780964	-1024
1601349475780966	-256
1601349475780967	-256
1601349475782042	-1048576
1601349475782052	17260544
1601349475782058	4194304
1601349475782087	19923712
1601349475782110	122683392
1601349475782452	-17260544
1601349475782455	-122683392
1601349475782456	-4194304
1601349475782480	4194304
1601349475782487	4194560
1601349475782503	110886912
1601349475783124	-110886912
1601349475783127	-4194560
1601349475783136	-17260544
1601349475783186	-1024
1601349475783227	-1024
1601349475783261	-17260544
1601349475785466	-2359296
1601349475785480	17260544
1601349475785481	1024
1601349475785481	1024
1601349475785482	256
1601349475785503	256
1601349475785577	-19923712
1601349475785578	-17260544
1601349475785579	-1024
1601349475785580	-1024
1601349475785581	-256
1601349475785582	-256
1601349475786203	-4194304
1601349475786214	69042176
1601349475786220	1048576
1601349475786250	69042176
1601349475786265	4096
1601349475786504	-69042176
1601349475786506	-4096
1601349475786507	-1048576
1601349475786531	1048576
1601349475786538	1048576
1601349475786553	4096
1601349475786674	-4096
1601349475786676	-1048576
1601349475786684	-17260544
1601349475786725	-1024
1601349475786757	-1024
1601349475786786	-69042176
1601349475786838	-1048576
1601349475786947	-69042176
1601349475787832	-1048576
1601349475787848	69046272
1601349475787848	4352
1601349475787849	6144
1601349475787850	256
1601349475787950	256
1601349475788025	-69042176
1601349475788027	-4096
1601349475788027	-4096
1601349475788030	-256
1601349475788030	-256
1601349475788047	19923712
1601349475788053	1048576
1601349475788085	17260544
1601349475788104	3584
1601349475788174	-19923712
1601349475788176	-3584
1601349475788177	-1048576
1601349475788200	1048576
1601349475788207	1048576
1601349475788222	2560
1601349475788335	-2560
1601349475788338	-1048576
1601349475788345	-69046272
1601349475788390	-4352
1601349475788418	-6144
1601349475789368	-17260544
1601349475789412	-1048576
1601349475789422	17260544
1601349475789423	1024
1601349475789423	1024
1601349475789424	256
1601349475789569	256
1601349475789646	-17260544
1601349475789648	-17260544
1601349475789648	-1024
1601349475789649	-1024
1601349475789651	-256
1601349475789651	-256
1601349475789693	-1048576
1601349475789707	17260544
1601349475789713	4194304
1601349475789787	19923712
1601349475789803	122683392
1601349475789963	-17260544
1601349475789965	-122683392
1601349475789966	-4194304
1601349475789989	4194304
1601349475789997	4194560
1601349475790012	110886912
1601349475791378	-110886912
1601349475791381	-4194560
1601349475791393	-17260544
1601349475791434	-1024
1601349475791465	-1024
1601349475791500	-17260544
1601349475791529	-2359296
1601349475791543	17260544
1601349475791544	1024
1601349475791544	1024
1601349475791545	256
1601349475791564	256
1601349475791694	-19923712
1601349475791695	-17260544
1601349475791695	-1024
1601349475791696	-1024
1601349475791698	-256
1601349475791699	-256
1601349475791778	-4194304
1601349475791788	69042176
1601349475791794	1049088
1601349475791883	69042176
1601349475791897	4096
1601349475792904	-69042176
1601349475792906	-4096
1601349475792907	-1049088
1601349475792929	1049088
1601349475792936	1048576
1601349475792950	4096
1601349475793063	-4096
1601349475793065	-1048576
1601349475793073	-17260544
1601349475793111	-1024
1601349475793142	-1024
1601349475793170	-69042176
1601349475793201	-1048576
1601349475794296	-69042176
1601349475794330	-1049088
1601349475794344	69046272
1601349475794345	4352
1601349475794345	6144
1601349475794346	256
1601349475794366	256
1601349475794570	-69042176
1601349475794571	-4096
1601349475794572	-4096
1601349475794575	-256
1601349475794575	-256
1601349475794591	19923712
1601349475794596	1048576
1601349475794629	17260544
1601349475794643	3584
1601349475794745	-19923712
1601349475794748	-3584
1601349475794749	-1048576
1601349475794771	1048576
1601349475794777	1049088
1601349475794791	2560
1601349475794955	-2560
1601349475794958	-1049088
1601349475794965	-69046272
1601349475795011	-4352
1601349475796295	-6144
1601349475796324	-17260544
1601349475796356	-1048576
1601349475796365	17260544
1601349475796365	1024
1601349475796366	1024
1601349475796366	256
1601349475796389	256
1601349475796476	-17260544
1601349475796478	-17260544
1601349475796479	-1024
1601349475796480	-1024
1601349475796481	-256
1601349475796482	-256
1601349475796522	-1048576
1601349475796537	17260544
1601349475796543	4194304
1601349475796565	19923712
1601349475796579	122683392
1601349475797687	-17260544
1601349475797689	-122683392
1601349475797690	-4194304
1601349475797713	4194304
1601349475797719	4194560
1601349475797742	110886912
1601349475797923	-110886912
1601349475797926	-4194560
1601349475797933	-17260544
1601349475797971	-1024
1601349475798003	-1024
1601349475798034	-17260544
1601349475798065	-2359296
1601349475798075	17260544
1601349475798075	1024
1601349475798076	1024
1601349475798077	256
1601349475798105	256
1601349475799247	-19923712
1601349475799248	-17260544
1601349475799248	-1024
1601349475799254	-1024
1601349475799256	-256
1601349475799256	-256
1601349475799301	-4194304
1601349475799315	69042176
1601349475799321	1048576
1601349475799344	69042176
1601349475799358	4096
1601349475799455	-69042176
1601349475799457	-4096
1601349475799458	-1048576
1601349475799479	1048576
1601349475799486	1048576
1601349475799500	4096
1601349475799683	-4096
1601349475799685	-1048576
1601349475799693	-17260544
1601349475799811	-1024
1601349475799846	-1024
1601349475799876	-69042176
1601349475800004	-1048576
1601349475800104	-69042176
1601349475800139	-1048576
1601349475800147	69046272
1601349475800148	4352
1601349475800148	6144
1601349475800149	256
1601349475800167	256
1601349475800238	-69042176
1601349475800239	-4096
1601349475800239	-4096
1601349475800241	-256
1601349475800242	-256
1601349475800260	19923712
1601349475800265	1048576
1601349475800297	17260544
1601349475800311	3584
1601349475800376	-19923712
1601349475800379	-3584
1601349475800380	-1048576
1601349475800403	1048576
1601349475800410	1048576
1601349475800425	2560
1601349475800537	-2560
1601349475800540	-1048576
1601349475800547	-69046272
1601349475800584	-4352
1601349475800616	-6144
1601349475800644	-17260544
1601349475800676	-1048576
1601349475800689	17260544
1601349475800690	1024
1601349475800691	1024
1601349475800691	256
1601349475800711	256
1601349475800780	-17260544
1601349475800782	-17260544
1601349475800783	-1024
1601349475800783	-1024
1601349475800785	-256
1601349475800786	-256
1601349475800825	-1048576
1601349475800840	17260544
1601349475800845	2359808
1601349475801023	19923712
1601349475801038	122683392
1601349475801435	-17260544
1601349475801453	-122683392
1601349475801455	-2359808
1601349475801478	2359808
1601349475801489	4194304
1601349475801503	110886912
1601349475801795	-256
1601349475801803	-110886912
1601349475801806	-4194304
1601349475801813	-17260544
1601349475803194	-1024
1601349475803230	-1024
1601349475803261	-17260544
1601349475803294	-2359296
1601349475803303	17260544
1601349475803304	1024
1601349475803305	1024
1601349475803305	256
1601349475804631	256
1601349475804737	-19923712
1601349475804738	-17260544
1601349475804739	-1024
1601349475804744	-1024
1601349475804746	-256
1601349475804747	-256
1601349475804788	-2359808
1601349475804802	69042176
1601349475804807	1048576
1601349475804899	69042176
1601349475804914	4352
1601349475804974	-69042176
1601349475804976	-4352
1601349475804977	-1048576
1601349475805000	1048576
1601349475805007	1049088
1601349475805019	4352
1601349475805186	-4352
1601349475805188	-1049088
1601349475805195	-17260544
1601349475805294	-1024
1601349475806180	-1024
1601349475806303	-69042176
1601349475806398	-1048576
1601349475806476	-69042176
1601349475807300	-1048576
1601349475807309	69050368
1601349475807310	4352
1601349475807311	4096
1601349475807312	256
1601349475807397	256
1601349475807748	-69042176
1601349475807749	-4096
1601349475807749	-4096
1601349475807751	-256
1601349475807752	-256
1601349475807767	19923712
1601349475807772	1049088
1601349475807803	26740992
1601349475807816	3584
1601349475807878	-19923712
1601349475807880	-3584
1601349475807881	-1049088
1601349475807903	1049088
1601349475807909	1048576
1601349475807922	2560
1601349475808022	-2560
1601349475808025	-1048576
1601349475808032	-69050368
1601349475808073	-4352
1601349475808101	-4096
1601349475808128	-17264640
1601349475809378	-1048576
1601349475809387	17264640
1601349475809387	1024
1601349475809388	1024
1601349475809388	256
1601349475809410	256
1601349475809476	-26740992
1601349475809477	-17260544
1601349475809478	-1024
1601349475809479	-1024
1601349475809481	-256
1601349475809481	-256
1601349475810852	-1049088
1601349475810868	17260544
1601349475810874	4194304
1601349475810900	19923712
1601349475810914	122683392
1601349475811150	-17260544
1601349475811152	-122683392
1601349475811154	-4194304
1601349475811176	4194304
1601349475811182	4194560
1601349475811201	110886912
1601349475811671	-110886912
1601349475811674	-4194560
1601349475811681	-17264640
1601349475811728	-1024
1601349475811759	-1024
1601349475811789	-17260544
1601349475813145	-2359296
1601349475813155	26740992
1601349475813155	1024
1601349475813156	1024
1601349475813156	256
1601349475813175	256
1601349475813242	-19923712
1601349475813243	-17260544
1601349475813244	-1024
1601349475813245	-1024
1601349475813247	-256
1601349475813247	-256
1601349475813315	-4194304
1601349475813328	69046272
1601349475813333	1048576
1601349475814552	69042176
1601349475814565	4352
1601349475814643	-69046272
1601349475814645	-4352
1601349475814646	-1048576
1601349475814667	1048576
1601349475814673	1048576
1601349475814686	4352
1601349475814812	-4352
1601349475814814	-1048576
1601349475814822	-26740992
1601349475814856	-1024
1601349475814978	-1024
1601349475815117	-69042176
1601349475815217	-1048576
1601349475816096	-69042176
1601349475816220	-1048576
1601349475816228	69042176
1601349475816229	4352
1601349475816229	6144
1601349475816230	256
1601349475816301	256
1601349475816429	-69042176
1601349475816430	-4096
1601349475816435	-4096
1601349475816437	-256
1601349475816438	-256
1601349475816452	69042176
1601349475816453	4096
1601349475816453	4096
1601349475816454	256
1601349475817200	256
1601349475817350	-69042176
1601349475817352	-69042176
1601349475817353	-4096
1601349475817353	-4096
1601349475817354	-256
1601349475817355	-256
1601349475817374	138084352
1601349475817379	2097152
1601349475817608	138084352
1601349475817697	-138084352
1601349475817699	-2097152
1601349475817731	2097152
1601349475817737	2097152
1601349475817751	2560
1601349475817858	-2560
1601349475817861	-2097152
1601349475817867	-69042176
1601349475817902	-4352
1601349475817930	-6144
1601349475817938	19923712
1601349475817943	1048576
1601349475817969	30149376
1601349475817981	4352
1601349475819294	-19923712
1601349475819296	-4352
1601349475819296	-1048576
1601349475819317	1048576
1601349475819324	1048576
1601349475819336	4352
1601349475820793	-4352
1601349475820795	-1048576
1601349475820802	-69042176
1601349475820842	-4096
1601349475820869	-4096
1601349475821010	-2097152
1601349475821048	-17260544
1601349475821245	-1048576
1601349475821280	-2097152
1601349475821292	19923712
1601349475821293	1024
1601349475821293	1024
1601349475821294	256
1601349475821312	256
1601349475821376	-30149376
1601349475821377	-17260544
1601349475821378	-1024
1601349475821379	-1024
1601349475821380	-256
1601349475821381	-256
1601349475821570	-1048576
1601349475821583	30149376
1601349475821588	4194304
1601349475821609	17260544
1601349475821622	172605440
1601349475822086	-30149376
1601349475822088	-172605440
1601349475822089	-4194304
1601349475822120	4194304
1601349475822126	4194560
1601349475822140	172605440
1601349475828462	-172605440
1601349475828463	-4194560
1601349475828470	-19923712
1601349475828510	-1024
1601349475828535	-1024
1601349475828566	-17260544
1601349475828594	-2359296
1601349475828603	19923712
1601349475828603	1024
1601349475828604	1024
1601349475828604	256
1601349475828622	256
1601349475830021	-17260544
1601349475830022	-17260544
1601349475830023	-1024
1601349475830023	-1024
1601349475830025	-256
1601349475830026	-256
1601349475830063	-4194304
1601349475830072	138084352
1601349475830077	524288
1601349475830109	207142912
1601349475831374	-138084352
1601349475831376	-524288
1601349475831406	524288
1601349475831413	524288
1601349475831427	4352
1601349475831554	-4352
1601349475831556	-524288
1601349475831562	-19923712
1601349475831596	-1024
1601349475831651	-1024
1601349475831677	-207142912
1601349475831706	-524288
1601349475831751	-138084352
1601349475831782	-524288
1601349475831794	138086400
1601349475831795	2048
1601349475831796	2048
1601349475831796	256
1601349475831893	256
1601349475832082	-138084352
1601349475832083	-2048
1601349475832083	-2048
1601349475832085	-256
1601349475832086	-256
1601349475832100	44045312
1601349475832105	262144
1601349475832140	34521088
1601349475832153	6912
1601349475833229	-44045312
1601349475833231	-6912
1601349475833232	-262144
1601349475833253	262144
1601349475833259	262144
1601349475833272	2560
1601349475834534	-2560
1601349475834537	-262144
1601349475834543	-138086400
1601349475834579	-2048
1601349475834611	-2048
1601349475834659	-34521088
1601349475834687	-262144
1601349475834696	34521088
1601349475834697	512
1601349475834697	512
1601349475834698	256
1601349475834715	256
1601349475834802	-34521088
1601349475834804	-34521088
1601349475834805	-512
1601349475834809	-512
1601349475834811	-256
1601349475834811	-256
1601349475834849	-262144
1601349475834858	34521088
1601349475834862	1048576
1601349475834887	44045312
1601349475834901	175767552
1601349475835838	-34521088
1601349475835839	-175767552
1601349475835841	-1048576
1601349475835861	1048576
1601349475835867	1049088
1601349475835880	157704192
1601349475836720	-157704192
1601349475836722	-1049088
1601349475836729	-34521088
1601349475837105	-512
1601349475837133	-512
1601349475837519	-34521088
1601349475837545	-589824
1601349475837558	34521088
1601349475837558	512
1601349475837559	512
1601349475837559	256
1601349475837576	256
1601349475838144	-44045312
1601349475838145	-34521088
1601349475838146	-512
1601349475838147	-512
1601349475838148	-256
1601349475838149	-256
1601349475838191	-1048576
1601349475838200	138084352
1601349475838205	262144
1601349475838234	138084352
1601349475838247	6912
1601349475839351	-138084352
1601349475839353	-6912
1601349475839354	-262144
1601349475839374	262144
1601349475839380	262144
1601349475839393	4352
1601349475840655	-4352
1601349475840657	-262144
1601349475840664	-34521088
1601349475840749	-512
1601349475840777	-512
1601349475840804	-138084352
1601349475840832	-262144
1601349475840964	-138084352
1601349475840996	-262144
1601349475841008	138086400
1601349475841008	2048
1601349475841009	2048
1601349475841010	256
1601349475841166	256
1601349475841250	-138084352
1601349475841251	-2048
1601349475841252	-2048
1601349475841254	-256
1601349475841254	-256
1601349475841269	44045312
1601349475841274	262144
1601349475842103	34521088
1601349475842122	6912
1601349475842585	-44045312
1601349475842587	-6912
1601349475842589	-262144
1601349475842610	262144
1601349475842615	262144
1601349475842628	2560
1601349475843547	-2560
1601349475843550	-262144
1601349475843556	-138086400
1601349475843643	-2048
1601349475843669	-2048
1601349475843699	-34521088
1601349475843728	-262144
1601349475843737	34521088
1601349475843738	512
1601349475843738	512
1601349475843739	256
1601349475843860	256
1601349475843933	-34521088
1601349475843935	-34521088
1601349475843936	-512
1601349475843936	-512
1601349475843938	-256
1601349475843938	-256
1601349475843976	-262144
1601349475843986	34521088
1601349475843993	852736
1601349475844015	44307712
1601349475844028	175767552
1601349475845290	-34521088
1601349475845292	-175767552
1601349475845293	-852736
1601349475845313	852736
1601349475845319	1048576
1601349475845331	157704192
1601349475846941	-157704192
1601349475846944	-1048576
1601349475846951	-34521088
1601349475846991	-512
1601349475847353	-512
1601349475847382	-34521088
1601349475847407	-589824
1601349475847420	34521088
1601349475847420	512
1601349475847421	512
1601349475847421	256
1601349475847900	256
1601349475847976	-44307712
1601349475847977	-34521088
1601349475847978	-512
1601349475847978	-512
1601349475847980	-256
1601349475847980	-256
1601349475848022	-852736
1601349475848031	138084352
1601349475848036	262144
1601349475848062	138084352
1601349475848074	6912
1601349475849175	-138084352
1601349475849177	-6912
1601349475849178	-262144
1601349475849199	262144
1601349475849205	262144
1601349475849217	4096
1601349475850478	-4096
1601349475850480	-262144
1601349475850488	-34521088
1601349475850571	-512
1601349475850603	-512
1601349475850629	-138084352
1601349475850755	-262144
1601349475850784	-138084352
1601349475850815	-262144
1601349475850827	138088448
1601349475850828	2048
1601349475850828	2304
1601349475850829	256
1601349475850981	256
1601349475851068	-138084352
1601349475851069	-2048
1601349475851070	-2048
1601349475851072	-256
1601349475851072	-256
1601349475851088	45881344
1601349475851093	262144
1601349475851928	34521088
1601349475851941	6912
1601349475852393	-45881344
1601349475852395	-6912
1601349475852396	-262144
1601349475852417	262144
1601349475852423	262144
1601349475852435	2560
1601349475853350	-2560
1601349475853352	-262144
1601349475853359	-138088448
1601349475853450	-2048
1601349475853475	-2304
1601349475853504	-34523136
1601349475853643	-262144
1601349475853652	34523136
1601349475853653	512
1601349475853653	512
1601349475853653	256
1601349475853676	256
1601349475853739	-34521088
1601349475853741	-34521088
1601349475853742	-512
1601349475853743	-512
1601349475853744	-256
1601349475853744	-256
1601349475853780	-262144
1601349475853793	34521088
1601349475853798	1048576
1601349475853818	45881344
1601349475853831	175767552
1601349475856302	-34521088
1601349475856304	-175767552
1601349475856306	-1048576
1601349475856327	1048576
1601349475856333	589824
1601349475856346	157704192
1601349475856748	-157704192
1601349475856751	-589824
1601349475856758	-34523136
1601349475857138	-512
1601349475857167	-512
1601349475857197	-34521088
1601349475857222	-589824
1601349475857234	34521088
1601349475857234	512
1601349475857235	512
1601349475857235	256
1601349475857707	256
1601349475857771	-45881344
1601349475857772	-34521088
1601349475857773	-512
1601349475857774	-512
1601349475857775	-256
1601349475857775	-256
1601349475857817	-1048576
1601349475857829	138084352
1601349475857833	262656
1601349475858924	138084352
1601349475858937	6912
1601349475858998	-138084352
1601349475859000	-6912
1601349475859002	-262656
1601349475859022	262656
1601349475859028	262144
1601349475859040	4352
1601349475860348	-4352
1601349475860350	-262144
1601349475860357	-34521088
1601349475860392	-512
1601349475860421	-512
1601349475860543	-138084352
1601349475860569	-262144
1601349475860597	-138084352
1601349475860767	-262656
1601349475860775	138086400
1601349475860776	2048
1601349475860777	2304
1601349475860777	256
1601349475860797	256
1601349475861743	-138084352
1601349475861744	-2048
1601349475861752	-2048
1601349475861755	-256
1601349475861755	-256
1601349475861770	138084352
1601349475861771	2048
1601349475861771	2048
1601349475861772	256
1601349475861872	256
1601349475862068	-138084352
1601349475862070	-138084352
1601349475862071	-2048
1601349475862072	-2048
1601349475862073	-256
1601349475862073	-256
1601349475862098	276168704
1601349475862104	524288
1601349475862174	276168704
1601349475863091	-276168704
1601349475863093	-524288
1601349475863126	524288
1601349475863132	524288
1601349475863147	2560
1601349475863254	-2560
1601349475863256	-524288
1601349475863263	-138086400
1601349475863304	-2048
1601349475863427	-2304
1601349475863435	48176384
1601349475863440	262656
1601349475863461	34521088
1601349475863474	6912
1601349475863538	-48176384
1601349475863539	-6912
1601349475863541	-262656
1601349475863560	262656
1601349475863566	262144
1601349475863578	4352
1601349475866100	-4352
1601349475866101	-262144
1601349475866108	-138084352
1601349475866147	-2048
1601349475866173	-2048
1601349475866202	-524288
1601349475866525	-34521088
1601349475866550	-262144
1601349475866931	-524288
1601349475866943	48176384
1601349475866944	512
1601349475866945	512
1601349475866945	256
1601349475866963	256
1601349475867028	-34521088
1601349475867030	-34521088
1601349475867031	-512
1601349475867032	-512
1601349475867033	-256
1601349475867033	-256
1601349475867488	-262656
1601349475867502	34521088
1601349475867507	1048576
1601349475867529	34521088
1601349475867542	207132672
1601349475868752	-34521088
1601349475868754	-207132672
1601349475868755	-1048576
1601349475868777	1048576
1601349475868788	589824
1601349475868800	207132672
1601349475870055	-207132672
1601349475870057	-589824
1601349475870064	-48176384
1601349475872312	-512
1601349475872343	-512
1601349475872375	-34521088
1601349475872410	-589824
1601349475872419	34521088
1601349475872420	512
1601349475872420	512
1601349475872421	256
1601349475872438	256
1601349475872514	-34521088
1601349475872515	-51771648
1601349475872516	-512
1601349475872517	-512
1601349475872518	-256
1601349475872519	-256
1601349475872561	-1048576
1601349475872570	276168704
1601349475872576	131072
1601349475872602	345219072
1601349475872686	-276168704
1601349475872688	-131072
1601349475872716	131072
1601349475872723	131072
1601349475872737	4352
1601349475872892	-4352
1601349475872894	-131072
1601349475872901	-34521088
1601349475872939	-512
1601349475872966	-512
1601349475873015	-345219072
1601349475873047	-131072
1601349475873078	-276168704
1601349475873107	-131072
1601349475873119	276168704
1601349475873119	1024
1601349475873120	1024
1601349475873121	256
1601349475873238	256
1601349475873311	-276168704
1601349475873312	-1024
1601349475873313	-1024
1601349475873314	-256
1601349475873315	-256
1601349475873332	69346048
1601349475873337	65536
1601349475873361	69042176
1601349475873376	21248
1601349475874644	-69346048
1601349475874646	-21248
1601349475874647	-65536
1601349475874671	65536
1601349475874677	65536
1601349475874691	4352
1601349475875931	-4352
1601349475875933	-65536
1601349475875940	-276168704
1601349475875974	-1024
1601349475876323	-1024
1601349475876353	-69042176
1601349475876737	-65536
1601349475876746	69042176
1601349475876746	256
1601349475876747	256
1601349475876748	256
1601349475876765	256
1601349475876831	-69042176
1601349475876833	-69042176
1601349475876833	-256
1601349475876838	-256
1601349475876840	-256
1601349475876840	-256
1601349475877291	-65536
1601349475877300	69042176
1601349475877306	147456
1601349475877331	69416448
1601349475877344	409856
1601349475877457	-69042176
1601349475877459	-409856
1601349475877460	-147456
1601349475877488	147456
1601349475877495	147456
1601349475877508	5632
1601349475879807	-5632
1601349475879810	-147456
1601349475879817	-69042176
1601349475879857	-256
1601349475879882	-256
1601349475879912	-69042176
1601349475879958	-147456
1601349475879967	69042176
1601349475879968	256
1601349475879969	256
1601349475879969	256
1601349475879991	256
1601349475880055	-69416448
1601349475880057	-69042176
1601349475880058	-256
1601349475880059	-256
1601349475880060	-256
1601349475880060	-256
1601349475880144	-147456
1601349475880158	276168704
1601349475880163	65536
1601349475880185	276168704
1601349475880197	21248
1601349475880404	-276168704
1601349475880406	-21248
1601349475880407	-65536
1601349475880428	65536
1601349475880434	65536
1601349475880448	3072
1601349475882633	-3072
1601349475882636	-65536
1601349475882642	-69042176
1601349475882680	-256
1601349475882710	-256
1601349475882740	-276168704
1601349475882764	-65536
1601349475882823	-276168704
1601349475882855	-65536
1601349475882865	276168704
1601349475882865	1024
1601349475882866	1024
1601349475882867	256
1601349475882884	256
1601349475883057	-276168704
1601349475883058	-1024
1601349475883058	-1024
1601349475883060	-256
1601349475883061	-256
1601349475883084	73758464
1601349475883089	65536
1601349475883114	69042176
1601349475883127	21248
1601349475883190	-73758464
1601349475883192	-21248
1601349475883193	-65536
1601349475883214	65536
1601349475883220	65536
1601349475883233	3072
1601349475885698	-3072
1601349475885700	-65536
1601349475885707	-276168704
1601349475885741	-1024
1601349475885772	-1024
1601349475886105	-69042176
1601349475886139	-65536
1601349475886151	69042176
1601349475886152	256
1601349475886153	256
1601349475886153	256
1601349475886509	256
1601349475886580	-69042176
1601349475886581	-69042176
1601349475886582	-256
1601349475886583	-256
1601349475886584	-256
1601349475886584	-256
1601349475886630	-65536
1601349475886639	69042176
1601349475886645	147456
1601349475886666	74283264
1601349475886679	409856
1601349475887097	-69042176
1601349475887099	-409856
1601349475887100	-147456
1601349475887122	147456
1601349475887128	147456
1601349475887141	5632
1601349475891673	-5632
1601349475891676	-147456
1601349475891682	-69042176
1601349475891720	-256
1601349475894269	-256
1601349475894304	-69042176
1601349475894332	-147456
1601349475894344	69042176
1601349475894345	256
1601349475894345	256
1601349475894346	256
1601349475894363	256
1601349475894427	-74283264
1601349475894428	-69042176
1601349475894429	-256
1601349475894430	-256
1601349475894431	-256
1601349475894431	-256
1601349475894476	-147456
1601349475894486	276168704
1601349475894492	65536
1601349475894518	276168704
1601349475894531	21248
1601349475895593	-276168704
1601349475895596	-21248
1601349475895597	-65536
1601349475895617	65536
1601349475895624	65536
1601349475895637	3072
1601349475896891	-3072
1601349475896894	-65536
1601349475896900	-69042176
1601349475896941	-256
1601349475897004	-256
1601349475897031	-276168704
1601349475897059	-65536
1601349475897090	-276168704
1601349475897215	-65536
1601349475897227	276168704
1601349475897228	1024
1601349475897228	1024
1601349475897229	256
1601349475897246	256
1601349475897320	-276168704
1601349475897321	-1024
1601349475897322	-1024
1601349475897323	-256
1601349475897324	-256
1601349475897341	276168704
1601349475897342	1024
1601349475897342	1024
1601349475897343	256
1601349475897443	256
1601349475897520	-276168704
1601349475897523	-276168704
1601349475897524	-1024
1601349475897524	-1024
1601349475897526	-256
1601349475897526	-256
1601349475897543	83598080
1601349475897548	65536
1601349475898388	69042176
1601349475898402	21248
1601349475898855	-83598080
1601349475898857	-21248
1601349475898859	-65536
1601349475898884	65536
1601349475898890	65536
1601349475898903	3072
1601349475899948	-3072
1601349475899950	-65536
1601349475899957	-276168704
1601349475900050	-1024
1601349475900076	-1024
1601349475900088	83598080
1601349475900093	65536
1601349475900116	69042176
1601349475900128	21248
1601349475900276	-83598080
1601349475900278	-21248
1601349475900279	-65536
1601349475900299	65536
1601349475900304	65536
1601349475900317	3072
1601349475901868	-3072
1601349475901870	-65536
1601349475901876	-276168704
1601349475902577	-1024
1601349475902614	-1024
1601349475902644	-65536
1601349475902674	-69042176
1601349475903375	-65536
1601349475903408	-65536
1601349475903415	69042176
1601349475903416	256
1601349475903417	256
1601349475903417	256
1601349475904169	256
1601349475904233	-69042176
1601349475904236	-69042176
1601349475904237	-256
1601349475904237	-256
1601349475904239	-256
1601349475904239	-256
1601349475904280	-65536
1601349475904293	69042176
1601349475904299	147456
1601349475905248	83598336
1601349475905260	409856
1601349475905328	-69042176
1601349475905330	-409856
1601349475905331	-147456
1601349475905354	147456
1601349475905360	147456
1601349475905373	5632
1601349475906593	-5632
1601349475906595	-147456
1601349475906601	-69042176
1601349475907844	-256
1601349475907877	-256
1601349475907907	-69042176
1601349475907939	-147456
1601349475907953	69042176
1601349475907954	256
1601349475907955	256
1601349475907955	256
1601349475908065	256
1601349475908130	-83598336
1601349475908133	-69042176
1601349475908134	-256
1601349475908135	-256
1601349475908136	-256
1601349475908137	-256
1601349475908175	-147456
1601349475908189	69042176
1601349475908195	16384
1601349475908361	71090688
1601349475908374	21248
1601349475908671	-69042176
1601349475908673	-21248
1601349475908673	-16384
1601349475908696	16384
1601349475908703	16384
1601349475908716	3072
1601349475910188	-3072
1601349475910191	-16384
1601349475910197	-69042176
1601349475911078	-256
1601349475911110	-256
1601349475911142	-71090688
1601349475911168	-16384
1601349475911181	276168704
1601349475911338	-69042176
1601349475911339	-69042176
1601349475911381	-16384
1601349475911408	-276168704
1601349475911422	345210880
1601349475911423	256
1601349475911423	256
1601349475911424	256
1601349475911623	256
1601349475911692	-276168704
1601349475911696	-276168704
1601349475911696	-256
1601349475911697	-256
1601349475911698	-256
1601349475911699	-256
1601349475911717	37632
1601349475911723	37632
1601349475911737	35840
1601349475913163	-35840
1601349475913166	-37632
1601349475913174	-54593024
1601349475913175	-345210880
1601349475913210	-256
1601349475913242	-256
1601349475914411	-37632
1601349475914444	-256
1601349475914446	-37632
