1601349473489216	256
1601349473489618	512
1601349473490797	256
1601349473490948	256
1601349473491443	-256
1601349473491777	256
1601349473491839	256
1601349473491891	256
1601349473491967	-256
1601349473492093	256
1601349473492177	-256
1601349473492272	256
1601349473492421	256
1601349473492486	256
1601349473492696	-256
1601349473492697	-256
1601349473492698	-256
1601349473492700	-256
1601349473492730	256
1601349473494180	256
1601349473494185	256
1601349473495984	-256
1601349473496035	37632
1601349473496147	-256
1601349473496186	256
1601349473496304	-256
1601349473496316	16384
1601349473496384	256
1601349473496403	-256
1601349473496422	9216
1601349473496520	-9216
1601349473496545	4194304
1601349473496613	256
1601349473496627	9216
1601349473496691	-9216
1601349473496718	9437184
1601349473496779	256
1601349473496781	256
1601349473496833	-256
1601349473496858	65536
1601349473496913	51781632
1601349473496962	256
1601349473497028	256
1601349473497031	256
1601349473497182	-256
1601349473497213	147456
1601349473497286	256
1601349473497288	256
1601349473497346	-256
1601349473497365	65536
1601349473497418	256
1601349473497433	9216
1601349473497492	-9216
1601349473497515	4194304
1601349473497574	256
1601349473497576	256
1601349473497629	-256
1601349473497688	-256
1601349473497748	65536
1601349473497874	256
1601349473497880	256
1601349473497961	-256
1601349473497995	65536
1601349473498059	256
1601349473498062	256
1601349473498161	-256
1601349473498205	147456
1601349473498282	256
1601349473498284	256
1601349473498339	-256
1601349473498371	1048576
1601349473498425	256
1601349473498438	9216
1601349473498525	-9216
1601349473498547	8200192
1601349473498600	256
1601349473498602	256
1601349473498649	-256
1601349473498674	65536
1601349473498723	256
1601349473498725	256
1601349473498771	-256
1601349473498787	524288
1601349473498840	256
1601349473498852	9216
1601349473498913	-9216
1601349473498932	4194304
1601349473498984	256
1601349473498986	256
1601349473499039	-256
1601349473499061	147456
1601349473499111	256
1601349473499157	4096
1601349473499201	256
1601349473499203	256
1601349473499256	-256
1601349473499275	65536
1601349473499323	256
1601349473499325	256
1601349473499372	-256
1601349473499394	1048576
1601349473499442	256
1601349473499454	9216
1601349473499517	-9216
1601349473499536	9437184
1601349473499586	256
1601349473499599	9216
1601349473499654	-9216
1601349473499681	9437184
1601349473499732	256
1601349473499733	256
1601349473499780	-256
1601349473499799	131072
1601349473499851	256
1601349473499853	256
1601349473499904	-256
1601349473499921	262144
1601349473499973	256
1601349473499975	256
1601349473500021	-256
1601349473500045	262144
1601349473500093	256
1601349473500094	256
1601349473500146	-256
1601349473500167	589824
1601349473500221	256
1601349473500223	256
1601349473500269	-256
1601349473500291	589824
1601349473500341	256
1601349473500343	256
1601349473500399	-256
1601349473500416	589824
1601349473500468	256
1601349473500470	256
1601349473500517	-256
1601349473500541	262144
1601349473500590	256
1601349473500592	256
1601349473500645	-256
1601349473500664	262144
1601349473500717	256
1601349473500718	256
1601349473500769	-256
1601349473500788	589824
1601349473500841	256
1601349473500843	256
1601349473500889	-256
1601349473500914	262144
1601349473500963	256
1601349473500965	256
1601349473501018	-256
1601349473501035	1048576
1601349473501084	256
1601349473501086	256
1601349473501133	-256
1601349473501157	262144
1601349473501204	256
1601349473501205	256
1601349473501257	-256
1601349473501275	262144
1601349473501331	256
1601349473501343	9216
1601349473501414	-9216
1601349473501435	2097152
1601349473501488	256
1601349473501500	9216
1601349473501555	-9216
1601349473501580	2359296
1601349473501630	256
1601349473501632	256
1601349473501684	-256
1601349473501701	1048576
1601349473501765	256
1601349473501767	256
1601349473501814	-256
1601349473501834	1048576
1601349473501888	256
1601349473501890	256
1601349473501936	-256
1601349473501961	1048576
1601349473502005	256
1601349473502007	256
1601349473502058	-256
1601349473502074	1048576
1601349473502142	256
1601349473502154	9216
1601349473502209	-9216
1601349473502233	2359296
1601349473502284	256
1601349473502296	9216
1601349473502351	-9216
1601349473502371	2359296
1601349473502423	256
1601349473502425	256
1601349473502479	-256
1601349473502498	524288
1601349473502552	256
1601349473502564	9216
1601349473502618	-9216
1601349473502645	2359296
1601349473502690	256
1601349473502692	256
1601349473502742	-256
1601349473502762	1048576
1601349473502822	256
1601349473502834	9216
1601349473502889	-9216
1601349473502912	2359296
1601349473502960	256
1601349473502972	9216
1601349473503033	-9216
1601349473503052	2359296
1601349473503104	256
1601349473503116	9216
1601349473503170	-9216
1601349473503194	2097152
1601349473503244	256
1601349473503255	9216
1601349473503310	-9216
1601349473503330	4194304
1601349473503380	256
1601349473503382	256
1601349473503432	-256
1601349473503453	1048576
1601349473503504	256
1601349473503506	256
1601349473503573	-256
1601349473503593	1048576
1601349473503642	256
1601349473503644	256
1601349473503695	-256
1601349473503712	1048576
1601349473503762	256
1601349473503774	9216
1601349473503829	-9216
1601349473503852	8388608
1601349473503899	256
1601349473503911	9216
1601349473503971	-9216
1601349473503990	4194304
1601349473504055	54593024
1601349473504126	-51781632
1601349473504367	-256
1601349473504368	-256
1601349473504369	-256
1601349473504370	-256
1601349473504371	-256
1601349473504372	-256
1601349473504373	-256
1601349473504373	-256
1601349473504374	-256
1601349473504375	-256
1601349473504375	-256
1601349473504376	-256
1601349473504377	-256
1601349473504378	-256
1601349473504378	-256
1601349473504379	-256
1601349473504380	-256
1601349473504381	-256
1601349473504382	-256
1601349473504382	-256
1601349473504383	-256
1601349473504384	-256
1601349473504385	-256
1601349473504386	-256
1601349473504387	-256
1601349473504387	-256
1601349473504388	-256
1601349473504389	-256
1601349473504390	-256
1601349473504390	-256
1601349473504391	-256
1601349473504392	-256
1601349473504392	-256
1601349473504393	-256
1601349473504394	-256
1601349473504395	-256
1601349473504395	-256
1601349473504396	-256
1601349473504397	-256
1601349473504397	-256
1601349473504398	-256
1601349473504399	-256
1601349473504400	-256
1601349473504401	-256
1601349473504401	-256
1601349473504402	-256
1601349473504405	-256
1601349473504406	-256
1601349473504406	-256
1601349473504407	-256
1601349473504408	-256
1601349473504409	-256
1601349473504410	-256
1601349473504412	-256
1601349473504447	276168704
1601349473504457	37632
1601349473504549	75520
1601349473504687	-75520
1601349473504691	-37632
1601349473504793	276168704
1601349473504795	256
1601349473504796	256
1601349473504796	256
1601349473504797	256
1601349473505193	69042176
1601349473505418	276168704
1601349473505425	65536
1601349473505479	18944
1601349473505563	-18944
1601349473505567	-65536
1601349473505612	69042176
1601349473505618	16384
1601349473505672	18944
1601349473505755	-18944
1601349473505758	-16384
1601349473505847	-256
1601349473505897	-256
1601349473505916	276168704
1601349473505918	1024
1601349473505919	1024
1601349473505920	1024
1601349473505921	1024
1601349473506054	69042176
1601349473506056	256
1601349473506056	256
1601349473506057	256
1601349473506058	256
1601349473506531	69042176
1601349473506537	147456
1601349473506594	113688576
1601349473507018	-113688576
1601349473507022	-147456
1601349473507208	-1024
1601349473507244	-1024
1601349473507263	69042176
1601349473507264	256
1601349473507265	256
1601349473507266	256
1601349473507266	256
1601349473507421	-256
1601349473507464	-256
1601349473507603	276168704
1601349473507609	65536
1601349473507664	18944
1601349473507741	-18944
1601349473507744	-65536
1601349473507898	276168704
1601349473507900	1024
1601349473507900	1024
1601349473507902	1024
1601349473507902	1024
1601349473508055	-256
1601349473508098	-256
1601349473508167	-276168704
1601349473508392	69042176
1601349473508398	65536
1601349473508450	18944
1601349473508543	-18944
1601349473508547	-65536
1601349473508630	-1024
1601349473508668	-1024
1601349473508680	69042176
1601349473508682	256
1601349473508682	256
1601349473508683	256
1601349473508684	256
1601349473508935	69042176
1601349473508941	147456
1601349473508995	113688576
1601349473509330	-113688576
1601349473509334	-147456
1601349473509491	69042176
1601349473509492	256
1601349473509493	256
1601349473509494	256
1601349473509495	256
1601349473509656	-256
1601349473509693	-256
1601349473509862	276168704
1601349473509873	65536
1601349473509922	18944
1601349473509996	-18944
1601349473509999	-65536
1601349473510164	276168704
1601349473510165	1024
1601349473510166	1024
1601349473510167	1024
1601349473510168	1024
1601349473510325	-256
1601349473510367	-256
1601349473510638	69042176
1601349473510644	65536
1601349473510692	18944
1601349473510766	-18944
1601349473510769	-65536
1601349473510858	-1024
1601349473510899	-1024
1601349473510915	69042176
1601349473510916	256
1601349473510917	256
1601349473510918	256
1601349473510919	256
1601349473511174	69042176
1601349473511180	147456
1601349473511235	113688576
1601349473511574	-113688576
1601349473511578	-147456
1601349473511741	69042176
1601349473511742	256
1601349473511743	256
1601349473511744	256
1601349473511744	256
1601349473511896	-256
1601349473511941	-256
1601349473512081	276168704
1601349473512087	65536
1601349473512138	18944
1601349473512212	-18944
1601349473512215	-65536
1601349473512362	276168704
1601349473512363	1024
1601349473512364	1024
1601349473512365	1024
1601349473512366	1024
1601349473512518	-256
1601349473512555	-256
1601349473512847	138084352
1601349473512853	524288
1601349473512901	4864
1601349473512975	-4864
1601349473512978	-524288
1601349473513016	51772672
1601349473513021	131072
1601349473513068	4864
1601349473513137	-4864
1601349473513140	-131072
1601349473513239	-1024
1601349473513282	-1024
1601349473513302	138084352
1601349473513304	2048
1601349473513305	2048
1601349473513306	2048
1601349473513307	2048
1601349473513426	34521088
1601349473513428	512
1601349473513429	512
1601349473513430	512
1601349473513430	512
1601349473513865	34521088
1601349473513871	589824
1601349473513920	175767552
1601349473514070	-175767552
1601349473514074	-589824
1601349473514267	-2048
1601349473514307	-2048
1601349473514324	34521088
1601349473514325	512
1601349473514326	512
1601349473514327	512
1601349473514327	512
1601349473514483	-512
1601349473514523	-512
1601349473514665	138084352
1601349473514671	262144
1601349473514719	4864
1601349473514793	-4864
1601349473514797	-262144
1601349473514955	138084352
1601349473514956	2048
1601349473514957	2048
1601349473514958	2048
1601349473514959	2048
1601349473515104	-512
1601349473515146	-512
1601349473515192	-138084352
1601349473515409	34521088
1601349473515415	262144
1601349473515468	4864
1601349473515545	-4864
1601349473515548	-262144
1601349473515638	-2048
1601349473515676	-2048
1601349473515695	34521088
1601349473515696	512
1601349473515697	512
1601349473515698	512
1601349473515699	512
1601349473515950	34521088
1601349473515956	589824
1601349473516005	175767552
1601349473516115	-175767552
1601349473516118	-589824
1601349473516287	34523136
1601349473516289	512
1601349473516289	512
1601349473516290	512
1601349473516291	512
1601349473516438	-512
1601349473516481	-512
1601349473516626	138084352
1601349473516632	262144
1601349473516679	4864
1601349473516752	-4864
1601349473516755	-262144
1601349473516900	138084352
1601349473516902	2048
1601349473516903	2048
1601349473516904	2048
1601349473516905	2048
1601349473517057	-512
1601349473517093	-512
1601349473517367	34521088
1601349473517373	262144
1601349473517427	4864
1601349473517500	-4864
1601349473517503	-262144
1601349473517585	-2048
1601349473517627	-2048
1601349473517642	34521088
1601349473517644	512
1601349473517644	512
1601349473517645	512
1601349473517646	512
1601349473517897	34521088
1601349473517903	589824
1601349473517956	175767552
1601349473518064	-175767552
1601349473518067	-589824
1601349473518228	34521088
1601349473518229	512
1601349473518230	512
1601349473518231	512
1601349473518232	512
1601349473518390	-512
1601349473518427	-512
1601349473518594	138084352
1601349473518599	262144
1601349473518650	4864
1601349473518721	-4864
1601349473518724	-262144
1601349473518861	138084352
1601349473518863	2048
1601349473518863	2048
1601349473518864	2048
1601349473518865	2048
1601349473519006	-512
1601349473519046	-512
1601349473519300	34521088
1601349473519305	262144
1601349473519354	4864
1601349473519425	-4864
1601349473519428	-262144
1601349473519513	-2048
1601349473519549	-2048
1601349473519568	34521088
1601349473519569	512
1601349473519570	512
1601349473519571	512
1601349473519572	512
1601349473519816	34521088
1601349473519822	589824
1601349473519868	175767552
1601349473519970	-175767552
1601349473519973	-589824
1601349473520116	34521088
1601349473520118	512
1601349473520119	512
1601349473520119	512
1601349473520120	512
1601349473520259	-512
1601349473520304	-512
1601349473520438	138084352
1601349473520443	262144
1601349473520493	4864
1601349473520562	-4864
1601349473520565	-262144
1601349473520702	138084352
1601349473520703	2048
1601349473520704	2048
1601349473520705	2048
1601349473520706	2048
1601349473520846	-512
1601349473520892	-512
1601349473521145	69042176
1601349473521151	2097152
1601349473521197	1280
1601349473521267	-1280
1601349473521271	-2097152
1601349473521344	17260544
1601349473521349	524288
1601349473521396	1280
1601349473521461	-1280
1601349473521464	-524288
1601349473521519	-2048
1601349473521559	-2048
1601349473521573	69042176
1601349473521574	4096
1601349473521575	4096
1601349473521576	4096
1601349473521577	4096
1601349473521680	17260544
1601349473521681	1024
1601349473521682	1024
1601349473521683	1024
1601349473521683	1024
1601349473522073	17260544
1601349473522079	2359296
1601349473522135	122683392
1601349473522233	-122683392
1601349473522236	-2359296
1601349473522391	-4096
1601349473522424	-4096
1601349473522443	17260544
1601349473522445	1024
1601349473522445	1024
1601349473522446	1024
1601349473522447	1024
1601349473522574	-1024
1601349473522616	-1024
1601349473522746	69042176
1601349473522751	1048576
1601349473522801	1280
1601349473522870	-1280
1601349473522874	-1048576
1601349473523016	69042176
1601349473523017	6144
1601349473523018	4096
1601349473523019	4096
1601349473523020	4096
1601349473523150	-1024
1601349473523192	-1024
1601349473523231	-69042176
1601349473523441	17260544
1601349473523446	1048576
1601349473523507	2048
1601349473523578	-2048
1601349473523581	-1048576
1601349473523664	-6144
1601349473523703	-4096
1601349473523718	17260544
1601349473523720	1024
1601349473523720	1024
1601349473523721	1024
1601349473523722	1024
1601349473523948	17260544
1601349473523954	2359296
1601349473523999	122683392
1601349473524102	-122683392
1601349473524106	-2359296
1601349473524254	17264640
1601349473524255	1024
1601349473524256	1024
1601349473524257	1024
1601349473524258	1024
1601349473524385	-1024
1601349473524426	-1024
1601349473524598	69042176
1601349473524603	1048576
1601349473524654	2048
1601349473524725	-2048
1601349473524728	-1048576
1601349473524868	69042176
1601349473524870	4096
1601349473524870	4096
1601349473524871	4096
1601349473524873	4096
1601349473524999	-1024
1601349473525044	-1024
1601349473525308	17260544
1601349473525314	1048576
1601349473525358	2048
1601349473525426	-2048
1601349473525429	-1048576
1601349473525512	-4096
1601349473525550	-4096
1601349473525563	17260544
1601349473525564	1024
1601349473525565	1024
1601349473525566	1024
1601349473525567	1024
1601349473525798	17260544
1601349473525803	2359296
1601349473525848	122683392
1601349473525951	-122683392
1601349473525954	-2359296
1601349473526117	17260544
1601349473526119	1024
1601349473526119	1024
1601349473526120	1024
1601349473526121	1024
1601349473526253	-1024
1601349473526293	-1024
1601349473526431	69042176
1601349473526437	1048576
1601349473526483	1280
1601349473526552	-1280
1601349473526556	-1048576
1601349473526693	69042176
1601349473526694	6144
1601349473526695	4096
1601349473526696	4096
1601349473526698	4096
1601349473526827	-1024
1601349473526864	-1024
1601349473527125	17260544
1601349473527131	1048576
1601349473527176	2048
1601349473527252	-2048
1601349473527254	-1048576
1601349473527340	-6144
1601349473527382	-4096
1601349473527394	17260544
1601349473527395	1024
1601349473527396	1024
1601349473527397	1024
1601349473527398	1024
1601349473527627	17260544
1601349473527632	2359296
1601349473527681	122683392
1601349473527777	-122683392
1601349473527779	-2359296
1601349473527919	17260544
1601349473527921	1024
1601349473527922	1024
1601349473527923	1024
1601349473527923	1024
1601349473528055	-1024
1601349473528091	-1024
1601349473528227	69042176
1601349473528232	1048576
1601349473528277	1280
1601349473528348	-1280
1601349473528351	-1048576
1601349473528486	69042176
1601349473528487	6144
1601349473528487	4096
1601349473528488	4096
1601349473528489	4096
1601349473528629	-1024
1601349473528667	-1024
1601349473528914	17260544
1601349473528920	1048576
1601349473528971	2048
1601349473529041	-2048
1601349473529043	-1048576
1601349473529126	-6144
1601349473529161	-4096
1601349473529176	17260544
1601349473529177	1024
1601349473529178	1024
1601349473529179	1024
1601349473529179	1024
1601349473529412	17260544
1601349473529427	2359296
1601349473529473	122683392
1601349473529576	-122683392
1601349473529579	-2359296
1601349473530226	17260544
1601349473530227	1024
1601349473530228	1024
1601349473530229	1024
1601349473530229	1024
1601349473531640	-1024
1601349473531682	-1024
1601349473533291	69042176
1601349473533296	1048576
1601349473534317	1280
1601349473534386	-1280
1601349473534390	-1048576
1601349473534523	69042176
1601349473534524	6144
1601349473534525	4096
1601349473534526	4096
1601349473534527	4096
1601349473535564	-1024
1601349473535605	-1024
1601349473538123	17260544
1601349473538128	1048576
1601349473538177	2048
1601349473538560	-2048
1601349473538563	-1048576
1601349473538812	-6144
1601349473538851	-4096
1601349473538863	17260544
1601349473538864	1024
1601349473538864	1024
1601349473538865	1024
1601349473538866	1024
1601349473539084	17260544
1601349473539090	2359296
1601349473540302	122683392
1601349473543247	-122683392
1601349473543250	-2359296
1601349473543393	17260544
1601349473543395	1024
1601349473543396	1024
1601349473543396	1024
1601349473543397	1024
1601349473544362	-1024
1601349473544402	-1024
1601349473544531	69042176
1601349473544537	1048576
1601349473546727	1280
1601349473546796	-1280
1601349473546799	-1048576
1601349473547411	69042176
1601349473547412	6144
1601349473547413	4096
1601349473547414	4096
1601349473547415	4096
1601349473548380	-1024
1601349473548414	-1024
1601349473548693	34521088
1601349473548698	8388608
1601349473548842	512
1601349473549580	-512
1601349473549583	-8388608
1601349473549643	8630272
1601349473549648	2097152
1601349473549881	512
1601349473549945	-512
1601349473549948	-2097152
1601349473550010	-6144
1601349473550122	-4096
1601349473550140	34521088
1601349473550142	8192
1601349473550143	8192
1601349473550144	8192
1601349473550145	8192
1601349473550249	8630272
1601349473550249	2048
1601349473550250	2048
1601349473550251	2048
1601349473550252	2048
1601349473551593	8630272
1601349473551598	9437184
1601349473552316	94371840
1601349473553124	-94371840
1601349473553127	-9437184
1601349473553712	-8192
1601349473553748	-8192
1601349473553760	8630272
1601349473553761	2048
1601349473553761	2048
1601349473553762	2048
1601349473553763	2048
1601349473553914	-2048
1601349473554849	-2048
1601349473555250	34521088
1601349473555255	4194304
1601349473555299	512
1601349473555365	-512
1601349473555368	-4194304
1601349473555596	34521088
1601349473555597	12288
1601349473555598	8192
1601349473555599	8192
1601349473555600	8192
1601349473556572	-2048
1601349473556613	-2048
1601349473556813	-34521088
1601349473557069	8630272
1601349473557074	4194304
1601349473557121	512
1601349473558258	-512
1601349473558261	-4194304
1601349473558338	-12288
1601349473559001	-8192
1601349473559015	8630272
1601349473559016	2048
1601349473559016	2048
1601349473559017	2048
1601349473559018	2048
1601349473559849	8630272
1601349473559855	9437184
1601349473559898	94371840
1601349473560411	-94371840
1601349473560414	-9437184
1601349473561559	8638464
1601349473561560	2048
1601349473561561	2048
1601349473561562	2048
1601349473561563	2048
1601349473561776	-2048
1601349473561924	-2048
1601349473562064	34521088
1601349473562069	4194304
1601349473562248	512
1601349473562983	-512
1601349473562987	-4194304
1601349473563322	34521088
1601349473563323	8192
1601349473563324	8192
1601349473563325	8192
1601349473563326	8192
1601349473563557	-2048
1601349473563595	-2048
1601349473564955	8630272
1601349473564960	4194304
1601349473565008	512
1601349473565746	-512
1601349473565749	-4194304
1601349473566507	-8192
1601349473566543	-8192
1601349473566556	8630272
1601349473566557	2048
1601349473566558	2048
1601349473566559	2048
1601349473566559	2048
1601349473567122	8630272
1601349473567126	9437184
1601349473567173	94371840
1601349473568278	-94371840
1601349473568281	-9437184
1601349473568678	8630272
1601349473568680	2048
1601349473568680	2048
1601349473568681	2048
1601349473568682	2048
1601349473568799	-2048
1601349473568834	-2048
1601349473569717	34521088
1601349473569722	4194304
1601349473570008	512
1601349473570240	-512
1601349473570243	-4194304
1601349473570406	34521088
1601349473570407	12288
1601349473570408	8192
1601349473570408	8192
1601349473570409	8192
1601349473570534	-2048
1601349473570571	-2048
1601349473573215	-12288
1601349473573248	-8192
1601349473573266	704512
1601349473573375	344576
1601349473573831	512
1601349473573832	512
1601349473576868	-512
1601349473576896	-512
1601349473576980	256
1601349473577219	-512
1601349473577230	4096
1601349473577334	704512
1601349473577401	8200192
1601349473577453	-704512
1601349473577455	-344576
1601349473577569	-4096
1601349473577622	-8200192
1601349473577663	-256
1601349473577719	-4096
1601349473577730	34521088
1601349473577784	-704512
1601349473577826	-8200192
1601349473578574	-34521088
1601349473578601	34529280
1601349473578601	12288
1601349473578602	8192
1601349473578603	256
1601349473578730	256
1601349473578819	-34521088
1601349473578820	-8192
1601349473578821	-8192
1601349473578823	-256
1601349473578824	-256
1601349473578916	9970176
1601349473578927	8192000
1601349473578962	8630272
1601349473578986	4096
1601349473579082	-9970176
1601349473579084	-4096
1601349473579085	-8192000
1601349473579112	8192000
1601349473579122	4194304
1601349473579143	4096
1601349473579312	-4096
1601349473579314	-4194304
1601349473579324	-34529280
1601349473579370	-12288
1601349473580202	-8192
1601349473580237	-8630272
1601349473580277	-4194304
1601349473580291	8630272
1601349473580292	2048
1601349473580293	2048
1601349473580293	256
1601349473580566	256
1601349473580642	-8630272
1601349473580643	-8630272
1601349473580644	-2048
1601349473580644	-2048
1601349473580647	-256
1601349473580647	-256
1601349473580968	-8192000
1601349473580982	8630272
1601349473580988	9437184
1601349473581016	8630272
1601349473581038	94371840
1601349473581289	-8630272
1601349473581292	-94371840
1601349473581293	-9437184
1601349473581327	9437184
1601349473581335	9437184
1601349473581353	88473600
1601349473582710	-88473600
1601349473582713	-9437184
1601349473582722	-8630272
1601349473582783	-2048
1601349473582820	-2048
1601349473582854	-8630272
1601349473582893	-9437184
1601349473582903	9437184
1601349473582904	2048
1601349473582911	2048
1601349473582915	256
1601349473582983	256
1601349473583929	-8630272
1601349473583931	-8630272
1601349473583931	-2048
1601349473583932	-2048
1601349473583934	-256
1601349473583935	-256
1601349473584084	-9437184
1601349473584102	34521088
1601349473584108	4194304
1601349473584137	34521088
1601349473584154	4096
1601349473584256	-34521088
1601349473584258	-4096
1601349473584259	-4194304
1601349473584284	4194304
1601349473584291	8200192
1601349473584306	4096
1601349473584437	-4096
1601349473584439	-8200192
1601349473584447	-9437184
1601349473584490	-2048
1601349473585546	-2048
1601349473585585	-34521088
1601349473585616	-4194304
1601349473585906	-34521088
1601349473585947	-4194304
1601349473585958	34537472
1601349473585959	8192
1601349473585960	8192
1601349473585961	256
1601349473585984	256
1601349473586353	-34521088
1601349473586354	-8192
1601349473586355	-8192
1601349473586357	-256
1601349473586358	-256
1601349473586377	13631488
1601349473586384	8200192
1601349473586420	8630272
1601349473586435	4096
1601349473586625	-13631488
1601349473586628	-4096
1601349473586629	-8200192
1601349473586666	8200192
1601349473586674	4194304
1601349473586690	4096
1601349473587983	-4096
1601349473587985	-4194304
1601349473587994	-34537472
1601349473588072	-8192
1601349473588145	-8192
1601349473588180	-8638464
1601349473588218	-4194304
1601349473588231	8638464
1601349473588232	2048
1601349473588232	2048
1601349473588237	256
1601349473588262	256
1601349473588394	-8630272
1601349473588396	-8630272
1601349473588397	-2048
1601349473588398	-2048
1601349473588400	-256
1601349473588400	-256
1601349473589277	-8200192
1601349473589295	8630272
1601349473589302	13631488
1601349473589441	8630272
1601349473589457	173986304
1601349473589594	-8630272
1601349473589596	-173986304
1601349473589597	-13631488
1601349473589630	13631488
1601349473589638	9437184
1601349473589653	164549120
1601349473589767	-164549120
1601349473589769	-9437184
1601349473589778	-8638464
1601349473589839	-2048
1601349473590905	-2048
1601349473590968	-8630272
1601349473591247	-9437184
1601349473591260	9437440
1601349473591261	2048
1601349473591261	2048
1601349473591262	256
1601349473591286	256
1601349473591650	-8630272
1601349473591652	-8630272
1601349473591653	-2048
1601349473591653	-2048
1601349473591655	-256
1601349473591656	-256
1601349473591703	-13631488
1601349473591720	34529280
1601349473591727	4194304
1601349473591754	34521088
1601349473591769	4096
1601349473591963	-34529280
1601349473591965	-4096
1601349473591966	-4194304
1601349473591993	4194304
1601349473592000	4194560
1601349473592014	4096
1601349473593102	-4096
1601349473593104	-4194560
1601349473593112	-9437440
1601349473593192	-2048
1601349473593260	-2048
1601349473593301	-34521088
1601349473593332	-4194304
1601349473593371	-34521088
1601349473593468	-4194304
1601349473593478	34521088
1601349473593479	12288
1601349473593480	8192
1601349473593480	256
1601349473593509	256
1601349473594577	-34521088
1601349473594578	-8192
1601349473594579	-8192
1601349473594581	-256
1601349473594582	-256
1601349473594598	34521088
1601349473594599	8192
1601349473594600	8192
1601349473594600	256
1601349473594625	256
1601349473594698	-34521088
1601349473594700	-34521088
1601349473594700	-8192
1601349473594701	-8192
1601349473594703	-256
1601349473594703	-256
1601349473594726	69042176
1601349473594732	9437440
1601349473594761	69042176
1601349473594933	-69042176
1601349473594935	-9437440
1601349473594963	9437440
1601349473594970	13631488
1601349473594986	4096
1601349473596012	-4096
1601349473596014	-13631488
1601349473596022	-34521088
1601349473596066	-12288
1601349473596103	-8192
1601349473596113	13631488
1601349473596119	4194304
1601349473596388	8630272
1601349473596410	4096
1601349473596783	-13631488
1601349473596785	-4096
1601349473596786	-4194304
1601349473596809	4194304
1601349473596816	4194560
1601349473596831	4096
1601349473597090	-4096
1601349473597092	-4194560
1601349473597099	-34521088
1601349473597159	-8192
1601349473597196	-8192
1601349473598202	-8388608
1601349473598254	-8630272
1601349473598289	-4194304
1601349473598325	-9437440
1601349473598339	9437440
1601349473598340	2048
1601349473598340	2048
1601349473598341	256
1601349473598391	256
1601349473598457	-8630272
1601349473598459	-8630272
1601349473598459	-2048
1601349473598460	-2048
1601349473598462	-256
1601349473598463	-256
1601349473598511	-4194304
1601349473598522	12583424
1601349473598528	13631488
1601349473598598	8630272
1601349473598619	94371840
1601349473599713	-12583424
1601349473599715	-94371840
1601349473599717	-13631488
1601349473599749	12583424
1601349473599756	13631488
1601349473599771	88473600
1601349473599907	-88473600
1601349473599910	-13631488
1601349473599917	-9437440
1601349473599965	-2048
1601349473600000	-2048
1601349473600031	-8630272
1601349473600068	-9437184
1601349473600079	13631488
1601349473600080	2048
1601349473600081	2048
1601349473600081	256
1601349473601222	256
1601349473601523	-8630272
1601349473601525	-8630272
1601349473601526	-2048
1601349473601527	-2048
1601349473601529	-256
1601349473601530	-256
1601349473601577	-12583424
1601349473601587	69042176
1601349473601593	2097152
1601349473601617	103596032
1601349473601978	-69042176
1601349473601981	-2097152
1601349473602011	2097152
1601349473602019	2097152
1601349473602035	4096
1601349473602246	-4096
1601349473602248	-2097152
1601349473602256	-13631488
1601349473602299	-2048
1601349473602332	-2048
1601349473603571	-103596032
1601349473603602	-2097152
1601349473603688	-69042176
1601349473603759	-2097152
1601349473603772	69046272
1601349473603773	4096
1601349473603774	6144
1601349473603774	256
1601349473603809	256
1601349473603888	-69042176
1601349473603889	-4096
1601349473603890	-4096
1601349473603892	-256
1601349473603892	-256
1601349473603912	18874880
1601349473603918	1048576
1601349473603949	17260544
1601349473603963	3584
1601349473604916	-18874880
1601349473604918	-3584
1601349473604920	-1048576
1601349473604942	1048576
1601349473604949	1048576
1601349473604963	2560
1601349473605248	-2560
1601349473605251	-1048576
1601349473605258	-69046272
1601349473605307	-4096
1601349473605338	-6144
1601349473605374	-17260544
1601349473605409	-1048576
1601349473605421	17260544
1601349473605422	1024
1601349473605423	1024
1601349473605423	256
1601349473605450	256
1601349473605532	-17260544
1601349473605534	-17260544
1601349473605534	-1024
1601349473605535	-1024
1601349473605537	-256
1601349473605538	-256
1601349473606589	-1048576
1601349473606605	17260544
1601349473606611	4194304
1601349473606638	19923456
1601349473606653	122683392
1601349473606993	-17260544
1601349473606995	-122683392
1601349473606997	-4194304
1601349473607022	4194304
1601349473607029	4194304
1601349473607045	110886912
1601349473607683	-110886912
1601349473607686	-4194304
1601349473607693	-17260544
1601349473607734	-1024
1601349473607779	-1024
1601349473607816	-17260544
1601349473610022	-2359296
1601349473610033	17260544
1601349473610034	1024
1601349473610034	1024
1601349473610035	256
1601349473610057	256
1601349473610154	-19923456
1601349473610155	-17260544
1601349473610155	-1024
1601349473610156	-1024
1601349473610158	-256
1601349473610159	-256
1601349473610752	-4194304
1601349473610767	69042176
1601349473610773	1048576
1601349473610800	69042176
1601349473610814	4096
1601349473611049	-69042176
1601349473611051	-4096
1601349473611052	-1048576
1601349473611076	1048576
1601349473611083	1048576
1601349473611096	4096
1601349473611220	-4096
1601349473611222	-1048576
1601349473611230	-17260544
1601349473611273	-1024
1601349473611308	-1024
1601349473611346	-69042176
1601349473611383	-1048576
1601349473611490	-69042176
1601349473612378	-1048576
1601349473612388	69046272
1601349473612389	4096
1601349473612390	6144
1601349473612390	256
1601349473612492	256
1601349473612577	-69042176
1601349473612578	-4096
1601349473612579	-4096
1601349473612581	-256
1601349473612582	-256
1601349473612601	19923456
1601349473612607	1048576
1601349473612642	17260544
1601349473612656	3584
1601349473612726	-19923456
1601349473612729	-3584
1601349473612730	-1048576
1601349473612753	1048576
1601349473612760	1048576
1601349473612773	2560
1601349473612894	-2560
1601349473612896	-1048576
1601349473612903	-69046272
1601349473612943	-4096
1601349473612978	-6144
1601349473613910	-17260544
1601349473613945	-1048576
1601349473613956	17260544
1601349473613956	1024
1601349473613957	1024
1601349473613958	256
1601349473614122	256
1601349473614202	-17260544
1601349473614204	-17260544
1601349473614205	-1024
1601349473614206	-1024
1601349473614207	-256
1601349473614208	-256
1601349473614263	-1048576
1601349473614277	17260544
1601349473614283	4194304
1601349473614340	19923456
1601349473614354	122683392
1601349473614515	-17260544
1601349473614516	-122683392
1601349473614518	-4194304
1601349473614545	4194304
1601349473614552	4194304
1601349473614566	110886912
1601349473615927	-110886912
1601349473615930	-4194304
1601349473615937	-17260544
1601349473615976	-1024
1601349473616009	-1024
1601349473616046	-17260544
1601349473616078	-2359296
1601349473616088	17260544
1601349473616089	1024
1601349473616089	1024
1601349473616090	256
1601349473616110	256
1601349473616242	-19923456
1601349473616243	-17260544
1601349473616244	-1024
1601349473616249	-1024
1601349473616251	-256
1601349473616252	-256
1601349473616329	-4194304
1601349473616343	69042176
1601349473616349	1049088
1601349473616434	69042176
1601349473616447	4096
1601349473617456	-69042176
1601349473617458	-4096
1601349473617459	-1049088
1601349473617481	1049088
1601349473617487	1048576
1601349473617500	4096
1601349473617618	-4096
1601349473617620	-1048576
1601349473617628	-17260544
1601349473617666	-1024
1601349473617698	-1024
1601349473617730	-69042176
1601349473617761	-1048576
1601349473618834	-69042176
1601349473618871	-1049088
1601349473618881	69046272
1601349473618881	4096
1601349473618882	6144
1601349473618882	256
1601349473618902	256
1601349473619108	-69042176
1601349473619109	-4096
1601349473619109	-4096
1601349473619111	-256
1601349473619112	-256
1601349473619133	19923456
1601349473619139	1048576
1601349473619167	17260544
1601349473619181	3584
1601349473619290	-19923456
1601349473619292	-3584
1601349473619294	-1048576
1601349473619315	1048576
1601349473619322	1049088
1601349473619335	2560
1601349473619505	-2560
1601349473619508	-1049088
1601349473619514	-69046272
1601349473619555	-4096
1601349473620844	-6144
1601349473620875	-17260544
1601349473620908	-1048576
1601349473620921	17260544
1601349473620922	1024
1601349473620923	1024
1601349473620923	256
1601349473620942	256
1601349473621023	-17260544
1601349473621025	-17260544
1601349473621026	-1024
1601349473621026	-1024
1601349473621028	-256
1601349473621029	-256
1601349473621078	-1048576
1601349473621089	17260544
1601349473621094	4194304
1601349473621118	19923456
1601349473621132	122683392
1601349473622245	-17260544
1601349473622247	-122683392
1601349473622248	-4194304
1601349473622277	4194304
1601349473622283	4194304
1601349473622298	110886912
1601349473622473	-110886912
1601349473622476	-4194304
1601349473622483	-17260544
1601349473622529	-1024
1601349473622558	-1024
1601349473622592	-17260544
1601349473622626	-2359296
1601349473622636	17260544
1601349473622637	1024
1601349473622637	1024
1601349473622638	256
1601349473622670	256
1601349473623798	-19923456
1601349473623799	-17260544
1601349473623799	-1024
1601349473623800	-1024
1601349473623802	-256
1601349473623802	-256
1601349473623848	-4194304
1601349473623863	69042176
1601349473623868	1048576
1601349473623893	69042176
1601349473623906	4096
1601349473624014	-69042176
1601349473624016	-4096
1601349473624016	-1048576
1601349473624038	1048576
1601349473624045	1048576
1601349473624059	4096
1601349473624237	-4096
1601349473624239	-1048576
1601349473624247	-17260544
1601349473624362	-1024
1601349473624399	-1024
1601349473624432	-69042176
1601349473624556	-1048576
1601349473624658	-69042176
1601349473624693	-1048576
1601349473624702	69046272
1601349473624702	4096
1601349473624703	6144
1601349473624704	256
1601349473624722	256
1601349473624792	-69042176
1601349473624793	-4096
1601349473624799	-4096
1601349473624801	-256
1601349473624801	-256
1601349473624819	19923456
1601349473624840	1048576
1601349473624868	17260544
1601349473624881	3584
1601349473624950	-19923456
1601349473624952	-3584
1601349473624954	-1048576
1601349473624976	1048576
1601349473624983	1048576
1601349473624996	2560
1601349473625108	-2560
1601349473625111	-1048576
1601349473625118	-69046272
1601349473625165	-4096
1601349473625197	-6144
1601349473625228	-17260544
1601349473625256	-1048576
1601349473625269	17260544
1601349473625270	1024
1601349473625270	1024
1601349473625271	256
1601349473625289	256
1601349473625359	-17260544
1601349473625361	-17260544
1601349473625361	-1024
1601349473625362	-1024
1601349473625364	-256
1601349473625364	-256
1601349473625409	-1048576
1601349473625418	17260544
1601349473625423	2359808
1601349473625606	19923456
1601349473625620	122683392
1601349473626364	-256
1601349473627778	-17260544
1601349473627780	-122683392
1601349473627783	-2359808
1601349473627817	2359808
1601349473627825	4194304
1601349473627842	110886912
1601349473627942	-110886912
1601349473627944	-4194304
1601349473627952	-17260544
1601349473627993	-1024
1601349473628029	-1024
1601349473628060	-17260544
1601349473628091	-2359296
1601349473628101	17260544
1601349473628101	1024
1601349473628102	1024
1601349473628103	256
1601349473629211	256
1601349473629323	-19923456
1601349473629325	-17260544
1601349473629325	-1024
1601349473629330	-1024
1601349473629333	-256
1601349473629333	-256
1601349473629377	-2359808
1601349473629391	69042176
1601349473629397	1048576
1601349473629473	69042176
1601349473629487	4096
1601349473629549	-69042176
1601349473629552	-4096
1601349473629552	-1048576
1601349473629575	1048576
1601349473629581	1049088
1601349473629594	4096
1601349473629771	-4096
1601349473629773	-1049088
1601349473629780	-17260544
1601349473629881	-1024
1601349473630770	-1024
1601349473630893	-69042176
1601349473630990	-1048576
1601349473631069	-69042176
1601349473631888	-1048576
1601349473631900	69050368
1601349473631900	4096
1601349473631901	4096
1601349473631902	256
1601349473631984	256
1601349473632338	-69042176
1601349473632339	-4096
1601349473632339	-4096
1601349473632342	-256
1601349473632342	-256
1601349473632358	19923456
1601349473632363	1049088
1601349473632394	26740992
1601349473632408	3584
1601349473632474	-19923456
1601349473632476	-3584
1601349473632477	-1049088
1601349473632498	1049088
1601349473632505	1048576
1601349473632518	2560
1601349473632623	-2560
1601349473632626	-1048576
1601349473632632	-69050368
1601349473632677	-4096
1601349473632710	-4096
1601349473632738	-17264640
1601349473633977	-1048576
1601349473633987	17264640
1601349473633987	1024
1601349473633988	1024
1601349473633988	256
1601349473634012	256
1601349473634077	-26740992
1601349473634079	-17260544
1601349473634079	-1024
1601349473634081	-1024
1601349473634082	-256
1601349473634083	-256
1601349473635485	-1049088
1601349473635502	17260544
1601349473635507	4194304
1601349473635532	19923456
1601349473635545	122683392
1601349473635783	-17260544
1601349473635785	-122683392
1601349473635787	-4194304
1601349473635809	4194304
1601349473635815	4194304
1601349473635830	110886912
1601349473636311	-110886912
1601349473636313	-4194304
1601349473636320	-17264640
1601349473636369	-1024
1601349473636402	-1024
1601349473636433	-17260544
1601349473637783	-2359296
1601349473637794	26740992
1601349473637795	1024
1601349473637796	1024
1601349473637796	256
1601349473637816	256
1601349473637883	-19923456
1601349473637884	-17260544
1601349473637885	-1024
1601349473637886	-1024
1601349473637887	-256
1601349473637888	-256
1601349473637934	-4194304
1601349473637948	69046272
1601349473637954	1048576
1601349473639205	69042176
1601349473639219	4096
1601349473639300	-69046272
1601349473639302	-4096
1601349473639303	-1048576
1601349473639324	1048576
1601349473639331	1048576
1601349473639343	4096
1601349473639475	-4096
1601349473639477	-1048576
1601349473639483	-26740992
1601349473639519	-1024
1601349473639637	-1024
1601349473639771	-69042176
1601349473639877	-1048576
1601349473640755	-69042176
1601349473640880	-1048576
1601349473640888	69042176
1601349473640889	4096
1601349473640890	6144
1601349473640890	256
1601349473640959	256
1601349473641087	-69042176
1601349473641088	-4096
1601349473641093	-4096
1601349473641095	-256
1601349473641096	-256
1601349473641112	69042176
1601349473641113	4096
1601349473641113	4096
1601349473641114	256
1601349473641823	256
1601349473641972	-69042176
1601349473641974	-69042176
1601349473641975	-4096
1601349473641975	-4096
1601349473641976	-256
1601349473641977	-256
1601349473641997	138084352
1601349473642002	2097152
1601349473642233	138084352
1601349473642329	-138084352
1601349473642331	-2097152
1601349473642362	2097152
1601349473642368	2097152
1601349473642382	2560
1601349473642490	-2560
1601349473642493	-2097152
1601349473642500	-69042176
1601349473642537	-4096
1601349473642567	-6144
1601349473642575	19923456
1601349473642580	1048576
1601349473642601	30149376
1601349473642613	4096
1601349473643935	-19923456
1601349473643937	-4096
1601349473643938	-1048576
1601349473643958	1048576
1601349473643964	1048576
1601349473643976	4096
1601349473645528	-4096
1601349473645530	-1048576
1601349473645537	-69042176
1601349473645577	-4096
1601349473645605	-4096
1601349473645748	-2097152
1601349473645788	-17260544
1601349473645983	-1048576
1601349473646019	-2097152
1601349473646036	19923456
1601349473646036	1024
1601349473646037	1024
1601349473646037	256
1601349473646056	256
1601349473646135	-30149376
1601349473646136	-17260544
1601349473646137	-1024
1601349473646138	-1024
1601349473646140	-256
1601349473646140	-256
1601349473646313	-1048576
1601349473646327	30149376
1601349473646333	4194304
1601349473646356	17260544
1601349473646369	172605440
1601349473646822	-30149376
1601349473646824	-172605440
1601349473646825	-4194304
1601349473646847	4194304
1601349473646856	4194304
1601349473646869	172605440
1601349473653253	-172605440
1601349473653255	-4194304
1601349473653261	-19923456
1601349473653306	-1024
1601349473653334	-1024
1601349473653367	-17260544
1601349473653397	-2359296
1601349473653406	19923456
1601349473653407	1024
1601349473653408	1024
1601349473653408	256
1601349473653426	256
1601349473654790	-17260544
1601349473654792	-17260544
1601349473654793	-1024
1601349473654793	-1024
1601349473654795	-256
1601349473654796	-256
1601349473654836	-4194304
1601349473654845	138084352
1601349473654851	524288
1601349473654878	207142912
1601349473656169	-138084352
1601349473656170	-524288
1601349473656199	524288
1601349473656206	524288
1601349473656219	4096
1601349473656354	-4096
1601349473656356	-524288
1601349473656362	-19923456
1601349473656405	-1024
1601349473656452	-1024
1601349473656481	-207142912
1601349473656511	-524288
1601349473656556	-138084352
1601349473656587	-524288
1601349473656602	138086400
1601349473656602	2048
1601349473656603	2048
1601349473656604	256
1601349473656701	256
1601349473656890	-138084352
1601349473656892	-2048
1601349473656892	-2048
1601349473656894	-256
1601349473656895	-256
1601349473656910	44045312
1601349473656915	262144
1601349473656945	34521088
1601349473656958	6912
1601349473658030	-44045312
1601349473658032	-6912
1601349473658033	-262144
1601349473658057	262144
1601349473658063	262144
1601349473658076	4096
1601349473659355	-4096
1601349473659356	-262144
1601349473659363	-138086400
1601349473659400	-2048
1601349473659433	-2048
1601349473659475	-34521088
1601349473659507	-262144
1601349473659517	34521088
1601349473659518	512
1601349473659518	512
1601349473659519	256
1601349473659537	256
1601349473659621	-34521088
1601349473659623	-34521088
1601349473659624	-512
1601349473659624	-512
1601349473659626	-256
1601349473659626	-256
1601349473659672	-262144
1601349473659681	34521088
1601349473659686	1048576
1601349473659712	44045312
1601349473659725	175767552
1601349473660665	-34521088
1601349473660666	-175767552
1601349473660668	-1048576
1601349473660688	1048576
1601349473660694	1049088
1601349473660707	157704192
1601349473661546	-157704192
1601349473661549	-1049088
1601349473661555	-34521088
1601349473661929	-512
1601349473661959	-512
1601349473662344	-34521088
1601349473662379	-589824
1601349473662393	34521088
1601349473662394	512
1601349473662394	512
1601349473662395	256
1601349473662414	256
1601349473662956	-44045312
1601349473662957	-34521088
1601349473662958	-512
1601349473662958	-512
1601349473662960	-256
1601349473662960	-256
1601349473663004	-1048576
1601349473663015	138084352
1601349473663021	262144
1601349473663047	138084352
1601349473663060	6912
1601349473664174	-138084352
1601349473664176	-6912
1601349473664177	-262144
1601349473664198	262144
1601349473664204	262144
1601349473664216	4096
1601349473665483	-4096
1601349473665485	-262144
1601349473665491	-34521088
1601349473665570	-512
1601349473665598	-512
1601349473665629	-138084352
1601349473665659	-262144
1601349473665778	-138084352
1601349473665811	-262144
1601349473665823	138086400
1601349473665824	2048
1601349473665824	2048
1601349473665825	256
1601349473665980	256
1601349473666066	-138084352
1601349473666067	-2048
1601349473666068	-2048
1601349473666070	-256
1601349473666070	-256
1601349473666087	44045312
1601349473666097	262144
1601349473666919	34521088
1601349473666933	6912
1601349473667400	-44045312
1601349473667402	-6912
1601349473667404	-262144
1601349473667425	262144
1601349473667431	262144
1601349473667443	4096
1601349473668369	-4096
1601349473668370	-262144
1601349473668377	-138086400
1601349473668462	-2048
1601349473668491	-2048
1601349473668522	-34521088
1601349473668551	-262144
1601349473668560	34521088
1601349473668561	512
1601349473668562	512
1601349473668562	256
1601349473668668	256
1601349473668742	-34521088
1601349473668743	-34521088
1601349473668744	-512
1601349473668744	-512
1601349473668746	-256
1601349473668747	-256
1601349473668787	-262144
1601349473668797	34521088
1601349473668803	852736
1601349473668829	44307712
1601349473668842	175767552
1601349473670099	-34521088
1601349473670100	-175767552
1601349473670102	-852736
1601349473670123	852736
1601349473670129	1048576
1601349473670142	157704192
1601349473671745	-157704192
1601349473671748	-1048576
1601349473671754	-34521088
1601349473671797	-512
1601349473672157	-512
1601349473672189	-34521088
1601349473672217	-589824
1601349473672235	34521088
1601349473672236	512
1601349473672237	512
1601349473672237	256
1601349473672706	256
1601349473672780	-44307712
1601349473672781	-34521088
1601349473672782	-512
1601349473672782	-512
1601349473672784	-256
1601349473672784	-256
1601349473672828	-852736
1601349473672840	138084352
1601349473672845	262144
1601349473672872	138084352
1601349473672885	6912
1601349473673987	-138084352
1601349473673989	-6912
1601349473673990	-262144
1601349473674011	262144
1601349473674017	262144
1601349473674029	4096
1601349473675287	-4096
1601349473675289	-262144
1601349473675296	-34521088
1601349473675383	-512
1601349473675412	-512
1601349473675440	-138084352
1601349473675566	-262144
1601349473675599	-138084352
1601349473675629	-262144
1601349473675641	138088448
1601349473675642	2048
1601349473675642	2048
1601349473675643	256
1601349473675791	256
1601349473675875	-138084352
1601349473675876	-2048
1601349473675877	-2048
1601349473675879	-256
1601349473675880	-256
1601349473675896	45881344
1601349473675901	262144
1601349473676730	34521088
1601349473676748	6912
1601349473677199	-45881344
1601349473677201	-6912
1601349473677202	-262144
1601349473677223	262144
1601349473677229	262144
1601349473677241	2560
1601349473678161	-2560
1601349473678164	-262144
1601349473678170	-138088448
1601349473678259	-2048
1601349473678287	-2048
1601349473678318	-34523136
1601349473678452	-262144
1601349473678464	34523136
1601349473678465	512
1601349473678465	512
1601349473678465	256
1601349473678488	256
1601349473678554	-34521088
1601349473678556	-34521088
1601349473678556	-512
1601349473678557	-512
1601349473678558	-256
1601349473678559	-256
1601349473678598	-262144
1601349473678614	34521088
1601349473678619	1048576
1601349473678640	45881344
1601349473678653	175767552
1601349473681123	-34521088
1601349473681125	-175767552
1601349473681126	-1048576
1601349473681147	1048576
1601349473681153	589824
1601349473681167	157704192
1601349473681568	-157704192
1601349473681571	-589824
1601349473681582	-34523136
1601349473681961	-512
1601349473681992	-512
1601349473682023	-34521088
1601349473682050	-589824
1601349473682063	34521088
1601349473682063	512
1601349473682064	512
1601349473682064	256
1601349473682540	256
1601349473682606	-45881344
1601349473682607	-34521088
1601349473682608	-512
1601349473682609	-512
1601349473682610	-256
1601349473682611	-256
1601349473682657	-1048576
1601349473682666	138084352
1601349473682671	262656
1601349473683759	138084352
1601349473683773	6912
1601349473683837	-138084352
1601349473683839	-6912
1601349473683840	-262656
1601349473683861	262656
1601349473683868	262144
1601349473683880	4096
1601349473685199	-4096
1601349473685201	-262144
1601349473685208	-34521088
1601349473685246	-512
1601349473685278	-512
1601349473685394	-138084352
1601349473685426	-262144
1601349473685456	-138084352
1601349473685619	-262656
1601349473685632	138085376
1601349473685633	2048
1601349473685633	2048
1601349473685634	256
1601349473685654	256
1601349473686607	-138084352
1601349473686608	-2048
1601349473686608	-2048
1601349473686610	-256
1601349473686611	-256
1601349473686631	138084352
1601349473686631	2048
1601349473686632	2048
1601349473686632	256
1601349473686725	256
1601349473686926	-138084352
1601349473686928	-138084352
1601349473686929	-2048
1601349473686930	-2048
1601349473686931	-256
1601349473686931	-256
1601349473686951	276168704
1601349473686957	524288
1601349473687033	276168704
1601349473687950	-276168704
1601349473687952	-524288
1601349473687983	524288
1601349473687990	524288
1601349473688003	4096
1601349473688109	-4096
1601349473688111	-524288
1601349473688117	-138085376
1601349473688160	-2048
1601349473688281	-2048
1601349473688295	48176384
1601349473688300	262656
1601349473688322	34521088
1601349473688334	6912
1601349473688400	-48176384
1601349473688402	-6912
1601349473688403	-262656
1601349473688424	262656
1601349473688430	262144
1601349473688442	2560
1601349473690968	-2560
1601349473690970	-262144
1601349473690977	-138084352
1601349473691013	-2048
1601349473691046	-2048
1601349473691077	-524288
1601349473691401	-34521088
1601349473691429	-262144
1601349473691807	-524288
1601349473691816	48176384
1601349473691817	512
1601349473691818	512
1601349473691818	256
1601349473691841	256
1601349473691909	-34521088
1601349473691911	-34521088
1601349473691911	-512
1601349473691912	-512
1601349473691914	-256
1601349473691914	-256
1601349473692361	-262656
1601349473692375	34521088
1601349473692380	1048576
1601349473692404	34521088
1601349473692417	207134720
1601349473693623	-34521088
1601349473693625	-207134720
1601349473693625	-1048576
1601349473693649	1048576
1601349473693655	589824
1601349473693674	207134720
1601349473694930	-207134720
1601349473694932	-589824
1601349473694940	-48176384
1601349473695017	-512
1601349473695049	-512
1601349473695080	-34521088
1601349473695114	-589824
1601349473695123	34521088
1601349473695124	512
1601349473695125	512
1601349473695125	256
1601349473695220	256
1601349473695306	-34521088
1601349473695308	-51772672
1601349473695308	-512
1601349473695313	-512
1601349473695315	-256
1601349473695315	-256
1601349473695432	-1048576
1601349473695441	276168704
1601349473695447	131072
1601349473695475	345219072
1601349473696538	-276168704
1601349473696539	-131072
1601349473696569	131072
1601349473696575	131072
1601349473696588	4096
1601349473697764	-4096
1601349473697765	-131072
1601349473697773	-34521088
1601349473697818	-512
1601349473697848	-512
1601349473697886	-345219072
1601349473697917	-131072
1601349473697948	-276168704
1601349473697978	-131072
1601349473697986	276168704
1601349473697987	1024
1601349473697988	1024
1601349473697988	256
1601349473698106	256
1601349473698183	-276168704
1601349473698184	-1024
1601349473698185	-1024
1601349473698187	-256
1601349473698187	-256
1601349473698206	69042176
1601349473698212	65536
1601349473698238	69042176
1601349473698251	21248
1601349473699510	-69042176
1601349473699512	-21248
1601349473699513	-65536
1601349473699537	65536
1601349473699543	65536
1601349473699556	4096
1601349473700798	-4096
1601349473700800	-65536
1601349473700806	-276168704
1601349473700844	-1024
1601349473701188	-1024
1601349473701220	-69042176
1601349473701599	-65536
1601349473701610	69042176
1601349473701611	256
1601349473701611	256
1601349473701612	256
1601349473701631	256
1601349473701697	-69042176
1601349473701699	-69042176
1601349473701699	-256
1601349473701700	-256
1601349473701702	-256
1601349473701702	-256
1601349473702150	-65536
1601349473702161	69042176
1601349473702167	147456
1601349473702195	69346048
1601349473702209	409856
1601349473702354	-69042176
1601349473702356	-409856
1601349473702357	-147456
1601349473702381	147456
1601349473702391	147456
1601349473702405	5632
1601349473704665	-5632
1601349473704667	-147456
1601349473704673	-69042176
1601349473704715	-256
1601349473704742	-256
1601349473704773	-69042176
1601349473704813	-147456
1601349473704821	69042176
1601349473704822	256
1601349473704822	256
1601349473704823	256
1601349473704842	256
1601349473704911	-69346048
1601349473704912	-69042176
1601349473704913	-256
1601349473704914	-256
1601349473704916	-256
1601349473704917	-256
1601349473704999	-147456
1601349473705014	276168704
1601349473705019	65536
1601349473705042	276168704
1601349473705055	21248
1601349473705255	-276168704
1601349473705257	-21248
1601349473705258	-65536
1601349473705279	65536
1601349473705285	65536
1601349473705298	3072
1601349473707487	-3072
1601349473707490	-65536
1601349473707496	-69042176
1601349473707536	-256
1601349473707567	-256
1601349473707598	-276168704
1601349473707626	-65536
1601349473707680	-276168704
1601349473707714	-65536
1601349473707723	276168704
1601349473707724	1024
1601349473707724	1024
1601349473707725	256
1601349473707743	256
1601349473707926	-276168704
1601349473707927	-1024
1601349473707928	-1024
1601349473707930	-256
1601349473707930	-256
1601349473707954	69346048
1601349473707959	65536
1601349473707986	69042176
1601349473707999	21248
1601349473708064	-69346048
1601349473708066	-21248
1601349473708067	-65536
1601349473708089	65536
1601349473708095	65536
1601349473708107	3072
1601349473710568	-3072
1601349473710570	-65536
1601349473710576	-276168704
1601349473710613	-1024
1601349473710644	-1024
1601349473710978	-69042176
1601349473711014	-65536
1601349473711027	69042176
1601349473711028	256
1601349473711029	256
1601349473711029	256
1601349473711384	256
1601349473711456	-69042176
1601349473711458	-69042176
1601349473711458	-256
1601349473711460	-256
1601349473711461	-256
1601349473711462	-256
1601349473711506	-65536
1601349473711520	69042176
1601349473711526	147456
1601349473711548	73758464
1601349473711560	409856
1601349473711986	-69042176
1601349473711988	-409856
1601349473711989	-147456
1601349473712014	147456
1601349473712021	147456
1601349473712033	5632
1601349473716334	-5632
1601349473716336	-147456
1601349473716343	-69042176
1601349473716381	-256
1601349473718836	-256
1601349473718870	-69042176
1601349473718901	-147456
1601349473718913	69042176
1601349473718914	256
1601349473718914	256
1601349473718915	256
1601349473718934	256
1601349473719001	-73758464
1601349473719002	-69042176
1601349473719002	-256
1601349473719004	-256
1601349473719005	-256
1601349473719006	-256
1601349473719053	-147456
1601349473719063	276168704
1601349473719068	65536
1601349473719094	276168704
1601349473719107	21248
1601349473720165	-276168704
1601349473720167	-21248
1601349473720168	-65536
1601349473720189	65536
1601349473720194	65536
1601349473720207	3072
1601349473721472	-3072
1601349473721475	-65536
1601349473721481	-69042176
1601349473721523	-256
1601349473721582	-256
1601349473721610	-276168704
1601349473721640	-65536
1601349473721671	-276168704
1601349473721792	-65536
1601349473721808	276168704
1601349473721809	1024
1601349473721810	1024
1601349473721810	256
1601349473721829	256
1601349473721899	-276168704
1601349473721900	-1024
1601349473721901	-1024
1601349473721903	-256
1601349473721903	-256
1601349473721921	276168704
1601349473721921	1024
1601349473721922	1024
1601349473721922	256
1601349473722023	256
1601349473722106	-276168704
1601349473722108	-276168704
1601349473722108	-1024
1601349473722109	-1024
1601349473722111	-256
1601349473722111	-256
1601349473722131	73758464
1601349473722136	65536
1601349473722965	69042176
1601349473722978	21248
1601349473723433	-73758464
1601349473723435	-21248
1601349473723436	-65536
1601349473723456	65536
1601349473723462	65536
1601349473723475	3072
1601349473724396	-3072
1601349473724399	-65536
1601349473724405	-276168704
1601349473724495	-1024
1601349473724522	-1024
1601349473724537	73758464
1601349473724542	65536
1601349473724564	69042176
1601349473724576	21248
1601349473724731	-73758464
1601349473724733	-21248
1601349473724734	-65536
1601349473724754	65536
1601349473724760	65536
1601349473724772	3072
1601349473726342	-3072
1601349473726344	-65536
1601349473726350	-276168704
1601349473727037	-1024
1601349473727071	-1024
1601349473727103	-65536
1601349473727133	-69042176
1601349473727844	-65536
1601349473727877	-65536
1601349473727886	69042176
1601349473727887	256
1601349473727887	256
1601349473727888	256
1601349473728636	256
1601349473728706	-69042176
1601349473728708	-69042176
1601349473728708	-256
1601349473728709	-256
1601349473728711	-256
1601349473728711	-256
1601349473728755	-65536
1601349473728768	69042176
1601349473728774	147456
1601349473729689	83598080
1601349473729702	409856
1601349473729773	-69042176
1601349473729775	-409856
1601349473729776	-147456
1601349473729798	147456
1601349473729805	147456
1601349473729817	5632
1601349473731047	-5632
1601349473731049	-147456
1601349473731056	-69042176
1601349473732293	-256
1601349473732327	-256
1601349473732355	-69042176
1601349473732390	-147456
1601349473732401	69042176
1601349473732405	256
1601349473732406	256
1601349473732406	256
1601349473732518	256
1601349473732585	-83598080
1601349473732586	-69042176
1601349473732588	-256
1601349473732588	-256
1601349473732590	-256
1601349473732590	-256
1601349473732632	-147456
1601349473732646	83877120
1601349473732651	16384
1601349473732824	69042176
1601349473732837	21248
1601349473733135	-83877120
1601349473733137	-21248
1601349473733138	-16384
1601349473733159	16384
1601349473733165	16384
1601349473733177	3072
1601349473734651	-3072
1601349473734653	-16384
1601349473734660	-69042176
1601349473735543	-256
1601349473735575	-256
1601349473735610	-69042176
1601349473735637	-16384
1601349473735653	276168704
1601349473735804	-69042176
1601349473735805	-69042176
1601349473735847	-16384
1601349473735876	-276168704
1601349473735890	345210880
1601349473735891	256
1601349473735892	256
1601349473735893	256
1601349473736095	256
1601349473736164	-276168704
1601349473736165	-276168704
1601349473736166	-256
1601349473736167	-256
1601349473736168	-256
1601349473736168	-256
1601349473736186	37632
1601349473736192	37632
1601349473736206	35840
1601349473737651	-35840
1601349473737654	-37632
1601349473737660	-54593024
1601349473737662	-345210880
1601349473737701	-256
1601349473737731	-256
1601349473738905	-37632
1601349473738935	-256
1601349473738936	-37632
