1599710280505381	0.000244140625
1599710280505475	0.000244140625
1599710280505531	0.000244140625
1599710280505602	-0.000244140625
1599710280505815	0.000244140625
1599710280505988	0.000244140625
1599710280506014	-0.000244140625
1599710280506168	0.000244140625
1599710280506227	0.000244140625
1599710280506370	0.000244140625
1599710280506445	-0.000244140625
1599710280506563	0.000244140625
1599710280506633	-0.000244140625
1599710280506732	0.000244140625
1599710280506884	-0.000244140625
1599710280506944	0.000244140625
1599710280507067	-0.000244140625
1599710280507067	-0.000244140625
1599710280507067	-0.000244140625
1599710280507067	-0.000244140625
1599710280507067	-0.000244140625
1599710280507117	0.000244140625
1599710280507133	-0.000244140625
1599710280507133	-0.000244140625
1599710280508973	0.000244140625
1599710280510046	0.000244140625
1599710280510046	0.0087890625
1599710280510105	-0.0087890625
1599710280510164	2.25
1599710280510248	0.000244140625
1599710280510248	0.0087890625
1599710280510294	-0.0087890625
1599710280510321	9.0
1599710280510389	0.000244140625
1599710280510389	0.0087890625
1599710280510428	-0.0087890625
1599710280510457	2.25
1599710280510506	0.000244140625
1599710280510506	0.000244140625
1599710280510550	-0.000244140625
1599710280510577	1.0
1599710280510624	0.000244140625
1599710280510624	0.000244140625
1599710280510661	-0.000244140625
1599710280510687	1.0
1599710280510751	0.000244140625
1599710280510751	0.0087890625
1599710280510793	-0.0087890625
1599710280510824	8.0
1599710280510887	0.000244140625
1599710280510887	0.0087890625
1599710280510929	-0.0087890625
1599710280510954	9.0
1599710280511001	0.000244140625
1599710280511001	0.000244140625
1599710280511037	-0.000244140625
1599710280511064	1.0
1599710280511110	0.000244140625
1599710280511110	0.000244140625
1599710280511147	-0.000244140625
1599710280511174	0.0625
1599710280511217	0.000244140625
1599710280511217	0.000244140625
1599710280511253	-0.000244140625
1599710280511280	0.0625
1599710280511339	0.000244140625
1599710280511339	0.0087890625
1599710280511381	-0.0087890625
1599710280511406	7.8203125
1599710280511458	0.000244140625
1599710280511458	0.000244140625
1599710280511495	-0.000244140625
1599710280511522	0.5625
1599710280511586	0.000244140625
1599710280511586	0.0087890625
1599710280511628	-0.0087890625
1599710280511654	9.0
1599710280511700	0.000244140625
1599710280511700	0.000244140625
1599710280511736	-0.000244140625
1599710280511763	0.25
1599710280511828	0.000244140625
1599710280511828	0.0087890625
1599710280511866	-0.0087890625
1599710280511895	2.0
1599710280511959	0.000244140625
1599710280511959	0.0087890625
1599710280511997	-0.0087890625
1599710280512026	4.0
1599710280512071	0.000244140625
1599710280512071	0.000244140625
1599710280512111	-0.000244140625
1599710280512138	1.0
1599710280512184	0.000244140625
1599710280512184	0.000244140625
1599710280512221	-0.000244140625
1599710280512247	0.0625
1599710280512290	0.000244140625
1599710280512290	0.000244140625
1599710280512328	-0.000244140625
1599710280512354	0.0625
1599710280512395	0.000244140625
1599710280512395	0.000244140625
1599710280512431	-0.000244140625
1599710280512457	0.0625
1599710280512497	0.000244140625
1599710280512497	0.000244140625
1599710280512534	-0.000244140625
1599710280512560	1.0
1599710280512620	36.75
1599710280513012	0.000244140625
1599710280513012	0.000244140625
1599710280513022	-0.000244140625
1599710280513023	0.035888671875
1599710280513029	0.000244140625
1599710280513041	0.015625
1599710280513047	0.000244140625
1599710280513047	0.000244140625
1599710280513059	-0.000244140625
1599710280513060	0.140625
1599710280513066	0.000244140625
1599710280513066	0.000244140625
1599710280513079	-0.000244140625
1599710280513081	0.25
1599710280513087	0.000244140625
1599710280513087	0.000244140625
1599710280513124	-0.000244140625
1599710280513150	0.5625
1599710280513216	0.000244140625
1599710280513216	0.0087890625
1599710280513256	-0.0087890625
1599710280513288	2.25
1599710280513338	0.000244140625
1599710280513338	0.000244140625
1599710280513377	-0.000244140625
1599710280513407	0.25
1599710280513476	0.000244140625
1599710280513476	0.0087890625
1599710280513517	-0.0087890625
1599710280513548	2.25
1599710280513597	0.000244140625
1599710280513597	0.000244140625
1599710280513635	-0.000244140625
1599710280513666	0.25
1599710280513716	0.000244140625
1599710280513716	0.000244140625
1599710280513753	-0.000244140625
1599710280513782	0.5
1599710280513831	0.000244140625
1599710280513831	0.000244140625
1599710280513868	-0.000244140625
1599710280513895	1.0
1599710280513943	0.000244140625
1599710280513943	0.000244140625
1599710280513981	-0.000244140625
1599710280514008	0.5
1599710280514056	0.000244140625
1599710280514056	0.000244140625
1599710280514093	-0.000244140625
1599710280514131	0.5625
1599710280514182	0.000244140625
1599710280514182	0.000244140625
1599710280514220	-0.000244140625
1599710280514249	0.140625
1599710280514298	0.000244140625
1599710280514298	0.000244140625
1599710280514346	-0.000244140625
1599710280514375	0.5625
1599710280514441	0.000244140625
1599710280514441	0.0087890625
1599710280514482	-0.0087890625
1599710280514513	4.0
1599710280514562	0.000244140625
1599710280514562	0.000244140625
1599710280514605	-0.000244140625
1599710280514634	1.0
1599710280514680	0.000244140625
1599710280514725	0.00390625
1599710280514767	0.000244140625
1599710280514767	0.000244140625
1599710280514804	-0.000244140625
1599710280514834	0.125
1599710280514881	0.000244140625
1599710280514881	0.000244140625
1599710280514918	-0.000244140625
1599710280514946	0.25
1599710280514994	0.000244140625
1599710280514994	0.000244140625
1599710280515031	-0.000244140625
1599710280515059	0.25
1599710280515107	0.000244140625
1599710280515107	0.000244140625
1599710280515144	-0.000244140625
1599710280515172	0.25
1599710280515219	0.000244140625
1599710280515219	0.000244140625
1599710280515257	-0.000244140625
1599710280515285	0.0625
1599710280515329	0.000244140625
1599710280515329	0.000244140625
1599710280515366	-0.000244140625
1599710280515395	1.0
1599710280515461	0.000244140625
1599710280515461	0.0087890625
1599710280515500	-0.0087890625
1599710280515530	4.0
1599710280515595	0.000244140625
1599710280515595	0.0087890625
1599710280515634	-0.0087890625
1599710280515664	2.25
1599710280515712	0.000244140625
1599710280515712	0.000244140625
1599710280515751	-0.000244140625
1599710280515779	1.0
1599710280515844	0.000244140625
1599710280515844	0.0087890625
1599710280515885	-0.0087890625
1599710280515915	4.0
1599710280515962	0.000244140625
1599710280515962	0.000244140625
1599710280515999	-0.000244140625
1599710280516028	1.0
1599710280516093	0.000244140625
1599710280516093	0.0087890625
1599710280516132	-0.0087890625
1599710280516162	2.25
1599710280516210	0.000244140625
1599710280516210	0.000244140625
1599710280516247	-0.000244140625
1599710280516275	0.140625
1599710280516339	0.000244140625
1599710280516339	0.0087890625
1599710280516377	-0.0087890625
1599710280516408	2.0
1599710280516456	0.000244140625
1599710280516456	0.000244140625
1599710280516493	-0.000244140625
1599710280516520	1.0
1599710280516584	0.000244140625
1599710280516584	0.0087890625
1599710280516623	-0.0087890625
1599710280516654	4.0
1599710280516720	38.7451171875
1599710280516923	-36.75
1599710280516966	-0.000244140625
1599710280516966	-0.000244140625
1599710280516966	-0.000244140625
1599710280516966	-0.000244140625
1599710280516966	-0.000244140625
1599710280516966	-0.000244140625
1599710280516966	-0.000244140625
1599710280516966	-0.000244140625
1599710280516966	-0.000244140625
1599710280516966	-0.000244140625
1599710280516966	-0.000244140625
1599710280516966	-0.000244140625
1599710280516966	-0.000244140625
1599710280516966	-0.000244140625
1599710280516966	-0.000244140625
1599710280516966	-0.000244140625
1599710280516966	-0.000244140625
1599710280516966	-0.000244140625
1599710280516966	-0.000244140625
1599710280516966	-0.000244140625
1599710280516966	-0.000244140625
1599710280516966	-0.000244140625
1599710280516966	-0.000244140625
1599710280516966	-0.000244140625
1599710280516966	-0.000244140625
1599710280516966	-0.000244140625
1599710280516966	-0.000244140625
1599710280516966	-0.000244140625
1599710280516966	-0.000244140625
1599710280516966	-0.000244140625
1599710280516966	-0.000244140625
1599710280516966	-0.000244140625
1599710280516966	-0.000244140625
1599710280516966	-0.000244140625
1599710280516966	-0.000244140625
1599710280516966	-0.000244140625
1599710280516966	-0.000244140625
1599710280516966	-0.000244140625
1599710280516966	-0.000244140625
1599710280516966	-0.000244140625
1599710280516966	-0.000244140625
1599710280516966	-0.000244140625
1599710280516966	-0.000244140625
1599710280516966	-0.000244140625
1599710280516966	-0.000244140625
1599710280516966	-0.000244140625
1599710280516966	-0.000244140625
1599710280516966	-0.000244140625
1599710280516966	-0.000244140625
1599710280516966	-0.000244140625
1599710280516966	-0.000244140625
1599710280516966	-0.000244140625
1599710280516966	-0.000244140625
1599710280516966	-0.000244140625
1599710280517063	196.0
1599710280517063	0.035888671875
1599710280517063	0.072021484375
1599710280519341	-0.035888671875
1599710280519341	-0.072021484375
1599710280519365	196.0
1599710280519365	0.000244140625
1599710280519365	0.000244140625
1599710280519365	0.000244140625
1599710280519365	0.000244140625
1599710280521329	-0.000244140625
1599710280521341	-0.000244140625
1599710280521343	49.0
1599710280522269	49.0
1599710280522269	0.015625
1599710280522269	0.01806640625
1599710280522583	-0.015625
1599710280522583	-0.01806640625
1599710280522585	196.0
1599710280522585	0.0625
1599710280522585	0.01806640625
1599710280523678	-0.0625
1599710280523678	-0.01806640625
1599710280523713	0.000244140625
1599710280523713	0.000244140625
1599710280523713	0.000244140625
1599710280523713	0.000244140625
1599710280523713	49.0
1599710280524018	0.0009765625
1599710280524018	0.0009765625
1599710280524018	0.0009765625
1599710280524018	0.0009765625
1599710280524018	196.0
1599710280525294	-0.000244140625
1599710280525304	-0.000244140625
1599710280525314	-0.0009765625
1599710280525325	-0.0009765625
1599710280525328	49.0
1599710280525328	0.140625
1599710280525328	85.046875
1599710280526637	-0.140625
1599710280526637	-85.046875
1599710280526698	0.000244140625
1599710280526698	49.0
1599710280526698	0.000244140625
1599710280526698	0.000244140625
1599710280526698	0.000244140625
1599710280527258	-0.000244140625
1599710280527268	-0.000244140625
1599710280527271	196.0
1599710280527271	0.0625
1599710280527271	0.01806640625
1599710280528353	-0.0625
1599710280528353	-0.01806640625
1599710280528390	0.0009765625
1599710280528390	0.0009765625
1599710280528390	196.0
1599710280528390	0.0009765625
1599710280528390	0.0009765625
1599710280530627	-196.0
1599710280530637	-0.0009765625
1599710280530648	-0.0009765625
1599710280531478	49.0
1599710280531478	0.0625
1599710280531478	0.01806640625
1599710280532419	-0.0625
1599710280532419	-0.01806640625
1599710280532462	0.000244140625
1599710280532462	49.0
1599710280532462	0.000244140625
1599710280532462	0.000244140625
1599710280532462	0.000244140625
1599710280532982	-0.000244140625
1599710280532995	49.0
1599710280532995	0.140625
1599710280532995	85.046875
1599710280534255	-0.140625
1599710280534255	-85.046875
1599710280534297	0.000244140625
1599710280534297	0.000244140625
1599710280534297	0.000244140625
1599710280534297	49.0
1599710280534297	0.000244140625
1599710280534610	-0.000244140625
1599710280534842	196.0
1599710280534842	0.0625
1599710280534842	0.01806640625
1599710280535924	-0.0625
1599710280535924	-0.01806640625
1599710280535946	-0.000244140625
1599710280535963	0.0009765625
1599710280535963	0.0009765625
1599710280535963	0.0009765625
1599710280535963	0.0009765625
1599710280535963	196.0
1599710280537023	-0.000244140625
1599710280538186	-196.0
1599710280538197	-0.0009765625
1599710280539035	49.0
1599710280539035	0.0625
1599710280539035	0.01806640625
1599710280539973	-0.0625
1599710280539973	-0.01806640625
1599710280539993	-0.0009765625
1599710280540010	0.000244140625
1599710280540010	49.0
1599710280540010	0.000244140625
1599710280540010	0.000244140625
1599710280540010	0.000244140625
1599710280540529	-0.000244140625
1599710280540541	49.0
1599710280540541	0.140625
1599710280540541	85.046875
1599710280541807	-0.140625
1599710280541807	-85.046875
1599710280541856	49.0
1599710280541856	0.000244140625
1599710280541856	0.000244140625
1599710280541856	0.000244140625
1599710280541856	0.000244140625
1599710280542172	-0.000244140625
1599710280542386	-0.000244140625
1599710280542396	-0.000244140625
1599710280542399	196.0
1599710280542399	0.0625
1599710280542399	0.01806640625
1599710280543484	-0.0625
1599710280543484	-0.01806640625
1599710280543525	0.0009765625
1599710280543525	0.0009765625
1599710280543525	196.0
1599710280543525	0.0009765625
1599710280543525	0.0009765625
1599710280546582	36.740234375
1599710280546582	0.125
1599710280546582	0.004638671875
1599710280547097	-0.125
1599710280547097	-0.004638671875
1599710280547100	98.0
1599710280547100	0.5
1599710280547100	0.004638671875
1599710280548839	-0.5
1599710280548839	-0.004638671875
1599710280548848	-0.0009765625
1599710280548858	-0.0009765625
1599710280548883	0.00048828125
1599710280548883	0.00048828125
1599710280548883	0.00048828125
1599710280548883	24.5
1599710280548883	0.00048828125
1599710280549045	0.001953125
1599710280549045	0.001953125
1599710280549045	98.0
1599710280549045	0.001953125
1599710280549045	0.001953125
1599710280549725	-0.00048828125
1599710280549746	24.5
1599710280549746	0.5625
1599710280549746	112.5
1599710280550716	-0.5625
1599710280550716	-112.5
1599710280550763	0.00048828125
1599710280550763	0.00048828125
1599710280550763	0.00048828125
1599710280550763	0.00048828125
1599710280550763	24.5
1599710280550926	-0.00048828125
1599710280550944	-0.001953125
1599710280550954	-0.001953125
1599710280551079	-0.00048828125
1599710280551081	98.0
1599710280551081	0.25
1599710280551081	0.004638671875
1599710280552036	-0.25
1599710280552036	-0.004638671875
1599710280552073	0.001953125
1599710280552073	0.001953125
1599710280552073	0.001953125
1599710280552073	0.001953125
1599710280552073	98.0
1599710280552658	-0.00048828125
1599710280553244	-98.0
1599710280553251	-0.001953125
1599710280553687	24.5
1599710280553687	0.25
1599710280553687	0.004638671875
1599710280554623	-0.25
1599710280554623	-0.004638671875
1599710280554639	-0.001953125
1599710280554658	0.00048828125
1599710280554658	0.00048828125
1599710280554658	0.00048828125
1599710280554658	0.00048828125
1599710280554658	24.5
1599710280554921	-0.00048828125
1599710280554933	24.5
1599710280554933	0.5625
1599710280554933	112.5
1599710280555875	-0.5625
1599710280555875	-112.5
1599710280555906	0.00048828125
1599710280555906	0.00048828125
1599710280555906	0.00048828125
1599710280555906	24.5
1599710280555906	0.00048828125
1599710280556078	-0.00048828125
1599710280556206	98.0
1599710280556206	0.25
1599710280556206	0.004638671875
1599710280557165	-0.25
1599710280557165	-0.004638671875
1599710280557199	0.001953125
1599710280557199	0.001953125
1599710280557199	98.0
1599710280557199	0.001953125
1599710280557199	0.001953125
1599710280557763	-0.00048828125
1599710280557773	-0.00048828125
1599710280558357	-0.001953125
1599710280558366	-0.001953125
1599710280558790	24.5
1599710280558790	0.25
1599710280558790	0.004638671875
1599710280559724	-0.25
1599710280559724	-0.004638671875
1599710280559759	0.00048828125
1599710280559759	0.00048828125
1599710280559759	0.00048828125
1599710280559759	24.5
1599710280559759	0.00048828125
1599710280560026	-0.00048828125
1599710280560038	24.5
1599710280560038	0.5625
1599710280560038	112.5
1599710280560976	-0.5625
1599710280560976	-112.5
1599710280561011	0.00048828125
1599710280561011	0.00048828125
1599710280561011	24.5
1599710280561011	0.00048828125
1599710280561011	0.00048828125
1599710280561182	-0.00048828125
1599710280561297	-0.00048828125
1599710280561306	-0.00048828125
1599710280561309	98.0
1599710280561309	0.25
1599710280561309	0.004638671875
1599710280562263	-0.25
1599710280562263	-0.004638671875
1599710280562298	0.001953125
1599710280562298	0.001953125
1599710280562298	0.001953125
1599710280562298	0.001953125
1599710280562298	98.0
1599710280563441	-98.0
1599710280563450	-0.001953125
1599710280563459	-0.001953125
1599710280563884	24.5
1599710280563884	0.25
1599710280563884	0.004638671875
1599710280564817	-0.25
1599710280564817	-0.004638671875
1599710280564847	0.00048828125
1599710280564847	24.5
1599710280564847	0.00048828125
1599710280564847	0.00048828125
1599710280564847	0.00048828125
1599710280565120	24.5
1599710280565120	0.5625
1599710280565120	112.5
1599710280566062	-0.5625
1599710280566062	-112.5
1599710280566097	0.00048828125
1599710280566097	24.5
1599710280566097	0.00048828125
1599710280566097	0.00048828125
1599710280566097	0.00048828125
1599710280566253	-0.00048828125
1599710280566264	-0.00048828125
1599710280566389	-0.00048828125
1599710280566393	98.0
1599710280566393	0.25
1599710280566393	0.004638671875
1599710280567341	-0.25
1599710280567341	-0.004638671875
1599710280567378	0.001953125
1599710280567378	98.0
1599710280567378	0.001953125
1599710280567378	0.001953125
1599710280567378	0.001953125
1599710280567943	-0.00048828125
1599710280568521	-98.0
1599710280568949	49.0
1599710280568949	2.0
1599710280568949	0.001220703125
1599710280570617	-2.0
1599710280570617	-0.001220703125
1599710280570619	12.25
1599710280570619	0.5
1599710280570619	0.001220703125
1599710280571105	-0.5
1599710280571105	-0.001220703125
1599710280571113	-0.001953125
1599710280571119	-0.001953125
1599710280571129	49.0
1599710280571129	0.00390625
1599710280571129	0.00390625
1599710280571129	0.00390625
1599710280571129	0.00390625
1599710280571390	0.0009765625
1599710280571390	0.0009765625
1599710280571390	12.25
1599710280571390	0.0009765625
1599710280571390	0.0009765625
1599710280571477	-0.00390625
1599710280571535	-0.0009765625
1599710280571553	12.25
1599710280571553	2.25
1599710280571553	81.0
1599710280572456	-2.25
1599710280572456	-81.0
1599710280572473	-0.00390625
1599710280572486	0.0009765625
1599710280572486	12.25
1599710280572486	0.0009765625
1599710280572486	0.0009765625
1599710280572486	0.0009765625
1599710280572573	-0.0009765625
1599710280572631	-0.0009765625
1599710280572639	49.0
1599710280572639	1.0
1599710280572639	0.001220703125
1599710280573523	-1.0
1599710280573523	-0.001220703125
1599710280573542	0.005859375
1599710280573542	0.00390625
1599710280573542	49.0
1599710280573542	0.00390625
1599710280573542	0.00390625
1599710280573810	-0.0009765625
1599710280574096	-49.0
1599710280574321	12.25
1599710280574321	1.0
1599710280574321	0.001953125
1599710280575234	-1.0
1599710280575234	-0.001953125
1599710280575242	-0.005859375
1599710280575248	-0.00390625
1599710280575255	0.0009765625
1599710280575255	0.0009765625
1599710280575255	12.25
1599710280575255	0.0009765625
1599710280575255	0.0009765625
1599710280575396	12.25
1599710280575396	2.25
1599710280575396	81.0
1599710280576298	-2.25
1599710280576298	-81.0
1599710280576321	12.25390625
1599710280576321	0.0009765625
1599710280576321	0.0009765625
1599710280576321	0.0009765625
1599710280576321	0.0009765625
1599710280576401	-0.0009765625
1599710280576407	-0.0009765625
1599710280576465	-0.0009765625
1599710280576472	49.0
1599710280576472	1.0
1599710280576472	0.001953125
1599710280577361	-1.0
1599710280577361	-0.001953125
1599710280577377	0.00390625
1599710280577377	0.00390625
1599710280577377	0.00390625
1599710280577377	49.0
1599710280577377	0.00390625
1599710280577646	-0.0009765625
1599710280577932	-49.0
1599710280577938	-0.00390625
1599710280577944	-0.00390625
1599710280578158	12.25
1599710280578158	1.0
1599710280578158	0.001953125
1599710280579070	-1.0
1599710280579070	-0.001953125
1599710280579092	0.0009765625
1599710280579092	0.0009765625
1599710280579092	0.0009765625
1599710280579092	12.25
1599710280579092	0.0009765625
1599710280579238	-0.0009765625
1599710280579240	12.25
1599710280579240	2.25
1599710280579240	81.0
1599710280580146	-2.25
1599710280580146	-81.0
1599710280580164	0.0009765625
1599710280580164	12.25
1599710280580164	0.0009765625
1599710280580164	0.0009765625
1599710280580164	0.0009765625
1599710280580245	-0.0009765625
1599710280580317	49.0
1599710280580317	1.0
1599710280580317	0.001220703125
1599710280581206	-1.0
1599710280581206	-0.001220703125
1599710280581226	0.005859375
1599710280581226	0.00390625
1599710280581226	49.0
1599710280581226	0.00390625
1599710280581226	0.00390625
1599710280581490	-0.0009765625
1599710280581496	-0.0009765625
1599710280581784	-49.0
1599710280581795	-0.00390625
1599710280582009	12.25
1599710280582009	1.0
1599710280582009	0.001953125
1599710280582921	-1.0
1599710280582921	-0.001953125
1599710280582926	-0.005859375
1599710280582938	0.0009765625
1599710280582938	0.0009765625
1599710280582938	12.25
1599710280582938	0.0009765625
1599710280582938	0.0009765625
1599710280583073	-0.0009765625
1599710280583079	-0.0009765625
1599710280583080	12.25
1599710280583080	2.25
1599710280583080	81.0
1599710280583982	-2.25
1599710280583982	-81.0
1599710280583999	12.25
1599710280583999	0.0009765625
1599710280583999	0.0009765625
1599710280583999	0.0009765625
1599710280583999	0.0009765625
1599710280584150	-0.0009765625
1599710280584151	49.0
1599710280584151	1.0
1599710280584151	0.001220703125
1599710280585037	-1.0
1599710280585037	-0.001220703125
1599710280585053	0.00390625
1599710280585053	49.0
1599710280585053	0.005859375
1599710280585053	0.00390625
1599710280585053	0.00390625
1599710280585317	-0.0009765625
1599710280585608	-49.0
1599710280585620	-0.00390625
1599710280585834	12.25
1599710280585834	1.0
1599710280585834	0.001953125
1599710280586750	-1.0
1599710280586750	-0.001953125
1599710280586756	-0.005859375
1599710280586771	12.25
1599710280586771	0.0009765625
1599710280586771	0.0009765625
1599710280586771	0.0009765625
1599710280586771	0.0009765625
1599710280586913	12.25
1599710280586913	2.25
1599710280586913	81.0
1599710280587819	-2.25
1599710280587819	-81.0
1599710280587836	0.0009765625
1599710280587836	0.0009765625
1599710280587836	0.0009765625
1599710280587836	0.0009765625
1599710280587836	12.25
1599710280587919	-0.0009765625
1599710280587925	-0.0009765625
1599710280587990	49.0
1599710280587990	1.0
1599710280587990	0.001220703125
1599710280588876	-1.0
1599710280588876	-0.001220703125
1599710280588894	0.00390625
1599710280588894	0.005859375
1599710280588894	0.00390625
1599710280588894	49.0
1599710280588894	0.00390625
1599710280589158	-0.0009765625
1599710280589164	-0.0009765625
1599710280589676	12.25
1599710280589676	1.0
1599710280589676	0.001953125
1599710280590590	-1.0
1599710280590590	-0.001953125
1599710280590596	-0.005859375
1599710280590602	-0.00390625
1599710280590605	0.0009765625
1599710280590605	0.0009765625
1599710280590605	0.0009765625
1599710280590605	0.0009765625
1599710280590605	12.25
1599710280590740	-0.0009765625
1599710280590747	12.25
1599710280590747	2.25
1599710280590747	81.0
1599710280591665	-2.25
1599710280591665	-81.0
1599710280591690	0.0009765625
1599710280591690	0.0009765625
1599710280591690	0.0009765625
1599710280591690	12.25
1599710280591690	0.0009765625
1599710280591788	-0.0009765625
1599710280591863	-0.0009765625
1599710280591865	49.0
1599710280591865	1.0
1599710280591865	0.001220703125
1599710280592758	-1.0
1599710280592758	-0.001220703125
1599710280592786	0.00390625
1599710280592786	0.005859375
1599710280592786	0.00390625
1599710280592786	0.00390625
1599710280592786	49.0
1599710280593057	-0.0009765625
1599710280593378	-0.00390625
1599710280593605	6.125
1599710280593605	2.0
1599710280593605	0.00048828125
1599710280594105	-2.0
1599710280594105	-0.00048828125
1599710280594109	24.5
1599710280594109	8.0
1599710280594109	0.00048828125
1599710280596016	-8.0
1599710280596016	-0.00048828125
1599710280596026	-0.005859375
1599710280596042	6.125
1599710280596042	0.001953125
1599710280596042	0.001953125
1599710280596042	0.001953125
1599710280596042	0.001953125
1599710280596106	0.0078125
1599710280596106	0.0078125
1599710280596106	0.0078125
1599710280596106	0.0078125
1599710280596106	24.5
1599710280596311	-0.001953125
1599710280596331	-0.0078125
1599710280596340	-0.0078125
1599710280596343	6.125
1599710280596343	9.0
1599710280596343	72.0
1599710280597410	-9.0
1599710280597410	-72.0
1599710280597454	0.001953125
1599710280597454	0.001953125
1599710280597454	6.125
1599710280597454	0.001953125
1599710280597454	0.001953125
1599710280597527	-0.001953125
1599710280597587	-0.001953125
1599710280597596	-0.001953125
1599710280597599	24.5
1599710280597599	4.0
1599710280597599	0.00048828125
1599710280598594	-4.0
1599710280598594	-0.00048828125
1599710280598620	24.5
1599710280598620	0.0078125
1599710280598620	0.0078125
1599710280598620	0.0078125
1599710280598620	0.0078125
1599710280598948	-24.5
1599710280598957	-0.0078125
1599710280598967	-0.0078125
1599710280599099	6.125
1599710280599099	4.0
1599710280599099	0.00048828125
1599710280600048	-4.0
1599710280600048	-0.00048828125
1599710280600075	0.001953125
1599710280600075	0.001953125
1599710280600075	0.001953125
1599710280600075	0.001953125
1599710280600075	6.125
1599710280600178	-0.001953125
1599710280600180	6.125
1599710280600180	9.0
1599710280600180	72.0
1599710280601254	-9.0
1599710280601254	-72.0
1599710280601281	6.125
1599710280601281	0.001953125
1599710280601281	0.001953125
1599710280601281	0.001953125
1599710280601281	0.001953125
1599710280601344	-0.001953125
1599710280601393	-0.001953125
1599710280601404	24.5
1599710280601404	4.0
1599710280601404	0.00048828125
1599710280602402	-4.0
1599710280602402	-0.00048828125
1599710280602428	0.0078125
1599710280602428	0.0078125
1599710280602428	0.0078125
1599710280602428	24.5
1599710280602428	0.0078125
1599710280602612	-0.001953125
1599710280602782	-0.0078125
1599710280602914	6.125
1599710280602914	4.0
1599710280602914	0.00048828125
1599710280603867	-4.0
1599710280603867	-0.00048828125
1599710280603878	-0.0078125
1599710280603900	0.001953125
1599710280603900	0.001953125
1599710280603900	6.125
1599710280603900	0.001953125
1599710280603900	0.001953125
1599710280603992	-0.001953125
1599710280604002	-0.001953125
1599710280604005	6.125
1599710280604005	9.0
1599710280604005	72.0
1599710280605020	-9.0
1599710280605020	-72.0
1599710280605048	6.125
1599710280605048	0.001953125
1599710280605048	0.001953125
1599710280605048	0.001953125
1599710280605048	0.001953125
1599710280605169	-0.001953125
1599710280605173	24.5
1599710280605173	4.0
1599710280605173	0.00048828125
1599710280606175	-4.0
1599710280606175	-0.00048828125
1599710280606201	0.0078125
1599710280606201	0.0078125
1599710280606201	24.5
1599710280606201	0.0078125
1599710280606201	0.0078125
1599710280606371	-0.001953125
1599710280606390	-0.0078125
1599710280606699	-0.0078125
1599710280606702	0.5
1599710280606837	0.244384765625
1599710280606947	0.000244140625
1599710280606947	0.000244140625
1599710280607150	-0.000244140625
1599710280607150	-0.000244140625
1599710280607165	0.000244140625
1599710280607171	-0.000244140625
1599710280607181	0.00390625
1599710280607200	0.5
1599710280607269	7.8203125
1599710280607335	-0.5
1599710280607335	-0.244384765625
1599710280607354	-0.00390625
1599710280607408	-7.8203125
1599710280607416	-0.000244140625
1599710280607427	-0.00390625
1599710280607429	24.5
1599710280607742	-0.5
1599710280607798	-7.8203125
1599710280608056	-24.5
1599710280608058	0.0078125
1599710280608058	24.5078125
1599710280608058	0.000244140625
1599710280608058	0.0078125
1599710280608058	0.000244140625
1599710280608293	-0.0078125
1599710280608293	-0.000244140625
1599710280608293	-24.5
1599710280608293	-0.000244140625
1599710280608293	-0.0078125
1599710280608296	6.125
1599710280608296	7.8125
1599710280608296	4.0
1599710280608296	0.00390625
1599710280608305	-0.000244140625
1599710280609310	-7.8125
1599710280609310	-4.0
1599710280609310	-0.00390625
1599710280609315	7.8125
1599710280609315	4.0
1599710280609315	0.00390625
1599710280610464	-24.5078125
1599710280610464	-4.0
1599710280610464	-0.00390625
1599710280610473	-0.0078125
1599710280610484	-0.0078125
1599710280610528	-6.125
1599710280610562	-4.0
1599710280610563	0.001953125
1599710280610563	0.001953125
1599710280610563	6.125
1599710280610563	0.000244140625
1599710280610563	0.000244140625
1599710280610646	-6.125
1599710280610646	-0.000244140625
1599710280610646	-6.125
1599710280610646	-0.000244140625
1599710280610646	-0.001953125
1599710280610646	-0.001953125
1599710280610679	-7.8125
1599710280610682	7.8203125
1599710280610682	6.125
1599710280610682	9.0
1599710280610682	72.0
1599710280611720	-6.125
1599710280611720	-9.0
1599710280611720	-72.0
1599710280611724	9.0
1599710280611724	9.0
1599710280611724	72.0
1599710280612885	-6.125
1599710280612885	-9.0
1599710280612885	-72.0
1599710280612893	-0.001953125
1599710280612904	-0.001953125
1599710280612949	-6.125
1599710280613013	-9.0
1599710280613015	0.000244140625
1599710280613015	0.001953125
1599710280613015	0.001953125
1599710280613015	0.000244140625
1599710280613015	9.0
1599710280613097	-0.000244140625
1599710280613097	-7.8203125
1599710280613097	-0.001953125
1599710280613097	-0.000244140625
1599710280613097	-6.125
1599710280613097	-0.001953125
1599710280613161	-9.0
1599710280613163	24.5
1599710280613163	4.00048828125
1599710280613163	24.5
1599710280613163	0.00390625
1599710280614261	-4.00048828125
1599710280614261	-24.5
1599710280614261	-0.00390625
1599710280614269	4.00048828125
1599710280614269	7.8203125
1599710280614269	0.00390625
1599710280615469	-9.0
1599710280615469	-7.8203125
1599710280615469	-0.00390625
1599710280615480	-0.001953125
1599710280615490	-0.001953125
1599710280615640	-24.5
1599710280615674	-4.0
1599710280615825	-24.5
1599710280615859	-4.00048828125
1599710280615861	0.0078125
1599710280615861	0.000244140625
1599710280615861	24.5078125
1599710280615861	0.0078125
1599710280615861	0.000244140625
1599710280616088	-0.0078125
1599710280616088	-0.000244140625
1599710280616088	-0.0078125
1599710280616088	-0.000244140625
1599710280616088	-24.5
1599710280616090	9.0
1599710280616090	7.8203125
1599710280616090	4.00048828125
1599710280616090	0.00390625
1599710280617094	-7.8203125
1599710280617094	-4.00048828125
1599710280617094	-0.00390625
1599710280617098	4.00048828125
1599710280617098	7.8203125
1599710280617098	0.00390625
1599710280618245	-24.5078125
1599710280618245	-7.8203125
1599710280618245	-0.00390625
1599710280618255	-0.0078125
1599710280618267	-0.0078125
1599710280618315	-6.125
1599710280618346	-4.0
1599710280618348	0.000244140625
1599710280618348	0.001953125
1599710280618348	6.125
1599710280618348	0.001953125
1599710280618348	0.000244140625
1599710280618431	-0.000244140625
1599710280618431	-9.0
1599710280618431	-0.001953125
1599710280618431	-6.125
1599710280618431	-0.001953125
1599710280618431	-0.000244140625
1599710280618465	-4.00048828125
1599710280618467	7.8203125
1599710280618467	6.125
1599710280618467	9.0
1599710280618467	131.611572265625
1599710280619488	-6.125
1599710280619488	-9.0
1599710280619488	-131.611572265625
1599710280619492	9.0
1599710280619492	9.0
1599710280619492	122.611572265625
1599710280620643	-6.125
1599710280620643	-9.0
1599710280620643	-122.611572265625
1599710280620653	-0.001953125
1599710280620663	-0.001953125
1599710280620709	-6.125
1599710280620774	-9.0
1599710280620776	0.001953125
1599710280620776	0.001953125
1599710280620776	9.000244140625
1599710280620776	0.000244140625
1599710280620776	0.000244140625
1599710280620858	-0.001953125
1599710280620858	-6.125
1599710280620858	-0.001953125
1599710280620858	-7.8203125
1599710280620858	-0.000244140625
1599710280620858	-0.000244140625
1599710280620922	-9.0
1599710280620925	24.5
1599710280620925	4.000244140625
1599710280620925	24.5
1599710280620925	0.00390625
1599710280622032	-4.000244140625
1599710280622032	-24.5
1599710280622032	-0.00390625
1599710280622035	4.000244140625
1599710280622035	4.00048828125
1599710280622035	0.00390625
1599710280623204	-9.000244140625
1599710280623204	-4.00048828125
1599710280623204	-0.00390625
1599710280623213	-0.001953125
1599710280623223	-0.001953125
1599710280623374	-24.5
1599710280623409	-4.0
1599710280623559	-24.5
1599710280623596	-4.000244140625
1599710280623597	0.0078125
1599710280623597	0.000244140625
1599710280623597	0.000244140625
1599710280623597	24.5
1599710280623597	0.0078125
1599710280623826	-0.0078125
1599710280623826	-0.000244140625
1599710280623826	-0.000244140625
1599710280623826	-0.0078125
1599710280623826	-24.5
1599710280623827	0.000244140625
1599710280623827	0.0078125
1599710280623827	0.000244140625
1599710280623827	0.0078125
1599710280623827	24.5
1599710280624057	-24.5
1599710280624057	-0.0078125
1599710280624057	-0.000244140625
1599710280624057	-0.000244140625
1599710280624057	-0.0078125
1599710280624057	-24.5
1599710280624059	49.0
1599710280624059	9.0
1599710280624059	49.0
1599710280626606	-9.0
1599710280626606	-49.0
1599710280626615	9.0
1599710280626615	9.000244140625
1599710280626615	0.00390625
1599710280629170	-24.5
1599710280629170	-9.000244140625
1599710280629170	-0.00390625
1599710280629181	-0.0078125
1599710280629192	-0.0078125
1599710280629194	9.000244140625
1599710280629194	7.8203125
1599710280629194	4.00048828125
1599710280629194	0.00390625
1599710280630194	-7.8203125
1599710280630194	-4.00048828125
1599710280630194	-0.00390625
1599710280630199	4.00048828125
1599710280630199	4.00048828125
1599710280630199	0.00390625
1599710280631342	-24.5
1599710280631342	-4.00048828125
1599710280631342	-0.00390625
1599710280631354	-0.0078125
1599710280631363	-0.0078125
1599710280631422	-8.0
1599710280631469	-6.125
1599710280631501	-4.0
1599710280631560	-9.0
1599710280631562	0.001953125
1599710280631562	0.001953125
1599710280631562	0.000244140625
1599710280631562	6.125
1599710280631562	0.000244140625
1599710280631649	-0.001953125
1599710280631649	-9.000244140625
1599710280631649	-0.000244140625
1599710280631649	-0.000244140625
1599710280631649	-6.125
1599710280631649	-0.001953125
1599710280631685	-4.00048828125
1599710280631686	8.0
1599710280631686	7.8203125
1599710280631686	9.0
1599710280631686	98.00390625
1599710280632701	-7.8203125
1599710280632701	-9.0
1599710280632701	-98.00390625
1599710280632705	9.0
1599710280632705	9.000244140625
1599710280632705	98.00390625
1599710280633857	-6.125
1599710280633857	-9.000244140625
1599710280633857	-98.00390625
1599710280633864	-0.001953125
1599710280633875	-0.001953125
1599710280633919	-6.125
1599710280633982	-9.0
1599710280633984	7.8203125
1599710280633984	0.001953125
1599710280633984	0.001953125
1599710280633984	0.000244140625
1599710280633984	0.000244140625
1599710280634066	-0.001953125
1599710280634066	-0.001953125
1599710280634066	-6.125
1599710280634066	-0.000244140625
1599710280634066	-0.000244140625
1599710280634066	-8.0
1599710280634129	-9.0
1599710280634133	49.0
1599710280634133	2.0
1599710280634133	49.0
1599710280634880	-2.0
1599710280634880	-49.0
1599710280634889	2.0
1599710280634889	2.000244140625
1599710280634889	0.00439453125
1599710280635595	-7.8203125
1599710280635595	-2.000244140625
1599710280635595	-0.00439453125
1599710280635604	-0.001953125
1599710280635615	-0.001953125
1599710280635906	-49.0
1599710280635932	-2.0
1599710280636224	-49.0
1599710280636247	-2.0
1599710280636250	49.00390625
1599710280636250	0.00439453125
1599710280636250	0.000244140625
1599710280636250	0.005859375
1599710280636250	0.000244140625
1599710280636665	-0.00390625
1599710280636665	-49.0
1599710280636665	-0.000244140625
1599710280636665	-0.00390625
1599710280636665	-0.000244140625
1599710280636668	12.25
1599710280636668	1.0
1599710280636668	12.25
1599710280636668	0.00341796875
1599710280637672	-1.0
1599710280637672	-12.25
1599710280637672	-0.00341796875
1599710280637678	1.0
1599710280637678	1.00048828125
1599710280637678	0.00244140625
1599710280638675	-49.00390625
1599710280638675	-1.00048828125
1599710280638675	-0.00244140625
1599710280638685	-0.00439453125
1599710280638695	-0.005859375
1599710280638777	-12.25
1599710280638796	-1.0
1599710280638799	12.25
1599710280638799	0.0009765625
1599710280638799	0.0009765625
1599710280638799	0.000244140625
1599710280638799	0.000244140625
1599710280638937	-12.25
1599710280638937	-0.0009765625
1599710280638937	-12.25
1599710280638937	-0.0009765625
1599710280638937	-0.000244140625
1599710280638937	-0.000244140625
1599710280638959	-1.0
1599710280638960	12.25
1599710280638960	4.000244140625
1599710280638960	12.25
1599710280638960	257.296875
1599710280639881	-4.000244140625
1599710280639881	-12.25
1599710280639881	-257.296875
1599710280639885	4.000244140625
1599710280639885	4.000244140625
1599710280639885	81.0
1599710280640932	-12.25
1599710280640932	-4.000244140625
1599710280640932	-81.0
1599710280640941	-0.0009765625
1599710280640950	-0.0009765625
1599710280641033	-12.25
1599710280641057	-2.25
1599710280641059	0.000244140625
1599710280641059	0.000244140625
1599710280641059	12.25
1599710280641059	0.0009765625
1599710280641059	0.0009765625
1599710280641199	-0.000244140625
1599710280641199	-0.000244140625
1599710280641199	-12.25
1599710280641199	-0.0009765625
1599710280641199	-0.0009765625
1599710280641199	-12.25
1599710280641226	-4.000244140625
1599710280641229	49.0
1599710280641229	1.0
1599710280641229	49.0
1599710280641229	0.00390625
1599710280642262	-1.0
1599710280642262	-49.0
1599710280642262	-0.00390625
1599710280642266	1.0
1599710280642266	1.00048828125
1599710280642266	0.00390625
1599710280643257	-12.25
1599710280643257	-1.00048828125
1599710280643257	-0.00390625
1599710280643266	-0.0009765625
1599710280643275	-0.0009765625
1599710280643567	-49.0
1599710280643584	-1.0
1599710280643881	-49.0
1599710280643902	-1.0
1599710280643904	0.00439453125
1599710280643904	0.000244140625
1599710280643904	0.000244140625
1599710280643904	0.005859375
1599710280643904	49.00390625
1599710280644321	-0.000244140625
1599710280644321	-0.000244140625
1599710280644321	-0.00390625
1599710280644321	-49.0
1599710280644321	-0.00390625
1599710280644325	12.25
1599710280644325	1.0
1599710280644325	12.25
1599710280644325	0.00341796875
1599710280645321	-1.0
1599710280645321	-12.25
1599710280645321	-0.00341796875
1599710280645325	1.0
1599710280645325	1.0
1599710280645325	0.00244140625
1599710280646320	-49.00390625
1599710280646320	-1.0
1599710280646320	-0.00244140625
1599710280646331	-0.00439453125
1599710280646341	-0.005859375
1599710280646424	-12.25
1599710280646444	-1.0
1599710280646447	0.0009765625
1599710280646447	12.25
1599710280646447	0.000244140625
1599710280646447	0.0009765625
1599710280646447	0.000244140625
1599710280646583	-12.25
1599710280646583	-0.000244140625
1599710280646583	-0.0009765625
1599710280646583	-0.0009765625
1599710280646583	-12.25
1599710280646583	-0.000244140625
1599710280646604	-1.0
1599710280646605	12.25
1599710280646605	2.25048828125
1599710280646605	12.25
1599710280646605	182.25
1599710280647503	-2.25048828125
1599710280647503	-12.25
1599710280647503	-182.25
1599710280647505	2.25048828125
1599710280647505	4.000244140625
1599710280647505	81.0
1599710280648547	-12.25
1599710280648547	-4.000244140625
1599710280648547	-81.0
1599710280648556	-0.0009765625
1599710280648565	-0.0009765625
1599710280648645	-12.25
1599710280648670	-2.25
1599710280648671	0.000244140625
1599710280648671	0.0009765625
1599710280648671	0.000244140625
1599710280648671	0.0009765625
1599710280648671	12.25
1599710280648805	-12.25
1599710280648805	-0.0009765625
1599710280648805	-0.000244140625
1599710280648805	-0.000244140625
1599710280648805	-0.0009765625
1599710280648805	-12.25
1599710280648837	-2.25048828125
1599710280648839	49.0
1599710280648839	1.0
1599710280648839	49.0
1599710280648839	0.00390625
1599710280649868	-1.0
1599710280649868	-49.0
1599710280649868	-0.00390625
1599710280649871	1.0
1599710280649871	1.0
1599710280649871	0.00390625
1599710280650866	-12.25
1599710280650866	-1.0
1599710280650866	-0.00390625
1599710280650875	-0.0009765625
1599710280650884	-0.0009765625
1599710280651177	-49.0
1599710280651195	-1.0
1599710280651487	-49.0
1599710280651506	-1.0
1599710280651509	49.00390625
1599710280651509	0.000244140625
1599710280651509	0.00439453125
1599710280651509	0.005859375
1599710280651509	0.000244140625
1599710280651917	-0.00390625
1599710280651917	-0.000244140625
1599710280651917	-49.0
1599710280651917	-0.00390625
1599710280651917	-0.000244140625
1599710280651924	12.25
1599710280651924	1.0
1599710280651924	12.25
1599710280651924	0.00341796875
1599710280652917	-1.0
1599710280652917	-12.25
1599710280652917	-0.00341796875
1599710280652924	1.0
1599710280652924	1.0
1599710280652924	0.00244140625
1599710280653918	-49.00390625
1599710280653918	-1.0
1599710280653918	-0.00244140625
1599710280653926	-0.00439453125
1599710280653936	-0.005859375
1599710280654019	-12.25
1599710280654035	-1.0
1599710280654039	0.0009765625
1599710280654039	0.000244140625
1599710280654039	0.0009765625
1599710280654039	12.25
1599710280654039	0.000244140625
1599710280654170	-12.25
1599710280654170	-0.000244140625
1599710280654170	-12.25
1599710280654170	-0.0009765625
1599710280654170	-0.000244140625
1599710280654170	-0.0009765625
1599710280654191	-1.0
1599710280654193	12.25
1599710280654193	2.25
1599710280654193	12.25
1599710280654193	182.25
1599710280655088	-2.25
1599710280655088	-12.25
1599710280655088	-182.25
1599710280655091	2.25
1599710280655091	2.25048828125
1599710280655091	81.0
1599710280656029	-12.25
1599710280656029	-2.25048828125
1599710280656029	-81.0
1599710280656037	-0.0009765625
1599710280656047	-0.0009765625
1599710280656128	-12.25
1599710280656152	-2.25
1599710280656153	0.0009765625
1599710280656153	0.000244140625
1599710280656153	12.25
1599710280656153	0.000244140625
1599710280656153	0.0009765625
1599710280656287	-0.0009765625
1599710280656287	-12.25
1599710280656287	-0.000244140625
1599710280656287	-0.0009765625
1599710280656287	-0.000244140625
1599710280656287	-12.25
1599710280656318	-2.25
1599710280656320	49.0
1599710280656320	1.0
1599710280656320	49.0
1599710280656320	0.00390625
1599710280657347	-1.0
1599710280657347	-49.0
1599710280657347	-0.00390625
1599710280657356	1.0
1599710280657356	1.0
1599710280657356	0.00390625
1599710280658348	-12.25
1599710280658348	-1.0
1599710280658348	-0.00390625
1599710280658357	-0.0009765625
1599710280658366	-0.0009765625
1599710280658659	-49.0
1599710280658675	-1.0
1599710280658981	-1.0
1599710280658983	0.005859375
1599710280658983	0.000244140625
1599710280658983	0.000244140625
1599710280658983	49.00390625
1599710280658983	0.00439453125
1599710280659399	-0.000244140625
1599710280659399	-0.000244140625
1599710280659399	-49.0
1599710280659399	-0.00390625
1599710280659399	-0.00390625
1599710280659405	12.25
1599710280659405	1.0
1599710280659405	12.25
1599710280659405	0.00341796875
1599710280660399	-1.0
1599710280660399	-12.25
1599710280660399	-0.00341796875
1599710280660403	1.0
1599710280660403	1.0
1599710280660403	0.00244140625
1599710280661403	-49.00390625
1599710280661403	-1.0
1599710280661403	-0.00244140625
1599710280661412	-0.00439453125
1599710280661423	-0.005859375
1599710280661503	-12.25
1599710280661523	-1.0
1599710280661526	0.000244140625
1599710280661526	0.000244140625
1599710280661526	0.0009765625
1599710280661526	12.25
1599710280661526	0.0009765625
1599710280661664	-0.000244140625
1599710280661664	-12.25
1599710280661664	-12.25
1599710280661664	-0.000244140625
1599710280661664	-0.0009765625
1599710280661664	-0.0009765625
1599710280661686	-1.0
1599710280661687	12.25
1599710280661687	2.25
1599710280661687	12.25
1599710280661687	182.25
1599710280662588	-2.25
1599710280662588	-12.25
1599710280662588	-182.25
1599710280662591	2.25
1599710280662591	4.000244140625
1599710280662591	81.0
1599710280663533	-12.25
1599710280663533	-4.000244140625
1599710280663533	-81.0
1599710280663543	-0.0009765625
1599710280663553	-0.0009765625
1599710280663637	-12.25
1599710280663662	-2.25
1599710280663664	0.0009765625
1599710280663664	0.000244140625
1599710280663664	15.501953125
1599710280663664	0.0009765625
1599710280663664	0.000244140625
1599710280663803	-12.25
1599710280663803	-0.0009765625
1599710280663803	-0.000244140625
1599710280663803	-0.0009765625
1599710280663803	-12.25
1599710280663803	-0.000244140625
1599710280663834	-2.25
1599710280663835	49.0
1599710280663835	1.0
1599710280663835	49.0
1599710280663835	0.00439453125
1599710280664870	-1.0
1599710280664870	-49.0
1599710280664870	-0.00439453125
1599710280664877	1.0
1599710280664877	1.0
1599710280664877	0.00439453125
1599710280665865	-15.501953125
1599710280665865	-1.0
1599710280665865	-0.00439453125
1599710280665874	-0.0009765625
1599710280665883	-0.0009765625
1599710280666175	-49.0
1599710280666198	-1.0
1599710280666507	-1.0
1599710280666509	0.00390625
1599710280666509	49.0078125
1599710280666509	0.00390625
1599710280666509	0.000244140625
1599710280666509	0.000244140625
1599710280666911	-0.00390625
1599710280666911	-0.00390625
1599710280666911	-49.0
1599710280666911	-0.000244140625
1599710280666911	-0.000244140625
1599710280666919	12.25
1599710280666919	15.501953125
1599710280666919	1.0
1599710280666919	0.00341796875
1599710280667910	-15.501953125
1599710280667910	-1.0
1599710280667910	-0.00341796875
1599710280667918	1.0
1599710280667918	1.0
1599710280667918	0.00244140625
1599710280668922	-49.0078125
1599710280668922	-1.0
1599710280668922	-0.00244140625
1599710280668933	-0.00390625
1599710280668943	-0.00390625
1599710280669025	-12.25390625
1599710280669042	-1.0
1599710280669044	12.25390625
1599710280669044	0.000244140625
1599710280669044	0.000244140625
1599710280669044	0.0009765625
1599710280669044	0.0009765625
1599710280669187	-12.25
1599710280669187	-0.0009765625
1599710280669187	-0.000244140625
1599710280669187	-0.000244140625
1599710280669187	-0.0009765625
1599710280669187	-12.25
1599710280669210	-1.0
1599710280669212	15.501953125
1599710280669212	12.25
1599710280669212	2.25
1599710280669212	182.25
1599710280670113	-12.25
1599710280670113	-2.25
1599710280670113	-182.25
1599710280670117	2.25
1599710280670117	4.000244140625
1599710280670117	81.0
1599710280671160	-12.25390625
1599710280671160	-4.000244140625
1599710280671160	-81.0
1599710280671169	-0.0009765625
1599710280671179	-0.0009765625
1599710280671260	-12.25
1599710280671288	-2.25
1599710280671289	0.0009765625
1599710280671289	0.000244140625
1599710280671289	0.000244140625
1599710280671289	0.0009765625
1599710280671289	12.25
1599710280671426	-0.0009765625
1599710280671426	-12.25
1599710280671426	-0.000244140625
1599710280671426	-15.501953125
1599710280671426	-0.000244140625
1599710280671426	-0.0009765625
1599710280671452	-2.25
1599710280671456	49.0
1599710280671456	1.0
1599710280671456	49.0
1599710280671456	0.0048828125
1599710280672497	-1.0
1599710280672497	-49.0
1599710280672497	-0.0048828125
1599710280672502	1.0
1599710280672502	1.0
1599710280672502	0.00244140625
1599710280673493	-12.25
1599710280673493	-1.0
1599710280673493	-0.00244140625
1599710280673504	-0.0009765625
1599710280673515	-0.0009765625
1599710280673825	-1.0
1599710280674117	-49.0
1599710280674135	-1.0
1599710280674137	0.00390625
1599710280674137	0.000244140625
1599710280674137	49.0
1599710280674137	0.000244140625
1599710280674137	0.005859375
1599710280674553	-0.000244140625
1599710280674553	-49.0
1599710280674553	-0.000244140625
1599710280674553	-0.00390625
1599710280674553	-0.00390625
1599710280674559	49.0
1599710280674559	0.000244140625
1599710280674559	0.000244140625
1599710280674559	0.00390625
1599710280674559	0.00390625
1599710280674974	-0.000244140625
1599710280674974	-0.00390625
1599710280674974	-0.000244140625
1599710280674974	-49.0
1599710280674974	-0.00390625
1599710280674974	-49.0
1599710280674980	98.0
1599710280674980	2.25
1599710280674980	98.0
1599710280677902	-2.25
1599710280677902	-98.0
1599710280677907	2.25
1599710280677907	2.25048828125
1599710280677907	0.00244140625
1599710280679856	-49.0
1599710280679856	-2.25048828125
1599710280679856	-0.00244140625
1599710280679866	-0.005859375
1599710280679875	-0.00390625
1599710280679879	12.25
1599710280679879	15.501953125
1599710280679879	1.0
1599710280679879	0.005859375
1599710280680873	-15.501953125
1599710280680873	-1.0
1599710280680873	-0.005859375
1599710280680877	1.0
1599710280680877	1.0
1599710280680877	0.00244140625
1599710280681881	-49.0
1599710280681881	-1.0
1599710280681881	-0.00244140625
1599710280681890	-0.00390625
1599710280681901	-0.00390625
1599710280681928	-2.0
1599710280682011	-12.25
1599710280682028	-1.0
1599710280682053	-2.25
1599710280682056	0.000244140625
1599710280682056	0.000244140625
1599710280682056	15.501953125
1599710280682056	0.0009765625
1599710280682056	0.0009765625
1599710280682195	-0.000244140625
1599710280682195	-0.000244140625
1599710280682195	-0.0009765625
1599710280682195	-12.25
1599710280682195	-12.25
1599710280682195	-0.0009765625
1599710280682216	-1.0
1599710280682217	12.25
1599710280682217	2.25
1599710280682217	12.25
1599710280682217	182.25
1599710280683134	-2.25
1599710280683134	-12.25
1599710280683134	-182.25
1599710280683137	2.25
1599710280683137	2.25048828125
1599710280683137	122.5
1599710280684190	-15.501953125
1599710280684190	-2.25048828125
1599710280684190	-122.5
1599710280684200	-0.0009765625
1599710280684210	-0.0009765625
1599710280684294	-12.25
1599710280684319	-2.25
1599710280684322	12.25
1599710280684322	0.000244140625
1599710280684322	0.0009765625
1599710280684322	0.0009765625
1599710280684322	0.000244140625
1599710280684463	-0.0009765625
1599710280684463	-12.25
1599710280684463	-0.000244140625
1599710280684463	-0.0009765625
1599710280684463	-12.25
1599710280684463	-0.000244140625
1599710280684497	-2.25
1599710280684500	134.765625
1599710280684500	98.0
1599710280684500	0.5
1599710280685720	-98.0
1599710280685720	-0.5
1599710280685723	0.5
1599710280685723	0.5
1599710280685723	0.00244140625
1599710280686337	-12.25
1599710280686337	-0.5
1599710280686337	-0.00244140625
1599710280686347	-0.0009765625
1599710280686358	-0.0009765625
1599710280686931	-134.765625
1599710280686947	-0.5
1599710280687549	-0.5
1599710280687550	0.001953125
1599710280687550	98.001953125
1599710280687550	0.000244140625
1599710280687550	0.001953125
1599710280687550	0.000244140625
1599710280688308	-98.0
1599710280688308	-0.001953125
1599710280688308	-0.000244140625
1599710280688308	-0.001953125
1599710280688308	-0.000244140625
1599710280688314	24.5
1599710280688314	0.25
1599710280688314	24.5
1599710280688314	0.006591796875
1599710280689245	-0.25
1599710280689245	-24.5
1599710280689245	-0.006591796875
1599710280689246	0.25
1599710280689246	0.25
1599710280689246	0.00244140625
1599710280690245	-98.001953125
1599710280690245	-0.25
1599710280690245	-0.00244140625
1599710280690254	-0.001953125
1599710280690266	-0.001953125
1599710280690415	-24.5
1599710280690428	-0.25
1599710280690429	0.000244140625
1599710280690429	24.5
1599710280690429	0.000244140625
1599710280690429	0.00048828125
1599710280690429	0.00048828125
1599710280690657	-24.5
1599710280690657	-0.000244140625
1599710280690657	-24.5
1599710280690657	-0.00048828125
1599710280690657	-0.00048828125
1599710280690657	-0.000244140625
1599710280690675	-0.25
1599710280690677	24.5
1599710280690677	1.0
1599710280690677	24.5
1599710280690677	112.5
1599710280691632	-1.0
1599710280691632	-24.5
1599710280691632	-112.5
1599710280691634	1.0
1599710280691634	1.0
1599710280691634	112.5
1599710280692724	-24.5
1599710280692724	-1.0
1599710280692724	-112.5
1599710280692733	-0.00048828125
1599710280692744	-0.00048828125
1599710280692897	-24.5
1599710280692911	-0.5625
1599710280692912	24.5
1599710280692912	0.000244140625
1599710280692912	0.00048828125
1599710280692912	0.000244140625
1599710280692912	0.00048828125
1599710280693137	-0.00048828125
1599710280693137	-24.5
1599710280693137	-0.000244140625
1599710280693137	-0.000244140625
1599710280693137	-0.00048828125
1599710280693137	-24.5
1599710280693159	-1.0
1599710280693161	98.0
1599710280693161	0.25
1599710280693161	98.0
1599710280693161	0.006591796875
1599710280694309	-0.25
1599710280694309	-98.0
1599710280694309	-0.006591796875
1599710280694311	0.25
1599710280694311	0.25
1599710280694311	0.00244140625
1599710280695289	-24.5
1599710280695289	-0.25
1599710280695289	-0.00244140625
1599710280695300	-0.00048828125
1599710280695311	-0.00048828125
1599710280695886	-98.0
1599710280695901	-0.25
1599710280696485	-98.0
1599710280696502	-0.25
1599710280696503	98.001953125
1599710280696503	0.000244140625
1599710280696503	0.000244140625
1599710280696503	0.001953125
1599710280696503	0.001953125
1599710280697269	-0.000244140625
1599710280697269	-0.000244140625
1599710280697269	-0.001953125
1599710280697269	-0.001953125
1599710280697269	-98.0
1599710280697276	24.5
1599710280697276	0.25
1599710280697276	24.5
1599710280697276	0.006591796875
1599710280698197	-0.25
1599710280698197	-24.5
1599710280698197	-0.006591796875
1599710280698198	0.25
1599710280698198	0.25
1599710280698198	0.00244140625
1599710280699200	-98.001953125
1599710280699200	-0.25
1599710280699200	-0.00244140625
1599710280699211	-0.001953125
1599710280699221	-0.001953125
1599710280699370	-24.5
1599710280699386	-0.25
1599710280699388	24.5
1599710280699388	0.000244140625
1599710280699388	0.00048828125
1599710280699388	0.000244140625
1599710280699388	0.00048828125
1599710280699616	-0.000244140625
1599710280699616	-0.00048828125
1599710280699616	-24.5
1599710280699616	-24.5
1599710280699616	-0.00048828125
1599710280699616	-0.000244140625
1599710280699636	-0.25
1599710280699638	24.5
1599710280699638	1.0
1599710280699638	24.5
1599710280699638	112.5
1599710280700589	-1.0
1599710280700589	-24.5
1599710280700589	-112.5
1599710280700591	1.0
1599710280700591	1.0
1599710280700591	112.5
1599710280701675	-24.5
1599710280701675	-1.0
1599710280701675	-112.5
1599710280701686	-0.00048828125
1599710280701696	-0.00048828125
1599710280701848	-24.5
1599710280701865	-0.5625
1599710280701866	24.5
1599710280701866	0.000244140625
1599710280701866	0.00048828125
1599710280701866	0.00048828125
1599710280701866	0.000244140625
1599710280702093	-0.00048828125
1599710280702093	-0.000244140625
1599710280702093	-24.5
1599710280702093	-24.5
1599710280702093	-0.00048828125
1599710280702093	-0.000244140625
1599710280702115	-1.0
1599710280702117	98.0
1599710280702117	0.25048828125
1599710280702117	98.0
1599710280702117	0.006591796875
1599710280703251	-0.25048828125
1599710280703251	-98.0
1599710280703251	-0.006591796875
1599710280703253	0.25048828125
1599710280703253	0.25
1599710280703253	0.00244140625
1599710280704225	-24.5
1599710280704225	-0.25
1599710280704225	-0.00244140625
1599710280704234	-0.00048828125
1599710280704243	-0.00048828125
1599710280704819	-98.0
1599710280704833	-0.25
1599710280705427	-0.25048828125
1599710280705428	0.001953125
1599710280705428	98.001953125
1599710280705428	0.000244140625
1599710280705428	0.001953125
1599710280705428	0.000244140625
1599710280706199	-0.001953125
1599710280706199	-0.001953125
1599710280706199	-0.000244140625
1599710280706199	-0.000244140625
1599710280706199	-98.0
1599710280706202	24.5
1599710280706202	0.498779296875
1599710280706202	24.5
1599710280706202	0.006591796875
1599710280707121	-0.498779296875
1599710280707121	-24.5
1599710280707121	-0.006591796875
1599710280707123	0.498779296875
1599710280707123	0.25
1599710280707123	0.00244140625
1599710280708131	-98.001953125
1599710280708131	-0.25
1599710280708131	-0.00244140625
1599710280708140	-0.001953125
1599710280708150	-0.001953125
1599710280708299	-24.5
1599710280708314	-0.25
1599710280708316	0.000244140625
1599710280708316	0.00048828125
1599710280708316	0.00048828125
1599710280708316	24.5
1599710280708316	0.000244140625
1599710280708539	-0.000244140625
1599710280708539	-0.00048828125
1599710280708539	-24.5
1599710280708539	-24.5
1599710280708539	-0.000244140625
1599710280708539	-0.00048828125
1599710280708559	-0.498779296875
1599710280708561	24.5
1599710280708561	1.0
1599710280708561	24.5
1599710280708561	112.5
1599710280709514	-1.0
1599710280709514	-24.5
1599710280709514	-112.5
1599710280709516	1.0
1599710280709516	1.0
1599710280709516	112.5
1599710280710595	-24.5
1599710280710595	-1.0
1599710280710595	-112.5
1599710280710606	-0.00048828125
1599710280710617	-0.00048828125
1599710280710769	-24.5
1599710280710782	-0.5625
1599710280710784	0.00048828125
1599710280710784	24.5
1599710280710784	0.00048828125
1599710280710784	0.000244140625
1599710280710784	0.000244140625
1599710280711005	-0.00048828125
1599710280711005	-0.00048828125
1599710280711005	-0.000244140625
1599710280711005	-24.5
1599710280711005	-24.5
1599710280711005	-0.000244140625
1599710280711023	-1.0
1599710280711025	98.0
1599710280711025	0.25
1599710280711025	98.0
1599710280711025	0.006591796875
1599710280712160	-0.25
1599710280712160	-98.0
1599710280712160	-0.006591796875
1599710280712162	0.25
1599710280712162	0.250732421875
1599710280712162	0.0029296875
1599710280713137	-24.5
1599710280713137	-0.250732421875
1599710280713137	-0.0029296875
1599710280713147	-0.00048828125
1599710280713157	-0.00048828125
1599710280713731	-98.0
1599710280713743	-0.25
1599710280714327	-98.0
1599710280714340	-0.25
1599710280714341	98.0
1599710280714341	0.000244140625
1599710280714341	0.000244140625
1599710280714341	0.001953125
1599710280714341	0.001953125
1599710280715138	-0.000244140625
1599710280715138	-0.001953125
1599710280715138	-98.0
1599710280715138	-0.001953125
1599710280715138	-0.000244140625
1599710280715143	98.0
1599710280715143	0.000244140625
1599710280715143	0.001953125
1599710280715143	0.001953125
1599710280715143	0.000244140625
1599710280715926	-0.000244140625
1599710280715926	-0.001953125
1599710280715926	-98.0
1599710280715926	-0.000244140625
1599710280715926	-98.0
1599710280715926	-0.001953125
1599710280715932	196.0
1599710280715932	0.56298828125
1599710280715932	196.0
1599710280718574	-0.56298828125
1599710280718574	-196.0
1599710280718576	0.56298828125
1599710280718576	0.5
1599710280718576	0.00244140625
1599710280720604	-98.0
1599710280720604	-0.5
1599710280720604	-0.00244140625
1599710280720613	-0.001953125
1599710280720625	-0.001953125
1599710280720628	24.5
1599710280720628	0.492919921875
1599710280720628	24.5
1599710280720628	0.006591796875
1599710280721547	-0.492919921875
1599710280721547	-24.5
1599710280721547	-0.006591796875
1599710280721549	0.492919921875
1599710280721549	0.25
1599710280721549	0.00390625
1599710280722552	-98.0
1599710280722552	-0.25
1599710280722552	-0.00390625
1599710280722561	-0.001953125
1599710280722571	-0.001953125
1599710280722586	-0.5
1599710280722735	-24.5
1599710280722748	-0.25
1599710280722762	-0.56298828125
1599710280722763	0.000244140625
1599710280722763	0.00048828125
1599710280722763	24.5
1599710280722763	0.000244140625
1599710280722763	0.00048828125
1599710280722988	-0.000244140625
1599710280722988	-0.00048828125
1599710280722988	-24.5
1599710280722988	-0.00048828125
1599710280722988	-24.5
1599710280722988	-0.000244140625
1599710280723005	-0.492919921875
1599710280723007	24.5
1599710280723007	0.75
1599710280723007	24.5
1599710280723007	112.5
1599710280723958	-0.75
1599710280723958	-24.5
1599710280723958	-112.5
1599710280723960	0.75
1599710280723960	1.0
1599710280723960	112.5
1599710280725048	-24.5
1599710280725048	-1.0
1599710280725048	-112.5
1599710280725059	-0.00048828125
1599710280725069	-0.00048828125
1599710280725219	-24.5
1599710280725235	-0.5625
1599710280725237	0.00048828125
1599710280725237	0.00048828125
1599710280725237	24.5
1599710280725237	0.000244140625
1599710280725237	0.000244140625
1599710280725466	-0.00048828125
1599710280725466	-0.000244140625
1599710280725466	-0.000244140625
1599710280725466	-36.740234375
1599710280725466	-0.00048828125
1599710280725466	-24.5
1599710280725486	-0.75
1599710280725487	196.0
1599710280725487	0.125
1599710280725487	196.0
1599710280726994	-0.125
1599710280726994	-196.0
1599710280726996	0.125
1599710280726996	0.125
1599710280726996	0.00244140625
1599710280727701	-24.5
1599710280727701	-0.125
1599710280727701	-0.00244140625
1599710280727710	-0.00048828125
1599710280727721	-0.00048828125
1599710280728873	-196.0
1599710280728885	-0.125
1599710280730055	-196.0
1599710280730068	-0.125
1599710280730070	0.0009765625
1599710280730070	0.000244140625
1599710280730070	0.000244140625
1599710280730070	196.0
1599710280730070	0.0009765625
1599710280731644	-0.000244140625
1599710280731644	-0.000244140625
1599710280731644	-0.0009765625
1599710280731644	-196.0
1599710280731644	-0.0009765625
1599710280731651	49.0
1599710280731651	0.0625
1599710280731651	49.0
1599710280731651	0.020263671875
1599710280732621	-0.0625
1599710280732621	-49.0
1599710280732621	-0.020263671875
1599710280732623	0.0625
1599710280732623	0.0625
1599710280732623	0.0029296875
1599710280734436	-196.0
1599710280734436	-0.0625
1599710280734436	-0.0029296875
1599710280734445	-0.0009765625
1599710280734455	-0.0009765625
1599710280734746	-49.0
1599710280734759	-0.0625
1599710280734761	0.000244140625
1599710280734761	0.000244140625
1599710280734761	49.0
1599710280734761	0.000244140625
1599710280734761	0.000244140625
1599710280735180	-0.000244140625
1599710280735180	-0.000244140625
1599710280735180	-49.0
1599710280735180	-0.000244140625
1599710280735180	-49.0
1599710280735180	-0.000244140625
1599710280735197	-0.0625
1599710280735198	49.0
1599710280735198	0.140625
1599710280735198	49.0
1599710280735198	85.046875
1599710280736526	-0.140625
1599710280736526	-49.0
1599710280736526	-85.046875
1599710280736529	0.140625
1599710280736529	0.140625
1599710280736529	0.00537109375
1599710280739252	-49.0
1599710280739252	-0.140625
1599710280739252	-0.00537109375
1599710280739260	-0.000244140625
1599710280739270	-0.000244140625
1599710280739559	-49.0
1599710280739573	-0.140625
1599710280739575	0.000244140625
1599710280739575	0.000244140625
1599710280739575	0.000244140625
1599710280739575	0.000244140625
1599710280739575	49.0
1599710280740001	-0.000244140625
1599710280740001	-49.0
1599710280740001	-0.000244140625
1599710280740001	-49.0
1599710280740001	-0.000244140625
1599710280740001	-0.000244140625
1599710280740020	-0.140625
1599710280740022	196.0
1599710280740022	0.0625
1599710280740022	196.0
1599710280740022	0.020263671875
1599710280741439	-0.0625
1599710280741439	-196.0
1599710280741439	-0.020263671875
1599710280741441	0.0625
1599710280741441	0.0625
1599710280741441	0.0029296875
1599710280742954	-49.0
1599710280742954	-0.0625
1599710280742954	-0.0029296875
1599710280742964	-0.000244140625
1599710280742974	-0.000244140625
1599710280744121	-196.0
1599710280744131	-0.0625
1599710280745320	-0.0625
1599710280745324	0.0009765625
1599710280745324	0.000244140625
1599710280745324	0.0009765625
1599710280745324	196.0
1599710280745324	0.000244140625
1599710280746910	-0.000244140625
1599710280746910	-0.0009765625
1599710280746910	-0.000244140625
1599710280746910	-196.0
1599710280746910	-0.0009765625
1599710280746913	49.0
1599710280746913	0.0625
1599710280746913	49.0
1599710280746913	0.020263671875
1599710280747883	-0.0625
1599710280747883	-49.0
1599710280747883	-0.020263671875
1599710280747886	0.0625
1599710280747886	0.0625
1599710280747886	0.0029296875
1599710280749714	-196.0
1599710280749714	-0.0625
1599710280749714	-0.0029296875
1599710280749725	-0.0009765625
1599710280749736	-0.0009765625
1599710280750031	-49.0
1599710280750042	-0.0625
1599710280750045	0.000244140625
1599710280750045	0.000244140625
1599710280750045	0.000244140625
1599710280750045	49.0
1599710280750045	0.000244140625
1599710280750471	-0.000244140625
1599710280750471	-0.000244140625
1599710280750471	-0.000244140625
1599710280750471	-49.0
1599710280750471	-0.000244140625
1599710280750471	-49.0
1599710280750487	-0.0625
1599710280750489	49.0
1599710280750489	0.140625
1599710280750489	49.0
1599710280750489	85.046875
1599710280751758	-0.140625
1599710280751758	-49.0
1599710280751758	-85.046875
1599710280751761	0.140625
1599710280751761	0.140625
1599710280751761	0.00537109375
1599710280754475	-49.0
1599710280754475	-0.140625
1599710280754475	-0.00537109375
1599710280754485	-0.000244140625
1599710280754495	-0.000244140625
1599710280754786	-49.0
1599710280754799	-0.140625
1599710280754800	0.000244140625
1599710280754800	49.0
1599710280754800	0.000244140625
1599710280754800	0.000244140625
1599710280754800	0.000244140625
1599710280755233	-49.0
1599710280755233	-49.0
1599710280755233	-0.000244140625
1599710280755233	-0.000244140625
1599710280755233	-0.000244140625
1599710280755233	-0.000244140625
1599710280755250	-0.140625
1599710280755251	196.0
1599710280755251	0.0625
1599710280755251	196.0
1599710280755251	0.020263671875
1599710280756674	-0.0625
1599710280756674	-196.0
1599710280756674	-0.020263671875
1599710280756676	0.0625
1599710280756676	0.0625
1599710280756676	0.0029296875
1599710280758150	-49.0
1599710280758150	-0.0625
1599710280758150	-0.0029296875
1599710280758161	-0.000244140625
1599710280758171	-0.000244140625
1599710280759321	-196.0
1599710280759336	-0.0625
1599710280760495	-196.0
1599710280760505	-0.0625
1599710280760509	196.0
1599710280760509	0.000244140625
1599710280760509	0.0009765625
1599710280760509	0.000244140625
1599710280760509	0.0009765625
1599710280762086	-0.0009765625
1599710280762086	-0.000244140625
1599710280762086	-196.0
1599710280762086	-0.0009765625
1599710280762086	-0.000244140625
1599710280762094	0.0009765625
1599710280762094	196.0
1599710280762094	0.000244140625
1599710280762094	0.0009765625
1599710280762094	0.000244140625
1599710280763679	-0.0009765625
1599710280763679	-0.0009765625
1599710280763679	-0.000244140625
1599710280763679	-196.0
1599710280763679	-196.0
1599710280763679	-0.000244140625
1599710280763686	49.0
1599710280763686	0.0625
1599710280763686	49.0
1599710280763686	0.020263671875
1599710280764654	-0.0625
1599710280764654	-49.0
1599710280764654	-0.020263671875
1599710280764656	0.0625
1599710280764656	0.0625
1599710280764656	0.0029296875
1599710280766478	-196.0
1599710280766478	-0.0625
1599710280766478	-0.0029296875
1599710280766489	-0.0009765625
1599710280766499	-0.0009765625
1599710280766502	49.0
1599710280766502	0.0625
1599710280766502	49.0
1599710280766502	0.020263671875
1599710280767462	-0.0625
1599710280767462	-49.0
1599710280767462	-0.020263671875
1599710280767464	0.0625
1599710280767464	0.0625
1599710280767464	0.0029296875
1599710280769277	-196.0
1599710280769277	-0.0625
1599710280769277	-0.0029296875
1599710280769288	-0.0009765625
1599710280769299	-0.0009765625
1599710280769310	-0.0625
1599710280769600	-49.0
1599710280769615	-0.0625
1599710280769627	-0.0625
1599710280769629	0.000244140625
1599710280769629	0.000244140625
1599710280769629	0.000244140625
1599710280769629	0.000244140625
1599710280769629	62.6357421875
1599710280770060	-0.000244140625
1599710280770060	-49.0
1599710280770060	-49.0
1599710280770060	-0.000244140625
1599710280770060	-0.000244140625
1599710280770060	-0.000244140625
1599710280770076	-0.0625
1599710280770078	49.0
1599710280770078	0.140625
1599710280770078	49.0
1599710280770078	98.0
1599710280771353	-0.140625
1599710280771353	-49.0
1599710280771353	-98.0
1599710280771356	0.140625
1599710280771356	0.140625
1599710280771356	0.00537109375
1599710280774077	-62.6357421875
1599710280774077	-0.140625
1599710280774077	-0.00537109375
1599710280774085	-0.000244140625
1599710280774095	-0.000244140625
1599710280774387	-49.0
1599710280774394	-0.140625
1599710280774397	0.000244140625
1599710280774397	0.000244140625
1599710280774397	0.000244140625
1599710280774397	49.0
1599710280774397	0.000244140625
1599710280774814	-49.0
1599710280774814	-0.000244140625
1599710280774814	-0.000244140625
1599710280774814	-0.000244140625
1599710280774814	-0.000244140625
1599710280774814	-49.0
1599710280774825	-0.140625
1599710280774829	82.69970703125
1599710280774829	49.0
1599710280774829	0.015625
1599710280774829	0.020263671875
1599710280775156	-49.0
1599710280775156	-0.015625
1599710280775156	-0.020263671875
1599710280775160	0.015625
1599710280775160	0.015625
1599710280775160	0.0029296875
1599710280776079	-49.0
1599710280776079	-0.015625
1599710280776079	-0.0029296875
1599710280776088	-0.000244140625
1599710280776097	-0.000244140625
1599710280776382	-82.69970703125
1599710280776392	-0.015625
1599710280776394	196.0
1599710280778508	-49.0
1599710280778508	-49.0
1599710280778517	-0.015625
1599710280779690	-196.0
1599710280779692	0.000244140625
1599710280779692	0.000244140625
1599710280779692	0.000244140625
1599710280779692	245.0
1599710280779692	0.000244140625
1599710280781545	-0.000244140625
1599710280781545	-196.0
1599710280781545	-0.000244140625
1599710280781545	-196.0
1599710280781545	-0.000244140625
1599710280781545	-0.000244140625
1599710280781547	0.035888671875
1599710280781547	0.035888671875
1599710280781547	0.0341796875
1599710280784804	-38.7451171875
1599710280784804	-245.0
1599710280784804	-0.035888671875
1599710280784804	-0.0341796875
1599710280784810	-0.000244140625
1599710280784816	-0.000244140625
1599710280784823	-0.035888671875
1599710280784831	-0.035888671875
