1599710281152055	0.000244140625
1599710281152140	0.000244140625
1599710281152294	0.000244140625
1599710281152336	0.000244140625
1599710281152376	0.000244140625
1599710281152476	0.000244140625
1599710281152497	-0.000244140625
1599710281152581	0.000244140625
1599710281152641	-0.000244140625
1599710281152718	0.000244140625
1599710281152764	-0.000244140625
1599710281152866	0.000244140625
1599710281152933	-0.000244140625
1599710281153002	0.000244140625
1599710281153054	-0.000244140625
1599710281153086	0.000244140625
1599710281153214	-0.000244140625
1599710281153214	-0.000244140625
1599710281153214	-0.000244140625
1599710281153214	-0.000244140625
1599710281153214	-0.000244140625
1599710281153259	0.000244140625
1599710281153277	-0.000244140625
1599710281153277	-0.000244140625
1599710281156009	0.000244140625
1599710281157361	0.000244140625
1599710281157361	0.0087890625
1599710281157520	-0.0087890625
1599710281157597	2.25
1599710281157697	0.000244140625
1599710281157697	0.0087890625
1599710281157742	-0.0087890625
1599710281157776	9.0
1599710281157857	0.000244140625
1599710281157857	0.0087890625
1599710281157899	-0.0087890625
1599710281157932	2.25
1599710281158004	0.000244140625
1599710281158004	0.000244140625
1599710281158096	-0.000244140625
1599710281158140	1.0
1599710281158193	0.000244140625
1599710281158193	0.000244140625
1599710281158232	-0.000244140625
1599710281158261	1.0
1599710281158328	0.000244140625
1599710281158328	0.0087890625
1599710281158371	-0.0087890625
1599710281158490	8.0
1599710281158571	0.000244140625
1599710281158571	0.0087890625
1599710281158615	-0.0087890625
1599710281158635	9.0
1599710281158679	0.000244140625
1599710281158679	0.000244140625
1599710281158704	-0.000244140625
1599710281158720	1.0
1599710281158752	0.000244140625
1599710281158752	0.000244140625
1599710281158781	-0.000244140625
1599710281158798	0.0625
1599710281158828	0.000244140625
1599710281158828	0.000244140625
1599710281158854	-0.000244140625
1599710281158871	0.0625
1599710281158910	0.000244140625
1599710281158910	0.0087890625
1599710281158948	-0.0087890625
1599710281158955	7.8203125
1599710281158999	0.000244140625
1599710281158999	0.000244140625
1599710281159020	-0.000244140625
1599710281159039	0.5625
1599710281159082	0.000244140625
1599710281159082	0.0087890625
1599710281159120	-0.0087890625
1599710281159127	9.0
1599710281159169	0.000244140625
1599710281159169	0.000244140625
1599710281159185	-0.000244140625
1599710281159203	0.25
1599710281159245	0.000244140625
1599710281159245	0.0087890625
1599710281159271	-0.0087890625
1599710281159291	2.0
1599710281159333	0.000244140625
1599710281159333	0.0087890625
1599710281159360	-0.0087890625
1599710281159379	4.0
1599710281159412	0.000244140625
1599710281159412	0.000244140625
1599710281159445	-0.000244140625
1599710281159459	1.0
1599710281159491	0.000244140625
1599710281159491	0.000244140625
1599710281159517	-0.000244140625
1599710281159535	0.0625
1599710281159565	0.000244140625
1599710281159565	0.000244140625
1599710281159590	-0.000244140625
1599710281159608	0.0625
1599710281159637	0.000244140625
1599710281159637	0.000244140625
1599710281159662	-0.000244140625
1599710281159678	0.0625
1599710281159706	0.000244140625
1599710281159706	0.000244140625
1599710281159737	-0.000244140625
1599710281159747	1.0
1599710281159794	36.75
1599710281160186	0.000244140625
1599710281160186	0.000244140625
1599710281160196	-0.000244140625
1599710281160198	0.035888671875
1599710281160204	0.000244140625
1599710281160216	0.015625
1599710281160222	0.000244140625
1599710281160222	0.000244140625
1599710281160234	-0.000244140625
1599710281160235	0.140625
1599710281160241	0.000244140625
1599710281160241	0.000244140625
1599710281160254	-0.000244140625
1599710281160256	0.25
1599710281160262	0.000244140625
1599710281160262	0.000244140625
1599710281160280	-0.000244140625
1599710281160282	0.5625
1599710281160288	0.000244140625
1599710281160288	0.0087890625
1599710281160304	-0.0087890625
1599710281160306	2.25
1599710281160315	0.000244140625
1599710281160315	0.000244140625
1599710281160329	-0.000244140625
1599710281160330	0.25
1599710281160340	0.000244140625
1599710281160340	0.0087890625
1599710281160367	-0.0087890625
1599710281160386	2.25
1599710281160417	0.000244140625
1599710281160417	0.000244140625
1599710281160442	-0.000244140625
1599710281160459	0.25
1599710281160490	0.000244140625
1599710281160490	0.000244140625
1599710281160515	-0.000244140625
1599710281160533	0.5
1599710281160564	0.000244140625
1599710281160564	0.000244140625
1599710281160593	-0.000244140625
1599710281160606	1.0
1599710281160636	0.000244140625
1599710281160636	0.000244140625
1599710281160663	-0.000244140625
1599710281160681	0.5
1599710281160713	0.000244140625
1599710281160713	0.000244140625
1599710281160740	-0.000244140625
1599710281160758	0.5625
1599710281160790	0.000244140625
1599710281160790	0.000244140625
1599710281160815	-0.000244140625
1599710281160831	0.140625
1599710281160861	0.000244140625
1599710281160861	0.000244140625
1599710281160893	-0.000244140625
1599710281160912	0.5625
1599710281160954	0.000244140625
1599710281160954	0.0087890625
1599710281160982	-0.0087890625
1599710281160999	4.0
1599710281161031	0.000244140625
1599710281161031	0.000244140625
1599710281161061	-0.000244140625
1599710281161076	1.0
1599710281161107	0.000244140625
1599710281161136	0.00390625
1599710281161167	0.000244140625
1599710281161167	0.000244140625
1599710281161193	-0.000244140625
1599710281161211	0.125
1599710281161243	0.000244140625
1599710281161243	0.000244140625
1599710281161269	-0.000244140625
1599710281161287	0.25
1599710281161320	0.000244140625
1599710281161320	0.000244140625
1599710281161347	-0.000244140625
1599710281161365	0.25
1599710281161396	0.000244140625
1599710281161396	0.000244140625
1599710281161423	-0.000244140625
1599710281161441	0.25
1599710281161473	0.000244140625
1599710281161473	0.000244140625
1599710281161499	-0.000244140625
1599710281161517	0.0625
1599710281161545	0.000244140625
1599710281161545	0.000244140625
1599710281161575	-0.000244140625
1599710281161588	1.0
1599710281161631	0.000244140625
1599710281161631	0.0087890625
1599710281161658	-0.0087890625
1599710281161679	4.0
1599710281161720	0.000244140625
1599710281161720	0.0087890625
1599710281161747	-0.0087890625
1599710281161767	2.25
1599710281161799	0.000244140625
1599710281161799	0.000244140625
1599710281161829	-0.000244140625
1599710281161844	1.0
1599710281161885	0.000244140625
1599710281161885	0.0087890625
1599710281161912	-0.0087890625
1599710281161930	4.0
1599710281161963	0.000244140625
1599710281161963	0.000244140625
1599710281161993	-0.000244140625
1599710281162010	1.0
1599710281162051	0.000244140625
1599710281162051	0.0087890625
1599710281162077	-0.0087890625
1599710281162098	2.25
1599710281162148	0.000244140625
1599710281162148	0.000244140625
1599710281162183	-0.000244140625
1599710281162203	0.140625
1599710281162246	0.000244140625
1599710281162246	0.0087890625
1599710281162278	-0.0087890625
1599710281162298	2.0
1599710281162331	0.000244140625
1599710281162331	0.000244140625
1599710281162361	-0.000244140625
1599710281162374	1.0
1599710281162412	0.000244140625
1599710281162412	0.0087890625
1599710281162440	-0.0087890625
1599710281162457	4.0
1599710281162503	38.7451171875
1599710281162705	-36.75
1599710281162748	-0.000244140625
1599710281162748	-0.000244140625
1599710281162748	-0.000244140625
1599710281162748	-0.000244140625
1599710281162748	-0.000244140625
1599710281162748	-0.000244140625
1599710281162748	-0.000244140625
1599710281162748	-0.000244140625
1599710281162748	-0.000244140625
1599710281162748	-0.000244140625
1599710281162748	-0.000244140625
1599710281162748	-0.000244140625
1599710281162748	-0.000244140625
1599710281162748	-0.000244140625
1599710281162748	-0.000244140625
1599710281162748	-0.000244140625
1599710281162748	-0.000244140625
1599710281162748	-0.000244140625
1599710281162748	-0.000244140625
1599710281162748	-0.000244140625
1599710281162748	-0.000244140625
1599710281162748	-0.000244140625
1599710281162748	-0.000244140625
1599710281162748	-0.000244140625
1599710281162748	-0.000244140625
1599710281162748	-0.000244140625
1599710281162748	-0.000244140625
1599710281162748	-0.000244140625
1599710281162748	-0.000244140625
1599710281162748	-0.000244140625
1599710281162748	-0.000244140625
1599710281162748	-0.000244140625
1599710281162748	-0.000244140625
1599710281162748	-0.000244140625
1599710281162748	-0.000244140625
1599710281162748	-0.000244140625
1599710281162748	-0.000244140625
1599710281162748	-0.000244140625
1599710281162748	-0.000244140625
1599710281162748	-0.000244140625
1599710281162748	-0.000244140625
1599710281162748	-0.000244140625
1599710281162748	-0.000244140625
1599710281162748	-0.000244140625
1599710281162748	-0.000244140625
1599710281162748	-0.000244140625
1599710281162748	-0.000244140625
1599710281162748	-0.000244140625
1599710281162748	-0.000244140625
1599710281162748	-0.000244140625
1599710281162748	-0.000244140625
1599710281162748	-0.000244140625
1599710281162748	-0.000244140625
1599710281162748	-0.000244140625
1599710281162750	196.0
1599710281162750	0.035888671875
1599710281162750	0.072021484375
1599710281164982	-0.035888671875
1599710281164982	-0.072021484375
1599710281165005	196.0
1599710281165005	0.000244140625
1599710281165005	0.000244140625
1599710281165005	0.000244140625
1599710281165005	0.000244140625
1599710281166979	-0.000244140625
1599710281166992	-0.000244140625
1599710281166993	49.0
1599710281167921	49.0
1599710281167921	0.015625
1599710281167921	0.01806640625
1599710281168235	-0.015625
1599710281168235	-0.01806640625
1599710281168237	196.0
1599710281168237	0.0625
1599710281168237	0.01806640625
1599710281169327	-0.0625
1599710281169327	-0.01806640625
1599710281169361	0.000244140625
1599710281169361	0.000244140625
1599710281169361	0.000244140625
1599710281169361	0.000244140625
1599710281169361	49.0
1599710281169672	0.0009765625
1599710281169672	0.0009765625
1599710281169672	0.001220703125
1599710281169672	0.0009765625
1599710281169672	196.0
1599710281170950	-0.000244140625
1599710281170960	-0.000244140625
1599710281170982	-0.0009765625
1599710281170985	49.0
1599710281170985	0.140625
1599710281170985	85.046875
1599710281172310	-0.140625
1599710281172310	-85.046875
1599710281172365	0.000244140625
1599710281172365	49.0
1599710281172365	0.000244140625
1599710281172365	0.000244140625
1599710281172365	0.000244140625
1599710281172702	-0.001220703125
1599710281172928	-0.000244140625
1599710281172938	-0.000244140625
1599710281172941	196.0
1599710281172941	0.0625
1599710281172941	0.01806640625
1599710281174027	-0.0625
1599710281174027	-0.01806640625
1599710281174060	0.0009765625
1599710281174060	0.0009765625
1599710281174060	196.0
1599710281174060	0.0009765625
1599710281174060	0.001220703125
1599710281176310	-196.0
1599710281176319	-0.0009765625
1599710281177158	49.0
1599710281177158	0.0625
1599710281177158	0.01806640625
1599710281178098	-0.0625
1599710281178098	-0.01806640625
1599710281178118	-0.001220703125
1599710281178132	0.000244140625
1599710281178132	49.0
1599710281178132	0.000244140625
1599710281178132	0.000244140625
1599710281178132	0.000244140625
1599710281178641	-0.000244140625
1599710281178654	49.0
1599710281178654	0.140625
1599710281178654	85.046875
1599710281179911	-0.140625
1599710281179911	-85.046875
1599710281179951	0.000244140625
1599710281179951	0.000244140625
1599710281179951	0.000244140625
1599710281179951	49.0
1599710281179951	0.000244140625
1599710281180276	-0.000244140625
1599710281180505	196.0
1599710281180505	0.0625
1599710281180505	0.01806640625
1599710281181588	-0.0625
1599710281181588	-0.01806640625
1599710281181607	-0.000244140625
1599710281181626	0.0009765625
1599710281181626	0.001220703125
1599710281181626	0.0009765625
1599710281181626	0.0009765625
1599710281181626	196.0
1599710281182694	-0.000244140625
1599710281183857	-196.0
1599710281183865	-0.0009765625
1599710281184703	49.0
1599710281184703	0.0625
1599710281184703	0.01806640625
1599710281185638	-0.0625
1599710281185638	-0.01806640625
1599710281185657	-0.001220703125
1599710281185674	0.000244140625
1599710281185674	49.0
1599710281185674	0.000244140625
1599710281185674	0.000244140625
1599710281185674	0.000244140625
1599710281186189	-0.000244140625
1599710281186202	49.0
1599710281186202	0.140625
1599710281186202	85.046875
1599710281187454	-0.140625
1599710281187454	-85.046875
1599710281187494	49.0
1599710281187494	0.000244140625
1599710281187494	0.000244140625
1599710281187494	0.000244140625
1599710281187494	0.000244140625
1599710281187815	-0.000244140625
1599710281188028	-0.000244140625
1599710281188036	-0.000244140625
1599710281188039	196.0
1599710281188039	0.0625
1599710281188039	0.01806640625
1599710281189126	-0.0625
1599710281189126	-0.01806640625
1599710281189163	0.001220703125
1599710281189163	0.0009765625
1599710281189163	196.0
1599710281189163	0.0009765625
1599710281189163	0.0009765625
1599710281192250	36.7412109375
1599710281192250	0.125
1599710281192250	0.004638671875
1599710281192763	-0.125
1599710281192763	-0.004638671875
1599710281192764	98.0
1599710281192764	0.5
1599710281192764	0.004638671875
1599710281194509	-0.5
1599710281194509	-0.004638671875
1599710281194516	-0.0009765625
1599710281194525	-0.001220703125
1599710281194544	0.000732421875
1599710281194544	0.00048828125
1599710281194544	0.00048828125
1599710281194544	24.5
1599710281194544	0.00048828125
1599710281194706	0.001953125
1599710281194706	0.001953125
1599710281194706	98.0
1599710281194706	0.001953125
1599710281194706	0.001953125
1599710281195399	-0.00048828125
1599710281195420	24.5
1599710281195420	0.5625
1599710281195420	112.5
1599710281196385	-0.5625
1599710281196385	-112.5
1599710281196438	0.00048828125
1599710281196438	0.00048828125
1599710281196438	0.00048828125
1599710281196438	0.00048828125
1599710281196438	24.5
1599710281196599	-0.00048828125
1599710281196618	-0.001953125
1599710281196626	-0.001953125
1599710281196751	-0.00048828125
1599710281196754	98.0
1599710281196754	0.25
1599710281196754	0.004638671875
1599710281197710	-0.25
1599710281197710	-0.004638671875
1599710281197745	0.001953125
1599710281197745	0.001953125
1599710281197745	0.001953125
1599710281197745	0.001953125
1599710281197745	98.0
1599710281198304	-0.00048828125
1599710281198889	-98.0
1599710281198899	-0.001953125
1599710281199330	24.5
1599710281199330	0.25
1599710281199330	0.004638671875
1599710281200270	-0.25
1599710281200270	-0.004638671875
1599710281200285	-0.001953125
1599710281200316	0.00048828125
1599710281200316	0.00048828125
1599710281200316	0.00048828125
1599710281200316	0.00048828125
1599710281200316	24.5
1599710281200582	-0.00048828125
1599710281200595	24.5
1599710281200595	0.5625
1599710281200595	112.5
1599710281201531	-0.5625
1599710281201531	-112.5
1599710281201568	0.00048828125
1599710281201568	0.00048828125
1599710281201568	0.00048828125
1599710281201568	24.5
1599710281201568	0.00048828125
1599710281201735	-0.00048828125
1599710281201862	98.0
1599710281201862	0.25
1599710281201862	0.004638671875
1599710281202818	-0.25
1599710281202818	-0.004638671875
1599710281202855	0.001953125
1599710281202855	0.001953125
1599710281202855	98.0
1599710281202855	0.001953125
1599710281202855	0.001953125
1599710281203421	-0.00048828125
1599710281203431	-0.00048828125
1599710281204016	-0.001953125
1599710281204025	-0.001953125
1599710281204449	24.5
1599710281204449	0.25
1599710281204449	0.004638671875
1599710281205383	-0.25
1599710281205383	-0.004638671875
1599710281205422	0.00048828125
1599710281205422	0.00048828125
1599710281205422	0.00048828125
1599710281205422	24.5
1599710281205422	0.00048828125
1599710281205682	-0.00048828125
1599710281205694	24.5
1599710281205694	0.5625
1599710281205694	112.5
1599710281206629	-0.5625
1599710281206629	-112.5
1599710281206665	0.00048828125
1599710281206665	0.00048828125
1599710281206665	24.5
1599710281206665	0.00048828125
1599710281206665	0.00048828125
1599710281206832	-0.00048828125
1599710281206948	-0.00048828125
1599710281206957	-0.00048828125
1599710281206960	98.0
1599710281206960	0.25
1599710281206960	0.004638671875
1599710281207913	-0.25
1599710281207913	-0.004638671875
1599710281207953	0.001953125
1599710281207953	0.001953125
1599710281207953	0.001953125
1599710281207953	0.001953125
1599710281207953	98.0
1599710281209109	-98.0
1599710281209117	-0.001953125
1599710281209128	-0.001953125
1599710281209550	24.5
1599710281209550	0.25
1599710281209550	0.004638671875
1599710281210482	-0.25
1599710281210482	-0.004638671875
1599710281210520	0.00048828125
1599710281210520	24.5
1599710281210520	0.00048828125
1599710281210520	0.00048828125
1599710281210520	0.00048828125
1599710281210791	24.5
1599710281210791	0.5625
1599710281210791	112.5
1599710281211733	-0.5625
1599710281211733	-112.5
1599710281211769	0.00048828125
1599710281211769	24.5
1599710281211769	0.00048828125
1599710281211769	0.00048828125
1599710281211769	0.00048828125
1599710281211931	-0.00048828125
1599710281211940	-0.00048828125
1599710281212065	-0.00048828125
1599710281212068	98.0
1599710281212068	0.25
1599710281212068	0.004638671875
1599710281213023	-0.25
1599710281213023	-0.004638671875
1599710281213059	0.001953125
1599710281213059	98.0
1599710281213059	0.001953125
1599710281213059	0.001953125
1599710281213059	0.001953125
1599710281213625	-0.00048828125
1599710281214201	-98.0
1599710281214625	49.0
1599710281214625	2.0
1599710281214625	0.001220703125
1599710281216293	-2.0
1599710281216293	-0.001220703125
1599710281216295	12.25
1599710281216295	0.5
1599710281216295	0.001220703125
1599710281216781	-0.5
1599710281216781	-0.001220703125
1599710281216786	-0.001953125
1599710281216792	-0.001953125
1599710281216799	49.0
1599710281216799	0.00390625
1599710281216799	0.00390625
1599710281216799	0.00390625
1599710281216799	0.00390625
1599710281217062	0.0009765625
1599710281217062	0.0009765625
1599710281217062	12.25
1599710281217062	0.0009765625
1599710281217062	0.0009765625
1599710281217149	-0.00390625
1599710281217207	-0.0009765625
1599710281217226	12.25
1599710281217226	2.25
1599710281217226	81.0
1599710281218135	-2.25
1599710281218135	-81.0
1599710281218152	-0.00390625
1599710281218164	0.0009765625
1599710281218164	12.25
1599710281218164	0.0009765625
1599710281218164	0.0009765625
1599710281218164	0.0009765625
1599710281218252	-0.0009765625
1599710281218310	-0.0009765625
1599710281218318	49.0
1599710281218318	1.0
1599710281218318	0.001220703125
1599710281219206	-1.0
1599710281219206	-0.001220703125
1599710281219222	0.005859375
1599710281219222	0.00390625
1599710281219222	49.0
1599710281219222	0.00390625
1599710281219222	0.00390625
1599710281219494	-0.0009765625
1599710281219781	-49.0
1599710281220008	12.25
1599710281220008	1.0
1599710281220008	0.001953125
1599710281220924	-1.0
1599710281220924	-0.001953125
1599710281220929	-0.005859375
1599710281220935	-0.00390625
1599710281220940	0.0009765625
1599710281220940	0.0009765625
1599710281220940	12.25
1599710281220940	0.0009765625
1599710281220940	0.0009765625
1599710281221083	12.25
1599710281221083	2.25
1599710281221083	81.0
1599710281221989	-2.25
1599710281221989	-81.0
1599710281222009	12.25390625
1599710281222009	0.0009765625
1599710281222009	0.0009765625
1599710281222009	0.0009765625
1599710281222009	0.0009765625
1599710281222092	-0.0009765625
1599710281222098	-0.0009765625
1599710281222156	-0.0009765625
1599710281222163	49.0
1599710281222163	1.0
1599710281222163	0.001953125
1599710281223048	-1.0
1599710281223048	-0.001953125
1599710281223065	0.00390625
1599710281223065	0.00390625
1599710281223065	0.00390625
1599710281223065	49.0
1599710281223065	0.00390625
1599710281223334	-0.0009765625
1599710281223621	-49.0
1599710281223626	-0.00390625
1599710281223632	-0.00390625
1599710281223847	12.25
1599710281223847	1.0
1599710281223847	0.001953125
1599710281224760	-1.0
1599710281224760	-0.001953125
1599710281224778	0.0009765625
1599710281224778	0.0009765625
1599710281224778	0.0009765625
1599710281224778	12.25
1599710281224778	0.0009765625
1599710281224931	-0.0009765625
1599710281224933	12.25
1599710281224933	2.25
1599710281224933	81.0
1599710281225835	-2.25
1599710281225835	-81.0
1599710281225850	0.0009765625
1599710281225850	12.25
1599710281225850	0.0009765625
1599710281225850	0.0009765625
1599710281225850	0.0009765625
1599710281225932	-0.0009765625
1599710281226003	49.0
1599710281226003	1.0
1599710281226003	0.001220703125
1599710281226891	-1.0
1599710281226891	-0.001220703125
1599710281226907	0.005859375
1599710281226907	0.00390625
1599710281226907	49.0
1599710281226907	0.00390625
1599710281226907	0.00390625
1599710281227172	-0.0009765625
1599710281227178	-0.0009765625
1599710281227465	-49.0
1599710281227484	-0.00390625
1599710281227698	12.25
1599710281227698	1.0
1599710281227698	0.001953125
1599710281228615	-1.0
1599710281228615	-0.001953125
1599710281228623	-0.005859375
1599710281228633	0.0009765625
1599710281228633	0.0009765625
1599710281228633	12.25
1599710281228633	0.0009765625
1599710281228633	0.0009765625
1599710281228766	-0.0009765625
1599710281228772	-0.0009765625
1599710281228773	12.25
1599710281228773	2.25
1599710281228773	81.0
1599710281229677	-2.25
1599710281229677	-81.0
1599710281229692	12.25
1599710281229692	0.0009765625
1599710281229692	0.0009765625
1599710281229692	0.0009765625
1599710281229692	0.0009765625
1599710281229844	-0.0009765625
1599710281229845	49.0
1599710281229845	1.0
1599710281229845	0.001220703125
1599710281230728	-1.0
1599710281230728	-0.001220703125
1599710281230751	0.00390625
1599710281230751	49.0
1599710281230751	0.005859375
1599710281230751	0.00390625
1599710281230751	0.00390625
1599710281231010	-0.0009765625
1599710281231302	-49.0
1599710281231314	-0.00390625
1599710281231528	12.25
1599710281231528	1.0
1599710281231528	0.001953125
1599710281232441	-1.0
1599710281232441	-0.001953125
1599710281232448	-0.005859375
1599710281232465	12.25
1599710281232465	0.0009765625
1599710281232465	0.0009765625
1599710281232465	0.0009765625
1599710281232465	0.0009765625
1599710281232608	12.25
1599710281232608	2.25
1599710281232608	81.0
1599710281233514	-2.25
1599710281233514	-81.0
1599710281233531	0.0009765625
1599710281233531	0.0009765625
1599710281233531	0.0009765625
1599710281233531	0.0009765625
1599710281233531	12.25
1599710281233613	-0.0009765625
1599710281233618	-0.0009765625
1599710281233684	49.0
1599710281233684	1.0
1599710281233684	0.001220703125
1599710281234568	-1.0
1599710281234568	-0.001220703125
1599710281234584	0.00390625
1599710281234584	0.005859375
1599710281234584	0.00390625
1599710281234584	49.0
1599710281234584	0.00390625
1599710281234850	-0.0009765625
1599710281234855	-0.0009765625
1599710281235366	12.25
1599710281235366	1.0
1599710281235366	0.001953125
1599710281236281	-1.0
1599710281236281	-0.001953125
1599710281236286	-0.005859375
1599710281236292	-0.00390625
1599710281236296	0.0009765625
1599710281236296	0.0009765625
1599710281236296	0.0009765625
1599710281236296	0.0009765625
1599710281236296	12.25
1599710281236429	-0.0009765625
1599710281236436	12.25
1599710281236436	2.25
1599710281236436	81.0
1599710281237351	-2.25
1599710281237351	-81.0
1599710281237375	0.0009765625
1599710281237375	0.0009765625
1599710281237375	0.0009765625
1599710281237375	12.25
1599710281237375	0.0009765625
1599710281237471	-0.0009765625
1599710281237548	-0.0009765625
1599710281237550	49.0
1599710281237550	1.0
1599710281237550	0.001220703125
1599710281238447	-1.0
1599710281238447	-0.001220703125
1599710281238474	0.00390625
1599710281238474	0.005859375
1599710281238474	0.00390625
1599710281238474	0.00390625
1599710281238474	49.0
1599710281238743	-0.0009765625
1599710281239059	-0.00390625
1599710281239285	6.125
1599710281239285	2.0
1599710281239285	0.00048828125
1599710281239787	-2.0
1599710281239787	-0.00048828125
1599710281239790	24.5
1599710281239790	8.0
1599710281239790	0.00048828125
1599710281241681	-8.0
1599710281241681	-0.00048828125
1599710281241691	-0.005859375
1599710281241708	6.125
1599710281241708	0.001953125
1599710281241708	0.001953125
1599710281241708	0.001953125
1599710281241708	0.001953125
1599710281241784	0.0078125
1599710281241784	0.0078125
1599710281241784	0.0078125
1599710281241784	0.0078125
1599710281241784	24.5
1599710281241995	-0.001953125
1599710281242014	-0.0078125
1599710281242036	-0.0078125
1599710281242039	6.125
1599710281242039	9.0
1599710281242039	72.0
1599710281243060	-9.0
1599710281243060	-72.0
1599710281243106	0.001953125
1599710281243106	0.001953125
1599710281243106	6.125
1599710281243106	0.001953125
1599710281243106	0.001953125
1599710281243176	-0.001953125
1599710281243236	-0.001953125
1599710281243246	-0.001953125
1599710281243248	24.5
1599710281243248	4.0
1599710281243248	0.00048828125
1599710281244250	-4.0
1599710281244250	-0.00048828125
1599710281244280	24.5
1599710281244280	0.0078125
1599710281244280	0.0078125
1599710281244280	0.0078125
1599710281244280	0.0078125
1599710281244609	-24.5
1599710281244619	-0.0078125
1599710281244629	-0.0078125
1599710281244759	6.125
1599710281244759	4.0
1599710281244759	0.00048828125
1599710281245708	-4.0
1599710281245708	-0.00048828125
1599710281245735	0.001953125
1599710281245735	0.001953125
1599710281245735	0.001953125
1599710281245735	0.001953125
1599710281245735	6.125
1599710281245844	-0.001953125
1599710281245847	6.125
1599710281245847	9.0
1599710281245847	72.0
1599710281246871	-9.0
1599710281246871	-72.0
1599710281246899	6.125
1599710281246899	0.001953125
1599710281246899	0.001953125
1599710281246899	0.001953125
1599710281246899	0.001953125
1599710281246960	-0.001953125
1599710281247011	-0.001953125
1599710281247024	24.5
1599710281247024	4.0
1599710281247024	0.00048828125
1599710281248025	-4.0
1599710281248025	-0.00048828125
1599710281248051	0.0078125
1599710281248051	0.0078125
1599710281248051	0.0078125
1599710281248051	24.5
1599710281248051	0.0078125
1599710281248231	-0.001953125
1599710281248406	-0.0078125
1599710281248535	6.125
1599710281248535	4.0
1599710281248535	0.00048828125
1599710281249482	-4.0
1599710281249482	-0.00048828125
1599710281249492	-0.0078125
1599710281249511	0.001953125
1599710281249511	0.001953125
1599710281249511	6.125
1599710281249511	0.001953125
1599710281249511	0.001953125
1599710281249605	-0.001953125
1599710281249615	-0.001953125
1599710281249618	6.125
1599710281249618	9.0
1599710281249618	72.0
1599710281250630	-9.0
1599710281250630	-72.0
1599710281250657	6.125
1599710281250657	0.001953125
1599710281250657	0.001953125
1599710281250657	0.001953125
1599710281250657	0.001953125
1599710281250779	-0.001953125
1599710281250781	24.5
1599710281250781	4.0
1599710281250781	0.00048828125
1599710281251780	-4.0
1599710281251780	-0.00048828125
1599710281251807	0.0078125
1599710281251807	0.0078125
1599710281251807	24.5
1599710281251807	0.0078125
1599710281251807	0.0078125
1599710281251974	-0.001953125
1599710281251995	-0.0078125
1599710281252299	-0.0078125
1599710281252301	0.5
1599710281252435	0.244384765625
1599710281252547	0.000244140625
1599710281252547	0.000244140625
1599710281252752	-0.000244140625
1599710281252752	-0.000244140625
1599710281252766	0.000244140625
1599710281252773	-0.000244140625
1599710281252777	0.00390625
1599710281252796	0.5
1599710281252864	7.8203125
1599710281252931	-0.5
1599710281252931	-0.244384765625
1599710281252950	-0.00390625
1599710281253007	-7.8203125
1599710281253016	-0.000244140625
1599710281253025	-0.00390625
1599710281253027	24.5
1599710281253339	-0.5
1599710281253398	-7.8203125
1599710281253658	-24.5
1599710281253660	0.0078125
1599710281253660	24.5078125
1599710281253660	0.000244140625
1599710281253660	0.0078125
1599710281253660	0.000244140625
1599710281253893	-0.0078125
1599710281253893	-0.000244140625
1599710281253893	-24.5
1599710281253893	-0.000244140625
1599710281253893	-0.0078125
1599710281253897	6.125
1599710281253897	7.8125
1599710281253897	4.0
1599710281253897	0.00390625
1599710281253905	-0.000244140625
1599710281254911	-7.8125
1599710281254911	-4.0
1599710281254911	-0.00390625
1599710281254917	7.8125
1599710281254917	4.0
1599710281254917	0.00390625
1599710281256054	-24.5078125
1599710281256054	-4.0
1599710281256054	-0.00390625
1599710281256066	-0.0078125
1599710281256075	-0.0078125
1599710281256121	-6.125
1599710281256155	-4.0
1599710281256158	0.001953125
1599710281256158	0.001953125
1599710281256158	6.125
1599710281256158	0.000244140625
1599710281256158	0.000244140625
1599710281256243	-6.125
1599710281256243	-0.000244140625
1599710281256243	-6.125
1599710281256243	-0.000244140625
1599710281256243	-0.001953125
1599710281256243	-0.001953125
1599710281256277	-7.8125
1599710281256278	7.8203125
1599710281256278	6.125
1599710281256278	9.0
1599710281256278	72.0
1599710281257316	-6.125
1599710281257316	-9.0
1599710281257316	-72.0
1599710281257317	9.0
1599710281257317	9.0
1599710281257317	72.0
1599710281258478	-6.125
1599710281258478	-9.0
1599710281258478	-72.0
1599710281258486	-0.001953125
1599710281258496	-0.001953125
1599710281258541	-6.125
1599710281258604	-9.0
1599710281258607	0.000244140625
1599710281258607	0.001953125
1599710281258607	0.001953125
1599710281258607	0.000244140625
1599710281258607	9.0
1599710281258692	-0.000244140625
1599710281258692	-7.8203125
1599710281258692	-0.001953125
1599710281258692	-0.000244140625
1599710281258692	-6.125
1599710281258692	-0.001953125
1599710281258754	-9.0
1599710281258758	24.5
1599710281258758	4.00048828125
1599710281258758	24.5
1599710281258758	0.00390625
1599710281259873	-4.00048828125
1599710281259873	-24.5
1599710281259873	-0.00390625
1599710281259880	4.00048828125
1599710281259880	7.8203125
1599710281259880	0.00390625
1599710281261053	-9.0
1599710281261053	-7.8203125
1599710281261053	-0.00390625
1599710281261063	-0.001953125
1599710281261072	-0.001953125
1599710281261223	-24.5
1599710281261256	-4.0
1599710281261404	-24.5
1599710281261438	-4.00048828125
1599710281261440	0.0078125
1599710281261440	0.000244140625
1599710281261440	24.5078125
1599710281261440	0.0078125
1599710281261440	0.000244140625
1599710281261669	-0.0078125
1599710281261669	-0.000244140625
1599710281261669	-0.0078125
1599710281261669	-0.000244140625
1599710281261669	-24.5
1599710281261670	9.0
1599710281261670	7.8203125
1599710281261670	4.00048828125
1599710281261670	0.00390625
1599710281262675	-7.8203125
1599710281262675	-4.00048828125
1599710281262675	-0.00390625
1599710281262680	4.00048828125
1599710281262680	7.8203125
1599710281262680	0.00390625
1599710281263832	-24.5078125
1599710281263832	-7.8203125
1599710281263832	-0.00390625
1599710281263841	-0.0078125
1599710281263852	-0.0078125
1599710281263899	-6.125
1599710281263933	-4.0
1599710281263935	0.000244140625
1599710281263935	0.001953125
1599710281263935	6.125
1599710281263935	0.001953125
1599710281263935	0.000244140625
1599710281264020	-0.000244140625
1599710281264020	-9.0
1599710281264020	-0.001953125
1599710281264020	-6.125
1599710281264020	-0.001953125
1599710281264020	-0.000244140625
1599710281264056	-4.00048828125
1599710281264058	7.8203125
1599710281264058	6.125
1599710281264058	9.0
1599710281264058	131.611572265625
1599710281265082	-6.125
1599710281265082	-9.0
1599710281265082	-131.611572265625
1599710281265084	9.0
1599710281265084	9.0
1599710281265084	122.611572265625
1599710281266233	-6.125
1599710281266233	-9.0
1599710281266233	-122.611572265625
1599710281266243	-0.001953125
1599710281266253	-0.001953125
1599710281266298	-6.125
1599710281266361	-9.0
1599710281266363	0.001953125
1599710281266363	0.001953125
1599710281266363	9.0
1599710281266363	0.000244140625
1599710281266363	0.000244140625
1599710281266447	-0.001953125
1599710281266447	-6.125
1599710281266447	-0.001953125
1599710281266447	-7.8203125
1599710281266447	-0.000244140625
1599710281266447	-0.000244140625
1599710281266510	-9.0
1599710281266512	24.5
1599710281266512	4.0
1599710281266512	24.5
1599710281266512	0.00390625
1599710281267612	-4.0
1599710281267612	-24.5
1599710281267612	-0.00390625
1599710281267619	4.0
1599710281267619	4.00048828125
1599710281267619	0.00390625
1599710281268843	-9.0
1599710281268843	-4.00048828125
1599710281268843	-0.00390625
1599710281268852	-0.001953125
1599710281268861	-0.001953125
1599710281269012	-24.5
1599710281269047	-4.0
1599710281269199	-24.5
1599710281269235	-4.0
1599710281269237	0.0078125
1599710281269237	0.000244140625
1599710281269237	0.000244140625
1599710281269237	24.5
1599710281269237	0.0078125
1599710281269463	-0.0078125
1599710281269463	-0.000244140625
1599710281269463	-0.000244140625
1599710281269463	-0.0078125
1599710281269463	-24.5
1599710281269465	0.000244140625
1599710281269465	0.0078125
1599710281269465	0.000244140625
1599710281269465	0.0078125
1599710281269465	24.5
1599710281269699	-24.5
1599710281269699	-0.0078125
1599710281269699	-0.000244140625
1599710281269699	-0.000244140625
1599710281269699	-0.0078125
1599710281269699	-24.5
1599710281269700	49.0
1599710281269700	9.0
1599710281269700	49.0
1599710281272253	-9.0
1599710281272253	-49.0
1599710281272260	9.0
1599710281272260	9.0
1599710281272260	0.00390625
1599710281274820	-24.5
1599710281274820	-9.0
1599710281274820	-0.00390625
1599710281274832	-0.0078125
1599710281274844	-0.0078125
1599710281274846	9.0
1599710281274846	7.8203125
1599710281274846	4.00048828125
1599710281274846	0.00390625
1599710281275850	-7.8203125
1599710281275850	-4.00048828125
1599710281275850	-0.00390625
1599710281275857	4.00048828125
1599710281275857	4.00048828125
1599710281275857	0.00390625
1599710281276990	-24.5
1599710281276990	-4.00048828125
1599710281276990	-0.00390625
1599710281277003	-0.0078125
1599710281277011	-0.0078125
1599710281277071	-8.0
1599710281277118	-6.125
1599710281277153	-4.0
1599710281277207	-9.0
1599710281277210	0.001953125
1599710281277210	0.001953125
1599710281277210	0.000244140625
1599710281277210	6.125
1599710281277210	0.000244140625
1599710281277293	-0.001953125
1599710281277293	-9.0
1599710281277293	-0.000244140625
1599710281277293	-0.000244140625
1599710281277293	-6.125
1599710281277293	-0.001953125
1599710281277327	-4.00048828125
1599710281277329	8.00048828125
1599710281277329	7.8203125
1599710281277329	9.0
1599710281277329	98.00390625
1599710281278350	-7.8203125
1599710281278350	-9.0
1599710281278350	-98.00390625
1599710281278354	9.0
1599710281278354	9.0
1599710281278354	98.00390625
1599710281279517	-6.125
1599710281279517	-9.0
1599710281279517	-98.00390625
1599710281279527	-0.001953125
1599710281279536	-0.001953125
1599710281279581	-6.125
1599710281279642	-9.0
1599710281279644	7.8203125
1599710281279644	0.001953125
1599710281279644	0.001953125
1599710281279644	0.000244140625
1599710281279644	0.000244140625
1599710281279727	-0.001953125
1599710281279727	-0.001953125
1599710281279727	-6.125
1599710281279727	-0.000244140625
1599710281279727	-0.000244140625
1599710281279727	-8.00048828125
1599710281279788	-9.0
1599710281279790	49.0
1599710281279790	2.0
1599710281279790	49.0
1599710281280543	-2.0
1599710281280543	-49.0
1599710281280548	2.0
1599710281280548	2.0
1599710281280548	0.00439453125
1599710281281235	-7.8203125
1599710281281235	-2.0
1599710281281235	-0.00439453125
1599710281281244	-0.001953125
1599710281281253	-0.001953125
1599710281281545	-49.0
1599710281281572	-2.0
1599710281281862	-49.0
1599710281281885	-2.0
1599710281281888	49.00390625
1599710281281888	0.00439453125
1599710281281888	0.000244140625
1599710281281888	0.005859375
1599710281281888	0.000244140625
1599710281282304	-0.00390625
1599710281282304	-49.0
1599710281282304	-0.000244140625
1599710281282304	-0.00390625
1599710281282304	-0.000244140625
1599710281282309	12.25
1599710281282309	17.00048828125
1599710281282309	1.0
1599710281282309	0.00341796875
1599710281283315	-17.00048828125
1599710281283315	-1.0
1599710281283315	-0.00341796875
1599710281283320	1.0
1599710281283320	1.00048828125
1599710281283320	0.00244140625
1599710281284316	-49.00390625
1599710281284316	-1.00048828125
1599710281284316	-0.00244140625
1599710281284326	-0.00439453125
1599710281284336	-0.005859375
1599710281284417	-12.25
1599710281284433	-1.0
1599710281284434	12.25
1599710281284434	0.0009765625
1599710281284434	0.0009765625
1599710281284434	0.000244140625
1599710281284434	0.000244140625
1599710281284568	-12.25
1599710281284568	-0.0009765625
1599710281284568	-12.25
1599710281284568	-0.0009765625
1599710281284568	-0.000244140625
1599710281284568	-0.000244140625
1599710281284594	-1.0
1599710281284597	17.00048828125
1599710281284597	12.25
1599710281284597	4.0
1599710281284597	269.546875
1599710281285511	-12.25
1599710281285511	-4.0
1599710281285511	-269.546875
1599710281285513	4.0
1599710281285513	4.000244140625
1599710281285513	81.0
1599710281286564	-12.25
1599710281286564	-4.000244140625
1599710281286564	-81.0
1599710281286575	-0.0009765625
1599710281286584	-0.0009765625
1599710281286666	-12.25
1599710281286689	-2.25
1599710281286691	0.000244140625
1599710281286691	0.000244140625
1599710281286691	12.25
1599710281286691	0.0009765625
1599710281286691	0.0009765625
1599710281286823	-0.000244140625
1599710281286823	-0.000244140625
1599710281286823	-12.25
1599710281286823	-0.0009765625
1599710281286823	-0.0009765625
1599710281286823	-17.00048828125
1599710281286852	-4.0
1599710281286854	49.0
1599710281286854	1.0
1599710281286854	49.0
1599710281286854	0.00390625
1599710281287890	-1.0
1599710281287890	-49.0
1599710281287890	-0.00390625
1599710281287894	1.0
1599710281287894	1.00048828125
1599710281287894	0.00390625
1599710281288885	-12.25
1599710281288885	-1.00048828125
1599710281288885	-0.00390625
1599710281288894	-0.0009765625
1599710281288905	-0.0009765625
1599710281289197	-49.0
1599710281289217	-1.0
1599710281289511	-49.0
1599710281289531	-1.0
1599710281289533	0.00439453125
1599710281289533	0.000244140625
1599710281289533	0.000244140625
1599710281289533	0.005859375
1599710281289533	49.00390625
1599710281289943	-0.000244140625
1599710281289943	-0.000244140625
1599710281289943	-0.00390625
1599710281289943	-49.0
1599710281289943	-0.00390625
1599710281289949	12.25
1599710281289949	18.00048828125
1599710281289949	1.0
1599710281289949	0.00341796875
1599710281290940	-18.00048828125
1599710281290940	-1.0
1599710281290940	-0.00341796875
1599710281290949	1.0
1599710281290949	1.00048828125
1599710281290949	0.00244140625
1599710281291950	-49.00390625
1599710281291950	-1.00048828125
1599710281291950	-0.00244140625
1599710281291957	-0.00439453125
1599710281291967	-0.005859375
1599710281292051	-12.25
1599710281292067	-1.0
1599710281292068	0.0009765625
1599710281292068	12.25
1599710281292068	0.000244140625
1599710281292068	0.0009765625
1599710281292068	0.000244140625
1599710281292204	-12.25
1599710281292204	-0.000244140625
1599710281292204	-0.0009765625
1599710281292204	-0.0009765625
1599710281292204	-12.25
1599710281292204	-0.000244140625
1599710281292225	-1.0
1599710281292227	18.00048828125
1599710281292227	12.25
1599710281292227	2.25048828125
1599710281292227	182.25
1599710281293128	-12.25
1599710281293128	-2.25048828125
1599710281293128	-182.25
1599710281293132	2.25048828125
1599710281293132	4.0
1599710281293132	81.0
1599710281294169	-12.25
1599710281294169	-4.0
1599710281294169	-81.0
1599710281294178	-0.0009765625
1599710281294187	-0.0009765625
1599710281294269	-12.25
1599710281294294	-2.25
1599710281294297	0.000244140625
1599710281294297	0.0009765625
1599710281294297	0.000244140625
1599710281294297	0.0009765625
1599710281294297	12.25
1599710281294431	-0.0009765625
1599710281294431	-0.000244140625
1599710281294431	-0.000244140625
1599710281294431	-0.0009765625
1599710281294431	-18.00048828125
1599710281294431	-12.25
1599710281294459	-2.25048828125
1599710281294461	49.0
1599710281294461	1.0
1599710281294461	49.0
1599710281294461	0.00390625
1599710281295495	-1.0
1599710281295495	-49.0
1599710281295495	-0.00390625
1599710281295502	1.0
1599710281295502	1.00048828125
1599710281295502	0.00390625
1599710281296492	-12.25
1599710281296492	-1.00048828125
1599710281296492	-0.00390625
1599710281296502	-0.0009765625
1599710281296511	-0.0009765625
1599710281296804	-49.0
1599710281296820	-1.0
1599710281297109	-49.0
1599710281297129	-1.0
1599710281297133	49.00390625
1599710281297133	0.000244140625
1599710281297133	0.00439453125
1599710281297133	0.005859375
1599710281297133	0.000244140625
1599710281297549	-0.00390625
1599710281297549	-0.000244140625
1599710281297549	-49.0
1599710281297549	-0.00390625
1599710281297549	-0.000244140625
1599710281297556	12.25
1599710281297556	18.00048828125
1599710281297556	1.0
1599710281297556	0.00341796875
1599710281298547	-18.00048828125
1599710281298547	-1.0
1599710281298547	-0.00341796875
1599710281298556	1.0
1599710281298556	1.0
1599710281298556	0.00244140625
1599710281299549	-49.00390625
1599710281299549	-1.0
1599710281299549	-0.00244140625
1599710281299559	-0.00439453125
1599710281299569	-0.005859375
1599710281299651	-12.25
1599710281299666	-1.0
1599710281299671	0.0009765625
1599710281299671	0.000244140625
1599710281299671	0.0009765625
1599710281299671	12.25
1599710281299671	0.000244140625
1599710281299805	-12.25
1599710281299805	-0.000244140625
1599710281299805	-12.25
1599710281299805	-0.0009765625
1599710281299805	-0.000244140625
1599710281299805	-0.0009765625
1599710281299827	-1.0
1599710281299829	18.00048828125
1599710281299829	12.25
1599710281299829	2.25048828125
1599710281299829	182.25
1599710281300723	-12.25
1599710281300723	-2.25048828125
1599710281300723	-182.25
1599710281300726	2.25048828125
1599710281300726	4.0
1599710281300726	81.0
1599710281301664	-12.25
1599710281301664	-4.0
1599710281301664	-81.0
1599710281301672	-0.0009765625
1599710281301682	-0.0009765625
1599710281301763	-12.25
1599710281301785	-2.25
1599710281301787	0.0009765625
1599710281301787	0.000244140625
1599710281301787	13.5
1599710281301787	0.000244140625
1599710281301787	0.0009765625
1599710281301924	-0.0009765625
1599710281301924	-18.00048828125
1599710281301924	-0.000244140625
1599710281301924	-0.0009765625
1599710281301924	-0.000244140625
1599710281301924	-12.25
1599710281301953	-2.25048828125
1599710281301955	49.0
1599710281301955	1.0
1599710281301955	49.0
1599710281301955	0.00390625
1599710281302994	-1.0
1599710281302994	-49.0
1599710281302994	-0.00390625
1599710281303001	1.0
1599710281303001	1.0
1599710281303001	0.00390625
1599710281303989	-13.5
1599710281303989	-1.0
1599710281303989	-0.00390625
1599710281303998	-0.0009765625
1599710281304007	-0.0009765625
1599710281304300	-49.0
1599710281304319	-1.0
1599710281304633	-1.0
1599710281304635	0.005859375
1599710281304635	0.000244140625
1599710281304635	0.000244140625
1599710281304635	49.00390625
1599710281304635	0.00439453125
1599710281305052	-0.000244140625
1599710281305052	-0.000244140625
1599710281305052	-49.0
1599710281305052	-0.00390625
1599710281305052	-0.00390625
1599710281305059	20.25048828125
1599710281305059	12.25
1599710281305059	1.0
1599710281305059	0.00341796875
1599710281306051	-12.25
1599710281306051	-1.0
1599710281306051	-0.00341796875
1599710281306054	1.0
1599710281306054	1.0
1599710281306054	0.00244140625
1599710281307051	-49.00390625
1599710281307051	-1.0
1599710281307051	-0.00244140625
1599710281307060	-0.00439453125
1599710281307070	-0.005859375
1599710281307154	-12.25
1599710281307174	-1.0
1599710281307177	0.000244140625
1599710281307177	0.000244140625
1599710281307177	0.0009765625
1599710281307177	12.25
1599710281307177	0.0009765625
1599710281307312	-0.000244140625
1599710281307312	-12.25
1599710281307312	-0.000244140625
1599710281307312	-0.0009765625
1599710281307312	-20.25048828125
1599710281307312	-0.0009765625
1599710281307334	-1.0
1599710281307337	12.25
1599710281307337	20.25048828125
1599710281307337	4.0
1599710281307337	182.25
1599710281308237	-20.25048828125
1599710281308237	-4.0
1599710281308237	-182.25
1599710281308240	4.0
1599710281308240	4.00048828125
1599710281308240	81.0
1599710281309285	-12.25
1599710281309285	-4.00048828125
1599710281309285	-81.0
1599710281309295	-0.0009765625
1599710281309305	-0.0009765625
1599710281309388	-12.25
1599710281309412	-2.25
1599710281309414	0.0009765625
1599710281309414	0.000244140625
1599710281309414	12.25
1599710281309414	0.0009765625
1599710281309414	0.000244140625
1599710281309553	-12.25
1599710281309553	-0.0009765625
1599710281309553	-0.000244140625
1599710281309553	-0.0009765625
1599710281309553	-12.25
1599710281309553	-0.000244140625
1599710281309578	-4.0
1599710281309579	49.0
1599710281309579	1.0
1599710281309579	49.0
1599710281309579	0.00439453125
1599710281310606	-1.0
1599710281310606	-49.0
1599710281310606	-0.00439453125
1599710281310611	1.0
1599710281310611	1.0
1599710281310611	0.00439453125
1599710281311601	-12.25
1599710281311601	-1.0
1599710281311601	-0.00439453125
1599710281311610	-0.0009765625
1599710281311620	-0.0009765625
1599710281311913	-49.0
1599710281311928	-1.0
1599710281312238	-1.0
1599710281312241	0.00390625
1599710281312241	49.0078125
1599710281312241	0.00390625
1599710281312241	0.000244140625
1599710281312241	0.000244140625
1599710281312656	-0.00390625
1599710281312656	-0.00390625
1599710281312656	-49.0
1599710281312656	-0.000244140625
1599710281312656	-0.000244140625
1599710281312662	12.25
1599710281312662	15.501953125
1599710281312662	1.0
1599710281312662	0.00341796875
1599710281313655	-15.501953125
1599710281313655	-1.0
1599710281313655	-0.00341796875
1599710281313662	1.0
1599710281313662	1.0
1599710281313662	0.00244140625
1599710281314662	-49.0078125
1599710281314662	-1.0
1599710281314662	-0.00244140625
1599710281314671	-0.00390625
1599710281314682	-0.00390625
1599710281314766	-12.25390625
1599710281314784	-1.0
1599710281314786	12.25390625
1599710281314786	0.000244140625
1599710281314786	0.000244140625
1599710281314786	0.0009765625
1599710281314786	0.0009765625
1599710281314922	-12.25
1599710281314922	-0.0009765625
1599710281314922	-0.000244140625
1599710281314922	-0.000244140625
1599710281314922	-0.0009765625
1599710281314922	-12.25
1599710281314944	-1.0
1599710281314946	15.501953125
1599710281314946	12.25
1599710281314946	4.0
1599710281314946	182.25
1599710281315847	-12.25
1599710281315847	-4.0
1599710281315847	-182.25
1599710281315850	4.0
1599710281315850	2.25
1599710281315850	81.0
1599710281316893	-12.25390625
1599710281316893	-2.25
1599710281316893	-81.0
1599710281316903	-0.0009765625
1599710281316913	-0.0009765625
1599710281316994	-12.25
1599710281317022	-2.25
1599710281317024	0.0009765625
1599710281317024	0.000244140625
1599710281317024	0.000244140625
1599710281317024	0.0009765625
1599710281317024	12.25
1599710281317163	-0.0009765625
1599710281317163	-12.25
1599710281317163	-0.000244140625
1599710281317163	-15.501953125
1599710281317163	-0.000244140625
1599710281317163	-0.0009765625
1599710281317193	-4.0
1599710281317196	49.0
1599710281317196	49.00390625
1599710281317196	1.0
1599710281317196	0.0048828125
1599710281318237	-49.00390625
1599710281318237	-1.0
1599710281318237	-0.0048828125
1599710281318242	1.0
1599710281318242	1.001220703125
1599710281318242	0.00244140625
1599710281319232	-12.25
1599710281319232	-1.001220703125
1599710281319232	-0.00244140625
1599710281319243	-0.0009765625
1599710281319253	-0.0009765625
1599710281319567	-1.0
1599710281319859	-49.0
1599710281319876	-1.0
1599710281319877	0.00390625
1599710281319877	0.000244140625
1599710281319877	49.0
1599710281319877	0.000244140625
1599710281319877	0.005859375
1599710281320293	-0.000244140625
1599710281320293	-49.0
1599710281320293	-0.000244140625
1599710281320293	-0.00390625
1599710281320293	-0.00390625
1599710281320299	49.0
1599710281320299	0.000244140625
1599710281320299	0.000244140625
1599710281320299	0.00390625
1599710281320299	0.00390625
1599710281320719	-0.000244140625
1599710281320719	-0.00390625
1599710281320719	-0.000244140625
1599710281320719	-49.0
1599710281320719	-0.00390625
1599710281320719	-49.0
1599710281320725	98.0
1599710281320725	2.25048828125
1599710281320725	98.0
1599710281323657	-2.25048828125
1599710281323657	-98.0
1599710281323663	2.25048828125
1599710281323663	2.0
1599710281323663	0.00244140625
1599710281325609	-49.0
1599710281325609	-2.0
1599710281325609	-0.00244140625
1599710281325617	-0.005859375
1599710281325627	-0.00390625
1599710281325631	12.25
1599710281325631	15.501953125
1599710281325631	1.0
1599710281325631	0.005859375
1599710281326630	-15.501953125
1599710281326630	-1.0
1599710281326630	-0.005859375
1599710281326633	1.0
1599710281326633	1.00048828125
1599710281326633	0.00244140625
1599710281327638	-49.0
1599710281327638	-1.00048828125
1599710281327638	-0.00244140625
1599710281327649	-0.00390625
1599710281327660	-0.00390625
1599710281327683	-2.0
1599710281327768	-12.25
1599710281327783	-1.0
1599710281327805	-2.25048828125
1599710281327808	0.000244140625
1599710281327808	0.000244140625
1599710281327808	15.501953125
1599710281327808	0.0009765625
1599710281327808	0.0009765625
1599710281327948	-0.000244140625
1599710281327948	-0.000244140625
1599710281327948	-0.0009765625
1599710281327948	-12.25
1599710281327948	-12.25
1599710281327948	-0.0009765625
1599710281327971	-1.0
1599710281327973	20.25048828125
1599710281327973	12.25
1599710281327973	2.25048828125
1599710281327973	182.25
1599710281328884	-12.25
1599710281328884	-2.25048828125
1599710281328884	-182.25
1599710281328887	2.25048828125
1599710281328887	4.0
1599710281328887	122.5
1599710281329933	-15.501953125
1599710281329933	-4.0
1599710281329933	-122.5
1599710281329943	-0.0009765625
1599710281329954	-0.0009765625
1599710281330037	-12.25
1599710281330063	-2.25
1599710281330065	12.25
1599710281330065	0.000244140625
1599710281330065	0.0009765625
1599710281330065	0.0009765625
1599710281330065	0.000244140625
1599710281330211	-0.0009765625
1599710281330211	-0.000244140625
1599710281330211	-0.0009765625
1599710281330211	-12.25
1599710281330211	-20.25048828125
1599710281330211	-0.000244140625
1599710281330242	-2.25048828125
1599710281330245	147.015625
1599710281330245	98.0
1599710281330245	0.5
1599710281331466	-98.0
1599710281331466	-0.5
1599710281331469	0.5
1599710281331469	0.5
1599710281331469	0.00244140625
1599710281332070	-12.25
1599710281332070	-0.5
1599710281332070	-0.00244140625
1599710281332080	-0.0009765625
1599710281332090	-0.0009765625
1599710281332668	-147.015625
1599710281332681	-0.5
1599710281333278	-0.5
1599710281333279	0.001953125
1599710281333279	98.001953125
1599710281333279	0.000244140625
1599710281333279	0.001953125
1599710281333279	0.000244140625
1599710281334057	-98.0
1599710281334057	-0.001953125
1599710281334057	-0.000244140625
1599710281334057	-0.001953125
1599710281334057	-0.000244140625
1599710281334064	24.5
1599710281334064	32.50048828125
1599710281334064	0.25
1599710281334064	0.006591796875
1599710281335006	-32.50048828125
1599710281335006	-0.25
1599710281335006	-0.006591796875
1599710281335007	0.25
1599710281335007	0.25
1599710281335007	0.00244140625
1599710281336006	-98.001953125
1599710281336006	-0.25
1599710281336006	-0.00244140625
1599710281336015	-0.001953125
1599710281336027	-0.001953125
1599710281336175	-24.5
1599710281336191	-0.25
1599710281336192	0.000244140625
1599710281336192	24.5
1599710281336192	0.000244140625
1599710281336192	0.00048828125
1599710281336192	0.00048828125
1599710281336421	-24.5
1599710281336421	-0.000244140625
1599710281336421	-24.5
1599710281336421	-0.00048828125
1599710281336421	-0.00048828125
1599710281336421	-0.000244140625
1599710281336438	-0.25
1599710281336440	32.50048828125
1599710281336440	24.5
1599710281336440	1.0
1599710281336440	112.5
1599710281337404	-24.5
1599710281337404	-1.0
1599710281337404	-112.5
1599710281337407	1.0
1599710281337407	1.0
1599710281337407	112.5
1599710281338487	-24.5
1599710281338487	-1.0
1599710281338487	-112.5
1599710281338498	-0.00048828125
1599710281338508	-0.00048828125
1599710281338659	-24.5
1599710281338672	-0.5625
1599710281338674	24.5
1599710281338674	0.000244140625
1599710281338674	0.00048828125
1599710281338674	0.000244140625
1599710281338674	0.00048828125
1599710281338900	-0.00048828125
1599710281338900	-24.5
1599710281338900	-0.000244140625
1599710281338900	-0.000244140625
1599710281338900	-0.00048828125
1599710281338900	-32.50048828125
1599710281338920	-1.0
1599710281338922	98.0
1599710281338922	0.25
1599710281338922	98.0
1599710281338922	0.006591796875
1599710281340063	-0.25
1599710281340063	-98.0
1599710281340063	-0.006591796875
1599710281340064	0.25
1599710281340064	0.25
1599710281340064	0.00244140625
1599710281341045	-24.5
1599710281341045	-0.25
1599710281341045	-0.00244140625
1599710281341055	-0.00048828125
1599710281341065	-0.00048828125
1599710281341641	-98.0
1599710281341656	-0.25
1599710281342243	-98.0
1599710281342257	-0.25
1599710281342259	98.001953125
1599710281342259	0.000244140625
1599710281342259	0.000244140625
1599710281342259	0.001953125
1599710281342259	0.001953125
1599710281343031	-0.000244140625
1599710281343031	-0.000244140625
1599710281343031	-0.001953125
1599710281343031	-0.001953125
1599710281343031	-98.0
1599710281343040	24.5
1599710281343040	32.50048828125
1599710281343040	0.25048828125
1599710281343040	0.006591796875
1599710281343959	-32.50048828125
1599710281343959	-0.25048828125
1599710281343959	-0.006591796875
1599710281343960	0.25048828125
1599710281343960	0.25
1599710281343960	0.00244140625
1599710281344975	-98.001953125
1599710281344975	-0.25
1599710281344975	-0.00244140625
1599710281344984	-0.001953125
1599710281344995	-0.001953125
1599710281345144	-24.5
1599710281345159	-0.25
1599710281345160	24.5
1599710281345160	0.000244140625
1599710281345160	0.00048828125
1599710281345160	0.000244140625
1599710281345160	0.00048828125
1599710281345389	-0.000244140625
1599710281345389	-0.00048828125
1599710281345389	-24.5
1599710281345389	-24.5
1599710281345389	-0.00048828125
1599710281345389	-0.000244140625
1599710281345407	-0.25048828125
1599710281345409	32.50048828125
1599710281345409	24.5
1599710281345409	1.0
1599710281345409	112.5
1599710281346353	-24.5
1599710281346353	-1.0
1599710281346353	-112.5
1599710281346355	1.0
1599710281346355	1.0
1599710281346355	112.5
1599710281347445	-24.5
1599710281347445	-1.0
1599710281347445	-112.5
1599710281347454	-0.00048828125
1599710281347465	-0.00048828125
1599710281347618	-24.5
1599710281347634	-0.5625
1599710281347635	24.5
1599710281347635	0.000244140625
1599710281347635	0.00048828125
1599710281347635	0.00048828125
1599710281347635	0.000244140625
1599710281347857	-0.00048828125
1599710281347857	-0.000244140625
1599710281347857	-24.5
1599710281347857	-0.00048828125
1599710281347857	-0.000244140625
1599710281347857	-32.50048828125
1599710281347876	-1.0
1599710281347878	98.0
1599710281347878	0.25
1599710281347878	98.0
1599710281347878	0.006591796875
1599710281349018	-0.25
1599710281349018	-98.0
1599710281349018	-0.006591796875
1599710281349020	0.25
1599710281349020	0.25048828125
1599710281349020	0.00244140625
1599710281349993	-24.5
1599710281349993	-0.25048828125
1599710281349993	-0.00244140625
1599710281350002	-0.00048828125
1599710281350012	-0.00048828125
1599710281350588	-98.0
1599710281350601	-0.25
1599710281351201	-0.25
1599710281351203	0.001953125
1599710281351203	98.001953125
1599710281351203	0.000244140625
1599710281351203	0.001953125
1599710281351203	0.000244140625
1599710281351977	-0.001953125
1599710281351977	-0.001953125
1599710281351977	-0.000244140625
1599710281351977	-0.000244140625
1599710281351977	-98.0
1599710281351982	24.5
1599710281351982	32.50048828125
1599710281351982	0.25
1599710281351982	0.006591796875
1599710281352905	-32.50048828125
1599710281352905	-0.25
1599710281352905	-0.006591796875
1599710281352906	0.25
1599710281352906	0.250732421875
1599710281352906	0.00244140625
1599710281353916	-98.001953125
1599710281353916	-0.250732421875
1599710281353916	-0.00244140625
1599710281353925	-0.001953125
1599710281353936	-0.001953125
1599710281354087	-24.5
1599710281354103	-0.25
1599710281354105	0.000244140625
1599710281354105	0.00048828125
1599710281354105	0.00048828125
1599710281354105	24.5
1599710281354105	0.000244140625
1599710281354330	-0.000244140625
1599710281354330	-0.00048828125
1599710281354330	-24.5
1599710281354330	-24.5
1599710281354330	-0.000244140625
1599710281354330	-0.00048828125
1599710281354348	-0.25
1599710281354350	32.50048828125
1599710281354350	24.5
1599710281354350	1.0
1599710281354350	112.5
1599710281355287	-24.5
1599710281355287	-1.0
1599710281355287	-112.5
1599710281355290	1.0
1599710281355290	1.0
1599710281355290	112.5
1599710281356370	-24.5
1599710281356370	-1.0
1599710281356370	-112.5
1599710281356380	-0.00048828125
1599710281356391	-0.00048828125
1599710281356543	-24.5
1599710281356558	-0.5625
1599710281356559	0.00048828125
1599710281356559	24.5
1599710281356559	0.00048828125
1599710281356559	0.000244140625
1599710281356559	0.000244140625
1599710281356784	-0.00048828125
1599710281356784	-0.00048828125
1599710281356784	-32.50048828125
1599710281356784	-0.000244140625
1599710281356784	-24.5
1599710281356784	-0.000244140625
1599710281356805	-1.0
1599710281356806	98.0
1599710281356806	0.25
1599710281356806	98.0
1599710281356806	0.006591796875
1599710281357939	-0.25
1599710281357939	-98.0
1599710281357939	-0.006591796875
1599710281357941	0.25
1599710281357941	0.25
1599710281357941	0.0029296875
1599710281358917	-24.5
1599710281358917	-0.25
1599710281358917	-0.0029296875
1599710281358926	-0.00048828125
1599710281358936	-0.00048828125
1599710281359511	-98.0
1599710281359525	-0.25
1599710281360106	-98.0
1599710281360123	-0.25
1599710281360125	98.0
1599710281360125	0.000244140625
1599710281360125	0.000244140625
1599710281360125	0.001953125
1599710281360125	0.001953125
1599710281360907	-0.000244140625
1599710281360907	-0.001953125
1599710281360907	-98.0
1599710281360907	-0.001953125
1599710281360907	-0.000244140625
1599710281360913	98.0
1599710281360913	0.000244140625
1599710281360913	0.001953125
1599710281360913	0.001953125
1599710281360913	0.000244140625
1599710281361686	-0.000244140625
1599710281361686	-0.001953125
1599710281361686	-98.0
1599710281361686	-0.000244140625
1599710281361686	-98.0
1599710281361686	-0.001953125
1599710281361693	196.0
1599710281361693	0.500732421875
1599710281361693	196.0
1599710281364316	-0.500732421875
1599710281364316	-196.0
1599710281364320	0.500732421875
1599710281364320	0.56298828125
1599710281364320	0.00244140625
1599710281366352	-98.0
1599710281366352	-0.56298828125
1599710281366352	-0.00244140625
1599710281366363	-0.001953125
1599710281366372	-0.001953125
1599710281366375	24.5
1599710281366375	32.50048828125
1599710281366375	0.25
1599710281366375	0.006591796875
1599710281367289	-32.50048828125
1599710281367289	-0.25
1599710281367289	-0.006591796875
1599710281367291	0.25
1599710281367291	0.31298828125
1599710281367291	0.00390625
1599710281368282	-98.0
1599710281368282	-0.31298828125
1599710281368282	-0.00390625
1599710281368293	-0.001953125
1599710281368303	-0.001953125
1599710281368319	-0.5
1599710281368468	-24.5
1599710281368484	-0.25
1599710281368497	-0.500732421875
1599710281368498	0.000244140625
1599710281368498	0.00048828125
1599710281368498	24.5009765625
1599710281368498	0.000244140625
1599710281368498	0.00048828125
1599710281368721	-0.000244140625
1599710281368721	-0.00048828125
1599710281368721	-24.5
1599710281368721	-0.00048828125
1599710281368721	-24.5
1599710281368721	-0.000244140625
1599710281368736	-0.25
1599710281368740	24.5
1599710281368740	32.50048828125
1599710281368740	0.7509765625
1599710281368740	122.5078125
1599710281369687	-32.50048828125
1599710281369687	-0.7509765625
1599710281369687	-122.5078125
1599710281369690	0.7509765625
1599710281369690	1.0
1599710281369690	122.5078125
1599710281370774	-24.5009765625
1599710281370774	-1.0
1599710281370774	-122.5078125
1599710281370786	-0.00048828125
1599710281370796	-0.00048828125
1599710281370948	-24.5
1599710281370964	-0.5625
1599710281370966	0.00048828125
1599710281370966	0.00048828125
1599710281370966	32.50048828125
1599710281370966	0.000244140625
1599710281370966	0.000244140625
1599710281371192	-0.000732421875
1599710281371192	-0.000244140625
1599710281371192	-0.000244140625
1599710281371192	-36.7412109375
1599710281371192	-0.00048828125
1599710281371192	-24.5
1599710281371211	-0.7509765625
1599710281371212	196.0
1599710281371212	0.2490234375
1599710281371212	196.0
1599710281372725	-0.2490234375
1599710281372725	-196.0
1599710281372728	0.2490234375
1599710281372728	0.125
1599710281372728	0.00244140625
1599710281373414	-32.50048828125
1599710281373414	-0.125
1599710281373414	-0.00244140625
1599710281373423	-0.00048828125
1599710281373434	-0.00048828125
1599710281374583	-196.0
1599710281374598	-0.125
1599710281375773	-196.0
1599710281375789	-0.2490234375
1599710281375797	0.00146484375
1599710281375797	0.000244140625
1599710281375797	0.000244140625
1599710281375797	196.0
1599710281375797	0.0009765625
1599710281377373	-0.000244140625
1599710281377373	-0.000244140625
1599710281377373	-0.0009765625
1599710281377373	-196.0
1599710281377373	-0.0009765625
1599710281377375	49.0
1599710281377375	0.0625
1599710281377375	49.0
1599710281377375	0.020263671875
1599710281378357	-0.0625
1599710281378357	-49.0
1599710281378357	-0.020263671875
1599710281378360	0.0625
1599710281378360	0.0625
1599710281378360	0.0029296875
1599710281380174	-196.0
1599710281380174	-0.0625
1599710281380174	-0.0029296875
1599710281380185	-0.00146484375
1599710281380195	-0.0009765625
1599710281380484	-49.0
1599710281380497	-0.0625
1599710281380500	0.000244140625
1599710281380500	0.000244140625
1599710281380500	49.0
1599710281380500	0.000244140625
1599710281380500	0.000244140625
1599710281380939	-0.000244140625
1599710281380939	-0.000244140625
1599710281380939	-49.0
1599710281380939	-0.000244140625
1599710281380939	-49.0
1599710281380939	-0.000244140625
1599710281380955	-0.0625
1599710281380956	49.0
1599710281380956	0.249755859375
1599710281380956	49.0
1599710281380956	85.046875
1599710281382282	-0.249755859375
1599710281382282	-49.0
1599710281382282	-85.046875
1599710281382287	0.249755859375
1599710281382287	0.140625
1599710281382287	0.00537109375
1599710281384999	-49.0
1599710281384999	-0.140625
1599710281384999	-0.00537109375
1599710281385007	-0.000244140625
1599710281385017	-0.000244140625
1599710281385308	-49.0
1599710281385322	-0.140625
1599710281385324	0.000244140625
1599710281385324	0.000244140625
1599710281385324	0.000244140625
1599710281385324	0.000244140625
1599710281385324	49.0
1599710281385746	-0.000244140625
1599710281385746	-49.0
1599710281385746	-0.000244140625
1599710281385746	-49.0
1599710281385746	-0.000244140625
1599710281385746	-0.000244140625
1599710281385763	-0.249755859375
1599710281385765	196.0
1599710281385765	0.0625
1599710281385765	196.0
1599710281385765	0.020263671875
1599710281387189	-0.0625
1599710281387189	-196.0
1599710281387189	-0.020263671875
1599710281387191	0.0625
1599710281387191	0.0625
1599710281387191	0.0029296875
1599710281388685	-49.0
1599710281388685	-0.0625
1599710281388685	-0.0029296875
1599710281388695	-0.000244140625
1599710281388705	-0.000244140625
1599710281389853	-196.0
1599710281389866	-0.0625
1599710281391054	-0.0625
1599710281391057	0.0009765625
1599710281391057	0.000244140625
1599710281391057	0.00146484375
1599710281391057	196.0
1599710281391057	0.000244140625
1599710281392650	-0.000244140625
1599710281392650	-0.0009765625
1599710281392650	-0.000244140625
1599710281392650	-196.0
1599710281392650	-0.0009765625
1599710281392652	49.0
1599710281392652	0.0625
1599710281392652	49.0
1599710281392652	0.020263671875
1599710281393617	-0.0625
1599710281393617	-49.0
1599710281393617	-0.020263671875
1599710281393621	0.0625
1599710281393621	0.0625
1599710281393621	0.0029296875
1599710281395444	-196.0
1599710281395444	-0.0625
1599710281395444	-0.0029296875
1599710281395455	-0.00146484375
1599710281395466	-0.0009765625
1599710281395756	-49.0
1599710281395767	-0.0625
1599710281395770	0.000244140625
1599710281395770	0.000244140625
1599710281395770	0.000244140625
1599710281395770	49.0
1599710281395770	0.000244140625
1599710281396200	-0.000244140625
1599710281396200	-0.000244140625
1599710281396200	-0.000244140625
1599710281396200	-49.0
1599710281396200	-0.000244140625
1599710281396200	-49.0
1599710281396219	-0.0625
1599710281396221	49.0
1599710281396221	0.25
1599710281396221	49.0
1599710281396221	85.046875
1599710281397482	-0.25
1599710281397482	-49.0
1599710281397482	-85.046875
1599710281397488	0.25
1599710281397488	0.140625
1599710281397488	0.00537109375
1599710281400165	-49.0
1599710281400165	-0.140625
1599710281400165	-0.00537109375
1599710281400173	-0.000244140625
1599710281400184	-0.000244140625
1599710281400473	-49.0
1599710281400488	-0.140625
1599710281400489	0.000244140625
1599710281400489	49.0
1599710281400489	0.000244140625
1599710281400489	0.000244140625
1599710281400489	0.000244140625
1599710281400918	-49.0
1599710281400918	-49.0
1599710281400918	-0.000244140625
1599710281400918	-0.000244140625
1599710281400918	-0.000244140625
1599710281400918	-0.000244140625
1599710281400934	-0.25
1599710281400935	196.0
1599710281400935	0.0625
1599710281400935	196.0
1599710281400935	0.020263671875
1599710281402357	-0.0625
1599710281402357	-196.0
1599710281402357	-0.020263671875
1599710281402359	0.0625
1599710281402359	0.0625
1599710281402359	0.0029296875
1599710281403858	-49.0
1599710281403858	-0.0625
1599710281403858	-0.0029296875
1599710281403869	-0.000244140625
1599710281403879	-0.000244140625
1599710281405027	-196.0
1599710281405041	-0.0625
1599710281406209	-196.0
1599710281406219	-0.0625
1599710281406222	196.0
1599710281406222	0.000244140625
1599710281406222	0.00146484375
1599710281406222	0.000244140625
1599710281406222	0.0009765625
1599710281407821	-0.0009765625
1599710281407821	-0.000244140625
1599710281407821	-196.0
1599710281407821	-0.0009765625
1599710281407821	-0.000244140625
1599710281407829	0.0009765625
1599710281407829	196.0
1599710281407829	0.000244140625
1599710281407829	0.0009765625
1599710281407829	0.000244140625
1599710281409424	-0.0009765625
1599710281409424	-0.0009765625
1599710281409424	-0.000244140625
1599710281409424	-196.0
1599710281409424	-196.0
1599710281409424	-0.000244140625
1599710281409429	49.0
1599710281409429	0.0625
1599710281409429	49.0
1599710281409429	0.020263671875
1599710281410394	-0.0625
1599710281410394	-49.0
1599710281410394	-0.020263671875
1599710281410397	0.0625
1599710281410397	0.0625
1599710281410397	0.0029296875
1599710281412214	-196.0
1599710281412214	-0.0625
1599710281412214	-0.0029296875
1599710281412224	-0.00146484375
1599710281412234	-0.0009765625
1599710281412237	49.0
1599710281412237	0.0625
1599710281412237	49.0
1599710281412237	0.020263671875
1599710281413194	-0.0625
1599710281413194	-49.0
1599710281413194	-0.020263671875
1599710281413197	0.0625
1599710281413197	0.0625
1599710281413197	0.0029296875
1599710281415012	-196.0
1599710281415012	-0.0625
1599710281415012	-0.0029296875
1599710281415023	-0.0009765625
1599710281415033	-0.0009765625
1599710281415044	-0.0625
1599710281415333	-49.0
1599710281415348	-0.0625
1599710281415359	-0.0625
1599710281415361	0.000244140625
1599710281415361	0.000244140625
1599710281415361	0.000244140625
1599710281415361	0.000244140625
1599710281415361	49.0
1599710281415788	-0.000244140625
1599710281415788	-49.0
1599710281415788	-49.0
1599710281415788	-0.000244140625
1599710281415788	-0.000244140625
1599710281415788	-0.000244140625
1599710281415803	-0.0625
1599710281415806	62.572998046875
1599710281415806	49.0
1599710281415806	0.140625
1599710281415806	85.046875
1599710281417072	-49.0
1599710281417072	-0.140625
1599710281417072	-85.046875
1599710281417075	0.140625
1599710281417075	0.140625
1599710281417075	0.00537109375
1599710281419736	-49.0
1599710281419736	-0.140625
1599710281419736	-0.00537109375
1599710281419745	-0.000244140625
1599710281419755	-0.000244140625
1599710281420040	-49.0
1599710281420053	-0.140625
1599710281420056	0.000244140625
1599710281420056	0.000244140625
1599710281420056	0.000244140625
1599710281420056	49.0
1599710281420056	0.000244140625
1599710281420475	-49.0
1599710281420475	-0.000244140625
1599710281420475	-0.000244140625
1599710281420475	-62.572998046875
1599710281420475	-0.000244140625
1599710281420475	-0.000244140625
1599710281420490	-0.140625
1599710281420491	62.698486328125
1599710281420491	49.0
1599710281420491	0.015625
1599710281420491	0.020263671875
1599710281420818	-49.0
1599710281420818	-0.015625
1599710281420818	-0.020263671875
1599710281420820	0.015625
1599710281420820	0.015625
1599710281420820	0.0029296875
1599710281421738	-49.0
1599710281421738	-0.015625
1599710281421738	-0.0029296875
1599710281421747	-0.000244140625
1599710281421756	-0.000244140625
1599710281422042	-62.698486328125
1599710281422051	-0.015625
1599710281422053	196.0
1599710281424167	-49.0
1599710281424167	-49.0
1599710281424176	-0.015625
1599710281425339	-196.0
1599710281425341	0.000244140625
1599710281425341	0.000244140625
1599710281425341	0.000244140625
1599710281425341	245.0
1599710281425341	0.000244140625
1599710281427203	-0.000244140625
1599710281427203	-196.0
1599710281427203	-0.000244140625
1599710281427203	-196.0
1599710281427203	-0.000244140625
1599710281427203	-0.000244140625
1599710281427206	0.035888671875
1599710281427206	0.035888671875
1599710281427206	0.0341796875
1599710281430469	-38.7451171875
1599710281430469	-245.0
1599710281430469	-0.035888671875
1599710281430469	-0.0341796875
1599710281430474	-0.000244140625
1599710281430480	-0.000244140625
1599710281430487	-0.035888671875
1599710281430494	-0.035888671875
