1602298013676546	256
1602298013676685	256
1602298013676907	-256
1602298013676924	256
1602298013677136	256
1602298013677303	256
1602298013677367	256
1602298013677432	256
1602298013677530	-256
1602298013677642	256
1602298013677766	768
1602298013677797	256
1602298013677954	-256
1602298013678088	256
1602298013678182	-256
1602298013678202	256
1602298013678371	-256
1602298013678373	-256
1602298013678374	-256
1602298013678381	-256
1602298013678407	256
1602298013678645	-256
1602298013678669	-256
1602298013678732	-256
1602298013679885	256
1602298013679892	256
1602298013680002	-256
1602298013680030	65536
1602298013680090	256
1602298013680092	256
1602298013680150	-256
1602298013680169	131072
1602298013680227	256
1602298013680230	256
1602298013680286	-256
1602298013680304	589824
1602298013680369	256
1602298013680372	256
1602298013680430	-256
1602298013680448	147456
1602298013680498	256
1602298013680499	256
1602298013680556	-256
1602298013680573	1048576
1602298013680621	256
1602298013680623	256
1602298013680679	-256
1602298013680697	65536
1602298013680741	256
1602298013680743	256
1602298013680795	-256
1602298013680812	65536
1602298013680855	256
1602298013680887	9216
1602298013680978	-9216
1602298013680998	9437184
1602298013681050	256
1602298013681053	256
1602298013681108	-256
1602298013681128	147456
1602298013681187	111992832
1602298013681263	256
1602298013681266	256
1602298013681323	-256
1602298013681341	37632
1602298013681389	256
1602298013681438	16384
1602298013681481	256
1602298013681496	9216
1602298013681560	-9216
1602298013681579	4194304
1602298013681632	256
1602298013681678	4096
1602298013681725	256
1602298013681727	256
1602298013681780	-256
1602298013681800	147456
1602298013681850	256
1602298013681852	256
1602298013681906	-256
1602298013681923	65536
1602298013681968	256
1602298013681982	9216
1602298013682044	-9216
1602298013682063	4194304
1602298013682112	256
1602298013682114	256
1602298013682171	-256
1602298013682189	589824
1602298013682238	256
1602298013682240	256
1602298013682294	-256
1602298013682311	65536
1602298013682355	256
1602298013682358	256
1602298013682409	-256
1602298013682426	589824
1602298013682474	256
1602298013682476	256
1602298013682529	-256
1602298013682546	262144
1602298013682595	256
1602298013682597	256
1602298013682650	-256
1602298013682668	65536
1602298013682715	256
1602298013682718	256
1602298013682770	-256
1602298013682786	524288
1602298013682834	256
1602298013682836	256
1602298013682889	-256
1602298013682905	589824
1602298013682953	256
1602298013682967	9216
1602298013683030	-9216
1602298013683048	2097152
1602298013683096	256
1602298013683109	9216
1602298013683171	-9216
1602298013683189	8200192
1602298013683237	256
1602298013683239	256
1602298013683292	-256
1602298013683312	262144
1602298013683361	256
1602298013683364	256
1602298013683417	-256
1602298013683434	262144
1602298013683482	256
1602298013683484	256
1602298013683536	-256
1602298013683554	262144
1602298013683601	256
1602298013683603	256
1602298013683656	-256
1602298013683673	1048576
1602298013683719	256
1602298013683722	256
1602298013683774	-256
1602298013683791	262144
1602298013683837	256
1602298013683840	256
1602298013683893	-256
1602298013683910	262144
1602298013683960	256
1602298013683974	9216
1602298013684038	-9216
1602298013684056	2359296
1602298013684105	256
1602298013684107	256
1602298013684161	-256
1602298013684178	1048576
1602298013684225	256
1602298013684238	9216
1602298013684299	-9216
1602298013684318	2359296
1602298013684375	256
1602298013684389	9216
1602298013684452	-9216
1602298013684471	4194304
1602298013684520	256
1602298013684522	256
1602298013684584	-256
1602298013684603	524288
1602298013684651	256
1602298013684664	9216
1602298013684726	-9216
1602298013684744	2359296
1602298013684792	256
1602298013684804	9216
1602298013684866	-9216
1602298013684884	2359296
1602298013684938	256
1602298013684940	256
1602298013684993	-256
1602298013685011	262144
1602298013685059	256
1602298013685072	9216
1602298013685135	-9216
1602298013685153	2097152
1602298013685200	256
1602298013685202	256
1602298013685255	-256
1602298013685272	1048576
1602298013685319	256
1602298013685322	256
1602298013685374	-256
1602298013685390	1048576
1602298013685438	256
1602298013685451	9216
1602298013685513	-9216
1602298013685531	2359296
1602298013685577	256
1602298013685590	9216
1602298013685652	-9216
1602298013685670	2359296
1602298013685717	256
1602298013685729	9216
1602298013685791	-9216
1602298013685809	4194304
1602298013685858	256
1602298013685860	256
1602298013685913	-256
1602298013685933	1048576
1602298013685984	256
1602298013685997	9216
1602298013686060	-9216
1602298013686079	4194304
1602298013686126	256
1602298013686128	256
1602298013686182	-256
1602298013686199	1048576
1602298013686246	256
1602298013686258	9216
1602298013686321	-9216
1602298013686343	8388608
1602298013686394	256
1602298013686406	9216
1602298013686469	-9216
1602298013686487	9437184
1602298013686535	256
1602298013686537	256
1602298013686591	-256
1602298013686608	1048576
1602298013686656	256
1602298013686668	9216
1602298013686731	-9216
1602298013686749	9437184
1602298013686797	256
1602298013686799	256
1602298013686852	-256
1602298013686869	1048576
1602298013686916	256
1602298013686918	256
1602298013686970	-256
1602298013686987	1048576
1602298013687034	256
1602298013687036	256
1602298013687088	-256
1602298013687105	1048576
1602298013687164	118072832
1602298013687224	-111992832
1602298013687472	-256
1602298013687473	-256
1602298013687474	-256
1602298013687475	-256
1602298013687477	-256
1602298013687478	-256
1602298013687478	-256
1602298013687479	-256
1602298013687480	-256
1602298013687481	-256
1602298013687482	-256
1602298013687483	-256
1602298013687484	-256
1602298013687484	-256
1602298013687485	-256
1602298013687486	-256
1602298013687487	-256
1602298013687488	-256
1602298013687489	-256
1602298013687489	-256
1602298013687490	-256
1602298013687491	-256
1602298013687492	-256
1602298013687493	-256
1602298013687494	-256
1602298013687495	-256
1602298013687496	-256
1602298013687497	-256
1602298013687498	-256
1602298013687498	-256
1602298013687499	-256
1602298013687500	-256
1602298013687501	-256
1602298013687502	-256
1602298013687503	-256
1602298013687504	-256
1602298013687504	-256
1602298013687505	-256
1602298013687506	-256
1602298013687507	-256
1602298013687508	-256
1602298013687509	-256
1602298013687509	-256
1602298013687510	-256
1602298013687511	-256
1602298013687512	-256
1602298013687513	-256
1602298013687514	-256
1602298013687515	-256
1602298013687516	-256
1602298013687517	-256
1602298013687517	-256
1602298013687518	-256
1602298013687519	-256
1602298013687550	597295104
1602298013687562	37632
1602298013687657	75520
1602298013687767	-75520
1602298013687773	-37632
1602298013687881	597295104
1602298013687883	256
1602298013687884	256
1602298013687885	256
1602298013687885	256
1602298013688213	149323776
1602298013688434	597295104
1602298013688441	65536
1602298013688496	18944
1602298013688581	-18944
1602298013688584	-65536
1602298013688653	149323776
1602298013688659	16384
1602298013688712	18944
1602298013688787	-18944
1602298013688790	-16384
1602298013688871	-256
1602298013688914	-256
1602298013688932	597295104
1602298013688933	1024
1602298013688934	1024
1602298013688935	1024
1602298013688936	1024
1602298013689076	149323776
1602298013689078	256
1602298013689079	256
1602298013689080	256
1602298013689080	256
1602298013689506	149323776
1602298013689513	147456
1602298013689567	225099776
1602298013690002	-225099776
1602298013690006	-147456
1602298013690190	-1024
1602298013690230	-1024
1602298013690243	149323776
1602298013690245	256
1602298013690246	256
1602298013690247	256
1602298013690247	256
1602298013690413	-256
1602298013690455	-256
1602298013690592	597295104
1602298013690599	65536
1602298013690653	18944
1602298013690731	-18944
1602298013690735	-65536
1602298013690880	597295104
1602298013690881	1024
1602298013690882	1024
1602298013690883	1024
1602298013690884	1024
1602298013691046	-256
1602298013691090	-256
1602298013691145	-597295104
1602298013691374	149323776
1602298013691380	65536
1602298013691434	18944
1602298013691517	-18944
1602298013691520	-65536
1602298013691606	-1024
1602298013691646	-1024
1602298013691666	149323776
1602298013691668	256
1602298013691669	256
1602298013691669	256
1602298013691670	256
1602298013691928	149323776
1602298013691934	147456
1602298013691988	225099776
1602298013692384	-225099776
1602298013692388	-147456
1602298013692552	149323776
1602298013692554	256
1602298013692554	256
1602298013692555	256
1602298013692556	256
1602298013692721	-256
1602298013692764	-256
1602298013692928	597295104
1602298013692935	65536
1602298013692990	18944
1602298013693070	-18944
1602298013693074	-65536
1602298013693221	597295104
1602298013693223	1024
1602298013693223	1024
1602298013693225	1024
1602298013693226	1024
1602298013693387	-256
1602298013693429	-256
1602298013693692	149323776
1602298013693698	65536
1602298013693753	18944
1602298013693832	-18944
1602298013693835	-65536
1602298013693926	-1024
1602298013693966	-1024
1602298013693983	149323776
1602298013693984	256
1602298013693985	256
1602298013693986	256
1602298013693987	256
1602298013694248	149323776
1602298013694254	147456
1602298013694307	225099776
1602298013694695	-225099776
1602298013694699	-147456
1602298013694846	149323776
1602298013694848	256
1602298013694849	256
1602298013694850	256
1602298013694850	256
1602298013695006	-256
1602298013695053	-256
1602298013695196	597295104
1602298013695203	65536
1602298013695257	18944
1602298013695335	-18944
1602298013695339	-65536
1602298013695485	597295104
1602298013695486	1024
1602298013695487	1024
1602298013695488	1024
1602298013695489	1024
1602298013695648	-256
1602298013695690	-256
1602298013695952	298647552
1602298013695959	524288
1602298013696012	4864
1602298013696090	-4864
1602298013696093	-524288
1602298013696164	111982592
1602298013696170	131072
1602298013696225	4864
1602298013696300	-4864
1602298013696303	-131072
1602298013696383	-1024
1602298013696427	-1024
1602298013696442	298647552
1602298013696443	2048
1602298013696444	2048
1602298013696446	2048
1602298013696447	2048
1602298013696568	74661888
1602298013696569	768
1602298013696570	768
1602298013696571	512
1602298013696572	512
1602298013696969	74661888
1602298013696975	589824
1602298013697028	278552576
1602298013697195	-278552576
1602298013697200	-589824
1602298013697377	-2048
1602298013697418	-2048
1602298013697431	74661888
1602298013697432	512
1602298013697433	512
1602298013697434	512
1602298013697435	512
1602298013697595	-768
1602298013697637	-768
1602298013697770	298647552
1602298013697776	262144
1602298013697829	4864
1602298013697908	-4864
1602298013697912	-262144
1602298013698055	298647552
1602298013698057	2048
1602298013698058	2048
1602298013698059	2048
1602298013698060	2048
1602298013698220	-512
1602298013698266	-512
1602298013698311	-298647552
1602298013698547	74661888
1602298013698553	262144
1602298013698607	4864
1602298013698689	-4864
1602298013698693	-262144
1602298013698781	-2048
1602298013698821	-2048
1602298013698835	74661888
1602298013698837	768
1602298013698838	768
1602298013698839	512
1602298013698840	512
1602298013699098	74661888
1602298013699104	589824
1602298013699157	278552576
1602298013699325	-278552576
1602298013699329	-589824
1602298013699485	74663936
1602298013699487	512
1602298013699488	512
1602298013699489	512
1602298013699490	512
1602298013699650	-768
1602298013699696	-768
1602298013699834	298647552
1602298013699840	262144
1602298013699892	4864
1602298013699969	-4864
1602298013699973	-262144
1602298013700115	298647552
1602298013700116	2048
1602298013700117	2048
1602298013700118	2048
1602298013700119	2048
1602298013700274	-512
1602298013700316	-512
1602298013700602	74661888
1602298013700609	262144
1602298013700675	4864
1602298013700749	-4864
1602298013700753	-262144
1602298013700833	-2048
1602298013700875	-2048
1602298013700890	74661888
1602298013700892	768
1602298013700892	768
1602298013700894	512
1602298013700894	512
1602298013701136	74661888
1602298013701141	589824
1602298013701190	278552576
1602298013701347	-278552576
1602298013701351	-589824
1602298013701492	74661888
1602298013701493	512
1602298013701494	512
1602298013701495	512
1602298013701496	512
1602298013701644	-768
1602298013701684	-768
1602298013701817	298647552
1602298013701823	262144
1602298013701875	4864
1602298013701948	-4864
1602298013701951	-262144
1602298013702091	298647552
1602298013702092	2048
1602298013702093	2048
1602298013702095	2048
1602298013702096	2048
1602298013702247	-512
1602298013702289	-512
1602298013702532	74661888
1602298013702538	262144
1602298013702588	4864
1602298013702662	-4864
1602298013702665	-262144
1602298013702744	-2048
1602298013702782	-2048
1602298013702796	74661888
1602298013702797	768
1602298013702798	768
1602298013702799	512
1602298013702800	512
1602298013703034	74661888
1602298013703039	589824
1602298013703088	278552576
1602298013703245	-278552576
1602298013703248	-589824
1602298013703384	74661888
1602298013703386	512
1602298013703387	512
1602298013703388	512
1602298013703388	512
1602298013703540	-768
1602298013703583	-768
1602298013703712	298647552
1602298013703718	262144
1602298013703768	4864
1602298013703842	-4864
1602298013703846	-262144
1602298013703978	298647552
1602298013703979	2048
1602298013703980	2048
1602298013703981	2048
1602298013703982	2048
1602298013704133	-512
1602298013704174	-512
1602298013704450	37330944
1602298013704456	524288
1602298013704506	1280
1602298013704582	-1280
1602298013704586	-524288
1602298013704641	149323776
1602298013704646	2097152
1602298013704698	1280
1602298013704767	-1280
1602298013704770	-2097152
1602298013704831	-2048
1602298013704871	-2048
1602298013704883	37330944
1602298013704884	1024
1602298013704885	1024
1602298013704886	1024
1602298013704887	1024
1602298013704999	149323776
1602298013705000	4096
1602298013705001	4096
1602298013705002	4096
1602298013705003	4096
1602298013705321	37330944
1602298013705327	2359296
1602298013705379	235929600
1602298013705506	-235929600
1602298013705509	-2359296
1602298013705725	37330944
1602298013705726	1024
1602298013705728	1024
1602298013705728	1024
1602298013705729	1024
1602298013705878	-1024
1602298013705920	-1024
1602298013705957	-4096
1602298013705994	-4096
1602298013706124	149323776
1602298013706129	1048576
1602298013706178	1280
1602298013706252	-1280
1602298013706255	-1048576
1602298013706390	149323776
1602298013706391	4096
1602298013706392	4096
1602298013706393	4096
1602298013706394	4096
1602298013706545	-1024
1602298013706585	-1024
1602298013706627	-149323776
1602298013706838	37330944
1602298013706844	1048576
1602298013706895	1280
1602298013706968	-1280
1602298013706971	-1048576
1602298013707051	-4096
1602298013707089	-4096
1602298013707102	37330944
1602298013707103	1024
1602298013707104	1024
1602298013707105	1024
1602298013707106	1024
1602298013707346	37330944
1602298013707353	2359296
1602298013707404	235929600
1602298013707516	-235929600
1602298013707520	-2359296
1602298013707651	37330944
1602298013707653	1024
1602298013707654	1024
1602298013707655	1024
1602298013707656	1024
1602298013707804	-1024
1602298013707843	-1024
1602298013708004	149323776
1602298013708010	1048576
1602298013708061	1280
1602298013708134	-1280
1602298013708138	-1048576
1602298013708269	149323776
1602298013708270	4096
1602298013708271	4096
1602298013708272	4096
1602298013708273	4096
1602298013708440	-1024
1602298013708481	-1024
1602298013708729	37330944
1602298013708735	1048576
1602298013708786	2048
1602298013708877	-2048
1602298013708880	-1048576
1602298013708964	-4096
1602298013709002	-4096
1602298013709015	37330944
1602298013709016	1024
1602298013709017	1024
1602298013709018	1024
1602298013709018	1024
1602298013709260	37330944
1602298013709266	2359296
1602298013709330	235929600
1602298013709445	-235929600
1602298013709449	-2359296
1602298013709588	37330944
1602298013709590	1024
1602298013709591	1024
1602298013709591	1024
1602298013709592	1024
1602298013709744	-1024
1602298013709784	-1024
1602298013709914	149323776
1602298013709920	1048576
1602298013709970	1280
1602298013710044	-1280
1602298013710048	-1048576
1602298013710181	149323776
1602298013710182	4096
1602298013710183	4096
1602298013710184	4096
1602298013710185	4096
1602298013710333	-1024
1602298013710372	-1024
1602298013710617	37330944
1602298013710623	1048576
1602298013710673	2048
1602298013710747	-2048
1602298013710750	-1048576
1602298013710831	-4096
1602298013710874	-4096
1602298013710889	37330944
1602298013710890	1024
1602298013710891	1024
1602298013710892	1024
1602298013710893	1024
1602298013711134	37330944
1602298013711140	2359296
1602298013711190	235929600
1602298013711304	-235929600
1602298013711308	-2359296
1602298013711440	37330944
1602298013711441	1024
1602298013711442	1024
1602298013711443	1024
1602298013711444	1024
1602298013711596	-1024
1602298013711636	-1024
1602298013711771	149323776
1602298013711777	1048576
1602298013711827	1280
1602298013711902	-1280
1602298013711905	-1048576
1602298013712041	149323776
1602298013712042	4096
1602298013712043	4096
1602298013712044	4096
1602298013712045	4096
1602298013712194	-1024
1602298013712234	-1024
1602298013715428	37330944
1602298013715434	1048576
1602298013715484	2048
1602298013716258	-2048
1602298013716261	-1048576
1602298013716828	-4096
1602298013716867	-4096
1602298013716879	37330944
1602298013716880	1024
1602298013716881	1024
1602298013716882	1024
1602298013716882	1024
1602298013717117	37330944
1602298013717123	2359296
1602298013719895	235929600
1602298013723152	-235929600
1602298013723156	-2359296
1602298013726544	37330944
1602298013726546	1024
1602298013726546	1024
1602298013726547	1024
1602298013726548	1024
1602298013726689	-1024
1602298013728847	-1024
1602298013728973	149323776
1602298013728979	1048576
1602298013729026	1280
1602298013731467	-1280
1602298013731471	-1048576
1602298013732891	149323776
1602298013732892	4096
1602298013732893	4096
1602298013732894	4096
1602298013732895	4096
1602298013733048	-1024
1602298013733086	-1024
1602298013737524	37330944
1602298013737530	1048576
1602298013738088	2048
1602298013738156	-2048
1602298013738159	-1048576
1602298013738235	-4096
1602298013738270	-4096
1602298013738282	37330944
1602298013738283	1024
1602298013738283	1024
1602298013738284	1024
1602298013738285	1024
1602298013741202	37330944
1602298013741207	2359296
1602298013744424	235929600
1602298013747819	-235929600
1602298013747823	-2359296
1602298013752257	37330944
1602298013752258	1024
1602298013752259	1024
1602298013752260	1024
1602298013752260	1024
1602298013752451	-1024
1602298013752490	-1024
1602298013752779	149323776
1602298013752784	1048576
1602298013752833	1280
1602298013754232	-1280
1602298013754235	-1048576
1602298013754377	149323776
1602298013754377	4096
1602298013754378	4096
1602298013754379	4096
1602298013754380	4096
1602298013754521	-1024
1602298013757903	-1024
1602298013759422	74661888
1602298013759427	8388608
1602298013759474	768
1602298013759539	-768
1602298013759542	-8388608
1602298013759588	18665472
1602298013759593	2097152
1602298013762454	768
1602298013765793	-768
1602298013765795	-2097152
1602298013765879	-4096
1602298013769167	-4096
1602298013769183	74661888
1602298013769184	8192
1602298013769185	8192
1602298013769186	8192
1602298013769187	8192
1602298013769285	18665472
1602298013769286	2048
1602298013769287	2048
1602298013769288	2048
1602298013769288	2048
1602298013776537	18665472
1602298013776541	9437184
1602298013776585	150994944
1602298013779882	-150994944
1602298013779885	-9437184
1602298013780214	-8192
1602298013780245	-8192
1602298013780259	18665472
1602298013780260	2048
1602298013780260	2048
1602298013780261	2048
1602298013780262	2048
1602298013780387	-2048
1602298013780423	-2048
1602298013782809	74661888
1602298013782813	4194304
1602298013782854	768
1602298013782912	-768
1602298013782914	-4194304
1602298013783325	74661888
1602298013783326	10240
1602298013783327	8192
1602298013783327	8192
1602298013783328	8192
1602298013783631	-2048
1602298013783672	-2048
1602298013783708	-74661888
1602298013787902	18665472
1602298013787906	4194304
1602298013787945	768
1602298013789595	-768
1602298013789598	-4194304
1602298013789668	-10240
1602298013790759	-8192
1602298013790772	18665472
1602298013790773	2048
1602298013790773	2048
1602298013790774	2048
1602298013790774	2048
1602298013790966	18665472
1602298013790971	18673664
1602298013793294	150994944
1602298013794044	-150994944
1602298013794047	-18673664
1602298013794163	18673664
1602298013794164	2048
1602298013794165	2048
1602298013794166	2048
1602298013794167	2048
1602298013796577	-2048
1602298013796613	-2048
1602298013797336	74661888
1602298013797340	4194304
1602298013797378	768
1602298013797431	-768
1602298013797433	-4194304
1602298013800014	74661888
1602298013800015	8192
1602298013800016	8192
1602298013800017	8192
1602298013800018	8192
1602298013800123	-2048
1602298013801627	-2048
1602298013804542	18665472
1602298013804546	4194304
1602298013804585	768
1602298013804638	-768
1602298013804640	-4194304
1602298013807018	-8192
1602298013807051	-8192
1602298013807065	18665472
1602298013807066	2048
1602298013807066	2048
1602298013807067	2048
1602298013807067	2048
1602298013807822	18665472
1602298013807826	9437184
1602298013807863	150994944
1602298013810744	-150994944
1602298013810747	-9437184
1602298013811064	18665472
1602298013811065	2048
1602298013811066	2048
1602298013811066	2048
1602298013811067	2048
1602298013811169	-2048
1602298013811197	-2048
1602298013813752	74661888
1602298013813755	4194304
1602298013813791	768
1602298013815316	-768
1602298013815318	-4194304
1602298013817031	74661888
1602298013817032	10240
1602298013817033	8192
1602298013817034	8192
1602298013817034	8192
1602298013817134	-2048
1602298013818185	-2048
1602298013821437	-10240
1602298013821467	-8192
1602298013821479	1523712
1602298013821551	744960
1602298013821706	768
1602298013821708	768
1602298013824808	-768
1602298013824815	-768
1602298013824875	256
1602298013827424	-768
1602298013827436	4096
1602298013827485	1523712
1602298013827567	8200192
1602298013829072	-1523712
1602298013829073	-744960
1602298013829153	-4096
1602298013830771	-8200192
1602298013830808	-256
1602298013830848	-4096
1602298013830859	74661888
1602298013831967	-1523712
1602298013832003	-8200192
1602298013832089	-74661888
1602298013832110	74670080
1602298013832110	10240
1602298013832111	8192
1602298013832112	256
1602298013832142	256
1602298013833441	-74661888
1602298013833442	-8192
1602298013833443	-8192
1602298013833444	-256
1602298013833445	-256
1602298013833541	18665472
1602298013833549	8192256
1602298013833578	18665472
1602298013833601	4096
1602298013839564	-18665472
1602298013839567	-4096
1602298013839568	-8192256
1602298013839594	8192256
1602298013839603	4194304
1602298013839621	4096
1602298013839740	-4096
1602298013839742	-4194304
1602298013839750	-74670080
1602298013839792	-10240
1602298013839980	-8192
1602298013840018	-18665472
1602298013841791	-4194304
1602298013841803	18665472
1602298013841804	2048
1602298013841804	2048
1602298013841805	256
1602298013842120	256
1602298013842176	-18665472
1602298013842177	-18665472
1602298013842178	-2048
1602298013842179	-2048
1602298013842180	-256
1602298013842181	-256
1602298013842226	-8192256
1602298013842238	18665472
1602298013842243	9437184
1602298013842408	18665472
1602298013842422	150994944
1602298013842588	-18665472
1602298013842589	-150994944
1602298013842591	-9437184
1602298013842614	9437184
1602298013842620	18665472
1602298013842635	147456000
1602298013845164	-147456000
1602298013845167	-18665472
1602298013845174	-18665472
1602298013845218	-2048
1602298013845247	-2048
1602298013846093	-18665472
1602298013846123	-9437184
1602298013846135	18665472
1602298013846135	2048
1602298013846136	2048
1602298013846136	256
1602298013846934	256
1602298013846990	-18665472
1602298013846992	-18665472
1602298013846992	-2048
1602298013846993	-2048
1602298013846994	-256
1602298013846995	-256
1602298013847539	-9437184
1602298013847550	74661888
1602298013847555	4194304
1602298013847579	124009984
1602298013847593	4096
1602298013847660	-74661888
1602298013847662	-4096
1602298013847662	-4194304
1602298013847686	4194304
1602298013847693	8200448
1602298013847705	4096
1602298013850651	-4096
1602298013850653	-8200448
1602298013850660	-18665472
1602298013850704	-2048
1602298013850734	-2048
1602298013851018	-124009984
1602298013851052	-4194304
1602298013852823	-74661888
1602298013853149	-4194304
1602298013853161	74678272
1602298013853162	8192
1602298013853163	8192
1602298013853164	256
1602298013853183	256
1602298013853458	-74661888
1602298013853459	-8192
1602298013853459	-8192
1602298013853461	-256
1602298013853461	-256
1602298013853480	18665472
1602298013853485	4194304
1602298013853509	18665472
1602298013853523	4096
1602298013853634	-18665472
1602298013853636	-4096
1602298013853637	-4194304
1602298013853660	4194304
1602298013853666	8200448
1602298013853679	4096
1602298013857067	-4096
1602298013857070	-8200448
1602298013857077	-74678272
1602298013857120	-8192
1602298013857150	-8192
1602298013857937	-18673664
1602298013857968	-4194304
1602298013857980	18665472
1602298013857980	2048
1602298013857981	2048
1602298013857981	256
1602298013858001	256
1602298013858571	-18665472
1602298013858573	-18665472
1602298013858573	-2048
1602298013858574	-2048
1602298013858576	-256
1602298013858576	-256
1602298013858619	-4194304
1602298013858628	18665472
1602298013858633	9437440
1602298013858655	18673664
1602298013858669	150994944
1602298013861626	-18665472
1602298013861628	-150994944
1602298013861629	-9437440
1602298013861652	9437440
1602298013861658	18665472
1602298013861672	147456000
1602298013862041	-147456000
1602298013862044	-18665472
1602298013862050	-18665472
1602298013863815	-2048
1602298013864142	-2048
1602298013864174	-18665472
1602298013864202	-9437184
1602298013864213	18665472
1602298013864213	2048
1602298013864214	2048
1602298013864214	256
1602298013864410	256
1602298013864578	-18673664
1602298013864579	-18665472
1602298013864580	-2048
1602298013864580	-2048
1602298013864581	-256
1602298013864582	-256
1602298013864626	-9437440
1602298013864636	74661888
1602298013864641	4194304
1602298013864665	74661888
1602298013864678	4096
1602298013867147	-74661888
1602298013867149	-4096
1602298013867150	-4194304
1602298013867174	4194304
1602298013867180	4194304
1602298013867193	4096
1602298013868900	-4096
1602298013868902	-4194304
1602298013868909	-18665472
1602298013868951	-2048
1602298013868982	-2048
1602298013869504	-74661888
1602298013869533	-4194304
1602298013869565	-74661888
1602298013869596	-4194304
1602298013869605	74663936
1602298013869605	10240
1602298013869606	8192
1602298013869607	256
1602298013869626	256
1602298013872024	-74661888
1602298013872025	-8192
1602298013872026	-8192
1602298013872027	-256
1602298013872028	-256
1602298013872045	74661888
1602298013872046	8192
1602298013872046	8192
1602298013872047	256
1602298013872246	256
1602298013872437	-74661888
1602298013872439	-74661888
1602298013872440	-8192
1602298013872440	-8192
1602298013872441	-256
1602298013872442	-256
1602298013872461	149323776
1602298013872466	9437440
1602298013872491	149323776
1602298013872824	-149323776
1602298013872826	-9437440
1602298013872850	9437440
1602298013872857	9437696
1602298013872871	4096
1602298013875141	-4096
1602298013875143	-9437696
1602298013875150	-74663936
1602298013875191	-10240
1602298013875220	-8192
1602298013875232	18665472
1602298013875237	4194304
1602298013875323	18665472
1602298013875336	4096
1602298013875399	-18665472
1602298013875401	-4096
1602298013875401	-4194304
1602298013875423	4194304
1602298013875429	4194304
1602298013875442	4096
1602298013878786	-4096
1602298013878788	-4194304
1602298013878795	-74661888
1602298013878834	-8192
1602298013879630	-8192
1602298013879661	-8388608
1602298013879691	-18665472
1602298013880231	-4194304
1602298013880266	-9437440
1602298013880273	18665472
1602298013880274	2048
1602298013880274	2048
1602298013880275	256
1602298013880295	256
1602298013880360	-18665472
1602298013880361	-18665472
1602298013880362	-2048
1602298013880363	-2048
1602298013880364	-256
1602298013880364	-256
1602298013882939	-4194304
1602298013882949	18665472
1602298013882954	9437440
1602298013882978	18665472
1602298013882992	186654720
1602298013883390	-18665472
1602298013883392	-186654720
1602298013883393	-9437440
1602298013883417	9437440
1602298013883423	17826560
1602298013883437	186654720
1602298013885841	-186654720
1602298013885843	-17826560
1602298013885850	-18665472
1602298013885893	-2048
1602298013886112	-2048
1602298013886145	-18665472
1602298013886270	-9437184
1602298013886282	18665472
1602298013886282	2048
1602298013886283	2048
1602298013886283	256
1602298013886331	256
1602298013886386	-18665472
1602298013886388	-18665472
1602298013886388	-2048
1602298013886389	-2048
1602298013886391	-256
1602298013886391	-256
1602298013886432	-9437440
1602298013886440	261349376
1602298013886445	2097152
1602298013888842	149323776
1602298013889734	-261349376
1602298013889736	-2097152
1602298013889763	2097152
1602298013889769	2097152
1602298013889783	4096
1602298013890623	-4096
1602298013890625	-2097152
1602298013890632	-18665472
1602298013891191	-2048
1602298013891221	-2048
1602298013891250	-149323776
1602298013891279	-2097152
1602298013891307	-149323776
1602298013893879	-2097152
1602298013893890	149327872
1602298013893891	4096
1602298013893891	4096
1602298013893892	256
1602298013893913	256
1602298013894193	-149323776
1602298013894194	-4096
1602298013894194	-4096
1602298013894196	-256
1602298013894197	-256
1602298013894216	37330944
1602298013894221	1048576
1602298013894304	37330944
1602298013894318	3584
1602298013894386	-37330944
1602298013894388	-3584
1602298013894389	-1048576
1602298013894412	1048576
1602298013894418	1049088
1602298013894432	2560
1602298013896830	-2560
1602298013896833	-1049088
1602298013896840	-149327872
1602298013897083	-4096
1602298013897117	-4096
1602298013897159	-37330944
1602298013897264	-1048576
1602298013897276	37330944
1602298013897277	1024
1602298013897277	1024
1602298013897278	256
1602298013897306	256
1602298013897380	-37330944
1602298013897381	-37330944
1602298013897382	-1024
1602298013897383	-1024
1602298013897384	-256
1602298013897384	-256
1602298013897429	-1048576
1602298013897444	37330944
1602298013897449	4194304
1602298013897474	37330944
1602298013897488	263061504
1602298013900767	-37330944
1602298013900769	-263061504
1602298013900771	-4194304
1602298013900800	4194304
1602298013900806	4194304
1602298013900821	256745472
1602298013902219	-256745472
1602298013902222	-4194304
1602298013902229	-37330944
1602298013902276	-1024
1602298013902322	-1024
1602298013902359	-37330944
1602298013907074	-2359296
1602298013907087	37330944
1602298013907087	1024
1602298013907088	1024
1602298013907088	256
1602298013907117	256
1602298013907188	-37330944
1602298013907190	-37330944
1602298013907191	-1024
1602298013907191	-1024
1602298013907192	-256
1602298013907193	-256
1602298013908478	-4194304
1602298013908490	149323776
1602298013908495	1048832
1602298013908520	149323776
1602298013908534	4096
1602298013909093	-149323776
1602298013909095	-4096
1602298013909096	-1048832
1602298013909120	1048832
1602298013909127	1048576
1602298013909141	4096
1602298013909256	-4096
1602298013909258	-1048576
1602298013909266	-37330944
1602298013909302	-1024
1602298013909338	-1024
1602298013909374	-149323776
1602298013909599	-1048576
1602298013909704	-149323776
1602298013911447	-1048832
1602298013911457	149327872
1602298013911458	4096
1602298013911458	4096
1602298013911459	256
1602298013911680	256
1602298013911757	-149323776
1602298013911759	-4096
1602298013911759	-4096
1602298013911761	-256
1602298013911762	-256
1602298013911781	37330944
1602298013911786	1048832
1602298013911812	37330944
1602298013911826	3584
1602298013911900	-37330944
1602298013911902	-3584
1602298013911903	-1048832
1602298013911926	1048832
1602298013911933	1048576
1602298013911946	2560
1602298013912061	-2560
1602298013912063	-1048576
1602298013912071	-149327872
1602298013912110	-4096
1602298013912143	-4096
1602298013914584	-37330944
1602298013914618	-1048576
1602298013914634	37330944
1602298013914635	1024
1602298013914635	1024
1602298013914636	256
1602298013914658	256
1602298013915096	-37330944
1602298013915098	-37330944
1602298013915099	-1024
1602298013915099	-1024
1602298013915101	-256
1602298013915101	-256
1602298013915156	-1048832
1602298013915165	37330944
1602298013915171	4194304
1602298013915194	37330944
1602298013915213	263061504
1602298013915797	-37330944
1602298013915799	-263061504
1602298013915800	-4194304
1602298013915824	4194304
1602298013915830	4194304
1602298013915844	256745472
1602298013918513	-256745472
1602298013918516	-4194304
1602298013918524	-37330944
1602298013918565	-1024
1602298013918651	-1024
1602298013918730	-37330944
1602298013918763	-2359296
1602298013918778	37330944
1602298013918778	1024
1602298013918779	1024
1602298013918779	256
1602298013918800	256
1602298013918929	-37330944
1602298013918930	-37330944
1602298013918931	-1024
1602298013918932	-1024
1602298013918933	-256
1602298013918933	-256
1602298013919137	-4194304
1602298013919149	149323776
1602298013919154	1048576
1602298013919239	149323776
1602298013919253	4096
1602298013921244	-149323776
1602298013921246	-4096
1602298013921247	-1048576
1602298013921274	1048576
1602298013921280	1049088
1602298013921294	4096
1602298013921482	-4096
1602298013921484	-1049088
1602298013921491	-37330944
1602298013921532	-1024
1602298013921568	-1024
1602298013921599	-149323776
1602298013921634	-1048576
1602298013924133	-149323776
1602298013924166	-1048576
1602298013924181	149327872
1602298013924182	4096
1602298013924182	4096
1602298013924183	256
1602298013924204	256
1602298013924652	-149323776
1602298013924653	-4096
1602298013924654	-4096
1602298013924656	-256
1602298013924656	-256
1602298013924675	37330944
1602298013924680	1048576
1602298013924713	37330944
1602298013924727	3584
1602298013925053	-37330944
1602298013925055	-3584
1602298013925056	-1048576
1602298013925081	1048576
1602298013925087	1049088
1602298013925100	2560
1602298013925423	-2560
1602298013925425	-1049088
1602298013925432	-149327872
1602298013925479	-4096
1602298013928063	-4096
1602298013928095	-37330944
1602298013928130	-1048576
1602298013928141	37330944
1602298013928141	1024
1602298013928142	1024
1602298013928142	256
1602298013928221	256
1602298013928362	-37330944
1602298013928364	-37330944
1602298013928364	-1024
1602298013928365	-1024
1602298013928366	-256
1602298013928367	-256
1602298013928414	-1048576
1602298013928430	37330944
1602298013928435	4194304
1602298013928460	37330944
1602298013928473	263061504
1602298013930546	-37330944
1602298013930548	-263061504
1602298013930549	-4194304
1602298013930578	4194304
1602298013930584	4194304
1602298013930598	256745472
1602298013930956	-256745472
1602298013930958	-4194304
1602298013930966	-37330944
1602298013931018	-1024
1602298013931052	-1024
1602298013931083	-37330944
1602298013931119	-2359296
1602298013931131	37330944
1602298013931132	1024
1602298013931132	1024
1602298013931133	256
1602298013931160	256
1602298013931230	-37330944
1602298013931231	-37330944
1602298013931233	-1024
1602298013931233	-1024
1602298013931234	-256
1602298013931235	-256
1602298013935832	-4194304
1602298013935846	149323776
1602298013935852	1048576
1602298013935884	149323776
1602298013935898	4096
1602298013935982	-149323776
1602298013935984	-4096
1602298013935985	-1048576
1602298013936010	1048576
1602298013936016	1049088
1602298013936030	4096
1602298013936147	-4096
1602298013936149	-1049088
1602298013936156	-37330944
1602298013936203	-1024
1602298013936234	-1024
1602298013936271	-149323776
1602298013936306	-1048576
1602298013936340	-149323776
1602298013936387	-1048576
1602298013936398	149327872
1602298013936399	4096
1602298013936399	4096
1602298013936400	256
1602298013936428	256
1602298013936505	-149323776
1602298013936507	-4096
1602298013936507	-4096
1602298013936509	-256
1602298013936509	-256
1602298013936529	37330944
1602298013936534	1048576
1602298013936562	37330944
1602298013936576	3584
1602298013936649	-37330944
1602298013936652	-3584
1602298013936653	-1048576
1602298013936677	1048576
1602298013936683	1049088
1602298013936697	2560
1602298013936808	-2560
1602298013936811	-1049088
1602298013936817	-149327872
1602298013936858	-4096
1602298013936892	-4096
1602298013936928	-37330944
1602298013936957	-1048576
1602298013936970	47713792
1602298013936971	1024
1602298013936971	1024
1602298013936972	256
1602298013936992	256
1602298013937064	-37330944
1602298013937066	-37330944
1602298013937067	-1024
1602298013937067	-1024
1602298013937069	-256
1602298013937070	-256
1602298013937120	-1048576
1602298013937131	37330944
1602298013937136	2359808
1602298013937165	37330944
1602298013937179	263061504
1602298013937873	-37330944
1602298013937875	-263061504
1602298013937877	-2359808
1602298013937901	2359808
1602298013937907	4194304
1602298013937921	256745472
1602298013938613	-256745472
1602298013938616	-4194304
1602298013938623	-47713792
1602298013938628	-256
1602298013941443	-1024
1602298013941482	-1024
1602298013941518	-37330944
1602298013941549	-2359296
1602298013941563	37330944
1602298013941564	1024
1602298013941564	1024
1602298013941565	256
1602298013944258	256
1602298013944378	-37330944
1602298013944380	-37330944
1602298013944380	-1024
1602298013944381	-1024
1602298013944383	-256
1602298013944383	-256
1602298013944435	-2359808
1602298013944448	149323776
1602298013944455	1048576
1602298013944533	149323776
1602298013944548	4096
1602298013944614	-149323776
1602298013944616	-4096
1602298013944617	-1048576
1602298013944642	1048576
1602298013944649	1049088
1602298013944662	4096
1602298013945089	-4096
1602298013945091	-1049088
1602298013945098	-37330944
1602298013945200	-1024
1602298013946947	-1024
1602298013947186	-149323776
1602298013947370	-1048576
1602298013947533	-149323776
1602298013949166	-1048576
1602298013949182	149327872
1602298013949183	4096
1602298013949183	4096
1602298013949184	256
1602298013949261	256
1602298013949619	-149323776
1602298013949621	-4096
1602298013949621	-4096
1602298013949623	-256
1602298013949624	-256
1602298013949643	47713792
1602298013949648	1049088
1602298013949676	37330944
1602298013949696	3584
1602298013949768	-47713792
1602298013949770	-3584
1602298013949771	-1049088
1602298013949795	1049088
1602298013949802	1048576
1602298013949815	2560
1602298013950016	-2560
1602298013950018	-1048576
1602298013950025	-149327872
1602298013950089	-4096
1602298013950120	-4096
1602298013950155	-37330944
1602298013952820	-1048576
1602298013952832	37330944
1602298013952832	1024
1602298013952833	1024
1602298013952833	256
1602298013952859	256
1602298013952931	-37330944
1602298013952933	-37330944
1602298013952934	-1024
1602298013952934	-1024
1602298013952936	-256
1602298013952936	-256
1602298013956032	-1049088
1602298013956042	37330944
1602298013956052	4194304
1602298013956083	47713792
1602298013956097	263061504
1602298013956560	-37330944
1602298013956562	-263061504
1602298013956564	-4194304
1602298013956589	4194304
1602298013956596	4194304
1602298013956616	256745472
1602298013957650	-256745472
1602298013957653	-4194304
1602298013957660	-37330944
1602298013957711	-1024
1602298013957743	-1024
1602298013957780	-37330944
1602298013960565	-2359296
1602298013960577	37330944
1602298013960578	1024
1602298013960578	1024
1602298013960579	256
1602298013960606	256
1602298013960677	-47713792
1602298013960679	-37330944
1602298013960679	-1024
1602298013960680	-1024
1602298013960681	-256
1602298013960681	-256
1602298013960734	-4194304
1602298013960746	149323776
1602298013960751	1049088
1602298013963365	149323776
1602298013963378	4096
1602298013963464	-149323776
1602298013963466	-4096
1602298013963467	-1049088
1602298013963491	1049088
1602298013963497	1048576
1602298013963510	4096
1602298013963765	-4096
1602298013963767	-1048576
1602298013963775	-37330944
1602298013963814	-1024
1602298013963929	-1024
1602298013964189	-149323776
1602298013964299	-1048576
1602298013966033	-149323776
1602298013966268	-1049088
1602298013966278	149323776
1602298013966279	4096
1602298013966280	4096
1602298013966280	256
1602298013966444	256
1602298013966655	-149323776
1602298013966656	-4096
1602298013966657	-4096
1602298013966658	-256
1602298013966659	-256
1602298013966677	149323776
1602298013966678	4096
1602298013966679	4096
1602298013966680	256
1602298013968312	256
1602298013968462	-149323776
1602298013968464	-149323776
1602298013968464	-4096
1602298013968467	-4096
1602298013968468	-256
1602298013968469	-256
1602298013968491	298647552
1602298013968497	2097152
1602298013968715	298647552
1602298013968809	-298647552
1602298013968811	-2097152
1602298013968837	2097152
1602298013968843	2097152
1602298013968857	2560
1602298013968974	-2560
1602298013968977	-2097152
1602298013968984	-149323776
1602298013969107	-4096
1602298013969168	-4096
1602298013969177	50860032
1602298013969183	1048576
1602298013969230	37330944
1602298013969243	4096
1602298013971949	-50860032
1602298013971951	-4096
1602298013971952	-1048576
1602298013971975	1048576
1602298013971981	1048576
1602298013971994	4096
1602298013975205	-4096
1602298013975207	-1048576
1602298013975214	-149323776
1602298013975254	-4096
1602298013975289	-4096
1602298013975650	-2097152
1602298013975687	-37330944
1602298013976110	-1048576
1602298013976141	-2097152
1602298013976154	37331968
1602298013976155	1024
1602298013976155	1024
1602298013976156	256
1602298013976177	256
1602298013976249	-37330944
1602298013976251	-37330944
1602298013976252	-1024
1602298013976253	-1024
1602298013976254	-256
1602298013976255	-256
1602298013976809	-1048576
1602298013976822	50860032
1602298013976828	4194304
1602298013976859	37330944
1602298013976874	263061504
1602298013977826	-50860032
1602298013977828	-263061504
1602298013977829	-4194304
1602298013977852	4194304
1602298013977858	4194304
1602298013977872	256745472
1602298013991058	-256745472
1602298013991071	-4194304
1602298013991109	-37331968
1602298013991243	-1024
1602298013991312	-1024
1602298013991382	-37330944
1602298013991440	-2359296
1602298013991472	50860032
1602298013991474	1024
1602298013991475	1024
1602298013991476	256
1602298013991514	256
1602298013994121	-37330944
1602298013994124	-37330944
1602298013994125	-1024
1602298013994127	-1024
1602298013994130	-256
1602298013994131	-256
1602298013994232	-4194304
1602298013994258	298647552
1602298013994274	524288
1602298013994335	298647552
1602298013996810	-298647552
1602298013996814	-524288
1602298013996874	524288
1602298013996891	524288
1602298013996922	4096
1602298013997113	-4096
1602298013997117	-524288
1602298013997129	-50860032
1602298013997210	-1024
1602298013997263	-1024
1602298013997323	-298647552
1602298013997381	-524288
1602298013997435	-298647552
1602298013997494	-524288
1602298013997518	298649600
1602298013997519	2048
1602298013997520	2048
1602298013997521	256
1602298013997556	256
1602298013997833	-298647552
1602298013997836	-2048
1602298013997837	-2048
1602298013997841	-256
1602298013997842	-256
1602298013997891	74661888
1602298013997901	262144
1602298013997946	74661888
1602298013997972	6912
1602298014000003	-74661888
1602298014000007	-6912
1602298014000009	-262144
1602298014000050	262144
1602298014000061	262144
1602298014000086	2560
1602298014002303	-2560
1602298014002307	-262144
1602298014002319	-298649600
1602298014002520	-2048
1602298014002602	-2048
1602298014002673	-74661888
1602298014002731	-262144
1602298014002755	74661888
1602298014002757	768
1602298014002759	512
1602298014002760	256
1602298014002799	256
1602298014002942	-74661888
1602298014002947	-74661888
1602298014002948	-512
1602298014002950	-512
1602298014002952	-256
1602298014002953	-256
1602298014003044	-262144
1602298014003067	74661888
1602298014003077	1048576
1602298014003121	74661888
1602298014003149	278552576
1602298014003374	-74661888
1602298014003378	-278552576
1602298014003381	-1048576
1602298014003434	1048576
1602298014003446	1049088
1602298014003472	338337792
1602298014006481	-338337792
1602298014006486	-1049088
1602298014006500	-74661888
1602298014006586	-768
1602298014006642	-512
1602298014007345	-74661888
1602298014007407	-589824
1602298014007425	74661888
1602298014007426	768
1602298014007427	512
1602298014007428	256
1602298014008215	256
1602298014008343	-74661888
1602298014008346	-74661888
1602298014008347	-512
1602298014008348	-512
1602298014008370	-256
1602298014008371	-256
1602298014008463	-1048576
1602298014008482	298647552
1602298014008492	262144
1602298014008534	298647552
1602298014008560	6912
1602298014009498	-298647552
1602298014009503	-6912
1602298014009505	-262144
1602298014009547	262144
1602298014009559	262144
1602298014009583	4096
1602298014014741	-4096
1602298014014744	-262144
1602298014014758	-74661888
1602298014014831	-768
1602298014014891	-512
1602298014014953	-298647552
1602298014015011	-262144
1602298014015067	-298647552
1602298014015125	-262144
1602298014015143	298649600
1602298014015145	2048
1602298014015146	2048
1602298014015147	256
1602298014015329	256
1602298014015461	-298647552
1602298014015463	-2048
1602298014015465	-2048
1602298014015469	-256
1602298014015469	-256
1602298014015503	74661888
1602298014015513	262144
1602298014015560	74661888
1602298014015584	6912
1602298014017522	-74661888
1602298014017526	-6912
1602298014017528	-262144
1602298014017569	262144
1602298014017580	262144
1602298014017603	2560
1602298014020460	-2560
1602298014020464	-262144
1602298014020476	-298649600
1602298014020545	-2048
1602298014020603	-2048
1602298014020660	-74661888
1602298014020731	-262144
1602298014020753	74661888
1602298014020755	768
1602298014020756	512
1602298014020757	256
1602298014020790	256
1602298014020908	-74661888
1602298014020911	-74661888
1602298014020912	-512
1602298014020913	-512
1602298014020916	-256
1602298014020916	-256
1602298014021076	-262144
1602298014021094	74661888
1602298014021103	589824
1602298014021141	74661888
1602298014021172	278552576
1602298014021355	-74661888
1602298014021359	-278552576
1602298014021361	-589824
1602298014021400	589824
1602298014021410	1048576
1602298014021433	338337792
1602298014024057	-338337792
1602298014024061	-1048576
1602298014024073	-74661888
1602298014026621	-768
1602298014026684	-512
1602298014026737	-74661888
1602298014026793	-589824
1602298014026810	74661888
1602298014026811	768
1602298014026818	512
1602298014026819	256
1602298014027491	256
1602298014027611	-74661888
1602298014027614	-74661888
1602298014027615	-512
1602298014027616	-512
1602298014027618	-256
1602298014027619	-256
1602298014028376	-589824
1602298014028396	298647552
1602298014028405	262144
1602298014028445	298647552
1602298014028473	6912
1602298014029565	-298647552
1602298014029569	-6912
1602298014029571	-262144
1602298014029609	262144
1602298014029619	262144
1602298014029640	4096
1602298014032254	-4096
1602298014032257	-262144
1602298014032268	-74661888
1602298014032338	-768
1602298014034846	-512
1602298014034906	-298647552
1602298014034956	-262144
1602298014035004	-298647552
1602298014035110	-262144
1602298014035128	298651648
1602298014035129	2048
1602298014035130	2048
1602298014035131	256
1602298014035171	256
1602298014035284	-298647552
1602298014035286	-2048
1602298014035287	-2048
1602298014035290	-256
1602298014035290	-256
1602298014035319	74661888
1602298014035327	262144
1602298014035447	74661888
1602298014035469	6912
1602298014035870	-74661888
1602298014035874	-6912
1602298014035876	-262144
1602298014035913	262144
1602298014035923	262144
1602298014035944	2560
1602298014038986	-2560
1602298014038991	-262144
1602298014039002	-298651648
1602298014040393	-2048
1602298014040578	-2048
1602298014040634	-74663936
1602298014040688	-262144
1602298014040703	74661888
1602298014040704	768
1602298014040705	512
1602298014040706	256
1602298014040739	256
1602298014040928	-74661888
1602298014040931	-74661888
1602298014040932	-512
1602298014040933	-512
1602298014040935	-256
1602298014040936	-256
1602298014041014	-262144
1602298014041030	74661888
1602298014041039	589824
1602298014041082	74663936
1602298014041104	278552576
1602298014041307	-74661888
1602298014041311	-278552576
1602298014041313	-589824
1602298014041351	589824
1602298014041361	589824
1602298014041384	338337792
1602298014044138	-338337792
1602298014044142	-589824
1602298014044153	-74661888
1602298014044230	-768
1602298014044283	-512
1602298014046759	-74661888
1602298014046811	-589824
1602298014046833	74661888
1602298014046834	768
1602298014046835	512
1602298014046836	256
1602298014046869	256
1602298014046982	-74663936
1602298014046984	-74661888
1602298014046985	-512
1602298014046986	-512
1602298014046988	-256
1602298014046988	-256
1602298014047633	-589824
1602298014047650	298647552
1602298014047659	262144
1602298014047711	298647552
1602298014047734	6912
1602298014048564	-298647552
1602298014048569	-6912
1602298014048571	-262144
1602298014048609	262144
1602298014048637	262144
1602298014048658	4096
1602298014052317	-4096
1602298014052321	-262144
1602298014052332	-74661888
1602298014052414	-768
1602298014052467	-512
1602298014052516	-298647552
1602298014054975	-262144
1602298014055030	-298647552
1602298014055079	-262144
1602298014055098	298649600
1602298014055100	2048
1602298014055101	2048
1602298014055102	256
1602298014055133	256
1602298014055322	-298647552
1602298014055324	-2048
1602298014055325	-2048
1602298014055327	-256
1602298014055328	-256
1602298014055364	298647552
1602298014055366	2048
1602298014055366	2048
1602298014055367	256
1602298014055404	256
1602298014055503	-298647552
1602298014055506	-298647552
1602298014055507	-2048
1602298014055508	-2048
1602298014055510	-256
1602298014055511	-256
1602298014055540	597295104
1602298014055548	589824
1602298014055597	597295104
1602298014055751	-597295104
1602298014055755	-589824
1602298014055802	589824
1602298014055812	589824
1602298014055835	2560
1602298014058551	-2560
1602298014058555	-589824
1602298014058567	-298649600
1602298014059120	-2048
1602298014060495	-2048
1602298014060536	74661888
1602298014060545	262144
1602298014060675	74661888
1602298014060697	6912
1602298014060799	-74661888
1602298014060803	-6912
1602298014060805	-262144
1602298014060840	262144
1602298014060850	262144
1602298014060869	4096
1602298014061318	-4096
1602298014061321	-262144
1602298014061332	-298647552
1602298014061393	-2048
1602298014061447	-2048
1602298014061499	-524288
1602298014064233	-74661888
1602298014064287	-262144
1602298014064342	-589824
1602298014064367	76889600
1602298014064368	768
1602298014064369	512
1602298014064370	256
1602298014064409	256
1602298014066946	-74661888
1602298014066950	-74661888
1602298014066951	-512
1602298014066952	-512
1602298014066954	-256
1602298014066955	-256
1602298014067021	-262144
1602298014067043	74661888
1602298014067051	589824
1602298014067086	74661888
1602298014067107	278552576
1602298014067830	-74661888
1602298014067834	-278552576
1602298014067836	-589824
1602298014067871	589824
1602298014067881	589824
1602298014067901	447977472
1602298014068671	-447977472
1602298014068674	-589824
1602298014068692	-76889600
1602298014069799	-768
1602298014069857	-512
1602298014069910	-74661888
1602298014072425	-589824
1602298014072447	74661888
1602298014072448	768
1602298014072449	512
1602298014072450	256
1602298014072482	256
1602298014072588	-74661888
1602298014072590	-111982592
1602298014072591	-512
1602298014072592	-512
1602298014072594	-256
1602298014072595	-256
1602298014072670	-589824
1602298014072686	597295104
1602298014072695	131072
1602298014075075	597295104
1602298014075202	-597295104
1602298014075206	-131072
1602298014075250	131072
1602298014075259	131072
1602298014075279	4096
1602298014075677	-4096
1602298014075680	-131072
1602298014075689	-74661888
1602298014075757	-768
1602298014075799	-512
1602298014076105	-597295104
1602298014076153	-131072
1602298014077857	-597295104
1602298014078156	-131072
1602298014078172	597295104
1602298014078172	1536
1602298014078173	1024
1602298014078174	256
1602298014078670	256
1602298014079296	-597295104
1602298014079298	-1024
1602298014079299	-1024
1602298014079302	-256
1602298014079302	-256
1602298014079329	149323776
1602298014079337	65536
1602298014080617	149323776
1602298014080638	21248
1602298014080861	-149323776
1602298014080864	-21248
1602298014080866	-65536
1602298014080902	65536
1602298014080911	65536
1602298014080930	4096
1602298014081414	-4096
1602298014081417	-65536
1602298014081428	-597295104
1602298014081488	-1536
1602298014081537	-1024
1602298014081590	-149323776
1602298014081633	-65536
1602298014081653	149323776
1602298014081654	256
1602298014081655	256
1602298014081656	256
1602298014084370	256
1602298014084473	-149323776
1602298014084476	-149323776
1602298014084477	-256
1602298014084478	-256
1602298014084480	-256
1602298014084481	-256
1602298014084551	-65536
1602298014084567	149323776
1602298014084575	262144
1602298014084607	149323776
1602298014084634	225099776
1602298014087283	-149323776
1602298014087286	-225099776
1602298014087288	-262144
1602298014087321	262144
1602298014087330	147456
1602298014087348	953843712
1602298014088776	-953843712
1602298014088780	-147456
1602298014088790	-149323776
1602298014088854	-256
1602298014089934	-256
1602298014089983	-149323776
1602298014090038	-147456
1602298014090050	149323776
1602298014090051	256
1602298014090052	256
1602298014090053	256
1602298014092584	256
1602298014092685	-149323776
1602298014092688	-149323776
1602298014092689	-256
1602298014092690	-256
1602298014092692	-256
1602298014092692	-256
1602298014092756	-262144
1602298014092775	597295104
1602298014092783	65536
1602298014092815	597295104
1602298014092834	21248
1602298014095292	-597295104
1602298014095295	-21248
1602298014095297	-65536
1602298014095328	65536
1602298014095337	65536
1602298014095355	4096
1602298014095833	-4096
1602298014095835	-65536
1602298014095845	-149323776
1602298014095901	-256
1602298014095947	-256
1602298014096262	-597295104
1602298014096301	-65536
1602298014098002	-597295104
1602298014098302	-65536
1602298014098314	597295104
1602298014098315	1536
1602298014098316	1024
1602298014098317	256
1602298014098805	256
1602298014099428	-597295104
1602298014099429	-1024
1602298014099436	-1024
1602298014099439	-256
1602298014099440	-256
1602298014099464	149323776
1602298014099471	65536
1602298014100765	149323776
1602298014100804	21248
1602298014101006	-149323776
1602298014101009	-21248
1602298014101010	-65536
1602298014101042	65536
1602298014101050	65536
1602298014101067	4096
1602298014101566	-4096
1602298014101569	-65536
1602298014101578	-597295104
1602298014101627	-1536
1602298014101682	-1024
1602298014101727	-149323776
1602298014101765	-65536
1602298014101783	149323776
1602298014101784	256
1602298014101784	256
1602298014101785	256
1602298014104503	256
1602298014104597	-149323776
1602298014104600	-149323776
1602298014104601	-256
1602298014104602	-256
1602298014104604	-256
1602298014104604	-256
1602298014104669	-65536
1602298014104682	149323776
1602298014104689	147456
1602298014104719	149323776
1602298014104736	225099776
1602298014107409	-149323776
1602298014107412	-225099776
1602298014107414	-147456
1602298014107450	147456
1602298014107458	147456
1602298014107476	953843712
1602298014108917	-953843712
1602298014108920	-147456
1602298014108930	-149323776
1602298014108986	-256
1602298014110079	-256
1602298014110124	-149323776
1602298014111270	-147456
1602298014111283	149323776
1602298014111283	256
1602298014111284	256
1602298014111285	256
1602298014111798	256
1602298014119139	-149323776
1602298014119142	-149323776
1602298014119142	-256
1602298014119143	-256
1602298014119145	-256
1602298014119145	-256
1602298014119203	-147456
1602298014119222	597295104
1602298014119229	65536
1602298014119276	597295104
1602298014119292	21248
1602298014124716	-597295104
1602298014124719	-21248
1602298014124721	-65536
1602298014124750	65536
1602298014124757	83968
1602298014124773	3072
1602298014124898	-3072
1602298014124901	-83968
1602298014124909	-149323776
1602298014127382	-256
1602298014127426	-256
1602298014127465	-597295104
1602298014127497	-65536
1602298014130029	-597295104
1602298014130076	-65536
1602298014130088	597295104
1602298014130089	1536
1602298014130089	1024
1602298014130090	256
1602298014130119	256
1602298014130204	-597295104
1602298014130205	-1024
1602298014130206	-1024
1602298014130208	-256
1602298014130208	-256
1602298014130229	597295104
1602298014130230	1024
1602298014130230	1024
1602298014130231	256
1602298014130259	256
1602298014130363	-597295104
1602298014130365	-597295104
1602298014130366	-1024
1602298014130367	-1024
1602298014130368	-256
1602298014130369	-256
1602298014130396	149323776
1602298014130403	65536
1602298014130436	149323776
1602298014130452	21248
1602298014130681	-149323776
1602298014130684	-21248
1602298014130685	-65536
1602298014130712	65536
1602298014130720	65536
1602298014130735	3072
1602298014132848	-3072
1602298014132851	-65536
1602298014132859	-597295104
1602298014133164	-1536
1602298014133675	-1024
1602298014133686	149323776
1602298014133692	65536
1602298014134225	149323776
1602298014134240	21248
1602298014135825	-149323776
1602298014135827	-21248
1602298014135829	-65536
1602298014135852	65536
1602298014135858	86528
1602298014135872	3072
1602298014136110	-3072
1602298014136112	-86528
1602298014136119	-597295104
1602298014136413	-1024
1602298014136453	-1024
1602298014136490	-65536
1602298014136977	-149323776
1602298014139420	-65536
1602298014139455	-65536
1602298014139470	149323776
1602298014139471	256
1602298014139472	256
1602298014139472	256
1602298014139496	256
1602298014139576	-149323776
1602298014139579	-149323776
1602298014139580	-256
1602298014139581	-256
1602298014139583	-256
1602298014139583	-256
1602298014140948	-65536
1602298014140962	149323776
1602298014140968	147456
1602298014140995	149323776
1602298014141010	225099776
1602298014141300	-149323776
1602298014141302	-225099776
1602298014141304	-147456
1602298014141337	147456
1602298014141344	147456
1602298014141359	953843712
1602298014147121	-953843712
1602298014147127	-147456
1602298014147142	-149323776
1602298014147203	-256
1602298014147239	-256
1602298014149255	-149323776
1602298014149300	-147456
1602298014149314	149323776
1602298014149315	256
1602298014149316	256
1602298014149316	256
1602298014149350	256
1602298014149449	-149323776
1602298014149451	-149323776
1602298014149453	-256
1602298014149454	-256
1602298014149455	-256
1602298014149456	-256
1602298014152006	-147456
1602298014152019	149323776
1602298014152025	16384
1602298014152059	149323776
1602298014152076	21248
1602298014152463	-149323776
1602298014152466	-21248
1602298014152467	-16384
1602298014152494	16384
1602298014152502	16384
1602298014152518	3072
1602298014153098	-3072
1602298014153101	-16384
1602298014153108	-149323776
1602298014153335	-256
1602298014155689	-256
1602298014156195	-149323776
1602298014156701	-16384
1602298014156715	597295104
1602298014158642	-149323776
1602298014158643	-149323776
1602298014158691	-16384
1602298014158728	-597295104
1602298014158739	597295104
1602298014158739	256
1602298014158740	256
1602298014158740	256
1602298014158766	256
1602298014159138	-597295104
1602298014159140	-597295104
1602298014159141	-256
1602298014159142	-256
1602298014159143	-256
1602298014159144	-256
1602298014159163	37632
1602298014159171	37632
1602298014159187	35840
1602298014159739	-35840
1602298014159742	-37632
1602298014159750	-118072832
1602298014159751	-597295104
1602298014159791	-256
1602298014162957	-256
1602298014162994	-37632
1602298014163030	-256
1602298014163031	-37632
