1598953266109391	256
1598953266109538	256
1598953266109614	256
1598953266109758	-256
1598953266109957	256
1598953266110067	-256
1598953266110239	256
1598953266110419	256
1598953266110594	-256
1598953266110608	256
1598953266110677	256
1598953266110826	256
1598953266110922	-256
1598953266110951	256
1598953266111190	-256
1598953266111191	-256
1598953266111192	-256
1598953266111217	-256
1598953266111273	256
1598953266111527	-256
1598953266111557	-256
1598953266111625	-256
1598953266112149	256
1598953266113609	256
1598953266114582	256
1598953266114588	256
1598953266114681	-256
1598953266114714	262144
1598953266114791	256
1598953266114824	9216
1598953266114900	-9216
1598953266114929	2359296
1598953266114991	256
1598953266115004	9216
1598953266115065	-9216
1598953266115090	2359296
1598953266115146	256
1598953266115148	256
1598953266115200	-256
1598953266115223	262144
1598953266115277	256
1598953266115279	256
1598953266115329	-256
1598953266115355	131072
1598953266115408	256
1598953266115410	256
1598953266115469	-256
1598953266115493	262144
1598953266115546	256
1598953266115548	256
1598953266115598	-256
1598953266115622	589824
1598953266115676	256
1598953266115678	256
1598953266115728	-256
1598953266115751	262144
1598953266115805	256
1598953266115808	256
1598953266115856	-256
1598953266115881	589824
1598953266115937	256
1598953266115939	256
1598953266115989	-256
1598953266116010	262144
1598953266116066	256
1598953266116068	256
1598953266116117	-256
1598953266116139	262144
1598953266116191	256
1598953266116193	256
1598953266116242	-256
1598953266116265	589824
1598953266116320	256
1598953266116322	256
1598953266116373	-256
1598953266116394	524288
1598953266116447	256
1598953266116449	256
1598953266116499	-256
1598953266116521	589824
1598953266116572	256
1598953266116574	256
1598953266116622	-256
1598953266116645	262144
1598953266116699	256
1598953266116701	256
1598953266116752	-256
1598953266116775	1048576
1598953266116830	256
1598953266116844	9216
1598953266116910	-9216
1598953266116936	2097152
1598953266116989	256
1598953266116991	256
1598953266117040	-256
1598953266117063	1048576
1598953266117116	256
1598953266117118	256
1598953266117166	-256
1598953266117189	1048576
1598953266117240	256
1598953266117242	256
1598953266117299	-256
1598953266117320	1048576
1598953266117370	256
1598953266117372	256
1598953266117421	-256
1598953266117445	1048576
1598953266117502	256
1598953266117503	256
1598953266117553	-256
1598953266117576	1048576
1598953266117627	256
1598953266117629	256
1598953266117679	-256
1598953266117700	1048576
1598953266117751	256
1598953266117753	256
1598953266117803	-256
1598953266117824	1048576
1598953266117876	256
1598953266117878	256
1598953266117929	-256
1598953266117950	1048576
1598953266118002	256
1598953266118004	256
1598953266118054	-256
1598953266118076	1048576
1598953266118142	256
1598953266118156	9216
1598953266118228	-9216
1598953266118251	2359296
1598953266118401	256
1598953266118411	256
1598953266118558	-256
1598953266118618	1048576
1598953266118727	256
1598953266118760	9216
1598953266118850	-9216
1598953266118898	9437184
1598953266118961	256
1598953266118974	9216
1598953266119032	-9216
1598953266119056	9437184
1598953266119117	256
1598953266119131	9216
1598953266119188	-9216
1598953266119215	2359296
1598953266119288	38535168
1598953266119375	256
1598953266119431	4096
1598953266119483	256
1598953266119485	256
1598953266119536	-256
1598953266119560	524288
1598953266119617	256
1598953266119620	256
1598953266119671	-256
1598953266119697	147456
1598953266119756	256
1598953266119759	256
1598953266119810	-256
1598953266119835	147456
1598953266119890	256
1598953266119893	256
1598953266119943	-256
1598953266119966	65536
1598953266120014	256
1598953266120027	9216
1598953266120082	-9216
1598953266120108	4194304
1598953266120165	256
1598953266120168	256
1598953266120223	-256
1598953266120247	65536
1598953266120297	256
1598953266120300	256
1598953266120348	-256
1598953266120370	65536
1598953266120419	256
1598953266120421	256
1598953266120470	-256
1598953266120493	37632
1598953266120544	256
1598953266120547	256
1598953266120595	-256
1598953266120617	65536
1598953266120682	256
1598953266120685	256
1598953266120736	-256
1598953266120761	65536
1598953266120810	256
1598953266120812	256
1598953266120860	-256
1598953266120880	65536
1598953266120927	256
1598953266120940	9216
1598953266120996	-9216
1598953266121021	8200192
1598953266121077	256
1598953266121080	256
1598953266121129	-256
1598953266121152	147456
1598953266121208	256
1598953266121222	9216
1598953266121277	-9216
1598953266121301	2097152
1598953266121359	256
1598953266121372	9216
1598953266121430	-9216
1598953266121457	4194304
1598953266121514	256
1598953266121527	9216
1598953266121583	-9216
1598953266121609	2359296
1598953266121665	256
1598953266121719	16384
1598953266121769	256
1598953266121781	9216
1598953266121838	-9216
1598953266121862	9437184
1598953266121919	256
1598953266121932	9216
1598953266121989	-9216
1598953266122013	2359296
1598953266122070	256
1598953266122083	9216
1598953266122178	-9216
1598953266122206	8388608
1598953266122268	256
1598953266122282	9216
1598953266122340	-9216
1598953266122366	4194304
1598953266122427	256
1598953266122440	9216
1598953266122499	-9216
1598953266122525	4194304
1598953266122585	256
1598953266122599	9216
1598953266122658	-9216
1598953266122686	4194304
1598953266122761	40627200
1598953266122830	-38535168
1598953266123116	-256
1598953266123117	-256
1598953266123118	-256
1598953266123119	-256
1598953266123120	-256
1598953266123122	-256
1598953266123124	-256
1598953266123125	-256
1598953266123126	-256
1598953266123128	-256
1598953266123129	-256
1598953266123130	-256
1598953266123131	-256
1598953266123132	-256
1598953266123134	-256
1598953266123135	-256
1598953266123136	-256
1598953266123138	-256
1598953266123139	-256
1598953266123140	-256
1598953266123142	-256
1598953266123143	-256
1598953266123144	-256
1598953266123145	-256
1598953266123147	-256
1598953266123148	-256
1598953266123149	-256
1598953266123150	-256
1598953266123151	-256
1598953266123152	-256
1598953266123154	-256
1598953266123155	-256
1598953266123156	-256
1598953266123157	-256
1598953266123158	-256
1598953266123159	-256
1598953266123161	-256
1598953266123162	-256
1598953266123162	-256
1598953266123163	-256
1598953266123164	-256
1598953266123165	-256
1598953266123166	-256
1598953266123166	-256
1598953266123167	-256
1598953266123168	-256
1598953266123169	-256
1598953266123169	-256
1598953266123170	-256
1598953266123171	-256
1598953266123172	-256
1598953266123173	-256
1598953266123174	-256
1598953266123175	-256
1598953266123211	205520896
1598953266123224	37632
1598953266123331	75520
1598953266123444	-75520
1598953266123449	-37632
1598953266123584	205520896
1598953266123585	256
1598953266123585	256
1598953266123586	256
1598953266123587	256
1598953266123968	51380224
1598953266124198	51380224
1598953266124206	16384
1598953266124269	18944
1598953266124352	-18944
1598953266124356	-16384
1598953266124399	205520896
1598953266124406	65536
1598953266124470	18944
1598953266124552	-18944
1598953266124555	-65536
1598953266124744	-256
1598953266124798	-256
1598953266124819	51380224
1598953266124820	256
1598953266124821	256
1598953266124822	256
1598953266124823	256
1598953266124968	205520896
1598953266124970	1024
1598953266124971	1024
1598953266124972	1024
1598953266124974	1024
1598953266125398	51380224
1598953266125405	147456
1598953266125467	89178112
1598953266125863	-89178112
1598953266125867	-147456
1598953266126170	51380224
1598953266126171	256
1598953266126172	256
1598953266126172	256
1598953266126173	256
1598953266126353	-256
1598953266126426	-256
1598953266126479	-1024
1598953266126524	-1024
1598953266126693	205520896
1598953266126700	65536
1598953266126761	18944
1598953266126844	-18944
1598953266126848	-65536
1598953266127058	205520896
1598953266127059	1024
1598953266127059	1024
1598953266127061	1024
1598953266127062	1024
1598953266127252	-256
1598953266127304	-256
1598953266127368	-205520896
1598953266127658	51380224
1598953266127666	65536
1598953266127732	18944
1598953266127817	-18944
1598953266127821	-65536
1598953266127939	-1024
1598953266127989	-1024
1598953266128021	51380224
1598953266128022	256
1598953266128023	256
1598953266128023	256
1598953266128024	256
1598953266128340	51380224
1598953266128347	147456
1598953266128407	89178112
1598953266128763	-89178112
1598953266128767	-147456
1598953266128984	51380224
1598953266128985	256
1598953266128986	256
1598953266128986	256
1598953266128987	256
1598953266129171	-256
1598953266129224	-256
1598953266129396	205520896
1598953266129403	65536
1598953266129463	18944
1598953266129543	-18944
1598953266129547	-65536
1598953266129728	205520896
1598953266129728	1024
1598953266129729	1024
1598953266129730	1024
1598953266129731	1024
1598953266129930	-256
1598953266129985	-256
1598953266130327	51380224
1598953266130335	65536
1598953266130413	18944
1598953266130491	-18944
1598953266130495	-65536
1598953266130613	-1024
1598953266130670	-1024
1598953266130691	51380224
1598953266130692	256
1598953266130692	256
1598953266130693	256
1598953266130693	256
1598953266131006	51380224
1598953266131013	147456
1598953266131068	89178112
1598953266131408	-89178112
1598953266131412	-147456
1598953266131593	51380224
1598953266131594	256
1598953266131595	256
1598953266131596	256
1598953266131596	256
1598953266131761	-256
1598953266131808	-256
1598953266131969	205520896
1598953266131975	65536
1598953266132032	18944
1598953266132109	-18944
1598953266132113	-65536
1598953266132284	205520896
1598953266132285	1024
1598953266132285	1024
1598953266132286	1024
1598953266132288	1024
1598953266132459	-256
1598953266132505	-256
1598953266132822	102760448
1598953266132829	524288
1598953266132886	4864
1598953266132962	-4864
1598953266132965	-524288
1598953266133061	38525184
1598953266133068	131072
1598953266133130	4864
1598953266133202	-4864
1598953266133205	-131072
1598953266133281	-1024
1598953266133327	-1024
1598953266133343	102760448
1598953266133344	2048
1598953266133345	2048
1598953266133346	2048
1598953266133347	2048
1598953266133485	25690112
1598953266133486	512
1598953266133487	512
1598953266133488	512
1598953266133489	512
1598953266133970	25690112
1598953266133976	589824
1598953266134035	117964800
1598953266134183	-117964800
1598953266134187	-589824
1598953266134389	-2048
1598953266134431	-2048
1598953266134450	25690112
1598953266134451	512
1598953266134452	512
1598953266134453	512
1598953266134454	512
1598953266134627	-512
1598953266134677	-512
1598953266134857	102760448
1598953266134863	262144
1598953266134922	4864
1598953266134997	-4864
1598953266135001	-262144
1598953266135194	102760448
1598953266135195	2048
1598953266135196	2048
1598953266135197	2048
1598953266135199	2048
1598953266135384	-512
1598953266135433	-512
1598953266135489	-102760448
1598953266135770	25690112
1598953266135777	262144
1598953266135835	4864
1598953266135910	-4864
1598953266135914	-262144
1598953266136037	-2048
1598953266136086	-2048
1598953266136105	25690112
1598953266136106	512
1598953266136107	512
1598953266136108	512
1598953266136109	512
1598953266136391	25690112
1598953266136397	589824
1598953266136453	117964800
1598953266136567	-117964800
1598953266136570	-589824
1598953266136739	25692160
1598953266136740	512
1598953266136741	512
1598953266136742	512
1598953266136743	512
1598953266136928	-512
1598953266136977	-512
1598953266137143	102760448
1598953266137149	262144
1598953266137206	4864
1598953266137280	-4864
1598953266137284	-262144
1598953266137475	102760448
1598953266137476	2048
1598953266137478	2048
1598953266137479	2048
1598953266137480	2048
1598953266137647	-512
1598953266137694	-512
1598953266137986	25690112
1598953266137992	262144
1598953266138048	4864
1598953266138132	-4864
1598953266138136	-262144
1598953266138236	-2048
1598953266138284	-2048
1598953266138304	25690112
1598953266138306	512
1598953266138306	512
1598953266138307	512
1598953266138308	512
1598953266138601	25690112
1598953266138607	589824
1598953266138664	117964800
1598953266138784	-117964800
1598953266138788	-589824
1598953266138953	25690112
1598953266138954	512
1598953266138955	512
1598953266138956	512
1598953266138957	512
1598953266139125	-512
1598953266139173	-512
1598953266139336	102760448
1598953266139344	262144
1598953266139399	4864
1598953266139473	-4864
1598953266139477	-262144
1598953266139655	102760448
1598953266139656	2048
1598953266139657	2048
1598953266139658	2048
1598953266139659	2048
1598953266139827	-512
1598953266139873	-512
1598953266140184	25690112
1598953266140191	262144
1598953266140247	4864
1598953266140319	-4864
1598953266140323	-262144
1598953266140424	-2048
1598953266140468	-2048
1598953266140488	25690112
1598953266140489	512
1598953266140489	512
1598953266140490	512
1598953266140491	512
1598953266140817	25690112
1598953266140824	589824
1598953266140880	117964800
1598953266140994	-117964800
1598953266140998	-589824
1598953266141183	25690112
1598953266141184	512
1598953266141185	512
1598953266141186	512
1598953266141187	512
1598953266141383	-512
1598953266141427	-512
1598953266141581	102760448
1598953266141588	262144
1598953266141641	4864
1598953266141713	-4864
1598953266141716	-262144
1598953266141871	102760448
1598953266141872	2048
1598953266141873	2048
1598953266141874	2048
1598953266141875	2048
1598953266142034	-512
1598953266142082	-512
1598953266142410	51380224
1598953266142417	2097152
1598953266142471	1280
1598953266142542	-1280
1598953266142546	-2097152
1598953266142621	12845056
1598953266142627	524288
1598953266142683	1280
1598953266142750	-1280
1598953266142753	-524288
1598953266142835	-2048
1598953266142878	-2048
1598953266142903	51380224
1598953266142904	4096
1598953266142905	4096
1598953266142906	4096
1598953266142907	4096
1598953266143026	12845056
1598953266143027	1024
1598953266143028	1024
1598953266143029	1024
1598953266143029	1024
1598953266143484	12845056
1598953266143490	2359296
1598953266143543	84934656
1598953266143649	-84934656
1598953266143653	-2359296
1598953266143840	-4096
1598953266143884	-4096
1598953266143899	12845056
1598953266143899	1024
1598953266143900	1024
1598953266143901	1024
1598953266143902	1024
1598953266144044	-1024
1598953266144085	-1024
1598953266144249	51380224
1598953266144255	1048576
1598953266144308	1280
1598953266144378	-1280
1598953266144381	-1048576
1598953266144540	51380224
1598953266144541	6144
1598953266144542	4096
1598953266144543	4096
1598953266144544	4096
1598953266144687	-1024
1598953266144731	-1024
1598953266144778	-51380224
1598953266145027	12845056
1598953266145034	1048576
1598953266145087	2048
1598953266145156	-2048
1598953266145159	-1048576
1598953266145256	-6144
1598953266145297	-4096
1598953266145315	12845056
1598953266145316	1024
1598953266145316	1024
1598953266145317	1024
1598953266145318	1024
1598953266145574	12845056
1598953266145580	2359296
1598953266145632	84934656
1598953266145739	-84934656
1598953266145742	-2359296
1598953266145902	12849152
1598953266145904	1024
1598953266145904	1024
1598953266145906	1024
1598953266145906	1024
1598953266146052	-1024
1598953266146104	-1024
1598953266146274	51380224
1598953266146281	1048576
1598953266146333	2048
1598953266146404	-2048
1598953266146407	-1048576
1598953266146564	51380224
1598953266146566	4096
1598953266146567	4096
1598953266146568	4096
1598953266146569	4096
1598953266146712	-1024
1598953266146756	-1024
1598953266147043	12845056
1598953266147049	1048576
1598953266147101	2048
1598953266147172	-2048
1598953266147175	-1048576
1598953266147267	-4096
1598953266147309	-4096
1598953266147324	12845056
1598953266147325	1024
1598953266147326	1024
1598953266147327	1024
1598953266147328	1024
1598953266147577	12845056
1598953266147583	2359296
1598953266147635	84934656
1598953266147740	-84934656
1598953266147744	-2359296
1598953266147903	12845056
1598953266147904	1024
1598953266147904	1024
1598953266147905	1024
1598953266147906	1024
1598953266148045	-1024
1598953266148087	-1024
1598953266148263	51380224
1598953266148269	1048576
1598953266148324	1280
1598953266148395	-1280
1598953266148399	-1048576
1598953266148556	51380224
1598953266148557	6144
1598953266148558	4096
1598953266148559	4096
1598953266148559	4096
1598953266148700	-1024
1598953266148744	-1024
1598953266149046	12845056
1598953266149052	1048576
1598953266149103	2048
1598953266149174	-2048
1598953266149176	-1048576
1598953266149275	-6144
1598953266149319	-4096
1598953266149335	12845056
1598953266149336	1024
1598953266149337	1024
1598953266149338	1024
1598953266149338	1024
1598953266149584	12845056
1598953266149591	2359296
1598953266149643	84934656
1598953266149750	-84934656
1598953266149754	-2359296
1598953266149926	12845056
1598953266149927	1024
1598953266149928	1024
1598953266149929	1024
1598953266149929	1024
1598953266150071	-1024
1598953266150124	-1024
1598953266150277	51380224
1598953266150283	1048576
1598953266150337	1280
1598953266150409	-1280
1598953266150413	-1048576
1598953266150563	51380224
1598953266150564	6144
1598953266150565	4096
1598953266150566	4096
1598953266150567	4096
1598953266150706	-1024
1598953266150748	-1024
1598953266151032	12845056
1598953266151038	1048576
1598953266151090	2048
1598953266151178	-2048
1598953266151181	-1048576
1598953266151301	-6144
1598953266151345	-4096
1598953266151359	12845056
1598953266151360	1024
1598953266151361	1024
1598953266151362	1024
1598953266151363	1024
1598953266151602	12845056
1598953266151608	2359296
1598953266151659	84934656
1598953266151765	-84934656
1598953266151768	-2359296
1598953266151948	12845056
1598953266151950	1024
1598953266151951	1024
1598953266151952	1024
1598953266151952	1024
1598953266152100	-1024
1598953266152142	-1024
1598953266152287	51380224
1598953266152293	1048576
1598953266152344	1280
1598953266152413	-1280
1598953266152417	-1048576
1598953266152571	51380224
1598953266152572	6144
1598953266152573	4096
1598953266152574	4096
1598953266152575	4096
1598953266152717	-1024
1598953266152761	-1024
1598953266153027	12845056
1598953266153033	1048576
1598953266153083	2048
1598953266153153	-2048
1598953266153156	-1048576
1598953266153252	-6144
1598953266153294	-4096
1598953266153310	12845056
1598953266153311	1024
1598953266153312	1024
1598953266153312	1024
1598953266153313	1024
1598953266153548	12845056
1598953266153554	2359296
1598953266153605	84934656
1598953266153712	-84934656
1598953266153715	-2359296
1598953266153878	12845056
1598953266153879	1024
1598953266153880	1024
1598953266153881	1024
1598953266153882	1024
1598953266154019	-1024
1598953266154060	-1024
1598953266154217	51380224
1598953266154223	1048576
1598953266154826	1280
1598953266154897	-1280
1598953266154901	-1048576
1598953266155402	51380224
1598953266155402	6144
1598953266155404	4096
1598953266155405	4096
1598953266155406	4096
1598953266156153	-1024
1598953266156196	-1024
1598953266156515	6422528
1598953266156521	2097152
1598953266156575	512
1598953266157023	-512
1598953266157027	-2097152
1598953266157088	25690112
1598953266157093	8388608
1598953266157266	512
1598953266157335	-512
1598953266157338	-8388608
1598953266157410	-6144
1598953266157459	-4096
1598953266157476	6422528
1598953266157477	2048
1598953266157478	2048
1598953266157479	2048
1598953266157480	2048
1598953266157594	25690112
1598953266157595	8192
1598953266157597	8192
1598953266157598	8192
1598953266157599	8192
1598953266157917	6422528
1598953266157923	9437184
1598953266158587	75497472
1598953266159222	-75497472
1598953266159226	-9437184
1598953266160236	6422528
1598953266160237	2048
1598953266160238	2048
1598953266160239	2048
1598953266160240	2048
1598953266160374	-2048
1598953266160416	-2048
1598953266160455	-8192
1598953266161177	-8192
1598953266161496	25690112
1598953266161502	4194304
1598953266161553	512
1598953266161620	-512
1598953266161624	-4194304
1598953266161783	25690112
1598953266161784	8192
1598953266161785	8192
1598953266161785	8192
1598953266161786	8192
1598953266162447	-2048
1598953266162490	-2048
1598953266162633	-25690112
1598953266162870	6422528
1598953266162875	4194304
1598953266162925	512
1598953266163747	-512
1598953266163750	-4194304
1598953266163843	-8192
1598953266164334	-8192
1598953266164349	6422528
1598953266164350	2048
1598953266164351	2048
1598953266164351	2048
1598953266164352	2048
1598953266164995	6422528
1598953266165001	9437184
1598953266165050	75497472
1598953266165424	-75497472
1598953266165428	-9437184
1598953266166347	6422528
1598953266166348	2048
1598953266166349	2048
1598953266166350	2048
1598953266166351	2048
1598953266166506	-2048
1598953266166624	-2048
1598953266166771	25690112
1598953266166777	4194304
1598953266166875	512
1598953266167379	-512
1598953266167382	-4194304
1598953266167650	25690112
1598953266167651	8192
1598953266167652	8192
1598953266167653	8192
1598953266167654	8192
1598953266167835	-2048
1598953266167876	-2048
1598953266168900	6422528
1598953266168906	4194304
1598953266168956	512
1598953266169495	-512
1598953266169498	-4194304
1598953266170059	-8192
1598953266170113	-8192
1598953266170141	6422528
1598953266170142	2048
1598953266170142	2048
1598953266170143	2048
1598953266170144	2048
1598953266170550	6422528
1598953266170556	9437184
1598953266170604	75497472
1598953266171482	-75497472
1598953266171485	-9437184
1598953266171791	6422528
1598953266171792	2048
1598953266171793	2048
1598953266171794	2048
1598953266171794	2048
1598953266171921	-2048
1598953266171962	-2048
1598953266172525	25690112
1598953266172530	4194304
1598953266172733	512
1598953266172909	-512
1598953266172912	-4194304
1598953266173050	25690112
1598953266173050	8192
1598953266173051	8192
1598953266173052	8192
1598953266173053	8192
1598953266173175	-2048
1598953266173215	-2048
1598953266175180	-8192
1598953266175219	-8192
1598953266175248	524288
1598953266175354	256256
1598953266175663	256
1598953266175665	256
1598953266177787	-256
1598953266177798	-256
1598953266177879	256
1598953266178049	-256
1598953266178065	4096
1598953266178145	524288
1598953266178211	8200192
1598953266178254	-524288
1598953266178255	-256256
1598953266178362	-4096
1598953266178424	-8200192
1598953266178473	-256
1598953266178520	-4096
1598953266178534	25690112
1598953266178580	-524288
1598953266178631	-8200192
1598953266178988	-25690112
1598953266179018	25698304
1598953266179018	8192
1598953266179019	8192
1598953266179020	256
1598953266179095	256
1598953266179190	-25690112
1598953266179191	-8192
1598953266179193	-8192
1598953266179195	-256
1598953266179196	-256
1598953266179309	8192512
1598953266179320	4194304
1598953266179360	6422528
1598953266179386	4096
1598953266181427	-8192512
1598953266181431	-4096
1598953266181432	-4194304
1598953266181470	8192512
1598953266181482	4194304
1598953266181511	4096
1598953266181662	-4096
1598953266181665	-4194304
1598953266181677	-25698304
1598953266181735	-8192
1598953266181776	-8192
1598953266181817	-6422528
1598953266181859	-4194304
1598953266181873	6422528
1598953266181873	2048
1598953266181874	2048
1598953266181875	256
1598953266181906	256
1598953266181983	-6422528
1598953266181984	-6422528
1598953266181985	-2048
1598953266181986	-2048
1598953266181988	-256
1598953266181989	-256
1598953266182050	-8192512
1598953266182064	6422528
1598953266182072	9437184
1598953266182117	8200704
1598953266182139	75497472
1598953266182243	-6422528
1598953266182246	-75497472
1598953266182248	-9437184
1598953266182280	9437184
1598953266182289	9437184
1598953266182310	75497472
1598953266182442	-75497472
1598953266182445	-9437184
1598953266182454	-6422528
1598953266182509	-2048
1598953266182561	-2048
1598953266182602	-6422528
1598953266182641	-9437184
1598953266182653	9437696
1598953266182654	2048
1598953266182654	2048
1598953266182655	256
1598953266182681	256
1598953266182848	-8200704
1598953266182850	-6422528
1598953266182851	-2048
1598953266182851	-2048
1598953266182853	-256
1598953266182854	-256
1598953266182954	-9437184
1598953266182968	25690112
1598953266182975	4194816
1598953266183006	25690112
1598953266183025	4096
1598953266183104	-25690112
1598953266183106	-4096
1598953266183107	-4194816
1598953266183135	4194816
1598953266183142	8200704
1598953266183161	4096
1598953266183291	-4096
1598953266183294	-8200704
1598953266183303	-9437696
1598953266183355	-2048
1598953266184005	-2048
1598953266184045	-25690112
1598953266184084	-4194304
1598953266184289	-25690112
1598953266184329	-4194816
1598953266184341	25698304
1598953266184342	8192
1598953266184343	8192
1598953266184343	256
1598953266184369	256
1598953266184633	-25690112
1598953266184634	-8192
1598953266184635	-8192
1598953266184637	-256
1598953266184638	-256
1598953266184657	8200704
1598953266184663	4194816
1598953266184707	9437696
1598953266184725	4096
1598953266184839	-8200704
1598953266184841	-4096
1598953266184842	-4194816
1598953266184871	4194816
1598953266184878	8200704
1598953266184909	4096
1598953266185758	-4096
1598953266185761	-8200704
1598953266185770	-25698304
1598953266185822	-8192
1598953266185868	-8192
1598953266185911	-6422528
1598953266185948	-4194304
1598953266185961	6422528
1598953266185962	2048
1598953266185962	2048
1598953266185963	256
1598953266185988	256
1598953266186064	-9437696
1598953266186065	-6422528
1598953266186066	-2048
1598953266186067	-2048
1598953266186069	-256
1598953266186070	-256
1598953266186674	-4194816
1598953266186689	6422528
1598953266186695	9437696
1598953266186788	8200704
1598953266186806	138004736
1598953266186906	-6422528
1598953266186909	-138004736
1598953266186909	-9437696
1598953266186942	9437696
1598953266186951	9437184
1598953266186971	128567552
1598953266187103	-128567552
1598953266187105	-9437184
1598953266187115	-6422528
1598953266187189	-2048
1598953266187852	-2048
1598953266187890	-6422528
1598953266188118	-9437184
1598953266188135	9437696
1598953266188136	2048
1598953266188136	2048
1598953266188137	256
1598953266188163	256
1598953266188422	-8200704
1598953266188423	-6422528
1598953266188425	-2048
1598953266188425	-2048
1598953266188427	-256
1598953266188428	-256
1598953266188482	-9437696
1598953266188494	25690112
1598953266188501	4194560
1598953266188531	25690112
1598953266188548	4096
1598953266188666	-25690112
1598953266188669	-4096
1598953266188669	-4194560
1598953266188696	4194560
1598953266188704	4194816
1598953266188723	4096
1598953266189587	-4096
1598953266189590	-4194816
1598953266189599	-9437696
1598953266189648	-2048
1598953266189696	-2048
1598953266189736	-25690112
1598953266189772	-4194304
1598953266189812	-25690112
1598953266189849	-4194560
1598953266189860	25690112
1598953266189861	8192
1598953266189862	8192
1598953266189863	256
1598953266189888	256
1598953266190622	-25690112
1598953266190624	-8192
1598953266190626	-8192
1598953266190627	-256
1598953266190628	-256
1598953266190648	25690112
1598953266190650	8192
1598953266190650	8192
1598953266190651	256
1598953266190688	256
1598953266190761	-25690112
1598953266190763	-25690112
1598953266190764	-8192
1598953266190764	-8192
1598953266190766	-256
1598953266190767	-256
1598953266190787	51380224
1598953266190794	9437696
1598953266190828	51380224
1598953266190974	-51380224
1598953266190977	-9437696
1598953266191006	9437696
1598953266191014	9437696
1598953266191035	4096
1598953266191663	-4096
1598953266191666	-9437696
1598953266191675	-25690112
1598953266191730	-8192
1598953266191778	-8192
1598953266191791	8200704
1598953266191798	4194816
1598953266191942	9437696
1598953266191965	4096
1598953266192239	-8200704
1598953266192242	-4096
1598953266192243	-4194816
1598953266192272	4194816
1598953266192279	4194816
1598953266192298	4096
1598953266192488	-4096
1598953266192491	-4194816
1598953266192500	-25690112
1598953266192553	-8192
1598953266192655	-8192
1598953266193397	-8388608
1598953266193441	-6422528
1598953266193483	-4194304
1598953266193539	-9437696
1598953266193556	6422528
1598953266193557	2048
1598953266193557	2048
1598953266193558	256
1598953266193598	256
1598953266193671	-9437696
1598953266193672	-6422528
1598953266193674	-2048
1598953266193674	-2048
1598953266193676	-256
1598953266193677	-256
1598953266193730	-4194816
1598953266193750	8200704
1598953266193757	9437696
1598953266193788	9437696
1598953266193807	102764544
1598953266194464	-8200704
1598953266194467	-102764544
1598953266194468	-9437696
1598953266194497	9437696
1598953266194506	9437184
1598953266194526	102764544
1598953266194659	-102764544
1598953266194661	-9437184
1598953266194675	-6422528
1598953266194754	-2048
1598953266194799	-2048
1598953266194838	-6422528
1598953266194878	-9437184
1598953266194893	8200704
1598953266194894	2048
1598953266194894	2048
1598953266194895	256
1598953266195544	256
1598953266195783	-9437696
1598953266195784	-6422528
1598953266195785	-2048
1598953266195786	-2048
1598953266195788	-256
1598953266195789	-256
1598953266195841	-9437696
1598953266195854	51380224
1598953266195861	2097152
1598953266195891	51380224
1598953266196127	-51380224
1598953266196129	-2097152
1598953266196159	2097152
1598953266196166	2097664
1598953266196186	4352
1598953266196344	-4352
1598953266196346	-2097664
1598953266196355	-8200704
1598953266196406	-2048
1598953266196443	-2048
1598953266197227	-51380224
1598953266197285	-2097152
1598953266197323	-51380224
1598953266197360	-2097152
1598953266197371	51384320
1598953266197371	4352
1598953266197372	6144
1598953266197372	256
1598953266197397	256
1598953266197481	-51380224
1598953266197483	-4096
1598953266197483	-4096
1598953266197485	-256
1598953266197486	-256
1598953266197507	18875136
1598953266197514	1048576
1598953266197548	20972544
1598953266197565	3584
1598953266198177	-18875136
1598953266198180	-3584
1598953266198181	-1048576
1598953266198222	1048576
1598953266198229	1048576
1598953266198249	2560
1598953266198426	-2560
1598953266198430	-1048576
1598953266198439	-51384320
1598953266198490	-4352
1598953266198527	-6144
1598953266198570	-12845056
1598953266198611	-1048576
1598953266198624	18875136
1598953266198625	1024
1598953266198625	1024
1598953266198626	256
1598953266198651	256
1598953266198738	-20972544
1598953266198739	-12845056
1598953266198740	-1024
1598953266198741	-1024
1598953266198743	-256
1598953266198743	-256
1598953266199405	-1048576
1598953266199418	20972544
1598953266199424	4194816
1598953266199455	12845056
1598953266199479	295485440
1598953266199714	-20972544
1598953266199718	-295485440
1598953266199718	-4194816
1598953266199751	4194816
1598953266199759	2359296
1598953266199784	84934656
1598953266200233	-84934656
1598953266200237	-2359296
1598953266200245	-18875136
1598953266200314	-1024
1598953266200352	-1024
1598953266200397	-12845056
1598953266200437	-2359296
1598953266200449	12845056
1598953266200450	1024
1598953266200451	1024
1598953266200451	256
1598953266200784	256
1598953266200939	-12845056
1598953266200941	-12845056
1598953266200941	-1024
1598953266200942	-1024
1598953266200944	-256
1598953266200944	-256
1598953266201003	-4194816
1598953266201016	51380224
1598953266201022	1049088
1598953266203273	51380224
1598953266203293	4352
1598953266203382	-51380224
1598953266203385	-4352
1598953266203386	-1049088
1598953266203417	1049088
1598953266203426	1048576
1598953266203445	3072
1598953266203585	-3072
1598953266203587	-1048576
1598953266203598	-12845056
1598953266203656	-1024
1598953266203695	-1024
1598953266203739	-51380224
1598953266203782	-1048576
1598953266204006	-51380224
1598953266204094	-1049088
1598953266204105	51384320
1598953266204106	4352
1598953266204107	6144
1598953266204107	256
1598953266204132	256
1598953266204225	-51380224
1598953266204226	-4096
1598953266204226	-4096
1598953266204229	-256
1598953266204229	-256
1598953266204256	20972544
1598953266204262	1048832
1598953266204297	21235456
1598953266204316	3584
1598953266204396	-20972544
1598953266204399	-3584
1598953266204400	-1048832
1598953266204427	1048832
1598953266204434	1049088
1598953266204453	2560
1598953266204585	-2560
1598953266204588	-1049088
1598953266204597	-51384320
1598953266204650	-4352
1598953266204687	-6144
1598953266204729	-12845056
1598953266205288	-1048576
1598953266205304	20972544
1598953266205304	1024
1598953266205305	1024
1598953266205306	256
1598953266205331	256
1598953266205520	-21235456
1598953266205521	-12845056
1598953266205523	-1024
1598953266205528	-1024
1598953266205529	-256
1598953266205530	-256
1598953266205599	-1048832
1598953266205611	21235456
1598953266205617	4194816
1598953266205652	12845056
1598953266205669	191102976
1598953266205773	-21235456
1598953266205776	-191102976
1598953266205777	-4194816
1598953266205804	4194816
1598953266205812	2359296
1598953266205831	84934656
1598953266205956	-84934656
1598953266205959	-2359296
1598953266205968	-20972544
1598953266206742	-1024
1598953266206784	-1024
1598953266206826	-12845056
1598953266206865	-2359296
1598953266206878	12845056
1598953266206878	1024
1598953266206879	1024
1598953266206880	256
1598953266206904	256
1598953266206985	-12845056
1598953266206987	-12845056
1598953266206988	-1024
1598953266206992	-1024
1598953266206994	-256
1598953266206995	-256
1598953266207049	-4194816
1598953266207067	51380224
1598953266207074	1048832
1598953266207104	51380224
1598953266207122	4352
1598953266207823	-51380224
1598953266207825	-4352
1598953266207826	-1048832
1598953266207851	1048832
1598953266207859	1048576
1598953266207877	3072
1598953266208021	-3072
1598953266208023	-1048576
1598953266208033	-12845056
1598953266208082	-1024
1598953266208117	-1024
1598953266208159	-51380224
1598953266208200	-1048576
1598953266208236	-51380224
1598953266208278	-1048832
1598953266208291	51384320
1598953266208292	4352
1598953266208292	6144
1598953266208293	256
1598953266209074	256
1598953266209158	-51380224
1598953266209159	-4096
1598953266209164	-4096
1598953266209167	-256
1598953266209167	-256
1598953266209188	21235456
1598953266209194	1048832
1598953266209228	12845056
1598953266209245	3584
1598953266209323	-21235456
1598953266209326	-3584
1598953266209327	-1048832
1598953266209364	1048832
1598953266209371	1049088
1598953266209391	2560
1598953266209591	-2560
1598953266209594	-1049088
1598953266209603	-51384320
1598953266209651	-4352
1598953266209692	-6144
1598953266209728	-12845056
1598953266210551	-1048576
1598953266210566	19924480
1598953266210567	1024
1598953266210568	1024
1598953266210568	256
1598953266210599	256
1598953266210679	-12845056
1598953266210681	-12845056
1598953266210682	-1024
1598953266210683	-1024
1598953266210684	-256
1598953266210685	-256
1598953266210741	-1048832
1598953266210752	12845056
1598953266210759	4194816
1598953266210792	21235456
1598953266210809	191102976
1598953266210910	-12845056
1598953266210912	-191102976
1598953266210913	-4194816
1598953266210941	4194816
1598953266210948	4195584
1598953266210966	84934656
1598953266211739	-84934656
1598953266211742	-4195584
1598953266211750	-19924480
1598953266211809	-1024
1598953266211849	-1024
1598953266211887	-12845056
1598953266211926	-2359296
1598953266211940	12845056
1598953266211941	1024
1598953266211941	1024
1598953266211942	256
1598953266211966	256
1598953266212045	-21235456
1598953266212046	-12845056
1598953266212048	-1024
1598953266212052	-1024
1598953266212054	-256
1598953266212055	-256
1598953266212108	-4194816
1598953266212124	51380224
1598953266212130	1048832
1598953266212160	51380224
1598953266212177	4352
1598953266212920	-51380224
1598953266212923	-4352
1598953266212924	-1048832
1598953266212950	1048832
1598953266212958	1048576
1598953266212975	3072
1598953266213150	-3072
1598953266213153	-1048576
1598953266213162	-12845056
1598953266213267	-1024
1598953266213323	-1024
1598953266213363	-51380224
1598953266213404	-1048576
1598953266213441	-51380224
1598953266213484	-1048832
1598953266213496	51384320
1598953266213496	4352
1598953266213497	6144
1598953266213497	256
1598953266213545	256
1598953266213711	-51380224
1598953266213713	-4096
1598953266213713	-4096
1598953266213716	-256
1598953266213716	-256
1598953266213737	21235456
1598953266213744	1048832
1598953266213778	12845056
1598953266213795	3584
1598953266213874	-21235456
1598953266213877	-3584
1598953266213878	-1048832
1598953266213903	1048832
1598953266213910	1049088
1598953266213927	2560
1598953266214055	-2560
1598953266214058	-1049088
1598953266214066	-51384320
1598953266214124	-4352
1598953266214167	-6144
1598953266214205	-12845056
1598953266214247	-1048576
1598953266214261	19924480
1598953266214261	1024
1598953266214262	1024
1598953266214263	256
1598953266214291	256
1598953266214373	-12845056
1598953266214374	-12845056
1598953266214375	-1024
1598953266214376	-1024
1598953266214378	-256
1598953266214378	-256
1598953266214432	-1048832
1598953266214444	12845056
1598953266214451	4194816
1598953266214484	22284288
1598953266214500	191102976
1598953266214597	-12845056
1598953266214600	-191102976
1598953266214601	-4194816
1598953266214627	4194816
1598953266214634	4195584
1598953266214652	84934656
1598953266214835	-84934656
1598953266214839	-4195584
1598953266214847	-19924480
1598953266215039	-1024
1598953266215098	-1024
1598953266215136	-256
1598953266215190	-12845056
1598953266215278	-2359296
1598953266215293	12845056
1598953266215294	1024
1598953266215295	1024
1598953266215297	256
1598953266216053	256
1598953266216150	-22284288
1598953266216152	-12845056
1598953266216154	-1024
1598953266216159	-1024
1598953266216161	-256
1598953266216161	-256
1598953266216218	-4194816
1598953266216234	51380224
1598953266216242	1048832
1598953266216268	51380224
1598953266216288	4352
1598953266217260	-51380224
1598953266217263	-4352
1598953266217263	-1048832
1598953266217288	1048832
1598953266217296	1049088
1598953266217313	4352
1598953266217431	-4352
1598953266217433	-1049088
1598953266217441	-12845056
1598953266217481	-1024
1598953266217512	-1024
1598953266217592	-51380224
1598953266217695	-1048576
1598953266217803	-51380224
1598953266218425	-1048832
1598953266218539	51388416
1598953266218542	4352
1598953266218545	4096
1598953266218547	256
1598953266218639	256
1598953266218747	-51380224
1598953266218749	-4096
1598953266218755	-4096
1598953266218759	-256
1598953266218760	-256
1598953266218785	12845056
1598953266218793	1048576
1598953266218828	15994112
1598953266218848	3584
1598953266219684	-12845056
1598953266219687	-3584
1598953266219689	-1048576
1598953266219716	1048576
1598953266219724	1049344
1598953266219742	2560
1598953266219878	-2560
1598953266219881	-1049344
1598953266219890	-51388416
1598953266219942	-4352
1598953266219983	-4096
1598953266220022	-12849152
1598953266220062	-1048576
1598953266220075	12849152
1598953266220076	1024
1598953266220077	1024
1598953266220078	256
1598953266220105	256
1598953266220185	-15994112
1598953266220187	-12845056
1598953266220188	-1024
1598953266220189	-1024
1598953266220191	-256
1598953266220191	-256
1598953266220244	-1048576
1598953266220256	12845056
1598953266220262	4194816
1598953266221078	12845056
1598953266221095	191102976
1598953266222201	-12845056
1598953266222203	-191102976
1598953266222205	-4194816
1598953266222232	4194816
1598953266222240	2359296
1598953266222257	84934656
1598953266222454	-84934656
1598953266222458	-2359296
1598953266222466	-12849152
1598953266222614	-1024
1598953266222658	-1024
1598953266222698	-12845056
1598953266222738	-2359296
1598953266222751	19140608
1598953266222752	1024
1598953266222753	1024
1598953266222754	256
1598953266222874	256
1598953266222988	-12845056
1598953266222989	-12845056
1598953266222990	-1024
1598953266222991	-1024
1598953266222993	-256
1598953266222993	-256
1598953266223047	-4194816
1598953266223062	51384320
1598953266223068	1048832
1598953266223096	51380224
1598953266223113	6144
1598953266223937	-51384320
1598953266223940	-6144
1598953266223940	-1048832
1598953266223968	1048832
1598953266223975	1048576
1598953266223992	3328
1598953266225097	-3328
1598953266225100	-1048576
1598953266225110	-19140608
1598953266225159	-1024
1598953266225199	-1024
1598953266225236	-51380224
1598953266225273	-1048576
1598953266225309	-51380224
1598953266225350	-1048832
1598953266225363	51380224
1598953266225363	4352
1598953266225364	6144
1598953266225365	256
1598953266225410	256
1598953266225566	-51380224
1598953266225567	-4096
1598953266225568	-4096
1598953266225570	-256
1598953266225570	-256
1598953266225591	51380224
1598953266225592	4096
1598953266225592	4096
1598953266225593	256
1598953266225622	256
1598953266226281	-51380224
1598953266226284	-51380224
1598953266226284	-4096
1598953266226285	-4096
1598953266226287	-256
1598953266226287	-256
1598953266226316	102760448
1598953266226323	2359296
1598953266226355	102760448
1598953266226466	-102760448
1598953266226469	-2359296
1598953266226497	2359296
1598953266226505	2097152
1598953266226523	2560
1598953266227507	-2560
1598953266227511	-2097152
1598953266227520	-51380224
1598953266227568	-4352
1598953266227606	-6144
1598953266227618	12845056
1598953266227624	1048832
1598953266227651	19924480
1598953266227667	4352
1598953266227745	-12845056
1598953266227748	-4352
1598953266227749	-1048832
1598953266227775	1048832
1598953266227782	1048576
1598953266227798	4352
1598953266228869	-4352
1598953266228872	-1048576
1598953266228881	-51380224
1598953266228927	-4096
1598953266228968	-4096
1598953266229006	-2097152
1598953266230035	-12845056
1598953266230088	-1048576
1598953266230135	-2359296
1598953266230148	12845056
1598953266230148	1024
1598953266230149	1024
1598953266230150	256
1598953266230173	256
1598953266230316	-19924480
1598953266230317	-12845056
1598953266230318	-1024
1598953266230319	-1024
1598953266230321	-256
1598953266230322	-256
1598953266230380	-1048832
1598953266230392	19924480
1598953266230398	2359296
1598953266230449	12845056
1598953266230465	191102976
1598953266230564	-19924480
1598953266230566	-191102976
1598953266230568	-2359296
1598953266230598	2359296
1598953266230605	4194816
1598953266230622	128450560
1598953266231054	-128450560
1598953266231057	-4194816
1598953266231065	-12845056
1598953266231163	-1024
1598953266233512	-1024
1598953266233554	-12845056
1598953266233588	-2359296
1598953266233605	21238016
1598953266233606	1024
1598953266233607	1024
1598953266233608	256
1598953266235973	256
1598953266236133	-12845056
1598953266236134	-12845056
1598953266236136	-1024
1598953266236136	-1024
1598953266236138	-256
1598953266236138	-256
1598953266236195	-2359296
1598953266236210	102760448
1598953266236216	524288
1598953266236243	154157056
1598953266236345	-102760448
1598953266236347	-524288
1598953266236375	524288
1598953266236382	524544
1598953266236399	4352
1598953266237167	-4352
1598953266237169	-524544
1598953266237178	-21238016
1598953266238197	-1024
1598953266238249	-1024
1598953266238289	-154157056
1598953266238324	-524288
1598953266238364	-102760448
1598953266238399	-524288
1598953266238414	102762496
1598953266238414	2048
1598953266238415	2048
1598953266238416	256
1598953266238439	256
1598953266238537	-102760448
1598953266238538	-2048
1598953266238539	-2048
1598953266238541	-256
1598953266238541	-256
1598953266238573	32769536
1598953266238580	262144
1598953266238613	34083072
1598953266238630	6912
1598953266238706	-32769536
1598953266238708	-6912
1598953266238709	-262144
1598953266238736	262144
1598953266238743	262144
1598953266238761	2560
1598953266239623	-2560
1598953266239626	-262144
1598953266239634	-102762496
1598953266239702	-2048
1598953266239767	-2048
1598953266240392	-25690112
1598953266240497	-262144
1598953266240508	32769536
1598953266240510	512
1598953266240510	512
1598953266240511	256
1598953266240796	256
1598953266240874	-34083072
1598953266240875	-25690112
1598953266240877	-512
1598953266240877	-512
1598953266240879	-256
1598953266240879	-256
1598953266240930	-262144
1598953266240955	34083072
1598953266240962	1048832
1598953266240991	25690112
1598953266241008	117964800
1598953266241101	-34083072
1598953266241103	-117964800
1598953266241105	-1048832
1598953266241132	1048832
1598953266241140	589824
1598953266241156	117964800
1598953266241861	-117964800
1598953266241864	-589824
1598953266241872	-32769536
1598953266241924	-512
1598953266241963	-512
1598953266242516	-25690112
1598953266242556	-589824
1598953266242569	25690112
1598953266242570	512
1598953266242571	512
1598953266242571	256
1598953266242598	256
1598953266242675	-25690112
1598953266242677	-25690112
1598953266242678	-512
1598953266242678	-512
1598953266242680	-256
1598953266242680	-256
1598953266242865	-1048832
1598953266242885	102760448
1598953266242892	262144
1598953266242920	102760448
1598953266242937	6912
1598953266243220	-102760448
1598953266243222	-6912
1598953266243223	-262144
1598953266243251	262144
1598953266243258	262144
1598953266243275	4352
1598953266244634	-4352
1598953266244637	-262144
1598953266244646	-25690112
1598953266244693	-512
1598953266244732	-512
1598953266245606	-102760448
1598953266245645	-262144
1598953266245687	-102760448
1598953266245723	-262144
1598953266245735	102762496
1598953266245736	2048
1598953266245737	2048
1598953266245738	256
1598953266245764	256
1598953266245842	-102760448
1598953266245843	-2048
1598953266245844	-2048
1598953266245847	-256
1598953266245847	-256
1598953266245868	32769536
1598953266245874	262144
1598953266245904	34083072
1598953266245921	6912
1598953266245999	-32769536
1598953266246001	-6912
1598953266246003	-262144
1598953266246027	262144
1598953266246034	262144
1598953266246050	2560
1598953266247062	-2560
1598953266247066	-262144
1598953266247074	-102762496
1598953266247828	-2048
1598953266247869	-2048
1598953266247908	-25690112
1598953266247945	-262144
1598953266247966	32769536
1598953266247967	512
1598953266247968	512
1598953266247969	256
1598953266247993	256
1598953266248073	-34083072
1598953266248074	-25690112
1598953266248075	-512
1598953266248075	-512
1598953266248077	-256
1598953266248078	-256
1598953266248134	-262144
1598953266248145	34083072
1598953266248151	589824
1598953266248178	25690112
1598953266248194	117964800
1598953266248286	-34083072
1598953266248288	-117964800
1598953266248289	-589824
1598953266248320	589824
1598953266248328	589824
1598953266248345	117964800
1598953266249283	-117964800
1598953266249286	-589824
1598953266249295	-32769536
1598953266250216	-512
1598953266250254	-512
1598953266250293	-25690112
1598953266250333	-589824
1598953266250343	25690112
1598953266250344	512
1598953266250345	512
1598953266250346	256
1598953266250537	256
1598953266250615	-25690112
1598953266250617	-25690112
1598953266250618	-512
1598953266250623	-512
1598953266250625	-256
1598953266250625	-256
1598953266250857	-589824
1598953266250874	102760448
1598953266250880	262144
1598953266250907	102760448
1598953266250924	6912
1598953266251319	-102760448
1598953266251322	-6912
1598953266251323	-262144
1598953266251350	262144
1598953266251357	262144
1598953266251373	3072
1598953266252343	-3072
1598953266252346	-262144
1598953266252354	-25690112
1598953266252401	-512
1598953266253299	-512
1598953266253335	-102760448
1598953266253375	-262144
1598953266253413	-102760448
1598953266253450	-262144
1598953266253465	102764544
1598953266253466	2048
1598953266253466	2304
1598953266253467	256
1598953266253490	256
1598953266253567	-102760448
1598953266253569	-2048
1598953266253569	-2048
1598953266253572	-256
1598953266253572	-256
1598953266253592	32769536
1598953266253598	262144
1598953266253629	34083072
1598953266253646	6912
1598953266253874	-32769536
1598953266253877	-6912
1598953266253878	-262144
1598953266253904	262144
1598953266253911	262144
1598953266253928	2560
1598953266255468	-2560
1598953266255471	-262144
1598953266255479	-102764544
1598953266255527	-2048
1598953266255566	-2304
1598953266255605	-25692160
1598953266255638	-262144
1598953266255653	25692160
1598953266255654	512
1598953266255654	512
1598953266255655	256
1598953266255677	256
1598953266255756	-34083072
1598953266255758	-25690112
1598953266255758	-512
1598953266255759	-512
1598953266255761	-256
1598953266255761	-256
1598953266255816	-262144
1598953266255828	25690112
1598953266255834	589824
1598953266255860	32769536
1598953266255877	117964800
1598953266255965	-25690112
1598953266255967	-117964800
1598953266255969	-589824
1598953266255999	589824
1598953266256007	589824
1598953266256024	117964800
1598953266257848	-117964800
1598953266257851	-589824
1598953266257860	-25692160
1598953266257914	-512
1598953266258107	-512
1598953266258165	-25690112
1598953266258209	-589824
1598953266258222	34083072
1598953266258223	512
1598953266258223	512
1598953266258224	256
1598953266258468	256
1598953266258549	-32769536
1598953266258550	-25690112
1598953266258551	-512
1598953266258555	-512
1598953266258557	-256
1598953266258557	-256
1598953266258610	-589824
1598953266258627	102762496
1598953266258633	262144
1598953266258660	102760448
1598953266258677	6912
1598953266258984	-102762496
1598953266258986	-6912
1598953266258988	-262144
1598953266259014	262144
1598953266259020	262144
1598953266259037	4352
1598953266260904	-4352
1598953266260906	-262144
1598953266260915	-34083072
1598953266260963	-512
1598953266261003	-512
1598953266261038	-102760448
1598953266261076	-262144
1598953266261116	-102760448
1598953266261152	-262144
1598953266261165	102762496
1598953266261166	2048
1598953266261167	2304
1598953266261167	256
1598953266261190	256
1598953266261270	-102760448
1598953266261271	-2048
1598953266261272	-2048
1598953266261274	-256
1598953266261274	-256
1598953266261293	102760448
1598953266261294	2048
1598953266261295	2048
1598953266261295	256
1598953266261329	256
1598953266261549	-102760448
1598953266261551	-102760448
1598953266261552	-2048
1598953266261553	-2048
1598953266261554	-256
1598953266261555	-256
1598953266261575	205520896
1598953266261581	524288
1598953266262029	205520896
1598953266262270	-205520896
1598953266262272	-524288
1598953266262300	524288
1598953266262307	589824
1598953266262330	2560
1598953266263215	-2560
1598953266263218	-589824
1598953266263227	-102762496
1598953266263274	-2048
1598953266263314	-2304
1598953266263327	32769536
1598953266263334	262144
1598953266263364	34083072
1598953266263380	6912
1598953266263491	-32769536
1598953266263494	-6912
1598953266263495	-262144
1598953266263520	262144
1598953266263526	262144
1598953266263542	4352
1598953266264547	-4352
1598953266264550	-262144
1598953266264558	-102760448
1598953266264603	-2048
1598953266264641	-2048
1598953266265510	-524288
1598953266265552	-25690112
1598953266265586	-262144
1598953266265624	-524288
1598953266265638	32769536
1598953266265639	512
1598953266265640	512
1598953266265641	256
1598953266265839	256
1598953266265918	-34083072
1598953266265919	-25690112
1598953266265920	-512
1598953266265921	-512
1598953266265922	-256
1598953266265923	-256
1598953266266161	-262144
1598953266266181	34084096
1598953266266188	589824
1598953266266218	25690112
1598953266266234	179836928
1598953266266633	-34084096
1598953266266635	-179836928
1598953266266636	-589824
1598953266266666	589824
1598953266266673	589824
1598953266266690	179836928
1598953266268564	-179836928
1598953266268566	-589824
1598953266268574	-32769536
1598953266268622	-512
1598953266268661	-512
1598953266268700	-25690112
1598953266268735	-589824
1598953266268750	32769536
1598953266268751	512
1598953266268751	512
1598953266268752	256
1598953266268775	256
1598953266268853	-25690112
1598953266268854	-38525184
1598953266268856	-512
1598953266268857	-512
1598953266268858	-256
1598953266268859	-256
1598953266268914	-589824
1598953266268927	205520896
1598953266268933	261120
1598953266268960	282599424
1598953266269112	-205520896
1598953266269114	-261120
1598953266269141	261120
1598953266269155	131072
1598953266269173	2560
1598953266270642	-2560
1598953266270646	-131072
1598953266270654	-32769536
1598953266270704	-512
1598953266270744	-512
1598953266270782	-282599424
1598953266270816	-131072
1598953266270855	-205520896
1598953266270899	-261120
1598953266270911	205520896
1598953266270912	1024
1598953266270913	1024
1598953266270914	256
1598953266270936	256
1598953266271016	-205520896
1598953266271017	-1024
1598953266271018	-1024
1598953266271020	-256
1598953266271021	-256
1598953266271041	51380224
1598953266271047	129024
1598953266271083	51380224
1598953266271100	21248
1598953266271178	-51380224
1598953266271181	-21248
1598953266271182	-129024
1598953266271208	129024
1598953266271216	65536
1598953266271232	3072
1598953266273017	-3072
1598953266273020	-65536
1598953266273028	-205520896
1598953266273081	-1024
1598953266273115	-1024
1598953266273155	-51380224
1598953266273360	-65536
1598953266273373	51380224
1598953266273374	256
1598953266273374	256
1598953266273375	256
1598953266273399	256
1598953266273726	-51380224
1598953266273728	-51380224
1598953266273728	-256
1598953266273729	-256
1598953266273731	-256
1598953266273732	-256
1598953266273788	-129024
1598953266273800	51380224
1598953266273806	262144
1598953266273833	51380224
1598953266273853	89178112
1598953266274329	-51380224
1598953266274331	-89178112
1598953266274333	-262144
1598953266274361	262144
1598953266274369	262144
1598953266274387	5632
1598953266275142	-5632
1598953266275145	-262144
1598953266275153	-51380224
1598953266275208	-256
1598953266276089	-256
1598953266276129	-51380224
1598953266276168	-147456
1598953266276180	51380224
1598953266276181	256
1598953266276181	256
1598953266276182	256
1598953266276208	256
1598953266276286	-51380224
1598953266276288	-51380224
1598953266276289	-256
1598953266276290	-256
1598953266276292	-256
1598953266276293	-256
1598953266276345	-262144
1598953266276360	205520896
1598953266276367	65536
1598953266276394	205520896
1598953266276410	21248
1598953266276484	-205520896
1598953266276486	-21248
1598953266276488	-65536
1598953266276514	65536
1598953266276521	65536
1598953266276538	3072
1598953266277519	-3072
1598953266277522	-65536
1598953266277531	-51380224
1598953266278178	-256
1598953266278220	-256
1598953266278254	-205520896
1598953266278293	-65536
1598953266278331	-205520896
1598953266278367	-65536
1598953266278382	205520896
1598953266278383	1024
1598953266278383	1024
1598953266278384	256
1598953266278408	256
1598953266278488	-205520896
1598953266278489	-1024
1598953266278490	-1024
1598953266278492	-256
1598953266278493	-256
1598953266278513	51380224
1598953266278519	65536
1598953266278551	51380224
1598953266278572	21248
1598953266278649	-51380224
1598953266278652	-21248
1598953266278654	-65536
1598953266278681	65536
1598953266278688	65536
1598953266278704	3072
1598953266279630	-3072
1598953266279633	-65536
1598953266279641	-205520896
1598953266280560	-1024
1598953266280599	-1024
1598953266280640	-51380224
1598953266280674	-65536
1598953266280689	51380224
1598953266280690	256
1598953266280690	256
1598953266280691	256
1598953266280891	256
1598953266280970	-51380224
1598953266280972	-51380224
1598953266280972	-256
1598953266280973	-256
1598953266280975	-256
1598953266280976	-256
1598953266281211	-65536
1598953266281225	51380224
1598953266281231	262144
1598953266281259	51380224
1598953266281276	89178112
1598953266281541	-51380224
1598953266281544	-89178112
1598953266281545	-262144
1598953266281578	262144
1598953266281585	262144
1598953266281602	5632
1598953266282299	-5632
1598953266282302	-262144
1598953266282311	-51380224
1598953266285051	-256
1598953266285087	-256
1598953266285124	-51380224
1598953266287030	-147456
1598953266287043	51380224
1598953266287044	256
1598953266287044	256
1598953266287045	256
1598953266287069	256
1598953266287147	-51380224
1598953266287149	-51380224
1598953266287150	-256
1598953266287151	-256
1598953266287153	-256
1598953266287153	-256
1598953266287209	-262144
1598953266287221	205520896
1598953266287231	65536
1598953266287258	205520896
1598953266287275	21248
1598953266288091	-205520896
1598953266288094	-21248
1598953266288095	-65536
1598953266288121	65536
1598953266288128	65536
1598953266288145	3072
1598953266289114	-3072
1598953266289117	-65536
1598953266289125	-51380224
1598953266289174	-256
1598953266289213	-256
1598953266289247	-205520896
1598953266289287	-65536
1598953266289324	-205520896
1598953266289361	-65536
1598953266289375	205520896
1598953266289376	1024
1598953266289376	1024
1598953266289377	256
1598953266289400	256
1598953266289498	-205520896
1598953266289500	-1024
1598953266289501	-1024
1598953266289503	-256
1598953266289503	-256
1598953266289523	205520896
1598953266289524	1024
1598953266289525	1024
1598953266289526	256
1598953266289557	256
1598953266289632	-205520896
1598953266289634	-205520896
1598953266289635	-1024
1598953266289635	-1024
1598953266289637	-256
1598953266289637	-256
1598953266289658	83471872
1598953266289664	126976
1598953266289754	51380224
1598953266289771	21248
1598953266290527	-83471872
1598953266290529	-21248
1598953266290531	-126976
1598953266290558	126976
1598953266290565	65536
1598953266290582	3072
1598953266291477	-3072
1598953266291480	-65536
1598953266291488	-205520896
1598953266291534	-1024
1598953266291574	-1024
1598953266291585	83471872
1598953266291591	65536
1598953266291621	51380224
1598953266291638	21248
1598953266291763	-83471872
1598953266291765	-21248
1598953266291767	-65536
1598953266291793	65536
1598953266291800	65536
1598953266291817	3072
1598953266293016	-3072
1598953266293019	-65536
1598953266293027	-205520896
1598953266293071	-1024
1598953266293570	-1024
1598953266293608	-65536
1598953266293648	-51380224
1598953266293684	-65536
1598953266294181	-126976
1598953266294196	51380224
1598953266294196	256
1598953266294197	256
1598953266294198	256
1598953266294222	256
1598953266294836	-51380224
1598953266294838	-51380224
1598953266294839	-256
1598953266294840	-256
1598953266294841	-256
1598953266294842	-256
1598953266294892	-65536
1598953266294908	85176832
1598953266294915	262144
1598953266294942	51380224
1598953266294957	154140672
1598953266295798	-85176832
1598953266295800	-154140672
1598953266295801	-262144
1598953266295828	262144
1598953266295837	147456
1598953266295858	5632
1598953266296546	-5632
1598953266296549	-147456
1598953266296558	-51380224
1598953266296604	-256
1598953266296645	-256
1598953266297532	-51380224
1598953266297570	-147456
1598953266297585	85176832
1598953266297585	256
1598953266297586	256
1598953266297587	256
1598953266297610	256
1598953266297689	-51380224
1598953266297691	-51380224
1598953266297692	-256
1598953266297692	-256
1598953266297694	-256
1598953266297694	-256
1598953266297750	-262144
1598953266297762	51380224
1598953266297769	16384
1598953266297795	51380224
1598953266297812	21248
1598953266297981	-51380224
1598953266297983	-21248
1598953266297984	-16384
1598953266298010	16384
1598953266298017	16384
1598953266298033	3072
1598953266298939	-3072
1598953266298942	-16384
1598953266298950	-85176832
1598953266299141	-256
1598953266299328	-256
1598953266299996	-51380224
1598953266300034	-16384
1598953266300050	205520896
1598953266300128	-51380224
1598953266300129	-51380224
1598953266300179	-16384
1598953266300214	-205520896
1598953266300227	256901120
1598953266300228	256
1598953266300229	256
1598953266300233	256
1598953266300256	256
1598953266300338	-205520896
1598953266300340	-205520896
1598953266300341	-256
1598953266300342	-256
1598953266300343	-256
1598953266300344	-256
1598953266300365	37632
1598953266300373	37632
1598953266300390	35840
1598953266300521	-35840
1598953266300524	-37632
1598953266300533	-40627200
1598953266300534	-256901120
1598953266301600	-256
1598953266301639	-256
1598953266301675	-37632
1598953266301714	-256
1598953266301715	-37632
