0.000244140625
0.000244140625
0.000244140625
0.000244140625
0.000244140625
0.000244140625
0.000244140625
0.0087890625
0.000244140625
0.000244140625
0.0087890625
0.000244140625
0.000244140625
0.0087890625
0.000244140625
0.000244140625
0.000244140625
0.000244140625
0.000244140625
0.000244140625
0.000244140625
0.0087890625
0.0087890625
0.000244140625
0.000244140625
0.000244140625
0.000244140625
0.000244140625
0.000244140625
0.0087890625
0.000244140625
0.0087890625
0.0087890625
0.000244140625
0.0087890625
0.0087890625
0.000244140625
0.0087890625
0.000244140625
0.000244140625
0.0087890625
0.0087890625
0.0087890625
0.000244140625
0.0087890625
0.000244140625
0.0087890625
0.0087890625
0.000244140625
0.0087890625
0.000244140625
0.000244140625
0.000244140625
0.10791015625
0.08056640625
0.03369140625
214.8125
0.08056640625
0.08056640625
214.8125
0.08056640625
0.08056640625
214.8125
0.08056640625
0.504638671875
0.129638671875
266.2109375
0.254638671875
0.254638671875
266.2109375
0.254638671875
0.254638671875
266.2109375
0.254638671875
0.254638671875
266.2109375
0.254638671875
0.501220703125
2.001220703125
227.25
1.001220703125
1.001220703125
227.25
1.001220703125
1.001953125
227.25
1.001220703125
1.001953125
227.25
1.001220703125
1.001953125
227.25
1.001220703125
1.001953125
227.25
1.001220703125
8.00048828125
2.00048828125
153.0
4.00048828125
4.00048828125
161.80859375
4.00048828125
4.00048828125
153.0
4.00048828125
0.000732421875
25.61767578125
4.00390625
170.80078125
158.42578125
122.26904296875
7.82470703125
21.8046875
7.82470703125
170.80859375
158.42578125
75.20703125
4.00390625
151.40625
9.00439453125
21.8046875
4.00390625
204.80859375
195.008544921875
144.40625
2.00390625
36.60498046875
1.0029296875
290.4765625
248.8515625
143.410400390625
1.00390625
36.605224609375
1.00244140625
290.4765625
248.8515625
143.41015625
1.00439453125
36.60498046875
1.0029296875
290.4765625
248.8515625
143.41015625
1.00439453125
36.60498046875
1.0029296875
288.72705078125
248.8515625
143.41015625
1.00439453125
36.60546875
1.00244140625
300.37841796875
248.8515625
143.41064453125
1.00390625
286.8125
2.00244140625
36.60546875
1.00390625
290.4765625
248.8515625
285.3125
0.504150390625
71.459716796875
0.25244140625
337.851806640625
323.66455078125
285.0693359375
0.25390625
71.4599609375
0.25244140625
337.4140625
323.664306640625
285.0693359375
0.25390625
71.4599609375
0.25244140625
337.416015625
323.2265625
285.0693359375
0.25390625
570.1875
0.56494140625
71.4599609375
0.25390625
337.4140625
427.787109375
569.75
0.129150390625
142.489013671875
0.06640625
357.328369140625
909.796875
569.707763671875
0.06640625
142.489013671875
0.06640625
357.21875
909.796875
569.707763671875
0.0654296875
142.4892578125
0.0654296875
142.489013671875
0.0654296875
357.21875
909.796875
142.442138671875
0.0185546875
0.070068359375
