1599710278599176	0.000244140625
1599710278599279	0.000244140625
1599710278599348	0.000244140625
1599710278599374	-0.000244140625
1599710278599571	0.000244140625
1599710278599718	0.000244140625
1599710278599787	0.000244140625
1599710278599859	-0.000244140625
1599710278599982	0.000244140625
1599710278600052	-0.000244140625
1599710278600174	0.000244140625
1599710278600314	0.000244140625
1599710278600398	-0.000244140625
1599710278600515	0.000244140625
1599710278600587	-0.000244140625
1599710278600633	0.000244140625
1599710278600810	-0.000244140625
1599710278600810	-0.000244140625
1599710278600810	-0.000244140625
1599710278600810	-0.000244140625
1599710278600810	-0.000244140625
1599710278600858	0.000244140625
1599710278600878	-0.000244140625
1599710278600878	-0.000244140625
1599710278602709	0.000244140625
1599710278603613	0.000244140625
1599710278603613	0.0087890625
1599710278603672	-0.0087890625
1599710278603723	2.25
1599710278603806	0.000244140625
1599710278603806	0.0087890625
1599710278603851	-0.0087890625
1599710278603884	9.0
1599710278603957	0.000244140625
1599710278603957	0.0087890625
1599710278604001	-0.0087890625
1599710278604031	2.25
1599710278604081	0.000244140625
1599710278604081	0.000244140625
1599710278604126	-0.000244140625
1599710278604153	1.0
1599710278604200	0.000244140625
1599710278604200	0.000244140625
1599710278604240	-0.000244140625
1599710278604267	1.0
1599710278604333	0.000244140625
1599710278604333	0.0087890625
1599710278604377	-0.0087890625
1599710278604412	8.0
1599710278604479	0.000244140625
1599710278604479	0.0087890625
1599710278604523	-0.0087890625
1599710278604550	9.0
1599710278604599	0.000244140625
1599710278604599	0.000244140625
1599710278604639	-0.000244140625
1599710278604666	1.0
1599710278604712	0.000244140625
1599710278604712	0.000244140625
1599710278604752	-0.000244140625
1599710278604778	0.0625
1599710278604821	0.000244140625
1599710278604821	0.000244140625
1599710278604860	-0.000244140625
1599710278604887	0.0625
1599710278604947	0.000244140625
1599710278604947	0.0087890625
1599710278604989	-0.0087890625
1599710278605018	7.8203125
1599710278605071	0.000244140625
1599710278605071	0.000244140625
1599710278605111	-0.000244140625
1599710278605138	0.5625
1599710278605204	0.000244140625
1599710278605204	0.0087890625
1599710278605248	-0.0087890625
1599710278605275	9.0
1599710278605322	0.000244140625
1599710278605322	0.000244140625
1599710278605361	-0.000244140625
1599710278605388	0.25
1599710278605451	0.000244140625
1599710278605451	0.0087890625
1599710278605492	-0.0087890625
1599710278605520	2.0
1599710278605584	0.000244140625
1599710278605584	0.0087890625
1599710278605624	-0.0087890625
1599710278605652	4.0
1599710278605699	0.000244140625
1599710278605699	0.000244140625
1599710278605742	-0.000244140625
1599710278605769	1.0
1599710278605815	0.000244140625
1599710278605815	0.000244140625
1599710278605854	-0.000244140625
1599710278605881	0.0625
1599710278605924	0.000244140625
1599710278605924	0.000244140625
1599710278605964	-0.000244140625
1599710278605990	0.0625
1599710278606033	0.000244140625
1599710278606033	0.000244140625
1599710278606072	-0.000244140625
1599710278606098	0.0625
1599710278607749	0.000244140625
1599710278607749	0.000244140625
1599710278607793	-0.000244140625
1599710278607824	1.0
1599710278607925	36.75
1599710278608317	0.000244140625
1599710278608317	0.000244140625
1599710278608328	-0.000244140625
1599710278608329	0.035888671875
1599710278608336	0.000244140625
1599710278608347	0.015625
1599710278608353	0.000244140625
1599710278608353	0.000244140625
1599710278608366	-0.000244140625
1599710278608367	0.140625
1599710278608373	0.000244140625
1599710278608373	0.000244140625
1599710278608387	-0.000244140625
1599710278608388	0.25
1599710278608408	0.000244140625
1599710278608408	0.000244140625
1599710278608447	-0.000244140625
1599710278608474	0.5625
1599710278608541	0.000244140625
1599710278608541	0.0087890625
1599710278608584	-0.0087890625
1599710278608613	2.25
1599710278608663	0.000244140625
1599710278608663	0.000244140625
1599710278608702	-0.000244140625
1599710278608730	0.25
1599710278608797	0.000244140625
1599710278608797	0.0087890625
1599710278608839	-0.0087890625
1599710278608868	2.25
1599710278608915	0.000244140625
1599710278608915	0.000244140625
1599710278608954	-0.000244140625
1599710278608981	0.25
1599710278609026	0.000244140625
1599710278609026	0.000244140625
1599710278609066	-0.000244140625
1599710278609092	0.5
1599710278609140	0.000244140625
1599710278609140	0.000244140625
1599710278609179	-0.000244140625
1599710278609206	1.0
1599710278609253	0.000244140625
1599710278609253	0.000244140625
1599710278609292	-0.000244140625
1599710278609319	0.5
1599710278609368	0.000244140625
1599710278609368	0.000244140625
1599710278609407	-0.000244140625
1599710278609434	0.5625
1599710278609482	0.000244140625
1599710278609482	0.000244140625
1599710278609521	-0.000244140625
1599710278609548	0.140625
1599710278609594	0.000244140625
1599710278609594	0.000244140625
1599710278609643	-0.000244140625
1599710278609670	0.5625
1599710278609735	0.000244140625
1599710278609735	0.0087890625
1599710278609777	-0.0087890625
1599710278609804	4.0
1599710278609851	0.000244140625
1599710278609851	0.000244140625
1599710278609893	-0.000244140625
1599710278609920	1.0
1599710278609964	0.000244140625
1599710278610006	0.00390625
1599710278610048	0.000244140625
1599710278610048	0.000244140625
1599710278610088	-0.000244140625
1599710278610132	0.125
1599710278610183	0.000244140625
1599710278610183	0.000244140625
1599710278610223	-0.000244140625
1599710278610250	0.25
1599710278610296	0.000244140625
1599710278610296	0.000244140625
1599710278610335	-0.000244140625
1599710278610360	0.25
1599710278610406	0.000244140625
1599710278610406	0.000244140625
1599710278610445	-0.000244140625
1599710278610470	0.25
1599710278610515	0.000244140625
1599710278610515	0.000244140625
1599710278610554	-0.000244140625
1599710278610582	0.0625
1599710278610625	0.000244140625
1599710278610625	0.000244140625
1599710278610664	-0.000244140625
1599710278610690	1.0
1599710278610755	0.000244140625
1599710278610755	0.0087890625
1599710278610796	-0.0087890625
1599710278610825	4.0
1599710278610889	0.000244140625
1599710278610889	0.0087890625
1599710278610929	-0.0087890625
1599710278610958	2.25
1599710278611004	0.000244140625
1599710278611004	0.000244140625
1599710278611045	-0.000244140625
1599710278611070	1.0
1599710278611135	0.000244140625
1599710278611135	0.0087890625
1599710278611176	-0.0087890625
1599710278611203	4.0
1599710278611254	0.000244140625
1599710278611254	0.000244140625
1599710278611294	-0.000244140625
1599710278611321	1.0
1599710278611384	0.000244140625
1599710278611384	0.0087890625
1599710278611425	-0.0087890625
1599710278611453	2.25
1599710278611501	0.000244140625
1599710278611501	0.000244140625
1599710278611541	-0.000244140625
1599710278611567	0.140625
1599710278611633	0.000244140625
1599710278611633	0.0087890625
1599710278611674	-0.0087890625
1599710278611704	2.0
1599710278611751	0.000244140625
1599710278611751	0.000244140625
1599710278611791	-0.000244140625
1599710278611817	1.0
1599710278611880	0.000244140625
1599710278611880	0.0087890625
1599710278611921	-0.0087890625
1599710278611952	4.0
1599710278612022	38.7451171875
1599710278612225	-36.75
1599710278612268	-0.000244140625
1599710278612268	-0.000244140625
1599710278612268	-0.000244140625
1599710278612268	-0.000244140625
1599710278612268	-0.000244140625
1599710278612268	-0.000244140625
1599710278612268	-0.000244140625
1599710278612268	-0.000244140625
1599710278612268	-0.000244140625
1599710278612268	-0.000244140625
1599710278612268	-0.000244140625
1599710278612268	-0.000244140625
1599710278612268	-0.000244140625
1599710278612268	-0.000244140625
1599710278612268	-0.000244140625
1599710278612268	-0.000244140625
1599710278612268	-0.000244140625
1599710278612268	-0.000244140625
1599710278612268	-0.000244140625
1599710278612268	-0.000244140625
1599710278612268	-0.000244140625
1599710278612268	-0.000244140625
1599710278612268	-0.000244140625
1599710278612268	-0.000244140625
1599710278612268	-0.000244140625
1599710278612268	-0.000244140625
1599710278612268	-0.000244140625
1599710278612268	-0.000244140625
1599710278612268	-0.000244140625
1599710278612268	-0.000244140625
1599710278612268	-0.000244140625
1599710278612268	-0.000244140625
1599710278612268	-0.000244140625
1599710278612268	-0.000244140625
1599710278612268	-0.000244140625
1599710278612268	-0.000244140625
1599710278612268	-0.000244140625
1599710278612268	-0.000244140625
1599710278612268	-0.000244140625
1599710278612268	-0.000244140625
1599710278612268	-0.000244140625
1599710278612268	-0.000244140625
1599710278612268	-0.000244140625
1599710278612268	-0.000244140625
1599710278612268	-0.000244140625
1599710278612268	-0.000244140625
1599710278612268	-0.000244140625
1599710278612268	-0.000244140625
1599710278612268	-0.000244140625
1599710278612268	-0.000244140625
1599710278612268	-0.000244140625
1599710278612268	-0.000244140625
1599710278612268	-0.000244140625
1599710278612268	-0.000244140625
1599710278612378	196.0
1599710278612378	0.035888671875
1599710278612378	0.072021484375
1599710278614741	-0.035888671875
1599710278614741	-0.072021484375
1599710278614761	196.0
1599710278614761	0.000244140625
1599710278614761	0.000244140625
1599710278614761	0.000244140625
1599710278614761	0.000244140625
1599710278616757	-0.000244140625
1599710278616770	-0.000244140625
1599710278616771	49.0
1599710278617696	49.0
1599710278617696	0.015625
1599710278617696	0.01806640625
1599710278618009	-0.015625
1599710278618009	-0.01806640625
1599710278618011	196.0
1599710278618011	0.0625
1599710278618011	0.01806640625
1599710278619105	-0.0625
1599710278619105	-0.01806640625
1599710278619149	0.000244140625
1599710278619149	0.000244140625
1599710278619149	0.000244140625
1599710278619149	0.000244140625
1599710278619149	49.0
1599710278619449	0.0009765625
1599710278619449	0.0009765625
1599710278619449	0.001220703125
1599710278619449	0.0009765625
1599710278619449	196.0
1599710278620725	-0.000244140625
1599710278620734	-0.000244140625
1599710278620756	-0.0009765625
1599710278620760	49.0
1599710278620760	0.140625
1599710278620760	85.046875
1599710278622090	-0.140625
1599710278622090	-85.046875
1599710278622150	0.000244140625
1599710278622150	49.0
1599710278622150	0.000244140625
1599710278622150	0.000244140625
1599710278622150	0.000244140625
1599710278622489	-0.001220703125
1599710278622714	-0.000244140625
1599710278622725	-0.000244140625
1599710278622728	196.0
1599710278622728	0.0625
1599710278622728	0.01806640625
1599710278623809	-0.0625
1599710278623809	-0.01806640625
1599710278623847	0.0009765625
1599710278623847	0.0009765625
1599710278623847	196.0
1599710278623847	0.0009765625
1599710278623847	0.001220703125
1599710278626070	-196.0
1599710278626081	-0.0009765625
1599710278626921	49.0
1599710278626921	0.0625
1599710278626921	0.01806640625
1599710278627852	-0.0625
1599710278627852	-0.01806640625
1599710278627873	-0.001220703125
1599710278627888	0.000244140625
1599710278627888	49.0
1599710278627888	0.000244140625
1599710278627888	0.000244140625
1599710278627888	0.000244140625
1599710278628398	-0.000244140625
1599710278628412	49.0
1599710278628412	0.140625
1599710278628412	85.046875
1599710278629678	-0.140625
1599710278629678	-85.046875
1599710278629717	0.000244140625
1599710278629717	0.000244140625
1599710278629717	0.000244140625
1599710278629717	49.0
1599710278629717	0.000244140625
1599710278630035	-0.000244140625
1599710278630266	196.0
1599710278630266	0.0625
1599710278630266	0.01806640625
1599710278631350	-0.0625
1599710278631350	-0.01806640625
1599710278631371	-0.000244140625
1599710278631388	0.0009765625
1599710278631388	0.001220703125
1599710278631388	0.0009765625
1599710278631388	0.0009765625
1599710278631388	196.0
1599710278632441	-0.000244140625
1599710278633605	-196.0
1599710278633616	-0.0009765625
1599710278634455	49.0
1599710278634455	0.0625
1599710278634455	0.01806640625
1599710278635397	-0.0625
1599710278635397	-0.01806640625
1599710278635416	-0.001220703125
1599710278635427	0.000244140625
1599710278635427	49.0
1599710278635427	0.000244140625
1599710278635427	0.000244140625
1599710278635427	0.000244140625
1599710278635931	-0.000244140625
1599710278635946	49.0
1599710278635946	0.140625
1599710278635946	85.046875
1599710278637204	-0.140625
1599710278637204	-85.046875
1599710278637244	49.0
1599710278637244	0.000244140625
1599710278637244	0.000244140625
1599710278637244	0.000244140625
1599710278637244	0.000244140625
1599710278637561	-0.000244140625
1599710278637776	-0.000244140625
1599710278637786	-0.000244140625
1599710278637788	196.0
1599710278637788	0.0625
1599710278637788	0.01806640625
1599710278638870	-0.0625
1599710278638870	-0.01806640625
1599710278638898	0.001220703125
1599710278638898	0.0009765625
1599710278638898	196.0
1599710278638898	0.0009765625
1599710278638898	0.0009765625
1599710278641958	36.7412109375
1599710278641958	0.125
1599710278641958	0.004638671875
1599710278642474	-0.125
1599710278642474	-0.004638671875
1599710278642478	98.0
1599710278642478	0.5
1599710278642478	0.004638671875
1599710278644222	-0.5
1599710278644222	-0.004638671875
1599710278644233	-0.0009765625
1599710278644242	-0.001220703125
1599710278644254	0.000732421875
1599710278644254	0.00048828125
1599710278644254	0.00048828125
1599710278644254	24.5
1599710278644254	0.00048828125
1599710278644415	0.001953125
1599710278644415	0.001953125
1599710278644415	98.0
1599710278644415	0.001953125
1599710278644415	0.001953125
1599710278645093	-0.00048828125
1599710278645115	24.5
1599710278645115	0.5625
1599710278645115	112.5
1599710278646083	-0.5625
1599710278646083	-112.5
1599710278646140	0.00048828125
1599710278646140	0.00048828125
1599710278646140	0.00048828125
1599710278646140	0.00048828125
1599710278646140	24.5
1599710278646301	-0.00048828125
1599710278646320	-0.001953125
1599710278646328	-0.001953125
1599710278646456	-0.00048828125
1599710278646459	98.0
1599710278646459	0.25
1599710278646459	0.004638671875
1599710278647418	-0.25
1599710278647418	-0.004638671875
1599710278647460	0.001953125
1599710278647460	0.001953125
1599710278647460	0.001953125
1599710278647460	0.001953125
1599710278647460	98.0
1599710278648020	-0.00048828125
1599710278648608	-98.0
1599710278648618	-0.001953125
1599710278649052	24.5
1599710278649052	0.25
1599710278649052	0.004638671875
1599710278649985	-0.25
1599710278649985	-0.004638671875
1599710278650003	-0.001953125
1599710278650027	0.00048828125
1599710278650027	0.00048828125
1599710278650027	0.00048828125
1599710278650027	0.00048828125
1599710278650027	24.5
1599710278650288	-0.00048828125
1599710278650300	24.5
1599710278650300	0.5625
1599710278650300	112.5
1599710278651246	-0.5625
1599710278651246	-112.5
1599710278651286	0.00048828125
1599710278651286	0.00048828125
1599710278651286	0.00048828125
1599710278651286	24.5
1599710278651286	0.00048828125
1599710278651459	-0.00048828125
1599710278651587	98.0
1599710278651587	0.25
1599710278651587	0.004638671875
1599710278652547	-0.25
1599710278652547	-0.004638671875
1599710278652582	0.001953125
1599710278652582	0.001953125
1599710278652582	98.0
1599710278652582	0.001953125
1599710278652582	0.001953125
1599710278653152	-0.00048828125
1599710278653164	-0.00048828125
1599710278653752	-0.001953125
1599710278653761	-0.001953125
1599710278654187	24.5
1599710278654187	0.25
1599710278654187	0.004638671875
1599710278655121	-0.25
1599710278655121	-0.004638671875
1599710278655147	0.00048828125
1599710278655147	0.00048828125
1599710278655147	0.00048828125
1599710278655147	24.5
1599710278655147	0.00048828125
1599710278655409	-0.00048828125
1599710278655422	24.5
1599710278655422	0.5625
1599710278655422	112.5
1599710278656361	-0.5625
1599710278656361	-112.5
1599710278656391	0.00048828125
1599710278656391	0.00048828125
1599710278656391	24.5
1599710278656391	0.00048828125
1599710278656391	0.00048828125
1599710278656554	-0.00048828125
1599710278656669	-0.00048828125
1599710278656679	-0.00048828125
1599710278656682	98.0
1599710278656682	0.25
1599710278656682	0.004638671875
1599710278657638	-0.25
1599710278657638	-0.004638671875
1599710278657674	0.001953125
1599710278657674	0.001953125
1599710278657674	0.001953125
1599710278657674	0.001953125
1599710278657674	98.0
1599710278658822	-98.0
1599710278658833	-0.001953125
1599710278658840	-0.001953125
1599710278659267	24.5
1599710278659267	0.25
1599710278659267	0.004638671875
1599710278660200	-0.25
1599710278660200	-0.004638671875
1599710278660232	0.00048828125
1599710278660232	24.5
1599710278660232	0.00048828125
1599710278660232	0.00048828125
1599710278660232	0.00048828125
1599710278660513	24.5
1599710278660513	0.5625
1599710278660513	112.5
1599710278661450	-0.5625
1599710278661450	-112.5
1599710278661480	0.00048828125
1599710278661480	24.5
1599710278661480	0.00048828125
1599710278661480	0.00048828125
1599710278661480	0.00048828125
1599710278661642	-0.00048828125
1599710278661652	-0.00048828125
1599710278661778	-0.00048828125
1599710278661781	98.0
1599710278661781	0.25
1599710278661781	0.004638671875
1599710278662707	-0.25
1599710278662707	-0.004638671875
1599710278662735	0.001953125
1599710278662735	98.0
1599710278662735	0.001953125
1599710278662735	0.001953125
1599710278662735	0.001953125
1599710278663299	-0.00048828125
1599710278663877	-98.0
1599710278664304	49.0
1599710278664304	2.0
1599710278664304	0.001220703125
1599710278665971	-2.0
1599710278665971	-0.001220703125
1599710278665973	12.25
1599710278665973	0.5
1599710278665973	0.001220703125
1599710278666459	-0.5
1599710278666459	-0.001220703125
1599710278666465	-0.001953125
1599710278666471	-0.001953125
1599710278666476	49.0
1599710278666476	0.00390625
1599710278666476	0.00390625
1599710278666476	0.00390625
1599710278666476	0.00390625
1599710278666745	0.0009765625
1599710278666745	0.0009765625
1599710278666745	12.25
1599710278666745	0.0009765625
1599710278666745	0.0009765625
1599710278666832	-0.00390625
1599710278666891	-0.0009765625
1599710278666910	12.25
1599710278666910	2.25
1599710278666910	81.0
1599710278667815	-2.25
1599710278667815	-81.0
1599710278667833	-0.00390625
1599710278667843	0.0009765625
1599710278667843	12.25
1599710278667843	0.0009765625
1599710278667843	0.0009765625
1599710278667843	0.0009765625
1599710278667931	-0.0009765625
1599710278667989	-0.0009765625
1599710278667997	49.0
1599710278667997	1.0
1599710278667997	0.001220703125
1599710278668881	-1.0
1599710278668881	-0.001220703125
1599710278668899	0.005859375
1599710278668899	0.00390625
1599710278668899	49.0
1599710278668899	0.00390625
1599710278668899	0.00390625
1599710278669168	-0.0009765625
1599710278669455	-49.0
1599710278669681	12.25
1599710278669681	1.0
1599710278669681	0.001953125
1599710278670593	-1.0
1599710278670593	-0.001953125
1599710278670600	-0.005859375
1599710278670606	-0.00390625
1599710278670612	0.0009765625
1599710278670612	0.0009765625
1599710278670612	12.25
1599710278670612	0.0009765625
1599710278670612	0.0009765625
1599710278670754	12.25
1599710278670754	2.25
1599710278670754	81.0
1599710278671659	-2.25
1599710278671659	-81.0
1599710278671683	12.25390625
1599710278671683	0.0009765625
1599710278671683	0.0009765625
1599710278671683	0.0009765625
1599710278671683	0.0009765625
1599710278671764	-0.0009765625
1599710278671770	-0.0009765625
1599710278671828	-0.0009765625
1599710278671836	49.0
1599710278671836	1.0
1599710278671836	0.001953125
1599710278672721	-1.0
1599710278672721	-0.001953125
1599710278672739	0.00390625
1599710278672739	0.00390625
1599710278672739	0.00390625
1599710278672739	49.0
1599710278672739	0.00390625
1599710278673011	-0.0009765625
1599710278673297	-49.0
1599710278673304	-0.00390625
1599710278673310	-0.00390625
1599710278673524	12.25
1599710278673524	1.0
1599710278673524	0.001953125
1599710278674434	-1.0
1599710278674434	-0.001953125
1599710278674451	0.0009765625
1599710278674451	0.0009765625
1599710278674451	0.0009765625
1599710278674451	12.25
1599710278674451	0.0009765625
1599710278674593	-0.0009765625
1599710278674594	12.25
1599710278674594	2.25
1599710278674594	81.0
1599710278675498	-2.25
1599710278675498	-81.0
1599710278675515	0.0009765625
1599710278675515	12.25
1599710278675515	0.0009765625
1599710278675515	0.0009765625
1599710278675515	0.0009765625
1599710278675599	-0.0009765625
1599710278675671	49.0
1599710278675671	1.0
1599710278675671	0.001220703125
1599710278676561	-1.0
1599710278676561	-0.001220703125
1599710278676583	0.005859375
1599710278676583	0.00390625
1599710278676583	49.0
1599710278676583	0.00390625
1599710278676583	0.00390625
1599710278676848	-0.0009765625
1599710278676854	-0.0009765625
1599710278677141	-49.0
1599710278677153	-0.00390625
1599710278677369	12.25
1599710278677369	1.0
1599710278677369	0.001953125
1599710278678278	-1.0
1599710278678278	-0.001953125
1599710278678285	-0.005859375
1599710278678299	0.0009765625
1599710278678299	0.0009765625
1599710278678299	12.25
1599710278678299	0.0009765625
1599710278678299	0.0009765625
1599710278678434	-0.0009765625
1599710278678440	-0.0009765625
1599710278678442	12.25
1599710278678442	2.25
1599710278678442	81.0
1599710278679344	-2.25
1599710278679344	-81.0
1599710278679364	12.25
1599710278679364	0.0009765625
1599710278679364	0.0009765625
1599710278679364	0.0009765625
1599710278679364	0.0009765625
1599710278679521	-0.0009765625
1599710278679522	49.0
1599710278679522	1.0
1599710278679522	0.001220703125
1599710278680410	-1.0
1599710278680410	-0.001220703125
1599710278680430	0.00390625
1599710278680430	49.0
1599710278680430	0.005859375
1599710278680430	0.00390625
1599710278680430	0.00390625
1599710278680697	-0.0009765625
1599710278680989	-49.0
1599710278681001	-0.00390625
1599710278681216	12.25
1599710278681216	1.0
1599710278681216	0.001953125
1599710278682124	-1.0
1599710278682124	-0.001953125
1599710278682131	-0.005859375
1599710278682142	12.25
1599710278682142	0.0009765625
1599710278682142	0.0009765625
1599710278682142	0.0009765625
1599710278682142	0.0009765625
1599710278682283	12.25
1599710278682283	2.25
1599710278682283	81.0
1599710278683189	-2.25
1599710278683189	-81.0
1599710278683205	0.0009765625
1599710278683205	0.0009765625
1599710278683205	0.0009765625
1599710278683205	0.0009765625
1599710278683205	12.25
1599710278683288	-0.0009765625
1599710278683294	-0.0009765625
1599710278683359	49.0
1599710278683359	1.0
1599710278683359	0.001220703125
1599710278684247	-1.0
1599710278684247	-0.001220703125
1599710278684264	0.00390625
1599710278684264	0.005859375
1599710278684264	0.00390625
1599710278684264	49.0
1599710278684264	0.00390625
1599710278684527	-0.0009765625
1599710278684532	-0.0009765625
1599710278685046	12.25
1599710278685046	1.0
1599710278685046	0.001953125
1599710278685960	-1.0
1599710278685960	-0.001953125
1599710278685967	-0.005859375
1599710278685972	-0.00390625
1599710278685979	0.0009765625
1599710278685979	0.0009765625
1599710278685979	0.0009765625
1599710278685979	0.0009765625
1599710278685979	12.25
1599710278686120	-0.0009765625
1599710278686127	12.25
1599710278686127	2.25
1599710278686127	81.0
1599710278687049	-2.25
1599710278687049	-81.0
1599710278687078	0.0009765625
1599710278687078	0.0009765625
1599710278687078	0.0009765625
1599710278687078	12.25
1599710278687078	0.0009765625
1599710278687178	-0.0009765625
1599710278687255	-0.0009765625
1599710278687258	49.0
1599710278687258	1.0
1599710278687258	0.001220703125
1599710278688159	-1.0
1599710278688159	-0.001220703125
1599710278688185	0.00390625
1599710278688185	0.005859375
1599710278688185	0.00390625
1599710278688185	0.00390625
1599710278688185	49.0
1599710278688456	-0.0009765625
1599710278688776	-0.00390625
1599710278689016	6.125
1599710278689016	2.0
1599710278689016	0.00048828125
1599710278689518	-2.0
1599710278689518	-0.00048828125
1599710278689521	24.5
1599710278689521	8.0
1599710278689521	0.00048828125
1599710278691407	-8.0
1599710278691407	-0.00048828125
1599710278691417	-0.005859375
1599710278691433	6.125
1599710278691433	0.001953125
1599710278691433	0.001953125
1599710278691433	0.001953125
1599710278691433	0.001953125
1599710278691497	0.0078125
1599710278691497	0.0078125
1599710278691497	0.0078125
1599710278691497	0.0078125
1599710278691497	24.5
1599710278691704	-0.001953125
1599710278691723	-0.0078125
1599710278691733	-0.0078125
1599710278691736	6.125
1599710278691736	9.0
1599710278691736	72.0
1599710278692804	-9.0
1599710278692804	-72.0
1599710278692856	0.001953125
1599710278692856	0.001953125
1599710278692856	6.125
1599710278692856	0.001953125
1599710278692856	0.001953125
1599710278692928	-0.001953125
1599710278692992	-0.001953125
1599710278693001	-0.001953125
1599710278693005	24.5
1599710278693005	4.0
1599710278693005	0.00048828125
1599710278694004	-4.0
1599710278694004	-0.00048828125
1599710278694031	24.5
1599710278694031	0.0078125
1599710278694031	0.0078125
1599710278694031	0.0078125
1599710278694031	0.0078125
1599710278694367	-24.5
1599710278694377	-0.0078125
1599710278694387	-0.0078125
1599710278694517	6.125
1599710278694517	4.0
1599710278694517	0.00048828125
1599710278695466	-4.0
1599710278695466	-0.00048828125
1599710278695495	0.001953125
1599710278695495	0.001953125
1599710278695495	0.001953125
1599710278695495	0.001953125
1599710278695495	6.125
1599710278695594	-0.001953125
1599710278695598	6.125
1599710278695598	9.0
1599710278695598	72.0
1599710278696630	-9.0
1599710278696630	-72.0
1599710278696658	6.125
1599710278696658	0.001953125
1599710278696658	0.001953125
1599710278696658	0.001953125
1599710278696658	0.001953125
1599710278696722	-0.001953125
1599710278696772	-0.001953125
1599710278696785	24.5
1599710278696785	4.0
1599710278696785	0.00048828125
1599710278697789	-4.0
1599710278697789	-0.00048828125
1599710278697818	0.0078125
1599710278697818	0.0078125
1599710278697818	0.0078125
1599710278697818	24.5
1599710278697818	0.0078125
1599710278697999	-0.001953125
1599710278698172	-0.0078125
1599710278698305	6.125
1599710278698305	4.0
1599710278698305	0.00048828125
1599710278699255	-4.0
1599710278699255	-0.00048828125
1599710278699266	-0.0078125
1599710278699291	0.001953125
1599710278699291	0.001953125
1599710278699291	6.125
1599710278699291	0.001953125
1599710278699291	0.001953125
1599710278699385	-0.001953125
1599710278699395	-0.001953125
1599710278699399	6.125
1599710278699399	9.0
1599710278699399	72.0
1599710278700471	-9.0
1599710278700471	-72.0
1599710278700496	6.125
1599710278700496	0.001953125
1599710278700496	0.001953125
1599710278700496	0.001953125
1599710278700496	0.001953125
1599710278700621	-0.001953125
1599710278700624	24.5
1599710278700624	4.0
1599710278700624	0.00048828125
1599710278701614	-4.0
1599710278701614	-0.00048828125
1599710278701643	0.0078125
1599710278701643	0.0078125
1599710278701643	24.5
1599710278701643	0.0078125
1599710278701643	0.0078125
1599710278701817	-0.001953125
1599710278701836	-0.0078125
1599710278702150	-0.0078125
1599710278702153	0.5
1599710278702290	0.244384765625
1599710278702400	0.000244140625
1599710278702400	0.000244140625
1599710278702607	-0.000244140625
1599710278702607	-0.000244140625
1599710278702622	0.000244140625
1599710278702628	-0.000244140625
1599710278702638	0.00390625
1599710278702656	0.5
1599710278702727	7.8203125
1599710278702794	-0.5
1599710278702794	-0.244384765625
1599710278702812	-0.00390625
1599710278702868	-7.8203125
1599710278702877	-0.000244140625
1599710278702886	-0.00390625
1599710278702889	24.5
1599710278703202	-0.5
1599710278703259	-7.8203125
1599710278703519	-24.5
1599710278703521	0.0078125
1599710278703521	24.5078125
1599710278703521	0.000244140625
1599710278703521	0.0078125
1599710278703521	0.000244140625
1599710278703755	-0.0078125
1599710278703755	-0.000244140625
1599710278703755	-24.5
1599710278703755	-0.000244140625
1599710278703755	-0.0078125
1599710278703759	6.125
1599710278703759	7.8125
1599710278703759	4.0
1599710278703759	0.00390625
1599710278703764	-0.000244140625
1599710278704774	-7.8125
1599710278704774	-4.0
1599710278704774	-0.00390625
1599710278704781	7.8125
1599710278704781	4.0
1599710278704781	0.00390625
1599710278705948	-24.5078125
1599710278705948	-4.0
1599710278705948	-0.00390625
1599710278705957	-0.0078125
1599710278705968	-0.0078125
1599710278706019	-6.125
1599710278706053	-4.0
1599710278706055	0.001953125
1599710278706055	0.001953125
1599710278706055	6.125
1599710278706055	0.000244140625
1599710278706055	0.000244140625
1599710278706141	-6.125
1599710278706141	-0.000244140625
1599710278706141	-6.125
1599710278706141	-0.000244140625
1599710278706141	-0.001953125
1599710278706141	-0.001953125
1599710278706177	-7.8125
1599710278706178	7.8203125
1599710278706178	6.125
1599710278706178	9.0
1599710278706178	72.0
1599710278707220	-6.125
1599710278707220	-9.0
1599710278707220	-72.0
1599710278707222	9.0
1599710278707222	9.0
1599710278707222	72.0
1599710278708386	-6.125
1599710278708386	-9.0
1599710278708386	-72.0
1599710278708394	-0.001953125
1599710278708403	-0.001953125
1599710278708450	-6.125
1599710278708512	-9.0
1599710278708513	0.000244140625
1599710278708513	0.001953125
1599710278708513	0.001953125
1599710278708513	0.000244140625
1599710278708513	9.0
1599710278708595	-0.000244140625
1599710278708595	-7.8203125
1599710278708595	-0.001953125
1599710278708595	-0.000244140625
1599710278708595	-6.125
1599710278708595	-0.001953125
1599710278708657	-9.0
1599710278708659	24.5
1599710278708659	4.00048828125
1599710278708659	24.5
1599710278708659	0.00390625
1599710278709755	-4.00048828125
1599710278709755	-24.5
1599710278709755	-0.00390625
1599710278709760	4.00048828125
1599710278709760	7.8203125
1599710278709760	0.00390625
1599710278710926	-9.0
1599710278710926	-7.8203125
1599710278710926	-0.00390625
1599710278710935	-0.001953125
1599710278710946	-0.001953125
1599710278711097	-24.5
1599710278711130	-4.0
1599710278711281	-24.5
1599710278711315	-4.00048828125
1599710278711317	0.0078125
1599710278711317	0.000244140625
1599710278711317	24.5078125
1599710278711317	0.0078125
1599710278711317	0.000244140625
1599710278711546	-0.0078125
1599710278711546	-0.000244140625
1599710278711546	-0.0078125
1599710278711546	-0.000244140625
1599710278711546	-24.5
1599710278711547	9.0
1599710278711547	7.8203125
1599710278711547	4.00048828125
1599710278711547	0.00390625
1599710278712553	-7.8203125
1599710278712553	-4.00048828125
1599710278712553	-0.00390625
1599710278712557	4.00048828125
1599710278712557	7.8203125
1599710278712557	0.00390625
1599710278713720	-24.5078125
1599710278713720	-7.8203125
1599710278713720	-0.00390625
1599710278713730	-0.0078125
1599710278713742	-0.0078125
1599710278713789	-6.125
1599710278713821	-4.0
1599710278713833	0.000244140625
1599710278713833	0.001953125
1599710278713833	6.125
1599710278713833	0.001953125
1599710278713833	0.000244140625
1599710278713918	-0.000244140625
1599710278713918	-9.0
1599710278713918	-0.001953125
1599710278713918	-6.125
1599710278713918	-0.001953125
1599710278713918	-0.000244140625
1599710278713951	-4.00048828125
1599710278713954	7.8203125
1599710278713954	6.125
1599710278713954	9.0
1599710278713954	131.611572265625
1599710278714978	-6.125
1599710278714978	-9.0
1599710278714978	-131.611572265625
1599710278714979	9.0
1599710278714979	9.0
1599710278714979	122.611572265625
1599710278716131	-6.125
1599710278716131	-9.0
1599710278716131	-122.611572265625
1599710278716140	-0.001953125
1599710278716151	-0.001953125
1599710278716195	-6.125
1599710278716259	-9.0
1599710278716261	0.001953125
1599710278716261	0.001953125
1599710278716261	9.0
1599710278716261	0.000244140625
1599710278716261	0.000244140625
1599710278716345	-0.001953125
1599710278716345	-6.125
1599710278716345	-0.001953125
1599710278716345	-7.8203125
1599710278716345	-0.000244140625
1599710278716345	-0.000244140625
1599710278716407	-9.0
1599710278716410	24.5
1599710278716410	4.0
1599710278716410	24.5
1599710278716410	0.00390625
1599710278717500	-4.0
1599710278717500	-24.5
1599710278717500	-0.00390625
1599710278717506	4.0
1599710278717506	4.00048828125
1599710278717506	0.00390625
1599710278718717	-9.0
1599710278718717	-4.00048828125
1599710278718717	-0.00390625
1599710278718727	-0.001953125
1599710278718736	-0.001953125
1599710278718888	-24.5
1599710278718921	-4.0
1599710278719072	-24.5
1599710278719109	-4.0
1599710278719111	0.0078125
1599710278719111	0.000244140625
1599710278719111	0.000244140625
1599710278719111	24.5
1599710278719111	0.0078125
1599710278719339	-0.0078125
1599710278719339	-0.000244140625
1599710278719339	-0.000244140625
1599710278719339	-0.0078125
1599710278719339	-24.5
1599710278719341	0.000244140625
1599710278719341	0.0078125
1599710278719341	0.000244140625
1599710278719341	0.0078125
1599710278719341	24.5
1599710278719572	-24.5
1599710278719572	-0.0078125
1599710278719572	-0.000244140625
1599710278719572	-0.000244140625
1599710278719572	-0.0078125
1599710278719572	-24.5
1599710278719575	49.0
1599710278719575	9.0
1599710278719575	49.0
1599710278722082	-9.0
1599710278722082	-49.0
1599710278722088	9.0
1599710278722088	9.0
1599710278722088	0.00390625
1599710278724651	-24.5
1599710278724651	-9.0
1599710278724651	-0.00390625
1599710278724663	-0.0078125
1599710278724675	-0.0078125
1599710278724676	9.0
1599710278724676	7.8203125
1599710278724676	4.00048828125
1599710278724676	0.00390625
1599710278725683	-7.8203125
1599710278725683	-4.00048828125
1599710278725683	-0.00390625
1599710278725691	4.00048828125
1599710278725691	4.00048828125
1599710278725691	0.00390625
1599710278726823	-24.5
1599710278726823	-4.00048828125
1599710278726823	-0.00390625
1599710278726836	-0.0078125
1599710278726845	-0.0078125
1599710278726904	-8.0
1599710278726953	-6.125
1599710278726989	-4.0
1599710278727045	-9.0
1599710278727048	0.001953125
1599710278727048	0.001953125
1599710278727048	0.000244140625
1599710278727048	6.125
1599710278727048	0.000244140625
1599710278727134	-0.001953125
1599710278727134	-9.0
1599710278727134	-0.000244140625
1599710278727134	-0.000244140625
1599710278727134	-6.125
1599710278727134	-0.001953125
1599710278727169	-4.00048828125
1599710278727171	8.00048828125
1599710278727171	7.8203125
1599710278727171	9.0
1599710278727171	98.00390625
1599710278728190	-7.8203125
1599710278728190	-9.0
1599710278728190	-98.00390625
1599710278728194	9.0
1599710278728194	9.0
1599710278728194	98.00390625
1599710278729348	-6.125
1599710278729348	-9.0
1599710278729348	-98.00390625
1599710278729357	-0.001953125
1599710278729369	-0.001953125
1599710278729413	-6.125
1599710278729476	-9.0
1599710278729479	7.8203125
1599710278729479	0.001953125
1599710278729479	0.001953125
1599710278729479	0.000244140625
1599710278729479	0.000244140625
1599710278729566	-0.001953125
1599710278729566	-0.001953125
1599710278729566	-6.125
1599710278729566	-0.000244140625
1599710278729566	-0.000244140625
1599710278729566	-8.00048828125
1599710278729628	-9.0
1599710278729631	49.0
1599710278729631	2.0
1599710278729631	49.0
1599710278730387	-2.0
1599710278730387	-49.0
1599710278730393	2.0
1599710278730393	2.0
1599710278730393	0.00439453125
1599710278731085	-7.8203125
1599710278731085	-2.0
1599710278731085	-0.00439453125
1599710278731096	-0.001953125
1599710278731106	-0.001953125
1599710278731400	-49.0
1599710278731424	-2.0
1599710278731716	-49.0
1599710278731739	-2.0
1599710278731741	49.00390625
1599710278731741	0.00439453125
1599710278731741	0.000244140625
1599710278731741	0.005859375
1599710278731741	0.000244140625
1599710278732157	-0.00390625
1599710278732157	-49.0
1599710278732157	-0.000244140625
1599710278732157	-0.00390625
1599710278732157	-0.000244140625
1599710278732163	12.25
1599710278732163	17.00048828125
1599710278732163	1.0
1599710278732163	0.00341796875
1599710278733167	-17.00048828125
1599710278733167	-1.0
1599710278733167	-0.00341796875
1599710278733178	1.0
1599710278733178	1.00048828125
1599710278733178	0.00244140625
1599710278734177	-49.00390625
1599710278734177	-1.00048828125
1599710278734177	-0.00244140625
1599710278734187	-0.00439453125
1599710278734198	-0.005859375
1599710278734282	-12.25
1599710278734303	-1.0
1599710278734306	12.25
1599710278734306	0.0009765625
1599710278734306	0.0009765625
1599710278734306	0.000244140625
1599710278734306	0.000244140625
1599710278734443	-12.25
1599710278734443	-0.0009765625
1599710278734443	-12.25
1599710278734443	-0.0009765625
1599710278734443	-0.000244140625
1599710278734443	-0.000244140625
1599710278734466	-1.0
1599710278734467	17.00048828125
1599710278734467	12.25
1599710278734467	4.0
1599710278734467	269.546875
1599710278735382	-12.25
1599710278735382	-4.0
1599710278735382	-269.546875
1599710278735385	4.0
1599710278735385	4.000244140625
1599710278735385	81.0
1599710278736433	-12.25
1599710278736433	-4.000244140625
1599710278736433	-81.0
1599710278736442	-0.0009765625
1599710278736452	-0.0009765625
1599710278736537	-12.25
1599710278736563	-2.25
1599710278736565	0.000244140625
1599710278736565	0.000244140625
1599710278736565	12.25
1599710278736565	0.0009765625
1599710278736565	0.0009765625
1599710278736700	-0.000244140625
1599710278736700	-0.000244140625
1599710278736700	-12.25
1599710278736700	-0.0009765625
1599710278736700	-0.0009765625
1599710278736700	-17.00048828125
1599710278736729	-4.0
1599710278736731	49.0
1599710278736731	1.0
1599710278736731	49.0
1599710278736731	0.00390625
1599710278737770	-1.0
1599710278737770	-49.0
1599710278737770	-0.00390625
1599710278737778	1.0
1599710278737778	1.00048828125
1599710278737778	0.00390625
1599710278738773	-12.25
1599710278738773	-1.00048828125
1599710278738773	-0.00390625
1599710278738782	-0.0009765625
1599710278738792	-0.0009765625
1599710278739088	-49.0
1599710278739104	-1.0
1599710278739399	-49.0
1599710278739417	-1.0
1599710278739418	0.00439453125
1599710278739418	0.000244140625
1599710278739418	0.000244140625
1599710278739418	0.005859375
1599710278739418	49.00390625
1599710278739825	-0.000244140625
1599710278739825	-0.000244140625
1599710278739825	-0.00390625
1599710278739825	-49.0
1599710278739825	-0.00390625
1599710278739831	12.25
1599710278739831	18.00048828125
1599710278739831	1.0
1599710278739831	0.00341796875
1599710278740833	-18.00048828125
1599710278740833	-1.0
1599710278740833	-0.00341796875
1599710278740841	1.0
1599710278740841	1.00048828125
1599710278740841	0.00244140625
1599710278741840	-49.00390625
1599710278741840	-1.00048828125
1599710278741840	-0.00244140625
1599710278741849	-0.00439453125
1599710278741859	-0.005859375
1599710278741943	-12.25
1599710278741960	-1.0
1599710278741961	0.0009765625
1599710278741961	12.25
1599710278741961	0.000244140625
1599710278741961	0.0009765625
1599710278741961	0.000244140625
1599710278742099	-12.25
1599710278742099	-0.000244140625
1599710278742099	-0.0009765625
1599710278742099	-0.0009765625
1599710278742099	-12.25
1599710278742099	-0.000244140625
1599710278742122	-1.0
1599710278742123	18.00048828125
1599710278742123	12.25
1599710278742123	2.25048828125
1599710278742123	182.25
1599710278743035	-12.25
1599710278743035	-2.25048828125
1599710278743035	-182.25
1599710278743037	2.25048828125
1599710278743037	4.0
1599710278743037	81.0
1599710278743975	-12.25
1599710278743975	-4.0
1599710278743975	-81.0
1599710278743984	-0.0009765625
1599710278743993	-0.0009765625
1599710278744074	-12.25
1599710278744097	-2.25
1599710278744099	0.000244140625
1599710278744099	0.0009765625
1599710278744099	0.000244140625
1599710278744099	0.0009765625
1599710278744099	12.25
1599710278744230	-0.0009765625
1599710278744230	-0.000244140625
1599710278744230	-0.000244140625
1599710278744230	-0.0009765625
1599710278744230	-18.00048828125
1599710278744230	-12.25
1599710278744261	-2.25048828125
1599710278744264	49.0
1599710278744264	1.0
1599710278744264	49.0
1599710278744264	0.00390625
1599710278745296	-1.0
1599710278745296	-49.0
1599710278745296	-0.00390625
1599710278745305	1.0
1599710278745305	1.00048828125
1599710278745305	0.00390625
1599710278746300	-12.25
1599710278746300	-1.00048828125
1599710278746300	-0.00390625
1599710278746309	-0.0009765625
1599710278746319	-0.0009765625
1599710278746612	-49.0
1599710278746634	-1.0
1599710278746929	-49.0
1599710278746948	-1.0
1599710278746952	49.00390625
1599710278746952	0.000244140625
1599710278746952	0.00439453125
1599710278746952	0.005859375
1599710278746952	0.000244140625
1599710278747364	-0.00390625
1599710278747364	-0.000244140625
1599710278747364	-49.0
1599710278747364	-0.00390625
1599710278747364	-0.000244140625
1599710278747368	12.25
1599710278747368	18.00048828125
1599710278747368	1.0
1599710278747368	0.00341796875
1599710278748368	-18.00048828125
1599710278748368	-1.0
1599710278748368	-0.00341796875
1599710278748372	1.0
1599710278748372	1.0
1599710278748372	0.00244140625
1599710278749377	-49.00390625
1599710278749377	-1.0
1599710278749377	-0.00244140625
1599710278749386	-0.00439453125
1599710278749396	-0.005859375
1599710278749476	-12.25
1599710278749495	-1.0
1599710278749498	0.0009765625
1599710278749498	0.000244140625
1599710278749498	0.0009765625
1599710278749498	12.25
1599710278749498	0.000244140625
1599710278749633	-12.25
1599710278749633	-0.000244140625
1599710278749633	-12.25
1599710278749633	-0.0009765625
1599710278749633	-0.000244140625
1599710278749633	-0.0009765625
1599710278749658	-1.0
1599710278749661	18.00048828125
1599710278749661	12.25
1599710278749661	2.25048828125
1599710278749661	182.25
1599710278750560	-12.25
1599710278750560	-2.25048828125
1599710278750560	-182.25
1599710278750562	2.25048828125
1599710278750562	4.0
1599710278750562	81.0
1599710278751592	-12.25
1599710278751592	-4.0
1599710278751592	-81.0
1599710278751601	-0.0009765625
1599710278751612	-0.0009765625
1599710278751693	-12.25
1599710278751720	-2.25
1599710278751722	0.0009765625
1599710278751722	0.000244140625
1599710278751722	13.5
1599710278751722	0.000244140625
1599710278751722	0.0009765625
1599710278751859	-0.0009765625
1599710278751859	-18.00048828125
1599710278751859	-0.000244140625
1599710278751859	-0.0009765625
1599710278751859	-0.000244140625
1599710278751859	-12.25
1599710278751891	-2.25048828125
1599710278751893	49.0
1599710278751893	1.0
1599710278751893	49.0
1599710278751893	0.00390625
1599710278752927	-1.0
1599710278752927	-49.0
1599710278752927	-0.00390625
1599710278752933	1.0
1599710278752933	1.0
1599710278752933	0.00390625
1599710278753926	-13.5
1599710278753926	-1.0
1599710278753926	-0.00390625
1599710278753936	-0.0009765625
1599710278753946	-0.0009765625
1599710278754238	-49.0
1599710278754261	-1.0
1599710278754573	-1.0
1599710278754575	0.005859375
1599710278754575	0.000244140625
1599710278754575	0.000244140625
1599710278754575	49.00390625
1599710278754575	0.00439453125
1599710278754986	-0.000244140625
1599710278754986	-0.000244140625
1599710278754986	-49.0
1599710278754986	-0.00390625
1599710278754986	-0.00390625
1599710278754993	20.25048828125
1599710278754993	12.25
1599710278754993	1.0
1599710278754993	0.00341796875
1599710278755996	-12.25
1599710278755996	-1.0
1599710278755996	-0.00341796875
1599710278756002	1.0
1599710278756002	1.0
1599710278756002	0.00244140625
1599710278757007	-49.00390625
1599710278757007	-1.0
1599710278757007	-0.00244140625
1599710278757017	-0.00439453125
1599710278757027	-0.005859375
1599710278757111	-12.25
1599710278757128	-1.0
1599710278757130	0.000244140625
1599710278757130	0.000244140625
1599710278757130	0.0009765625
1599710278757130	12.25
1599710278757130	0.0009765625
1599710278757269	-0.000244140625
1599710278757269	-12.25
1599710278757269	-0.000244140625
1599710278757269	-0.0009765625
1599710278757269	-20.25048828125
1599710278757269	-0.0009765625
1599710278757292	-1.0
1599710278757293	12.25
1599710278757293	20.25048828125
1599710278757293	4.0
1599710278757293	182.25
1599710278758196	-20.25048828125
1599710278758196	-4.0
1599710278758196	-182.25
1599710278758199	4.0
1599710278758199	4.00048828125
1599710278758199	81.0
1599710278759239	-12.25
1599710278759239	-4.00048828125
1599710278759239	-81.0
1599710278759248	-0.0009765625
1599710278759258	-0.0009765625
1599710278759340	-12.25
1599710278759365	-2.25
1599710278759366	0.0009765625
1599710278759366	0.000244140625
1599710278759366	12.25
1599710278759366	0.0009765625
1599710278759366	0.000244140625
1599710278759504	-12.25
1599710278759504	-0.0009765625
1599710278759504	-0.000244140625
1599710278759504	-0.0009765625
1599710278759504	-12.25
1599710278759504	-0.000244140625
1599710278759531	-4.0
1599710278759533	49.0
1599710278759533	1.0
1599710278759533	49.0
1599710278759533	0.00439453125
1599710278760571	-1.0
1599710278760571	-49.0
1599710278760571	-0.00439453125
1599710278760575	1.0
1599710278760575	1.0
1599710278760575	0.00439453125
1599710278761567	-12.25
1599710278761567	-1.0
1599710278761567	-0.00439453125
1599710278761576	-0.0009765625
1599710278761587	-0.0009765625
1599710278761879	-49.0
1599710278761895	-1.0
1599710278762212	-1.0
1599710278762214	0.00390625
1599710278762214	49.0078125
1599710278762214	0.00390625
1599710278762214	0.000244140625
1599710278762214	0.000244140625
1599710278762627	-0.00390625
1599710278762627	-0.00390625
1599710278762627	-49.0
1599710278762627	-0.000244140625
1599710278762627	-0.000244140625
1599710278762633	12.25
1599710278762633	15.501953125
1599710278762633	1.0
1599710278762633	0.00341796875
1599710278763632	-15.501953125
1599710278763632	-1.0
1599710278763632	-0.00341796875
1599710278763637	1.0
1599710278763637	1.0
1599710278763637	0.00244140625
1599710278764635	-49.0078125
1599710278764635	-1.0
1599710278764635	-0.00244140625
1599710278764647	-0.00390625
1599710278764658	-0.00390625
1599710278764743	-12.25390625
1599710278764759	-1.0
1599710278764761	12.25390625
1599710278764761	0.000244140625
1599710278764761	0.000244140625
1599710278764761	0.0009765625
1599710278764761	0.0009765625
1599710278764898	-12.25
1599710278764898	-0.0009765625
1599710278764898	-0.000244140625
1599710278764898	-0.000244140625
1599710278764898	-0.0009765625
1599710278764898	-12.25
1599710278764923	-1.0
1599710278764925	15.501953125
1599710278764925	12.25
1599710278764925	4.0
1599710278764925	182.25
1599710278765830	-12.25
1599710278765830	-4.0
1599710278765830	-182.25
1599710278765835	4.0
1599710278765835	2.25
1599710278765835	81.0
1599710278766884	-12.25390625
1599710278766884	-2.25
1599710278766884	-81.0
1599710278766896	-0.0009765625
1599710278766908	-0.0009765625
1599710278766993	-12.25
1599710278767019	-2.25
1599710278767022	0.0009765625
1599710278767022	0.000244140625
1599710278767022	0.000244140625
1599710278767022	0.0009765625
1599710278767022	12.25
1599710278767169	-0.0009765625
1599710278767169	-12.25
1599710278767169	-0.000244140625
1599710278767169	-15.501953125
1599710278767169	-0.000244140625
1599710278767169	-0.0009765625
1599710278767201	-4.0
1599710278767205	49.0
1599710278767205	49.00390625
1599710278767205	1.0
1599710278767205	0.0048828125
1599710278768256	-49.00390625
1599710278768256	-1.0
1599710278768256	-0.0048828125
1599710278768264	1.0
1599710278768264	1.001220703125
1599710278768264	0.00244140625
1599710278769263	-12.25
1599710278769263	-1.001220703125
1599710278769263	-0.00244140625
1599710278769274	-0.0009765625
1599710278769285	-0.0009765625
1599710278769601	-1.0
1599710278769895	-49.0
1599710278769914	-1.0
1599710278769916	0.00390625
1599710278769916	0.000244140625
1599710278769916	49.0
1599710278769916	0.000244140625
1599710278769916	0.005859375
1599710278770333	-0.000244140625
1599710278770333	-49.0
1599710278770333	-0.000244140625
1599710278770333	-0.00390625
1599710278770333	-0.00390625
1599710278770339	49.0
1599710278770339	0.000244140625
1599710278770339	0.000244140625
1599710278770339	0.00390625
1599710278770339	0.00390625
1599710278770757	-0.000244140625
1599710278770757	-0.00390625
1599710278770757	-0.000244140625
1599710278770757	-49.0
1599710278770757	-0.00390625
1599710278770757	-49.0
1599710278770761	98.0
1599710278770761	2.25048828125
1599710278770761	98.0
1599710278773705	-2.25048828125
1599710278773705	-98.0
1599710278773712	2.25048828125
1599710278773712	2.0
1599710278773712	0.00244140625
1599710278775676	-49.0
1599710278775676	-2.0
1599710278775676	-0.00244140625
1599710278775684	-0.005859375
1599710278775695	-0.00390625
1599710278775698	12.25
1599710278775698	15.501953125
1599710278775698	1.0
1599710278775698	0.005859375
1599710278776701	-15.501953125
1599710278776701	-1.0
1599710278776701	-0.005859375
1599710278776705	1.0
1599710278776705	1.00048828125
1599710278776705	0.00244140625
1599710278777715	-49.0
1599710278777715	-1.00048828125
1599710278777715	-0.00244140625
1599710278777726	-0.00390625
1599710278777737	-0.00390625
1599710278777762	-2.0
1599710278777847	-12.25
1599710278777869	-1.0
1599710278777891	-2.25048828125
1599710278777893	0.000244140625
1599710278777893	0.000244140625
1599710278777893	15.501953125
1599710278777893	0.0009765625
1599710278777893	0.0009765625
1599710278778038	-0.000244140625
1599710278778038	-0.000244140625
1599710278778038	-0.0009765625
1599710278778038	-12.25
1599710278778038	-12.25
1599710278778038	-0.0009765625
1599710278778067	-1.0
1599710278778069	20.25048828125
1599710278778069	12.25
1599710278778069	2.25048828125
1599710278778069	182.25
1599710278778983	-12.25
1599710278778983	-2.25048828125
1599710278778983	-182.25
1599710278778985	2.25048828125
1599710278778985	4.0
1599710278778985	122.5
1599710278780048	-15.501953125
1599710278780048	-4.0
1599710278780048	-122.5
1599710278780060	-0.0009765625
1599710278780072	-0.0009765625
1599710278780153	-12.25
1599710278780180	-2.25
1599710278780183	12.25
1599710278780183	0.000244140625
1599710278780183	0.0009765625
1599710278780183	0.0009765625
1599710278780183	0.000244140625
1599710278780328	-0.0009765625
1599710278780328	-0.000244140625
1599710278780328	-0.0009765625
1599710278780328	-12.25
1599710278780328	-20.25048828125
1599710278780328	-0.000244140625
1599710278780361	-2.25048828125
1599710278780365	147.015625
1599710278780365	98.0
1599710278780365	0.5
1599710278781604	-98.0
1599710278781604	-0.5
1599710278781607	0.5
1599710278781607	0.5
1599710278781607	0.00244140625
1599710278782211	-12.25
1599710278782211	-0.5
1599710278782211	-0.00244140625
1599710278782221	-0.0009765625
1599710278782232	-0.0009765625
1599710278782812	-147.015625
1599710278782828	-0.5
1599710278783426	-0.5
1599710278783428	0.001953125
1599710278783428	98.001953125
1599710278783428	0.000244140625
1599710278783428	0.001953125
1599710278783428	0.000244140625
1599710278784205	-98.0
1599710278784205	-0.001953125
1599710278784205	-0.000244140625
1599710278784205	-0.001953125
1599710278784205	-0.000244140625
1599710278784212	24.5
1599710278784212	32.50048828125
1599710278784212	0.25
1599710278784212	0.006591796875
1599710278785150	-32.50048828125
1599710278785150	-0.25
1599710278785150	-0.006591796875
1599710278785151	0.25
1599710278785151	0.25
1599710278785151	0.00244140625
1599710278786149	-98.001953125
1599710278786149	-0.25
1599710278786149	-0.00244140625
1599710278786158	-0.001953125
1599710278786169	-0.001953125
1599710278786321	-24.5
1599710278786338	-0.25
1599710278786340	0.000244140625
1599710278786340	24.5
1599710278786340	0.000244140625
1599710278786340	0.00048828125
1599710278786340	0.00048828125
1599710278786566	-24.5
1599710278786566	-0.000244140625
1599710278786566	-24.5
1599710278786566	-0.00048828125
1599710278786566	-0.00048828125
1599710278786566	-0.000244140625
1599710278786589	-0.25
1599710278786591	32.50048828125
1599710278786591	24.5
1599710278786591	1.0
1599710278786591	112.5
1599710278787555	-24.5
1599710278787555	-1.0
1599710278787555	-112.5
1599710278787557	1.0
1599710278787557	1.0
1599710278787557	112.5
1599710278788662	-24.5
1599710278788662	-1.0
1599710278788662	-112.5
1599710278788672	-0.00048828125
1599710278788683	-0.00048828125
1599710278788836	-24.5
1599710278788851	-0.5625
1599710278788853	24.5
1599710278788853	0.000244140625
1599710278788853	0.00048828125
1599710278788853	0.000244140625
1599710278788853	0.00048828125
1599710278789081	-0.00048828125
1599710278789081	-24.5
1599710278789081	-0.000244140625
1599710278789081	-0.000244140625
1599710278789081	-0.00048828125
1599710278789081	-32.50048828125
1599710278789101	-1.0
1599710278789103	98.0
1599710278789103	0.25
1599710278789103	98.0
1599710278789103	0.006591796875
1599710278790250	-0.25
1599710278790250	-98.0
1599710278790250	-0.006591796875
1599710278790252	0.25
1599710278790252	0.25
1599710278790252	0.00244140625
1599710278791239	-24.5
1599710278791239	-0.25
1599710278791239	-0.00244140625
1599710278791249	-0.00048828125
1599710278791259	-0.00048828125
1599710278791835	-98.0
1599710278791852	-0.25
1599710278792439	-98.0
1599710278792456	-0.25
1599710278792458	98.001953125
1599710278792458	0.000244140625
1599710278792458	0.000244140625
1599710278792458	0.001953125
1599710278792458	0.001953125
1599710278793228	-0.000244140625
1599710278793228	-0.000244140625
1599710278793228	-0.001953125
1599710278793228	-0.001953125
1599710278793228	-98.0
1599710278793236	24.5
1599710278793236	32.50048828125
1599710278793236	0.25048828125
1599710278793236	0.006591796875
1599710278794159	-32.50048828125
1599710278794159	-0.25048828125
1599710278794159	-0.006591796875
1599710278794162	0.25048828125
1599710278794162	0.25
1599710278794162	0.00244140625
1599710278795172	-98.001953125
1599710278795172	-0.25
1599710278795172	-0.00244140625
1599710278795180	-0.001953125
1599710278795190	-0.001953125
1599710278795343	-24.5
1599710278795360	-0.25
1599710278795361	24.5
1599710278795361	0.000244140625
1599710278795361	0.00048828125
1599710278795361	0.000244140625
1599710278795361	0.00048828125
1599710278795587	-0.000244140625
1599710278795587	-0.00048828125
1599710278795587	-24.5
1599710278795587	-24.5
1599710278795587	-0.00048828125
1599710278795587	-0.000244140625
1599710278795607	-0.25048828125
1599710278795609	32.50048828125
1599710278795609	24.5
1599710278795609	1.0
1599710278795609	112.5
1599710278796560	-24.5
1599710278796560	-1.0
1599710278796560	-112.5
1599710278796564	1.0
1599710278796564	1.0
1599710278796564	112.5
1599710278797653	-24.5
1599710278797653	-1.0
1599710278797653	-112.5
1599710278797663	-0.00048828125
1599710278797674	-0.00048828125
1599710278797825	-24.5
1599710278797840	-0.5625
1599710278797842	24.5
1599710278797842	0.000244140625
1599710278797842	0.00048828125
1599710278797842	0.00048828125
1599710278797842	0.000244140625
1599710278798064	-0.00048828125
1599710278798064	-0.000244140625
1599710278798064	-24.5
1599710278798064	-0.00048828125
1599710278798064	-0.000244140625
1599710278798064	-32.50048828125
1599710278798087	-1.0
1599710278798088	98.0
1599710278798088	0.25
1599710278798088	98.0
1599710278798088	0.006591796875
1599710278799220	-0.25
1599710278799220	-98.0
1599710278799220	-0.006591796875
1599710278799222	0.25
1599710278799222	0.25048828125
1599710278799222	0.00244140625
1599710278800209	-24.5
1599710278800209	-0.25048828125
1599710278800209	-0.00244140625
1599710278800218	-0.00048828125
1599710278800228	-0.00048828125
1599710278800805	-98.0
1599710278800820	-0.25
1599710278801413	-0.25
1599710278801414	0.001953125
1599710278801414	98.001953125
1599710278801414	0.000244140625
1599710278801414	0.001953125
1599710278801414	0.000244140625
1599710278802185	-0.001953125
1599710278802185	-0.001953125
1599710278802185	-0.000244140625
1599710278802185	-0.000244140625
1599710278802185	-98.0
1599710278802192	24.5
1599710278802192	32.50048828125
1599710278802192	0.25
1599710278802192	0.006591796875
1599710278803113	-32.50048828125
1599710278803113	-0.25
1599710278803113	-0.006591796875
1599710278803114	0.25
1599710278803114	0.250732421875
1599710278803114	0.00244140625
1599710278804124	-98.001953125
1599710278804124	-0.250732421875
1599710278804124	-0.00244140625
1599710278804133	-0.001953125
1599710278804145	-0.001953125
1599710278804293	-24.5
1599710278804308	-0.25
1599710278804310	0.000244140625
1599710278804310	0.00048828125
1599710278804310	0.00048828125
1599710278804310	24.5
1599710278804310	0.000244140625
1599710278804536	-0.000244140625
1599710278804536	-0.00048828125
1599710278804536	-24.5
1599710278804536	-24.5
1599710278804536	-0.000244140625
1599710278804536	-0.00048828125
1599710278804558	-0.25
1599710278804559	32.50048828125
1599710278804559	24.5
1599710278804559	1.0
1599710278804559	112.5
1599710278805510	-24.5
1599710278805510	-1.0
1599710278805510	-112.5
1599710278805513	1.0
1599710278805513	1.0
1599710278805513	112.5
1599710278806598	-24.5
1599710278806598	-1.0
1599710278806598	-112.5
1599710278806609	-0.00048828125
1599710278806619	-0.00048828125
1599710278806770	-24.5
1599710278806785	-0.5625
1599710278806787	0.00048828125
1599710278806787	24.5
1599710278806787	0.00048828125
1599710278806787	0.000244140625
1599710278806787	0.000244140625
1599710278807011	-0.00048828125
1599710278807011	-0.00048828125
1599710278807011	-32.50048828125
1599710278807011	-0.000244140625
1599710278807011	-24.5
1599710278807011	-0.000244140625
1599710278807030	-1.0
1599710278807032	98.0
1599710278807032	0.25
1599710278807032	98.0
1599710278807032	0.006591796875
1599710278808170	-0.25
1599710278808170	-98.0
1599710278808170	-0.006591796875
1599710278808172	0.25
1599710278808172	0.25
1599710278808172	0.0029296875
1599710278809150	-24.5
1599710278809150	-0.25
1599710278809150	-0.0029296875
1599710278809159	-0.00048828125
1599710278809170	-0.00048828125
1599710278809745	-98.0
1599710278809762	-0.25
1599710278810344	-98.0
1599710278810358	-0.25
1599710278810359	98.0
1599710278810359	0.000244140625
1599710278810359	0.000244140625
1599710278810359	0.001953125
1599710278810359	0.001953125
1599710278811130	-0.000244140625
1599710278811130	-0.001953125
1599710278811130	-98.0
1599710278811130	-0.001953125
1599710278811130	-0.000244140625
1599710278811136	98.0
1599710278811136	0.000244140625
1599710278811136	0.001953125
1599710278811136	0.001953125
1599710278811136	0.000244140625
1599710278811911	-0.000244140625
1599710278811911	-0.001953125
1599710278811911	-98.0
1599710278811911	-0.000244140625
1599710278811911	-98.0
1599710278811911	-0.001953125
1599710278811917	196.0
1599710278811917	0.500732421875
1599710278811917	196.0
1599710278814532	-0.500732421875
1599710278814532	-196.0
1599710278814536	0.500732421875
1599710278814536	0.56298828125
1599710278814536	0.00244140625
1599710278816569	-98.0
1599710278816569	-0.56298828125
1599710278816569	-0.00244140625
1599710278816580	-0.001953125
1599710278816590	-0.001953125
1599710278816593	24.5
1599710278816593	32.50048828125
1599710278816593	0.25
1599710278816593	0.006591796875
1599710278817512	-32.50048828125
1599710278817512	-0.25
1599710278817512	-0.006591796875
1599710278817515	0.25
1599710278817515	0.31298828125
1599710278817515	0.00390625
1599710278818518	-98.0
1599710278818518	-0.31298828125
1599710278818518	-0.00390625
1599710278818530	-0.001953125
1599710278818539	-0.001953125
1599710278818555	-0.5
1599710278818710	-24.5
1599710278818725	-0.25
1599710278818739	-0.500732421875
1599710278818741	0.000244140625
1599710278818741	0.00048828125
1599710278818741	24.5009765625
1599710278818741	0.000244140625
1599710278818741	0.00048828125
1599710278818973	-0.000244140625
1599710278818973	-0.00048828125
1599710278818973	-24.5
1599710278818973	-0.00048828125
1599710278818973	-24.5
1599710278818973	-0.000244140625
1599710278818988	-0.25
1599710278818991	24.5
1599710278818991	32.50048828125
1599710278818991	0.7509765625
1599710278818991	122.5078125
1599710278819938	-32.50048828125
1599710278819938	-0.7509765625
1599710278819938	-122.5078125
1599710278819941	0.7509765625
1599710278819941	1.0
1599710278819941	122.5078125
1599710278821018	-24.5009765625
1599710278821018	-1.0
1599710278821018	-122.5078125
1599710278821028	-0.00048828125
1599710278821038	-0.00048828125
1599710278821189	-24.5
1599710278821204	-0.5625
1599710278821205	0.00048828125
1599710278821205	0.00048828125
1599710278821205	32.50048828125
1599710278821205	0.000244140625
1599710278821205	0.000244140625
1599710278821425	-0.000732421875
1599710278821425	-0.000244140625
1599710278821425	-0.000244140625
1599710278821425	-36.7412109375
1599710278821425	-0.00048828125
1599710278821425	-24.5
1599710278821445	-0.7509765625
1599710278821446	196.0
1599710278821446	0.2490234375
1599710278821446	196.0
1599710278822964	-0.2490234375
1599710278822964	-196.0
1599710278822967	0.2490234375
1599710278822967	0.125
1599710278822967	0.00244140625
1599710278823670	-32.50048828125
1599710278823670	-0.125
1599710278823670	-0.00244140625
1599710278823680	-0.00048828125
1599710278823691	-0.00048828125
1599710278824839	-196.0
1599710278824853	-0.125
1599710278826028	-196.0
1599710278826046	-0.2490234375
1599710278826048	0.00146484375
1599710278826048	0.000244140625
1599710278826048	0.000244140625
1599710278826048	196.0
1599710278826048	0.0009765625
1599710278827612	-0.000244140625
1599710278827612	-0.000244140625
1599710278827612	-0.0009765625
1599710278827612	-196.0
1599710278827612	-0.0009765625
1599710278827614	49.0
1599710278827614	0.0625
1599710278827614	49.0
1599710278827614	0.020263671875
1599710278828588	-0.0625
1599710278828588	-49.0
1599710278828588	-0.020263671875
1599710278828590	0.0625
1599710278828590	0.0625
1599710278828590	0.0029296875
1599710278830406	-196.0
1599710278830406	-0.0625
1599710278830406	-0.0029296875
1599710278830417	-0.00146484375
1599710278830427	-0.0009765625
1599710278830717	-49.0
1599710278830729	-0.0625
1599710278830732	0.000244140625
1599710278830732	0.000244140625
1599710278830732	49.0
1599710278830732	0.000244140625
1599710278830732	0.000244140625
1599710278831162	-0.000244140625
1599710278831162	-0.000244140625
1599710278831162	-49.0
1599710278831162	-0.000244140625
1599710278831162	-49.0
1599710278831162	-0.000244140625
1599710278831179	-0.0625
1599710278831182	49.0
1599710278831182	0.249755859375
1599710278831182	49.0
1599710278831182	85.046875
1599710278832500	-0.249755859375
1599710278832500	-49.0
1599710278832500	-85.046875
1599710278832507	0.249755859375
1599710278832507	0.140625
1599710278832507	0.00537109375
1599710278835268	-49.0
1599710278835268	-0.140625
1599710278835268	-0.00537109375
1599710278835276	-0.000244140625
1599710278835286	-0.000244140625
1599710278835574	-49.0
1599710278835590	-0.140625
1599710278835591	0.000244140625
1599710278835591	0.000244140625
1599710278835591	0.000244140625
1599710278835591	0.000244140625
1599710278835591	49.0
1599710278836022	-0.000244140625
1599710278836022	-49.0
1599710278836022	-0.000244140625
1599710278836022	-49.0
1599710278836022	-0.000244140625
1599710278836022	-0.000244140625
1599710278836039	-0.249755859375
1599710278836041	196.0
1599710278836041	0.0625
1599710278836041	196.0
1599710278836041	0.020263671875
1599710278837448	-0.0625
1599710278837448	-196.0
1599710278837448	-0.020263671875
1599710278837449	0.0625
1599710278837449	0.0625
1599710278837449	0.0029296875
1599710278838948	-49.0
1599710278838948	-0.0625
1599710278838948	-0.0029296875
1599710278838958	-0.000244140625
1599710278838969	-0.000244140625
1599710278840121	-196.0
1599710278840132	-0.0625
1599710278841323	-0.0625
1599710278841327	0.0009765625
1599710278841327	0.000244140625
1599710278841327	0.00146484375
1599710278841327	196.0
1599710278841327	0.000244140625
1599710278842899	-0.000244140625
1599710278842899	-0.0009765625
1599710278842899	-0.000244140625
1599710278842899	-196.0
1599710278842899	-0.0009765625
1599710278842904	49.0
1599710278842904	0.0625
1599710278842904	49.0
1599710278842904	0.020263671875
1599710278843875	-0.0625
1599710278843875	-49.0
1599710278843875	-0.020263671875
1599710278843878	0.0625
1599710278843878	0.0625
1599710278843878	0.0029296875
1599710278845699	-196.0
1599710278845699	-0.0625
1599710278845699	-0.0029296875
1599710278845711	-0.00146484375
1599710278845722	-0.0009765625
1599710278846013	-49.0
1599710278846025	-0.0625
1599710278846028	0.000244140625
1599710278846028	0.000244140625
1599710278846028	0.000244140625
1599710278846028	49.0
1599710278846028	0.000244140625
1599710278846455	-0.000244140625
1599710278846455	-0.000244140625
1599710278846455	-0.000244140625
1599710278846455	-49.0
1599710278846455	-0.000244140625
1599710278846455	-49.0
1599710278846472	-0.0625
1599710278846474	49.0
1599710278846474	0.25
1599710278846474	49.0
1599710278846474	85.046875
1599710278847741	-0.25
1599710278847741	-49.0
1599710278847741	-85.046875
1599710278847746	0.25
1599710278847746	0.140625
1599710278847746	0.00537109375
1599710278850474	-49.0
1599710278850474	-0.140625
1599710278850474	-0.00537109375
1599710278850482	-0.000244140625
1599710278850494	-0.000244140625
1599710278850787	-49.0
1599710278850800	-0.140625
1599710278850801	0.000244140625
1599710278850801	49.0
1599710278850801	0.000244140625
1599710278850801	0.000244140625
1599710278850801	0.000244140625
1599710278851227	-49.0
1599710278851227	-49.0
1599710278851227	-0.000244140625
1599710278851227	-0.000244140625
1599710278851227	-0.000244140625
1599710278851227	-0.000244140625
1599710278851246	-0.25
1599710278851247	196.0
1599710278851247	0.0625
1599710278851247	196.0
1599710278851247	0.020263671875
1599710278852673	-0.0625
1599710278852673	-196.0
1599710278852673	-0.020263671875
1599710278852675	0.0625
1599710278852675	0.0625
1599710278852675	0.0029296875
1599710278854127	-49.0
1599710278854127	-0.0625
1599710278854127	-0.0029296875
1599710278854138	-0.000244140625
1599710278854149	-0.000244140625
1599710278855300	-196.0
1599710278855316	-0.0625
1599710278856486	-196.0
1599710278856496	-0.0625
1599710278856499	196.0
1599710278856499	0.000244140625
1599710278856499	0.00146484375
1599710278856499	0.000244140625
1599710278856499	0.0009765625
1599710278858101	-0.0009765625
1599710278858101	-0.000244140625
1599710278858101	-196.0
1599710278858101	-0.0009765625
1599710278858101	-0.000244140625
1599710278858107	0.0009765625
1599710278858107	196.0
1599710278858107	0.000244140625
1599710278858107	0.0009765625
1599710278858107	0.000244140625
1599710278859676	-0.0009765625
1599710278859676	-0.0009765625
1599710278859676	-0.000244140625
1599710278859676	-196.0
1599710278859676	-196.0
1599710278859676	-0.000244140625
1599710278859683	49.0
1599710278859683	0.0625
1599710278859683	49.0
1599710278859683	0.020263671875
1599710278860650	-0.0625
1599710278860650	-49.0
1599710278860650	-0.020263671875
1599710278860654	0.0625
1599710278860654	0.0625
1599710278860654	0.0029296875
1599710278862470	-196.0
1599710278862470	-0.0625
1599710278862470	-0.0029296875
1599710278862481	-0.00146484375
1599710278862492	-0.0009765625
1599710278862495	49.0
1599710278862495	0.0625
1599710278862495	49.0
1599710278862495	0.020263671875
1599710278863453	-0.0625
1599710278863453	-49.0
1599710278863453	-0.020263671875
1599710278863457	0.0625
1599710278863457	0.0625
1599710278863457	0.0029296875
1599710278865275	-196.0
1599710278865275	-0.0625
1599710278865275	-0.0029296875
1599710278865287	-0.0009765625
1599710278865298	-0.0009765625
1599710278865308	-0.0625
1599710278865595	-49.0
1599710278865611	-0.0625
1599710278865623	-0.0625
1599710278865625	0.000244140625
1599710278865625	0.000244140625
1599710278865625	0.000244140625
1599710278865625	0.000244140625
1599710278865625	49.0
1599710278866059	-0.000244140625
1599710278866059	-49.0
1599710278866059	-49.0
1599710278866059	-0.000244140625
1599710278866059	-0.000244140625
1599710278866059	-0.000244140625
1599710278866074	-0.0625
1599710278866078	62.572998046875
1599710278866078	49.0
1599710278866078	0.140625
1599710278866078	85.046875
1599710278867345	-49.0
1599710278867345	-0.140625
1599710278867345	-85.046875
1599710278867348	0.140625
1599710278867348	0.140625
1599710278867348	0.00537109375
1599710278870022	-49.0
1599710278870022	-0.140625
1599710278870022	-0.00537109375
1599710278870031	-0.000244140625
1599710278870042	-0.000244140625
1599710278870329	-49.0
1599710278870343	-0.140625
1599710278870345	0.000244140625
1599710278870345	0.000244140625
1599710278870345	0.000244140625
1599710278870345	49.0
1599710278870345	0.000244140625
1599710278870772	-49.0
1599710278870772	-0.000244140625
1599710278870772	-0.000244140625
1599710278870772	-62.572998046875
1599710278870772	-0.000244140625
1599710278870772	-0.000244140625
1599710278870785	-0.140625
1599710278870787	62.698486328125
1599710278870787	49.0
1599710278870787	0.015625
1599710278870787	0.020263671875
1599710278871110	-49.0
1599710278871110	-0.015625
1599710278871110	-0.020263671875
1599710278871113	0.015625
1599710278871113	0.015625
1599710278871113	0.0029296875
1599710278872031	-49.0
1599710278872031	-0.015625
1599710278872031	-0.0029296875
1599710278872039	-0.000244140625
1599710278872049	-0.000244140625
1599710278872335	-62.698486328125
1599710278872344	-0.015625
1599710278872348	196.0
1599710278874460	-49.0
1599710278874460	-49.0
1599710278874468	-0.015625
1599710278875639	-196.0
1599710278875641	0.000244140625
1599710278875641	0.000244140625
1599710278875641	0.000244140625
1599710278875641	245.0
1599710278875641	0.000244140625
1599710278877487	-0.000244140625
1599710278877487	-196.0
1599710278877487	-0.000244140625
1599710278877487	-196.0
1599710278877487	-0.000244140625
1599710278877487	-0.000244140625
1599710278877490	0.035888671875
1599710278877490	0.035888671875
1599710278877490	0.0341796875
1599710278880746	-38.7451171875
1599710278880746	-245.0
1599710278880746	-0.035888671875
1599710278880746	-0.0341796875
1599710278880751	-0.000244140625
1599710278880757	-0.000244140625
1599710278880764	-0.035888671875
1599710278880772	-0.035888671875
