1601349477989104	256
1601349477989205	512
1601349477989379	-256
1601349477989392	256
1601349477989559	256
1601349477989785	256
1601349477989855	256
1601349477989904	256
1601349477990009	-256
1601349477990156	256
1601349477990224	256
1601349477990302	-256
1601349477990419	256
1601349477990510	-256
1601349477990531	256
1601349477990753	-256
1601349477990755	-256
1601349477990756	-256
1601349477990757	-256
1601349477990784	256
1601349477991033	-256
1601349477991078	-256
1601349477991145	-256
1601349477991534	256
1601349477991632	256
1601349477991637	256
1601349477991754	-256
1601349477991784	37632
1601349477991834	256
1601349477991875	16384
1601349477991917	256
1601349477991942	9216
1601349477992014	-9216
1601349477992034	4194304
1601349477992085	256
1601349477992098	9216
1601349477992155	-9216
1601349477992175	9437184
1601349477992219	256
1601349477992222	256
1601349477992268	-256
1601349477992285	65536
1601349477992329	51781632
1601349477992402	256
1601349477992404	256
1601349477992453	-256
1601349477992472	147456
1601349477992517	256
1601349477992519	256
1601349477992567	-256
1601349477992584	65536
1601349477992624	256
1601349477992636	9216
1601349477992690	-9216
1601349477992707	4194304
1601349477992751	256
1601349477992753	256
1601349477992799	-256
1601349477992815	65536
1601349477992855	256
1601349477992857	256
1601349477992900	-256
1601349477992916	65536
1601349477992955	256
1601349477992957	256
1601349477993007	-256
1601349477993023	147456
1601349477993066	256
1601349477993068	256
1601349477993114	-256
1601349477993131	1048576
1601349477993174	256
1601349477993187	9216
1601349477993241	-9216
1601349477993260	8200192
1601349477993304	256
1601349477993306	256
1601349477993351	-256
1601349477993367	65536
1601349477993406	256
1601349477993408	256
1601349477993453	-256
1601349477993469	524288
1601349477993514	256
1601349477993526	9216
1601349477993581	-9216
1601349477993599	4194304
1601349477993643	256
1601349477993645	256
1601349477993692	-256
1601349477993709	147456
1601349477993752	256
1601349477993792	4096
1601349477993831	256
1601349477993833	256
1601349477993876	-256
1601349477993893	65536
1601349477993932	256
1601349477993934	256
1601349477993976	-256
1601349477993992	1048576
1601349477994034	256
1601349477994046	9216
1601349477994116	-9216
1601349477994136	9437184
1601349477994183	256
1601349477994195	9216
1601349477994249	-9216
1601349477994268	9437184
1601349477994311	256
1601349477994313	256
1601349477994359	-256
1601349477994376	131072
1601349477994419	256
1601349477994421	256
1601349477994469	-256
1601349477994486	262144
1601349477994529	256
1601349477994531	256
1601349477994575	-256
1601349477994590	262144
1601349477994632	256
1601349477994634	256
1601349477994679	-256
1601349477994699	589824
1601349477994742	256
1601349477994744	256
1601349477994788	-256
1601349477994805	589824
1601349477994847	256
1601349477994849	256
1601349477994894	-256
1601349477994911	589824
1601349477994954	256
1601349477994956	256
1601349477994999	-256
1601349477995016	262144
1601349477995058	256
1601349477995060	256
1601349477995105	-256
1601349477995121	262144
1601349477995163	256
1601349477995165	256
1601349477995209	-256
1601349477995225	589824
1601349477995267	256
1601349477995269	256
1601349477995335	-256
1601349477995353	262144
1601349477995397	256
1601349477995399	256
1601349477995445	-256
1601349477995462	1048576
1601349477995508	256
1601349477995510	256
1601349477995556	-256
1601349477995574	262144
1601349477995618	256
1601349477995619	256
1601349477995664	-256
1601349477995681	262144
1601349477995724	256
1601349477995737	9216
1601349477995801	-9216
1601349477995819	2097152
1601349477995863	256
1601349477995875	9216
1601349477995930	-9216
1601349477995947	2359296
1601349477995992	256
1601349477995994	256
1601349477996039	-256
1601349477996055	1048576
1601349477996102	256
1601349477996104	256
1601349477996150	-256
1601349477996167	1048576
1601349477996210	256
1601349477996212	256
1601349477996260	-256
1601349477996278	1048576
1601349477996321	256
1601349477996323	256
1601349477996368	-256
1601349477996384	1048576
1601349477996427	256
1601349477996439	9216
1601349477996493	-9216
1601349477996511	2359296
1601349477996554	256
1601349477996566	9216
1601349477996619	-9216
1601349477996636	2359296
1601349477996679	256
1601349477996681	256
1601349477996726	-256
1601349477996745	524288
1601349477996788	256
1601349477996800	9216
1601349477996855	-9216
1601349477996872	2359296
1601349477996915	256
1601349477996917	256
1601349477996962	-256
1601349477996979	1048576
1601349477997021	256
1601349477997033	9216
1601349477997087	-9216
1601349477997104	2359296
1601349477997146	256
1601349477997158	9216
1601349477997214	-9216
1601349477997233	2359296
1601349477997287	256
1601349477997299	9216
1601349477997353	-9216
1601349477997370	2097152
1601349477997413	256
1601349477997425	9216
1601349477997479	-9216
1601349477997496	4194304
1601349477997539	256
1601349477997541	256
1601349477997587	-256
1601349477997603	1048576
1601349477997646	256
1601349477997648	256
1601349477997693	-256
1601349477997709	1048576
1601349477997751	256
1601349477997753	256
1601349477997797	-256
1601349477997814	1048576
1601349477997857	256
1601349477997869	9216
1601349477997923	-9216
1601349477997941	8388608
1601349477997984	256
1601349477997996	9216
1601349477998050	-9216
1601349477998071	4194304
1601349477998142	54593024
1601349477998205	-51781632
1601349477998399	-256
1601349477998400	-256
1601349477998401	-256
1601349477998403	-256
1601349477998404	-256
1601349477998404	-256
1601349477998405	-256
1601349477998406	-256
1601349477998407	-256
1601349477998407	-256
1601349477998408	-256
1601349477998409	-256
1601349477998410	-256
1601349477998411	-256
1601349477998412	-256
1601349477998413	-256
1601349477998414	-256
1601349477998415	-256
1601349477998416	-256
1601349477998417	-256
1601349477998418	-256
1601349477998418	-256
1601349477998419	-256
1601349477998420	-256
1601349477998421	-256
1601349477998422	-256
1601349477998423	-256
1601349477998424	-256
1601349477998424	-256
1601349477998425	-256
1601349477998426	-256
1601349477998427	-256
1601349477998428	-256
1601349477998429	-256
1601349477998430	-256
1601349477998430	-256
1601349477998431	-256
1601349477998432	-256
1601349477998433	-256
1601349477998434	-256
1601349477998434	-256
1601349477998435	-256
1601349477998436	-256
1601349477998437	-256
1601349477998438	-256
1601349477998439	-256
1601349477998440	-256
1601349477998440	-256
1601349477998441	-256
1601349477998442	-256
1601349477998443	-256
1601349477998445	-256
1601349477998446	-256
1601349477998447	-256
1601349477998473	276168704
1601349477998484	37632
1601349477998568	75520
1601349477998672	-75520
1601349477998676	-37632
1601349477998769	276168704
1601349477998770	256
1601349477998771	256
1601349477998772	256
1601349477998773	256
1601349477999087	69042176
1601349477999273	276168704
1601349477999280	65536
1601349477999330	18944
1601349477999404	-18944
1601349477999408	-65536
1601349477999448	69042176
1601349477999454	16384
1601349477999504	18944
1601349477999569	-18944
1601349477999572	-16384
1601349477999632	-256
1601349477999670	-256
1601349477999684	276168704
1601349477999685	1024
1601349477999687	1024
1601349477999688	1024
1601349477999689	1024
1601349477999815	69042176
1601349477999816	256
1601349477999817	256
1601349477999818	256
1601349477999819	256
1601349478000200	69042176
1601349478000206	147456
1601349478000255	113688576
1601349478000623	-113688576
1601349478000627	-147456
1601349478000789	-1024
1601349478000824	-1024
1601349478000837	69042176
1601349478000838	256
1601349478000839	256
1601349478000840	256
1601349478000841	256
1601349478000988	-256
1601349478001025	-256
1601349478001151	276168704
1601349478001158	65536
1601349478001207	18944
1601349478001278	-18944
1601349478001281	-65536
1601349478001410	276168704
1601349478001411	1024
1601349478001412	1024
1601349478001413	1024
1601349478001415	1024
1601349478001562	-256
1601349478001601	-256
1601349478001655	-276168704
1601349478001847	69042176
1601349478001853	65536
1601349478001901	18944
1601349478001974	-18944
1601349478001977	-65536
1601349478002055	-1024
1601349478002104	-1024
1601349478002119	69042176
1601349478002121	256
1601349478002122	256
1601349478002122	256
1601349478002123	256
1601349478002367	69042176
1601349478002373	147456
1601349478002423	113688576
1601349478002747	-113688576
1601349478002751	-147456
1601349478002889	69042176
1601349478002891	256
1601349478002892	256
1601349478002893	256
1601349478002894	256
1601349478003040	-256
1601349478003077	-256
1601349478003223	276168704
1601349478003230	65536
1601349478003279	18944
1601349478003349	-18944
1601349478003352	-65536
1601349478003485	276168704
1601349478003486	1024
1601349478003487	1024
1601349478003489	1024
1601349478003490	1024
1601349478003635	-256
1601349478003672	-256
1601349478003909	69042176
1601349478003915	65536
1601349478003964	18944
1601349478004031	-18944
1601349478004035	-65536
1601349478004113	-1024
1601349478004148	-1024
1601349478004162	69042176
1601349478004163	256
1601349478004164	256
1601349478004165	256
1601349478004166	256
1601349478004398	69042176
1601349478004405	147456
1601349478004452	113688576
1601349478004772	-113688576
1601349478004775	-147456
1601349478004910	69042176
1601349478004912	256
1601349478004913	256
1601349478004913	256
1601349478004915	256
1601349478005060	-256
1601349478005097	-256
1601349478005222	276168704
1601349478005228	65536
1601349478005276	18944
1601349478005346	-18944
1601349478005350	-65536
1601349478005475	276168704
1601349478005477	1024
1601349478005478	1024
1601349478005479	1024
1601349478005480	1024
1601349478005624	-256
1601349478005661	-256
1601349478005901	138084352
1601349478005927	524288
1601349478005977	4864
1601349478006045	-4864
1601349478006048	-524288
1601349478006078	51771648
1601349478006084	131072
1601349478006147	4864
1601349478006213	-4864
1601349478006216	-131072
1601349478006301	-1024
1601349478006336	-1024
1601349478006349	138084352
1601349478006350	2048
1601349478006352	2048
1601349478006353	2048
1601349478006354	2048
1601349478006486	34521088
1601349478006487	512
1601349478006488	512
1601349478006489	512
1601349478006490	512
1601349478006853	34521088
1601349478006859	589824
1601349478006908	175767552
1601349478007020	-175767552
1601349478007024	-589824
1601349478007178	-2048
1601349478007213	-2048
1601349478007225	34521088
1601349478007226	512
1601349478007227	512
1601349478007228	512
1601349478007229	512
1601349478007372	-512
1601349478007408	-512
1601349478007544	138084352
1601349478007550	262144
1601349478007598	4864
1601349478007667	-4864
1601349478007670	-262144
1601349478007801	138084352
1601349478007802	2048
1601349478007804	2048
1601349478007805	2048
1601349478007806	2048
1601349478007949	-512
1601349478007985	-512
1601349478008028	-138084352
1601349478008221	34521088
1601349478008227	262144
1601349478008278	4864
1601349478008347	-4864
1601349478008350	-262144
1601349478008428	-2048
1601349478008464	-2048
1601349478008479	34521088
1601349478008480	512
1601349478008481	512
1601349478008482	512
1601349478008483	512
1601349478008712	34521088
1601349478008718	589824
1601349478008765	175767552
1601349478008868	-175767552
1601349478008871	-589824
1601349478009002	34523136
1601349478009004	512
1601349478009005	512
1601349478009006	512
1601349478009007	512
1601349478009149	-512
1601349478009185	-512
1601349478009310	138084352
1601349478009316	262144
1601349478009363	4864
1601349478009431	-4864
1601349478009434	-262144
1601349478009564	138084352
1601349478009565	2048
1601349478009566	2048
1601349478009567	2048
1601349478009569	2048
1601349478009712	-512
1601349478009749	-512
1601349478009980	34521088
1601349478009987	262144
1601349478010033	4864
1601349478012615	-4864
1601349478012619	-262144
1601349478012731	-2048
1601349478012771	-2048
1601349478012790	34521088
1601349478012792	512
1601349478012793	512
1601349478012794	512
1601349478012795	512
1601349478013078	34521088
1601349478013084	589824
1601349478013135	175767552
1601349478013238	-175767552
1601349478013241	-589824
1601349478013398	34521088
1601349478013400	512
1601349478013401	512
1601349478013402	512
1601349478013403	512
1601349478013552	-512
1601349478013592	-512
1601349478013749	138084352
1601349478013755	262144
1601349478013804	4864
1601349478013873	-4864
1601349478013877	-262144
1601349478014027	138084352
1601349478014028	2048
1601349478014029	2048
1601349478014030	2048
1601349478014031	2048
1601349478014190	-512
1601349478014231	-512
1601349478014488	34521088
1601349478014494	262144
1601349478014544	4864
1601349478014612	-4864
1601349478014615	-262144
1601349478014700	-2048
1601349478014739	-2048
1601349478014758	34521088
1601349478014760	512
1601349478014760	512
1601349478014761	512
1601349478014762	512
1601349478015010	34521088
1601349478015016	589824
1601349478015065	175767552
1601349478015166	-175767552
1601349478015170	-589824
1601349478015314	34521088
1601349478015316	512
1601349478015317	512
1601349478015318	512
1601349478015319	512
1601349478015469	-512
1601349478015509	-512
1601349478015648	138084352
1601349478015654	262144
1601349478015702	4864
1601349478015772	-4864
1601349478015775	-262144
1601349478015952	138084352
1601349478015953	2048
1601349478015955	2048
1601349478015956	2048
1601349478015957	2048
1601349478016108	-512
1601349478016148	-512
1601349478016408	69042176
1601349478016414	2097152
1601349478016463	1280
1601349478016533	-1280
1601349478016536	-2097152
1601349478016622	17260544
1601349478016628	524288
1601349478016680	1280
1601349478016745	-1280
1601349478016748	-524288
1601349478016811	-2048
1601349478016850	-2048
1601349478016865	69042176
1601349478016867	4096
1601349478016868	4096
1601349478016869	4096
1601349478016870	4096
1601349478016979	17260544
1601349478016980	1024
1601349478016981	1024
1601349478016982	1024
1601349478016983	1024
1601349478017387	17260544
1601349478017393	2359296
1601349478017441	122683392
1601349478017545	-122683392
1601349478017549	-2359296
1601349478017717	-4096
1601349478017755	-4096
1601349478017771	17260544
1601349478017772	1024
1601349478017773	1024
1601349478017774	1024
1601349478017775	1024
1601349478017910	-1024
1601349478017949	-1024
1601349478018082	69042176
1601349478018088	1048576
1601349478018152	1280
1601349478018233	-1280
1601349478018237	-1048576
1601349478018374	69042176
1601349478018375	6144
1601349478018376	4096
1601349478018377	4096
1601349478018378	4096
1601349478018508	-1024
1601349478018545	-1024
1601349478018586	-69042176
1601349478018795	17260544
1601349478018800	1048576
1601349478018846	2048
1601349478018910	-2048
1601349478018913	-1048576
1601349478018996	-6144
1601349478019030	-4096
1601349478019049	17260544
1601349478019050	1024
1601349478019051	1024
1601349478019052	1024
1601349478019053	1024
1601349478019274	17260544
1601349478019280	2359296
1601349478019325	122683392
1601349478019421	-122683392
1601349478019424	-2359296
1601349478019554	17264640
1601349478019556	1024
1601349478019557	1024
1601349478019558	1024
1601349478019559	1024
1601349478019686	-1024
1601349478019723	-1024
1601349478019893	69042176
1601349478019899	1048576
1601349478019944	2048
1601349478020009	-2048
1601349478020012	-1048576
1601349478020154	69042176
1601349478020155	4096
1601349478020156	4096
1601349478020158	4096
1601349478020159	4096
1601349478020286	-1024
1601349478020323	-1024
1601349478020559	17260544
1601349478020565	1048576
1601349478020610	2048
1601349478020674	-2048
1601349478020677	-1048576
1601349478020756	-4096
1601349478020790	-4096
1601349478020807	17260544
1601349478020808	1024
1601349478020809	1024
1601349478020810	1024
1601349478020810	1024
1601349478021020	17260544
1601349478021026	2359296
1601349478021070	122683392
1601349478021167	-122683392
1601349478021171	-2359296
1601349478021305	17260544
1601349478021306	1024
1601349478021307	1024
1601349478021308	1024
1601349478021309	1024
1601349478021435	-1024
1601349478021471	-1024
1601349478021602	69042176
1601349478021608	1048576
1601349478021652	1280
1601349478021717	-1280
1601349478021720	-1048576
1601349478021854	69042176
1601349478021855	6144
1601349478021856	4096
1601349478021857	4096
1601349478021859	4096
1601349478021984	-1024
1601349478022018	-1024
1601349478022276	17260544
1601349478022282	1048576
1601349478022328	2048
1601349478022393	-2048
1601349478022396	-1048576
1601349478022478	-6144
1601349478022512	-4096
1601349478022528	17260544
1601349478022529	1024
1601349478022529	1024
1601349478022530	1024
1601349478022531	1024
1601349478022743	17260544
1601349478022748	2359296
1601349478022793	122683392
1601349478022891	-122683392
1601349478022894	-2359296
1601349478023034	17260544
1601349478023035	1024
1601349478023036	1024
1601349478023037	1024
1601349478023038	1024
1601349478023163	-1024
1601349478023201	-1024
1601349478023342	69042176
1601349478023348	1048576
1601349478023395	1280
1601349478023462	-1280
1601349478023465	-1048576
1601349478023596	69042176
1601349478023597	6144
1601349478023598	4096
1601349478023599	4096
1601349478023600	4096
1601349478023726	-1024
1601349478023761	-1024
1601349478023985	17260544
1601349478023991	1048576
1601349478024035	2048
1601349478024100	-2048
1601349478024102	-1048576
1601349478024182	-6144
1601349478024216	-4096
1601349478024233	17260544
1601349478024234	1024
1601349478024235	1024
1601349478024236	1024
1601349478024236	1024
1601349478024453	17260544
1601349478024458	2359296
1601349478024503	122683392
1601349478024601	-122683392
1601349478024604	-2359296
1601349478024742	17260544
1601349478024743	1024
1601349478024744	1024
1601349478024745	1024
1601349478024746	1024
1601349478025621	-1024
1601349478025660	-1024
1601349478027279	69042176
1601349478027285	1048576
1601349478028298	1280
1601349478028366	-1280
1601349478028369	-1048576
1601349478028531	69042176
1601349478028532	6144
1601349478028533	4096
1601349478028534	4096
1601349478028535	4096
1601349478029565	-1024
1601349478029601	-1024
1601349478032115	17260544
1601349478032121	1048576
1601349478032166	2048
1601349478032558	-2048
1601349478032561	-1048576
1601349478032815	-6144
1601349478032848	-4096
1601349478032862	17260544
1601349478032863	1024
1601349478032864	1024
1601349478032865	1024
1601349478032865	1024
1601349478033079	17260544
1601349478033084	2359296
1601349478034305	122683392
1601349478037293	-122683392
1601349478037297	-2359296
1601349478037447	17260544
1601349478037448	1024
1601349478037449	1024
1601349478037450	1024
1601349478037451	1024
1601349478038412	-1024
1601349478038450	-1024
1601349478038579	69042176
1601349478038585	1048576
1601349478040773	1280
1601349478040838	-1280
1601349478040841	-1048576
1601349478041455	69042176
1601349478041456	6144
1601349478041457	4096
1601349478041458	4096
1601349478041460	4096
1601349478042443	-1024
1601349478042479	-1024
1601349478042725	34521088
1601349478042730	8388608
1601349478042888	512
1601349478043626	-512
1601349478043630	-8388608
1601349478043682	8630272
1601349478043686	2097152
1601349478043923	512
1601349478043979	-512
1601349478043982	-2097152
1601349478044048	-6144
1601349478044154	-4096
1601349478044167	34521088
1601349478044168	8192
1601349478044169	8192
1601349478044170	8192
1601349478044171	8192
1601349478044283	8630272
1601349478044284	2048
1601349478044285	2048
1601349478044286	2048
1601349478044287	2048
1601349478045630	8630272
1601349478045635	9437184
1601349478046350	94371840
1601349478047155	-94371840
1601349478047159	-9437184
1601349478047735	-8192
1601349478047765	-8192
1601349478047781	8630272
1601349478047782	2048
1601349478047783	2048
1601349478047784	2048
1601349478047784	2048
1601349478047906	-2048
1601349478048883	-2048
1601349478049294	34521088
1601349478049300	4194304
1601349478049343	512
1601349478049404	-512
1601349478049407	-4194304
1601349478049642	34521088
1601349478049643	12288
1601349478049644	8192
1601349478049645	8192
1601349478049646	8192
1601349478050625	-2048
1601349478050664	-2048
1601349478050864	-34521088
1601349478051114	8630272
1601349478051119	4194304
1601349478051162	512
1601349478052303	-512
1601349478052306	-4194304
1601349478052377	-12288
1601349478053063	-8192
1601349478053079	8630272
1601349478053080	2048
1601349478053080	2048
1601349478053081	2048
1601349478053082	2048
1601349478053908	8630272
1601349478053913	9437184
1601349478053957	94371840
1601349478054474	-94371840
1601349478054477	-9437184
1601349478055610	8638464
1601349478055611	2048
1601349478055612	2048
1601349478055613	2048
1601349478055614	2048
1601349478055832	-2048
1601349478055980	-2048
1601349478056097	34521088
1601349478056102	4194304
1601349478056300	512
1601349478057039	-512
1601349478057042	-4194304
1601349478057374	34521088
1601349478057376	8192
1601349478057376	8192
1601349478057377	8192
1601349478057379	8192
1601349478057615	-2048
1601349478057648	-2048
1601349478059012	8630272
1601349478059017	4194304
1601349478059062	512
1601349478059805	-512
1601349478059808	-4194304
1601349478060565	-8192
1601349478060599	-8192
1601349478060613	8630272
1601349478060614	2048
1601349478060615	2048
1601349478060616	2048
1601349478060616	2048
1601349478061185	8630272
1601349478061189	9437184
1601349478061232	94371840
1601349478062334	-94371840
1601349478062338	-9437184
1601349478062726	8630272
1601349478062728	2048
1601349478062728	2048
1601349478062729	2048
1601349478062730	2048
1601349478062845	-2048
1601349478062877	-2048
1601349478063759	34521088
1601349478063764	4194304
1601349478064043	512
1601349478064278	-512
1601349478064281	-4194304
1601349478064443	34521088
1601349478064444	12288
1601349478064444	8192
1601349478064445	8192
1601349478064446	8192
1601349478064564	-2048
1601349478064595	-2048
1601349478067241	-12288
1601349478067273	-8192
1601349478067290	704512
1601349478067380	344576
1601349478067855	512
1601349478067857	512
1601349478070898	-512
1601349478070906	-512
1601349478070977	256
1601349478071247	-512
1601349478071260	4096
1601349478071371	704512
1601349478071425	8200192
1601349478071458	-704512
1601349478071459	-344576
1601349478071556	-4096
1601349478071602	-8200192
1601349478071642	-256
1601349478071688	-4096
1601349478071701	34521088
1601349478071742	-704512
1601349478071782	-8200192
1601349478072589	-34521088
1601349478072618	34529280
1601349478072619	12288
1601349478072620	8192
1601349478072620	256
1601349478072754	256
1601349478072833	-34521088
1601349478072834	-8192
1601349478072835	-8192
1601349478072837	-256
1601349478072838	-256
1601349478072937	9970176
1601349478072949	8192000
1601349478072983	8630272
1601349478073007	4096
1601349478073092	-9970176
1601349478073094	-4096
1601349478073095	-8192000
1601349478073126	8192000
1601349478073136	4194304
1601349478073157	4096
1601349478073290	-4096
1601349478073293	-4194304
1601349478073303	-34529280
1601349478073354	-12288
1601349478074220	-8192
1601349478074259	-8630272
1601349478074291	-4194304
1601349478074301	8630272
1601349478074302	2048
1601349478074302	2048
1601349478074303	256
1601349478074578	256
1601349478074644	-8630272
1601349478074646	-8630272
1601349478074647	-2048
1601349478074647	-2048
1601349478074650	-256
1601349478074650	-256
1601349478074985	-8192000
1601349478074999	8630272
1601349478075006	9437184
1601349478075033	8630272
1601349478075051	94371840
1601349478075297	-8630272
1601349478075299	-94371840
1601349478075300	-9437184
1601349478075330	9437184
1601349478075339	9437184
1601349478075357	88473600
1601349478076724	-88473600
1601349478076727	-9437184
1601349478076735	-8630272
1601349478076798	-2048
1601349478076831	-2048
1601349478076863	-8630272
1601349478076895	-9437184
1601349478076906	9437184
1601349478076906	2048
1601349478076907	2048
1601349478076908	256
1601349478076996	256
1601349478077941	-8630272
1601349478077942	-8630272
1601349478077943	-2048
1601349478077944	-2048
1601349478077945	-256
1601349478077946	-256
1601349478078113	-9437184
1601349478078130	34521088
1601349478078137	4194304
1601349478078166	34521088
1601349478078183	4096
1601349478078259	-34521088
1601349478078262	-4096
1601349478078263	-4194304
1601349478078290	4194304
1601349478078298	8200192
1601349478078314	4096
1601349478078437	-4096
1601349478078440	-8200192
1601349478078448	-9437184
1601349478078504	-2048
1601349478079551	-2048
1601349478079585	-34521088
1601349478079627	-4194304
1601349478079911	-34521088
1601349478079947	-4194304
1601349478079960	34537472
1601349478079961	8192
1601349478079962	8192
1601349478079963	256
1601349478079984	256
1601349478080348	-34521088
1601349478080350	-8192
1601349478080350	-8192
1601349478080352	-256
1601349478080353	-256
1601349478080372	9437184
1601349478080378	4194560
1601349478080408	8630272
1601349478080423	4096
1601349478080625	-9437184
1601349478080628	-4096
1601349478080629	-4194560
1601349478080655	4194560
1601349478080663	8200192
1601349478080678	4096
1601349478081981	-4096
1601349478081984	-8200192
1601349478081992	-34537472
1601349478082063	-8192
1601349478082133	-8192
1601349478082169	-8638464
1601349478082204	-4194304
1601349478082217	8638464
1601349478082218	2048
1601349478082219	2048
1601349478082219	256
1601349478082241	256
1601349478082374	-8630272
1601349478082376	-8630272
1601349478082377	-2048
1601349478082378	-2048
1601349478082380	-256
1601349478082381	-256
1601349478083269	-4194560
1601349478083282	8630272
1601349478083288	9437184
1601349478083432	8630272
1601349478083448	173986304
1601349478083575	-8630272
1601349478083577	-173986304
1601349478083578	-9437184
1601349478083610	9437184
1601349478083618	9437184
1601349478083634	164549120
1601349478083734	-164549120
1601349478083737	-9437184
1601349478083745	-8638464
1601349478083788	-2048
1601349478084889	-2048
1601349478084923	-8630272
1601349478085238	-9437184
1601349478085252	9437696
1601349478085252	2048
1601349478085253	2048
1601349478085254	256
1601349478085275	256
1601349478085646	-8630272
1601349478085648	-8630272
1601349478085649	-2048
1601349478085649	-2048
1601349478085651	-256
1601349478085651	-256
1601349478085701	-9437184
1601349478085713	34529280
1601349478085719	4194304
1601349478085746	34521088
1601349478085761	4096
1601349478085957	-34529280
1601349478085959	-4096
1601349478085960	-4194304
1601349478085987	4194304
1601349478085994	4194560
1601349478086011	4096
1601349478087308	-4096
1601349478087311	-4194560
1601349478087319	-9437696
1601349478087394	-2048
1601349478087462	-2048
1601349478087498	-34521088
1601349478087528	-4194304
1601349478087562	-34521088
1601349478087670	-4194304
1601349478087680	34521088
1601349478087681	12288
1601349478087682	8192
1601349478087683	256
1601349478087705	256
1601349478088774	-34521088
1601349478088775	-8192
1601349478088776	-8192
1601349478088778	-256
1601349478088779	-256
1601349478088794	34521088
1601349478088795	8192
1601349478088796	8192
1601349478088797	256
1601349478088820	256
1601349478088905	-34521088
1601349478088907	-34521088
1601349478088908	-8192
1601349478088909	-8192
1601349478088910	-256
1601349478088910	-256
1601349478088928	69042176
1601349478088934	9437184
1601349478088962	69042176
1601349478089098	-69042176
1601349478089100	-9437184
1601349478089129	9437184
1601349478089137	9437696
1601349478089153	4096
1601349478090229	-4096
1601349478090232	-9437696
1601349478090240	-34521088
1601349478090287	-12288
1601349478090319	-8192
1601349478090329	9437696
1601349478090335	4194304
1601349478090592	8630272
1601349478090608	4096
1601349478090991	-9437696
1601349478090993	-4096
1601349478090994	-4194304
1601349478091016	4194304
1601349478091023	4194560
1601349478091037	4096
1601349478091301	-4096
1601349478091303	-4194560
1601349478091310	-34521088
1601349478091355	-8192
1601349478091387	-8192
1601349478092639	-8388608
1601349478092674	-8630272
1601349478092704	-4194304
1601349478092764	-9437184
1601349478092774	9437184
1601349478092775	2048
1601349478092776	2048
1601349478092777	256
1601349478092830	256
1601349478092889	-8630272
1601349478092891	-8630272
1601349478092892	-2048
1601349478092893	-2048
1601349478092894	-256
1601349478092895	-256
1601349478092938	-4194304
1601349478092948	9437696
1601349478092954	12583424
1601349478093036	8630272
1601349478093052	94371840
1601349478094155	-9437696
1601349478094157	-94371840
1601349478094159	-12583424
1601349478094186	9437696
1601349478094193	12583424
1601349478094209	88473600
1601349478094341	-88473600
1601349478094344	-12583424
1601349478094352	-9437184
1601349478094393	-2048
1601349478094421	-2048
1601349478094450	-8630272
1601349478094483	-9437184
1601349478094496	9437184
1601349478094496	2048
1601349478094497	2048
1601349478094498	256
1601349478095617	256
1601349478095961	-8630272
1601349478095963	-8630272
1601349478095964	-2048
1601349478095965	-2048
1601349478095967	-256
1601349478095967	-256
1601349478096017	-9437696
1601349478096028	69042176
1601349478096034	2097152
1601349478096058	103596032
1601349478096403	-69042176
1601349478096405	-2097152
1601349478096434	2097152
1601349478096441	2097152
1601349478096458	4352
1601349478096676	-4352
1601349478096678	-2097152
1601349478096685	-9437184
1601349478096728	-2048
1601349478096758	-2048
1601349478097800	-103596032
1601349478097834	-2097152
1601349478097910	-69042176
1601349478097980	-2097152
1601349478097990	69046272
1601349478097991	4352
1601349478097992	6144
1601349478097992	256
1601349478098013	256
1601349478098088	-69042176
1601349478098089	-4096
1601349478098090	-4096
1601349478098100	-256
1601349478098101	-256
1601349478098119	18875136
1601349478098125	1048576
1601349478098156	17260544
1601349478098172	3584
1601349478099127	-18875136
1601349478099129	-3584
1601349478099130	-1048576
1601349478099157	1048576
1601349478099164	1048576
1601349478099180	2560
1601349478099443	-2560
1601349478099445	-1048576
1601349478099454	-69046272
1601349478099498	-4352
1601349478099535	-6144
1601349478099565	-17260544
1601349478099601	-1048576
1601349478099619	17260544
1601349478099620	1024
1601349478099620	1024
1601349478099621	256
1601349478099643	256
1601349478099721	-17260544
1601349478099723	-17260544
1601349478099724	-1024
1601349478099725	-1024
1601349478099726	-256
1601349478099727	-256
1601349478100796	-1048576
1601349478100807	17260544
1601349478100813	4194304
1601349478100839	19923712
1601349478100855	122683392
1601349478101191	-17260544
1601349478101193	-122683392
1601349478101195	-4194304
1601349478101227	4194304
1601349478101234	4194560
1601349478101250	110886912
1601349478101875	-110886912
1601349478101878	-4194560
1601349478101886	-17260544
1601349478101938	-1024
1601349478101974	-1024
1601349478102010	-17260544
1601349478104239	-2359296
1601349478104250	17260544
1601349478104251	1024
1601349478104251	1024
1601349478104252	256
1601349478104280	256
1601349478104361	-19923712
1601349478104362	-17260544
1601349478104363	-1024
1601349478104363	-1024
1601349478104365	-256
1601349478104366	-256
1601349478104970	-4194304
1601349478104985	69042176
1601349478104991	1048576
1601349478105016	69042176
1601349478105031	4096
1601349478105272	-69042176
1601349478105275	-4096
1601349478105275	-1048576
1601349478105302	1048576
1601349478105310	1048576
1601349478105325	4096
1601349478105441	-4096
1601349478105443	-1048576
1601349478105451	-17260544
1601349478105493	-1024
1601349478105528	-1024
1601349478105564	-69042176
1601349478105604	-1048576
1601349478105712	-69042176
1601349478106599	-1048576
1601349478106610	69046272
1601349478106610	4352
1601349478106611	6144
1601349478106612	256
1601349478106715	256
1601349478106790	-69042176
1601349478106791	-4096
1601349478106792	-4096
1601349478106794	-256
1601349478106795	-256
1601349478106819	19923712
1601349478106825	1048576
1601349478106854	17260544
1601349478106869	3584
1601349478106938	-19923712
1601349478106940	-3584
1601349478106941	-1048576
1601349478106966	1048576
1601349478106974	1048576
1601349478106988	2560
1601349478107104	-2560
1601349478107107	-1048576
1601349478107115	-69046272
1601349478107154	-4352
1601349478107187	-6144
1601349478108142	-17260544
1601349478108174	-1048576
1601349478108189	17260544
1601349478108189	1024
1601349478108190	1024
1601349478108190	256
1601349478108350	256
1601349478108427	-17260544
1601349478108429	-17260544
1601349478108429	-1024
1601349478108430	-1024
1601349478108432	-256
1601349478108432	-256
1601349478108480	-1048576
1601349478108492	17260544
1601349478108498	4194304
1601349478108568	19923712
1601349478108583	122683392
1601349478108742	-17260544
1601349478108744	-122683392
1601349478108745	-4194304
1601349478108775	4194304
1601349478108782	4194560
1601349478108797	110886912
1601349478110157	-110886912
1601349478110160	-4194560
1601349478110168	-17260544
1601349478110218	-1024
1601349478110246	-1024
1601349478110282	-17260544
1601349478110316	-2359296
1601349478110326	17260544
1601349478110327	1024
1601349478110327	1024
1601349478110328	256
1601349478110352	256
1601349478110475	-19923712
1601349478110476	-17260544
1601349478110477	-1024
1601349478110477	-1024
1601349478110479	-256
1601349478110479	-256
1601349478110558	-4194304
1601349478110569	69042176
1601349478110575	1049088
1601349478110656	69042176
1601349478110671	4096
1601349478111682	-69042176
1601349478111684	-4096
1601349478111685	-1049088
1601349478111711	1049088
1601349478111718	1048576
1601349478111733	4096
1601349478111848	-4096
1601349478111850	-1048576
1601349478111859	-17260544
1601349478111901	-1024
1601349478111957	-1024
1601349478111992	-69042176
1601349478112026	-1048576
1601349478113062	-69042176
1601349478113097	-1049088
1601349478113106	69046272
1601349478113107	4352
1601349478113107	6144
1601349478113108	256
1601349478113127	256
1601349478113348	-69042176
1601349478113349	-4096
1601349478113350	-4096
1601349478113352	-256
1601349478113353	-256
1601349478113369	19923712
1601349478113375	1048576
1601349478113409	17260544
1601349478113424	3584
1601349478113526	-19923712
1601349478113528	-3584
1601349478113529	-1048576
1601349478113553	1048576
1601349478113560	1049088
1601349478113575	2560
1601349478113738	-2560
1601349478113741	-1049088
1601349478113749	-69046272
1601349478113788	-4352
1601349478115080	-6144
1601349478115115	-17260544
1601349478115144	-1048576
1601349478115161	17260544
1601349478115161	1024
1601349478115162	1024
1601349478115163	256
1601349478115182	256
1601349478115256	-17260544
1601349478115258	-17260544
1601349478115258	-1024
1601349478115259	-1024
1601349478115261	-256
1601349478115261	-256
1601349478115308	-1048576
1601349478115319	17260544
1601349478115325	4194304
1601349478115347	19923712
1601349478115367	122683392
1601349478117467	-17260544
1601349478117470	-122683392
1601349478117472	-4194304
1601349478117513	4194304
1601349478117522	4194560
1601349478117540	110886912
1601349478117643	-110886912
1601349478117646	-4194560
1601349478117654	-17260544
1601349478117703	-1024
1601349478117733	-1024
1601349478117769	-17260544
1601349478117802	-2359296
1601349478117814	17260544
1601349478117815	1024
1601349478117815	1024
1601349478117816	256
1601349478117839	256
1601349478118043	-19923712
1601349478118044	-17260544
1601349478118044	-1024
1601349478118045	-1024
1601349478118047	-256
1601349478118047	-256
1601349478118108	-4194304
1601349478118122	69042176
1601349478118128	1048576
1601349478118155	69042176
1601349478118170	4096
1601349478118252	-69042176
1601349478118254	-4096
1601349478118255	-1048576
1601349478118278	1048576
1601349478118285	1048576
1601349478118299	4096
1601349478118478	-4096
1601349478118481	-1048576
1601349478118489	-17260544
1601349478118610	-1024
1601349478118645	-1024
1601349478118678	-69042176
1601349478118809	-1048576
1601349478118905	-69042176
1601349478118938	-1048576
1601349478118947	69046272
1601349478118948	4352
1601349478118948	6144
1601349478118949	256
1601349478118967	256
1601349478119039	-69042176
1601349478119040	-4096
1601349478119047	-4096
1601349478119049	-256
1601349478119050	-256
1601349478119067	19923712
1601349478119074	1048576
1601349478119101	17260544
1601349478119115	3584
1601349478119182	-19923712
1601349478119184	-3584
1601349478119185	-1048576
1601349478119207	1048576
1601349478119214	1048576
1601349478119228	2560
1601349478119337	-2560
1601349478119340	-1048576
1601349478119347	-69046272
1601349478119385	-4352
1601349478119418	-6144
1601349478119449	-17260544
1601349478119477	-1048576
1601349478119491	17260544
1601349478119492	1024
1601349478119492	1024
1601349478119493	256
1601349478119512	256
1601349478119583	-17260544
1601349478119585	-17260544
1601349478119585	-1024
1601349478119586	-1024
1601349478119588	-256
1601349478119588	-256
1601349478119636	-1048576
1601349478119647	17260544
1601349478119653	2359808
1601349478119828	19923712
1601349478119843	122683392
1601349478120238	-17260544
1601349478120240	-122683392
1601349478120241	-2359808
1601349478120271	2359808
1601349478120277	4194304
1601349478120292	110886912
1601349478120606	-110886912
1601349478120609	-4194304
1601349478120616	-256
1601349478120617	-17260544
1601349478122003	-1024
1601349478122046	-1024
1601349478122079	-17260544
1601349478122128	-2359296
1601349478122139	17260544
1601349478122140	1024
1601349478122140	1024
1601349478122141	256
1601349478123428	256
1601349478123542	-19923712
1601349478123543	-17260544
1601349478123543	-1024
1601349478123544	-1024
1601349478123546	-256
1601349478123546	-256
1601349478123602	-2359808
1601349478123616	69042176
1601349478123622	1048576
1601349478123709	69042176
1601349478123725	4352
1601349478123789	-69042176
1601349478123791	-4352
1601349478123792	-1048576
1601349478123815	1048576
1601349478123822	1049088
1601349478123835	4352
1601349478123979	-4352
1601349478123981	-1049088
1601349478123989	-17260544
1601349478124089	-1024
1601349478124972	-1024
1601349478125102	-69042176
1601349478125195	-1048576
1601349478125277	-69042176
1601349478126064	-1048576
1601349478126075	69050368
1601349478126076	4352
1601349478126077	4096
1601349478126078	256
1601349478126163	256
1601349478126513	-69042176
1601349478126514	-4096
1601349478126515	-4096
1601349478126517	-256
1601349478126517	-256
1601349478126540	19923712
1601349478126546	1049088
1601349478126574	26740992
1601349478126599	3584
1601349478126663	-19923712
1601349478126665	-3584
1601349478126667	-1049088
1601349478126689	1049088
1601349478126696	1048576
1601349478126709	2560
1601349478126815	-2560
1601349478126817	-1048576
1601349478126825	-69050368
1601349478126861	-4352
1601349478126890	-4096
1601349478126919	-17264640
1601349478128153	-1048576
1601349478128166	17264640
1601349478128167	1024
1601349478128168	1024
1601349478128168	256
1601349478128187	256
1601349478128255	-26740992
1601349478128256	-17260544
1601349478128257	-1024
1601349478128258	-1024
1601349478128260	-256
1601349478128260	-256
1601349478129683	-1049088
1601349478129694	17260544
1601349478129700	4194304
1601349478129726	19923712
1601349478129740	122683392
1601349478129974	-17260544
1601349478129976	-122683392
1601349478129978	-4194304
1601349478130011	4194304
1601349478130018	4194560
1601349478130033	110886912
1601349478130498	-110886912
1601349478130501	-4194560
1601349478130508	-17264640
1601349478130559	-1024
1601349478130586	-1024
1601349478130617	-17260544
1601349478131969	-2359296
1601349478131980	26740992
1601349478131981	1024
1601349478131981	1024
1601349478131982	256
1601349478132004	256
1601349478132074	-19923712
1601349478132075	-17260544
1601349478132076	-1024
1601349478132077	-1024
1601349478132078	-256
1601349478132079	-256
1601349478132118	-4194304
1601349478132133	69046272
1601349478132139	1048576
1601349478133401	69042176
1601349478133415	4352
1601349478133493	-69046272
1601349478133495	-4352
1601349478133496	-1048576
1601349478133519	1048576
1601349478133525	1048576
1601349478133539	4352
1601349478133660	-4352
1601349478133662	-1048576
1601349478133670	-26740992
1601349478133706	-1024
1601349478133824	-1024
1601349478133960	-69042176
1601349478134063	-1048576
1601349478134941	-69042176
1601349478135060	-1048576
1601349478135070	69042176
1601349478135071	4352
1601349478135071	6144
1601349478135072	256
1601349478135142	256
1601349478135275	-69042176
1601349478135276	-4096
1601349478135277	-4096
1601349478135278	-256
1601349478135279	-256
1601349478135295	69042176
1601349478135296	4096
1601349478135297	4096
1601349478135297	256
1601349478136004	256
1601349478136151	-69042176
1601349478136153	-69042176
1601349478136154	-4096
1601349478136154	-4096
1601349478136156	-256
1601349478136156	-256
1601349478136179	138084352
1601349478136184	2097152
1601349478136413	138084352
1601349478136508	-138084352
1601349478136510	-2097152
1601349478136535	2097152
1601349478136542	2097152
1601349478136556	2560
1601349478136664	-2560
1601349478136667	-2097152
1601349478136674	-69042176
1601349478136713	-4352
1601349478136746	-6144
1601349478136756	19923712
1601349478136762	1048576
1601349478136788	30149376
1601349478136802	4352
1601349478140085	-19923712
1601349478140087	-4352
1601349478140088	-1048576
1601349478140124	1048576
1601349478140132	1048576
1601349478140146	4352
1601349478140257	-4352
1601349478140259	-1048576
1601349478140266	-69042176
1601349478140312	-4096
1601349478140343	-4096
1601349478140370	-2097152
1601349478140404	-17260544
1601349478140432	-1048576
1601349478140461	-2097152
1601349478140475	19923712
1601349478140475	1024
1601349478140476	1024
1601349478140477	256
1601349478140495	256
1601349478140566	-30149376
1601349478140567	-17260544
1601349478140568	-1024
1601349478140569	-1024
1601349478140570	-256
1601349478140571	-256
1601349478140616	-1048576
1601349478140626	30149376
1601349478140632	4194304
1601349478140653	17260544
1601349478140675	172605440
1601349478140947	-30149376
1601349478140949	-172605440
1601349478140950	-4194304
1601349478140982	4194304
1601349478140988	4194560
1601349478141002	172605440
1601349478147370	-172605440
1601349478147372	-4194560
1601349478147378	-19923712
1601349478147422	-1024
1601349478147451	-1024
1601349478147478	-17260544
1601349478147517	-2359296
1601349478147528	19923712
1601349478147528	1024
1601349478147529	1024
1601349478147529	256
1601349478147551	256
1601349478148912	-17260544
1601349478148914	-17260544
1601349478148915	-1024
1601349478148915	-1024
1601349478148917	-256
1601349478148917	-256
1601349478148962	-4194304
1601349478148981	138084352
1601349478148987	524288
1601349478149009	207142912
1601349478150284	-138084352
1601349478150286	-524288
1601349478150312	524288
1601349478150319	524288
1601349478150334	4352
1601349478150464	-4352
1601349478150465	-524288
1601349478150472	-19923712
1601349478150508	-1024
1601349478150556	-1024
1601349478150586	-207142912
1601349478150613	-524288
1601349478150659	-138084352
1601349478150699	-524288
1601349478150709	138086400
1601349478150709	2048
1601349478150710	2048
1601349478150711	256
1601349478150809	256
1601349478150997	-138084352
1601349478150998	-2048
1601349478150998	-2048
1601349478151000	-256
1601349478151001	-256
1601349478151023	44045312
1601349478151029	262144
1601349478151058	34521088
1601349478151072	6912
1601349478152137	-44045312
1601349478152139	-6912
1601349478152140	-262144
1601349478152164	262144
1601349478152170	262144
1601349478152183	2560
1601349478153450	-2560
1601349478153452	-262144
1601349478153458	-138086400
1601349478153499	-2048
1601349478153526	-2048
1601349478153570	-34521088
1601349478153600	-262144
1601349478153609	34521088
1601349478153610	512
1601349478153611	512
1601349478153611	256
1601349478153632	256
1601349478153718	-34521088
1601349478153720	-34521088
1601349478153720	-512
1601349478153721	-512
1601349478153722	-256
1601349478153723	-256
1601349478153761	-262144
1601349478153775	34521088
1601349478153780	1048576
1601349478153800	44045312
1601349478153814	175767552
1601349478154749	-34521088
1601349478154751	-175767552
1601349478154752	-1048576
1601349478154775	1048576
1601349478154781	1049088
1601349478154795	157704192
1601349478155632	-157704192
1601349478155635	-1049088
1601349478155641	-34521088
1601349478156014	-512
1601349478156045	-512
1601349478156427	-34521088
1601349478156456	-589824
1601349478156469	34521088
1601349478156469	512
1601349478156470	512
1601349478156471	256
1601349478156488	256
1601349478157039	-44045312
1601349478157040	-34521088
1601349478157041	-512
1601349478157042	-512
1601349478157043	-256
1601349478157044	-256
1601349478157088	-1048576
1601349478157099	138084352
1601349478157107	262144
1601349478157129	138084352
1601349478157142	6912
1601349478158253	-138084352
1601349478158255	-6912
1601349478158257	-262144
1601349478158280	262144
1601349478158286	262144
1601349478158300	4352
1601349478159557	-4352
1601349478159558	-262144
1601349478159565	-34521088
1601349478159648	-512
1601349478159687	-512
1601349478159717	-138084352
1601349478159745	-262144
1601349478159858	-138084352
1601349478159897	-262144
1601349478159906	138086400
1601349478159906	2048
1601349478159907	2048
1601349478159908	256
1601349478160063	256
1601349478160148	-138084352
1601349478160149	-2048
1601349478160149	-2048
1601349478160151	-256
1601349478160152	-256
1601349478160177	44045312
1601349478160183	262144
1601349478160999	34521088
1601349478161012	6912
1601349478161478	-44045312
1601349478161480	-6912
1601349478161481	-262144
1601349478161503	262144
1601349478161510	262144
1601349478161523	2560
1601349478162441	-2560
1601349478162443	-262144
1601349478162449	-138086400
1601349478162534	-2048
1601349478162566	-2048
1601349478162594	-34521088
1601349478162623	-262144
1601349478162633	34521088
1601349478162634	512
1601349478162635	512
1601349478162635	256
1601349478162755	256
1601349478162830	-34521088
1601349478162832	-34521088
1601349478162833	-512
1601349478162834	-512
1601349478162835	-256
1601349478162835	-256
1601349478162874	-262144
1601349478162889	34521088
1601349478162894	852736
1601349478162914	44307712
1601349478162928	175767552
1601349478164196	-34521088
1601349478164198	-175767552
1601349478164199	-852736
1601349478164221	852736
1601349478164226	1048576
1601349478164240	157704192
1601349478165849	-157704192
1601349478165852	-1048576
1601349478165858	-34521088
1601349478165895	-512
1601349478166262	-512
1601349478166295	-34521088
1601349478166324	-589824
1601349478166335	34521088
1601349478166336	512
1601349478166336	512
1601349478166337	256
1601349478166801	256
1601349478166881	-44307712
1601349478166882	-34521088
1601349478166883	-512
1601349478166884	-512
1601349478166885	-256
1601349478166886	-256
1601349478166931	-852736
1601349478166946	138084352
1601349478166952	262144
1601349478166973	138084352
1601349478166986	6912
1601349478168081	-138084352
1601349478168083	-6912
1601349478168084	-262144
1601349478168112	262144
1601349478168118	262144
1601349478168131	4096
1601349478169375	-4096
1601349478169377	-262144
1601349478169384	-34521088
1601349478169469	-512
1601349478169511	-512
1601349478169543	-138084352
1601349478169653	-262144
1601349478169684	-138084352
1601349478169715	-262144
1601349478169724	138088448
1601349478169725	2048
1601349478169726	2304
1601349478169726	256
1601349478169877	256
1601349478169960	-138084352
1601349478169961	-2048
1601349478169961	-2048
1601349478169963	-256
1601349478169964	-256
1601349478169986	45881344
1601349478169991	262144
1601349478170815	34521088
1601349478170829	6912
1601349478171277	-45881344
1601349478171279	-6912
1601349478171280	-262144
1601349478171302	262144
1601349478171308	262144
1601349478171321	2560
1601349478172239	-2560
1601349478172241	-262144
1601349478172248	-138088448
1601349478172332	-2048
1601349478172362	-2304
1601349478172390	-34523136
1601349478172517	-262144
1601349478172527	34523136
1601349478172528	512
1601349478172530	512
1601349478172533	256
1601349478172550	256
1601349478172613	-34521088
1601349478172615	-34521088
1601349478172615	-512
1601349478172616	-512
1601349478172617	-256
1601349478172618	-256
1601349478172656	-262144
1601349478172671	34521088
1601349478172676	1048576
1601349478172697	45881344
1601349478172709	175767552
1601349478175182	-34521088
1601349478175184	-175767552
1601349478175186	-1048576
1601349478175218	1048576
1601349478175224	589824
1601349478175238	157704192
1601349478175623	-157704192
1601349478175626	-589824
1601349478175632	-34523136
1601349478176022	-512
1601349478176050	-512
1601349478176082	-34521088
1601349478176112	-589824
1601349478176120	34521088
1601349478176121	512
1601349478176121	512
1601349478176122	256
1601349478176582	256
1601349478176650	-45881344
1601349478176651	-34521088
1601349478176652	-512
1601349478176653	-512
1601349478176654	-256
1601349478176655	-256
1601349478176694	-1048576
1601349478176709	138084352
1601349478176714	262656
1601349478177797	138084352
1601349478177810	6912
1601349478177872	-138084352
1601349478177874	-6912
1601349478177875	-262656
1601349478177898	262656
1601349478177904	262144
1601349478177917	4352
1601349478179231	-4352
1601349478179233	-262144
1601349478179240	-34521088
1601349478179277	-512
1601349478179308	-512
1601349478179425	-138084352
1601349478179453	-262144
1601349478179487	-138084352
1601349478179657	-262656
1601349478179667	138086400
1601349478179668	2048
1601349478179668	2304
1601349478179669	256
1601349478179693	256
1601349478180643	-138084352
1601349478180644	-2048
1601349478180645	-2048
1601349478180647	-256
1601349478180647	-256
1601349478180662	138084352
1601349478180663	2048
1601349478180663	2048
1601349478180664	256
1601349478180763	256
1601349478180961	-138084352
1601349478180963	-138084352
1601349478180963	-2048
1601349478180964	-2048
1601349478180965	-256
1601349478180966	-256
1601349478180987	276168704
1601349478180992	524288
1601349478181068	276168704
1601349478181983	-276168704
1601349478181985	-524288
1601349478182011	524288
1601349478182018	524288
1601349478182031	2560
1601349478182144	-2560
1601349478182146	-524288
1601349478182153	-138086400
1601349478182190	-2048
1601349478182317	-2304
1601349478182327	48176384
1601349478182333	262656
1601349478182353	34521088
1601349478182371	6912
1601349478182430	-48176384
1601349478182431	-6912
1601349478182432	-262656
1601349478182453	262656
1601349478182460	262144
1601349478182472	4352
1601349478184986	-4352
1601349478184988	-262144
1601349478184995	-138084352
1601349478185035	-2048
1601349478185063	-2048
1601349478185095	-524288
1601349478185418	-34521088
1601349478185448	-262144
1601349478185828	-524288
1601349478185842	48176384
1601349478185843	512
1601349478185843	512
1601349478185844	256
1601349478185861	256
1601349478185930	-34521088
1601349478185932	-34521088
1601349478185933	-512
1601349478185934	-512
1601349478185936	-256
1601349478185936	-256
1601349478186386	-262656
1601349478186399	34521088
1601349478186404	1048576
1601349478186426	34521088
1601349478186440	207132672
1601349478187639	-34521088
1601349478187640	-207132672
1601349478187641	-1048576
1601349478187670	1048576
1601349478187677	589824
1601349478187690	207132672
1601349478188937	-207132672
1601349478188939	-589824
1601349478188946	-48176384
1601349478189039	-512
1601349478189068	-512
1601349478189100	-34521088
1601349478189131	-589824
1601349478189140	34521088
1601349478189141	512
1601349478189142	512
1601349478189142	256
1601349478189241	256
1601349478189330	-34521088
1601349478189331	-51771648
1601349478189332	-512
1601349478189333	-512
1601349478189334	-256
1601349478189335	-256
1601349478189453	-1048576
1601349478189466	276168704
1601349478189471	131072
1601349478189493	345219072
1601349478190556	-276168704
1601349478190558	-131072
1601349478190584	131072
1601349478190591	131072
1601349478190605	4352
1601349478191784	-4352
1601349478191786	-131072
1601349478191792	-34521088
1601349478191832	-512
1601349478191862	-512
1601349478191909	-345219072
1601349478191939	-131072
1601349478191969	-276168704
1601349478192000	-131072
1601349478192009	276168704
1601349478192010	1024
1601349478192011	1024
1601349478192011	256
1601349478192129	256
1601349478192206	-276168704
1601349478192208	-1024
1601349478192208	-1024
1601349478192210	-256
1601349478192210	-256
1601349478192229	69346048
1601349478192235	65536
1601349478192260	69042176
1601349478192278	21248
1601349478193531	-69346048
1601349478193533	-21248
1601349478193534	-65536
1601349478193558	65536
1601349478193565	65536
1601349478193577	4352
1601349478194824	-4352
1601349478194825	-65536
1601349478194833	-276168704
1601349478194876	-1024
1601349478195213	-1024
1601349478195246	-69042176
1601349478195626	-65536
1601349478195636	69042176
1601349478195637	256
1601349478195637	256
1601349478195638	256
1601349478195659	256
1601349478195724	-69042176
1601349478195726	-69042176
1601349478195726	-256
1601349478195727	-256
1601349478195729	-256
1601349478195729	-256
1601349478196180	-65536
1601349478196191	69042176
1601349478196197	147456
1601349478196223	69416448
1601349478196237	409856
1601349478196349	-69042176
1601349478196351	-409856
1601349478196352	-147456
1601349478196382	147456
1601349478196389	147456
1601349478196402	5632
1601349478198703	-5632
1601349478198706	-147456
1601349478198713	-69042176
1601349478198759	-256
1601349478198787	-256
1601349478198822	-69042176
1601349478198855	-147456
1601349478198865	69042176
1601349478198866	256
1601349478198866	256
1601349478198867	256
1601349478198889	256
1601349478198953	-69416448
1601349478198955	-69042176
1601349478198955	-256
1601349478198956	-256
1601349478198958	-256
1601349478198958	-256
1601349478199039	-147456
1601349478199050	276168704
1601349478199056	65536
1601349478199077	276168704
1601349478199091	21248
1601349478199289	-276168704
1601349478199291	-21248
1601349478199292	-65536
1601349478199314	65536
1601349478199320	65536
1601349478199334	3072
1601349478201521	-3072
1601349478201523	-65536
1601349478201529	-69042176
1601349478201567	-256
1601349478201596	-256
1601349478201626	-276168704
1601349478201653	-65536
1601349478201713	-276168704
1601349478201745	-65536
1601349478201754	276168704
1601349478201755	1024
1601349478201755	1024
1601349478201756	256
1601349478201773	256
1601349478201954	-276168704
1601349478201956	-1024
1601349478201956	-1024
1601349478201958	-256
1601349478201959	-256
1601349478201977	73758464
1601349478201982	65536
1601349478202007	69042176
1601349478202020	21248
1601349478202081	-73758464
1601349478202083	-21248
1601349478202084	-65536
1601349478202119	65536
1601349478202126	65536
1601349478202140	3072
1601349478204581	-3072
1601349478204584	-65536
1601349478204591	-276168704
1601349478204628	-1024
1601349478204660	-1024
1601349478204990	-69042176
1601349478205017	-65536
1601349478205031	69042176
1601349478205031	256
1601349478205032	256
1601349478205033	256
1601349478205397	256
1601349478205465	-69042176
1601349478205467	-69042176
1601349478205467	-256
1601349478205468	-256
1601349478205470	-256
1601349478205470	-256
1601349478205517	-65536
1601349478205527	69042176
1601349478205533	147456
1601349478205553	74283264
1601349478205571	409856
1601349478205990	-69042176
1601349478205992	-409856
1601349478205993	-147456
1601349478206016	147456
1601349478206022	147456
1601349478206036	5632
1601349478210538	-5632
1601349478210541	-147456
1601349478210547	-69042176
1601349478210586	-256
1601349478213135	-256
1601349478213167	-69042176
1601349478213195	-147456
1601349478213211	69042176
1601349478213212	256
1601349478213212	256
1601349478213213	256
1601349478213230	256
1601349478213296	-74283264
1601349478213298	-69042176
1601349478213298	-256
1601349478213300	-256
1601349478213301	-256
1601349478213301	-256
1601349478213349	-147456
1601349478213360	276168704
1601349478213367	65536
1601349478213391	276168704
1601349478213404	21248
1601349478214464	-276168704
1601349478214467	-21248
1601349478214468	-65536
1601349478214492	65536
1601349478214498	65536
1601349478214511	3072
1601349478215762	-3072
1601349478215765	-65536
1601349478215771	-69042176
1601349478215810	-256
1601349478215879	-256
1601349478215907	-276168704
1601349478215936	-65536
1601349478215967	-276168704
1601349478216094	-65536
1601349478216103	276168704
1601349478216104	1024
1601349478216104	1024
1601349478216105	256
1601349478216123	256
1601349478216196	-276168704
1601349478216197	-1024
1601349478216198	-1024
1601349478216200	-256
1601349478216200	-256
1601349478216223	276168704
1601349478216224	1024
1601349478216225	1024
1601349478216225	256
1601349478216323	256
1601349478216397	-276168704
1601349478216399	-276168704
1601349478216400	-1024
1601349478216400	-1024
1601349478216401	-256
1601349478216402	-256
1601349478216425	83598080
1601349478216430	65536
1601349478217259	69042176
1601349478217272	21248
1601349478217733	-83598080
1601349478217735	-21248
1601349478217736	-65536
1601349478217765	65536
1601349478217771	65536
1601349478217784	3072
1601349478218699	-3072
1601349478218701	-65536
1601349478218708	-276168704
1601349478218793	-1024
1601349478218824	-1024
1601349478218835	83598080
1601349478218840	65536
1601349478218861	69042176
1601349478218874	21248
1601349478219027	-83598080
1601349478219029	-21248
1601349478219030	-65536
1601349478219051	65536
1601349478219057	65536
1601349478219070	3072
1601349478220589	-3072
1601349478220591	-65536
1601349478220597	-276168704
1601349478221297	-1024
1601349478221328	-1024
1601349478221359	-65536
1601349478221389	-69042176
1601349478222104	-65536
1601349478222139	-65536
1601349478222152	69042176
1601349478222152	256
1601349478222153	256
1601349478222154	256
1601349478222885	256
1601349478222953	-69042176
1601349478222955	-69042176
1601349478222955	-256
1601349478222956	-256
1601349478222957	-256
1601349478222958	-256
1601349478222999	-65536
1601349478223014	69042176
1601349478223019	147456
1601349478223962	83598336
1601349478223975	409856
1601349478224045	-69042176
1601349478224047	-409856
1601349478224048	-147456
1601349478224079	147456
1601349478224086	147456
1601349478224099	5632
1601349478225315	-5632
1601349478225317	-147456
1601349478225324	-69042176
1601349478226570	-256
1601349478226601	-256
1601349478226632	-69042176
1601349478226661	-147456
1601349478226674	69042176
1601349478226675	256
1601349478226676	256
1601349478226676	256
1601349478226790	256
1601349478226859	-83598336
1601349478226860	-69042176
1601349478226862	-256
1601349478226863	-256
1601349478226864	-256
1601349478226864	-256
1601349478226916	-147456
1601349478226931	69042176
1601349478226937	16384
1601349478227083	71090688
1601349478227097	21248
1601349478227388	-69042176
1601349478227390	-21248
1601349478227391	-16384
1601349478227415	16384
1601349478227421	16384
1601349478227435	3072
1601349478228894	-3072
1601349478228896	-16384
1601349478228902	-69042176
1601349478229786	-256
1601349478229815	-256
1601349478229863	-71090688
1601349478229890	-16384
1601349478229902	276168704
1601349478230044	-69042176
1601349478230045	-69042176
1601349478230081	-16384
1601349478230123	-276168704
1601349478230141	345210880
1601349478230142	256
1601349478230143	256
1601349478230143	256
1601349478230324	256
1601349478230394	-276168704
1601349478230395	-276168704
1601349478230396	-256
1601349478230397	-256
1601349478230398	-256
1601349478230398	-256
1601349478230416	37632
1601349478230422	37632
1601349478230437	35840
1601349478231879	-35840
1601349478231882	-37632
1601349478231888	-54593024
1601349478231889	-345210880
1601349478231937	-256
1601349478231970	-256
1601349478233126	-37632
1601349478233152	-256
1601349478233153	-37632
