1598953264513181	256
1598953264513328	256
1598953264513365	256
1598953264513504	256
1598953264513525	-256
1598953264513548	256
1598953264513646	256
1598953264513742	256
1598953264513800	-256
1598953264513868	256
1598953264513922	-256
1598953264513982	256
1598953264514107	256
1598953264514178	-256
1598953264514191	256
1598953264515904	256
1598953264516291	-256
1598953264516293	-256
1598953264516294	-256
1598953264516295	-256
1598953264516317	256
1598953264516482	-256
1598953264516505	-256
1598953264516566	-256
1598953264516979	256
1598953264516985	256
1598953264517075	-256
1598953264517105	262144
1598953264517175	256
1598953264517199	9216
1598953264517274	-9216
1598953264517298	2359296
1598953264517355	256
1598953264517369	9216
1598953264517430	-9216
1598953264517453	2359296
1598953264517508	256
1598953264517510	256
1598953264517563	-256
1598953264517585	262144
1598953264517638	256
1598953264517640	256
1598953264517694	-256
1598953264517715	131072
1598953264517768	256
1598953264517770	256
1598953264517830	-256
1598953264517852	262144
1598953264517905	256
1598953264517907	256
1598953264517959	-256
1598953264517980	589824
1598953264518033	256
1598953264518035	256
1598953264518087	-256
1598953264518127	262144
1598953264518184	256
1598953264518186	256
1598953264518239	-256
1598953264518260	589824
1598953264518312	256
1598953264518315	256
1598953264518367	-256
1598953264518387	262144
1598953264518438	256
1598953264518440	256
1598953264518490	-256
1598953264518510	262144
1598953264518562	256
1598953264518564	256
1598953264518615	-256
1598953264518635	589824
1598953264518689	256
1598953264518691	256
1598953264518743	-256
1598953264518763	524288
1598953264518815	256
1598953264518817	256
1598953264518868	-256
1598953264518889	589824
1598953264518939	256
1598953264518941	256
1598953264518993	-256
1598953264519013	262144
1598953264519066	256
1598953264519068	256
1598953264519121	-256
1598953264519141	1048576
1598953264519190	256
1598953264519205	9216
1598953264519270	-9216
1598953264519292	2097152
1598953264519344	256
1598953264519346	256
1598953264519399	-256
1598953264519419	1048576
1598953264519470	256
1598953264519472	256
1598953264519522	-256
1598953264519543	1048576
1598953264519592	256
1598953264519594	256
1598953264519646	-256
1598953264519665	1048576
1598953264519715	256
1598953264519717	256
1598953264519770	-256
1598953264519790	1048576
1598953264519838	256
1598953264519840	256
1598953264519891	-256
1598953264519911	1048576
1598953264519960	256
1598953264519962	256
1598953264520013	-256
1598953264520033	1048576
1598953264520083	256
1598953264520085	256
1598953264520136	-256
1598953264520156	1048576
1598953264520206	256
1598953264520208	256
1598953264520260	-256
1598953264520280	1048576
1598953264520331	256
1598953264520333	256
1598953264520385	-256
1598953264520405	1048576
1598953264520454	256
1598953264520468	9216
1598953264520539	-9216
1598953264520563	2359296
1598953264520614	256
1598953264520616	256
1598953264520667	-256
1598953264520688	1048576
1598953264520737	256
1598953264520751	9216
1598953264520813	-9216
1598953264520835	9437184
1598953264520887	256
1598953264520900	9216
1598953264520961	-9216
1598953264520982	9437184
1598953264521033	256
1598953264521046	9216
1598953264521106	-9216
1598953264521127	2359296
1598953264521182	38535168
1598953264521251	256
1598953264521299	4096
1598953264521345	256
1598953264521347	256
1598953264521397	-256
1598953264521417	524288
1598953264521468	256
1598953264521471	256
1598953264521521	-256
1598953264521542	147456
1598953264521591	256
1598953264521594	256
1598953264521645	-256
1598953264521665	147456
1598953264521717	256
1598953264521719	256
1598953264521771	-256
1598953264521791	65536
1598953264521837	256
1598953264521851	9216
1598953264521912	-9216
1598953264521933	4194304
1598953264521984	256
1598953264521986	256
1598953264522043	-256
1598953264522064	65536
1598953264522121	256
1598953264522123	256
1598953264522182	-256
1598953264522201	65536
1598953264522248	256
1598953264522250	256
1598953264522299	-256
1598953264522318	37632
1598953264522361	256
1598953264522363	256
1598953264522410	-256
1598953264522429	65536
1598953264522475	256
1598953264522477	256
1598953264522526	-256
1598953264522544	65536
1598953264522588	256
1598953264522590	256
1598953264522639	-256
1598953264522657	65536
1598953264522702	256
1598953264522717	9216
1598953264522778	-9216
1598953264522798	8200192
1598953264522847	256
1598953264522849	256
1598953264522901	-256
1598953264522921	147456
1598953264522972	256
1598953264522985	9216
1598953264523047	-9216
1598953264523068	2097152
1598953264523120	256
1598953264523132	9216
1598953264523193	-9216
1598953264523215	4194304
1598953264523267	256
1598953264523280	9216
1598953264523340	-9216
1598953264523361	2359296
1598953264523411	256
1598953264523458	16384
1598953264523504	256
1598953264523516	9216
1598953264523576	-9216
1598953264523596	9437184
1598953264523647	256
1598953264523659	9216
1598953264523718	-9216
1598953264523740	2359296
1598953264523791	256
1598953264523803	9216
1598953264523863	-9216
1598953264523885	8388608
1598953264523936	256
1598953264523949	9216
1598953264524009	-9216
1598953264524031	4194304
1598953264524083	256
1598953264524095	9216
1598953264524155	-9216
1598953264524176	4194304
1598953264524227	256
1598953264524239	9216
1598953264524299	-9216
1598953264524322	4194304
1598953264524386	40627200
1598953264524436	-38535168
1598953264524646	-256
1598953264524647	-256
1598953264524648	-256
1598953264524649	-256
1598953264524649	-256
1598953264524650	-256
1598953264524652	-256
1598953264524652	-256
1598953264524653	-256
1598953264524655	-256
1598953264524655	-256
1598953264524656	-256
1598953264524657	-256
1598953264524658	-256
1598953264524659	-256
1598953264524660	-256
1598953264524661	-256
1598953264524662	-256
1598953264524663	-256
1598953264524664	-256
1598953264524664	-256
1598953264524665	-256
1598953264524666	-256
1598953264524667	-256
1598953264524668	-256
1598953264524669	-256
1598953264524670	-256
1598953264524671	-256
1598953264524672	-256
1598953264524673	-256
1598953264524674	-256
1598953264524675	-256
1598953264524676	-256
1598953264524677	-256
1598953264524677	-256
1598953264524678	-256
1598953264524679	-256
1598953264524680	-256
1598953264524681	-256
1598953264524682	-256
1598953264524683	-256
1598953264524684	-256
1598953264524685	-256
1598953264524685	-256
1598953264524686	-256
1598953264524687	-256
1598953264524688	-256
1598953264524689	-256
1598953264524690	-256
1598953264524691	-256
1598953264524693	-256
1598953264524693	-256
1598953264524694	-256
1598953264524695	-256
1598953264524727	205520896
1598953264524740	37632
1598953264524834	75520
1598953264524945	-75520
1598953264524950	-37632
1598953264525068	205520896
1598953264525069	256
1598953264525070	256
1598953264525071	256
1598953264525072	256
1598953264525415	51380224
1598953264525610	51380224
1598953264525618	16384
1598953264525677	18944
1598953264525759	-18944
1598953264525764	-16384
1598953264525802	205520896
1598953264525810	65536
1598953264525868	18944
1598953264525948	-18944
1598953264525951	-65536
1598953264526084	-256
1598953264526147	-256
1598953264526164	51380224
1598953264526166	256
1598953264526167	256
1598953264526168	256
1598953264526169	256
1598953264526321	205520896
1598953264526323	1024
1598953264526325	1024
1598953264526326	1024
1598953264526327	1024
1598953264526667	51380224
1598953264526674	147456
1598953264526728	89178112
1598953264527105	-89178112
1598953264527108	-147456
1598953264527348	51380224
1598953264527349	256
1598953264527350	256
1598953264527351	256
1598953264527352	256
1598953264527517	-256
1598953264527576	-256
1598953264527615	-1024
1598953264527653	-1024
1598953264527794	205520896
1598953264527801	65536
1598953264527853	18944
1598953264527926	-18944
1598953264527929	-65536
1598953264528079	205520896
1598953264528081	1024
1598953264528083	1024
1598953264528084	1024
1598953264528085	1024
1598953264528246	-256
1598953264528289	-256
1598953264528336	-205520896
1598953264528551	51380224
1598953264528558	65536
1598953264528611	18944
1598953264528691	-18944
1598953264528694	-65536
1598953264528784	-1024
1598953264528823	-1024
1598953264528839	51380224
1598953264528841	256
1598953264528841	256
1598953264528842	256
1598953264528843	256
1598953264529104	51380224
1598953264529111	147456
1598953264529162	89178112
1598953264529503	-89178112
1598953264529507	-147456
1598953264529663	51380224
1598953264529665	256
1598953264529666	256
1598953264529667	256
1598953264529668	256
1598953264529831	-256
1598953264529873	-256
1598953264530015	205520896
1598953264530022	65536
1598953264530074	18944
1598953264530161	-18944
1598953264530165	-65536
1598953264530365	205520896
1598953264530366	1024
1598953264530367	1024
1598953264530369	1024
1598953264530370	1024
1598953264530537	-256
1598953264530579	-256
1598953264530841	51380224
1598953264530848	65536
1598953264530901	18944
1598953264530975	-18944
1598953264530979	-65536
1598953264531071	-1024
1598953264531111	-1024
1598953264531127	51380224
1598953264531128	256
1598953264531129	256
1598953264531130	256
1598953264531131	256
1598953264531418	51380224
1598953264531425	147456
1598953264531477	89178112
1598953264531823	-89178112
1598953264531827	-147456
1598953264531982	51380224
1598953264531983	256
1598953264531985	256
1598953264531985	256
1598953264531986	256
1598953264532150	-256
1598953264532192	-256
1598953264532334	205520896
1598953264532341	65536
1598953264532393	18944
1598953264532467	-18944
1598953264532470	-65536
1598953264532623	205520896
1598953264532625	1024
1598953264532625	1024
1598953264532627	1024
1598953264532628	1024
1598953264532790	-256
1598953264532832	-256
1598953264533113	102760448
1598953264533120	524288
1598953264533174	4864
1598953264533248	-4864
1598953264533252	-524288
1598953264533321	38525184
1598953264533328	131072
1598953264533382	4864
1598953264533452	-4864
1598953264533455	-131072
1598953264533522	-1024
1598953264533562	-1024
1598953264533578	102760448
1598953264533579	2048
1598953264533580	2048
1598953264533581	2048
1598953264533582	2048
1598953264533709	25690112
1598953264533711	512
1598953264533712	512
1598953264533713	512
1598953264533714	512
1598953264534139	25690112
1598953264534145	589824
1598953264534207	117964800
1598953264534341	-117964800
1598953264534345	-589824
1598953264534524	-2048
1598953264534563	-2048
1598953264534577	25690112
1598953264534579	512
1598953264534580	512
1598953264534582	512
1598953264534583	512
1598953264534759	-512
1598953264534801	-512
1598953264534939	102760448
1598953264534945	262144
1598953264534998	4864
1598953264535070	-4864
1598953264535074	-262144
1598953264535227	102760448
1598953264535228	2048
1598953264535229	2048
1598953264535231	2048
1598953264535232	2048
1598953264535393	-512
1598953264535435	-512
1598953264535480	-102760448
1598953264535703	25690112
1598953264535710	262144
1598953264535767	4864
1598953264535844	-4864
1598953264535848	-262144
1598953264535945	-2048
1598953264535989	-2048
1598953264536005	25690112
1598953264536007	512
1598953264536008	512
1598953264536009	512
1598953264536010	512
1598953264536286	25690112
1598953264536292	589824
1598953264536347	117964800
1598953264536465	-117964800
1598953264536469	-589824
1598953264536627	25692160
1598953264536628	512
1598953264536629	512
1598953264536631	512
1598953264536631	512
1598953264536799	-512
1598953264536840	-512
1598953264536988	102760448
1598953264536996	262144
1598953264537050	4864
1598953264537127	-4864
1598953264537130	-262144
1598953264537287	102760448
1598953264537288	2048
1598953264537290	2048
1598953264537291	2048
1598953264537293	2048
1598953264537458	-512
1598953264537500	-512
1598953264537773	25690112
1598953264537781	262144
1598953264537834	4864
1598953264537910	-4864
1598953264537913	-262144
1598953264538008	-2048
1598953264538049	-2048
1598953264538067	25690112
1598953264538068	512
1598953264538069	512
1598953264538070	512
1598953264538071	512
1598953264538359	25690112
1598953264538366	589824
1598953264538421	117964800
1598953264538539	-117964800
1598953264538543	-589824
1598953264538703	25690112
1598953264538705	512
1598953264538706	512
1598953264538707	512
1598953264538708	512
1598953264538866	-512
1598953264538905	-512
1598953264539041	102760448
1598953264539047	262144
1598953264539106	4864
1598953264539176	-4864
1598953264539179	-262144
1598953264539323	102760448
1598953264539324	2048
1598953264539325	2048
1598953264539327	2048
1598953264539328	2048
1598953264539481	-512
1598953264539520	-512
1598953264539774	25690112
1598953264539781	262144
1598953264539832	4864
1598953264539901	-4864
1598953264539904	-262144
1598953264539991	-2048
1598953264540029	-2048
1598953264540044	25690112
1598953264540045	512
1598953264540046	512
1598953264540047	512
1598953264540048	512
1598953264540347	25690112
1598953264540353	589824
1598953264540404	117964800
1598953264540514	-117964800
1598953264540518	-589824
1598953264540661	25690112
1598953264540663	512
1598953264540664	512
1598953264540665	512
1598953264540666	512
1598953264540822	-512
1598953264540861	-512
1598953264540994	102760448
1598953264541001	262144
1598953264541050	4864
1598953264541120	-4864
1598953264541123	-262144
1598953264541265	102760448
1598953264541267	2048
1598953264541268	2048
1598953264541269	2048
1598953264541270	2048
1598953264541423	-512
1598953264541462	-512
1598953264541715	51380224
1598953264541721	2097152
1598953264541772	1280
1598953264541842	-1280
1598953264541845	-2097152
1598953264541915	12845056
1598953264541921	524288
1598953264541973	1280
1598953264542038	-1280
1598953264542042	-524288
1598953264542129	-2048
1598953264542168	-2048
1598953264542183	51380224
1598953264542185	4096
1598953264542186	4096
1598953264542187	4096
1598953264542188	4096
1598953264542295	12845056
1598953264542296	1024
1598953264542297	1024
1598953264542298	1024
1598953264542299	1024
1598953264542685	12845056
1598953264542691	2359296
1598953264542741	84934656
1598953264542849	-84934656
1598953264542853	-2359296
1598953264543020	-4096
1598953264543058	-4096
1598953264543073	12845056
1598953264543075	1024
1598953264543075	1024
1598953264543077	1024
1598953264543078	1024
1598953264543213	-1024
1598953264543251	-1024
1598953264543384	51380224
1598953264543391	1048576
1598953264543440	1280
1598953264543510	-1280
1598953264543514	-1048576
1598953264543658	51380224
1598953264543659	6144
1598953264543660	4096
1598953264543661	4096
1598953264543663	4096
1598953264543798	-1024
1598953264543837	-1024
1598953264543882	-51380224
1598953264544102	12845056
1598953264544108	1048576
1598953264544158	2048
1598953264544226	-2048
1598953264544229	-1048576
1598953264544318	-6144
1598953264544355	-4096
1598953264544371	12845056
1598953264544372	1024
1598953264544373	1024
1598953264544374	1024
1598953264544374	1024
1598953264544605	12845056
1598953264544612	2359296
1598953264544661	84934656
1598953264544769	-84934656
1598953264544772	-2359296
1598953264544916	12849152
1598953264544917	1024
1598953264544918	1024
1598953264544920	1024
1598953264544921	1024
1598953264545056	-1024
1598953264545095	-1024
1598953264545227	51380224
1598953264545233	1048576
1598953264545281	2048
1598953264545350	-2048
1598953264545352	-1048576
1598953264545495	51380224
1598953264545496	4096
1598953264545497	4096
1598953264545499	4096
1598953264545500	4096
1598953264545634	-1024
1598953264545672	-1024
1598953264545919	12845056
1598953264545925	1048576
1598953264545972	2048
1598953264546040	-2048
1598953264546043	-1048576
1598953264546143	-4096
1598953264546180	-4096
1598953264546195	12845056
1598953264546196	1024
1598953264546197	1024
1598953264546198	1024
1598953264546199	1024
1598953264546436	12845056
1598953264546442	2359296
1598953264546490	84934656
1598953264546599	-84934656
1598953264546603	-2359296
1598953264546747	12845056
1598953264546748	1024
1598953264546749	1024
1598953264546751	1024
1598953264546752	1024
1598953264546887	-1024
1598953264546927	-1024
1598953264547061	51380224
1598953264547067	1048576
1598953264547115	1280
1598953264547185	-1280
1598953264547188	-1048576
1598953264547330	51380224
1598953264547331	6144
1598953264547332	4096
1598953264547333	4096
1598953264547334	4096
1598953264547466	-1024
1598953264547505	-1024
1598953264547753	12845056
1598953264547759	1048576
1598953264547807	2048
1598953264547876	-2048
1598953264547879	-1048576
1598953264547966	-6144
1598953264548004	-4096
1598953264548018	12845056
1598953264548019	1024
1598953264548020	1024
1598953264548021	1024
1598953264548022	1024
1598953264548248	12845056
1598953264548254	2359296
1598953264548303	84934656
1598953264548412	-84934656
1598953264548415	-2359296
1598953264548562	12845056
1598953264548564	1024
1598953264548565	1024
1598953264548566	1024
1598953264548567	1024
1598953264548703	-1024
1598953264548746	-1024
1598953264548901	51380224
1598953264548907	1048576
1598953264548956	1280
1598953264549026	-1280
1598953264549029	-1048576
1598953264549174	51380224
1598953264549175	6144
1598953264549176	4096
1598953264549177	4096
1598953264549178	4096
1598953264549313	-1024
1598953264549351	-1024
1598953264549599	12845056
1598953264549606	1048576
1598953264549654	2048
1598953264549722	-2048
1598953264549724	-1048576
1598953264549816	-6144
1598953264549855	-4096
1598953264549869	12845056
1598953264549870	1024
1598953264549871	1024
1598953264549872	1024
1598953264549873	1024
1598953264550113	12845056
1598953264550119	2359296
1598953264550172	84934656
1598953264550278	-84934656
1598953264550281	-2359296
1598953264550441	12845056
1598953264550442	1024
1598953264550443	1024
1598953264550444	1024
1598953264550445	1024
1598953264550577	-1024
1598953264550614	-1024
1598953264550747	51380224
1598953264550753	1048576
1598953264550800	1280
1598953264550869	-1280
1598953264550872	-1048576
1598953264551013	51380224
1598953264551015	6144
1598953264551016	4096
1598953264551017	4096
1598953264551018	4096
1598953264551149	-1024
1598953264551188	-1024
1598953264551433	12845056
1598953264551439	1048576
1598953264551486	2048
1598953264551553	-2048
1598953264551556	-1048576
1598953264551647	-6144
1598953264551690	-4096
1598953264551705	12845056
1598953264551706	1024
1598953264551707	1024
1598953264551708	1024
1598953264551709	1024
1598953264551932	12845056
1598953264551939	2359296
1598953264551986	84934656
1598953264553728	-84934656
1598953264553731	-2359296
1598953264553878	12845056
1598953264553879	1024
1598953264553880	1024
1598953264553881	1024
1598953264553882	1024
1598953264554577	-1024
1598953264554618	-1024
1598953264554746	51380224
1598953264554752	1048576
1598953264556367	1280
1598953264556437	-1280
1598953264556440	-1048576
1598953264556927	51380224
1598953264556928	6144
1598953264556928	4096
1598953264556929	4096
1598953264556931	4096
1598953264557702	-1024
1598953264557741	-1024
1598953264558018	6422528
1598953264558025	2097152
1598953264558075	512
1598953264558581	-512
1598953264558585	-2097152
1598953264558630	25690112
1598953264558636	8388608
1598953264558821	512
1598953264558886	-512
1598953264558890	-8388608
1598953264558964	-6144
1598953264559010	-4096
1598953264559025	6422528
1598953264559026	2048
1598953264559027	2048
1598953264559027	2048
1598953264559028	2048
1598953264559134	25690112
1598953264559136	8192
1598953264559137	8192
1598953264559139	8192
1598953264559140	8192
1598953264559430	6422528
1598953264559436	9437184
1598953264560138	75497472
1598953264560759	-75497472
1598953264560762	-9437184
1598953264561764	6422528
1598953264561766	2048
1598953264561766	2048
1598953264561768	2048
1598953264561769	2048
1598953264561905	-2048
1598953264561942	-2048
1598953264561977	-8192
1598953264562716	-8192
1598953264563035	25690112
1598953264563042	4194304
1598953264563091	512
1598953264563159	-512
1598953264563163	-4194304
1598953264563337	25690112
1598953264563338	8192
1598953264563339	8192
1598953264563340	8192
1598953264563341	8192
1598953264563993	-2048
1598953264564031	-2048
1598953264564189	-25690112
1598953264564424	6422528
1598953264564430	4194304
1598953264564479	512
1598953264565317	-512
1598953264565320	-4194304
1598953264565407	-8192
1598953264565905	-8192
1598953264565920	6422528
1598953264565921	2048
1598953264565922	2048
1598953264565923	2048
1598953264565924	2048
1598953264566565	6422528
1598953264566571	9437184
1598953264566619	75497472
1598953264567001	-75497472
1598953264567004	-9437184
1598953264567918	6422528
1598953264567919	2048
1598953264567920	2048
1598953264567922	2048
1598953264567923	2048
1598953264568078	-2048
1598953264568193	-2048
1598953264568325	25690112
1598953264568330	4194304
1598953264568450	512
1598953264568956	-512
1598953264568960	-4194304
1598953264569224	25690112
1598953264569225	8192
1598953264569226	8192
1598953264569227	8192
1598953264569229	8192
1598953264569418	-2048
1598953264569460	-2048
1598953264570496	6422528
1598953264570502	4194304
1598953264570549	512
1598953264571103	-512
1598953264571106	-4194304
1598953264571669	-8192
1598953264571706	-8192
1598953264571720	6422528
1598953264571720	2048
1598953264571721	2048
1598953264571722	2048
1598953264571723	2048
1598953264572164	6422528
1598953264572170	9437184
1598953264572218	75497472
1598953264573093	-75497472
1598953264573096	-9437184
1598953264573402	6422528
1598953264573404	2048
1598953264573405	2048
1598953264573407	2048
1598953264573408	2048
1598953264573535	-2048
1598953264573573	-2048
1598953264574142	25690112
1598953264574147	4194304
1598953264574346	512
1598953264574527	-512
1598953264574531	-4194304
1598953264574668	25690112
1598953264574669	8192
1598953264574670	8192
1598953264574672	8192
1598953264574673	8192
1598953264574797	-2048
1598953264574832	-2048
1598953264576820	-8192
1598953264576854	-8192
1598953264576872	524288
1598953264576958	256256
1598953264577299	256
1598953264577301	256
1598953264579412	-256
1598953264579422	-256
1598953264579495	256
1598953264579687	-256
1598953264579701	4096
1598953264579779	524288
1598953264579838	8200192
1598953264579877	-524288
1598953264579877	-256256
1598953264579972	-4096
1598953264580026	-8200192
1598953264580068	-256
1598953264580117	-4096
1598953264580131	25690112
1598953264580168	-524288
1598953264580213	-8200192
1598953264580650	-25690112
1598953264580676	25698304
1598953264580677	8192
1598953264580678	8192
1598953264580679	256
1598953264580760	256
1598953264580850	-25690112
1598953264580852	-8192
1598953264580853	-8192
1598953264580855	-256
1598953264580856	-256
1598953264580967	8192512
1598953264580979	4194304
1598953264581017	6422528
1598953264581043	4096
1598953264581142	-8192512
1598953264581145	-4096
1598953264581146	-4194304
1598953264581181	8192512
1598953264581191	4194304
1598953264581217	4096
1598953264581369	-4096
1598953264581371	-4194304
1598953264581383	-25698304
1598953264581436	-8192
1598953264581834	-8192
1598953264581875	-6422528
1598953264581911	-4194304
1598953264581927	6422528
1598953264581928	2048
1598953264581929	2048
1598953264581930	256
1598953264582117	256
1598953264582190	-6422528
1598953264582192	-6422528
1598953264582193	-2048
1598953264582194	-2048
1598953264582197	-256
1598953264582198	-256
1598953264582413	-8192512
1598953264582427	6422528
1598953264582435	9437184
1598953264582464	8200704
1598953264582484	75497472
1598953264582663	-6422528
1598953264582666	-75497472
1598953264582667	-9437184
1598953264582698	9437184
1598953264582707	9437184
1598953264582727	75497472
1598953264583626	-75497472
1598953264583629	-9437184
1598953264583638	-6422528
1598953264583691	-2048
1598953264583728	-2048
1598953264583766	-6422528
1598953264583804	-9437184
1598953264583817	9437696
1598953264583818	2048
1598953264583818	2048
1598953264583819	256
1598953264583843	256
1598953264584499	-8200704
1598953264584501	-6422528
1598953264584502	-2048
1598953264584503	-2048
1598953264584505	-256
1598953264584506	-256
1598953264584603	-9437184
1598953264584617	25690112
1598953264584623	4194816
1598953264584653	25690112
1598953264584671	4096
1598953264584751	-25690112
1598953264584754	-4096
1598953264584755	-4194816
1598953264584783	4194816
1598953264584791	8200704
1598953264584809	4096
1598953264584943	-4096
1598953264584946	-8200704
1598953264584955	-9437696
1598953264585003	-2048
1598953264585658	-2048
1598953264585698	-25690112
1598953264585734	-4194304
1598953264585939	-25690112
1598953264585978	-4194816
1598953264585989	25698304
1598953264585990	8192
1598953264585991	8192
1598953264585992	256
1598953264586014	256
1598953264586289	-25690112
1598953264586290	-8192
1598953264586292	-8192
1598953264586294	-256
1598953264586295	-256
1598953264586316	8200704
1598953264586323	4194816
1598953264586354	9437696
1598953264586372	4096
1598953264586502	-8200704
1598953264586505	-4096
1598953264586506	-4194816
1598953264586534	4194816
1598953264586542	8200704
1598953264586559	4096
1598953264587408	-4096
1598953264587411	-8200704
1598953264587420	-25698304
1598953264587475	-8192
1598953264587524	-8192
1598953264587563	-6422528
1598953264587600	-4194304
1598953264587613	6422528
1598953264587613	2048
1598953264587614	2048
1598953264587615	256
1598953264587638	256
1598953264587721	-9437696
1598953264587722	-6422528
1598953264587723	-2048
1598953264587724	-2048
1598953264587727	-256
1598953264587727	-256
1598953264588327	-4194816
1598953264588339	6422528
1598953264588346	9437696
1598953264588437	8200704
1598953264588455	138004736
1598953264588558	-6422528
1598953264588561	-138004736
1598953264588562	-9437696
1598953264588591	9437696
1598953264588600	9437184
1598953264588618	128567552
1598953264588730	-128567552
1598953264588732	-9437184
1598953264588742	-6422528
1598953264588793	-2048
1598953264589504	-2048
1598953264589543	-6422528
1598953264589764	-9437184
1598953264589778	9437696
1598953264589779	2048
1598953264589780	2048
1598953264589780	256
1598953264589804	256
1598953264590072	-8200704
1598953264590073	-6422528
1598953264590075	-2048
1598953264590076	-2048
1598953264590077	-256
1598953264590078	-256
1598953264590140	-9437696
1598953264590152	25690112
1598953264590159	4194560
1598953264590187	25690112
1598953264590204	4096
1598953264590318	-25690112
1598953264590320	-4096
1598953264590321	-4194560
1598953264590349	4194560
1598953264590357	4194816
1598953264590373	4096
1598953264591240	-4096
1598953264591242	-4194816
1598953264591252	-9437696
1598953264591303	-2048
1598953264591353	-2048
1598953264591386	-25690112
1598953264591419	-4194304
1598953264591454	-25690112
1598953264591505	-4194560
1598953264591516	25690112
1598953264591518	8192
1598953264591518	8192
1598953264591519	256
1598953264591542	256
1598953264592281	-25690112
1598953264592282	-8192
1598953264592283	-8192
1598953264592285	-256
1598953264592286	-256
1598953264592305	25690112
1598953264592306	8192
1598953264592307	8192
1598953264592308	256
1598953264592334	256
1598953264592391	-25690112
1598953264592393	-25690112
1598953264592394	-8192
1598953264592395	-8192
1598953264592396	-256
1598953264592397	-256
1598953264592417	51380224
1598953264592423	9437696
1598953264592452	51380224
1598953264593220	-51380224
1598953264593226	-9437696
1598953264593306	9437696
1598953264593320	9437696
1598953264593355	4096
1598953264593562	-4096
1598953264593566	-9437696
1598953264593580	-25690112
1598953264593655	-8192
1598953264593703	-8192
1598953264593719	8200704
1598953264593729	4194816
1598953264593766	9437696
1598953264593791	4096
1598953264593913	-8200704
1598953264593917	-4096
1598953264593918	-4194816
1598953264593953	4194816
1598953264593964	4194816
1598953264593986	4096
1598953264594173	-4096
1598953264594177	-4194816
1598953264594189	-25690112
1598953264594252	-8192
1598953264594458	-8192
1598953264595045	-8388608
1598953264595098	-6422528
1598953264595142	-4194304
1598953264595190	-9437696
1598953264595202	6422528
1598953264595203	2048
1598953264595204	2048
1598953264595206	256
1598953264595236	256
1598953264595342	-9437696
1598953264595344	-6422528
1598953264595347	-2048
1598953264595348	-2048
1598953264595351	-256
1598953264595352	-256
1598953264595416	-4194816
1598953264595437	8200704
1598953264595447	9437696
1598953264595483	9437696
1598953264595507	102764544
1598953264596141	-8200704
1598953264596145	-102764544
1598953264596146	-9437696
1598953264596183	9437696
1598953264596194	9437184
1598953264596218	102764544
1598953264596376	-102764544
1598953264596379	-9437184
1598953264596397	-6422528
1598953264596461	-2048
1598953264596510	-2048
1598953264596560	-6422528
1598953264596607	-9437184
1598953264596626	8200704
1598953264596627	2048
1598953264596628	2048
1598953264596629	256
1598953264597224	256
1598953264597449	-9437696
1598953264597451	-6422528
1598953264597453	-2048
1598953264597454	-2048
1598953264597457	-256
1598953264597458	-256
1598953264597520	-9437696
1598953264597535	51380224
1598953264597544	2097152
1598953264597579	51380224
1598953264597827	-51380224
1598953264597831	-2097152
1598953264597871	2097152
1598953264597882	2097664
1598953264597906	4352
1598953264598076	-4352
1598953264598080	-2097664
1598953264598091	-8200704
1598953264598177	-2048
1598953264598220	-2048
1598953264598896	-51380224
1598953264598936	-2097152
1598953264598979	-51380224
1598953264599023	-2097152
1598953264599036	51384320
1598953264599037	4352
1598953264599038	6144
1598953264599039	256
1598953264599067	256
1598953264599171	-51380224
1598953264599172	-4096
1598953264599174	-4096
1598953264599177	-256
1598953264599177	-256
1598953264599200	18875136
1598953264599209	1048576
1598953264599248	20972544
1598953264599269	3584
1598953264599846	-18875136
1598953264599849	-3584
1598953264599851	-1048576
1598953264599884	1048576
1598953264599894	1048576
1598953264599916	2560
1598953264600099	-2560
1598953264600103	-1048576
1598953264600114	-51384320
1598953264600174	-4352
1598953264600223	-6144
1598953264600269	-12845056
1598953264600312	-1048576
1598953264600330	18875136
1598953264600331	1024
1598953264600333	1024
1598953264600334	256
1598953264600363	256
1598953264600470	-20972544
1598953264600472	-12845056
1598953264600474	-1024
1598953264600476	-1024
1598953264600479	-256
1598953264600479	-256
1598953264601083	-1048576
1598953264601097	20972544
1598953264601106	4194816
1598953264601143	12845056
1598953264601165	295485440
1598953264601395	-20972544
1598953264601398	-295485440
1598953264601399	-4194816
1598953264601440	4194816
1598953264601451	2359296
1598953264601473	84934656
1598953264601911	-84934656
1598953264601915	-2359296
1598953264601926	-18875136
1598953264601991	-1024
1598953264602034	-1024
1598953264602081	-12845056
1598953264602141	-2359296
1598953264602158	12845056
1598953264602159	1024
1598953264602161	1024
1598953264602162	256
1598953264602442	256
1598953264602622	-12845056
1598953264602624	-12845056
1598953264602626	-1024
1598953264602627	-1024
1598953264602630	-256
1598953264602631	-256
1598953264602705	-4194816
1598953264602724	51380224
1598953264602733	1049088
1598953264604345	51380224
1598953264604367	4352
1598953264604593	-51380224
1598953264604596	-4352
1598953264604598	-1049088
1598953264604631	1049088
1598953264604642	1048576
1598953264604664	3072
1598953264604849	-3072
1598953264604852	-1048576
1598953264604865	-12845056
1598953264604924	-1024
1598953264604971	-1024
1598953264605016	-51380224
1598953264605066	-1048576
1598953264605631	-51380224
1598953264605717	-1049088
1598953264605734	51384320
1598953264605735	4352
1598953264605735	6144
1598953264605737	256
1598953264605766	256
1598953264605869	-51380224
1598953264605871	-4096
1598953264605872	-4096
1598953264605876	-256
1598953264605876	-256
1598953264605900	20972544
1598953264605908	1048832
1598953264605948	21235456
1598953264605969	3584
1598953264606076	-20972544
1598953264606079	-3584
1598953264606081	-1048832
1598953264606121	1048832
1598953264606131	1049088
1598953264606153	2560
1598953264606314	-2560
1598953264606317	-1049088
1598953264606328	-51384320
1598953264606385	-4352
1598953264606433	-6144
1598953264606479	-12845056
1598953264606915	-1048576
1598953264606932	20972544
1598953264606933	1024
1598953264606934	1024
1598953264606935	256
1598953264606964	256
1598953264607170	-21235456
1598953264607171	-12845056
1598953264607173	-1024
1598953264607175	-1024
1598953264607177	-256
1598953264607178	-256
1598953264607248	-1048832
1598953264607260	21235456
1598953264607268	4194816
1598953264607302	12845056
1598953264607323	191102976
1598953264607455	-21235456
1598953264607458	-191102976
1598953264607460	-4194816
1598953264607500	4194816
1598953264607511	2359296
1598953264607532	84934656
1598953264607681	-84934656
1598953264607685	-2359296
1598953264607696	-20972544
1598953264608374	-1024
1598953264608417	-1024
1598953264608464	-12845056
1598953264608509	-2359296
1598953264608523	12845056
1598953264608523	1024
1598953264608525	1024
1598953264608526	256
1598953264608555	256
1598953264608658	-12845056
1598953264608661	-12845056
1598953264608662	-1024
1598953264608669	-1024
1598953264608672	-256
1598953264608673	-256
1598953264608736	-4194816
1598953264608754	51380224
1598953264608763	1048832
1598953264608797	51380224
1598953264608819	4352
1598953264609506	-51380224
1598953264609509	-4352
1598953264609511	-1048832
1598953264609543	1048832
1598953264609553	1048576
1598953264609574	3072
1598953264609740	-3072
1598953264609743	-1048576
1598953264609756	-12845056
1598953264609812	-1024
1598953264609859	-1024
1598953264609902	-51380224
1598953264609947	-1048576
1598953264609993	-51380224
1598953264610036	-1048832
1598953264610051	51384320
1598953264610052	4352
1598953264610053	6144
1598953264610054	256
1598953264610755	256
1598953264610859	-51380224
1598953264610861	-4096
1598953264610862	-4096
1598953264610865	-256
1598953264610866	-256
1598953264610889	21235456
1598953264610898	1048832
1598953264610936	12845056
1598953264610957	3584
1598953264611058	-21235456
1598953264611061	-3584
1598953264611063	-1048832
1598953264611094	1048832
1598953264611103	1049088
1598953264611124	2560
1598953264611277	-2560
1598953264611281	-1049088
1598953264611291	-51384320
1598953264611344	-4352
1598953264611391	-6144
1598953264611438	-12845056
1598953264612231	-1048576
1598953264612248	19924480
1598953264612249	1024
1598953264612251	1024
1598953264612251	256
1598953264612279	256
1598953264612380	-12845056
1598953264612381	-12845056
1598953264612383	-1024
1598953264612384	-1024
1598953264612387	-256
1598953264612388	-256
1598953264612454	-1048832
1598953264612466	12845056
1598953264612474	4194816
1598953264612505	21235456
1598953264612526	191102976
1598953264612652	-12845056
1598953264612655	-191102976
1598953264612657	-4194816
1598953264612695	4194816
1598953264612704	4195584
1598953264612725	84934656
1598953264613428	-84934656
1598953264613431	-4195584
1598953264613442	-19924480
1598953264613503	-1024
1598953264613542	-1024
1598953264613590	-12845056
1598953264613633	-2359296
1598953264613646	12845056
1598953264613647	1024
1598953264613648	1024
1598953264613649	256
1598953264613676	256
1598953264613772	-21235456
1598953264613774	-12845056
1598953264613776	-1024
1598953264613782	-1024
1598953264613785	-256
1598953264613786	-256
1598953264613846	-4194816
1598953264613863	51380224
1598953264613872	1048832
1598953264613903	51380224
1598953264613924	4352
1598953264614613	-51380224
1598953264614616	-4352
1598953264614617	-1048832
1598953264614648	1048832
1598953264614658	1048576
1598953264614678	3072
1598953264614847	-3072
1598953264614850	-1048576
1598953264614862	-12845056
1598953264614944	-1024
1598953264614990	-1024
1598953264615030	-51380224
1598953264615078	-1048576
1598953264615123	-51380224
1598953264615163	-1048832
1598953264615178	51384320
1598953264615179	4352
1598953264615180	6144
1598953264615181	256
1598953264615232	256
1598953264615412	-51380224
1598953264615414	-4096
1598953264615415	-4096
1598953264615418	-256
1598953264615419	-256
1598953264615441	21235456
1598953264615449	1048832
1598953264615487	12845056
1598953264615507	3584
1598953264615609	-21235456
1598953264615612	-3584
1598953264615614	-1048832
1598953264615644	1048832
1598953264615653	1049088
1598953264615673	2560
1598953264615826	-2560
1598953264615830	-1049088
1598953264615840	-51384320
1598953264615894	-4352
1598953264615940	-6144
1598953264615982	-12845056
1598953264616021	-1048576
1598953264616038	19924480
1598953264616039	1024
1598953264616040	1024
1598953264616041	256
1598953264616068	256
1598953264616164	-12845056
1598953264616166	-12845056
1598953264616168	-1024
1598953264616169	-1024
1598953264616172	-256
1598953264616172	-256
1598953264616235	-1048832
1598953264616247	12845056
1598953264616255	4194816
1598953264616285	22284288
1598953264616305	191102976
1598953264616429	-12845056
1598953264616432	-191102976
1598953264616434	-4194816
1598953264616471	4194816
1598953264616481	4195584
1598953264616501	84934656
1598953264616639	-84934656
1598953264616643	-4195584
1598953264616653	-19924480
1598953264616757	-1024
1598953264616813	-1024
1598953264616852	-256
1598953264616861	-12845056
1598953264616905	-2359296
1598953264616917	12845056
1598953264616918	1024
1598953264616919	1024
1598953264616920	256
1598953264617773	256
1598953264617881	-22284288
1598953264617884	-12845056
1598953264617885	-1024
1598953264617886	-1024
1598953264617888	-256
1598953264617889	-256
1598953264617957	-4194816
1598953264617971	51380224
1598953264617983	1048832
1598953264618016	51380224
1598953264618036	4352
1598953264618957	-51380224
1598953264618960	-4352
1598953264618961	-1048832
1598953264618993	1048832
1598953264619002	1049088
1598953264619022	4352
1598953264619176	-4352
1598953264619179	-1049088
1598953264619189	-12845056
1598953264619243	-1024
1598953264619284	-1024
1598953264619326	-51380224
1598953264619395	-1048576
1598953264619503	-51380224
1598953264620167	-1048832
1598953264620178	51388416
1598953264620179	4352
1598953264620180	4096
1598953264620181	256
1598953264620254	256
1598953264620413	-51380224
1598953264620415	-4096
1598953264620416	-4096
1598953264620420	-256
1598953264620420	-256
1598953264620443	12845056
1598953264620452	1048576
1598953264620489	15994112
1598953264620508	3584
1598953264621430	-12845056
1598953264621434	-3584
1598953264621435	-1048576
1598953264621467	1048576
1598953264621476	1049344
1598953264621495	2560
1598953264621645	-2560
1598953264621649	-1049344
1598953264621659	-51388416
1598953264621711	-4352
1598953264621757	-4096
1598953264621801	-12849152
1598953264621840	-1048576
1598953264621856	12849152
1598953264621857	1024
1598953264621858	1024
1598953264621860	256
1598953264621885	256
1598953264621980	-15994112
1598953264621983	-12845056
1598953264621984	-1024
1598953264621986	-1024
1598953264621988	-256
1598953264621989	-256
1598953264622051	-1048576
1598953264622063	12845056
1598953264622071	4194816
1598953264622842	12845056
1598953264622861	191102976
1598953264624024	-12845056
1598953264624026	-191102976
1598953264624028	-4194816
1598953264624064	4194816
1598953264624074	2359296
1598953264624094	84934656
1598953264624283	-84934656
1598953264624287	-2359296
1598953264624296	-12849152
1598953264624441	-1024
1598953264624485	-1024
1598953264624528	-12845056
1598953264624567	-2359296
1598953264624578	19140608
1598953264624579	1024
1598953264624580	1024
1598953264624581	256
1598953264624703	256
1598953264624829	-12845056
1598953264624831	-12845056
1598953264624833	-1024
1598953264624834	-1024
1598953264624836	-256
1598953264624837	-256
1598953264624898	-4194816
1598953264624910	51384320
1598953264624918	1048832
1598953264624953	51380224
1598953264624971	6144
1598953264625768	-51384320
1598953264625771	-6144
1598953264625772	-1048832
1598953264625801	1048832
1598953264625810	1048576
1598953264625829	3328
1598953264626931	-3328
1598953264626934	-1048576
1598953264626946	-19140608
1598953264626997	-1024
1598953264627036	-1024
1598953264627074	-51380224
1598953264627115	-1048576
1598953264627152	-51380224
1598953264627190	-1048832
1598953264627203	51380224
1598953264627204	4352
1598953264627205	6144
1598953264627206	256
1598953264627237	256
1598953264627410	-51380224
1598953264627412	-4096
1598953264627413	-4096
1598953264627416	-256
1598953264627417	-256
1598953264627436	51380224
1598953264627437	4096
1598953264627438	4096
1598953264627439	256
1598953264627469	256
1598953264628123	-51380224
1598953264628126	-51380224
1598953264628128	-4096
1598953264628129	-4096
1598953264628131	-256
1598953264628132	-256
1598953264628153	102760448
1598953264628161	2359296
1598953264628196	102760448
1598953264628320	-102760448
1598953264628323	-2359296
1598953264628355	2359296
1598953264628365	2097152
1598953264628386	2560
1598953264629346	-2560
1598953264629350	-2097152
1598953264629360	-51380224
1598953264629410	-4352
1598953264629453	-6144
1598953264629464	12845056
1598953264629472	1048832
1598953264629507	19924480
1598953264629525	4352
1598953264629610	-12845056
1598953264629613	-4352
1598953264629614	-1048832
1598953264629642	1048832
1598953264629651	1048576
1598953264629668	4352
1598953264630714	-4352
1598953264630717	-1048576
1598953264630728	-51380224
1598953264630787	-4096
1598953264630824	-4096
1598953264630866	-2097152
1598953264631856	-12845056
1598953264631902	-1048576
1598953264631944	-2359296
1598953264631959	12845056
1598953264631960	1024
1598953264631962	1024
1598953264631963	256
1598953264631987	256
1598953264632148	-19924480
1598953264632150	-12845056
1598953264632152	-1024
1598953264632154	-1024
1598953264632156	-256
1598953264632157	-256
1598953264632211	-1048832
1598953264632228	19924480
1598953264632236	2359296
1598953264632267	12845056
1598953264632285	191102976
1598953264632399	-19924480
1598953264632401	-191102976
1598953264632403	-2359296
1598953264632433	2359296
1598953264632442	4194816
1598953264632467	128450560
1598953264632870	-128450560
1598953264632873	-4194816
1598953264632883	-12845056
1598953264632977	-1024
1598953264635279	-1024
1598953264635322	-12845056
1598953264635356	-2359296
1598953264635371	21238016
1598953264635372	1024
1598953264635373	1024
1598953264635374	256
1598953264637742	256
1598953264637910	-12845056
1598953264637912	-12845056
1598953264637914	-1024
1598953264637915	-1024
1598953264637917	-256
1598953264637918	-256
1598953264637976	-2359296
1598953264637988	102760448
1598953264637995	524288
1598953264638023	154157056
1598953264638156	-102760448
1598953264638158	-524288
1598953264638191	524288
1598953264638199	524544
1598953264638225	4352
1598953264638943	-4352
1598953264638945	-524544
1598953264638954	-21238016
1598953264639995	-1024
1598953264640052	-1024
1598953264640092	-154157056
1598953264640126	-524288
1598953264640164	-102760448
1598953264640209	-524288
1598953264640219	102762496
1598953264640220	2048
1598953264640221	2048
1598953264640222	256
1598953264640246	256
1598953264640345	-102760448
1598953264640346	-2048
1598953264640347	-2048
1598953264640350	-256
1598953264640351	-256
1598953264640370	32769536
1598953264640378	262144
1598953264640411	34083072
1598953264640436	6912
1598953264640524	-32769536
1598953264640527	-6912
1598953264640528	-262144
1598953264640556	262144
1598953264640564	262144
1598953264640582	2560
1598953264641429	-2560
1598953264641432	-262144
1598953264641441	-102762496
1598953264641511	-2048
1598953264641576	-2048
1598953264642207	-25690112
1598953264642309	-262144
1598953264642324	32769536
1598953264642325	512
1598953264642326	512
1598953264642327	256
1598953264642608	256
1598953264642697	-34083072
1598953264642698	-25690112
1598953264642700	-512
1598953264642701	-512
1598953264642703	-256
1598953264642704	-256
1598953264642763	-262144
1598953264642774	34083072
1598953264642781	1048832
1598953264642808	25690112
1598953264642834	117964800
1598953264642930	-34083072
1598953264642933	-117964800
1598953264642935	-1048832
1598953264642969	1048832
1598953264642979	589824
1598953264642997	117964800
1598953264643679	-117964800
1598953264643682	-589824
1598953264643692	-32769536
1598953264643746	-512
1598953264643778	-512
1598953264644335	-25690112
1598953264644375	-589824
1598953264644386	25690112
1598953264644387	512
1598953264644388	512
1598953264644389	256
1598953264644415	256
1598953264644502	-25690112
1598953264644505	-25690112
1598953264644506	-512
1598953264644507	-512
1598953264644509	-256
1598953264644510	-256
1598953264644684	-1048832
1598953264644699	102760448
1598953264644706	262144
1598953264644735	102760448
1598953264644752	6912
1598953264645043	-102760448
1598953264645046	-6912
1598953264645048	-262144
1598953264645075	262144
1598953264645083	262144
1598953264645101	4352
1598953264646456	-4352
1598953264646459	-262144
1598953264646469	-25690112
1598953264646516	-512
1598953264646555	-512
1598953264647428	-102760448
1598953264647467	-262144
1598953264647510	-102760448
1598953264647543	-262144
1598953264647557	102762496
1598953264647557	2048
1598953264647559	2048
1598953264647559	256
1598953264647582	256
1598953264647667	-102760448
1598953264647669	-2048
1598953264647670	-2048
1598953264647673	-256
1598953264647673	-256
1598953264647692	32769536
1598953264647698	262144
1598953264647730	34083072
1598953264647753	6912
1598953264647833	-32769536
1598953264647836	-6912
1598953264647837	-262144
1598953264647862	262144
1598953264647871	262144
1598953264647888	2560
1598953264648886	-2560
1598953264648889	-262144
1598953264648897	-102762496
1598953264649652	-2048
1598953264649703	-2048
1598953264649743	-25690112
1598953264649780	-262144
1598953264649790	32769536
1598953264649791	512
1598953264649792	512
1598953264649793	256
1598953264649815	256
1598953264649897	-34083072
1598953264649899	-25690112
1598953264649901	-512
1598953264649901	-512
1598953264649904	-256
1598953264649904	-256
1598953264649959	-262144
1598953264649970	34083072
1598953264649977	589824
1598953264650003	25690112
1598953264650026	117964800
1598953264650132	-34083072
1598953264650135	-117964800
1598953264650137	-589824
1598953264650163	589824
1598953264650172	589824
1598953264650189	117964800
1598953264651125	-117964800
1598953264651128	-589824
1598953264651136	-32769536
1598953264652056	-512
1598953264652089	-512
1598953264652129	-25690112
1598953264652168	-589824
1598953264652178	25690112
1598953264652179	512
1598953264652180	512
1598953264652181	256
1598953264652389	256
1598953264652476	-25690112
1598953264652478	-25690112
1598953264652479	-512
1598953264652480	-512
1598953264652482	-256
1598953264652483	-256
1598953264652706	-589824
1598953264652723	102760448
1598953264652729	262144
1598953264652758	102760448
1598953264652774	6912
1598953264653168	-102760448
1598953264653171	-6912
1598953264653172	-262144
1598953264653198	262144
1598953264653206	262144
1598953264653222	3072
1598953264654194	-3072
1598953264654196	-262144
1598953264654205	-25690112
1598953264654253	-512
1598953264655145	-512
1598953264655180	-102760448
1598953264655220	-262144
1598953264655258	-102760448
1598953264655291	-262144
1598953264655306	102764544
1598953264655307	2048
1598953264655308	2304
1598953264655309	256
1598953264655331	256
1598953264655419	-102760448
1598953264655420	-2048
1598953264655421	-2048
1598953264655424	-256
1598953264655425	-256
1598953264655443	32769536
1598953264655449	262144
1598953264655484	34083072
1598953264655506	6912
1598953264655741	-32769536
1598953264655744	-6912
1598953264655746	-262144
1598953264655771	262144
1598953264655779	262144
1598953264655796	2560
1598953264657335	-2560
1598953264657339	-262144
1598953264657347	-102764544
1598953264657401	-2048
1598953264657435	-2304
1598953264657475	-25692160
1598953264657512	-262144
1598953264657521	25692160
1598953264657523	512
1598953264657523	512
1598953264657524	256
1598953264657547	256
1598953264657632	-34083072
1598953264657634	-25690112
1598953264657635	-512
1598953264657636	-512
1598953264657638	-256
1598953264657639	-256
1598953264657694	-262144
1598953264657703	25690112
1598953264657710	589824
1598953264657743	32769536
1598953264657761	117964800
1598953264657865	-25690112
1598953264657868	-117964800
1598953264657869	-589824
1598953264657897	589824
1598953264657904	589824
1598953264657922	117964800
1598953264659724	-117964800
1598953264659727	-589824
1598953264659736	-25692160
1598953264659791	-512
1598953264659829	-512
1598953264660044	-25690112
1598953264660083	-589824
1598953264660093	34083072
1598953264660094	512
1598953264660095	512
1598953264660095	256
1598953264660358	256
1598953264660448	-32769536
1598953264660449	-25690112
1598953264660451	-512
1598953264660452	-512
1598953264660454	-256
1598953264660454	-256
1598953264660504	-589824
1598953264660519	102762496
1598953264660526	262144
1598953264660552	102760448
1598953264660569	6912
1598953264660872	-102762496
1598953264660875	-6912
1598953264660876	-262144
1598953264660902	262144
1598953264660909	262144
1598953264660926	4352
1598953264662795	-4352
1598953264662797	-262144
1598953264662806	-34083072
1598953264662850	-512
1598953264662888	-512
1598953264662926	-102760448
1598953264662957	-262144
1598953264662994	-102760448
1598953264663027	-262144
1598953264663039	102762496
1598953264663041	2048
1598953264663041	2304
1598953264663042	256
1598953264663080	256
1598953264663165	-102760448
1598953264663166	-2048
1598953264663167	-2048
1598953264663170	-256
1598953264663170	-256
1598953264663193	102760448
1598953264663194	2048
1598953264663195	2048
1598953264663195	256
1598953264663222	256
1598953264663442	-102760448
1598953264663445	-102760448
1598953264663446	-2048
1598953264663447	-2048
1598953264663449	-256
1598953264663450	-256
1598953264663472	205520896
1598953264663479	524288
1598953264663886	205520896
1598953264664127	-205520896
1598953264664129	-524288
1598953264664165	524288
1598953264664173	589824
1598953264664192	2560
1598953264665078	-2560
1598953264665082	-589824
1598953264665091	-102762496
1598953264665143	-2048
1598953264665176	-2304
1598953264665191	32769536
1598953264665198	262144
1598953264665224	34083072
1598953264665241	6912
1598953264665358	-32769536
1598953264665360	-6912
1598953264665362	-262144
1598953264665387	262144
1598953264665394	262144
1598953264665410	4352
1598953264666416	-4352
1598953264666418	-262144
1598953264666427	-102760448
1598953264666473	-2048
1598953264666511	-2048
1598953264667375	-524288
1598953264667416	-25690112
1598953264667452	-262144
1598953264667484	-524288
1598953264667497	32769536
1598953264667498	512
1598953264667499	512
1598953264667500	256
1598953264667710	256
1598953264667804	-34083072
1598953264667805	-25690112
1598953264667808	-512
1598953264667809	-512
1598953264667811	-256
1598953264667811	-256
1598953264668027	-262144
1598953264668037	34084096
1598953264668044	589824
1598953264668070	25690112
1598953264668087	179836928
1598953264668494	-34084096
1598953264668496	-179836928
1598953264668497	-589824
1598953264668531	589824
1598953264668539	589824
1598953264668556	179836928
1598953264670431	-179836928
1598953264670434	-589824
1598953264670442	-32769536
1598953264670494	-512
1598953264670524	-512
1598953264670561	-25690112
1598953264670598	-589824
1598953264670608	32769536
1598953264670609	512
1598953264670610	512
1598953264670611	256
1598953264670632	256
1598953264670714	-25690112
1598953264670716	-38525184
1598953264670718	-512
1598953264670724	-512
1598953264670726	-256
1598953264670727	-256
1598953264670774	-589824
1598953264670783	205520896
1598953264670789	261120
1598953264670820	282599424
1598953264670981	-205520896
1598953264670983	-261120
1598953264671017	261120
1598953264671025	131072
1598953264671042	2560
1598953264672620	-2560
1598953264672623	-131072
1598953264672632	-32769536
1598953264672683	-512
1598953264672715	-512
1598953264672755	-282599424
1598953264672789	-131072
1598953264672820	-205520896
1598953264672857	-261120
1598953264672867	205520896
1598953264672868	1024
1598953264672868	1024
1598953264672869	256
1598953264672890	256
1598953264672971	-205520896
1598953264672973	-1024
1598953264672973	-1024
1598953264672976	-256
1598953264672977	-256
1598953264673000	51380224
1598953264673007	129024
1598953264673038	51380224
1598953264673053	21248
1598953264673131	-51380224
1598953264673133	-21248
1598953264673135	-129024
1598953264673159	129024
1598953264673167	65536
1598953264673183	3072
1598953264675002	-3072
1598953264675006	-65536
1598953264675015	-205520896
1598953264675060	-1024
1598953264675089	-1024
1598953264675127	-51380224
1598953264675348	-65536
1598953264675359	51380224
1598953264675360	256
1598953264675361	256
1598953264675362	256
1598953264675388	256
1598953264675722	-51380224
1598953264675724	-51380224
1598953264675725	-256
1598953264675727	-256
1598953264675729	-256
1598953264675730	-256
1598953264675778	-129024
1598953264675787	51380224
1598953264675794	262144
1598953264675826	51380224
1598953264675843	89178112
1598953264676328	-51380224
1598953264676330	-89178112
1598953264676332	-262144
1598953264676359	262144
1598953264676367	262144
1598953264676384	5632
1598953264677140	-5632
1598953264677144	-262144
1598953264677152	-51380224
1598953264677204	-256
1598953264678091	-256
1598953264678135	-51380224
1598953264678173	-147456
1598953264678184	51380224
1598953264678184	256
1598953264678185	256
1598953264678186	256
1598953264678212	256
1598953264678295	-51380224
1598953264678298	-51380224
1598953264678299	-256
1598953264678301	-256
1598953264678303	-256
1598953264678304	-256
1598953264678352	-262144
1598953264678367	205520896
1598953264678374	65536
1598953264678400	205520896
1598953264678416	21248
1598953264678494	-205520896
1598953264678497	-21248
1598953264678498	-65536
1598953264678523	65536
1598953264678531	65536
1598953264678547	3072
1598953264679542	-3072
1598953264679546	-65536
1598953264679554	-51380224
1598953264680299	-256
1598953264680338	-256
1598953264680375	-205520896
1598953264680407	-65536
1598953264680445	-205520896
1598953264680483	-65536
1598953264680494	205520896
1598953264680495	1024
1598953264680495	1024
1598953264680496	256
1598953264680519	256
1598953264680620	-205520896
1598953264680622	-1024
1598953264680623	-1024
1598953264680626	-256
1598953264680626	-256
1598953264680643	51380224
1598953264680649	65536
1598953264680687	51380224
1598953264680702	21248
1598953264680779	-51380224
1598953264680781	-21248
1598953264680783	-65536
1598953264680808	65536
1598953264680815	65536
1598953264680830	3072
1598953264681776	-3072
1598953264681779	-65536
1598953264681786	-205520896
1598953264682708	-1024
1598953264682739	-1024
1598953264682778	-51380224
1598953264682813	-65536
1598953264682823	51380224
1598953264682824	256
1598953264682824	256
1598953264682825	256
1598953264683038	256
1598953264683115	-51380224
1598953264683118	-51380224
1598953264683119	-256
1598953264683125	-256
1598953264683128	-256
1598953264683128	-256
1598953264683354	-65536
1598953264683364	51380224
1598953264683370	262144
1598953264683401	51380224
1598953264683416	89178112
1598953264683675	-51380224
1598953264683677	-89178112
1598953264683679	-262144
1598953264683703	262144
1598953264683710	262144
1598953264683726	5632
1598953264684437	-5632
1598953264684439	-262144
1598953264684447	-51380224
1598953264687169	-256
1598953264687205	-256
1598953264687237	-51380224
1598953264689075	-147456
1598953264689086	51380224
1598953264689086	256
1598953264689087	256
1598953264689087	256
1598953264689113	256
1598953264689193	-51380224
1598953264689195	-51380224
1598953264689196	-256
1598953264689198	-256
1598953264689200	-256
1598953264689200	-256
1598953264689245	-262144
1598953264689259	205520896
1598953264689265	65536
1598953264689291	205520896
1598953264689306	21248
1598953264690136	-205520896
1598953264690138	-21248
1598953264690140	-65536
1598953264690165	65536
1598953264690172	65536
1598953264690188	3072
1598953264691159	-3072
1598953264691162	-65536
1598953264691170	-51380224
1598953264691212	-256
1598953264691247	-256
1598953264691276	-205520896
1598953264691310	-65536
1598953264691345	-205520896
1598953264691374	-65536
1598953264691386	205520896
1598953264691387	1024
1598953264691388	1024
1598953264691389	256
1598953264691410	256
1598953264691547	-205520896
1598953264691548	-1024
1598953264691550	-1024
1598953264691552	-256
1598953264691552	-256
1598953264691574	205520896
1598953264691575	1024
1598953264691576	1024
1598953264691576	256
1598953264691601	256
1598953264691671	-205520896
1598953264691674	-205520896
1598953264691675	-1024
1598953264691676	-1024
1598953264691678	-256
1598953264691678	-256
1598953264691694	83471872
1598953264691699	126976
1598953264691805	51380224
1598953264691820	21248
1598953264692555	-83471872
1598953264692557	-21248
1598953264692558	-126976
1598953264692601	126976
1598953264692608	65536
1598953264692623	3072
1598953264693515	-3072
1598953264693518	-65536
1598953264693525	-205520896
1598953264693572	-1024
1598953264693605	-1024
1598953264693617	83471872
1598953264693624	65536
1598953264693648	51380224
1598953264693662	21248
1598953264693808	-83471872
1598953264693810	-21248
1598953264693811	-65536
1598953264693833	65536
1598953264693840	65536
1598953264693855	3072
1598953264695068	-3072
1598953264695070	-65536
1598953264695077	-205520896
1598953264695117	-1024
1598953264695616	-1024
1598953264695646	-65536
1598953264695681	-51380224
1598953264695711	-65536
1598953264696229	-126976
1598953264696241	51380224
1598953264696242	256
1598953264696243	256
1598953264696243	256
1598953264696263	256
1598953264696881	-51380224
1598953264696883	-51380224
1598953264696884	-256
1598953264696886	-256
1598953264696888	-256
1598953264696888	-256
1598953264696937	-65536
1598953264696945	85176832
1598953264696951	262144
1598953264696974	51380224
1598953264696988	154140672
1598953264697822	-85176832
1598953264697825	-154140672
1598953264697826	-262144
1598953264697855	262144
1598953264697863	147456
1598953264697878	5632
1598953264698577	-5632
1598953264698580	-147456
1598953264698588	-51380224
1598953264698635	-256
1598953264698664	-256
1598953264699553	-51380224
1598953264699588	-147456
1598953264699597	85176832
1598953264699597	256
1598953264699598	256
1598953264699599	256
1598953264699618	256
1598953264699691	-51380224
1598953264699692	-51380224
1598953264699694	-256
1598953264699694	-256
1598953264699696	-256
1598953264699697	-256
1598953264699748	-262144
1598953264699757	51380224
1598953264699763	16384
1598953264699786	51380224
1598953264699805	21248
1598953264700011	-51380224
1598953264700013	-21248
1598953264700014	-16384
1598953264700037	16384
1598953264700043	16384
1598953264700058	3072
1598953264700966	-3072
1598953264700969	-16384
1598953264700976	-85176832
1598953264701175	-256
1598953264701359	-256
1598953264702030	-51380224
1598953264702065	-16384
1598953264702075	205520896
1598953264702147	-51380224
1598953264702148	-51380224
1598953264702190	-16384
1598953264702244	-205520896
1598953264702258	256901120
1598953264702258	256
1598953264702259	256
1598953264702260	256
1598953264702280	256
1598953264702352	-205520896
1598953264702354	-205520896
1598953264702355	-256
1598953264702356	-256
1598953264702358	-256
1598953264702358	-256
1598953264702374	37632
1598953264702382	37632
1598953264702397	35840
1598953264702563	-35840
1598953264702565	-37632
1598953264702573	-40627200
1598953264702574	-256901120
1598953264703656	-256
1598953264703691	-256
1598953264703720	-37632
1598953264703752	-256
1598953264703753	-37632
